Belief propagation time: 100

Probabilities: 
Vars:48497
Stmts:1508
org.apache.commons.lang3.text.translate.LookupTranslator:translate:(Ljava/lang/CharSequence;ILjava/io/Writer;)I#83#97 prob_bp = 0.49955647856033436000
org.apache.commons.lang3.text.translate.LookupTranslator:translate:(Ljava/lang/CharSequence;ILjava/io/Writer;)I#83#96 prob_bp = 0.49957394908956626000
org.apache.commons.lang3.text.translate.LookupTranslator:translate:(Ljava/lang/CharSequence;ILjava/io/Writer;)I#75#90 prob_bp = 0.49999997286127160000
org.apache.commons.lang3.text.translate.LookupTranslator:<init>:([[Ljava/lang/CharSequence;)V#53#76 prob_bp = 0.50000000000003940000
org.apache.commons.lang3.text.translate.LookupTranslator:<init>:([[Ljava/lang/CharSequence;)V#47#15 prob_bp = 0.50000000000013070000
org.apache.commons.lang3.text.translate.LookupTranslator:<init>:([[Ljava/lang/CharSequence;)V#47#17 prob_bp = 0.50000000000013340000
org.apache.commons.lang3.text.translate.LookupTranslator:<init>:([[Ljava/lang/CharSequence;)V#53#78 prob_bp = 0.50000000000013870000
org.apache.commons.lang3.text.translate.LookupTranslator:<init>:([[Ljava/lang/CharSequence;)V#53#79 prob_bp = 0.50000000000016040000
org.apache.commons.lang3.text.translate.LookupTranslator:<init>:([[Ljava/lang/CharSequence;)V#50#42 prob_bp = 0.50000000000020460000
org.apache.commons.lang3.text.translate.LookupTranslator:<init>:([[Ljava/lang/CharSequence;)V#50#44 prob_bp = 0.50000000000020460000
org.apache.commons.lang3.text.translate.LookupTranslator:<init>:([[Ljava/lang/CharSequence;)V#50#46 prob_bp = 0.50000000000028030000
org.apache.commons.lang3.text.translate.LookupTranslator:translate:(Ljava/lang/CharSequence;ILjava/io/Writer;)I#76#47 prob_bp = 0.50000000000407090000
org.apache.commons.lang3.text.translate.LookupTranslator:translate:(Ljava/lang/CharSequence;ILjava/io/Writer;)I#76#46 prob_bp = 0.50000000000423960000
org.apache.commons.lang3.text.translate.LookupTranslator:translate:(Ljava/lang/CharSequence;ILjava/io/Writer;)I#76#49 prob_bp = 0.50000000000441000000
org.apache.commons.lang3.text.translate.LookupTranslator:<init>:([[Ljava/lang/CharSequence;)V#50#47 prob_bp = 0.50000000000853480000
org.apache.commons.lang3.text.translate.LookupTranslator:translate:(Ljava/lang/CharSequence;ILjava/io/Writer;)I#76#45 prob_bp = 0.50000000000929990000
org.apache.commons.lang3.text.translate.LookupTranslator:translate:(Ljava/lang/CharSequence;ILjava/io/Writer;)I#76#44 prob_bp = 0.50000000000930000000
org.apache.commons.lang3.text.translate.LookupTranslator:translate:(Ljava/lang/CharSequence;ILjava/io/Writer;)I#76#50 prob_bp = 0.50000000000967790000
org.apache.commons.lang3.text.translate.LookupTranslator:<init>:([[Ljava/lang/CharSequence;)V#54#82 prob_bp = 0.50000000003016510000
org.apache.commons.lang3.text.translate.LookupTranslator:<init>:([[Ljava/lang/CharSequence;)V#52#65 prob_bp = 0.50000000004187820000
org.apache.commons.lang3.text.translate.LookupTranslator:<init>:([[Ljava/lang/CharSequence;)V#56#85 prob_bp = 0.50000000005894730000
org.apache.commons.lang3.text.translate.LookupTranslator:<init>:([[Ljava/lang/CharSequence;)V#50#94 prob_bp = 0.50000000007207920000
org.apache.commons.lang3.text.translate.LookupTranslator:translate:(Ljava/lang/CharSequence;ILjava/io/Writer;)I#76#55 prob_bp = 0.50000000009230450000
org.apache.commons.lang3.text.translate.LookupTranslator:<init>:([[Ljava/lang/CharSequence;)V#54#84 prob_bp = 0.50000000012289820000
org.apache.commons.lang3.text.translate.LookupTranslator:<init>:([[Ljava/lang/CharSequence;)V#50#24 prob_bp = 0.50000000015906890000
org.apache.commons.lang3.text.translate.LookupTranslator:<init>:([[Ljava/lang/CharSequence;)V#50#25 prob_bp = 0.50000000016419990000
org.apache.commons.lang3.text.translate.LookupTranslator:<init>:([[Ljava/lang/CharSequence;)V#52#67 prob_bp = 0.50000000016971200000
org.apache.commons.lang3.text.translate.LookupTranslator:<init>:([[Ljava/lang/CharSequence;)V#52#68 prob_bp = 0.50000000017656760000
org.apache.commons.lang3.text.translate.LookupTranslator:<init>:([[Ljava/lang/CharSequence;)V#50#27 prob_bp = 0.50000000018054660000
org.apache.commons.lang3.text.translate.LookupTranslator:<init>:([[Ljava/lang/CharSequence;)V#48#18 prob_bp = 0.50000000019591300000
org.apache.commons.lang3.text.translate.LookupTranslator:<init>:([[Ljava/lang/CharSequence;)V#48#19 prob_bp = 0.50000000019987070000
org.apache.commons.lang3.text.translate.LookupTranslator:<init>:([[Ljava/lang/CharSequence;)V#56#87 prob_bp = 0.50000000020786640000
org.apache.commons.lang3.text.translate.LookupTranslator:<init>:([[Ljava/lang/CharSequence;)V#50#29 prob_bp = 0.50000000023387480000
org.apache.commons.lang3.text.translate.LookupTranslator:<init>:([[Ljava/lang/CharSequence;)V#56#88 prob_bp = 0.50000000024016430000
org.apache.commons.lang3.text.translate.LookupTranslator:<init>:([[Ljava/lang/CharSequence;)V#50#30 prob_bp = 0.50000000040589510000
org.apache.commons.lang3.text.translate.LookupTranslator:translate:(Ljava/lang/CharSequence;ILjava/io/Writer;)I#77#61 prob_bp = 0.50000000046214630000
org.apache.commons.lang3.text.translate.LookupTranslator:<init>:([[Ljava/lang/CharSequence;)V#46#4 prob_bp = 0.50000000049534680000
org.apache.commons.lang3.text.translate.LookupTranslator:<init>:([[Ljava/lang/CharSequence;)V#46#5 prob_bp = 0.50000000049534680000
org.apache.commons.lang3.text.translate.LookupTranslator:<init>:([[Ljava/lang/CharSequence;)V#53#79#unexe#2 prob_bp = 0.50000000049748530000
org.apache.commons.lang3.text.translate.LookupTranslator:<init>:([[Ljava/lang/CharSequence;)V#46#12 prob_bp = 0.50000000050535380000
org.apache.commons.lang3.text.translate.LookupTranslator:translate:(Ljava/lang/CharSequence;ILjava/io/Writer;)I#77#57 prob_bp = 0.50000000057224650000
org.apache.commons.lang3.text.translate.LookupTranslator:translate:(Ljava/lang/CharSequence;ILjava/io/Writer;)I#77#58 prob_bp = 0.50000000073952320000
org.apache.commons.lang3.text.translate.LookupTranslator:<init>:([[Ljava/lang/CharSequence;)V#50#37 prob_bp = 0.50000000096077760000
org.apache.commons.lang3.text.translate.LookupTranslator:<init>:([[Ljava/lang/CharSequence;)V#50#32 prob_bp = 0.50000000181186700000
org.apache.commons.lang3.text.translate.LookupTranslator:<init>:([[Ljava/lang/CharSequence;)V#50#33 prob_bp = 0.50000000187031190000
org.apache.commons.lang3.text.translate.LookupTranslator:translate:(Ljava/lang/CharSequence;ILjava/io/Writer;)I#77#63 prob_bp = 0.50000000195114090000
org.apache.commons.lang3.text.translate.LookupTranslator:<init>:([[Ljava/lang/CharSequence;)V#50#35 prob_bp = 0.50000000208529380000
org.apache.commons.lang3.text.translate.LookupTranslator:<init>:([[Ljava/lang/CharSequence;)V#52#69 prob_bp = 0.50000000228898820000
org.apache.commons.lang3.text.translate.LookupTranslator:<init>:([[Ljava/lang/CharSequence;)V#50#39 prob_bp = 0.50000000277976220000
org.apache.commons.lang3.text.translate.LookupTranslator:<init>:([[Ljava/lang/CharSequence;)V#50#39#unexe#2 prob_bp = 0.50000001013430930000
org.apache.commons.lang3.text.translate.LookupTranslator:<init>:([[Ljava/lang/CharSequence;)V#52#74 prob_bp = 0.50000001082201240000
org.apache.commons.lang3.text.translate.LookupTranslator:<init>:([[Ljava/lang/CharSequence;)V#49#21#unexe#2 prob_bp = 0.50000003281735590000
org.apache.commons.lang3.text.translate.LookupTranslator:<init>:([[Ljava/lang/CharSequence;)V#57#91 prob_bp = 0.50000004520161210000
org.apache.commons.lang3.text.translate.LookupTranslator:<init>:([[Ljava/lang/CharSequence;)V#61#101 prob_bp = 0.50000011247108660000
org.apache.commons.lang3.text.translate.LookupTranslator:<init>:([[Ljava/lang/CharSequence;)V#57#93 prob_bp = 0.50000018416065150000
org.apache.commons.lang3.text.translate.LookupTranslator:<init>:([[Ljava/lang/CharSequence;)V#61#100 prob_bp = 0.50000026797410190000
org.apache.commons.lang3.text.translate.LookupTranslator:<init>:([[Ljava/lang/CharSequence;)V#61#102 prob_bp = 0.50000027338772050000
org.apache.commons.lang3.text.translate.LookupTranslator:<init>:([[Ljava/lang/CharSequence;)V#56#88#unexe#3 prob_bp = 0.50000074547210800000
org.apache.commons.lang3.text.translate.LookupTranslator:translate:(Ljava/lang/CharSequence;ILjava/io/Writer;)I#75#37 prob_bp = 0.50000089948138600000
org.apache.commons.lang3.text.translate.LookupTranslator:translate:(Ljava/lang/CharSequence;ILjava/io/Writer;)I#75#38 prob_bp = 0.50000091735811450000
org.apache.commons.lang3.text.translate.LookupTranslator:translate:(Ljava/lang/CharSequence;ILjava/io/Writer;)I#71#7 prob_bp = 0.50000175333656740000
org.apache.commons.lang3.text.translate.LookupTranslator:translate:(Ljava/lang/CharSequence;ILjava/io/Writer;)I#71#8 prob_bp = 0.50000178875752600000
org.apache.commons.lang3.text.translate.LookupTranslator:translate:(Ljava/lang/CharSequence;ILjava/io/Writer;)I#75#41 prob_bp = 0.50000329352955340000
org.apache.commons.lang3.text.translate.LookupTranslator:translate:(Ljava/lang/CharSequence;ILjava/io/Writer;)I#75#35 prob_bp = 0.50000336166511860000
org.apache.commons.lang3.text.translate.LookupTranslator:translate:(Ljava/lang/CharSequence;ILjava/io/Writer;)I#71#6 prob_bp = 0.50000589069890590000
org.apache.commons.lang3.text.translate.LookupTranslator:translate:(Ljava/lang/CharSequence;ILjava/io/Writer;)I#71#11 prob_bp = 0.50000600970299660000
org.apache.commons.lang3.text.translate.LookupTranslator:<init>:([[Ljava/lang/CharSequence;)V#49#20 prob_bp = 0.50000972593311630000
org.apache.commons.lang3.text.translate.LookupTranslator:<init>:([[Ljava/lang/CharSequence;)V#49#21 prob_bp = 0.50000992241661370000
org.apache.commons.lang3.text.translate.LookupTranslator:<init>:([[Ljava/lang/CharSequence;)V#50#39#unexe#3 prob_bp = 0.50001518574970120000
org.apache.commons.lang3.text.translate.LookupTranslator:translate:(Ljava/lang/CharSequence;ILjava/io/Writer;)I#77#66 prob_bp = 0.50001905098008800000
org.apache.commons.lang3.text.translate.LookupTranslator:translate:(Ljava/lang/CharSequence;ILjava/io/Writer;)I#71#12 prob_bp = 0.50002157858313320000
org.apache.commons.lang3.text.translate.LookupTranslator:translate:(Ljava/lang/CharSequence;ILjava/io/Writer;)I#71#13 prob_bp = 0.50002201451416840000
org.apache.commons.lang3.text.translate.LookupTranslator:translate:(Ljava/lang/CharSequence;ILjava/io/Writer;)I#71#18 prob_bp = 0.50002289519505120000
org.apache.commons.lang3.text.translate.LookupTranslator:<init>:([[Ljava/lang/CharSequence;)V#49#21#unexe#3 prob_bp = 0.50004917602116680000
org.apache.commons.lang3.text.translate.LookupTranslator:translate:(Ljava/lang/CharSequence;ILjava/io/Writer;)I#77#69 prob_bp = 0.50009556895856400000
org.apache.commons.lang3.text.translate.LookupTranslator:<init>:([[Ljava/lang/CharSequence;)V#62#106 prob_bp = 0.50016854281564150000
org.apache.commons.lang3.text.translate.LookupTranslator:<init>:([[Ljava/lang/CharSequence;)V#62#105 prob_bp = 0.50040157522425990000
org.apache.commons.lang3.text.translate.LookupTranslator:translate:(Ljava/lang/CharSequence;ILjava/io/Writer;)I#78#71 prob_bp = 0.50040297515817070000
org.apache.commons.lang3.text.translate.LookupTranslator:<init>:([[Ljava/lang/CharSequence;)V#62#107 prob_bp = 0.50040968785505660000
org.apache.commons.lang3.text.translate.LookupTranslator:translate:(Ljava/lang/CharSequence;ILjava/io/Writer;)I#70#0 prob_bp = 0.50134568594140840000
org.apache.commons.lang3.text.translate.LookupTranslator:translate:(Ljava/lang/CharSequence;ILjava/io/Writer;)I#70#1 prob_bp = 0.50137288970843060000
org.apache.commons.lang3.text.translate.LookupTranslator:translate:(Ljava/lang/CharSequence;ILjava/io/Writer;)I#78#73 prob_bp = 0.50163862818939060000
org.apache.commons.lang3.text.translate.LookupTranslator:translate:(Ljava/lang/CharSequence;ILjava/io/Writer;)I#70#4 prob_bp = 0.50522704311013380000
org.apache.commons.lang3.text.translate.LookupTranslator:translate:(Ljava/lang/CharSequence;ILjava/io/Writer;)I#71#18#unexe#4 prob_bp = 0.51301372116148800000
org.apache.commons.lang3.text.translate.LookupTranslator:translate:(Ljava/lang/CharSequence;ILjava/io/Writer;)I#75#31 prob_bp = 0.54441893589402180000
org.apache.commons.lang3.text.translate.LookupTranslator:translate:(Ljava/lang/CharSequence;ILjava/io/Writer;)I#75#33 prob_bp = 0.60786471106941700000
org.apache.commons.lang3.text.translate.LookupTranslatorTest:testLang882:()V#45#0 prob_bp = 1.00000000000000000000
org.apache.commons.lang3.text.translate.LookupTranslatorTest:testLang882:()V#45#3 prob_bp = 1.00000000000000000000
org.apache.commons.lang3.text.translate.LookupTranslatorTest:testLang882:()V#45#4 prob_bp = 1.00000000000000000000
org.apache.commons.lang3.text.translate.LookupTranslatorTest:testLang882:()V#45#5 prob_bp = 1.00000000000000000000
org.apache.commons.lang3.text.translate.LookupTranslatorTest:testLang882:()V#45#39 prob_bp = 1.00000000000000000000
org.apache.commons.lang3.text.translate.LookupTranslatorTest:testLang882:()V#45#42 prob_bp = 1.00000000000000000000
org.apache.commons.lang3.text.translate.LookupTranslatorTest:testLang882:()V#47#51 prob_bp = 1.00000000000000000000
org.apache.commons.lang3.text.translate.LookupTranslatorTest:testLang882:()V#47#52 prob_bp = 1.00000000000000000000
org.apache.commons.lang3.text.translate.LookupTranslatorTest:testLang882:()V#47#61 prob_bp = 1.00000000000000000000
org.apache.commons.lang3.text.translate.LookupTranslatorTest:testLang882:()V#47#63 prob_bp = 1.00000000000000000000
org.apache.commons.lang3.text.translate.LookupTranslatorTest:testLang882:()V#47#66 prob_bp = 1.00000000000000000000
org.apache.commons.lang3.text.translate.LookupTranslatorTest:testLang882:()V#48#67 prob_bp = 1.00000000000000000000
org.apache.commons.lang3.text.translate.LookupTranslatorTest:testLang882:()V#48#69 prob_bp = 1.00000000000000000000
org.apache.commons.lang3.text.translate.LookupTranslatorTest:testLang882:()V#48#72 prob_bp = 1.00000000000000000000
org.apache.commons.lang3.text.translate.LookupTranslatorTest:testLang882:()V#48#73 prob_bp = 1.00000000000000000000
org.apache.commons.lang3.text.translate.LookupTranslatorTest:testLang882:()V#48#74 prob_bp = 1.00000000000000000000
Belief propagation time : 15.567000s
