Belief propagation time: 41

Probabilities: 
Vars:18321
Stmts:5113
org.apache.commons.lang3.StringUtils:containsAny:(Ljava/lang/CharSequence;[C)Z#1452#64 prob_bp = 0.48905112181986320000
org.apache.commons.lang3.StringUtils:containsAny:(Ljava/lang/CharSequence;[C)Z#1452#63 prob_bp = 0.48949736419434525000
org.apache.commons.lang3.StringUtils:containsAny:(Ljava/lang/CharSequence;[C)Z#1449#60 prob_bp = 0.49999819153533620000
org.apache.commons.lang3.StringUtils:containsAny:(Ljava/lang/CharSequence;[C)Z#1449#58 prob_bp = 0.49999957329463957000
org.apache.commons.lang3.StringUtils:containsAny:(Ljava/lang/CharSequence;[C)Z#1447#43 prob_bp = 0.49999991531149630000
org.apache.commons.lang3.StringUtils:containsAny:(Ljava/lang/CharSequence;[C)Z#1449#57 prob_bp = 0.49999996162021010000
org.apache.commons.lang3.StringUtils:containsAny:(Ljava/lang/CharSequence;[C)Z#1449#54 prob_bp = 0.49999997399898060000
org.apache.commons.lang3.StringUtils:containsAny:(Ljava/lang/CharSequence;[C)Z#1449#55 prob_bp = 0.49999997520441370000
org.apache.commons.lang3.StringUtils:containsAny:(Ljava/lang/CharSequence;[C)Z#1448#46 prob_bp = 0.49999997951784000000
org.apache.commons.lang3.StringUtils:containsAny:(Ljava/lang/CharSequence;[C)Z#1448#45 prob_bp = 0.49999998031318720000
org.apache.commons.lang3.StringUtils:containsAny:(Ljava/lang/CharSequence;Ljava/lang/String;)Z#1490#8 prob_bp = 0.49999999995478810000
org.apache.commons.lang3.StringUtils:containsAny:(Ljava/lang/CharSequence;Ljava/lang/String;)Z#1490#7 prob_bp = 0.49999999995938140000
org.apache.commons.lang3.StringUtils:containsAny:(Ljava/lang/CharSequence;[C)Z#1447#38 prob_bp = 0.49999999996890304000
org.apache.commons.lang3.StringUtils:containsAny:(Ljava/lang/CharSequence;[C)Z#1447#35 prob_bp = 0.49999999997503360000
org.apache.commons.lang3.StringUtils:containsAny:(Ljava/lang/CharSequence;[C)Z#1447#36 prob_bp = 0.49999999997968230000
org.apache.commons.lang3.StringUtils:containsAny:(Ljava/lang/CharSequence;[C)Z#1441#4 prob_bp = 0.50000000000183460000
org.apache.commons.lang3.StringUtils:isEmpty:(Ljava/lang/CharSequence;)Z#194#0 prob_bp = 0.50000000002661190000
org.apache.commons.lang3.StringUtils:containsAny:(Ljava/lang/CharSequence;Ljava/lang/String;)Z#1487#0 prob_bp = 0.50000000002836480000
org.apache.commons.lang3.StringUtils:containsAny:(Ljava/lang/CharSequence;Ljava/lang/String;)Z#1487#1 prob_bp = 0.50000000003349470000
org.apache.commons.lang3.StringUtils:containsAny:(Ljava/lang/CharSequence;[C)Z#1441#7 prob_bp = 0.50000000003499830000
org.apache.commons.lang3.StringUtils:containsAny:(Ljava/lang/CharSequence;[C)Z#1441#8 prob_bp = 0.50000000005265600000
org.apache.commons.lang3.StringUtils:isEmpty:(Ljava/lang/CharSequence;)Z#194#1 prob_bp = 0.50000000006449030000
org.apache.commons.lang3.StringUtils:containsAny:(Ljava/lang/CharSequence;[C)Z#1445#23 prob_bp = 0.50000000010132660000
org.apache.commons.lang3.StringUtils:containsAny:(Ljava/lang/CharSequence;[C)Z#1445#24 prob_bp = 0.50000000015307830000
org.apache.commons.lang3.StringUtils:containsAny:(Ljava/lang/CharSequence;[C)Z#1445#25 prob_bp = 0.50000000035824870000
org.apache.commons.lang3.StringUtils:isEmpty:(Ljava/lang/CharSequence;)Z#194#10 prob_bp = 0.50000000046837310000
org.apache.commons.lang3.StringUtils:containsAny:(Ljava/lang/CharSequence;Ljava/lang/String;)Z#1490#11 prob_bp = 0.50000000101564150000
org.apache.commons.lang3.StringUtils:containsAny:(Ljava/lang/CharSequence;[C)Z#1448#50 prob_bp = 0.50000000117165380000
org.apache.commons.lang3.StringUtils:containsAny:(Ljava/lang/CharSequence;Ljava/lang/String;)Z#1490#6 prob_bp = 0.50000000117216780000
org.apache.commons.lang3.StringUtils:containsAny:(Ljava/lang/CharSequence;[C)Z#1448#48 prob_bp = 0.50000000178210200000
org.apache.commons.lang3.StringUtils:containsAny:(Ljava/lang/CharSequence;[C)Z#1441#0 prob_bp = 0.50000000209797380000
org.apache.commons.lang3.StringUtils:containsAny:(Ljava/lang/CharSequence;[C)Z#1441#1 prob_bp = 0.50000000242471080000
org.apache.commons.lang3.StringUtils:isEmpty:(Ljava/lang/CharSequence;)Z#194#4 prob_bp = 0.50000000431437390000
org.apache.commons.lang3.StringUtils:containsAny:(Ljava/lang/CharSequence;[C)Z#1448#51 prob_bp = 0.50000000445804040000
org.apache.commons.lang3.StringUtils:isEmpty:(Ljava/lang/CharSequence;)Z#194#5 prob_bp = 0.50000001043182770000
org.apache.commons.lang3.StringUtils:containsAny:(Ljava/lang/CharSequence;[C)Z#1444#16 prob_bp = 0.50000002824240890000
org.apache.commons.lang3.StringUtils:containsAny:(Ljava/lang/CharSequence;[C)Z#1444#17 prob_bp = 0.50000003504858390000
org.apache.commons.lang3.StringUtils:isEmpty:(Ljava/lang/CharSequence;)Z#194#17 prob_bp = 0.50000013146891660000
org.apache.commons.lang3.StringUtils:isEmpty:(Ljava/lang/CharSequence;)Z#194#18 prob_bp = 0.50000013676191470000
org.apache.commons.lang3.ArrayUtils:isEmpty:([C)Z#3279#0 prob_bp = 0.50000016357154710000
org.apache.commons.lang3.StringUtils:containsAny:(Ljava/lang/CharSequence;[C)Z#1441#11 prob_bp = 0.50000016464292640000
org.apache.commons.lang3.ArrayUtils:isEmpty:([C)Z#3279#1 prob_bp = 0.50000046743015710000
org.apache.commons.lang3.StringUtils:containsAny:(Ljava/lang/CharSequence;[C)Z#1444#22 prob_bp = 0.50000225815655110000
org.apache.commons.lang3.StringUtils:containsAny:(Ljava/lang/CharSequence;[C)Z#1446#26 prob_bp = 0.50000316226159060000
org.apache.commons.lang3.StringUtils:containsAny:(Ljava/lang/CharSequence;[C)Z#1446#27 prob_bp = 0.50000328763012780000
org.apache.commons.lang3.ArrayUtils:isEmpty:([C)Z#3279#4 prob_bp = 0.50000834420280570000
org.apache.commons.lang3.StringUtils:containsAny:(Ljava/lang/CharSequence;[C)Z#1446#31 prob_bp = 0.50001107164542720000
org.apache.commons.lang3.StringUtils:containsAny:(Ljava/lang/CharSequence;[C)Z#1446#29 prob_bp = 0.50001390485082700000
org.apache.commons.lang3.ArrayUtils:isEmpty:([C)Z#3279#5 prob_bp = 0.50002407849838220000
org.apache.commons.lang3.StringUtils:containsAny:(Ljava/lang/CharSequence;[C)Z#1446#32 prob_bp = 0.50004667531086090000
org.apache.commons.lang3.ArrayUtils:isEmpty:([C)Z#3279#6 prob_bp = 0.50008739134090220000
org.apache.commons.lang3.ArrayUtils:isEmpty:([C)Z#3282#11 prob_bp = 0.50810259915091050000
org.apache.commons.lang3.ArrayUtils:isEmpty:([C)Z#3282#12 prob_bp = 0.50841789214751180000
org.apache.commons.lang3.StringUtils:containsAny:(Ljava/lang/CharSequence;Ljava/lang/String;)Z#1490#14 prob_bp = 0.98979607905205510000
org.apache.commons.lang3.StringUtilsEqualsIndexOfTest:testContainsAnyCharArrayWithSupplementaryChars:()V#688#1 prob_bp = 1.00000000000000000000
org.apache.commons.lang3.StringUtilsEqualsIndexOfTest:testContainsAnyCharArrayWithSupplementaryChars:()V#688#3 prob_bp = 1.00000000000000000000
org.apache.commons.lang3.StringUtilsEqualsIndexOfTest:testContainsAnyCharArrayWithSupplementaryChars:()V#688#5 prob_bp = 1.00000000000000000000
org.apache.commons.lang3.StringUtilsEqualsIndexOfTest:testContainsAnyCharArrayWithSupplementaryChars:()V#688#8 prob_bp = 1.00000000000000000000
org.apache.commons.lang3.StringUtilsEqualsIndexOfTest:testContainsAnyCharArrayWithSupplementaryChars:()V#689#15 prob_bp = 1.00000000000000000000
org.apache.commons.lang3.StringUtilsEqualsIndexOfTest:testContainsAnyCharArrayWithSupplementaryChars:()V#689#17 prob_bp = 1.00000000000000000000
org.apache.commons.lang3.StringUtilsEqualsIndexOfTest:testContainsAnyCharArrayWithSupplementaryChars:()V#689#19 prob_bp = 1.00000000000000000000
org.apache.commons.lang3.StringUtilsEqualsIndexOfTest:testContainsAnyCharArrayWithSupplementaryChars:()V#689#22 prob_bp = 1.00000000000000000000
org.apache.commons.lang3.StringUtilsEqualsIndexOfTest:testContainsAnyCharArrayWithSupplementaryChars:()V#690#29 prob_bp = 1.00000000000000000000
org.apache.commons.lang3.StringUtilsEqualsIndexOfTest:testContainsAnyCharArrayWithSupplementaryChars:()V#690#31 prob_bp = 1.00000000000000000000
org.apache.commons.lang3.StringUtilsEqualsIndexOfTest:testContainsAnyCharArrayWithSupplementaryChars:()V#690#33 prob_bp = 1.00000000000000000000
org.apache.commons.lang3.StringUtilsEqualsIndexOfTest:testContainsAnyCharArrayWithSupplementaryChars:()V#690#36 prob_bp = 1.00000000000000000000
org.apache.commons.lang3.StringUtilsEqualsIndexOfTest:testContainsAnyCharArrayWithSupplementaryChars:()V#696#83 prob_bp = 1.00000000000000000000
org.apache.commons.lang3.StringUtilsEqualsIndexOfTest:testContainsAnyCharArrayWithSupplementaryChars:()V#696#84 prob_bp = 1.00000000000000000000
org.apache.commons.lang3.StringUtilsEqualsIndexOfTest:testContainsAnyCharArrayWithSupplementaryChars:()V#696#86 prob_bp = 1.00000000000000000000
org.apache.commons.lang3.StringUtilsEqualsIndexOfTest:testContainsAnyCharArrayWithSupplementaryChars:()V#696#88 prob_bp = 1.00000000000000000000
org.apache.commons.lang3.StringUtilsEqualsIndexOfTest:testContainsAnyCharArrayWithSupplementaryChars:()V#696#91 prob_bp = 1.00000000000000000000
org.apache.commons.lang3.StringUtilsEqualsIndexOfTest:testContainsAnyCharArrayWithSupplementaryChars:()V#696#94 prob_bp = 1.00000000000000000000
org.apache.commons.lang3.StringUtilsEqualsIndexOfTest:testContainsAnyStringWithSupplementaryChars:()V#672#1 prob_bp = 1.00000000000000000000
org.apache.commons.lang3.StringUtilsEqualsIndexOfTest:testContainsAnyStringWithSupplementaryChars:()V#672#3 prob_bp = 1.00000000000000000000
org.apache.commons.lang3.StringUtilsEqualsIndexOfTest:testContainsAnyStringWithSupplementaryChars:()V#672#5 prob_bp = 1.00000000000000000000
org.apache.commons.lang3.StringUtilsEqualsIndexOfTest:testContainsAnyStringWithSupplementaryChars:()V#673#12 prob_bp = 1.00000000000000000000
org.apache.commons.lang3.StringUtilsEqualsIndexOfTest:testContainsAnyStringWithSupplementaryChars:()V#673#14 prob_bp = 1.00000000000000000000
org.apache.commons.lang3.StringUtilsEqualsIndexOfTest:testContainsAnyStringWithSupplementaryChars:()V#673#16 prob_bp = 1.00000000000000000000
org.apache.commons.lang3.StringUtilsEqualsIndexOfTest:testContainsAnyStringWithSupplementaryChars:()V#674#23 prob_bp = 1.00000000000000000000
org.apache.commons.lang3.StringUtilsEqualsIndexOfTest:testContainsAnyStringWithSupplementaryChars:()V#674#25 prob_bp = 1.00000000000000000000
org.apache.commons.lang3.StringUtilsEqualsIndexOfTest:testContainsAnyStringWithSupplementaryChars:()V#674#27 prob_bp = 1.00000000000000000000
org.apache.commons.lang3.StringUtilsEqualsIndexOfTest:testContainsAnyStringWithSupplementaryChars:()V#680#74 prob_bp = 1.00000000000000000000
org.apache.commons.lang3.StringUtilsEqualsIndexOfTest:testContainsAnyStringWithSupplementaryChars:()V#680#75 prob_bp = 1.00000000000000000000
org.apache.commons.lang3.StringUtilsEqualsIndexOfTest:testContainsAnyStringWithSupplementaryChars:()V#680#77 prob_bp = 1.00000000000000000000
org.apache.commons.lang3.StringUtilsEqualsIndexOfTest:testContainsAnyStringWithSupplementaryChars:()V#680#79 prob_bp = 1.00000000000000000000
org.apache.commons.lang3.StringUtilsEqualsIndexOfTest:testContainsAnyStringWithSupplementaryChars:()V#680#82 prob_bp = 1.00000000000000000000
Belief propagation time : 2.190000s
