Belief propagation time: 76

Probabilities: 
Vars:1246516
Stmts:4278
org.apache.commons.lang.math.Fraction:reduce:()Lorg/apache/commons/lang/math/Fraction;#467#17 prob_bp = 0.49999519425227110000
org.apache.commons.lang.math.Fraction:reduce:()Lorg/apache/commons/lang/math/Fraction;#467#16 prob_bp = 0.49999538072633470000
org.apache.commons.lang.math.Fraction:reduce:()Lorg/apache/commons/lang/math/Fraction;#467#15 prob_bp = 0.49999801980396950000
org.apache.commons.lang.math.Fraction:reduce:()Lorg/apache/commons/lang/math/Fraction;#466#14 prob_bp = 0.49999871973658020000
org.apache.commons.lang.math.Fraction:greatestCommonDivisor:(II)I#572#17 prob_bp = 0.49999889352143660000
org.apache.commons.lang.math.Fraction:greatestCommonDivisor:(II)I#572#16 prob_bp = 0.49999893646305577000
org.apache.commons.lang.math.Fraction:reduce:()Lorg/apache/commons/lang/math/Fraction;#468#21 prob_bp = 0.49999990397269620000
org.apache.commons.lang.math.Fraction:reduce:()Lorg/apache/commons/lang/math/Fraction;#468#20 prob_bp = 0.49999994909218890000
org.apache.commons.lang.math.Fraction:reduce:()Lorg/apache/commons/lang/math/Fraction;#466#11 prob_bp = 0.49999999979918790000
org.apache.commons.lang.math.Fraction:reduce:()Lorg/apache/commons/lang/math/Fraction;#466#4 prob_bp = 0.49999999995934197000
org.apache.commons.lang.math.Fraction:reduce:()Lorg/apache/commons/lang/math/Fraction;#466#1 prob_bp = 0.49999999999977385000
org.apache.commons.lang.math.Fraction:reduce:()Lorg/apache/commons/lang/math/Fraction;#466#0 prob_bp = 0.49999999999987854000
org.apache.commons.lang.math.Fraction:greatestCommonDivisor:(II)I#582#42 prob_bp = 0.49999999999999617000
org.apache.commons.lang.math.Fraction:reduce:()Lorg/apache/commons/lang/math/Fraction;#466#8 prob_bp = 0.50000000000000000000
org.apache.commons.lang.math.Fraction:reduce:()Lorg/apache/commons/lang/math/Fraction;#470#28 prob_bp = 0.50000000000000000000
org.apache.commons.lang.math.Fraction:reduce:()Lorg/apache/commons/lang/math/Fraction;#470#29 prob_bp = 0.50000000000000000000
org.apache.commons.lang.math.Fraction:reduce:()Lorg/apache/commons/lang/math/Fraction;#470#32 prob_bp = 0.50000000000000000000
org.apache.commons.lang.math.Fraction:reduce:()Lorg/apache/commons/lang/math/Fraction;#470#33 prob_bp = 0.50000000000000000000
org.apache.commons.lang.math.Fraction:reduce:()Lorg/apache/commons/lang/math/Fraction;#470#34 prob_bp = 0.50000000000000000000
org.apache.commons.lang.math.Fraction:getFraction:(II)Lorg/apache/commons/lang/math/Fraction;#151#43 prob_bp = 0.50000000000000000000
org.apache.commons.lang.math.Fraction:reduce:()Lorg/apache/commons/lang/math/Fraction;#466#7 prob_bp = 0.50000000000000010000
org.apache.commons.lang.math.Fraction:greatestCommonDivisor:(II)I#601#116 prob_bp = 0.50000000000000010000
org.apache.commons.lang.math.Fraction:getFraction:(II)Lorg/apache/commons/lang/math/Fraction;#151#44 prob_bp = 0.50000000000000010000
org.apache.commons.lang.math.Fraction:getFraction:(II)Lorg/apache/commons/lang/math/Fraction;#151#45 prob_bp = 0.50000000000000030000
org.apache.commons.lang.math.Fraction:greatestCommonDivisor:(II)I#590#94 prob_bp = 0.50000000000000210000
org.apache.commons.lang.math.Fraction:greatestCommonDivisor:(II)I#582#43#unexe#0 prob_bp = 0.50000000000000230000
org.apache.commons.lang.math.Fraction:greatestCommonDivisor:(II)I#610#136 prob_bp = 0.50000000000000230000
org.apache.commons.lang.math.Fraction:greatestCommonDivisor:(II)I#582#41 prob_bp = 0.50000000000000290000
org.apache.commons.lang.math.Fraction:greatestCommonDivisor:(II)I#590#95 prob_bp = 0.50000000000000390000
org.apache.commons.lang.math.Fraction:greatestCommonDivisor:(II)I#590#96 prob_bp = 0.50000000000000390000
org.apache.commons.lang.math.Fraction:greatestCommonDivisor:(II)I#582#40 prob_bp = 0.50000000000000410000
org.apache.commons.lang.math.Fraction:greatestCommonDivisor:(II)I#600#112#unexe#0 prob_bp = 0.50000000000000490000
org.apache.commons.lang.math.Fraction:greatestCommonDivisor:(II)I#610#133 prob_bp = 0.50000000000000500000
org.apache.commons.lang.math.Fraction:greatestCommonDivisor:(II)I#610#134 prob_bp = 0.50000000000000500000
org.apache.commons.lang.math.Fraction:greatestCommonDivisor:(II)I#601#117 prob_bp = 0.50000000000000610000
org.apache.commons.lang.math.Fraction:greatestCommonDivisor:(II)I#582#43#unexe#1 prob_bp = 0.50000000000000700000
org.apache.commons.lang.math.Fraction:greatestCommonDivisor:(II)I#610#138 prob_bp = 0.50000000000000740000
org.apache.commons.lang.math.Fraction:greatestCommonDivisor:(II)I#601#115 prob_bp = 0.50000000000000770000
org.apache.commons.lang.math.Fraction:greatestCommonDivisor:(II)I#582#43 prob_bp = 0.50000000000001070000
org.apache.commons.lang.math.Fraction:greatestCommonDivisor:(II)I#606#125 prob_bp = 0.50000000000001100000
org.apache.commons.lang.math.Fraction:getFraction:(II)Lorg/apache/commons/lang/math/Fraction;#150#40 prob_bp = 0.50000000000001140000
org.apache.commons.lang.math.Fraction:greatestCommonDivisor:(II)I#609#130 prob_bp = 0.50000000000001170000
org.apache.commons.lang.math.Fraction:getFraction:(II)Lorg/apache/commons/lang/math/Fraction;#150#41 prob_bp = 0.50000000000001280000
org.apache.commons.lang.math.Fraction:greatestCommonDivisor:(II)I#606#123 prob_bp = 0.50000000000001370000
org.apache.commons.lang.math.Fraction:greatestCommonDivisor:(II)I#609#130#unexe#0 prob_bp = 0.50000000000001500000
org.apache.commons.lang.math.Fraction:getFraction:(II)Lorg/apache/commons/lang/math/Fraction;#150#42 prob_bp = 0.50000000000001740000
org.apache.commons.lang.math.Fraction:greatestCommonDivisor:(II)I#606#124 prob_bp = 0.50000000000002030000
org.apache.commons.lang.math.Fraction:greatestCommonDivisor:(II)I#609#129 prob_bp = 0.50000000000002340000
org.apache.commons.lang.math.Fraction:greatestCommonDivisor:(II)I#600#112#unexe#1 prob_bp = 0.50000000000002750000
org.apache.commons.lang.math.Fraction:greatestCommonDivisor:(II)I#606#126 prob_bp = 0.50000000000002920000
org.apache.commons.lang.math.Fraction:greatestCommonDivisor:(II)I#606#127 prob_bp = 0.50000000000002920000
org.apache.commons.lang.math.Fraction:greatestCommonDivisor:(II)I#590#93 prob_bp = 0.50000000000003100000
org.apache.commons.lang.math.Fraction:greatestCommonDivisor:(II)I#610#137 prob_bp = 0.50000000000004210000
org.apache.commons.lang.math.Fraction:greatestCommonDivisor:(II)I#582#43#unexe#2 prob_bp = 0.50000000000005960000
org.apache.commons.lang.math.Fraction:greatestCommonDivisor:(II)I#610#135 prob_bp = 0.50000000000007560000
org.apache.commons.lang.math.Fraction:greatestCommonDivisor:(II)I#610#139 prob_bp = 0.50000000000010800000
org.apache.commons.lang.math.Fraction:greatestCommonDivisor:(II)I#606#128 prob_bp = 0.50000000000012030000
org.apache.commons.lang.math.Fraction:greatestCommonDivisor:(II)I#578#18 prob_bp = 0.50000000000037830000
org.apache.commons.lang.math.Fraction:greatestCommonDivisor:(II)I#578#19 prob_bp = 0.50000000000150650000
org.apache.commons.lang.math.Fraction:greatestCommonDivisor:(II)I#578#22 prob_bp = 0.50000000000527370000
org.apache.commons.lang.math.Fraction:greatestCommonDivisor:(II)I#578#23 prob_bp = 0.50000000002110900000
org.apache.commons.lang.math.Fraction:greatestCommonDivisor:(II)I#578#24 prob_bp = 0.50000000008489840000
org.apache.commons.lang.math.Fraction:greatestCommonDivisor:(II)I#582#37#unexe#0 prob_bp = 0.50000000021324020000
org.apache.commons.lang.math.Fraction:greatestCommonDivisor:(II)I#578#19#unexe#0 prob_bp = 0.50000000034174590000
org.apache.commons.lang.math.Fraction:greatestCommonDivisor:(II)I#590#82 prob_bp = 0.50000000078867200000
org.apache.commons.lang.math.Fraction:greatestCommonDivisor:(II)I#582#34 prob_bp = 0.50000000116284080000
org.apache.commons.lang.math.Fraction:greatestCommonDivisor:(II)I#590#83 prob_bp = 0.50000000259473840000
org.apache.commons.lang.math.Fraction:greatestCommonDivisor:(II)I#590#84 prob_bp = 0.50000000268003470000
org.apache.commons.lang.math.Fraction:greatestCommonDivisor:(II)I#579#25 prob_bp = 0.50000000313842760000
org.apache.commons.lang.math.Fraction:greatestCommonDivisor:(II)I#582#35 prob_bp = 0.50000000450690430000
org.apache.commons.lang.math.Fraction:greatestCommonDivisor:(II)I#582#36 prob_bp = 0.50000000468865270000
org.apache.commons.lang.math.Fraction:greatestCommonDivisor:(II)I#579#26 prob_bp = 0.50000001258379310000
org.apache.commons.lang.math.Fraction:greatestCommonDivisor:(II)I#579#29 prob_bp = 0.50000004404294880000
org.apache.commons.lang.math.Fraction:greatestCommonDivisor:(II)I#579#30 prob_bp = 0.50000017636638030000
org.apache.commons.lang.math.Fraction:greatestCommonDivisor:(II)I#571#8 prob_bp = 0.50000037476244550000
org.apache.commons.lang.math.Fraction:getFraction:(II)Lorg/apache/commons/lang/math/Fraction;#153#51 prob_bp = 0.50000060010595340000
org.apache.commons.lang.math.Fraction:greatestCommonDivisor:(II)I#579#31 prob_bp = 0.50000070922502850000
org.apache.commons.lang.math.Fraction:greatestCommonDivisor:(II)I#571#9 prob_bp = 0.50000158196523300000
org.apache.commons.lang.math.Fraction:greatestCommonDivisor:(II)I#590#85 prob_bp = 0.50000189871442380000
org.apache.commons.lang.math.Fraction:greatestCommonDivisor:(II)I#590#86 prob_bp = 0.50000196112175930000
org.apache.commons.lang.math.Fraction:greatestCommonDivisor:(II)I#579#26#unexe#1 prob_bp = 0.50000285501763400000
org.apache.commons.lang.math.Fraction:getFraction:(II)Lorg/apache/commons/lang/math/Fraction;#153#50 prob_bp = 0.50000392452979260000
org.apache.commons.lang.math.Fraction:greatestCommonDivisor:(II)I#582#37 prob_bp = 0.50000546439099420000
org.apache.commons.lang.math.Fraction:greatestCommonDivisor:(II)I#571#12 prob_bp = 0.50000620477997390000
org.apache.commons.lang.math.Fraction:greatestCommonDivisor:(II)I#571#13 prob_bp = 0.50000645525932570000
org.apache.commons.lang.math.Fraction:greatestCommonDivisor:(II)I#582#37#unexe#1 prob_bp = 0.50001149604379150000
org.apache.commons.lang.math.Fraction:greatestCommonDivisor:(II)I#571#0 prob_bp = 0.50002684678683570000
org.apache.commons.lang.math.Fraction:greatestCommonDivisor:(II)I#581#32 prob_bp = 0.50003123417254920000
org.apache.commons.lang.math.Fraction:getFraction:(II)Lorg/apache/commons/lang/math/Fraction;#146#18 prob_bp = 0.50003200149212060000
org.apache.commons.lang.math.Fraction:greatestCommonDivisor:(II)I#581#33 prob_bp = 0.50003249420365510000
org.apache.commons.lang.math.Fraction:getFraction:(II)Lorg/apache/commons/lang/math/Fraction;#146#19 prob_bp = 0.50003535205274650000
org.apache.commons.lang.math.Fraction:getFraction:(II)Lorg/apache/commons/lang/math/Fraction;#146#21 prob_bp = 0.50003675146939210000
org.apache.commons.lang.math.Fraction:greatestCommonDivisor:(II)I#582#37#unexe#2 prob_bp = 0.50003757736181090000
org.apache.commons.lang.math.Fraction:greatestCommonDivisor:(II)I#585#66 prob_bp = 0.50005582805091120000
org.apache.commons.lang.math.Fraction:getFraction:(II)Lorg/apache/commons/lang/math/Fraction;#153#49 prob_bp = 0.50007170919645300000
org.apache.commons.lang.math.Fraction:getFraction:(II)Lorg/apache/commons/lang/math/Fraction;#153#52 prob_bp = 0.50007881451735100000
org.apache.commons.lang.math.Fraction:greatestCommonDivisor:(II)I#571#1 prob_bp = 0.50010801278948420000
org.apache.commons.lang.math.Fraction:greatestCommonDivisor:(II)I#585#67 prob_bp = 0.50012443666123310000
org.apache.commons.lang.math.Fraction:greatestCommonDivisor:(II)I#585#69 prob_bp = 0.50012945754700260000
org.apache.commons.lang.math.Fraction:greatestCommonDivisor:(II)I#590#97 prob_bp = 0.50016208655188880000
org.apache.commons.lang.math.Fraction:getFraction:(II)Lorg/apache/commons/lang/math/Fraction;#142#0 prob_bp = 0.50040154081211470000
org.apache.commons.lang.math.Fraction:greatestCommonDivisor:(II)I#571#4 prob_bp = 0.50041750514631800000
org.apache.commons.lang.math.Fraction:greatestCommonDivisor:(II)I#571#5 prob_bp = 0.50043429883971800000
org.apache.commons.lang.math.Fraction:getFraction:(II)Lorg/apache/commons/lang/math/Fraction;#142#1 prob_bp = 0.50045393171532400000
org.apache.commons.lang.math.Fraction:getFraction:(II)Lorg/apache/commons/lang/math/Fraction;#146#24 prob_bp = 0.50220789706022100000
org.apache.commons.lang.math.Fraction:getFraction:(II)Lorg/apache/commons/lang/math/Fraction;#146#25 prob_bp = 0.50244269107196430000
org.apache.commons.lang.math.Fraction:getFraction:(II)Lorg/apache/commons/lang/math/Fraction;#146#27 prob_bp = 0.50253996968276290000
org.apache.commons.lang.math.Fraction:greatestCommonDivisor:(II)I#596#98 prob_bp = 0.50618928224252170000
org.apache.commons.lang.math.Fraction:greatestCommonDivisor:(II)I#596#99 prob_bp = 0.50628580851479900000
org.apache.commons.lang.math.Fraction:greatestCommonDivisor:(II)I#596#100 prob_bp = 0.50641863043750990000
org.apache.commons.lang.math.Fraction:getFraction:(II)Lorg/apache/commons/lang/math/Fraction;#145#14 prob_bp = 0.50963669810288000000
org.apache.commons.lang.math.Fraction:getFraction:(II)Lorg/apache/commons/lang/math/Fraction;#145#15 prob_bp = 0.51096454504173010000
org.apache.commons.lang.math.Fraction:greatestCommonDivisor:(II)I#600#111 prob_bp = 0.53328448850231770000
org.apache.commons.lang.math.Fraction:greatestCommonDivisor:(II)I#600#112 prob_bp = 0.53463931023914310000
org.apache.commons.lang.math.Fraction:greatestCommonDivisor:(II)I#596#101 prob_bp = 0.62551920319080930000
org.apache.commons.lang.math.Fraction:<init>:(II)V#126#20 prob_bp = 0.82891329033971760000
org.apache.commons.lang.math.Fraction:<init>:(II)V#126#19 prob_bp = 0.83517766014271190000
org.apache.commons.lang.math.Fraction:<init>:(II)V#126#21 prob_bp = 0.84196528318231300000
org.apache.commons.lang.math.Fraction:getFraction:(II)Lorg/apache/commons/lang/math/Fraction;#153#46 prob_bp = 0.89412240392895070000
org.apache.commons.lang.math.Fraction:getFraction:(II)Lorg/apache/commons/lang/math/Fraction;#153#55 prob_bp = 0.90206915476572100000
org.apache.commons.lang.math.Fraction:greatestCommonDivisor:(II)I#603#121 prob_bp = 0.91917763807074080000
org.apache.commons.lang.math.Fraction:greatestCommonDivisor:(II)I#596#101#unexe#3 prob_bp = 0.94885087762556790000
org.apache.commons.lang.math.Fraction:greatestCommonDivisor:(II)I#603#122 prob_bp = 0.98877152431395310000
org.apache.commons.lang.math.Fraction:<init>:(II)V#127#25 prob_bp = 0.99866457543302390000
org.apache.commons.lang.math.Fraction:<init>:(II)V#127#24 prob_bp = 0.99884349533281910000
org.apache.commons.lang.math.Fraction:<init>:(II)V#127#26 prob_bp = 0.99936099150478560000
org.apache.commons.lang.math.Fraction:getDenominator:()I#377#1 prob_bp = 0.99995067153040750000
org.apache.commons.lang.math.Fraction:getDenominator:()I#377#0 prob_bp = 0.99999399910200080000
org.apache.commons.lang.math.Fraction:getDenominator:()I#377#4 prob_bp = 0.99999899880527540000
org.apache.commons.lang.math.FractionTest:testReduce:()V#619#2 prob_bp = 1.00000000000000000000
org.apache.commons.lang.math.FractionTest:testReduce:()V#619#4 prob_bp = 1.00000000000000000000
org.apache.commons.lang.math.FractionTest:testReduce:()V#619#6 prob_bp = 1.00000000000000000000
org.apache.commons.lang.math.FractionTest:testReduce:()V#619#9 prob_bp = 1.00000000000000000000
org.apache.commons.lang.math.FractionTest:testReduce:()V#620#10 prob_bp = 1.00000000000000000000
org.apache.commons.lang.math.FractionTest:testReduce:()V#620#11 prob_bp = 1.00000000000000000000
org.apache.commons.lang.math.FractionTest:testReduce:()V#624#31 prob_bp = 1.00000000000000000000
org.apache.commons.lang.math.FractionTest:testReduce:()V#624#33 prob_bp = 1.00000000000000000000
org.apache.commons.lang.math.FractionTest:testReduce:()V#624#35 prob_bp = 1.00000000000000000000
org.apache.commons.lang.math.FractionTest:testReduce:()V#624#38 prob_bp = 1.00000000000000000000
org.apache.commons.lang.math.FractionTest:testReduce:()V#625#39 prob_bp = 1.00000000000000000000
org.apache.commons.lang.math.FractionTest:testReduce:()V#625#40 prob_bp = 1.00000000000000000000
org.apache.commons.lang.math.FractionTest:testReduce:()V#629#60 prob_bp = 1.00000000000000000000
org.apache.commons.lang.math.FractionTest:testReduce:()V#629#61 prob_bp = 1.00000000000000000000
org.apache.commons.lang.math.FractionTest:testReduce:()V#629#63 prob_bp = 1.00000000000000000000
org.apache.commons.lang.math.FractionTest:testReduce:()V#629#66 prob_bp = 1.00000000000000000000
org.apache.commons.lang.math.FractionTest:testReduce:()V#630#67 prob_bp = 1.00000000000000000000
org.apache.commons.lang.math.FractionTest:testReduce:()V#630#68 prob_bp = 1.00000000000000000000
org.apache.commons.lang.math.FractionTest:testReduce:()V#634#89 prob_bp = 1.00000000000000000000
org.apache.commons.lang.math.FractionTest:testReduce:()V#634#91 prob_bp = 1.00000000000000000000
org.apache.commons.lang.math.FractionTest:testReduce:()V#634#92 prob_bp = 1.00000000000000000000
org.apache.commons.lang.math.FractionTest:testReduce:()V#634#95 prob_bp = 1.00000000000000000000
org.apache.commons.lang.math.FractionTest:testReduce:()V#635#96 prob_bp = 1.00000000000000000000
org.apache.commons.lang.math.FractionTest:testReduce:()V#635#97 prob_bp = 1.00000000000000000000
org.apache.commons.lang.math.FractionTest:testReduce:()V#640#123 prob_bp = 1.00000000000000000000
org.apache.commons.lang.math.FractionTest:testReduce:()V#640#124 prob_bp = 1.00000000000000000000
org.apache.commons.lang.math.FractionTest:testReduce:()V#640#125 prob_bp = 1.00000000000000000000
org.apache.commons.lang.math.FractionTest:testReduce:()V#640#128 prob_bp = 1.00000000000000000000
org.apache.commons.lang.math.FractionTest:testReduce:()V#641#129 prob_bp = 1.00000000000000000000
org.apache.commons.lang.math.FractionTest:testReduce:()V#641#130 prob_bp = 1.00000000000000000000
org.apache.commons.lang.math.FractionTest:testReduce:()V#646#155 prob_bp = 1.00000000000000000000
org.apache.commons.lang.math.FractionTest:testReduce:()V#646#156 prob_bp = 1.00000000000000000000
org.apache.commons.lang.math.FractionTest:testReduce:()V#646#157 prob_bp = 1.00000000000000000000
org.apache.commons.lang.math.FractionTest:testReduce:()V#646#160 prob_bp = 1.00000000000000000000
org.apache.commons.lang.math.FractionTest:testReduce:()V#647#161 prob_bp = 1.00000000000000000000
org.apache.commons.lang.math.FractionTest:testReduce:()V#647#162 prob_bp = 1.00000000000000000000
org.apache.commons.lang.math.FractionTest:testReduce:()V#652#187 prob_bp = 1.00000000000000000000
org.apache.commons.lang.math.FractionTest:testReduce:()V#652#188 prob_bp = 1.00000000000000000000
org.apache.commons.lang.math.FractionTest:testReduce:()V#652#190 prob_bp = 1.00000000000000000000
org.apache.commons.lang.math.FractionTest:testReduce:()V#652#193 prob_bp = 1.00000000000000000000
org.apache.commons.lang.math.FractionTest:testReduce:()V#653#194 prob_bp = 1.00000000000000000000
org.apache.commons.lang.math.FractionTest:testReduce:()V#653#195 prob_bp = 1.00000000000000000000
org.apache.commons.lang.math.FractionTest:testReduce:()V#653#198 prob_bp = 1.00000000000000000000
org.apache.commons.lang.math.FractionTest:testReduce:()V#655#207 prob_bp = 1.00000000000000000000
org.apache.commons.lang.math.FractionTest:testReduce:()V#655#208 prob_bp = 1.00000000000000000000
org.apache.commons.lang.math.FractionTest:testReduce:()V#655#209 prob_bp = 1.00000000000000000000
org.apache.commons.lang.math.FractionTest:testReduce:()V#655#212 prob_bp = 1.00000000000000000000
Belief propagation time : 145.905000s
