Belief propagation time: 66

Probabilities: 
Vars:521999
Stmts:9340
org.jfree.chart.renderer.category.MinMaxCategoryRenderer:<init>:()V#144#1 prob_bp = 0.49999999999658123000
org.jfree.chart.renderer.category.MinMaxCategoryRenderer:<init>:()V#144#0 prob_bp = 0.49999999999665345000
org.jfree.chart.renderer.category.MinMaxCategoryRenderer:setDrawLines:(Z)V#171#19 prob_bp = 0.49999999999999734000
org.jfree.chart.renderer.category.MinMaxCategoryRenderer:setDrawLines:(Z)V#171#17 prob_bp = 0.49999999999999856000
org.jfree.chart.renderer.category.MinMaxCategoryRenderer:setDrawLines:(Z)V#171#14 prob_bp = 0.49999999999999860000
org.jfree.chart.renderer.category.MinMaxCategoryRenderer:setDrawLines:(Z)V#171#18 prob_bp = 0.49999999999999920000
org.jfree.chart.renderer.category.AbstractCategoryItemRenderer:equals:(Ljava/lang/Object;)Z#1299#32 prob_bp = 0.49999999999999950000
org.jfree.chart.renderer.AbstractRenderer:equals:(Ljava/lang/Object;)Z#2423#311 prob_bp = 0.49999999999999950000
org.jfree.chart.renderer.category.MinMaxCategoryRenderer:setDrawLines:(Z)V#169#4 prob_bp = 0.49999999999999956000
org.jfree.chart.renderer.category.MinMaxCategoryRenderer:setDrawLines:(Z)V#169#5 prob_bp = 0.49999999999999960000
org.jfree.chart.renderer.category.AbstractCategoryItemRenderer:equals:(Ljava/lang/Object;)Z#1311#74 prob_bp = 0.49999999999999960000
org.jfree.chart.renderer.AbstractRenderer:equals:(Ljava/lang/Object;)Z#2375#90 prob_bp = 0.49999999999999960000
org.jfree.chart.util.StrokeList:equals:(Ljava/lang/Object;)Z#113#17 prob_bp = 0.49999999999999970000
org.jfree.chart.renderer.AbstractRenderer:equals:(Ljava/lang/Object;)Z#2410#250 prob_bp = 0.49999999999999970000
org.jfree.chart.renderer.category.AbstractCategoryItemRenderer:equals:(Ljava/lang/Object;)Z#1327#141 prob_bp = 0.49999999999999980000
org.jfree.chart.renderer.AbstractRenderer:equals:(Ljava/lang/Object;)Z#2398#191 prob_bp = 0.49999999999999980000
org.jfree.chart.util.ObjectList:<init>:()V#60#0 prob_bp = 0.49999999999999983000
org.jfree.chart.renderer.category.AbstractCategoryItemRenderer:equals:(Ljava/lang/Object;)Z#1315#85 prob_bp = 0.49999999999999983000
org.jfree.chart.renderer.category.AbstractCategoryItemRenderer:equals:(Ljava/lang/Object;)Z#1315#96 prob_bp = 0.49999999999999983000
org.jfree.chart.labels.StandardCategorySeriesLabelGenerator:equals:(Ljava/lang/Object;)Z#149#21 prob_bp = 0.49999999999999983000
org.jfree.chart.renderer.AbstractRenderer:equals:(Ljava/lang/Object;)Z#2391#163 prob_bp = 0.49999999999999983000
org.jfree.chart.util.ShapeList:equals:(Ljava/lang/Object;)Z#104#1 prob_bp = 0.49999999999999983000
org.jfree.chart.labels.ItemLabelAnchor:equals:(Ljava/lang/Object;)Z#192#1 prob_bp = 0.49999999999999983000
org.jfree.chart.renderer.AbstractRenderer:equals:(Ljava/lang/Object;)Z#2443#391 prob_bp = 0.49999999999999983000
org.jfree.chart.util.StrokeList:<init>:()V#60#0 prob_bp = 0.49999999999999990000
org.jfree.chart.renderer.category.AbstractCategoryItemRenderer:equals:(Ljava/lang/Object;)Z#1303#41 prob_bp = 0.49999999999999990000
org.jfree.chart.renderer.category.AbstractCategoryItemRenderer:equals:(Ljava/lang/Object;)Z#1303#45 prob_bp = 0.49999999999999990000
org.jfree.chart.labels.StandardCategorySeriesLabelGenerator:equals:(Ljava/lang/Object;)Z#147#17 prob_bp = 0.49999999999999990000
org.jfree.chart.util.StrokeList:equals:(Ljava/lang/Object;)Z#105#0 prob_bp = 0.49999999999999990000
org.jfree.chart.renderer.AbstractRenderer:equals:(Ljava/lang/Object;)Z#2427#320 prob_bp = 0.49999999999999990000
org.jfree.chart.renderer.AbstractRenderer:equals:(Ljava/lang/Object;)Z#2435#359 prob_bp = 0.49999999999999990000
org.jfree.chart.util.BooleanList:<init>:()V#62#0 prob_bp = 0.49999999999999994000
org.jfree.chart.renderer.AbstractRenderer:<init>:()V#341#163 prob_bp = 0.49999999999999994000
org.jfree.chart.util.ShapeList:<init>:()V#60#0 prob_bp = 0.49999999999999994000
org.jfree.chart.util.ShapeList:<init>:()V#60#1 prob_bp = 0.49999999999999994000
org.jfree.chart.labels.ItemLabelPosition:<init>:(Lorg/jfree/chart/labels/ItemLabelAnchor;Lorg/jfree/chart/text/TextAnchor;Lorg/jfree/chart/text/TextAnchor;D)V#125#47 prob_bp = 0.49999999999999994000
org.jfree.chart.labels.ItemLabelPosition:<init>:(Lorg/jfree/chart/labels/ItemLabelAnchor;Lorg/jfree/chart/text/TextAnchor;Lorg/jfree/chart/text/TextAnchor;D)V#126#53 prob_bp = 0.49999999999999994000
org.jfree.chart.renderer.category.AbstractCategoryItemRenderer:<init>:()V#233#31 prob_bp = 0.49999999999999994000
org.jfree.chart.renderer.category.AbstractCategoryItemRenderer:<init>:()V#234#42 prob_bp = 0.49999999999999994000
org.jfree.chart.labels.StandardCategorySeriesLabelGenerator:<init>:(Ljava/lang/String;)V#87#18 prob_bp = 0.49999999999999994000
org.jfree.chart.renderer.category.AbstractCategoryItemRenderer:equals:(Ljava/lang/Object;)Z#1291#1 prob_bp = 0.49999999999999994000
org.jfree.chart.labels.StandardCategorySeriesLabelGenerator:equals:(Ljava/lang/Object;)Z#149#25 prob_bp = 0.49999999999999994000
org.jfree.chart.renderer.AbstractRenderer:equals:(Ljava/lang/Object;)Z#2384#131 prob_bp = 0.49999999999999994000
org.jfree.chart.renderer.AbstractRenderer:equals:(Ljava/lang/Object;)Z#2401#218 prob_bp = 0.49999999999999994000
org.jfree.chart.util.ShapeList:equals:(Ljava/lang/Object;)Z#113#21 prob_bp = 0.49999999999999994000
org.jfree.chart.renderer.AbstractRenderer:equals:(Ljava/lang/Object;)Z#2416#282 prob_bp = 0.49999999999999994000
org.jfree.chart.labels.ItemLabelPosition:equals:(Ljava/lang/Object;)Z#176#1 prob_bp = 0.49999999999999994000
org.jfree.chart.labels.ItemLabelPosition:equals:(Ljava/lang/Object;)Z#183#21 prob_bp = 0.49999999999999994000
org.jfree.chart.labels.ItemLabelPosition:equals:(Ljava/lang/Object;)Z#183#25 prob_bp = 0.49999999999999994000
org.jfree.chart.labels.ItemLabelPosition:equals:(Ljava/lang/Object;)Z#183#26 prob_bp = 0.49999999999999994000
org.jfree.chart.renderer.AbstractRenderer:<init>:()V#337#140 prob_bp = 0.50000000000000000000
org.jfree.chart.renderer.category.AbstractCategoryItemRenderer:<init>:()V#231#9 prob_bp = 0.50000000000000000000
org.jfree.chart.labels.StandardCategorySeriesLabelGenerator:<init>:()V#75#0 prob_bp = 0.50000000000000000000
org.jfree.chart.renderer.category.MinMaxCategoryRenderer:setDrawLines:(Z)V#169#0 prob_bp = 0.50000000000000000000
org.jfree.chart.renderer.category.MinMaxCategoryRenderer:setDrawLines:(Z)V#169#1 prob_bp = 0.50000000000000000000
org.jfree.chart.renderer.category.AbstractCategoryItemRenderer:equals:(Ljava/lang/Object;)Z#1294#11 prob_bp = 0.50000000000000000000
org.jfree.chart.labels.StandardCategorySeriesLabelGenerator:equals:(Ljava/lang/Object;)Z#149#26 prob_bp = 0.50000000000000000000
org.jfree.chart.renderer.AbstractRenderer:equals:(Ljava/lang/Object;)Z#2362#32 prob_bp = 0.50000000000000000000
org.jfree.chart.renderer.AbstractRenderer:equals:(Ljava/lang/Object;)Z#2398#202 prob_bp = 0.50000000000000000000
org.jfree.chart.renderer.AbstractRenderer:equals:(Ljava/lang/Object;)Z#2401#211 prob_bp = 0.50000000000000000000
org.jfree.chart.renderer.AbstractRenderer:equals:(Ljava/lang/Object;)Z#2405#234 prob_bp = 0.50000000000000000000
org.jfree.chart.renderer.AbstractRenderer:equals:(Ljava/lang/Object;)Z#2416#276 prob_bp = 0.50000000000000000000
org.jfree.chart.renderer.AbstractRenderer:equals:(Ljava/lang/Object;)Z#2420#287 prob_bp = 0.50000000000000000000
org.jfree.chart.renderer.AbstractRenderer:equals:(Ljava/lang/Object;)Z#2427#316 prob_bp = 0.50000000000000000000
org.jfree.chart.renderer.AbstractRenderer:<init>:()V#329#94 prob_bp = 0.50000000000000010000
org.jfree.chart.renderer.AbstractRenderer:<init>:()V#341#162 prob_bp = 0.50000000000000010000
org.jfree.chart.renderer.AbstractRenderer:<init>:()V#348#202 prob_bp = 0.50000000000000010000
org.jfree.chart.renderer.AbstractRenderer:<init>:()V#354#247 prob_bp = 0.50000000000000010000
org.jfree.chart.labels.ItemLabelPosition:<init>:(Lorg/jfree/chart/labels/ItemLabelAnchor;Lorg/jfree/chart/text/TextAnchor;Lorg/jfree/chart/text/TextAnchor;D)V#125#48 prob_bp = 0.50000000000000010000
org.jfree.chart.renderer.AbstractRenderer:<init>:()V#358#275 prob_bp = 0.50000000000000010000
org.jfree.chart.renderer.AbstractRenderer:<init>:()V#362#302 prob_bp = 0.50000000000000010000
org.jfree.chart.labels.StandardCategorySeriesLabelGenerator:<init>:(Ljava/lang/String;)V#87#19 prob_bp = 0.50000000000000010000
org.jfree.chart.labels.StandardCategorySeriesLabelGenerator:<init>:(Ljava/lang/String;)V#87#20 prob_bp = 0.50000000000000010000
org.jfree.chart.renderer.category.AbstractCategoryItemRenderer:equals:(Ljava/lang/Object;)Z#1294#8 prob_bp = 0.50000000000000010000
org.jfree.chart.renderer.category.AbstractCategoryItemRenderer:equals:(Ljava/lang/Object;)Z#1307#58 prob_bp = 0.50000000000000010000
org.jfree.chart.renderer.category.AbstractCategoryItemRenderer:equals:(Ljava/lang/Object;)Z#1307#64 prob_bp = 0.50000000000000010000
org.jfree.chart.renderer.category.AbstractCategoryItemRenderer:equals:(Ljava/lang/Object;)Z#1315#90 prob_bp = 0.50000000000000010000
org.jfree.chart.renderer.category.AbstractCategoryItemRenderer:equals:(Ljava/lang/Object;)Z#1319#106 prob_bp = 0.50000000000000010000
org.jfree.chart.labels.StandardCategorySeriesLabelGenerator:equals:(Ljava/lang/Object;)Z#147#20 prob_bp = 0.50000000000000010000
org.jfree.chart.renderer.category.AbstractCategoryItemRenderer:equals:(Ljava/lang/Object;)Z#1327#134 prob_bp = 0.50000000000000010000
org.jfree.chart.renderer.category.AbstractCategoryItemRenderer:equals:(Ljava/lang/Object;)Z#1327#144 prob_bp = 0.50000000000000010000
org.jfree.chart.renderer.category.AbstractCategoryItemRenderer:equals:(Ljava/lang/Object;)Z#1335#169 prob_bp = 0.50000000000000010000
org.jfree.chart.util.BooleanList:equals:(Ljava/lang/Object;)Z#95#4 prob_bp = 0.50000000000000010000
org.jfree.chart.renderer.AbstractRenderer:equals:(Ljava/lang/Object;)Z#2365#37 prob_bp = 0.50000000000000010000
org.jfree.chart.renderer.AbstractRenderer:equals:(Ljava/lang/Object;)Z#2365#41 prob_bp = 0.50000000000000010000
org.jfree.chart.renderer.AbstractRenderer:equals:(Ljava/lang/Object;)Z#2368#55 prob_bp = 0.50000000000000010000
org.jfree.chart.util.PaintList:equals:(Ljava/lang/Object;)Z#97#8 prob_bp = 0.50000000000000010000
org.jfree.chart.renderer.AbstractRenderer:equals:(Ljava/lang/Object;)Z#2378#96 prob_bp = 0.50000000000000010000
org.jfree.chart.renderer.AbstractRenderer:equals:(Ljava/lang/Object;)Z#2381#111 prob_bp = 0.50000000000000010000
org.jfree.chart.renderer.AbstractRenderer:equals:(Ljava/lang/Object;)Z#2387#143 prob_bp = 0.50000000000000010000
org.jfree.chart.renderer.AbstractRenderer:equals:(Ljava/lang/Object;)Z#2395#175 prob_bp = 0.50000000000000010000
org.jfree.chart.util.StrokeList:equals:(Ljava/lang/Object;)Z#109#8 prob_bp = 0.50000000000000010000
org.jfree.chart.util.StrokeList:equals:(Ljava/lang/Object;)Z#114#25 prob_bp = 0.50000000000000010000
org.jfree.chart.renderer.AbstractRenderer:equals:(Ljava/lang/Object;)Z#2410#243 prob_bp = 0.50000000000000010000
org.jfree.chart.util.ShapeList:equals:(Ljava/lang/Object;)Z#108#7 prob_bp = 0.50000000000000010000
org.jfree.chart.util.ShapeList:equals:(Ljava/lang/Object;)Z#113#20 prob_bp = 0.50000000000000010000
org.jfree.chart.util.ShapeList:equals:(Ljava/lang/Object;)Z#113#22 prob_bp = 0.50000000000000010000
org.jfree.chart.util.ShapeList:equals:(Ljava/lang/Object;)Z#113#25 prob_bp = 0.50000000000000010000
org.jfree.chart.renderer.AbstractRenderer:equals:(Ljava/lang/Object;)Z#2416#275 prob_bp = 0.50000000000000010000
org.jfree.chart.renderer.AbstractRenderer:equals:(Ljava/lang/Object;)Z#2420#291 prob_bp = 0.50000000000000010000
org.jfree.chart.renderer.AbstractRenderer:equals:(Ljava/lang/Object;)Z#2423#300 prob_bp = 0.50000000000000010000
org.jfree.chart.renderer.AbstractRenderer:equals:(Ljava/lang/Object;)Z#2423#304 prob_bp = 0.50000000000000010000
org.jfree.chart.renderer.AbstractRenderer:equals:(Ljava/lang/Object;)Z#2439#369 prob_bp = 0.50000000000000010000
org.jfree.chart.renderer.AbstractRenderer:equals:(Ljava/lang/Object;)Z#2443#388 prob_bp = 0.50000000000000010000
org.jfree.chart.labels.ItemLabelPosition:equals:(Ljava/lang/Object;)Z#183#29 prob_bp = 0.50000000000000010000
org.jfree.chart.renderer.AbstractRenderer:<init>:()V#325#71 prob_bp = 0.50000000000000020000
org.jfree.chart.renderer.category.AbstractCategoryItemRenderer:equals:(Ljava/lang/Object;)Z#1299#26 prob_bp = 0.50000000000000020000
org.jfree.chart.renderer.category.AbstractCategoryItemRenderer:equals:(Ljava/lang/Object;)Z#1307#57 prob_bp = 0.50000000000000020000
org.jfree.chart.renderer.category.AbstractCategoryItemRenderer:equals:(Ljava/lang/Object;)Z#1319#102 prob_bp = 0.50000000000000020000
org.jfree.chart.labels.StandardCategorySeriesLabelGenerator:equals:(Ljava/lang/Object;)Z#147#16 prob_bp = 0.50000000000000020000
org.jfree.chart.renderer.AbstractRenderer:equals:(Ljava/lang/Object;)Z#2372#66 prob_bp = 0.50000000000000020000
org.jfree.chart.renderer.AbstractRenderer:equals:(Ljava/lang/Object;)Z#2375#84 prob_bp = 0.50000000000000020000
org.jfree.chart.renderer.AbstractRenderer:equals:(Ljava/lang/Object;)Z#2381#116 prob_bp = 0.50000000000000020000
org.jfree.chart.renderer.AbstractRenderer:equals:(Ljava/lang/Object;)Z#2384#127 prob_bp = 0.50000000000000020000
org.jfree.chart.renderer.AbstractRenderer:equals:(Ljava/lang/Object;)Z#2384#128 prob_bp = 0.50000000000000020000
org.jfree.chart.renderer.AbstractRenderer:equals:(Ljava/lang/Object;)Z#2391#159 prob_bp = 0.50000000000000020000
org.jfree.chart.util.StrokeList:equals:(Ljava/lang/Object;)Z#109#7 prob_bp = 0.50000000000000020000
org.jfree.chart.renderer.AbstractRenderer:equals:(Ljava/lang/Object;)Z#2401#212 prob_bp = 0.50000000000000020000
org.jfree.chart.renderer.AbstractRenderer:equals:(Ljava/lang/Object;)Z#2405#227 prob_bp = 0.50000000000000020000
org.jfree.chart.util.ShapeList:equals:(Ljava/lang/Object;)Z#112#17 prob_bp = 0.50000000000000020000
org.jfree.chart.renderer.AbstractRenderer:equals:(Ljava/lang/Object;)Z#2413#260 prob_bp = 0.50000000000000020000
org.jfree.chart.renderer.AbstractRenderer:equals:(Ljava/lang/Object;)Z#2439#364 prob_bp = 0.50000000000000020000
org.jfree.chart.renderer.AbstractRenderer:equals:(Ljava/lang/Object;)Z#2439#375 prob_bp = 0.50000000000000020000
org.jfree.chart.renderer.AbstractRenderer:equals:(Ljava/lang/Object;)Z#2443#380 prob_bp = 0.50000000000000020000
org.jfree.chart.renderer.AbstractRenderer:equals:(Ljava/lang/Object;)Z#2447#396 prob_bp = 0.50000000000000020000
org.jfree.chart.renderer.AbstractRenderer:<init>:()V#318#31 prob_bp = 0.50000000000000030000
org.jfree.chart.renderer.AbstractRenderer:<init>:()V#329#93 prob_bp = 0.50000000000000030000
org.jfree.chart.renderer.AbstractRenderer:<init>:()V#333#113 prob_bp = 0.50000000000000030000
org.jfree.chart.renderer.AbstractRenderer:<init>:()V#337#139 prob_bp = 0.50000000000000030000
org.jfree.chart.labels.ItemLabelPosition:<init>:(Lorg/jfree/chart/labels/ItemLabelAnchor;Lorg/jfree/chart/text/TextAnchor;Lorg/jfree/chart/text/TextAnchor;D)V#126#52 prob_bp = 0.50000000000000030000
org.jfree.chart.renderer.AbstractRenderer:<init>:()V#362#303 prob_bp = 0.50000000000000030000
org.jfree.chart.renderer.category.AbstractCategoryItemRenderer:<init>:()V#232#19 prob_bp = 0.50000000000000030000
org.jfree.chart.renderer.category.AbstractCategoryItemRenderer:equals:(Ljava/lang/Object;)Z#1294#7 prob_bp = 0.50000000000000030000
org.jfree.chart.renderer.category.AbstractCategoryItemRenderer:equals:(Ljava/lang/Object;)Z#1299#25 prob_bp = 0.50000000000000030000
org.jfree.chart.renderer.category.AbstractCategoryItemRenderer:equals:(Ljava/lang/Object;)Z#1299#29 prob_bp = 0.50000000000000030000
org.jfree.chart.renderer.category.AbstractCategoryItemRenderer:equals:(Ljava/lang/Object;)Z#1303#37 prob_bp = 0.50000000000000030000
org.jfree.chart.renderer.category.AbstractCategoryItemRenderer:equals:(Ljava/lang/Object;)Z#1303#48 prob_bp = 0.50000000000000030000
org.jfree.chart.labels.StandardCategorySeriesLabelGenerator:equals:(Ljava/lang/Object;)Z#141#2 prob_bp = 0.50000000000000030000
org.jfree.chart.labels.StandardCategorySeriesLabelGenerator:equals:(Ljava/lang/Object;)Z#144#8 prob_bp = 0.50000000000000030000
org.jfree.chart.renderer.category.AbstractCategoryItemRenderer:equals:(Ljava/lang/Object;)Z#1323#128 prob_bp = 0.50000000000000030000
org.jfree.chart.renderer.category.AbstractCategoryItemRenderer:equals:(Ljava/lang/Object;)Z#1335#165 prob_bp = 0.50000000000000030000
org.jfree.chart.renderer.AbstractRenderer:equals:(Ljava/lang/Object;)Z#2362#21 prob_bp = 0.50000000000000030000
org.jfree.chart.renderer.AbstractRenderer:equals:(Ljava/lang/Object;)Z#2368#50 prob_bp = 0.50000000000000030000
org.jfree.chart.renderer.AbstractRenderer:equals:(Ljava/lang/Object;)Z#2368#61 prob_bp = 0.50000000000000030000
org.jfree.chart.renderer.AbstractRenderer:equals:(Ljava/lang/Object;)Z#2372#70 prob_bp = 0.50000000000000030000
org.jfree.chart.renderer.AbstractRenderer:equals:(Ljava/lang/Object;)Z#2372#71 prob_bp = 0.50000000000000030000
org.jfree.chart.renderer.AbstractRenderer:equals:(Ljava/lang/Object;)Z#2372#74 prob_bp = 0.50000000000000030000
org.jfree.chart.renderer.AbstractRenderer:equals:(Ljava/lang/Object;)Z#2375#79 prob_bp = 0.50000000000000030000
org.jfree.chart.util.PaintList:equals:(Ljava/lang/Object;)Z#94#0 prob_bp = 0.50000000000000030000
org.jfree.chart.renderer.AbstractRenderer:equals:(Ljava/lang/Object;)Z#2378#100 prob_bp = 0.50000000000000030000
org.jfree.chart.renderer.AbstractRenderer:equals:(Ljava/lang/Object;)Z#2378#106 prob_bp = 0.50000000000000030000
org.jfree.chart.renderer.AbstractRenderer:equals:(Ljava/lang/Object;)Z#2387#147 prob_bp = 0.50000000000000030000
org.jfree.chart.renderer.AbstractRenderer:equals:(Ljava/lang/Object;)Z#2391#160 prob_bp = 0.50000000000000030000
org.jfree.chart.renderer.AbstractRenderer:equals:(Ljava/lang/Object;)Z#2391#164 prob_bp = 0.50000000000000030000
org.jfree.chart.renderer.AbstractRenderer:equals:(Ljava/lang/Object;)Z#2395#179 prob_bp = 0.50000000000000030000
org.jfree.chart.util.StrokeList:equals:(Ljava/lang/Object;)Z#105#1 prob_bp = 0.50000000000000030000
org.jfree.chart.renderer.AbstractRenderer:equals:(Ljava/lang/Object;)Z#2398#192 prob_bp = 0.50000000000000030000
org.jfree.chart.renderer.AbstractRenderer:equals:(Ljava/lang/Object;)Z#2398#195 prob_bp = 0.50000000000000030000
org.jfree.chart.renderer.AbstractRenderer:equals:(Ljava/lang/Object;)Z#2401#208 prob_bp = 0.50000000000000030000
org.jfree.chart.renderer.AbstractRenderer:equals:(Ljava/lang/Object;)Z#2410#240 prob_bp = 0.50000000000000030000
org.jfree.chart.renderer.AbstractRenderer:equals:(Ljava/lang/Object;)Z#2410#244 prob_bp = 0.50000000000000030000
org.jfree.chart.util.ShapeList:equals:(Ljava/lang/Object;)Z#104#0 prob_bp = 0.50000000000000030000
org.jfree.chart.util.ShapeList:equals:(Ljava/lang/Object;)Z#112#14 prob_bp = 0.50000000000000030000
org.jfree.chart.renderer.AbstractRenderer:equals:(Ljava/lang/Object;)Z#2413#255 prob_bp = 0.50000000000000030000
org.jfree.chart.renderer.AbstractRenderer:equals:(Ljava/lang/Object;)Z#2413#259 prob_bp = 0.50000000000000030000
org.jfree.chart.renderer.AbstractRenderer:equals:(Ljava/lang/Object;)Z#2413#266 prob_bp = 0.50000000000000030000
org.jfree.chart.renderer.AbstractRenderer:equals:(Ljava/lang/Object;)Z#2416#272 prob_bp = 0.50000000000000030000
org.jfree.chart.renderer.AbstractRenderer:equals:(Ljava/lang/Object;)Z#2420#295 prob_bp = 0.50000000000000030000
org.jfree.chart.renderer.AbstractRenderer:equals:(Ljava/lang/Object;)Z#2423#305 prob_bp = 0.50000000000000030000
org.jfree.chart.renderer.AbstractRenderer:equals:(Ljava/lang/Object;)Z#2431#333 prob_bp = 0.50000000000000030000
org.jfree.chart.renderer.AbstractRenderer:equals:(Ljava/lang/Object;)Z#2439#368 prob_bp = 0.50000000000000030000
org.jfree.chart.renderer.AbstractRenderer:equals:(Ljava/lang/Object;)Z#2443#381 prob_bp = 0.50000000000000030000
org.jfree.chart.renderer.AbstractRenderer:equals:(Ljava/lang/Object;)Z#2443#384 prob_bp = 0.50000000000000030000
org.jfree.chart.renderer.AbstractRenderer:equals:(Ljava/lang/Object;)Z#2443#385 prob_bp = 0.50000000000000030000
org.jfree.chart.labels.ItemLabelAnchor:equals:(Ljava/lang/Object;)Z#192#2 prob_bp = 0.50000000000000030000
org.jfree.chart.labels.ItemLabelPosition:equals:(Ljava/lang/Object;)Z#186#37 prob_bp = 0.50000000000000030000
org.jfree.chart.renderer.AbstractRenderer:equals:(Ljava/lang/Object;)Z#2447#397 prob_bp = 0.50000000000000030000
org.jfree.chart.renderer.AbstractRenderer:equals:(Ljava/lang/Object;)Z#2447#400 prob_bp = 0.50000000000000030000
org.jfree.chart.renderer.AbstractRenderer:equals:(Ljava/lang/Object;)Z#2447#401 prob_bp = 0.50000000000000030000
org.jfree.chart.renderer.AbstractRenderer:<init>:()V#345#186 prob_bp = 0.50000000000000040000
org.jfree.chart.renderer.category.AbstractCategoryItemRenderer:<init>:()V#233#30 prob_bp = 0.50000000000000040000
org.jfree.chart.renderer.category.AbstractCategoryItemRenderer:equals:(Ljava/lang/Object;)Z#1311#70 prob_bp = 0.50000000000000040000
org.jfree.chart.renderer.category.AbstractCategoryItemRenderer:equals:(Ljava/lang/Object;)Z#1323#121 prob_bp = 0.50000000000000040000
org.jfree.chart.renderer.AbstractRenderer:equals:(Ljava/lang/Object;)Z#2362#22 prob_bp = 0.50000000000000040000
org.jfree.chart.renderer.AbstractRenderer:equals:(Ljava/lang/Object;)Z#2365#38 prob_bp = 0.50000000000000040000
org.jfree.chart.renderer.AbstractRenderer:equals:(Ljava/lang/Object;)Z#2365#42 prob_bp = 0.50000000000000040000
org.jfree.chart.renderer.AbstractRenderer:equals:(Ljava/lang/Object;)Z#2375#83 prob_bp = 0.50000000000000040000
org.jfree.chart.renderer.AbstractRenderer:equals:(Ljava/lang/Object;)Z#2381#119 prob_bp = 0.50000000000000040000
org.jfree.chart.renderer.AbstractRenderer:equals:(Ljava/lang/Object;)Z#2384#138 prob_bp = 0.50000000000000040000
org.jfree.chart.util.StrokeList:equals:(Ljava/lang/Object;)Z#114#21 prob_bp = 0.50000000000000040000
org.jfree.chart.renderer.AbstractRenderer:equals:(Ljava/lang/Object;)Z#2398#199 prob_bp = 0.50000000000000040000
org.jfree.chart.renderer.AbstractRenderer:equals:(Ljava/lang/Object;)Z#2405#223 prob_bp = 0.50000000000000040000
org.jfree.chart.renderer.AbstractRenderer:equals:(Ljava/lang/Object;)Z#2413#256 prob_bp = 0.50000000000000040000
org.jfree.chart.renderer.AbstractRenderer:equals:(Ljava/lang/Object;)Z#2420#292 prob_bp = 0.50000000000000040000
org.jfree.chart.renderer.AbstractRenderer:equals:(Ljava/lang/Object;)Z#2427#317 prob_bp = 0.50000000000000040000
org.jfree.chart.renderer.AbstractRenderer:<init>:()V#333#116 prob_bp = 0.50000000000000060000
org.jfree.chart.renderer.AbstractRenderer:<init>:()V#345#182 prob_bp = 0.50000000000000060000
org.jfree.chart.renderer.AbstractRenderer:<init>:()V#348#198 prob_bp = 0.50000000000000060000
org.jfree.chart.renderer.AbstractRenderer:<init>:()V#358#274 prob_bp = 0.50000000000000060000
org.jfree.chart.renderer.category.AbstractCategoryItemRenderer:<init>:()V#231#8 prob_bp = 0.50000000000000060000
org.jfree.chart.renderer.category.AbstractCategoryItemRenderer:<init>:()V#232#20 prob_bp = 0.50000000000000060000
org.jfree.chart.renderer.category.AbstractCategoryItemRenderer:equals:(Ljava/lang/Object;)Z#1299#21 prob_bp = 0.50000000000000060000
org.jfree.chart.renderer.category.AbstractCategoryItemRenderer:equals:(Ljava/lang/Object;)Z#1299#22 prob_bp = 0.50000000000000060000
org.jfree.chart.renderer.category.AbstractCategoryItemRenderer:equals:(Ljava/lang/Object;)Z#1307#54 prob_bp = 0.50000000000000060000
org.jfree.chart.renderer.category.AbstractCategoryItemRenderer:equals:(Ljava/lang/Object;)Z#1311#77 prob_bp = 0.50000000000000060000
org.jfree.chart.renderer.category.AbstractCategoryItemRenderer:equals:(Ljava/lang/Object;)Z#1311#80 prob_bp = 0.50000000000000060000
org.jfree.chart.renderer.category.AbstractCategoryItemRenderer:equals:(Ljava/lang/Object;)Z#1315#86 prob_bp = 0.50000000000000060000
org.jfree.chart.renderer.category.AbstractCategoryItemRenderer:equals:(Ljava/lang/Object;)Z#1315#89 prob_bp = 0.50000000000000060000
org.jfree.chart.renderer.category.AbstractCategoryItemRenderer:equals:(Ljava/lang/Object;)Z#1323#118 prob_bp = 0.50000000000000060000
org.jfree.chart.renderer.category.AbstractCategoryItemRenderer:equals:(Ljava/lang/Object;)Z#1323#122 prob_bp = 0.50000000000000060000
org.jfree.chart.labels.StandardCategorySeriesLabelGenerator:equals:(Ljava/lang/Object;)Z#141#1 prob_bp = 0.50000000000000060000
org.jfree.chart.labels.StandardCategorySeriesLabelGenerator:equals:(Ljava/lang/Object;)Z#144#7 prob_bp = 0.50000000000000060000
org.jfree.chart.renderer.category.AbstractCategoryItemRenderer:equals:(Ljava/lang/Object;)Z#1327#133 prob_bp = 0.50000000000000060000
org.jfree.chart.renderer.category.AbstractCategoryItemRenderer:equals:(Ljava/lang/Object;)Z#1331#154 prob_bp = 0.50000000000000060000
org.jfree.chart.renderer.category.AbstractCategoryItemRenderer:equals:(Ljava/lang/Object;)Z#1335#170 prob_bp = 0.50000000000000060000
org.jfree.chart.renderer.AbstractRenderer:equals:(Ljava/lang/Object;)Z#2362#26 prob_bp = 0.50000000000000060000
org.jfree.chart.renderer.AbstractRenderer:equals:(Ljava/lang/Object;)Z#2368#54 prob_bp = 0.50000000000000060000
org.jfree.chart.util.PaintList:equals:(Ljava/lang/Object;)Z#97#7 prob_bp = 0.50000000000000060000
org.jfree.chart.renderer.AbstractRenderer:equals:(Ljava/lang/Object;)Z#2381#115 prob_bp = 0.50000000000000060000
org.jfree.chart.renderer.AbstractRenderer:equals:(Ljava/lang/Object;)Z#2384#132 prob_bp = 0.50000000000000060000
org.jfree.chart.renderer.AbstractRenderer:equals:(Ljava/lang/Object;)Z#2384#135 prob_bp = 0.50000000000000060000
org.jfree.chart.renderer.AbstractRenderer:equals:(Ljava/lang/Object;)Z#2387#148 prob_bp = 0.50000000000000060000
org.jfree.chart.renderer.AbstractRenderer:equals:(Ljava/lang/Object;)Z#2387#151 prob_bp = 0.50000000000000060000
org.jfree.chart.renderer.AbstractRenderer:equals:(Ljava/lang/Object;)Z#2391#170 prob_bp = 0.50000000000000060000
org.jfree.chart.renderer.AbstractRenderer:equals:(Ljava/lang/Object;)Z#2395#183 prob_bp = 0.50000000000000060000
org.jfree.chart.util.ShapeList:equals:(Ljava/lang/Object;)Z#108#6 prob_bp = 0.50000000000000060000
org.jfree.chart.util.ShapeList:equals:(Ljava/lang/Object;)Z#112#13 prob_bp = 0.50000000000000060000
org.jfree.chart.renderer.AbstractRenderer:equals:(Ljava/lang/Object;)Z#2423#301 prob_bp = 0.50000000000000060000
org.jfree.chart.renderer.AbstractRenderer:equals:(Ljava/lang/Object;)Z#2423#308 prob_bp = 0.50000000000000060000
org.jfree.chart.renderer.AbstractRenderer:equals:(Ljava/lang/Object;)Z#2427#327 prob_bp = 0.50000000000000060000
org.jfree.chart.renderer.AbstractRenderer:equals:(Ljava/lang/Object;)Z#2439#365 prob_bp = 0.50000000000000060000
org.jfree.chart.labels.ItemLabelAnchor:equals:(Ljava/lang/Object;)Z#192#0 prob_bp = 0.50000000000000060000
org.jfree.chart.renderer.category.AbstractCategoryItemRenderer:<init>:()V#234#41 prob_bp = 0.50000000000000070000
org.jfree.chart.renderer.category.AbstractCategoryItemRenderer:equals:(Ljava/lang/Object;)Z#1323#117 prob_bp = 0.50000000000000070000
org.jfree.chart.renderer.category.AbstractCategoryItemRenderer:equals:(Ljava/lang/Object;)Z#1327#138 prob_bp = 0.50000000000000070000
org.jfree.chart.renderer.category.AbstractCategoryItemRenderer:equals:(Ljava/lang/Object;)Z#1331#153 prob_bp = 0.50000000000000070000
org.jfree.chart.util.BooleanList:equals:(Ljava/lang/Object;)Z#95#0 prob_bp = 0.50000000000000070000
org.jfree.chart.renderer.AbstractRenderer:equals:(Ljava/lang/Object;)Z#2395#180 prob_bp = 0.50000000000000070000
org.jfree.chart.util.ShapeList:equals:(Ljava/lang/Object;)Z#108#8 prob_bp = 0.50000000000000070000
org.jfree.chart.renderer.AbstractRenderer:equals:(Ljava/lang/Object;)Z#2416#271 prob_bp = 0.50000000000000070000
org.jfree.chart.labels.ItemLabelPosition:equals:(Ljava/lang/Object;)Z#186#41 prob_bp = 0.50000000000000070000
org.jfree.chart.renderer.AbstractRenderer:<init>:()V#315#15 prob_bp = 0.50000000000000080000
org.jfree.chart.renderer.AbstractRenderer:<init>:()V#325#70 prob_bp = 0.50000000000000080000
org.jfree.chart.renderer.AbstractRenderer:<init>:()V#337#136 prob_bp = 0.50000000000000080000
org.jfree.chart.renderer.AbstractRenderer:<init>:()V#341#159 prob_bp = 0.50000000000000080000
org.jfree.chart.renderer.AbstractRenderer:<init>:()V#359#282 prob_bp = 0.50000000000000080000
org.jfree.chart.renderer.category.AbstractCategoryItemRenderer:equals:(Ljava/lang/Object;)Z#1291#0 prob_bp = 0.50000000000000080000
org.jfree.chart.renderer.category.AbstractCategoryItemRenderer:equals:(Ljava/lang/Object;)Z#1291#2 prob_bp = 0.50000000000000080000
org.jfree.chart.renderer.category.AbstractCategoryItemRenderer:equals:(Ljava/lang/Object;)Z#1311#69 prob_bp = 0.50000000000000080000
org.jfree.chart.renderer.category.AbstractCategoryItemRenderer:equals:(Ljava/lang/Object;)Z#1311#73 prob_bp = 0.50000000000000080000
org.jfree.chart.renderer.category.AbstractCategoryItemRenderer:equals:(Ljava/lang/Object;)Z#1319#101 prob_bp = 0.50000000000000080000
org.jfree.chart.renderer.category.AbstractCategoryItemRenderer:equals:(Ljava/lang/Object;)Z#1319#109 prob_bp = 0.50000000000000080000
org.jfree.chart.labels.StandardCategorySeriesLabelGenerator:equals:(Ljava/lang/Object;)Z#141#0 prob_bp = 0.50000000000000080000
org.jfree.chart.labels.StandardCategorySeriesLabelGenerator:equals:(Ljava/lang/Object;)Z#152#37 prob_bp = 0.50000000000000080000
org.jfree.chart.renderer.AbstractRenderer:equals:(Ljava/lang/Object;)Z#2375#80 prob_bp = 0.50000000000000080000
org.jfree.chart.renderer.AbstractRenderer:equals:(Ljava/lang/Object;)Z#2395#176 prob_bp = 0.50000000000000080000
org.jfree.chart.util.StrokeList:equals:(Ljava/lang/Object;)Z#109#6 prob_bp = 0.50000000000000080000
org.jfree.chart.util.StrokeList:equals:(Ljava/lang/Object;)Z#113#13 prob_bp = 0.50000000000000080000
org.jfree.chart.renderer.AbstractRenderer:equals:(Ljava/lang/Object;)Z#2398#196 prob_bp = 0.50000000000000080000
org.jfree.chart.renderer.AbstractRenderer:equals:(Ljava/lang/Object;)Z#2401#215 prob_bp = 0.50000000000000080000
org.jfree.chart.renderer.AbstractRenderer:equals:(Ljava/lang/Object;)Z#2405#228 prob_bp = 0.50000000000000080000
org.jfree.chart.renderer.AbstractRenderer:equals:(Ljava/lang/Object;)Z#2410#247 prob_bp = 0.50000000000000080000
org.jfree.chart.renderer.AbstractRenderer:equals:(Ljava/lang/Object;)Z#2413#263 prob_bp = 0.50000000000000080000
org.jfree.chart.renderer.AbstractRenderer:equals:(Ljava/lang/Object;)Z#2420#288 prob_bp = 0.50000000000000080000
org.jfree.chart.renderer.AbstractRenderer:equals:(Ljava/lang/Object;)Z#2431#336 prob_bp = 0.50000000000000080000
org.jfree.chart.labels.ItemLabelPosition:equals:(Ljava/lang/Object;)Z#176#2 prob_bp = 0.50000000000000080000
org.jfree.chart.renderer.AbstractRenderer:<init>:()V#321#47 prob_bp = 0.50000000000000090000
org.jfree.chart.renderer.AbstractRenderer:<init>:()V#355#257 prob_bp = 0.50000000000000090000
org.jfree.chart.renderer.category.AbstractCategoryItemRenderer:equals:(Ljava/lang/Object;)Z#1315#93 prob_bp = 0.50000000000000090000
org.jfree.chart.labels.StandardCategorySeriesLabelGenerator:equals:(Ljava/lang/Object;)Z#144#11 prob_bp = 0.50000000000000090000
org.jfree.chart.labels.StandardCategorySeriesLabelGenerator:equals:(Ljava/lang/Object;)Z#149#32 prob_bp = 0.50000000000000090000
org.jfree.chart.renderer.AbstractRenderer:equals:(Ljava/lang/Object;)Z#2365#45 prob_bp = 0.50000000000000090000
org.jfree.chart.util.PaintList:equals:(Ljava/lang/Object;)Z#97#6 prob_bp = 0.50000000000000090000
org.jfree.chart.renderer.AbstractRenderer:equals:(Ljava/lang/Object;)Z#2387#144 prob_bp = 0.50000000000000090000
org.jfree.chart.renderer.AbstractRenderer:equals:(Ljava/lang/Object;)Z#2416#279 prob_bp = 0.50000000000000090000
org.jfree.chart.renderer.AbstractRenderer:equals:(Ljava/lang/Object;)Z#2431#332 prob_bp = 0.50000000000000090000
org.jfree.chart.renderer.AbstractRenderer:equals:(Ljava/lang/Object;)Z#2431#337 prob_bp = 0.50000000000000090000
org.jfree.chart.labels.ItemLabelPosition:equals:(Ljava/lang/Object;)Z#186#42 prob_bp = 0.50000000000000090000
org.jfree.chart.util.StrokeList:<init>:()V#60#1 prob_bp = 0.50000000000000100000
org.jfree.chart.renderer.AbstractRenderer:<init>:()V#351#228 prob_bp = 0.50000000000000100000
org.jfree.chart.renderer.AbstractRenderer:<init>:()V#354#243 prob_bp = 0.50000000000000100000
org.jfree.chart.renderer.AbstractRenderer:<init>:()V#359#285 prob_bp = 0.50000000000000100000
org.jfree.chart.renderer.category.AbstractCategoryItemRenderer:<init>:()V#231#5 prob_bp = 0.50000000000000100000
org.jfree.chart.util.AbstractObjectList:equals:(Ljava/lang/Object;)Z#178#1 prob_bp = 0.50000000000000100000
org.jfree.chart.renderer.category.AbstractCategoryItemRenderer:equals:(Ljava/lang/Object;)Z#1307#53 prob_bp = 0.50000000000000100000
org.jfree.chart.renderer.category.AbstractCategoryItemRenderer:equals:(Ljava/lang/Object;)Z#1319#105 prob_bp = 0.50000000000000100000
org.jfree.chart.renderer.category.AbstractCategoryItemRenderer:equals:(Ljava/lang/Object;)Z#1319#112 prob_bp = 0.50000000000000100000
org.jfree.chart.labels.StandardCategorySeriesLabelGenerator:equals:(Ljava/lang/Object;)Z#149#29 prob_bp = 0.50000000000000100000
org.jfree.chart.renderer.category.AbstractCategoryItemRenderer:equals:(Ljava/lang/Object;)Z#1331#149 prob_bp = 0.50000000000000100000
org.jfree.chart.renderer.category.AbstractCategoryItemRenderer:equals:(Ljava/lang/Object;)Z#1331#150 prob_bp = 0.50000000000000100000
org.jfree.chart.renderer.AbstractRenderer:equals:(Ljava/lang/Object;)Z#2368#58 prob_bp = 0.50000000000000100000
org.jfree.chart.util.PaintList:equals:(Ljava/lang/Object;)Z#94#1 prob_bp = 0.50000000000000100000
org.jfree.chart.renderer.AbstractRenderer:equals:(Ljava/lang/Object;)Z#2378#103 prob_bp = 0.50000000000000100000
org.jfree.chart.renderer.AbstractRenderer:equals:(Ljava/lang/Object;)Z#2401#207 prob_bp = 0.50000000000000100000
org.jfree.chart.renderer.AbstractRenderer:equals:(Ljava/lang/Object;)Z#2405#224 prob_bp = 0.50000000000000100000
org.jfree.chart.renderer.AbstractRenderer:equals:(Ljava/lang/Object;)Z#2410#239 prob_bp = 0.50000000000000100000
org.jfree.chart.renderer.AbstractRenderer:equals:(Ljava/lang/Object;)Z#2427#321 prob_bp = 0.50000000000000100000
org.jfree.chart.renderer.AbstractRenderer:equals:(Ljava/lang/Object;)Z#2439#372 prob_bp = 0.50000000000000100000
org.jfree.chart.renderer.AbstractRenderer:equals:(Ljava/lang/Object;)Z#2368#51 prob_bp = 0.50000000000000110000
org.jfree.chart.renderer.AbstractRenderer:equals:(Ljava/lang/Object;)Z#2372#67 prob_bp = 0.50000000000000110000
org.jfree.chart.renderer.AbstractRenderer:equals:(Ljava/lang/Object;)Z#2405#231 prob_bp = 0.50000000000000110000
org.jfree.chart.renderer.AbstractRenderer:equals:(Ljava/lang/Object;)Z#2427#324 prob_bp = 0.50000000000000110000
org.jfree.chart.renderer.AbstractRenderer:<init>:()V#315#16 prob_bp = 0.50000000000000120000
org.jfree.chart.renderer.AbstractRenderer:<init>:()V#358#271 prob_bp = 0.50000000000000120000
org.jfree.chart.renderer.category.AbstractCategoryItemRenderer:equals:(Ljava/lang/Object;)Z#1303#38 prob_bp = 0.50000000000000120000
org.jfree.chart.renderer.category.AbstractCategoryItemRenderer:equals:(Ljava/lang/Object;)Z#1327#137 prob_bp = 0.50000000000000120000
org.jfree.chart.renderer.AbstractRenderer:equals:(Ljava/lang/Object;)Z#2362#25 prob_bp = 0.50000000000000120000
org.jfree.chart.util.BooleanList:equals:(Ljava/lang/Object;)Z#96#7 prob_bp = 0.50000000000000120000
org.jfree.chart.renderer.AbstractRenderer:equals:(Ljava/lang/Object;)Z#2375#87 prob_bp = 0.50000000000000120000
org.jfree.chart.renderer.AbstractRenderer:equals:(Ljava/lang/Object;)Z#2378#95 prob_bp = 0.50000000000000120000
org.jfree.chart.util.StrokeList:equals:(Ljava/lang/Object;)Z#113#14 prob_bp = 0.50000000000000120000
org.jfree.chart.labels.ItemLabelPosition:equals:(Ljava/lang/Object;)Z#183#22 prob_bp = 0.50000000000000120000
org.jfree.chart.renderer.AbstractRenderer:equals:(Ljava/lang/Object;)Z#2378#99 prob_bp = 0.50000000000000130000
org.jfree.chart.renderer.AbstractRenderer:<init>:()V#318#28 prob_bp = 0.50000000000000140000
org.jfree.chart.util.PaintList:<init>:()V#61#0 prob_bp = 0.50000000000000140000
org.jfree.chart.renderer.AbstractRenderer:<init>:()V#351#229 prob_bp = 0.50000000000000140000
org.jfree.chart.renderer.category.AbstractCategoryItemRenderer:equals:(Ljava/lang/Object;)Z#1307#61 prob_bp = 0.50000000000000140000
org.jfree.chart.renderer.category.AbstractCategoryItemRenderer:equals:(Ljava/lang/Object;)Z#1323#125 prob_bp = 0.50000000000000140000
org.jfree.chart.renderer.category.AbstractCategoryItemRenderer:equals:(Ljava/lang/Object;)Z#1335#166 prob_bp = 0.50000000000000140000
org.jfree.chart.util.BooleanList:equals:(Ljava/lang/Object;)Z#95#1 prob_bp = 0.50000000000000140000
org.jfree.chart.renderer.AbstractRenderer:equals:(Ljava/lang/Object;)Z#2381#112 prob_bp = 0.50000000000000140000
org.jfree.chart.renderer.category.AbstractCategoryItemRenderer:<init>:()V#233#27 prob_bp = 0.50000000000000160000
org.jfree.chart.renderer.AbstractRenderer:<init>:()V#348#201 prob_bp = 0.50000000000000170000
org.jfree.chart.renderer.category.AbstractCategoryItemRenderer:<init>:()V#232#16 prob_bp = 0.50000000000000170000
org.jfree.chart.renderer.category.AbstractCategoryItemRenderer:equals:(Ljava/lang/Object;)Z#1303#42 prob_bp = 0.50000000000000170000
org.jfree.chart.renderer.AbstractRenderer:equals:(Ljava/lang/Object;)Z#2362#29 prob_bp = 0.50000000000000170000
org.jfree.chart.renderer.AbstractRenderer:equals:(Ljava/lang/Object;)Z#2447#404 prob_bp = 0.50000000000000170000
org.jfree.chart.util.PaintList:<init>:()V#61#1 prob_bp = 0.50000000000000180000
org.jfree.chart.labels.StandardCategorySeriesLabelGenerator:equals:(Ljava/lang/Object;)Z#149#22 prob_bp = 0.50000000000000180000
org.jfree.chart.renderer.AbstractRenderer:<init>:()V#362#299 prob_bp = 0.50000000000000190000
org.jfree.chart.util.PaintList:equals:(Ljava/lang/Object;)Z#102#25 prob_bp = 0.50000000000000190000
org.jfree.chart.util.StrokeList:equals:(Ljava/lang/Object;)Z#114#20 prob_bp = 0.50000000000000190000
org.jfree.chart.util.StrokeList:equals:(Ljava/lang/Object;)Z#114#22 prob_bp = 0.50000000000000190000
org.jfree.chart.renderer.AbstractRenderer:equals:(Ljava/lang/Object;)Z#2395#186 prob_bp = 0.50000000000000190000
org.jfree.chart.util.BooleanList:<init>:()V#62#1 prob_bp = 0.50000000000000210000
org.jfree.chart.labels.ItemLabelPosition:<init>:(Lorg/jfree/chart/labels/ItemLabelAnchor;Lorg/jfree/chart/text/TextAnchor;Lorg/jfree/chart/text/TextAnchor;D)V#125#46 prob_bp = 0.50000000000000210000
org.jfree.chart.labels.ItemLabelPosition:<init>:(Lorg/jfree/chart/labels/ItemLabelAnchor;Lorg/jfree/chart/text/TextAnchor;Lorg/jfree/chart/text/TextAnchor;D)V#126#51 prob_bp = 0.50000000000000210000
org.jfree.chart.renderer.category.AbstractCategoryItemRenderer:<init>:()V#234#38 prob_bp = 0.50000000000000210000
org.jfree.chart.renderer.category.AbstractCategoryItemRenderer:equals:(Ljava/lang/Object;)Z#1297#17 prob_bp = 0.50000000000000220000
org.jfree.chart.renderer.AbstractRenderer:<init>:()V#355#254 prob_bp = 0.50000000000000260000
org.jfree.chart.renderer.AbstractRenderer:<init>:()V#318#32 prob_bp = 0.50000000000000270000
org.jfree.chart.renderer.category.AbstractCategoryItemRenderer:equals:(Ljava/lang/Object;)Z#1331#157 prob_bp = 0.50000000000000280000
org.jfree.chart.labels.ItemLabelPosition:equals:(Ljava/lang/Object;)Z#186#38 prob_bp = 0.50000000000000280000
org.jfree.chart.renderer.AbstractRenderer:equals:(Ljava/lang/Object;)Z#2387#154 prob_bp = 0.50000000000000290000
org.jfree.chart.renderer.category.AbstractCategoryItemRenderer:equals:(Ljava/lang/Object;)Z#1297#16 prob_bp = 0.50000000000000300000
org.jfree.chart.labels.ItemLabelPosition:equals:(Ljava/lang/Object;)Z#176#0 prob_bp = 0.50000000000000300000
org.jfree.chart.util.AbstractObjectList:equals:(Ljava/lang/Object;)Z#182#7 prob_bp = 0.50000000000000310000
org.jfree.chart.util.ObjectList:<init>:()V#60#1 prob_bp = 0.50000000000000320000
org.jfree.chart.labels.StandardCategorySeriesLabelGenerator:equals:(Ljava/lang/Object;)Z#152#38 prob_bp = 0.50000000000000320000
org.jfree.chart.renderer.AbstractRenderer:<init>:()V#321#48 prob_bp = 0.50000000000000340000
org.jfree.chart.renderer.category.AbstractCategoryItemRenderer:equals:(Ljava/lang/Object;)Z#1297#20 prob_bp = 0.50000000000000390000
org.jfree.chart.renderer.AbstractRenderer:<init>:()V#345#185 prob_bp = 0.50000000000000410000
org.jfree.chart.util.AbstractObjectList:equals:(Ljava/lang/Object;)Z#178#0 prob_bp = 0.50000000000000410000
org.jfree.chart.util.AbstractObjectList:equals:(Ljava/lang/Object;)Z#182#6 prob_bp = 0.50000000000000410000
org.jfree.chart.util.PaintList:equals:(Ljava/lang/Object;)Z#102#26 prob_bp = 0.50000000000000420000
org.jfree.chart.renderer.AbstractRenderer:<init>:()V#333#117 prob_bp = 0.50000000000000430000
org.jfree.chart.renderer.AbstractRenderer:<init>:()V#354#246 prob_bp = 0.50000000000000430000
org.jfree.chart.renderer.AbstractRenderer:equals:(Ljava/lang/Object;)Z#2381#122 prob_bp = 0.50000000000000460000
org.jfree.chart.renderer.AbstractRenderer:<init>:()V#325#67 prob_bp = 0.50000000000000480000
org.jfree.chart.util.AbstractObjectList:<init>:(I)V#86#0 prob_bp = 0.50000000000000500000
org.jfree.chart.renderer.AbstractRenderer:<init>:()V#329#90 prob_bp = 0.50000000000000520000
org.jfree.chart.renderer.AbstractRenderer:<init>:()V#351#225 prob_bp = 0.50000000000000530000
org.jfree.chart.renderer.AbstractRenderer:<init>:()V#321#44 prob_bp = 0.50000000000000570000
org.jfree.chart.renderer.AbstractRenderer:<init>:()V#315#12 prob_bp = 0.50000000000000590000
org.jfree.chart.util.AbstractObjectList:equals:(Ljava/lang/Object;)Z#191#27 prob_bp = 0.50000000000000590000
org.jfree.chart.renderer.AbstractRenderer:equals:(Ljava/lang/Object;)Z#2451#412 prob_bp = 0.50000000000000630000
org.jfree.chart.util.AbstractObjectList:equals:(Ljava/lang/Object;)Z#191#28 prob_bp = 0.50000000000000660000
org.jfree.chart.renderer.category.AbstractCategoryItemRenderer:equals:(Ljava/lang/Object;)Z#1331#160 prob_bp = 0.50000000000000770000
org.jfree.chart.renderer.AbstractRenderer:equals:(Ljava/lang/Object;)Z#2431#340 prob_bp = 0.50000000000000770000
org.jfree.chart.util.AbstractObjectList:equals:(Ljava/lang/Object;)Z#182#8 prob_bp = 0.50000000000000940000
org.jfree.chart.labels.ItemLabelAnchor:equals:(Ljava/lang/Object;)Z#193#6 prob_bp = 0.50000000000001020000
org.jfree.chart.labels.ItemLabelAnchor:equals:(Ljava/lang/Object;)Z#193#5 prob_bp = 0.50000000000001030000
org.jfree.chart.util.AbstractObjectList:<init>:()V#77#0 prob_bp = 0.50000000000001200000
org.jfree.chart.renderer.AbstractRenderer:equals:(Ljava/lang/Object;)Z#2451#413 prob_bp = 0.50000000000001210000
org.jfree.chart.util.AbstractObjectList:<init>:(I)V#86#3 prob_bp = 0.50000000000001230000
org.jfree.chart.labels.ItemLabelPosition:equals:(Ljava/lang/Object;)Z#183#32 prob_bp = 0.50000000000001450000
org.jfree.chart.renderer.AbstractRenderer:equals:(Ljava/lang/Object;)Z#2391#167 prob_bp = 0.50000000000001850000
org.jfree.chart.util.BooleanList:equals:(Ljava/lang/Object;)Z#96#8 prob_bp = 0.50000000000001950000
org.jfree.chart.util.AbstractObjectList:<init>:(II)V#68#4 prob_bp = 0.50000000000002020000
org.jfree.chart.util.AbstractObjectList:<init>:(II)V#68#5 prob_bp = 0.50000000000002540000
org.jfree.chart.util.AbstractObjectList:<init>:(II)V#68#6 prob_bp = 0.50000000000003120000
org.jfree.chart.renderer.AbstractRenderer:equals:(Ljava/lang/Object;)Z#2355#1 prob_bp = 0.50000000000003720000
org.jfree.chart.renderer.AbstractRenderer:equals:(Ljava/lang/Object;)Z#2355#0 prob_bp = 0.50000000000003760000
org.jfree.chart.labels.ItemLabelPosition:equals:(Ljava/lang/Object;)Z#186#45 prob_bp = 0.50000000000004070000
org.jfree.chart.renderer.AbstractRenderer:equals:(Ljava/lang/Object;)Z#2451#416 prob_bp = 0.50000000000005030000
org.jfree.chart.util.AbstractObjectList:<init>:()V#77#3 prob_bp = 0.50000000000006630000
org.jfree.chart.util.BooleanList:equals:(Ljava/lang/Object;)Z#96#9 prob_bp = 0.50000000000007670000
org.jfree.chart.renderer.AbstractRenderer:equals:(Ljava/lang/Object;)Z#2355#2 prob_bp = 0.50000000000008370000
org.jfree.chart.renderer.category.AbstractCategoryItemRenderer:equals:(Ljava/lang/Object;)Z#1335#173 prob_bp = 0.50000000000010230000
org.jfree.chart.labels.ItemLabelPosition:<init>:(Lorg/jfree/chart/labels/ItemLabelAnchor;Lorg/jfree/chart/text/TextAnchor;Lorg/jfree/chart/text/TextAnchor;D)V#127#56 prob_bp = 0.50000000000010960000
org.jfree.chart.labels.ItemLabelPosition:equals:(Ljava/lang/Object;)Z#179#7 prob_bp = 0.50000000000013440000
org.jfree.chart.labels.ItemLabelPosition:<init>:(Lorg/jfree/chart/labels/ItemLabelAnchor;Lorg/jfree/chart/text/TextAnchor;Lorg/jfree/chart/text/TextAnchor;D)V#127#57 prob_bp = 0.50000000000016330000
org.jfree.chart.renderer.AbstractRenderer:equals:(Ljava/lang/Object;)Z#2451#417 prob_bp = 0.50000000000019760000
org.jfree.chart.renderer.AbstractRenderer:equals:(Ljava/lang/Object;)Z#2447#407 prob_bp = 0.50000000000023350000
org.jfree.chart.util.AbstractObjectList:equals:(Ljava/lang/Object;)Z#186#13 prob_bp = 0.50000000000029890000
org.jfree.chart.labels.ItemLabelPosition:<init>:(Lorg/jfree/chart/labels/ItemLabelAnchor;Lorg/jfree/chart/text/TextAnchor;Lorg/jfree/chart/text/TextAnchor;D)V#127#58 prob_bp = 0.50000000000031360000
org.jfree.chart.renderer.category.AbstractCategoryItemRenderer:equals:(Ljava/lang/Object;)Z#1339#181 prob_bp = 0.50000000000049030000
org.jfree.chart.labels.ItemLabelPosition:equals:(Ljava/lang/Object;)Z#179#8 prob_bp = 0.50000000000054790000
org.jfree.chart.util.PaintList:equals:(Ljava/lang/Object;)Z#100#13 prob_bp = 0.50000000000055990000
org.jfree.chart.renderer.category.AbstractCategoryItemRenderer:equals:(Ljava/lang/Object;)Z#1339#185 prob_bp = 0.50000000000058650000
org.jfree.chart.renderer.category.AbstractCategoryItemRenderer:equals:(Ljava/lang/Object;)Z#1339#186 prob_bp = 0.50000000000062040000
org.jfree.chart.renderer.AbstractRenderer:equals:(Ljava/lang/Object;)Z#2455#428 prob_bp = 0.50000000000102240000
org.jfree.chart.util.AbstractObjectList:equals:(Ljava/lang/Object;)Z#186#14 prob_bp = 0.50000000000118540000
org.jfree.chart.renderer.AbstractRenderer:equals:(Ljava/lang/Object;)Z#2451#420 prob_bp = 0.50000000000139560000
org.jfree.chart.util.ObjectUtilities:equal:(Ljava/lang/Object;Ljava/lang/Object;)Z#131#12 prob_bp = 0.50000000000164970000
org.jfree.chart.renderer.category.AbstractCategoryItemRenderer:equals:(Ljava/lang/Object;)Z#1339#182 prob_bp = 0.50000000000200580000
org.jfree.chart.labels.ItemLabelPosition:equals:(Ljava/lang/Object;)Z#179#11 prob_bp = 0.50000000000221260000
org.jfree.chart.util.PaintList:equals:(Ljava/lang/Object;)Z#100#14 prob_bp = 0.50000000000226900000
org.jfree.chart.renderer.AbstractRenderer:equals:(Ljava/lang/Object;)Z#2455#429 prob_bp = 0.50000000000278460000
org.jfree.chart.renderer.AbstractRenderer:equals:(Ljava/lang/Object;)Z#2455#432 prob_bp = 0.50000000000474250000
org.jfree.chart.util.AbstractObjectList:equals:(Ljava/lang/Object;)Z#186#17 prob_bp = 0.50000000000478030000
org.jfree.chart.labels.ItemLabelPosition:equals:(Ljava/lang/Object;)Z#189#53 prob_bp = 0.50000000000501720000
org.jfree.chart.labels.ItemLabelPosition:equals:(Ljava/lang/Object;)Z#189#57 prob_bp = 0.50000000000502960000
org.jfree.chart.util.PaintList:equals:(Ljava/lang/Object;)Z#100#17 prob_bp = 0.50000000000915770000
org.jfree.chart.renderer.category.AbstractCategoryItemRenderer:equals:(Ljava/lang/Object;)Z#1335#176 prob_bp = 0.50000000001065210000
org.jfree.chart.renderer.AbstractRenderer:equals:(Ljava/lang/Object;)Z#2455#433 prob_bp = 0.50000000001803780000
org.jfree.chart.labels.ItemLabelPosition:<init>:(Lorg/jfree/chart/labels/ItemLabelAnchor;Lorg/jfree/chart/text/TextAnchor;)V#92#0 prob_bp = 0.50000000001852040000
org.jfree.chart.labels.ItemLabelPosition:equals:(Ljava/lang/Object;)Z#189#54 prob_bp = 0.50000000002001370000
org.jfree.chart.labels.ItemLabelPosition:equals:(Ljava/lang/Object;)Z#189#58 prob_bp = 0.50000000002002810000
org.jfree.chart.labels.ItemLabelPosition:equals:(Ljava/lang/Object;)Z#182#16 prob_bp = 0.50000000002576110000
org.jfree.chart.util.AbstractObjectList:equals:(Ljava/lang/Object;)Z#191#31 prob_bp = 0.50000000002769530000
org.jfree.chart.labels.ItemLabelPosition:<init>:(Lorg/jfree/chart/labels/ItemLabelAnchor;Lorg/jfree/chart/text/TextAnchor;Lorg/jfree/chart/text/TextAnchor;D)V#128#61 prob_bp = 0.50000000004539290000
org.jfree.chart.util.PaintList:equals:(Ljava/lang/Object;)Z#102#29 prob_bp = 0.50000000005249450000
org.jfree.chart.labels.ItemLabelPosition:<init>:(Lorg/jfree/chart/labels/ItemLabelAnchor;Lorg/jfree/chart/text/TextAnchor;)V#92#6 prob_bp = 0.50000000007113650000
org.jfree.chart.labels.ItemLabelPosition:<init>:(Lorg/jfree/chart/labels/ItemLabelAnchor;Lorg/jfree/chart/text/TextAnchor;Lorg/jfree/chart/text/TextAnchor;D)V#128#62 prob_bp = 0.50000000008557490000
org.jfree.chart.renderer.AbstractRenderer:equals:(Ljava/lang/Object;)Z#2358#7 prob_bp = 0.50000000008868530000
org.jfree.chart.util.ObjectUtilities:equal:(Ljava/lang/Object;Ljava/lang/Object;)Z#131#11 prob_bp = 0.50000000010020350000
org.jfree.chart.labels.ItemLabelPosition:equals:(Ljava/lang/Object;)Z#182#17 prob_bp = 0.50000000010391910000
org.jfree.chart.util.AbstractObjectList:equals:(Ljava/lang/Object;)Z#192#37 prob_bp = 0.50000000011697210000
org.jfree.chart.labels.ItemLabelPosition:<init>:(Lorg/jfree/chart/labels/ItemLabelAnchor;Lorg/jfree/chart/text/TextAnchor;Lorg/jfree/chart/text/TextAnchor;D)V#128#64 prob_bp = 0.50000000013207600000
org.jfree.chart.util.PaintList:equals:(Ljava/lang/Object;)Z#103#35 prob_bp = 0.50000000022164840000
org.jfree.chart.renderer.AbstractRenderer:equals:(Ljava/lang/Object;)Z#2358#8 prob_bp = 0.50000000023413860000
org.jfree.chart.util.AbstractObjectList:equals:(Ljava/lang/Object;)Z#192#32 prob_bp = 0.50000000026169120000
org.jfree.chart.util.AbstractObjectList:equals:(Ljava/lang/Object;)Z#192#33 prob_bp = 0.50000000027222010000
org.jfree.chart.util.AbstractObjectList:equals:(Ljava/lang/Object;)Z#192#35 prob_bp = 0.50000000030535920000
org.jfree.chart.labels.ItemLabelAnchor:<clinit>:()V#158#297 prob_bp = 0.50000000032486620000
org.jfree.chart.renderer.AbstractRenderer:<init>:()V#355#258 prob_bp = 0.50000000033142990000
org.jfree.chart.labels.ItemLabelAnchor:<clinit>:()V#134#225 prob_bp = 0.50000000035724880000
org.jfree.chart.renderer.AbstractRenderer:<init>:()V#359#286 prob_bp = 0.50000000036446610000
org.jfree.chart.labels.ItemLabelPosition:equals:(Ljava/lang/Object;)Z#182#20 prob_bp = 0.50000000041866060000
org.jfree.chart.util.ObjectUtilities:equal:(Ljava/lang/Object;Ljava/lang/Object;)Z#131#13 prob_bp = 0.50000000042166690000
org.jfree.chart.util.AbstractObjectList:equals:(Ljava/lang/Object;)Z#192#38 prob_bp = 0.50000000047583100000
org.jfree.chart.util.PaintList:equals:(Ljava/lang/Object;)Z#103#30 prob_bp = 0.50000000048658680000
org.jfree.chart.renderer.AbstractRenderer:equals:(Ljava/lang/Object;)Z#2455#436 prob_bp = 0.50000000049506040000
org.jfree.chart.util.PaintList:equals:(Ljava/lang/Object;)Z#103#31 prob_bp = 0.50000000050617980000
org.jfree.chart.util.ObjectUtilities:equal:(Ljava/lang/Object;Ljava/lang/Object;)Z#130#7 prob_bp = 0.50000000056382510000
org.jfree.chart.renderer.category.AbstractCategoryItemRenderer:equals:(Ljava/lang/Object;)Z#1339#189 prob_bp = 0.50000000056678500000
org.jfree.chart.util.PaintList:equals:(Ljava/lang/Object;)Z#103#33 prob_bp = 0.50000000058508810000
org.jfree.chart.util.ObjectUtilities:equal:(Ljava/lang/Object;Ljava/lang/Object;)Z#130#8 prob_bp = 0.50000000061495690000
org.jfree.chart.renderer.AbstractRenderer:equals:(Ljava/lang/Object;)Z#2358#11 prob_bp = 0.50000000082178500000
org.jfree.chart.util.PaintList:equals:(Ljava/lang/Object;)Z#103#36 prob_bp = 0.50000000090284860000
org.jfree.chart.labels.ItemLabelPosition:<init>:(Lorg/jfree/chart/labels/ItemLabelAnchor;Lorg/jfree/chart/text/TextAnchor;)V#92#1 prob_bp = 0.50000000103480240000
org.jfree.chart.labels.ItemLabelPosition:equals:(Ljava/lang/Object;)Z#192#69 prob_bp = 0.50000000167722360000
org.jfree.chart.labels.ItemLabelPosition:equals:(Ljava/lang/Object;)Z#192#73 prob_bp = 0.50000000168110780000
org.jfree.chart.labels.ItemLabelPosition:equals:(Ljava/lang/Object;)Z#186#48 prob_bp = 0.50000000350009030000
org.jfree.chart.labels.ItemLabelPosition:<init>:(Lorg/jfree/chart/labels/ItemLabelAnchor;Lorg/jfree/chart/text/TextAnchor;Lorg/jfree/chart/text/TextAnchor;D)V#113#4 prob_bp = 0.50000000353556150000
org.jfree.chart.labels.ItemLabelPosition:equals:(Ljava/lang/Object;)Z#192#70 prob_bp = 0.50000000619773250000
org.jfree.chart.labels.ItemLabelPosition:equals:(Ljava/lang/Object;)Z#192#74 prob_bp = 0.50000000620188770000
org.jfree.chart.renderer.category.AbstractCategoryItemRenderer:equals:(Ljava/lang/Object;)Z#1339#192 prob_bp = 0.50000000676925520000
org.jfree.chart.renderer.category.AbstractCategoryItemRenderer:equals:(Ljava/lang/Object;)Z#1343#198 prob_bp = 0.50000000816383250000
org.jfree.chart.text.TextAnchor:<clinit>:()V#111#165 prob_bp = 0.50000000976216850000
org.jfree.chart.renderer.AbstractRenderer:<init>:()V#355#261 prob_bp = 0.50000000995938430000
org.jfree.chart.renderer.AbstractRenderer:<init>:()V#355#264 prob_bp = 0.50000001070410020000
org.jfree.chart.labels.ItemLabelPosition:<init>:(Lorg/jfree/chart/labels/ItemLabelAnchor;Lorg/jfree/chart/text/TextAnchor;Lorg/jfree/chart/text/TextAnchor;D)V#113#5 prob_bp = 0.50000001123265350000
org.jfree.chart.labels.ItemLabelPosition:equals:(Ljava/lang/Object;)Z#189#61 prob_bp = 0.50000001184495670000
org.jfree.chart.renderer.AbstractRenderer:equals:(Ljava/lang/Object;)Z#2361#16 prob_bp = 0.50000001757973200000
org.jfree.chart.renderer.AbstractRenderer:equals:(Ljava/lang/Object;)Z#2435#348 prob_bp = 0.50000002462420250000
org.jfree.chart.text.TextAnchor:equals:(Ljava/lang/Object;)Z#149#0 prob_bp = 0.50000002933793550000
org.jfree.chart.text.TextAnchor:equals:(Ljava/lang/Object;)Z#149#1 prob_bp = 0.50000002933794430000
org.jfree.chart.renderer.AbstractRenderer:equals:(Ljava/lang/Object;)Z#2361#17 prob_bp = 0.50000004796685600000
org.jfree.chart.renderer.category.AbstractCategoryItemRenderer:equals:(Ljava/lang/Object;)Z#1343#197 prob_bp = 0.50000007937842270000
org.jfree.chart.text.TextAnchor:<clinit>:()V#64#21 prob_bp = 0.50000008018730060000
org.jfree.chart.renderer.AbstractRenderer:<init>:()V#359#289 prob_bp = 0.50000008180725030000
org.jfree.chart.renderer.AbstractRenderer:equals:(Ljava/lang/Object;)Z#2462#462 prob_bp = 0.50000008610183140000
org.jfree.chart.renderer.AbstractRenderer:<init>:()V#359#292 prob_bp = 0.50000008867648550000
org.jfree.chart.renderer.AbstractRenderer:equals:(Ljava/lang/Object;)Z#2435#349 prob_bp = 0.50000009648290470000
org.jfree.chart.renderer.AbstractRenderer:equals:(Ljava/lang/Object;)Z#2462#458 prob_bp = 0.50000011012080990000
org.jfree.chart.renderer.AbstractRenderer:equals:(Ljava/lang/Object;)Z#2458#442 prob_bp = 0.50000011071042920000
org.jfree.chart.text.TextAnchor:equals:(Ljava/lang/Object;)Z#149#2 prob_bp = 0.50000012222823140000
org.jfree.chart.renderer.category.AbstractCategoryItemRenderer:equals:(Ljava/lang/Object;)Z#1343#199 prob_bp = 0.50000012281964460000
org.jfree.chart.labels.ItemLabelPosition:<init>:(Lorg/jfree/chart/labels/ItemLabelAnchor;Lorg/jfree/chart/text/TextAnchor;)V#92#2 prob_bp = 0.50000013837721310000
org.jfree.chart.renderer.AbstractRenderer:equals:(Ljava/lang/Object;)Z#2361#20 prob_bp = 0.50000017031781770000
org.jfree.chart.util.AbstractObjectList:equals:(Ljava/lang/Object;)Z#197#67 prob_bp = 0.50000018659712580000
org.jfree.chart.util.AbstractObjectList:equals:(Ljava/lang/Object;)Z#197#68 prob_bp = 0.50000019413570840000
org.jfree.chart.renderer.AbstractRenderer:equals:(Ljava/lang/Object;)Z#2435#352 prob_bp = 0.50000019850877940000
org.jfree.chart.util.BooleanList:equals:(Ljava/lang/Object;)Z#96#12 prob_bp = 0.50000022459167280000
org.jfree.chart.renderer.AbstractRenderer:equals:(Ljava/lang/Object;)Z#2458#443 prob_bp = 0.50000028992412450000
org.jfree.chart.renderer.AbstractRenderer:equals:(Ljava/lang/Object;)Z#2462#463 prob_bp = 0.50000034543273300000
org.jfree.chart.renderer.AbstractRenderer:equals:(Ljava/lang/Object;)Z#2462#459 prob_bp = 0.50000036918987160000
org.jfree.chart.renderer.AbstractRenderer:equals:(Ljava/lang/Object;)Z#2458#446 prob_bp = 0.50000037833726880000
org.jfree.chart.util.PaintUtilities:equal:(Ljava/awt/Paint;Ljava/awt/Paint;)Z#98#139 prob_bp = 0.50000056279350340000
org.jfree.chart.util.PaintUtilities:equal:(Ljava/awt/Paint;Ljava/awt/Paint;)Z#98#140 prob_bp = 0.50000057855839970000
org.jfree.chart.renderer.AbstractRenderer:equals:(Ljava/lang/Object;)Z#2458#453 prob_bp = 0.50000059618705860000
org.jfree.chart.labels.ItemLabelPosition:<init>:(Lorg/jfree/chart/labels/ItemLabelAnchor;Lorg/jfree/chart/text/TextAnchor;Lorg/jfree/chart/text/TextAnchor;D)V#117#18 prob_bp = 0.50000066344146710000
org.jfree.chart.renderer.AbstractRenderer:equals:(Ljava/lang/Object;)Z#2435#353 prob_bp = 0.50000079253390050000
org.jfree.chart.renderer.AbstractRenderer:equals:(Ljava/lang/Object;)Z#2451#423 prob_bp = 0.50000091814953930000
org.jfree.chart.renderer.AbstractRenderer:equals:(Ljava/lang/Object;)Z#2458#447 prob_bp = 0.50000137478405420000
org.jfree.chart.util.AbstractObjectList:size:()I#149#0 prob_bp = 0.50000158856378010000
org.jfree.chart.labels.ItemLabelPosition:equals:(Ljava/lang/Object;)Z#192#77 prob_bp = 0.50000160618234320000
org.jfree.chart.util.AbstractObjectList:size:()I#149#1 prob_bp = 0.50000181996298100000
org.jfree.chart.util.PaintList:equals:(Ljava/lang/Object;)Z#109#65 prob_bp = 0.50000200100137540000
org.jfree.chart.util.PaintUtilities:equal:(Ljava/awt/Paint;Ljava/awt/Paint;)Z#98#141 prob_bp = 0.50000203876538730000
org.jfree.chart.util.PaintList:equals:(Ljava/lang/Object;)Z#109#66 prob_bp = 0.50000208184142850000
org.jfree.chart.util.AbstractObjectList:size:()I#149#4 prob_bp = 0.50000228745192500000
org.jfree.chart.labels.ItemLabelPosition:<init>:(Lorg/jfree/chart/labels/ItemLabelAnchor;Lorg/jfree/chart/text/TextAnchor;Lorg/jfree/chart/text/TextAnchor;D)V#117#19 prob_bp = 0.50000235170043400000
org.jfree.chart.renderer.AbstractRenderer:equals:(Ljava/lang/Object;)Z#2431#343 prob_bp = 0.50000306815405970000
org.jfree.chart.util.PaintUtilities:equal:(Ljava/awt/Paint;Ljava/awt/Paint;)Z#78#0 prob_bp = 0.50000644476750690000
org.jfree.chart.renderer.AbstractRenderer:equals:(Ljava/lang/Object;)Z#2455#437 prob_bp = 0.50001801518766640000
org.jfree.chart.util.PaintUtilities:equal:(Ljava/awt/Paint;Ljava/awt/Paint;)Z#78#1 prob_bp = 0.50002686951222720000
org.jfree.chart.util.ObjectUtilities:equal:(Ljava/lang/Object;Ljava/lang/Object;)Z#127#0 prob_bp = 0.50008621496553710000
org.jfree.chart.util.ObjectUtilities:equal:(Ljava/lang/Object;Ljava/lang/Object;)Z#127#1 prob_bp = 0.50009203747128570000
org.jfree.chart.renderer.AbstractRenderer:equals:(Ljava/lang/Object;)Z#2462#466 prob_bp = 0.50009907999412300000
org.jfree.chart.renderer.AbstractRenderer:equals:(Ljava/lang/Object;)Z#2458#450 prob_bp = 0.50015261576623460000
org.jfree.chart.text.TextAnchor:<clinit>:()V#88#93 prob_bp = 0.50016353262316300000
org.jfree.chart.labels.ItemLabelPosition:<init>:(Lorg/jfree/chart/labels/ItemLabelAnchor;Lorg/jfree/chart/text/TextAnchor;)V#92#3 prob_bp = 0.50016683441087930000
org.jfree.chart.labels.ItemLabelPosition:<init>:(Lorg/jfree/chart/labels/ItemLabelAnchor;Lorg/jfree/chart/text/TextAnchor;)V#92#7 prob_bp = 0.50018020123615130000
org.jfree.chart.labels.ItemLabelPosition:<init>:(Lorg/jfree/chart/labels/ItemLabelAnchor;Lorg/jfree/chart/text/TextAnchor;Lorg/jfree/chart/text/TextAnchor;D)V#120#32 prob_bp = 0.50023224806790150000
org.jfree.chart.renderer.AbstractRenderer:equals:(Ljava/lang/Object;)Z#2435#356 prob_bp = 0.50026572578786140000
org.jfree.chart.util.PaintUtilities:equal:(Ljava/awt/Paint;Ljava/awt/Paint;)Z#87#22 prob_bp = 0.50027864578730870000
org.jfree.chart.util.ObjectUtilities:equal:(Ljava/lang/Object;Ljava/lang/Object;)Z#127#2 prob_bp = 0.50035425042398940000
org.jfree.chart.labels.ItemLabelPosition:<init>:(Lorg/jfree/chart/labels/ItemLabelAnchor;Lorg/jfree/chart/text/TextAnchor;Lorg/jfree/chart/text/TextAnchor;D)V#120#33 prob_bp = 0.50044259135872160000
org.jfree.chart.util.PaintUtilities:equal:(Ljava/awt/Paint;Ljava/awt/Paint;)Z#87#23 prob_bp = 0.50072449265940980000
org.jfree.chart.text.TextAnchor:equals:(Ljava/lang/Object;)Z#150#5 prob_bp = 0.50085824283813470000
org.jfree.chart.text.TextAnchor:equals:(Ljava/lang/Object;)Z#150#6 prob_bp = 0.50089278531711100000
org.jfree.chart.labels.ItemLabelPosition:equals:(Ljava/lang/Object;)Z#189#64 prob_bp = 0.50103181763552730000
org.jfree.chart.event.RendererChangeEvent:<init>:(Ljava/lang/Object;)V#63#1 prob_bp = 0.50103284465310200000
org.jfree.chart.event.RendererChangeEvent:<init>:(Ljava/lang/Object;)V#63#0 prob_bp = 0.50103515660303480000
org.jfree.chart.event.ChartChangeEvent:<init>:(Ljava/lang/Object;)V#71#1 prob_bp = 0.50109768342092140000
org.jfree.chart.event.ChartChangeEvent:<init>:(Ljava/lang/Object;)V#71#0 prob_bp = 0.50109977514540240000
org.jfree.chart.event.ChartChangeEvent:<init>:(Ljava/lang/Object;Lorg/jfree/chart/JFreeChart;Lorg/jfree/chart/event/ChartChangeEventType;)V#95#1 prob_bp = 0.50136100023324460000
org.jfree.chart.event.ChartChangeEvent:<init>:(Ljava/lang/Object;Lorg/jfree/chart/JFreeChart;Lorg/jfree/chart/event/ChartChangeEventType;)V#95#0 prob_bp = 0.50136219927925390000
org.jfree.chart.util.PaintUtilities:equal:(Ljava/awt/Paint;Ljava/awt/Paint;)Z#81#14 prob_bp = 0.50157771545697720000
org.jfree.chart.util.PaintUtilities:equal:(Ljava/awt/Paint;Ljava/awt/Paint;)Z#87#26 prob_bp = 0.50162715868578220000
org.jfree.chart.renderer.category.AbstractCategoryItemRenderer:<init>:()V#230#0 prob_bp = 0.50166719516605780000
org.jfree.chart.event.ChartChangeEvent:<init>:(Ljava/lang/Object;Lorg/jfree/chart/JFreeChart;Lorg/jfree/chart/event/ChartChangeEventType;)V#95#2 prob_bp = 0.50171566342661860000
org.jfree.chart.renderer.category.AbstractCategoryItemRenderer:<init>:()V#230#1 prob_bp = 0.50172452617160030000
org.jfree.chart.renderer.AbstractRenderer:<init>:()V#313#0 prob_bp = 0.50186839854158920000
org.jfree.chart.event.RendererChangeEvent:<init>:(Ljava/lang/Object;)V#63#2 prob_bp = 0.50210652574785900000
org.jfree.chart.renderer.AbstractRenderer:<init>:()V#313#1 prob_bp = 0.50224113062043300000
org.jfree.chart.event.ChartChangeEvent:<init>:(Ljava/lang/Object;)V#71#6 prob_bp = 0.50236639044703920000
org.jfree.chart.util.PaintUtilities:equal:(Ljava/awt/Paint;Ljava/awt/Paint;)Z#81#15 prob_bp = 0.50654740128130280000
org.jfree.chart.labels.StandardCategorySeriesLabelGenerator:<init>:()V#75#1 prob_bp = 0.51365850008556980000
org.jfree.chart.labels.StandardCategorySeriesLabelGenerator:<init>:()V#75#3 prob_bp = 0.51417352415960220000
org.jfree.chart.util.PaintUtilities:equal:(Ljava/awt/Paint;Ljava/awt/Paint;)Z#98#144 prob_bp = 0.53467571133777640000
org.jfree.chart.labels.StandardCategorySeriesLabelGenerator:<init>:(Ljava/lang/String;)V#84#4 prob_bp = 0.54981005394886930000
org.jfree.chart.labels.ItemLabelPosition:equals:(Ljava/lang/Object;)Z#192#78 prob_bp = 0.55644880177835720000
org.jfree.chart.labels.StandardCategorySeriesLabelGenerator:<init>:(Ljava/lang/String;)V#84#5 prob_bp = 0.55659400908137200000
org.jfree.chart.util.PaintUtilities:equal:(Ljava/awt/Paint;Ljava/awt/Paint;)Z#87#26#unexe#2 prob_bp = 0.63737992017960200000
org.jfree.chart.labels.ItemLabelPosition:equals:(Ljava/lang/Object;)Z#195#83 prob_bp = 0.95334582107977780000
org.jfree.chart.labels.ItemLabelPosition:equals:(Ljava/lang/Object;)Z#195#84 prob_bp = 0.96252422278627980000
org.jfree.chart.util.PaintUtilities:equal:(Ljava/awt/Paint;Ljava/awt/Paint;)Z#100#145 prob_bp = 0.98776775888630630000
org.jfree.chart.util.ObjectUtilities:equal:(Ljava/lang/Object;Ljava/lang/Object;)Z#131#16 prob_bp = 0.99999621378780550000
org.jfree.chart.util.PaintUtilities:equal:(Ljava/awt/Paint;Ljava/awt/Paint;)Z#100#146 prob_bp = 0.99999796178490160000
org.jfree.chart.renderer.AbstractRenderer:equals:(Ljava/lang/Object;)Z#2465#471 prob_bp = 0.99999999997879670000
org.jfree.chart.renderer.AbstractRenderer:equals:(Ljava/lang/Object;)Z#2465#472 prob_bp = 0.99999999999871200000
org.jfree.chart.renderer.category.AbstractCategoryItemRenderer:equals:(Ljava/lang/Object;)Z#1343#202 prob_bp = 0.99999999999998960000
org.jfree.chart.renderer.category.junit.MinMaxCategoryRendererTests:testEquals:()V#94#0 prob_bp = 1.00000000000000000000
org.jfree.chart.renderer.category.junit.MinMaxCategoryRendererTests:testEquals:()V#94#3 prob_bp = 1.00000000000000000000
org.jfree.chart.renderer.category.junit.MinMaxCategoryRendererTests:testEquals:()V#94#4 prob_bp = 1.00000000000000000000
org.jfree.chart.renderer.category.junit.MinMaxCategoryRendererTests:testEquals:()V#94#7 prob_bp = 1.00000000000000000000
org.jfree.chart.renderer.category.junit.MinMaxCategoryRendererTests:testEquals:()V#95#8 prob_bp = 1.00000000000000000000
org.jfree.chart.renderer.category.junit.MinMaxCategoryRendererTests:testEquals:()V#95#11 prob_bp = 1.00000000000000000000
org.jfree.chart.renderer.category.junit.MinMaxCategoryRendererTests:testEquals:()V#95#12 prob_bp = 1.00000000000000000000
org.jfree.chart.renderer.category.junit.MinMaxCategoryRendererTests:testEquals:()V#95#15 prob_bp = 1.00000000000000000000
org.jfree.chart.renderer.category.junit.MinMaxCategoryRendererTests:testEquals:()V#96#16 prob_bp = 1.00000000000000000000
org.jfree.chart.renderer.category.junit.MinMaxCategoryRendererTests:testEquals:()V#96#17 prob_bp = 1.00000000000000000000
org.jfree.chart.renderer.category.junit.MinMaxCategoryRendererTests:testEquals:()V#96#18 prob_bp = 1.00000000000000000000
org.jfree.chart.renderer.category.junit.MinMaxCategoryRendererTests:testEquals:()V#98#21 prob_bp = 1.00000000000000000000
org.jfree.chart.renderer.category.junit.MinMaxCategoryRendererTests:testEquals:()V#98#22 prob_bp = 1.00000000000000000000
org.jfree.chart.renderer.category.junit.MinMaxCategoryRendererTests:testEquals:()V#98#23 prob_bp = 1.00000000000000000000
org.jfree.chart.renderer.category.junit.MinMaxCategoryRendererTests:testEquals:()V#99#26 prob_bp = 1.00000000000000000000
org.jfree.chart.renderer.category.junit.MinMaxCategoryRendererTests:testEquals:()V#99#27 prob_bp = 1.00000000000000000000
org.jfree.chart.renderer.category.junit.MinMaxCategoryRendererTests:testEquals:()V#99#28 prob_bp = 1.00000000000000000000
org.jfree.chart.util.ObjectUtilities:equal:(Ljava/lang/Object;Ljava/lang/Object;)Z#128#5 prob_bp = 1.00000000000000000000
org.jfree.chart.util.ObjectUtilities:equal:(Ljava/lang/Object;Ljava/lang/Object;)Z#128#6 prob_bp = 1.00000000000000000000
org.jfree.chart.renderer.category.junit.MinMaxCategoryRendererTests:testEquals:()V#99#31 prob_bp = 1.00000000000000000000
Belief propagation time : 206.106000s
