Belief propagation time: 100

Probabilities: 
Vars:1215338
Stmts:11506
org.apache.commons.math.linear.OpenMapRealVector:ebeMultiply:(Lorg/apache/commons/math/linear/RealVector;)Lorg/apache/commons/math/linear/OpenMapRealVector;#371#31 prob_bp = 0.49999962775323440000
org.apache.commons.math.util.OpenIntToDoubleHashMap$Iterator:hasNext:()Z#518#12 prob_bp = 0.49999967677599370000
org.apache.commons.math.util.OpenIntToDoubleHashMap$Iterator:hasNext:()Z#518#7 prob_bp = 0.49999968929720423000
org.apache.commons.math.util.OpenIntToDoubleHashMap$Iterator:advance:()V#563#11 prob_bp = 0.49999969369733000000
org.apache.commons.math.util.OpenIntToDoubleHashMap:access$100:(Lorg/apache/commons/math/util/OpenIntToDoubleHashMap;)I#40#4 prob_bp = 0.49999990354125500000
org.apache.commons.math.linear.OpenMapRealVector:ebeMultiply:(Lorg/apache/commons/math/linear/RealVector;)Lorg/apache/commons/math/linear/OpenMapRealVector;#372#35 prob_bp = 0.49999999558593006000
org.apache.commons.math.linear.OpenMapRealVector:ebeMultiply:(Lorg/apache/commons/math/linear/RealVector;)Lorg/apache/commons/math/linear/OpenMapRealVector;#372#34 prob_bp = 0.49999999816291785000
org.apache.commons.math.linear.OpenMapRealVector:ebeMultiply:(Lorg/apache/commons/math/linear/RealVector;)Lorg/apache/commons/math/linear/OpenMapRealVector;#370#26 prob_bp = 0.49999999881314433000
org.apache.commons.math.util.OpenIntToDoubleHashMap$Iterator:hasNext:()Z#518#4 prob_bp = 0.49999999919719070000
org.apache.commons.math.util.OpenIntToDoubleHashMap:access$100:(Lorg/apache/commons/math/util/OpenIntToDoubleHashMap;)I#40#1 prob_bp = 0.49999999947152490000
org.apache.commons.math.util.OpenIntToDoubleHashMap:access$100:(Lorg/apache/commons/math/util/OpenIntToDoubleHashMap;)I#40#0 prob_bp = 0.49999999983613114000
org.apache.commons.math.util.OpenIntToDoubleHashMap$Iterator:advance:()V#563#8 prob_bp = 0.49999999995951590000
org.apache.commons.math.util.OpenIntToDoubleHashMap:doRemove:(I)D#399#48 prob_bp = 0.49999999996073946000
org.apache.commons.math.util.OpenIntToDoubleHashMap:doRemove:(I)D#399#41 prob_bp = 0.49999999998999717000
org.apache.commons.math.util.OpenIntToDoubleHashMap$Iterator:hasNext:()Z#518#1 prob_bp = 0.49999999999719430000
org.apache.commons.math.util.OpenIntToDoubleHashMap:doRemove:(I)D#399#47 prob_bp = 0.49999999999749720000
org.apache.commons.math.util.OpenIntToDoubleHashMap:doRemove:(I)D#399#46 prob_bp = 0.49999999999759120000
org.apache.commons.math.util.OpenIntToDoubleHashMap$Iterator:hasNext:()Z#518#0 prob_bp = 0.49999999999924566000
org.apache.commons.math.linear.OpenMapRealVector:ebeMultiply:(Lorg/apache/commons/math/linear/RealVector;)Lorg/apache/commons/math/linear/OpenMapRealVector;#371#28 prob_bp = 0.49999999999976920000
org.apache.commons.math.linear.OpenMapRealVector:ebeMultiply:(Lorg/apache/commons/math/linear/RealVector;)Lorg/apache/commons/math/linear/OpenMapRealVector;#371#27 prob_bp = 0.49999999999990324000
org.apache.commons.math.util.OpenIntToDoubleHashMap:doRemove:(I)D#399#43 prob_bp = 0.49999999999999195000
org.apache.commons.math.linear.OpenMapRealVector:ebeMultiply:(Lorg/apache/commons/math/linear/RealVector;)Lorg/apache/commons/math/linear/OpenMapRealVector;#368#7 prob_bp = 0.49999999999999645000
org.apache.commons.math.util.OpenIntToDoubleHashMap:doRemove:(I)D#399#42 prob_bp = 0.49999999999999806000
org.apache.commons.math.util.OpenIntToDoubleHashMap:<init>:(Lorg/apache/commons/math/util/OpenIntToDoubleHashMap;)V#144#102 prob_bp = 0.49999999999999906000
org.apache.commons.math.util.OpenIntToDoubleHashMap$Iterator:key:()I#535#44 prob_bp = 0.49999999999999940000
org.apache.commons.math.util.OpenIntToDoubleHashMap:access$300:(Lorg/apache/commons/math/util/OpenIntToDoubleHashMap;)[D#40#0 prob_bp = 0.49999999999999950000
org.apache.commons.math.util.OpenIntToDoubleHashMap:containsKey:(I)Z#216#29 prob_bp = 0.49999999999999960000
org.apache.commons.math.util.OpenIntToDoubleHashMap$Iterator:key:()I#535#47 prob_bp = 0.49999999999999960000
org.apache.commons.math.util.OpenIntToDoubleHashMap:<init>:(Lorg/apache/commons/math/util/OpenIntToDoubleHashMap;)V#144#99 prob_bp = 0.49999999999999970000
org.apache.commons.math.linear.OpenMapRealVector:setEntry:(ID)V#667#38 prob_bp = 0.49999999999999970000
org.apache.commons.math.linear.OpenMapRealVector:<init>:(Lorg/apache/commons/math/linear/OpenMapRealVector;)V#182#32 prob_bp = 0.49999999999999980000
org.apache.commons.math.linear.OpenMapRealVector:ebeMultiply:(Lorg/apache/commons/math/linear/RealVector;)Lorg/apache/commons/math/linear/OpenMapRealVector;#373#58 prob_bp = 0.49999999999999980000
org.apache.commons.math.linear.OpenMapRealVector:<init>:(Lorg/apache/commons/math/linear/OpenMapRealVector;)V#182#28 prob_bp = 0.49999999999999990000
org.apache.commons.math.linear.OpenMapRealVector:ebeMultiply:(Lorg/apache/commons/math/linear/RealVector;)Lorg/apache/commons/math/linear/OpenMapRealVector;#373#38 prob_bp = 0.49999999999999990000
org.apache.commons.math.linear.OpenMapRealVector:setEntry:(ID)V#665#18 prob_bp = 0.49999999999999994000
org.apache.commons.math.util.OpenIntToDoubleHashMap:containsKey:(I)Z#211#7 prob_bp = 0.49999999999999994000
org.apache.commons.math.util.OpenIntToDoubleHashMap:containsKey:(I)Z#216#28 prob_bp = 0.49999999999999994000
org.apache.commons.math.linear.OpenMapRealVector:ebeMultiply:(Lorg/apache/commons/math/linear/RealVector;)Lorg/apache/commons/math/linear/OpenMapRealVector;#368#2 prob_bp = 0.49999999999999994000
org.apache.commons.math.linear.OpenMapRealVector:ebeMultiply:(Lorg/apache/commons/math/linear/RealVector;)Lorg/apache/commons/math/linear/OpenMapRealVector;#369#15 prob_bp = 0.49999999999999994000
org.apache.commons.math.util.OpenIntToDoubleHashMap:<init>:(Lorg/apache/commons/math/util/OpenIntToDoubleHashMap;)V#144#97 prob_bp = 0.49999999999999994000
org.apache.commons.math.util.OpenIntToDoubleHashMap:remove:(I)D#355#7 prob_bp = 0.49999999999999994000
org.apache.commons.math.util.FastMath:abs:(D)D#3410#17 prob_bp = 0.50000000000000000000
org.apache.commons.math.util.OpenIntToDoubleHashMap:containsKey:(I)Z#210#0 prob_bp = 0.50000000000000000000
org.apache.commons.math.util.OpenIntToDoubleHashMap:containsKey:(I)Z#216#24 prob_bp = 0.50000000000000000000
org.apache.commons.math.util.OpenIntToDoubleHashMap:containsKey:(I)Z#216#27 prob_bp = 0.50000000000000000000
org.apache.commons.math.linear.OpenMapRealVector:ebeMultiply:(Lorg/apache/commons/math/linear/RealVector;)Lorg/apache/commons/math/linear/RealVector;#33#0 prob_bp = 0.50000000000000000000
org.apache.commons.math.linear.OpenMapRealVector:ebeMultiply:(Lorg/apache/commons/math/linear/RealVector;)Lorg/apache/commons/math/linear/RealVector;#33#1 prob_bp = 0.50000000000000000000
org.apache.commons.math.linear.OpenMapRealVector:ebeMultiply:(Lorg/apache/commons/math/linear/RealVector;)Lorg/apache/commons/math/linear/RealVector;#33#2 prob_bp = 0.50000000000000000000
org.apache.commons.math.linear.OpenMapRealVector:ebeMultiply:(Lorg/apache/commons/math/linear/RealVector;)Lorg/apache/commons/math/linear/OpenMapRealVector;#368#0 prob_bp = 0.50000000000000000000
org.apache.commons.math.linear.OpenMapRealVector:ebeMultiply:(Lorg/apache/commons/math/linear/RealVector;)Lorg/apache/commons/math/linear/OpenMapRealVector;#368#1 prob_bp = 0.50000000000000000000
org.apache.commons.math.linear.OpenMapRealVector:ebeMultiply:(Lorg/apache/commons/math/linear/RealVector;)Lorg/apache/commons/math/linear/OpenMapRealVector;#369#13 prob_bp = 0.50000000000000000000
org.apache.commons.math.linear.OpenMapRealVector:ebeMultiply:(Lorg/apache/commons/math/linear/RealVector;)Lorg/apache/commons/math/linear/OpenMapRealVector;#369#14 prob_bp = 0.50000000000000000000
org.apache.commons.math.util.OpenIntToDoubleHashMap:<init>:(Lorg/apache/commons/math/util/OpenIntToDoubleHashMap;)V#143#90 prob_bp = 0.50000000000000000000
org.apache.commons.math.linear.OpenMapRealVector:<init>:(Lorg/apache/commons/math/linear/OpenMapRealVector;)V#182#27 prob_bp = 0.50000000000000000000
org.apache.commons.math.linear.OpenMapRealVector:ebeMultiply:(Lorg/apache/commons/math/linear/RealVector;)Lorg/apache/commons/math/linear/OpenMapRealVector;#369#18 prob_bp = 0.50000000000000000000
org.apache.commons.math.linear.OpenMapRealVector:ebeMultiply:(Lorg/apache/commons/math/linear/RealVector;)Lorg/apache/commons/math/linear/OpenMapRealVector;#370#19 prob_bp = 0.50000000000000000000
org.apache.commons.math.linear.OpenMapRealVector:ebeMultiply:(Lorg/apache/commons/math/linear/RealVector;)Lorg/apache/commons/math/linear/OpenMapRealVector;#370#20 prob_bp = 0.50000000000000000000
org.apache.commons.math.linear.OpenMapRealVector:ebeMultiply:(Lorg/apache/commons/math/linear/RealVector;)Lorg/apache/commons/math/linear/OpenMapRealVector;#370#23 prob_bp = 0.50000000000000000000
org.apache.commons.math.linear.OpenMapRealVector:ebeMultiply:(Lorg/apache/commons/math/linear/RealVector;)Lorg/apache/commons/math/linear/OpenMapRealVector;#373#40 prob_bp = 0.50000000000000000000
org.apache.commons.math.linear.OpenMapRealVector:ebeMultiply:(Lorg/apache/commons/math/linear/RealVector;)Lorg/apache/commons/math/linear/OpenMapRealVector;#373#43 prob_bp = 0.50000000000000000000
org.apache.commons.math.linear.OpenMapRealVector:ebeMultiply:(Lorg/apache/commons/math/linear/RealVector;)Lorg/apache/commons/math/linear/OpenMapRealVector;#373#44 prob_bp = 0.50000000000000000000
org.apache.commons.math.linear.OpenMapRealVector:ebeMultiply:(Lorg/apache/commons/math/linear/RealVector;)Lorg/apache/commons/math/linear/OpenMapRealVector;#373#47 prob_bp = 0.50000000000000000000
org.apache.commons.math.linear.OpenMapRealVector:ebeMultiply:(Lorg/apache/commons/math/linear/RealVector;)Lorg/apache/commons/math/linear/OpenMapRealVector;#373#48 prob_bp = 0.50000000000000000000
org.apache.commons.math.linear.OpenMapRealVector:ebeMultiply:(Lorg/apache/commons/math/linear/RealVector;)Lorg/apache/commons/math/linear/OpenMapRealVector;#373#49 prob_bp = 0.50000000000000000000
org.apache.commons.math.linear.OpenMapRealVector:ebeMultiply:(Lorg/apache/commons/math/linear/RealVector;)Lorg/apache/commons/math/linear/OpenMapRealVector;#373#57 prob_bp = 0.50000000000000000000
org.apache.commons.math.util.OpenIntToDoubleHashMap:remove:(I)D#354#0 prob_bp = 0.50000000000000000000
org.apache.commons.math.linear.OpenMapRealVector:setEntry:(ID)V#665#17 prob_bp = 0.50000000000000010000
org.apache.commons.math.linear.OpenMapRealVector:setEntry:(ID)V#666#27 prob_bp = 0.50000000000000010000
org.apache.commons.math.util.OpenIntToDoubleHashMap:containsKey:(I)Z#216#23 prob_bp = 0.50000000000000010000
org.apache.commons.math.linear.OpenMapRealVector:ebeMultiply:(Lorg/apache/commons/math/linear/RealVector;)Lorg/apache/commons/math/linear/OpenMapRealVector;#369#10 prob_bp = 0.50000000000000010000
org.apache.commons.math.util.OpenIntToDoubleHashMap:<init>:(Lorg/apache/commons/math/util/OpenIntToDoubleHashMap;)V#135#12 prob_bp = 0.50000000000000010000
org.apache.commons.math.util.OpenIntToDoubleHashMap:<init>:(Lorg/apache/commons/math/util/OpenIntToDoubleHashMap;)V#143#91 prob_bp = 0.50000000000000010000
org.apache.commons.math.linear.OpenMapRealVector:ebeMultiply:(Lorg/apache/commons/math/linear/RealVector;)Lorg/apache/commons/math/linear/OpenMapRealVector;#373#39 prob_bp = 0.50000000000000010000
org.apache.commons.math.linear.OpenMapRealVector:ebeMultiply:(Lorg/apache/commons/math/linear/RealVector;)Lorg/apache/commons/math/linear/OpenMapRealVector;#373#52 prob_bp = 0.50000000000000010000
org.apache.commons.math.linear.OpenMapRealVector:setEntry:(ID)V#667#37 prob_bp = 0.50000000000000010000
org.apache.commons.math.util.OpenIntToDoubleHashMap:containsKey:(I)Z#211#5 prob_bp = 0.50000000000000020000
org.apache.commons.math.util.OpenIntToDoubleHashMap:<init>:(Lorg/apache/commons/math/util/OpenIntToDoubleHashMap;)V#135#11 prob_bp = 0.50000000000000020000
org.apache.commons.math.linear.OpenMapRealVector:<init>:(Lorg/apache/commons/math/linear/OpenMapRealVector;)V#182#29 prob_bp = 0.50000000000000020000
org.apache.commons.math.linear.OpenMapRealVector:setEntry:(ID)V#666#26 prob_bp = 0.50000000000000030000
org.apache.commons.math.util.OpenIntToDoubleHashMap:containsKey:(I)Z#210#1 prob_bp = 0.50000000000000030000
org.apache.commons.math.util.OpenIntToDoubleHashMap:containsKey:(I)Z#211#6 prob_bp = 0.50000000000000030000
org.apache.commons.math.util.OpenIntToDoubleHashMap:containsKey:(I)Z#211#10 prob_bp = 0.50000000000000030000
org.apache.commons.math.util.OpenIntToDoubleHashMap:containsKey:(I)Z#212#12 prob_bp = 0.50000000000000030000
org.apache.commons.math.util.OpenIntToDoubleHashMap:<init>:(Lorg/apache/commons/math/util/OpenIntToDoubleHashMap;)V#144#98 prob_bp = 0.50000000000000030000
org.apache.commons.math.util.OpenIntToDoubleHashMap:iterator:()Lorg/apache/commons/math/util/OpenIntToDoubleHashMap$Iterator;#241#4 prob_bp = 0.50000000000000030000
org.apache.commons.math.util.OpenIntToDoubleHashMap$Iterator:key:()I#535#43 prob_bp = 0.50000000000000030000
org.apache.commons.math.util.OpenIntToDoubleHashMap$Iterator:value:()D#552#44 prob_bp = 0.50000000000000030000
org.apache.commons.math.util.OpenIntToDoubleHashMap:remove:(I)D#355#6 prob_bp = 0.50000000000000030000
org.apache.commons.math.util.OpenIntToDoubleHashMap:remove:(I)D#354#1 prob_bp = 0.50000000000000040000
org.apache.commons.math.util.OpenIntToDoubleHashMap$Iterator:key:()I#535#50 prob_bp = 0.50000000000000060000
org.apache.commons.math.util.OpenIntToDoubleHashMap$Iterator:value:()D#552#43 prob_bp = 0.50000000000000060000
org.apache.commons.math.util.OpenIntToDoubleHashMap$Iterator:<init>:(Lorg/apache/commons/math/util/OpenIntToDoubleHashMap;Lorg/apache/commons/math/util/OpenIntToDoubleHashMap$1;)V#484#1 prob_bp = 0.50000000000000070000
org.apache.commons.math.util.OpenIntToDoubleHashMap$Iterator:value:()D#552#50 prob_bp = 0.50000000000000070000
org.apache.commons.math.util.OpenIntToDoubleHashMap:containsKey:(I)Z#210#4 prob_bp = 0.50000000000000080000
org.apache.commons.math.linear.OpenMapRealVector:<init>:(Lorg/apache/commons/math/linear/OpenMapRealVector;)V#180#5 prob_bp = 0.50000000000000080000
org.apache.commons.math.util.OpenIntToDoubleHashMap$Iterator:key:()I#529#4 prob_bp = 0.50000000000000080000
org.apache.commons.math.util.OpenIntToDoubleHashMap:access$200:(Lorg/apache/commons/math/util/OpenIntToDoubleHashMap;)[I#40#1 prob_bp = 0.50000000000000080000
org.apache.commons.math.util.OpenIntToDoubleHashMap:remove:(I)D#354#4 prob_bp = 0.50000000000000080000
org.apache.commons.math.util.OpenIntToDoubleHashMap:<init>:(Lorg/apache/commons/math/util/OpenIntToDoubleHashMap;)V#135#14 prob_bp = 0.50000000000000090000
org.apache.commons.math.util.OpenIntToDoubleHashMap$Iterator:<init>:(Lorg/apache/commons/math/util/OpenIntToDoubleHashMap;)V#501#10 prob_bp = 0.50000000000000090000
org.apache.commons.math.util.OpenIntToDoubleHashMap:remove:(I)D#355#5 prob_bp = 0.50000000000000090000
org.apache.commons.math.util.OpenIntToDoubleHashMap:<init>:(Lorg/apache/commons/math/util/OpenIntToDoubleHashMap;)V#135#10 prob_bp = 0.50000000000000100000
org.apache.commons.math.util.OpenIntToDoubleHashMap$Iterator:key:()I#529#5 prob_bp = 0.50000000000000100000
org.apache.commons.math.util.OpenIntToDoubleHashMap$Iterator:key:()I#529#8 prob_bp = 0.50000000000000100000
org.apache.commons.math.util.OpenIntToDoubleHashMap$Iterator:value:()D#552#54 prob_bp = 0.50000000000000110000
org.apache.commons.math.util.OpenIntToDoubleHashMap:access$300:(Lorg/apache/commons/math/util/OpenIntToDoubleHashMap;)[D#40#4 prob_bp = 0.50000000000000130000
org.apache.commons.math.util.OpenIntToDoubleHashMap:remove:(I)D#356#12 prob_bp = 0.50000000000000160000
org.apache.commons.math.util.OpenIntToDoubleHashMap:<init>:(Lorg/apache/commons/math/util/OpenIntToDoubleHashMap;)V#137#32 prob_bp = 0.50000000000000190000
org.apache.commons.math.util.OpenIntToDoubleHashMap:access$200:(Lorg/apache/commons/math/util/OpenIntToDoubleHashMap;)[I#40#0 prob_bp = 0.50000000000000190000
org.apache.commons.math.util.OpenIntToDoubleHashMap:access$300:(Lorg/apache/commons/math/util/OpenIntToDoubleHashMap;)[D#40#1 prob_bp = 0.50000000000000190000
org.apache.commons.math.util.OpenIntToDoubleHashMap:remove:(I)D#355#10 prob_bp = 0.50000000000000190000
org.apache.commons.math.util.OpenIntToDoubleHashMap$Iterator:<init>:(Lorg/apache/commons/math/util/OpenIntToDoubleHashMap;)V#501#11 prob_bp = 0.50000000000000200000
org.apache.commons.math.util.OpenIntToDoubleHashMap:containsKey:(II)Z#385#4 prob_bp = 0.50000000000000230000
org.apache.commons.math.util.OpenIntToDoubleHashMap$Iterator:key:()I#535#51 prob_bp = 0.50000000000000230000
org.apache.commons.math.util.OpenIntToDoubleHashMap$Iterator:value:()D#546#4 prob_bp = 0.50000000000000230000
org.apache.commons.math.util.OpenIntToDoubleHashMap:<init>:(Lorg/apache/commons/math/util/OpenIntToDoubleHashMap;)V#143#89 prob_bp = 0.50000000000000260000
org.apache.commons.math.util.OpenIntToDoubleHashMap$Iterator:key:()I#529#0 prob_bp = 0.50000000000000260000
org.apache.commons.math.util.OpenIntToDoubleHashMap:<init>:(Lorg/apache/commons/math/util/OpenIntToDoubleHashMap;)V#143#94 prob_bp = 0.50000000000000290000
org.apache.commons.math.util.OpenIntToDoubleHashMap$Iterator:value:()D#552#47 prob_bp = 0.50000000000000360000
org.apache.commons.math.util.OpenIntToDoubleHashMap$Iterator:advance:()V#572#34 prob_bp = 0.50000000000000370000
org.apache.commons.math.util.OpenIntToDoubleHashMap$Iterator:value:()D#546#5 prob_bp = 0.50000000000000370000
org.apache.commons.math.util.OpenIntToDoubleHashMap:<init>:(Lorg/apache/commons/math/util/OpenIntToDoubleHashMap;)V#137#33 prob_bp = 0.50000000000000390000
org.apache.commons.math.util.OpenIntToDoubleHashMap:containsKey:(II)Z#385#5 prob_bp = 0.50000000000000410000
org.apache.commons.math.linear.OpenMapRealVector:<init>:(Lorg/apache/commons/math/linear/OpenMapRealVector;)V#180#6 prob_bp = 0.50000000000000410000
org.apache.commons.math.util.OpenIntToDoubleHashMap$Iterator:value:()D#552#51 prob_bp = 0.50000000000000510000
org.apache.commons.math.util.OpenIntToDoubleHashMap:<init>:(Lorg/apache/commons/math/util/OpenIntToDoubleHashMap;)V#137#31 prob_bp = 0.50000000000000680000
org.apache.commons.math.linear.OpenMapRealVector:getEntry:(I)D#479#0 prob_bp = 0.50000000000000740000
org.apache.commons.math.util.OpenIntToDoubleHashMap$Iterator:advance:()V#572#33 prob_bp = 0.50000000000000770000
org.apache.commons.math.util.OpenIntToDoubleHashMap:put:(ID)D#426#91 prob_bp = 0.50000000000000790000
org.apache.commons.math.util.OpenIntToDoubleHashMap:containsKey:(I)Z#212#14 prob_bp = 0.50000000000000800000
org.apache.commons.math.util.OpenIntToDoubleHashMap:containsKey:(I)Z#211#11 prob_bp = 0.50000000000000810000
org.apache.commons.math.util.OpenIntToDoubleHashMap:<init>:(Lorg/apache/commons/math/util/OpenIntToDoubleHashMap;)V#137#35 prob_bp = 0.50000000000000810000
org.apache.commons.math.util.OpenIntToDoubleHashMap:hashOf:(I)I#478#4 prob_bp = 0.50000000000000830000
org.apache.commons.math.util.OpenIntToDoubleHashMap:hashOf:(I)I#478#8 prob_bp = 0.50000000000000830000
org.apache.commons.math.linear.OpenMapRealVector:<init>:(Lorg/apache/commons/math/linear/OpenMapRealVector;)V#181#17 prob_bp = 0.50000000000001080000
org.apache.commons.math.util.OpenIntToDoubleHashMap:hashOf:(I)I#478#1 prob_bp = 0.50000000000001410000
org.apache.commons.math.util.OpenIntToDoubleHashMap:hashOf:(I)I#478#5 prob_bp = 0.50000000000001410000
org.apache.commons.math.linear.OpenMapRealVector:<init>:(Lorg/apache/commons/math/linear/OpenMapRealVector;)V#181#18 prob_bp = 0.50000000000001590000
org.apache.commons.math.util.OpenIntToDoubleHashMap$Iterator:<init>:(Lorg/apache/commons/math/util/OpenIntToDoubleHashMap;)V#498#5 prob_bp = 0.50000000000001900000
org.apache.commons.math.util.OpenIntToDoubleHashMap$Iterator:key:()I#529#1 prob_bp = 0.50000000000001970000
org.apache.commons.math.util.OpenIntToDoubleHashMap:put:(ID)D#426#92 prob_bp = 0.50000000000002000000
org.apache.commons.math.util.OpenIntToDoubleHashMap:<init>:(Lorg/apache/commons/math/util/OpenIntToDoubleHashMap;)V#134#4 prob_bp = 0.50000000000002020000
org.apache.commons.math.util.OpenIntToDoubleHashMap:hashOf:(I)I#478#9 prob_bp = 0.50000000000002980000
org.apache.commons.math.linear.OpenMapRealVector:getEntries:()Lorg/apache/commons/math/util/OpenIntToDoubleHashMap;#208#0 prob_bp = 0.50000000000003520000
org.apache.commons.math.util.OpenIntToDoubleHashMap:access$200:(Lorg/apache/commons/math/util/OpenIntToDoubleHashMap;)[I#40#4 prob_bp = 0.50000000000003700000
org.apache.commons.math.util.OpenIntToDoubleHashMap$Iterator:advance:()V#572#41 prob_bp = 0.50000000000004120000
org.apache.commons.math.util.OpenIntToDoubleHashMap$Iterator:value:()D#552#55 prob_bp = 0.50000000000004410000
org.apache.commons.math.util.OpenIntToDoubleHashMap:get:(I)D#182#12 prob_bp = 0.50000000000004530000
org.apache.commons.math.util.OpenIntToDoubleHashMap:<init>:(Lorg/apache/commons/math/util/OpenIntToDoubleHashMap;)V#134#5 prob_bp = 0.50000000000004760000
org.apache.commons.math.util.OpenIntToDoubleHashMap:hashOf:(I)I#478#2 prob_bp = 0.50000000000005470000
org.apache.commons.math.util.OpenIntToDoubleHashMap:hashOf:(I)I#478#6 prob_bp = 0.50000000000005470000
org.apache.commons.math.util.OpenIntToDoubleHashMap$Iterator:advance:()V#572#40 prob_bp = 0.50000000000006760000
org.apache.commons.math.util.OpenIntToDoubleHashMap$Iterator:<init>:(Lorg/apache/commons/math/util/OpenIntToDoubleHashMap;)V#498#6 prob_bp = 0.50000000000007030000
org.apache.commons.math.linear.OpenMapRealVector:setEntry:(ID)V#664#6 prob_bp = 0.50000000000007570000
org.apache.commons.math.util.FastMath:abs:(D)D#3410#0 prob_bp = 0.50000000000009200000
org.apache.commons.math.util.OpenIntToDoubleHashMap$Iterator:advance:()V#572#37 prob_bp = 0.50000000000009850000
org.apache.commons.math.linear.OpenMapRealVector:getEntries:()Lorg/apache/commons/math/util/OpenIntToDoubleHashMap;#208#1 prob_bp = 0.50000000000011160000
org.apache.commons.math.util.FastMath:abs:(D)D#3410#11 prob_bp = 0.50000000000012580000
org.apache.commons.math.util.OpenIntToDoubleHashMap:get:(I)D#180#0 prob_bp = 0.50000000000014070000
org.apache.commons.math.util.OpenIntToDoubleHashMap$Iterator:advance:()V#572#42 prob_bp = 0.50000000000014290000
org.apache.commons.math.util.OpenIntToDoubleHashMap:get:(I)D#180#1 prob_bp = 0.50000000000015030000
org.apache.commons.math.util.OpenIntToDoubleHashMap$Iterator:advance:()V#572#48 prob_bp = 0.50000000000016340000
org.apache.commons.math.util.FastMath:abs:(D)D#3410#1 prob_bp = 0.50000000000017460000
org.apache.commons.math.util.FastMath:abs:(D)D#3410#2 prob_bp = 0.50000000000017730000
org.apache.commons.math.util.OpenIntToDoubleHashMap$Iterator:key:()I#535#54 prob_bp = 0.50000000000018030000
org.apache.commons.math.util.OpenIntToDoubleHashMap$Iterator:advance:()V#563#5 prob_bp = 0.50000000000024840000
org.apache.commons.math.util.OpenIntToDoubleHashMap:containsKey:(II)Z#385#8 prob_bp = 0.50000000000026820000
org.apache.commons.math.util.FastMath:abs:(D)D#3410#12 prob_bp = 0.50000000000029790000
org.apache.commons.math.util.FastMath:abs:(D)D#3410#13 prob_bp = 0.50000000000030700000
org.apache.commons.math.util.OpenIntToDoubleHashMap:findInsertionIndex:([I[BII)I#272#0 prob_bp = 0.50000000000037600000
org.apache.commons.math.util.OpenIntToDoubleHashMap$Iterator:advance:()V#563#4 prob_bp = 0.50000000000041260000
org.apache.commons.math.util.OpenIntToDoubleHashMap:access$400:(Lorg/apache/commons/math/util/OpenIntToDoubleHashMap;)[B#40#0 prob_bp = 0.50000000000048970000
org.apache.commons.math.linear.OpenMapRealVector:setEntry:(ID)V#663#0 prob_bp = 0.50000000000063920000
org.apache.commons.math.util.OpenIntToDoubleHashMap:containsKey:(II)Z#385#9 prob_bp = 0.50000000000078880000
org.apache.commons.math.util.OpenIntToDoubleHashMap:findInsertionIndex:([I[BII)I#272#1 prob_bp = 0.50000000000114840000
org.apache.commons.math.util.OpenIntToDoubleHashMap$Iterator:value:()D#546#8 prob_bp = 0.50000000000121140000
org.apache.commons.math.linear.OpenMapRealVector:setEntry:(ID)V#664#5 prob_bp = 0.50000000000122150000
org.apache.commons.math.linear.OpenMapRealVector:setEntry:(ID)V#666#30 prob_bp = 0.50000000000137280000
org.apache.commons.math.linear.OpenMapRealVector:setEntry:(ID)V#664#7 prob_bp = 0.50000000000167170000
org.apache.commons.math.util.OpenIntToDoubleHashMap:hashOf:(I)I#479#13 prob_bp = 0.50000000000178400000
org.apache.commons.math.util.OpenIntToDoubleHashMap:access$400:(Lorg/apache/commons/math/util/OpenIntToDoubleHashMap;)[B#40#1 prob_bp = 0.50000000000205960000
org.apache.commons.math.util.OpenIntToDoubleHashMap:hashOf:(I)I#479#14 prob_bp = 0.50000000000206710000
org.apache.commons.math.util.FastMath:ceil:(D)D#3751#0 prob_bp = 0.50000000000206850000
org.apache.commons.math.util.FastMath:ceil:(D)D#3751#1 prob_bp = 0.50000000000206850000
org.apache.commons.math.util.OpenIntToDoubleHashMap:hashOf:(I)I#479#16 prob_bp = 0.50000000000214480000
org.apache.commons.math.util.OpenIntToDoubleHashMap:put:(ID)D#426#95 prob_bp = 0.50000000000291910000
org.apache.commons.math.util.OpenIntToDoubleHashMap:remove:(I)D#356#14 prob_bp = 0.50000000000299120000
org.apache.commons.math.util.OpenIntToDoubleHashMap:put:(ID)D#426#96 prob_bp = 0.50000000000302920000
org.apache.commons.math.util.OpenIntToDoubleHashMap:findInsertionIndex:(I)I#259#9 prob_bp = 0.50000000000371710000
org.apache.commons.math.util.OpenIntToDoubleHashMap:hashOf:(I)I#478#0 prob_bp = 0.50000000000391460000
org.apache.commons.math.util.FastMath:ceil:(D)D#3751#2 prob_bp = 0.50000000000392920000
org.apache.commons.math.util.OpenIntToDoubleHashMap:hashOf:(I)I#479#12 prob_bp = 0.50000000000473110000
org.apache.commons.math.linear.OpenMapRealVector:<init>:(ID)V#77#21 prob_bp = 0.50000000000483550000
org.apache.commons.math.linear.OpenMapRealVector:<init>:(ID)V#77#22 prob_bp = 0.50000000000483550000
org.apache.commons.math.linear.OpenMapRealVector:<init>:(ID)V#77#23 prob_bp = 0.50000000000494860000
org.apache.commons.math.util.OpenIntToDoubleHashMap:<init>:(Lorg/apache/commons/math/util/OpenIntToDoubleHashMap;)V#134#8 prob_bp = 0.50000000000549780000
org.apache.commons.math.util.FastMath:floor:(D)D#3724#0 prob_bp = 0.50000000000561760000
org.apache.commons.math.util.FastMath:floor:(D)D#3724#1 prob_bp = 0.50000000000561760000
org.apache.commons.math.util.OpenIntToDoubleHashMap$Iterator:key:()I#529#11 prob_bp = 0.50000000000564340000
org.apache.commons.math.util.OpenIntToDoubleHashMap:hashOf:(I)I#479#17 prob_bp = 0.50000000000568530000
org.apache.commons.math.linear.OpenMapRealVector:setEntry:(ID)V#666#31 prob_bp = 0.50000000000569310000
org.apache.commons.math.linear.OpenMapRealVector:getEntry:(I)D#480#9 prob_bp = 0.50000000000620630000
org.apache.commons.math.util.FastMath:floor:(D)D#3733#29 prob_bp = 0.50000000000914340000
org.apache.commons.math.util.OpenIntToDoubleHashMap:computeCapacity:(I)I#156#6 prob_bp = 0.50000000001043990000
org.apache.commons.math.util.OpenIntToDoubleHashMap$Iterator:<init>:(Lorg/apache/commons/math/util/OpenIntToDoubleHashMap;)V#501#9 prob_bp = 0.50000000001097110000
org.apache.commons.math.util.OpenIntToDoubleHashMap:hashOf:(I)I#478#10 prob_bp = 0.50000000001240350000
org.apache.commons.math.util.OpenIntToDoubleHashMap:remove:(I)D#355#11 prob_bp = 0.50000000001292730000
org.apache.commons.math.util.OpenIntToDoubleHashMap:findInsertionIndex:(I)I#259#10 prob_bp = 0.50000000001364210000
org.apache.commons.math.util.OpenIntToDoubleHashMap:<init>:(Lorg/apache/commons/math/util/OpenIntToDoubleHashMap;)V#134#9 prob_bp = 0.50000000001659950000
org.apache.commons.math.util.FastMath:floor:(D)D#3724#2 prob_bp = 0.50000000001802900000
org.apache.commons.math.util.OpenIntToDoubleHashMap:computeCapacity:(I)I#156#7 prob_bp = 0.50000000001806400000
org.apache.commons.math.util.OpenIntToDoubleHashMap:<init>:(ID)V#122#11 prob_bp = 0.50000000002113030000
org.apache.commons.math.util.OpenIntToDoubleHashMap:containsKey:(I)Z#212#13 prob_bp = 0.50000000002279720000
org.apache.commons.math.util.OpenIntToDoubleHashMap:put:(ID)D#426#90 prob_bp = 0.50000000002297200000
org.apache.commons.math.linear.OpenMapRealVector:getEntries:()Lorg/apache/commons/math/util/OpenIntToDoubleHashMap;#208#4 prob_bp = 0.50000000002698130000
org.apache.commons.math.util.FastMath:floor:(D)D#3733#30 prob_bp = 0.50000000002806700000
org.apache.commons.math.util.FastMath:floor:(D)D#3733#31 prob_bp = 0.50000000002905750000
org.apache.commons.math.linear.OpenMapRealVector:<init>:(Lorg/apache/commons/math/linear/OpenMapRealVector;)V#180#4 prob_bp = 0.50000000002924580000
org.apache.commons.math.util.OpenIntToDoubleHashMap:<init>:(ID)V#122#13 prob_bp = 0.50000000003061800000
org.apache.commons.math.util.OpenIntToDoubleHashMap$Iterator:value:()D#546#0 prob_bp = 0.50000000003465860000
org.apache.commons.math.util.FastMath:abs:(D)D#3410#3 prob_bp = 0.50000000003645080000
org.apache.commons.math.util.OpenIntToDoubleHashMap$Iterator:advance:()V#572#45 prob_bp = 0.50000000003831810000
org.apache.commons.math.util.OpenIntToDoubleHashMap:<init>:(Lorg/apache/commons/math/util/OpenIntToDoubleHashMap;)V#139#53 prob_bp = 0.50000000003939420000
org.apache.commons.math.util.OpenIntToDoubleHashMap$Iterator:advance:()V#572#46 prob_bp = 0.50000000003986600000
org.apache.commons.math.util.OpenIntToDoubleHashMap$Iterator:<init>:(Lorg/apache/commons/math/util/OpenIntToDoubleHashMap;)V#501#14 prob_bp = 0.50000000004128910000
org.apache.commons.math.linear.OpenMapRealVector:<init>:(ID)V#75#4 prob_bp = 0.50000000004197530000
org.apache.commons.math.linear.OpenMapRealVector:<init>:(ID)V#75#5 prob_bp = 0.50000000004197530000
org.apache.commons.math.linear.OpenMapRealVector:<init>:(ID)V#75#6 prob_bp = 0.50000000004282350000
org.apache.commons.math.util.OpenIntToDoubleHashMap:computeCapacity:(I)I#156#8 prob_bp = 0.50000000004653860000
org.apache.commons.math.util.OpenIntToDoubleHashMap:<init>:(ID)V#122#10 prob_bp = 0.50000000004703050000
org.apache.commons.math.util.OpenIntToDoubleHashMap:computeCapacity:(I)I#156#10 prob_bp = 0.50000000004838520000
org.apache.commons.math.util.OpenIntToDoubleHashMap:put:(ID)D#426#97 prob_bp = 0.50000000004992060000
org.apache.commons.math.util.OpenIntToDoubleHashMap:<init>:(ID)V#122#15 prob_bp = 0.50000000005084340000
org.apache.commons.math.util.OpenIntToDoubleHashMap$Iterator:<init>:(Lorg/apache/commons/math/util/OpenIntToDoubleHashMap;)V#504#17 prob_bp = 0.50000000005328660000
org.apache.commons.math.util.OpenIntToDoubleHashMap$Iterator:key:()I#535#55 prob_bp = 0.50000000005644810000
org.apache.commons.math.linear.OpenMapRealVector:<init>:(Lorg/apache/commons/math/linear/OpenMapRealVector;)V#180#9 prob_bp = 0.50000000007105460000
org.apache.commons.math.util.OpenIntToDoubleHashMap$Iterator:<init>:(Lorg/apache/commons/math/util/OpenIntToDoubleHashMap;)V#504#18 prob_bp = 0.50000000007379410000
org.apache.commons.math.util.OpenIntToDoubleHashMap$Iterator:<init>:(Lorg/apache/commons/math/util/OpenIntToDoubleHashMap;)V#504#19 prob_bp = 0.50000000007528540000
org.apache.commons.math.util.OpenIntToDoubleHashMap$Iterator:advance:()V#568#26 prob_bp = 0.50000000007772890000
org.apache.commons.math.util.OpenIntToDoubleHashMap:<init>:(Lorg/apache/commons/math/util/OpenIntToDoubleHashMap;)V#139#54 prob_bp = 0.50000000008692680000
org.apache.commons.math.util.OpenIntToDoubleHashMap:containsKey:(I)Z#212#15 prob_bp = 0.50000000009052410000
org.apache.commons.math.util.OpenIntToDoubleHashMap:get:(I)D#182#14 prob_bp = 0.50000000009453370000
org.apache.commons.math.util.OpenIntToDoubleHashMap$Iterator:value:()D#546#1 prob_bp = 0.50000000013266470000
org.apache.commons.math.linear.OpenMapRealVector:setEntry:(ID)V#663#1 prob_bp = 0.50000000014488470000
org.apache.commons.math.util.OpenIntToDoubleHashMap$Iterator:key:()I#532#25 prob_bp = 0.50000000015573330000
org.apache.commons.math.util.OpenIntToDoubleHashMap:<init>:(Lorg/apache/commons/math/util/OpenIntToDoubleHashMap;)V#139#52 prob_bp = 0.50000000015759760000
org.apache.commons.math.util.FastMath:abs:(D)D#3410#14 prob_bp = 0.50000000018636940000
org.apache.commons.math.util.OpenIntToDoubleHashMap:<init>:(Lorg/apache/commons/math/util/OpenIntToDoubleHashMap;)V#139#56 prob_bp = 0.50000000018890410000
org.apache.commons.math.util.OpenIntToDoubleHashMap$Iterator:advance:()V#568#27 prob_bp = 0.50000000021057790000
org.apache.commons.math.linear.AbstractRealVector:checkIndex:(I)V#76#5 prob_bp = 0.50000000022271800000
org.apache.commons.math.util.OpenIntToDoubleHashMap:containsKey:(II)Z#385#14 prob_bp = 0.50000000023185610000
org.apache.commons.math.util.FastMath:floor:(D)D#3732#26 prob_bp = 0.50000000023231120000
org.apache.commons.math.util.OpenIntToDoubleHashMap:containsKey:(II)Z#385#15 prob_bp = 0.50000000027497090000
org.apache.commons.math.util.OpenIntToDoubleHashMap:<init>:(D)V#103#1 prob_bp = 0.50000000029692950000
org.apache.commons.math.linear.OpenMapRealVector:setEntry:(ID)V#663#2 prob_bp = 0.50000000039031920000
org.apache.commons.math.linear.OpenMapRealVector:getEntry:(I)D#479#1 prob_bp = 0.50000000041656260000
org.apache.commons.math.linear.OpenMapRealVector:isDefaultValue:(D)Z#220#0 prob_bp = 0.50000000044727530000
org.apache.commons.math.linear.OpenMapRealVector:getEntry:(I)D#479#2 prob_bp = 0.50000000047460720000
org.apache.commons.math.linear.OpenMapRealVector:setEntry:(ID)V#667#41 prob_bp = 0.50000000055863860000
org.apache.commons.math.util.OpenIntToDoubleHashMap$Iterator:key:()I#532#26 prob_bp = 0.50000000059844780000
org.apache.commons.math.util.OpenIntToDoubleHashMap:get:(I)D#181#6 prob_bp = 0.50000000061271090000
org.apache.commons.math.util.OpenIntToDoubleHashMap:get:(I)D#181#7 prob_bp = 0.50000000062612520000
org.apache.commons.math.util.OpenIntToDoubleHashMap:access$400:(Lorg/apache/commons/math/util/OpenIntToDoubleHashMap;)[B#40#4 prob_bp = 0.50000000063192020000
org.apache.commons.math.util.OpenIntToDoubleHashMap$Iterator:advance:()V#572#47 prob_bp = 0.50000000066221580000
org.apache.commons.math.util.FastMath:floor:(D)D#3732#27 prob_bp = 0.50000000073831890000
org.apache.commons.math.linear.OpenMapRealVector:isDefaultValue:(D)Z#220#1 prob_bp = 0.50000000074868280000
org.apache.commons.math.linear.AbstractRealVector:checkIndex:(I)V#76#6 prob_bp = 0.50000000085471530000
org.apache.commons.math.util.FastMath:floor:(D)D#3728#8 prob_bp = 0.50000000093463060000
org.apache.commons.math.linear.OpenMapRealVector:isDefaultValue:(D)Z#220#4 prob_bp = 0.50000000093697170000
org.apache.commons.math.linear.OpenMapRealVector:isDefaultValue:(D)Z#220#5 prob_bp = 0.50000000108695200000
org.apache.commons.math.util.OpenIntToDoubleHashMap:<init>:(ID)V#121#4 prob_bp = 0.50000000119151770000
org.apache.commons.math.linear.AbstractRealVector:checkVectorDimensions:(I)V#63#0 prob_bp = 0.50000000126191380000
org.apache.commons.math.util.OpenIntToDoubleHashMap:<init>:(ID)V#121#5 prob_bp = 0.50000000128923690000
org.apache.commons.math.util.FastMath:abs:(D)D#3410#21 prob_bp = 0.50000000138487550000
org.apache.commons.math.util.OpenIntToDoubleHashMap:computeCapacity:(I)I#153#0 prob_bp = 0.50000000149397530000
org.apache.commons.math.linear.AbstractRealVector:checkVectorDimensions:(I)V#63#1 prob_bp = 0.50000000162453040000
org.apache.commons.math.util.FastMath:ceil:(D)D#3755#8 prob_bp = 0.50000000183811240000
org.apache.commons.math.util.OpenIntToDoubleHashMap:computeCapacity:(I)I#153#1 prob_bp = 0.50000000199469450000
org.apache.commons.math.util.OpenIntToDoubleHashMap:get:(I)D#186#28 prob_bp = 0.50000000213804550000
org.apache.commons.math.linear.OpenMapRealVector:setEntry:(ID)V#667#42 prob_bp = 0.50000000222362670000
org.apache.commons.math.util.OpenIntToDoubleHashMap:get:(I)D#180#4 prob_bp = 0.50000000247840790000
org.apache.commons.math.util.OpenIntToDoubleHashMap:get:(I)D#181#5 prob_bp = 0.50000000269544330000
org.apache.commons.math.util.OpenIntToDoubleHashMap:get:(I)D#186#29 prob_bp = 0.50000000269793590000
org.apache.commons.math.util.FastMath:floor:(D)D#3728#9 prob_bp = 0.50000000287318420000
org.apache.commons.math.util.FastMath:floor:(D)D#3728#12 prob_bp = 0.50000000297493710000
org.apache.commons.math.util.OpenIntToDoubleHashMap:put:(ID)D#410#0 prob_bp = 0.50000000317252080000
org.apache.commons.math.util.OpenIntToDoubleHashMap$Iterator:advance:()V#572#51 prob_bp = 0.50000000317517930000
org.apache.commons.math.util.OpenIntToDoubleHashMap:get:(I)D#181#10 prob_bp = 0.50000000319396700000
org.apache.commons.math.util.FastMath:ceil:(D)D#3755#9 prob_bp = 0.50000000333115250000
org.apache.commons.math.util.FastMath:abs:(D)D#3410#22 prob_bp = 0.50000000361024450000
org.apache.commons.math.util.OpenIntToDoubleHashMap:hashOf:(I)I#478#11 prob_bp = 0.50000000546792690000
org.apache.commons.math.util.OpenIntToDoubleHashMap:hashOf:(I)I#479#18 prob_bp = 0.50000000581668540000
org.apache.commons.math.linear.OpenMapRealVector:getDimension:()I#422#0 prob_bp = 0.50000000648396050000
org.apache.commons.math.util.OpenIntToDoubleHashMap:hashOf:(I)I#479#19 prob_bp = 0.50000000675295480000
org.apache.commons.math.util.OpenIntToDoubleHashMap:hashOf:(I)I#479#20 prob_bp = 0.50000000697288580000
org.apache.commons.math.util.FastMath:floor:(D)D#3728#16 prob_bp = 0.50000000749674320000
org.apache.commons.math.linear.OpenMapRealVector:isDefaultValue:(D)Z#220#8 prob_bp = 0.50000000837940470000
org.apache.commons.math.util.OpenIntToDoubleHashMap:remove:(I)D#356#13 prob_bp = 0.50000000894999900000
org.apache.commons.math.util.OpenIntToDoubleHashMap$Iterator:advance:()V#563#1 prob_bp = 0.50000000951127700000
org.apache.commons.math.util.OpenIntToDoubleHashMap$Iterator:advance:()V#563#0 prob_bp = 0.50000001096951120000
org.apache.commons.math.util.OpenIntToDoubleHashMap:containsKey:(II)Z#385#18 prob_bp = 0.50000001227340380000
org.apache.commons.math.util.OpenIntToDoubleHashMap$Iterator:advance:()V#568#25 prob_bp = 0.50000001229285960000
org.apache.commons.math.util.OpenIntToDoubleHashMap:containsKey:(II)Z#385#19 prob_bp = 0.50000001483524190000
org.apache.commons.math.linear.OpenMapRealVector:<init>:(Lorg/apache/commons/math/linear/OpenMapRealVector;)V#181#12 prob_bp = 0.50000001638138010000
org.apache.commons.math.util.OpenIntToDoubleHashMap:hashOf:(I)I#479#21 prob_bp = 0.50000001886646660000
org.apache.commons.math.util.OpenIntToDoubleHashMap:containsKey:(II)Z#385#10 prob_bp = 0.50000002010024000000
org.apache.commons.math.linear.OpenMapRealVector:<init>:(Lorg/apache/commons/math/linear/OpenMapRealVector;)V#181#24 prob_bp = 0.50000002053050450000
org.apache.commons.math.util.OpenIntToDoubleHashMap:containsKey:(II)Z#385#11 prob_bp = 0.50000002090968050000
org.apache.commons.math.linear.OpenMapRealVector:getDimension:()I#422#1 prob_bp = 0.50000002260847210000
org.apache.commons.math.util.FastMath:floor:(D)D#3728#17 prob_bp = 0.50000002302094100000
org.apache.commons.math.linear.AbstractRealVector:checkIndex:(I)V#76#0 prob_bp = 0.50000002311668910000
org.apache.commons.math.util.FastMath:floor:(D)D#3733#32 prob_bp = 0.50000002381994140000
org.apache.commons.math.util.FastMath:floor:(D)D#3728#20 prob_bp = 0.50000002383486040000
org.apache.commons.math.util.OpenIntToDoubleHashMap:<init>:(ID)V#124#27 prob_bp = 0.50000003192553120000
org.apache.commons.math.util.FastMath:ceil:(D)D#3756#13 prob_bp = 0.50000003199142250000
org.apache.commons.math.util.OpenIntToDoubleHashMap:remove:(I)D#356#15 prob_bp = 0.50000003249750800000
org.apache.commons.math.util.FastMath:ceil:(D)D#3751#3 prob_bp = 0.50000003475628230000
org.apache.commons.math.util.OpenIntToDoubleHashMap$Iterator:advance:()V#568#30 prob_bp = 0.50000003558867460000
org.apache.commons.math.util.OpenIntToDoubleHashMap$Iterator:value:()D#546#11 prob_bp = 0.50000003945789930000
org.apache.commons.math.util.FastMath:floor:(D)D#3741#57 prob_bp = 0.50000004010947000000
org.apache.commons.math.util.OpenIntToDoubleHashMap:findInsertionIndex:(I)I#259#4 prob_bp = 0.50000004400106720000
org.apache.commons.math.util.OpenIntToDoubleHashMap:computeCapacity:(I)I#156#11 prob_bp = 0.50000004572659820000
org.apache.commons.math.util.OpenIntToDoubleHashMap:<init>:(ID)V#124#29 prob_bp = 0.50000004632702500000
org.apache.commons.math.util.OpenIntToDoubleHashMap:computeCapacity:(I)I#156#12 prob_bp = 0.50000004936101220000
org.apache.commons.math.linear.OpenMapRealVector:getEntry:(I)D#480#5 prob_bp = 0.50000005569506330000
org.apache.commons.math.util.FastMath:ceil:(D)D#3756#14 prob_bp = 0.50000006197906610000
org.apache.commons.math.util.FastMath:floor:(D)D#3741#58 prob_bp = 0.50000006683471450000
org.apache.commons.math.util.OpenIntToDoubleHashMap:<init>:(ID)V#124#26 prob_bp = 0.50000007041078940000
org.apache.commons.math.util.OpenIntToDoubleHashMap:<init>:(ID)V#124#31 prob_bp = 0.50000007680848720000
org.apache.commons.math.linear.OpenMapRealVector:getEntry:(I)D#480#6 prob_bp = 0.50000008098704670000
org.apache.commons.math.util.OpenIntToDoubleHashMap:iterator:()Lorg/apache/commons/math/util/OpenIntToDoubleHashMap$Iterator;#241#9 prob_bp = 0.50000008392839370000
org.apache.commons.math.util.OpenIntToDoubleHashMap:containsKey:(II)Z#385#0 prob_bp = 0.50000008430087370000
org.apache.commons.math.linear.AbstractRealVector:checkIndex:(I)V#76#1 prob_bp = 0.50000009695339800000
org.apache.commons.math.util.FastMath:ceil:(D)D#3756#15 prob_bp = 0.50000011159515430000
org.apache.commons.math.util.OpenIntToDoubleHashMap:containsKey:(II)Z#385#1 prob_bp = 0.50000013176142060000
org.apache.commons.math.linear.OpenMapRealVector:<init>:(Lorg/apache/commons/math/linear/OpenMapRealVector;)V#181#16 prob_bp = 0.50000015693799850000
org.apache.commons.math.util.OpenIntToDoubleHashMap:findInsertionIndex:(I)I#259#5 prob_bp = 0.50000016046093490000
org.apache.commons.math.util.FastMath:floor:(D)D#3741#59 prob_bp = 0.50000016124137920000
org.apache.commons.math.util.OpenIntToDoubleHashMap:put:(ID)D#410#1 prob_bp = 0.50000016406165520000
org.apache.commons.math.util.OpenIntToDoubleHashMap:get:(I)D#186#32 prob_bp = 0.50000016708081340000
org.apache.commons.math.linear.OpenMapRealVector:<init>:(Lorg/apache/commons/math/linear/OpenMapRealVector;)V#181#13 prob_bp = 0.50000017082223380000
org.apache.commons.math.util.FastMath:floor:(D)D#3732#28 prob_bp = 0.50000017780664340000
org.apache.commons.math.util.OpenIntToDoubleHashMap$Iterator:key:()I#532#29 prob_bp = 0.50000017886642330000
org.apache.commons.math.linear.OpenMapRealVector:<init>:(Lorg/apache/commons/math/linear/OpenMapRealVector;)V#181#21 prob_bp = 0.50000017993684920000
org.apache.commons.math.util.FastMath:floor:(D)D#3733#32#unexe#2 prob_bp = 0.50000019032422390000
org.apache.commons.math.util.FastMath:floor:(D)D#3737#46 prob_bp = 0.50000019446109860000
org.apache.commons.math.util.OpenIntToDoubleHashMap:get:(I)D#182#13 prob_bp = 0.50000019595953090000
org.apache.commons.math.util.OpenIntToDoubleHashMap:get:(I)D#186#33 prob_bp = 0.50000021269520900000
org.apache.commons.math.util.OpenIntToDoubleHashMap:<init>:(ID)V#126#40 prob_bp = 0.50000024711731240000
org.apache.commons.math.util.FastMath:floor:(D)D#3724#3 prob_bp = 0.50000030333180050000
org.apache.commons.math.util.FastMath:floor:(D)D#3737#47 prob_bp = 0.50000031305060520000
org.apache.commons.math.util.FastMath:floor:(D)D#3737#48 prob_bp = 0.50000032411597200000
org.apache.commons.math.util.OpenIntToDoubleHashMap:<init>:(ID)V#126#42 prob_bp = 0.50000034972819280000
org.apache.commons.math.util.OpenIntToDoubleHashMap:<init>:(ID)V#126#43 prob_bp = 0.50000035711359000000
org.apache.commons.math.util.OpenIntToDoubleHashMap:put:(ID)D#410#2 prob_bp = 0.50000036018683040000
org.apache.commons.math.util.FastMath:ceil:(D)D#3755#12 prob_bp = 0.50000049473190080000
org.apache.commons.math.util.OpenIntToDoubleHashMap:get:(I)D#182#15 prob_bp = 0.50000051660226160000
org.apache.commons.math.util.OpenIntToDoubleHashMap:iterator:()Lorg/apache/commons/math/util/OpenIntToDoubleHashMap$Iterator;#241#3 prob_bp = 0.50000057616531980000
org.apache.commons.math.util.OpenIntToDoubleHashMap:iterator:()Lorg/apache/commons/math/util/OpenIntToDoubleHashMap$Iterator;#241#6 prob_bp = 0.50000059921439160000
org.apache.commons.math.util.OpenIntToDoubleHashMap:iterator:()Lorg/apache/commons/math/util/OpenIntToDoubleHashMap$Iterator;#241#0 prob_bp = 0.50000064551634160000
org.apache.commons.math.util.OpenIntToDoubleHashMap$Iterator:<init>:(Lorg/apache/commons/math/util/OpenIntToDoubleHashMap;Lorg/apache/commons/math/util/OpenIntToDoubleHashMap$1;)V#484#0 prob_bp = 0.50000064577847470000
org.apache.commons.math.linear.OpenMapRealVector:setEntry:(ID)V#665#13 prob_bp = 0.50000072550172460000
org.apache.commons.math.util.OpenIntToDoubleHashMap$Iterator:<init>:(Lorg/apache/commons/math/util/OpenIntToDoubleHashMap;Lorg/apache/commons/math/util/OpenIntToDoubleHashMap$1;)V#484#2 prob_bp = 0.50000073984842140000
org.apache.commons.math.linear.OpenMapRealVector:<init>:(ID)V#76#13 prob_bp = 0.50000077806202830000
org.apache.commons.math.util.OpenIntToDoubleHashMap:<init>:(ID)V#126#39 prob_bp = 0.50000078067433030000
org.apache.commons.math.util.OpenIntToDoubleHashMap$Iterator:advance:()V#572#52 prob_bp = 0.50000078424731590000
org.apache.commons.math.linear.OpenMapRealVector:<init>:(ID)V#76#9 prob_bp = 0.50000078671397910000
org.apache.commons.math.linear.OpenMapRealVector:<init>:(ID)V#76#18 prob_bp = 0.50000080260719690000
org.apache.commons.math.util.OpenIntToDoubleHashMap$Iterator:advance:()V#572#53 prob_bp = 0.50000081591357650000
org.apache.commons.math.util.OpenIntToDoubleHashMap:<init>:(ID)V#126#44 prob_bp = 0.50000083749790790000
org.apache.commons.math.util.OpenIntToDoubleHashMap:<init>:(D)V#103#0 prob_bp = 0.50000087262971360000
org.apache.commons.math.linear.OpenMapRealVector:setEntry:(ID)V#665#14 prob_bp = 0.50000092973472020000
org.apache.commons.math.util.OpenIntToDoubleHashMap$Iterator:<init>:(Lorg/apache/commons/math/util/OpenIntToDoubleHashMap;)V#506#22 prob_bp = 0.50000092982847470000
org.apache.commons.math.util.OpenIntToDoubleHashMap:findInsertionIndex:(I)I#259#8 prob_bp = 0.50000102354237310000
org.apache.commons.math.util.OpenIntToDoubleHashMap$Iterator:value:()D#549#25 prob_bp = 0.50000109767690340000
org.apache.commons.math.linear.OpenMapRealVector:<init>:(ID)V#76#14 prob_bp = 0.50000115598425480000
org.apache.commons.math.util.OpenIntToDoubleHashMap:<init>:(D)V#103#3 prob_bp = 0.50000122655182010000
org.apache.commons.math.util.OpenIntToDoubleHashMap:<init>:(ID)V#125#34 prob_bp = 0.50000125573376060000
org.apache.commons.math.util.OpenIntToDoubleHashMap$Iterator:<init>:(Lorg/apache/commons/math/util/OpenIntToDoubleHashMap;)V#506#23 prob_bp = 0.50000131371951810000
org.apache.commons.math.util.OpenIntToDoubleHashMap:<init>:(ID)V#125#35 prob_bp = 0.50000151450636900000
org.apache.commons.math.linear.OpenMapRealVector:<init>:(ID)V#76#10 prob_bp = 0.50000154936641690000
org.apache.commons.math.linear.OpenMapRealVector:isDefaultValue:(D)Z#220#12 prob_bp = 0.50000155833085980000
org.apache.commons.math.util.FastMath:ceil:(D)D#3757#19 prob_bp = 0.50000164079298730000
org.apache.commons.math.linear.OpenMapRealVector:<init>:(ID)V#76#15 prob_bp = 0.50000198852126170000
org.apache.commons.math.util.OpenIntToDoubleHashMap:<init>:(ID)V#125#36 prob_bp = 0.50000229244557540000
org.apache.commons.math.util.OpenIntToDoubleHashMap:<init>:(D)V#103#4 prob_bp = 0.50000232204807180000
org.apache.commons.math.util.FastMath:floor:(D)D#3728#13 prob_bp = 0.50000244970101290000
org.apache.commons.math.util.OpenIntToDoubleHashMap:containsKey:(II)Z#385#20 prob_bp = 0.50000350720833800000
org.apache.commons.math.util.OpenIntToDoubleHashMap:put:(ID)D#412#13 prob_bp = 0.50000399563049560000
org.apache.commons.math.util.OpenIntToDoubleHashMap:put:(ID)D#412#14 prob_bp = 0.50000415662832490000
org.apache.commons.math.util.OpenIntToDoubleHashMap$Iterator:value:()D#549#26 prob_bp = 0.50000420198354530000
org.apache.commons.math.util.OpenIntToDoubleHashMap:findInsertionIndex:([I[BII)I#273#8 prob_bp = 0.50000462479182470000
org.apache.commons.math.util.OpenIntToDoubleHashMap:put:(ID)D#413#18#unexe#7 prob_bp = 0.50000480534494660000
org.apache.commons.math.linear.AbstractRealVector:checkIndex:(I)V#76#4 prob_bp = 0.50000491795586220000
org.apache.commons.math.linear.OpenMapRealVector:getDimension:()I#422#4 prob_bp = 0.50000555728069010000
org.apache.commons.math.util.FastMath:ceil:(D)D#3757#20 prob_bp = 0.50000570844178350000
org.apache.commons.math.linear.AbstractRealVector:checkVectorDimensions:(I)V#63#4 prob_bp = 0.50000725494585460000
org.apache.commons.math.util.OpenIntToDoubleHashMap:put:(ID)D#421#64 prob_bp = 0.50000741753265250000
org.apache.commons.math.util.OpenIntToDoubleHashMap:hashOf:(I)I#479#22 prob_bp = 0.50000769383766190000
org.apache.commons.math.linear.OpenMapRealVector:getEntry:(I)D#480#10 prob_bp = 0.50000770856957770000
org.apache.commons.math.util.OpenIntToDoubleHashMap:findInsertionIndex:([I[BII)I#272#4 prob_bp = 0.50000819184652800000
org.apache.commons.math.util.OpenIntToDoubleHashMap:containsKey:(II)Z#385#21 prob_bp = 0.50000892244455560000
org.apache.commons.math.util.OpenIntToDoubleHashMap:findInsertionIndex:([I[BII)I#273#6 prob_bp = 0.50000982366393550000
org.apache.commons.math.util.OpenIntToDoubleHashMap:get:(I)D#181#11 prob_bp = 0.50001057705158520000
org.apache.commons.math.linear.OpenMapRealVector:setEntry:(ID)V#665#19 prob_bp = 0.50001195322969000000
org.apache.commons.math.util.OpenIntToDoubleHashMap:findInsertionIndex:([I[BII)I#273#9 prob_bp = 0.50001514565401600000
org.apache.commons.math.util.OpenIntToDoubleHashMap:put:(ID)D#421#66 prob_bp = 0.50001794301783320000
org.apache.commons.math.util.FastMath:floor:(D)D#3728#21 prob_bp = 0.50001955152179020000
org.apache.commons.math.util.OpenIntToDoubleHashMap:computeCapacity:(I)I#156#15 prob_bp = 0.50002002721239490000
org.apache.commons.math.linear.AbstractRealVector:checkIndex:(I)V#76#9 prob_bp = 0.50002058804640190000
org.apache.commons.math.util.OpenIntToDoubleHashMap:put:(ID)D#413#18#unexe#4 prob_bp = 0.50002532371495800000
org.apache.commons.math.linear.AbstractRealVector:checkVectorDimensions:(I)V#64#5 prob_bp = 0.50003061918003900000
org.apache.commons.math.util.OpenIntToDoubleHashMap:get:(I)D#187#37 prob_bp = 0.50003853165993830000
org.apache.commons.math.util.OpenIntToDoubleHashMap:findInsertionIndex:(I)I#259#13 prob_bp = 0.50004534878249620000
org.apache.commons.math.util.OpenIntToDoubleHashMap:containsKey:(I)Z#212#18 prob_bp = 0.50004802928213980000
org.apache.commons.math.linear.OpenMapRealVector:setEntry:(ID)V#664#10 prob_bp = 0.50006308431095610000
org.apache.commons.math.linear.OpenMapRealVector:isDefaultValue:(D)Z#220#9 prob_bp = 0.50009123131950040000
org.apache.commons.math.util.OpenIntToDoubleHashMap:put:(ID)D#420#60 prob_bp = 0.50010221073228990000
org.apache.commons.math.linear.AbstractRealVector:checkVectorDimensions:(I)V#64#6 prob_bp = 0.50010805277018470000
org.apache.commons.math.linear.AbstractRealVector:checkVectorDimensions:(I)V#64#7 prob_bp = 0.50012467543497150000
org.apache.commons.math.util.OpenIntToDoubleHashMap:computeCapacity:(I)I#157#17 prob_bp = 0.50013349890231760000
org.apache.commons.math.util.OpenIntToDoubleHashMap:get:(I)D#187#38 prob_bp = 0.50013485303499880000
org.apache.commons.math.util.FastMath:floor:(D)D#3737#49 prob_bp = 0.50015518027803720000
org.apache.commons.math.util.OpenIntToDoubleHashMap:computeCapacity:(I)I#157#18 prob_bp = 0.50016411234749920000
org.apache.commons.math.util.OpenIntToDoubleHashMap:put:(ID)D#420#56 prob_bp = 0.50017299969751850000
org.apache.commons.math.util.OpenIntToDoubleHashMap:put:(ID)D#420#57 prob_bp = 0.50018607334069840000
org.apache.commons.math.util.OpenIntToDoubleHashMap:findInsertionIndex:([I[BII)I#274#12 prob_bp = 0.50019366912361660000
org.apache.commons.math.util.OpenIntToDoubleHashMap:remove:(I)D#357#21 prob_bp = 0.50020438009621740000
org.apache.commons.math.util.OpenIntToDoubleHashMap:put:(ID)D#420#62 prob_bp = 0.50020981398174990000
org.apache.commons.math.util.OpenIntToDoubleHashMap:containsKey:(II)Z#385#28 prob_bp = 0.50022930434534470000
org.apache.commons.math.util.OpenIntToDoubleHashMap:remove:(I)D#357#23 prob_bp = 0.50023414872851340000
org.apache.commons.math.util.OpenIntToDoubleHashMap:findInsertionIndex:(I)I#259#16 prob_bp = 0.50025434788608210000
org.apache.commons.math.util.OpenIntToDoubleHashMap:put:(ID)D#420#63 prob_bp = 0.50025816923526780000
org.apache.commons.math.util.OpenIntToDoubleHashMap:computeCapacity:(I)I#157#21 prob_bp = 0.50027216030178360000
org.apache.commons.math.util.OpenIntToDoubleHashMap:put:(ID)D#410#5 prob_bp = 0.50031816021300060000
org.apache.commons.math.util.OpenIntToDoubleHashMap:put:(ID)D#413#16 prob_bp = 0.50044852387171030000
org.apache.commons.math.util.OpenIntToDoubleHashMap:containsKey:(I)Z#213#21 prob_bp = 0.50048603641975150000
org.apache.commons.math.util.OpenIntToDoubleHashMap:containsKey:(I)Z#213#22 prob_bp = 0.50050503382260040000
org.apache.commons.math.linear.OpenMapRealVector:isDefaultValue:(D)Z#220#16 prob_bp = 0.50050965772834390000
org.apache.commons.math.linear.OpenMapRealVector:isDefaultValue:(D)Z#220#17 prob_bp = 0.50052815513189230000
org.apache.commons.math.linear.OpenMapRealVector:setEntry:(ID)V#666#34 prob_bp = 0.50057929035892560000
org.apache.commons.math.util.OpenIntToDoubleHashMap:findInsertionIndex:([I[BII)I#274#13 prob_bp = 0.50062054974499990000
org.apache.commons.math.util.OpenIntToDoubleHashMap:computeCapacity:(I)I#158#22 prob_bp = 0.50065317989070050000
org.apache.commons.math.util.OpenIntToDoubleHashMap:put:(ID)D#413#18 prob_bp = 0.50071485208284630000
org.apache.commons.math.util.OpenIntToDoubleHashMap:findInsertionIndex:([I[BII)I#274#15 prob_bp = 0.50074627524962870000
org.apache.commons.math.util.FastMath:ceil:(D)D#3756#16 prob_bp = 0.50123553027558860000
org.apache.commons.math.util.OpenIntToDoubleHashMap$Iterator:value:()D#549#29 prob_bp = 0.50125109873557290000
org.apache.commons.math.util.OpenIntToDoubleHashMap:computeCapacity:(I)I#158#23 prob_bp = 0.50162260611527400000
org.apache.commons.math.util.OpenIntToDoubleHashMap:get:(I)D#186#34 prob_bp = 0.50166123540563010000
org.apache.commons.math.util.OpenIntToDoubleHashMap:computeCapacity:(I)I#158#24 prob_bp = 0.50199274586408120000
org.apache.commons.math.util.OpenIntToDoubleHashMap:computeCapacity:(I)I#159#27 prob_bp = 0.50360447221151840000
org.apache.commons.math.util.OpenIntToDoubleHashMap:computeCapacity:(I)I#159#28 prob_bp = 0.50410315583593530000
org.apache.commons.math.util.OpenIntToDoubleHashMap:computeCapacity:(I)I#156#16 prob_bp = 0.50498453494882520000
org.apache.commons.math.util.OpenIntToDoubleHashMap:<init>:(ID)V#121#8 prob_bp = 0.50515664784216800000
org.apache.commons.math.util.OpenIntToDoubleHashMap:<init>:(ID)V#123#19 prob_bp = 0.50738222209911120000
org.apache.commons.math.util.OpenIntToDoubleHashMap:<init>:(ID)V#123#21 prob_bp = 0.51208551149218970000
org.apache.commons.math.util.OpenIntToDoubleHashMap:remove:(I)D#356#18 prob_bp = 0.51580294047063560000
org.apache.commons.math.util.OpenIntToDoubleHashMap:<init>:(ID)V#123#18 prob_bp = 0.52037096272117890000
org.apache.commons.math.util.OpenIntToDoubleHashMap:<init>:(ID)V#123#23 prob_bp = 0.52202886178214210000
org.apache.commons.math.util.OpenIntToDoubleHashMap:get:(I)D#187#41 prob_bp = 0.53010282619356540000
org.apache.commons.math.util.OpenIntToDoubleHashMap:findInsertionIndex:([I[BII)I#274#16 prob_bp = 0.53409235444659210000
org.apache.commons.math.util.OpenIntToDoubleHashMap:findInsertionIndex:([I[BII)I#273#10 prob_bp = 0.61910934423334110000
org.apache.commons.math.linear.OpenMapRealVector:getEntry:(I)D#480#13 prob_bp = 0.62715021904525900000
org.apache.commons.math.util.OpenIntToDoubleHashMap:findInsertionIndex:([I[BII)I#275#19 prob_bp = 0.62829337810618870000
org.apache.commons.math.util.OpenIntToDoubleHashMap:get:(I)D#182#18 prob_bp = 0.63229814143057730000
org.apache.commons.math.util.OpenIntToDoubleHashMap:findInsertionIndex:([I[BII)I#275#21 prob_bp = 0.64870866413022180000
org.apache.commons.math.util.OpenIntToDoubleHashMap:containsKey:(II)Z#385#24 prob_bp = 0.66291282920467440000
org.apache.commons.math.util.OpenIntToDoubleHashMap:containsKey:(II)Z#385#29 prob_bp = 0.66703478133157530000
org.apache.commons.math.util.OpenIntToDoubleHashMap$Iterator:advance:()V#564#14 prob_bp = 0.99000195417058160000
org.apache.commons.math.util.OpenIntToDoubleHashMap$Iterator:advance:()V#564#17 prob_bp = 0.99000195417058160000
org.apache.commons.math.util.OpenIntToDoubleHashMap$Iterator:advance:()V#564#18 prob_bp = 0.99009900989323040000
org.apache.commons.math.util.OpenIntToDoubleHashMap$Iterator:advance:()V#564#21 prob_bp = 0.99009900989323040000
org.apache.commons.math.util.OpenIntToDoubleHashMap$Iterator:advance:()V#564#24 prob_bp = 0.99990000999868980000
org.apache.commons.math.linear.SparseRealVectorTest:testConcurrentModification:()V#1005#0 prob_bp = 1.00000000000000000000
org.apache.commons.math.linear.SparseRealVectorTest:testConcurrentModification:()V#1005#3 prob_bp = 1.00000000000000000000
org.apache.commons.math.linear.SparseRealVectorTest:testConcurrentModification:()V#1005#4 prob_bp = 1.00000000000000000000
org.apache.commons.math.linear.SparseRealVectorTest:testConcurrentModification:()V#1005#5 prob_bp = 1.00000000000000000000
org.apache.commons.math.linear.SparseRealVectorTest:testConcurrentModification:()V#1005#8 prob_bp = 1.00000000000000000000
org.apache.commons.math.linear.SparseRealVectorTest:testConcurrentModification:()V#1005#11 prob_bp = 1.00000000000000000000
org.apache.commons.math.linear.SparseRealVectorTest:testConcurrentModification:()V#1006#12 prob_bp = 1.00000000000000000000
org.apache.commons.math.linear.SparseRealVectorTest:testConcurrentModification:()V#1006#13 prob_bp = 1.00000000000000000000
org.apache.commons.math.linear.SparseRealVectorTest:testConcurrentModification:()V#1006#14 prob_bp = 1.00000000000000000000
org.apache.commons.math.linear.SparseRealVectorTest:testConcurrentModification:()V#1006#15 prob_bp = 1.00000000000000000000
org.apache.commons.math.linear.SparseRealVectorTest:testConcurrentModification:()V#1007#20 prob_bp = 1.00000000000000000000
org.apache.commons.math.linear.SparseRealVectorTest:testConcurrentModification:()V#1007#21 prob_bp = 1.00000000000000000000
org.apache.commons.math.linear.SparseRealVectorTest:testConcurrentModification:()V#1007#22 prob_bp = 1.00000000000000000000
org.apache.commons.math.linear.SparseRealVectorTest:testConcurrentModification:()V#1007#23 prob_bp = 1.00000000000000000000
org.apache.commons.math.linear.SparseRealVectorTest:testConcurrentModification:()V#1008#28 prob_bp = 1.00000000000000000000
org.apache.commons.math.linear.SparseRealVectorTest:testConcurrentModification:()V#1008#29 prob_bp = 1.00000000000000000000
org.apache.commons.math.linear.SparseRealVectorTest:testConcurrentModification:()V#1008#30 prob_bp = 1.00000000000000000000
org.apache.commons.math.linear.SparseRealVectorTest:testConcurrentModification:()V#1008#33 prob_bp = 1.00000000000000000000
org.apache.commons.math.linear.SparseRealVectorTest:testConcurrentModification:()V#1010#38 prob_bp = 1.00000000000000000000
org.apache.commons.math.linear.SparseRealVectorTest:testConcurrentModification:()V#1010#41 prob_bp = 1.00000000000000000000
org.apache.commons.math.linear.SparseRealVectorTest:testConcurrentModification:()V#1010#42 prob_bp = 1.00000000000000000000
org.apache.commons.math.linear.SparseRealVectorTest:testConcurrentModification:()V#1010#43 prob_bp = 1.00000000000000000000
org.apache.commons.math.linear.SparseRealVectorTest:testConcurrentModification:()V#1010#46 prob_bp = 1.00000000000000000000
org.apache.commons.math.linear.SparseRealVectorTest:testConcurrentModification:()V#1010#49 prob_bp = 1.00000000000000000000
org.apache.commons.math.linear.SparseRealVectorTest:testConcurrentModification:()V#1012#54 prob_bp = 1.00000000000000000000
org.apache.commons.math.linear.SparseRealVectorTest:testConcurrentModification:()V#1012#55 prob_bp = 1.00000000000000000000
org.apache.commons.math.linear.SparseRealVectorTest:testConcurrentModification:()V#1012#56 prob_bp = 1.00000000000000000000
org.apache.commons.math.linear.SparseRealVectorTest:testConcurrentModification:()V#1012#57 prob_bp = 1.00000000000000000000
org.apache.commons.math.linear.SparseRealVectorTest:testConcurrentModification:()V#1014#66 prob_bp = 1.00000000000000000000
org.apache.commons.math.linear.SparseRealVectorTest:testConcurrentModification:()V#1014#67 prob_bp = 1.00000000000000000000
org.apache.commons.math.linear.SparseRealVectorTest:testConcurrentModification:()V#1014#68 prob_bp = 1.00000000000000000000
org.apache.commons.math.linear.SparseRealVectorTest:testConcurrentModification:()V#1014#71 prob_bp = 1.00000000000000000000
org.apache.commons.math.linear.SparseRealVectorTest:testConcurrentModification:()V#1016#82 prob_bp = 1.00000000000000000000
org.apache.commons.math.linear.SparseRealVectorTest:testConcurrentModification:()V#1016#83 prob_bp = 1.00000000000000000000
org.apache.commons.math.linear.SparseRealVectorTest:testConcurrentModification:()V#1016#84 prob_bp = 1.00000000000000000000
org.apache.commons.math.linear.SparseRealVectorTest:testConcurrentModification:()V#1016#85 prob_bp = 1.00000000000000000000
org.apache.commons.math.linear.SparseRealVectorTest:testConcurrentModification:()V#1021#94 prob_bp = 1.00000000000000000000
org.apache.commons.math.linear.SparseRealVectorTest:testConcurrentModification:()V#1021#95 prob_bp = 1.00000000000000000000
org.apache.commons.math.linear.SparseRealVectorTest:testConcurrentModification:()V#1021#96 prob_bp = 1.00000000000000000000
Belief propagation time : 728.639000s
