Belief propagation time: 76

Probabilities: 
Vars:1246556
Stmts:4190
org.apache.commons.lang3.math.Fraction:getNumerator:()I#373#4 prob_bp = 0.49941298171125470000
org.apache.commons.lang3.math.Fraction:reduce:()Lorg/apache/commons/lang3/math/Fraction;#479#42 prob_bp = 0.49999623427770070000
org.apache.commons.lang3.math.Fraction:reduce:()Lorg/apache/commons/lang3/math/Fraction;#479#41 prob_bp = 0.49999638040064126000
org.apache.commons.lang3.math.Fraction:getNumerator:()I#373#1 prob_bp = 0.49999764114835626000
org.apache.commons.lang3.math.Fraction:reduce:()Lorg/apache/commons/lang3/math/Fraction;#479#40 prob_bp = 0.49999844841618635000
org.apache.commons.lang3.math.Fraction:reduce:()Lorg/apache/commons/lang3/math/Fraction;#478#39 prob_bp = 0.49999899687634697000
org.apache.commons.lang3.math.Fraction:getNumerator:()I#373#0 prob_bp = 0.49999902256867880000
org.apache.commons.lang3.math.Fraction:greatestCommonDivisor:(II)I#585#17 prob_bp = 0.49999913313514000000
org.apache.commons.lang3.math.Fraction:greatestCommonDivisor:(II)I#585#16 prob_bp = 0.49999916678007716000
org.apache.commons.lang3.math.Fraction:reduce:()Lorg/apache/commons/lang3/math/Fraction;#480#46 prob_bp = 0.49999998795991620000
org.apache.commons.lang3.math.Fraction:reduce:()Lorg/apache/commons/lang3/math/Fraction;#480#45 prob_bp = 0.49999999361042400000
org.apache.commons.lang3.math.Fraction:getReducedFraction:(II)Lorg/apache/commons/lang3/math/Fraction;#226#55 prob_bp = 0.49999999981034930000
org.apache.commons.lang3.math.Fraction:getReducedFraction:(II)Lorg/apache/commons/lang3/math/Fraction;#226#53 prob_bp = 0.49999999981770620000
org.apache.commons.lang3.math.Fraction:reduce:()Lorg/apache/commons/lang3/math/Fraction;#478#36 prob_bp = 0.49999999985607047000
org.apache.commons.lang3.math.Fraction:getReducedFraction:(II)Lorg/apache/commons/lang3/math/Fraction;#226#52 prob_bp = 0.49999999991830124000
org.apache.commons.lang3.math.Fraction:reduce:()Lorg/apache/commons/lang3/math/Fraction;#475#4 prob_bp = 0.49999999994134990000
org.apache.commons.lang3.math.Fraction:getReducedFraction:(II)Lorg/apache/commons/lang3/math/Fraction;#222#31#unexe#1 prob_bp = 0.49999999995170197000
org.apache.commons.lang3.math.Fraction:getReducedFraction:(II)Lorg/apache/commons/lang3/math/Fraction;#215#0 prob_bp = 0.49999999996479755000
org.apache.commons.lang3.math.Fraction:reduce:()Lorg/apache/commons/lang3/math/Fraction;#478#29 prob_bp = 0.49999999997126130000
org.apache.commons.lang3.math.Fraction:reduce:()Lorg/apache/commons/lang3/math/Fraction;#476#11 prob_bp = 0.49999999998830290000
org.apache.commons.lang3.math.Fraction:reduce:()Lorg/apache/commons/lang3/math/Fraction;#476#8 prob_bp = 0.49999999998916810000
org.apache.commons.lang3.math.Fraction:<clinit>:()V#52#9 prob_bp = 0.49999999998938290000
org.apache.commons.lang3.math.Fraction:getReducedFraction:(II)Lorg/apache/commons/lang3/math/Fraction;#222#31 prob_bp = 0.49999999999457134000
org.apache.commons.lang3.math.Fraction:getReducedFraction:(II)Lorg/apache/commons/lang3/math/Fraction;#226#49 prob_bp = 0.49999999999948225000
org.apache.commons.lang3.math.Fraction:getReducedFraction:(II)Lorg/apache/commons/lang3/math/Fraction;#215#1 prob_bp = 0.49999999999948390000
org.apache.commons.lang3.math.Fraction:getReducedFraction:(II)Lorg/apache/commons/lang3/math/Fraction;#226#47 prob_bp = 0.49999999999950223000
org.apache.commons.lang3.math.Fraction:reduce:()Lorg/apache/commons/lang3/math/Fraction;#475#1 prob_bp = 0.49999999999967360000
org.apache.commons.lang3.math.Fraction:getReducedFraction:(II)Lorg/apache/commons/lang3/math/Fraction;#226#46 prob_bp = 0.49999999999977650000
org.apache.commons.lang3.math.Fraction:reduce:()Lorg/apache/commons/lang3/math/Fraction;#475#0 prob_bp = 0.49999999999982464000
org.apache.commons.lang3.math.Fraction:reduce:()Lorg/apache/commons/lang3/math/Fraction;#478#26 prob_bp = 0.49999999999984435000
org.apache.commons.lang3.math.Fraction:getReducedFraction:(II)Lorg/apache/commons/lang3/math/Fraction;#222#31#unexe#0 prob_bp = 0.49999999999986790000
org.apache.commons.lang3.math.Fraction:reduce:()Lorg/apache/commons/lang3/math/Fraction;#478#25 prob_bp = 0.49999999999991690000
org.apache.commons.lang3.math.Fraction:getReducedFraction:(II)Lorg/apache/commons/lang3/math/Fraction;#222#30 prob_bp = 0.49999999999997374000
org.apache.commons.lang3.math.Fraction:getReducedFraction:(II)Lorg/apache/commons/lang3/math/Fraction;#222#29 prob_bp = 0.49999999999997470000
org.apache.commons.lang3.math.Fraction:getReducedFraction:(II)Lorg/apache/commons/lang3/math/Fraction;#222#28 prob_bp = 0.49999999999997724000
org.apache.commons.lang3.math.Fraction:greatestCommonDivisor:(II)I#595#43#unexe#1 prob_bp = 0.49999999999999506000
org.apache.commons.lang3.math.Fraction:greatestCommonDivisor:(II)I#603#95 prob_bp = 0.49999999999999750000
org.apache.commons.lang3.math.Fraction:greatestCommonDivisor:(II)I#623#136 prob_bp = 0.49999999999999830000
org.apache.commons.lang3.math.Fraction:reduce:()Lorg/apache/commons/lang3/math/Fraction;#476#7 prob_bp = 0.49999999999999944000
org.apache.commons.lang3.math.Fraction:greatestCommonDivisor:(II)I#614#117 prob_bp = 0.49999999999999960000
org.apache.commons.lang3.math.Fraction:getReducedFraction:(II)Lorg/apache/commons/lang3/math/Fraction;#230#70 prob_bp = 0.49999999999999990000
org.apache.commons.lang3.math.Fraction:reduce:()Lorg/apache/commons/lang3/math/Fraction;#478#32 prob_bp = 0.49999999999999994000
org.apache.commons.lang3.math.Fraction:getReducedFraction:(II)Lorg/apache/commons/lang3/math/Fraction;#230#69 prob_bp = 0.49999999999999994000
org.apache.commons.lang3.math.Fraction:getReducedFraction:(II)Lorg/apache/commons/lang3/math/Fraction;#231#73 prob_bp = 0.49999999999999994000
org.apache.commons.lang3.math.Fraction:getReducedFraction:(II)Lorg/apache/commons/lang3/math/Fraction;#223#37 prob_bp = 0.49999999999999994000
org.apache.commons.lang3.math.Fraction:getReducedFraction:(II)Lorg/apache/commons/lang3/math/Fraction;#223#41 prob_bp = 0.49999999999999994000
org.apache.commons.lang3.math.Fraction:reduce:()Lorg/apache/commons/lang3/math/Fraction;#478#33 prob_bp = 0.50000000000000000000
org.apache.commons.lang3.math.Fraction:reduce:()Lorg/apache/commons/lang3/math/Fraction;#482#53 prob_bp = 0.50000000000000000000
org.apache.commons.lang3.math.Fraction:reduce:()Lorg/apache/commons/lang3/math/Fraction;#482#54 prob_bp = 0.50000000000000000000
org.apache.commons.lang3.math.Fraction:reduce:()Lorg/apache/commons/lang3/math/Fraction;#482#57 prob_bp = 0.50000000000000000000
org.apache.commons.lang3.math.Fraction:reduce:()Lorg/apache/commons/lang3/math/Fraction;#482#59 prob_bp = 0.50000000000000000000
org.apache.commons.lang3.math.Fraction:getReducedFraction:(II)Lorg/apache/commons/lang3/math/Fraction;#230#68 prob_bp = 0.50000000000000000000
org.apache.commons.lang3.math.Fraction:getReducedFraction:(II)Lorg/apache/commons/lang3/math/Fraction;#231#71 prob_bp = 0.50000000000000000000
org.apache.commons.lang3.math.Fraction:getReducedFraction:(II)Lorg/apache/commons/lang3/math/Fraction;#231#72 prob_bp = 0.50000000000000000000
org.apache.commons.lang3.math.Fraction:getReducedFraction:(II)Lorg/apache/commons/lang3/math/Fraction;#223#34 prob_bp = 0.50000000000000000000
org.apache.commons.lang3.math.Fraction:getReducedFraction:(II)Lorg/apache/commons/lang3/math/Fraction;#223#35 prob_bp = 0.50000000000000000000
org.apache.commons.lang3.math.Fraction:getReducedFraction:(II)Lorg/apache/commons/lang3/math/Fraction;#223#36 prob_bp = 0.50000000000000000000
org.apache.commons.lang3.math.Fraction:getReducedFraction:(II)Lorg/apache/commons/lang3/math/Fraction;#223#38 prob_bp = 0.50000000000000000000
org.apache.commons.lang3.math.Fraction:getReducedFraction:(II)Lorg/apache/commons/lang3/math/Fraction;#223#39 prob_bp = 0.50000000000000000000
org.apache.commons.lang3.math.Fraction:getReducedFraction:(II)Lorg/apache/commons/lang3/math/Fraction;#223#40 prob_bp = 0.50000000000000000000
org.apache.commons.lang3.math.Fraction:greatestCommonDivisor:(II)I#623#133 prob_bp = 0.50000000000000010000
org.apache.commons.lang3.math.Fraction:reduce:()Lorg/apache/commons/lang3/math/Fraction;#482#58 prob_bp = 0.50000000000000010000
org.apache.commons.lang3.math.Fraction:getFraction:(II)Lorg/apache/commons/lang3/math/Fraction;#156#43 prob_bp = 0.50000000000000010000
org.apache.commons.lang3.math.Fraction:getFraction:(II)Lorg/apache/commons/lang3/math/Fraction;#156#44 prob_bp = 0.50000000000000010000
org.apache.commons.lang3.math.Fraction:getFraction:(II)Lorg/apache/commons/lang3/math/Fraction;#156#45 prob_bp = 0.50000000000000010000
org.apache.commons.lang3.math.Fraction:greatestCommonDivisor:(II)I#596#54 prob_bp = 0.50000000000000010000
org.apache.commons.lang3.math.Fraction:greatestCommonDivisor:(II)I#619#125 prob_bp = 0.50000000000000030000
org.apache.commons.lang3.math.Fraction:greatestCommonDivisor:(II)I#622#130 prob_bp = 0.50000000000000060000
org.apache.commons.lang3.math.Fraction:greatestCommonDivisor:(II)I#596#52 prob_bp = 0.50000000000000110000
org.apache.commons.lang3.math.Fraction:greatestCommonDivisor:(II)I#603#94 prob_bp = 0.50000000000000140000
org.apache.commons.lang3.math.Fraction:greatestCommonDivisor:(II)I#623#134 prob_bp = 0.50000000000000230000
org.apache.commons.lang3.math.Fraction:greatestCommonDivisor:(II)I#596#55 prob_bp = 0.50000000000000260000
org.apache.commons.lang3.math.Fraction:greatestCommonDivisor:(II)I#595#43#unexe#0 prob_bp = 0.50000000000000270000
org.apache.commons.lang3.math.Fraction:greatestCommonDivisor:(II)I#596#53 prob_bp = 0.50000000000000280000
org.apache.commons.lang3.math.Fraction:greatestCommonDivisor:(II)I#595#49 prob_bp = 0.50000000000000370000
org.apache.commons.lang3.math.Fraction:greatestCommonDivisor:(II)I#595#46 prob_bp = 0.50000000000000410000
org.apache.commons.lang3.math.Fraction:greatestCommonDivisor:(II)I#595#41 prob_bp = 0.50000000000000520000
org.apache.commons.lang3.math.Fraction:greatestCommonDivisor:(II)I#603#96 prob_bp = 0.50000000000000590000
org.apache.commons.lang3.math.Fraction:greatestCommonDivisor:(II)I#614#115 prob_bp = 0.50000000000000590000
org.apache.commons.lang3.math.Fraction:greatestCommonDivisor:(II)I#595#47 prob_bp = 0.50000000000000590000
org.apache.commons.lang3.math.Fraction:greatestCommonDivisor:(II)I#595#42 prob_bp = 0.50000000000000600000
org.apache.commons.lang3.math.Fraction:greatestCommonDivisor:(II)I#614#116 prob_bp = 0.50000000000000670000
org.apache.commons.lang3.math.Fraction:greatestCommonDivisor:(II)I#623#138 prob_bp = 0.50000000000000990000
org.apache.commons.lang3.math.Fraction:greatestCommonDivisor:(II)I#623#135 prob_bp = 0.50000000000001090000
org.apache.commons.lang3.math.Fraction:greatestCommonDivisor:(II)I#603#93 prob_bp = 0.50000000000001140000
org.apache.commons.lang3.math.Fraction:getFraction:(II)Lorg/apache/commons/lang3/math/Fraction;#155#40 prob_bp = 0.50000000000001150000
org.apache.commons.lang3.math.Fraction:greatestCommonDivisor:(II)I#623#137 prob_bp = 0.50000000000001250000
org.apache.commons.lang3.math.Fraction:getFraction:(II)Lorg/apache/commons/lang3/math/Fraction;#155#41 prob_bp = 0.50000000000001250000
org.apache.commons.lang3.math.Fraction:getFraction:(II)Lorg/apache/commons/lang3/math/Fraction;#155#42 prob_bp = 0.50000000000001740000
org.apache.commons.lang3.math.Fraction:greatestCommonDivisor:(II)I#622#130#unexe#0 prob_bp = 0.50000000000002190000
org.apache.commons.lang3.math.Fraction:greatestCommonDivisor:(II)I#619#126 prob_bp = 0.50000000000003030000
org.apache.commons.lang3.math.Fraction:greatestCommonDivisor:(II)I#622#129 prob_bp = 0.50000000000003030000
org.apache.commons.lang3.math.Fraction:greatestCommonDivisor:(II)I#619#127 prob_bp = 0.50000000000003060000
org.apache.commons.lang3.math.Fraction:greatestCommonDivisor:(II)I#595#40 prob_bp = 0.50000000000004720000
org.apache.commons.lang3.math.Fraction:greatestCommonDivisor:(II)I#619#128 prob_bp = 0.50000000000010250000
org.apache.commons.lang3.math.Fraction:greatestCommonDivisor:(II)I#623#139 prob_bp = 0.50000000000010340000
org.apache.commons.lang3.math.Fraction:greatestCommonDivisor:(II)I#596#60 prob_bp = 0.50000000000023840000
org.apache.commons.lang3.math.Fraction:greatestCommonDivisor:(II)I#595#43 prob_bp = 0.50000000000039720000
org.apache.commons.lang3.math.Fraction:greatestCommonDivisor:(II)I#595#49#unexe#2 prob_bp = 0.50000000000093810000
org.apache.commons.lang3.math.Fraction:greatestCommonDivisor:(II)I#595#43#unexe#2 prob_bp = 0.50000000000320700000
org.apache.commons.lang3.math.Fraction:greatestCommonDivisor:(II)I#592#25 prob_bp = 0.50000000001668370000
org.apache.commons.lang3.math.Fraction:greatestCommonDivisor:(II)I#592#26 prob_bp = 0.50000000006672160000
org.apache.commons.lang3.math.Fraction:greatestCommonDivisor:(II)I#603#82 prob_bp = 0.50000000007246330000
org.apache.commons.lang3.math.Fraction:greatestCommonDivisor:(II)I#603#83 prob_bp = 0.50000000009046630000
org.apache.commons.lang3.math.Fraction:greatestCommonDivisor:(II)I#603#84 prob_bp = 0.50000000009290310000
org.apache.commons.lang3.math.Fraction:getReducedFraction:(II)Lorg/apache/commons/lang3/math/Fraction;#222#22 prob_bp = 0.50000000009411260000
org.apache.commons.lang3.math.Fraction:getReducedFraction:(II)Lorg/apache/commons/lang3/math/Fraction;#235#80 prob_bp = 0.50000000017629910000
org.apache.commons.lang3.math.Fraction:greatestCommonDivisor:(II)I#592#29 prob_bp = 0.50000000023250720000
org.apache.commons.lang3.math.Fraction:getReducedFraction:(II)Lorg/apache/commons/lang3/math/Fraction;#235#81 prob_bp = 0.50000000039184440000
org.apache.commons.lang3.math.Fraction:getReducedFraction:(II)Lorg/apache/commons/lang3/math/Fraction;#234#79 prob_bp = 0.50000000040566410000
org.apache.commons.lang3.math.Fraction:getReducedFraction:(II)Lorg/apache/commons/lang3/math/Fraction;#235#82 prob_bp = 0.50000000044860240000
org.apache.commons.lang3.math.Fraction:greatestCommonDivisor:(II)I#592#30 prob_bp = 0.50000000093103800000
org.apache.commons.lang3.math.Fraction:getReducedFraction:(II)Lorg/apache/commons/lang3/math/Fraction;#222#23 prob_bp = 0.50000000107345080000
org.apache.commons.lang3.math.Fraction:getReducedFraction:(II)Lorg/apache/commons/lang3/math/Fraction;#222#25 prob_bp = 0.50000000111696100000
org.apache.commons.lang3.math.Fraction:getReducedFraction:(II)Lorg/apache/commons/lang3/math/Fraction;#218#14 prob_bp = 0.50000000182454820000
org.apache.commons.lang3.math.Fraction:greatestCommonDivisor:(II)I#592#31 prob_bp = 0.50000000374396210000
org.apache.commons.lang3.math.Fraction:getReducedFraction:(II)Lorg/apache/commons/lang3/math/Fraction;#234#75 prob_bp = 0.50000000764380140000
org.apache.commons.lang3.math.Fraction:getReducedFraction:(II)Lorg/apache/commons/lang3/math/Fraction;#218#15 prob_bp = 0.50000001203489330000
org.apache.commons.lang3.math.Fraction:greatestCommonDivisor:(II)I#603#85 prob_bp = 0.50000001425036270000
org.apache.commons.lang3.math.Fraction:greatestCommonDivisor:(II)I#603#86 prob_bp = 0.50000001463752200000
org.apache.commons.lang3.math.Fraction:greatestCommonDivisor:(II)I#592#26#unexe#1 prob_bp = 0.50000001507131810000
org.apache.commons.lang3.math.Fraction:greatestCommonDivisor:(II)I#595#37#unexe#1 prob_bp = 0.50000006068570830000
org.apache.commons.lang3.math.Fraction:getReducedFraction:(II)Lorg/apache/commons/lang3/math/Fraction;#222#25#unexe#1 prob_bp = 0.50000017979213170000
org.apache.commons.lang3.math.Fraction:equals:(Ljava/lang/Object;)Z#844#1 prob_bp = 0.50000018351485000000
org.apache.commons.lang3.math.Fraction:equals:(Ljava/lang/Object;)Z#844#0 prob_bp = 0.50000018488608300000
org.apache.commons.lang3.math.Fraction:equals:(Ljava/lang/Object;)Z#844#2 prob_bp = 0.50000034082195170000
org.apache.commons.lang3.math.Fraction:greatestCommonDivisor:(II)I#584#8 prob_bp = 0.50000046583441550000
org.apache.commons.lang3.math.Fraction:getFraction:(II)Lorg/apache/commons/lang3/math/Fraction;#158#51 prob_bp = 0.50000067766331080000
org.apache.commons.lang3.math.Fraction:getReducedFraction:(II)Lorg/apache/commons/lang3/math/Fraction;#235#83 prob_bp = 0.50000068826668260000
org.apache.commons.lang3.math.Fraction:getReducedFraction:(II)Lorg/apache/commons/lang3/math/Fraction;#237#92 prob_bp = 0.50000071584652140000
org.apache.commons.lang3.math.Fraction:greatestCommonDivisor:(II)I#595#34 prob_bp = 0.50000073291463630000
org.apache.commons.lang3.math.Fraction:getReducedFraction:(II)Lorg/apache/commons/lang3/math/Fraction;#225#42 prob_bp = 0.50000079564841440000
org.apache.commons.lang3.math.Fraction:greatestCommonDivisor:(II)I#603#97 prob_bp = 0.50000082874914530000
org.apache.commons.lang3.math.Fraction:getReducedFraction:(II)Lorg/apache/commons/lang3/math/Fraction;#237#91 prob_bp = 0.50000100987052920000
org.apache.commons.lang3.math.Fraction:getReducedFraction:(II)Lorg/apache/commons/lang3/math/Fraction;#222#25#unexe#0 prob_bp = 0.50000140167922620000
org.apache.commons.lang3.math.Fraction:greatestCommonDivisor:(II)I#595#35 prob_bp = 0.50000149858653900000
org.apache.commons.lang3.math.Fraction:greatestCommonDivisor:(II)I#595#36 prob_bp = 0.50000155883152800000
org.apache.commons.lang3.math.Fraction:getReducedFraction:(II)Lorg/apache/commons/lang3/math/Fraction;#237#94 prob_bp = 0.50000189150940680000
org.apache.commons.lang3.math.Fraction:greatestCommonDivisor:(II)I#584#9 prob_bp = 0.50000194732745450000
org.apache.commons.lang3.math.Fraction:greatestCommonDivisor:(II)I#591#18 prob_bp = 0.50000314081523000000
org.apache.commons.lang3.math.Fraction:greatestCommonDivisor:(II)I#609#98 prob_bp = 0.50000323600586730000
org.apache.commons.lang3.math.Fraction:getReducedFraction:(II)Lorg/apache/commons/lang3/math/Fraction;#225#43 prob_bp = 0.50000328599825850000
org.apache.commons.lang3.math.Fraction:getFraction:(II)Lorg/apache/commons/lang3/math/Fraction;#158#50 prob_bp = 0.50000391529032070000
org.apache.commons.lang3.math.Fraction:getReducedFraction:(II)Lorg/apache/commons/lang3/math/Fraction;#234#74 prob_bp = 0.50000482107997990000
org.apache.commons.lang3.math.Fraction:greatestCommonDivisor:(II)I#609#99 prob_bp = 0.50000539936406350000
org.apache.commons.lang3.math.Fraction:greatestCommonDivisor:(II)I#609#100 prob_bp = 0.50000556270236300000
org.apache.commons.lang3.math.Fraction:greatestCommonDivisor:(II)I#584#12 prob_bp = 0.50000762024840500000
org.apache.commons.lang3.math.Fraction:greatestCommonDivisor:(II)I#584#13 prob_bp = 0.50000792786596460000
org.apache.commons.lang3.math.Fraction:greatestCommonDivisor:(II)I#591#19 prob_bp = 0.50001250016404860000
org.apache.commons.lang3.math.Fraction:getReducedFraction:(II)Lorg/apache/commons/lang3/math/Fraction;#234#76 prob_bp = 0.50001860830795730000
org.apache.commons.lang3.math.Fraction:greatestCommonDivisor:(II)I#584#0 prob_bp = 0.50002659261895400000
org.apache.commons.lang3.math.Fraction:getFraction:(II)Lorg/apache/commons/lang3/math/Fraction;#151#18 prob_bp = 0.50003200149226150000
org.apache.commons.lang3.math.Fraction:getFraction:(II)Lorg/apache/commons/lang3/math/Fraction;#151#19 prob_bp = 0.50003535205289740000
org.apache.commons.lang3.math.Fraction:getFraction:(II)Lorg/apache/commons/lang3/math/Fraction;#151#21 prob_bp = 0.50003675146954650000
org.apache.commons.lang3.math.Fraction:greatestCommonDivisor:(II)I#591#22 prob_bp = 0.50004436180763020000
org.apache.commons.lang3.math.Fraction:greatestCommonDivisor:(II)I#594#32 prob_bp = 0.50006881782661800000
org.apache.commons.lang3.math.Fraction:greatestCommonDivisor:(II)I#594#33 prob_bp = 0.50007158475499030000
org.apache.commons.lang3.math.Fraction:getFraction:(II)Lorg/apache/commons/lang3/math/Fraction;#158#49 prob_bp = 0.50007180494076050000
org.apache.commons.lang3.math.Fraction:getFraction:(II)Lorg/apache/commons/lang3/math/Fraction;#158#52 prob_bp = 0.50007899716158520000
org.apache.commons.lang3.math.Fraction:greatestCommonDivisor:(II)I#595#37#unexe#2 prob_bp = 0.50008270969542500000
org.apache.commons.lang3.math.Fraction:greatestCommonDivisor:(II)I#584#1 prob_bp = 0.50010715367598570000
org.apache.commons.lang3.math.Fraction:greatestCommonDivisor:(II)I#598#66 prob_bp = 0.50012195700390100000
org.apache.commons.lang3.math.Fraction:greatestCommonDivisor:(II)I#591#23 prob_bp = 0.50017661103895750000
org.apache.commons.lang3.math.Fraction:greatestCommonDivisor:(II)I#598#67 prob_bp = 0.50026895549515820000
org.apache.commons.lang3.math.Fraction:greatestCommonDivisor:(II)I#598#69 prob_bp = 0.50027977356168460000
org.apache.commons.lang3.math.Fraction:equals:(Ljava/lang/Object;)Z#847#7 prob_bp = 0.50034279735718410000
org.apache.commons.lang3.math.Fraction:getFraction:(II)Lorg/apache/commons/lang3/math/Fraction;#147#0 prob_bp = 0.50040154147598270000
org.apache.commons.lang3.math.Fraction:greatestCommonDivisor:(II)I#584#4 prob_bp = 0.50041434959445490000
org.apache.commons.lang3.math.Fraction:greatestCommonDivisor:(II)I#584#5 prob_bp = 0.50043101708687100000
org.apache.commons.lang3.math.Fraction:getFraction:(II)Lorg/apache/commons/lang3/math/Fraction;#147#1 prob_bp = 0.50045393248009980000
org.apache.commons.lang3.math.Fraction:greatestCommonDivisor:(II)I#613#111 prob_bp = 0.50052535018099600000
org.apache.commons.lang3.math.Fraction:equals:(Ljava/lang/Object;)Z#847#8 prob_bp = 0.50064103465896960000
org.apache.commons.lang3.math.Fraction:greatestCommonDivisor:(II)I#591#24 prob_bp = 0.50070542203250790000
org.apache.commons.lang3.math.Fraction:greatestCommonDivisor:(II)I#613#112 prob_bp = 0.50088442830553910000
org.apache.commons.lang3.math.Fraction:greatestCommonDivisor:(II)I#595#37 prob_bp = 0.50127193505456920000
org.apache.commons.lang3.math.Fraction:greatestCommonDivisor:(II)I#609#101 prob_bp = 0.50182667882819720000
org.apache.commons.lang3.math.Fraction:equals:(Ljava/lang/Object;)Z#847#11 prob_bp = 0.50184066329164900000
org.apache.commons.lang3.math.Fraction:getFraction:(II)Lorg/apache/commons/lang3/math/Fraction;#151#24 prob_bp = 0.50220789706037730000
org.apache.commons.lang3.math.Fraction:getFraction:(II)Lorg/apache/commons/lang3/math/Fraction;#151#25 prob_bp = 0.50244269107213050000
org.apache.commons.lang3.math.Fraction:getFraction:(II)Lorg/apache/commons/lang3/math/Fraction;#151#27 prob_bp = 0.50253996968293370000
org.apache.commons.lang3.math.Fraction:greatestCommonDivisor:(II)I#591#19#unexe#0 prob_bp = 0.50282211797139060000
org.apache.commons.lang3.math.Fraction:greatestCommonDivisor:(II)I#616#121 prob_bp = 0.50699286290866950000
org.apache.commons.lang3.math.Fraction:greatestCommonDivisor:(II)I#609#101#unexe#3 prob_bp = 0.50824354798507190000
org.apache.commons.lang3.math.Fraction:getFraction:(II)Lorg/apache/commons/lang3/math/Fraction;#150#14 prob_bp = 0.50963671653209020000
org.apache.commons.lang3.math.Fraction:getFraction:(II)Lorg/apache/commons/lang3/math/Fraction;#150#15 prob_bp = 0.51096456605036130000
org.apache.commons.lang3.math.Fraction:greatestCommonDivisor:(II)I#595#37#unexe#0 prob_bp = 0.51132999371002010000
org.apache.commons.lang3.math.Fraction:greatestCommonDivisor:(II)I#616#122 prob_bp = 0.51572440395925020000
org.apache.commons.lang3.math.Fraction:greatestCommonDivisor:(II)I#613#112#unexe#0 prob_bp = 0.54186822069865050000
org.apache.commons.lang3.math.Fraction:greatestCommonDivisor:(II)I#613#112#unexe#1 prob_bp = 0.54571028047641830000
org.apache.commons.lang3.math.Fraction:greatestCommonDivisor:(II)I#619#124 prob_bp = 0.65110586766980330000
org.apache.commons.lang3.math.Fraction:greatestCommonDivisor:(II)I#619#123 prob_bp = 0.65367580732051500000
org.apache.commons.lang3.math.Fraction:<init>:(II)V#130#20 prob_bp = 0.82891326781990830000
org.apache.commons.lang3.math.Fraction:<init>:(II)V#130#19 prob_bp = 0.83517763622715850000
org.apache.commons.lang3.math.Fraction:<init>:(II)V#130#21 prob_bp = 0.84196525539630730000
org.apache.commons.lang3.math.Fraction:getFraction:(II)Lorg/apache/commons/lang3/math/Fraction;#158#46 prob_bp = 0.89412243142992390000
org.apache.commons.lang3.math.Fraction:getReducedFraction:(II)Lorg/apache/commons/lang3/math/Fraction;#237#88 prob_bp = 0.89497051939987000000
org.apache.commons.lang3.math.Fraction:getFraction:(II)Lorg/apache/commons/lang3/math/Fraction;#158#55 prob_bp = 0.90206917018637380000
org.apache.commons.lang3.math.Fraction:getReducedFraction:(II)Lorg/apache/commons/lang3/math/Fraction;#237#97 prob_bp = 0.90294962437476460000
org.apache.commons.lang3.math.Fraction:<init>:(II)V#131#25 prob_bp = 0.99866457582040620000
org.apache.commons.lang3.math.Fraction:<init>:(II)V#131#24 prob_bp = 0.99884349572109130000
org.apache.commons.lang3.math.Fraction:<init>:(II)V#131#26 prob_bp = 0.99936099181827830000
org.apache.commons.lang3.math.FractionTest:testReduce:()V#613#2 prob_bp = 1.00000000000000000000
org.apache.commons.lang3.math.FractionTest:testReduce:()V#613#4 prob_bp = 1.00000000000000000000
org.apache.commons.lang3.math.FractionTest:testReduce:()V#613#6 prob_bp = 1.00000000000000000000
org.apache.commons.lang3.math.FractionTest:testReduce:()V#613#9 prob_bp = 1.00000000000000000000
org.apache.commons.lang3.math.FractionTest:testReduce:()V#614#10 prob_bp = 1.00000000000000000000
org.apache.commons.lang3.math.FractionTest:testReduce:()V#614#11 prob_bp = 1.00000000000000000000
org.apache.commons.lang3.math.FractionTest:testReduce:()V#618#31 prob_bp = 1.00000000000000000000
org.apache.commons.lang3.math.FractionTest:testReduce:()V#618#33 prob_bp = 1.00000000000000000000
org.apache.commons.lang3.math.FractionTest:testReduce:()V#618#35 prob_bp = 1.00000000000000000000
org.apache.commons.lang3.math.FractionTest:testReduce:()V#618#38 prob_bp = 1.00000000000000000000
org.apache.commons.lang3.math.FractionTest:testReduce:()V#619#39 prob_bp = 1.00000000000000000000
org.apache.commons.lang3.math.FractionTest:testReduce:()V#619#40 prob_bp = 1.00000000000000000000
org.apache.commons.lang3.math.FractionTest:testReduce:()V#623#60 prob_bp = 1.00000000000000000000
org.apache.commons.lang3.math.FractionTest:testReduce:()V#623#61 prob_bp = 1.00000000000000000000
org.apache.commons.lang3.math.FractionTest:testReduce:()V#623#63 prob_bp = 1.00000000000000000000
org.apache.commons.lang3.math.FractionTest:testReduce:()V#623#66 prob_bp = 1.00000000000000000000
org.apache.commons.lang3.math.FractionTest:testReduce:()V#624#67 prob_bp = 1.00000000000000000000
org.apache.commons.lang3.math.FractionTest:testReduce:()V#624#68 prob_bp = 1.00000000000000000000
org.apache.commons.lang3.math.FractionTest:testReduce:()V#628#89 prob_bp = 1.00000000000000000000
org.apache.commons.lang3.math.FractionTest:testReduce:()V#628#91 prob_bp = 1.00000000000000000000
org.apache.commons.lang3.math.FractionTest:testReduce:()V#628#92 prob_bp = 1.00000000000000000000
org.apache.commons.lang3.math.FractionTest:testReduce:()V#628#95 prob_bp = 1.00000000000000000000
org.apache.commons.lang3.math.FractionTest:testReduce:()V#629#96 prob_bp = 1.00000000000000000000
org.apache.commons.lang3.math.FractionTest:testReduce:()V#629#97 prob_bp = 1.00000000000000000000
org.apache.commons.lang3.math.FractionTest:testReduce:()V#634#123 prob_bp = 1.00000000000000000000
org.apache.commons.lang3.math.FractionTest:testReduce:()V#634#124 prob_bp = 1.00000000000000000000
org.apache.commons.lang3.math.FractionTest:testReduce:()V#634#125 prob_bp = 1.00000000000000000000
org.apache.commons.lang3.math.FractionTest:testReduce:()V#634#128 prob_bp = 1.00000000000000000000
org.apache.commons.lang3.math.FractionTest:testReduce:()V#635#129 prob_bp = 1.00000000000000000000
org.apache.commons.lang3.math.FractionTest:testReduce:()V#635#130 prob_bp = 1.00000000000000000000
org.apache.commons.lang3.math.FractionTest:testReduce:()V#640#155 prob_bp = 1.00000000000000000000
org.apache.commons.lang3.math.FractionTest:testReduce:()V#640#156 prob_bp = 1.00000000000000000000
org.apache.commons.lang3.math.FractionTest:testReduce:()V#640#157 prob_bp = 1.00000000000000000000
org.apache.commons.lang3.math.FractionTest:testReduce:()V#640#160 prob_bp = 1.00000000000000000000
org.apache.commons.lang3.math.FractionTest:testReduce:()V#641#161 prob_bp = 1.00000000000000000000
org.apache.commons.lang3.math.FractionTest:testReduce:()V#641#162 prob_bp = 1.00000000000000000000
org.apache.commons.lang3.math.FractionTest:testReduce:()V#646#187 prob_bp = 1.00000000000000000000
org.apache.commons.lang3.math.FractionTest:testReduce:()V#646#188 prob_bp = 1.00000000000000000000
org.apache.commons.lang3.math.FractionTest:testReduce:()V#646#190 prob_bp = 1.00000000000000000000
org.apache.commons.lang3.math.FractionTest:testReduce:()V#646#193 prob_bp = 1.00000000000000000000
org.apache.commons.lang3.math.FractionTest:testReduce:()V#647#194 prob_bp = 1.00000000000000000000
org.apache.commons.lang3.math.FractionTest:testReduce:()V#647#195 prob_bp = 1.00000000000000000000
org.apache.commons.lang3.math.FractionTest:testReduce:()V#652#222 prob_bp = 1.00000000000000000000
org.apache.commons.lang3.math.FractionTest:testReduce:()V#652#224 prob_bp = 1.00000000000000000000
org.apache.commons.lang3.math.FractionTest:testReduce:()V#652#225 prob_bp = 1.00000000000000000000
org.apache.commons.lang3.math.FractionTest:testReduce:()V#652#228 prob_bp = 1.00000000000000000000
org.apache.commons.lang3.math.FractionTest:testReduce:()V#653#229 prob_bp = 1.00000000000000000000
org.apache.commons.lang3.math.FractionTest:testReduce:()V#653#230 prob_bp = 1.00000000000000000000
org.apache.commons.lang3.math.FractionTest:testReduce:()V#653#233 prob_bp = 1.00000000000000000000
org.apache.commons.lang3.math.FractionTest:testReduce:()V#654#234 prob_bp = 1.00000000000000000000
org.apache.commons.lang3.math.FractionTest:testReduce:()V#654#236 prob_bp = 1.00000000000000000000
org.apache.commons.lang3.math.FractionTest:testReduce:()V#654#237 prob_bp = 1.00000000000000000000
org.apache.commons.lang3.math.FractionTest:testReduce:()V#654#240 prob_bp = 1.00000000000000000000
org.apache.commons.lang3.math.FractionTest:testReducedFactory_int_int:()V#254#2 prob_bp = 1.00000000000000000000
org.apache.commons.lang3.math.FractionTest:testReducedFactory_int_int:()V#254#3 prob_bp = 1.00000000000000000000
org.apache.commons.lang3.math.FractionTest:testReducedFactory_int_int:()V#254#4 prob_bp = 1.00000000000000000000
org.apache.commons.lang3.math.FractionTest:testReducedFactory_int_int:()V#259#24 prob_bp = 1.00000000000000000000
org.apache.commons.lang3.math.FractionTest:testReducedFactory_int_int:()V#259#25 prob_bp = 1.00000000000000000000
org.apache.commons.lang3.math.FractionTest:testReducedFactory_int_int:()V#259#26 prob_bp = 1.00000000000000000000
org.apache.commons.lang3.math.FractionTest:testReducedFactory_int_int:()V#263#46 prob_bp = 1.00000000000000000000
org.apache.commons.lang3.math.FractionTest:testReducedFactory_int_int:()V#263#47 prob_bp = 1.00000000000000000000
org.apache.commons.lang3.math.FractionTest:testReducedFactory_int_int:()V#263#48 prob_bp = 1.00000000000000000000
org.apache.commons.lang3.math.FractionTest:testReducedFactory_int_int:()V#268#68 prob_bp = 1.00000000000000000000
org.apache.commons.lang3.math.FractionTest:testReducedFactory_int_int:()V#268#70 prob_bp = 1.00000000000000000000
org.apache.commons.lang3.math.FractionTest:testReducedFactory_int_int:()V#268#72 prob_bp = 1.00000000000000000000
org.apache.commons.lang3.math.FractionTest:testReducedFactory_int_int:()V#273#94 prob_bp = 1.00000000000000000000
org.apache.commons.lang3.math.FractionTest:testReducedFactory_int_int:()V#273#96 prob_bp = 1.00000000000000000000
org.apache.commons.lang3.math.FractionTest:testReducedFactory_int_int:()V#273#98 prob_bp = 1.00000000000000000000
org.apache.commons.lang3.math.FractionTest:testReducedFactory_int_int:()V#277#119 prob_bp = 1.00000000000000000000
org.apache.commons.lang3.math.FractionTest:testReducedFactory_int_int:()V#277#121 prob_bp = 1.00000000000000000000
org.apache.commons.lang3.math.FractionTest:testReducedFactory_int_int:()V#277#123 prob_bp = 1.00000000000000000000
org.apache.commons.lang3.math.FractionTest:testReducedFactory_int_int:()V#281#144 prob_bp = 1.00000000000000000000
org.apache.commons.lang3.math.FractionTest:testReducedFactory_int_int:()V#281#146 prob_bp = 1.00000000000000000000
org.apache.commons.lang3.math.FractionTest:testReducedFactory_int_int:()V#281#148 prob_bp = 1.00000000000000000000
org.apache.commons.lang3.math.FractionTest:testReducedFactory_int_int:()V#287#169 prob_bp = 1.00000000000000000000
org.apache.commons.lang3.math.FractionTest:testReducedFactory_int_int:()V#287#170 prob_bp = 1.00000000000000000000
org.apache.commons.lang3.math.FractionTest:testReducedFactory_int_int:()V#292#184 prob_bp = 1.00000000000000000000
org.apache.commons.lang3.math.FractionTest:testReducedFactory_int_int:()V#292#185 prob_bp = 1.00000000000000000000
org.apache.commons.lang3.math.FractionTest:testReducedFactory_int_int:()V#297#200 prob_bp = 1.00000000000000000000
org.apache.commons.lang3.math.FractionTest:testReducedFactory_int_int:()V#297#201 prob_bp = 1.00000000000000000000
org.apache.commons.lang3.math.FractionTest:testReducedFactory_int_int:()V#302#214 prob_bp = 1.00000000000000000000
org.apache.commons.lang3.math.FractionTest:testReducedFactory_int_int:()V#302#215 prob_bp = 1.00000000000000000000
org.apache.commons.lang3.math.FractionTest:testReducedFactory_int_int:()V#302#216 prob_bp = 1.00000000000000000000
org.apache.commons.lang3.math.FractionTest:testReducedFactory_int_int:()V#306#236 prob_bp = 1.00000000000000000000
org.apache.commons.lang3.math.FractionTest:testReducedFactory_int_int:()V#306#237 prob_bp = 1.00000000000000000000
org.apache.commons.lang3.math.FractionTest:testReducedFactory_int_int:()V#306#238 prob_bp = 1.00000000000000000000
org.apache.commons.lang3.math.FractionTest:testReducedFactory_int_int:()V#310#258 prob_bp = 1.00000000000000000000
org.apache.commons.lang3.math.FractionTest:testReducedFactory_int_int:()V#310#259 prob_bp = 1.00000000000000000000
org.apache.commons.lang3.math.FractionTest:testReducedFactory_int_int:()V#310#260 prob_bp = 1.00000000000000000000
org.apache.commons.lang3.math.FractionTest:testReducedFactory_int_int:()V#314#280 prob_bp = 1.00000000000000000000
org.apache.commons.lang3.math.FractionTest:testReducedFactory_int_int:()V#314#282 prob_bp = 1.00000000000000000000
org.apache.commons.lang3.math.FractionTest:testReducedFactory_int_int:()V#314#284 prob_bp = 1.00000000000000000000
org.apache.commons.lang3.math.FractionTest:testReducedFactory_int_int:()V#318#304 prob_bp = 1.00000000000000000000
org.apache.commons.lang3.math.FractionTest:testReducedFactory_int_int:()V#318#306 prob_bp = 1.00000000000000000000
org.apache.commons.lang3.math.FractionTest:testReducedFactory_int_int:()V#318#308 prob_bp = 1.00000000000000000000
org.apache.commons.lang3.math.FractionTest:testReducedFactory_int_int:()V#324#329 prob_bp = 1.00000000000000000000
org.apache.commons.lang3.math.FractionTest:testReducedFactory_int_int:()V#324#331 prob_bp = 1.00000000000000000000
org.apache.commons.lang3.math.FractionTest:testReducedFactory_int_int:()V#324#333 prob_bp = 1.00000000000000000000
org.apache.commons.lang3.math.FractionTest:testReducedFactory_int_int:()V#330#354 prob_bp = 1.00000000000000000000
org.apache.commons.lang3.math.FractionTest:testReducedFactory_int_int:()V#330#356 prob_bp = 1.00000000000000000000
org.apache.commons.lang3.math.FractionTest:testReducedFactory_int_int:()V#330#358 prob_bp = 1.00000000000000000000
org.apache.commons.lang3.math.FractionTest:testReducedFactory_int_int:()V#335#371 prob_bp = 1.00000000000000000000
org.apache.commons.lang3.math.FractionTest:testReducedFactory_int_int:()V#335#373 prob_bp = 1.00000000000000000000
org.apache.commons.lang3.math.FractionTest:testReducedFactory_int_int:()V#335#374 prob_bp = 1.00000000000000000000
org.apache.commons.lang3.math.FractionTest:testReducedFactory_int_int:()V#335#377 prob_bp = 1.00000000000000000000
org.apache.commons.lang3.math.FractionTest:testReducedFactory_int_int:()V#336#378 prob_bp = 1.00000000000000000000
org.apache.commons.lang3.math.FractionTest:testReducedFactory_int_int:()V#336#380 prob_bp = 1.00000000000000000000
org.apache.commons.lang3.math.FractionTest:testReducedFactory_int_int:()V#336#381 prob_bp = 1.00000000000000000000
org.apache.commons.lang3.math.FractionTest:testReducedFactory_int_int:()V#336#384 prob_bp = 1.00000000000000000000
Belief propagation time : 158.361000s
