Belief propagation time: 100

Probabilities: 
Vars:6945
Stmts:1151
org.apache.commons.math3.genetics.ElitisticListPopulation:<init>:(ID)V#65#12 prob_bp = 0.24271361615270690000
org.apache.commons.math3.genetics.ElitisticListPopulation:<init>:(ID)V#65#13 prob_bp = 0.24271361615270690000
org.apache.commons.math3.genetics.ElitisticListPopulation:<init>:(Ljava/util/List;ID)V#51#13 prob_bp = 0.26984895663565645000
org.apache.commons.math3.genetics.ElitisticListPopulation:<init>:(Ljava/util/List;ID)V#51#14 prob_bp = 0.26984895663565645000
org.apache.commons.math3.genetics.ElitisticListPopulation:<init>:(Ljava/util/List;ID)V#50#3 prob_bp = 0.49360284873429720000
org.apache.commons.math3.genetics.ElitisticListPopulation:<init>:(Ljava/util/List;ID)V#50#2 prob_bp = 0.49365487319276563000
org.apache.commons.math3.genetics.ListPopulation:<init>:(Ljava/util/List;I)V#55#39 prob_bp = 0.49376702077363890000
org.apache.commons.math3.genetics.ListPopulation:<init>:(Ljava/util/List;I)V#55#40 prob_bp = 0.49388811901830526000
org.apache.commons.math3.genetics.ListPopulation:<init>:(Ljava/util/List;I)V#51#11 prob_bp = 0.49992117253291707000
org.apache.commons.math3.genetics.ListPopulation:<init>:(Ljava/util/List;I)V#51#10 prob_bp = 0.49992688326872914000
org.apache.commons.math3.genetics.ListPopulation:<init>:(Ljava/util/List;I)V#51#5 prob_bp = 0.49993102178917920000
org.apache.commons.math3.genetics.ListPopulation:<init>:(Ljava/util/List;I)V#51#4 prob_bp = 0.49993605345708964000
org.apache.commons.math3.genetics.ElitisticListPopulation:<init>:(Ljava/util/List;ID)V#50#1 prob_bp = 0.49993976105134785000
org.apache.commons.math3.genetics.ElitisticListPopulation:<init>:(ID)V#65#14 prob_bp = 0.49999999999999994000
org.apache.commons.math3.genetics.ElitisticListPopulation:<init>:(Ljava/util/List;ID)V#51#15 prob_bp = 0.50000000000000000000
org.apache.commons.math3.genetics.ElitisticListPopulation:<init>:(ID)V#64#1 prob_bp = 0.51226021075194260000
org.apache.commons.math3.genetics.ListPopulation:<init>:(I)V#70#4 prob_bp = 0.51430477971084940000
org.apache.commons.math3.genetics.ListPopulation:<init>:(I)V#70#5 prob_bp = 0.51781894689889570000
org.apache.commons.math3.genetics.ElitisticListPopulation:<init>:(ID)V#64#2 prob_bp = 0.53900511421970100000
org.apache.commons.math3.genetics.ElitisticListPopulationTest:testConstructorTooLow:()V#69#4 prob_bp = 1.00000000000000000000
org.apache.commons.math3.genetics.ElitisticListPopulationTest:testConstructorTooLow:()V#69#7 prob_bp = 1.00000000000000000000
org.apache.commons.math3.genetics.ElitisticListPopulationTest:testConstructorTooLow:()V#69#8 prob_bp = 1.00000000000000000000
org.apache.commons.math3.genetics.ElitisticListPopulationTest:testConstructorTooLow:()V#69#10 prob_bp = 1.00000000000000000000
org.apache.commons.math3.genetics.ElitisticListPopulationTest:testConstructorTooLow:()V#69#13 prob_bp = 1.00000000000000000000
org.apache.commons.math3.genetics.ElitisticListPopulationTest:testConstructorTooHigh:()V#75#4 prob_bp = 1.00000000000000000000
org.apache.commons.math3.genetics.ElitisticListPopulationTest:testConstructorTooHigh:()V#75#7 prob_bp = 1.00000000000000000000
org.apache.commons.math3.genetics.ElitisticListPopulationTest:testConstructorTooHigh:()V#75#8 prob_bp = 1.00000000000000000000
org.apache.commons.math3.genetics.ElitisticListPopulationTest:testConstructorTooHigh:()V#75#10 prob_bp = 1.00000000000000000000
org.apache.commons.math3.genetics.ElitisticListPopulationTest:testConstructorTooHigh:()V#75#13 prob_bp = 1.00000000000000000000
org.apache.commons.math3.genetics.ElitisticListPopulationTest:testChromosomeListConstructorTooLow:()V#80#0 prob_bp = 1.00000000000000000000
org.apache.commons.math3.genetics.ElitisticListPopulationTest:testChromosomeListConstructorTooLow:()V#80#3 prob_bp = 1.00000000000000000000
org.apache.commons.math3.genetics.ElitisticListPopulationTest:testChromosomeListConstructorTooLow:()V#82#8 prob_bp = 1.00000000000000000000
org.apache.commons.math3.genetics.ElitisticListPopulationTest:testChromosomeListConstructorTooLow:()V#82#11 prob_bp = 1.00000000000000000000
org.apache.commons.math3.genetics.ElitisticListPopulationTest:testChromosomeListConstructorTooLow:()V#82#12 prob_bp = 1.00000000000000000000
org.apache.commons.math3.genetics.ElitisticListPopulationTest:testChromosomeListConstructorTooLow:()V#82#13 prob_bp = 1.00000000000000000000
org.apache.commons.math3.genetics.ElitisticListPopulationTest:testChromosomeListConstructorTooLow:()V#82#15 prob_bp = 1.00000000000000000000
org.apache.commons.math3.genetics.ElitisticListPopulationTest:testChromosomeListConstructorTooLow:()V#82#18 prob_bp = 1.00000000000000000000
org.apache.commons.math3.genetics.ElitisticListPopulationTest:testChromosomeListConstructorTooHigh:()V#87#0 prob_bp = 1.00000000000000000000
org.apache.commons.math3.genetics.ElitisticListPopulationTest:testChromosomeListConstructorTooHigh:()V#87#3 prob_bp = 1.00000000000000000000
org.apache.commons.math3.genetics.ElitisticListPopulationTest:testChromosomeListConstructorTooHigh:()V#89#8 prob_bp = 1.00000000000000000000
org.apache.commons.math3.genetics.ElitisticListPopulationTest:testChromosomeListConstructorTooHigh:()V#89#11 prob_bp = 1.00000000000000000000
org.apache.commons.math3.genetics.ElitisticListPopulationTest:testChromosomeListConstructorTooHigh:()V#89#12 prob_bp = 1.00000000000000000000
org.apache.commons.math3.genetics.ElitisticListPopulationTest:testChromosomeListConstructorTooHigh:()V#89#13 prob_bp = 1.00000000000000000000
org.apache.commons.math3.genetics.ElitisticListPopulationTest:testChromosomeListConstructorTooHigh:()V#89#15 prob_bp = 1.00000000000000000000
org.apache.commons.math3.genetics.ElitisticListPopulationTest:testChromosomeListConstructorTooHigh:()V#89#18 prob_bp = 1.00000000000000000000
Belief propagation time : 3.325000s
