Belief propagation time: 100

Probabilities: 
Vars:127106
Stmts:7650
org.apache.commons.math3.fraction.BigFraction:<init>:(DDII)V#303#141 prob_bp = 0.42093556811850313000
org.apache.commons.math3.fraction.Fraction:<init>:(DDII)V#212#143 prob_bp = 0.48279729979111420000
org.apache.commons.math3.util.FastMath:floor:(D)D#3351#49 prob_bp = 0.49416618353052590000
org.apache.commons.math3.util.FastMath:floor:(D)D#3342#21 prob_bp = 0.49919265854255657000
org.apache.commons.math3.util.FastMath:floor:(D)D#3342#13 prob_bp = 0.49989895234893766000
org.apache.commons.math3.util.FastMath:floor:(D)D#3338#3 prob_bp = 0.49998883731776320000
org.apache.commons.math3.util.FastMath:floor:(D)D#3351#48 prob_bp = 0.49998970517654240000
org.apache.commons.math3.util.FastMath:floor:(D)D#3351#47 prob_bp = 0.49999008991043720000
org.apache.commons.math3.fraction.BigFraction:<init>:(DDII)V#303#140 prob_bp = 0.49999256373238815000
org.apache.commons.math3.util.FastMath:floor:(D)D#3351#46 prob_bp = 0.49999427180914413000
org.apache.commons.math3.fraction.BigFraction:<init>:(DDII)V#303#138 prob_bp = 0.49999518063601117000
org.apache.commons.math3.util.FastMath:floor:(D)D#3347#32#unexe#2 prob_bp = 0.49999546124038136000
org.apache.commons.math3.util.FastMath:floor:(D)D#3346#28 prob_bp = 0.49999578953422114000
org.apache.commons.math3.fraction.BigFraction:<init>:(DDII)V#303#136 prob_bp = 0.49999823037968310000
org.apache.commons.math3.util.FastMath:floor:(D)D#3342#20 prob_bp = 0.49999876117268350000
org.apache.commons.math3.util.FastMath:floor:(D)D#3342#17 prob_bp = 0.49999880388306756000
org.apache.commons.math3.util.FastMath:floor:(D)D#3342#16 prob_bp = 0.49999942802975095000
org.apache.commons.math3.util.FastMath:floor:(D)D#3347#32 prob_bp = 0.49999948517150550000
org.apache.commons.math3.fraction.BigFraction:<init>:(DDII)V#300#110 prob_bp = 0.49999963785619690000
org.apache.commons.math3.fraction.BigFraction:<init>:(DDII)V#301#124 prob_bp = 0.49999964544011730000
org.apache.commons.math3.fraction.BigFraction:<init>:(DDII)V#300#108 prob_bp = 0.49999972135330434000
org.apache.commons.math3.fraction.BigFraction:<init>:(DDII)V#299#106 prob_bp = 0.49999974209935530000
org.apache.commons.math3.fraction.Fraction:<init>:(DDII)V#208#109 prob_bp = 0.49999982304784690000
org.apache.commons.math3.util.FastMath:floor:(D)D#3342#12 prob_bp = 0.49999984944430400000
org.apache.commons.math3.util.FastMath:floor:(D)D#3342#9 prob_bp = 0.49999985467396557000
org.apache.commons.math3.fraction.Fraction:<init>:(DDII)V#208#107 prob_bp = 0.49999986385140505000
org.apache.commons.math3.fraction.Fraction:<init>:(DDII)V#207#105 prob_bp = 0.49999987398881480000
org.apache.commons.math3.util.FastMath:floor:(D)D#3342#8 prob_bp = 0.49999993098950530000
org.apache.commons.math3.util.FastMath:floor:(D)D#3346#27 prob_bp = 0.49999997873185104000
org.apache.commons.math3.util.FastMath:floor:(D)D#3346#26 prob_bp = 0.49999998941135080000
org.apache.commons.math3.fraction.BigFraction:<init>:(DDII)V#301#123 prob_bp = 0.49999999880434237000
org.apache.commons.math3.util.FastMath:floor:(D)D#3338#2 prob_bp = 0.49999999917656060000
org.apache.commons.math3.util.FastMath:floor:(D)D#3347#31 prob_bp = 0.49999999930034195000
org.apache.commons.math3.util.FastMath:floor:(D)D#3347#30 prob_bp = 0.49999999932678457000
org.apache.commons.math3.fraction.Fraction:<init>:(DI)V#144#6 prob_bp = 0.49999999951859570000
org.apache.commons.math3.fraction.Fraction:<init>:(DI)V#144#4 prob_bp = 0.49999999953732915000
org.apache.commons.math3.util.FastMath:floor:(D)D#3347#29 prob_bp = 0.49999999963166390000
org.apache.commons.math3.util.FastMath:floor:(D)D#3338#0 prob_bp = 0.49999999966056310000
org.apache.commons.math3.util.FastMath:floor:(D)D#3338#1 prob_bp = 0.49999999966056310000
org.apache.commons.math3.fraction.BigFraction:<init>:(DDII)V#301#121 prob_bp = 0.49999999969963554000
org.apache.commons.math3.fraction.BigFraction:<init>:(DDII)V#299#105 prob_bp = 0.49999999983207360000
org.apache.commons.math3.fraction.BigFraction:<init>:(DDII)V#299#98 prob_bp = 0.49999999983857074000
org.apache.commons.math3.fraction.Fraction:<init>:(DDII)V#207#104 prob_bp = 0.49999999991796390000
org.apache.commons.math3.fraction.Fraction:<init>:(DDII)V#207#97 prob_bp = 0.49999999992113890000
org.apache.commons.math3.fraction.BigFraction:<init>:(DDII)V#310#178#unexe#13 prob_bp = 0.49999999992320615000
org.apache.commons.math3.fraction.BigFraction:<init>:(DDII)V#310#190#unexe#13 prob_bp = 0.49999999997854644000
org.apache.commons.math3.fraction.BigFraction:<init>:(DDII)V#301#120 prob_bp = 0.49999999998279304000
org.apache.commons.math3.fraction.BigFraction:<init>:(DDII)V#301#116 prob_bp = 0.49999999998672306000
org.apache.commons.math3.fraction.BigFraction:<init>:(DDII)V#310#199#unexe#13 prob_bp = 0.49999999999395595000
org.apache.commons.math3.fraction.BigFraction:<init>:(DDII)V#301#118 prob_bp = 0.49999999999567785000
org.apache.commons.math3.fraction.BigFraction:<init>:(DDII)V#313#204 prob_bp = 0.49999999999830620000
org.apache.commons.math3.fraction.BigFraction:<init>:(DDII)V#310#178#unexe#17 prob_bp = 0.49999999999877626000
org.apache.commons.math3.fraction.BigFraction:<init>:(DDII)V#299#104 prob_bp = 0.49999999999925987000
org.apache.commons.math3.fraction.BigFraction:<init>:(DDII)V#313#202 prob_bp = 0.49999999999953440000
org.apache.commons.math3.fraction.Fraction:<init>:(DDII)V#207#103 prob_bp = 0.49999999999963934000
org.apache.commons.math3.fraction.BigFraction:<init>:(DDII)V#310#190#unexe#17 prob_bp = 0.49999999999965880000
org.apache.commons.math3.fraction.BigFraction:<init>:(DDII)V#299#99 prob_bp = 0.49999999999981287000
org.apache.commons.math3.fraction.BigFraction:<init>:(DDII)V#299#103 prob_bp = 0.49999999999981640000
org.apache.commons.math3.fraction.BigFraction:<init>:(DDII)V#310#199#unexe#17 prob_bp = 0.49999999999990410000
org.apache.commons.math3.fraction.Fraction:<init>:(DDII)V#207#98 prob_bp = 0.49999999999990874000
org.apache.commons.math3.fraction.Fraction:<init>:(DDII)V#207#102 prob_bp = 0.49999999999991035000
org.apache.commons.math3.fraction.BigFraction:<init>:(DDII)V#310#178#unexe#9 prob_bp = 0.49999999999995010000
org.apache.commons.math3.fraction.BigFraction:<init>:(DDII)V#299#101 prob_bp = 0.49999999999995340000
org.apache.commons.math3.fraction.Fraction:<init>:(DI)V#144#2 prob_bp = 0.49999999999996050000
org.apache.commons.math3.fraction.BigFraction:<init>:(DDII)V#314#208 prob_bp = 0.49999999999997374000
org.apache.commons.math3.fraction.Fraction:<init>:(DDII)V#219#183#unexe#9 prob_bp = 0.49999999999997630000
org.apache.commons.math3.fraction.Fraction:<init>:(DDII)V#207#100 prob_bp = 0.49999999999997730000
org.apache.commons.math3.fraction.BigFraction:<init>:(DDII)V#310#190#unexe#9 prob_bp = 0.49999999999998420000
org.apache.commons.math3.fraction.BigFraction:<init>:(DDII)V#310#178#unexe#11 prob_bp = 0.49999999999998740000
org.apache.commons.math3.fraction.Fraction:<init>:(DDII)V#219#195#unexe#9 prob_bp = 0.49999999999999295000
org.apache.commons.math3.fraction.BigFraction:<init>:(DDII)V#314#206 prob_bp = 0.49999999999999306000
org.apache.commons.math3.fraction.BigFraction:<init>:(DDII)V#310#199#unexe#9 prob_bp = 0.49999999999999370000
org.apache.commons.math3.fraction.Fraction:<init>:(DDII)V#219#183#unexe#11 prob_bp = 0.49999999999999395000
org.apache.commons.math3.fraction.BigFraction:<init>:(DDII)V#310#190#unexe#11 prob_bp = 0.49999999999999610000
org.apache.commons.math3.fraction.BigFraction:<init>:(DDII)V#318#224 prob_bp = 0.49999999999999680000
org.apache.commons.math3.fraction.Fraction:<init>:(DDII)V#219#204#unexe#9 prob_bp = 0.49999999999999706000
org.apache.commons.math3.fraction.BigFraction:<init>:(DDII)V#318#222 prob_bp = 0.49999999999999767000
org.apache.commons.math3.fraction.Fraction:<init>:(DDII)V#219#195#unexe#11 prob_bp = 0.49999999999999817000
org.apache.commons.math3.fraction.Fraction:<init>:(DDII)V#225#229 prob_bp = 0.49999999999999833000
org.apache.commons.math3.fraction.BigFraction:<init>:(DDII)V#310#199#unexe#11 prob_bp = 0.49999999999999840000
org.apache.commons.math3.fraction.Fraction:<init>:(DDII)V#225#227 prob_bp = 0.49999999999999883000
org.apache.commons.math3.fraction.Fraction:<init>:(DDII)V#219#204#unexe#11 prob_bp = 0.49999999999999940000
org.apache.commons.math3.fraction.Fraction:<init>:(DDII)V#219#190 prob_bp = 0.49999999999999960000
org.apache.commons.math3.fraction.Fraction:<init>:(DI)V#144#3 prob_bp = 0.49999999999999967000
org.apache.commons.math3.fraction.BigFraction:<init>:(DDII)V#317#218 prob_bp = 0.49999999999999970000
org.apache.commons.math3.fraction.Fraction:<init>:(DDII)V#219#189 prob_bp = 0.49999999999999983000
org.apache.commons.math3.fraction.Fraction:<init>:(DDII)V#224#223 prob_bp = 0.49999999999999983000
org.apache.commons.math3.fraction.BigFraction:<init>:(DDII)V#309#165 prob_bp = 0.49999999999999990000
org.apache.commons.math3.util.FastMath:floor:(D)D#3352#52 prob_bp = 0.49999999999999994000
org.apache.commons.math3.fraction.BigFraction:<init>:(DDII)V#310#181 prob_bp = 0.49999999999999994000
org.apache.commons.math3.fraction.BigFraction:<init>:(DDII)V#310#183 prob_bp = 0.49999999999999994000
org.apache.commons.math3.fraction.BigFraction:<init>:(DDII)V#317#220 prob_bp = 0.49999999999999994000
org.apache.commons.math3.exception.ConvergenceException:<init>:(Lorg/apache/commons/math3/exception/util/Localizable;[Ljava/lang/Object;)V#48#0 prob_bp = 0.49999999999999994000
org.apache.commons.math3.exception.ConvergenceException:<init>:(Lorg/apache/commons/math3/exception/util/Localizable;[Ljava/lang/Object;)V#48#1 prob_bp = 0.49999999999999994000
org.apache.commons.math3.fraction.Fraction:<init>:(DDII)V#215#166 prob_bp = 0.49999999999999994000
org.apache.commons.math3.fraction.BigFraction:<init>:(DDII)V#306#152 prob_bp = 0.50000000000000000000
org.apache.commons.math3.fraction.BigFraction:<init>:(DDII)V#306#155 prob_bp = 0.50000000000000000000
org.apache.commons.math3.fraction.BigFraction:<init>:(DDII)V#306#161 prob_bp = 0.50000000000000000000
org.apache.commons.math3.fraction.Fraction:<init>:(DDII)V#218#175 prob_bp = 0.50000000000000000000
org.apache.commons.math3.fraction.Fraction:<init>:(DDII)V#215#160 prob_bp = 0.50000000000000000000
org.apache.commons.math3.fraction.BigFraction:<init>:(DDII)V#309#170 prob_bp = 0.50000000000000010000
org.apache.commons.math3.fraction.FractionConversionException:<init>:(DJJ)V#53#0 prob_bp = 0.50000000000000010000
org.apache.commons.math3.fraction.Fraction:<init>:(DI)V#144#1 prob_bp = 0.50000000000000010000
org.apache.commons.math3.fraction.Fraction:<init>:(DDII)V#195#69 prob_bp = 0.50000000000000010000
org.apache.commons.math3.fraction.Fraction:<init>:(DDII)V#197#75 prob_bp = 0.50000000000000010000
org.apache.commons.math3.fraction.Fraction:<init>:(DDII)V#220#209 prob_bp = 0.50000000000000010000
org.apache.commons.math3.fraction.Fraction:<init>:(DDII)V#224#225 prob_bp = 0.50000000000000010000
org.apache.commons.math3.fraction.Fraction:<init>:(DDII)V#219#204#unexe#17 prob_bp = 0.50000000000000010000
org.apache.commons.math3.fraction.FractionConversionException:<init>:(DJJ)V#53#30 prob_bp = 0.50000000000000020000
org.apache.commons.math3.fraction.Fraction:<init>:(DDII)V#218#172 prob_bp = 0.50000000000000020000
org.apache.commons.math3.fraction.Fraction:<init>:(DDII)V#219#195#unexe#17 prob_bp = 0.50000000000000020000
org.apache.commons.math3.util.FastMath:floor:(D)D#3352#55 prob_bp = 0.50000000000000030000
org.apache.commons.math3.fraction.BigFraction:<init>:(DDII)V#287#71 prob_bp = 0.50000000000000030000
org.apache.commons.math3.fraction.BigFraction:<init>:(DDII)V#289#76 prob_bp = 0.50000000000000030000
org.apache.commons.math3.fraction.BigFraction:<init>:(DDII)V#290#81 prob_bp = 0.50000000000000030000
org.apache.commons.math3.fraction.BigFraction:<init>:(DDII)V#310#185 prob_bp = 0.50000000000000030000
org.apache.commons.math3.fraction.Fraction:<init>:(DDII)V#195#70 prob_bp = 0.50000000000000030000
org.apache.commons.math3.fraction.Fraction:<init>:(DDII)V#196#73 prob_bp = 0.50000000000000030000
org.apache.commons.math3.fraction.Fraction:<init>:(DDII)V#221#213 prob_bp = 0.50000000000000030000
org.apache.commons.math3.fraction.BigFraction:<init>:(DDII)V#310#184 prob_bp = 0.50000000000000040000
org.apache.commons.math3.fraction.Fraction:<init>:(DDII)V#198#80 prob_bp = 0.50000000000000040000
org.apache.commons.math3.fraction.Fraction:<init>:(DDII)V#197#77 prob_bp = 0.50000000000000060000
org.apache.commons.math3.fraction.Fraction:<init>:(DDII)V#219#204#unexe#13 prob_bp = 0.50000000000000060000
org.apache.commons.math3.fraction.Fraction:<init>:(DDII)V#219#183#unexe#17 prob_bp = 0.50000000000000060000
org.apache.commons.math3.fraction.BigFraction:<init>:(DDII)V#289#78 prob_bp = 0.50000000000000070000
org.apache.commons.math3.fraction.Fraction:<init>:(DDII)V#220#207 prob_bp = 0.50000000000000070000
org.apache.commons.math3.fraction.BigFraction:<init>:(DDII)V#287#70 prob_bp = 0.50000000000000080000
org.apache.commons.math3.fraction.BigFraction:<init>:(DDII)V#288#74 prob_bp = 0.50000000000000080000
org.apache.commons.math3.fraction.BigFraction:<init>:(DDII)V#309#167 prob_bp = 0.50000000000000080000
org.apache.commons.math3.fraction.BigFraction:<init>:(DDII)V#309#171 prob_bp = 0.50000000000000080000
org.apache.commons.math3.fraction.Fraction:<init>:(DDII)V#209#117 prob_bp = 0.50000000000000080000
org.apache.commons.math3.fraction.Fraction:<init>:(DDII)V#212#146 prob_bp = 0.50000000000000080000
org.apache.commons.math3.fraction.Fraction:<init>:(DDII)V#218#177 prob_bp = 0.50000000000000080000
org.apache.commons.math3.fraction.BigFraction:<init>:(DDII)V#309#172 prob_bp = 0.50000000000000090000
org.apache.commons.math3.fraction.Fraction:<init>:(DDII)V#198#79 prob_bp = 0.50000000000000090000
org.apache.commons.math3.util.FastMath:floor:(D)D#3352#53 prob_bp = 0.50000000000000100000
org.apache.commons.math3.util.FastMath:floor:(D)D#3352#54 prob_bp = 0.50000000000000100000
org.apache.commons.math3.fraction.BigFraction:<init>:(DDII)V#288#73 prob_bp = 0.50000000000000100000
org.apache.commons.math3.fraction.Fraction:<init>:(DDII)V#219#186 prob_bp = 0.50000000000000100000
org.apache.commons.math3.fraction.Fraction:<init>:(DDII)V#219#188 prob_bp = 0.50000000000000100000
org.apache.commons.math3.fraction.Fraction:<init>:(DDII)V#221#211 prob_bp = 0.50000000000000100000
org.apache.commons.math3.fraction.BigFraction:<init>:(DDII)V#281#42 prob_bp = 0.50000000000000110000
org.apache.commons.math3.fraction.BigFraction:<init>:(DDII)V#281#43 prob_bp = 0.50000000000000120000
org.apache.commons.math3.fraction.Fraction:<init>:(DDII)V#218#173 prob_bp = 0.50000000000000120000
org.apache.commons.math3.fraction.Fraction:<init>:(DDII)V#196#72 prob_bp = 0.50000000000000130000
org.apache.commons.math3.fraction.Fraction:<init>:(DDII)V#218#170 prob_bp = 0.50000000000000130000
org.apache.commons.math3.fraction.BigFraction:<init>:(DDII)V#281#44 prob_bp = 0.50000000000000140000
org.apache.commons.math3.fraction.BigFraction:<init>:(DDII)V#290#80 prob_bp = 0.50000000000000140000
org.apache.commons.math3.fraction.BigFraction:<init>:(DDII)V#309#168 prob_bp = 0.50000000000000160000
org.apache.commons.math3.fraction.BigFraction:<init>:(DDII)V#281#40 prob_bp = 0.50000000000000170000
org.apache.commons.math3.fraction.BigFraction:<init>:(DI)V#356#1 prob_bp = 0.50000000000000200000
org.apache.commons.math3.fraction.Fraction:<init>:(DDII)V#209#115 prob_bp = 0.50000000000000220000
org.apache.commons.math3.fraction.Fraction:<init>:(DDII)V#218#176 prob_bp = 0.50000000000000260000
org.apache.commons.math3.fraction.Fraction:<init>:(DDII)V#212#148 prob_bp = 0.50000000000000270000
org.apache.commons.math3.fraction.Fraction:<init>:(DDII)V#219#195#unexe#13 prob_bp = 0.50000000000000300000
org.apache.commons.math3.fraction.Fraction:<init>:(DDII)V#209#119 prob_bp = 0.50000000000000310000
org.apache.commons.math3.fraction.Fraction:<init>:(DDII)V#219#198 prob_bp = 0.50000000000000690000
org.apache.commons.math3.fraction.Fraction:<init>:(DDII)V#219#183#unexe#13 prob_bp = 0.50000000000000730000
org.apache.commons.math3.fraction.Fraction:<init>:(DDII)V#219#200 prob_bp = 0.50000000000001500000
org.apache.commons.math3.fraction.Fraction:<init>:(DDII)V#219#202 prob_bp = 0.50000000000001720000
org.apache.commons.math3.fraction.BigFraction:<init>:(DI)V#356#3 prob_bp = 0.50000000000002180000
org.apache.commons.math3.fraction.Fraction:<init>:(DDII)V#219#203 prob_bp = 0.50000000000002440000
org.apache.commons.math3.util.FastMath:floor:(D)D#3352#56 prob_bp = 0.50000000000002610000
org.apache.commons.math3.fraction.Fraction:<init>:(DDII)V#209#120 prob_bp = 0.50000000000002720000
org.apache.commons.math3.util.FastMath:abs:(J)J#3006#6 prob_bp = 0.50000000000003300000
org.apache.commons.math3.fraction.BigFraction:<init>:(DDII)V#281#45 prob_bp = 0.50000000000003610000
org.apache.commons.math3.fraction.BigFraction:<init>:(DDII)V#310#195 prob_bp = 0.50000000000005160000
org.apache.commons.math3.fraction.BigFraction:<init>:(DDII)V#310#193 prob_bp = 0.50000000000007540000
org.apache.commons.math3.fraction.Fraction:<init>:(DDII)V#209#122 prob_bp = 0.50000000000009470000
org.apache.commons.math3.fraction.BigFraction:<init>:(DDII)V#310#197 prob_bp = 0.50000000000010230000
org.apache.commons.math3.util.FastMath:abs:(J)J#3006#7 prob_bp = 0.50000000000010710000
org.apache.commons.math3.util.FastMath:abs:(J)J#3006#10 prob_bp = 0.50000000000010910000
org.apache.commons.math3.fraction.Fraction:<init>:(DDII)V#223#219 prob_bp = 0.50000000000022220000
org.apache.commons.math3.fraction.BigFraction:<init>:(DDII)V#310#198 prob_bp = 0.50000000000028480000
org.apache.commons.math3.fraction.Fraction:<init>:(DDII)V#183#17 prob_bp = 0.50000000000029880000
org.apache.commons.math3.fraction.BigFraction:<init>:(DDII)V#316#214 prob_bp = 0.50000000000035500000
org.apache.commons.math3.fraction.Fraction:<init>:(DDII)V#223#221 prob_bp = 0.50000000000083500000
org.apache.commons.math3.fraction.BigFraction:<init>:(DDII)V#316#216 prob_bp = 0.50000000000133560000
org.apache.commons.math3.fraction.Fraction:<init>:(DDII)V#219#193 prob_bp = 0.50000000000137790000
org.apache.commons.math3.fraction.Fraction:<init>:(DDII)V#189#46 prob_bp = 0.50000000000144270000
org.apache.commons.math3.fraction.Fraction:<init>:(DDII)V#208#112 prob_bp = 0.50000000000161480000
org.apache.commons.math3.fraction.BigFraction:<init>:(DDII)V#310#188 prob_bp = 0.50000000000201740000
org.apache.commons.math3.fraction.Fraction:<init>:(DDII)V#189#43 prob_bp = 0.50000000000230980000
org.apache.commons.math3.fraction.BigFraction:<init>:(DDII)V#300#113 prob_bp = 0.50000000000253840000
org.apache.commons.math3.fraction.Fraction:<init>:(DDII)V#189#45 prob_bp = 0.50000000000280190000
org.apache.commons.math3.fraction.Fraction:<init>:(DDII)V#219#204#unexe#19 prob_bp = 0.50000000000300640000
org.apache.commons.math3.fraction.Fraction:<init>:(DDII)V#219#194 prob_bp = 0.50000000000338230000
org.apache.commons.math3.fraction.BigFraction:<init>:(DDII)V#310#189 prob_bp = 0.50000000000399360000
org.apache.commons.math3.fraction.Fraction:<init>:(DDII)V#189#47 prob_bp = 0.50000000000441310000
org.apache.commons.math3.fraction.BigFraction:<init>:(DDII)V#310#199#unexe#19 prob_bp = 0.50000000000480650000
org.apache.commons.math3.fraction.Fraction:<init>:(DDII)V#222#215 prob_bp = 0.50000000001068660000
org.apache.commons.math3.fraction.Fraction:<init>:(DDII)V#219#195#unexe#19 prob_bp = 0.50000000001069710000
org.apache.commons.math3.fraction.BigFraction:<init>:(DDII)V#315#210 prob_bp = 0.50000000001708580000
org.apache.commons.math3.fraction.BigFraction:<init>:(DDII)V#310#190#unexe#19 prob_bp = 0.50000000001710180000
org.apache.commons.math3.fraction.Fraction:<init>:(DDII)V#209#123 prob_bp = 0.50000000002071950000
org.apache.commons.math3.fraction.BigFraction:<init>:(DDII)V#303#144 prob_bp = 0.50000000002511070000
org.apache.commons.math3.util.FastMath:abs:(J)J#3006#5 prob_bp = 0.50000000002833520000
org.apache.commons.math3.fraction.Fraction:<init>:(DDII)V#219#183#unexe#19 prob_bp = 0.50000000003831680000
org.apache.commons.math3.fraction.Fraction:<init>:(DDII)V#222#217 prob_bp = 0.50000000003886650000
org.apache.commons.math3.fraction.BigFraction:<init>:(DDII)V#310#178#unexe#19 prob_bp = 0.50000000006125960000
org.apache.commons.math3.fraction.BigFraction:<init>:(DDII)V#315#212 prob_bp = 0.50000000006213660000
org.apache.commons.math3.util.FastMath:abs:(J)J#3006#11 prob_bp = 0.50000000006884470000
org.apache.commons.math3.fraction.Fraction:<init>:(DDII)V#183#18 prob_bp = 0.50000000006960620000
org.apache.commons.math3.util.FastMath:abs:(J)J#3006#12 prob_bp = 0.50000000007092560000
org.apache.commons.math3.fraction.Fraction:<init>:(DDII)V#184#20 prob_bp = 0.50000000007215260000
org.apache.commons.math3.fraction.BigFraction:<init>:(DDII)V#303#146 prob_bp = 0.50000000008096580000
org.apache.commons.math3.fraction.Fraction:<init>:(DDII)V#212#151 prob_bp = 0.50000000008152290000
org.apache.commons.math3.util.FastMath:abs:(J)J#3006#13 prob_bp = 0.50000000008308720000
org.apache.commons.math3.fraction.Fraction:<init>:(DDII)V#212#135 prob_bp = 0.50000000008626910000
org.apache.commons.math3.fraction.Fraction:<init>:(DDII)V#184#22 prob_bp = 0.50000000008864920000
org.apache.commons.math3.fraction.Fraction:<init>:(DDII)V#212#153 prob_bp = 0.50000000009487470000
org.apache.commons.math3.fraction.BigFraction:<init>:(DDII)V#303#148 prob_bp = 0.50000000009563920000
org.apache.commons.math3.fraction.BigFraction:<init>:(DDII)V#310#174 prob_bp = 0.50000000011102840000
org.apache.commons.math3.fraction.Fraction:<init>:(DDII)V#219#179 prob_bp = 0.50000000011353740000
org.apache.commons.math3.fraction.Fraction:<init>:(DDII)V#219#204#unexe#15 prob_bp = 0.50000000013868140000
org.apache.commons.math3.fraction.Fraction:<init>:(DDII)V#210#127 prob_bp = 0.50000000013921460000
org.apache.commons.math3.fraction.BigFraction:<init>:(DI)V#356#2 prob_bp = 0.50000000014094160000
org.apache.commons.math3.fraction.Fraction:<init>:(DDII)V#219#204 prob_bp = 0.50000000021196520000
org.apache.commons.math3.fraction.BigFraction:<init>:(DDII)V#310#199#unexe#15 prob_bp = 0.50000000022171840000
org.apache.commons.math3.fraction.BigFraction:<init>:(DDII)V#302#128 prob_bp = 0.50000000022257230000
org.apache.commons.math3.fraction.Fraction:<init>:(DDII)V#182#9 prob_bp = 0.50000000027975920000
org.apache.commons.math3.fraction.Fraction:<init>:(DDII)V#212#137 prob_bp = 0.50000000029266640000
org.apache.commons.math3.fraction.BigFraction:<init>:(DDII)V#310#176 prob_bp = 0.50000000032691450000
org.apache.commons.math3.fraction.Fraction:<init>:(DDII)V#219#181 prob_bp = 0.50000000033389640000
org.apache.commons.math3.fraction.Fraction:<init>:(DDII)V#189#48 prob_bp = 0.50000000035871760000
org.apache.commons.math3.fraction.BigFraction:<init>:(DDII)V#310#178 prob_bp = 0.50000000037573640000
org.apache.commons.math3.fraction.Fraction:<init>:(DDII)V#219#183 prob_bp = 0.50000000038265690000
org.apache.commons.math3.fraction.Fraction:<init>:(DDII)V#208#113 prob_bp = 0.50000000038335330000
org.apache.commons.math3.fraction.Fraction:<init>:(DDII)V#210#125 prob_bp = 0.50000000041037460000
org.apache.commons.math3.fraction.Fraction:<init>:(DDII)V#219#195#unexe#15 prob_bp = 0.50000000049225100000
org.apache.commons.math3.fraction.Fraction:<init>:(DDII)V#210#129 prob_bp = 0.50000000050603410000
org.apache.commons.math3.fraction.BigFraction:<init>:(DDII)V#300#114 prob_bp = 0.50000000060058900000
org.apache.commons.math3.fraction.BigFraction:<init>:(DDII)V#302#126 prob_bp = 0.50000000065609120000
org.apache.commons.math3.fraction.BigFraction:<init>:(DDII)V#310#190#unexe#15 prob_bp = 0.50000000078699080000
org.apache.commons.math3.fraction.BigFraction:<init>:(DDII)V#302#130 prob_bp = 0.50000000080902450000
org.apache.commons.math3.fraction.Fraction:<init>:(DDII)V#182#10 prob_bp = 0.50000000090892350000
org.apache.commons.math3.util.FastMath:abs:(J)J#3001#0 prob_bp = 0.50000000105263010000
org.apache.commons.math3.fraction.Fraction:<init>:(DDII)V#204#91 prob_bp = 0.50000000115442870000
org.apache.commons.math3.fraction.Fraction:<init>:(DDII)V#204#92 prob_bp = 0.50000000119467960000
org.apache.commons.math3.fraction.BigFraction:<init>:(DDII)V#296#92 prob_bp = 0.50000000121186030000
org.apache.commons.math3.fraction.BigFraction:<init>:(DDII)V#296#93 prob_bp = 0.50000000125461500000
org.apache.commons.math3.util.FastMath:abs:(D)D#3024#3 prob_bp = 0.50000000151706810000
org.apache.commons.math3.fraction.Fraction:<init>:(DDII)V#219#204#unexe#26 prob_bp = 0.50000000152666360000
org.apache.commons.math3.fraction.Fraction:<init>:(DDII)V#219#183#unexe#15 prob_bp = 0.50000000176204860000
org.apache.commons.math3.fraction.BigFraction:<init>:(DDII)V#281#48 prob_bp = 0.50000000181551040000
org.apache.commons.math3.fraction.BigFraction:<init>:(DDII)V#281#49 prob_bp = 0.50000000219911360000
org.apache.commons.math3.fraction.BigFraction:<init>:(DDII)V#310#178#unexe#15 prob_bp = 0.50000000281708600000
org.apache.commons.math3.fraction.BigFraction:<init>:(DDII)V#273#9 prob_bp = 0.50000000283485580000
org.apache.commons.math3.util.FastMath:abs:(J)J#3001#1 prob_bp = 0.50000000306781780000
org.apache.commons.math3.fraction.Fraction:<init>:(DDII)V#183#12 prob_bp = 0.50000000316067870000
org.apache.commons.math3.util.FastMath:abs:(J)J#3001#3 prob_bp = 0.50000000316196990000
org.apache.commons.math3.fraction.BigFraction:<init>:(DDII)V#310#199 prob_bp = 0.50000000478905500000
org.apache.commons.math3.util.FastMath:abs:(D)D#3024#4 prob_bp = 0.50000000530355940000
org.apache.commons.math3.fraction.BigFraction:<init>:(DDII)V#273#10 prob_bp = 0.50000000681412050000
org.apache.commons.math3.fraction.Fraction:<init>:(DDII)V#210#130 prob_bp = 0.50000000689215970000
org.apache.commons.math3.fraction.BigFraction:<init>:(DDII)V#302#131 prob_bp = 0.50000001101879550000
org.apache.commons.math3.fraction.Fraction:<init>:(DDII)V#183#14 prob_bp = 0.50000001121988250000
org.apache.commons.math3.util.FastMath:floor:(D)D#3355#57 prob_bp = 0.50000001491042190000
org.apache.commons.math3.fraction.BigFraction:<init>:(DDII)V#310#199#unexe#26 prob_bp = 0.50000001492312090000
org.apache.commons.math3.util.FastMath:abs:(D)D#3024#0 prob_bp = 0.50000001712177420000
org.apache.commons.math3.util.FastMath:abs:(D)D#3024#7 prob_bp = 0.50000001768147710000
org.apache.commons.math3.fraction.BigFraction:<init>:(DDII)V#310#190 prob_bp = 0.50000001832172850000
org.apache.commons.math3.fraction.Fraction:<init>:(DDII)V#219#195 prob_bp = 0.50000001858983960000
org.apache.commons.math3.util.FastMath:abs:(J)J#3001#4 prob_bp = 0.50000002146300660000
org.apache.commons.math3.fraction.BigFraction:<init>:(DDII)V#274#12 prob_bp = 0.50000002282903090000
org.apache.commons.math3.util.FastMath:floor:(D)D#3355#58 prob_bp = 0.50000002393959320000
org.apache.commons.math3.fraction.Fraction:<init>:(DDII)V#210#132 prob_bp = 0.50000002505123250000
org.apache.commons.math3.fraction.BigFraction:<init>:(DDII)V#302#133 prob_bp = 0.50000004005028950000
org.apache.commons.math3.util.FastMath:floor:(D)D#3355#59 prob_bp = 0.50000005320118750000
org.apache.commons.math3.fraction.Fraction:<init>:(DDII)V#219#195#unexe#26 prob_bp = 0.50000006219094730000
org.apache.commons.math3.fraction.BigFraction:<init>:(DDII)V#310#190#unexe#26 prob_bp = 0.50000007115020420000
org.apache.commons.math3.util.FastMath:abs:(J)J#3006#14 prob_bp = 0.50000007291861850000
org.apache.commons.math3.fraction.BigFraction:<init>:(DDII)V#274#14 prob_bp = 0.50000008728290200000
org.apache.commons.math3.fraction.BigFraction:<init>:(DDII)V#274#17 prob_bp = 0.50000014802738750000
org.apache.commons.math3.util.FastMath:abs:(J)J#3006#15 prob_bp = 0.50000020636926790000
org.apache.commons.math3.fraction.Fraction:<init>:(DDII)V#212#154 prob_bp = 0.50000035149632740000
org.apache.commons.math3.fraction.BigFraction:<init>:(DDII)V#320#229 prob_bp = 0.50000038585220980000
org.apache.commons.math3.fraction.BigFraction:<init>:(DDII)V#303#149 prob_bp = 0.50000038650033260000
org.apache.commons.math3.fraction.Fraction:<init>:(DDII)V#227#234 prob_bp = 0.50000038749055760000
org.apache.commons.math3.fraction.BigFraction:<init>:(DDII)V#320#230 prob_bp = 0.50000040118548200000
org.apache.commons.math3.fraction.Fraction:<init>:(DDII)V#227#235 prob_bp = 0.50000040291188670000
org.apache.commons.math3.fraction.Fraction:<init>:(DDII)V#219#183#unexe#26 prob_bp = 0.50000049400700040000
org.apache.commons.math3.fraction.BigFraction:<init>:(DDII)V#310#178#unexe#26 prob_bp = 0.50000051036051860000
org.apache.commons.math3.fraction.Fraction:<init>:(DDII)V#212#142 prob_bp = 0.50000056848294120000
org.apache.commons.math3.fraction.Fraction:<init>:(DDII)V#184#25 prob_bp = 0.50000068136440230000
org.apache.commons.math3.util.FastMath:abs:(J)J#3006#16 prob_bp = 0.50000079073832190000
org.apache.commons.math3.fraction.Fraction:<init>:(DDII)V#229#237 prob_bp = 0.50000082506869830000
org.apache.commons.math3.fraction.BigFraction:<init>:(DDII)V#322#232 prob_bp = 0.50000089357771420000
org.apache.commons.math3.fraction.Fraction:<init>:(DDII)V#184#27 prob_bp = 0.50000094417973730000
org.apache.commons.math3.fraction.Fraction:<init>:(DDII)V#212#140 prob_bp = 0.50000119608218070000
org.apache.commons.math3.fraction.Fraction:<init>:(DDII)V#181#4 prob_bp = 0.50000177980114520000
org.apache.commons.math3.fraction.Fraction:<init>:(DDII)V#181#7 prob_bp = 0.50000182083732240000
org.apache.commons.math3.fraction.Fraction:<init>:(DDII)V#229#239 prob_bp = 0.50000199631851690000
org.apache.commons.math3.fraction.BigFraction:<init>:(DDII)V#322#234 prob_bp = 0.50000225176904870000
org.apache.commons.math3.fraction.BigFraction:<init>:(DDII)V#281#50 prob_bp = 0.50000244211797210000
org.apache.commons.math3.fraction.Fraction:<init>:(DDII)V#203#88 prob_bp = 0.50000557553356530000
org.apache.commons.math3.fraction.Fraction:<init>:(DDII)V#203#89 prob_bp = 0.50000576993406230000
org.apache.commons.math3.fraction.BigFraction:<init>:(DDII)V#295#89 prob_bp = 0.50000602728763980000
org.apache.commons.math3.fraction.Fraction:<init>:(DDII)V#189#51 prob_bp = 0.50000616813827140000
org.apache.commons.math3.fraction.BigFraction:<init>:(DDII)V#295#90 prob_bp = 0.50000623993063040000
org.apache.commons.math3.fraction.Fraction:<init>:(DDII)V#210#133 prob_bp = 0.50000632293113800000
org.apache.commons.math3.fraction.BigFraction:<init>:(DDII)V#302#134 prob_bp = 0.50001010861079550000
org.apache.commons.math3.util.FastMath:abs:(D)D#3024#8 prob_bp = 0.50001269816205900000
org.apache.commons.math3.util.FastMath:abs:(D)D#3024#11 prob_bp = 0.50001352721973590000
org.apache.commons.math3.fraction.Fraction:<init>:(DDII)V#189#52 prob_bp = 0.50001623523501020000
org.apache.commons.math3.fraction.BigFraction:<init>:(DDII)V#272#4 prob_bp = 0.50001853825059220000
org.apache.commons.math3.fraction.BigFraction:<init>:(DDII)V#272#7 prob_bp = 0.50001928379724090000
org.apache.commons.math3.fraction.BigFraction:<init>:(DI)V#356#4 prob_bp = 0.50002628192591720000
org.apache.commons.math3.fraction.BigFraction:<init>:(DDII)V#275#22 prob_bp = 0.50002710085802790000
org.apache.commons.math3.fraction.BigFraction:<init>:(DI)V#356#6 prob_bp = 0.50002734070863450000
org.apache.commons.math3.fraction.BigFraction:<init>:(DDII)V#274#18 prob_bp = 0.50003057223198060000
org.apache.commons.math3.fraction.Fraction:<init>:(DDII)V#206#94 prob_bp = 0.50003251464277400000
org.apache.commons.math3.fraction.BigFraction:<init>:(DDII)V#275#20 prob_bp = 0.50003254426595160000
org.apache.commons.math3.fraction.BigFraction:<init>:(DDII)V#298#95 prob_bp = 0.50003691123139800000
org.apache.commons.math3.fraction.BigFraction:<init>:(DDII)V#275#24 prob_bp = 0.50003893543962970000
org.apache.commons.math3.fraction.Fraction:<init>:(DDII)V#231#242 prob_bp = 0.50005443686726620000
org.apache.commons.math3.fraction.BigFraction:<init>:(DDII)V#324#237 prob_bp = 0.50006313911388610000
org.apache.commons.math3.fraction.Fraction:<init>:(DDII)V#231#244 prob_bp = 0.50013905260386790000
org.apache.commons.math3.fraction.BigFraction:<init>:(DDII)V#324#239 prob_bp = 0.50016865148925600000
org.apache.commons.math3.fraction.Fraction:<init>:(DDII)V#231#246 prob_bp = 0.50020171794128390000
org.apache.commons.math3.fraction.BigFraction:<init>:(DDII)V#324#241 prob_bp = 0.50023535785788900000
org.apache.commons.math3.fraction.Fraction:<init>:(DDII)V#184#28 prob_bp = 0.50679814970668610000
org.apache.commons.math3.fraction.Fraction:<init>:(DDII)V#189#53 prob_bp = 0.55439443847764400000
org.apache.commons.math3.fraction.BigFraction:<init>:(DDII)V#275#25 prob_bp = 0.56236824718844080000
org.apache.commons.math3.exception.MathIllegalStateException:<init>:(Lorg/apache/commons/math3/exception/util/Localizable;[Ljava/lang/Object;)V#46#4 prob_bp = 0.89387967318913520000
org.apache.commons.math3.exception.MathIllegalStateException:<init>:(Lorg/apache/commons/math3/exception/util/Localizable;[Ljava/lang/Object;)V#46#5 prob_bp = 0.89403136791353780000
org.apache.commons.math3.exception.MathIllegalStateException:<init>:(Lorg/apache/commons/math3/exception/util/Localizable;[Ljava/lang/Object;)V#46#13 prob_bp = 0.90199159756835650000
org.apache.commons.math3.exception.MathIllegalStateException:getLocalizedMessage:()Ljava/lang/String;#86#0 prob_bp = 0.94730174007365060000
org.apache.commons.math3.fraction.Fraction:<init>:(DDII)V#215#157 prob_bp = 0.95334325321537150000
org.apache.commons.math3.exception.MathIllegalStateException:<init>:()V#69#0 prob_bp = 0.97645880920040400000
org.apache.commons.math3.exception.MathIllegalStateException:getLocalizedMessage:()Ljava/lang/String;#86#1 prob_bp = 0.99009900990099010000
org.apache.commons.math3.exception.MathIllegalStateException:getLocalizedMessage:()Ljava/lang/String;#86#4 prob_bp = 0.99009900990099010000
org.apache.commons.math3.exception.MathIllegalStateException:getLocalizedMessage:()Ljava/lang/String;#86#7 prob_bp = 0.99009900990099010000
org.apache.commons.math3.exception.MathIllegalStateException:<init>:()V#69#8 prob_bp = 0.99969637613493020000
org.apache.commons.math3.fraction.BigFractionTest:testDigitLimitConstructor:()V#149#7 prob_bp = 1.00000000000000000000
org.apache.commons.math3.fraction.BigFractionTest:testDigitLimitConstructor:()V#149#10 prob_bp = 1.00000000000000000000
org.apache.commons.math3.fraction.BigFractionTest:testDigitLimitConstructor:()V#149#12 prob_bp = 1.00000000000000000000
org.apache.commons.math3.fraction.BigFractionTest:testDigitLimitConstructor:()V#150#25 prob_bp = 1.00000000000000000000
org.apache.commons.math3.fraction.BigFractionTest:testDigitLimitConstructor:()V#150#28 prob_bp = 1.00000000000000000000
org.apache.commons.math3.fraction.BigFractionTest:testDigitLimitConstructor:()V#150#30 prob_bp = 1.00000000000000000000
org.apache.commons.math3.fraction.BigFractionTest:testDigitLimitConstructor:()V#151#43 prob_bp = 1.00000000000000000000
org.apache.commons.math3.fraction.BigFractionTest:testDigitLimitConstructor:()V#151#46 prob_bp = 1.00000000000000000000
org.apache.commons.math3.fraction.BigFractionTest:testDigitLimitConstructor:()V#151#49 prob_bp = 1.00000000000000000000
org.apache.commons.math3.fraction.BigFractionTest:testDigitLimitConstructor:()V#153#62 prob_bp = 1.00000000000000000000
org.apache.commons.math3.fraction.BigFractionTest:testDigitLimitConstructor:()V#153#65 prob_bp = 1.00000000000000000000
org.apache.commons.math3.fraction.BigFractionTest:testDigitLimitConstructor:()V#153#67 prob_bp = 1.00000000000000000000
org.apache.commons.math3.fraction.BigFractionTest:testDigitLimitConstructor:()V#154#82 prob_bp = 1.00000000000000000000
org.apache.commons.math3.fraction.BigFractionTest:testDigitLimitConstructor:()V#154#85 prob_bp = 1.00000000000000000000
org.apache.commons.math3.fraction.BigFractionTest:testDigitLimitConstructor:()V#154#87 prob_bp = 1.00000000000000000000
org.apache.commons.math3.fraction.BigFractionTest:testDigitLimitConstructor:()V#155#104 prob_bp = 1.00000000000000000000
org.apache.commons.math3.fraction.BigFractionTest:testDigitLimitConstructor:()V#155#107 prob_bp = 1.00000000000000000000
org.apache.commons.math3.fraction.BigFractionTest:testDigitLimitConstructor:()V#155#110 prob_bp = 1.00000000000000000000
org.apache.commons.math3.fraction.BigFractionTest:testDigitLimitConstructor:()V#156#127 prob_bp = 1.00000000000000000000
org.apache.commons.math3.fraction.BigFractionTest:testDigitLimitConstructor:()V#156#130 prob_bp = 1.00000000000000000000
org.apache.commons.math3.fraction.BigFractionTest:testDigitLimitConstructor:()V#156#133 prob_bp = 1.00000000000000000000
org.apache.commons.math3.fraction.BigFractionTest:testDigitLimitConstructor:()V#159#146 prob_bp = 1.00000000000000000000
org.apache.commons.math3.fraction.BigFractionTest:testDigitLimitConstructor:()V#159#149 prob_bp = 1.00000000000000000000
org.apache.commons.math3.fraction.BigFractionTest:testDigitLimitConstructor:()V#159#151 prob_bp = 1.00000000000000000000
org.apache.commons.math3.fraction.FractionTest:testDigitLimitConstructor:()V#124#7 prob_bp = 1.00000000000000000000
org.apache.commons.math3.fraction.FractionTest:testDigitLimitConstructor:()V#124#10 prob_bp = 1.00000000000000000000
org.apache.commons.math3.fraction.FractionTest:testDigitLimitConstructor:()V#124#12 prob_bp = 1.00000000000000000000
org.apache.commons.math3.fraction.FractionTest:testDigitLimitConstructor:()V#125#25 prob_bp = 1.00000000000000000000
org.apache.commons.math3.fraction.FractionTest:testDigitLimitConstructor:()V#125#28 prob_bp = 1.00000000000000000000
org.apache.commons.math3.fraction.FractionTest:testDigitLimitConstructor:()V#125#30 prob_bp = 1.00000000000000000000
org.apache.commons.math3.fraction.FractionTest:testDigitLimitConstructor:()V#126#43 prob_bp = 1.00000000000000000000
org.apache.commons.math3.fraction.FractionTest:testDigitLimitConstructor:()V#126#46 prob_bp = 1.00000000000000000000
org.apache.commons.math3.fraction.FractionTest:testDigitLimitConstructor:()V#126#49 prob_bp = 1.00000000000000000000
org.apache.commons.math3.fraction.FractionTest:testDigitLimitConstructor:()V#128#62 prob_bp = 1.00000000000000000000
org.apache.commons.math3.fraction.FractionTest:testDigitLimitConstructor:()V#128#65 prob_bp = 1.00000000000000000000
org.apache.commons.math3.fraction.FractionTest:testDigitLimitConstructor:()V#128#67 prob_bp = 1.00000000000000000000
org.apache.commons.math3.fraction.FractionTest:testDigitLimitConstructor:()V#129#82 prob_bp = 1.00000000000000000000
org.apache.commons.math3.fraction.FractionTest:testDigitLimitConstructor:()V#129#85 prob_bp = 1.00000000000000000000
org.apache.commons.math3.fraction.FractionTest:testDigitLimitConstructor:()V#129#87 prob_bp = 1.00000000000000000000
org.apache.commons.math3.fraction.FractionTest:testDigitLimitConstructor:()V#130#104 prob_bp = 1.00000000000000000000
org.apache.commons.math3.fraction.FractionTest:testDigitLimitConstructor:()V#130#107 prob_bp = 1.00000000000000000000
org.apache.commons.math3.fraction.FractionTest:testDigitLimitConstructor:()V#130#110 prob_bp = 1.00000000000000000000
org.apache.commons.math3.fraction.FractionTest:testDigitLimitConstructor:()V#131#127 prob_bp = 1.00000000000000000000
org.apache.commons.math3.fraction.FractionTest:testDigitLimitConstructor:()V#131#130 prob_bp = 1.00000000000000000000
org.apache.commons.math3.fraction.FractionTest:testDigitLimitConstructor:()V#131#133 prob_bp = 1.00000000000000000000
org.apache.commons.math3.fraction.FractionTest:testDigitLimitConstructor:()V#134#146 prob_bp = 1.00000000000000000000
org.apache.commons.math3.fraction.FractionTest:testDigitLimitConstructor:()V#134#149 prob_bp = 1.00000000000000000000
org.apache.commons.math3.fraction.FractionTest:testDigitLimitConstructor:()V#134#151 prob_bp = 1.00000000000000000000
Belief propagation time : 40.029000s
