Belief propagation time: 100

Probabilities: 
Vars:150309
Stmts:7841
org.apache.commons.math3.geometry.euclidean.threed.Vector3D:toArray:()[D#222#24 prob_bp = 0.49890315160510573000
org.apache.commons.math3.geometry.euclidean.threed.Vector3D:toArray:()[D#222#1 prob_bp = 0.49898881512128710000
org.apache.commons.math3.geometry.euclidean.threed.Vector3D:toArray:()[D#222#0 prob_bp = 0.49901783408548470000
org.apache.commons.math3.geometry.euclidean.threed.Vector3D:<init>:(DLorg/apache/commons/math3/geometry/euclidean/threed/Vector3D;)V#138#10 prob_bp = 0.49999999999999983000
org.apache.commons.math3.util.MathArrays:linearCombination:(DDDD)D#887#145 prob_bp = 0.49999999999999983000
org.apache.commons.math3.geometry.euclidean.threed.Line:reset:(Lorg/apache/commons/math3/geometry/euclidean/threed/Vector3D;Lorg/apache/commons/math3/geometry/euclidean/threed/Vector3D;)V#79#40 prob_bp = 0.49999999999999994000
org.apache.commons.math3.geometry.euclidean.threed.Line:reset:(Lorg/apache/commons/math3/geometry/euclidean/threed/Vector3D;Lorg/apache/commons/math3/geometry/euclidean/threed/Vector3D;)V#79#42 prob_bp = 0.49999999999999994000
org.apache.commons.math3.geometry.euclidean.threed.Vector3D:<init>:(DLorg/apache/commons/math3/geometry/euclidean/threed/Vector3D;)V#139#20 prob_bp = 0.49999999999999994000
org.apache.commons.math3.util.MathArrays:linearCombination:(DDDD)D#875#54 prob_bp = 0.49999999999999994000
org.apache.commons.math3.geometry.euclidean.threed.Vector3D:<init>:(DLorg/apache/commons/math3/geometry/euclidean/threed/Vector3D;)V#139#21 prob_bp = 0.50000000000000000000
org.apache.commons.math3.geometry.euclidean.threed.Vector3D:<init>:(DLorg/apache/commons/math3/geometry/euclidean/threed/Vector3D;DLorg/apache/commons/math3/geometry/euclidean/threed/Vector3D;)V#152#7 prob_bp = 0.50000000000000000000
org.apache.commons.math3.geometry.euclidean.threed.Line:revert:()Lorg/apache/commons/math3/geometry/euclidean/threed/Line;#87#4 prob_bp = 0.50000000000000000000
org.apache.commons.math3.geometry.euclidean.threed.Line:revert:()Lorg/apache/commons/math3/geometry/euclidean/threed/Line;#87#5 prob_bp = 0.50000000000000000000
org.apache.commons.math3.geometry.euclidean.threed.Line:revert:()Lorg/apache/commons/math3/geometry/euclidean/threed/Line;#87#8 prob_bp = 0.50000000000000000000
org.apache.commons.math3.geometry.euclidean.threed.Line:revert:()Lorg/apache/commons/math3/geometry/euclidean/threed/Line;#87#9 prob_bp = 0.50000000000000000000
org.apache.commons.math3.geometry.euclidean.threed.Line:revert:()Lorg/apache/commons/math3/geometry/euclidean/threed/Line;#87#13 prob_bp = 0.50000000000000000000
org.apache.commons.math3.geometry.euclidean.threed.Vector3D:<init>:(DLorg/apache/commons/math3/geometry/euclidean/threed/Vector3D;)V#138#4 prob_bp = 0.50000000000000010000
org.apache.commons.math3.geometry.euclidean.threed.Vector3D:<init>:(DLorg/apache/commons/math3/geometry/euclidean/threed/Vector3D;)V#138#5 prob_bp = 0.50000000000000010000
org.apache.commons.math3.geometry.euclidean.threed.Vector3D:<init>:(DLorg/apache/commons/math3/geometry/euclidean/threed/Vector3D;)V#139#14 prob_bp = 0.50000000000000010000
org.apache.commons.math3.util.MathArrays:linearCombination:(DDDD)D#867#12 prob_bp = 0.50000000000000010000
org.apache.commons.math3.util.MathArrays:linearCombination:(DDDD)D#875#70 prob_bp = 0.50000000000000010000
org.apache.commons.math3.util.MathArrays:linearCombination:(DDDD)D#887#149 prob_bp = 0.50000000000000010000
org.apache.commons.math3.geometry.euclidean.threed.Vector3D:<init>:(DLorg/apache/commons/math3/geometry/euclidean/threed/Vector3D;DLorg/apache/commons/math3/geometry/euclidean/threed/Vector3D;)V#153#26 prob_bp = 0.50000000000000010000
org.apache.commons.math3.geometry.euclidean.threed.Line:revert:()Lorg/apache/commons/math3/geometry/euclidean/threed/Line;#87#12 prob_bp = 0.50000000000000010000
org.apache.commons.math3.geometry.euclidean.threed.Line:revert:()Lorg/apache/commons/math3/geometry/euclidean/threed/Line;#87#16 prob_bp = 0.50000000000000010000
org.apache.commons.math3.geometry.euclidean.threed.Line:revert:()Lorg/apache/commons/math3/geometry/euclidean/threed/Line;#87#19 prob_bp = 0.50000000000000010000
org.apache.commons.math3.util.MathArrays:linearCombination:(DDDD)D#882#112 prob_bp = 0.50000000000000020000
org.apache.commons.math3.geometry.euclidean.threed.Line:reset:(Lorg/apache/commons/math3/geometry/euclidean/threed/Vector3D;Lorg/apache/commons/math3/geometry/euclidean/threed/Vector3D;)V#79#34 prob_bp = 0.50000000000000030000
org.apache.commons.math3.geometry.euclidean.threed.Line:reset:(Lorg/apache/commons/math3/geometry/euclidean/threed/Vector3D;Lorg/apache/commons/math3/geometry/euclidean/threed/Vector3D;)V#79#39 prob_bp = 0.50000000000000030000
org.apache.commons.math3.geometry.euclidean.threed.Vector3D:<init>:(DLorg/apache/commons/math3/geometry/euclidean/threed/Vector3D;)V#138#6 prob_bp = 0.50000000000000030000
org.apache.commons.math3.geometry.euclidean.threed.Vector3D:<init>:(DLorg/apache/commons/math3/geometry/euclidean/threed/Vector3D;)V#138#7 prob_bp = 0.50000000000000030000
org.apache.commons.math3.geometry.euclidean.threed.Vector3D:<init>:(DLorg/apache/commons/math3/geometry/euclidean/threed/Vector3D;)V#138#11 prob_bp = 0.50000000000000030000
org.apache.commons.math3.geometry.euclidean.threed.Vector3D:<init>:(DLorg/apache/commons/math3/geometry/euclidean/threed/Vector3D;)V#139#16 prob_bp = 0.50000000000000030000
org.apache.commons.math3.geometry.euclidean.threed.Vector3D:<init>:(DLorg/apache/commons/math3/geometry/euclidean/threed/Vector3D;)V#139#17 prob_bp = 0.50000000000000030000
org.apache.commons.math3.util.MathArrays:linearCombination:(DDDD)D#867#7 prob_bp = 0.50000000000000030000
org.apache.commons.math3.util.MathArrays:linearCombination:(DDDD)D#867#13 prob_bp = 0.50000000000000030000
org.apache.commons.math3.util.MathArrays:linearCombination:(DDDD)D#882#110 prob_bp = 0.50000000000000030000
org.apache.commons.math3.geometry.euclidean.threed.Vector3D:<init>:(DLorg/apache/commons/math3/geometry/euclidean/threed/Vector3D;)V#139#15 prob_bp = 0.50000000000000040000
org.apache.commons.math3.geometry.euclidean.threed.Line:reset:(Lorg/apache/commons/math3/geometry/euclidean/threed/Vector3D;Lorg/apache/commons/math3/geometry/euclidean/threed/Vector3D;)V#79#38 prob_bp = 0.50000000000000060000
org.apache.commons.math3.geometry.euclidean.threed.Line:reset:(Lorg/apache/commons/math3/geometry/euclidean/threed/Vector3D;Lorg/apache/commons/math3/geometry/euclidean/threed/Vector3D;)V#79#50 prob_bp = 0.50000000000000060000
org.apache.commons.math3.util.MathArrays:linearCombination:(DDDD)D#870#31 prob_bp = 0.50000000000000060000
org.apache.commons.math3.util.MathArrays:linearCombination:(DDDD)D#870#36 prob_bp = 0.50000000000000060000
org.apache.commons.math3.util.MathArrays:linearCombination:(DDDD)D#875#62 prob_bp = 0.50000000000000060000
org.apache.commons.math3.util.MathArrays:linearCombination:(DDDD)D#879#91 prob_bp = 0.50000000000000060000
org.apache.commons.math3.util.MathArrays:linearCombination:(DDDD)D#881#102 prob_bp = 0.50000000000000060000
org.apache.commons.math3.util.MathArrays:linearCombination:(DDDD)D#881#105 prob_bp = 0.50000000000000060000
org.apache.commons.math3.util.MathArrays:linearCombination:(DDDD)D#881#108 prob_bp = 0.50000000000000060000
org.apache.commons.math3.util.MathArrays:linearCombination:(DDDD)D#887#147 prob_bp = 0.50000000000000060000
org.apache.commons.math3.util.MathArrays:linearCombination:(DDDD)D#887#151 prob_bp = 0.50000000000000060000
org.apache.commons.math3.util.MathArrays:linearCombination:(DDDD)D#867#9 prob_bp = 0.50000000000000070000
org.apache.commons.math3.util.MathArrays:linearCombination:(DDDD)D#875#61 prob_bp = 0.50000000000000070000
org.apache.commons.math3.geometry.euclidean.threed.Line:reset:(Lorg/apache/commons/math3/geometry/euclidean/threed/Vector3D;Lorg/apache/commons/math3/geometry/euclidean/threed/Vector3D;)V#79#45 prob_bp = 0.50000000000000080000
org.apache.commons.math3.geometry.euclidean.threed.Line:reset:(Lorg/apache/commons/math3/geometry/euclidean/threed/Vector3D;Lorg/apache/commons/math3/geometry/euclidean/threed/Vector3D;)V#79#46 prob_bp = 0.50000000000000080000
org.apache.commons.math3.geometry.euclidean.threed.Vector3D:<init>:(DLorg/apache/commons/math3/geometry/euclidean/threed/Vector3D;DLorg/apache/commons/math3/geometry/euclidean/threed/Vector3D;)V#152#5 prob_bp = 0.50000000000000080000
org.apache.commons.math3.util.MathArrays:linearCombination:(DDDD)D#879#87 prob_bp = 0.50000000000000080000
org.apache.commons.math3.util.MathArrays:linearCombination:(DDDD)D#887#143 prob_bp = 0.50000000000000080000
org.apache.commons.math3.geometry.euclidean.threed.Vector3D:<init>:(DLorg/apache/commons/math3/geometry/euclidean/threed/Vector3D;DLorg/apache/commons/math3/geometry/euclidean/threed/Vector3D;)V#153#24 prob_bp = 0.50000000000000080000
org.apache.commons.math3.geometry.euclidean.threed.Vector3D:<init>:(DLorg/apache/commons/math3/geometry/euclidean/threed/Vector3D;DLorg/apache/commons/math3/geometry/euclidean/threed/Vector3D;)V#152#6 prob_bp = 0.50000000000000100000
org.apache.commons.math3.util.MathArrays:linearCombination:(DDDD)D#866#5 prob_bp = 0.50000000000000100000
org.apache.commons.math3.util.MathArrays:linearCombination:(DDDD)D#870#29 prob_bp = 0.50000000000000100000
org.apache.commons.math3.util.MathArrays:linearCombination:(DDDD)D#870#34 prob_bp = 0.50000000000000100000
org.apache.commons.math3.util.MathArrays:linearCombination:(DDDD)D#870#35 prob_bp = 0.50000000000000100000
org.apache.commons.math3.util.MathArrays:linearCombination:(DDDD)D#871#41 prob_bp = 0.50000000000000100000
org.apache.commons.math3.util.MathArrays:linearCombination:(DDDD)D#875#60 prob_bp = 0.50000000000000100000
org.apache.commons.math3.util.MathArrays:linearCombination:(DDDD)D#879#85 prob_bp = 0.50000000000000100000
org.apache.commons.math3.geometry.euclidean.threed.Vector3D:<init>:(DLorg/apache/commons/math3/geometry/euclidean/threed/Vector3D;DLorg/apache/commons/math3/geometry/euclidean/threed/Vector3D;)V#153#25 prob_bp = 0.50000000000000100000
org.apache.commons.math3.geometry.euclidean.threed.Vector3D:<init>:(DLorg/apache/commons/math3/geometry/euclidean/threed/Vector3D;DLorg/apache/commons/math3/geometry/euclidean/threed/Vector3D;)V#153#36 prob_bp = 0.50000000000000100000
org.apache.commons.math3.geometry.euclidean.threed.Line:reset:(Lorg/apache/commons/math3/geometry/euclidean/threed/Vector3D;Lorg/apache/commons/math3/geometry/euclidean/threed/Vector3D;)V#80#57 prob_bp = 0.50000000000000110000
org.apache.commons.math3.util.MathArrays:linearCombination:(DDDD)D#866#3 prob_bp = 0.50000000000000120000
org.apache.commons.math3.util.MathArrays:linearCombination:(DDDD)D#867#14 prob_bp = 0.50000000000000120000
org.apache.commons.math3.util.MathArrays:linearCombination:(DDDD)D#870#33 prob_bp = 0.50000000000000120000
org.apache.commons.math3.util.MathArrays:linearCombination:(DDDD)D#875#72 prob_bp = 0.50000000000000120000
org.apache.commons.math3.util.MathArrays:linearCombination:(DDDD)D#879#92 prob_bp = 0.50000000000000120000
org.apache.commons.math3.util.MathArrays:linearCombination:(DDDD)D#882#114 prob_bp = 0.50000000000000120000
org.apache.commons.math3.util.MathArrays:linearCombination:(DDDD)D#887#157 prob_bp = 0.50000000000000120000
org.apache.commons.math3.geometry.euclidean.threed.Line:reset:(Lorg/apache/commons/math3/geometry/euclidean/threed/Vector3D;Lorg/apache/commons/math3/geometry/euclidean/threed/Vector3D;)V#80#59 prob_bp = 0.50000000000000130000
org.apache.commons.math3.util.MathArrays:linearCombination:(DDDD)D#882#117 prob_bp = 0.50000000000000130000
org.apache.commons.math3.util.MathArrays:linearCombination:(DDDD)D#887#146 prob_bp = 0.50000000000000130000
org.apache.commons.math3.util.MathArrays:linearCombination:(DDDD)D#869#25 prob_bp = 0.50000000000000140000
org.apache.commons.math3.util.MathArrays:linearCombination:(DDDD)D#869#26 prob_bp = 0.50000000000000140000
org.apache.commons.math3.util.MathArrays:linearCombination:(DDDD)D#871#38 prob_bp = 0.50000000000000140000
org.apache.commons.math3.util.MathArrays:linearCombination:(DDDD)D#882#116 prob_bp = 0.50000000000000140000
org.apache.commons.math3.util.MathArrays:linearCombination:(DDDD)D#883#122 prob_bp = 0.50000000000000140000
org.apache.commons.math3.util.MathArrays:linearCombination:(DDDD)D#887#153 prob_bp = 0.50000000000000140000
org.apache.commons.math3.geometry.euclidean.threed.Vector3D:<init>:(DLorg/apache/commons/math3/geometry/euclidean/threed/Vector3D;DLorg/apache/commons/math3/geometry/euclidean/threed/Vector3D;)V#152#17 prob_bp = 0.50000000000000160000
org.apache.commons.math3.util.MathArrays:linearCombination:(DDDD)D#869#27 prob_bp = 0.50000000000000160000
org.apache.commons.math3.util.MathArrays:linearCombination:(DDDD)D#887#152 prob_bp = 0.50000000000000160000
org.apache.commons.math3.util.MathArrays:linearCombination:(DDDD)D#867#11 prob_bp = 0.50000000000000170000
org.apache.commons.math3.util.MathArrays:linearCombination:(DDDD)D#871#39 prob_bp = 0.50000000000000170000
org.apache.commons.math3.util.MathArrays:linearCombination:(DDDD)D#875#58 prob_bp = 0.50000000000000170000
org.apache.commons.math3.util.MathArrays:linearCombination:(DDDD)D#875#64 prob_bp = 0.50000000000000170000
org.apache.commons.math3.util.MathArrays:linearCombination:(DDDD)D#868#16 prob_bp = 0.50000000000000190000
org.apache.commons.math3.util.MathArrays:linearCombination:(DDDD)D#868#17 prob_bp = 0.50000000000000190000
org.apache.commons.math3.util.MathArrays:linearCombination:(DDDD)D#875#56 prob_bp = 0.50000000000000190000
org.apache.commons.math3.util.MathArrays:linearCombination:(DDDD)D#875#66 prob_bp = 0.50000000000000190000
org.apache.commons.math3.util.MathArrays:linearCombination:(DDDD)D#875#67 prob_bp = 0.50000000000000190000
org.apache.commons.math3.util.MathArrays:linearCombination:(DDDD)D#875#68 prob_bp = 0.50000000000000190000
org.apache.commons.math3.util.MathArrays:linearCombination:(DDDD)D#881#107 prob_bp = 0.50000000000000190000
org.apache.commons.math3.util.MathArrays:linearCombination:(DDDD)D#883#124 prob_bp = 0.50000000000000190000
org.apache.commons.math3.util.MathArrays:linearCombination:(DDDD)D#887#139 prob_bp = 0.50000000000000190000
org.apache.commons.math3.util.MathArrays:linearCombination:(DDDD)D#887#141 prob_bp = 0.50000000000000190000
org.apache.commons.math3.geometry.euclidean.threed.Line:reset:(Lorg/apache/commons/math3/geometry/euclidean/threed/Vector3D;Lorg/apache/commons/math3/geometry/euclidean/threed/Vector3D;)V#79#35 prob_bp = 0.50000000000000210000
org.apache.commons.math3.util.MathArrays:linearCombination:(DDDD)D#866#0 prob_bp = 0.50000000000000210000
org.apache.commons.math3.util.MathArrays:linearCombination:(DDDD)D#887#155 prob_bp = 0.50000000000000210000
org.apache.commons.math3.util.MathArrays:linearCombination:(DDDD)D#879#89 prob_bp = 0.50000000000000220000
org.apache.commons.math3.geometry.euclidean.threed.Line:reset:(Lorg/apache/commons/math3/geometry/euclidean/threed/Vector3D;Lorg/apache/commons/math3/geometry/euclidean/threed/Vector3D;)V#79#47 prob_bp = 0.50000000000000230000
org.apache.commons.math3.util.MathArrays:linearCombination:(DDDD)D#868#19 prob_bp = 0.50000000000000230000
org.apache.commons.math3.util.MathArrays:linearCombination:(DDDD)D#878#77 prob_bp = 0.50000000000000270000
org.apache.commons.math3.util.MathArrays:linearCombination:(DDDD)D#869#22 prob_bp = 0.50000000000000290000
org.apache.commons.math3.util.MathArrays:linearCombination:(DDDD)D#880#97 prob_bp = 0.50000000000000300000
org.apache.commons.math3.util.MathArrays:linearCombination:(DDDD)D#880#99 prob_bp = 0.50000000000000300000
org.apache.commons.math3.util.MathArrays:linearCombination:(DDDD)D#866#4 prob_bp = 0.50000000000000310000
org.apache.commons.math3.util.MathArrays:linearCombination:(DDDD)D#878#82 prob_bp = 0.50000000000000320000
org.apache.commons.math3.geometry.euclidean.threed.Line:reset:(Lorg/apache/commons/math3/geometry/euclidean/threed/Vector3D;Lorg/apache/commons/math3/geometry/euclidean/threed/Vector3D;)V#80#58 prob_bp = 0.50000000000000340000
org.apache.commons.math3.util.MathArrays:linearCombination:(DDDD)D#878#83 prob_bp = 0.50000000000000340000
org.apache.commons.math3.util.MathArrays:linearCombination:(DDDD)D#879#93 prob_bp = 0.50000000000000340000
org.apache.commons.math3.util.MathArrays:linearCombination:(DDDD)D#883#120 prob_bp = 0.50000000000000360000
org.apache.commons.math3.util.MathArrays:linearCombination:(DDDD)D#882#118 prob_bp = 0.50000000000000370000
org.apache.commons.math3.util.MathArrays:linearCombination:(DDDD)D#878#80 prob_bp = 0.50000000000000410000
org.apache.commons.math3.util.MathArrays:linearCombination:(DDDD)D#880#95 prob_bp = 0.50000000000000420000
org.apache.commons.math3.util.MathArrays:linearCombination:(DDDD)D#880#100 prob_bp = 0.50000000000000580000
org.apache.commons.math3.util.MathArrays:linearCombination:(DDDD)D#871#42 prob_bp = 0.50000000000000610000
org.apache.commons.math3.util.MathArrays:linearCombination:(DDDD)D#868#20 prob_bp = 0.50000000000000620000
org.apache.commons.math3.geometry.euclidean.threed.Line:reset:(Lorg/apache/commons/math3/geometry/euclidean/threed/Vector3D;Lorg/apache/commons/math3/geometry/euclidean/threed/Vector3D;)V#80#70 prob_bp = 0.50000000000000660000
org.apache.commons.math3.util.MathArrays:linearCombination:(DDDD)D#891#169 prob_bp = 0.50000000000000700000
org.apache.commons.math3.util.MathArrays:linearCombination:(DDDD)D#883#125 prob_bp = 0.50000000000000850000
org.apache.commons.math3.util.MathArrays:linearCombination:(DDDD)D#875#73 prob_bp = 0.50000000000001070000
org.apache.commons.math3.util.MathArrays:linearCombination:(DDDD)D#887#158 prob_bp = 0.50000000000001120000
org.apache.commons.math3.util.MathArrays:linearCombination:(DDDD)D#891#171 prob_bp = 0.50000000000001300000
org.apache.commons.math3.util.MathArrays:linearCombination:(DDDD)D#875#51 prob_bp = 0.50000000000001370000
org.apache.commons.math3.util.MathArrays:linearCombination:(DDDD)D#875#49 prob_bp = 0.50000000000001410000
org.apache.commons.math3.util.MathArrays:linearCombination:(DDDD)D#891#173 prob_bp = 0.50000000000001580000
org.apache.commons.math3.util.MathArrays:linearCombination:(DDDD)D#887#134 prob_bp = 0.50000000000001650000
org.apache.commons.math3.util.MathArrays:linearCombination:(DDDD)D#887#136 prob_bp = 0.50000000000001720000
org.apache.commons.math3.util.MathArrays:linearCombination:(DDDD)D#892#178 prob_bp = 0.50000000000002300000
org.apache.commons.math3.util.MathArrays:linearCombination:(DDDD)D#892#180 prob_bp = 0.50000000000002330000
org.apache.commons.math3.util.MathArrays:linearCombination:(DDDD)D#875#53 prob_bp = 0.50000000000003190000
org.apache.commons.math3.util.MathArrays:linearCombination:(DDDD)D#887#138 prob_bp = 0.50000000000003510000
org.apache.commons.math3.util.MathArrays:linearCombination:(DDDD)D#892#182 prob_bp = 0.50000000000005270000
org.apache.commons.math3.util.MathArrays:linearCombination:(DDDD)D#891#174 prob_bp = 0.50000000000034250000
org.apache.commons.math3.geometry.euclidean.threed.Line:<init>:(Lorg/apache/commons/math3/geometry/euclidean/threed/Vector3D;Lorg/apache/commons/math3/geometry/euclidean/threed/Vector3D;)V#55#5 prob_bp = 0.50000000000094600000
org.apache.commons.math3.geometry.euclidean.threed.Line:reset:(Lorg/apache/commons/math3/geometry/euclidean/threed/Vector3D;Lorg/apache/commons/math3/geometry/euclidean/threed/Vector3D;)V#74#1 prob_bp = 0.50000000000097900000
org.apache.commons.math3.util.MathArrays:linearCombination:(DDDD)D#892#186 prob_bp = 0.50000000000098440000
org.apache.commons.math3.util.MathArrays:linearCombination:(DDDD)D#892#184 prob_bp = 0.50000000000106760000
org.apache.commons.math3.geometry.euclidean.threed.Vector3D:subtract:(Lorg/apache/commons/math3/geometry/Vector;)Lorg/apache/commons/math3/geometry/euclidean/threed/Vector3D;#287#13 prob_bp = 0.50000000000137010000
org.apache.commons.math3.geometry.euclidean.threed.Vector3D:subtract:(Lorg/apache/commons/math3/geometry/Vector;)Lorg/apache/commons/math3/geometry/euclidean/threed/Vector3D;#287#22 prob_bp = 0.50000000000137030000
org.apache.commons.math3.geometry.euclidean.threed.Vector3D:subtract:(Lorg/apache/commons/math3/geometry/Vector;)Lorg/apache/commons/math3/geometry/euclidean/threed/Vector3D;#287#14 prob_bp = 0.50000000000157040000
org.apache.commons.math3.geometry.euclidean.threed.Vector3D:subtract:(Lorg/apache/commons/math3/geometry/Vector;)Lorg/apache/commons/math3/geometry/euclidean/threed/Vector3D;#287#23 prob_bp = 0.50000000000157090000
org.apache.commons.math3.geometry.euclidean.threed.Vector3D:subtract:(Lorg/apache/commons/math3/geometry/Vector;)Lorg/apache/commons/math3/geometry/euclidean/threed/Vector3D;#287#9 prob_bp = 0.50000000000188360000
org.apache.commons.math3.geometry.euclidean.threed.Vector3D:subtract:(Lorg/apache/commons/math3/geometry/Vector;)Lorg/apache/commons/math3/geometry/euclidean/threed/Vector3D;#287#18 prob_bp = 0.50000000000188360000
org.apache.commons.math3.geometry.euclidean.threed.Vector3D:subtract:(Lorg/apache/commons/math3/geometry/Vector;)Lorg/apache/commons/math3/geometry/euclidean/threed/Vector3D;#287#10 prob_bp = 0.50000000000192180000
org.apache.commons.math3.geometry.euclidean.threed.Vector3D:subtract:(Lorg/apache/commons/math3/geometry/Vector;)Lorg/apache/commons/math3/geometry/euclidean/threed/Vector3D;#287#19 prob_bp = 0.50000000000192260000
org.apache.commons.math3.util.MathArrays:linearCombination:(DDDD)D#875#74 prob_bp = 0.50000000000208290000
org.apache.commons.math3.util.MathArrays:linearCombination:(DDDD)D#887#159 prob_bp = 0.50000000000208580000
org.apache.commons.math3.geometry.euclidean.threed.Vector3D:getNormSq:()D#249#0 prob_bp = 0.50000000000224430000
org.apache.commons.math3.geometry.euclidean.threed.Vector3D:getNormSq:()D#249#4 prob_bp = 0.50000000000224430000
org.apache.commons.math3.geometry.euclidean.threed.Vector3D:getNormSq:()D#249#9 prob_bp = 0.50000000000224520000
org.apache.commons.math3.geometry.euclidean.threed.Vector3D:getNormSq:()D#249#13 prob_bp = 0.50000000000224520000
org.apache.commons.math3.geometry.euclidean.threed.Vector3D:subtract:(Lorg/apache/commons/math3/geometry/Vector;)Lorg/apache/commons/math3/geometry/euclidean/threed/Vector3D;#287#26 prob_bp = 0.50000000000225480000
org.apache.commons.math3.geometry.euclidean.threed.Vector3D:subtract:(Lorg/apache/commons/math3/geometry/Vector;)Lorg/apache/commons/math3/geometry/euclidean/threed/Vector3D;#287#17 prob_bp = 0.50000000000225510000
org.apache.commons.math3.util.MathArrays:linearCombination:(DDDD)D#892#188 prob_bp = 0.50000000000229360000
org.apache.commons.math3.geometry.euclidean.threed.Vector3D:getNormSq:()D#249#10 prob_bp = 0.50000000000259580000
org.apache.commons.math3.geometry.euclidean.threed.Vector3D:getNormSq:()D#249#14 prob_bp = 0.50000000000259580000
org.apache.commons.math3.geometry.euclidean.threed.Vector3D:getNormSq:()D#249#1 prob_bp = 0.50000000000259590000
org.apache.commons.math3.geometry.euclidean.threed.Vector3D:getNormSq:()D#249#5 prob_bp = 0.50000000000259590000
org.apache.commons.math3.util.MathArrays:linearCombination:(DDDD)D#892#176 prob_bp = 0.50000000000270330000
org.apache.commons.math3.util.MathArrays:linearCombination:(DDDD)D#892#183 prob_bp = 0.50000000000340600000
org.apache.commons.math3.geometry.euclidean.threed.Line:<init>:(Lorg/apache/commons/math3/geometry/euclidean/threed/Vector3D;Lorg/apache/commons/math3/geometry/euclidean/threed/Vector3D;)V#55#6 prob_bp = 0.50000000000359460000
org.apache.commons.math3.geometry.euclidean.threed.Line:reset:(Lorg/apache/commons/math3/geometry/euclidean/threed/Vector3D;Lorg/apache/commons/math3/geometry/euclidean/threed/Vector3D;)V#74#0 prob_bp = 0.50000000000373870000
org.apache.commons.math3.geometry.euclidean.threed.Line:reset:(Lorg/apache/commons/math3/geometry/euclidean/threed/Vector3D;Lorg/apache/commons/math3/geometry/euclidean/threed/Vector3D;)V#74#2 prob_bp = 0.50000000000490460000
org.apache.commons.math3.geometry.euclidean.threed.Vector3D:<init>:(DLorg/apache/commons/math3/geometry/euclidean/threed/Vector3D;DLorg/apache/commons/math3/geometry/euclidean/threed/Vector3D;)V#153#23 prob_bp = 0.50000000001235390000
org.apache.commons.math3.geometry.euclidean.threed.Vector3D:<init>:(DLorg/apache/commons/math3/geometry/euclidean/threed/Vector3D;DLorg/apache/commons/math3/geometry/euclidean/threed/Vector3D;)V#152#4 prob_bp = 0.50000000001235410000
org.apache.commons.math3.geometry.euclidean.threed.Vector3D:<init>:(DLorg/apache/commons/math3/geometry/euclidean/threed/Vector3D;DLorg/apache/commons/math3/geometry/euclidean/threed/Vector3D;)V#152#20 prob_bp = 0.50000000001423140000
org.apache.commons.math3.geometry.euclidean.threed.Vector3D:<init>:(DLorg/apache/commons/math3/geometry/euclidean/threed/Vector3D;DLorg/apache/commons/math3/geometry/euclidean/threed/Vector3D;)V#153#39 prob_bp = 0.50000000001423150000
org.apache.commons.math3.geometry.euclidean.threed.Vector3D:getNormSq:()D#249#8 prob_bp = 0.50000000006739760000
org.apache.commons.math3.geometry.euclidean.threed.Vector3D:getNormSq:()D#249#17 prob_bp = 0.50000000006739790000
org.apache.commons.math3.util.MathArrays:linearCombination:(DDDD)D#892#189 prob_bp = 0.50000000014359260000
org.apache.commons.math3.util.MathArrays:linearCombination:(DDDD)D#875#75 prob_bp = 0.50000000041416750000
org.apache.commons.math3.util.MathArrays:linearCombination:(DDDD)D#887#160 prob_bp = 0.50000000041416930000
org.apache.commons.math3.geometry.euclidean.threed.Vector3D:getNormSq:()D#249#19 prob_bp = 0.50000000067680630000
org.apache.commons.math3.geometry.euclidean.threed.Vector3D:getNormSq:()D#249#23 prob_bp = 0.50000000067680630000
org.apache.commons.math3.geometry.euclidean.threed.Vector3D:getNormSq:()D#249#20 prob_bp = 0.50000000078286070000
org.apache.commons.math3.geometry.euclidean.threed.Vector3D:getNormSq:()D#249#24 prob_bp = 0.50000000078286070000
org.apache.commons.math3.geometry.euclidean.threed.Line:reset:(Lorg/apache/commons/math3/geometry/euclidean/threed/Vector3D;Lorg/apache/commons/math3/geometry/euclidean/threed/Vector3D;)V#74#5 prob_bp = 0.50000000118131920000
org.apache.commons.math3.geometry.euclidean.threed.Line:reset:(Lorg/apache/commons/math3/geometry/euclidean/threed/Vector3D;Lorg/apache/commons/math3/geometry/euclidean/threed/Vector3D;)V#75#6 prob_bp = 0.50000000120660120000
org.apache.commons.math3.geometry.euclidean.threed.Vector3D:<init>:(DDD)V#96#5 prob_bp = 0.50000000123677300000
org.apache.commons.math3.util.MathArrays:linearCombination:(DDDD)D#896#194 prob_bp = 0.50000000124666380000
org.apache.commons.math3.util.MathArrays:linearCombination:(DDDD)D#896#196 prob_bp = 0.50000000124666620000
org.apache.commons.math3.geometry.euclidean.threed.Line:reset:(Lorg/apache/commons/math3/geometry/euclidean/threed/Vector3D;Lorg/apache/commons/math3/geometry/euclidean/threed/Vector3D;)V#75#7 prob_bp = 0.50000000125798060000
org.apache.commons.math3.geometry.euclidean.threed.Vector3D:<init>:(DDD)V#97#10 prob_bp = 0.50000000127854600000
org.apache.commons.math3.geometry.euclidean.threed.Vector3D:<init>:(DDD)V#96#4 prob_bp = 0.50000000144602100000
org.apache.commons.math3.geometry.euclidean.threed.Vector3D:<init>:(DDD)V#97#9 prob_bp = 0.50000000148545880000
org.apache.commons.math3.geometry.euclidean.threed.Vector3D:<init>:(DDD)V#96#6 prob_bp = 0.50000000150457040000
org.apache.commons.math3.geometry.euclidean.threed.Vector3D:<init>:(DDD)V#97#11 prob_bp = 0.50000000155051560000
org.apache.commons.math3.geometry.euclidean.threed.Vector3D:subtract:(Lorg/apache/commons/math3/geometry/Vector;)Lorg/apache/commons/math3/geometry/euclidean/threed/Vector3D;#286#0 prob_bp = 0.50000000205029850000
org.apache.commons.math3.geometry.euclidean.threed.Vector3D:subtract:(Lorg/apache/commons/math3/geometry/Vector;)Lorg/apache/commons/math3/geometry/euclidean/threed/Vector3D;#286#1 prob_bp = 0.50000000209200620000
org.apache.commons.math3.geometry.euclidean.threed.Vector3D:subtract:(Lorg/apache/commons/math3/geometry/Vector;)Lorg/apache/commons/math3/geometry/euclidean/threed/Vector3D;#286#4 prob_bp = 0.50000000217629390000
org.apache.commons.math3.geometry.euclidean.threed.Vector3D:subtract:(Lorg/apache/commons/math3/geometry/Vector;)Lorg/apache/commons/math3/geometry/euclidean/threed/Vector3D;#287#31 prob_bp = 0.50000000234388410000
org.apache.commons.math3.geometry.euclidean.threed.Vector3D:subtract:(Lorg/apache/commons/math3/geometry/Vector;)Lorg/apache/commons/math3/geometry/euclidean/threed/Vector3D;#287#32 prob_bp = 0.50000000268769460000
org.apache.commons.math3.util.MathArrays:linearCombination:(DDDD)D#896#198 prob_bp = 0.50000000292847450000
org.apache.commons.math3.geometry.euclidean.threed.Vector3D:subtract:(Lorg/apache/commons/math3/geometry/Vector;)Lorg/apache/commons/math3/geometry/euclidean/threed/Vector3D;#287#27 prob_bp = 0.50000000321968530000
org.apache.commons.math3.geometry.euclidean.threed.Vector3D:subtract:(Lorg/apache/commons/math3/geometry/Vector;)Lorg/apache/commons/math3/geometry/euclidean/threed/Vector3D;#287#28 prob_bp = 0.50000000328646050000
org.apache.commons.math3.geometry.euclidean.threed.Vector3D:subtract:(Lorg/apache/commons/math3/geometry/Vector;)Lorg/apache/commons/math3/geometry/euclidean/threed/Vector3D;#287#35 prob_bp = 0.50000000385558600000
org.apache.commons.math3.geometry.euclidean.threed.Vector3D:<init>:(DLorg/apache/commons/math3/geometry/euclidean/threed/Vector3D;DLorg/apache/commons/math3/geometry/euclidean/threed/Vector3D;)V#154#44 prob_bp = 0.50000000772067310000
org.apache.commons.math3.geometry.euclidean.threed.Vector3D:<init>:(DLorg/apache/commons/math3/geometry/euclidean/threed/Vector3D;DLorg/apache/commons/math3/geometry/euclidean/threed/Vector3D;)V#154#45 prob_bp = 0.50000000787664620000
org.apache.commons.math3.util.MathArrays:linearCombination:(DDDD)D#874#45 prob_bp = 0.50000000882830430000
org.apache.commons.math3.geometry.euclidean.threed.Vector3D:<init>:(DLorg/apache/commons/math3/geometry/euclidean/threed/Vector3D;DLorg/apache/commons/math3/geometry/euclidean/threed/Vector3D;)V#154#43 prob_bp = 0.50000000884531160000
org.apache.commons.math3.util.MathArrays:linearCombination:(DDDD)D#874#44 prob_bp = 0.50000000938499960000
org.apache.commons.math3.util.MathArrays:linearCombination:(DDDD)D#874#46 prob_bp = 0.50000001011428570000
org.apache.commons.math3.geometry.euclidean.threed.Vector3D:getNormSq:()D#249#18 prob_bp = 0.50000001291340630000
org.apache.commons.math3.geometry.euclidean.threed.Vector3D:getNormSq:()D#249#27 prob_bp = 0.50000001429283350000
org.apache.commons.math3.geometry.euclidean.threed.Vector3D:<init>:(DLorg/apache/commons/math3/geometry/euclidean/threed/Vector3D;DLorg/apache/commons/math3/geometry/euclidean/threed/Vector3D;)V#154#55 prob_bp = 0.50000001721574850000
org.apache.commons.math3.util.MathArrays:linearCombination:(DDDD)D#892#190 prob_bp = 0.50000002801227070000
org.apache.commons.math3.util.MathArrays:linearCombination:(DDDD)D#874#47 prob_bp = 0.50000002884660850000
org.apache.commons.math3.util.MathArrays:linearCombination:(DDDD)D#890#162 prob_bp = 0.50000006668861590000
org.apache.commons.math3.util.MathArrays:linearCombination:(DDDD)D#896#199 prob_bp = 0.50000008431263020000
org.apache.commons.math3.util.MathArrays:linearCombination:(DDDD)D#886#129 prob_bp = 0.50000008979389810000
org.apache.commons.math3.util.MathArrays:linearCombination:(DDDD)D#886#127 prob_bp = 0.50000008979390010000
org.apache.commons.math3.util.MathArrays:linearCombination:(DDDD)D#886#131 prob_bp = 0.50000009160791790000
org.apache.commons.math3.util.MathArrays:linearCombination:(DDDD)D#886#132 prob_bp = 0.50000009886471390000
org.apache.commons.math3.util.MathArrays:linearCombination:(DDDD)D#890#164 prob_bp = 0.50000011352219990000
org.apache.commons.math3.util.MathArrays:linearCombination:(DDDD)D#890#166 prob_bp = 0.50000014313805470000
org.apache.commons.math3.util.MathArrays:linearCombination:(DDDD)D#896#201 prob_bp = 0.50000019805073150000
org.apache.commons.math3.geometry.euclidean.threed.Vector3D:subtract:(Lorg/apache/commons/math3/geometry/Vector;)Lorg/apache/commons/math3/geometry/euclidean/threed/Vector3D;#287#8 prob_bp = 0.50000045394898550000
org.apache.commons.math3.geometry.euclidean.threed.Vector3D:subtract:(Lorg/apache/commons/math3/geometry/Vector;)Lorg/apache/commons/math3/geometry/euclidean/threed/Vector3D;#287#36 prob_bp = 0.50000056313075590000
org.apache.commons.math3.geometry.euclidean.threed.Vector3D:getNormSq:()D#249#28 prob_bp = 0.50000266453507580000
org.apache.commons.math3.util.MathArrays:linearCombination:(DDDD)D#890#167 prob_bp = 0.50000333863382880000
org.apache.commons.math3.util.MathArrays:linearCombination:(DDDD)D#896#192 prob_bp = 0.50000979418082660000
org.apache.commons.math3.util.MathArrays:linearCombination:(DDDD)D#896#202 prob_bp = 0.50002283568993480000
org.apache.commons.math3.util.MathArrays:linearCombination:(DDDD)D#898#205 prob_bp = 0.50002920097316430000
org.apache.commons.math3.util.MathArrays:linearCombination:(DDDD)D#898#207 prob_bp = 0.50004852899170520000
org.apache.commons.math3.util.MathArrays:linearCombination:(DDDD)D#898#210 prob_bp = 0.50008757549382130000
org.apache.commons.math3.geometry.euclidean.threed.Vector3D:getNormSq:()D#249#29 prob_bp = 0.50055392323439650000
org.apache.commons.math3.geometry.euclidean.threed.Line:reset:(Lorg/apache/commons/math3/geometry/euclidean/threed/Vector3D;Lorg/apache/commons/math3/geometry/euclidean/threed/Vector3D;)V#75#10 prob_bp = 0.50171457909927600000
org.apache.commons.math3.util.MathArrays:linearCombination:(DDDD)D#896#203 prob_bp = 0.50263463406048790000
org.apache.commons.math3.geometry.euclidean.threed.Line:reset:(Lorg/apache/commons/math3/geometry/euclidean/threed/Vector3D;Lorg/apache/commons/math3/geometry/euclidean/threed/Vector3D;)V#76#12 prob_bp = 0.50417614166370340000
org.apache.commons.math3.util.MathArrays:linearCombination:(DDDD)D#898#210#unexe#46 prob_bp = 0.50789687591167500000
org.apache.commons.math3.geometry.euclidean.threed.Line:reset:(Lorg/apache/commons/math3/geometry/euclidean/threed/Vector3D;Lorg/apache/commons/math3/geometry/euclidean/threed/Vector3D;)V#76#14 prob_bp = 0.50922040068298600000
org.apache.commons.math3.geometry.euclidean.threed.Line:reset:(Lorg/apache/commons/math3/geometry/euclidean/threed/Vector3D;Lorg/apache/commons/math3/geometry/euclidean/threed/Vector3D;)V#76#15 prob_bp = 0.50941550450461020000
org.apache.commons.math3.util.MathArrays:linearCombination:(DDDD)D#904#224 prob_bp = 0.52890186642497520000
org.apache.commons.math3.util.MathArrays:linearCombination:(DDDD)D#904#226 prob_bp = 0.57133619025987260000
org.apache.commons.math3.geometry.euclidean.threed.Vector3D:<init>:(DLorg/apache/commons/math3/geometry/euclidean/threed/Vector3D;DLorg/apache/commons/math3/geometry/euclidean/threed/Vector3D;)V#154#42 prob_bp = 0.65395195486039530000
org.apache.commons.math3.geometry.euclidean.threed.Vector3D:<init>:(DLorg/apache/commons/math3/geometry/euclidean/threed/Vector3D;DLorg/apache/commons/math3/geometry/euclidean/threed/Vector3D;)V#154#58 prob_bp = 0.65706209553000650000
org.apache.commons.math3.util.FastMath:sqrt:(D)D#379#0 prob_bp = 0.96585593209675240000
org.apache.commons.math3.geometry.euclidean.threed.Vector3D:subtract:(Lorg/apache/commons/math3/geometry/Vector;)Lorg/apache/commons/math3/geometry/euclidean/threed/Vector3D;#287#5 prob_bp = 0.97124736721715930000
org.apache.commons.math3.geometry.euclidean.threed.Vector3D:subtract:(Lorg/apache/commons/math3/geometry/Vector;)Lorg/apache/commons/math3/geometry/euclidean/threed/Vector3D;#287#39 prob_bp = 0.98076746998212460000
org.apache.commons.math3.geometry.euclidean.threed.Vector3D:<init>:(DLorg/apache/commons/math3/geometry/euclidean/threed/Vector3D;)V#140#26 prob_bp = 0.99009897603548370000
org.apache.commons.math3.geometry.euclidean.threed.Vector3D:<init>:(DLorg/apache/commons/math3/geometry/euclidean/threed/Vector3D;)V#140#24 prob_bp = 0.99009900990099010000
org.apache.commons.math3.geometry.euclidean.threed.Vector3D:<init>:(DLorg/apache/commons/math3/geometry/euclidean/threed/Vector3D;)V#140#25 prob_bp = 0.99009900990099010000
org.apache.commons.math3.geometry.euclidean.threed.Vector3D:<init>:(DLorg/apache/commons/math3/geometry/euclidean/threed/Vector3D;)V#140#27 prob_bp = 0.99009900990099010000
org.apache.commons.math3.geometry.euclidean.threed.Vector3D:<init>:(DLorg/apache/commons/math3/geometry/euclidean/threed/Vector3D;)V#140#30 prob_bp = 0.99009900990099010000
org.apache.commons.math3.geometry.euclidean.threed.Vector3D:<init>:(DLorg/apache/commons/math3/geometry/euclidean/threed/Vector3D;)V#140#31 prob_bp = 0.99009900990099010000
org.apache.commons.math3.util.FastMath:sqrt:(D)D#379#1 prob_bp = 0.99584445064670720000
org.apache.commons.math3.geometry.euclidean.threed.Line:reset:(Lorg/apache/commons/math3/geometry/euclidean/threed/Vector3D;Lorg/apache/commons/math3/geometry/euclidean/threed/Vector3D;)V#76#16 prob_bp = 0.99739215104738170000
org.apache.commons.math3.util.FastMath:sqrt:(D)D#379#4 prob_bp = 0.99981983653210960000
org.apache.commons.math3.geometry.euclidean.threed.Line:<init>:(Lorg/apache/commons/math3/geometry/euclidean/threed/Vector3D;Lorg/apache/commons/math3/geometry/euclidean/threed/Vector3D;)V#55#4 prob_bp = 0.99993601013407170000
org.apache.commons.math3.geometry.euclidean.threed.Line:<init>:(Lorg/apache/commons/math3/geometry/euclidean/threed/Vector3D;Lorg/apache/commons/math3/geometry/euclidean/threed/Vector3D;)V#55#7 prob_bp = 0.99997250521003480000
org.apache.commons.math3.geometry.euclidean.threed.Line:reset:(Lorg/apache/commons/math3/geometry/euclidean/threed/Vector3D;Lorg/apache/commons/math3/geometry/euclidean/threed/Vector3D;)V#80#53 prob_bp = 0.99999171122288770000
org.apache.commons.math3.geometry.euclidean.threed.Line:reset:(Lorg/apache/commons/math3/geometry/euclidean/threed/Vector3D;Lorg/apache/commons/math3/geometry/euclidean/threed/Vector3D;)V#80#54 prob_bp = 0.99999191174033150000
org.apache.commons.math3.geometry.euclidean.threed.Line:reset:(Lorg/apache/commons/math3/geometry/euclidean/threed/Vector3D;Lorg/apache/commons/math3/geometry/euclidean/threed/Vector3D;)V#80#73 prob_bp = 0.99999894614468600000
org.apache.commons.math3.geometry.euclidean.threed.Vector3D:<init>:(DDD)V#98#15 prob_bp = 0.99999900000505440000
org.apache.commons.math3.geometry.euclidean.threed.Vector3D:<init>:(DDD)V#98#14 prob_bp = 0.99999900000542670000
org.apache.commons.math3.geometry.euclidean.threed.Vector3D:<init>:(DDD)V#98#17 prob_bp = 0.99999900000550770000
org.apache.commons.math3.geometry.euclidean.threed.LineTest:testRevert:()V#136#0 prob_bp = 1.00000000000000000000
org.apache.commons.math3.geometry.euclidean.threed.LineTest:testRevert:()V#136#3 prob_bp = 1.00000000000000000000
org.apache.commons.math3.geometry.euclidean.threed.LineTest:testRevert:()V#136#4 prob_bp = 1.00000000000000000000
org.apache.commons.math3.geometry.euclidean.threed.LineTest:testRevert:()V#136#7 prob_bp = 1.00000000000000000000
org.apache.commons.math3.geometry.euclidean.threed.LineTest:testRevert:()V#136#8 prob_bp = 1.00000000000000000000
org.apache.commons.math3.geometry.euclidean.threed.LineTest:testRevert:()V#136#11 prob_bp = 1.00000000000000000000
org.apache.commons.math3.geometry.euclidean.threed.LineTest:testRevert:()V#136#14 prob_bp = 1.00000000000000000000
org.apache.commons.math3.geometry.euclidean.threed.LineTest:testRevert:()V#136#17 prob_bp = 1.00000000000000000000
org.apache.commons.math3.geometry.euclidean.threed.LineTest:testRevert:()V#136#20 prob_bp = 1.00000000000000000000
org.apache.commons.math3.geometry.euclidean.threed.LineTest:testRevert:()V#136#23 prob_bp = 1.00000000000000000000
org.apache.commons.math3.geometry.euclidean.threed.LineTest:testRevert:()V#136#24 prob_bp = 1.00000000000000000000
org.apache.commons.math3.geometry.euclidean.threed.LineTest:testRevert:()V#136#27 prob_bp = 1.00000000000000000000
org.apache.commons.math3.geometry.euclidean.threed.LineTest:testRevert:()V#136#30 prob_bp = 1.00000000000000000000
org.apache.commons.math3.geometry.euclidean.threed.LineTest:testRevert:()V#136#33 prob_bp = 1.00000000000000000000
org.apache.commons.math3.geometry.euclidean.threed.LineTest:testRevert:()V#136#36 prob_bp = 1.00000000000000000000
org.apache.commons.math3.geometry.euclidean.threed.LineTest:testRevert:()V#136#39 prob_bp = 1.00000000000000000000
org.apache.commons.math3.geometry.euclidean.threed.LineTest:testRevert:()V#141#48 prob_bp = 1.00000000000000000000
org.apache.commons.math3.geometry.euclidean.threed.LineTest:testRevert:()V#141#49 prob_bp = 1.00000000000000000000
org.apache.commons.math3.geometry.euclidean.threed.LineTest:testRevert:()V#144#64 prob_bp = 1.00000000000000000000
org.apache.commons.math3.geometry.euclidean.threed.LineTest:testRevert:()V#144#65 prob_bp = 1.00000000000000000000
Belief propagation time : 73.192000s
