Belief propagation time: 64

Probabilities: 
Vars:200473
Stmts:11168
org.apache.commons.math.linear.RealMatrixImpl:operate:([D)[D#786#85 prob_bp = 0.49788562353089290000
org.apache.commons.math.linear.BigMatrixImpl:operate:([Ljava/math/BigDecimal;)[Ljava/math/BigDecimal;#997#91 prob_bp = 0.49788562454762920000
org.apache.commons.math.linear.RealMatrixImpl:operate:([D)[D#786#83 prob_bp = 0.49828932234528640000
org.apache.commons.math.linear.BigMatrixImpl:operate:([Ljava/math/BigDecimal;)[Ljava/math/BigDecimal;#997#89 prob_bp = 0.49828932315196540000
org.apache.commons.math.linear.RealMatrixImpl:operate:([D)[D#786#87 prob_bp = 0.49834783810232340000
org.apache.commons.math.linear.BigMatrixImpl:operate:([Ljava/math/BigDecimal;)[Ljava/math/BigDecimal;#997#93 prob_bp = 0.49834783811315264000
org.apache.commons.math.linear.RealMatrixImpl:operate:([D)[D#780#90 prob_bp = 0.49857113920546170000
org.apache.commons.math.linear.BigMatrixImpl:operate:([Ljava/math/BigDecimal;)[Ljava/math/BigDecimal;#992#96 prob_bp = 0.49857114124357260000
org.apache.commons.math.linear.RealMatrixImpl:operate:([D)[D#783#59#unexe#7 prob_bp = 0.49946897625007340000
org.apache.commons.math.linear.BigMatrixImpl:operate:([Ljava/math/BigDecimal;)[Ljava/math/BigDecimal;#994#56#unexe#6 prob_bp = 0.49946897627899090000
org.apache.commons.math.linear.RealMatrixImpl:operate:([D)[D#780#33 prob_bp = 0.49951681556937033000
org.apache.commons.math.linear.BigMatrixImpl:operate:([Ljava/math/BigDecimal;)[Ljava/math/BigDecimal;#992#37 prob_bp = 0.49951681658620695000
org.apache.commons.math.linear.RealMatrixImpl:operate:([D)[D#779#30 prob_bp = 0.49953413787032114000
org.apache.commons.math.linear.BigMatrixImpl:operate:([Ljava/math/BigDecimal;)[Ljava/math/BigDecimal;#991#34 prob_bp = 0.49953413867641230000
org.apache.commons.math.linear.RealMatrixImpl:operate:([D)[D#780#32 prob_bp = 0.49953562422685976000
org.apache.commons.math.linear.BigMatrixImpl:operate:([Ljava/math/BigDecimal;)[Ljava/math/BigDecimal;#992#36 prob_bp = 0.49953562522347744000
org.apache.commons.math.linear.RealMatrixImpl:operate:([D)[D#779#28 prob_bp = 0.49984147713544996000
org.apache.commons.math.linear.BigMatrixImpl:operate:([Ljava/math/BigDecimal;)[Ljava/math/BigDecimal;#991#31 prob_bp = 0.49984147761229940000
org.apache.commons.math.linear.RealMatrixImpl:operate:([D)[D#779#27 prob_bp = 0.49991731093988695000
org.apache.commons.math.linear.BigMatrixImpl:operate:([Ljava/math/BigDecimal;)[Ljava/math/BigDecimal;#991#30 prob_bp = 0.49991731125424630000
org.apache.commons.math.linear.RealMatrixImpl:operate:([D)[D#779#26 prob_bp = 0.49993601954349220000
org.apache.commons.math.linear.BigMatrixImpl:operate:([Ljava/math/BigDecimal;)[Ljava/math/BigDecimal;#991#29 prob_bp = 0.49993601979771900000
org.apache.commons.math.linear.RealMatrixImpl:operate:([D)[D#784#75 prob_bp = 0.49999532401582700000
org.apache.commons.math.linear.BigMatrixImpl:operate:([Ljava/math/BigDecimal;)[Ljava/math/BigDecimal;#995#81 prob_bp = 0.49999532402601900000
org.apache.commons.math.linear.RealMatrixImpl:operate:([D)[D#780#38 prob_bp = 0.49999965370789590000
org.apache.commons.math.linear.BigMatrixImpl:operate:([Ljava/math/BigDecimal;)[Ljava/math/BigDecimal;#992#42 prob_bp = 0.49999965371634820000
org.apache.commons.math.linear.RealMatrixImpl:operate:([D)[D#780#35 prob_bp = 0.49999988821860414000
org.apache.commons.math.linear.BigMatrixImpl:operate:([Ljava/math/BigDecimal;)[Ljava/math/BigDecimal;#992#39 prob_bp = 0.49999988822148260000
org.apache.commons.math.linear.RealMatrixImpl:operate:([D)[D#780#37 prob_bp = 0.49999990964205150000
org.apache.commons.math.linear.BigMatrixImpl:operate:([Ljava/math/BigDecimal;)[Ljava/math/BigDecimal;#992#41 prob_bp = 0.49999990965017765000
org.apache.commons.math.linear.RealMatrixImpl:operate:([D)[D#783#59 prob_bp = 0.49999995606360476000
org.apache.commons.math.linear.BigMatrixImpl:operate:([Ljava/math/BigDecimal;)[Ljava/math/BigDecimal;#994#56 prob_bp = 0.49999995607391207000
org.apache.commons.math.linear.RealMatrixImpl:operate:([D)[D#774#4 prob_bp = 0.49999997286839890000
org.apache.commons.math.linear.BigMatrixImpl:operate:([Ljava/math/BigDecimal;)[Ljava/math/BigDecimal;#989#23 prob_bp = 0.49999997287643410000
org.apache.commons.math.linear.RealMatrixImpl:operate:([D)[D#783#56 prob_bp = 0.49999997364860627000
org.apache.commons.math.linear.BigMatrixImpl:operate:([Ljava/math/BigDecimal;)[Ljava/math/BigDecimal;#994#53 prob_bp = 0.49999997365478500000
org.apache.commons.math.linear.RealMatrixImpl:operate:([D)[D#783#54 prob_bp = 0.49999997823500464000
org.apache.commons.math.linear.BigMatrixImpl:operate:([Ljava/math/BigDecimal;)[Ljava/math/BigDecimal;#994#51 prob_bp = 0.49999997824015350000
org.apache.commons.math.linear.RealMatrixImpl:operate:([D)[D#783#53 prob_bp = 0.49999997908927110000
org.apache.commons.math.linear.BigMatrixImpl:operate:([Ljava/math/BigDecimal;)[Ljava/math/BigDecimal;#994#50 prob_bp = 0.49999997909421784000
org.apache.commons.math.linear.RealMatrixImpl:operate:([D)[D#784#74 prob_bp = 0.49999998486034740000
org.apache.commons.math.linear.BigMatrixImpl:operate:([Ljava/math/BigDecimal;)[Ljava/math/BigDecimal;#995#78 prob_bp = 0.49999998487026914000
org.apache.commons.math.linear.RealMatrixImpl:operate:([D)[D#783#58 prob_bp = 0.49999998923346600000
org.apache.commons.math.linear.BigMatrixImpl:operate:([Ljava/math/BigDecimal;)[Ljava/math/BigDecimal;#994#55 prob_bp = 0.49999998924377037000
org.apache.commons.math.linear.RealMatrixImpl:operate:([D)[D#784#62 prob_bp = 0.49999999642340550000
org.apache.commons.math.linear.BigMatrixImpl:operate:([Ljava/math/BigDecimal;)[Ljava/math/BigDecimal;#995#59 prob_bp = 0.49999999643143367000
org.apache.commons.math.linear.BigMatrixImpl:operate:([Ljava/math/BigDecimal;)[Ljava/math/BigDecimal;#990#28 prob_bp = 0.49999999737651060000
org.apache.commons.math.linear.RealMatrixImpl:operate:([D)[D#783#77 prob_bp = 0.49999999824917520000
org.apache.commons.math.linear.BigMatrixImpl:operate:([Ljava/math/BigDecimal;)[Ljava/math/BigDecimal;#994#83 prob_bp = 0.49999999824964350000
org.apache.commons.math.linear.RealMatrixImpl:operate:([D)[D#784#73 prob_bp = 0.49999999996172945000
org.apache.commons.math.linear.BigMatrixImpl:operate:([Ljava/math/BigDecimal;)[Ljava/math/BigDecimal;#995#75 prob_bp = 0.49999999996195754000
org.apache.commons.math.linear.BigMatrixImpl:operate:([Ljava/math/BigDecimal;)[Ljava/math/BigDecimal;#989#20 prob_bp = 0.49999999997685150000
org.apache.commons.math.linear.RealMatrixImpl:<init>:([[DZ)V#150#128 prob_bp = 0.49999999998109784000
org.apache.commons.math.linear.BigMatrixImpl:operate:([Ljava/math/BigDecimal;)[Ljava/math/BigDecimal;#989#19 prob_bp = 0.49999999998209077000
org.apache.commons.math.linear.RealMatrixImpl:operate:([D)[D#774#1 prob_bp = 0.49999999998260136000
org.apache.commons.math.linear.RealMatrixImpl:operate:([D)[D#774#0 prob_bp = 0.49999999998652980000
org.apache.commons.math.linear.RealMatrixImpl:<init>:([[DZ)V#150#127 prob_bp = 0.49999999999081174000
org.apache.commons.math.linear.RealMatrixImpl:operate:([D)[D#782#51 prob_bp = 0.49999999999729394000
org.apache.commons.math.linear.RealMatrixImpl:operate:([D)[D#782#50 prob_bp = 0.49999999999740010000
org.apache.commons.math.linear.RealMatrixImpl:operate:([D)[D#784#72 prob_bp = 0.49999999999930390000
org.apache.commons.math.linear.BigMatrixImpl:operate:([Ljava/math/BigDecimal;)[Ljava/math/BigDecimal;#995#74 prob_bp = 0.49999999999930816000
org.apache.commons.math.linear.RealMatrixImpl:operate:([D)[D#784#69 prob_bp = 0.49999999999946130000
org.apache.commons.math.linear.BigMatrixImpl:operate:([Ljava/math/BigDecimal;)[Ljava/math/BigDecimal;#995#71 prob_bp = 0.49999999999946454000
org.apache.commons.math.linear.RealMatrixImpl:operate:([D)[D#784#70 prob_bp = 0.49999999999971580000
org.apache.commons.math.linear.BigMatrixImpl:operate:([Ljava/math/BigDecimal;)[Ljava/math/BigDecimal;#995#72 prob_bp = 0.49999999999971756000
org.apache.commons.math.linear.RealMatrixImpl:operate:([D)[D#784#68 prob_bp = 0.49999999999979170000
org.apache.commons.math.linear.RealMatrixImpl:operate:([D)[D#784#66 prob_bp = 0.49999999999991496000
org.apache.commons.math.linear.RealMatrixImpl:operate:([D)[D#784#64 prob_bp = 0.49999999999995080000
org.apache.commons.math.linear.BigMatrixImpl:operate:([Ljava/math/BigDecimal;)[Ljava/math/BigDecimal;#993#48 prob_bp = 0.49999999999998580000
org.apache.commons.math.linear.BigMatrixImpl:operate:([Ljava/math/BigDecimal;)[Ljava/math/BigDecimal;#993#45 prob_bp = 0.49999999999998690000
org.apache.commons.math.linear.RealMatrixImpl:operate:([D)[D#781#48 prob_bp = 0.49999999999999045000
org.apache.commons.math.linear.BigMatrixImpl:operate:([Ljava/math/BigDecimal;)[Ljava/math/BigDecimal;#995#70 prob_bp = 0.49999999999999556000
org.apache.commons.math.linear.BigMatrixImpl:operate:([Ljava/math/BigDecimal;)[Ljava/math/BigDecimal;#995#68 prob_bp = 0.49999999999999833000
org.apache.commons.math.linear.BigMatrixImpl:operate:([Ljava/math/BigDecimal;)[Ljava/math/BigDecimal;#990#25 prob_bp = 0.49999999999999967000
org.apache.commons.math.linear.BigMatrixImpl:operate:([Ljava/math/BigDecimal;)[Ljava/math/BigDecimal;#990#24 prob_bp = 0.49999999999999980000
org.apache.commons.math.linear.RealMatrixImpl:operate:([D)[D#781#45 prob_bp = 0.49999999999999994000
org.apache.commons.math.linear.BigMatrixImpl:operate:([Ljava/math/BigDecimal;)[Ljava/math/BigDecimal;#995#65 prob_bp = 0.49999999999999994000
org.apache.commons.math.linear.BigMatrixImpl:operate:([Ljava/math/BigDecimal;)[Ljava/math/BigDecimal;#997#95 prob_bp = 0.49999999999999994000
org.apache.commons.math.linear.RealMatrixImpl:operate:([D)[D#781#41 prob_bp = 0.50000000000000000000
org.apache.commons.math.linear.RealMatrixImpl:operate:([D)[D#781#42 prob_bp = 0.50000000000000000000
org.apache.commons.math.linear.RealMatrixImpl:operate:([D)[D#781#47 prob_bp = 0.50000000000000000000
org.apache.commons.math.linear.RealMatrixImpl:operate:([D)[D#786#89 prob_bp = 0.50000000000000000000
org.apache.commons.math.linear.BigMatrixImpl:operate:([Ljava/math/BigDecimal;)[Ljava/math/BigDecimal;#995#62 prob_bp = 0.50000000000000000000
org.apache.commons.math.linear.BigMatrixImpl:operate:([Ljava/math/BigDecimal;)[Ljava/math/BigDecimal;#995#61 prob_bp = 0.50000000000000010000
org.apache.commons.math.linear.BigMatrixImpl:operate:([Ljava/math/BigDecimal;)[Ljava/math/BigDecimal;#995#67 prob_bp = 0.50000000000000020000
org.apache.commons.math.linear.RealMatrixImpl:operate:([D)[D#775#5 prob_bp = 0.50000000000186340000
org.apache.commons.math.linear.RealMatrixImpl:operate:([D)[D#775#6 prob_bp = 0.50000000000282000000
org.apache.commons.math.linear.RealMatrixImpl:<init>:([[DZ)V#146#101 prob_bp = 0.50000000000500920000
org.apache.commons.math.linear.BigMatrixImpl:<init>:([[Ljava/math/BigDecimal;Z)V#154#112 prob_bp = 0.50000000000502610000
org.apache.commons.math.linear.RealMatrixImpl:<init>:([[DZ)V#146#102 prob_bp = 0.50000000000978140000
org.apache.commons.math.linear.BigMatrixImpl:<init>:([[Ljava/math/BigDecimal;Z)V#154#113 prob_bp = 0.50000000000983170000
org.apache.commons.math.linear.RealMatrixImpl:<init>:([[DZ)V#150#129 prob_bp = 0.50000000001092140000
org.apache.commons.math.linear.RealMatrixImpl:<init>:([[DZ)V#146#104 prob_bp = 0.50000000001856100000
org.apache.commons.math.linear.BigMatrixImpl:<init>:([[Ljava/math/BigDecimal;Z)V#154#115 prob_bp = 0.50000000001865750000
org.apache.commons.math.linear.BigMatrixImpl:operate:([Ljava/math/BigDecimal;)[Ljava/math/BigDecimal;#986#2 prob_bp = 0.50000000001989820000
org.apache.commons.math.linear.BigMatrixImpl:operate:([Ljava/math/BigDecimal;)[Ljava/math/BigDecimal;#986#3 prob_bp = 0.50000000003011850000
org.apache.commons.math.linear.RealMatrixImpl:<init>:([[DZ)V#141#71 prob_bp = 0.50000000004001230000
org.apache.commons.math.linear.BigMatrixImpl:<init>:([[Ljava/math/BigDecimal;Z)V#149#82 prob_bp = 0.50000000004032410000
org.apache.commons.math.linear.RealMatrixImpl:<init>:([[DZ)V#141#72 prob_bp = 0.50000000014515690000
org.apache.commons.math.linear.BigMatrixImpl:<init>:([[Ljava/math/BigDecimal;Z)V#149#83 prob_bp = 0.50000000014653980000
org.apache.commons.math.linear.RealMatrixImpl:<init>:([[DZ)V#138#57 prob_bp = 0.50000000015050060000
org.apache.commons.math.linear.RealMatrixImpl:<init>:([[DZ)V#141#73 prob_bp = 0.50000000015100220000
org.apache.commons.math.linear.BigMatrixImpl:<init>:([[Ljava/math/BigDecimal;Z)V#146#68 prob_bp = 0.50000000015207440000
org.apache.commons.math.linear.BigMatrixImpl:<init>:([[Ljava/math/BigDecimal;Z)V#149#84 prob_bp = 0.50000000015244100000
org.apache.commons.math.linear.RealMatrixImpl:<init>:([[DZ)V#138#58 prob_bp = 0.50000000060489180000
org.apache.commons.math.linear.BigMatrixImpl:<init>:([[Ljava/math/BigDecimal;Z)V#146#69 prob_bp = 0.50000000061123760000
org.apache.commons.math.linear.BigMatrixImpl:<init>:([[Ljava/math/BigDecimal;Z)V#158#139 prob_bp = 0.50000000063344430000
org.apache.commons.math.linear.BigMatrixImpl:<init>:([[Ljava/math/BigDecimal;Z)V#158#138 prob_bp = 0.50000000095765070000
org.apache.commons.math.linear.BigMatrixImpl:<init>:([[Ljava/math/BigDecimal;Z)V#158#140 prob_bp = 0.50000000167780510000
org.apache.commons.math.linear.RealMatrixImpl:<init>:([[DZ)V#141#74 prob_bp = 0.50000000188118500000
org.apache.commons.math.linear.BigMatrixImpl:<init>:([[Ljava/math/BigDecimal;Z)V#149#85 prob_bp = 0.50000000190018750000
org.apache.commons.math.linear.RealMatrixImpl:<init>:([[DZ)V#146#105 prob_bp = 0.50000000259153690000
org.apache.commons.math.linear.BigMatrixImpl:<init>:([[Ljava/math/BigDecimal;Z)V#154#116 prob_bp = 0.50000000260740730000
org.apache.commons.math.linear.RealMatrixImpl:<init>:([[DZ)V#146#106 prob_bp = 0.50000000318982650000
org.apache.commons.math.linear.BigMatrixImpl:<init>:([[Ljava/math/BigDecimal;Z)V#154#117 prob_bp = 0.50000000320937030000
org.apache.commons.math.linear.BigMatrixImpl:<init>:([[Ljava/math/BigDecimal;Z)V#139#41 prob_bp = 0.50000000372424860000
org.apache.commons.math.linear.RealMatrixImpl:<init>:([[DZ)V#131#30 prob_bp = 0.50000000373199440000
org.apache.commons.math.linear.BigMatrixImpl:<init>:([[Ljava/math/BigDecimal;Z)V#139#42 prob_bp = 0.50000000392080910000
org.apache.commons.math.linear.RealMatrixImpl:<init>:([[DZ)V#131#31 prob_bp = 0.50000000392907080000
org.apache.commons.math.linear.RealMatrixImpl:<init>:([[DZ)V#141#75 prob_bp = 0.50000000884855200000
org.apache.commons.math.linear.BigMatrixImpl:<init>:([[Ljava/math/BigDecimal;Z)V#149#86 prob_bp = 0.50000000893828500000
org.apache.commons.math.linear.RealMatrixImpl:<init>:([[DZ)V#146#108 prob_bp = 0.50000001298666220000
org.apache.commons.math.linear.BigMatrixImpl:<init>:([[Ljava/math/BigDecimal;Z)V#154#119 prob_bp = 0.50000001306626300000
org.apache.commons.math.linear.RealMatrixImpl:<init>:([[DZ)V#134#42 prob_bp = 0.50000001543317010000
org.apache.commons.math.linear.BigMatrixImpl:<init>:([[Ljava/math/BigDecimal;Z)V#142#53 prob_bp = 0.50000001546961640000
org.apache.commons.math.linear.RealMatrixImpl:<init>:([[DZ)V#142#77 prob_bp = 0.50000003371599280000
org.apache.commons.math.linear.BigMatrixImpl:<init>:([[Ljava/math/BigDecimal;Z)V#150#88 prob_bp = 0.50000003407101000000
org.apache.commons.math.linear.RealMatrixImpl:<init>:([[DZ)V#134#43 prob_bp = 0.50000005270349120000
org.apache.commons.math.linear.BigMatrixImpl:<init>:([[Ljava/math/BigDecimal;Z)V#142#54 prob_bp = 0.50000005295179470000
org.apache.commons.math.linear.RealMatrixImpl:<init>:([[DZ)V#142#79 prob_bp = 0.50000013693636590000
org.apache.commons.math.linear.BigMatrixImpl:<init>:([[Ljava/math/BigDecimal;Z)V#150#90 prob_bp = 0.50000013837851330000
org.apache.commons.math.linear.RealMatrixImpl:getColumnDimension:()I#750#0 prob_bp = 0.50000024039527660000
org.apache.commons.math.linear.RealMatrixImpl:getColumnDimension:()I#750#1 prob_bp = 0.50000028184956640000
org.apache.commons.math.linear.BigMatrixImpl:getColumnDimension:()I#956#0 prob_bp = 0.50000033632635510000
org.apache.commons.math.linear.BigMatrixImpl:getColumnDimension:()I#956#1 prob_bp = 0.50000041117949260000
org.apache.commons.math.linear.BigMatrixImpl:<clinit>:()V#79#21 prob_bp = 0.50000066784631400000
org.apache.commons.math.linear.RealMatrixImpl:<init>:([[DZ)V#137#54 prob_bp = 0.50000076249270500000
org.apache.commons.math.linear.BigMatrixImpl:<init>:([[Ljava/math/BigDecimal;Z)V#145#65 prob_bp = 0.50000076502949130000
org.apache.commons.math.linear.BigMatrixImpl:operate:([Ljava/math/BigDecimal;)[Ljava/math/BigDecimal;#986#0 prob_bp = 0.50000203083005890000
org.apache.commons.math.linear.RealMatrixImpl:operate:([D)[D#775#9 prob_bp = 0.50000210061869720000
org.apache.commons.math.linear.RealMatrixImpl:<init>:([[DZ)V#137#55 prob_bp = 0.50000275851887110000
org.apache.commons.math.linear.BigMatrixImpl:<init>:([[Ljava/math/BigDecimal;Z)V#145#66 prob_bp = 0.50000277420229810000
org.apache.commons.math.linear.BigMatrixImpl:operate:([Ljava/math/BigDecimal;)[Ljava/math/BigDecimal;#986#1 prob_bp = 0.50000607927504930000
org.apache.commons.math.linear.RealMatrixImpl:getColumnDimension:()I#750#4 prob_bp = 0.50000796459602970000
org.apache.commons.math.linear.RealMatrixImpl:getColumnDimension:()I#750#5 prob_bp = 0.50000813388780630000
org.apache.commons.math.linear.RealMatrixImpl:operate:([D)[D#776#12 prob_bp = 0.50000857421547750000
org.apache.commons.math.linear.RealMatrixImpl:<init>:([[DZ)V#137#56 prob_bp = 0.50001079333076610000
org.apache.commons.math.linear.BigMatrixImpl:<init>:([[Ljava/math/BigDecimal;Z)V#145#67 prob_bp = 0.50001086197609270000
org.apache.commons.math.linear.RealMatrixImpl:operate:([D)[D#776#10 prob_bp = 0.50001407182665680000
org.apache.commons.math.linear.BigMatrixImpl:getColumnDimension:()I#956#4 prob_bp = 0.50001518835578920000
org.apache.commons.math.linear.BigMatrixImpl:getColumnDimension:()I#956#5 prob_bp = 0.50001550299468230000
org.apache.commons.math.linear.RealMatrixImpl:operate:([D)[D#776#11 prob_bp = 0.50001816772321370000
org.apache.commons.math.linear.RealMatrixImpl:<init>:([[DZ)V#145#92 prob_bp = 0.50002023592546600000
org.apache.commons.math.linear.BigMatrixImpl:<init>:([[Ljava/math/BigDecimal;Z)V#153#103 prob_bp = 0.50002038521022780000
org.apache.commons.math.linear.RealMatrixImpl:<init>:([[DZ)V#145#93 prob_bp = 0.50002105076690760000
org.apache.commons.math.linear.BigMatrixImpl:<init>:([[Ljava/math/BigDecimal;Z)V#153#104 prob_bp = 0.50002120606244950000
org.apache.commons.math.linear.BigMatrixImpl:operate:([Ljava/math/BigDecimal;)[Ljava/math/BigDecimal;#986#6 prob_bp = 0.50002243469875030000
org.apache.commons.math.linear.RealMatrixImpl:operate:([D)[D#776#13 prob_bp = 0.50003471297839330000
org.apache.commons.math.linear.RealMatrixImpl:<init>:([[DZ)V#145#121 prob_bp = 0.50003869296184660000
org.apache.commons.math.linear.BigMatrixImpl:<init>:([[Ljava/math/BigDecimal;Z)V#153#132 prob_bp = 0.50003892692076650000
org.apache.commons.math.linear.RealMatrixImpl:<init>:([[DZ)V#145#97 prob_bp = 0.50004313450534610000
org.apache.commons.math.linear.BigMatrixImpl:<init>:([[Ljava/math/BigDecimal;Z)V#153#108 prob_bp = 0.50004341648096720000
org.apache.commons.math.linear.RealMatrixImpl:getColumnDimension:()I#750#6 prob_bp = 0.50005745372264600000
org.apache.commons.math.linear.RealMatrixImpl:<init>:([[DZ)V#145#95 prob_bp = 0.50005804548374040000
org.apache.commons.math.linear.BigMatrixImpl:<init>:([[Ljava/math/BigDecimal;Z)V#153#106 prob_bp = 0.50005843944531880000
org.apache.commons.math.linear.BigMatrixImpl:getColumnDimension:()I#956#6 prob_bp = 0.50009301687649650000
org.apache.commons.math.linear.RealMatrixImpl:getColumnDimension:()I#750#7 prob_bp = 0.50016934220728070000
org.apache.commons.math.linear.RealMatrixImpl:<init>:([[DZ)V#145#98 prob_bp = 0.50017374467669800000
org.apache.commons.math.linear.BigMatrixImpl:<init>:([[Ljava/math/BigDecimal;Z)V#153#109 prob_bp = 0.50017488765374230000
org.apache.commons.math.linear.BigMatrixImpl:getColumnDimension:()I#956#7 prob_bp = 0.50026025164716950000
org.apache.commons.math.linear.RealMatrixImpl:getRowDimension:()I#743#1 prob_bp = 0.66649210181231390000
org.apache.commons.math.linear.BigMatrixImpl:getRowDimension:()I#947#1 prob_bp = 0.88216381969438040000
org.apache.commons.math.linear.RealMatrixImpl:getRowDimension:()I#743#0 prob_bp = 0.98112590818750230000
org.apache.commons.math.linear.RealMatrixImpl:getRowDimension:()I#743#4 prob_bp = 0.99012097849428620000
org.apache.commons.math.linear.RealMatrixImpl:getRowDimension:()I#743#5 prob_bp = 0.99016099824576980000
org.apache.commons.math.linear.BigMatrixImpl:getRowDimension:()I#947#0 prob_bp = 0.99383978729427640000
org.apache.commons.math.linear.BigMatrixImpl:getRowDimension:()I#947#4 prob_bp = 0.99673017364874850000
org.apache.commons.math.linear.BigMatrixImpl:getRowDimension:()I#947#5 prob_bp = 0.99679338291907920000
org.apache.commons.math.linear.RealMatrixImplTest:testMath209:()V#348#0 prob_bp = 1.00000000000000000000
org.apache.commons.math.linear.RealMatrixImplTest:testMath209:()V#348#3 prob_bp = 1.00000000000000000000
org.apache.commons.math.linear.RealMatrixImplTest:testMath209:()V#348#4 prob_bp = 1.00000000000000000000
org.apache.commons.math.linear.RealMatrixImplTest:testMath209:()V#348#5 prob_bp = 1.00000000000000000000
org.apache.commons.math.linear.RealMatrixImplTest:testMath209:()V#348#60 prob_bp = 1.00000000000000000000
org.apache.commons.math.linear.RealMatrixImplTest:testMath209:()V#348#61 prob_bp = 1.00000000000000000000
org.apache.commons.math.linear.RealMatrixImplTest:testMath209:()V#348#64 prob_bp = 1.00000000000000000000
org.apache.commons.math.linear.RealMatrixImplTest:testMath209:()V#351#65 prob_bp = 1.00000000000000000000
org.apache.commons.math.linear.RealMatrixImplTest:testMath209:()V#351#66 prob_bp = 1.00000000000000000000
org.apache.commons.math.linear.RealMatrixImplTest:testMath209:()V#351#67 prob_bp = 1.00000000000000000000
org.apache.commons.math.linear.RealMatrixImplTest:testMath209:()V#351#73 prob_bp = 1.00000000000000000000
org.apache.commons.math.linear.RealMatrixImplTest:testMath209:()V#351#74 prob_bp = 1.00000000000000000000
org.apache.commons.math.linear.RealMatrixImplTest:testMath209:()V#351#75 prob_bp = 1.00000000000000000000
org.apache.commons.math.linear.RealMatrixImplTest:testMath209:()V#351#76 prob_bp = 1.00000000000000000000
org.apache.commons.math.linear.RealMatrixImplTest:testMath209:()V#351#77 prob_bp = 1.00000000000000000000
org.apache.commons.math.linear.BigMatrixImplTest:testMath209:()V#441#0 prob_bp = 1.00000000000000000000
org.apache.commons.math.linear.BigMatrixImplTest:testMath209:()V#441#3 prob_bp = 1.00000000000000000000
org.apache.commons.math.linear.BigMatrixImplTest:testMath209:()V#441#4 prob_bp = 1.00000000000000000000
org.apache.commons.math.linear.BigMatrixImplTest:testMath209:()V#441#5 prob_bp = 1.00000000000000000000
org.apache.commons.math.linear.BigMatrixImplTest:testMath209:()V#441#96 prob_bp = 1.00000000000000000000
org.apache.commons.math.linear.BigMatrixImplTest:testMath209:()V#441#97 prob_bp = 1.00000000000000000000
org.apache.commons.math.linear.BigMatrixImplTest:testMath209:()V#441#100 prob_bp = 1.00000000000000000000
org.apache.commons.math.linear.BigMatrixImplTest:testMath209:()V#446#101 prob_bp = 1.00000000000000000000
org.apache.commons.math.linear.BigMatrixImplTest:testMath209:()V#446#102 prob_bp = 1.00000000000000000000
org.apache.commons.math.linear.BigMatrixImplTest:testMath209:()V#446#103 prob_bp = 1.00000000000000000000
org.apache.commons.math.linear.BigMatrixImplTest:testMath209:()V#446#117 prob_bp = 1.00000000000000000000
org.apache.commons.math.linear.BigMatrixImplTest:testMath209:()V#446#118 prob_bp = 1.00000000000000000000
org.apache.commons.math.linear.BigMatrixImplTest:testMath209:()V#446#119 prob_bp = 1.00000000000000000000
org.apache.commons.math.linear.BigMatrixImplTest:testMath209:()V#446#127 prob_bp = 1.00000000000000000000
org.apache.commons.math.linear.BigMatrixImplTest:testMath209:()V#446#128 prob_bp = 1.00000000000000000000
Belief propagation time : 69.343000s
