Belief propagation time: 35

Probabilities: 
Vars:2264
Stmts:443
org.apache.commons.math.util.MathUtilsTest:factorial:(I)J#60#8#unexe#2 prob_bp = 0.49999996646373757000
org.apache.commons.math.util.MathUtils:factorialLog:(I)D#397#14 prob_bp = 0.50000000077991690000
org.apache.commons.math.util.MathUtils:factorialLog:(I)D#397#15 prob_bp = 0.50000000079567250000
org.apache.commons.math.util.MathUtils:factorial:(I)J#345#4 prob_bp = 0.50000000381280710000
org.apache.commons.math.util.MathUtils:factorial:(I)J#345#7 prob_bp = 0.50000001222314830000
org.apache.commons.math.util.MathUtils:factorial:(I)J#345#0 prob_bp = 0.50000001522609270000
org.apache.commons.math.util.MathUtils:factorial:(I)J#345#1 prob_bp = 0.50000001745339340000
org.apache.commons.math.util.MathUtils:factorial:(I)J#346#8 prob_bp = 0.50000004607415990000
org.apache.commons.math.util.MathUtils:factorialLog:(I)D#399#24 prob_bp = 0.50000004895178020000
org.apache.commons.math.util.MathUtils:factorialLog:(I)D#399#25 prob_bp = 0.50000007479580070000
org.apache.commons.math.util.MathUtils:factorialLog:(I)D#399#23 prob_bp = 0.50000014298021820000
org.apache.commons.math.util.MathUtils:factorial:(I)J#346#9 prob_bp = 0.50000017526762920000
org.apache.commons.math.util.MathUtils:factorialLog:(I)D#399#26 prob_bp = 0.50000017862117050000
org.apache.commons.math.util.MathUtils:factorial:(I)J#346#12 prob_bp = 0.50000018232202570000
org.apache.commons.math.util.MathUtils:factorialLog:(I)D#398#31 prob_bp = 0.50000029691460100000
org.apache.commons.math.util.MathUtils:factorialLog:(I)D#399#29 prob_bp = 0.50000059572786500000
org.apache.commons.math.util.MathUtils:factorialLog:(I)D#398#19 prob_bp = 0.50001341352821640000
org.apache.commons.math.util.MathUtils:factorialLog:(I)D#398#16 prob_bp = 0.50001823261679570000
org.apache.commons.math.util.MathUtils:factorialLog:(I)D#398#17 prob_bp = 0.50001860095250900000
org.apache.commons.math.util.MathUtils:factorialLog:(I)D#398#18 prob_bp = 0.50001934666789340000
org.apache.commons.math.util.MathUtils:factorialLog:(I)D#398#20 prob_bp = 0.50002099515422720000
org.apache.commons.math.util.MathUtils:factorialDouble:(I)D#374#0 prob_bp = 0.50012638286494180000
org.apache.commons.math.util.MathUtils:factorialLog:(I)D#399#30 prob_bp = 0.50012797845808730000
org.apache.commons.math.util.MathUtils:factorialDouble:(I)D#374#1 prob_bp = 0.50014017949609980000
org.apache.commons.math.util.MathUtils:factorial:(I)J#346#13 prob_bp = 0.50021024271242290000
org.apache.commons.math.util.MathUtils:factorialDouble:(I)D#377#14 prob_bp = 0.50071933328802400000
org.apache.commons.math.util.MathUtils:factorialDouble:(I)D#377#15 prob_bp = 0.50080501634240430000
org.apache.commons.math.util.MathUtils:factorialLog:(I)D#394#0 prob_bp = 0.50112631572033320000
org.apache.commons.math.util.MathUtils:factorialLog:(I)D#394#1 prob_bp = 0.50241282592696750000
org.apache.commons.math.util.MathUtils:factorialLog:(I)D#398#20#unexe#1 prob_bp = 0.51376492949489530000
org.apache.commons.math.util.MathUtils:factorialLog:(I)D#401#37 prob_bp = 0.54250283098009440000
org.apache.commons.math.util.MathUtils:factorialLog:(I)D#401#38 prob_bp = 0.60692617206699160000
org.apache.commons.math.util.MathUtils:factorialDouble:(I)D#377#18 prob_bp = 0.73707434763697610000
org.apache.commons.math.util.MathUtils:factorialDouble:(I)D#377#28 prob_bp = 0.99009897345297930000
org.apache.commons.math.util.MathUtils:factorialDouble:(I)D#377#25 prob_bp = 0.99009897836071450000
org.apache.commons.math.util.MathUtils:factorialDouble:(I)D#377#24 prob_bp = 0.99009898077418570000
org.apache.commons.math.util.MathUtils:factorialDouble:(I)D#377#21 prob_bp = 0.99009898079218200000
org.apache.commons.math.util.MathUtilsTest:testFactorial:()V#235#0 prob_bp = 1.00000000000000000000
org.apache.commons.math.util.MathUtilsTest:testFactorial:()V#235#1 prob_bp = 1.00000000000000000000
org.apache.commons.math.util.MathUtilsTest:testFactorial:()V#235#2 prob_bp = 1.00000000000000000000
org.apache.commons.math.util.MathUtilsTest:testFactorial:()V#235#3 prob_bp = 1.00000000000000000000
org.apache.commons.math.util.MathUtilsTest:testFactorial:()V#235#5 prob_bp = 1.00000000000000000000
org.apache.commons.math.util.MathUtilsTest:factorial:(I)J#59#0 prob_bp = 1.00000000000000000000
org.apache.commons.math.util.MathUtilsTest:factorial:(I)J#59#1 prob_bp = 1.00000000000000000000
org.apache.commons.math.util.MathUtilsTest:factorial:(I)J#60#2 prob_bp = 1.00000000000000000000
org.apache.commons.math.util.MathUtilsTest:factorial:(I)J#60#3 prob_bp = 1.00000000000000000000
org.apache.commons.math.util.MathUtilsTest:factorial:(I)J#60#5 prob_bp = 1.00000000000000000000
org.apache.commons.math.util.MathUtilsTest:factorial:(I)J#60#7 prob_bp = 1.00000000000000000000
org.apache.commons.math.util.MathUtilsTest:factorial:(I)J#60#8 prob_bp = 1.00000000000000000000
org.apache.commons.math.util.MathUtilsTest:factorial:(I)J#63#23 prob_bp = 1.00000000000000000000
org.apache.commons.math.util.MathUtilsTest:factorial:(I)J#63#24 prob_bp = 1.00000000000000000000
org.apache.commons.math.util.MathUtilsTest:testFactorial:()V#236#32 prob_bp = 1.00000000000000000000
org.apache.commons.math.util.MathUtilsTest:testFactorial:()V#236#33 prob_bp = 1.00000000000000000000
org.apache.commons.math.util.MathUtilsTest:testFactorial:()V#237#39 prob_bp = 1.00000000000000000000
org.apache.commons.math.util.MathUtilsTest:testFactorial:()V#237#46 prob_bp = 1.00000000000000000000
org.apache.commons.math.util.MathUtilsTest:testFactorial:()V#237#47 prob_bp = 1.00000000000000000000
org.apache.commons.math.util.MathUtilsTest:testFactorial:()V#237#50 prob_bp = 1.00000000000000000000
org.apache.commons.math.util.MathUtilsTest:testFactorial:()V#237#52 prob_bp = 1.00000000000000000000
org.apache.commons.math.util.MathUtilsTest:testFactorial:()V#237#55 prob_bp = 1.00000000000000000000
org.apache.commons.math.util.MathUtilsTest:testFactorial:()V#237#59 prob_bp = 1.00000000000000000000
org.apache.commons.math.util.MathUtilsTest:testFactorial:()V#237#60 prob_bp = 1.00000000000000000000
org.apache.commons.math.util.MathUtilsTest:testFactorial:()V#237#63 prob_bp = 1.00000000000000000000
org.apache.commons.math.util.MathUtilsTest:testFactorial:()V#237#64 prob_bp = 1.00000000000000000000
org.apache.commons.math.util.MathUtilsTest:testFactorial:()V#237#65 prob_bp = 1.00000000000000000000
org.apache.commons.math.util.MathUtilsTest:testFactorial:()V#237#68 prob_bp = 1.00000000000000000000
org.apache.commons.math.util.MathUtilsTest:testFactorial:()V#237#71 prob_bp = 1.00000000000000000000
org.apache.commons.math.util.MathUtilsTest:testFactorial:()V#238#102 prob_bp = 1.00000000000000000000
org.apache.commons.math.util.MathUtilsTest:testFactorial:()V#238#103 prob_bp = 1.00000000000000000000
org.apache.commons.math.util.MathUtilsTest:testFactorial:()V#235#112 prob_bp = 1.00000000000000000000
org.apache.commons.math.util.MathUtilsTest:factorial:(I)J#61#11 prob_bp = 1.00000000000000000000
org.apache.commons.math.util.MathUtilsTest:factorial:(I)J#61#12 prob_bp = 1.00000000000000000000
org.apache.commons.math.util.MathUtilsTest:factorial:(I)J#61#14 prob_bp = 1.00000000000000000000
org.apache.commons.math.util.MathUtilsTest:factorial:(I)J#61#15 prob_bp = 1.00000000000000000000
org.apache.commons.math.util.MathUtilsTest:factorial:(I)J#61#16 prob_bp = 1.00000000000000000000
org.apache.commons.math.util.MathUtilsTest:factorial:(I)J#60#17 prob_bp = 1.00000000000000000000
Belief propagation time : 0.854000s
