Belief propagation time: 100

Probabilities: 
Vars:40030
Stmts:5406
org.apache.commons.math.stat.inference.ChiSquareTestImpl:chiSquare:([D[J)D#80#96 prob_bp = 0.49947332161439940000
org.apache.commons.math.stat.inference.ChiSquareTestImpl:chiSquare:([D[J)D#80#95 prob_bp = 0.49986821246342056000
org.apache.commons.math.stat.inference.ChiSquareTestImpl:chiSquare:([D[J)D#70#36 prob_bp = 0.49991259821546025000
org.apache.commons.math.stat.inference.ChiSquareTestImpl:chiSquare:([D[J)D#76#61#unexe#3 prob_bp = 0.49995747869493080000
org.apache.commons.math.stat.inference.ChiSquareTestImpl:chiSquare:([D[J)D#78#88 prob_bp = 0.49999956261724650000
org.apache.commons.math.stat.inference.ChiSquareTestImpl:chiSquare:([D[J)D#78#87 prob_bp = 0.49999993769415463000
org.apache.commons.math.stat.inference.ChiSquareTestImpl:chiSquare:([D[J)D#78#76 prob_bp = 0.49999998411442990000
org.apache.commons.math.stat.inference.ChiSquareTestImpl:chiSquare:([D[J)D#76#61 prob_bp = 0.49999999488530755000
org.apache.commons.math.stat.inference.ChiSquareTestImpl:chiSquare:([D[J)D#76#57 prob_bp = 0.49999999684602620000
org.apache.commons.math.stat.inference.ChiSquareTestImpl:chiSquare:([D[J)D#76#55 prob_bp = 0.49999999736730316000
org.apache.commons.math.stat.inference.ChiSquareTestImpl:chiSquare:([D[J)D#76#54 prob_bp = 0.49999999746814155000
org.apache.commons.math.stat.inference.ChiSquareTestImpl:chiSquare:([D[J)D#76#60 prob_bp = 0.49999999772243114000
org.apache.commons.math.stat.inference.ChiSquareTestImpl:chiSquare:([D[J)D#76#59 prob_bp = 0.49999999843414860000
org.apache.commons.math.stat.inference.ChiSquareTestImpl:chiSquare:([D[J)D#70#33 prob_bp = 0.49999999936788614000
org.apache.commons.math.stat.inference.ChiSquareTestImpl:chiSquare:([D[J)D#74#50 prob_bp = 0.49999999943138430000
org.apache.commons.math.stat.inference.ChiSquareTestImpl:chiSquare:([D[J)D#74#49 prob_bp = 0.49999999945313080000
org.apache.commons.math.stat.inference.ChiSquareTestImpl:chiSquare:([D[J)D#70#32 prob_bp = 0.49999999956478214000
org.apache.commons.math.stat.inference.ChiSquareTestImpl:chiSquare:([D[J)D#76#89 prob_bp = 0.49999999979826987000
org.apache.commons.math.stat.inference.ChiSquareTestImpl:chiSquare:([D[J)D#70#28 prob_bp = 0.49999999993305355000
org.apache.commons.math.stat.inference.ChiSquareTestImpl:isPositive:([D)Z#355#25 prob_bp = 0.49999999994213130000
org.apache.commons.math.stat.inference.ChiSquareTestImpl:isPositive:([D)Z#355#24 prob_bp = 0.49999999994437660000
org.apache.commons.math.stat.inference.ChiSquareTestImpl:chiSquare:([D[J)D#78#86 prob_bp = 0.49999999999841455000
org.apache.commons.math.stat.inference.ChiSquareTestImpl:chiSquare:([D[J)D#78#85 prob_bp = 0.49999999999997913000
org.apache.commons.math.stat.inference.ChiSquareTestImpl:chiSquare:([D[J)D#78#82 prob_bp = 0.49999999999998540000
org.apache.commons.math.stat.inference.ChiSquareTestImpl:isPositive:([D)Z#350#5 prob_bp = 0.49999999999998950000
org.apache.commons.math.stat.inference.ChiSquareTestImpl:chiSquareTest:([D[J)D#98#25 prob_bp = 0.49999999999999070000
org.apache.commons.math.stat.inference.ChiSquareTestImpl:chiSquare:([D[J)D#78#83 prob_bp = 0.49999999999999120000
org.apache.commons.math.stat.inference.ChiSquareTestImpl:chiSquare:([D[J)D#78#81 prob_bp = 0.49999999999999330000
org.apache.commons.math.stat.inference.ChiSquareTestImpl:isPositive:([D)Z#350#2 prob_bp = 0.49999999999999645000
org.apache.commons.math.stat.inference.ChiSquareTestImpl:isPositive:([D)Z#350#4 prob_bp = 0.49999999999999667000
org.apache.commons.math.stat.inference.ChiSquareTestImpl:isPositive:([D)Z#350#18 prob_bp = 0.49999999999999706000
org.apache.commons.math.stat.inference.ChiSquareTestImpl:isPositive:([D)Z#351#13 prob_bp = 0.49999999999999780000
org.apache.commons.math.stat.inference.ChiSquareTestImpl:chiSquare:([D[J)D#78#77 prob_bp = 0.49999999999999845000
org.apache.commons.math.stat.inference.ChiSquareTestImpl:chiSquare:([D[J)D#78#79 prob_bp = 0.49999999999999845000
org.apache.commons.math.stat.inference.ChiSquareTestImpl:isPositive:([D)Z#350#3 prob_bp = 0.49999999999999890000
org.apache.commons.math.stat.inference.ChiSquareTestImpl:isPositive:([D)Z#350#1 prob_bp = 0.49999999999999910000
org.apache.commons.math.stat.inference.ChiSquareTestImpl:isPositive:([D)Z#350#0 prob_bp = 0.49999999999999920000
org.apache.commons.math.stat.inference.ChiSquareTestImpl:chiSquare:([D[J)D#77#74 prob_bp = 0.49999999999999950000
org.apache.commons.math.stat.inference.ChiSquareTestImpl:chiSquare:([D[J)D#70#25 prob_bp = 0.49999999999999956000
org.apache.commons.math.stat.inference.ChiSquareTestImpl:chiSquare:([D[J)D#70#24 prob_bp = 0.49999999999999967000
org.apache.commons.math.stat.inference.ChiSquareTestImpl:setDistribution:(Lorg/apache/commons/math/distribution/ChiSquaredDistribution;)V#402#0 prob_bp = 0.49999999999999983000
org.apache.commons.math.stat.inference.ChiSquareTestImpl:chiSquare:([D[J)D#77#73 prob_bp = 0.49999999999999990000
org.apache.commons.math.util.ContinuedFraction:evaluate:(DDI)D#142#53 prob_bp = 0.49999999999999990000
org.apache.commons.math.util.ContinuedFraction:evaluate:(DDI)D#143#62 prob_bp = 0.49999999999999990000
org.apache.commons.math.stat.inference.ChiSquareTestImpl:setDistribution:(Lorg/apache/commons/math/distribution/ChiSquaredDistribution;)V#402#1 prob_bp = 0.49999999999999994000
org.apache.commons.math.stat.inference.ChiSquareTestImpl:isPositive:([D)Z#351#8 prob_bp = 0.49999999999999994000
org.apache.commons.math.stat.inference.ChiSquareTestImpl:isPositive:([D)Z#351#9 prob_bp = 0.49999999999999994000
org.apache.commons.math.stat.inference.ChiSquareTestImpl:isPositive:([D)Z#351#10 prob_bp = 0.49999999999999994000
org.apache.commons.math.stat.inference.ChiSquareTestImpl:chiSquare:([D[J)D#77#65 prob_bp = 0.49999999999999994000
org.apache.commons.math.stat.inference.ChiSquareTestImpl:chiSquare:([D[J)D#77#69 prob_bp = 0.49999999999999994000
org.apache.commons.math.stat.inference.ChiSquareTestImpl:chiSquareTest:([D[J)D#97#1 prob_bp = 0.49999999999999994000
org.apache.commons.math.distribution.ChiSquaredDistributionImpl:cumulativeProbability:(D)D#82#0 prob_bp = 0.49999999999999994000
org.apache.commons.math.distribution.ChiSquaredDistributionImpl:cumulativeProbability:(D)D#82#1 prob_bp = 0.49999999999999994000
org.apache.commons.math.special.Gamma:regularizedGammaP:(DDDI)D#174#114 prob_bp = 0.49999999999999994000
org.apache.commons.math.special.Gamma:regularizedGammaP:(DDDI)D#174#115 prob_bp = 0.49999999999999994000
org.apache.commons.math.special.Gamma:regularizedGammaP:(DDDI)D#174#119 prob_bp = 0.49999999999999994000
org.apache.commons.math.util.ContinuedFraction:evaluate:(DDI)D#134#6 prob_bp = 0.49999999999999994000
org.apache.commons.math.util.ContinuedFraction:evaluate:(DDI)D#142#52 prob_bp = 0.49999999999999994000
org.apache.commons.math.util.ContinuedFraction:evaluate:(DDI)D#143#61 prob_bp = 0.49999999999999994000
org.apache.commons.math.util.ContinuedFraction:evaluate:(DDI)D#161#208 prob_bp = 0.49999999999999994000
org.apache.commons.math.util.ContinuedFraction:evaluate:(DDI)D#167#238 prob_bp = 0.49999999999999994000
org.apache.commons.math.util.ContinuedFraction:evaluate:(DDI)D#169#244 prob_bp = 0.49999999999999994000
org.apache.commons.math.stat.inference.ChiSquareTestImpl:chiSquare:([D[J)D#66#1 prob_bp = 0.50000000000000000000
org.apache.commons.math.stat.inference.ChiSquareTestImpl:chiSquare:([D[J)D#66#2 prob_bp = 0.50000000000000000000
org.apache.commons.math.stat.inference.ChiSquareTestImpl:chiSquare:([D[J)D#66#3 prob_bp = 0.50000000000000000000
org.apache.commons.math.stat.inference.ChiSquareTestImpl:chiSquare:([D[J)D#66#7 prob_bp = 0.50000000000000000000
org.apache.commons.math.stat.inference.ChiSquareTestImpl:chiSquare:([D[J)D#66#9 prob_bp = 0.50000000000000000000
org.apache.commons.math.stat.inference.ChiSquareTestImpl:chiSquare:([D[J)D#66#10 prob_bp = 0.50000000000000000000
org.apache.commons.math.stat.inference.ChiSquareTestImpl:isPositive:([D)Z#351#11 prob_bp = 0.50000000000000000000
org.apache.commons.math.stat.inference.ChiSquareTestImpl:isPositive:([D)Z#351#12 prob_bp = 0.50000000000000000000
org.apache.commons.math.stat.inference.ChiSquareTestImpl:chiSquare:([D[J)D#77#64 prob_bp = 0.50000000000000000000
org.apache.commons.math.stat.inference.ChiSquareTestImpl:chiSquare:([D[J)D#77#67 prob_bp = 0.50000000000000000000
org.apache.commons.math.stat.inference.ChiSquareTestImpl:chiSquare:([D[J)D#77#68 prob_bp = 0.50000000000000000000
org.apache.commons.math.stat.inference.ChiSquareTestImpl:chiSquare:([D[J)D#77#72 prob_bp = 0.50000000000000000000
org.apache.commons.math.stat.inference.ChiSquareTestImpl:chiSquareTest:([D[J)D#97#0 prob_bp = 0.50000000000000000000
org.apache.commons.math.stat.inference.ChiSquareTestImpl:chiSquareTest:([D[J)D#97#4 prob_bp = 0.50000000000000000000
org.apache.commons.math.stat.inference.ChiSquareTestImpl:chiSquareTest:([D[J)D#97#5 prob_bp = 0.50000000000000000000
org.apache.commons.math.stat.inference.ChiSquareTestImpl:chiSquareTest:([D[J)D#97#6 prob_bp = 0.50000000000000000000
org.apache.commons.math.stat.inference.ChiSquareTestImpl:chiSquareTest:([D[J)D#97#7 prob_bp = 0.50000000000000000000
org.apache.commons.math.stat.inference.ChiSquareTestImpl:chiSquareTest:([D[J)D#97#9 prob_bp = 0.50000000000000000000
org.apache.commons.math.stat.inference.ChiSquareTestImpl:chiSquareTest:([D[J)D#98#15 prob_bp = 0.50000000000000000000
org.apache.commons.math.stat.inference.ChiSquareTestImpl:chiSquareTest:([D[J)D#98#21 prob_bp = 0.50000000000000000000
org.apache.commons.math.special.Gamma:regularizedGammaP:(DDDI)D#174#116 prob_bp = 0.50000000000000000000
org.apache.commons.math.special.Gamma:regularizedGammaP:(DDDI)D#174#118 prob_bp = 0.50000000000000000000
org.apache.commons.math.stat.inference.TestUtils:getUnknownDistributionChiSquareTest:()Lorg/apache/commons/math/stat/inference/UnknownDistributionChiSquareTest;#102#3 prob_bp = 0.50000000000000000000
org.apache.commons.math.util.ContinuedFraction:evaluate:(DDI)D#134#3 prob_bp = 0.50000000000000000000
org.apache.commons.math.util.ContinuedFraction:evaluate:(DDI)D#134#5 prob_bp = 0.50000000000000000000
org.apache.commons.math.util.ContinuedFraction:evaluate:(DDI)D#134#9 prob_bp = 0.50000000000000000000
org.apache.commons.math.util.ContinuedFraction:evaluate:(DDI)D#137#17 prob_bp = 0.50000000000000000000
org.apache.commons.math.util.ContinuedFraction:evaluate:(DDI)D#142#50 prob_bp = 0.50000000000000000000
org.apache.commons.math.util.ContinuedFraction:evaluate:(DDI)D#143#58 prob_bp = 0.50000000000000000000
org.apache.commons.math.util.ContinuedFraction:evaluate:(DDI)D#143#59 prob_bp = 0.50000000000000000000
org.apache.commons.math.util.ContinuedFraction:evaluate:(DDI)D#144#67 prob_bp = 0.50000000000000000000
org.apache.commons.math.util.ContinuedFraction:evaluate:(DDI)D#144#72 prob_bp = 0.50000000000000000000
org.apache.commons.math.util.ContinuedFraction:evaluate:(DDI)D#166#232 prob_bp = 0.50000000000000000000
org.apache.commons.math.util.ContinuedFraction:evaluate:(DDI)D#168#242 prob_bp = 0.50000000000000000000
org.apache.commons.math.stat.inference.TestUtils:<clinit>:()V#45#27 prob_bp = 0.50000000000000010000
org.apache.commons.math.distribution.GammaDistributionImpl:<init>:(DD)V#49#9 prob_bp = 0.50000000000000010000
org.apache.commons.math.distribution.GammaDistributionImpl:setBeta:(D)V#134#17 prob_bp = 0.50000000000000010000
org.apache.commons.math.stat.inference.ChiSquareTestImpl:chiSquare:([D[J)D#66#0 prob_bp = 0.50000000000000010000
org.apache.commons.math.stat.inference.ChiSquareTestImpl:chiSquare:([D[J)D#77#70 prob_bp = 0.50000000000000010000
org.apache.commons.math.stat.inference.ChiSquareTestImpl:chiSquareTest:([D[J)D#97#8 prob_bp = 0.50000000000000010000
org.apache.commons.math.stat.inference.TestUtils:getUnknownDistributionChiSquareTest:()Lorg/apache/commons/math/stat/inference/UnknownDistributionChiSquareTest;#102#0 prob_bp = 0.50000000000000010000
org.apache.commons.math.special.Gamma:regularizedGammaQ:(DDDI)D#243#74 prob_bp = 0.50000000000000010000
org.apache.commons.math.special.Gamma:regularizedGammaQ:(DDDI)D#243#82 prob_bp = 0.50000000000000010000
org.apache.commons.math.special.Gamma:regularizedGammaQ:(DDDI)D#256#85 prob_bp = 0.50000000000000010000
org.apache.commons.math.special.Gamma:regularizedGammaQ:(DDDI)D#256#87 prob_bp = 0.50000000000000010000
org.apache.commons.math.util.ContinuedFraction:evaluate:(DDI)D#134#4 prob_bp = 0.50000000000000010000
org.apache.commons.math.util.ContinuedFraction:evaluate:(DDI)D#137#19 prob_bp = 0.50000000000000010000
org.apache.commons.math.util.ContinuedFraction:evaluate:(DDI)D#137#21 prob_bp = 0.50000000000000010000
org.apache.commons.math.util.ContinuedFraction:evaluate:(DDI)D#142#49 prob_bp = 0.50000000000000010000
org.apache.commons.math.util.ContinuedFraction:evaluate:(DDI)D#144#69 prob_bp = 0.50000000000000010000
org.apache.commons.math.util.ContinuedFraction:evaluate:(DDI)D#144#71 prob_bp = 0.50000000000000010000
org.apache.commons.math.util.ContinuedFraction:evaluate:(DDI)D#161#206 prob_bp = 0.50000000000000010000
org.apache.commons.math.util.ContinuedFraction:evaluate:(DDI)D#161#210 prob_bp = 0.50000000000000010000
org.apache.commons.math.util.ContinuedFraction:evaluate:(DDI)D#166#234 prob_bp = 0.50000000000000010000
org.apache.commons.math.util.ContinuedFraction:evaluate:(DDI)D#167#236 prob_bp = 0.50000000000000010000
org.apache.commons.math.stat.inference.ChiSquareTestImpl:chiSquare:([D[J)D#66#6 prob_bp = 0.50000000000000020000
org.apache.commons.math.stat.inference.ChiSquareTestImpl:chiSquare:([D[J)D#66#8 prob_bp = 0.50000000000000020000
org.apache.commons.math.stat.inference.ChiSquareTestImpl:chiSquareTest:([D[J)D#98#16 prob_bp = 0.50000000000000020000
org.apache.commons.math.stat.inference.ChiSquareTestImpl:chiSquareTest:([D[J)D#98#20 prob_bp = 0.50000000000000020000
org.apache.commons.math.stat.inference.ChiSquareTestImpl:chiSquareTest:([D[J)D#98#22 prob_bp = 0.50000000000000020000
org.apache.commons.math.util.ContinuedFraction:evaluate:(DDI)D#133#1 prob_bp = 0.50000000000000020000
org.apache.commons.math.util.ContinuedFraction:evaluate:(DDI)D#144#74 prob_bp = 0.50000000000000020000
org.apache.commons.math.util.ContinuedFraction:evaluate:(DDI)D#168#240 prob_bp = 0.50000000000000020000
org.apache.commons.math.util.ContinuedFraction:evaluate:(DDI)D#169#246 prob_bp = 0.50000000000000020000
org.apache.commons.math.distribution.GammaDistributionImpl:cumulativeProbability:(D)D#75#16 prob_bp = 0.50000000000000030000
org.apache.commons.math.util.ContinuedFraction:evaluate:(DDI)D#133#0 prob_bp = 0.50000000000000030000
org.apache.commons.math.util.ContinuedFraction:evaluate:(DDI)D#142#56 prob_bp = 0.50000000000000030000
org.apache.commons.math.util.ContinuedFraction:evaluate:(DDI)D#143#65 prob_bp = 0.50000000000000030000
org.apache.commons.math.util.ContinuedFraction:evaluate:(DDI)D#144#76 prob_bp = 0.50000000000000030000
org.apache.commons.math.distribution.GammaDistributionImpl:setBeta:(D)V#134#18 prob_bp = 0.50000000000000040000
org.apache.commons.math.stat.inference.ChiSquareTestImpl:<init>:(Lorg/apache/commons/math/distribution/ChiSquaredDistribution;)V#50#5 prob_bp = 0.50000000000000040000
org.apache.commons.math.stat.inference.ChiSquareTestImpl:setDistribution:(Lorg/apache/commons/math/distribution/ChiSquaredDistribution;)V#402#2 prob_bp = 0.50000000000000040000
org.apache.commons.math.stat.inference.ChiSquareTestImpl:<init>:(Lorg/apache/commons/math/distribution/ChiSquaredDistribution;)V#50#4 prob_bp = 0.50000000000000080000
org.apache.commons.math.distribution.GammaDistributionImpl:cumulativeProbability:(D)D#75#17 prob_bp = 0.50000000000000100000
org.apache.commons.math.distribution.GammaDistributionImpl:setBeta:(D)V#134#16 prob_bp = 0.50000000000000110000
org.apache.commons.math.util.ContinuedFraction:evaluate:(DDI)D#145#80 prob_bp = 0.50000000000000130000
org.apache.commons.math.util.ContinuedFraction:evaluate:(DDI)D#145#85 prob_bp = 0.50000000000000130000
org.apache.commons.math.stat.inference.ChiSquareTestImpl:<init>:(Lorg/apache/commons/math/distribution/ChiSquaredDistribution;)V#50#6 prob_bp = 0.50000000000000170000
org.apache.commons.math.distribution.GammaDistributionImpl:getBeta:()D#142#0 prob_bp = 0.50000000000000210000
org.apache.commons.math.distribution.ChiSquaredDistributionImpl:<init>:(D)V#43#5 prob_bp = 0.50000000000000240000
org.apache.commons.math.stat.inference.ChiSquareTestImpl:<init>:()V#39#0 prob_bp = 0.50000000000000260000
org.apache.commons.math.stat.inference.ChiSquareTestImpl:<init>:()V#39#9 prob_bp = 0.50000000000000260000
org.apache.commons.math.stat.inference.ChiSquareTestImpl:<init>:()V#39#4 prob_bp = 0.50000000000000270000
org.apache.commons.math.util.ContinuedFraction:evaluate:(DDI)D#135#12 prob_bp = 0.50000000000000340000
org.apache.commons.math.stat.inference.ChiSquareTestImpl:<init>:()V#39#1 prob_bp = 0.50000000000000370000
org.apache.commons.math.util.ContinuedFraction:evaluate:(DDI)D#136#15 prob_bp = 0.50000000000000370000
org.apache.commons.math.util.ContinuedFraction:evaluate:(DDI)D#135#11 prob_bp = 0.50000000000000380000
org.apache.commons.math.util.ContinuedFraction:evaluate:(DDI)D#145#87 prob_bp = 0.50000000000000390000
org.apache.commons.math.util.ContinuedFraction:evaluate:(DDI)D#136#14 prob_bp = 0.50000000000000400000
org.apache.commons.math.util.ContinuedFraction:evaluate:(DDI)D#145#82 prob_bp = 0.50000000000000400000
org.apache.commons.math.util.ContinuedFraction:evaluate:(DDI)D#145#84 prob_bp = 0.50000000000000560000
org.apache.commons.math.util.ContinuedFraction:evaluate:(DDI)D#145#89 prob_bp = 0.50000000000000570000
org.apache.commons.math.distribution.GammaDistributionImpl:getBeta:()D#142#1 prob_bp = 0.50000000000000700000
org.apache.commons.math.util.ContinuedFraction:evaluate:(DDI)D#137#22 prob_bp = 0.50000000000001440000
org.apache.commons.math.util.ContinuedFraction:evaluate:(DDI)D#144#77 prob_bp = 0.50000000000002250000
org.apache.commons.math.util.ContinuedFraction:evaluate:(DDI)D#161#211 prob_bp = 0.50000000000002660000
org.apache.commons.math.util.ContinuedFraction:evaluate:(DDI)D#162#213 prob_bp = 0.50000000000002880000
org.apache.commons.math.util.ContinuedFraction:evaluate:(DDI)D#162#215 prob_bp = 0.50000000000002900000
org.apache.commons.math.special.Gamma:regularizedGammaQ:(DDDI)D#233#0 prob_bp = 0.50000000000003110000
org.apache.commons.math.stat.inference.ChiSquareTestImpl:isNonNegative:([J)Z#368#8 prob_bp = 0.50000000000003210000
org.apache.commons.math.util.ContinuedFraction:evaluate:(DDI)D#162#217 prob_bp = 0.50000000000003650000
org.apache.commons.math.special.Gamma:regularizedGammaP:(DDDI)D#169#78 prob_bp = 0.50000000000005180000
org.apache.commons.math.special.Gamma:regularizedGammaQ:(DDDI)D#233#1 prob_bp = 0.50000000000005200000
org.apache.commons.math.stat.inference.ChiSquareTestImpl:isNonNegative:([J)Z#368#9 prob_bp = 0.50000000000005840000
org.apache.commons.math.special.Gamma:regularizedGammaP:(DDDI)D#174#112 prob_bp = 0.50000000000009180000
org.apache.commons.math.special.Gamma:regularizedGammaP:(DDDI)D#169#77 prob_bp = 0.50000000000010580000
org.apache.commons.math.special.Gamma:regularizedGammaP:(DDDI)D#169#79 prob_bp = 0.50000000000010940000
org.apache.commons.math.special.Gamma:regularizedGammaQ:(DDDI)D#233#4 prob_bp = 0.50000000000011370000
org.apache.commons.math.stat.inference.ChiSquareTestImpl:isNonNegative:([J)Z#368#10 prob_bp = 0.50000000000012770000
org.apache.commons.math.special.Gamma:regularizedGammaP:(DDDI)D#174#120 prob_bp = 0.50000000000020040000
org.apache.commons.math.distribution.GammaDistributionImpl:cumulativeProbability:(D)D#75#11 prob_bp = 0.50000000000031030000
org.apache.commons.math.util.ContinuedFraction:evaluate:(DDI)D#145#90 prob_bp = 0.50000000000040090000
org.apache.commons.math.distribution.GammaDistributionImpl:cumulativeProbability:(D)D#75#12 prob_bp = 0.50000000000089330000
org.apache.commons.math.special.Gamma:regularizedGammaP:(DDDI)D#174#121 prob_bp = 0.50000000000096460000
org.apache.commons.math.distribution.GammaDistributionImpl:getBeta:()D#142#4 prob_bp = 0.50000000000161030000
org.apache.commons.math.special.Gamma:regularizedGammaQ:(DDDI)D#233#7 prob_bp = 0.50000000000174620000
org.apache.commons.math.special.Gamma:regularizedGammaQ:(DDDI)D#233#14 prob_bp = 0.50000000000176930000
org.apache.commons.math.distribution.GammaDistributionImpl:cumulativeProbability:(D)D#75#15 prob_bp = 0.50000000000226320000
org.apache.commons.math.distribution.GammaDistributionImpl:getAlpha:()D#122#0 prob_bp = 0.50000000000298600000
org.apache.commons.math.util.ContinuedFraction:evaluate:(DDI)D#146#93 prob_bp = 0.50000000000372920000
org.apache.commons.math.special.Gamma:regularizedGammaQ:(DDDI)D#233#15 prob_bp = 0.50000000000388920000
org.apache.commons.math.special.Gamma:regularizedGammaQ:(DDDI)D#233#8 prob_bp = 0.50000000000394480000
org.apache.commons.math.special.Gamma:regularizedGammaQ:(DDDI)D#233#16 prob_bp = 0.50000000000404540000
org.apache.commons.math.distribution.GammaDistributionImpl:cumulativeProbability:(D)D#75#20 prob_bp = 0.50000000000731490000
org.apache.commons.math.util.ContinuedFraction:evaluate:(DDI)D#144#78 prob_bp = 0.50000000000789300000
org.apache.commons.math.special.Gamma:regularizedGammaP:(DDDI)D#158#0 prob_bp = 0.50000000000852400000
org.apache.commons.math.special.Gamma:regularizedGammaP:(DDDI)D#171#99 prob_bp = 0.50000000000992710000
org.apache.commons.math.distribution.ChiSquaredDistributionImpl:cumulativeProbability:(D)D#82#4 prob_bp = 0.50000000001030120000
org.apache.commons.math.distribution.GammaDistributionImpl:getAlpha:()D#122#1 prob_bp = 0.50000000001049370000
org.apache.commons.math.special.Gamma:regularizedGammaP:(DDDI)D#165#60 prob_bp = 0.50000000001266110000
org.apache.commons.math.special.Gamma:regularizedGammaQ:(DDDI)D#233#11 prob_bp = 0.50000000001277700000
org.apache.commons.math.special.Gamma:regularizedGammaP:(DDDI)D#171#101 prob_bp = 0.50000000001298460000
org.apache.commons.math.util.ContinuedFraction:evaluate:(DDI)D#146#95 prob_bp = 0.50000000001419680000
org.apache.commons.math.special.Gamma:regularizedGammaP:(DDDI)D#168#74 prob_bp = 0.50000000001654950000
org.apache.commons.math.special.Gamma:regularizedGammaP:(DDDI)D#168#75 prob_bp = 0.50000000001710100000
org.apache.commons.math.special.Gamma:regularizedGammaP:(DDDI)D#171#97 prob_bp = 0.50000000001736210000
org.apache.commons.math.special.Gamma:regularizedGammaP:(DDDI)D#158#1 prob_bp = 0.50000000002033980000
org.apache.commons.math.stat.inference.ChiSquareTestImpl:isNonNegative:([J)Z#368#11 prob_bp = 0.50000000002041270000
org.apache.commons.math.special.Gamma:regularizedGammaP:(DDDI)D#165#61 prob_bp = 0.50000000002065860000
org.apache.commons.math.stat.inference.ChiSquareTestImpl:isNonNegative:([J)Z#368#12 prob_bp = 0.50000000002123650000
org.apache.commons.math.special.Gamma:regularizedGammaQ:(DDDI)D#233#20 prob_bp = 0.50000000002249730000
org.apache.commons.math.special.Gamma:regularizedGammaP:(DDDI)D#171#102 prob_bp = 0.50000000002371960000
org.apache.commons.math.util.ContinuedFraction:evaluate:(DDI)D#165#225 prob_bp = 0.50000000003242800000
org.apache.commons.math.util.ContinuedFraction:evaluate:(DDI)D#165#227 prob_bp = 0.50000000003242820000
org.apache.commons.math.special.Gamma:regularizedGammaP:(DDDI)D#173#106 prob_bp = 0.50000000003564030000
org.apache.commons.math.distribution.ChiSquaredDistributionImpl:cumulativeProbability:(D)D#82#5 prob_bp = 0.50000000004159470000
org.apache.commons.math.special.Gamma:regularizedGammaQ:(DDDI)D#233#21 prob_bp = 0.50000000004628990000
org.apache.commons.math.special.Gamma:regularizedGammaQ:(DDDI)D#233#22 prob_bp = 0.50000000004794690000
org.apache.commons.math.util.ContinuedFraction:evaluate:(DDI)D#146#98 prob_bp = 0.50000000005178940000
org.apache.commons.math.special.Gamma:regularizedGammaP:(DDDI)D#158#4 prob_bp = 0.50000000006002810000
org.apache.commons.math.special.Gamma:regularizedGammaP:(DDDI)D#169#80 prob_bp = 0.50000000006117010000
org.apache.commons.math.special.Gamma:regularizedGammaP:(DDDI)D#171#86 prob_bp = 0.50000000006558360000
org.apache.commons.math.util.ContinuedFraction:evaluate:(DDI)D#162#218 prob_bp = 0.50000000007159660000
org.apache.commons.math.util.ContinuedFraction:evaluate:(DDI)D#162#219 prob_bp = 0.50000000007447920000
org.apache.commons.math.special.Gamma:regularizedGammaP:(DDDI)D#171#88 prob_bp = 0.50000000008015880000
org.apache.commons.math.util.ContinuedFraction:evaluate:(DDI)D#162#220 prob_bp = 0.50000000009768890000
org.apache.commons.math.special.Gamma:regularizedGammaP:(DDDI)D#171#91 prob_bp = 0.50000000009960420000
org.apache.commons.math.special.Gamma:regularizedGammaP:(DD)D#120#2 prob_bp = 0.50000000010585810000
org.apache.commons.math.special.Gamma:regularizedGammaQ:(DDDI)D#237#47 prob_bp = 0.50000000011374150000
org.apache.commons.math.special.Gamma:regularizedGammaQ:(DDDI)D#237#46 prob_bp = 0.50000000011456110000
org.apache.commons.math.special.Gamma:regularizedGammaP:(DDDI)D#173#108 prob_bp = 0.50000000011892830000
org.apache.commons.math.special.Gamma:regularizedGammaP:(DDDI)D#173#109 prob_bp = 0.50000000012312170000
org.apache.commons.math.special.Gamma:regularizedGammaP:(DDDI)D#171#93 prob_bp = 0.50000000012897840000
org.apache.commons.math.util.ContinuedFraction:evaluate:(DDI)D#165#229 prob_bp = 0.50000000013450760000
org.apache.commons.math.util.ContinuedFraction:evaluate:(DDI)D#145#91 prob_bp = 0.50000000014048060000
org.apache.commons.math.special.Gamma:regularizedGammaQ:(DDDI)D#235#34 prob_bp = 0.50000000018866050000
org.apache.commons.math.util.ContinuedFraction:evaluate:(DDI)D#162#223 prob_bp = 0.50000000019115290000
org.apache.commons.math.special.Gamma:regularizedGammaQ:(DDDI)D#256#88 prob_bp = 0.50000000021410040000
org.apache.commons.math.special.Gamma:regularizedGammaQ:(DDDI)D#237#48 prob_bp = 0.50000000022342410000
org.apache.commons.math.special.Gamma:regularizedGammaP:(DDDI)D#165#59 prob_bp = 0.50000000024075210000
org.apache.commons.math.util.ContinuedFraction:evaluate:(DDI)D#139#27 prob_bp = 0.50000000037895500000
org.apache.commons.math.special.Gamma:regularizedGammaQ:(DDDI)D#235#35 prob_bp = 0.50000000038581340000
org.apache.commons.math.util.ContinuedFraction:evaluate:(DDI)D#139#30 prob_bp = 0.50000000039235160000
org.apache.commons.math.special.Gamma:regularizedGammaQ:(DDDI)D#235#36 prob_bp = 0.50000000039943950000
org.apache.commons.math.util.ContinuedFraction:evaluate:(DDI)D#146#101 prob_bp = 0.50000000061110900000
org.apache.commons.math.util.ContinuedFraction:evaluate:(DDI)D#140#41 prob_bp = 0.50000000081784570000
org.apache.commons.math.special.Gamma:regularizedGammaP:(DDDI)D#158#14 prob_bp = 0.50000000088720560000
org.apache.commons.math.util.ContinuedFraction:evaluate:(DDI)D#140#39 prob_bp = 0.50000000100722240000
org.apache.commons.math.util.ContinuedFraction:evaluate:(DDI)D#140#34 prob_bp = 0.50000000106627830000
org.apache.commons.math.special.Gamma:regularizedGammaP:(DDDI)D#158#7 prob_bp = 0.50000000114861580000
org.apache.commons.math.special.Gamma:regularizedGammaP:(DDDI)D#173#110 prob_bp = 0.50000000117894390000
org.apache.commons.math.util.ContinuedFraction:evaluate:(DDI)D#140#32 prob_bp = 0.50000000166280080000
org.apache.commons.math.distribution.GammaDistributionImpl:getAlpha:()D#122#4 prob_bp = 0.50000000219003750000
org.apache.commons.math.distribution.GammaDistributionImpl:cumulativeProbability:(D)D#72#0 prob_bp = 0.50000000241996920000
org.apache.commons.math.special.Gamma:regularizedGammaP:(DDDI)D#158#15 prob_bp = 0.50000000249452400000
org.apache.commons.math.util.ContinuedFraction:evaluate:(DDI)D#146#103 prob_bp = 0.50000000253378910000
org.apache.commons.math.special.Gamma:regularizedGammaP:(DDDI)D#158#16 prob_bp = 0.50000000259471320000
org.apache.commons.math.util.ContinuedFraction:evaluate:(DDI)D#140#42 prob_bp = 0.50000000271906820000
org.apache.commons.math.special.Gamma:regularizedGammaP:(DDDI)D#158#8 prob_bp = 0.50000000279246440000
org.apache.commons.math.distribution.GammaDistributionImpl:cumulativeProbability:(D)D#72#1 prob_bp = 0.50000000304621160000
org.apache.commons.math.distribution.GammaDistributionImpl:cumulativeProbability:(D)D#72#2 prob_bp = 0.50000000314025510000
org.apache.commons.math.util.ContinuedFraction:evaluate:(DDI)D#140#36 prob_bp = 0.50000000341908760000
org.apache.commons.math.special.Gamma:regularizedGammaQ:(DDDI)D#233#17 prob_bp = 0.50000000351549380000
org.apache.commons.math.special.Gamma:regularizedGammaP:(DDDI)D#158#11 prob_bp = 0.50000000940575210000
org.apache.commons.math.util.ContinuedFraction:evaluate:(DDI)D#146#106 prob_bp = 0.50000001027220550000
org.apache.commons.math.stat.inference.ChiSquareTestImpl:isNonNegative:([J)Z#367#3 prob_bp = 0.50000001136676140000
org.apache.commons.math.special.Gamma:regularizedGammaQ:(DDDI)D#237#52 prob_bp = 0.50000001188024300000
org.apache.commons.math.stat.inference.ChiSquareTestImpl:isNonNegative:([J)Z#367#0 prob_bp = 0.50000001357508080000
org.apache.commons.math.stat.inference.ChiSquareTestImpl:isNonNegative:([J)Z#367#1 prob_bp = 0.50000001411359280000
org.apache.commons.math.special.Gamma:regularizedGammaP:(DDDI)D#158#20 prob_bp = 0.50000001494286620000
org.apache.commons.math.special.Gamma:regularizedGammaQ:(DDDI)D#237#53 prob_bp = 0.50000002449787530000
org.apache.commons.math.special.Gamma:regularizedGammaQ:(DDDI)D#237#54 prob_bp = 0.50000002536151000000
org.apache.commons.math.special.Gamma:regularizedGammaQ:(DDDI)D#233#23 prob_bp = 0.50000003138866000000
org.apache.commons.math.stat.inference.ChiSquareTestImpl:isNonNegative:([J)Z#368#13 prob_bp = 0.50000003280693410000
org.apache.commons.math.special.Gamma:regularizedGammaP:(DDDI)D#158#21 prob_bp = 0.50000003286352260000
org.apache.commons.math.special.Gamma:regularizedGammaP:(DDDI)D#158#22 prob_bp = 0.50000003404019720000
org.apache.commons.math.stat.inference.ChiSquareTestImpl:isNonNegative:([J)Z#367#18 prob_bp = 0.50000004017065680000
org.apache.commons.math.stat.inference.ChiSquareTestImpl:isNonNegative:([J)Z#367#4 prob_bp = 0.50000004165188530000
org.apache.commons.math.stat.inference.ChiSquareTestImpl:isNonNegative:([J)Z#367#2 prob_bp = 0.50000005147233420000
org.apache.commons.math.special.Gamma:regularizedGammaP:(DDDI)D#171#103 prob_bp = 0.50000009989216180000
org.apache.commons.math.special.Gamma:regularizedGammaP:(DDDI)D#160#34 prob_bp = 0.50000012552580650000
org.apache.commons.math.distribution.GammaDistributionImpl:cumulativeProbability:(D)D#75#21 prob_bp = 0.50000015036769610000
org.apache.commons.math.stat.inference.ChiSquareTestImpl:isNonNegative:([J)Z#367#5 prob_bp = 0.50000015041197320000
org.apache.commons.math.special.Gamma:regularizedGammaP:(DDDI)D#171#103#unexe#9 prob_bp = 0.50000024614489740000
org.apache.commons.math.special.Gamma:regularizedGammaQ:(DDDI)D#235#37 prob_bp = 0.50000025316311940000
org.apache.commons.math.special.Gamma:regularizedGammaP:(DDDI)D#160#35 prob_bp = 0.50000027411249370000
org.apache.commons.math.special.Gamma:regularizedGammaP:(DDDI)D#160#36 prob_bp = 0.50000028379340170000
org.apache.commons.math.special.Gamma:regularizedGammaP:(DD)D#120#1 prob_bp = 0.50000033181129980000
org.apache.commons.math.special.Gamma:regularizedGammaP:(DDDI)D#171#94 prob_bp = 0.50000036866795570000
org.apache.commons.math.special.Gamma:regularizedGammaP:(DDDI)D#162#53 prob_bp = 0.50000039008658450000
org.apache.commons.math.special.Gamma:regularizedGammaP:(DD)D#120#0 prob_bp = 0.50000044287134940000
org.apache.commons.math.special.Gamma:regularizedGammaP:(DDDI)D#162#52 prob_bp = 0.50000046209261620000
org.apache.commons.math.special.Gamma:regularizedGammaP:(DDDI)D#162#46 prob_bp = 0.50000075086401570000
org.apache.commons.math.special.Gamma:regularizedGammaP:(DDDI)D#171#94#unexe#9 prob_bp = 0.50000087577213610000
org.apache.commons.math.distribution.GammaDistributionImpl:cumulativeProbability:(D)D#72#3 prob_bp = 0.50000099346291380000
org.apache.commons.math.special.Gamma:regularizedGammaP:(DDDI)D#162#54 prob_bp = 0.50000101897941620000
org.apache.commons.math.distribution.ChiSquaredDistributionImpl:<init>:(D)V#43#6 prob_bp = 0.50000151833360140000
org.apache.commons.math.distribution.ChiSquaredDistributionImpl:<init>:(D)V#43#7 prob_bp = 0.50000170070335130000
org.apache.commons.math.distribution.ChiSquaredDistributionImpl:<init>:(D)V#43#10 prob_bp = 0.50000173991265510000
org.apache.commons.math.special.Gamma:regularizedGammaP:(DDDI)D#165#63 prob_bp = 0.50000191921513230000
org.apache.commons.math.special.Gamma:regularizedGammaP:(DDDI)D#162#47 prob_bp = 0.50000195167026770000
org.apache.commons.math.special.Gamma:regularizedGammaP:(DDDI)D#162#48 prob_bp = 0.50000202038381560000
org.apache.commons.math.special.Gamma:regularizedGammaQ:(DDDI)D#237#49 prob_bp = 0.50000202506358240000
org.apache.commons.math.special.Gamma:regularizedGammaP:(DDDI)D#158#17 prob_bp = 0.50000263686087740000
org.apache.commons.math.special.Gamma:regularizedGammaP:(DDDI)D#165#65 prob_bp = 0.50000264811997570000
org.apache.commons.math.special.Gamma:regularizedGammaP:(DDDI)D#179#133 prob_bp = 0.50000283011416150000
org.apache.commons.math.util.ContinuedFraction:evaluate:(DDI)D#165#230 prob_bp = 0.50000308862385730000
org.apache.commons.math.special.Gamma:regularizedGammaP:(DDDI)D#179#135 prob_bp = 0.50000392933333670000
org.apache.commons.math.special.Gamma:regularizedGammaP:(DD)D#120#5 prob_bp = 0.50000507149207930000
org.apache.commons.math.special.Gamma:regularizedGammaP:(DDDI)D#179#137 prob_bp = 0.50000522173397390000
org.apache.commons.math.special.Gamma:regularizedGammaP:(DD)D#120#7 prob_bp = 0.50000624223388510000
org.apache.commons.math.stat.inference.ChiSquareTestImpl:<init>:()V#39#5 prob_bp = 0.50000662564802260000
org.apache.commons.math.stat.inference.ChiSquareTestImpl:<init>:()V#39#6 prob_bp = 0.50000693086761850000
org.apache.commons.math.distribution.ChiSquaredDistributionImpl:<init>:(DLorg/apache/commons/math/distribution/GammaDistribution;)V#54#4 prob_bp = 0.50000780677082380000
org.apache.commons.math.special.Gamma:regularizedGammaP:(DDDI)D#179#138 prob_bp = 0.50000943854850480000
org.apache.commons.math.distribution.ChiSquaredDistributionImpl:<init>:(D)V#43#2 prob_bp = 0.50001228762873040000
org.apache.commons.math.distribution.ChiSquaredDistributionImpl:<init>:(DLorg/apache/commons/math/distribution/GammaDistribution;)V#54#5 prob_bp = 0.50001337841682960000
org.apache.commons.math.distribution.ChiSquaredDistributionImpl:setGamma:(Lorg/apache/commons/math/distribution/GammaDistribution;)V#180#0 prob_bp = 0.50001479160921780000
org.apache.commons.math.special.Gamma:regularizedGammaQ:(DDDI)D#256#90 prob_bp = 0.50001503629976770000
org.apache.commons.math.special.Gamma:regularizedGammaQ:(DDDI)D#237#55 prob_bp = 0.50001613700552170000
org.apache.commons.math.distribution.ChiSquaredDistributionImpl:setGamma:(Lorg/apache/commons/math/distribution/GammaDistribution;)V#180#1 prob_bp = 0.50001802638293320000
org.apache.commons.math.special.Gamma:regularizedGammaP:(DDDI)D#158#23 prob_bp = 0.50002355367794500000
org.apache.commons.math.distribution.ChiSquaredDistributionImpl:setGamma:(Lorg/apache/commons/math/distribution/GammaDistribution;)V#180#2 prob_bp = 0.50002443855762560000
org.apache.commons.math.distribution.ChiSquaredDistributionImpl:<init>:(DLorg/apache/commons/math/distribution/GammaDistribution;)V#54#6 prob_bp = 0.50002500229723410000
org.apache.commons.math.special.Gamma:regularizedGammaQ:(DDDI)D#256#92 prob_bp = 0.50002632343567450000
org.apache.commons.math.util.ContinuedFraction:evaluate:(DDI)D#138#24 prob_bp = 0.50004071310253460000
org.apache.commons.math.util.ContinuedFraction:evaluate:(DDI)D#138#25 prob_bp = 0.50004215192550180000
org.apache.commons.math.distribution.ChiSquaredDistributionImpl:<init>:(D)V#43#0 prob_bp = 0.50004555870712060000
org.apache.commons.math.util.ContinuedFraction:evaluate:(DDI)D#140#43 prob_bp = 0.50004801055598010000
org.apache.commons.math.util.ContinuedFraction:evaluate:(DDI)D#172#253 prob_bp = 0.50006621225416190000
org.apache.commons.math.util.ContinuedFraction:evaluate:(DDI)D#141#46 prob_bp = 0.50006903779540530000
org.apache.commons.math.util.ContinuedFraction:evaluate:(DDI)D#172#251 prob_bp = 0.50008732306531720000
org.apache.commons.math.distribution.ChiSquaredDistributionImpl:setDegreesOfFreedom:(D)V#63#0 prob_bp = 0.50009481367295450000
org.apache.commons.math.distribution.ChiSquaredDistributionImpl:setDegreesOfFreedom:(D)V#63#1 prob_bp = 0.50015653114318290000
org.apache.commons.math.special.Gamma:regularizedGammaP:(DDDI)D#160#37 prob_bp = 0.50019000556349640000
org.apache.commons.math.util.ContinuedFraction:evaluate:(DDI)D#172#255 prob_bp = 0.50020940058119420000
org.apache.commons.math.distribution.GammaDistributionImpl:<init>:(DD)V#48#5 prob_bp = 0.50021159133876000000
org.apache.commons.math.distribution.GammaDistributionImpl:<init>:(DD)V#48#6 prob_bp = 0.50025954157310950000
org.apache.commons.math.distribution.ChiSquaredDistributionImpl:getGamma:()Lorg/apache/commons/math/distribution/GammaDistribution;#189#0 prob_bp = 0.50028311757666070000
org.apache.commons.math.distribution.ChiSquaredDistributionImpl:<init>:(D)V#43#11 prob_bp = 0.50038880074895490000
org.apache.commons.math.distribution.GammaDistributionImpl:<init>:(DD)V#49#10 prob_bp = 0.50045298609711340000
org.apache.commons.math.distribution.GammaDistributionImpl:<init>:(DD)V#49#11 prob_bp = 0.50054118950704260000
org.apache.commons.math.distribution.ChiSquaredDistributionImpl:getGamma:()Lorg/apache/commons/math/distribution/GammaDistribution;#189#1 prob_bp = 0.50054262364025790000
org.apache.commons.math.distribution.ChiSquaredDistributionImpl:<init>:(D)V#43#14 prob_bp = 0.50059075591812800000
org.apache.commons.math.stat.inference.ChiSquareTestImpl:isNonNegative:([J)Z#372#24 prob_bp = 0.50078788145905270000
org.apache.commons.math.stat.inference.ChiSquareTestImpl:isNonNegative:([J)Z#372#25 prob_bp = 0.50081959967777220000
org.apache.commons.math.distribution.ChiSquaredDistributionImpl:<init>:(D)V#43#1 prob_bp = 0.50100363234045990000
org.apache.commons.math.distribution.ChiSquaredDistributionImpl:<init>:(D)V#43#17 prob_bp = 0.50112894167716830000
org.apache.commons.math.distribution.ChiSquaredDistributionImpl:<init>:(DLorg/apache/commons/math/distribution/GammaDistribution;)V#55#10 prob_bp = 0.50119810305783520000
org.apache.commons.math.special.Gamma:regularizedGammaP:(DDDI)D#162#49 prob_bp = 0.50151366088569780000
org.apache.commons.math.distribution.ChiSquaredDistributionImpl:<init>:(DLorg/apache/commons/math/distribution/GammaDistribution;)V#55#11 prob_bp = 0.50153552246402100000
org.apache.commons.math.distribution.ChiSquaredDistributionImpl:setDegreesOfFreedom:(D)V#63#4 prob_bp = 0.50219247179491780000
org.apache.commons.math.distribution.ChiSquaredDistributionImpl:setDegreesOfFreedom:(D)V#63#5 prob_bp = 0.50332333911663070000
org.apache.commons.math.distribution.ChiSquaredDistributionImpl:setDegreesOfFreedom:(D)V#63#8 prob_bp = 0.50339180705701170000
org.apache.commons.math.distribution.GammaDistributionImpl:setBeta:(D)V#131#0 prob_bp = 0.50415665940453060000
org.apache.commons.math.distribution.GammaDistributionImpl:setBeta:(D)V#131#1 prob_bp = 0.50490752106852900000
org.apache.commons.math.distribution.GammaDistributionImpl:setBeta:(D)V#131#2 prob_bp = 0.50504535019308030000
org.apache.commons.math.special.Gamma:regularizedGammaP:(DDDI)D#162#55 prob_bp = 0.51197108884687850000
org.apache.commons.math.distribution.ChiSquaredDistributionImpl:getGamma:()Lorg/apache/commons/math/distribution/GammaDistribution;#189#4 prob_bp = 0.55139850590679470000
org.apache.commons.math.distribution.GammaDistributionImpl:setAlpha:(D)V#111#0 prob_bp = 0.58502043904802190000
org.apache.commons.math.distribution.GammaDistributionImpl:setAlpha:(D)V#111#1 prob_bp = 0.58703571235913800000
org.apache.commons.math.special.Gamma:regularizedGammaP:(DDDI)D#179#139 prob_bp = 0.58876823679990500000
org.apache.commons.math.distribution.GammaDistributionImpl:setAlpha:(D)V#111#2 prob_bp = 0.59566512266100180000
org.apache.commons.math.distribution.TDistributionImpl:setDegreesOfFreedom:(D)V#54#0 prob_bp = 0.71253424361185120000
org.apache.commons.math.distribution.TDistributionImpl:setDegreesOfFreedom:(D)V#54#1 prob_bp = 0.71349892905484710000
org.apache.commons.math.distribution.TDistributionImpl:setDegreesOfFreedom:(D)V#54#2 prob_bp = 0.71584751581309920000
org.apache.commons.math.distribution.GammaDistributionImpl:setAlpha:(D)V#114#16 prob_bp = 0.76982648476440730000
org.apache.commons.math.distribution.GammaDistributionImpl:setBeta:(D)V#131#3 prob_bp = 0.88100582380761100000
org.apache.commons.math.distribution.ChiSquaredDistributionImpl:setDegreesOfFreedom:(D)V#63#9 prob_bp = 0.96315539116617340000
org.apache.commons.math.distribution.GammaDistributionImpl:setAlpha:(D)V#114#17 prob_bp = 0.96721474572258670000
org.apache.commons.math.distribution.GammaDistributionImpl:setAlpha:(D)V#114#18 prob_bp = 0.99001845130401140000
org.apache.commons.math.distribution.TDistributionImpl:setDegreesOfFreedom:(D)V#54#3 prob_bp = 0.99384326200483460000
org.apache.commons.math.distribution.GammaDistributionImpl:setAlpha:(D)V#111#3 prob_bp = 0.99901796041293510000
org.apache.commons.math.distribution.TDistributionImpl:<init>:(D)V#46#5 prob_bp = 0.99999997959482020000
org.apache.commons.math.stat.descriptive.SummaryStatistics:newInstance:()Lorg/apache/commons/math/stat/descriptive/SummaryStatistics;#85#2 prob_bp = 0.99999999999997920000
org.apache.commons.math.distribution.TDistributionImpl:<init>:(D)V#46#6 prob_bp = 1.00000000000000000000
org.apache.commons.math.stat.inference.ChiSquareTestTest:<init>:(Ljava/lang/String;)V#31#5 prob_bp = 1.00000000000000000000
org.apache.commons.math.stat.inference.ChiSquareTestTest:<init>:(Ljava/lang/String;)V#31#6 prob_bp = 1.00000000000000000000
org.apache.commons.math.stat.inference.ChiSquareTestTest:<init>:(Ljava/lang/String;)V#31#9 prob_bp = 1.00000000000000000000
org.apache.commons.math.stat.inference.ChiSquareTestTest:<init>:(Ljava/lang/String;)V#31#10 prob_bp = 1.00000000000000000000
org.apache.commons.math.stat.inference.ChiSquareTestTest:<init>:(Ljava/lang/String;)V#31#13 prob_bp = 1.00000000000000000000
org.apache.commons.math.stat.inference.ChiSquareTestTest:testChiSquare:()V#53#0 prob_bp = 1.00000000000000000000
org.apache.commons.math.stat.inference.ChiSquareTestTest:testChiSquare:()V#53#1 prob_bp = 1.00000000000000000000
org.apache.commons.math.stat.inference.ChiSquareTestTest:testChiSquare:()V#53#21 prob_bp = 1.00000000000000000000
org.apache.commons.math.stat.inference.ChiSquareTestTest:testChiSquare:()V#54#22 prob_bp = 1.00000000000000000000
org.apache.commons.math.stat.inference.ChiSquareTestTest:testChiSquare:()V#54#23 prob_bp = 1.00000000000000000000
org.apache.commons.math.stat.inference.ChiSquareTestTest:testChiSquare:()V#54#43 prob_bp = 1.00000000000000000000
org.apache.commons.math.stat.inference.ChiSquareTestTest:testChiSquare:()V#55#53 prob_bp = 1.00000000000000000000
org.apache.commons.math.stat.inference.ChiSquareTestTest:testChiSquare:()V#55#54 prob_bp = 1.00000000000000000000
org.apache.commons.math.stat.inference.ChiSquareTestTest:testChiSquare:()V#55#55 prob_bp = 1.00000000000000000000
org.apache.commons.math.stat.inference.ChiSquareTestTest:testChiSquare:()V#56#71 prob_bp = 1.00000000000000000000
org.apache.commons.math.stat.inference.ChiSquareTestTest:testChiSquare:()V#56#72 prob_bp = 1.00000000000000000000
org.apache.commons.math.stat.inference.ChiSquareTestTest:testChiSquare:()V#56#75 prob_bp = 1.00000000000000000000
org.apache.commons.math.stat.inference.ChiSquareTestTest:testChiSquare:()V#56#76 prob_bp = 1.00000000000000000000
org.apache.commons.math.stat.inference.ChiSquareTestTest:testChiSquare:()V#56#77 prob_bp = 1.00000000000000000000
org.apache.commons.math.stat.inference.ChiSquareTestTest:testChiSquare:()V#58#88 prob_bp = 1.00000000000000000000
org.apache.commons.math.stat.inference.ChiSquareTestTest:testChiSquare:()V#58#89 prob_bp = 1.00000000000000000000
org.apache.commons.math.stat.inference.ChiSquareTestTest:testChiSquare:()V#58#121 prob_bp = 1.00000000000000000000
org.apache.commons.math.stat.inference.ChiSquareTestTest:testChiSquare:()V#59#122 prob_bp = 1.00000000000000000000
org.apache.commons.math.stat.inference.ChiSquareTestTest:testChiSquare:()V#59#123 prob_bp = 1.00000000000000000000
org.apache.commons.math.stat.inference.ChiSquareTestTest:testChiSquare:()V#59#155 prob_bp = 1.00000000000000000000
org.apache.commons.math.stat.inference.ChiSquareTestTest:testChiSquare:()V#60#157 prob_bp = 1.00000000000000000000
org.apache.commons.math.stat.inference.ChiSquareTestTest:testChiSquare:()V#60#159 prob_bp = 1.00000000000000000000
org.apache.commons.math.stat.inference.ChiSquareTestTest:testChiSquare:()V#60#166 prob_bp = 1.00000000000000000000
org.apache.commons.math.stat.inference.ChiSquareTestTest:testChiSquare:()V#60#168 prob_bp = 1.00000000000000000000
org.apache.commons.math.stat.inference.ChiSquareTestTest:testChiSquare:()V#60#169 prob_bp = 1.00000000000000000000
org.apache.commons.math.stat.inference.ChiSquareTestTest:testChiSquare:()V#60#174 prob_bp = 1.00000000000000000000
org.apache.commons.math.stat.inference.ChiSquareTestTest:testChiSquare:()V#60#177 prob_bp = 1.00000000000000000000
org.apache.commons.math.stat.inference.ChiSquareFactoryTest:setUp:()V#35#4 prob_bp = 1.00000000000000000000
org.apache.commons.math.stat.inference.ChiSquareFactoryTest:setUp:()V#35#8 prob_bp = 1.00000000000000000000
org.apache.commons.math.stat.inference.ChiSquareTestTest:testChiSquareLargeTestStatistic:()V#171#0 prob_bp = 1.00000000000000000000
org.apache.commons.math.stat.inference.ChiSquareTestTest:testChiSquareLargeTestStatistic:()V#171#2 prob_bp = 1.00000000000000000000
org.apache.commons.math.stat.inference.ChiSquareTestTest:testChiSquareLargeTestStatistic:()V#171#54 prob_bp = 1.00000000000000000000
org.apache.commons.math.stat.inference.ChiSquareTestTest:testChiSquareLargeTestStatistic:()V#176#55 prob_bp = 1.00000000000000000000
org.apache.commons.math.stat.inference.ChiSquareTestTest:testChiSquareLargeTestStatistic:()V#176#57 prob_bp = 1.00000000000000000000
org.apache.commons.math.stat.inference.ChiSquareTestTest:testChiSquareLargeTestStatistic:()V#176#109 prob_bp = 1.00000000000000000000
org.apache.commons.math.stat.inference.ChiSquareTestTest:testChiSquareLargeTestStatistic:()V#179#110 prob_bp = 1.00000000000000000000
org.apache.commons.math.stat.inference.ChiSquareTestTest:testChiSquareLargeTestStatistic:()V#179#113 prob_bp = 1.00000000000000000000
org.apache.commons.math.stat.inference.ChiSquareTestTest:testChiSquareLargeTestStatistic:()V#179#114 prob_bp = 1.00000000000000000000
org.apache.commons.math.stat.inference.ChiSquareTestTest:testChiSquareLargeTestStatistic:()V#179#117 prob_bp = 1.00000000000000000000
org.apache.commons.math.stat.inference.ChiSquareTestTest:testChiSquareLargeTestStatistic:()V#181#118 prob_bp = 1.00000000000000000000
org.apache.commons.math.stat.inference.ChiSquareTestTest:testChiSquareLargeTestStatistic:()V#181#119 prob_bp = 1.00000000000000000000
org.apache.commons.math.stat.inference.ChiSquareTestTest:testChiSquareLargeTestStatistic:()V#181#120 prob_bp = 1.00000000000000000000
org.apache.commons.math.stat.inference.ChiSquareTestTest:testChiSquareLargeTestStatistic:()V#181#121 prob_bp = 1.00000000000000000000
org.apache.commons.math.stat.inference.ChiSquareTestTest:testChiSquareLargeTestStatistic:()V#183#137 prob_bp = 1.00000000000000000000
org.apache.commons.math.stat.inference.ChiSquareTestTest:testChiSquareLargeTestStatistic:()V#183#139 prob_bp = 1.00000000000000000000
org.apache.commons.math.stat.inference.ChiSquareTestTest:testChiSquareLargeTestStatistic:()V#183#146 prob_bp = 1.00000000000000000000
org.apache.commons.math.stat.inference.ChiSquareTestTest:testChiSquareLargeTestStatistic:()V#183#147 prob_bp = 1.00000000000000000000
org.apache.commons.math.stat.inference.ChiSquareTestTest:testChiSquareLargeTestStatistic:()V#183#148 prob_bp = 1.00000000000000000000
org.apache.commons.math.stat.inference.ChiSquareTestTest:testChiSquareLargeTestStatistic:()V#183#153 prob_bp = 1.00000000000000000000
org.apache.commons.math.stat.inference.ChiSquareTestTest:testChiSquareLargeTestStatistic:()V#183#156 prob_bp = 1.00000000000000000000
Belief propagation time : 15.785000s
