Belief propagation time: 100

Probabilities: 
Vars:37124
Stmts:6473
org.apache.commons.lang.text.StrBuilder:deleteAll:(Ljava/lang/String;)Lorg/apache/commons/lang/text/StrBuilder;#1188#34 prob_bp = 0.48377528113297685000
org.apache.commons.lang.text.StrBuilder:deleteAll:(Ljava/lang/String;)Lorg/apache/commons/lang/text/StrBuilder;#1188#28 prob_bp = 0.48522042085380590000
org.apache.commons.lang.text.StrBuilder:deleteImpl:(III)V#1114#0 prob_bp = 0.49541036275971906000
org.apache.commons.lang.text.StrBuilder:deleteImpl:(III)V#1114#5 prob_bp = 0.49541036275971906000
org.apache.commons.lang.text.StrBuilder:deleteImpl:(III)V#1114#10 prob_bp = 0.49541036275971906000
org.apache.commons.lang.text.StrBuilder:deleteImpl:(III)V#1114#9 prob_bp = 0.49855471393194495000
org.apache.commons.lang.text.StrBuilder:deleteImpl:(III)V#1114#4 prob_bp = 0.49893150750152570000
org.apache.commons.lang.text.StrBuilder:deleteImpl:(III)V#1114#14 prob_bp = 0.49893150750152570000
org.apache.commons.lang.text.StrBuilder:indexOf:(Ljava/lang/String;I)I#1784#121 prob_bp = 0.49979143709869067000
org.apache.commons.lang.text.StrBuilder:deleteAll:(Ljava/lang/String;)Lorg/apache/commons/lang/text/StrBuilder;#1187#25 prob_bp = 0.49982629890054890000
org.apache.commons.lang.text.StrBuilder:deleteAll:(Ljava/lang/String;)Lorg/apache/commons/lang/text/StrBuilder;#1188#29 prob_bp = 0.49992851313759046000
org.apache.commons.lang.text.StrBuilder:indexOf:(Ljava/lang/String;I)I#1784#119 prob_bp = 0.49994861223965004000
org.apache.commons.lang.text.StrBuilder:deleteAll:(Ljava/lang/String;)Lorg/apache/commons/lang/text/StrBuilder;#1187#24 prob_bp = 0.49995737993643440000
org.apache.commons.lang.text.StrBuilder:deleteAll:(Ljava/lang/String;)Lorg/apache/commons/lang/text/StrBuilder;#1189#43 prob_bp = 0.49997129200143700000
org.apache.commons.lang.text.StrBuilder:indexOf:(Ljava/lang/String;I)I#1778#122 prob_bp = 0.49998559214904010000
org.apache.commons.lang.text.StrBuilder:deleteAll:(Ljava/lang/String;)Lorg/apache/commons/lang/text/StrBuilder;#1188#32 prob_bp = 0.49999356303930353000
org.apache.commons.lang.text.StrBuilder:deleteAll:(Ljava/lang/String;)Lorg/apache/commons/lang/text/StrBuilder;#1188#31 prob_bp = 0.49999480530695740000
org.apache.commons.lang.text.StrBuilder:deleteAll:(Ljava/lang/String;)Lorg/apache/commons/lang/text/StrBuilder;#1184#12 prob_bp = 0.49999512032107730000
org.apache.commons.lang.text.StrBuilder:deleteAll:(Ljava/lang/String;)Lorg/apache/commons/lang/text/StrBuilder;#1188#30 prob_bp = 0.49999855129037170000
org.apache.commons.lang.text.StrBuilder:indexOf:(Ljava/lang/String;I)I#1778#75 prob_bp = 0.49999952232150735000
org.apache.commons.lang.text.StrBuilder:indexOf:(Ljava/lang/String;I)I#1778#74 prob_bp = 0.49999988017463660000
org.apache.commons.lang.text.StrBuilder:indexOf:(Ljava/lang/String;)I#1747#2 prob_bp = 0.49999999677889210000
org.apache.commons.lang.text.StrBuilder:deleteAll:(Ljava/lang/String;)Lorg/apache/commons/lang/text/StrBuilder;#1189#40 prob_bp = 0.49999999835266150000
org.apache.commons.lang.text.StrBuilder:deleteAll:(Ljava/lang/String;)Lorg/apache/commons/lang/text/StrBuilder;#1189#39 prob_bp = 0.49999999959166890000
org.apache.commons.lang.text.StrBuilder:deleteAll:(Ljava/lang/String;)Lorg/apache/commons/lang/text/StrBuilder;#1189#38 prob_bp = 0.49999999999844330000
org.apache.commons.lang.text.StrBuilder:deleteAll:(Ljava/lang/String;)Lorg/apache/commons/lang/text/StrBuilder;#1189#37 prob_bp = 0.49999999999995987000
org.apache.commons.lang.text.StrBuilder:indexOf:(Ljava/lang/String;I)I#1772#52 prob_bp = 0.49999999999996150000
org.apache.commons.lang.text.StrBuilder:deleteFirst:(Ljava/lang/String;)Lorg/apache/commons/lang/text/StrBuilder;#1205#25 prob_bp = 0.49999999999999994000
org.apache.commons.lang.text.StrBuilder:deleteFirst:(Ljava/lang/String;)Lorg/apache/commons/lang/text/StrBuilder;#1204#23 prob_bp = 0.50000000000000000000
org.apache.commons.lang.text.StrBuilder:deleteFirst:(Ljava/lang/String;)Lorg/apache/commons/lang/text/StrBuilder;#1206#28 prob_bp = 0.50000000000000000000
org.apache.commons.lang.text.StrBuilder:deleteFirst:(Ljava/lang/String;)Lorg/apache/commons/lang/text/StrBuilder;#1206#33 prob_bp = 0.50000000000000000000
org.apache.commons.lang.text.StrBuilder:deleteFirst:(Ljava/lang/String;)Lorg/apache/commons/lang/text/StrBuilder;#1206#34 prob_bp = 0.50000000000000000000
org.apache.commons.lang.text.StrBuilder:deleteImpl:(III)V#1114#15 prob_bp = 0.50000000000000000000
org.apache.commons.lang.text.StrBuilder:deleteImpl:(III)V#1114#16 prob_bp = 0.50000000000000000000
org.apache.commons.lang.text.StrBuilder:deleteAll:(Ljava/lang/String;)Lorg/apache/commons/lang/text/StrBuilder;#1186#23 prob_bp = 0.50000000000000000000
org.apache.commons.lang.text.StrBuilder:deleteFirst:(Ljava/lang/String;)Lorg/apache/commons/lang/text/StrBuilder;#1205#24 prob_bp = 0.50000000000000010000
org.apache.commons.lang.text.StrBuilder:deleteAll:(Ljava/lang/String;)Lorg/apache/commons/lang/text/StrBuilder;#1188#33 prob_bp = 0.50000000000000010000
org.apache.commons.lang.text.StrBuilder:deleteImpl:(III)V#1114#1 prob_bp = 0.50000000000000020000
org.apache.commons.lang.text.StrBuilder:deleteImpl:(III)V#1114#6 prob_bp = 0.50000000000000020000
org.apache.commons.lang.text.StrBuilder:deleteImpl:(III)V#1114#11 prob_bp = 0.50000000000000030000
org.apache.commons.lang.text.StrBuilder:indexOf:(Ljava/lang/String;I)I#1772#53 prob_bp = 0.50000000000000130000
org.apache.commons.lang.text.StrBuilder:indexOf:(Ljava/lang/String;I)I#1780#101 prob_bp = 0.50000000000000920000
org.apache.commons.lang.text.StrBuilder:indexOf:(Ljava/lang/String;I)I#1769#45 prob_bp = 0.50000000000001550000
org.apache.commons.lang.text.StrBuilder:indexOf:(Ljava/lang/String;I)I#1780#103 prob_bp = 0.50000000000001940000
org.apache.commons.lang.text.StrBuilder:indexOf:(Ljava/lang/String;I)I#1780#105 prob_bp = 0.50000000000003460000
org.apache.commons.lang.text.StrBuilder:indexOf:(Ljava/lang/String;I)I#1769#46 prob_bp = 0.50000000000006510000
org.apache.commons.lang.text.StrBuilder:indexOf:(Ljava/lang/String;I)I#1775#61 prob_bp = 0.50000000000013200000
org.apache.commons.lang.text.StrBuilder:indexOf:(Ljava/lang/String;I)I#1775#62 prob_bp = 0.50000000000035690000
org.apache.commons.lang.text.StrBuilder:indexOf:(Ljava/lang/String;I)I#1780#93 prob_bp = 0.50000000000089410000
org.apache.commons.lang.text.StrBuilder:indexOf:(Ljava/lang/String;I)I#1780#99 prob_bp = 0.50000000000112320000
org.apache.commons.lang.text.StrBuilder:indexOf:(Ljava/lang/String;I)I#1780#94 prob_bp = 0.50000000000117110000
org.apache.commons.lang.text.StrBuilder:indexOf:(Ljava/lang/String;I)I#1780#96 prob_bp = 0.50000000000209890000
org.apache.commons.lang.text.StrBuilder:indexOf:(Ljava/lang/String;I)I#1772#51 prob_bp = 0.50000000000381550000
org.apache.commons.lang.text.StrBuilder:indexOf:(Ljava/lang/String;I)I#1780#106 prob_bp = 0.50000000000484070000
org.apache.commons.lang.text.StrBuilder:indexOf:(Ljava/lang/String;)I#1747#0 prob_bp = 0.50000000001211760000
org.apache.commons.lang.text.StrBuilder:indexOf:(Ljava/lang/String;I)I#1772#56 prob_bp = 0.50000000001610720000
org.apache.commons.lang.text.StrBuilder:indexOf:(Ljava/lang/String;I)I#1775#65 prob_bp = 0.50000000005344270000
org.apache.commons.lang.text.StrBuilder:indexOf:(Ljava/lang/String;I)I#1776#67 prob_bp = 0.50000000026679950000
org.apache.commons.lang.text.StrBuilder:indexOf:(Ljava/lang/String;I)I#1766#29 prob_bp = 0.50000000031104060000
org.apache.commons.lang.text.StrBuilder:indexOf:(Ljava/lang/String;I)I#1776#70 prob_bp = 0.50000000109029020000
org.apache.commons.lang.text.StrBuilder:indexOf:(Ljava/lang/String;I)I#1776#69 prob_bp = 0.50000000112963530000
org.apache.commons.lang.text.StrBuilder:indexOf:(Ljava/lang/String;I)I#1766#30 prob_bp = 0.50000000126522000000
org.apache.commons.lang.text.StrBuilder:indexOf:(Ljava/lang/String;I)I#1766#31 prob_bp = 0.50000000131633760000
org.apache.commons.lang.text.StrBuilder:indexOf:(Ljava/lang/String;I)I#1780#107 prob_bp = 0.50000000149613280000
org.apache.commons.lang.text.StrBuilder:indexOf:(Ljava/lang/String;I)I#1776#71 prob_bp = 0.50000000461571880000
org.apache.commons.lang.text.StrBuilder:deleteImpl:(III)V#1115#20 prob_bp = 0.50000000823812970000
org.apache.commons.lang.text.StrBuilder:deleteImpl:(III)V#1115#21 prob_bp = 0.50000000944353370000
org.apache.commons.lang.text.StrBuilder:indexOf:(Ljava/lang/String;I)I#1765#24 prob_bp = 0.50000001284354620000
org.apache.commons.lang.text.StrBuilder:indexOf:(Ljava/lang/String;I)I#1761#0 prob_bp = 0.50000002379181490000
org.apache.commons.lang.text.StrBuilder:indexOf:(Ljava/lang/String;I)I#1765#25 prob_bp = 0.50000003108264580000
org.apache.commons.lang.text.StrBuilder:indexOf:(Ljava/lang/String;I)I#1761#1 prob_bp = 0.50000003718395970000
org.apache.commons.lang.text.StrBuilder:deleteFirst:(Ljava/lang/String;)Lorg/apache/commons/lang/text/StrBuilder;#1202#12 prob_bp = 0.50000003874079470000
org.apache.commons.lang.text.StrBuilder:deleteFirst:(Ljava/lang/String;)Lorg/apache/commons/lang/text/StrBuilder;#1203#13 prob_bp = 0.50000009678548800000
org.apache.commons.lang.text.StrBuilder:deleteAll:(Ljava/lang/String;)Lorg/apache/commons/lang/text/StrBuilder;#1185#13 prob_bp = 0.50000009681201970000
org.apache.commons.lang.text.StrBuilder:deleteAll:(Ljava/lang/String;)Lorg/apache/commons/lang/text/StrBuilder;#1185#14 prob_bp = 0.50000021405790510000
org.apache.commons.lang.text.StrBuilder:deleteFirst:(Ljava/lang/String;)Lorg/apache/commons/lang/text/StrBuilder;#1203#14 prob_bp = 0.50000021406843010000
org.apache.commons.lang.text.StrBuilder:deleteImpl:(III)V#1115#24 prob_bp = 0.50000022396193040000
org.apache.commons.lang.text.StrBuilder:deleteImpl:(III)V#1115#25 prob_bp = 0.50000024142738710000
org.apache.commons.lang.text.StrBuilder:deleteAll:(Ljava/lang/String;)Lorg/apache/commons/lang/text/StrBuilder;#1186#18 prob_bp = 0.50000024730408020000
org.apache.commons.lang.text.StrBuilder:deleteFirst:(Ljava/lang/String;)Lorg/apache/commons/lang/text/StrBuilder;#1204#18 prob_bp = 0.50000025451145140000
org.apache.commons.lang.text.StrBuilder:indexOf:(Ljava/lang/String;I)I#1776#72 prob_bp = 0.50000108038767290000
org.apache.commons.lang.text.StrBuilder:indexOf:(Ljava/lang/String;I)I#1765#28 prob_bp = 0.50000110792045490000
org.apache.commons.lang.text.StrBuilder:indexOf:(Ljava/lang/String;I)I#1779#84 prob_bp = 0.50000151722638230000
org.apache.commons.lang.text.StrBuilder:indexOf:(Ljava/lang/String;I)I#1779#85 prob_bp = 0.50000157852559590000
org.apache.commons.lang.text.StrBuilder:deleteAll:(Ljava/lang/String;)Lorg/apache/commons/lang/text/StrBuilder;#1186#19 prob_bp = 0.50000210226407980000
org.apache.commons.lang.text.StrBuilder:deleteFirst:(Ljava/lang/String;)Lorg/apache/commons/lang/text/StrBuilder;#1204#19 prob_bp = 0.50000210226705670000
org.apache.commons.lang.text.StrBuilder:<init>:(Ljava/lang/String;)V#126#32 prob_bp = 0.50000264056356940000
org.apache.commons.lang.text.StrBuilder:deleteImpl:(III)V#1115#19 prob_bp = 0.50000338055168820000
org.apache.commons.lang.text.StrBuilder:deleteImpl:(III)V#1115#26 prob_bp = 0.50000363594521780000
org.apache.commons.lang.text.StrBuilder:indexOf:(Ljava/lang/String;I)I#1779#113 prob_bp = 0.50000463515739720000
org.apache.commons.lang.text.StrBuilder:indexOf:(Ljava/lang/String;I)I#1761#8 prob_bp = 0.50000534539876040000
org.apache.commons.lang.text.StrBuilder:indexOf:(Ljava/lang/String;I)I#1778#79 prob_bp = 0.50000542679175830000
org.apache.commons.lang.text.StrBuilder:indexOf:(Ljava/lang/String;I)I#1779#89 prob_bp = 0.50000545730791280000
org.apache.commons.lang.text.StrBuilder:indexOf:(Ljava/lang/String;I)I#1778#77 prob_bp = 0.50000569045291540000
org.apache.commons.lang.text.StrBuilder:append:(Ljava/lang/String;)Lorg/apache/commons/lang/text/StrBuilder;#477#43 prob_bp = 0.50000615947562870000
org.apache.commons.lang.text.StrBuilder:indexOf:(Ljava/lang/String;I)I#1779#87 prob_bp = 0.50000682696085540000
org.apache.commons.lang.text.StrBuilder:deleteAll:(Ljava/lang/String;)Lorg/apache/commons/lang/text/StrBuilder;#1186#17 prob_bp = 0.50000697713799600000
org.apache.commons.lang.text.StrBuilder:deleteFirst:(Ljava/lang/String;)Lorg/apache/commons/lang/text/StrBuilder;#1204#17 prob_bp = 0.50000697713812570000
org.apache.commons.lang.text.StrBuilder:append:(Ljava/lang/String;)Lorg/apache/commons/lang/text/StrBuilder;#477#44 prob_bp = 0.50000717053930880000
org.apache.commons.lang.text.StrBuilder:indexOf:(Ljava/lang/String;I)I#1761#9 prob_bp = 0.50000908114976020000
org.apache.commons.lang.text.StrBuilder:deleteAll:(Ljava/lang/String;)Lorg/apache/commons/lang/text/StrBuilder;#1186#20 prob_bp = 0.50000970004757770000
org.apache.commons.lang.text.StrBuilder:deleteFirst:(Ljava/lang/String;)Lorg/apache/commons/lang/text/StrBuilder;#1204#20 prob_bp = 0.50000970837942930000
org.apache.commons.lang.text.StrBuilder:indexOf:(Ljava/lang/String;I)I#1762#15 prob_bp = 0.50002068657083040000
org.apache.commons.lang.text.StrBuilder:indexOf:(Ljava/lang/String;I)I#1778#81 prob_bp = 0.50002298653328780000
org.apache.commons.lang.text.StrBuilder:indexOf:(Ljava/lang/String;I)I#1779#90 prob_bp = 0.50002303013237450000
org.apache.commons.lang.text.StrBuilder:indexOf:(Ljava/lang/String;I)I#1762#14 prob_bp = 0.50002415860935250000
org.apache.commons.lang.text.StrBuilder:indexOf:(Ljava/lang/String;I)I#1762#16 prob_bp = 0.50003176592741330000
org.apache.commons.lang.text.StrBuilder:indexOf:(Ljava/lang/String;I)I#1762#19 prob_bp = 0.50008448875733120000
org.apache.commons.lang.text.StrBuilder:append:(Ljava/lang/String;)Lorg/apache/commons/lang/text/StrBuilder;#477#47 prob_bp = 0.50021512684652850000
org.apache.commons.lang.text.StrBuilder:indexOf:(Ljava/lang/String;)I#1747#1 prob_bp = 0.50028188353854940000
org.apache.commons.lang.text.StrBuilder:append:(Ljava/lang/String;)Lorg/apache/commons/lang/text/StrBuilder;#477#48 prob_bp = 0.50028599527249610000
org.apache.commons.lang.text.StrBuilder:indexOf:(Ljava/lang/String;)I#1747#3 prob_bp = 0.50036174686292020000
org.apache.commons.lang.text.StrBuilder:append:(Ljava/lang/String;)Lorg/apache/commons/lang/text/StrBuilder;#472#9 prob_bp = 0.50126996655240810000
org.apache.commons.lang.text.StrBuilder:append:(Ljava/lang/String;)Lorg/apache/commons/lang/text/StrBuilder;#473#14 prob_bp = 0.50127922453959520000
org.apache.commons.lang.text.StrBuilder:append:(Ljava/lang/String;)Lorg/apache/commons/lang/text/StrBuilder;#472#10 prob_bp = 0.50129787319853380000
org.apache.commons.lang.text.StrBuilder:append:(Ljava/lang/String;)Lorg/apache/commons/lang/text/StrBuilder;#472#13 prob_bp = 0.50136139011762950000
org.apache.commons.lang.text.StrBuilder:append:(Ljava/lang/String;)Lorg/apache/commons/lang/text/StrBuilder;#473#15 prob_bp = 0.50150387629344300000
org.apache.commons.lang.text.StrBuilder:indexOf:(Ljava/lang/String;I)I#1762#10 prob_bp = 0.50645625824049590000
org.apache.commons.lang.text.StrBuilder:indexOf:(Ljava/lang/String;I)I#1762#11 prob_bp = 0.51018930263636900000
org.apache.commons.lang.text.StrBuilder:append:(Ljava/lang/String;)Lorg/apache/commons/lang/text/StrBuilder;#477#42 prob_bp = 0.52071848283033170000
org.apache.commons.lang.text.StrBuilder:append:(Ljava/lang/String;)Lorg/apache/commons/lang/text/StrBuilder;#477#49 prob_bp = 0.52558797827020750000
org.apache.commons.lang.text.StrBuilder:deleteAll:(Ljava/lang/String;)Lorg/apache/commons/lang/text/StrBuilder;#1184#0 prob_bp = 0.59100045038068190000
org.apache.commons.lang.text.StrBuilder:deleteFirst:(Ljava/lang/String;)Lorg/apache/commons/lang/text/StrBuilder;#1202#0 prob_bp = 0.59100289241384720000
org.apache.commons.lang.text.StrBuilder:deleteAll:(Ljava/lang/String;)Lorg/apache/commons/lang/text/StrBuilder;#1184#1 prob_bp = 0.59283886919610050000
org.apache.commons.lang.text.StrBuilder:deleteFirst:(Ljava/lang/String;)Lorg/apache/commons/lang/text/StrBuilder;#1202#1 prob_bp = 0.59284133487413250000
org.apache.commons.lang.text.StrBuilder:deleteAll:(Ljava/lang/String;)Lorg/apache/commons/lang/text/StrBuilder;#1184#8 prob_bp = 0.87140705680586140000
org.apache.commons.lang.text.StrBuilder:deleteFirst:(Ljava/lang/String;)Lorg/apache/commons/lang/text/StrBuilder;#1202#8 prob_bp = 0.87140906410642020000
org.apache.commons.lang.text.StrBuilder:deleteAll:(Ljava/lang/String;)Lorg/apache/commons/lang/text/StrBuilder;#1184#9 prob_bp = 0.87988265674360930000
org.apache.commons.lang.text.StrBuilder:deleteFirst:(Ljava/lang/String;)Lorg/apache/commons/lang/text/StrBuilder;#1202#9 prob_bp = 0.87988459331810180000
org.apache.commons.lang.text.StrBuilder:indexOf:(Ljava/lang/String;)I#1747#6 prob_bp = 0.98992613480996380000
org.apache.commons.lang.text.StrBuilder:<init>:(Ljava/lang/String;)V#126#33 prob_bp = 0.99999964005026330000
org.apache.commons.lang.text.StrBuilder:<init>:(Ljava/lang/String;)V#126#34 prob_bp = 0.99999970814883810000
org.apache.commons.lang.text.StrBuilder:<init>:(Ljava/lang/String;)V#122#4 prob_bp = 0.99999972177972260000
org.apache.commons.lang.text.StrBuilder:<init>:(Ljava/lang/String;)V#122#5 prob_bp = 0.99999977542544490000
org.apache.commons.lang.text.StrBuilder:append:(Ljava/lang/String;)Lorg/apache/commons/lang/text/StrBuilder;#469#0 prob_bp = 0.99999999047087610000
org.apache.commons.lang.text.StrBuilder:append:(Ljava/lang/String;)Lorg/apache/commons/lang/text/StrBuilder;#469#1 prob_bp = 0.99999999325335080000
org.apache.commons.lang.text.StrBuilder:<init>:(Ljava/lang/String;)V#125#20 prob_bp = 0.99999999852535030000
org.apache.commons.lang.text.StrBuilder:<init>:(Ljava/lang/String;)V#125#21 prob_bp = 0.99999999953019870000
org.apache.commons.lang.text.StrBuilder:<init>:(Ljava/lang/String;)V#125#24 prob_bp = 0.99999999972855970000
org.apache.commons.lang.text.StrBuilder:<init>:(Ljava/lang/String;)V#125#26 prob_bp = 0.99999999993404840000
org.apache.commons.lang.text.StrBuilder:<init>:(Ljava/lang/String;)V#125#27 prob_bp = 0.99999999999482030000
org.apache.commons.lang.text.StrBuilder:<init>:(Ljava/lang/String;)V#125#19 prob_bp = 0.99999999999803460000
org.apache.commons.lang.text.StrBuilder:<init>:(Ljava/lang/String;)V#125#29 prob_bp = 0.99999999999985900000
org.apache.commons.lang.text.StrBuilderTest:testIndexOfLang294:()V#1739#0 prob_bp = 1.00000000000000000000
org.apache.commons.lang.text.StrBuilderTest:testIndexOfLang294:()V#1739#3 prob_bp = 1.00000000000000000000
org.apache.commons.lang.text.StrBuilderTest:testIndexOfLang294:()V#1739#4 prob_bp = 1.00000000000000000000
org.apache.commons.lang.text.StrBuilderTest:testIndexOfLang294:()V#1739#7 prob_bp = 1.00000000000000000000
org.apache.commons.lang.text.StrBuilderTest:testIndexOfLang294:()V#1739#10 prob_bp = 1.00000000000000000000
org.apache.commons.lang.text.StrBuilderTest:testIndexOfLang294:()V#1740#11 prob_bp = 1.00000000000000000000
org.apache.commons.lang.text.StrBuilderTest:testIndexOfLang294:()V#1740#12 prob_bp = 1.00000000000000000000
org.apache.commons.lang.text.StrBuilderTest:testIndexOfLang294:()V#1740#15 prob_bp = 1.00000000000000000000
org.apache.commons.lang.text.StrBuilderTest:testIndexOfLang294:()V#1741#19 prob_bp = 1.00000000000000000000
org.apache.commons.lang.text.StrBuilderTest:testIndexOfLang294:()V#1741#20 prob_bp = 1.00000000000000000000
org.apache.commons.lang.text.StrBuilderTest:testIndexOfLang294:()V#1741#21 prob_bp = 1.00000000000000000000
org.apache.commons.lang.text.StrBuilderTest:testIndexOfLang294:()V#1741#24 prob_bp = 1.00000000000000000000
org.apache.commons.lang.text.StrBuilderTest:testIndexOfLang294:()V#1741#27 prob_bp = 1.00000000000000000000
org.apache.commons.lang.text.StrBuilderTest:testLang294:()V#1733#0 prob_bp = 1.00000000000000000000
org.apache.commons.lang.text.StrBuilderTest:testLang294:()V#1733#3 prob_bp = 1.00000000000000000000
org.apache.commons.lang.text.StrBuilderTest:testLang294:()V#1733#4 prob_bp = 1.00000000000000000000
org.apache.commons.lang.text.StrBuilderTest:testLang294:()V#1733#7 prob_bp = 1.00000000000000000000
org.apache.commons.lang.text.StrBuilderTest:testLang294:()V#1733#10 prob_bp = 1.00000000000000000000
org.apache.commons.lang.text.StrBuilderTest:testLang294:()V#1734#11 prob_bp = 1.00000000000000000000
org.apache.commons.lang.text.StrBuilderTest:testLang294:()V#1734#12 prob_bp = 1.00000000000000000000
org.apache.commons.lang.text.StrBuilderTest:testLang294:()V#1734#15 prob_bp = 1.00000000000000000000
Belief propagation time : 13.834000s
