Belief propagation time: 42

Probabilities: 
Vars:107531
Stmts:746
org.apache.commons.lang3.RandomStringUtils:random:(IIIZZ[CLjava/util/Random;)Ljava/lang/String;#248#111 prob_bp = 0.38422069212156135000
org.apache.commons.lang3.RandomStringUtils:random:(IIIZZ[CLjava/util/Random;)Ljava/lang/String;#248#109 prob_bp = 0.38644119743847940000
org.apache.commons.lang3.RandomStringUtils:random:(IIIZZ[CLjava/util/Random;)Ljava/lang/String;#245#91 prob_bp = 0.47836825795288820000
org.apache.commons.lang3.RandomStringUtils:random:(IIIZZ[CLjava/util/Random;)Ljava/lang/String;#245#89 prob_bp = 0.47920439772431944000
org.apache.commons.lang3.RandomStringUtils:random:(I[C)Ljava/lang/String;#321#27 prob_bp = 0.49564501832098096000
org.apache.commons.lang3.RandomStringUtils:random:(IIIZZ[CLjava/util/Random;)Ljava/lang/String;#243#86 prob_bp = 0.49684392735275860000
org.apache.commons.lang3.RandomStringUtils:random:(IIIZZ[CLjava/util/Random;)Ljava/lang/String;#243#82 prob_bp = 0.49695635404469424000
org.apache.commons.lang3.RandomStringUtils:random:(I[C)Ljava/lang/String;#321#24 prob_bp = 0.49698642563741796000
org.apache.commons.lang3.RandomStringUtils:<clinit>:()V#43#7 prob_bp = 0.49704610037727750000
org.apache.commons.lang3.RandomStringUtils:random:(IIIZZ[CLjava/util/Random;)Ljava/lang/String;#248#118 prob_bp = 0.49727852913797290000
org.apache.commons.lang3.RandomStringUtils:random:(IIIZZ[CLjava/util/Random;)Ljava/lang/String;#248#113 prob_bp = 0.49773963602371630000
org.apache.commons.lang3.RandomStringUtils:random:(IIIZZ[CLjava/util/Random;)Ljava/lang/String;#231#44#unexe#1 prob_bp = 0.49908157686715820000
org.apache.commons.lang3.RandomStringUtils:random:(I[C)Ljava/lang/String;#321#23 prob_bp = 0.49918664736367546000
org.apache.commons.lang3.RandomStringUtils:random:(IIIZZ[CLjava/util/Random;)Ljava/lang/String;#231#48#unexe#1 prob_bp = 0.49953941625121345000
org.apache.commons.lang3.RandomStringUtils:random:(IIIZZ[CLjava/util/Random;)Ljava/lang/String;#241#80 prob_bp = 0.49953972419425324000
org.apache.commons.lang3.RandomStringUtils:random:(IIIZZ[CLjava/util/Random;)Ljava/lang/String;#232#52#unexe#1 prob_bp = 0.49965561804493547000
org.apache.commons.lang3.RandomStringUtils:random:(IIIZZ[CLjava/util/Random;)Ljava/lang/String;#232#57#unexe#1 prob_bp = 0.49968522124037607000
org.apache.commons.lang3.RandomStringUtils:random:(I[C)Ljava/lang/String;#318#1 prob_bp = 0.49990969882440567000
org.apache.commons.lang3.RandomStringUtils:random:(I[C)Ljava/lang/String;#318#0 prob_bp = 0.49993019512226333000
org.apache.commons.lang3.RandomStringUtils:random:(IIIZZ[CLjava/util/Random;)Ljava/lang/String;#231#44 prob_bp = 0.49995936756001370000
org.apache.commons.lang3.RandomStringUtils:random:(IIIZZ[CLjava/util/Random;)Ljava/lang/String;#231#43 prob_bp = 0.49996180354200814000
org.apache.commons.lang3.RandomStringUtils:random:(I[C)Ljava/lang/String;#321#18 prob_bp = 0.49996988773626017000
org.apache.commons.lang3.RandomStringUtils:random:(IIIZZ[CLjava/util/Random;)Ljava/lang/String;#231#48 prob_bp = 0.49997362835197280000
org.apache.commons.lang3.RandomStringUtils:random:(IIIZZ[CLjava/util/Random;)Ljava/lang/String;#231#47 prob_bp = 0.49997489418984770000
org.apache.commons.lang3.RandomStringUtils:random:(IIIZZ[CLjava/util/Random;)Ljava/lang/String;#232#52 prob_bp = 0.49997696462235270000
org.apache.commons.lang3.RandomStringUtils:random:(IIIZZ[CLjava/util/Random;)Ljava/lang/String;#232#51 prob_bp = 0.49997792055115126000
org.apache.commons.lang3.RandomStringUtils:random:(IIIZZ[CLjava/util/Random;)Ljava/lang/String;#232#57 prob_bp = 0.49998044550873066000
org.apache.commons.lang3.RandomStringUtils:random:(IIIZZ[CLjava/util/Random;)Ljava/lang/String;#232#55 prob_bp = 0.49998123207926740000
org.apache.commons.lang3.RandomStringUtils:random:(I[C)Ljava/lang/String;#321#17 prob_bp = 0.49999700652807630000
org.apache.commons.lang3.RandomStringUtils:random:(IIIZZ[CLjava/util/Random;)Ljava/lang/String;#241#79 prob_bp = 0.49999791186421840000
org.apache.commons.lang3.RandomStringUtils:random:(IIIZZ[CLjava/util/Random;)Ljava/lang/String;#241#77 prob_bp = 0.49999945654932780000
org.apache.commons.lang3.RandomStringUtils:random:(IIIZZ[CLjava/util/Random;)Ljava/lang/String;#241#78 prob_bp = 0.49999949150069367000
org.apache.commons.lang3.RandomStringUtils:random:(I[C)Ljava/lang/String;#321#21 prob_bp = 0.49999980010410830000
org.apache.commons.lang3.RandomStringUtils:random:(IIIZZ[CLjava/util/Random;)Ljava/lang/String;#231#44#unexe#2 prob_bp = 0.49999985270940510000
org.apache.commons.lang3.RandomStringUtils:random:(I[C)Ljava/lang/String;#321#22 prob_bp = 0.49999987129131630000
org.apache.commons.lang3.RandomStringUtils:random:(IIIZZ[CLjava/util/Random;)Ljava/lang/String;#231#48#unexe#2 prob_bp = 0.49999995406817804000
org.apache.commons.lang3.RandomStringUtils:random:(I[C)Ljava/lang/String;#321#20 prob_bp = 0.49999997855498400000
org.apache.commons.lang3.RandomStringUtils:random:(IIIZZ[CLjava/util/Random;)Ljava/lang/String;#232#52#unexe#2 prob_bp = 0.49999997996842840000
org.apache.commons.lang3.RandomStringUtils:random:(I[C)Ljava/lang/String;#321#19 prob_bp = 0.49999998344627866000
org.apache.commons.lang3.RandomStringUtils:random:(IIIZZ[CLjava/util/Random;)Ljava/lang/String;#232#57#unexe#2 prob_bp = 0.49999998660733050000
org.apache.commons.lang3.RandomStringUtils:random:(IIIZZ[CLjava/util/Random;)Ljava/lang/String;#233#62 prob_bp = 0.49999998831089860000
org.apache.commons.lang3.RandomStringUtils:random:(IIIZZ[CLjava/util/Random;)Ljava/lang/String;#233#60 prob_bp = 0.49999998874848517000
org.apache.commons.lang3.RandomStringUtils:random:(IIIZZ[CLjava/util/Random;)Ljava/lang/String;#248#120 prob_bp = 0.49999999999999994000
org.apache.commons.lang3.RandomStringUtils:random:(IIIZZ[CLjava/util/Random;)Ljava/lang/String;#248#115 prob_bp = 0.50000000000000000000
org.apache.commons.lang3.RandomStringUtils:random:(IIIZZ[CLjava/util/Random;)Ljava/lang/String;#248#119 prob_bp = 0.50000000000000010000
org.apache.commons.lang3.RandomStringUtils:random:(IIIZZ[CLjava/util/Random;)Ljava/lang/String;#225#0 prob_bp = 0.50023455272445570000
org.apache.commons.lang3.RandomStringUtils:random:(I)Ljava/lang/String;#69#0 prob_bp = 0.50048344934856080000
org.apache.commons.lang3.RandomStringUtils:random:(I)Ljava/lang/String;#69#3 prob_bp = 0.50049350738829490000
org.apache.commons.lang3.RandomStringUtils:random:(IZZ)Ljava/lang/String;#143#0 prob_bp = 0.50051447651629570000
org.apache.commons.lang3.RandomStringUtils:random:(IIIZZ[CLjava/util/Random;)Ljava/lang/String;#227#7 prob_bp = 0.50055389885204670000
org.apache.commons.lang3.RandomStringUtils:random:(IZZ)Ljava/lang/String;#143#5 prob_bp = 0.50055939990442460000
org.apache.commons.lang3.RandomStringUtils:random:(IIIZZ)Ljava/lang/String;#163#0 prob_bp = 0.50066023584270590000
org.apache.commons.lang3.RandomStringUtils:random:(IIIZZ)Ljava/lang/String;#163#10 prob_bp = 0.50090360124018970000
org.apache.commons.lang3.RandomStringUtils:random:(IIIZZ[CLjava/util/Random;)Ljava/lang/String;#225#1 prob_bp = 0.50151958101770130000
org.apache.commons.lang3.RandomStringUtils:random:(IIIZZ[CLjava/util/Random;)Ljava/lang/String;#227#8 prob_bp = 0.50179988375065270000
org.apache.commons.lang3.RandomStringUtilsTest:testLANG805:()V#130#6 prob_bp = 1.00000000000000000000
org.apache.commons.lang3.RandomStringUtilsTest:testLANG805:()V#130#7 prob_bp = 1.00000000000000000000
org.apache.commons.lang3.RandomStringUtilsTest:testLANG805:()V#130#8 prob_bp = 1.00000000000000000000
org.apache.commons.lang3.RandomStringUtilsTest:testLANG805:()V#130#9 prob_bp = 1.00000000000000000000
org.apache.commons.lang3.RandomStringUtilsTest:testLANG805:()V#130#10 prob_bp = 1.00000000000000000000
org.apache.commons.lang3.RandomStringUtilsTest:testLANG805:()V#130#11 prob_bp = 1.00000000000000000000
org.apache.commons.lang3.RandomStringUtilsTest:testLANG805:()V#130#12 prob_bp = 1.00000000000000000000
org.apache.commons.lang3.RandomStringUtilsTest:testLANG805:()V#130#19 prob_bp = 1.00000000000000000000
org.apache.commons.lang3.RandomStringUtilsTest:testLANG805:()V#130#27 prob_bp = 1.00000000000000000000
org.apache.commons.lang3.RandomStringUtilsTest:testExceptions:()V#134#0 prob_bp = 1.00000000000000000000
org.apache.commons.lang3.RandomStringUtilsTest:testExceptions:()V#134#1 prob_bp = 1.00000000000000000000
org.apache.commons.lang3.RandomStringUtilsTest:testExceptions:()V#134#8 prob_bp = 1.00000000000000000000
org.apache.commons.lang3.RandomStringUtilsTest:testExceptions:()V#136#9 prob_bp = 1.00000000000000000000
org.apache.commons.lang3.RandomStringUtilsTest:testExceptions:()V#136#10 prob_bp = 1.00000000000000000000
org.apache.commons.lang3.RandomStringUtilsTest:testExceptions:()V#140#21 prob_bp = 1.00000000000000000000
org.apache.commons.lang3.RandomStringUtilsTest:testExceptions:()V#140#24 prob_bp = 1.00000000000000000000
org.apache.commons.lang3.RandomStringUtilsTest:testExceptions:()V#144#35 prob_bp = 1.00000000000000000000
org.apache.commons.lang3.RandomStringUtilsTest:testExceptions:()V#144#36 prob_bp = 1.00000000000000000000
org.apache.commons.lang3.RandomStringUtilsTest:testExceptions:()V#144#37 prob_bp = 1.00000000000000000000
org.apache.commons.lang3.RandomStringUtilsTest:testExceptions:()V#148#48 prob_bp = 1.00000000000000000000
org.apache.commons.lang3.RandomStringUtilsTest:testExceptions:()V#148#49 prob_bp = 1.00000000000000000000
org.apache.commons.lang3.RandomStringUtilsTest:testExceptions:()V#148#50 prob_bp = 1.00000000000000000000
org.apache.commons.lang3.RandomStringUtilsTest:testExceptions:()V#148#52 prob_bp = 1.00000000000000000000
Belief propagation time : 19.067000s
