Belief propagation time: 100

Probabilities: 
Vars:122007
Stmts:3872
org.apache.commons.lang3.time.FastDateFormat$TimeZoneNameRule:appendTo:(Ljava/lang/StringBuffer;Ljava/util/Calendar;)V#1408#36 prob_bp = 0.49999997691854314000
org.apache.commons.lang3.time.FastDateFormat$TimeZoneNameRule:appendTo:(Ljava/lang/StringBuffer;Ljava/util/Calendar;)V#1408#31 prob_bp = 0.49999999077929380000
org.apache.commons.lang3.time.FastDateFormat$TimeZoneNameRule:appendTo:(Ljava/lang/StringBuffer;Ljava/util/Calendar;)V#1408#33 prob_bp = 0.49999999427769015000
org.apache.commons.lang3.time.FastDateFormat$TimeZoneNameRule:appendTo:(Ljava/lang/StringBuffer;Ljava/util/Calendar;)V#1408#32 prob_bp = 0.49999999858486427000
org.apache.commons.lang3.time.FastDateFormat$TimeZoneNameRule:appendTo:(Ljava/lang/StringBuffer;Ljava/util/Calendar;)V#1405#16 prob_bp = 0.49999999990123595000
org.apache.commons.lang3.time.FastDateFormat$TimeZoneNameRule:appendTo:(Ljava/lang/StringBuffer;Ljava/util/Calendar;)V#1405#7 prob_bp = 0.49999999999967230000
org.apache.commons.lang3.time.FastDateFormat$TimeZoneNameRule:appendTo:(Ljava/lang/StringBuffer;Ljava/util/Calendar;)V#1405#13 prob_bp = 0.49999999999991473000
org.apache.commons.lang3.time.FastDateFormat$TimeZoneNameRule:appendTo:(Ljava/lang/StringBuffer;Ljava/util/Calendar;)V#1405#11 prob_bp = 0.49999999999991800000
org.apache.commons.lang3.time.FastDateFormat$TimeZoneNameRule:appendTo:(Ljava/lang/StringBuffer;Ljava/util/Calendar;)V#1405#4 prob_bp = 0.49999999999991895000
org.apache.commons.lang3.time.FastDateFormat$TimeZoneNameRule:appendTo:(Ljava/lang/StringBuffer;Ljava/util/Calendar;)V#1405#10 prob_bp = 0.49999999999997800000
org.apache.commons.lang3.time.FastDateFormat$TimeZoneNameRule:appendTo:(Ljava/lang/StringBuffer;Ljava/util/Calendar;)V#1405#1 prob_bp = 0.49999999999998000000
org.apache.commons.lang3.time.FastDateFormat$TimeZoneNameRule:appendTo:(Ljava/lang/StringBuffer;Ljava/util/Calendar;)V#1405#0 prob_bp = 0.49999999999999510000
org.apache.commons.lang3.time.FastDateFormat$TwoDigitMonthField:appendTo:(Ljava/lang/StringBuffer;I)V#1283#1 prob_bp = 0.49999999999999940000
org.apache.commons.lang3.time.FastDateFormat$TwoDigitMonthField:appendTo:(Ljava/lang/StringBuffer;I)V#1284#14 prob_bp = 0.49999999999999940000
org.apache.commons.lang3.time.FastDateFormat$TwoDigitMonthField:appendTo:(Ljava/lang/StringBuffer;I)V#1283#9 prob_bp = 0.49999999999999970000
org.apache.commons.lang3.time.FastDateFormat$TwoDigitYearField:appendTo:(Ljava/lang/StringBuffer;I)V#1247#9 prob_bp = 0.49999999999999990000
org.apache.commons.lang3.time.FastDateFormat$TwoDigitYearField:appendTo:(Ljava/lang/StringBuffer;I)V#1247#7 prob_bp = 0.49999999999999994000
org.apache.commons.lang3.time.FastDateFormat$UnpaddedMonthField:appendTo:(Ljava/lang/StringBuffer;Ljava/util/Calendar;)V#1096#4 prob_bp = 0.49999999999999994000
org.apache.commons.lang3.time.FastDateFormat$UnpaddedMonthField:appendTo:(Ljava/lang/StringBuffer;I)V#1104#10 prob_bp = 0.49999999999999994000
org.apache.commons.lang3.time.FastDateFormat$PaddedNumberField:appendTo:(Ljava/lang/StringBuffer;I)V#1153#7 prob_bp = 0.49999999999999994000
org.apache.commons.lang3.time.FastDateFormat$PaddedNumberField:appendTo:(Ljava/lang/StringBuffer;I)V#1153#14 prob_bp = 0.49999999999999994000
org.apache.commons.lang3.time.FastDateFormat$UnpaddedNumberField:appendTo:(Ljava/lang/StringBuffer;I)V#1062#22 prob_bp = 0.49999999999999994000
org.apache.commons.lang3.time.FastDateFormat:format:(J)Ljava/lang/String;#696#1 prob_bp = 0.50000000000000000000
org.apache.commons.lang3.time.FastDateFormat:format:(J)Ljava/lang/String;#696#9 prob_bp = 0.50000000000000000000
org.apache.commons.lang3.time.FastDateFormat$TextField:appendTo:(Ljava/lang/StringBuffer;Ljava/util/Calendar;)V#1023#2 prob_bp = 0.50000000000000000000
org.apache.commons.lang3.time.FastDateFormat$TextField:appendTo:(Ljava/lang/StringBuffer;Ljava/util/Calendar;)V#1023#13 prob_bp = 0.50000000000000000000
org.apache.commons.lang3.time.FastDateFormat$TwoDigitYearField:appendTo:(Ljava/lang/StringBuffer;Ljava/util/Calendar;)V#1240#1 prob_bp = 0.50000000000000000000
org.apache.commons.lang3.time.FastDateFormat$TwoDigitYearField:appendTo:(Ljava/lang/StringBuffer;Ljava/util/Calendar;)V#1240#9 prob_bp = 0.50000000000000000000
org.apache.commons.lang3.time.FastDateFormat$TwoDigitYearField:appendTo:(Ljava/lang/StringBuffer;I)V#1247#1 prob_bp = 0.50000000000000000000
org.apache.commons.lang3.time.FastDateFormat$TwoDigitYearField:appendTo:(Ljava/lang/StringBuffer;I)V#1247#2 prob_bp = 0.50000000000000000000
org.apache.commons.lang3.time.FastDateFormat$TwoDigitYearField:appendTo:(Ljava/lang/StringBuffer;I)V#1247#4 prob_bp = 0.50000000000000000000
org.apache.commons.lang3.time.FastDateFormat$TwoDigitYearField:appendTo:(Ljava/lang/StringBuffer;I)V#1247#5 prob_bp = 0.50000000000000000000
org.apache.commons.lang3.time.FastDateFormat$TwoDigitYearField:appendTo:(Ljava/lang/StringBuffer;I)V#1248#13 prob_bp = 0.50000000000000000000
org.apache.commons.lang3.time.FastDateFormat$TwoDigitYearField:appendTo:(Ljava/lang/StringBuffer;I)V#1248#14 prob_bp = 0.50000000000000000000
org.apache.commons.lang3.time.FastDateFormat$TwoDigitYearField:appendTo:(Ljava/lang/StringBuffer;I)V#1248#15 prob_bp = 0.50000000000000000000
org.apache.commons.lang3.time.FastDateFormat$TwoDigitYearField:appendTo:(Ljava/lang/StringBuffer;I)V#1248#17 prob_bp = 0.50000000000000000000
org.apache.commons.lang3.time.FastDateFormat$TwoDigitYearField:appendTo:(Ljava/lang/StringBuffer;I)V#1248#18 prob_bp = 0.50000000000000000000
org.apache.commons.lang3.time.FastDateFormat$TwoDigitYearField:appendTo:(Ljava/lang/StringBuffer;I)V#1248#20 prob_bp = 0.50000000000000000000
org.apache.commons.lang3.time.FastDateFormat$TwoDigitYearField:appendTo:(Ljava/lang/StringBuffer;I)V#1248#22 prob_bp = 0.50000000000000000000
org.apache.commons.lang3.time.FastDateFormat$UnpaddedMonthField:appendTo:(Ljava/lang/StringBuffer;Ljava/util/Calendar;)V#1096#1 prob_bp = 0.50000000000000000000
org.apache.commons.lang3.time.FastDateFormat$UnpaddedMonthField:appendTo:(Ljava/lang/StringBuffer;Ljava/util/Calendar;)V#1096#2 prob_bp = 0.50000000000000000000
org.apache.commons.lang3.time.FastDateFormat$UnpaddedMonthField:appendTo:(Ljava/lang/StringBuffer;Ljava/util/Calendar;)V#1096#3 prob_bp = 0.50000000000000000000
org.apache.commons.lang3.time.FastDateFormat$UnpaddedMonthField:appendTo:(Ljava/lang/StringBuffer;Ljava/util/Calendar;)V#1096#7 prob_bp = 0.50000000000000000000
org.apache.commons.lang3.time.FastDateFormat$UnpaddedMonthField:appendTo:(Ljava/lang/StringBuffer;Ljava/util/Calendar;)V#1096#8 prob_bp = 0.50000000000000000000
org.apache.commons.lang3.time.FastDateFormat$UnpaddedMonthField:appendTo:(Ljava/lang/StringBuffer;Ljava/util/Calendar;)V#1096#9 prob_bp = 0.50000000000000000000
org.apache.commons.lang3.time.FastDateFormat$UnpaddedMonthField:appendTo:(Ljava/lang/StringBuffer;I)V#1103#0 prob_bp = 0.50000000000000000000
org.apache.commons.lang3.time.FastDateFormat$UnpaddedMonthField:appendTo:(Ljava/lang/StringBuffer;I)V#1103#1 prob_bp = 0.50000000000000000000
org.apache.commons.lang3.time.FastDateFormat$UnpaddedMonthField:appendTo:(Ljava/lang/StringBuffer;I)V#1104#6 prob_bp = 0.50000000000000000000
org.apache.commons.lang3.time.FastDateFormat$UnpaddedMonthField:appendTo:(Ljava/lang/StringBuffer;I)V#1104#7 prob_bp = 0.50000000000000000000
org.apache.commons.lang3.time.FastDateFormat$UnpaddedMonthField:appendTo:(Ljava/lang/StringBuffer;I)V#1104#8 prob_bp = 0.50000000000000000000
org.apache.commons.lang3.time.FastDateFormat$UnpaddedMonthField:appendTo:(Ljava/lang/StringBuffer;I)V#1104#11 prob_bp = 0.50000000000000000000
org.apache.commons.lang3.time.FastDateFormat$UnpaddedMonthField:appendTo:(Ljava/lang/StringBuffer;I)V#1104#12 prob_bp = 0.50000000000000000000
org.apache.commons.lang3.time.FastDateFormat$PaddedNumberField:appendTo:(Ljava/lang/StringBuffer;I)V#1153#6 prob_bp = 0.50000000000000000000
org.apache.commons.lang3.time.FastDateFormat$UnpaddedNumberField:appendTo:(Ljava/lang/StringBuffer;Ljava/util/Calendar;)V#1053#1 prob_bp = 0.50000000000000000000
org.apache.commons.lang3.time.FastDateFormat$UnpaddedNumberField:appendTo:(Ljava/lang/StringBuffer;Ljava/util/Calendar;)V#1053#2 prob_bp = 0.50000000000000000000
org.apache.commons.lang3.time.FastDateFormat$UnpaddedNumberField:appendTo:(Ljava/lang/StringBuffer;Ljava/util/Calendar;)V#1053#3 prob_bp = 0.50000000000000000000
org.apache.commons.lang3.time.FastDateFormat$UnpaddedNumberField:appendTo:(Ljava/lang/StringBuffer;Ljava/util/Calendar;)V#1053#4 prob_bp = 0.50000000000000000000
org.apache.commons.lang3.time.FastDateFormat$UnpaddedNumberField:appendTo:(Ljava/lang/StringBuffer;Ljava/util/Calendar;)V#1053#7 prob_bp = 0.50000000000000000000
org.apache.commons.lang3.time.FastDateFormat$UnpaddedNumberField:appendTo:(Ljava/lang/StringBuffer;Ljava/util/Calendar;)V#1053#10 prob_bp = 0.50000000000000000000
org.apache.commons.lang3.time.FastDateFormat$UnpaddedNumberField:appendTo:(Ljava/lang/StringBuffer;I)V#1060#0 prob_bp = 0.50000000000000000000
org.apache.commons.lang3.time.FastDateFormat$UnpaddedNumberField:appendTo:(Ljava/lang/StringBuffer;I)V#1060#1 prob_bp = 0.50000000000000000000
org.apache.commons.lang3.time.FastDateFormat$UnpaddedNumberField:appendTo:(Ljava/lang/StringBuffer;I)V#1060#3 prob_bp = 0.50000000000000000000
org.apache.commons.lang3.time.FastDateFormat$UnpaddedNumberField:appendTo:(Ljava/lang/StringBuffer;I)V#1062#19 prob_bp = 0.50000000000000000000
org.apache.commons.lang3.time.FastDateFormat$UnpaddedNumberField:appendTo:(Ljava/lang/StringBuffer;I)V#1062#20 prob_bp = 0.50000000000000000000
org.apache.commons.lang3.time.FastDateFormat$UnpaddedNumberField:appendTo:(Ljava/lang/StringBuffer;I)V#1063#25 prob_bp = 0.50000000000000000000
org.apache.commons.lang3.time.FastDateFormat$UnpaddedNumberField:appendTo:(Ljava/lang/StringBuffer;I)V#1063#26 prob_bp = 0.50000000000000000000
org.apache.commons.lang3.time.FastDateFormat$UnpaddedNumberField:appendTo:(Ljava/lang/StringBuffer;I)V#1063#27 prob_bp = 0.50000000000000000000
org.apache.commons.lang3.time.FastDateFormat$UnpaddedNumberField:appendTo:(Ljava/lang/StringBuffer;I)V#1063#29 prob_bp = 0.50000000000000000000
org.apache.commons.lang3.time.FastDateFormat$UnpaddedNumberField:appendTo:(Ljava/lang/StringBuffer;I)V#1063#30 prob_bp = 0.50000000000000000000
org.apache.commons.lang3.time.FastDateFormat$UnpaddedNumberField:appendTo:(Ljava/lang/StringBuffer;I)V#1063#32 prob_bp = 0.50000000000000000000
org.apache.commons.lang3.time.FastDateFormat$UnpaddedNumberField:appendTo:(Ljava/lang/StringBuffer;I)V#1063#33 prob_bp = 0.50000000000000000000
org.apache.commons.lang3.time.FastDateFormat$UnpaddedNumberField:appendTo:(Ljava/lang/StringBuffer;I)V#1063#34 prob_bp = 0.50000000000000000000
org.apache.commons.lang3.time.FastDateFormat$UnpaddedNumberField:appendTo:(Ljava/lang/StringBuffer;I)V#1064#38 prob_bp = 0.50000000000000000000
org.apache.commons.lang3.time.FastDateFormat$UnpaddedNumberField:appendTo:(Ljava/lang/StringBuffer;I)V#1064#39 prob_bp = 0.50000000000000000000
org.apache.commons.lang3.time.FastDateFormat$UnpaddedNumberField:appendTo:(Ljava/lang/StringBuffer;I)V#1064#40 prob_bp = 0.50000000000000000000
org.apache.commons.lang3.time.FastDateFormat$UnpaddedNumberField:appendTo:(Ljava/lang/StringBuffer;I)V#1064#42 prob_bp = 0.50000000000000000000
org.apache.commons.lang3.time.FastDateFormat$UnpaddedNumberField:appendTo:(Ljava/lang/StringBuffer;I)V#1064#43 prob_bp = 0.50000000000000000000
org.apache.commons.lang3.time.FastDateFormat$UnpaddedNumberField:appendTo:(Ljava/lang/StringBuffer;I)V#1064#45 prob_bp = 0.50000000000000000000
org.apache.commons.lang3.time.FastDateFormat$UnpaddedNumberField:appendTo:(Ljava/lang/StringBuffer;I)V#1064#46 prob_bp = 0.50000000000000000000
org.apache.commons.lang3.time.FastDateFormat$UnpaddedNumberField:appendTo:(Ljava/lang/StringBuffer;I)V#1064#47 prob_bp = 0.50000000000000000000
org.apache.commons.lang3.time.FormatCache:getInstance:(Ljava/lang/String;Ljava/util/TimeZone;Ljava/util/Locale;)Ljava/text/Format;#79#46 prob_bp = 0.50000000000000010000
org.apache.commons.lang3.time.FormatCache:getInstance:(Ljava/lang/String;Ljava/util/TimeZone;Ljava/util/Locale;)Ljava/text/Format;#79#48 prob_bp = 0.50000000000000010000
org.apache.commons.lang3.time.FormatCache:getInstance:(Ljava/lang/String;Ljava/util/TimeZone;Ljava/util/Locale;)Ljava/text/Format;#79#49 prob_bp = 0.50000000000000010000
org.apache.commons.lang3.time.FastDateFormat$TwoDigitMonthField:appendTo:(Ljava/lang/StringBuffer;I)V#1283#8 prob_bp = 0.50000000000000010000
org.apache.commons.lang3.time.FastDateFormat$TextField:appendTo:(Ljava/lang/StringBuffer;Ljava/util/Calendar;)V#1023#1 prob_bp = 0.50000000000000010000
org.apache.commons.lang3.time.FastDateFormat$TwoDigitYearField:appendTo:(Ljava/lang/StringBuffer;Ljava/util/Calendar;)V#1240#7 prob_bp = 0.50000000000000010000
org.apache.commons.lang3.time.FastDateFormat$TwoDigitYearField:appendTo:(Ljava/lang/StringBuffer;Ljava/util/Calendar;)V#1240#10 prob_bp = 0.50000000000000010000
org.apache.commons.lang3.time.FastDateFormat$TwoDigitYearField:appendTo:(Ljava/lang/StringBuffer;I)V#1247#0 prob_bp = 0.50000000000000010000
org.apache.commons.lang3.time.FastDateFormat$TwoDigitYearField:appendTo:(Ljava/lang/StringBuffer;I)V#1247#8 prob_bp = 0.50000000000000010000
org.apache.commons.lang3.time.FastDateFormat$TwoDigitYearField:appendTo:(Ljava/lang/StringBuffer;I)V#1248#21 prob_bp = 0.50000000000000010000
org.apache.commons.lang3.time.FastDateFormat$UnpaddedMonthField:appendTo:(Ljava/lang/StringBuffer;I)V#1103#3 prob_bp = 0.50000000000000010000
org.apache.commons.lang3.time.FastDateFormat$PaddedNumberField:appendTo:(Ljava/lang/StringBuffer;I)V#1153#10 prob_bp = 0.50000000000000010000
org.apache.commons.lang3.time.FastDateFormat$PaddedNumberField:appendTo:(Ljava/lang/StringBuffer;I)V#1153#11 prob_bp = 0.50000000000000010000
org.apache.commons.lang3.time.FastDateFormat$PaddedNumberField:appendTo:(Ljava/lang/StringBuffer;I)V#1153#15 prob_bp = 0.50000000000000010000
org.apache.commons.lang3.time.FastDateFormat$PaddedNumberField:appendTo:(Ljava/lang/StringBuffer;I)V#1154#19 prob_bp = 0.50000000000000010000
org.apache.commons.lang3.time.FastDateFormat$PaddedNumberField:appendTo:(Ljava/lang/StringBuffer;I)V#1154#22 prob_bp = 0.50000000000000010000
org.apache.commons.lang3.time.FastDateFormat$PaddedNumberField:appendTo:(Ljava/lang/StringBuffer;I)V#1156#30 prob_bp = 0.50000000000000010000
org.apache.commons.lang3.time.FastDateFormat$PaddedNumberField:appendTo:(Ljava/lang/StringBuffer;I)V#1156#33 prob_bp = 0.50000000000000010000
org.apache.commons.lang3.time.FormatCache:getInstance:(Ljava/lang/String;Ljava/util/TimeZone;Ljava/util/Locale;)Ljava/text/Format;#79#47 prob_bp = 0.50000000000000020000
org.apache.commons.lang3.time.FastDateFormat$TwoDigitMonthField:appendTo:(Ljava/lang/StringBuffer;I)V#1283#5 prob_bp = 0.50000000000000020000
org.apache.commons.lang3.time.FastDateFormat:format:(J)Ljava/lang/String;#696#0 prob_bp = 0.50000000000000020000
org.apache.commons.lang3.time.FastDateFormat$PaddedNumberField:appendTo:(Ljava/lang/StringBuffer;I)V#1156#31 prob_bp = 0.50000000000000020000
org.apache.commons.lang3.time.FastDateFormat$PaddedNumberField:appendTo:(Ljava/lang/StringBuffer;Ljava/util/Calendar;)V#1145#0 prob_bp = 0.50000000000000030000
org.apache.commons.lang3.time.FastDateFormat$PaddedNumberField:appendTo:(Ljava/lang/StringBuffer;I)V#1153#16 prob_bp = 0.50000000000000030000
org.apache.commons.lang3.time.FormatCache:getInstance:(Ljava/lang/String;Ljava/util/TimeZone;Ljava/util/Locale;)Ljava/text/Format;#79#35 prob_bp = 0.50000000000000040000
org.apache.commons.lang3.time.FastDateFormat$PaddedNumberField:appendTo:(Ljava/lang/StringBuffer;I)V#1154#20 prob_bp = 0.50000000000000040000
org.apache.commons.lang3.time.FormatCache:getInstance:(Ljava/lang/String;Ljava/util/TimeZone;Ljava/util/Locale;)Ljava/text/Format;#79#34 prob_bp = 0.50000000000000060000
org.apache.commons.lang3.time.FastDateFormat$TwoDigitMonthField:appendTo:(Ljava/lang/StringBuffer;I)V#1283#0 prob_bp = 0.50000000000000060000
org.apache.commons.lang3.time.FastDateFormat$TwoDigitMonthField:appendTo:(Ljava/lang/StringBuffer;I)V#1283#7 prob_bp = 0.50000000000000060000
org.apache.commons.lang3.time.FastDateFormat$TwoDigitMonthField:appendTo:(Ljava/lang/StringBuffer;Ljava/util/Calendar;)V#1276#8 prob_bp = 0.50000000000000080000
org.apache.commons.lang3.time.FastDateFormat$TextField:appendTo:(Ljava/lang/StringBuffer;Ljava/util/Calendar;)V#1023#0 prob_bp = 0.50000000000000100000
org.apache.commons.lang3.time.FastDateFormat$TwoDigitMonthField:appendTo:(Ljava/lang/StringBuffer;I)V#1283#2 prob_bp = 0.50000000000000120000
org.apache.commons.lang3.time.FastDateFormat$TwoDigitMonthField:appendTo:(Ljava/lang/StringBuffer;I)V#1284#17 prob_bp = 0.50000000000000140000
org.apache.commons.lang3.time.FastDateFormat$TextField:appendTo:(Ljava/lang/StringBuffer;Ljava/util/Calendar;)V#1023#6 prob_bp = 0.50000000000000160000
org.apache.commons.lang3.time.FastDateFormat$TextField:appendTo:(Ljava/lang/StringBuffer;Ljava/util/Calendar;)V#1023#14 prob_bp = 0.50000000000000160000
org.apache.commons.lang3.time.FastDateFormat$TwoDigitMonthField:appendTo:(Ljava/lang/StringBuffer;I)V#1283#4 prob_bp = 0.50000000000000170000
org.apache.commons.lang3.time.FastDateFormat$TwoDigitMonthField:appendTo:(Ljava/lang/StringBuffer;I)V#1284#15 prob_bp = 0.50000000000000230000
org.apache.commons.lang3.time.FastDateFormat$TwoDigitMonthField:appendTo:(Ljava/lang/StringBuffer;Ljava/util/Calendar;)V#1276#7 prob_bp = 0.50000000000000260000
org.apache.commons.lang3.time.FastDateFormat$TextField:appendTo:(Ljava/lang/StringBuffer;Ljava/util/Calendar;)V#1023#7 prob_bp = 0.50000000000000640000
org.apache.commons.lang3.time.FastDateFormat$TextField:appendTo:(Ljava/lang/StringBuffer;Ljava/util/Calendar;)V#1023#5 prob_bp = 0.50000000000001080000
org.apache.commons.lang3.time.FastDateFormat$TextField:appendTo:(Ljava/lang/StringBuffer;Ljava/util/Calendar;)V#1023#10 prob_bp = 0.50000000000002590000
org.apache.commons.lang3.time.FormatCache:getInstance:(Ljava/lang/String;Ljava/util/TimeZone;Ljava/util/Locale;)Ljava/text/Format;#83#91 prob_bp = 0.50000000000003510000
org.apache.commons.lang3.time.FastDateFormat$TwoDigitMonthField:appendTo:(Ljava/lang/StringBuffer;Ljava/util/Calendar;)V#1276#1 prob_bp = 0.50000000000004270000
org.apache.commons.lang3.time.FormatCache:getInstance:(Ljava/lang/String;Ljava/util/TimeZone;Ljava/util/Locale;)Ljava/text/Format;#83#85 prob_bp = 0.50000000000005770000
org.apache.commons.lang3.time.FastDateFormat$TwoDigitMonthField:appendTo:(Ljava/lang/StringBuffer;Ljava/util/Calendar;)V#1276#9 prob_bp = 0.50000000000006720000
org.apache.commons.lang3.time.FastDateFormat$PaddedNumberField:appendTo:(Ljava/lang/StringBuffer;I)V#1156#29 prob_bp = 0.50000000000007060000
org.apache.commons.lang3.time.FormatCache:getInstance:(Ljava/lang/String;Ljava/util/TimeZone;Ljava/util/Locale;)Ljava/text/Format;#83#86 prob_bp = 0.50000000000007520000
org.apache.commons.lang3.time.FastDateFormat$PaddedNumberField:appendTo:(Ljava/lang/StringBuffer;I)V#1156#34 prob_bp = 0.50000000000008870000
org.apache.commons.lang3.time.FastDateFormat$PaddedNumberField:appendTo:(Ljava/lang/StringBuffer;I)V#1156#36 prob_bp = 0.50000000000009210000
org.apache.commons.lang3.time.FastDateFormat$TwoDigitYearField:appendTo:(Ljava/lang/StringBuffer;Ljava/util/Calendar;)V#1240#2 prob_bp = 0.50000000000009950000
org.apache.commons.lang3.time.FormatCache:getInstance:(Ljava/lang/String;Ljava/util/TimeZone;Ljava/util/Locale;)Ljava/text/Format;#83#89 prob_bp = 0.50000000000011140000
org.apache.commons.lang3.time.FastDateFormat$PaddedNumberField:appendTo:(Ljava/lang/StringBuffer;I)V#1156#37 prob_bp = 0.50000000000012090000
org.apache.commons.lang3.time.FastDateFormat$TwoDigitNumberField:appendTo:(Ljava/lang/StringBuffer;Ljava/util/Calendar;)V#1200#3 prob_bp = 0.50000000000012850000
org.apache.commons.lang3.time.FormatCache:getInstance:(Ljava/lang/String;Ljava/util/TimeZone;Ljava/util/Locale;)Ljava/text/Format;#83#93 prob_bp = 0.50000000000014520000
org.apache.commons.lang3.time.FastDateFormat$TwoDigitMonthField:appendTo:(Ljava/lang/StringBuffer;I)V#1284#13 prob_bp = 0.50000000000016040000
org.apache.commons.lang3.time.FastDateFormat$TwoDigitMonthField:appendTo:(Ljava/lang/StringBuffer;I)V#1284#18 prob_bp = 0.50000000000020440000
org.apache.commons.lang3.time.FastDateFormat$TwoDigitMonthField:appendTo:(Ljava/lang/StringBuffer;I)V#1284#20 prob_bp = 0.50000000000021060000
org.apache.commons.lang3.time.FastDateFormat$PaddedNumberField:appendTo:(Ljava/lang/StringBuffer;I)V#1156#38 prob_bp = 0.50000000000023770000
org.apache.commons.lang3.time.FastDateFormat$PaddedNumberField:appendTo:(Ljava/lang/StringBuffer;I)V#1157#43 prob_bp = 0.50000000000025560000
org.apache.commons.lang3.time.FastDateFormat$TwoDigitMonthField:appendTo:(Ljava/lang/StringBuffer;I)V#1284#21 prob_bp = 0.50000000000027580000
org.apache.commons.lang3.time.FastDateFormat$TwoDigitMonthField:appendTo:(Ljava/lang/StringBuffer;Ljava/util/Calendar;)V#1276#2 prob_bp = 0.50000000000028220000
org.apache.commons.lang3.time.FastDateFormat$TwoDigitYearField:appendTo:(Ljava/lang/StringBuffer;Ljava/util/Calendar;)V#1240#3 prob_bp = 0.50000000000037540000
org.apache.commons.lang3.time.FastDateFormat$TwoDigitYearField:appendTo:(Ljava/lang/StringBuffer;Ljava/util/Calendar;)V#1240#4 prob_bp = 0.50000000000039060000
org.apache.commons.lang3.time.FastDateFormat$TwoDigitNumberField:appendTo:(Ljava/lang/StringBuffer;Ljava/util/Calendar;)V#1200#4 prob_bp = 0.50000000000052150000
org.apache.commons.lang3.time.FastDateFormat$TwoDigitMonthField:appendTo:(Ljava/lang/StringBuffer;I)V#1284#22 prob_bp = 0.50000000000054280000
org.apache.commons.lang3.time.FastDateFormat$TwoDigitMonthField:appendTo:(Ljava/lang/StringBuffer;Ljava/util/Calendar;)V#1276#3 prob_bp = 0.50000000000064780000
org.apache.commons.lang3.time.FastDateFormat$TwoDigitMonthField:appendTo:(Ljava/lang/StringBuffer;Ljava/util/Calendar;)V#1276#4 prob_bp = 0.50000000000067750000
org.apache.commons.lang3.time.FastDateFormat$TwoDigitNumberField:appendTo:(Ljava/lang/StringBuffer;Ljava/util/Calendar;)V#1200#2 prob_bp = 0.50000000000074940000
org.apache.commons.lang3.time.FastDateFormat$PaddedNumberField:appendTo:(Ljava/lang/StringBuffer;I)V#1157#44 prob_bp = 0.50000000000104000000
org.apache.commons.lang3.time.FastDateFormat$PaddedNumberField:appendTo:(Ljava/lang/StringBuffer;I)V#1157#46 prob_bp = 0.50000000000108200000
org.apache.commons.lang3.time.FastDateFormat$TwoDigitNumberField:appendTo:(Ljava/lang/StringBuffer;I)V#1208#7 prob_bp = 0.50000000000157440000
org.apache.commons.lang3.time.FastDateFormat$TwoDigitNumberField:appendTo:(Ljava/lang/StringBuffer;Ljava/util/Calendar;)V#1200#7 prob_bp = 0.50000000000207290000
org.apache.commons.lang3.time.FastDateFormat$TwoDigitNumberField:appendTo:(Ljava/lang/StringBuffer;I)V#1208#8 prob_bp = 0.50000000000641050000
org.apache.commons.lang3.time.FastDateFormat$TwoDigitNumberField:appendTo:(Ljava/lang/StringBuffer;I)V#1208#10 prob_bp = 0.50000000000665610000
org.apache.commons.lang3.time.FastDateFormat:applyRules:(Ljava/util/Calendar;Ljava/lang/StringBuffer;)Ljava/lang/StringBuffer;#769#20 prob_bp = 0.50000000004704000000
org.apache.commons.lang3.time.FastDateFormat:getInstance:(Ljava/lang/String;)Lorg/apache/commons/lang3/time/FastDateFormat;#159#4 prob_bp = 0.50000000004829130000
org.apache.commons.lang3.time.FastDateFormat:getInstance:(Ljava/lang/String;)Lorg/apache/commons/lang3/time/FastDateFormat;#159#5 prob_bp = 0.50000000004829150000
org.apache.commons.lang3.time.FastDateFormat:applyRules:(Ljava/util/Calendar;Ljava/lang/StringBuffer;)Ljava/lang/StringBuffer;#769#19 prob_bp = 0.50000000006148360000
org.apache.commons.lang3.time.FormatCache:getInstance:(Ljava/lang/String;Ljava/util/TimeZone;Ljava/util/Locale;)Ljava/text/Format;#76#22 prob_bp = 0.50000000012185280000
org.apache.commons.lang3.time.FormatCache:getInstance:(Ljava/lang/String;Ljava/util/TimeZone;Ljava/util/Locale;)Ljava/text/Format;#73#14 prob_bp = 0.50000000012544700000
org.apache.commons.lang3.time.FormatCache:getInstance:(Ljava/lang/String;Ljava/util/TimeZone;Ljava/util/Locale;)Ljava/text/Format;#76#23 prob_bp = 0.50000000013376420000
org.apache.commons.lang3.time.FormatCache:getInstance:(Ljava/lang/String;Ljava/util/TimeZone;Ljava/util/Locale;)Ljava/text/Format;#73#15 prob_bp = 0.50000000013774860000
org.apache.commons.lang3.time.FastDateFormat:applyRules:(Ljava/util/Calendar;Ljava/lang/StringBuffer;)Ljava/lang/StringBuffer;#769#22 prob_bp = 0.50000000017219530000
org.apache.commons.lang3.time.FastDateFormat:format:(Ljava/util/Date;)Ljava/lang/String;#708#22 prob_bp = 0.50000000032818070000
org.apache.commons.lang3.time.FormatCache:getInstance:(Ljava/lang/String;Ljava/util/TimeZone;Ljava/util/Locale;)Ljava/text/Format;#77#26 prob_bp = 0.50000000056338690000
org.apache.commons.lang3.time.FormatCache:getInstance:(Ljava/lang/String;Ljava/util/TimeZone;Ljava/util/Locale;)Ljava/text/Format;#77#29 prob_bp = 0.50000000058525410000
org.apache.commons.lang3.time.FormatCache:getInstance:(Ljava/lang/String;Ljava/util/TimeZone;Ljava/util/Locale;)Ljava/text/Format;#74#18 prob_bp = 0.50000000069268560000
org.apache.commons.lang3.time.FormatCache:getInstance:(Ljava/lang/String;Ljava/util/TimeZone;Ljava/util/Locale;)Ljava/text/Format;#74#21 prob_bp = 0.50000000071957820000
org.apache.commons.lang3.time.FastDateFormat$PaddedNumberField:appendTo:(Ljava/lang/StringBuffer;I)V#1157#42 prob_bp = 0.50000000097965610000
org.apache.commons.lang3.time.FastDateFormat$PaddedNumberField:appendTo:(Ljava/lang/StringBuffer;I)V#1157#47 prob_bp = 0.50000000123294470000
org.apache.commons.lang3.time.FastDateFormat$PaddedNumberField:appendTo:(Ljava/lang/StringBuffer;I)V#1157#49 prob_bp = 0.50000000128271890000
org.apache.commons.lang3.time.FastDateFormat:getInstance:(Ljava/lang/String;)Lorg/apache/commons/lang3/time/FastDateFormat;#159#0 prob_bp = 0.50000000130658260000
org.apache.commons.lang3.time.FastDateFormat$PaddedNumberField:appendTo:(Ljava/lang/StringBuffer;I)V#1157#50 prob_bp = 0.50000000168425530000
org.apache.commons.lang3.time.FastDateFormat:format:(Ljava/util/Date;)Ljava/lang/String;#707#16 prob_bp = 0.50000000172177310000
org.apache.commons.lang3.time.FastDateFormat:format:(Ljava/util/Date;)Ljava/lang/String;#706#0 prob_bp = 0.50000000188184630000
org.apache.commons.lang3.time.FastDateFormat:format:(Ljava/util/Date;)Ljava/lang/String;#707#17 prob_bp = 0.50000000191548890000
org.apache.commons.lang3.time.FastDateFormat:format:(Ljava/util/Date;)Ljava/lang/String;#706#15 prob_bp = 0.50000000192771700000
org.apache.commons.lang3.time.FastDateFormat:format:(Ljava/util/Date;)Ljava/lang/String;#708#21 prob_bp = 0.50000000198875440000
org.apache.commons.lang3.time.FastDateFormat:format:(Ljava/util/Date;)Ljava/lang/String;#707#18 prob_bp = 0.50000000201335430000
org.apache.commons.lang3.time.FormatCache:getInstance:(Ljava/lang/String;Ljava/util/TimeZone;Ljava/util/Locale;)Ljava/text/Format;#73#15#unexe#2 prob_bp = 0.50000000219847030000
org.apache.commons.lang3.time.FormatCache:getInstance:(Ljava/lang/String;Ljava/util/TimeZone;Ljava/util/Locale;)Ljava/text/Format;#76#23#unexe#3 prob_bp = 0.50000000234344820000
org.apache.commons.lang3.time.FormatCache:getInstance:(Ljava/lang/String;Ljava/util/TimeZone;Ljava/util/Locale;)Ljava/text/Format;#82#78 prob_bp = 0.50000000280098410000
org.apache.commons.lang3.time.FormatCache:getInstance:(Ljava/lang/String;Ljava/util/TimeZone;Ljava/util/Locale;)Ljava/text/Format;#82#79 prob_bp = 0.50000000291705530000
org.apache.commons.lang3.time.FastDateFormat$PaddedNumberField:appendTo:(Ljava/lang/StringBuffer;I)V#1157#51 prob_bp = 0.50000000330525950000
org.apache.commons.lang3.time.FormatCache:getInstance:(Ljava/lang/String;Ljava/util/TimeZone;Ljava/util/Locale;)Ljava/text/Format;#82#76 prob_bp = 0.50000000410532610000
org.apache.commons.lang3.time.FormatCache:getInstance:(Ljava/lang/String;Ljava/util/TimeZone;Ljava/util/Locale;)Ljava/text/Format;#82#77 prob_bp = 0.50000000459273320000
org.apache.commons.lang3.time.FormatCache:getInstance:(Ljava/lang/String;Ljava/util/TimeZone;Ljava/util/Locale;)Ljava/text/Format;#82#80 prob_bp = 0.50000000522022240000
org.apache.commons.lang3.time.FastDateFormat$TwoDigitNumberField:appendTo:(Ljava/lang/StringBuffer;I)V#1208#6 prob_bp = 0.50000000589345750000
org.apache.commons.lang3.time.FastDateFormat$TwoDigitNumberField:appendTo:(Ljava/lang/StringBuffer;I)V#1208#11 prob_bp = 0.50000000758381480000
org.apache.commons.lang3.time.FastDateFormat$TwoDigitNumberField:appendTo:(Ljava/lang/StringBuffer;I)V#1208#13 prob_bp = 0.50000000788993910000
org.apache.commons.lang3.time.FastDateFormat:applyRules:(Ljava/util/Calendar;Ljava/lang/StringBuffer;)Ljava/lang/StringBuffer;#769#34 prob_bp = 0.50000000908642420000
org.apache.commons.lang3.time.FastDateFormat$TwoDigitNumberField:appendTo:(Ljava/lang/StringBuffer;I)V#1208#14 prob_bp = 0.50000001035916120000
org.apache.commons.lang3.time.FastDateFormat:format:(Ljava/util/Calendar;)Ljava/lang/String;#718#0 prob_bp = 0.50000001971356400000
org.apache.commons.lang3.time.FastDateFormat$TwoDigitNumberField:appendTo:(Ljava/lang/StringBuffer;I)V#1208#15 prob_bp = 0.50000002032620800000
org.apache.commons.lang3.time.FastDateFormat:format:(Ljava/util/Calendar;Ljava/lang/StringBuffer;)Ljava/lang/StringBuffer;#757#0 prob_bp = 0.50000002074004980000
org.apache.commons.lang3.time.FastDateFormat$TwoDigitNumberField:appendTo:(Ljava/lang/StringBuffer;I)V#1209#20 prob_bp = 0.50000002209255410000
org.apache.commons.lang3.time.FastDateFormat:applyRules:(Ljava/util/Calendar;Ljava/lang/StringBuffer;)Ljava/lang/StringBuffer;#769#0 prob_bp = 0.50000002501601770000
org.apache.commons.lang3.time.FormatCache:getInstance:(Ljava/lang/String;Ljava/util/TimeZone;Ljava/util/Locale;)Ljava/text/Format;#83#98 prob_bp = 0.50000002555407430000
org.apache.commons.lang3.time.FastDateFormat:applyRules:(Ljava/util/Calendar;Ljava/lang/StringBuffer;)Ljava/lang/StringBuffer;#769#1 prob_bp = 0.50000002744167080000
org.apache.commons.lang3.time.FastDateFormat:applyRules:(Ljava/util/Calendar;Ljava/lang/StringBuffer;)Ljava/lang/StringBuffer;#769#4 prob_bp = 0.50000003251099100000
org.apache.commons.lang3.time.FastDateFormat:applyRules:(Ljava/util/Calendar;Ljava/lang/StringBuffer;)Ljava/lang/StringBuffer;#769#23 prob_bp = 0.50000003283621300000
org.apache.commons.lang3.time.FastDateFormat$PaddedNumberField:appendTo:(Ljava/lang/StringBuffer;Ljava/util/Calendar;)V#1145#3 prob_bp = 0.50000003704108130000
org.apache.commons.lang3.time.FastDateFormat:format:(Ljava/util/Calendar;)Ljava/lang/String;#718#1 prob_bp = 0.50000003759459850000
org.apache.commons.lang3.time.FastDateFormat:format:(Ljava/util/Calendar;Ljava/lang/StringBuffer;)Ljava/lang/StringBuffer;#757#1 prob_bp = 0.50000004021723960000
org.apache.commons.lang3.time.FastDateFormat:applyRules:(Ljava/util/Calendar;Ljava/lang/StringBuffer;)Ljava/lang/StringBuffer;#769#5 prob_bp = 0.50000004310452570000
org.apache.commons.lang3.time.FastDateFormat:applyRules:(Ljava/util/Calendar;Ljava/lang/StringBuffer;)Ljava/lang/StringBuffer;#770#28 prob_bp = 0.50000005118909590000
org.apache.commons.lang3.time.FastDateFormat:applyRules:(Ljava/util/Calendar;Ljava/lang/StringBuffer;)Ljava/lang/StringBuffer;#769#6 prob_bp = 0.50000006562593570000
org.apache.commons.lang3.time.FastDateFormat$TwoDigitNumberField:appendTo:(Ljava/lang/StringBuffer;I)V#1209#21 prob_bp = 0.50000008994353380000
org.apache.commons.lang3.time.FastDateFormat$TwoDigitNumberField:appendTo:(Ljava/lang/StringBuffer;I)V#1209#23 prob_bp = 0.50000009357410750000
org.apache.commons.lang3.time.FastDateFormat:applyRules:(Ljava/util/Calendar;Ljava/lang/StringBuffer;)Ljava/lang/StringBuffer;#769#7 prob_bp = 0.50000011392939110000
org.apache.commons.lang3.time.FormatCache:getInstance:(Ljava/lang/String;Ljava/util/TimeZone;Ljava/util/Locale;)Ljava/text/Format;#83#101 prob_bp = 0.50000012820556440000
org.apache.commons.lang3.time.FastDateFormat$TwoDigitNumberField:appendTo:(Ljava/lang/StringBuffer;I)V#1207#0 prob_bp = 0.50000014536289430000
org.apache.commons.lang3.time.FastDateFormat$PaddedNumberField:appendTo:(Ljava/lang/StringBuffer;Ljava/util/Calendar;)V#1145#4 prob_bp = 0.50000014996728860000
org.apache.commons.lang3.time.FastDateFormat:applyRules:(Ljava/util/Calendar;Ljava/lang/StringBuffer;)Ljava/lang/StringBuffer;#770#25 prob_bp = 0.50000016476781700000
org.apache.commons.lang3.time.FastDateFormat$PaddedNumberField:appendTo:(Ljava/lang/StringBuffer;Ljava/util/Calendar;)V#1145#2 prob_bp = 0.50000018214190060000
org.apache.commons.lang3.time.FastDateFormat:applyRules:(Ljava/util/Calendar;Ljava/lang/StringBuffer;)Ljava/lang/StringBuffer;#769#14 prob_bp = 0.50000021944485600000
org.apache.commons.lang3.time.FastDateFormat:applyRules:(Ljava/util/Calendar;Ljava/lang/StringBuffer;)Ljava/lang/StringBuffer;#769#9 prob_bp = 0.50000032849910580000
org.apache.commons.lang3.time.FastDateFormat:applyRules:(Ljava/util/Calendar;Ljava/lang/StringBuffer;)Ljava/lang/StringBuffer;#769#10 prob_bp = 0.50000033589207730000
org.apache.commons.lang3.time.FastDateFormat:applyRules:(Ljava/util/Calendar;Ljava/lang/StringBuffer;)Ljava/lang/StringBuffer;#769#12 prob_bp = 0.50000037520652110000
org.apache.commons.lang3.time.FastDateFormat:applyRules:(Ljava/util/Calendar;Ljava/lang/StringBuffer;)Ljava/lang/StringBuffer;#769#16 prob_bp = 0.50000048497027640000
org.apache.commons.lang3.time.FormatCache:getInstance:(Ljava/lang/String;Ljava/util/TimeZone;Ljava/util/Locale;)Ljava/text/Format;#84#103 prob_bp = 0.50000054055965490000
org.apache.commons.lang3.time.FastDateFormat$TwoDigitNumberField:appendTo:(Ljava/lang/StringBuffer;I)V#1207#1 prob_bp = 0.50000059218925230000
org.apache.commons.lang3.time.FastDateFormat$PaddedNumberField:appendTo:(Ljava/lang/StringBuffer;Ljava/util/Calendar;)V#1145#7 prob_bp = 0.50000060599056660000
org.apache.commons.lang3.time.FastDateFormat$TwoDigitNumberField:appendTo:(Ljava/lang/StringBuffer;I)V#1207#3 prob_bp = 0.50000061611442250000
org.apache.commons.lang3.time.FastDateFormat:<clinit>:()V#107#7 prob_bp = 0.50000183202149220000
org.apache.commons.lang3.time.FormatCache:getInstance:(Ljava/lang/String;Ljava/util/TimeZone;Ljava/util/Locale;)Ljava/text/Format;#84#105 prob_bp = 0.50000219698983550000
org.apache.commons.lang3.time.FormatCache:getInstance:(Ljava/lang/String;Ljava/util/TimeZone;Ljava/util/Locale;)Ljava/text/Format;#80#55 prob_bp = 0.50000275904027870000
org.apache.commons.lang3.time.FastDateFormat$CharacterLiteral:appendTo:(Ljava/lang/StringBuffer;Ljava/util/Calendar;)V#951#1 prob_bp = 0.50000281327518870000
org.apache.commons.lang3.time.FastDateFormat$PaddedNumberField:appendTo:(Ljava/lang/StringBuffer;I)V#1152#0 prob_bp = 0.50000377787491460000
org.apache.commons.lang3.time.FormatCache:getInstance:(Ljava/lang/String;Ljava/util/TimeZone;Ljava/util/Locale;)Ljava/text/Format;#80#56 prob_bp = 0.50000406416868140000
org.apache.commons.lang3.time.FormatCache:getInstance:(Ljava/lang/String;Ljava/util/TimeZone;Ljava/util/Locale;)Ljava/text/Format;#79#33 prob_bp = 0.50000415174615920000
org.apache.commons.lang3.time.FormatCache:getInstance:(Ljava/lang/String;Ljava/util/TimeZone;Ljava/util/Locale;)Ljava/text/Format;#79#50 prob_bp = 0.50000431784793620000
org.apache.commons.lang3.time.FormatCache$MultipartKey:<init>:([Ljava/lang/Object;)V#166#0 prob_bp = 0.50000465509822310000
org.apache.commons.lang3.time.FormatCache$MultipartKey:<init>:([Ljava/lang/Object;)V#166#1 prob_bp = 0.50000533364431670000
org.apache.commons.lang3.time.FormatCache:getInstance:(Ljava/lang/String;Ljava/util/TimeZone;Ljava/util/Locale;)Ljava/text/Format;#79#53 prob_bp = 0.50000597842205170000
org.apache.commons.lang3.time.FormatCache:getInstance:(Ljava/lang/String;Ljava/util/TimeZone;Ljava/util/Locale;)Ljava/text/Format;#80#59 prob_bp = 0.50000621760851140000
org.apache.commons.lang3.time.FormatCache:getInstance:(Ljava/lang/String;Ljava/util/TimeZone;Ljava/util/Locale;)Ljava/text/Format;#80#61 prob_bp = 0.50000670081821360000
org.apache.commons.lang3.time.FastDateFormat$PaddedNumberField:appendTo:(Ljava/lang/StringBuffer;Ljava/util/Calendar;)V#1145#1 prob_bp = 0.50000990174467250000
org.apache.commons.lang3.time.FormatCache:getInstance:(Ljava/lang/String;Ljava/util/TimeZone;Ljava/util/Locale;)Ljava/text/Format;#79#30 prob_bp = 0.50000992944138720000
org.apache.commons.lang3.time.FastDateFormat$CharacterLiteral:appendTo:(Ljava/lang/StringBuffer;Ljava/util/Calendar;)V#951#2 prob_bp = 0.50001139374183780000
org.apache.commons.lang3.time.FastDateFormat$PaddedNumberField:appendTo:(Ljava/lang/StringBuffer;I)V#1169#121 prob_bp = 0.50001388789377420000
org.apache.commons.lang3.time.FastDateFormat$PaddedNumberField:appendTo:(Ljava/lang/StringBuffer;I)V#1152#1 prob_bp = 0.50001530773966460000
org.apache.commons.lang3.time.FastDateFormat$PaddedNumberField:appendTo:(Ljava/lang/StringBuffer;I)V#1152#3 prob_bp = 0.50001592583436690000
org.apache.commons.lang3.time.FastDateFormat$TwoDigitNumberField:appendTo:(Ljava/lang/StringBuffer;Ljava/util/Calendar;)V#1200#1 prob_bp = 0.50002004152334030000
org.apache.commons.lang3.time.FastDateFormat$CharacterLiteral:appendTo:(Ljava/lang/StringBuffer;Ljava/util/Calendar;)V#951#0 prob_bp = 0.50002976485664320000
org.apache.commons.lang3.time.FastDateFormat$TwoDigitNumberField:appendTo:(Ljava/lang/StringBuffer;Ljava/util/Calendar;)V#1200#10 prob_bp = 0.50003251892045040000
org.apache.commons.lang3.time.FormatCache:getInstance:(Ljava/lang/String;Ljava/util/TimeZone;Ljava/util/Locale;)Ljava/text/Format;#81#71 prob_bp = 0.50003408705484550000
org.apache.commons.lang3.time.FastDateFormat$PaddedNumberField:appendTo:(Ljava/lang/StringBuffer;I)V#1169#122 prob_bp = 0.50003622781838950000
org.apache.commons.lang3.time.FastDateFormat$PaddedNumberField:appendTo:(Ljava/lang/StringBuffer;I)V#1169#120 prob_bp = 0.50003718647489340000
org.apache.commons.lang3.time.FastDateFormat$CharacterLiteral:appendTo:(Ljava/lang/StringBuffer;Ljava/util/Calendar;)V#951#5 prob_bp = 0.50004605156454770000
org.apache.commons.lang3.time.FormatCache:getInstance:(Ljava/lang/String;Ljava/util/TimeZone;Ljava/util/Locale;)Ljava/text/Format;#81#73 prob_bp = 0.50007147716088910000
org.apache.commons.lang3.time.FastDateFormat$PaddedNumberField:appendTo:(Ljava/lang/StringBuffer;I)V#1169#125 prob_bp = 0.50008135897922960000
org.apache.commons.lang3.time.FastDateFormat$TwoDigitNumberField:appendTo:(Ljava/lang/StringBuffer;I)V#1209#19 prob_bp = 0.50008274743196980000
org.apache.commons.lang3.time.FastDateFormat$TwoDigitNumberField:appendTo:(Ljava/lang/StringBuffer;I)V#1209#24 prob_bp = 0.50010659903414330000
org.apache.commons.lang3.time.FastDateFormat$TwoDigitNumberField:appendTo:(Ljava/lang/StringBuffer;I)V#1209#26 prob_bp = 0.50011090027434850000
org.apache.commons.lang3.time.FormatCache:getInstance:(Ljava/lang/String;Ljava/util/TimeZone;Ljava/util/Locale;)Ljava/text/Format;#82#83 prob_bp = 0.50013173237312890000
org.apache.commons.lang3.time.FastDateFormat$TwoDigitNumberField:appendTo:(Ljava/lang/StringBuffer;I)V#1209#27 prob_bp = 0.50014558604938060000
org.apache.commons.lang3.time.FastDateFormat:applyRules:(Ljava/util/Calendar;Ljava/lang/StringBuffer;)Ljava/lang/StringBuffer;#770#27 prob_bp = 0.50023918785990060000
org.apache.commons.lang3.time.FastDateFormat:applyRules:(Ljava/util/Calendar;Ljava/lang/StringBuffer;)Ljava/lang/StringBuffer;#770#29 prob_bp = 0.50024972143237060000
org.apache.commons.lang3.time.FastDateFormat$TwoDigitNumberField:appendTo:(Ljava/lang/StringBuffer;I)V#1209#28 prob_bp = 0.50028551670053100000
org.apache.commons.lang3.time.FormatCache:getInstance:(Ljava/lang/String;Ljava/util/TimeZone;Ljava/util/Locale;)Ljava/text/Format;#84#105#unexe#5 prob_bp = 0.50066016652602390000
org.apache.commons.lang3.time.FastDateFormat$PaddedNumberField:appendTo:(Ljava/lang/StringBuffer;Ljava/util/Calendar;)V#1145#10 prob_bp = 0.50068350167740790000
org.apache.commons.lang3.time.FormatCache:getInstance:(Ljava/lang/String;Ljava/util/TimeZone;Ljava/util/Locale;)Ljava/text/Format;#80#66 prob_bp = 0.50079113121593870000
org.apache.commons.lang3.time.FastDateFormat$PaddedNumberField:appendTo:(Ljava/lang/StringBuffer;I)V#1163#70 prob_bp = 0.50131198563787560000
org.apache.commons.lang3.time.FastDateFormat$PaddedNumberField:appendTo:(Ljava/lang/StringBuffer;I)V#1160#58 prob_bp = 0.50202871547009940000
org.apache.commons.lang3.time.FormatCache:getInstance:(Ljava/lang/String;Ljava/util/TimeZone;Ljava/util/Locale;)Ljava/text/Format;#80#69 prob_bp = 0.50236990294341930000
org.apache.commons.lang3.time.FastDateFormat$PaddedNumberField:appendTo:(Ljava/lang/StringBuffer;I)V#1163#71 prob_bp = 0.50457800667481330000
org.apache.commons.lang3.time.FastDateFormat$PaddedNumberField:appendTo:(Ljava/lang/StringBuffer;I)V#1163#72 prob_bp = 0.50472637038362610000
org.apache.commons.lang3.time.FastDateFormat$PaddedNumberField:appendTo:(Ljava/lang/StringBuffer;I)V#1160#59 prob_bp = 0.50812117369944650000
org.apache.commons.lang3.time.FormatCache:getInstance:(Ljava/lang/String;Ljava/util/TimeZone;Ljava/util/Locale;)Ljava/text/Format;#81#73#unexe#5 prob_bp = 0.50821995102514730000
org.apache.commons.lang3.time.FastDateFormat$PaddedNumberField:appendTo:(Ljava/lang/StringBuffer;I)V#1160#62 prob_bp = 0.50843849752249950000
org.apache.commons.lang3.time.FormatCache:getInstance:(Ljava/lang/String;Ljava/util/TimeZone;Ljava/util/Locale;)Ljava/text/Format;#90#112 prob_bp = 0.52795841907693110000
org.apache.commons.lang3.time.FastDateFormat:getInstance:(Ljava/lang/String;)Lorg/apache/commons/lang3/time/FastDateFormat;#159#9 prob_bp = 0.53582571137060840000
org.apache.commons.lang3.time.FormatCache:getInstance:(Ljava/lang/String;Ljava/util/TimeZone;Ljava/util/Locale;)Ljava/text/Format;#90#114 prob_bp = 0.56877601520633330000
org.apache.commons.lang3.time.FastDateFormat:getInstance:(Ljava/lang/String;)Lorg/apache/commons/lang3/time/FastDateFormat;#159#12 prob_bp = 0.59293131642679030000
org.apache.commons.lang3.time.FastDateFormat:getInstance:(Ljava/lang/String;)Lorg/apache/commons/lang3/time/FastDateFormat;#159#3 prob_bp = 0.65715388673720020000
org.apache.commons.lang3.time.FastDateFormat:getInstance:(Ljava/lang/String;)Lorg/apache/commons/lang3/time/FastDateFormat;#159#6 prob_bp = 0.65974762467799900000
org.apache.commons.lang3.time.FormatCache:getInstance:(Ljava/lang/String;Ljava/util/TimeZone;Ljava/util/Locale;)Ljava/text/Format;#70#0 prob_bp = 0.73197367158463270000
org.apache.commons.lang3.time.FormatCache:getInstance:(Ljava/lang/String;Ljava/util/TimeZone;Ljava/util/Locale;)Ljava/text/Format;#70#1 prob_bp = 0.74746239057961690000
org.apache.commons.lang3.time.FastDateFormat:format:(Ljava/util/Date;)Ljava/lang/String;#708#23 prob_bp = 0.93636051194610240000
org.apache.commons.lang3.time.FastDateFormat:format:(Ljava/util/Date;)Ljava/lang/String;#708#34 prob_bp = 0.94518198197727400000
org.apache.commons.lang3.time.FastDateFormat:format:(Ljava/util/Date;)Ljava/lang/String;#708#40 prob_bp = 0.99009900976358120000
org.apache.commons.lang3.time.FastDateFormat$PaddedNumberField:appendTo:(Ljava/lang/StringBuffer;I)V#1163#75 prob_bp = 0.99939403625521540000
org.apache.commons.lang3.time.FastDateFormat$PaddedNumberField:appendTo:(Ljava/lang/StringBuffer;I)V#1163#84 prob_bp = 0.99948125247443860000
org.apache.commons.lang3.time.FastDateFormat:format:(Ljava/util/Date;)Ljava/lang/String;#708#37 prob_bp = 0.99953552491104940000
org.apache.commons.lang3.Validate:isTrue:(ZLjava/lang/String;J)V#106#0 prob_bp = 0.99989903308727450000
org.apache.commons.lang3.Validate:isTrue:(ZLjava/lang/String;J)V#106#1 prob_bp = 0.99993891490940410000
org.apache.commons.lang3.time.FastDateFormat:format:(Ljava/util/Calendar;)Ljava/lang/String;#718#13 prob_bp = 0.99999999999999860000
org.apache.commons.lang3.time.FastDateFormatTest:testFormat:()V#180#22 prob_bp = 1.00000000000000000000
org.apache.commons.lang3.time.FastDateFormatTest:testFormat:()V#180#41 prob_bp = 1.00000000000000000000
org.apache.commons.lang3.time.FastDateFormatTest:testFormat:()V#181#42 prob_bp = 1.00000000000000000000
org.apache.commons.lang3.time.FastDateFormatTest:testFormat:()V#181#60 prob_bp = 1.00000000000000000000
org.apache.commons.lang3.time.FastDateFormatTest:testFormat:()V#182#62 prob_bp = 1.00000000000000000000
org.apache.commons.lang3.time.FastDateFormatTest:testFormat:()V#182#63 prob_bp = 1.00000000000000000000
org.apache.commons.lang3.time.FastDateFormatTest:testFormat:()V#182#66 prob_bp = 1.00000000000000000000
org.apache.commons.lang3.time.FastDateFormatTest:testFormat:()V#183#68 prob_bp = 1.00000000000000000000
org.apache.commons.lang3.time.FastDateFormatTest:testFormat:()V#183#70 prob_bp = 1.00000000000000000000
org.apache.commons.lang3.time.FastDateFormatTest:testFormat:()V#183#73 prob_bp = 1.00000000000000000000
org.apache.commons.lang3.time.FastDateFormatTest:testFormat:()V#184#75 prob_bp = 1.00000000000000000000
org.apache.commons.lang3.time.FastDateFormatTest:testFormat:()V#184#77 prob_bp = 1.00000000000000000000
org.apache.commons.lang3.time.FastDateFormatTest:testFormat:()V#185#82 prob_bp = 1.00000000000000000000
org.apache.commons.lang3.time.FastDateFormatTest:testFormat:()V#185#84 prob_bp = 1.00000000000000000000
org.apache.commons.lang3.time.FastDateFormatTest:testFormat:()V#187#89 prob_bp = 1.00000000000000000000
org.apache.commons.lang3.time.FastDateFormatTest:testFormat:()V#187#91 prob_bp = 1.00000000000000000000
org.apache.commons.lang3.time.FastDateFormatTest:testFormat:()V#187#94 prob_bp = 1.00000000000000000000
org.apache.commons.lang3.time.FastDateFormatTest:testFormat:()V#189#114 prob_bp = 1.00000000000000000000
org.apache.commons.lang3.time.FastDateFormatTest:testFormat:()V#189#116 prob_bp = 1.00000000000000000000
org.apache.commons.lang3.time.FastDateFormatTest:testFormat:()V#189#118 prob_bp = 1.00000000000000000000
org.apache.commons.lang3.time.FastDateFormat:applyRules:(Ljava/util/Calendar;Ljava/lang/StringBuffer;)Ljava/lang/StringBuffer;#772#40 prob_bp = 1.00000000000000000000
org.apache.commons.lang3.time.FastDateFormat:applyRules:(Ljava/util/Calendar;Ljava/lang/StringBuffer;)Ljava/lang/StringBuffer;#772#41 prob_bp = 1.00000000000000000000
org.apache.commons.lang3.time.FastDateFormatTest:testFormat:()V#190#126 prob_bp = 1.00000000000000000000
org.apache.commons.lang3.time.FastDateFormatTest:testFormat:()V#190#128 prob_bp = 1.00000000000000000000
org.apache.commons.lang3.time.FastDateFormatTest:testFormat:()V#190#130 prob_bp = 1.00000000000000000000
org.apache.commons.lang3.time.FastDateFormatTest:testFormat:()V#191#138 prob_bp = 1.00000000000000000000
org.apache.commons.lang3.time.FastDateFormatTest:testFormat:()V#191#140 prob_bp = 1.00000000000000000000
org.apache.commons.lang3.time.FastDateFormatTest:testFormat:()V#191#141 prob_bp = 1.00000000000000000000
org.apache.commons.lang3.time.FastDateFormat:format:(Ljava/util/Calendar;Ljava/lang/StringBuffer;)Ljava/lang/StringBuffer;#757#3 prob_bp = 1.00000000000000000000
org.apache.commons.lang3.time.FastDateFormatTest:testFormat:()V#192#149 prob_bp = 1.00000000000000000000
org.apache.commons.lang3.time.FastDateFormatTest:testFormat:()V#192#153 prob_bp = 1.00000000000000000000
org.apache.commons.lang3.time.FastDateFormatTest:testFormat:()V#193#161 prob_bp = 1.00000000000000000000
org.apache.commons.lang3.time.FastDateFormatTest:testFormat:()V#193#163 prob_bp = 1.00000000000000000000
org.apache.commons.lang3.time.FastDateFormatTest:testFormat:()V#193#165 prob_bp = 1.00000000000000000000
org.apache.commons.lang3.time.FastDateFormatTest:testFormat:()V#194#173 prob_bp = 1.00000000000000000000
org.apache.commons.lang3.time.FastDateFormatTest:testFormat:()V#194#175 prob_bp = 1.00000000000000000000
org.apache.commons.lang3.time.FastDateFormatTest:testFormat:()V#194#177 prob_bp = 1.00000000000000000000
org.apache.commons.lang3.time.FastDateFormatTest:testFormat:()V#195#185 prob_bp = 1.00000000000000000000
org.apache.commons.lang3.time.FastDateFormatTest:testFormat:()V#195#189 prob_bp = 1.00000000000000000000
org.apache.commons.lang3.time.FastDateFormatTest:testFormat:()V#197#195 prob_bp = 1.00000000000000000000
org.apache.commons.lang3.time.FastDateFormatTest:testFormat:()V#197#197 prob_bp = 1.00000000000000000000
org.apache.commons.lang3.time.FastDateFormatTest:testFormat:()V#206#273 prob_bp = 1.00000000000000000000
org.apache.commons.lang3.time.FastDateFormatTest:testFormat:()V#206#275 prob_bp = 1.00000000000000000000
org.apache.commons.lang3.time.FastDateFormatTest:testFormat:()V#215#351 prob_bp = 1.00000000000000000000
org.apache.commons.lang3.time.FastDateFormatTest:testFormat:()V#215#353 prob_bp = 1.00000000000000000000
org.apache.commons.lang3.time.FastDateFormatTest:testFormat:()V#217#355 prob_bp = 1.00000000000000000000
org.apache.commons.lang3.time.FastDateFormatTest:testFormat:()V#217#357 prob_bp = 1.00000000000000000000
org.apache.commons.lang3.time.FastDateFormatTest:testFormat:()V#217#360 prob_bp = 1.00000000000000000000
org.apache.commons.lang3.time.FastDateFormatTest:testFormat:()V#220#387 prob_bp = 1.00000000000000000000
org.apache.commons.lang3.time.FastDateFormatTest:testFormat:()V#220#389 prob_bp = 1.00000000000000000000
org.apache.commons.lang3.time.FastDateFormatTest:testFormat:()V#220#391 prob_bp = 1.00000000000000000000
Belief propagation time : 44.501000s
