Belief propagation time: 31

Probabilities: 
Vars:802
Stmts:458
org.apache.commons.lang.time.StopWatch:stop:()V#115#13 prob_bp = 0.49999977453921270000
org.apache.commons.lang.time.StopWatch:stop:()V#115#12 prob_bp = 0.49999978328922573000
org.apache.commons.lang.time.StopWatch:stop:()V#115#9 prob_bp = 0.49999999401500705000
org.apache.commons.lang.time.StopWatch:stop:()V#115#8 prob_bp = 0.49999999481870550000
org.apache.commons.lang.time.StopWatch:suspend:()V#176#0 prob_bp = 0.50000000048761720000
org.apache.commons.lang.time.StopWatch:suspend:()V#176#1 prob_bp = 0.50000000056225080000
org.apache.commons.lang.time.StopWatch:suspend:()V#176#4 prob_bp = 0.50000001119054900000
org.apache.commons.lang.time.StopWatch:suspend:()V#176#5 prob_bp = 0.50000001164034480000
org.apache.commons.lang.time.StopWatch:getTime:()J#209#8 prob_bp = 0.50000055763336870000
org.apache.commons.lang.time.StopWatch:getTime:()J#209#9 prob_bp = 0.50000067104660680000
org.apache.commons.lang.time.StopWatch:suspend:()V#179#18 prob_bp = 0.50000116777668980000
org.apache.commons.lang.time.StopWatch:suspend:()V#179#19 prob_bp = 0.50000129503768340000
org.apache.commons.lang.time.StopWatch:suspend:()V#179#22 prob_bp = 0.50000134732769540000
org.apache.commons.lang.time.StopWatch:suspend:()V#180#25 prob_bp = 0.50000374227271760000
org.apache.commons.lang.time.StopWatch:suspend:()V#180#26 prob_bp = 0.50000415010472900000
org.apache.commons.lang.time.StopWatch:suspend:()V#180#27 prob_bp = 0.50000431766835570000
org.apache.commons.lang.time.StopWatch:getTime:()J#209#12 prob_bp = 0.50002288108833100000
org.apache.commons.lang.time.StopWatch:getTime:()J#209#13 prob_bp = 0.50002380487869500000
org.apache.commons.lang.time.StopWatch:start:()V#96#0 prob_bp = 0.50008643253113960000
org.apache.commons.lang.time.StopWatch:start:()V#96#1 prob_bp = 0.50008922801945730000
org.apache.commons.lang.time.StopWatch:start:()V#96#4 prob_bp = 0.50042008255463270000
org.apache.commons.lang.time.StopWatch:start:()V#96#5 prob_bp = 0.50043498491750580000
org.apache.commons.lang.time.StopWatch:start:()V#99#18 prob_bp = 0.50221237381506410000
org.apache.commons.lang.time.StopWatch:<init>:()V#65#4 prob_bp = 0.50222751424378980000
org.apache.commons.lang.time.StopWatch:<init>:()V#65#5 prob_bp = 0.50222751424378980000
org.apache.commons.lang.time.StopWatch:<init>:()V#65#6 prob_bp = 0.50227231302413580000
org.apache.commons.lang.time.StopWatch:start:()V#99#19 prob_bp = 0.50229998743200890000
org.apache.commons.lang.time.StopWatch:start:()V#104#49 prob_bp = 0.50415572261813220000
org.apache.commons.lang.time.StopWatch:start:()V#104#50 prob_bp = 0.50415574959936470000
org.apache.commons.lang.time.StopWatch:start:()V#104#51 prob_bp = 0.50423953938585930000
org.apache.commons.lang.time.StopWatch:start:()V#99#22 prob_bp = 0.50482152930599920000
org.apache.commons.lang.time.StopWatch:stop:()V#115#0 prob_bp = 0.50573702831351340000
org.apache.commons.lang.time.StopWatch:stop:()V#115#1 prob_bp = 0.50585245777172160000
org.apache.commons.lang.time.StopWatch:stop:()V#119#33 prob_bp = 0.50813727967544400000
org.apache.commons.lang.time.StopWatch:stop:()V#119#34 prob_bp = 0.50813786581048070000
org.apache.commons.lang.time.StopWatch:stop:()V#115#4 prob_bp = 0.50818828763050380000
org.apache.commons.lang.time.StopWatch:stop:()V#119#35 prob_bp = 0.50829963480685240000
org.apache.commons.lang.time.StopWatch:stop:()V#115#5 prob_bp = 0.50835164719244630000
org.apache.commons.lang.time.StopWatch:getTime:()J#209#0 prob_bp = 0.50875826839748710000
org.apache.commons.lang.time.StopWatch:getTime:()J#209#1 prob_bp = 0.50893162761015300000
org.apache.commons.lang.time.StopWatch:getTime:()J#209#4 prob_bp = 0.51106384715375320000
org.apache.commons.lang.time.StopWatch:getTime:()J#209#5 prob_bp = 0.51127964584954850000
org.apache.commons.lang.time.StopWatch:getTime:()J#210#21 prob_bp = 0.99454802500803510000
org.apache.commons.lang.time.StopWatch:start:()V#103#42 prob_bp = 0.99833490076961570000
org.apache.commons.lang.time.StopWatch:start:()V#103#43 prob_bp = 0.99837520701009610000
org.apache.commons.lang.time.StopWatch:stop:()V#118#26 prob_bp = 0.99887595724943470000
org.apache.commons.lang.time.StopWatch:stop:()V#118#27 prob_bp = 0.99893126258837650000
org.apache.commons.lang.time.StopWatch:start:()V#103#46 prob_bp = 0.99905030502716090000
org.apache.commons.lang.time.StopWatch:stop:()V#118#30 prob_bp = 0.99946480107781730000
org.apache.commons.lang.time.StopWatch:getTime:()J#210#17 prob_bp = 0.99986024636008540000
org.apache.commons.lang.time.StopWatch:getTime:()J#210#25 prob_bp = 0.99990000998454580000
org.apache.commons.lang.time.StopWatch:getTime:()J#210#20 prob_bp = 0.99990000999685010000
org.apache.commons.lang.time.StopWatch:getTime:()J#210#16 prob_bp = 0.99990000999689210000
org.apache.commons.lang.time.StopWatch:getTime:()J#210#24 prob_bp = 0.99990000999827710000
org.apache.commons.lang.time.StopWatchTest:testLang315:()V#112#0 prob_bp = 1.00000000000000000000
org.apache.commons.lang.time.StopWatchTest:testLang315:()V#112#3 prob_bp = 1.00000000000000000000
org.apache.commons.lang.time.StopWatchTest:testLang315:()V#112#4 prob_bp = 1.00000000000000000000
org.apache.commons.lang.time.StopWatchTest:testLang315:()V#112#7 prob_bp = 1.00000000000000000000
org.apache.commons.lang.time.StopWatchTest:testLang315:()V#113#8 prob_bp = 1.00000000000000000000
org.apache.commons.lang.time.StopWatchTest:testLang315:()V#113#9 prob_bp = 1.00000000000000000000
org.apache.commons.lang.time.StopWatchTest:testLang315:()V#115#22 prob_bp = 1.00000000000000000000
org.apache.commons.lang.time.StopWatchTest:testLang315:()V#115#23 prob_bp = 1.00000000000000000000
org.apache.commons.lang.time.StopWatchTest:testLang315:()V#116#26 prob_bp = 1.00000000000000000000
org.apache.commons.lang.time.StopWatchTest:testLang315:()V#116#27 prob_bp = 1.00000000000000000000
org.apache.commons.lang.time.StopWatchTest:testLang315:()V#116#30 prob_bp = 1.00000000000000000000
org.apache.commons.lang.time.StopWatchTest:testLang315:()V#118#42 prob_bp = 1.00000000000000000000
org.apache.commons.lang.time.StopWatchTest:testLang315:()V#118#43 prob_bp = 1.00000000000000000000
org.apache.commons.lang.time.StopWatchTest:testLang315:()V#119#46 prob_bp = 1.00000000000000000000
org.apache.commons.lang.time.StopWatchTest:testLang315:()V#119#47 prob_bp = 1.00000000000000000000
org.apache.commons.lang.time.StopWatchTest:testLang315:()V#119#50 prob_bp = 1.00000000000000000000
org.apache.commons.lang.time.StopWatchTest:testLang315:()V#120#52 prob_bp = 1.00000000000000000000
org.apache.commons.lang.time.StopWatchTest:testLang315:()V#120#53 prob_bp = 1.00000000000000000000
org.apache.commons.lang.time.StopWatchTest:testLang315:()V#120#55 prob_bp = 1.00000000000000000000
org.apache.commons.lang.time.StopWatchTest:testLang315:()V#120#56 prob_bp = 1.00000000000000000000
org.apache.commons.lang.time.StopWatchTest:testLang315:()V#120#63 prob_bp = 1.00000000000000000000
org.apache.commons.lang.time.StopWatchTest:testLang315:()V#120#64 prob_bp = 1.00000000000000000000
Belief propagation time : 0.148000s
