Belief propagation time: 100

Probabilities: 
Vars:86119
Stmts:3937
org.jfree.data.xy.XYSeries:addOrUpdate:(Ljava/lang/Number;Ljava/lang/Number;)Lorg/jfree/data/xy/XYDataItem;#564#109 prob_bp = 0.49999647190180290000
org.jfree.data.xy.XYSeries:addOrUpdate:(Ljava/lang/Number;Ljava/lang/Number;)Lorg/jfree/data/xy/XYDataItem;#564#100 prob_bp = 0.49999694484448215000
org.jfree.data.xy.XYSeries:addOrUpdate:(Ljava/lang/Number;Ljava/lang/Number;)Lorg/jfree/data/xy/XYDataItem;#564#99 prob_bp = 0.49999972248648020000
org.jfree.data.xy.XYSeries:addOrUpdate:(Ljava/lang/Number;Ljava/lang/Number;)Lorg/jfree/data/xy/XYDataItem;#564#98 prob_bp = 0.49999973323778435000
org.jfree.data.xy.XYSeries:addOrUpdate:(Ljava/lang/Number;Ljava/lang/Number;)Lorg/jfree/data/xy/XYDataItem;#564#97 prob_bp = 0.49999993067063087000
org.jfree.data.xy.XYSeries:addOrUpdate:(Ljava/lang/Number;Ljava/lang/Number;)Lorg/jfree/data/xy/XYDataItem;#564#95 prob_bp = 0.49999998232542840000
org.jfree.data.xy.XYSeries:addOrUpdate:(Ljava/lang/Number;Ljava/lang/Number;)Lorg/jfree/data/xy/XYDataItem;#564#92 prob_bp = 0.49999998665736650000
org.jfree.data.xy.XYSeries:addOrUpdate:(Ljava/lang/Number;Ljava/lang/Number;)Lorg/jfree/data/xy/XYDataItem;#547#21 prob_bp = 0.49999999515182625000
org.jfree.data.xy.XYSeries:addOrUpdate:(Ljava/lang/Number;Ljava/lang/Number;)Lorg/jfree/data/xy/XYDataItem;#564#91 prob_bp = 0.49999999537997486000
org.jfree.data.xy.XYSeries:<init>:(Ljava/lang/Comparable;ZZ)V#154#19 prob_bp = 0.50000000000000010000
org.jfree.data.xy.XYSeries:<init>:(Ljava/lang/Comparable;ZZ)V#154#11 prob_bp = 0.50000000000000060000
org.jfree.data.general.Series:<init>:(Ljava/lang/Comparable;Ljava/lang/String;)V#119#51 prob_bp = 0.50000000000000190000
org.jfree.data.xy.XYSeries:<init>:(Ljava/lang/Comparable;ZZ)V#154#12 prob_bp = 0.50000000000000230000
org.jfree.data.general.Series:<init>:(Ljava/lang/Comparable;Ljava/lang/String;)V#119#53 prob_bp = 0.50000000000000280000
org.jfree.data.general.Series:<init>:(Ljava/lang/Comparable;Ljava/lang/String;)V#119#52 prob_bp = 0.50000000000000300000
org.jfree.data.xy.XYSeries:<init>:(Ljava/lang/Comparable;ZZ)V#155#22 prob_bp = 0.50000000000073930000
org.jfree.data.xy.XYSeries:<init>:(Ljava/lang/Comparable;ZZ)V#155#23 prob_bp = 0.50000000000073950000
org.jfree.data.xy.XYSeries:<init>:(Ljava/lang/Comparable;ZZ)V#155#24 prob_bp = 0.50000000000076230000
org.jfree.data.xy.XYSeries:addOrUpdate:(Ljava/lang/Number;Ljava/lang/Number;)Lorg/jfree/data/xy/XYDataItem;#548#23 prob_bp = 0.50000000003076060000
org.jfree.data.xy.XYSeries:addOrUpdate:(Ljava/lang/Number;Ljava/lang/Number;)Lorg/jfree/data/xy/XYDataItem;#548#28 prob_bp = 0.50000000008633680000
org.jfree.data.xy.XYSeries:addOrUpdate:(Ljava/lang/Number;Ljava/lang/Number;)Lorg/jfree/data/xy/XYDataItem;#547#16 prob_bp = 0.50000000008932580000
org.jfree.data.xy.XYSeries:addOrUpdate:(Ljava/lang/Number;Ljava/lang/Number;)Lorg/jfree/data/xy/XYDataItem;#548#25 prob_bp = 0.50000000010855280000
org.jfree.data.xy.XYSeries:addOrUpdate:(Ljava/lang/Number;Ljava/lang/Number;)Lorg/jfree/data/xy/XYDataItem;#548#29 prob_bp = 0.50000000014489780000
org.jfree.data.xy.XYSeries:addOrUpdate:(Ljava/lang/Number;Ljava/lang/Number;)Lorg/jfree/data/xy/XYDataItem;#564#104 prob_bp = 0.50000000426572600000
org.jfree.data.xy.XYSeries:addOrUpdate:(Ljava/lang/Number;Ljava/lang/Number;)Lorg/jfree/data/xy/XYDataItem;#563#84 prob_bp = 0.50000001183708400000
org.jfree.data.xy.XYSeries:addOrUpdate:(Ljava/lang/Number;Ljava/lang/Number;)Lorg/jfree/data/xy/XYDataItem;#548#32 prob_bp = 0.50000002371032560000
org.jfree.data.xy.XYSeries:addOrUpdate:(Ljava/lang/Number;Ljava/lang/Number;)Lorg/jfree/data/xy/XYDataItem;#563#85 prob_bp = 0.50000002873501760000
org.jfree.data.xy.XYSeries:addOrUpdate:(Ljava/lang/Number;Ljava/lang/Number;)Lorg/jfree/data/xy/XYDataItem;#541#0 prob_bp = 0.50000005007599900000
org.jfree.data.xy.XYSeries:addOrUpdate:(Ljava/lang/Number;Ljava/lang/Number;)Lorg/jfree/data/xy/XYDataItem;#541#1 prob_bp = 0.50000005777659900000
org.jfree.data.xy.XYSeries:addOrUpdate:(DD)Lorg/jfree/data/xy/XYDataItem;#527#0 prob_bp = 0.50000015532064700000
org.jfree.data.xy.XYSeries:addOrUpdate:(Ljava/lang/Number;Ljava/lang/Number;)Lorg/jfree/data/xy/XYDataItem;#574#158 prob_bp = 0.50000027083341790000
org.jfree.data.xy.XYSeries:addOrUpdate:(Ljava/lang/Number;Ljava/lang/Number;)Lorg/jfree/data/xy/XYDataItem;#574#159 prob_bp = 0.50000046527437300000
org.jfree.data.xy.XYSeries:addOrUpdate:(Ljava/lang/Number;Ljava/lang/Number;)Lorg/jfree/data/xy/XYDataItem;#564#106 prob_bp = 0.50000081736109150000
org.jfree.data.xy.XYSeries:indexOf:(Ljava/lang/Number;)I#589#0 prob_bp = 0.50000136358214490000
org.jfree.data.xy.XYSeries:addOrUpdate:(Ljava/lang/Number;Ljava/lang/Number;)Lorg/jfree/data/xy/XYDataItem;#547#17 prob_bp = 0.50000138296099800000
org.jfree.data.xy.XYSeries:addOrUpdate:(Ljava/lang/Number;Ljava/lang/Number;)Lorg/jfree/data/xy/XYDataItem;#547#18 prob_bp = 0.50000159259319390000
org.jfree.data.xy.XYSeries:indexOf:(Ljava/lang/Number;)I#589#1 prob_bp = 0.50000174719042220000
org.jfree.data.general.Series:fireSeriesChanged:()V#314#12 prob_bp = 0.50000188006800440000
org.jfree.data.xy.XYSeries:addOrUpdate:(Ljava/lang/Number;Ljava/lang/Number;)Lorg/jfree/data/xy/XYDataItem;#563#88 prob_bp = 0.50000683748927520000
org.jfree.data.general.Series:fireSeriesChanged:()V#313#0 prob_bp = 0.50000745710862380000
org.jfree.data.general.SeriesChangeEvent:<init>:(Ljava/lang/Object;)V#61#1 prob_bp = 0.50001442208070890000
org.jfree.data.general.Series:fireSeriesChanged:()V#314#8 prob_bp = 0.50001675315140670000
org.jfree.data.general.Series:fireSeriesChanged:()V#314#11 prob_bp = 0.50001724529023950000
org.jfree.data.xy.XYSeries:<init>:(Ljava/lang/Comparable;ZZ)V#153#0 prob_bp = 0.50001754860799660000
org.jfree.data.general.Series:<init>:(Ljava/lang/Comparable;)V#102#0 prob_bp = 0.50001891480021150000
org.jfree.data.general.Series:fireSeriesChanged:()V#314#13 prob_bp = 0.50002384445496700000
org.jfree.data.general.Series:<init>:(Ljava/lang/Comparable;Ljava/lang/String;)V#111#0 prob_bp = 0.50002422413914020000
org.jfree.data.general.SeriesChangeEvent:<init>:(Ljava/lang/Object;)V#61#0 prob_bp = 0.50002459643932820000
org.jfree.data.general.Series:fireSeriesChanged:()V#313#1 prob_bp = 0.50002960383709570000
org.jfree.data.general.Series:<init>:(Ljava/lang/Comparable;Ljava/lang/String;)V#111#1 prob_bp = 0.50003136574308090000
org.jfree.data.general.SeriesChangeEvent:<init>:(Ljava/lang/Object;)V#61#2 prob_bp = 0.50004616921591730000
org.jfree.data.xy.XYSeries:addOrUpdate:(DD)Lorg/jfree/data/xy/XYDataItem;#527#1 prob_bp = 0.50012241967247530000
org.jfree.data.xy.XYSeries:addOrUpdate:(DD)Lorg/jfree/data/xy/XYDataItem;#527#17 prob_bp = 0.50012752639597980000
org.jfree.data.xy.XYSeries:indexOf:(Ljava/lang/Number;)I#589#4 prob_bp = 0.50015531853606100000
org.jfree.data.xy.XYSeries:indexOf:(Ljava/lang/Number;)I#590#7 prob_bp = 0.50061819651422550000
org.jfree.data.xy.XYSeries:indexOf:(Ljava/lang/Number;)I#590#8 prob_bp = 0.50077415820682450000
org.jfree.data.xy.XYSeries:indexOf:(Ljava/lang/Number;)I#590#15 prob_bp = 0.50078953499074890000
org.jfree.data.xy.XYSeries:indexOf:(Ljava/lang/Number;)I#590#17 prob_bp = 0.50092019717730830000
org.jfree.data.xy.XYDataItem:<init>:(Ljava/lang/Number;Ljava/lang/Number;)V#73#4 prob_bp = 0.50504035386630930000
org.jfree.data.xy.XYDataItem:<init>:(Ljava/lang/Number;Ljava/lang/Number;)V#73#5 prob_bp = 0.50845694730837660000
org.jfree.data.general.Series:fireSeriesChanged:()V#313#4 prob_bp = 0.50878849439277770000
org.jfree.data.xy.XYSeries:<init>:(Ljava/lang/Comparable;ZZ)V#153#1 prob_bp = 0.52678685928418110000
org.jfree.data.xy.XYSeries:<init>:(Ljava/lang/Comparable;ZZ)V#153#2 prob_bp = 0.52734911477357680000
org.jfree.data.general.Series:<init>:(Ljava/lang/Comparable;)V#102#1 prob_bp = 0.52842249620914150000
org.jfree.data.general.Series:<init>:(Ljava/lang/Comparable;)V#102#3 prob_bp = 0.53060719269609700000
org.jfree.data.general.Series:<init>:(Ljava/lang/Comparable;Ljava/lang/String;)V#112#4 prob_bp = 0.53486437002330980000
org.jfree.data.general.Series:<init>:(Ljava/lang/Comparable;Ljava/lang/String;)V#112#5 prob_bp = 0.54318250152068270000
org.jfree.data.xy.XYSeries:indexOf:(Ljava/lang/Number;)I#590#11 prob_bp = 0.55477631491191310000
org.jfree.data.xy.XYSeries:indexOf:(Ljava/lang/Number;)I#590#20 prob_bp = 0.55695697537885610000
org.jfree.data.xy.XYSeries:indexOf:(Ljava/lang/Number;)I#590#23 prob_bp = 0.98175760672914310000
org.jfree.data.xy.junit.XYSeriesTests:testBug1955483:()V#477#0 prob_bp = 1.00000000000000000000
org.jfree.data.xy.junit.XYSeriesTests:testBug1955483:()V#477#3 prob_bp = 1.00000000000000000000
org.jfree.data.xy.junit.XYSeriesTests:testBug1955483:()V#477#4 prob_bp = 1.00000000000000000000
org.jfree.data.xy.junit.XYSeriesTests:testBug1955483:()V#477#6 prob_bp = 1.00000000000000000000
org.jfree.data.xy.junit.XYSeriesTests:testBug1955483:()V#477#8 prob_bp = 1.00000000000000000000
org.jfree.data.xy.junit.XYSeriesTests:testBug1955483:()V#477#11 prob_bp = 1.00000000000000000000
org.jfree.data.xy.junit.XYSeriesTests:testBug1955483:()V#478#12 prob_bp = 1.00000000000000000000
org.jfree.data.xy.junit.XYSeriesTests:testBug1955483:()V#478#15 prob_bp = 1.00000000000000000000
org.jfree.data.xy.junit.XYSeriesTests:testBug1955483:()V#479#19 prob_bp = 1.00000000000000000000
org.jfree.data.xy.junit.XYSeriesTests:testBug1955483:()V#479#24 prob_bp = 1.00000000000000000000
Belief propagation time : 35.004000s
