Belief propagation time: 42

Probabilities: 
Vars:6110
Stmts:1263
org.apache.commons.lang3.LocaleUtils:toLocale:(Ljava/lang/String;)Ljava/util/Locale;#99#80 prob_bp = 0.47040386808930856000
org.apache.commons.lang3.LocaleUtils:toLocale:(Ljava/lang/String;)Ljava/util/Locale;#99#85 prob_bp = 0.47040386808930856000
org.apache.commons.lang3.LocaleUtils:toLocale:(Ljava/lang/String;)Ljava/util/Locale;#99#73 prob_bp = 0.47040386808930873000
org.apache.commons.lang3.LocaleUtils:toLocale:(Ljava/lang/String;)Ljava/util/Locale;#99#69 prob_bp = 0.47040386808930884000
org.apache.commons.lang3.LocaleUtils:toLocale:(Ljava/lang/String;)Ljava/util/Locale;#98#59 prob_bp = 0.49853797080936735000
org.apache.commons.lang3.LocaleUtils:toLocale:(Ljava/lang/String;)Ljava/util/Locale;#98#56 prob_bp = 0.49964033187606005000
org.apache.commons.lang3.LocaleUtils:toLocale:(Ljava/lang/String;)Ljava/util/Locale;#98#55 prob_bp = 0.49991295662099855000
org.apache.commons.lang3.LocaleUtils:toLocale:(Ljava/lang/String;)Ljava/util/Locale;#96#48 prob_bp = 0.49998034049826810000
org.apache.commons.lang3.LocaleUtils:toLocale:(Ljava/lang/String;)Ljava/util/Locale;#99#76 prob_bp = 0.50000000000000000000
org.apache.commons.lang3.LocaleUtils:toLocale:(Ljava/lang/String;)Ljava/util/Locale;#99#82 prob_bp = 0.50000000000000000000
org.apache.commons.lang3.LocaleUtils:toLocale:(Ljava/lang/String;)Ljava/util/Locale;#99#89 prob_bp = 0.50000000000000000000
org.apache.commons.lang3.LocaleUtils:toLocale:(Ljava/lang/String;)Ljava/util/Locale;#99#95 prob_bp = 0.50000000000000000000
org.apache.commons.lang3.LocaleUtils:toLocale:(Ljava/lang/String;)Ljava/util/Locale;#99#86 prob_bp = 0.50000000000000010000
org.apache.commons.lang3.LocaleUtils:toLocale:(Ljava/lang/String;)Ljava/util/Locale;#99#72 prob_bp = 0.50000000000000020000
org.apache.commons.lang3.LocaleUtils:toLocale:(Ljava/lang/String;)Ljava/util/Locale;#93#11 prob_bp = 0.50001312794724580000
org.apache.commons.lang3.LocaleUtils:toLocale:(Ljava/lang/String;)Ljava/util/Locale;#93#12 prob_bp = 0.50002188735150310000
org.apache.commons.lang3.LocaleUtils:toLocale:(Ljava/lang/String;)Ljava/util/Locale;#93#13 prob_bp = 0.50002259289149560000
org.apache.commons.lang3.LocaleUtils:toLocale:(Ljava/lang/String;)Ljava/util/Locale;#89#0 prob_bp = 0.50051141014891320000
org.apache.commons.lang3.LocaleUtils:toLocale:(Ljava/lang/String;)Ljava/util/Locale;#89#1 prob_bp = 0.50052204205757780000
org.apache.commons.lang3.LocaleUtils:toLocale:(Ljava/lang/String;)Ljava/util/Locale;#96#43 prob_bp = 0.50052307371117930000
org.apache.commons.lang3.LocaleUtils:toLocale:(Ljava/lang/String;)Ljava/util/Locale;#96#44 prob_bp = 0.50052310153594370000
org.apache.commons.lang3.LocaleUtils:toLocale:(Ljava/lang/String;)Ljava/util/Locale;#96#45 prob_bp = 0.50054374007404480000
org.apache.commons.lang3.LocaleUtils:toLocale:(Ljava/lang/String;)Ljava/util/Locale;#92#10 prob_bp = 0.50061814346694470000
org.apache.commons.lang3.LocaleUtils:toLocale:(Ljava/lang/String;)Ljava/util/Locale;#92#6 prob_bp = 0.50100321097033100000
org.apache.commons.lang3.LocaleUtils:toLocale:(Ljava/lang/String;)Ljava/util/Locale;#92#7 prob_bp = 0.50103986681116550000
org.apache.commons.lang3.LocaleUtils:toLocale:(Ljava/lang/String;)Ljava/util/Locale;#97#49 prob_bp = 0.50326044967768690000
org.apache.commons.lang3.LocaleUtils:toLocale:(Ljava/lang/String;)Ljava/util/Locale;#97#50 prob_bp = 0.50326063133475780000
org.apache.commons.lang3.LocaleUtils:toLocale:(Ljava/lang/String;)Ljava/util/Locale;#97#51 prob_bp = 0.50338997049505100000
org.apache.commons.lang3.LocaleUtilsTest:testLang865:()V#505#1 prob_bp = 1.00000000000000000000
org.apache.commons.lang3.LocaleUtilsTest:testLang865:()V#505#9 prob_bp = 1.00000000000000000000
org.apache.commons.lang3.LocaleUtilsTest:assertValidToLocale:(Ljava/lang/String;Ljava/lang/String;Ljava/lang/String;Ljava/lang/String;)V#119#0 prob_bp = 1.00000000000000000000
org.apache.commons.lang3.LocaleUtilsTest:assertValidToLocale:(Ljava/lang/String;Ljava/lang/String;Ljava/lang/String;Ljava/lang/String;)V#119#1 prob_bp = 1.00000000000000000000
Belief propagation time : 1.354000s
