Belief propagation time: 73

Probabilities: 
Vars:269937
Stmts:2642
org.apache.commons.lang.Entities:unescape:(Ljava/lang/String;)Ljava/lang/String;#837#143#unexe#9 prob_bp = 0.49999999996589150000
org.apache.commons.lang.Entities:unescape:(Ljava/lang/String;)Ljava/lang/String;#839#160#unexe#9 prob_bp = 0.49999999999155410000
org.apache.commons.lang.Entities:unescape:(Ljava/lang/String;)Ljava/lang/String;#840#169#unexe#9 prob_bp = 0.49999999999790967000
org.apache.commons.lang.Entities:unescape:(Ljava/lang/String;)Ljava/lang/String;#845#190#unexe#9 prob_bp = 0.49999999999948364000
org.apache.commons.lang.Entities:unescape:(Ljava/lang/String;)Ljava/lang/String;#845#197#unexe#9 prob_bp = 0.49999999999987355000
org.apache.commons.lang.Entities:unescape:(Ljava/lang/String;)Ljava/lang/String;#848#228 prob_bp = 0.49999999999997014000
org.apache.commons.lang.Entities:unescape:(Ljava/lang/String;)Ljava/lang/String;#848#225 prob_bp = 0.49999999999999410000
org.apache.commons.lang.IntHashMap:<init>:(IF)V#134#89 prob_bp = 0.49999999999999983000
org.apache.commons.lang.Entities:unescape:(Ljava/lang/String;)Ljava/lang/String;#822#51 prob_bp = 0.49999999999999994000
org.apache.commons.lang.IntHashMap:<init>:(IF)V#134#91 prob_bp = 0.50000000000000000000
org.apache.commons.lang.Entities:unescape:(Ljava/lang/String;)Ljava/lang/String;#848#219 prob_bp = 0.50000000000000000000
org.apache.commons.lang.Entities:unescape:(Ljava/lang/String;)Ljava/lang/String;#848#221 prob_bp = 0.50000000000000000000
org.apache.commons.lang.Entities:unescape:(Ljava/lang/String;)Ljava/lang/String;#848#222 prob_bp = 0.50000000000000000000
org.apache.commons.lang.IntHashMap:<init>:(IF)V#134#87 prob_bp = 0.50000000000000010000
org.apache.commons.lang.Entities:unescape:(Ljava/lang/String;)Ljava/lang/String;#822#48 prob_bp = 0.50000000000000010000
org.apache.commons.lang.Entities:unescape:(Ljava/lang/String;)Ljava/lang/String;#822#49 prob_bp = 0.50000000000000010000
org.apache.commons.lang.Entities:unescape:(Ljava/lang/String;)Ljava/lang/String;#822#54 prob_bp = 0.50000000000000010000
org.apache.commons.lang.Entities:unescape:(Ljava/lang/String;)Ljava/lang/String;#824#66 prob_bp = 0.50000000000000010000
org.apache.commons.lang.Entities:unescape:(Ljava/lang/String;)Ljava/lang/String;#824#69 prob_bp = 0.50000000000000010000
org.apache.commons.lang.IntHashMap:<init>:(IF)V#134#90 prob_bp = 0.50000000000000020000
org.apache.commons.lang.Entities:unescape:(Ljava/lang/String;)Ljava/lang/String;#824#68 prob_bp = 0.50000000000000020000
org.apache.commons.lang.IntHashMap:<init>:(IF)V#134#88 prob_bp = 0.50000000000000030000
org.apache.commons.lang.IntHashMap:<init>:(IF)V#134#93 prob_bp = 0.50000000000000030000
org.apache.commons.lang.Entities:unescape:(Ljava/lang/String;)Ljava/lang/String;#824#63 prob_bp = 0.50000000000000030000
org.apache.commons.lang.Entities:unescape:(Ljava/lang/String;)Ljava/lang/String;#824#64 prob_bp = 0.50000000000000030000
org.apache.commons.lang.Entities:unescape:(Ljava/lang/String;)Ljava/lang/String;#824#70 prob_bp = 0.50000000000000030000
org.apache.commons.lang.IntHashMap:<init>:(IF)V#134#92 prob_bp = 0.50000000000000060000
org.apache.commons.lang.Entities:unescape:(Ljava/lang/String;)Ljava/lang/String;#823#56 prob_bp = 0.50000000000000060000
org.apache.commons.lang.Entities:unescape:(Ljava/lang/String;)Ljava/lang/String;#829#94 prob_bp = 0.50000000000000060000
org.apache.commons.lang.Entities:unescape:(Ljava/lang/String;)Ljava/lang/String;#829#96 prob_bp = 0.50000000000000100000
org.apache.commons.lang.Entities:unescape:(Ljava/lang/String;)Ljava/lang/String;#829#97 prob_bp = 0.50000000000000100000
org.apache.commons.lang.Entities:unescape:(Ljava/lang/String;)Ljava/lang/String;#823#58 prob_bp = 0.50000000000000190000
org.apache.commons.lang.Entities:unescape:(Ljava/lang/String;)Ljava/lang/String;#823#60 prob_bp = 0.50000000000000190000
org.apache.commons.lang.Entities:unescape:(Ljava/lang/String;)Ljava/lang/String;#829#91 prob_bp = 0.50000000000000840000
org.apache.commons.lang.Entities:unescape:(Ljava/lang/String;)Ljava/lang/String;#829#92 prob_bp = 0.50000000000000840000
org.apache.commons.lang.Entities:unescape:(Ljava/lang/String;)Ljava/lang/String;#829#98 prob_bp = 0.50000000000000850000
org.apache.commons.lang.Entities:unescape:(Ljava/lang/String;)Ljava/lang/String;#825#75 prob_bp = 0.50000000000000940000
org.apache.commons.lang.Entities:unescape:(Ljava/lang/String;)Ljava/lang/String;#825#77 prob_bp = 0.50000000000003810000
org.apache.commons.lang.Entities:unescape:(Ljava/lang/String;)Ljava/lang/String;#825#78 prob_bp = 0.50000000000003960000
org.apache.commons.lang.Entities$PrimitiveEntityMap:<init>:()V#421#15 prob_bp = 0.50000000000008160000
org.apache.commons.lang.Entities$PrimitiveEntityMap:<init>:()V#421#19 prob_bp = 0.50000000000008420000
org.apache.commons.lang.Entities$PrimitiveEntityMap:<init>:()V#421#20 prob_bp = 0.50000000000008720000
org.apache.commons.lang.Entities:unescape:(Ljava/lang/String;)Ljava/lang/String;#840#163 prob_bp = 0.50000000000009880000
org.apache.commons.lang.Entities$PrimitiveEntityMap:<init>:()V#421#23 prob_bp = 0.50000000000023050000
org.apache.commons.lang.Entities$PrimitiveEntityMap:<init>:()V#421#16 prob_bp = 0.50000000000030450000
org.apache.commons.lang.Entities:unescape:(Ljava/lang/String;)Ljava/lang/String;#840#165 prob_bp = 0.50000000000041840000
org.apache.commons.lang.Entities$PrimitiveEntityMap:add:(Ljava/lang/String;I)V#428#19 prob_bp = 0.50000000000051800000
org.apache.commons.lang.Entities:unescape:(Ljava/lang/String;)Ljava/lang/String;#829#101 prob_bp = 0.50000000000097860000
org.apache.commons.lang.Entities$PrimitiveEntityMap:add:(Ljava/lang/String;I)V#428#20 prob_bp = 0.50000000000214240000
org.apache.commons.lang.Entities:unescape:(Ljava/lang/String;)Ljava/lang/String;#824#73 prob_bp = 0.50000000000215310000
org.apache.commons.lang.Entities:unescape:(Ljava/lang/String;)Ljava/lang/String;#835#127 prob_bp = 0.50000000000260110000
org.apache.commons.lang.Entities:unescape:(Ljava/lang/String;)Ljava/lang/String;#830#103 prob_bp = 0.50000000000492740000
org.apache.commons.lang.Entities:unescape:(Ljava/lang/String;)Ljava/lang/String;#835#129 prob_bp = 0.50000000000499680000
org.apache.commons.lang.Entities:unescape:(Ljava/lang/String;)Ljava/lang/String;#835#130 prob_bp = 0.50000000000519840000
org.apache.commons.lang.Entities:unescape:(Ljava/lang/String;)Ljava/lang/String;#835#131 prob_bp = 0.50000000001083360000
org.apache.commons.lang.IntHashMap:put:(ILjava/lang/Object;)Ljava/lang/Object;#307#73#unexe#3 prob_bp = 0.50000000001249180000
org.apache.commons.lang.Entities:unescape:(Ljava/lang/String;)Ljava/lang/String;#819#17 prob_bp = 0.50000000001456820000
org.apache.commons.lang.Entities:unescape:(Ljava/lang/String;)Ljava/lang/String;#819#18 prob_bp = 0.50000000001510780000
org.apache.commons.lang.Entities:unescape:(Ljava/lang/String;)Ljava/lang/String;#843#178 prob_bp = 0.50000000001658960000
org.apache.commons.lang.Entities:unescape:(Ljava/lang/String;)Ljava/lang/String;#830#105 prob_bp = 0.50000000002005950000
org.apache.commons.lang.Entities:unescape:(Ljava/lang/String;)Ljava/lang/String;#830#106 prob_bp = 0.50000000002086940000
org.apache.commons.lang.Entities:unescape:(Ljava/lang/String;)Ljava/lang/String;#820#28 prob_bp = 0.50000000003148830000
org.apache.commons.lang.Entities:unescape:(Ljava/lang/String;)Ljava/lang/String;#835#126 prob_bp = 0.50000000004409980000
org.apache.commons.lang.Entities$LookupEntityMap:<init>:()V#502#0 prob_bp = 0.50000000004470110000
org.apache.commons.lang.Entities:unescape:(Ljava/lang/String;)Ljava/lang/String;#835#133 prob_bp = 0.50000000004588430000
org.apache.commons.lang.IntHashMap:put:(ILjava/lang/Object;)Ljava/lang/Object;#317#112 prob_bp = 0.50000000005268020000
org.apache.commons.lang.Entities:unescape:(Ljava/lang/String;)Ljava/lang/String;#840#168 prob_bp = 0.50000000005674530000
org.apache.commons.lang.Entities:unescape:(Ljava/lang/String;)Ljava/lang/String;#820#26 prob_bp = 0.50000000005777800000
org.apache.commons.lang.Entities:unescape:(Ljava/lang/String;)Ljava/lang/String;#840#169 prob_bp = 0.50000000005903640000
org.apache.commons.lang.Entities:unescape:(Ljava/lang/String;)Ljava/lang/String;#820#27 prob_bp = 0.50000000006028580000
org.apache.commons.lang.Entities:unescape:(Ljava/lang/String;)Ljava/lang/String;#820#29 prob_bp = 0.50000000006151930000
org.apache.commons.lang.Entities:unescape:(Ljava/lang/String;)Ljava/lang/String;#843#180 prob_bp = 0.50000000006754870000
org.apache.commons.lang.Entities:unescape:(Ljava/lang/String;)Ljava/lang/String;#843#181 prob_bp = 0.50000000007027610000
org.apache.commons.lang.IntHashMap:put:(ILjava/lang/Object;)Ljava/lang/Object;#307#73#unexe#5 prob_bp = 0.50000000008604280000
org.apache.commons.lang.Entities$LookupEntityMap:<init>:()V#502#1 prob_bp = 0.50000000009435810000
org.apache.commons.lang.IntHashMap:put:(ILjava/lang/Object;)Ljava/lang/Object;#317#113 prob_bp = 0.50000000011159460000
org.apache.commons.lang.IntHashMap:put:(ILjava/lang/Object;)Ljava/lang/Object;#316#110 prob_bp = 0.50000000012030830000
org.apache.commons.lang.IntHashMap:put:(ILjava/lang/Object;)Ljava/lang/Object;#317#115 prob_bp = 0.50000000013904170000
org.apache.commons.lang.IntHashMap:put:(ILjava/lang/Object;)Ljava/lang/Object;#317#117 prob_bp = 0.50000000021446480000
org.apache.commons.lang.Entities:unescape:(Ljava/lang/String;)Ljava/lang/String;#835#136 prob_bp = 0.50000000038934330000
org.apache.commons.lang.Entities:unescape:(Ljava/lang/String;)Ljava/lang/String;#839#152 prob_bp = 0.50000000072709340000
org.apache.commons.lang.Entities:unescape:(Ljava/lang/String;)Ljava/lang/String;#821#36 prob_bp = 0.50000000075969840000
org.apache.commons.lang.Entities:unescape:(Ljava/lang/String;)Ljava/lang/String;#845#186 prob_bp = 0.50000000078122050000
org.apache.commons.lang.Entities:unescape:(Ljava/lang/String;)Ljava/lang/String;#821#37 prob_bp = 0.50000000090718300000
org.apache.commons.lang.Entities:unescape:(Ljava/lang/String;)Ljava/lang/String;#821#39 prob_bp = 0.50000000120270020000
org.apache.commons.lang.Entities:unescape:(Ljava/lang/String;)Ljava/lang/String;#837#138 prob_bp = 0.50000000121264620000
org.apache.commons.lang.Entities:<init>:()V#693#4 prob_bp = 0.50000000124665420000
org.apache.commons.lang.Entities:<init>:()V#693#12 prob_bp = 0.50000000127221460000
org.apache.commons.lang.IntHashMap:put:(ILjava/lang/Object;)Ljava/lang/Object;#307#65 prob_bp = 0.50000000134568180000
org.apache.commons.lang.IntHashMap:put:(ILjava/lang/Object;)Ljava/lang/Object;#307#69 prob_bp = 0.50000000155818860000
org.apache.commons.lang.Entities:unescape:(Ljava/lang/String;)Ljava/lang/String;#821#45 prob_bp = 0.50000000180400280000
org.apache.commons.lang.Entities:unescape:(Ljava/lang/String;)Ljava/lang/String;#839#154 prob_bp = 0.50000000295482660000
org.apache.commons.lang.Entities:unescape:(Ljava/lang/String;)Ljava/lang/String;#839#155 prob_bp = 0.50000000307381860000
org.apache.commons.lang.Entities:unescape:(Ljava/lang/String;)Ljava/lang/String;#845#188 prob_bp = 0.50000000318046840000
org.apache.commons.lang.Entities:unescape:(Ljava/lang/String;)Ljava/lang/String;#845#190 prob_bp = 0.50000000330888920000
org.apache.commons.lang.Entities:unescape:(Ljava/lang/String;)Ljava/lang/String;#837#140 prob_bp = 0.50000000513619130000
org.apache.commons.lang.IntHashMap:put:(ILjava/lang/Object;)Ljava/lang/Object;#307#66 prob_bp = 0.50000000568602130000
org.apache.commons.lang.IntHashMap:put:(ILjava/lang/Object;)Ljava/lang/Object;#307#70 prob_bp = 0.50000000658394250000
org.apache.commons.lang.IntHashMap:put:(ILjava/lang/Object;)Ljava/lang/Object;#298#8 prob_bp = 0.50000000973427730000
org.apache.commons.lang.IntHashMap:put:(ILjava/lang/Object;)Ljava/lang/Object;#298#10 prob_bp = 0.50000001030177670000
org.apache.commons.lang.IntHashMap:put:(ILjava/lang/Object;)Ljava/lang/Object;#298#12 prob_bp = 0.50000001051105300000
org.apache.commons.lang.Entities:unescape:(Ljava/lang/String;)Ljava/lang/String;#837#143 prob_bp = 0.50000001790170810000
org.apache.commons.lang.IntHashMap:<init>:(IF)V#128#68 prob_bp = 0.50000002375395420000
org.apache.commons.lang.IntHashMap:<init>:(IF)V#128#69 prob_bp = 0.50000002535198950000
org.apache.commons.lang.Entities$PrimitiveEntityMap:add:(Ljava/lang/String;I)V#428#23 prob_bp = 0.50000005654965230000
org.apache.commons.lang.Entities:<init>:()V#693#8 prob_bp = 0.50000005985160880000
org.apache.commons.lang.Entities:<init>:()V#693#5 prob_bp = 0.50000005991305520000
org.apache.commons.lang.Entities:<init>:()V#693#9 prob_bp = 0.50000006224812570000
org.apache.commons.lang.IntHashMap:put:(ILjava/lang/Object;)Ljava/lang/Object;#298#13 prob_bp = 0.50000006797960520000
org.apache.commons.lang.Entities:unescape:(Ljava/lang/String;)Ljava/lang/String;#820#25 prob_bp = 0.50000007350398850000
org.apache.commons.lang.Entities:unescape:(Ljava/lang/String;)Ljava/lang/String;#820#32 prob_bp = 0.50000007512264240000
org.apache.commons.lang.Entities:unescape:(Ljava/lang/String;)Ljava/lang/String;#843#184 prob_bp = 0.50000008393038890000
org.apache.commons.lang.IntHashMap:put:(ILjava/lang/Object;)Ljava/lang/Object;#298#14 prob_bp = 0.50000015164091460000
org.apache.commons.lang.Entities$PrimitiveEntityMap:add:(Ljava/lang/String;I)V#428#25 prob_bp = 0.50000028872150680000
org.apache.commons.lang.IntHashMap:put:(ILjava/lang/Object;)Ljava/lang/Object;#298#15 prob_bp = 0.50000032163855500000
org.apache.commons.lang.IntHashMap:<init>:(IF)V#128#69#unexe#1 prob_bp = 0.50000034674017790000
org.apache.commons.lang.IntHashMap:<init>:(IF)V#133#80 prob_bp = 0.50000038974305990000
org.apache.commons.lang.Entities:unescape:(Ljava/lang/String;)Ljava/lang/String;#845#193 prob_bp = 0.50000042175898870000
org.apache.commons.lang.IntHashMap:<init>:(IF)V#133#81 prob_bp = 0.50000047710174180000
org.apache.commons.lang.IntHashMap:<init>:()V#96#0 prob_bp = 0.50000057682216080000
org.apache.commons.lang.IntHashMap:<init>:(IF)V#133#79 prob_bp = 0.50000061027731470000
org.apache.commons.lang.IntHashMap:<init>:(IF)V#133#84 prob_bp = 0.50000065456760650000
org.apache.commons.lang.Entities:unescape:(Ljava/lang/String;)Ljava/lang/String;#845#195 prob_bp = 0.50000171687890220000
org.apache.commons.lang.IntHashMap:put:(ILjava/lang/Object;)Ljava/lang/Object;#307#73 prob_bp = 0.50000174416765800000
org.apache.commons.lang.Entities:unescape:(Ljava/lang/String;)Ljava/lang/String;#845#197 prob_bp = 0.50000178618895830000
org.apache.commons.lang.Entities:unescape:(Ljava/lang/String;)Ljava/lang/String;#839#158 prob_bp = 0.50000265351874970000
org.apache.commons.lang.Entities:unescape:(Ljava/lang/String;)Ljava/lang/String;#839#160 prob_bp = 0.50000276037668160000
org.apache.commons.lang.IntHashMap:put:(ILjava/lang/Object;)Ljava/lang/Object;#296#0 prob_bp = 0.50000303145214520000
org.apache.commons.lang.IntHashMap:put:(ILjava/lang/Object;)Ljava/lang/Object;#296#1 prob_bp = 0.50000309393935460000
org.apache.commons.lang.Entities:unescape:(Ljava/lang/String;)Ljava/lang/String;#857#249 prob_bp = 0.50000311456333670000
org.apache.commons.lang.Entities:unescape:(Ljava/lang/String;)Ljava/lang/String;#821#41 prob_bp = 0.50000468789921040000
org.apache.commons.lang.Entities:unescape:(Ljava/lang/String;)Ljava/lang/String;#821#42 prob_bp = 0.50000487797792450000
org.apache.commons.lang.Entities:unescape:(Ljava/lang/String;)Ljava/lang/String;#857#251 prob_bp = 0.50000548431301350000
org.apache.commons.lang.Entities:unescape:(Ljava/lang/String;)Ljava/lang/String;#857#252 prob_bp = 0.50000559512289690000
org.apache.commons.lang.IntHashMap:put:(ILjava/lang/Object;)Ljava/lang/Object;#297#5 prob_bp = 0.50000584776431230000
org.apache.commons.lang.IntHashMap:put:(ILjava/lang/Object;)Ljava/lang/Object;#297#6 prob_bp = 0.50000930946264430000
org.apache.commons.lang.IntHashMap:put:(ILjava/lang/Object;)Ljava/lang/Object;#296#4 prob_bp = 0.50001310517048900000
org.apache.commons.lang.IntHashMap:put:(ILjava/lang/Object;)Ljava/lang/Object;#299#18 prob_bp = 0.50003338349714050000
org.apache.commons.lang.Entities:unescape:(Ljava/lang/String;)Ljava/lang/String;#862#280 prob_bp = 0.50004687798012560000
org.apache.commons.lang.IntHashMap:put:(ILjava/lang/Object;)Ljava/lang/Object;#298#16 prob_bp = 0.50006649724597670000
org.apache.commons.lang.IntHashMap:put:(ILjava/lang/Object;)Ljava/lang/Object;#299#19 prob_bp = 0.50006918823313070000
org.apache.commons.lang.IntHashMap:put:(ILjava/lang/Object;)Ljava/lang/Object;#299#21 prob_bp = 0.50007466423060380000
org.apache.commons.lang.Entities:unescape:(Ljava/lang/String;)Ljava/lang/String;#862#282 prob_bp = 0.50012125838501340000
org.apache.commons.lang.IntHashMap:put:(ILjava/lang/Object;)Ljava/lang/Object;#316#95 prob_bp = 0.50021274179990160000
org.apache.commons.lang.Entities:unescape:(Ljava/lang/String;)Ljava/lang/String;#862#279 prob_bp = 0.50040220978362640000
org.apache.commons.lang.Entities:unescape:(Ljava/lang/String;)Ljava/lang/String;#862#283 prob_bp = 0.50041957327938810000
org.apache.commons.lang.Entities:addEntity:(Ljava/lang/String;I)V#713#5 prob_bp = 0.50088583695522440000
org.apache.commons.lang.IntHashMap:put:(ILjava/lang/Object;)Ljava/lang/Object;#299#22 prob_bp = 0.50112816209579560000
org.apache.commons.lang.Entities:addEntity:(Ljava/lang/String;I)V#713#0 prob_bp = 0.50274643670470650000
org.apache.commons.lang.Entities:addEntity:(Ljava/lang/String;I)V#713#1 prob_bp = 0.50388971037216800000
org.apache.commons.lang.IntHashMap:put:(ILjava/lang/Object;)Ljava/lang/Object;#299#24 prob_bp = 0.50391261628115440000
org.apache.commons.lang.IntHashMap:<init>:()V#96#3 prob_bp = 0.50436519835770940000
org.apache.commons.lang.IntHashMap:<init>:(IF)V#125#35 prob_bp = 0.50529882056966950000
org.apache.commons.lang.IntHashMap:<init>:(IF)V#125#36 prob_bp = 0.50575979811737630000
org.apache.commons.lang.IntHashMap:<init>:(IF)V#125#37 prob_bp = 0.50594284290585730000
org.apache.commons.lang.IntHashMap:put:(ILjava/lang/Object;)Ljava/lang/Object;#299#26 prob_bp = 0.51257946705405730000
org.apache.commons.lang.Entities:unescape:(Ljava/lang/String;)Ljava/lang/String;#814#0 prob_bp = 0.52151322007145880000
org.apache.commons.lang.Entities:unescape:(Ljava/lang/String;)Ljava/lang/String;#814#1 prob_bp = 0.52151758988109840000
org.apache.commons.lang.Entities:unescape:(Ljava/lang/String;)Ljava/lang/String;#814#3 prob_bp = 0.52192980856823570000
org.apache.commons.lang.Entities:unescape:(Ljava/lang/String;)Ljava/lang/String;#814#6 prob_bp = 0.52356267512270930000
org.apache.commons.lang.Entities:unescape:(Ljava/lang/String;)Ljava/lang/String;#815#7 prob_bp = 0.52689265051968810000
org.apache.commons.lang.Entities:unescape:(Ljava/lang/String;)Ljava/lang/String;#815#8 prob_bp = 0.53386215590348680000
org.apache.commons.lang.IntHashMap:<init>:()V#96#1 prob_bp = 0.53535553813670040000
org.apache.commons.lang.IntHashMap:<init>:()V#96#5 prob_bp = 0.53988693846281190000
org.apache.commons.lang.IntHashMap:<init>:(IF)V#122#4 prob_bp = 0.54398527195818640000
org.apache.commons.lang.IntHashMap:<init>:(IF)V#122#5 prob_bp = 0.54804940880563300000
org.apache.commons.lang.Entities:addEntity:(Ljava/lang/String;I)V#713#6 prob_bp = 0.57524381654224520000
org.apache.commons.lang.IntHashMap:<init>:(IF)V#125#38 prob_bp = 0.85060332030226990000
org.apache.commons.lang.Entities:unescape:(Ljava/lang/String;)Ljava/lang/String;#819#13 prob_bp = 0.92402530291898040000
org.apache.commons.lang.Entities:unescape:(Ljava/lang/String;)Ljava/lang/String;#819#24 prob_bp = 0.93360089350028570000
org.apache.commons.lang.Entities:unescape:(Ljava/lang/String;)Ljava/lang/String;#869#307 prob_bp = 0.95559063915044460000
org.apache.commons.lang.Entities:unescape:(Ljava/lang/String;)Ljava/lang/String;#869#311 prob_bp = 0.99009505885899770000
org.apache.commons.lang.Entities:unescape:(Ljava/lang/String;)Ljava/lang/String;#869#308 prob_bp = 0.99960466761270630000
org.apache.commons.lang.EntitiesTest:setUp:()V#54#0 prob_bp = 1.00000000000000000000
org.apache.commons.lang.EntitiesTest:setUp:()V#54#1 prob_bp = 1.00000000000000000000
org.apache.commons.lang.EntitiesTest:setUp:()V#54#4 prob_bp = 1.00000000000000000000
org.apache.commons.lang.EntitiesTest:setUp:()V#54#5 prob_bp = 1.00000000000000000000
org.apache.commons.lang.EntitiesTest:setUp:()V#54#8 prob_bp = 1.00000000000000000000
org.apache.commons.lang.EntitiesTest:setUp:()V#55#11 prob_bp = 1.00000000000000000000
org.apache.commons.lang.EntitiesTest:setUp:()V#55#12 prob_bp = 1.00000000000000000000
org.apache.commons.lang.EntitiesTest:setUp:()V#55#17 prob_bp = 1.00000000000000000000
org.apache.commons.lang.EntitiesTest:setUp:()V#55#20 prob_bp = 1.00000000000000000000
org.apache.commons.lang.EntitiesTest:setUp:()V#56#23 prob_bp = 1.00000000000000000000
org.apache.commons.lang.EntitiesTest:setUp:()V#56#24 prob_bp = 1.00000000000000000000
org.apache.commons.lang.EntitiesTest:setUp:()V#56#29 prob_bp = 1.00000000000000000000
org.apache.commons.lang.EntitiesTest:setUp:()V#56#32 prob_bp = 1.00000000000000000000
org.apache.commons.lang.EntitiesTest:testNumberOverflow:()V#201#1 prob_bp = 1.00000000000000000000
org.apache.commons.lang.EntitiesTest:testNumberOverflow:()V#201#3 prob_bp = 1.00000000000000000000
org.apache.commons.lang.EntitiesTest:testNumberOverflow:()V#201#5 prob_bp = 1.00000000000000000000
org.apache.commons.lang.EntitiesTest:doTestUnescapeEntity:(Ljava/lang/String;Ljava/lang/String;)V#101#0 prob_bp = 1.00000000000000000000
org.apache.commons.lang.EntitiesTest:doTestUnescapeEntity:(Ljava/lang/String;Ljava/lang/String;)V#101#5 prob_bp = 1.00000000000000000000
org.apache.commons.lang.EntitiesTest:doTestUnescapeEntity:(Ljava/lang/String;Ljava/lang/String;)V#101#6 prob_bp = 1.00000000000000000000
org.apache.commons.lang.EntitiesTest:doTestUnescapeEntity:(Ljava/lang/String;Ljava/lang/String;)V#101#9 prob_bp = 1.00000000000000000000
Belief propagation time : 32.939000s
