Belief propagation time: 100

Probabilities: 
Vars:13902
Stmts:2119
org.apache.commons.math.stat.regression.SimpleRegression:addData:(DD)V#108#14 prob_bp = 0.50000000001858480000
org.apache.commons.math.stat.regression.SimpleRegression:addData:(DD)V#108#15 prob_bp = 0.50000000001858480000
org.apache.commons.math.stat.regression.SimpleRegression:addData:(DD)V#108#16 prob_bp = 0.50000000001919150000
org.apache.commons.math.stat.regression.SimpleRegression:addData:(DD)V#111#31 prob_bp = 0.50000000002379240000
org.apache.commons.math.stat.regression.SimpleRegression:addData:(DD)V#111#32 prob_bp = 0.50000000002435400000
org.apache.commons.math.stat.regression.SimpleRegression:addData:(DD)V#111#30 prob_bp = 0.50000000004688570000
org.apache.commons.math.stat.regression.SimpleRegression:addData:(DD)V#111#35 prob_bp = 0.50000000004798650000
org.apache.commons.math.stat.regression.SimpleRegression:addData:(DD)V#113#71 prob_bp = 0.50000000006209490000
org.apache.commons.math.stat.regression.SimpleRegression:addData:(DD)V#113#73 prob_bp = 0.50000000006209490000
org.apache.commons.math.stat.regression.SimpleRegression:addData:(DD)V#112#43 prob_bp = 0.50000000011627610000
org.apache.commons.math.stat.regression.SimpleRegression:addData:(DD)V#112#45 prob_bp = 0.50000000011627610000
org.apache.commons.math.stat.regression.SimpleRegression:addData:(DD)V#110#23 prob_bp = 0.50000000013322490000
org.apache.commons.math.stat.regression.SimpleRegression:addData:(DD)V#110#24 prob_bp = 0.50000000013955670000
org.apache.commons.math.stat.regression.SimpleRegression:addData:(DD)V#113#75 prob_bp = 0.50000000014168120000
org.apache.commons.math.stat.regression.SimpleRegression:addData:(DD)V#111#36 prob_bp = 0.50000000015713820000
org.apache.commons.math.stat.regression.SimpleRegression:addData:(DD)V#114#99 prob_bp = 0.50000000027089760000
org.apache.commons.math.stat.regression.SimpleRegression:addData:(DD)V#114#101 prob_bp = 0.50000000027089770000
org.apache.commons.math.stat.regression.SimpleRegression:addData:(DD)V#112#47 prob_bp = 0.50000000027407240000
org.apache.commons.math.stat.regression.SimpleRegression:addData:(DD)V#114#103 prob_bp = 0.50000000063107510000
org.apache.commons.math.stat.regression.SimpleRegression:addData:(DD)V#113#76 prob_bp = 0.50000000089042010000
org.apache.commons.math.stat.regression.SimpleRegression:addData:(DD)V#113#77 prob_bp = 0.50000000091027840000
org.apache.commons.math.stat.regression.SimpleRegression:addData:(DD)V#110#22 prob_bp = 0.50000000148491030000
org.apache.commons.math.stat.regression.SimpleRegression:addData:(DD)V#110#27 prob_bp = 0.50000000156500260000
org.apache.commons.math.stat.regression.SimpleRegression:addData:(DD)V#112#48 prob_bp = 0.50000000170024830000
org.apache.commons.math.stat.regression.SimpleRegression:addData:(DD)V#112#49 prob_bp = 0.50000000174052520000
org.apache.commons.math.stat.regression.SimpleRegression:addData:(DD)V#113#80 prob_bp = 0.50000000371287980000
org.apache.commons.math.stat.regression.SimpleRegression:addData:(DD)V#114#104 prob_bp = 0.50000000394789300000
org.apache.commons.math.stat.regression.SimpleRegression:addData:(DD)V#114#105 prob_bp = 0.50000000404066980000
org.apache.commons.math.stat.regression.SimpleRegression:addData:(DD)V#112#52 prob_bp = 0.50000000756122560000
org.apache.commons.math.stat.regression.SimpleRegression:addData:(DD)V#113#81 prob_bp = 0.50000000973316280000
org.apache.commons.math.stat.regression.SimpleRegression:addData:(DD)V#114#108 prob_bp = 0.50000001709445850000
org.apache.commons.math.stat.regression.SimpleRegression:addData:(DD)V#112#53 prob_bp = 0.50000002064685860000
org.apache.commons.math.stat.regression.SimpleRegression:addData:(DD)V#110#28 prob_bp = 0.50000002314029560000
org.apache.commons.math.stat.regression.SimpleRegression:addData:(DD)V#113#82 prob_bp = 0.50000003096958160000
org.apache.commons.math.stat.regression.SimpleRegression:addData:(DD)V#113#83 prob_bp = 0.50000003166100380000
org.apache.commons.math.stat.regression.SimpleRegression:addData:(DD)V#114#109 prob_bp = 0.50000004593888570000
org.apache.commons.math.stat.regression.SimpleRegression:addData:(DD)V#112#54 prob_bp = 0.50000005844760180000
org.apache.commons.math.stat.regression.SimpleRegression:addData:(DD)V#112#55 prob_bp = 0.50000005983102580000
org.apache.commons.math.stat.regression.SimpleRegression:addData:(DD)V#113#86 prob_bp = 0.50000012915108340000
org.apache.commons.math.stat.regression.SimpleRegression:addData:(DD)V#114#110 prob_bp = 0.50000013625873620000
org.apache.commons.math.stat.regression.SimpleRegression:addData:(DD)V#114#111 prob_bp = 0.50000013946194610000
org.apache.commons.math.stat.regression.SimpleRegression:addData:(DD)V#112#58 prob_bp = 0.50000025908783320000
org.apache.commons.math.stat.regression.SimpleRegression:addData:(DD)V#113#87 prob_bp = 0.50000033127936750000
org.apache.commons.math.stat.regression.SimpleRegression:addData:(DD)V#113#88 prob_bp = 0.50000033858946390000
org.apache.commons.math.stat.regression.SimpleRegression:addData:(DD)V#107#9 prob_bp = 0.50000041893297710000
org.apache.commons.math.stat.regression.SimpleRegression:addData:(DD)V#107#10 prob_bp = 0.50000041894246350000
org.apache.commons.math.stat.regression.SimpleRegression:addData:(DD)V#107#11 prob_bp = 0.50000043192835710000
org.apache.commons.math.stat.regression.SimpleRegression:addData:(DD)V#114#114 prob_bp = 0.50000058925468150000
org.apache.commons.math.stat.regression.SimpleRegression:addData:(DD)V#112#59 prob_bp = 0.50000068991873810000
org.apache.commons.math.stat.regression.SimpleRegression:addData:(DD)V#112#60 prob_bp = 0.50000070613640590000
org.apache.commons.math.stat.regression.SimpleRegression:addData:(DD)V#113#89 prob_bp = 0.50000128314249550000
org.apache.commons.math.stat.regression.SimpleRegression:addData:(DD)V#114#115 prob_bp = 0.50000154612011020000
org.apache.commons.math.stat.regression.SimpleRegression:addData:(DD)V#114#116 prob_bp = 0.50000158222571430000
org.apache.commons.math.stat.regression.SimpleRegression:addData:(DD)V#112#61 prob_bp = 0.50000293718843270000
org.apache.commons.math.stat.regression.SimpleRegression:addData:(DD)V#114#117 prob_bp = 0.50000634254198280000
org.apache.commons.math.stat.regression.SimpleRegression:<init>:()V#75#29 prob_bp = 0.50001071672041440000
org.apache.commons.math.stat.regression.SimpleRegression:<init>:()V#75#30 prob_bp = 0.50001071672240720000
org.apache.commons.math.stat.regression.SimpleRegression:<init>:()V#75#31 prob_bp = 0.50001093956001640000
org.apache.commons.math.stat.regression.SimpleRegression:addData:(DD)V#120#181 prob_bp = 0.50007621583741650000
org.apache.commons.math.stat.regression.SimpleRegression:addData:(DD)V#120#182 prob_bp = 0.50008454748724000000
org.apache.commons.math.stat.regression.SimpleRegression:addData:(DD)V#106#0 prob_bp = 0.50013778191609280000
org.apache.commons.math.stat.regression.SimpleRegression:addData:(DD)V#106#1 prob_bp = 0.50014070693065770000
org.apache.commons.math.stat.regression.SimpleRegression:addData:(DD)V#106#4 prob_bp = 0.50053420323042990000
org.apache.commons.math.stat.regression.SimpleRegression:addData:(DD)V#106#5 prob_bp = 0.50054544525542930000
org.apache.commons.math.stat.regression.SimpleRegression:addData:(DD)V#120#185 prob_bp = 0.50169783059611460000
org.apache.commons.math.stat.regression.SimpleRegression:addData:(DD)V#120#186 prob_bp = 0.50174567354546020000
org.apache.commons.math.stat.regression.SimpleRegression:<init>:()V#69#19 prob_bp = 0.51116455437467800000
org.apache.commons.math.stat.regression.SimpleRegression:<init>:()V#69#20 prob_bp = 0.51116455437467830000
org.apache.commons.math.stat.regression.SimpleRegression:<init>:()V#69#21 prob_bp = 0.51139639437854830000
org.apache.commons.math.stat.regression.SimpleRegression:addData:(DD)V#113#67 prob_bp = 0.51182153119461080000
org.apache.commons.math.stat.regression.SimpleRegression:addData:(DD)V#113#68 prob_bp = 0.51230608244410970000
org.apache.commons.math.stat.regression.SimpleRegression:addData:(DD)V#120#180 prob_bp = 0.51364362532270790000
org.apache.commons.math.stat.regression.SimpleRegression:addData:(DD)V#120#187 prob_bp = 0.51466432560396910000
org.apache.commons.math.stat.regression.SimpleRegression:addData:(DD)V#113#90 prob_bp = 0.51991935838430370000
org.apache.commons.math.stat.regression.SimpleRegression:<init>:()V#63#9 prob_bp = 0.52684076463628970000
org.apache.commons.math.stat.regression.SimpleRegression:<init>:()V#63#10 prob_bp = 0.52684076471576610000
org.apache.commons.math.stat.regression.SimpleRegression:<init>:()V#63#11 prob_bp = 0.52738490461178690000
org.apache.commons.math.stat.regression.SimpleRegression:addData:(DD)V#112#39 prob_bp = 0.52840075322652120000
org.apache.commons.math.stat.regression.SimpleRegression:addData:(DD)V#112#40 prob_bp = 0.52948764056717150000
org.apache.commons.math.stat.regression.SimpleRegression:addData:(DD)V#112#62 prob_bp = 0.54763546319000710000
org.apache.commons.math.stat.regression.SimpleRegression:addData:(DD)V#113#91 prob_bp = 0.55267988901414370000
org.apache.commons.math.stat.regression.SimpleRegression:addData:(DD)V#113#66 prob_bp = 0.56085482251002590000
org.apache.commons.math.stat.regression.SimpleRegression:<init>:()V#72#25 prob_bp = 0.56338935524617920000
org.apache.commons.math.stat.regression.SimpleRegression:<init>:()V#72#24 prob_bp = 0.56338935524617940000
org.apache.commons.math.stat.regression.SimpleRegression:<init>:()V#72#26 prob_bp = 0.56462886589859420000
org.apache.commons.math.stat.regression.SimpleRegression:addData:(DD)V#114#95 prob_bp = 0.56679940491977880000
org.apache.commons.math.stat.regression.SimpleRegression:addData:(DD)V#114#96 prob_bp = 0.56891379561537620000
org.apache.commons.math.stat.regression.SimpleRegression:addData:(DD)V#114#118 prob_bp = 0.59659059510356690000
org.apache.commons.math.stat.regression.SimpleRegression:addData:(DD)V#112#63 prob_bp = 0.62102861646257430000
org.apache.commons.math.stat.regression.SimpleRegression:addData:(DD)V#112#38 prob_bp = 0.63614058761233360000
org.apache.commons.math.stat.regression.SimpleRegression:addData:(DD)V#106#6 prob_bp = 0.64465931444722680000
org.apache.commons.math.stat.regression.SimpleRegression:getSumSquaredErrors:()D#264#17 prob_bp = 0.66666628199856530000
org.apache.commons.math.stat.regression.SimpleRegression:getSumSquaredErrors:()D#264#1 prob_bp = 0.69980782507535160000
org.apache.commons.math.stat.regression.SimpleRegression:addData:(DD)V#114#119 prob_bp = 0.70201537908132100000
org.apache.commons.math.stat.regression.SimpleRegression:getSumSquaredErrors:()D#264#14 prob_bp = 0.71177776908975800000
org.apache.commons.math.stat.regression.SimpleRegression:addData:(DD)V#114#94 prob_bp = 0.72846863557161990000
org.apache.commons.math.stat.regression.SimpleRegression:getSumSquaredErrors:()D#264#5 prob_bp = 0.97785350540639140000
org.apache.commons.math.stat.regression.SimpleRegression:getSumSquaredErrors:()D#264#9 prob_bp = 0.97785350540639140000
org.apache.commons.math.stat.regression.SimpleRegression:getSumSquaredErrors:()D#264#19 prob_bp = 0.98991189830076610000
org.apache.commons.math.stat.regression.SimpleRegression:getSumSquaredErrors:()D#264#18 prob_bp = 0.99001093997151600000
org.apache.commons.math.stat.regression.SimpleRegression:getSumSquaredErrors:()D#264#0 prob_bp = 0.99005988966298970000
org.apache.commons.math.stat.regression.SimpleRegression:getSumSquaredErrors:()D#264#13 prob_bp = 0.99009900469024130000
org.apache.commons.math.stat.regression.SimpleRegression:getSumSquaredErrors:()D#264#12 prob_bp = 0.99009900934793040000
org.apache.commons.math.stat.regression.SimpleRegression:getSumSquaredErrors:()D#264#4 prob_bp = 0.99009900959420120000
org.apache.commons.math.stat.regression.SimpleRegression:getSumSquaredErrors:()D#264#8 prob_bp = 0.99009900959420120000
org.apache.commons.math.stat.regression.SimpleRegressionTest:testSSENonNegative:()V#269#0 prob_bp = 1.00000000000000000000
org.apache.commons.math.stat.regression.SimpleRegressionTest:testSSENonNegative:()V#269#1 prob_bp = 1.00000000000000000000
org.apache.commons.math.stat.regression.SimpleRegressionTest:testSSENonNegative:()V#269#21 prob_bp = 1.00000000000000000000
org.apache.commons.math.stat.regression.SimpleRegressionTest:testSSENonNegative:()V#270#22 prob_bp = 1.00000000000000000000
org.apache.commons.math.stat.regression.SimpleRegressionTest:testSSENonNegative:()V#270#23 prob_bp = 1.00000000000000000000
org.apache.commons.math.stat.regression.SimpleRegressionTest:testSSENonNegative:()V#270#43 prob_bp = 1.00000000000000000000
org.apache.commons.math.stat.regression.SimpleRegressionTest:testSSENonNegative:()V#271#44 prob_bp = 1.00000000000000000000
org.apache.commons.math.stat.regression.SimpleRegressionTest:testSSENonNegative:()V#271#47 prob_bp = 1.00000000000000000000
org.apache.commons.math.stat.regression.SimpleRegressionTest:testSSENonNegative:()V#271#48 prob_bp = 1.00000000000000000000
org.apache.commons.math.stat.regression.SimpleRegressionTest:testSSENonNegative:()V#271#51 prob_bp = 1.00000000000000000000
org.apache.commons.math.stat.regression.SimpleRegressionTest:testSSENonNegative:()V#272#52 prob_bp = 1.00000000000000000000
org.apache.commons.math.stat.regression.SimpleRegressionTest:testSSENonNegative:()V#272#53 prob_bp = 1.00000000000000000000
org.apache.commons.math.stat.regression.SimpleRegressionTest:testSSENonNegative:()V#272#55 prob_bp = 1.00000000000000000000
org.apache.commons.math.stat.regression.SimpleRegressionTest:testSSENonNegative:()V#272#57 prob_bp = 1.00000000000000000000
org.apache.commons.math.stat.regression.SimpleRegressionTest:testSSENonNegative:()V#272#58 prob_bp = 1.00000000000000000000
org.apache.commons.math.stat.regression.SimpleRegressionTest:testSSENonNegative:()V#272#59 prob_bp = 1.00000000000000000000
org.apache.commons.math.stat.regression.SimpleRegressionTest:testSSENonNegative:()V#273#62 prob_bp = 1.00000000000000000000
org.apache.commons.math.stat.regression.SimpleRegressionTest:testSSENonNegative:()V#273#63 prob_bp = 1.00000000000000000000
org.apache.commons.math.stat.regression.SimpleRegressionTest:testSSENonNegative:()V#273#64 prob_bp = 1.00000000000000000000
org.apache.commons.math.stat.regression.SimpleRegressionTest:testSSENonNegative:()V#273#66 prob_bp = 1.00000000000000000000
org.apache.commons.math.stat.regression.SimpleRegressionTest:testSSENonNegative:()V#273#67 prob_bp = 1.00000000000000000000
org.apache.commons.math.stat.regression.SimpleRegressionTest:testSSENonNegative:()V#273#68 prob_bp = 1.00000000000000000000
org.apache.commons.math.stat.regression.SimpleRegressionTest:testSSENonNegative:()V#273#70 prob_bp = 1.00000000000000000000
org.apache.commons.math.stat.regression.SimpleRegressionTest:testSSENonNegative:()V#273#71 prob_bp = 1.00000000000000000000
org.apache.commons.math.stat.regression.SimpleRegressionTest:testSSENonNegative:()V#272#74 prob_bp = 1.00000000000000000000
org.apache.commons.math.stat.regression.SimpleRegressionTest:testSSENonNegative:()V#275#80 prob_bp = 1.00000000000000000000
org.apache.commons.math.stat.regression.SimpleRegressionTest:testSSENonNegative:()V#275#81 prob_bp = 1.00000000000000000000
org.apache.commons.math.stat.regression.SimpleRegressionTest:testSSENonNegative:()V#275#84 prob_bp = 1.00000000000000000000
org.apache.commons.math.stat.regression.SimpleRegressionTest:testSSENonNegative:()V#275#85 prob_bp = 1.00000000000000000000
org.apache.commons.math.stat.regression.SimpleRegressionTest:testSSENonNegative:()V#275#86 prob_bp = 1.00000000000000000000
org.apache.commons.math.stat.regression.SimpleRegressionTest:testSSENonNegative:()V#275#93 prob_bp = 1.00000000000000000000
org.apache.commons.math.stat.regression.SimpleRegressionTest:testSSENonNegative:()V#275#94 prob_bp = 1.00000000000000000000
Belief propagation time : 5.494000s
