Belief propagation time: 72

Probabilities: 
Vars:27764
Stmts:4371
org.apache.commons.lang3.math.NumberUtils:isNumber:(Ljava/lang/String;)Z#1413#467 prob_bp = 0.49196811764365730000
org.apache.commons.lang3.math.NumberUtils:isNumber:(Ljava/lang/String;)Z#1413#462 prob_bp = 0.49227782489798805000
org.apache.commons.lang3.math.NumberUtils:isNumber:(Ljava/lang/String;)Z#1325#18 prob_bp = 0.49993093368584010000
org.apache.commons.lang3.math.NumberUtils:isNumber:(Ljava/lang/String;)Z#1325#17 prob_bp = 0.49993357348395890000
org.apache.commons.lang3.math.NumberUtils:isNumber:(Ljava/lang/String;)Z#1396#383 prob_bp = 0.49993526130535220000
org.apache.commons.lang3.math.NumberUtils:isNumber:(Ljava/lang/String;)Z#1413#459 prob_bp = 0.49994307944267846000
org.apache.commons.lang3.math.NumberUtils:isNumber:(Ljava/lang/String;)Z#1396#382 prob_bp = 0.49995807776295115000
org.apache.commons.lang3.math.NumberUtils:isNumber:(Ljava/lang/String;)Z#1413#458 prob_bp = 0.49996236895936313000
org.apache.commons.lang3.math.NumberUtils:isNumber:(Ljava/lang/String;)Z#1410#450 prob_bp = 0.49998858259995690000
org.apache.commons.lang3.math.NumberUtils:isNumber:(Ljava/lang/String;)Z#1410#448 prob_bp = 0.49998902572819454000
org.apache.commons.lang3.math.NumberUtils:isNumber:(Ljava/lang/String;)Z#1320#4 prob_bp = 0.49999774720393764000
org.apache.commons.lang3.math.NumberUtils:isNumber:(Ljava/lang/String;)Z#1396#379 prob_bp = 0.49999925120678435000
org.apache.commons.lang3.math.NumberUtils:isNumber:(Ljava/lang/String;)Z#1413#455 prob_bp = 0.49999937348739780000
org.apache.commons.lang3.math.NumberUtils:isNumber:(Ljava/lang/String;)Z#1396#377 prob_bp = 0.49999951618526400000
org.apache.commons.lang3.math.NumberUtils:isNumber:(Ljava/lang/String;)Z#1326#20 prob_bp = 0.49999958180975557000
org.apache.commons.lang3.math.NumberUtils:isNumber:(Ljava/lang/String;)Z#1326#19 prob_bp = 0.49999959805097500000
org.apache.commons.lang3.math.NumberUtils:isNumber:(Ljava/lang/String;)Z#1413#453 prob_bp = 0.49999960018980480000
org.apache.commons.lang3.math.NumberUtils:isNumber:(Ljava/lang/String;)Z#1355#206 prob_bp = 0.49999965435574530000
org.apache.commons.lang3.math.NumberUtils:isNumber:(Ljava/lang/String;)Z#1355#205 prob_bp = 0.49999966777048550000
org.apache.commons.lang3.math.NumberUtils:isNumber:(Ljava/lang/String;)Z#1410#447 prob_bp = 0.49999995085189520000
org.apache.commons.lang3.math.NumberUtils:isNumber:(Ljava/lang/String;)Z#1410#441 prob_bp = 0.49999998546644710000
org.apache.commons.lang3.math.NumberUtils:isNumber:(Ljava/lang/String;)Z#1410#439 prob_bp = 0.49999998603050577000
org.apache.commons.lang3.math.NumberUtils:isNumber:(Ljava/lang/String;)Z#1410#445 prob_bp = 0.49999998778405660000
org.apache.commons.lang3.math.NumberUtils:isNumber:(Ljava/lang/String;)Z#1410#444 prob_bp = 0.49999998831748305000
org.apache.commons.lang3.math.NumberUtils:isNumber:(Ljava/lang/String;)Z#1384#315 prob_bp = 0.49999999588023725000
org.apache.commons.lang3.math.NumberUtils:isNumber:(Ljava/lang/String;)Z#1323#13 prob_bp = 0.49999999759248087000
org.apache.commons.lang3.math.NumberUtils:createNumber:(Ljava/lang/String;)Ljava/lang/Number;#507#327 prob_bp = 0.49999999798540146000
org.apache.commons.lang3.math.NumberUtils:isNumber:(Ljava/lang/String;)Z#1395#374 prob_bp = 0.49999999920253340000
org.apache.commons.lang3.math.NumberUtils:isNumber:(Ljava/lang/String;)Z#1395#372 prob_bp = 0.49999999923348376000
org.apache.commons.lang3.math.NumberUtils:createNumber:(Ljava/lang/String;)Ljava/lang/Number;#507#326 prob_bp = 0.49999999952430485000
org.apache.commons.lang3.math.NumberUtils:isNumber:(Ljava/lang/String;)Z#1354#202 prob_bp = 0.49999999955930890000
org.apache.commons.lang3.math.NumberUtils:isNumber:(Ljava/lang/String;)Z#1354#200 prob_bp = 0.49999999957641300000
org.apache.commons.lang3.math.NumberUtils:isNumber:(Ljava/lang/String;)Z#1320#1 prob_bp = 0.49999999973116910000
org.apache.commons.lang3.math.NumberUtils:isNumber:(Ljava/lang/String;)Z#1320#0 prob_bp = 0.49999999982522964000
org.apache.commons.lang3.math.NumberUtils:isNumber:(Ljava/lang/String;)Z#1350#161 prob_bp = 0.49999999989983760000
org.apache.commons.lang3.math.NumberUtils:isNumber:(Ljava/lang/String;)Z#1350#159 prob_bp = 0.49999999993456834000
org.apache.commons.lang3.math.NumberUtils:isNumber:(Ljava/lang/String;)Z#1410#438 prob_bp = 0.49999999993743380000
org.apache.commons.lang3.math.NumberUtils:isNumber:(Ljava/lang/String;)Z#1330#41 prob_bp = 0.49999999994316924000
org.apache.commons.lang3.math.NumberUtils:isNumber:(Ljava/lang/String;)Z#1330#40 prob_bp = 0.49999999994537486000
org.apache.commons.lang3.math.NumberUtils:isNumber:(Ljava/lang/String;)Z#1323#10 prob_bp = 0.49999999997482847000
org.apache.commons.lang3.math.NumberUtils:isNumber:(Ljava/lang/String;)Z#1403#429 prob_bp = 0.49999999998150040000
org.apache.commons.lang3.math.NumberUtils:isNumber:(Ljava/lang/String;)Z#1403#427 prob_bp = 0.49999999998221820000
org.apache.commons.lang3.math.NumberUtils:isNumber:(Ljava/lang/String;)Z#1323#9 prob_bp = 0.49999999998337163000
org.apache.commons.lang3.math.NumberUtils:createNumber:(Ljava/lang/String;)Ljava/lang/Number;#469#67 prob_bp = 0.49999999998412300000
org.apache.commons.lang3.math.NumberUtils:isNumber:(Ljava/lang/String;)Z#1410#436 prob_bp = 0.49999999998444844000
org.apache.commons.lang3.math.NumberUtils:isNumber:(Ljava/lang/String;)Z#1410#435 prob_bp = 0.49999999998512740000
org.apache.commons.lang3.math.NumberUtils:isNumber:(Ljava/lang/String;)Z#1359#229 prob_bp = 0.49999999999405680000
org.apache.commons.lang3.math.NumberUtils:isNumber:(Ljava/lang/String;)Z#1359#228 prob_bp = 0.49999999999607103000
org.apache.commons.lang3.math.NumberUtils:isNumber:(Ljava/lang/String;)Z#1395#371 prob_bp = 0.49999999999651956000
org.apache.commons.lang3.math.NumberUtils:isNumber:(Ljava/lang/String;)Z#1354#199 prob_bp = 0.49999999999809636000
org.apache.commons.lang3.math.NumberUtils:isAllZeros:(Ljava/lang/String;)Z#617#24 prob_bp = 0.49999999999838834000
org.apache.commons.lang3.math.NumberUtils:isAllZeros:(Ljava/lang/String;)Z#617#22 prob_bp = 0.49999999999845140000
org.apache.commons.lang3.math.NumberUtils:isNumber:(Ljava/lang/String;)Z#1391#363 prob_bp = 0.49999999999898476000
org.apache.commons.lang3.math.NumberUtils:isNumber:(Ljava/lang/String;)Z#1391#361 prob_bp = 0.49999999999902440000
org.apache.commons.lang3.math.NumberUtils:isNumber:(Ljava/lang/String;)Z#1395#369 prob_bp = 0.49999999999909400000
org.apache.commons.lang3.math.NumberUtils:isNumber:(Ljava/lang/String;)Z#1395#368 prob_bp = 0.49999999999917794000
org.apache.commons.lang3.math.NumberUtils:isNumber:(Ljava/lang/String;)Z#1354#193 prob_bp = 0.49999999999944006000
org.apache.commons.lang3.math.NumberUtils:isNumber:(Ljava/lang/String;)Z#1354#191 prob_bp = 0.49999999999946170000
org.apache.commons.lang3.math.NumberUtils:isNumber:(Ljava/lang/String;)Z#1354#197 prob_bp = 0.49999999999952177000
org.apache.commons.lang3.math.NumberUtils:isNumber:(Ljava/lang/String;)Z#1354#196 prob_bp = 0.49999999999954775000
org.apache.commons.lang3.math.NumberUtils:isNumber:(Ljava/lang/String;)Z#1332#57 prob_bp = 0.49999999999989250000
org.apache.commons.lang3.math.NumberUtils:isNumber:(Ljava/lang/String;)Z#1332#55 prob_bp = 0.49999999999989714000
org.apache.commons.lang3.math.NumberUtils:isNumber:(Ljava/lang/String;)Z#1403#426 prob_bp = 0.49999999999992040000
org.apache.commons.lang3.math.NumberUtils:isNumber:(Ljava/lang/String;)Z#1359#225 prob_bp = 0.49999999999992810000
org.apache.commons.lang3.math.NumberUtils:isNumber:(Ljava/lang/String;)Z#1359#223 prob_bp = 0.49999999999995254000
org.apache.commons.lang3.math.NumberUtils:isNumber:(Ljava/lang/String;)Z#1330#33 prob_bp = 0.49999999999995910000
org.apache.commons.lang3.math.NumberUtils:isNumber:(Ljava/lang/String;)Z#1330#31 prob_bp = 0.49999999999996060000
org.apache.commons.lang3.math.NumberUtils:isNumber:(Ljava/lang/String;)Z#1403#420 prob_bp = 0.49999999999997663000
org.apache.commons.lang3.math.NumberUtils:isNumber:(Ljava/lang/String;)Z#1403#418 prob_bp = 0.49999999999997735000
org.apache.commons.lang3.math.NumberUtils:isNumber:(Ljava/lang/String;)Z#1403#424 prob_bp = 0.49999999999998007000
org.apache.commons.lang3.math.NumberUtils:isNumber:(Ljava/lang/String;)Z#1403#423 prob_bp = 0.49999999999998096000
org.apache.commons.lang3.math.NumberUtils:isAllZeros:(Ljava/lang/String;)Z#616#14 prob_bp = 0.49999999999998950000
org.apache.commons.lang3.math.NumberUtils:isNumber:(Ljava/lang/String;)Z#1391#360 prob_bp = 0.49999999999999550000
org.apache.commons.lang3.math.NumberUtils:isNumber:(Ljava/lang/String;)Z#1330#29 prob_bp = 0.49999999999999695000
org.apache.commons.lang3.math.NumberUtils:isNumber:(Ljava/lang/String;)Z#1330#30 prob_bp = 0.49999999999999710000
org.apache.commons.lang3.math.NumberUtils:isAllZeros:(Ljava/lang/String;)Z#616#13 prob_bp = 0.49999999999999740000
org.apache.commons.lang3.math.NumberUtils:isNumber:(Ljava/lang/String;)Z#1354#190 prob_bp = 0.49999999999999760000
org.apache.commons.lang3.math.NumberUtils:isNumber:(Ljava/lang/String;)Z#1391#354 prob_bp = 0.49999999999999860000
org.apache.commons.lang3.math.NumberUtils:isNumber:(Ljava/lang/String;)Z#1391#352 prob_bp = 0.49999999999999880000
org.apache.commons.lang3.math.NumberUtils:isNumber:(Ljava/lang/String;)Z#1391#358 prob_bp = 0.49999999999999883000
org.apache.commons.lang3.math.NumberUtils:isNumber:(Ljava/lang/String;)Z#1391#357 prob_bp = 0.49999999999999895000
org.apache.commons.lang3.math.NumberUtils:isNumber:(Ljava/lang/String;)Z#1330#28 prob_bp = 0.49999999999999920000
org.apache.commons.lang3.math.NumberUtils:isNumber:(Ljava/lang/String;)Z#1354#187 prob_bp = 0.49999999999999930000
org.apache.commons.lang3.math.NumberUtils:isNumber:(Ljava/lang/String;)Z#1332#52 prob_bp = 0.49999999999999940000
org.apache.commons.lang3.math.NumberUtils:isAllZeros:(Ljava/lang/String;)Z#616#12 prob_bp = 0.49999999999999944000
org.apache.commons.lang3.math.NumberUtils:isNumber:(Ljava/lang/String;)Z#1354#188 prob_bp = 0.49999999999999967000
org.apache.commons.lang3.math.NumberUtils:isNumber:(Ljava/lang/String;)Z#1332#54 prob_bp = 0.49999999999999980000
org.apache.commons.lang3.math.NumberUtils:isNumber:(Ljava/lang/String;)Z#1403#408 prob_bp = 0.49999999999999990000
org.apache.commons.lang3.math.NumberUtils:createNumber:(Ljava/lang/String;)Ljava/lang/Number;#500#269 prob_bp = 0.49999999999999990000
org.apache.commons.lang3.math.NumberUtils:isNumber:(Ljava/lang/String;)Z#1403#417 prob_bp = 0.49999999999999990000
org.apache.commons.lang3.math.NumberUtils:isNumber:(Ljava/lang/String;)Z#1324#15 prob_bp = 0.49999999999999994000
org.apache.commons.lang3.math.NumberUtils:isNumber:(Ljava/lang/String;)Z#1324#16 prob_bp = 0.49999999999999994000
org.apache.commons.lang3.math.NumberUtils:isNumber:(Ljava/lang/String;)Z#1348#156 prob_bp = 0.49999999999999994000
org.apache.commons.lang3.math.NumberUtils:isNumber:(Ljava/lang/String;)Z#1353#169 prob_bp = 0.49999999999999994000
org.apache.commons.lang3.math.NumberUtils:isNumber:(Ljava/lang/String;)Z#1353#171 prob_bp = 0.49999999999999994000
org.apache.commons.lang3.math.NumberUtils:isNumber:(Ljava/lang/String;)Z#1353#174 prob_bp = 0.49999999999999994000
org.apache.commons.lang3.math.NumberUtils:isNumber:(Ljava/lang/String;)Z#1353#177 prob_bp = 0.49999999999999994000
org.apache.commons.lang3.math.NumberUtils:isNumber:(Ljava/lang/String;)Z#1386#323 prob_bp = 0.49999999999999994000
org.apache.commons.lang3.math.NumberUtils:isNumber:(Ljava/lang/String;)Z#1386#325 prob_bp = 0.49999999999999994000
org.apache.commons.lang3.math.NumberUtils:isNumber:(Ljava/lang/String;)Z#1387#337 prob_bp = 0.49999999999999994000
org.apache.commons.lang3.math.NumberUtils:isNumber:(Ljava/lang/String;)Z#1387#340 prob_bp = 0.49999999999999994000
org.apache.commons.lang3.math.NumberUtils:createNumber:(Ljava/lang/String;)Ljava/lang/Number;#494#235 prob_bp = 0.49999999999999994000
org.apache.commons.lang3.math.NumberUtils:createNumber:(Ljava/lang/String;)Ljava/lang/Number;#494#236 prob_bp = 0.49999999999999994000
org.apache.commons.lang3.math.NumberUtils:createNumber:(Ljava/lang/String;)Ljava/lang/Number;#559#580#unexe#4 prob_bp = 0.49999999999999994000
org.apache.commons.lang3.math.NumberUtils:createInteger:(Ljava/lang/String;)Ljava/lang/Integer;#668#0 prob_bp = 0.49999999999999994000
org.apache.commons.lang3.math.NumberUtils:createInteger:(Ljava/lang/String;)Ljava/lang/Integer;#672#6 prob_bp = 0.49999999999999994000
org.apache.commons.lang3.math.NumberUtils:createInteger:(Ljava/lang/String;)Ljava/lang/Integer;#672#7 prob_bp = 0.49999999999999994000
org.apache.commons.lang3.math.NumberUtils:createNumber:(Ljava/lang/String;)Ljava/lang/Number;#486#178 prob_bp = 0.49999999999999994000
org.apache.commons.lang3.math.NumberUtils:createNumber:(Ljava/lang/String;)Ljava/lang/Number;#580#642 prob_bp = 0.49999999999999994000
org.apache.commons.lang3.math.NumberUtils:isAllZeros:(Ljava/lang/String;)Z#616#10 prob_bp = 0.49999999999999994000
org.apache.commons.lang3.math.NumberUtils:isAllZeros:(Ljava/lang/String;)Z#617#18 prob_bp = 0.49999999999999994000
org.apache.commons.lang3.math.NumberUtils:createNumber:(Ljava/lang/String;)Ljava/lang/Number;#584#693 prob_bp = 0.49999999999999994000
org.apache.commons.lang3.math.NumberUtils:createNumber:(Ljava/lang/String;)Ljava/lang/Number;#584#695 prob_bp = 0.49999999999999994000
org.apache.commons.lang3.math.NumberUtils:isNumber:(Ljava/lang/String;)Z#1364#241 prob_bp = 0.49999999999999994000
org.apache.commons.lang3.math.NumberUtils:isNumber:(Ljava/lang/String;)Z#1364#250 prob_bp = 0.49999999999999994000
org.apache.commons.lang3.math.NumberUtils:isNumber:(Ljava/lang/String;)Z#1364#255 prob_bp = 0.49999999999999994000
org.apache.commons.lang3.math.NumberUtils:isNumber:(Ljava/lang/String;)Z#1370#264 prob_bp = 0.49999999999999994000
org.apache.commons.lang3.math.NumberUtils:isNumber:(Ljava/lang/String;)Z#1353#184 prob_bp = 0.49999999999999994000
org.apache.commons.lang3.math.NumberUtils:createNumber:(Ljava/lang/String;)Ljava/lang/Number;#492#225 prob_bp = 0.49999999999999994000
org.apache.commons.lang3.math.NumberUtils:createNumber:(Ljava/lang/String;)Ljava/lang/Number;#559#590 prob_bp = 0.49999999999999994000
org.apache.commons.lang3.math.NumberUtils:createNumber:(Ljava/lang/String;)Ljava/lang/Number;#559#591 prob_bp = 0.49999999999999994000
org.apache.commons.lang3.math.NumberUtils:createNumber:(Ljava/lang/String;)Ljava/lang/Number;#560#597 prob_bp = 0.49999999999999994000
org.apache.commons.lang3.math.NumberUtils:isNumber:(Ljava/lang/String;)Z#1376#299 prob_bp = 0.49999999999999994000
org.apache.commons.lang3.math.NumberUtils:isNumber:(Ljava/lang/String;)Z#1375#288 prob_bp = 0.49999999999999994000
org.apache.commons.lang3.math.NumberUtils:isNumber:(Ljava/lang/String;)Z#1375#291 prob_bp = 0.49999999999999994000
org.apache.commons.lang3.math.NumberUtils:createNumber:(Ljava/lang/String;)Ljava/lang/Number;#479#109 prob_bp = 0.49999999999999994000
org.apache.commons.lang3.math.NumberUtils:createNumber:(Ljava/lang/String;)Ljava/lang/Number;#479#112 prob_bp = 0.49999999999999994000
org.apache.commons.lang3.math.NumberUtils:createNumber:(Ljava/lang/String;)Ljava/lang/Number;#479#115 prob_bp = 0.49999999999999994000
org.apache.commons.lang3.math.NumberUtils:createNumber:(Ljava/lang/String;)Ljava/lang/Number;#482#153 prob_bp = 0.49999999999999994000
org.apache.commons.lang3.math.NumberUtils:isNumber:(Ljava/lang/String;)Z#1332#65 prob_bp = 0.49999999999999994000
org.apache.commons.lang3.math.NumberUtils:isNumber:(Ljava/lang/String;)Z#1338#87 prob_bp = 0.49999999999999994000
org.apache.commons.lang3.math.NumberUtils:isNumber:(Ljava/lang/String;)Z#1339#104 prob_bp = 0.49999999999999994000
org.apache.commons.lang3.math.NumberUtils:isNumber:(Ljava/lang/String;)Z#1339#116 prob_bp = 0.49999999999999994000
org.apache.commons.lang3.math.NumberUtils:isNumber:(Ljava/lang/String;)Z#1339#137 prob_bp = 0.49999999999999994000
org.apache.commons.lang3.math.NumberUtils:isNumber:(Ljava/lang/String;)Z#1339#138 prob_bp = 0.49999999999999994000
org.apache.commons.lang3.math.NumberUtils:isNumber:(Ljava/lang/String;)Z#1339#143 prob_bp = 0.49999999999999994000
org.apache.commons.lang3.math.NumberUtils:isNumber:(Ljava/lang/String;)Z#1391#349 prob_bp = 0.49999999999999994000
org.apache.commons.lang3.math.NumberUtils:isNumber:(Ljava/lang/String;)Z#1391#351 prob_bp = 0.49999999999999994000
org.apache.commons.lang3.math.NumberUtils:isNumber:(Ljava/lang/String;)Z#1403#391 prob_bp = 0.49999999999999994000
org.apache.commons.lang3.math.NumberUtils:isNumber:(Ljava/lang/String;)Z#1403#396 prob_bp = 0.49999999999999994000
org.apache.commons.lang3.math.NumberUtils:isNumber:(Ljava/lang/String;)Z#1403#397 prob_bp = 0.49999999999999994000
org.apache.commons.lang3.math.NumberUtils:createNumber:(Ljava/lang/String;)Ljava/lang/Number;#499#258 prob_bp = 0.49999999999999994000
org.apache.commons.lang3.math.NumberUtils:createNumber:(Ljava/lang/String;)Ljava/lang/Number;#499#265 prob_bp = 0.49999999999999994000
org.apache.commons.lang3.math.NumberUtils:createNumber:(Ljava/lang/String;)Ljava/lang/Number;#499#266#unexe#4 prob_bp = 0.49999999999999994000
org.apache.commons.lang3.math.NumberUtils:createNumber:(Ljava/lang/String;)Ljava/lang/Number;#539#503 prob_bp = 0.49999999999999994000
org.apache.commons.lang3.math.NumberUtils:createDouble:(Ljava/lang/String;)Ljava/lang/Double;#654#6 prob_bp = 0.49999999999999994000
org.apache.commons.lang3.math.NumberUtils:createDouble:(Ljava/lang/String;)Ljava/lang/Double;#654#10 prob_bp = 0.49999999999999994000
org.apache.commons.lang3.math.NumberUtils:createNumber:(Ljava/lang/String;)Ljava/lang/Number;#539#508 prob_bp = 0.49999999999999994000
org.apache.commons.lang3.math.NumberUtils:createNumber:(Ljava/lang/String;)Ljava/lang/Number;#540#510 prob_bp = 0.49999999999999994000
org.apache.commons.lang3.math.NumberUtils:createNumber:(Ljava/lang/String;)Ljava/lang/Number;#540#520 prob_bp = 0.49999999999999994000
org.apache.commons.lang3.math.NumberUtils:isNumber:(Ljava/lang/String;)Z#1403#414 prob_bp = 0.49999999999999994000
org.apache.commons.lang3.math.NumberUtils:createNumber:(Ljava/lang/String;)Ljava/lang/Number;#526#472 prob_bp = 0.49999999999999994000
org.apache.commons.lang3.math.NumberUtils:createNumber:(Ljava/lang/String;)Ljava/lang/Number;#590#702 prob_bp = 0.49999999999999994000
org.apache.commons.lang3.math.NumberUtils:isNumber:(Ljava/lang/String;)Z#1327#23 prob_bp = 0.50000000000000000000
org.apache.commons.lang3.math.NumberUtils:isNumber:(Ljava/lang/String;)Z#1353#165 prob_bp = 0.50000000000000000000
org.apache.commons.lang3.math.NumberUtils:isNumber:(Ljava/lang/String;)Z#1387#338 prob_bp = 0.50000000000000000000
org.apache.commons.lang3.math.NumberUtils:createNumber:(Ljava/lang/String;)Ljava/lang/Number;#456#7 prob_bp = 0.50000000000000000000
org.apache.commons.lang3.math.NumberUtils:createNumber:(Ljava/lang/String;)Ljava/lang/Number;#562#611 prob_bp = 0.50000000000000000000
org.apache.commons.lang3.math.NumberUtils:createNumber:(Ljava/lang/String;)Ljava/lang/Number;#564#618 prob_bp = 0.50000000000000000000
org.apache.commons.lang3.math.NumberUtils:createNumber:(Ljava/lang/String;)Ljava/lang/Number;#564#620 prob_bp = 0.50000000000000000000
org.apache.commons.lang3.math.NumberUtils:createNumber:(Ljava/lang/String;)Ljava/lang/Number;#567#623 prob_bp = 0.50000000000000000000
org.apache.commons.lang3.math.NumberUtils:createNumber:(Ljava/lang/String;)Ljava/lang/Number;#567#627 prob_bp = 0.50000000000000000000
org.apache.commons.lang3.math.NumberUtils:isNumber:(Ljava/lang/String;)Z#1358#214 prob_bp = 0.50000000000000000000
org.apache.commons.lang3.math.NumberUtils:isNumber:(Ljava/lang/String;)Z#1363#235 prob_bp = 0.50000000000000000000
org.apache.commons.lang3.math.NumberUtils:createNumber:(Ljava/lang/String;)Ljava/lang/Number;#478#99 prob_bp = 0.50000000000000000000
org.apache.commons.lang3.math.NumberUtils:createNumber:(Ljava/lang/String;)Ljava/lang/Number;#484#165 prob_bp = 0.50000000000000000000
org.apache.commons.lang3.math.NumberUtils:createNumber:(Ljava/lang/String;)Ljava/lang/Number;#486#171 prob_bp = 0.50000000000000000000
org.apache.commons.lang3.math.NumberUtils:createNumber:(Ljava/lang/String;)Ljava/lang/Number;#580#643 prob_bp = 0.50000000000000000000
org.apache.commons.lang3.math.NumberUtils:isAllZeros:(Ljava/lang/String;)Z#616#11 prob_bp = 0.50000000000000000000
org.apache.commons.lang3.math.NumberUtils:isAllZeros:(Ljava/lang/String;)Z#617#17 prob_bp = 0.50000000000000000000
org.apache.commons.lang3.math.NumberUtils:isNumber:(Ljava/lang/String;)Z#1364#244 prob_bp = 0.50000000000000000000
org.apache.commons.lang3.math.NumberUtils:isNumber:(Ljava/lang/String;)Z#1364#249 prob_bp = 0.50000000000000000000
org.apache.commons.lang3.math.NumberUtils:isNumber:(Ljava/lang/String;)Z#1366#258 prob_bp = 0.50000000000000000000
org.apache.commons.lang3.math.NumberUtils:isNumber:(Ljava/lang/String;)Z#1373#271 prob_bp = 0.50000000000000000000
org.apache.commons.lang3.math.NumberUtils:isNumber:(Ljava/lang/String;)Z#1373#272 prob_bp = 0.50000000000000000000
org.apache.commons.lang3.math.NumberUtils:isNumber:(Ljava/lang/String;)Z#1374#273 prob_bp = 0.50000000000000000000
org.apache.commons.lang3.math.NumberUtils:isNumber:(Ljava/lang/String;)Z#1374#274 prob_bp = 0.50000000000000000000
org.apache.commons.lang3.math.NumberUtils:isNumber:(Ljava/lang/String;)Z#1353#182 prob_bp = 0.50000000000000000000
org.apache.commons.lang3.math.NumberUtils:createNumber:(Ljava/lang/String;)Ljava/lang/Number;#492#226 prob_bp = 0.50000000000000000000
org.apache.commons.lang3.math.NumberUtils:createNumber:(Ljava/lang/String;)Ljava/lang/Number;#492#228 prob_bp = 0.50000000000000000000
org.apache.commons.lang3.math.NumberUtils:createNumber:(Ljava/lang/String;)Ljava/lang/Number;#492#231 prob_bp = 0.50000000000000000000
org.apache.commons.lang3.math.NumberUtils:createNumber:(Ljava/lang/String;)Ljava/lang/Number;#559#585 prob_bp = 0.50000000000000000000
org.apache.commons.lang3.math.NumberUtils:createNumber:(Ljava/lang/String;)Ljava/lang/Number;#559#589 prob_bp = 0.50000000000000000000
org.apache.commons.lang3.math.NumberUtils:createNumber:(Ljava/lang/String;)Ljava/lang/Number;#560#594 prob_bp = 0.50000000000000000000
org.apache.commons.lang3.math.NumberUtils:createNumber:(Ljava/lang/String;)Ljava/lang/Number;#560#595 prob_bp = 0.50000000000000000000
org.apache.commons.lang3.math.NumberUtils:createNumber:(Ljava/lang/String;)Ljava/lang/Number;#560#598 prob_bp = 0.50000000000000000000
org.apache.commons.lang3.math.NumberUtils:createNumber:(Ljava/lang/String;)Ljava/lang/Number;#560#606 prob_bp = 0.50000000000000000000
org.apache.commons.lang3.math.NumberUtils:createNumber:(Ljava/lang/String;)Ljava/lang/Number;#559#591#unexe#4 prob_bp = 0.50000000000000000000
org.apache.commons.lang3.math.NumberUtils:isNumber:(Ljava/lang/String;)Z#1375#283 prob_bp = 0.50000000000000000000
org.apache.commons.lang3.math.NumberUtils:isNumber:(Ljava/lang/String;)Z#1379#304 prob_bp = 0.50000000000000000000
org.apache.commons.lang3.math.NumberUtils:isNumber:(Ljava/lang/String;)Z#1379#305 prob_bp = 0.50000000000000000000
org.apache.commons.lang3.math.NumberUtils:isNumber:(Ljava/lang/String;)Z#1375#289 prob_bp = 0.50000000000000000000
org.apache.commons.lang3.math.NumberUtils:createNumber:(Ljava/lang/String;)Ljava/lang/Number;#479#105 prob_bp = 0.50000000000000000000
org.apache.commons.lang3.math.NumberUtils:createNumber:(Ljava/lang/String;)Ljava/lang/Number;#479#107 prob_bp = 0.50000000000000000000
org.apache.commons.lang3.math.NumberUtils:createNumber:(Ljava/lang/String;)Ljava/lang/Number;#482#148 prob_bp = 0.50000000000000000000
org.apache.commons.lang3.math.NumberUtils:createNumber:(Ljava/lang/String;)Ljava/lang/Number;#482#152 prob_bp = 0.50000000000000000000
org.apache.commons.lang3.math.NumberUtils:createNumber:(Ljava/lang/String;)Ljava/lang/Number;#482#155 prob_bp = 0.50000000000000000000
org.apache.commons.lang3.math.NumberUtils:isNumber:(Ljava/lang/String;)Z#1332#60 prob_bp = 0.50000000000000000000
org.apache.commons.lang3.math.NumberUtils:isNumber:(Ljava/lang/String;)Z#1332#63 prob_bp = 0.50000000000000000000
org.apache.commons.lang3.math.NumberUtils:isNumber:(Ljava/lang/String;)Z#1332#64 prob_bp = 0.50000000000000000000
org.apache.commons.lang3.math.NumberUtils:isNumber:(Ljava/lang/String;)Z#1332#66 prob_bp = 0.50000000000000000000
org.apache.commons.lang3.math.NumberUtils:isNumber:(Ljava/lang/String;)Z#1332#68 prob_bp = 0.50000000000000000000
org.apache.commons.lang3.math.NumberUtils:isNumber:(Ljava/lang/String;)Z#1333#71 prob_bp = 0.50000000000000000000
org.apache.commons.lang3.math.NumberUtils:isNumber:(Ljava/lang/String;)Z#1333#73 prob_bp = 0.50000000000000000000
org.apache.commons.lang3.math.NumberUtils:isNumber:(Ljava/lang/String;)Z#1333#74 prob_bp = 0.50000000000000000000
org.apache.commons.lang3.math.NumberUtils:isNumber:(Ljava/lang/String;)Z#1333#75 prob_bp = 0.50000000000000000000
org.apache.commons.lang3.math.NumberUtils:isNumber:(Ljava/lang/String;)Z#1334#77 prob_bp = 0.50000000000000000000
org.apache.commons.lang3.math.NumberUtils:isNumber:(Ljava/lang/String;)Z#1334#79 prob_bp = 0.50000000000000000000
org.apache.commons.lang3.math.NumberUtils:isNumber:(Ljava/lang/String;)Z#1338#85 prob_bp = 0.50000000000000000000
org.apache.commons.lang3.math.NumberUtils:isNumber:(Ljava/lang/String;)Z#1338#88 prob_bp = 0.50000000000000000000
org.apache.commons.lang3.math.NumberUtils:isNumber:(Ljava/lang/String;)Z#1339#93 prob_bp = 0.50000000000000000000
org.apache.commons.lang3.math.NumberUtils:isNumber:(Ljava/lang/String;)Z#1339#95 prob_bp = 0.50000000000000000000
org.apache.commons.lang3.math.NumberUtils:isNumber:(Ljava/lang/String;)Z#1339#98 prob_bp = 0.50000000000000000000
org.apache.commons.lang3.math.NumberUtils:isNumber:(Ljava/lang/String;)Z#1339#101 prob_bp = 0.50000000000000000000
org.apache.commons.lang3.math.NumberUtils:isNumber:(Ljava/lang/String;)Z#1339#102 prob_bp = 0.50000000000000000000
org.apache.commons.lang3.math.NumberUtils:isNumber:(Ljava/lang/String;)Z#1339#107 prob_bp = 0.50000000000000000000
org.apache.commons.lang3.math.NumberUtils:isNumber:(Ljava/lang/String;)Z#1339#128 prob_bp = 0.50000000000000000000
org.apache.commons.lang3.math.NumberUtils:isNumber:(Ljava/lang/String;)Z#1339#129 prob_bp = 0.50000000000000000000
org.apache.commons.lang3.math.NumberUtils:isNumber:(Ljava/lang/String;)Z#1339#131 prob_bp = 0.50000000000000000000
org.apache.commons.lang3.math.NumberUtils:isNumber:(Ljava/lang/String;)Z#1339#132 prob_bp = 0.50000000000000000000
org.apache.commons.lang3.math.NumberUtils:isNumber:(Ljava/lang/String;)Z#1339#140 prob_bp = 0.50000000000000000000
org.apache.commons.lang3.math.NumberUtils:createNumber:(Ljava/lang/String;)Ljava/lang/Number;#467#52 prob_bp = 0.50000000000000000000
org.apache.commons.lang3.math.NumberUtils:createNumber:(Ljava/lang/String;)Ljava/lang/Number;#467#56 prob_bp = 0.50000000000000000000
org.apache.commons.lang3.math.NumberUtils:isNumber:(Ljava/lang/String;)Z#1391#348 prob_bp = 0.50000000000000000000
org.apache.commons.lang3.math.NumberUtils:isNumber:(Ljava/lang/String;)Z#1403#393 prob_bp = 0.50000000000000000000
org.apache.commons.lang3.math.NumberUtils:isNumber:(Ljava/lang/String;)Z#1403#400 prob_bp = 0.50000000000000000000
org.apache.commons.lang3.math.NumberUtils:isNumber:(Ljava/lang/String;)Z#1403#405 prob_bp = 0.50000000000000000000
org.apache.commons.lang3.math.NumberUtils:isNumber:(Ljava/lang/String;)Z#1403#406 prob_bp = 0.50000000000000000000
org.apache.commons.lang3.math.NumberUtils:createNumber:(Ljava/lang/String;)Ljava/lang/Number;#499#260 prob_bp = 0.50000000000000000000
org.apache.commons.lang3.math.NumberUtils:createNumber:(Ljava/lang/String;)Ljava/lang/Number;#499#261 prob_bp = 0.50000000000000000000
org.apache.commons.lang3.math.NumberUtils:createNumber:(Ljava/lang/String;)Ljava/lang/Number;#499#264 prob_bp = 0.50000000000000000000
org.apache.commons.lang3.math.NumberUtils:createNumber:(Ljava/lang/String;)Ljava/lang/Number;#499#266 prob_bp = 0.50000000000000000000
org.apache.commons.lang3.math.NumberUtils:createNumber:(Ljava/lang/String;)Ljava/lang/Number;#500#270 prob_bp = 0.50000000000000000000
org.apache.commons.lang3.math.NumberUtils:createNumber:(Ljava/lang/String;)Ljava/lang/Number;#500#272 prob_bp = 0.50000000000000000000
org.apache.commons.lang3.math.NumberUtils:createNumber:(Ljava/lang/String;)Ljava/lang/Number;#500#273 prob_bp = 0.50000000000000000000
org.apache.commons.lang3.math.NumberUtils:createNumber:(Ljava/lang/String;)Ljava/lang/Number;#500#274 prob_bp = 0.50000000000000000000
org.apache.commons.lang3.math.NumberUtils:createNumber:(Ljava/lang/String;)Ljava/lang/Number;#500#275 prob_bp = 0.50000000000000000000
org.apache.commons.lang3.math.NumberUtils:createNumber:(Ljava/lang/String;)Ljava/lang/Number;#500#278 prob_bp = 0.50000000000000000000
org.apache.commons.lang3.math.NumberUtils:createNumber:(Ljava/lang/String;)Ljava/lang/Number;#500#279 prob_bp = 0.50000000000000000000
org.apache.commons.lang3.math.NumberUtils:createNumber:(Ljava/lang/String;)Ljava/lang/Number;#500#280 prob_bp = 0.50000000000000000000
org.apache.commons.lang3.math.NumberUtils:createNumber:(Ljava/lang/String;)Ljava/lang/Number;#500#283 prob_bp = 0.50000000000000000000
org.apache.commons.lang3.math.NumberUtils:createNumber:(Ljava/lang/String;)Ljava/lang/Number;#539#505 prob_bp = 0.50000000000000000000
org.apache.commons.lang3.math.NumberUtils:createDouble:(Ljava/lang/String;)Ljava/lang/Double;#651#0 prob_bp = 0.50000000000000000000
org.apache.commons.lang3.math.NumberUtils:createNumber:(Ljava/lang/String;)Ljava/lang/Number;#540#518 prob_bp = 0.50000000000000000000
org.apache.commons.lang3.math.NumberUtils:createNumber:(Ljava/lang/String;)Ljava/lang/Number;#540#523 prob_bp = 0.50000000000000000000
org.apache.commons.lang3.math.NumberUtils:createNumber:(Ljava/lang/String;)Ljava/lang/Number;#540#524 prob_bp = 0.50000000000000000000
org.apache.commons.lang3.math.NumberUtils:createNumber:(Ljava/lang/String;)Ljava/lang/Number;#541#534 prob_bp = 0.50000000000000000000
org.apache.commons.lang3.math.NumberUtils:createNumber:(Ljava/lang/String;)Ljava/lang/Number;#541#536 prob_bp = 0.50000000000000000000
org.apache.commons.lang3.math.NumberUtils:createNumber:(Ljava/lang/String;)Ljava/lang/Number;#525#465 prob_bp = 0.50000000000000000000
org.apache.commons.lang3.math.NumberUtils:createNumber:(Ljava/lang/String;)Ljava/lang/Number;#525#467 prob_bp = 0.50000000000000000000
org.apache.commons.lang3.math.NumberUtils:createNumber:(Ljava/lang/String;)Ljava/lang/Number;#526#480 prob_bp = 0.50000000000000000000
org.apache.commons.lang3.math.NumberUtils:createNumber:(Ljava/lang/String;)Ljava/lang/Number;#526#482 prob_bp = 0.50000000000000000000
org.apache.commons.lang3.math.NumberUtils:createNumber:(Ljava/lang/String;)Ljava/lang/Number;#529#495 prob_bp = 0.50000000000000000000
org.apache.commons.lang3.math.NumberUtils:createNumber:(Ljava/lang/String;)Ljava/lang/Number;#529#497 prob_bp = 0.50000000000000000000
org.apache.commons.lang3.math.NumberUtils:createNumber:(Ljava/lang/String;)Ljava/lang/Number;#454#4 prob_bp = 0.50000000000000000000
org.apache.commons.lang3.math.NumberUtils:createNumber:(Ljava/lang/String;)Ljava/lang/Number;#454#5 prob_bp = 0.50000000000000000000
org.apache.commons.lang3.StringUtils:isBlank:(Ljava/lang/CharSequence;)Z#240#15 prob_bp = 0.50000000000000000000
org.apache.commons.lang3.math.NumberUtils:createNumber:(Ljava/lang/String;)Ljava/lang/Number;#464#32 prob_bp = 0.50000000000000000000
org.apache.commons.lang3.math.NumberUtils:createNumber:(Ljava/lang/String;)Ljava/lang/Number;#464#33 prob_bp = 0.50000000000000000000
org.apache.commons.lang3.math.NumberUtils:createNumber:(Ljava/lang/String;)Ljava/lang/Number;#590#701 prob_bp = 0.50000000000000000000
org.apache.commons.lang3.math.NumberUtils:createNumber:(Ljava/lang/String;)Ljava/lang/Number;#598#738 prob_bp = 0.50000000000000000000
org.apache.commons.lang3.math.NumberUtils:createNumber:(Ljava/lang/String;)Ljava/lang/Number;#598#739 prob_bp = 0.50000000000000000000
org.apache.commons.lang3.math.NumberUtils:createNumber:(Ljava/lang/String;)Ljava/lang/Number;#547#542 prob_bp = 0.50000000000000000000
org.apache.commons.lang3.math.NumberUtils:isNumber:(Ljava/lang/String;)Z#1324#14 prob_bp = 0.50000000000000010000
org.apache.commons.lang3.math.NumberUtils:isNumber:(Ljava/lang/String;)Z#1327#22 prob_bp = 0.50000000000000010000
org.apache.commons.lang3.math.NumberUtils:isNumber:(Ljava/lang/String;)Z#1331#43 prob_bp = 0.50000000000000010000
org.apache.commons.lang3.math.NumberUtils:isNumber:(Ljava/lang/String;)Z#1331#44 prob_bp = 0.50000000000000010000
org.apache.commons.lang3.math.NumberUtils:isNumber:(Ljava/lang/String;)Z#1331#47 prob_bp = 0.50000000000000010000
org.apache.commons.lang3.math.NumberUtils:isNumber:(Ljava/lang/String;)Z#1331#48 prob_bp = 0.50000000000000010000
org.apache.commons.lang3.math.NumberUtils:isNumber:(Ljava/lang/String;)Z#1332#51 prob_bp = 0.50000000000000010000
org.apache.commons.lang3.math.NumberUtils:isNumber:(Ljava/lang/String;)Z#1353#163 prob_bp = 0.50000000000000010000
org.apache.commons.lang3.math.NumberUtils:isNumber:(Ljava/lang/String;)Z#1353#173 prob_bp = 0.50000000000000010000
org.apache.commons.lang3.math.NumberUtils:isNumber:(Ljava/lang/String;)Z#1353#179 prob_bp = 0.50000000000000010000
org.apache.commons.lang3.math.NumberUtils:isNumber:(Ljava/lang/String;)Z#1386#324 prob_bp = 0.50000000000000010000
org.apache.commons.lang3.math.NumberUtils:isNumber:(Ljava/lang/String;)Z#1387#329 prob_bp = 0.50000000000000010000
org.apache.commons.lang3.math.NumberUtils:isNumber:(Ljava/lang/String;)Z#1387#331 prob_bp = 0.50000000000000010000
org.apache.commons.lang3.math.NumberUtils:isNumber:(Ljava/lang/String;)Z#1387#334 prob_bp = 0.50000000000000010000
org.apache.commons.lang3.math.NumberUtils:isNumber:(Ljava/lang/String;)Z#1387#341 prob_bp = 0.50000000000000010000
org.apache.commons.lang3.math.NumberUtils:isNumber:(Ljava/lang/String;)Z#1387#343 prob_bp = 0.50000000000000010000
org.apache.commons.lang3.math.NumberUtils:createNumber:(Ljava/lang/String;)Ljava/lang/Number;#453#0 prob_bp = 0.50000000000000010000
org.apache.commons.lang3.math.NumberUtils:createNumber:(Ljava/lang/String;)Ljava/lang/Number;#453#1 prob_bp = 0.50000000000000010000
org.apache.commons.lang3.math.NumberUtils:createNumber:(Ljava/lang/String;)Ljava/lang/Number;#469#58 prob_bp = 0.50000000000000010000
org.apache.commons.lang3.math.NumberUtils:createNumber:(Ljava/lang/String;)Ljava/lang/Number;#496#237 prob_bp = 0.50000000000000010000
org.apache.commons.lang3.math.NumberUtils:createNumber:(Ljava/lang/String;)Ljava/lang/Number;#559#580 prob_bp = 0.50000000000000010000
org.apache.commons.lang3.math.NumberUtils:createNumber:(Ljava/lang/String;)Ljava/lang/Number;#562#612 prob_bp = 0.50000000000000010000
org.apache.commons.lang3.math.NumberUtils:createNumber:(Ljava/lang/String;)Ljava/lang/Number;#564#614 prob_bp = 0.50000000000000010000
org.apache.commons.lang3.math.NumberUtils:createNumber:(Ljava/lang/String;)Ljava/lang/Number;#564#615 prob_bp = 0.50000000000000010000
org.apache.commons.lang3.math.NumberUtils:createNumber:(Ljava/lang/String;)Ljava/lang/Number;#567#624 prob_bp = 0.50000000000000010000
org.apache.commons.lang3.math.NumberUtils:createInteger:(Ljava/lang/String;)Ljava/lang/Integer;#668#1 prob_bp = 0.50000000000000010000
org.apache.commons.lang3.math.NumberUtils:createInteger:(Ljava/lang/String;)Ljava/lang/Integer;#672#10 prob_bp = 0.50000000000000010000
org.apache.commons.lang3.math.NumberUtils:isNumber:(Ljava/lang/String;)Z#1358#215 prob_bp = 0.50000000000000010000
org.apache.commons.lang3.math.NumberUtils:isNumber:(Ljava/lang/String;)Z#1363#234 prob_bp = 0.50000000000000010000
org.apache.commons.lang3.math.NumberUtils:createNumber:(Ljava/lang/String;)Ljava/lang/Number;#478#101 prob_bp = 0.50000000000000010000
org.apache.commons.lang3.math.NumberUtils:createNumber:(Ljava/lang/String;)Ljava/lang/Number;#478#102 prob_bp = 0.50000000000000010000
org.apache.commons.lang3.math.NumberUtils:createNumber:(Ljava/lang/String;)Ljava/lang/Number;#484#162 prob_bp = 0.50000000000000010000
org.apache.commons.lang3.math.NumberUtils:createNumber:(Ljava/lang/String;)Ljava/lang/Number;#484#163 prob_bp = 0.50000000000000010000
org.apache.commons.lang3.math.NumberUtils:createNumber:(Ljava/lang/String;)Ljava/lang/Number;#484#166 prob_bp = 0.50000000000000010000
org.apache.commons.lang3.math.NumberUtils:createNumber:(Ljava/lang/String;)Ljava/lang/Number;#484#167 prob_bp = 0.50000000000000010000
org.apache.commons.lang3.math.NumberUtils:createNumber:(Ljava/lang/String;)Ljava/lang/Number;#484#170 prob_bp = 0.50000000000000010000
org.apache.commons.lang3.math.NumberUtils:createNumber:(Ljava/lang/String;)Ljava/lang/Number;#486#175 prob_bp = 0.50000000000000010000
org.apache.commons.lang3.math.NumberUtils:isAllZeros:(Ljava/lang/String;)Z#613#0 prob_bp = 0.50000000000000010000
org.apache.commons.lang3.math.NumberUtils:isAllZeros:(Ljava/lang/String;)Z#613#1 prob_bp = 0.50000000000000010000
org.apache.commons.lang3.math.NumberUtils:isAllZeros:(Ljava/lang/String;)Z#616#6 prob_bp = 0.50000000000000010000
org.apache.commons.lang3.math.NumberUtils:isNumber:(Ljava/lang/String;)Z#1364#240 prob_bp = 0.50000000000000010000
org.apache.commons.lang3.math.NumberUtils:isNumber:(Ljava/lang/String;)Z#1364#243 prob_bp = 0.50000000000000010000
org.apache.commons.lang3.math.NumberUtils:isNumber:(Ljava/lang/String;)Z#1364#246 prob_bp = 0.50000000000000010000
org.apache.commons.lang3.math.NumberUtils:isNumber:(Ljava/lang/String;)Z#1366#259 prob_bp = 0.50000000000000010000
org.apache.commons.lang3.math.NumberUtils:isNumber:(Ljava/lang/String;)Z#1370#266 prob_bp = 0.50000000000000010000
org.apache.commons.lang3.math.NumberUtils:createNumber:(Ljava/lang/String;)Ljava/lang/Number;#492#224 prob_bp = 0.50000000000000010000
org.apache.commons.lang3.math.NumberUtils:createNumber:(Ljava/lang/String;)Ljava/lang/Number;#559#583 prob_bp = 0.50000000000000010000
org.apache.commons.lang3.math.NumberUtils:isNumber:(Ljava/lang/String;)Z#1375#279 prob_bp = 0.50000000000000010000
org.apache.commons.lang3.math.NumberUtils:isNumber:(Ljava/lang/String;)Z#1375#282 prob_bp = 0.50000000000000010000
org.apache.commons.lang3.math.NumberUtils:isNumber:(Ljava/lang/String;)Z#1375#285 prob_bp = 0.50000000000000010000
org.apache.commons.lang3.math.NumberUtils:isNumber:(Ljava/lang/String;)Z#1376#297 prob_bp = 0.50000000000000010000
org.apache.commons.lang3.math.NumberUtils:isNumber:(Ljava/lang/String;)Z#1375#292 prob_bp = 0.50000000000000010000
org.apache.commons.lang3.math.NumberUtils:isNumber:(Ljava/lang/String;)Z#1375#294 prob_bp = 0.50000000000000010000
org.apache.commons.lang3.math.NumberUtils:createNumber:(Ljava/lang/String;)Ljava/lang/Number;#479#114 prob_bp = 0.50000000000000010000
org.apache.commons.lang3.math.NumberUtils:createNumber:(Ljava/lang/String;)Ljava/lang/Number;#479#118 prob_bp = 0.50000000000000010000
org.apache.commons.lang3.math.NumberUtils:createNumber:(Ljava/lang/String;)Ljava/lang/Number;#482#149 prob_bp = 0.50000000000000010000
org.apache.commons.lang3.math.NumberUtils:createNumber:(Ljava/lang/String;)Ljava/lang/Number;#482#158 prob_bp = 0.50000000000000010000
org.apache.commons.lang3.math.NumberUtils:isNumber:(Ljava/lang/String;)Z#1330#36 prob_bp = 0.50000000000000010000
org.apache.commons.lang3.math.NumberUtils:isNumber:(Ljava/lang/String;)Z#1332#61 prob_bp = 0.50000000000000010000
org.apache.commons.lang3.math.NumberUtils:isNumber:(Ljava/lang/String;)Z#1334#80 prob_bp = 0.50000000000000010000
org.apache.commons.lang3.math.NumberUtils:isNumber:(Ljava/lang/String;)Z#1338#89 prob_bp = 0.50000000000000010000
org.apache.commons.lang3.math.NumberUtils:isNumber:(Ljava/lang/String;)Z#1339#92 prob_bp = 0.50000000000000010000
org.apache.commons.lang3.math.NumberUtils:isNumber:(Ljava/lang/String;)Z#1339#96 prob_bp = 0.50000000000000010000
org.apache.commons.lang3.math.NumberUtils:isNumber:(Ljava/lang/String;)Z#1339#105 prob_bp = 0.50000000000000010000
org.apache.commons.lang3.math.NumberUtils:isNumber:(Ljava/lang/String;)Z#1339#110 prob_bp = 0.50000000000000010000
org.apache.commons.lang3.math.NumberUtils:isNumber:(Ljava/lang/String;)Z#1339#111 prob_bp = 0.50000000000000010000
org.apache.commons.lang3.math.NumberUtils:isNumber:(Ljava/lang/String;)Z#1339#113 prob_bp = 0.50000000000000010000
org.apache.commons.lang3.math.NumberUtils:isNumber:(Ljava/lang/String;)Z#1339#134 prob_bp = 0.50000000000000010000
org.apache.commons.lang3.math.NumberUtils:isNumber:(Ljava/lang/String;)Z#1338#148 prob_bp = 0.50000000000000010000
org.apache.commons.lang3.math.NumberUtils:createNumber:(Ljava/lang/String;)Ljava/lang/Number;#467#53 prob_bp = 0.50000000000000010000
org.apache.commons.lang3.math.NumberUtils:isNumber:(Ljava/lang/String;)Z#1403#402 prob_bp = 0.50000000000000010000
org.apache.commons.lang3.math.NumberUtils:isNumber:(Ljava/lang/String;)Z#1403#409 prob_bp = 0.50000000000000010000
org.apache.commons.lang3.math.NumberUtils:createNumber:(Ljava/lang/String;)Ljava/lang/Number;#499#252 prob_bp = 0.50000000000000010000
org.apache.commons.lang3.math.NumberUtils:createNumber:(Ljava/lang/String;)Ljava/lang/Number;#499#255 prob_bp = 0.50000000000000010000
org.apache.commons.lang3.math.NumberUtils:createNumber:(Ljava/lang/String;)Ljava/lang/Number;#506#305 prob_bp = 0.50000000000000010000
org.apache.commons.lang3.math.NumberUtils:createDouble:(Ljava/lang/String;)Ljava/lang/Double;#651#1 prob_bp = 0.50000000000000010000
org.apache.commons.lang3.math.NumberUtils:createDouble:(Ljava/lang/String;)Ljava/lang/Double;#654#7 prob_bp = 0.50000000000000010000
org.apache.commons.lang3.math.NumberUtils:createNumber:(Ljava/lang/String;)Ljava/lang/Number;#540#515 prob_bp = 0.50000000000000010000
org.apache.commons.lang3.math.NumberUtils:createNumber:(Ljava/lang/String;)Ljava/lang/Number;#540#525 prob_bp = 0.50000000000000010000
org.apache.commons.lang3.math.NumberUtils:createNumber:(Ljava/lang/String;)Ljava/lang/Number;#540#526 prob_bp = 0.50000000000000010000
org.apache.commons.lang3.math.NumberUtils:isNumber:(Ljava/lang/String;)Z#1403#415 prob_bp = 0.50000000000000010000
org.apache.commons.lang3.math.NumberUtils:createNumber:(Ljava/lang/String;)Ljava/lang/Number;#525#470 prob_bp = 0.50000000000000010000
org.apache.commons.lang3.math.NumberUtils:createNumber:(Ljava/lang/String;)Ljava/lang/Number;#526#477 prob_bp = 0.50000000000000010000
org.apache.commons.lang3.math.NumberUtils:createNumber:(Ljava/lang/String;)Ljava/lang/Number;#526#485 prob_bp = 0.50000000000000010000
org.apache.commons.lang3.math.NumberUtils:createNumber:(Ljava/lang/String;)Ljava/lang/Number;#526#487 prob_bp = 0.50000000000000010000
org.apache.commons.lang3.math.NumberUtils:createNumber:(Ljava/lang/String;)Ljava/lang/Number;#510#384 prob_bp = 0.50000000000000010000
org.apache.commons.lang3.StringUtils:isBlank:(Ljava/lang/CharSequence;)Z#240#16 prob_bp = 0.50000000000000010000
org.apache.commons.lang3.math.NumberUtils:createNumber:(Ljava/lang/String;)Ljava/lang/Number;#572#630 prob_bp = 0.50000000000000010000
org.apache.commons.lang3.math.NumberUtils:createNumber:(Ljava/lang/String;)Ljava/lang/Number;#572#631 prob_bp = 0.50000000000000010000
org.apache.commons.lang3.math.NumberUtils:createNumber:(Ljava/lang/String;)Ljava/lang/Number;#547#544 prob_bp = 0.50000000000000010000
org.apache.commons.lang3.math.NumberUtils:isNumber:(Ljava/lang/String;)Z#1356#209 prob_bp = 0.50000000000000020000
org.apache.commons.lang3.math.NumberUtils:isNumber:(Ljava/lang/String;)Z#1387#332 prob_bp = 0.50000000000000020000
org.apache.commons.lang3.math.NumberUtils:createNumber:(Ljava/lang/String;)Ljava/lang/Number;#496#238 prob_bp = 0.50000000000000020000
org.apache.commons.lang3.math.NumberUtils:createNumber:(Ljava/lang/String;)Ljava/lang/Number;#559#577 prob_bp = 0.50000000000000020000
org.apache.commons.lang3.math.NumberUtils:createNumber:(Ljava/lang/String;)Ljava/lang/Number;#486#173 prob_bp = 0.50000000000000020000
org.apache.commons.lang3.math.NumberUtils:createNumber:(Ljava/lang/String;)Ljava/lang/Number;#559#586 prob_bp = 0.50000000000000020000
org.apache.commons.lang3.math.NumberUtils:createNumber:(Ljava/lang/String;)Ljava/lang/Number;#560#599 prob_bp = 0.50000000000000020000
org.apache.commons.lang3.math.NumberUtils:createNumber:(Ljava/lang/String;)Ljava/lang/Number;#560#600 prob_bp = 0.50000000000000020000
org.apache.commons.lang3.math.NumberUtils:createNumber:(Ljava/lang/String;)Ljava/lang/Number;#560#603 prob_bp = 0.50000000000000020000
org.apache.commons.lang3.math.NumberUtils:isNumber:(Ljava/lang/String;)Z#1375#280 prob_bp = 0.50000000000000020000
org.apache.commons.lang3.math.NumberUtils:createNumber:(Ljava/lang/String;)Ljava/lang/Number;#482#151 prob_bp = 0.50000000000000020000
org.apache.commons.lang3.math.NumberUtils:isNumber:(Ljava/lang/String;)Z#1339#114 prob_bp = 0.50000000000000020000
org.apache.commons.lang3.math.NumberUtils:isNumber:(Ljava/lang/String;)Z#1339#141 prob_bp = 0.50000000000000020000
org.apache.commons.lang3.math.NumberUtils:createNumber:(Ljava/lang/String;)Ljava/lang/Number;#499#254 prob_bp = 0.50000000000000020000
org.apache.commons.lang3.math.NumberUtils:createNumber:(Ljava/lang/String;)Ljava/lang/Number;#506#304 prob_bp = 0.50000000000000020000
org.apache.commons.lang3.math.NumberUtils:createNumber:(Ljava/lang/String;)Ljava/lang/Number;#540#512 prob_bp = 0.50000000000000020000
org.apache.commons.lang3.math.NumberUtils:createNumber:(Ljava/lang/String;)Ljava/lang/Number;#526#474 prob_bp = 0.50000000000000020000
org.apache.commons.lang3.math.NumberUtils:createNumber:(Ljava/lang/String;)Ljava/lang/Number;#526#486 prob_bp = 0.50000000000000020000
org.apache.commons.lang3.math.NumberUtils:isNumber:(Ljava/lang/String;)Z#1353#172 prob_bp = 0.50000000000000030000
org.apache.commons.lang3.math.NumberUtils:isNumber:(Ljava/lang/String;)Z#1386#321 prob_bp = 0.50000000000000030000
org.apache.commons.lang3.math.NumberUtils:isNumber:(Ljava/lang/String;)Z#1387#328 prob_bp = 0.50000000000000030000
org.apache.commons.lang3.math.NumberUtils:createNumber:(Ljava/lang/String;)Ljava/lang/Number;#456#10 prob_bp = 0.50000000000000030000
org.apache.commons.lang3.math.NumberUtils:createNumber:(Ljava/lang/String;)Ljava/lang/Number;#559#579 prob_bp = 0.50000000000000030000
org.apache.commons.lang3.math.NumberUtils:isNumber:(Ljava/lang/String;)Z#1358#218 prob_bp = 0.50000000000000030000
org.apache.commons.lang3.math.NumberUtils:isNumber:(Ljava/lang/String;)Z#1364#252 prob_bp = 0.50000000000000030000
org.apache.commons.lang3.math.NumberUtils:isNumber:(Ljava/lang/String;)Z#1403#399 prob_bp = 0.50000000000000030000
org.apache.commons.lang3.math.NumberUtils:isNumber:(Ljava/lang/String;)Z#1403#411 prob_bp = 0.50000000000000030000
org.apache.commons.lang3.math.NumberUtils:createNumber:(Ljava/lang/String;)Ljava/lang/Number;#510#385 prob_bp = 0.50000000000000030000
org.apache.commons.lang3.math.NumberUtils:createNumber:(Ljava/lang/String;)Ljava/lang/Number;#459#23 prob_bp = 0.50000000000000040000
org.apache.commons.lang3.math.NumberUtils:isNumber:(Ljava/lang/String;)Z#1358#217 prob_bp = 0.50000000000000040000
org.apache.commons.lang3.math.NumberUtils:isNumber:(Ljava/lang/String;)Z#1358#220 prob_bp = 0.50000000000000040000
org.apache.commons.lang3.math.NumberUtils:createNumber:(Ljava/lang/String;)Ljava/lang/Number;#486#172 prob_bp = 0.50000000000000040000
org.apache.commons.lang3.math.NumberUtils:createNumber:(Ljava/lang/String;)Ljava/lang/Number;#576#637 prob_bp = 0.50000000000000040000
org.apache.commons.lang3.math.NumberUtils:createNumber:(Ljava/lang/String;)Ljava/lang/Number;#576#638 prob_bp = 0.50000000000000040000
org.apache.commons.lang3.math.NumberUtils:isNumber:(Ljava/lang/String;)Z#1353#166 prob_bp = 0.50000000000000060000
org.apache.commons.lang3.math.NumberUtils:isNumber:(Ljava/lang/String;)Z#1356#208 prob_bp = 0.50000000000000060000
org.apache.commons.lang3.math.NumberUtils:createNumber:(Ljava/lang/String;)Ljava/lang/Number;#459#24 prob_bp = 0.50000000000000060000
org.apache.commons.lang3.math.NumberUtils:createNumber:(Ljava/lang/String;)Ljava/lang/Number;#469#59 prob_bp = 0.50000000000000060000
org.apache.commons.lang3.math.NumberUtils:isNumber:(Ljava/lang/String;)Z#1364#253 prob_bp = 0.50000000000000060000
org.apache.commons.lang3.math.NumberUtils:createBigInteger:(Ljava/lang/String;)Ljava/math/BigInteger;#701#0 prob_bp = 0.50000000000000060000
org.apache.commons.lang3.math.NumberUtils:isAllZeros:(Ljava/lang/String;)Z#616#7 prob_bp = 0.50000000000000070000
org.apache.commons.lang3.math.NumberUtils:createNumber:(Ljava/lang/String;)Ljava/lang/Number;#456#6 prob_bp = 0.50000000000000080000
org.apache.commons.lang3.math.NumberUtils:isAllZeros:(Ljava/lang/String;)Z#617#19 prob_bp = 0.50000000000000080000
org.apache.commons.lang3.StringUtils:isBlank:(Ljava/lang/CharSequence;)Z#242#39 prob_bp = 0.50000000000000090000
org.apache.commons.lang3.math.NumberUtils:isNumber:(Ljava/lang/String;)Z#1331#46 prob_bp = 0.50000000000000100000
org.apache.commons.lang3.math.NumberUtils:createNumber:(Ljava/lang/String;)Ljava/lang/Number;#459#26 prob_bp = 0.50000000000000100000
org.apache.commons.lang3.math.NumberUtils:createNumber:(Ljava/lang/String;)Ljava/lang/Number;#469#62 prob_bp = 0.50000000000000100000
org.apache.commons.lang3.math.NumberUtils:createNumber:(Ljava/lang/String;)Ljava/lang/Number;#469#63 prob_bp = 0.50000000000000100000
org.apache.commons.lang3.math.NumberUtils:createFloat:(Ljava/lang/String;)Ljava/lang/Float;#638#6 prob_bp = 0.50000000000000100000
org.apache.commons.lang3.math.NumberUtils:createBigInteger:(Ljava/lang/String;)Ljava/math/BigInteger;#701#1 prob_bp = 0.50000000000000170000
org.apache.commons.lang3.math.NumberUtils:createFloat:(Ljava/lang/String;)Ljava/lang/Float;#638#7 prob_bp = 0.50000000000000190000
org.apache.commons.lang3.math.NumberUtils:createNumber:(Ljava/lang/String;)Ljava/lang/Number;#473#68 prob_bp = 0.50000000000000540000
org.apache.commons.lang3.math.NumberUtils:createNumber:(Ljava/lang/String;)Ljava/lang/Number;#473#69 prob_bp = 0.50000000000000700000
org.apache.commons.lang3.math.NumberUtils:createNumber:(Ljava/lang/String;)Ljava/lang/Number;#473#71 prob_bp = 0.50000000000000710000
org.apache.commons.lang3.math.NumberUtils:createNumber:(Ljava/lang/String;)Ljava/lang/Number;#469#57 prob_bp = 0.50000000000001190000
org.apache.commons.lang3.math.NumberUtils:createNumber:(Ljava/lang/String;)Ljava/lang/Number;#469#64 prob_bp = 0.50000000000001240000
org.apache.commons.lang3.math.NumberUtils:createNumber:(Ljava/lang/String;)Ljava/lang/Number;#459#29 prob_bp = 0.50000000000001550000
org.apache.commons.lang3.math.NumberUtils:createNumber:(Ljava/lang/String;)Ljava/lang/Number;#466#34 prob_bp = 0.50000000000002190000
org.apache.commons.lang3.math.NumberUtils:createNumber:(Ljava/lang/String;)Ljava/lang/Number;#466#35 prob_bp = 0.50000000000002880000
org.apache.commons.lang3.math.NumberUtils:createNumber:(Ljava/lang/String;)Ljava/lang/Number;#466#37 prob_bp = 0.50000000000002880000
org.apache.commons.lang3.math.NumberUtils:createNumber:(Ljava/lang/String;)Ljava/lang/Number;#583#678 prob_bp = 0.50000000000003160000
org.apache.commons.lang3.math.NumberUtils:createNumber:(Ljava/lang/String;)Ljava/lang/Number;#502#288 prob_bp = 0.50000000000004810000
org.apache.commons.lang3.math.NumberUtils:createNumber:(Ljava/lang/String;)Ljava/lang/Number;#502#289 prob_bp = 0.50000000000004980000
org.apache.commons.lang3.math.NumberUtils:createNumber:(Ljava/lang/String;)Ljava/lang/Number;#499#255#unexe#4 prob_bp = 0.50000000000005760000
org.apache.commons.lang3.math.NumberUtils:createNumber:(Ljava/lang/String;)Ljava/lang/Number;#510#388 prob_bp = 0.50000000000008920000
org.apache.commons.lang3.math.NumberUtils:createNumber:(Ljava/lang/String;)Ljava/lang/Number;#583#680 prob_bp = 0.50000000000012870000
org.apache.commons.lang3.math.NumberUtils:createNumber:(Ljava/lang/String;)Ljava/lang/Number;#582#664 prob_bp = 0.50000000000019970000
org.apache.commons.lang3.math.NumberUtils:createNumber:(Ljava/lang/String;)Ljava/lang/Number;#510#390 prob_bp = 0.50000000000021640000
org.apache.commons.lang3.math.NumberUtils:createNumber:(Ljava/lang/String;)Ljava/lang/Number;#582#665 prob_bp = 0.50000000000023040000
org.apache.commons.lang3.math.NumberUtils:createFloat:(Ljava/lang/String;)Ljava/lang/Float;#635#0 prob_bp = 0.50000000000035370000
org.apache.commons.lang3.math.NumberUtils:createFloat:(Ljava/lang/String;)Ljava/lang/Float;#638#10 prob_bp = 0.50000000000043840000
org.apache.commons.lang3.math.NumberUtils:createNumber:(Ljava/lang/String;)Ljava/lang/Number;#510#393 prob_bp = 0.50000000000044160000
org.apache.commons.lang3.math.NumberUtils:createNumber:(Ljava/lang/String;)Ljava/lang/Number;#498#239 prob_bp = 0.50000000000070090000
org.apache.commons.lang3.math.NumberUtils:createFloat:(Ljava/lang/String;)Ljava/lang/Float;#635#1 prob_bp = 0.50000000000085370000
org.apache.commons.lang3.math.NumberUtils:createNumber:(Ljava/lang/String;)Ljava/lang/Number;#474#76 prob_bp = 0.50000000000096590000
org.apache.commons.lang3.math.NumberUtils:createNumber:(Ljava/lang/String;)Ljava/lang/Number;#474#77 prob_bp = 0.50000000000124960000
org.apache.commons.lang3.math.NumberUtils:createNumber:(Ljava/lang/String;)Ljava/lang/Number;#474#79 prob_bp = 0.50000000000129970000
org.apache.commons.lang3.math.NumberUtils:createNumber:(Ljava/lang/String;)Ljava/lang/Number;#473#74 prob_bp = 0.50000000000154580000
org.apache.commons.lang3.math.NumberUtils:createNumber:(Ljava/lang/String;)Ljava/lang/Number;#505#293 prob_bp = 0.50000000000171430000
org.apache.commons.lang3.math.NumberUtils:createNumber:(Ljava/lang/String;)Ljava/lang/Number;#510#395 prob_bp = 0.50000000000179130000
org.apache.commons.lang3.math.NumberUtils:createNumber:(Ljava/lang/String;)Ljava/lang/Number;#510#396 prob_bp = 0.50000000000186370000
org.apache.commons.lang3.math.NumberUtils:createNumber:(Ljava/lang/String;)Ljava/lang/Number;#505#294 prob_bp = 0.50000000000197910000
org.apache.commons.lang3.math.NumberUtils:createNumber:(Ljava/lang/String;)Ljava/lang/Number;#582#668 prob_bp = 0.50000000000219440000
org.apache.commons.lang3.math.NumberUtils:createNumber:(Ljava/lang/String;)Ljava/lang/Number;#498#240 prob_bp = 0.50000000000296840000
org.apache.commons.lang3.math.NumberUtils:createNumber:(Ljava/lang/String;)Ljava/lang/Number;#466#43 prob_bp = 0.50000000000430690000
org.apache.commons.lang3.math.NumberUtils:createNumber:(Ljava/lang/String;)Ljava/lang/Number;#466#44 prob_bp = 0.50000000000556850000
org.apache.commons.lang3.math.NumberUtils:createNumber:(Ljava/lang/String;)Ljava/lang/Number;#466#46 prob_bp = 0.50000000000579280000
org.apache.commons.lang3.math.NumberUtils:createNumber:(Ljava/lang/String;)Ljava/lang/Number;#466#40 prob_bp = 0.50000000000585610000
org.apache.commons.lang3.math.NumberUtils:createNumber:(Ljava/lang/String;)Ljava/lang/Number;#505#297 prob_bp = 0.50000000000598600000
org.apache.commons.lang3.math.NumberUtils:createNumber:(Ljava/lang/String;)Ljava/lang/Number;#505#298 prob_bp = 0.50000000000622780000
org.apache.commons.lang3.math.NumberUtils:createNumber:(Ljava/lang/String;)Ljava/lang/Number;#476#93 prob_bp = 0.50000000000775890000
org.apache.commons.lang3.math.NumberUtils:createNumber:(Ljava/lang/String;)Ljava/lang/Number;#583#670 prob_bp = 0.50000000000922700000
org.apache.commons.lang3.math.NumberUtils:createNumber:(Ljava/lang/String;)Ljava/lang/Number;#498#243 prob_bp = 0.50000000001212040000
org.apache.commons.lang3.math.NumberUtils:createNumber:(Ljava/lang/String;)Ljava/lang/Number;#510#399 prob_bp = 0.50000000002306010000
org.apache.commons.lang3.math.NumberUtils:createNumber:(Ljava/lang/String;)Ljava/lang/Number;#510#401 prob_bp = 0.50000000002398800000
org.apache.commons.lang3.math.NumberUtils:createNumber:(Ljava/lang/String;)Ljava/lang/Number;#583#683 prob_bp = 0.50000000002841130000
org.apache.commons.lang3.math.NumberUtils:createNumber:(Ljava/lang/String;)Ljava/lang/Number;#583#684 prob_bp = 0.50000000002955540000
org.apache.commons.lang3.math.NumberUtils:createNumber:(Ljava/lang/String;)Ljava/lang/Number;#476#95 prob_bp = 0.50000000003153000000
org.apache.commons.lang3.math.NumberUtils:createNumber:(Ljava/lang/String;)Ljava/lang/Number;#476#96 prob_bp = 0.50000000003280120000
org.apache.commons.lang3.math.NumberUtils:createNumber:(Ljava/lang/String;)Ljava/lang/Number;#583#672 prob_bp = 0.50000000003755120000
org.apache.commons.lang3.StringUtils:isBlank:(Ljava/lang/CharSequence;)Z#239#0 prob_bp = 0.50000000008478520000
org.apache.commons.lang3.math.NumberUtils:createNumber:(Ljava/lang/String;)Ljava/lang/Number;#505#291 prob_bp = 0.50000000008836540000
org.apache.commons.lang3.math.NumberUtils:createNumber:(Ljava/lang/String;)Ljava/lang/Number;#505#292 prob_bp = 0.50000000009804060000
org.apache.commons.lang3.math.NumberUtils:createNumber:(Ljava/lang/String;)Ljava/lang/Number;#505#299 prob_bp = 0.50000000010199870000
org.apache.commons.lang3.StringUtils:isBlank:(Ljava/lang/CharSequence;)Z#239#1 prob_bp = 0.50000000011459510000
org.apache.commons.lang3.math.NumberUtils:createNumber:(Ljava/lang/String;)Ljava/lang/Number;#474#88 prob_bp = 0.50000000012409930000
org.apache.commons.lang3.math.NumberUtils:createNumber:(Ljava/lang/String;)Ljava/lang/Number;#583#675 prob_bp = 0.50000000015137770000
org.apache.commons.lang3.StringUtils:isBlank:(Ljava/lang/CharSequence;)Z#239#12 prob_bp = 0.50000000029452920000
org.apache.commons.lang3.math.NumberUtils:createNumber:(Ljava/lang/String;)Ljava/lang/Number;#474#82 prob_bp = 0.50000000029474260000
org.apache.commons.lang3.StringUtils:isBlank:(Ljava/lang/CharSequence;)Z#239#10 prob_bp = 0.50000000037190260000
org.apache.commons.lang3.math.NumberUtils:createNumber:(Ljava/lang/String;)Ljava/lang/Number;#474#83 prob_bp = 0.50000000038113320000
org.apache.commons.lang3.math.NumberUtils:createNumber:(Ljava/lang/String;)Ljava/lang/Number;#498#246 prob_bp = 0.50000000039507960000
org.apache.commons.lang3.math.NumberUtils:createNumber:(Ljava/lang/String;)Ljava/lang/Number;#474#85 prob_bp = 0.50000000039649360000
org.apache.commons.lang3.math.NumberUtils:isDigits:(Ljava/lang/String;)Z#1298#32 prob_bp = 0.50000000039796090000
org.apache.commons.lang3.math.NumberUtils:isDigits:(Ljava/lang/String;)Z#1295#0 prob_bp = 0.50000000075572440000
org.apache.commons.lang3.math.NumberUtils:isDigits:(Ljava/lang/String;)Z#1295#1 prob_bp = 0.50000000087211430000
org.apache.commons.lang3.StringUtils:isBlank:(Ljava/lang/CharSequence;)Z#239#11 prob_bp = 0.50000000127938820000
org.apache.commons.lang3.math.NumberUtils:createNumber:(Ljava/lang/String;)Ljava/lang/Number;#498#247 prob_bp = 0.50000000160511090000
org.apache.commons.lang3.math.NumberUtils:createNumber:(Ljava/lang/String;)Ljava/lang/Number;#498#249 prob_bp = 0.50000000166974960000
org.apache.commons.lang3.math.NumberUtils:createNumber:(Ljava/lang/String;)Ljava/lang/Number;#466#49 prob_bp = 0.50000000232087070000
org.apache.commons.lang3.math.NumberUtils:createBigDecimal:(Ljava/lang/String;)Ljava/math/BigDecimal;#717#0 prob_bp = 0.50000000316573310000
org.apache.commons.lang3.math.NumberUtils:createBigDecimal:(Ljava/lang/String;)Ljava/math/BigDecimal;#717#1 prob_bp = 0.50000000323317320000
org.apache.commons.lang3.StringUtils:isBlank:(Ljava/lang/CharSequence;)Z#239#4 prob_bp = 0.50000000323560300000
org.apache.commons.lang3.math.NumberUtils:createNumber:(Ljava/lang/String;)Ljava/lang/Number;#488#182 prob_bp = 0.50000000420146710000
org.apache.commons.lang3.StringUtils:isBlank:(Ljava/lang/CharSequence;)Z#239#5 prob_bp = 0.50000000484750220000
org.apache.commons.lang3.StringUtils:isBlank:(Ljava/lang/CharSequence;)Z#242#20 prob_bp = 0.50000000491517680000
org.apache.commons.lang3.math.NumberUtils:createNumber:(Ljava/lang/String;)Ljava/lang/Number;#510#416 prob_bp = 0.50000000651075190000
org.apache.commons.lang3.StringUtils:isBlank:(Ljava/lang/CharSequence;)Z#243#24 prob_bp = 0.50000000672181080000
org.apache.commons.lang3.StringUtils:isBlank:(Ljava/lang/CharSequence;)Z#243#25 prob_bp = 0.50000000688417010000
org.apache.commons.lang3.math.NumberUtils:createBigDecimal:(Ljava/lang/String;)Ljava/math/BigDecimal;#721#6 prob_bp = 0.50000000826905900000
org.apache.commons.lang3.math.NumberUtils:createBigDecimal:(Ljava/lang/String;)Ljava/math/BigDecimal;#721#7 prob_bp = 0.50000000866343220000
org.apache.commons.lang3.StringUtils:isBlank:(Ljava/lang/CharSequence;)Z#243#26 prob_bp = 0.50000001062663810000
org.apache.commons.lang3.StringUtils:isBlank:(Ljava/lang/CharSequence;)Z#242#19 prob_bp = 0.50000001267555280000
org.apache.commons.lang3.StringUtils:isBlank:(Ljava/lang/CharSequence;)Z#242#17 prob_bp = 0.50000001627139760000
org.apache.commons.lang3.StringUtils:isBlank:(Ljava/lang/CharSequence;)Z#242#18 prob_bp = 0.50000001692602550000
org.apache.commons.lang3.math.NumberUtils:createNumber:(Ljava/lang/String;)Ljava/lang/Number;#488#184 prob_bp = 0.50000001692795500000
org.apache.commons.lang3.math.NumberUtils:createNumber:(Ljava/lang/String;)Ljava/lang/Number;#488#185 prob_bp = 0.50000001761133380000
org.apache.commons.lang3.StringUtils:isBlank:(Ljava/lang/CharSequence;)Z#242#21 prob_bp = 0.50000001954473120000
org.apache.commons.lang3.math.NumberUtils:isDigits:(Ljava/lang/String;)Z#1295#4 prob_bp = 0.50000002283254320000
org.apache.commons.lang3.math.NumberUtils:createNumber:(Ljava/lang/String;)Ljava/lang/Number;#510#418 prob_bp = 0.50000002754619030000
org.apache.commons.lang3.math.NumberUtils:createNumber:(Ljava/lang/String;)Ljava/lang/Number;#583#685 prob_bp = 0.50000004544289990000
org.apache.commons.lang3.math.NumberUtils:createNumber:(Ljava/lang/String;)Ljava/lang/Number;#474#89 prob_bp = 0.50000004795726400000
org.apache.commons.lang3.math.NumberUtils:createNumber:(Ljava/lang/String;)Ljava/lang/Number;#474#90 prob_bp = 0.50000004989007140000
org.apache.commons.lang3.math.NumberUtils:isDigits:(Ljava/lang/String;)Z#1298#11 prob_bp = 0.50000010077002910000
org.apache.commons.lang3.math.NumberUtils:isDigits:(Ljava/lang/String;)Z#1299#20 prob_bp = 0.50000011565632050000
org.apache.commons.lang3.math.NumberUtils:createNumber:(Ljava/lang/String;)Ljava/lang/Number;#489#190 prob_bp = 0.50000011795757080000
org.apache.commons.lang3.math.NumberUtils:isDigits:(Ljava/lang/String;)Z#1298#12 prob_bp = 0.50000012054229100000
org.apache.commons.lang3.math.NumberUtils:isDigits:(Ljava/lang/String;)Z#1298#16 prob_bp = 0.50000015133041750000
org.apache.commons.lang3.math.NumberUtils:isDigits:(Ljava/lang/String;)Z#1299#19 prob_bp = 0.50000015162366220000
org.apache.commons.lang3.math.NumberUtils:createNumber:(Ljava/lang/String;)Ljava/lang/Number;#489#191 prob_bp = 0.50000015874565370000
org.apache.commons.lang3.math.NumberUtils:isDigits:(Ljava/lang/String;)Z#1299#21 prob_bp = 0.50000017499117500000
org.apache.commons.lang3.math.NumberUtils:isDigits:(Ljava/lang/String;)Z#1298#9 prob_bp = 0.50000018158832920000
org.apache.commons.lang3.math.NumberUtils:isDigits:(Ljava/lang/String;)Z#1298#10 prob_bp = 0.50000018866252270000
org.apache.commons.lang3.math.NumberUtils:isDigits:(Ljava/lang/String;)Z#1298#13 prob_bp = 0.50000046380041250000
org.apache.commons.lang3.math.NumberUtils:createNumber:(Ljava/lang/String;)Ljava/lang/Number;#474#91 prob_bp = 0.50000082692618920000
org.apache.commons.lang3.math.NumberUtils:createNumber:(Ljava/lang/String;)Ljava/lang/Number;#505#302 prob_bp = 0.50000196863036980000
org.apache.commons.lang3.math.NumberUtils:createNumber:(Ljava/lang/String;)Ljava/lang/Number;#489#188 prob_bp = 0.50000395439811120000
org.apache.commons.lang3.math.NumberUtils:createNumber:(Ljava/lang/String;)Ljava/lang/Number;#514#424 prob_bp = 0.50000990903441300000
org.apache.commons.lang3.math.NumberUtils:isDigits:(Ljava/lang/String;)Z#1303#38 prob_bp = 0.50001008513894900000
org.apache.commons.lang3.math.NumberUtils:isDigits:(Ljava/lang/String;)Z#1303#39 prob_bp = 0.50001049258311710000
org.apache.commons.lang3.math.NumberUtils:createNumber:(Ljava/lang/String;)Ljava/lang/Number;#510#421 prob_bp = 0.50001213867729830000
org.apache.commons.lang3.math.NumberUtils:createNumber:(Ljava/lang/String;)Ljava/lang/Number;#489#194 prob_bp = 0.50001658306384260000
org.apache.commons.lang3.StringUtils:isBlank:(Ljava/lang/CharSequence;)Z#243#31 prob_bp = 0.50003392255593100000
org.apache.commons.lang3.math.NumberUtils:createNumber:(Ljava/lang/String;)Ljava/lang/Number;#514#426 prob_bp = 0.50004137569297740000
org.apache.commons.lang3.math.NumberUtils:createLong:(Ljava/lang/String;)Ljava/lang/Long;#688#6 prob_bp = 0.50004184766891770000
org.apache.commons.lang3.math.NumberUtils:createLong:(Ljava/lang/String;)Ljava/lang/Long;#685#0 prob_bp = 0.50012497972557990000
org.apache.commons.lang3.math.NumberUtils:createLong:(Ljava/lang/String;)Ljava/lang/Long;#688#7 prob_bp = 0.50013821268072930000
org.apache.commons.lang3.StringUtils:isBlank:(Ljava/lang/CharSequence;)Z#243#34 prob_bp = 0.50017087592372690000
org.apache.commons.lang3.math.NumberUtils:isDigits:(Ljava/lang/String;)Z#1299#24 prob_bp = 0.50030954532071090000
org.apache.commons.lang3.math.NumberUtils:createLong:(Ljava/lang/String;)Ljava/lang/Long;#685#1 prob_bp = 0.50049462479717300000
org.apache.commons.lang3.StringUtils:isEmpty:(Ljava/lang/CharSequence;)Z#199#10 prob_bp = 0.50109317796158810000
org.apache.commons.lang3.math.NumberUtils:isDigits:(Ljava/lang/String;)Z#1299#27 prob_bp = 0.50155555153813410000
org.apache.commons.lang3.StringUtils:isEmpty:(Ljava/lang/CharSequence;)Z#199#13 prob_bp = 0.50195772637587670000
org.apache.commons.lang3.StringUtils:isEmpty:(Ljava/lang/CharSequence;)Z#199#0 prob_bp = 0.50635002430880040000
org.apache.commons.lang3.StringUtils:isEmpty:(Ljava/lang/CharSequence;)Z#199#1 prob_bp = 0.50680797915473990000
org.apache.commons.lang3.StringUtils:isBlank:(Ljava/lang/CharSequence;)Z#244#37 prob_bp = 0.51737779029667100000
org.apache.commons.lang3.StringUtils:isBlank:(Ljava/lang/CharSequence;)Z#244#38 prob_bp = 0.51802922877181280000
org.apache.commons.lang3.math.NumberUtils:createBigDecimal:(Ljava/lang/String;)Ljava/math/BigDecimal;#721#10 prob_bp = 0.52050705851326320000
org.apache.commons.lang3.math.NumberUtils:createLong:(Ljava/lang/String;)Ljava/lang/Long;#688#10 prob_bp = 0.53014061890308840000
org.apache.commons.lang3.StringUtils:isEmpty:(Ljava/lang/CharSequence;)Z#199#4 prob_bp = 0.54417334804083570000
org.apache.commons.lang3.StringUtils:isEmpty:(Ljava/lang/CharSequence;)Z#199#5 prob_bp = 0.54988157395795350000
org.apache.commons.lang3.math.NumberUtils:createNumber:(Ljava/lang/String;)Ljava/lang/Number;#514#429 prob_bp = 0.62724557546039880000
org.apache.commons.lang3.StringUtils:isEmpty:(Ljava/lang/CharSequence;)Z#199#17 prob_bp = 0.73536479252666360000
org.apache.commons.lang3.StringUtils:isEmpty:(Ljava/lang/CharSequence;)Z#199#18 prob_bp = 0.74081977476769500000
org.apache.commons.lang3.math.NumberUtilsTest:testIsNumber:()V#1006#0 prob_bp = 1.00000000000000000000
org.apache.commons.lang3.math.NumberUtilsTest:testIsNumber:()V#1006#2 prob_bp = 1.00000000000000000000
org.apache.commons.lang3.math.NumberUtilsTest:testIsNumber:()V#1007#6 prob_bp = 1.00000000000000000000
org.apache.commons.lang3.math.NumberUtilsTest:testIsNumber:()V#1007#7 prob_bp = 1.00000000000000000000
org.apache.commons.lang3.math.NumberUtilsTest:testIsNumber:()V#1008#17 prob_bp = 1.00000000000000000000
org.apache.commons.lang3.math.NumberUtilsTest:testIsNumber:()V#1008#18 prob_bp = 1.00000000000000000000
org.apache.commons.lang3.math.NumberUtilsTest:checkCreateNumber:(Ljava/lang/String;)Z#1150#0 prob_bp = 1.00000000000000000000
org.apache.commons.lang3.math.NumberUtilsTest:checkCreateNumber:(Ljava/lang/String;)Z#1150#1 prob_bp = 1.00000000000000000000
org.apache.commons.lang3.math.NumberUtilsTest:checkCreateNumber:(Ljava/lang/String;)Z#1150#4 prob_bp = 1.00000000000000000000
org.apache.commons.lang3.math.NumberUtilsTest:checkCreateNumber:(Ljava/lang/String;)Z#1151#5 prob_bp = 1.00000000000000000000
org.apache.commons.lang3.math.NumberUtilsTest:checkCreateNumber:(Ljava/lang/String;)Z#1151#6 prob_bp = 1.00000000000000000000
org.apache.commons.lang3.math.NumberUtilsTest:testIsNumber:()V#1009#24 prob_bp = 1.00000000000000000000
org.apache.commons.lang3.math.NumberUtilsTest:testIsNumber:()V#1009#26 prob_bp = 1.00000000000000000000
org.apache.commons.lang3.math.NumberUtilsTest:testIsNumber:()V#1010#30 prob_bp = 1.00000000000000000000
org.apache.commons.lang3.math.NumberUtilsTest:testIsNumber:()V#1010#31 prob_bp = 1.00000000000000000000
org.apache.commons.lang3.math.NumberUtilsTest:testIsNumber:()V#1011#41 prob_bp = 1.00000000000000000000
org.apache.commons.lang3.math.NumberUtilsTest:testIsNumber:()V#1011#42 prob_bp = 1.00000000000000000000
org.apache.commons.lang3.math.NumberUtilsTest:testIsNumber:()V#1012#48 prob_bp = 1.00000000000000000000
org.apache.commons.lang3.math.NumberUtilsTest:testIsNumber:()V#1012#51 prob_bp = 1.00000000000000000000
org.apache.commons.lang3.math.NumberUtilsTest:testIsNumber:()V#1013#55 prob_bp = 1.00000000000000000000
org.apache.commons.lang3.math.NumberUtilsTest:testIsNumber:()V#1013#56 prob_bp = 1.00000000000000000000
org.apache.commons.lang3.math.NumberUtilsTest:testIsNumber:()V#1014#66 prob_bp = 1.00000000000000000000
org.apache.commons.lang3.math.NumberUtilsTest:testIsNumber:()V#1014#67 prob_bp = 1.00000000000000000000
org.apache.commons.lang3.math.NumberUtilsTest:testIsNumber:()V#1015#73 prob_bp = 1.00000000000000000000
org.apache.commons.lang3.math.NumberUtilsTest:testIsNumber:()V#1015#76 prob_bp = 1.00000000000000000000
org.apache.commons.lang3.math.NumberUtilsTest:testIsNumber:()V#1016#80 prob_bp = 1.00000000000000000000
org.apache.commons.lang3.math.NumberUtilsTest:testIsNumber:()V#1016#81 prob_bp = 1.00000000000000000000
org.apache.commons.lang3.math.NumberUtilsTest:testIsNumber:()V#1017#91 prob_bp = 1.00000000000000000000
org.apache.commons.lang3.math.NumberUtilsTest:testIsNumber:()V#1017#92 prob_bp = 1.00000000000000000000
org.apache.commons.lang3.math.NumberUtilsTest:testIsNumber:()V#1018#98 prob_bp = 1.00000000000000000000
org.apache.commons.lang3.math.NumberUtilsTest:testIsNumber:()V#1018#101 prob_bp = 1.00000000000000000000
org.apache.commons.lang3.math.NumberUtilsTest:testIsNumber:()V#1019#105 prob_bp = 1.00000000000000000000
org.apache.commons.lang3.math.NumberUtilsTest:testIsNumber:()V#1019#106 prob_bp = 1.00000000000000000000
org.apache.commons.lang3.math.NumberUtilsTest:testIsNumber:()V#1020#116 prob_bp = 1.00000000000000000000
org.apache.commons.lang3.math.NumberUtilsTest:testIsNumber:()V#1020#117 prob_bp = 1.00000000000000000000
org.apache.commons.lang3.math.NumberUtilsTest:testIsNumber:()V#1021#123 prob_bp = 1.00000000000000000000
org.apache.commons.lang3.math.NumberUtilsTest:testIsNumber:()V#1021#126 prob_bp = 1.00000000000000000000
org.apache.commons.lang3.math.NumberUtilsTest:testIsNumber:()V#1022#130 prob_bp = 1.00000000000000000000
org.apache.commons.lang3.math.NumberUtilsTest:testIsNumber:()V#1022#131 prob_bp = 1.00000000000000000000
org.apache.commons.lang3.math.NumberUtilsTest:testIsNumber:()V#1023#141 prob_bp = 1.00000000000000000000
org.apache.commons.lang3.math.NumberUtilsTest:testIsNumber:()V#1023#142 prob_bp = 1.00000000000000000000
org.apache.commons.lang3.math.NumberUtilsTest:testIsNumber:()V#1024#148 prob_bp = 1.00000000000000000000
org.apache.commons.lang3.math.NumberUtilsTest:testIsNumber:()V#1024#151 prob_bp = 1.00000000000000000000
org.apache.commons.lang3.math.NumberUtilsTest:testIsNumber:()V#1025#155 prob_bp = 1.00000000000000000000
org.apache.commons.lang3.math.NumberUtilsTest:testIsNumber:()V#1025#156 prob_bp = 1.00000000000000000000
org.apache.commons.lang3.math.NumberUtilsTest:testIsNumber:()V#1026#166 prob_bp = 1.00000000000000000000
org.apache.commons.lang3.math.NumberUtilsTest:testIsNumber:()V#1026#167 prob_bp = 1.00000000000000000000
org.apache.commons.lang3.math.NumberUtilsTest:testIsNumber:()V#1027#173 prob_bp = 1.00000000000000000000
org.apache.commons.lang3.math.NumberUtilsTest:testIsNumber:()V#1027#176 prob_bp = 1.00000000000000000000
org.apache.commons.lang3.math.NumberUtilsTest:testIsNumber:()V#1028#180 prob_bp = 1.00000000000000000000
org.apache.commons.lang3.math.NumberUtilsTest:testIsNumber:()V#1028#181 prob_bp = 1.00000000000000000000
org.apache.commons.lang3.math.NumberUtilsTest:testIsNumber:()V#1029#191 prob_bp = 1.00000000000000000000
org.apache.commons.lang3.math.NumberUtilsTest:testIsNumber:()V#1029#192 prob_bp = 1.00000000000000000000
org.apache.commons.lang3.math.NumberUtilsTest:testIsNumber:()V#1030#198 prob_bp = 1.00000000000000000000
org.apache.commons.lang3.math.NumberUtilsTest:testIsNumber:()V#1030#200 prob_bp = 1.00000000000000000000
org.apache.commons.lang3.math.NumberUtilsTest:testIsNumber:()V#1031#204 prob_bp = 1.00000000000000000000
org.apache.commons.lang3.math.NumberUtilsTest:testIsNumber:()V#1031#205 prob_bp = 1.00000000000000000000
org.apache.commons.lang3.math.NumberUtilsTest:testIsNumber:()V#1032#215 prob_bp = 1.00000000000000000000
org.apache.commons.lang3.math.NumberUtilsTest:testIsNumber:()V#1032#216 prob_bp = 1.00000000000000000000
org.apache.commons.lang3.math.NumberUtilsTest:testIsNumber:()V#1033#222 prob_bp = 1.00000000000000000000
org.apache.commons.lang3.math.NumberUtilsTest:testIsNumber:()V#1033#225 prob_bp = 1.00000000000000000000
org.apache.commons.lang3.math.NumberUtilsTest:testIsNumber:()V#1034#229 prob_bp = 1.00000000000000000000
org.apache.commons.lang3.math.NumberUtilsTest:testIsNumber:()V#1034#230 prob_bp = 1.00000000000000000000
org.apache.commons.lang3.math.NumberUtilsTest:testIsNumber:()V#1035#240 prob_bp = 1.00000000000000000000
org.apache.commons.lang3.math.NumberUtilsTest:testIsNumber:()V#1035#241 prob_bp = 1.00000000000000000000
org.apache.commons.lang3.math.NumberUtilsTest:testIsNumber:()V#1036#247 prob_bp = 1.00000000000000000000
org.apache.commons.lang3.math.NumberUtilsTest:testIsNumber:()V#1036#250 prob_bp = 1.00000000000000000000
org.apache.commons.lang3.math.NumberUtilsTest:testIsNumber:()V#1037#254 prob_bp = 1.00000000000000000000
org.apache.commons.lang3.math.NumberUtilsTest:testIsNumber:()V#1037#255 prob_bp = 1.00000000000000000000
org.apache.commons.lang3.math.NumberUtilsTest:testIsNumber:()V#1038#265 prob_bp = 1.00000000000000000000
org.apache.commons.lang3.math.NumberUtilsTest:testIsNumber:()V#1038#266 prob_bp = 1.00000000000000000000
org.apache.commons.lang3.math.NumberUtilsTest:testIsNumber:()V#1039#272 prob_bp = 1.00000000000000000000
org.apache.commons.lang3.math.NumberUtilsTest:testIsNumber:()V#1039#275 prob_bp = 1.00000000000000000000
org.apache.commons.lang3.math.NumberUtilsTest:testIsNumber:()V#1040#279 prob_bp = 1.00000000000000000000
org.apache.commons.lang3.math.NumberUtilsTest:testIsNumber:()V#1040#280 prob_bp = 1.00000000000000000000
org.apache.commons.lang3.math.NumberUtilsTest:testIsNumber:()V#1041#290 prob_bp = 1.00000000000000000000
org.apache.commons.lang3.math.NumberUtilsTest:testIsNumber:()V#1041#291 prob_bp = 1.00000000000000000000
org.apache.commons.lang3.math.NumberUtilsTest:testIsNumber:()V#1042#297 prob_bp = 1.00000000000000000000
org.apache.commons.lang3.math.NumberUtilsTest:testIsNumber:()V#1042#300 prob_bp = 1.00000000000000000000
org.apache.commons.lang3.math.NumberUtilsTest:testIsNumber:()V#1043#304 prob_bp = 1.00000000000000000000
org.apache.commons.lang3.math.NumberUtilsTest:testIsNumber:()V#1043#305 prob_bp = 1.00000000000000000000
org.apache.commons.lang3.math.NumberUtilsTest:testIsNumber:()V#1044#315 prob_bp = 1.00000000000000000000
org.apache.commons.lang3.math.NumberUtilsTest:testIsNumber:()V#1044#316 prob_bp = 1.00000000000000000000
org.apache.commons.lang3.math.NumberUtilsTest:testIsNumber:()V#1045#322 prob_bp = 1.00000000000000000000
org.apache.commons.lang3.math.NumberUtilsTest:testIsNumber:()V#1045#325 prob_bp = 1.00000000000000000000
org.apache.commons.lang3.math.NumberUtilsTest:testIsNumber:()V#1046#329 prob_bp = 1.00000000000000000000
org.apache.commons.lang3.math.NumberUtilsTest:testIsNumber:()V#1046#330 prob_bp = 1.00000000000000000000
org.apache.commons.lang3.math.NumberUtilsTest:testIsNumber:()V#1047#340 prob_bp = 1.00000000000000000000
org.apache.commons.lang3.math.NumberUtilsTest:testIsNumber:()V#1047#341 prob_bp = 1.00000000000000000000
org.apache.commons.lang3.math.NumberUtilsTest:testIsNumber:()V#1048#347 prob_bp = 1.00000000000000000000
org.apache.commons.lang3.math.NumberUtilsTest:testIsNumber:()V#1048#350 prob_bp = 1.00000000000000000000
org.apache.commons.lang3.math.NumberUtilsTest:testIsNumber:()V#1049#354 prob_bp = 1.00000000000000000000
org.apache.commons.lang3.math.NumberUtilsTest:testIsNumber:()V#1049#355 prob_bp = 1.00000000000000000000
org.apache.commons.lang3.math.NumberUtilsTest:testIsNumber:()V#1050#365 prob_bp = 1.00000000000000000000
org.apache.commons.lang3.math.NumberUtilsTest:testIsNumber:()V#1050#366 prob_bp = 1.00000000000000000000
org.apache.commons.lang3.math.NumberUtilsTest:testIsNumber:()V#1051#372 prob_bp = 1.00000000000000000000
org.apache.commons.lang3.math.NumberUtilsTest:testIsNumber:()V#1051#375 prob_bp = 1.00000000000000000000
org.apache.commons.lang3.math.NumberUtilsTest:testIsNumber:()V#1052#379 prob_bp = 1.00000000000000000000
org.apache.commons.lang3.math.NumberUtilsTest:testIsNumber:()V#1052#380 prob_bp = 1.00000000000000000000
org.apache.commons.lang3.math.NumberUtilsTest:testIsNumber:()V#1053#390 prob_bp = 1.00000000000000000000
org.apache.commons.lang3.math.NumberUtilsTest:testIsNumber:()V#1053#391 prob_bp = 1.00000000000000000000
org.apache.commons.lang3.math.NumberUtilsTest:testIsNumber:()V#1054#397 prob_bp = 1.00000000000000000000
org.apache.commons.lang3.math.NumberUtilsTest:testIsNumber:()V#1054#400 prob_bp = 1.00000000000000000000
org.apache.commons.lang3.math.NumberUtilsTest:testIsNumber:()V#1055#404 prob_bp = 1.00000000000000000000
org.apache.commons.lang3.math.NumberUtilsTest:testIsNumber:()V#1055#405 prob_bp = 1.00000000000000000000
org.apache.commons.lang3.math.NumberUtilsTest:testIsNumber:()V#1056#415 prob_bp = 1.00000000000000000000
org.apache.commons.lang3.math.NumberUtilsTest:testIsNumber:()V#1056#416 prob_bp = 1.00000000000000000000
org.apache.commons.lang3.math.NumberUtilsTest:testIsNumber:()V#1057#422 prob_bp = 1.00000000000000000000
org.apache.commons.lang3.math.NumberUtilsTest:testIsNumber:()V#1057#425 prob_bp = 1.00000000000000000000
org.apache.commons.lang3.math.NumberUtilsTest:testIsNumber:()V#1058#429 prob_bp = 1.00000000000000000000
org.apache.commons.lang3.math.NumberUtilsTest:testIsNumber:()V#1058#430 prob_bp = 1.00000000000000000000
org.apache.commons.lang3.math.NumberUtilsTest:testIsNumber:()V#1059#440 prob_bp = 1.00000000000000000000
org.apache.commons.lang3.math.NumberUtilsTest:testIsNumber:()V#1059#441 prob_bp = 1.00000000000000000000
org.apache.commons.lang3.math.NumberUtilsTest:testIsNumber:()V#1060#447 prob_bp = 1.00000000000000000000
org.apache.commons.lang3.math.NumberUtilsTest:testIsNumber:()V#1060#450 prob_bp = 1.00000000000000000000
org.apache.commons.lang3.math.NumberUtilsTest:testIsNumber:()V#1061#454 prob_bp = 1.00000000000000000000
org.apache.commons.lang3.math.NumberUtilsTest:testIsNumber:()V#1061#455 prob_bp = 1.00000000000000000000
org.apache.commons.lang3.math.NumberUtilsTest:testIsNumber:()V#1062#465 prob_bp = 1.00000000000000000000
org.apache.commons.lang3.math.NumberUtilsTest:testIsNumber:()V#1062#466 prob_bp = 1.00000000000000000000
org.apache.commons.lang3.math.NumberUtilsTest:testIsNumber:()V#1063#472 prob_bp = 1.00000000000000000000
org.apache.commons.lang3.math.NumberUtilsTest:testIsNumber:()V#1063#475 prob_bp = 1.00000000000000000000
org.apache.commons.lang3.math.NumberUtilsTest:testIsNumber:()V#1064#479 prob_bp = 1.00000000000000000000
org.apache.commons.lang3.math.NumberUtilsTest:testIsNumber:()V#1064#480 prob_bp = 1.00000000000000000000
org.apache.commons.lang3.math.NumberUtilsTest:testIsNumber:()V#1065#490 prob_bp = 1.00000000000000000000
org.apache.commons.lang3.math.NumberUtilsTest:testIsNumber:()V#1065#491 prob_bp = 1.00000000000000000000
org.apache.commons.lang3.math.NumberUtilsTest:testIsNumber:()V#1066#497 prob_bp = 1.00000000000000000000
org.apache.commons.lang3.math.NumberUtilsTest:testIsNumber:()V#1066#498 prob_bp = 1.00000000000000000000
org.apache.commons.lang3.math.NumberUtilsTest:testIsNumber:()V#1067#502 prob_bp = 1.00000000000000000000
org.apache.commons.lang3.math.NumberUtilsTest:testIsNumber:()V#1067#503 prob_bp = 1.00000000000000000000
org.apache.commons.lang3.math.NumberUtilsTest:testIsNumber:()V#1068#521 prob_bp = 1.00000000000000000000
org.apache.commons.lang3.math.NumberUtilsTest:testIsNumber:()V#1068#522 prob_bp = 1.00000000000000000000
org.apache.commons.lang3.math.NumberUtilsTest:testIsNumber:()V#1069#536 prob_bp = 1.00000000000000000000
org.apache.commons.lang3.math.NumberUtilsTest:testIsNumber:()V#1069#538 prob_bp = 1.00000000000000000000
org.apache.commons.lang3.math.NumberUtilsTest:testIsNumber:()V#1070#542 prob_bp = 1.00000000000000000000
org.apache.commons.lang3.math.NumberUtilsTest:testIsNumber:()V#1070#543 prob_bp = 1.00000000000000000000
org.apache.commons.lang3.math.NumberUtilsTest:testIsNumber:()V#1071#561 prob_bp = 1.00000000000000000000
org.apache.commons.lang3.math.NumberUtilsTest:testIsNumber:()V#1071#562 prob_bp = 1.00000000000000000000
org.apache.commons.lang3.math.NumberUtilsTest:testIsNumber:()V#1072#576 prob_bp = 1.00000000000000000000
org.apache.commons.lang3.math.NumberUtilsTest:testIsNumber:()V#1072#579 prob_bp = 1.00000000000000000000
org.apache.commons.lang3.math.NumberUtilsTest:testIsNumber:()V#1073#583 prob_bp = 1.00000000000000000000
org.apache.commons.lang3.math.NumberUtilsTest:testIsNumber:()V#1073#584 prob_bp = 1.00000000000000000000
org.apache.commons.lang3.math.NumberUtilsTest:testIsNumber:()V#1074#602 prob_bp = 1.00000000000000000000
org.apache.commons.lang3.math.NumberUtilsTest:testIsNumber:()V#1074#603 prob_bp = 1.00000000000000000000
org.apache.commons.lang3.math.NumberUtilsTest:testIsNumber:()V#1075#617 prob_bp = 1.00000000000000000000
org.apache.commons.lang3.math.NumberUtilsTest:testIsNumber:()V#1075#620 prob_bp = 1.00000000000000000000
org.apache.commons.lang3.math.NumberUtilsTest:testIsNumber:()V#1076#624 prob_bp = 1.00000000000000000000
org.apache.commons.lang3.math.NumberUtilsTest:testIsNumber:()V#1076#625 prob_bp = 1.00000000000000000000
org.apache.commons.lang3.math.NumberUtilsTest:testIsNumber:()V#1077#643 prob_bp = 1.00000000000000000000
org.apache.commons.lang3.math.NumberUtilsTest:testIsNumber:()V#1077#644 prob_bp = 1.00000000000000000000
org.apache.commons.lang3.math.NumberUtilsTest:testIsNumber:()V#1078#658 prob_bp = 1.00000000000000000000
org.apache.commons.lang3.math.NumberUtilsTest:testIsNumber:()V#1078#661 prob_bp = 1.00000000000000000000
org.apache.commons.lang3.math.NumberUtilsTest:testIsNumber:()V#1079#665 prob_bp = 1.00000000000000000000
org.apache.commons.lang3.math.NumberUtilsTest:testIsNumber:()V#1079#666 prob_bp = 1.00000000000000000000
org.apache.commons.lang3.math.NumberUtilsTest:testIsNumber:()V#1080#684 prob_bp = 1.00000000000000000000
org.apache.commons.lang3.math.NumberUtilsTest:testIsNumber:()V#1080#685 prob_bp = 1.00000000000000000000
org.apache.commons.lang3.math.NumberUtilsTest:testIsNumber:()V#1081#699 prob_bp = 1.00000000000000000000
org.apache.commons.lang3.math.NumberUtilsTest:testIsNumber:()V#1081#702 prob_bp = 1.00000000000000000000
org.apache.commons.lang3.math.NumberUtilsTest:testIsNumber:()V#1082#706 prob_bp = 1.00000000000000000000
org.apache.commons.lang3.math.NumberUtilsTest:testIsNumber:()V#1082#707 prob_bp = 1.00000000000000000000
org.apache.commons.lang3.math.NumberUtilsTest:testIsNumber:()V#1083#725 prob_bp = 1.00000000000000000000
org.apache.commons.lang3.math.NumberUtilsTest:testIsNumber:()V#1083#726 prob_bp = 1.00000000000000000000
org.apache.commons.lang3.math.NumberUtilsTest:testIsNumber:()V#1084#740 prob_bp = 1.00000000000000000000
org.apache.commons.lang3.math.NumberUtilsTest:testIsNumber:()V#1084#743 prob_bp = 1.00000000000000000000
org.apache.commons.lang3.math.NumberUtilsTest:testIsNumber:()V#1085#747 prob_bp = 1.00000000000000000000
org.apache.commons.lang3.math.NumberUtilsTest:testIsNumber:()V#1085#748 prob_bp = 1.00000000000000000000
org.apache.commons.lang3.math.NumberUtilsTest:testIsNumber:()V#1086#766 prob_bp = 1.00000000000000000000
org.apache.commons.lang3.math.NumberUtilsTest:testIsNumber:()V#1086#767 prob_bp = 1.00000000000000000000
org.apache.commons.lang3.math.NumberUtilsTest:testIsNumber:()V#1087#781 prob_bp = 1.00000000000000000000
org.apache.commons.lang3.math.NumberUtilsTest:testIsNumber:()V#1087#784 prob_bp = 1.00000000000000000000
org.apache.commons.lang3.math.NumberUtilsTest:testIsNumber:()V#1088#788 prob_bp = 1.00000000000000000000
org.apache.commons.lang3.math.NumberUtilsTest:testIsNumber:()V#1088#789 prob_bp = 1.00000000000000000000
org.apache.commons.lang3.math.NumberUtilsTest:testIsNumber:()V#1089#807 prob_bp = 1.00000000000000000000
org.apache.commons.lang3.math.NumberUtilsTest:testIsNumber:()V#1089#808 prob_bp = 1.00000000000000000000
org.apache.commons.lang3.math.NumberUtilsTest:testIsNumber:()V#1090#822 prob_bp = 1.00000000000000000000
org.apache.commons.lang3.math.NumberUtilsTest:testIsNumber:()V#1090#825 prob_bp = 1.00000000000000000000
org.apache.commons.lang3.math.NumberUtilsTest:testIsNumber:()V#1091#829 prob_bp = 1.00000000000000000000
org.apache.commons.lang3.math.NumberUtilsTest:testIsNumber:()V#1091#830 prob_bp = 1.00000000000000000000
org.apache.commons.lang3.math.NumberUtilsTest:testIsNumber:()V#1092#848 prob_bp = 1.00000000000000000000
org.apache.commons.lang3.math.NumberUtilsTest:testIsNumber:()V#1092#849 prob_bp = 1.00000000000000000000
org.apache.commons.lang3.math.NumberUtilsTest:testIsNumber:()V#1093#863 prob_bp = 1.00000000000000000000
org.apache.commons.lang3.math.NumberUtilsTest:testIsNumber:()V#1093#866 prob_bp = 1.00000000000000000000
org.apache.commons.lang3.math.NumberUtilsTest:testIsNumber:()V#1094#870 prob_bp = 1.00000000000000000000
org.apache.commons.lang3.math.NumberUtilsTest:testIsNumber:()V#1094#871 prob_bp = 1.00000000000000000000
org.apache.commons.lang3.math.NumberUtilsTest:testIsNumber:()V#1095#889 prob_bp = 1.00000000000000000000
org.apache.commons.lang3.math.NumberUtilsTest:testIsNumber:()V#1095#890 prob_bp = 1.00000000000000000000
org.apache.commons.lang3.math.NumberUtilsTest:testIsNumber:()V#1096#904 prob_bp = 1.00000000000000000000
org.apache.commons.lang3.math.NumberUtilsTest:testIsNumber:()V#1096#907 prob_bp = 1.00000000000000000000
org.apache.commons.lang3.math.NumberUtilsTest:testIsNumber:()V#1097#911 prob_bp = 1.00000000000000000000
org.apache.commons.lang3.math.NumberUtilsTest:testIsNumber:()V#1097#912 prob_bp = 1.00000000000000000000
org.apache.commons.lang3.math.NumberUtilsTest:testIsNumber:()V#1098#930 prob_bp = 1.00000000000000000000
org.apache.commons.lang3.math.NumberUtilsTest:testIsNumber:()V#1098#931 prob_bp = 1.00000000000000000000
org.apache.commons.lang3.math.NumberUtilsTest:testIsNumber:()V#1099#945 prob_bp = 1.00000000000000000000
org.apache.commons.lang3.math.NumberUtilsTest:testIsNumber:()V#1099#948 prob_bp = 1.00000000000000000000
org.apache.commons.lang3.math.NumberUtilsTest:testIsNumber:()V#1100#952 prob_bp = 1.00000000000000000000
org.apache.commons.lang3.math.NumberUtilsTest:testIsNumber:()V#1100#953 prob_bp = 1.00000000000000000000
org.apache.commons.lang3.math.NumberUtilsTest:testIsNumber:()V#1101#971 prob_bp = 1.00000000000000000000
org.apache.commons.lang3.math.NumberUtilsTest:testIsNumber:()V#1101#972 prob_bp = 1.00000000000000000000
org.apache.commons.lang3.math.NumberUtilsTest:testIsNumber:()V#1102#986 prob_bp = 1.00000000000000000000
org.apache.commons.lang3.math.NumberUtilsTest:testIsNumber:()V#1102#989 prob_bp = 1.00000000000000000000
org.apache.commons.lang3.math.NumberUtilsTest:testIsNumber:()V#1103#993 prob_bp = 1.00000000000000000000
org.apache.commons.lang3.math.NumberUtilsTest:testIsNumber:()V#1103#994 prob_bp = 1.00000000000000000000
org.apache.commons.lang3.math.NumberUtilsTest:testIsNumber:()V#1104#1012 prob_bp = 1.00000000000000000000
org.apache.commons.lang3.math.NumberUtilsTest:testIsNumber:()V#1104#1013 prob_bp = 1.00000000000000000000
org.apache.commons.lang3.math.NumberUtilsTest:testIsNumber:()V#1105#1027 prob_bp = 1.00000000000000000000
org.apache.commons.lang3.math.NumberUtilsTest:testIsNumber:()V#1105#1030 prob_bp = 1.00000000000000000000
org.apache.commons.lang3.math.NumberUtilsTest:testIsNumber:()V#1106#1034 prob_bp = 1.00000000000000000000
org.apache.commons.lang3.math.NumberUtilsTest:testIsNumber:()V#1106#1035 prob_bp = 1.00000000000000000000
org.apache.commons.lang3.math.NumberUtilsTest:testIsNumber:()V#1107#1053 prob_bp = 1.00000000000000000000
org.apache.commons.lang3.math.NumberUtilsTest:testIsNumber:()V#1107#1054 prob_bp = 1.00000000000000000000
org.apache.commons.lang3.math.NumberUtilsTest:testIsNumber:()V#1108#1068 prob_bp = 1.00000000000000000000
org.apache.commons.lang3.math.NumberUtilsTest:testIsNumber:()V#1108#1071 prob_bp = 1.00000000000000000000
org.apache.commons.lang3.math.NumberUtilsTest:testIsNumber:()V#1109#1075 prob_bp = 1.00000000000000000000
org.apache.commons.lang3.math.NumberUtilsTest:testIsNumber:()V#1109#1076 prob_bp = 1.00000000000000000000
org.apache.commons.lang3.math.NumberUtilsTest:testIsNumber:()V#1110#1094 prob_bp = 1.00000000000000000000
org.apache.commons.lang3.math.NumberUtilsTest:testIsNumber:()V#1110#1095 prob_bp = 1.00000000000000000000
org.apache.commons.lang3.math.NumberUtilsTest:testIsNumber:()V#1111#1109 prob_bp = 1.00000000000000000000
org.apache.commons.lang3.math.NumberUtilsTest:testIsNumber:()V#1111#1112 prob_bp = 1.00000000000000000000
org.apache.commons.lang3.math.NumberUtilsTest:testIsNumber:()V#1112#1116 prob_bp = 1.00000000000000000000
org.apache.commons.lang3.math.NumberUtilsTest:testIsNumber:()V#1112#1117 prob_bp = 1.00000000000000000000
org.apache.commons.lang3.math.NumberUtilsTest:testIsNumber:()V#1113#1135 prob_bp = 1.00000000000000000000
org.apache.commons.lang3.math.NumberUtilsTest:testIsNumber:()V#1113#1136 prob_bp = 1.00000000000000000000
org.apache.commons.lang3.math.NumberUtilsTest:testIsNumber:()V#1114#1150 prob_bp = 1.00000000000000000000
org.apache.commons.lang3.math.NumberUtilsTest:testIsNumber:()V#1114#1152 prob_bp = 1.00000000000000000000
org.apache.commons.lang3.math.NumberUtilsTest:testIsNumber:()V#1115#1156 prob_bp = 1.00000000000000000000
org.apache.commons.lang3.math.NumberUtilsTest:testIsNumber:()V#1115#1157 prob_bp = 1.00000000000000000000
org.apache.commons.lang3.math.NumberUtilsTest:testIsNumber:()V#1116#1175 prob_bp = 1.00000000000000000000
org.apache.commons.lang3.math.NumberUtilsTest:testIsNumber:()V#1116#1176 prob_bp = 1.00000000000000000000
org.apache.commons.lang3.math.NumberUtilsTest:testIsNumber:()V#1117#1190 prob_bp = 1.00000000000000000000
org.apache.commons.lang3.math.NumberUtilsTest:testIsNumber:()V#1117#1193 prob_bp = 1.00000000000000000000
org.apache.commons.lang3.math.NumberUtilsTest:testIsNumber:()V#1118#1197 prob_bp = 1.00000000000000000000
org.apache.commons.lang3.math.NumberUtilsTest:testIsNumber:()V#1118#1198 prob_bp = 1.00000000000000000000
org.apache.commons.lang3.math.NumberUtilsTest:testIsNumber:()V#1119#1216 prob_bp = 1.00000000000000000000
org.apache.commons.lang3.math.NumberUtilsTest:testIsNumber:()V#1119#1217 prob_bp = 1.00000000000000000000
org.apache.commons.lang3.math.NumberUtilsTest:testIsNumber:()V#1120#1231 prob_bp = 1.00000000000000000000
org.apache.commons.lang3.math.NumberUtilsTest:testIsNumber:()V#1120#1234 prob_bp = 1.00000000000000000000
org.apache.commons.lang3.math.NumberUtilsTest:testIsNumber:()V#1121#1238 prob_bp = 1.00000000000000000000
org.apache.commons.lang3.math.NumberUtilsTest:testIsNumber:()V#1121#1239 prob_bp = 1.00000000000000000000
org.apache.commons.lang3.math.NumberUtilsTest:testIsNumber:()V#1122#1257 prob_bp = 1.00000000000000000000
org.apache.commons.lang3.math.NumberUtilsTest:testIsNumber:()V#1122#1258 prob_bp = 1.00000000000000000000
org.apache.commons.lang3.math.NumberUtilsTest:testIsNumber:()V#1123#1272 prob_bp = 1.00000000000000000000
org.apache.commons.lang3.math.NumberUtilsTest:testIsNumber:()V#1123#1275 prob_bp = 1.00000000000000000000
org.apache.commons.lang3.math.NumberUtilsTest:testIsNumber:()V#1124#1279 prob_bp = 1.00000000000000000000
org.apache.commons.lang3.math.NumberUtilsTest:testIsNumber:()V#1124#1280 prob_bp = 1.00000000000000000000
org.apache.commons.lang3.math.NumberUtilsTest:testIsNumber:()V#1125#1298 prob_bp = 1.00000000000000000000
org.apache.commons.lang3.math.NumberUtilsTest:testIsNumber:()V#1125#1299 prob_bp = 1.00000000000000000000
org.apache.commons.lang3.math.NumberUtilsTest:testIsNumber:()V#1126#1313 prob_bp = 1.00000000000000000000
org.apache.commons.lang3.math.NumberUtilsTest:testIsNumber:()V#1126#1316 prob_bp = 1.00000000000000000000
org.apache.commons.lang3.math.NumberUtilsTest:testIsNumber:()V#1127#1320 prob_bp = 1.00000000000000000000
org.apache.commons.lang3.math.NumberUtilsTest:testIsNumber:()V#1127#1321 prob_bp = 1.00000000000000000000
org.apache.commons.lang3.math.NumberUtilsTest:testIsNumber:()V#1128#1339 prob_bp = 1.00000000000000000000
org.apache.commons.lang3.math.NumberUtilsTest:testIsNumber:()V#1128#1340 prob_bp = 1.00000000000000000000
org.apache.commons.lang3.math.NumberUtilsTest:testIsNumber:()V#1129#1354 prob_bp = 1.00000000000000000000
org.apache.commons.lang3.math.NumberUtilsTest:testIsNumber:()V#1129#1357 prob_bp = 1.00000000000000000000
org.apache.commons.lang3.math.NumberUtilsTest:testIsNumber:()V#1130#1361 prob_bp = 1.00000000000000000000
org.apache.commons.lang3.math.NumberUtilsTest:testIsNumber:()V#1130#1362 prob_bp = 1.00000000000000000000
org.apache.commons.lang3.math.NumberUtilsTest:testIsNumber:()V#1131#1380 prob_bp = 1.00000000000000000000
org.apache.commons.lang3.math.NumberUtilsTest:testIsNumber:()V#1131#1381 prob_bp = 1.00000000000000000000
org.apache.commons.lang3.math.NumberUtilsTest:testIsNumber:()V#1132#1395 prob_bp = 1.00000000000000000000
org.apache.commons.lang3.math.NumberUtilsTest:testIsNumber:()V#1132#1398 prob_bp = 1.00000000000000000000
org.apache.commons.lang3.math.NumberUtilsTest:testIsNumber:()V#1133#1402 prob_bp = 1.00000000000000000000
org.apache.commons.lang3.math.NumberUtilsTest:testIsNumber:()V#1133#1403 prob_bp = 1.00000000000000000000
org.apache.commons.lang3.math.NumberUtilsTest:testIsNumber:()V#1134#1421 prob_bp = 1.00000000000000000000
org.apache.commons.lang3.math.NumberUtilsTest:testIsNumber:()V#1134#1422 prob_bp = 1.00000000000000000000
org.apache.commons.lang3.math.NumberUtilsTest:testIsNumber:()V#1135#1436 prob_bp = 1.00000000000000000000
org.apache.commons.lang3.math.NumberUtilsTest:testIsNumber:()V#1135#1439 prob_bp = 1.00000000000000000000
org.apache.commons.lang3.math.NumberUtilsTest:testIsNumber:()V#1136#1443 prob_bp = 1.00000000000000000000
org.apache.commons.lang3.math.NumberUtilsTest:testIsNumber:()V#1136#1444 prob_bp = 1.00000000000000000000
org.apache.commons.lang3.math.NumberUtilsTest:testIsNumber:()V#1137#1462 prob_bp = 1.00000000000000000000
org.apache.commons.lang3.math.NumberUtilsTest:testIsNumber:()V#1137#1463 prob_bp = 1.00000000000000000000
org.apache.commons.lang3.math.NumberUtilsTest:testIsNumber:()V#1140#1477 prob_bp = 1.00000000000000000000
org.apache.commons.lang3.math.NumberUtilsTest:testIsNumber:()V#1140#1479 prob_bp = 1.00000000000000000000
org.apache.commons.lang3.math.NumberUtilsTest:testIsNumber:()V#1141#1483 prob_bp = 1.00000000000000000000
org.apache.commons.lang3.math.NumberUtilsTest:testIsNumber:()V#1141#1484 prob_bp = 1.00000000000000000000
org.apache.commons.lang3.math.NumberUtilsTest:testIsNumber:()V#1144#1490 prob_bp = 1.00000000000000000000
org.apache.commons.lang3.math.NumberUtilsTest:testIsNumber:()V#1144#1493 prob_bp = 1.00000000000000000000
org.apache.commons.lang3.math.NumberUtilsTest:testIsNumber:()V#1145#1494 prob_bp = 1.00000000000000000000
org.apache.commons.lang3.math.NumberUtilsTest:testIsNumber:()V#1145#1497 prob_bp = 1.00000000000000000000
org.apache.commons.lang3.math.NumberUtilsTest:testIsNumber:()V#1145#1498 prob_bp = 1.00000000000000000000
org.apache.commons.lang3.math.NumberUtilsTest:testIsNumber:()V#1145#1501 prob_bp = 1.00000000000000000000
Belief propagation time : 7.430000s
