Belief propagation time: 15

Probabilities: 
Vars:73426
Stmts:906
org.apache.commons.math3.linear.OpenMapRealVector:getEntry:(I)D#449#13 prob_bp = 0.49529695035145244000
org.apache.commons.math3.util.OpenIntToDoubleHashMap:get:(I)D#184#41 prob_bp = 0.49907054968793240000
org.apache.commons.math3.util.OpenIntToDoubleHashMap:get:(I)D#183#34 prob_bp = 0.49998574745483130000
org.apache.commons.math3.util.OpenIntToDoubleHashMap:get:(I)D#184#38 prob_bp = 0.49999698777978624000
org.apache.commons.math3.util.OpenIntToDoubleHashMap:get:(I)D#184#37 prob_bp = 0.49999928480895490000
org.apache.commons.math3.util.OpenIntToDoubleHashMap:get:(I)D#179#18 prob_bp = 0.49999974190988900000
org.apache.commons.math3.util.OpenIntToDoubleHashMap:containsKey:(II)Z#382#29 prob_bp = 0.49999977690492026000
org.apache.commons.math3.util.OpenIntToDoubleHashMap:containsKey:(II)Z#382#28 prob_bp = 0.49999978556681773000
org.apache.commons.math3.linear.OpenMapRealVector:getEntry:(I)D#449#10 prob_bp = 0.49999985264702290000
org.apache.commons.math3.util.OpenIntToDoubleHashMap:<init>:(Lorg/apache/commons/math3/util/OpenIntToDoubleHashMap;)V#138#78 prob_bp = 0.49999998734250733000
org.apache.commons.math3.linear.OpenMapRealVector:getEntry:(I)D#449#6 prob_bp = 0.49999999319763960000
org.apache.commons.math3.linear.OpenMapRealVector:getEntry:(I)D#449#5 prob_bp = 0.49999999358320446000
org.apache.commons.math3.util.OpenIntToDoubleHashMap:<init>:(Lorg/apache/commons/math3/util/OpenIntToDoubleHashMap;)V#138#73 prob_bp = 0.49999999479144580000
org.apache.commons.math3.linear.OpenMapRealVector:<init>:(Lorg/apache/commons/math3/linear/OpenMapRealVector;)V#181#13 prob_bp = 0.49999999656549940000
org.apache.commons.math3.linear.OpenMapRealVector:<init>:(Lorg/apache/commons/math3/linear/OpenMapRealVector;)V#181#21 prob_bp = 0.49999999663270230000
org.apache.commons.math3.linear.OpenMapRealVector:<init>:(Lorg/apache/commons/math3/linear/OpenMapRealVector;)V#181#16 prob_bp = 0.49999999709146690000
org.apache.commons.math3.util.OpenIntToDoubleHashMap:get:(I)D#183#33 prob_bp = 0.49999999842434323000
org.apache.commons.math3.util.OpenIntToDoubleHashMap:get:(I)D#183#32 prob_bp = 0.49999999878476440000
org.apache.commons.math3.util.OpenIntToDoubleHashMap:get:(I)D#178#11 prob_bp = 0.49999999887561350000
org.apache.commons.math3.linear.OpenMapRealVector:<init>:(Lorg/apache/commons/math3/linear/OpenMapRealVector;)V#181#24 prob_bp = 0.49999999933527160000
org.apache.commons.math3.linear.OpenMapRealVector:<init>:(Lorg/apache/commons/math3/linear/OpenMapRealVector;)V#181#12 prob_bp = 0.49999999972646450000
org.apache.commons.math3.linear.OpenMapRealVector:ebeMultiply:(Lorg/apache/commons/math3/linear/RealVector;)Lorg/apache/commons/math3/linear/OpenMapRealVector;#361#13 prob_bp = 0.49999999990927124000
org.apache.commons.math3.linear.OpenMapRealVector:ebeDivide:(Lorg/apache/commons/math3/linear/RealVector;)Lorg/apache/commons/math3/linear/OpenMapRealVector;#343#13 prob_bp = 0.49999999991401780000
org.apache.commons.math3.linear.OpenMapRealVector:ebeMultiply:(Lorg/apache/commons/math3/linear/RealVector;)Lorg/apache/commons/math3/linear/OpenMapRealVector;#361#11 prob_bp = 0.49999999992157560000
org.apache.commons.math3.linear.OpenMapRealVector:ebeMultiply:(Lorg/apache/commons/math3/linear/RealVector;)Lorg/apache/commons/math3/linear/OpenMapRealVector;#361#8 prob_bp = 0.49999999992462080000
org.apache.commons.math3.linear.OpenMapRealVector:ebeDivide:(Lorg/apache/commons/math3/linear/RealVector;)Lorg/apache/commons/math3/linear/OpenMapRealVector;#343#11 prob_bp = 0.49999999992567845000
org.apache.commons.math3.linear.OpenMapRealVector:ebeDivide:(Lorg/apache/commons/math3/linear/RealVector;)Lorg/apache/commons/math3/linear/OpenMapRealVector;#343#8 prob_bp = 0.49999999992856440000
org.apache.commons.math3.linear.RealVector:checkIndex:(I)V#189#9 prob_bp = 0.49999999995244077000
org.apache.commons.math3.util.OpenIntToDoubleHashMap:containsKey:(II)Z#382#11 prob_bp = 0.49999999995367290000
org.apache.commons.math3.util.OpenIntToDoubleHashMap:containsKey:(II)Z#382#10 prob_bp = 0.49999999995546607000
org.apache.commons.math3.util.OpenIntToDoubleHashMap:<init>:(Lorg/apache/commons/math3/util/OpenIntToDoubleHashMap;)V#138#75 prob_bp = 0.49999999995798927000
org.apache.commons.math3.linear.RealVector:checkIndex:(I)V#189#4 prob_bp = 0.49999999997264133000
org.apache.commons.math3.linear.OpenMapRealVector:getEntry:(I)D#448#2 prob_bp = 0.49999999997738340000
org.apache.commons.math3.linear.OpenMapRealVector:ebeMultiply:(Lorg/apache/commons/math3/linear/RealVector;)Lorg/apache/commons/math3/linear/OpenMapRealVector;#365#50 prob_bp = 0.49999999997757427000
org.apache.commons.math3.linear.OpenMapRealVector:getEntry:(I)D#448#1 prob_bp = 0.49999999997864500000
org.apache.commons.math3.linear.OpenMapRealVector:ebeMultiply:(Lorg/apache/commons/math3/linear/RealVector;)Lorg/apache/commons/math3/linear/OpenMapRealVector;#365#45 prob_bp = 0.49999999998549866000
org.apache.commons.math3.linear.OpenMapRealVector:ebeMultiply:(Lorg/apache/commons/math3/linear/RealVector;)Lorg/apache/commons/math3/linear/RealVector;#34#2 prob_bp = 0.49999999998745750000
org.apache.commons.math3.linear.OpenMapRealVector:ebeMultiply:(Lorg/apache/commons/math3/linear/RealVector;)Lorg/apache/commons/math3/linear/RealVector;#34#1 prob_bp = 0.49999999998794310000
org.apache.commons.math3.util.OpenIntToDoubleHashMap:<init>:(Lorg/apache/commons/math3/util/OpenIntToDoubleHashMap;)V#138#74 prob_bp = 0.49999999998971767000
org.apache.commons.math3.linear.OpenMapRealVector:getDimension:()I#401#4 prob_bp = 0.49999999999046907000
org.apache.commons.math3.util.OpenIntToDoubleHashMap:get:(I)D#183#29 prob_bp = 0.49999999999475586000
org.apache.commons.math3.util.OpenIntToDoubleHashMap:containsKey:(II)Z#382#21 prob_bp = 0.49999999999506634000
org.apache.commons.math3.util.OpenIntToDoubleHashMap:containsKey:(II)Z#382#20 prob_bp = 0.49999999999865180000
org.apache.commons.math3.linear.RealVector:checkVectorDimensions:(I)V#177#7 prob_bp = 0.49999999999871947000
org.apache.commons.math3.util.OpenIntToDoubleHashMap:get:(I)D#183#28 prob_bp = 0.49999999999873623000
org.apache.commons.math3.util.OpenIntToDoubleHashMap:<init>:(D)V#100#4 prob_bp = 0.49999999999932500000
org.apache.commons.math3.util.OpenIntToDoubleHashMap:<init>:(ID)V#122#36 prob_bp = 0.49999999999933320000
org.apache.commons.math3.linear.OpenMapRealVector:<init>:([DD)V#135#16 prob_bp = 0.49999999999942130000
org.apache.commons.math3.linear.RealVector:checkIndex:(I)V#189#1 prob_bp = 0.49999999999945370000
org.apache.commons.math3.util.OpenIntToDoubleHashMap:get:(I)D#179#15 prob_bp = 0.49999999999950110000
org.apache.commons.math3.linear.OpenMapRealVector:getEntries:()Lorg/apache/commons/math3/util/OpenIntToDoubleHashMap;#208#4 prob_bp = 0.49999999999951450000
org.apache.commons.math3.util.OpenIntToDoubleHashMap:<init>:(ID)V#122#35 prob_bp = 0.49999999999955935000
org.apache.commons.math3.util.OpenIntToDoubleHashMap:<init>:(ID)V#122#34 prob_bp = 0.49999999999963460000
org.apache.commons.math3.util.OpenIntToDoubleHashMap:<init>:(D)V#100#3 prob_bp = 0.49999999999964330000
org.apache.commons.math3.util.OpenIntToDoubleHashMap:containsKey:(II)Z#382#1 prob_bp = 0.49999999999965894000
org.apache.commons.math3.linear.RealVector:checkIndex:(I)V#189#0 prob_bp = 0.49999999999966240000
org.apache.commons.math3.linear.OpenMapRealVector:<init>:([DD)V#135#15 prob_bp = 0.49999999999966344000
org.apache.commons.math3.linear.RealVector:checkVectorDimensions:(I)V#177#6 prob_bp = 0.49999999999968403000
org.apache.commons.math3.linear.RealVector:checkVectorDimensions:(I)V#177#5 prob_bp = 0.49999999999968580000
org.apache.commons.math3.util.OpenIntToDoubleHashMap:get:(I)D#179#13 prob_bp = 0.49999999999973620000
org.apache.commons.math3.util.OpenIntToDoubleHashMap:<init>:(D)V#100#0 prob_bp = 0.49999999999974654000
org.apache.commons.math3.linear.OpenMapRealVector:<init>:([DD)V#135#14 prob_bp = 0.49999999999977360000
org.apache.commons.math3.linear.OpenMapRealVector:<init>:([DD)V#135#11 prob_bp = 0.49999999999977510000
org.apache.commons.math3.linear.OpenMapRealVector:getEntry:(I)D#449#9 prob_bp = 0.49999999999980776000
org.apache.commons.math3.util.OpenIntToDoubleHashMap:containsKey:(II)Z#382#0 prob_bp = 0.49999999999990110000
org.apache.commons.math3.linear.RealVector:checkVectorDimensions:(I)V#176#4 prob_bp = 0.49999999999992560000
org.apache.commons.math3.util.OpenIntToDoubleHashMap:put:(ID)D#417#63 prob_bp = 0.49999999999992760000
org.apache.commons.math3.util.OpenIntToDoubleHashMap:findInsertionIndex:([I[BII)I#271#16 prob_bp = 0.49999999999993133000
org.apache.commons.math3.util.OpenIntToDoubleHashMap:get:(I)D#178#10 prob_bp = 0.49999999999994166000
org.apache.commons.math3.util.OpenIntToDoubleHashMap$Iterator:key:()I#529#26 prob_bp = 0.49999999999994554000
org.apache.commons.math3.linear.OpenMapRealVector:ebeMultiply:(Lorg/apache/commons/math3/linear/RealVector;)Lorg/apache/commons/math3/linear/OpenMapRealVector;#360#5 prob_bp = 0.49999999999995015000
org.apache.commons.math3.util.OpenIntToDoubleHashMap$Iterator:value:()D#546#26 prob_bp = 0.49999999999996320000
org.apache.commons.math3.linear.OpenMapRealVector:getDimension:()I#401#1 prob_bp = 0.49999999999996650000
org.apache.commons.math3.util.OpenIntToDoubleHashMap:get:(I)D#178#5 prob_bp = 0.49999999999996986000
org.apache.commons.math3.util.OpenIntToDoubleHashMap:<init>:(Lorg/apache/commons/math3/util/OpenIntToDoubleHashMap;)V#136#56 prob_bp = 0.49999999999997080000
org.apache.commons.math3.linear.OpenMapRealVector:ebeDivide:(Lorg/apache/commons/math3/linear/RealVector;)Lorg/apache/commons/math3/linear/OpenMapRealVector;#342#5 prob_bp = 0.49999999999997324000
org.apache.commons.math3.util.OpenIntToDoubleHashMap:get:(I)D#177#4 prob_bp = 0.49999999999997670000
org.apache.commons.math3.util.OpenIntToDoubleHashMap:put:(ID)D#417#62 prob_bp = 0.49999999999997946000
org.apache.commons.math3.util.OpenIntToDoubleHashMap:hashOf:(I)I#476#22 prob_bp = 0.49999999999998135000
org.apache.commons.math3.util.OpenIntToDoubleHashMap:put:(ID)D#417#60 prob_bp = 0.49999999999998296000
org.apache.commons.math3.linear.SparseRealVectorTest$SparseRealVectorTestImpl:getDimension:()I#200#5 prob_bp = 0.49999999999998734000
org.apache.commons.math3.util.OpenIntToDoubleHashMap:<init>:(Lorg/apache/commons/math3/util/OpenIntToDoubleHashMap;)V#136#52 prob_bp = 0.49999999999998800000
org.apache.commons.math3.util.OpenIntToDoubleHashMap:<init>:(Lorg/apache/commons/math3/util/OpenIntToDoubleHashMap;)V#136#54 prob_bp = 0.49999999999999270000
org.apache.commons.math3.util.OpenIntToDoubleHashMap$Iterator:key:()I#532#49 prob_bp = 0.49999999999999367000
org.apache.commons.math3.linear.OpenMapRealVector:setEntry:(ID)V#590#19 prob_bp = 0.49999999999999406000
org.apache.commons.math3.linear.OpenMapRealVector:setEntry:(ID)V#590#18 prob_bp = 0.49999999999999550000
org.apache.commons.math3.util.OpenIntToDoubleHashMap:put:(ID)D#410#18#unexe#4 prob_bp = 0.49999999999999556000
org.apache.commons.math3.linear.OpenMapRealVector:getEntries:()Lorg/apache/commons/math3/util/OpenIntToDoubleHashMap;#208#1 prob_bp = 0.49999999999999567000
org.apache.commons.math3.linear.RealVector:checkIndex:(I)V#189#6 prob_bp = 0.49999999999999645000
org.apache.commons.math3.linear.OpenMapRealVector:ebeDivide:(Lorg/apache/commons/math3/linear/RealVector;)Lorg/apache/commons/math3/linear/OpenMapRealVector;#352#54 prob_bp = 0.49999999999999656000
org.apache.commons.math3.linear.OpenMapRealVector:<init>:([DD)V#135#19 prob_bp = 0.49999999999999734000
org.apache.commons.math3.linear.SparseRealVectorTest$SparseRealVectorTestImpl:getDimension:()I#200#4 prob_bp = 0.49999999999999734000
org.apache.commons.math3.linear.OpenMapRealVector:<init>:([DD)V#135#10 prob_bp = 0.49999999999999740000
org.apache.commons.math3.linear.RealVector:checkIndex:(I)V#189#5 prob_bp = 0.49999999999999760000
org.apache.commons.math3.linear.OpenMapRealVector:<init>:([D)V#123#0 prob_bp = 0.49999999999999790000
org.apache.commons.math3.util.OpenIntToDoubleHashMap:<init>:(Lorg/apache/commons/math3/util/OpenIntToDoubleHashMap;)V#136#53 prob_bp = 0.49999999999999820000
org.apache.commons.math3.linear.OpenMapRealVector:getEntry:(I)D#448#0 prob_bp = 0.49999999999999820000
org.apache.commons.math3.util.OpenIntToDoubleHashMap:containsKey:(II)Z#382#9 prob_bp = 0.49999999999999833000
org.apache.commons.math3.linear.OpenMapRealVector:getDimension:()I#401#0 prob_bp = 0.49999999999999867000
org.apache.commons.math3.linear.OpenMapRealVector:<init>:([DD)V#139#49 prob_bp = 0.49999999999999870000
org.apache.commons.math3.linear.OpenMapRealVector:<init>:([D)V#123#5 prob_bp = 0.49999999999999880000
org.apache.commons.math3.util.OpenIntToDoubleHashMap:put:(ID)D#411#26 prob_bp = 0.49999999999999890000
org.apache.commons.math3.util.OpenIntToDoubleHashMap:put:(ID)D#410#16 prob_bp = 0.49999999999999895000
org.apache.commons.math3.util.OpenIntToDoubleHashMap$Iterator:value:()D#543#8 prob_bp = 0.49999999999999895000
org.apache.commons.math3.linear.OpenMapRealVector:getEntries:()Lorg/apache/commons/math3/util/OpenIntToDoubleHashMap;#208#0 prob_bp = 0.49999999999999900000
org.apache.commons.math3.util.OpenIntToDoubleHashMap$Iterator:key:()I#526#4 prob_bp = 0.49999999999999906000
org.apache.commons.math3.util.OpenIntToDoubleHashMap:put:(ID)D#410#18#unexe#7 prob_bp = 0.49999999999999910000
org.apache.commons.math3.linear.OpenMapRealVector:ebeMultiply:(Lorg/apache/commons/math3/linear/RealVector;)Lorg/apache/commons/math3/linear/OpenMapRealVector;#365#41 prob_bp = 0.49999999999999910000
org.apache.commons.math3.linear.OpenMapRealVector:ebeDivide:(Lorg/apache/commons/math3/linear/RealVector;)Lorg/apache/commons/math3/linear/OpenMapRealVector;#351#32 prob_bp = 0.49999999999999920000
org.apache.commons.math3.util.OpenIntToDoubleHashMap:shouldGrowTable:()Z#466#10 prob_bp = 0.49999999999999930000
org.apache.commons.math3.linear.OpenMapRealVector:isDefaultValue:(D)Z#220#8 prob_bp = 0.49999999999999944000
org.apache.commons.math3.util.OpenIntToDoubleHashMap:put:(ID)D#418#66 prob_bp = 0.49999999999999944000
org.apache.commons.math3.util.OpenIntToDoubleHashMap:access$200:(Lorg/apache/commons/math3/util/OpenIntToDoubleHashMap;)[I#37#1 prob_bp = 0.49999999999999944000
org.apache.commons.math3.linear.SparseRealVectorTest$SparseRealVectorTestImpl:getEntry:(I)D#195#4 prob_bp = 0.49999999999999944000
org.apache.commons.math3.util.OpenIntToDoubleHashMap:containsKey:(I)Z#210#22 prob_bp = 0.49999999999999944000
org.apache.commons.math3.util.OpenIntToDoubleHashMap:containsKey:(II)Z#382#8 prob_bp = 0.49999999999999944000
org.apache.commons.math3.util.FastMath:abs:(D)D#3020#13 prob_bp = 0.49999999999999950000
org.apache.commons.math3.util.OpenIntToDoubleHashMap:shouldGrowTable:()Z#466#15 prob_bp = 0.49999999999999950000
org.apache.commons.math3.util.OpenIntToDoubleHashMap$Iterator:advance:()V#560#1 prob_bp = 0.49999999999999950000
org.apache.commons.math3.util.OpenIntToDoubleHashMap:access$400:(Lorg/apache/commons/math3/util/OpenIntToDoubleHashMap;)[B#37#0 prob_bp = 0.49999999999999950000
org.apache.commons.math3.util.OpenIntToDoubleHashMap$Iterator:value:()D#546#23 prob_bp = 0.49999999999999950000
org.apache.commons.math3.util.OpenIntToDoubleHashMap:changeIndexSign:(I)I#332#3 prob_bp = 0.49999999999999950000
org.apache.commons.math3.util.OpenIntToDoubleHashMap:doRemove:(I)D#394#27 prob_bp = 0.49999999999999956000
org.apache.commons.math3.util.OpenIntToDoubleHashMap:findInsertionIndex:(I)I#256#8 prob_bp = 0.49999999999999960000
org.apache.commons.math3.util.OpenIntToDoubleHashMap:hashOf:(I)I#475#9 prob_bp = 0.49999999999999960000
org.apache.commons.math3.util.OpenIntToDoubleHashMap:findInsertionIndex:([I[BII)I#273#27 prob_bp = 0.49999999999999960000
org.apache.commons.math3.util.OpenIntToDoubleHashMap$Iterator:advance:()V#569#44 prob_bp = 0.49999999999999960000
org.apache.commons.math3.linear.OpenMapRealVector:setEntry:(ID)V#588#2 prob_bp = 0.49999999999999960000
org.apache.commons.math3.linear.OpenMapRealVector:setEntry:(ID)V#589#7 prob_bp = 0.49999999999999960000
org.apache.commons.math3.util.OpenIntToDoubleHashMap:computeCapacity:(I)I#153#16 prob_bp = 0.49999999999999967000
org.apache.commons.math3.util.OpenIntToDoubleHashMap:computeCapacity:(I)I#155#23 prob_bp = 0.49999999999999967000
org.apache.commons.math3.util.OpenIntToDoubleHashMap:computeCapacity:(I)I#155#24 prob_bp = 0.49999999999999967000
org.apache.commons.math3.linear.OpenMapRealVector:<init>:(Lorg/apache/commons/math3/linear/OpenMapRealVector;)V#181#18 prob_bp = 0.49999999999999967000
org.apache.commons.math3.util.OpenIntToDoubleHashMap:<init>:(Lorg/apache/commons/math3/util/OpenIntToDoubleHashMap;)V#131#9 prob_bp = 0.49999999999999967000
org.apache.commons.math3.util.OpenIntToDoubleHashMap$Iterator:advance:()V#569#48 prob_bp = 0.49999999999999967000
org.apache.commons.math3.util.OpenIntToDoubleHashMap:get:(I)D#178#7 prob_bp = 0.49999999999999967000
org.apache.commons.math3.linear.OpenMapRealVector:isDefaultValue:(D)Z#220#1 prob_bp = 0.49999999999999970000
org.apache.commons.math3.util.OpenIntToDoubleHashMap:growTable:()V#444#56 prob_bp = 0.49999999999999970000
org.apache.commons.math3.util.OpenIntToDoubleHashMap$Iterator:advance:()V#560#8 prob_bp = 0.49999999999999970000
org.apache.commons.math3.util.OpenIntToDoubleHashMap:remove:(I)D#351#4 prob_bp = 0.49999999999999970000
org.apache.commons.math3.linear.OpenMapRealVector:ebeMultiply:(Lorg/apache/commons/math3/linear/RealVector;)Lorg/apache/commons/math3/linear/OpenMapRealVector;#363#26 prob_bp = 0.49999999999999970000
org.apache.commons.math3.linear.OpenMapRealVector:<init>:(Lorg/apache/commons/math3/linear/OpenMapRealVector;)V#180#9 prob_bp = 0.49999999999999980000
org.apache.commons.math3.util.OpenIntToDoubleHashMap$Iterator:value:()D#549#48 prob_bp = 0.49999999999999980000
org.apache.commons.math3.util.OpenIntToDoubleHashMap:changeIndexSign:(I)I#332#4 prob_bp = 0.49999999999999980000
org.apache.commons.math3.util.FastMath:abs:(D)D#3020#0 prob_bp = 0.49999999999999983000
org.apache.commons.math3.util.FastMath:abs:(D)D#3020#14 prob_bp = 0.49999999999999983000
org.apache.commons.math3.util.FastMath:abs:(D)D#3020#21 prob_bp = 0.49999999999999983000
org.apache.commons.math3.util.OpenIntToDoubleHashMap:hashOf:(I)I#476#21 prob_bp = 0.49999999999999983000
org.apache.commons.math3.util.OpenIntToDoubleHashMap:shouldGrowTable:()Z#466#11 prob_bp = 0.49999999999999983000
org.apache.commons.math3.util.OpenIntToDoubleHashMap:findInsertionIndex:([I[BII)I#273#22 prob_bp = 0.49999999999999983000
org.apache.commons.math3.util.FastMath:abs:(D)D#3020#6 prob_bp = 0.49999999999999983000
org.apache.commons.math3.util.OpenIntToDoubleHashMap:put:(ID)D#411#23 prob_bp = 0.49999999999999983000
org.apache.commons.math3.util.OpenIntToDoubleHashMap:containsKey:(II)Z#382#14 prob_bp = 0.49999999999999983000
org.apache.commons.math3.util.OpenIntToDoubleHashMap:containsKey:(I)Z#209#18 prob_bp = 0.49999999999999983000
org.apache.commons.math3.util.OpenIntToDoubleHashMap:doRemove:(I)D#394#30 prob_bp = 0.49999999999999983000
org.apache.commons.math3.linear.SparseRealVectorTest$SparseRealVectorTestImpl:getDimension:()I#200#0 prob_bp = 0.49999999999999990000
org.apache.commons.math3.linear.OpenMapRealVector:<init>:(Lorg/apache/commons/math3/linear/OpenMapRealVector;)V#180#4 prob_bp = 0.49999999999999990000
org.apache.commons.math3.util.OpenIntToDoubleHashMap:<init>:(Lorg/apache/commons/math3/util/OpenIntToDoubleHashMap;)V#131#8 prob_bp = 0.49999999999999990000
org.apache.commons.math3.util.OpenIntToDoubleHashMap$Iterator:advance:()V#565#22 prob_bp = 0.49999999999999990000
org.apache.commons.math3.linear.OpenMapRealVector:setEntry:(ID)V#592#37 prob_bp = 0.49999999999999990000
org.apache.commons.math3.util.OpenIntToDoubleHashMap:containsKey:(II)Z#382#5 prob_bp = 0.49999999999999990000
org.apache.commons.math3.linear.OpenMapRealVector:ebeMultiply:(Lorg/apache/commons/math3/linear/RealVector;)Lorg/apache/commons/math3/linear/OpenMapRealVector;#361#12 prob_bp = 0.49999999999999990000
org.apache.commons.math3.linear.OpenMapRealVector:ebeMultiply:(Lorg/apache/commons/math3/linear/RealVector;)Lorg/apache/commons/math3/linear/OpenMapRealVector;#365#53 prob_bp = 0.49999999999999990000
org.apache.commons.math3.util.OpenIntToDoubleHashMap:computeCapacity:(I)I#153#10 prob_bp = 0.49999999999999994000
org.apache.commons.math3.util.FastMath:floor:(D)D#3338#21 prob_bp = 0.49999999999999994000
org.apache.commons.math3.util.FastMath:floor:(D)D#3347#48 prob_bp = 0.49999999999999994000
org.apache.commons.math3.util.FastMath:floor:(D)D#3347#49 prob_bp = 0.49999999999999994000
org.apache.commons.math3.util.FastMath:ceil:(D)D#3366#15 prob_bp = 0.49999999999999994000
org.apache.commons.math3.util.OpenIntToDoubleHashMap:computeCapacity:(I)I#154#18 prob_bp = 0.49999999999999994000
org.apache.commons.math3.util.OpenIntToDoubleHashMap:<init>:(ID)V#119#11 prob_bp = 0.49999999999999994000
org.apache.commons.math3.util.OpenIntToDoubleHashMap:<init>:(ID)V#119#15 prob_bp = 0.49999999999999994000
org.apache.commons.math3.util.OpenIntToDoubleHashMap:<init>:(ID)V#120#19 prob_bp = 0.49999999999999994000
org.apache.commons.math3.util.OpenIntToDoubleHashMap:<init>:(ID)V#120#23 prob_bp = 0.49999999999999994000
org.apache.commons.math3.util.OpenIntToDoubleHashMap:<init>:(ID)V#121#27 prob_bp = 0.49999999999999994000
org.apache.commons.math3.util.OpenIntToDoubleHashMap:<init>:(ID)V#121#31 prob_bp = 0.49999999999999994000
org.apache.commons.math3.util.OpenIntToDoubleHashMap:<init>:(ID)V#123#40 prob_bp = 0.49999999999999994000
org.apache.commons.math3.linear.OpenMapRealVector:<init>:([DD)V#137#30 prob_bp = 0.49999999999999994000
org.apache.commons.math3.util.OpenIntToDoubleHashMap:shouldGrowTable:()Z#466#16 prob_bp = 0.49999999999999994000
org.apache.commons.math3.util.OpenIntToDoubleHashMap:put:(ID)D#423#92 prob_bp = 0.49999999999999994000
org.apache.commons.math3.util.OpenIntToDoubleHashMap:growTable:()V#434#1 prob_bp = 0.49999999999999994000
org.apache.commons.math3.util.OpenIntToDoubleHashMap:growTable:()V#435#7 prob_bp = 0.49999999999999994000
org.apache.commons.math3.util.OpenIntToDoubleHashMap:growTable:()V#437#17 prob_bp = 0.49999999999999994000
org.apache.commons.math3.util.OpenIntToDoubleHashMap:growTable:()V#440#29 prob_bp = 0.49999999999999994000
org.apache.commons.math3.util.OpenIntToDoubleHashMap:growTable:()V#441#35 prob_bp = 0.49999999999999994000
org.apache.commons.math3.util.OpenIntToDoubleHashMap:growTable:()V#442#41 prob_bp = 0.49999999999999994000
org.apache.commons.math3.util.OpenIntToDoubleHashMap:growTable:()V#445#60 prob_bp = 0.49999999999999994000
org.apache.commons.math3.util.OpenIntToDoubleHashMap:growTable:()V#447#77 prob_bp = 0.49999999999999994000
org.apache.commons.math3.util.OpenIntToDoubleHashMap:growTable:()V#447#86 prob_bp = 0.49999999999999994000
org.apache.commons.math3.util.OpenIntToDoubleHashMap:growTable:()V#448#92 prob_bp = 0.49999999999999994000
org.apache.commons.math3.util.OpenIntToDoubleHashMap:growTable:()V#449#100 prob_bp = 0.49999999999999994000
org.apache.commons.math3.util.OpenIntToDoubleHashMap:growTable:()V#450#109 prob_bp = 0.49999999999999994000
org.apache.commons.math3.util.OpenIntToDoubleHashMap:growTable:()V#455#123 prob_bp = 0.49999999999999994000
org.apache.commons.math3.util.OpenIntToDoubleHashMap:growTable:()V#456#129 prob_bp = 0.49999999999999994000
org.apache.commons.math3.util.OpenIntToDoubleHashMap:growTable:()V#457#135 prob_bp = 0.49999999999999994000
org.apache.commons.math3.util.OpenIntToDoubleHashMap:findInsertionIndex:([I[BII)I#273#23 prob_bp = 0.49999999999999994000
org.apache.commons.math3.util.OpenIntToDoubleHashMap:findInsertionIndex:([I[BII)I#285#89 prob_bp = 0.49999999999999994000
org.apache.commons.math3.util.OpenIntToDoubleHashMap:findInsertionIndex:([I[BII)I#291#107 prob_bp = 0.49999999999999994000
org.apache.commons.math3.linear.SparseRealVectorTest$SparseRealVectorTestImpl:<init>:([D)V#42#4 prob_bp = 0.49999999999999994000
org.apache.commons.math3.linear.OpenMapRealVector:ebeDivide:(Lorg/apache/commons/math3/linear/RealVector;)Lorg/apache/commons/math3/linear/OpenMapRealVector;#343#16 prob_bp = 0.49999999999999994000
org.apache.commons.math3.util.OpenIntToDoubleHashMap$Iterator:advance:()V#560#0 prob_bp = 0.49999999999999994000
org.apache.commons.math3.util.OpenIntToDoubleHashMap$Iterator:advance:()V#569#30 prob_bp = 0.49999999999999994000
org.apache.commons.math3.util.OpenIntToDoubleHashMap:access$400:(Lorg/apache/commons/math3/util/OpenIntToDoubleHashMap;)[B#37#1 prob_bp = 0.49999999999999994000
org.apache.commons.math3.util.OpenIntToDoubleHashMap$Iterator:advance:()V#569#38 prob_bp = 0.49999999999999994000
org.apache.commons.math3.util.OpenIntToDoubleHashMap$Iterator:key:()I#526#0 prob_bp = 0.49999999999999994000
org.apache.commons.math3.util.OpenIntToDoubleHashMap$Iterator:key:()I#526#11 prob_bp = 0.49999999999999994000
org.apache.commons.math3.util.OpenIntToDoubleHashMap$Iterator:key:()I#529#22 prob_bp = 0.49999999999999994000
org.apache.commons.math3.util.OpenIntToDoubleHashMap$Iterator:key:()I#532#37 prob_bp = 0.49999999999999994000
org.apache.commons.math3.util.OpenIntToDoubleHashMap$Iterator:key:()I#532#41 prob_bp = 0.49999999999999994000
org.apache.commons.math3.util.OpenIntToDoubleHashMap$Iterator:key:()I#532#44 prob_bp = 0.49999999999999994000
org.apache.commons.math3.linear.OpenMapRealVector:ebeDivide:(Lorg/apache/commons/math3/linear/RealVector;)Lorg/apache/commons/math3/linear/OpenMapRealVector;#352#50 prob_bp = 0.49999999999999994000
org.apache.commons.math3.util.OpenIntToDoubleHashMap$Iterator:advance:()V#574#66 prob_bp = 0.49999999999999994000
org.apache.commons.math3.util.OpenIntToDoubleHashMap:get:(I)D#180#26 prob_bp = 0.49999999999999994000
org.apache.commons.math3.linear.OpenMapRealVector:<init>:([DD)V#134#4 prob_bp = 0.50000000000000000000
org.apache.commons.math3.linear.OpenMapRealVector:<init>:([DD)V#134#5 prob_bp = 0.50000000000000000000
org.apache.commons.math3.linear.OpenMapRealVector:<init>:([DD)V#134#6 prob_bp = 0.50000000000000000000
org.apache.commons.math3.linear.OpenMapRealVector:<init>:([DD)V#134#7 prob_bp = 0.50000000000000000000
org.apache.commons.math3.util.OpenIntToDoubleHashMap:<init>:(D)V#100#1 prob_bp = 0.50000000000000000000
org.apache.commons.math3.util.OpenIntToDoubleHashMap:<init>:(ID)V#118#4 prob_bp = 0.50000000000000000000
org.apache.commons.math3.util.OpenIntToDoubleHashMap:<init>:(ID)V#118#5 prob_bp = 0.50000000000000000000
org.apache.commons.math3.util.OpenIntToDoubleHashMap:computeCapacity:(I)I#150#0 prob_bp = 0.50000000000000000000
org.apache.commons.math3.util.OpenIntToDoubleHashMap:computeCapacity:(I)I#150#1 prob_bp = 0.50000000000000000000
org.apache.commons.math3.util.OpenIntToDoubleHashMap:computeCapacity:(I)I#153#6 prob_bp = 0.50000000000000000000
org.apache.commons.math3.util.OpenIntToDoubleHashMap:computeCapacity:(I)I#153#7 prob_bp = 0.50000000000000000000
org.apache.commons.math3.util.OpenIntToDoubleHashMap:computeCapacity:(I)I#153#11 prob_bp = 0.50000000000000000000
org.apache.commons.math3.util.OpenIntToDoubleHashMap:computeCapacity:(I)I#153#12 prob_bp = 0.50000000000000000000
org.apache.commons.math3.util.FastMath:ceil:(D)D#3361#0 prob_bp = 0.50000000000000000000
org.apache.commons.math3.util.FastMath:ceil:(D)D#3361#1 prob_bp = 0.50000000000000000000
org.apache.commons.math3.util.FastMath:ceil:(D)D#3361#2 prob_bp = 0.50000000000000000000
org.apache.commons.math3.util.FastMath:ceil:(D)D#3361#3 prob_bp = 0.50000000000000000000
org.apache.commons.math3.util.FastMath:ceil:(D)D#3365#8 prob_bp = 0.50000000000000000000
org.apache.commons.math3.util.FastMath:floor:(D)D#3334#0 prob_bp = 0.50000000000000000000
org.apache.commons.math3.util.FastMath:floor:(D)D#3334#1 prob_bp = 0.50000000000000000000
org.apache.commons.math3.util.FastMath:floor:(D)D#3334#2 prob_bp = 0.50000000000000000000
org.apache.commons.math3.util.FastMath:floor:(D)D#3334#3 prob_bp = 0.50000000000000000000
org.apache.commons.math3.util.FastMath:floor:(D)D#3338#8 prob_bp = 0.50000000000000000000
org.apache.commons.math3.util.FastMath:floor:(D)D#3338#9 prob_bp = 0.50000000000000000000
org.apache.commons.math3.util.FastMath:floor:(D)D#3338#12 prob_bp = 0.50000000000000000000
org.apache.commons.math3.util.FastMath:floor:(D)D#3338#13 prob_bp = 0.50000000000000000000
org.apache.commons.math3.util.FastMath:floor:(D)D#3338#16 prob_bp = 0.50000000000000000000
org.apache.commons.math3.util.FastMath:floor:(D)D#3342#26 prob_bp = 0.50000000000000000000
org.apache.commons.math3.util.FastMath:floor:(D)D#3342#28 prob_bp = 0.50000000000000000000
org.apache.commons.math3.util.FastMath:floor:(D)D#3343#29 prob_bp = 0.50000000000000000000
org.apache.commons.math3.util.FastMath:floor:(D)D#3343#30 prob_bp = 0.50000000000000000000
org.apache.commons.math3.util.FastMath:floor:(D)D#3343#31 prob_bp = 0.50000000000000000000
org.apache.commons.math3.util.FastMath:floor:(D)D#3347#46 prob_bp = 0.50000000000000000000
org.apache.commons.math3.util.FastMath:floor:(D)D#3347#47 prob_bp = 0.50000000000000000000
org.apache.commons.math3.util.FastMath:floor:(D)D#3351#57 prob_bp = 0.50000000000000000000
org.apache.commons.math3.util.FastMath:floor:(D)D#3351#58 prob_bp = 0.50000000000000000000
org.apache.commons.math3.util.FastMath:floor:(D)D#3351#59 prob_bp = 0.50000000000000000000
org.apache.commons.math3.util.FastMath:ceil:(D)D#3365#12 prob_bp = 0.50000000000000000000
org.apache.commons.math3.util.FastMath:ceil:(D)D#3366#13 prob_bp = 0.50000000000000000000
org.apache.commons.math3.util.FastMath:ceil:(D)D#3366#14 prob_bp = 0.50000000000000000000
org.apache.commons.math3.util.FastMath:ceil:(D)D#3366#16 prob_bp = 0.50000000000000000000
org.apache.commons.math3.util.FastMath:ceil:(D)D#3367#19 prob_bp = 0.50000000000000000000
org.apache.commons.math3.util.FastMath:ceil:(D)D#3367#20 prob_bp = 0.50000000000000000000
org.apache.commons.math3.util.OpenIntToDoubleHashMap:computeCapacity:(I)I#153#15 prob_bp = 0.50000000000000000000
org.apache.commons.math3.util.OpenIntToDoubleHashMap:computeCapacity:(I)I#154#17 prob_bp = 0.50000000000000000000
org.apache.commons.math3.util.OpenIntToDoubleHashMap:computeCapacity:(I)I#154#21 prob_bp = 0.50000000000000000000
org.apache.commons.math3.util.OpenIntToDoubleHashMap:computeCapacity:(I)I#155#22 prob_bp = 0.50000000000000000000
org.apache.commons.math3.util.OpenIntToDoubleHashMap:computeCapacity:(I)I#156#27 prob_bp = 0.50000000000000000000
org.apache.commons.math3.util.OpenIntToDoubleHashMap:computeCapacity:(I)I#156#28 prob_bp = 0.50000000000000000000
org.apache.commons.math3.util.OpenIntToDoubleHashMap:<init>:(ID)V#118#8 prob_bp = 0.50000000000000000000
org.apache.commons.math3.util.OpenIntToDoubleHashMap:<init>:(ID)V#119#10 prob_bp = 0.50000000000000000000
org.apache.commons.math3.util.OpenIntToDoubleHashMap:<init>:(ID)V#119#13 prob_bp = 0.50000000000000000000
org.apache.commons.math3.util.OpenIntToDoubleHashMap:<init>:(ID)V#120#18 prob_bp = 0.50000000000000000000
org.apache.commons.math3.util.OpenIntToDoubleHashMap:<init>:(ID)V#120#21 prob_bp = 0.50000000000000000000
org.apache.commons.math3.util.OpenIntToDoubleHashMap:<init>:(ID)V#121#26 prob_bp = 0.50000000000000000000
org.apache.commons.math3.util.OpenIntToDoubleHashMap:<init>:(ID)V#121#29 prob_bp = 0.50000000000000000000
org.apache.commons.math3.util.OpenIntToDoubleHashMap:<init>:(ID)V#123#39 prob_bp = 0.50000000000000000000
org.apache.commons.math3.util.OpenIntToDoubleHashMap:<init>:(ID)V#123#42 prob_bp = 0.50000000000000000000
org.apache.commons.math3.util.OpenIntToDoubleHashMap:<init>:(ID)V#123#43 prob_bp = 0.50000000000000000000
org.apache.commons.math3.util.OpenIntToDoubleHashMap:<init>:(ID)V#123#44 prob_bp = 0.50000000000000000000
org.apache.commons.math3.linear.OpenMapRealVector:<init>:([DD)V#136#22 prob_bp = 0.50000000000000000000
org.apache.commons.math3.linear.OpenMapRealVector:<init>:([DD)V#136#24 prob_bp = 0.50000000000000000000
org.apache.commons.math3.linear.OpenMapRealVector:<init>:([DD)V#137#27 prob_bp = 0.50000000000000000000
org.apache.commons.math3.linear.OpenMapRealVector:<init>:([DD)V#137#28 prob_bp = 0.50000000000000000000
org.apache.commons.math3.util.OpenIntToDoubleHashMap:findInsertionIndex:(I)I#256#0 prob_bp = 0.50000000000000000000
org.apache.commons.math3.util.OpenIntToDoubleHashMap:findInsertionIndex:(I)I#256#4 prob_bp = 0.50000000000000000000
org.apache.commons.math3.util.OpenIntToDoubleHashMap:findInsertionIndex:(I)I#256#9 prob_bp = 0.50000000000000000000
org.apache.commons.math3.util.OpenIntToDoubleHashMap:shouldGrowTable:()Z#466#0 prob_bp = 0.50000000000000000000
org.apache.commons.math3.util.OpenIntToDoubleHashMap:shouldGrowTable:()Z#466#4 prob_bp = 0.50000000000000000000
org.apache.commons.math3.util.OpenIntToDoubleHashMap:shouldGrowTable:()Z#466#5 prob_bp = 0.50000000000000000000
org.apache.commons.math3.util.OpenIntToDoubleHashMap:put:(ID)D#420#83 prob_bp = 0.50000000000000000000
org.apache.commons.math3.util.OpenIntToDoubleHashMap:put:(ID)D#423#95 prob_bp = 0.50000000000000000000
org.apache.commons.math3.util.OpenIntToDoubleHashMap:put:(ID)D#423#96 prob_bp = 0.50000000000000000000
org.apache.commons.math3.util.OpenIntToDoubleHashMap:shouldGrowTable:()Z#466#19 prob_bp = 0.50000000000000000000
org.apache.commons.math3.util.OpenIntToDoubleHashMap:put:(ID)D#421#86 prob_bp = 0.50000000000000000000
org.apache.commons.math3.util.OpenIntToDoubleHashMap:growTable:()V#434#0 prob_bp = 0.50000000000000000000
org.apache.commons.math3.util.OpenIntToDoubleHashMap:growTable:()V#434#5 prob_bp = 0.50000000000000000000
org.apache.commons.math3.util.OpenIntToDoubleHashMap:growTable:()V#435#6 prob_bp = 0.50000000000000000000
org.apache.commons.math3.util.OpenIntToDoubleHashMap:growTable:()V#436#11 prob_bp = 0.50000000000000000000
org.apache.commons.math3.util.OpenIntToDoubleHashMap:growTable:()V#436#12 prob_bp = 0.50000000000000000000
org.apache.commons.math3.util.OpenIntToDoubleHashMap:growTable:()V#437#16 prob_bp = 0.50000000000000000000
org.apache.commons.math3.util.OpenIntToDoubleHashMap:growTable:()V#439#22 prob_bp = 0.50000000000000000000
org.apache.commons.math3.util.OpenIntToDoubleHashMap:growTable:()V#439#23 prob_bp = 0.50000000000000000000
org.apache.commons.math3.util.OpenIntToDoubleHashMap:growTable:()V#439#24 prob_bp = 0.50000000000000000000
org.apache.commons.math3.util.OpenIntToDoubleHashMap:growTable:()V#439#25 prob_bp = 0.50000000000000000000
org.apache.commons.math3.util.OpenIntToDoubleHashMap:growTable:()V#440#27 prob_bp = 0.50000000000000000000
org.apache.commons.math3.util.OpenIntToDoubleHashMap:growTable:()V#440#31 prob_bp = 0.50000000000000000000
org.apache.commons.math3.util.OpenIntToDoubleHashMap:growTable:()V#441#33 prob_bp = 0.50000000000000000000
org.apache.commons.math3.util.OpenIntToDoubleHashMap:growTable:()V#441#37 prob_bp = 0.50000000000000000000
org.apache.commons.math3.util.OpenIntToDoubleHashMap:growTable:()V#442#39 prob_bp = 0.50000000000000000000
org.apache.commons.math3.util.OpenIntToDoubleHashMap:growTable:()V#442#43 prob_bp = 0.50000000000000000000
org.apache.commons.math3.util.OpenIntToDoubleHashMap:growTable:()V#443#45 prob_bp = 0.50000000000000000000
org.apache.commons.math3.util.OpenIntToDoubleHashMap:growTable:()V#443#47 prob_bp = 0.50000000000000000000
org.apache.commons.math3.util.OpenIntToDoubleHashMap:growTable:()V#447#79 prob_bp = 0.50000000000000000000
org.apache.commons.math3.util.OpenIntToDoubleHashMap:growTable:()V#454#117 prob_bp = 0.50000000000000000000
org.apache.commons.math3.util.OpenIntToDoubleHashMap:growTable:()V#454#119 prob_bp = 0.50000000000000000000
org.apache.commons.math3.util.OpenIntToDoubleHashMap:growTable:()V#455#125 prob_bp = 0.50000000000000000000
org.apache.commons.math3.util.OpenIntToDoubleHashMap:growTable:()V#456#131 prob_bp = 0.50000000000000000000
org.apache.commons.math3.util.OpenIntToDoubleHashMap:growTable:()V#457#137 prob_bp = 0.50000000000000000000
org.apache.commons.math3.util.OpenIntToDoubleHashMap:findInsertionIndex:([I[BII)I#273#30 prob_bp = 0.50000000000000000000
org.apache.commons.math3.util.OpenIntToDoubleHashMap:findInsertionIndex:([I[BII)I#277#44 prob_bp = 0.50000000000000000000
org.apache.commons.math3.util.OpenIntToDoubleHashMap:findInsertionIndex:([I[BII)I#277#46 prob_bp = 0.50000000000000000000
org.apache.commons.math3.util.OpenIntToDoubleHashMap:perturb:(I)I#247#1 prob_bp = 0.50000000000000000000
org.apache.commons.math3.util.OpenIntToDoubleHashMap:perturb:(I)I#247#3 prob_bp = 0.50000000000000000000
org.apache.commons.math3.util.OpenIntToDoubleHashMap:perturb:(I)I#247#4 prob_bp = 0.50000000000000000000
org.apache.commons.math3.util.OpenIntToDoubleHashMap:findInsertionIndex:([I[BII)I#277#49 prob_bp = 0.50000000000000000000
org.apache.commons.math3.util.OpenIntToDoubleHashMap:findInsertionIndex:([I[BII)I#278#51 prob_bp = 0.50000000000000000000
org.apache.commons.math3.util.OpenIntToDoubleHashMap:findInsertionIndex:([I[BII)I#278#53 prob_bp = 0.50000000000000000000
org.apache.commons.math3.util.OpenIntToDoubleHashMap:findInsertionIndex:([I[BII)I#279#55 prob_bp = 0.50000000000000000000
org.apache.commons.math3.util.OpenIntToDoubleHashMap:findInsertionIndex:([I[BII)I#279#56 prob_bp = 0.50000000000000000000
org.apache.commons.math3.util.OpenIntToDoubleHashMap:findInsertionIndex:([I[BII)I#279#58 prob_bp = 0.50000000000000000000
org.apache.commons.math3.util.OpenIntToDoubleHashMap:findInsertionIndex:([I[BII)I#279#59 prob_bp = 0.50000000000000000000
org.apache.commons.math3.util.OpenIntToDoubleHashMap:findInsertionIndex:([I[BII)I#279#60 prob_bp = 0.50000000000000000000
org.apache.commons.math3.util.OpenIntToDoubleHashMap:findInsertionIndex:([I[BII)I#281#63 prob_bp = 0.50000000000000000000
org.apache.commons.math3.util.OpenIntToDoubleHashMap:findInsertionIndex:([I[BII)I#281#65 prob_bp = 0.50000000000000000000
org.apache.commons.math3.util.OpenIntToDoubleHashMap:findInsertionIndex:([I[BII)I#281#67 prob_bp = 0.50000000000000000000
org.apache.commons.math3.util.OpenIntToDoubleHashMap:probe:(II)I#323#0 prob_bp = 0.50000000000000000000
org.apache.commons.math3.util.OpenIntToDoubleHashMap:probe:(II)I#323#1 prob_bp = 0.50000000000000000000
org.apache.commons.math3.util.OpenIntToDoubleHashMap:probe:(II)I#323#2 prob_bp = 0.50000000000000000000
org.apache.commons.math3.util.OpenIntToDoubleHashMap:probe:(II)I#323#3 prob_bp = 0.50000000000000000000
org.apache.commons.math3.util.OpenIntToDoubleHashMap:probe:(II)I#323#4 prob_bp = 0.50000000000000000000
org.apache.commons.math3.util.OpenIntToDoubleHashMap:probe:(II)I#323#5 prob_bp = 0.50000000000000000000
org.apache.commons.math3.util.OpenIntToDoubleHashMap:probe:(II)I#323#6 prob_bp = 0.50000000000000000000
org.apache.commons.math3.util.OpenIntToDoubleHashMap:probe:(II)I#323#7 prob_bp = 0.50000000000000000000
org.apache.commons.math3.util.OpenIntToDoubleHashMap:probe:(II)I#323#8 prob_bp = 0.50000000000000000000
org.apache.commons.math3.util.OpenIntToDoubleHashMap:probe:(II)I#323#9 prob_bp = 0.50000000000000000000
org.apache.commons.math3.util.OpenIntToDoubleHashMap:findInsertionIndex:([I[BII)I#281#70 prob_bp = 0.50000000000000000000
org.apache.commons.math3.util.OpenIntToDoubleHashMap:findInsertionIndex:([I[BII)I#282#72 prob_bp = 0.50000000000000000000
org.apache.commons.math3.util.OpenIntToDoubleHashMap:findInsertionIndex:([I[BII)I#282#74 prob_bp = 0.50000000000000000000
org.apache.commons.math3.util.OpenIntToDoubleHashMap:findInsertionIndex:([I[BII)I#282#75 prob_bp = 0.50000000000000000000
org.apache.commons.math3.util.OpenIntToDoubleHashMap:findInsertionIndex:([I[BII)I#282#76 prob_bp = 0.50000000000000000000
org.apache.commons.math3.util.OpenIntToDoubleHashMap:findInsertionIndex:([I[BII)I#285#84 prob_bp = 0.50000000000000000000
org.apache.commons.math3.util.OpenIntToDoubleHashMap:findInsertionIndex:([I[BII)I#285#85 prob_bp = 0.50000000000000000000
org.apache.commons.math3.util.OpenIntToDoubleHashMap:findInsertionIndex:([I[BII)I#285#87 prob_bp = 0.50000000000000000000
org.apache.commons.math3.util.OpenIntToDoubleHashMap:findInsertionIndex:([I[BII)I#285#88 prob_bp = 0.50000000000000000000
org.apache.commons.math3.util.OpenIntToDoubleHashMap:findInsertionIndex:([I[BII)I#285#89#unexe#5 prob_bp = 0.50000000000000000000
org.apache.commons.math3.util.OpenIntToDoubleHashMap:findInsertionIndex:([I[BII)I#279#60#unexe#5 prob_bp = 0.50000000000000000000
org.apache.commons.math3.util.OpenIntToDoubleHashMap:findInsertionIndex:([I[BII)I#291#103 prob_bp = 0.50000000000000000000
org.apache.commons.math3.util.OpenIntToDoubleHashMap:findInsertionIndex:([I[BII)I#291#104 prob_bp = 0.50000000000000000000
org.apache.commons.math3.util.OpenIntToDoubleHashMap:findInsertionIndex:([I[BII)I#292#110 prob_bp = 0.50000000000000000000
org.apache.commons.math3.util.OpenIntToDoubleHashMap:findInsertionIndex:([I[BII)I#292#112 prob_bp = 0.50000000000000000000
org.apache.commons.math3.util.FastMath:abs:(D)D#3020#7 prob_bp = 0.50000000000000000000
org.apache.commons.math3.linear.SparseRealVectorTest$SparseRealVectorTestImpl:<init>:([D)V#42#5 prob_bp = 0.50000000000000000000
org.apache.commons.math3.linear.SparseRealVectorTest$SparseRealVectorTestImpl:<init>:([D)V#42#6 prob_bp = 0.50000000000000000000
org.apache.commons.math3.linear.SparseRealVectorTest$SparseRealVectorTestImpl:<init>:([D)V#42#9 prob_bp = 0.50000000000000000000
org.apache.commons.math3.linear.SparseRealVectorTest$SparseRealVectorTestImpl:<init>:([D)V#42#12 prob_bp = 0.50000000000000000000
org.apache.commons.math3.linear.OpenMapRealVector:ebeDivide:(Lorg/apache/commons/math3/linear/RealVector;)Lorg/apache/commons/math3/linear/RealVector;#34#0 prob_bp = 0.50000000000000000000
org.apache.commons.math3.linear.OpenMapRealVector:ebeDivide:(Lorg/apache/commons/math3/linear/RealVector;)Lorg/apache/commons/math3/linear/RealVector;#34#1 prob_bp = 0.50000000000000000000
org.apache.commons.math3.linear.OpenMapRealVector:ebeDivide:(Lorg/apache/commons/math3/linear/RealVector;)Lorg/apache/commons/math3/linear/RealVector;#34#2 prob_bp = 0.50000000000000000000
org.apache.commons.math3.linear.OpenMapRealVector:ebeDivide:(Lorg/apache/commons/math3/linear/RealVector;)Lorg/apache/commons/math3/linear/OpenMapRealVector;#342#0 prob_bp = 0.50000000000000000000
org.apache.commons.math3.linear.OpenMapRealVector:ebeDivide:(Lorg/apache/commons/math3/linear/RealVector;)Lorg/apache/commons/math3/linear/OpenMapRealVector;#342#1 prob_bp = 0.50000000000000000000
org.apache.commons.math3.linear.OpenMapRealVector:ebeDivide:(Lorg/apache/commons/math3/linear/RealVector;)Lorg/apache/commons/math3/linear/OpenMapRealVector;#342#2 prob_bp = 0.50000000000000000000
org.apache.commons.math3.linear.SparseRealVectorTest$SparseRealVectorTestImpl:getDimension:()I#200#1 prob_bp = 0.50000000000000000000
org.apache.commons.math3.linear.RealVector:checkVectorDimensions:(I)V#176#0 prob_bp = 0.50000000000000000000
org.apache.commons.math3.linear.RealVector:checkVectorDimensions:(I)V#176#1 prob_bp = 0.50000000000000000000
org.apache.commons.math3.linear.OpenMapRealVector:ebeDivide:(Lorg/apache/commons/math3/linear/RealVector;)Lorg/apache/commons/math3/linear/OpenMapRealVector;#343#12 prob_bp = 0.50000000000000000000
org.apache.commons.math3.linear.OpenMapRealVector:<init>:(Lorg/apache/commons/math3/linear/OpenMapRealVector;)V#180#5 prob_bp = 0.50000000000000000000
org.apache.commons.math3.linear.OpenMapRealVector:<init>:(Lorg/apache/commons/math3/linear/OpenMapRealVector;)V#180#6 prob_bp = 0.50000000000000000000
org.apache.commons.math3.linear.OpenMapRealVector:<init>:(Lorg/apache/commons/math3/linear/OpenMapRealVector;)V#181#17 prob_bp = 0.50000000000000000000
org.apache.commons.math3.util.OpenIntToDoubleHashMap:<init>:(Lorg/apache/commons/math3/util/OpenIntToDoubleHashMap;)V#131#4 prob_bp = 0.50000000000000000000
org.apache.commons.math3.util.OpenIntToDoubleHashMap:<init>:(Lorg/apache/commons/math3/util/OpenIntToDoubleHashMap;)V#131#5 prob_bp = 0.50000000000000000000
org.apache.commons.math3.util.OpenIntToDoubleHashMap:<init>:(Lorg/apache/commons/math3/util/OpenIntToDoubleHashMap;)V#132#10 prob_bp = 0.50000000000000000000
org.apache.commons.math3.util.OpenIntToDoubleHashMap:<init>:(Lorg/apache/commons/math3/util/OpenIntToDoubleHashMap;)V#132#11 prob_bp = 0.50000000000000000000
org.apache.commons.math3.util.OpenIntToDoubleHashMap:<init>:(Lorg/apache/commons/math3/util/OpenIntToDoubleHashMap;)V#132#12 prob_bp = 0.50000000000000000000
org.apache.commons.math3.util.OpenIntToDoubleHashMap:<init>:(Lorg/apache/commons/math3/util/OpenIntToDoubleHashMap;)V#132#14 prob_bp = 0.50000000000000000000
org.apache.commons.math3.util.OpenIntToDoubleHashMap:<init>:(Lorg/apache/commons/math3/util/OpenIntToDoubleHashMap;)V#134#31 prob_bp = 0.50000000000000000000
org.apache.commons.math3.util.OpenIntToDoubleHashMap:<init>:(Lorg/apache/commons/math3/util/OpenIntToDoubleHashMap;)V#134#32 prob_bp = 0.50000000000000000000
org.apache.commons.math3.util.OpenIntToDoubleHashMap:<init>:(Lorg/apache/commons/math3/util/OpenIntToDoubleHashMap;)V#134#33 prob_bp = 0.50000000000000000000
org.apache.commons.math3.util.OpenIntToDoubleHashMap:<init>:(Lorg/apache/commons/math3/util/OpenIntToDoubleHashMap;)V#134#35 prob_bp = 0.50000000000000000000
org.apache.commons.math3.util.OpenIntToDoubleHashMap:<init>:(Lorg/apache/commons/math3/util/OpenIntToDoubleHashMap;)V#140#89 prob_bp = 0.50000000000000000000
org.apache.commons.math3.util.OpenIntToDoubleHashMap:<init>:(Lorg/apache/commons/math3/util/OpenIntToDoubleHashMap;)V#140#90 prob_bp = 0.50000000000000000000
org.apache.commons.math3.util.OpenIntToDoubleHashMap:<init>:(Lorg/apache/commons/math3/util/OpenIntToDoubleHashMap;)V#140#91 prob_bp = 0.50000000000000000000
org.apache.commons.math3.util.OpenIntToDoubleHashMap:<init>:(Lorg/apache/commons/math3/util/OpenIntToDoubleHashMap;)V#140#94 prob_bp = 0.50000000000000000000
org.apache.commons.math3.linear.OpenMapRealVector:<init>:(Lorg/apache/commons/math3/linear/OpenMapRealVector;)V#182#27 prob_bp = 0.50000000000000000000
org.apache.commons.math3.linear.OpenMapRealVector:<init>:(Lorg/apache/commons/math3/linear/OpenMapRealVector;)V#182#28 prob_bp = 0.50000000000000000000
org.apache.commons.math3.linear.OpenMapRealVector:<init>:(Lorg/apache/commons/math3/linear/OpenMapRealVector;)V#182#29 prob_bp = 0.50000000000000000000
org.apache.commons.math3.linear.OpenMapRealVector:<init>:(Lorg/apache/commons/math3/linear/OpenMapRealVector;)V#182#32 prob_bp = 0.50000000000000000000
org.apache.commons.math3.linear.OpenMapRealVector:ebeDivide:(Lorg/apache/commons/math3/linear/RealVector;)Lorg/apache/commons/math3/linear/OpenMapRealVector;#349#17 prob_bp = 0.50000000000000000000
org.apache.commons.math3.linear.OpenMapRealVector:ebeDivide:(Lorg/apache/commons/math3/linear/RealVector;)Lorg/apache/commons/math3/linear/OpenMapRealVector;#349#18 prob_bp = 0.50000000000000000000
org.apache.commons.math3.linear.OpenMapRealVector:ebeDivide:(Lorg/apache/commons/math3/linear/RealVector;)Lorg/apache/commons/math3/linear/OpenMapRealVector;#349#21 prob_bp = 0.50000000000000000000
org.apache.commons.math3.util.OpenIntToDoubleHashMap:iterator:()Lorg/apache/commons/math3/util/OpenIntToDoubleHashMap$Iterator;#238#3 prob_bp = 0.50000000000000000000
org.apache.commons.math3.util.OpenIntToDoubleHashMap:iterator:()Lorg/apache/commons/math3/util/OpenIntToDoubleHashMap$Iterator;#238#4 prob_bp = 0.50000000000000000000
org.apache.commons.math3.util.OpenIntToDoubleHashMap$Iterator:<init>:(Lorg/apache/commons/math3/util/OpenIntToDoubleHashMap;Lorg/apache/commons/math3/util/OpenIntToDoubleHashMap$1;)V#481#0 prob_bp = 0.50000000000000000000
org.apache.commons.math3.util.OpenIntToDoubleHashMap$Iterator:<init>:(Lorg/apache/commons/math3/util/OpenIntToDoubleHashMap;Lorg/apache/commons/math3/util/OpenIntToDoubleHashMap$1;)V#481#2 prob_bp = 0.50000000000000000000
org.apache.commons.math3.util.OpenIntToDoubleHashMap$Iterator:<init>:(Lorg/apache/commons/math3/util/OpenIntToDoubleHashMap;)V#495#5 prob_bp = 0.50000000000000000000
org.apache.commons.math3.util.OpenIntToDoubleHashMap$Iterator:<init>:(Lorg/apache/commons/math3/util/OpenIntToDoubleHashMap;)V#495#6 prob_bp = 0.50000000000000000000
org.apache.commons.math3.util.OpenIntToDoubleHashMap$Iterator:<init>:(Lorg/apache/commons/math3/util/OpenIntToDoubleHashMap;)V#498#9 prob_bp = 0.50000000000000000000
org.apache.commons.math3.util.OpenIntToDoubleHashMap$Iterator:<init>:(Lorg/apache/commons/math3/util/OpenIntToDoubleHashMap;)V#498#10 prob_bp = 0.50000000000000000000
org.apache.commons.math3.util.OpenIntToDoubleHashMap$Iterator:<init>:(Lorg/apache/commons/math3/util/OpenIntToDoubleHashMap;)V#498#11 prob_bp = 0.50000000000000000000
org.apache.commons.math3.util.OpenIntToDoubleHashMap$Iterator:<init>:(Lorg/apache/commons/math3/util/OpenIntToDoubleHashMap;)V#498#14 prob_bp = 0.50000000000000000000
org.apache.commons.math3.util.OpenIntToDoubleHashMap$Iterator:<init>:(Lorg/apache/commons/math3/util/OpenIntToDoubleHashMap;)V#501#17 prob_bp = 0.50000000000000000000
org.apache.commons.math3.util.OpenIntToDoubleHashMap$Iterator:<init>:(Lorg/apache/commons/math3/util/OpenIntToDoubleHashMap;)V#501#19 prob_bp = 0.50000000000000000000
org.apache.commons.math3.util.OpenIntToDoubleHashMap$Iterator:<init>:(Lorg/apache/commons/math3/util/OpenIntToDoubleHashMap;)V#503#22 prob_bp = 0.50000000000000000000
org.apache.commons.math3.util.OpenIntToDoubleHashMap$Iterator:<init>:(Lorg/apache/commons/math3/util/OpenIntToDoubleHashMap;)V#503#23 prob_bp = 0.50000000000000000000
org.apache.commons.math3.util.OpenIntToDoubleHashMap:access$400:(Lorg/apache/commons/math3/util/OpenIntToDoubleHashMap;)[B#37#4 prob_bp = 0.50000000000000000000
org.apache.commons.math3.util.OpenIntToDoubleHashMap$Iterator:advance:()V#569#37 prob_bp = 0.50000000000000000000
org.apache.commons.math3.util.OpenIntToDoubleHashMap$Iterator:advance:()V#569#49 prob_bp = 0.50000000000000000000
org.apache.commons.math3.util.OpenIntToDoubleHashMap$Iterator:hasNext:()Z#515#0 prob_bp = 0.50000000000000000000
org.apache.commons.math3.linear.OpenMapRealVector:ebeDivide:(Lorg/apache/commons/math3/linear/RealVector;)Lorg/apache/commons/math3/linear/OpenMapRealVector;#350#29 prob_bp = 0.50000000000000000000
org.apache.commons.math3.linear.OpenMapRealVector:ebeDivide:(Lorg/apache/commons/math3/linear/RealVector;)Lorg/apache/commons/math3/linear/OpenMapRealVector;#351#33 prob_bp = 0.50000000000000000000
org.apache.commons.math3.linear.OpenMapRealVector:ebeDivide:(Lorg/apache/commons/math3/linear/RealVector;)Lorg/apache/commons/math3/linear/OpenMapRealVector;#352#38 prob_bp = 0.50000000000000000000
org.apache.commons.math3.util.OpenIntToDoubleHashMap:access$200:(Lorg/apache/commons/math3/util/OpenIntToDoubleHashMap;)[I#37#0 prob_bp = 0.50000000000000000000
org.apache.commons.math3.util.OpenIntToDoubleHashMap:access$200:(Lorg/apache/commons/math3/util/OpenIntToDoubleHashMap;)[I#37#4 prob_bp = 0.50000000000000000000
org.apache.commons.math3.linear.OpenMapRealVector:ebeDivide:(Lorg/apache/commons/math3/linear/RealVector;)Lorg/apache/commons/math3/linear/OpenMapRealVector;#352#41 prob_bp = 0.50000000000000000000
org.apache.commons.math3.util.OpenIntToDoubleHashMap$Iterator:value:()D#543#0 prob_bp = 0.50000000000000000000
org.apache.commons.math3.util.OpenIntToDoubleHashMap$Iterator:value:()D#543#4 prob_bp = 0.50000000000000000000
org.apache.commons.math3.util.OpenIntToDoubleHashMap$Iterator:value:()D#543#11 prob_bp = 0.50000000000000000000
org.apache.commons.math3.util.OpenIntToDoubleHashMap$Iterator:value:()D#549#41 prob_bp = 0.50000000000000000000
org.apache.commons.math3.util.OpenIntToDoubleHashMap:access$300:(Lorg/apache/commons/math3/util/OpenIntToDoubleHashMap;)[D#37#0 prob_bp = 0.50000000000000000000
org.apache.commons.math3.util.OpenIntToDoubleHashMap:access$300:(Lorg/apache/commons/math3/util/OpenIntToDoubleHashMap;)[D#37#4 prob_bp = 0.50000000000000000000
org.apache.commons.math3.linear.OpenMapRealVector:ebeDivide:(Lorg/apache/commons/math3/linear/RealVector;)Lorg/apache/commons/math3/linear/OpenMapRealVector;#352#45 prob_bp = 0.50000000000000000000
org.apache.commons.math3.linear.OpenMapRealVector:ebeDivide:(Lorg/apache/commons/math3/linear/RealVector;)Lorg/apache/commons/math3/linear/OpenMapRealVector;#352#46 prob_bp = 0.50000000000000000000
org.apache.commons.math3.linear.SparseRealVectorTest$SparseRealVectorTestImpl:getEntry:(I)D#195#1 prob_bp = 0.50000000000000000000
org.apache.commons.math3.linear.SparseRealVectorTest$SparseRealVectorTestImpl:getEntry:(I)D#195#6 prob_bp = 0.50000000000000000000
org.apache.commons.math3.linear.OpenMapRealVector:ebeDivide:(Lorg/apache/commons/math3/linear/RealVector;)Lorg/apache/commons/math3/linear/OpenMapRealVector;#352#53 prob_bp = 0.50000000000000000000
org.apache.commons.math3.linear.OpenMapRealVector:setEntry:(ID)V#588#0 prob_bp = 0.50000000000000000000
org.apache.commons.math3.linear.OpenMapRealVector:setEntry:(ID)V#588#1 prob_bp = 0.50000000000000000000
org.apache.commons.math3.linear.OpenMapRealVector:setEntry:(ID)V#589#5 prob_bp = 0.50000000000000000000
org.apache.commons.math3.util.OpenIntToDoubleHashMap:changeIndexSign:(I)I#332#0 prob_bp = 0.50000000000000000000
org.apache.commons.math3.util.OpenIntToDoubleHashMap:changeIndexSign:(I)I#332#1 prob_bp = 0.50000000000000000000
org.apache.commons.math3.util.OpenIntToDoubleHashMap:put:(ID)D#411#21 prob_bp = 0.50000000000000000000
org.apache.commons.math3.linear.OpenMapRealVector:setEntry:(ID)V#591#27 prob_bp = 0.50000000000000000000
org.apache.commons.math3.linear.OpenMapRealVector:setEntry:(ID)V#591#30 prob_bp = 0.50000000000000000000
org.apache.commons.math3.linear.OpenMapRealVector:setEntry:(ID)V#591#31 prob_bp = 0.50000000000000000000
org.apache.commons.math3.util.OpenIntToDoubleHashMap:containsKey:(I)Z#207#0 prob_bp = 0.50000000000000000000
org.apache.commons.math3.util.OpenIntToDoubleHashMap:containsKey:(I)Z#207#1 prob_bp = 0.50000000000000000000
org.apache.commons.math3.util.OpenIntToDoubleHashMap:containsKey:(I)Z#208#6 prob_bp = 0.50000000000000000000
org.apache.commons.math3.util.OpenIntToDoubleHashMap:containsKey:(I)Z#208#7 prob_bp = 0.50000000000000000000
org.apache.commons.math3.util.OpenIntToDoubleHashMap:containsKey:(I)Z#208#10 prob_bp = 0.50000000000000000000
org.apache.commons.math3.util.OpenIntToDoubleHashMap:containsKey:(I)Z#209#12 prob_bp = 0.50000000000000000000
org.apache.commons.math3.util.OpenIntToDoubleHashMap:containsKey:(I)Z#209#13 prob_bp = 0.50000000000000000000
org.apache.commons.math3.util.OpenIntToDoubleHashMap:containsKey:(I)Z#209#14 prob_bp = 0.50000000000000000000
org.apache.commons.math3.util.OpenIntToDoubleHashMap:containsKey:(II)Z#382#19 prob_bp = 0.50000000000000000000
org.apache.commons.math3.util.OpenIntToDoubleHashMap:containsKey:(I)Z#210#21 prob_bp = 0.50000000000000000000
org.apache.commons.math3.linear.OpenMapRealVector:setEntry:(ID)V#592#41 prob_bp = 0.50000000000000000000
org.apache.commons.math3.linear.OpenMapRealVector:setEntry:(ID)V#592#42 prob_bp = 0.50000000000000000000
org.apache.commons.math3.util.OpenIntToDoubleHashMap:remove:(I)D#351#0 prob_bp = 0.50000000000000000000
org.apache.commons.math3.util.OpenIntToDoubleHashMap:remove:(I)D#352#7 prob_bp = 0.50000000000000000000
org.apache.commons.math3.util.OpenIntToDoubleHashMap:remove:(I)D#353#13 prob_bp = 0.50000000000000000000
org.apache.commons.math3.util.OpenIntToDoubleHashMap:remove:(I)D#354#21 prob_bp = 0.50000000000000000000
org.apache.commons.math3.util.OpenIntToDoubleHashMap:remove:(I)D#354#23 prob_bp = 0.50000000000000000000
org.apache.commons.math3.util.OpenIntToDoubleHashMap:doRemove:(I)D#394#21 prob_bp = 0.50000000000000000000
org.apache.commons.math3.util.OpenIntToDoubleHashMap:doRemove:(I)D#394#22 prob_bp = 0.50000000000000000000
org.apache.commons.math3.util.OpenIntToDoubleHashMap:doRemove:(I)D#394#25 prob_bp = 0.50000000000000000000
org.apache.commons.math3.util.OpenIntToDoubleHashMap:doRemove:(I)D#394#26 prob_bp = 0.50000000000000000000
org.apache.commons.math3.util.OpenIntToDoubleHashMap$Iterator:advance:()V#574#67 prob_bp = 0.50000000000000000000
org.apache.commons.math3.util.OpenIntToDoubleHashMap:get:(I)D#178#6 prob_bp = 0.50000000000000000000
org.apache.commons.math3.util.OpenIntToDoubleHashMap:get:(I)D#179#12 prob_bp = 0.50000000000000000000
org.apache.commons.math3.util.OpenIntToDoubleHashMap:containsKey:(II)Z#382#4 prob_bp = 0.50000000000000000000
org.apache.commons.math3.linear.OpenMapRealVector:ebeMultiply:(Lorg/apache/commons/math3/linear/RealVector;)Lorg/apache/commons/math3/linear/RealVector;#34#0 prob_bp = 0.50000000000000000000
org.apache.commons.math3.linear.OpenMapRealVector:ebeMultiply:(Lorg/apache/commons/math3/linear/RealVector;)Lorg/apache/commons/math3/linear/OpenMapRealVector;#360#0 prob_bp = 0.50000000000000000000
org.apache.commons.math3.linear.OpenMapRealVector:ebeMultiply:(Lorg/apache/commons/math3/linear/RealVector;)Lorg/apache/commons/math3/linear/OpenMapRealVector;#360#1 prob_bp = 0.50000000000000000000
org.apache.commons.math3.linear.OpenMapRealVector:ebeMultiply:(Lorg/apache/commons/math3/linear/RealVector;)Lorg/apache/commons/math3/linear/OpenMapRealVector;#360#2 prob_bp = 0.50000000000000000000
org.apache.commons.math3.linear.OpenMapRealVector:ebeMultiply:(Lorg/apache/commons/math3/linear/RealVector;)Lorg/apache/commons/math3/linear/OpenMapRealVector;#362#17 prob_bp = 0.50000000000000000000
org.apache.commons.math3.linear.OpenMapRealVector:ebeMultiply:(Lorg/apache/commons/math3/linear/RealVector;)Lorg/apache/commons/math3/linear/OpenMapRealVector;#362#21 prob_bp = 0.50000000000000000000
org.apache.commons.math3.linear.OpenMapRealVector:ebeMultiply:(Lorg/apache/commons/math3/linear/RealVector;)Lorg/apache/commons/math3/linear/OpenMapRealVector;#363#25 prob_bp = 0.50000000000000000000
org.apache.commons.math3.linear.OpenMapRealVector:ebeMultiply:(Lorg/apache/commons/math3/linear/RealVector;)Lorg/apache/commons/math3/linear/OpenMapRealVector;#365#36 prob_bp = 0.50000000000000000000
org.apache.commons.math3.linear.OpenMapRealVector:ebeMultiply:(Lorg/apache/commons/math3/linear/RealVector;)Lorg/apache/commons/math3/linear/OpenMapRealVector;#365#37 prob_bp = 0.50000000000000000000
org.apache.commons.math3.linear.OpenMapRealVector:ebeMultiply:(Lorg/apache/commons/math3/linear/RealVector;)Lorg/apache/commons/math3/linear/OpenMapRealVector;#365#38 prob_bp = 0.50000000000000000000
org.apache.commons.math3.linear.OpenMapRealVector:ebeMultiply:(Lorg/apache/commons/math3/linear/RealVector;)Lorg/apache/commons/math3/linear/OpenMapRealVector;#365#46 prob_bp = 0.50000000000000000000
org.apache.commons.math3.linear.OpenMapRealVector:ebeMultiply:(Lorg/apache/commons/math3/linear/RealVector;)Lorg/apache/commons/math3/linear/OpenMapRealVector;#365#47 prob_bp = 0.50000000000000000000
org.apache.commons.math3.util.OpenIntToDoubleHashMap:get:(I)D#180#21 prob_bp = 0.50000000000000000000
org.apache.commons.math3.util.OpenIntToDoubleHashMap:get:(I)D#180#22 prob_bp = 0.50000000000000000000
org.apache.commons.math3.util.OpenIntToDoubleHashMap:get:(I)D#180#25 prob_bp = 0.50000000000000000000
org.apache.commons.math3.util.OpenIntToDoubleHashMap:get:(I)D#180#27 prob_bp = 0.50000000000000000000
org.apache.commons.math3.linear.OpenMapRealVector:<init>:([D)V#123#2 prob_bp = 0.50000000000000010000
org.apache.commons.math3.util.OpenIntToDoubleHashMap:computeCapacity:(I)I#153#8 prob_bp = 0.50000000000000010000
org.apache.commons.math3.util.FastMath:floor:(D)D#3338#17 prob_bp = 0.50000000000000010000
org.apache.commons.math3.util.FastMath:floor:(D)D#3342#27 prob_bp = 0.50000000000000010000
org.apache.commons.math3.util.FastMath:floor:(D)D#3343#32 prob_bp = 0.50000000000000010000
org.apache.commons.math3.linear.OpenMapRealVector:<init>:([DD)V#136#23 prob_bp = 0.50000000000000010000
org.apache.commons.math3.linear.OpenMapRealVector:<init>:([DD)V#137#34 prob_bp = 0.50000000000000010000
org.apache.commons.math3.linear.OpenMapRealVector:<init>:([DD)V#139#43 prob_bp = 0.50000000000000010000
org.apache.commons.math3.linear.OpenMapRealVector:isDefaultValue:(D)Z#220#12 prob_bp = 0.50000000000000010000
org.apache.commons.math3.linear.OpenMapRealVector:<init>:([DD)V#140#58 prob_bp = 0.50000000000000010000
org.apache.commons.math3.util.OpenIntToDoubleHashMap:findInsertionIndex:([I[BII)I#269#0 prob_bp = 0.50000000000000010000
org.apache.commons.math3.util.OpenIntToDoubleHashMap:findInsertionIndex:([I[BII)I#270#6 prob_bp = 0.50000000000000010000
org.apache.commons.math3.util.OpenIntToDoubleHashMap:findInsertionIndex:([I[BII)I#271#12 prob_bp = 0.50000000000000010000
org.apache.commons.math3.util.OpenIntToDoubleHashMap:findInsertionIndex:(I)I#256#16 prob_bp = 0.50000000000000010000
org.apache.commons.math3.util.OpenIntToDoubleHashMap:put:(ID)D#407#5 prob_bp = 0.50000000000000010000
org.apache.commons.math3.util.OpenIntToDoubleHashMap:put:(ID)D#418#64 prob_bp = 0.50000000000000010000
org.apache.commons.math3.util.OpenIntToDoubleHashMap:put:(ID)D#419#74 prob_bp = 0.50000000000000010000
org.apache.commons.math3.util.OpenIntToDoubleHashMap:put:(ID)D#419#75 prob_bp = 0.50000000000000010000
org.apache.commons.math3.util.OpenIntToDoubleHashMap:shouldGrowTable:()Z#466#14 prob_bp = 0.50000000000000010000
org.apache.commons.math3.util.OpenIntToDoubleHashMap:put:(ID)D#421#87 prob_bp = 0.50000000000000010000
org.apache.commons.math3.util.OpenIntToDoubleHashMap:growTable:()V#434#4 prob_bp = 0.50000000000000010000
org.apache.commons.math3.util.OpenIntToDoubleHashMap:growTable:()V#435#10 prob_bp = 0.50000000000000010000
org.apache.commons.math3.util.OpenIntToDoubleHashMap:growTable:()V#436#15 prob_bp = 0.50000000000000010000
org.apache.commons.math3.util.OpenIntToDoubleHashMap:growTable:()V#437#20 prob_bp = 0.50000000000000010000
org.apache.commons.math3.util.OpenIntToDoubleHashMap:growTable:()V#443#48 prob_bp = 0.50000000000000010000
org.apache.commons.math3.util.OpenIntToDoubleHashMap:growTable:()V#444#54 prob_bp = 0.50000000000000010000
org.apache.commons.math3.util.OpenIntToDoubleHashMap:growTable:()V#445#66 prob_bp = 0.50000000000000010000
org.apache.commons.math3.util.OpenIntToDoubleHashMap:growTable:()V#446#69 prob_bp = 0.50000000000000010000
org.apache.commons.math3.util.OpenIntToDoubleHashMap:growTable:()V#446#70 prob_bp = 0.50000000000000010000
org.apache.commons.math3.util.OpenIntToDoubleHashMap:growTable:()V#447#81 prob_bp = 0.50000000000000010000
org.apache.commons.math3.util.OpenIntToDoubleHashMap:growTable:()V#448#90 prob_bp = 0.50000000000000010000
org.apache.commons.math3.util.OpenIntToDoubleHashMap:growTable:()V#449#97 prob_bp = 0.50000000000000010000
org.apache.commons.math3.util.OpenIntToDoubleHashMap:growTable:()V#449#99 prob_bp = 0.50000000000000010000
org.apache.commons.math3.util.OpenIntToDoubleHashMap:growTable:()V#449#103 prob_bp = 0.50000000000000010000
org.apache.commons.math3.util.OpenIntToDoubleHashMap:growTable:()V#450#106 prob_bp = 0.50000000000000010000
org.apache.commons.math3.util.OpenIntToDoubleHashMap:growTable:()V#454#116 prob_bp = 0.50000000000000010000
org.apache.commons.math3.util.OpenIntToDoubleHashMap:growTable:()V#455#122 prob_bp = 0.50000000000000010000
org.apache.commons.math3.util.OpenIntToDoubleHashMap:growTable:()V#456#128 prob_bp = 0.50000000000000010000
org.apache.commons.math3.util.OpenIntToDoubleHashMap:growTable:()V#457#134 prob_bp = 0.50000000000000010000
org.apache.commons.math3.util.OpenIntToDoubleHashMap:findInsertionIndex:([I[BII)I#273#26 prob_bp = 0.50000000000000010000
org.apache.commons.math3.util.OpenIntToDoubleHashMap:findInsertionIndex:([I[BII)I#273#33 prob_bp = 0.50000000000000010000
org.apache.commons.math3.util.OpenIntToDoubleHashMap:iterator:()Lorg/apache/commons/math3/util/OpenIntToDoubleHashMap$Iterator;#238#6 prob_bp = 0.50000000000000010000
org.apache.commons.math3.util.OpenIntToDoubleHashMap$Iterator:<init>:(Lorg/apache/commons/math3/util/OpenIntToDoubleHashMap;Lorg/apache/commons/math3/util/OpenIntToDoubleHashMap$1;)V#481#1 prob_bp = 0.50000000000000010000
org.apache.commons.math3.util.OpenIntToDoubleHashMap:access$100:(Lorg/apache/commons/math3/util/OpenIntToDoubleHashMap;)I#37#1 prob_bp = 0.50000000000000010000
org.apache.commons.math3.util.OpenIntToDoubleHashMap$Iterator:<init>:(Lorg/apache/commons/math3/util/OpenIntToDoubleHashMap;)V#501#18 prob_bp = 0.50000000000000010000
org.apache.commons.math3.util.OpenIntToDoubleHashMap$Iterator:advance:()V#565#24 prob_bp = 0.50000000000000010000
org.apache.commons.math3.linear.OpenMapRealVector:ebeDivide:(Lorg/apache/commons/math3/linear/RealVector;)Lorg/apache/commons/math3/linear/OpenMapRealVector;#350#26 prob_bp = 0.50000000000000010000
org.apache.commons.math3.util.OpenIntToDoubleHashMap$Iterator:hasNext:()Z#515#1 prob_bp = 0.50000000000000010000
org.apache.commons.math3.linear.OpenMapRealVector:ebeDivide:(Lorg/apache/commons/math3/linear/RealVector;)Lorg/apache/commons/math3/linear/OpenMapRealVector;#352#36 prob_bp = 0.50000000000000010000
org.apache.commons.math3.util.OpenIntToDoubleHashMap$Iterator:key:()I#526#8 prob_bp = 0.50000000000000010000
org.apache.commons.math3.util.OpenIntToDoubleHashMap$Iterator:key:()I#532#45 prob_bp = 0.50000000000000010000
org.apache.commons.math3.util.OpenIntToDoubleHashMap$Iterator:key:()I#532#48 prob_bp = 0.50000000000000010000
org.apache.commons.math3.util.OpenIntToDoubleHashMap:access$300:(Lorg/apache/commons/math3/util/OpenIntToDoubleHashMap;)[D#37#1 prob_bp = 0.50000000000000010000
org.apache.commons.math3.util.OpenIntToDoubleHashMap$Iterator:value:()D#549#45 prob_bp = 0.50000000000000010000
org.apache.commons.math3.util.OpenIntToDoubleHashMap:findInsertionIndex:([I[BII)I#274#43 prob_bp = 0.50000000000000010000
org.apache.commons.math3.linear.OpenMapRealVector:setEntry:(ID)V#592#38 prob_bp = 0.50000000000000010000
org.apache.commons.math3.util.OpenIntToDoubleHashMap:remove:(I)D#353#18 prob_bp = 0.50000000000000010000
org.apache.commons.math3.util.OpenIntToDoubleHashMap:remove:(I)D#354#22 prob_bp = 0.50000000000000010000
org.apache.commons.math3.util.OpenIntToDoubleHashMap$Iterator:advance:()V#574#70 prob_bp = 0.50000000000000010000
org.apache.commons.math3.util.OpenIntToDoubleHashMap:get:(I)D#177#0 prob_bp = 0.50000000000000010000
org.apache.commons.math3.linear.OpenMapRealVector:ebeMultiply:(Lorg/apache/commons/math3/linear/RealVector;)Lorg/apache/commons/math3/linear/OpenMapRealVector;#362#18 prob_bp = 0.50000000000000010000
org.apache.commons.math3.linear.OpenMapRealVector:ebeMultiply:(Lorg/apache/commons/math3/linear/RealVector;)Lorg/apache/commons/math3/linear/OpenMapRealVector;#364#33 prob_bp = 0.50000000000000010000
org.apache.commons.math3.linear.OpenMapRealVector:ebeMultiply:(Lorg/apache/commons/math3/linear/RealVector;)Lorg/apache/commons/math3/linear/OpenMapRealVector;#365#42 prob_bp = 0.50000000000000010000
org.apache.commons.math3.util.OpenIntToDoubleHashMap:findInsertionIndex:(I)I#256#5 prob_bp = 0.50000000000000020000
org.apache.commons.math3.util.OpenIntToDoubleHashMap:findInsertionIndex:([I[BII)I#270#9 prob_bp = 0.50000000000000020000
org.apache.commons.math3.util.OpenIntToDoubleHashMap:shouldGrowTable:()Z#466#24 prob_bp = 0.50000000000000020000
org.apache.commons.math3.linear.OpenMapRealVector:ebeDivide:(Lorg/apache/commons/math3/linear/RealVector;)Lorg/apache/commons/math3/linear/OpenMapRealVector;#349#24 prob_bp = 0.50000000000000020000
org.apache.commons.math3.linear.OpenMapRealVector:ebeDivide:(Lorg/apache/commons/math3/linear/RealVector;)Lorg/apache/commons/math3/linear/OpenMapRealVector;#350#25 prob_bp = 0.50000000000000020000
org.apache.commons.math3.linear.SparseRealVectorTest$SparseRealVectorTestImpl:getEntry:(I)D#195#0 prob_bp = 0.50000000000000020000
org.apache.commons.math3.util.OpenIntToDoubleHashMap:containsKey:(I)Z#208#5 prob_bp = 0.50000000000000020000
org.apache.commons.math3.util.OpenIntToDoubleHashMap:containsKey:(I)Z#209#15 prob_bp = 0.50000000000000020000
org.apache.commons.math3.linear.OpenMapRealVector:ebeMultiply:(Lorg/apache/commons/math3/linear/RealVector;)Lorg/apache/commons/math3/linear/OpenMapRealVector;#361#16 prob_bp = 0.50000000000000020000
org.apache.commons.math3.linear.OpenMapRealVector:ebeMultiply:(Lorg/apache/commons/math3/linear/RealVector;)Lorg/apache/commons/math3/linear/OpenMapRealVector;#362#24 prob_bp = 0.50000000000000020000
org.apache.commons.math3.util.FastMath:ceil:(D)D#3365#9 prob_bp = 0.50000000000000030000
org.apache.commons.math3.util.FastMath:floor:(D)D#3338#20 prob_bp = 0.50000000000000030000
org.apache.commons.math3.util.FastMath:floor:(D)D#3343#32#unexe#2 prob_bp = 0.50000000000000030000
org.apache.commons.math3.linear.OpenMapRealVector:<init>:([DD)V#138#37 prob_bp = 0.50000000000000030000
org.apache.commons.math3.util.FastMath:abs:(D)D#3020#3 prob_bp = 0.50000000000000030000
org.apache.commons.math3.util.FastMath:abs:(D)D#3020#11 prob_bp = 0.50000000000000030000
org.apache.commons.math3.linear.OpenMapRealVector:isDefaultValue:(D)Z#220#9 prob_bp = 0.50000000000000030000
org.apache.commons.math3.linear.OpenMapRealVector:<init>:([DD)V#140#52 prob_bp = 0.50000000000000030000
org.apache.commons.math3.linear.OpenMapRealVector:<init>:([DD)V#140#53 prob_bp = 0.50000000000000030000
org.apache.commons.math3.util.OpenIntToDoubleHashMap:findInsertionIndex:(I)I#256#1 prob_bp = 0.50000000000000030000
org.apache.commons.math3.util.OpenIntToDoubleHashMap:hashOf:(I)I#476#13 prob_bp = 0.50000000000000030000
org.apache.commons.math3.util.OpenIntToDoubleHashMap:findInsertionIndex:([I[BII)I#271#13 prob_bp = 0.50000000000000030000
org.apache.commons.math3.util.OpenIntToDoubleHashMap:put:(ID)D#417#56 prob_bp = 0.50000000000000030000
org.apache.commons.math3.util.OpenIntToDoubleHashMap:put:(ID)D#419#70 prob_bp = 0.50000000000000030000
org.apache.commons.math3.util.OpenIntToDoubleHashMap:put:(ID)D#420#80 prob_bp = 0.50000000000000030000
org.apache.commons.math3.util.OpenIntToDoubleHashMap:shouldGrowTable:()Z#466#1 prob_bp = 0.50000000000000030000
org.apache.commons.math3.util.OpenIntToDoubleHashMap:shouldGrowTable:()Z#466#12 prob_bp = 0.50000000000000030000
org.apache.commons.math3.util.OpenIntToDoubleHashMap:put:(ID)D#423#90 prob_bp = 0.50000000000000030000
org.apache.commons.math3.util.OpenIntToDoubleHashMap:put:(ID)D#423#91 prob_bp = 0.50000000000000030000
org.apache.commons.math3.util.OpenIntToDoubleHashMap:growTable:()V#443#49 prob_bp = 0.50000000000000030000
org.apache.commons.math3.util.OpenIntToDoubleHashMap:growTable:()V#444#51 prob_bp = 0.50000000000000030000
org.apache.commons.math3.util.OpenIntToDoubleHashMap:growTable:()V#444#52 prob_bp = 0.50000000000000030000
org.apache.commons.math3.util.OpenIntToDoubleHashMap:growTable:()V#444#57 prob_bp = 0.50000000000000030000
org.apache.commons.math3.util.OpenIntToDoubleHashMap:growTable:()V#445#64 prob_bp = 0.50000000000000030000
org.apache.commons.math3.util.OpenIntToDoubleHashMap:growTable:()V#448#88 prob_bp = 0.50000000000000030000
org.apache.commons.math3.util.OpenIntToDoubleHashMap:growTable:()V#449#95 prob_bp = 0.50000000000000030000
org.apache.commons.math3.util.OpenIntToDoubleHashMap:growTable:()V#450#104 prob_bp = 0.50000000000000030000
org.apache.commons.math3.util.OpenIntToDoubleHashMap:perturb:(I)I#247#0 prob_bp = 0.50000000000000030000
org.apache.commons.math3.util.OpenIntToDoubleHashMap:findInsertionIndex:([I[BII)I#291#106 prob_bp = 0.50000000000000030000
org.apache.commons.math3.util.OpenIntToDoubleHashMap$Iterator:advance:()V#565#23 prob_bp = 0.50000000000000030000
org.apache.commons.math3.util.OpenIntToDoubleHashMap$Iterator:advance:()V#569#50 prob_bp = 0.50000000000000030000
org.apache.commons.math3.linear.OpenMapRealVector:setEntry:(ID)V#590#13 prob_bp = 0.50000000000000030000
org.apache.commons.math3.util.OpenIntToDoubleHashMap:remove:(I)D#353#14 prob_bp = 0.50000000000000030000
org.apache.commons.math3.linear.OpenMapRealVector:ebeMultiply:(Lorg/apache/commons/math3/linear/RealVector;)Lorg/apache/commons/math3/linear/OpenMapRealVector;#365#54 prob_bp = 0.50000000000000030000
org.apache.commons.math3.linear.OpenMapRealVector:<init>:([DD)V#137#33 prob_bp = 0.50000000000000040000
org.apache.commons.math3.util.FastMath:abs:(D)D#3020#2 prob_bp = 0.50000000000000040000
org.apache.commons.math3.util.FastMath:abs:(D)D#3020#22 prob_bp = 0.50000000000000040000
org.apache.commons.math3.util.OpenIntToDoubleHashMap:growTable:()V#445#62 prob_bp = 0.50000000000000040000
org.apache.commons.math3.util.OpenIntToDoubleHashMap:growTable:()V#446#72 prob_bp = 0.50000000000000040000
org.apache.commons.math3.linear.OpenMapRealVector:ebeDivide:(Lorg/apache/commons/math3/linear/RealVector;)Lorg/apache/commons/math3/linear/OpenMapRealVector;#352#42 prob_bp = 0.50000000000000040000
org.apache.commons.math3.linear.OpenMapRealVector:ebeDivide:(Lorg/apache/commons/math3/linear/RealVector;)Lorg/apache/commons/math3/linear/OpenMapRealVector;#352#47 prob_bp = 0.50000000000000040000
org.apache.commons.math3.linear.OpenMapRealVector:setEntry:(ID)V#590#17 prob_bp = 0.50000000000000040000
org.apache.commons.math3.linear.OpenMapRealVector:setEntry:(ID)V#591#26 prob_bp = 0.50000000000000040000
org.apache.commons.math3.util.OpenIntToDoubleHashMap:containsKey:(I)Z#207#4 prob_bp = 0.50000000000000040000
org.apache.commons.math3.util.OpenIntToDoubleHashMap:remove:(I)D#351#1 prob_bp = 0.50000000000000040000
org.apache.commons.math3.util.OpenIntToDoubleHashMap:remove:(I)D#353#15 prob_bp = 0.50000000000000040000
org.apache.commons.math3.linear.OpenMapRealVector:<init>:([DD)V#138#38 prob_bp = 0.50000000000000060000
org.apache.commons.math3.linear.OpenMapRealVector:<init>:([DD)V#139#46 prob_bp = 0.50000000000000060000
org.apache.commons.math3.util.OpenIntToDoubleHashMap:put:(ID)D#407#1 prob_bp = 0.50000000000000060000
org.apache.commons.math3.util.OpenIntToDoubleHashMap:hashOf:(I)I#476#20 prob_bp = 0.50000000000000060000
org.apache.commons.math3.util.OpenIntToDoubleHashMap:findInsertionIndex:([I[BII)I#272#19 prob_bp = 0.50000000000000060000
org.apache.commons.math3.util.OpenIntToDoubleHashMap:put:(ID)D#419#69 prob_bp = 0.50000000000000060000
org.apache.commons.math3.util.OpenIntToDoubleHashMap:put:(ID)D#419#71 prob_bp = 0.50000000000000060000
org.apache.commons.math3.util.OpenIntToDoubleHashMap:shouldGrowTable:()Z#466#6 prob_bp = 0.50000000000000060000
org.apache.commons.math3.util.OpenIntToDoubleHashMap:growTable:()V#444#110 prob_bp = 0.50000000000000060000
org.apache.commons.math3.util.OpenIntToDoubleHashMap:growTable:()V#446#73 prob_bp = 0.50000000000000060000
org.apache.commons.math3.util.OpenIntToDoubleHashMap:growTable:()V#450#108 prob_bp = 0.50000000000000060000
org.apache.commons.math3.util.OpenIntToDoubleHashMap:iterator:()Lorg/apache/commons/math3/util/OpenIntToDoubleHashMap$Iterator;#238#9 prob_bp = 0.50000000000000060000
org.apache.commons.math3.util.OpenIntToDoubleHashMap$Iterator:value:()D#543#1 prob_bp = 0.50000000000000060000
org.apache.commons.math3.linear.OpenMapRealVector:ebeMultiply:(Lorg/apache/commons/math3/linear/RealVector;)Lorg/apache/commons/math3/linear/OpenMapRealVector;#364#32 prob_bp = 0.50000000000000060000
org.apache.commons.math3.linear.OpenMapRealVector:<init>:([D)V#123#1 prob_bp = 0.50000000000000070000
org.apache.commons.math3.util.OpenIntToDoubleHashMap:findInsertionIndex:([I[BII)I#269#1 prob_bp = 0.50000000000000070000
org.apache.commons.math3.util.OpenIntToDoubleHashMap:hashOf:(I)I#475#4 prob_bp = 0.50000000000000070000
org.apache.commons.math3.util.OpenIntToDoubleHashMap:hashOf:(I)I#475#8 prob_bp = 0.50000000000000070000
org.apache.commons.math3.util.OpenIntToDoubleHashMap:hashOf:(I)I#476#17 prob_bp = 0.50000000000000070000
org.apache.commons.math3.util.OpenIntToDoubleHashMap:findInsertionIndex:([I[BII)I#270#8 prob_bp = 0.50000000000000070000
org.apache.commons.math3.util.OpenIntToDoubleHashMap:put:(ID)D#410#18 prob_bp = 0.50000000000000070000
org.apache.commons.math3.util.OpenIntToDoubleHashMap:put:(ID)D#419#76 prob_bp = 0.50000000000000070000
org.apache.commons.math3.util.OpenIntToDoubleHashMap:growTable:()V#448#94 prob_bp = 0.50000000000000070000
org.apache.commons.math3.util.OpenIntToDoubleHashMap:growTable:()V#449#102 prob_bp = 0.50000000000000070000
org.apache.commons.math3.util.OpenIntToDoubleHashMap$Iterator:advance:()V#569#34 prob_bp = 0.50000000000000070000
org.apache.commons.math3.linear.OpenMapRealVector:ebeDivide:(Lorg/apache/commons/math3/linear/RealVector;)Lorg/apache/commons/math3/linear/OpenMapRealVector;#352#37 prob_bp = 0.50000000000000070000
org.apache.commons.math3.util.OpenIntToDoubleHashMap:containsKey:(I)Z#208#11 prob_bp = 0.50000000000000070000
org.apache.commons.math3.linear.OpenMapRealVector:<init>:([DD)V#137#32 prob_bp = 0.50000000000000080000
org.apache.commons.math3.linear.OpenMapRealVector:<init>:([DD)V#137#64 prob_bp = 0.50000000000000080000
org.apache.commons.math3.linear.OpenMapRealVector:<init>:([DD)V#140#60 prob_bp = 0.50000000000000080000
org.apache.commons.math3.util.OpenIntToDoubleHashMap:hashOf:(I)I#476#18 prob_bp = 0.50000000000000080000
org.apache.commons.math3.util.OpenIntToDoubleHashMap:findInsertionIndex:([I[BII)I#271#15 prob_bp = 0.50000000000000080000
org.apache.commons.math3.util.OpenIntToDoubleHashMap:findInsertionIndex:([I[BII)I#272#21 prob_bp = 0.50000000000000080000
org.apache.commons.math3.util.OpenIntToDoubleHashMap:growTable:()V#447#83 prob_bp = 0.50000000000000080000
org.apache.commons.math3.util.OpenIntToDoubleHashMap:findInsertionIndex:([I[BII)I#273#34 prob_bp = 0.50000000000000080000
org.apache.commons.math3.util.OpenIntToDoubleHashMap:access$100:(Lorg/apache/commons/math3/util/OpenIntToDoubleHashMap;)I#37#0 prob_bp = 0.50000000000000080000
org.apache.commons.math3.util.OpenIntToDoubleHashMap:findInsertionIndex:([I[BII)I#274#38 prob_bp = 0.50000000000000080000
org.apache.commons.math3.util.OpenIntToDoubleHashMap:iterator:()Lorg/apache/commons/math3/util/OpenIntToDoubleHashMap$Iterator;#238#0 prob_bp = 0.50000000000000090000
org.apache.commons.math3.linear.OpenMapRealVector:<init>:([DD)V#138#40 prob_bp = 0.50000000000000100000
org.apache.commons.math3.linear.OpenMapRealVector:<init>:([DD)V#138#41 prob_bp = 0.50000000000000100000
org.apache.commons.math3.linear.OpenMapRealVector:isDefaultValue:(D)Z#220#4 prob_bp = 0.50000000000000100000
org.apache.commons.math3.util.OpenIntToDoubleHashMap:put:(ID)D#407#0 prob_bp = 0.50000000000000100000
org.apache.commons.math3.util.OpenIntToDoubleHashMap:put:(ID)D#420#79 prob_bp = 0.50000000000000100000
org.apache.commons.math3.util.OpenIntToDoubleHashMap:growTable:()V#445#65 prob_bp = 0.50000000000000100000
org.apache.commons.math3.util.OpenIntToDoubleHashMap$Iterator:hasNext:()Z#515#7 prob_bp = 0.50000000000000100000
org.apache.commons.math3.util.OpenIntToDoubleHashMap$Iterator:key:()I#526#5 prob_bp = 0.50000000000000100000
org.apache.commons.math3.linear.OpenMapRealVector:setEntry:(ID)V#590#14 prob_bp = 0.50000000000000100000
org.apache.commons.math3.util.OpenIntToDoubleHashMap:remove:(I)D#353#12 prob_bp = 0.50000000000000100000
org.apache.commons.math3.util.OpenIntToDoubleHashMap:remove:(I)D#352#5 prob_bp = 0.50000000000000110000
org.apache.commons.math3.linear.OpenMapRealVector:<init>:([DD)V#139#44 prob_bp = 0.50000000000000120000
org.apache.commons.math3.linear.OpenMapRealVector:<init>:([DD)V#140#56 prob_bp = 0.50000000000000120000
org.apache.commons.math3.util.OpenIntToDoubleHashMap:put:(ID)D#407#2 prob_bp = 0.50000000000000120000
org.apache.commons.math3.util.OpenIntToDoubleHashMap:findInsertionIndex:([I[BII)I#269#4 prob_bp = 0.50000000000000120000
org.apache.commons.math3.util.OpenIntToDoubleHashMap:put:(ID)D#423#97 prob_bp = 0.50000000000000120000
org.apache.commons.math3.util.OpenIntToDoubleHashMap$Iterator:advance:()V#569#43 prob_bp = 0.50000000000000120000
org.apache.commons.math3.linear.OpenMapRealVector:setEntry:(ID)V#589#10 prob_bp = 0.50000000000000120000
org.apache.commons.math3.util.OpenIntToDoubleHashMap:findInsertionIndex:(I)I#256#10 prob_bp = 0.50000000000000130000
org.apache.commons.math3.util.OpenIntToDoubleHashMap:shouldGrowTable:()Z#466#9 prob_bp = 0.50000000000000130000
org.apache.commons.math3.util.OpenIntToDoubleHashMap:findInsertionIndex:([I[BII)I#273#31 prob_bp = 0.50000000000000130000
org.apache.commons.math3.util.OpenIntToDoubleHashMap:remove:(I)D#352#11 prob_bp = 0.50000000000000130000
org.apache.commons.math3.util.OpenIntToDoubleHashMap:changeIndexSign:(I)I#332#2 prob_bp = 0.50000000000000140000
org.apache.commons.math3.util.OpenIntToDoubleHashMap:get:(I)D#179#14 prob_bp = 0.50000000000000140000
org.apache.commons.math3.util.OpenIntToDoubleHashMap:findInsertionIndex:([I[BII)I#273#25 prob_bp = 0.50000000000000160000
org.apache.commons.math3.util.OpenIntToDoubleHashMap:findInsertionIndex:([I[BII)I#274#40 prob_bp = 0.50000000000000160000
org.apache.commons.math3.util.OpenIntToDoubleHashMap:containsKey:(II)Z#382#24 prob_bp = 0.50000000000000160000
org.apache.commons.math3.util.OpenIntToDoubleHashMap:remove:(I)D#352#6 prob_bp = 0.50000000000000160000
org.apache.commons.math3.linear.OpenMapRealVector:ebeMultiply:(Lorg/apache/commons/math3/linear/RealVector;)Lorg/apache/commons/math3/linear/OpenMapRealVector;#363#29 prob_bp = 0.50000000000000160000
org.apache.commons.math3.util.OpenIntToDoubleHashMap:hashOf:(I)I#476#16 prob_bp = 0.50000000000000170000
org.apache.commons.math3.util.OpenIntToDoubleHashMap:put:(ID)D#409#13 prob_bp = 0.50000000000000170000
org.apache.commons.math3.util.OpenIntToDoubleHashMap$Iterator:advance:()V#569#45 prob_bp = 0.50000000000000170000
org.apache.commons.math3.util.OpenIntToDoubleHashMap$Iterator:hasNext:()Z#515#12 prob_bp = 0.50000000000000170000
org.apache.commons.math3.util.OpenIntToDoubleHashMap$Iterator:value:()D#546#22 prob_bp = 0.50000000000000170000
org.apache.commons.math3.util.OpenIntToDoubleHashMap$Iterator:advance:()V#569#31 prob_bp = 0.50000000000000180000
org.apache.commons.math3.linear.OpenMapRealVector:setEntry:(ID)V#591#34 prob_bp = 0.50000000000000180000
org.apache.commons.math3.util.OpenIntToDoubleHashMap:hashOf:(I)I#475#0 prob_bp = 0.50000000000000190000
org.apache.commons.math3.util.OpenIntToDoubleHashMap:hashOf:(I)I#475#1 prob_bp = 0.50000000000000190000
org.apache.commons.math3.util.OpenIntToDoubleHashMap:hashOf:(I)I#475#5 prob_bp = 0.50000000000000190000
org.apache.commons.math3.util.OpenIntToDoubleHashMap:hashOf:(I)I#476#12 prob_bp = 0.50000000000000190000
org.apache.commons.math3.util.OpenIntToDoubleHashMap:hashOf:(I)I#476#14 prob_bp = 0.50000000000000190000
org.apache.commons.math3.util.OpenIntToDoubleHashMap:hashOf:(I)I#476#19 prob_bp = 0.50000000000000190000
org.apache.commons.math3.util.OpenIntToDoubleHashMap:put:(ID)D#409#14 prob_bp = 0.50000000000000190000
org.apache.commons.math3.util.OpenIntToDoubleHashMap:findInsertionIndex:([I[BII)I#273#35 prob_bp = 0.50000000000000190000
org.apache.commons.math3.util.OpenIntToDoubleHashMap$Iterator:advance:()V#560#4 prob_bp = 0.50000000000000190000
org.apache.commons.math3.util.OpenIntToDoubleHashMap:remove:(I)D#352#10 prob_bp = 0.50000000000000190000
org.apache.commons.math3.util.OpenIntToDoubleHashMap$Iterator:value:()D#549#37 prob_bp = 0.50000000000000200000
org.apache.commons.math3.util.OpenIntToDoubleHashMap:containsKey:(II)Z#382#15 prob_bp = 0.50000000000000200000
org.apache.commons.math3.util.OpenIntToDoubleHashMap$Iterator:advance:()V#560#11 prob_bp = 0.50000000000000210000
org.apache.commons.math3.util.OpenIntToDoubleHashMap$Iterator:key:()I#526#1 prob_bp = 0.50000000000000210000
org.apache.commons.math3.util.OpenIntToDoubleHashMap$Iterator:value:()D#543#5 prob_bp = 0.50000000000000210000
org.apache.commons.math3.util.OpenIntToDoubleHashMap$Iterator:value:()D#549#44 prob_bp = 0.50000000000000210000
org.apache.commons.math3.util.OpenIntToDoubleHashMap$Iterator:value:()D#549#49 prob_bp = 0.50000000000000210000
org.apache.commons.math3.linear.OpenMapRealVector:setEntry:(ID)V#589#6 prob_bp = 0.50000000000000210000
org.apache.commons.math3.util.OpenIntToDoubleHashMap:get:(I)D#177#1 prob_bp = 0.50000000000000210000
org.apache.commons.math3.util.OpenIntToDoubleHashMap:hashOf:(I)I#475#10 prob_bp = 0.50000000000000220000
org.apache.commons.math3.util.OpenIntToDoubleHashMap$Iterator:advance:()V#569#42 prob_bp = 0.50000000000000220000
org.apache.commons.math3.util.OpenIntToDoubleHashMap:hashOf:(I)I#475#2 prob_bp = 0.50000000000000230000
org.apache.commons.math3.util.OpenIntToDoubleHashMap:hashOf:(I)I#475#6 prob_bp = 0.50000000000000230000
org.apache.commons.math3.util.FastMath:abs:(D)D#3020#1 prob_bp = 0.50000000000000240000
org.apache.commons.math3.util.OpenIntToDoubleHashMap:put:(ID)D#417#57 prob_bp = 0.50000000000000240000
org.apache.commons.math3.util.FastMath:abs:(D)D#3020#17 prob_bp = 0.50000000000000260000
org.apache.commons.math3.linear.OpenMapRealVector:isDefaultValue:(D)Z#220#16 prob_bp = 0.50000000000000260000
org.apache.commons.math3.util.OpenIntToDoubleHashMap:findInsertionIndex:([I[BII)I#270#10 prob_bp = 0.50000000000000260000
org.apache.commons.math3.linear.OpenMapRealVector:isDefaultValue:(D)Z#220#17 prob_bp = 0.50000000000000270000
org.apache.commons.math3.util.OpenIntToDoubleHashMap$Iterator:hasNext:()Z#515#4 prob_bp = 0.50000000000000270000
org.apache.commons.math3.linear.OpenMapRealVector:isDefaultValue:(D)Z#220#5 prob_bp = 0.50000000000000290000
org.apache.commons.math3.util.FastMath:abs:(D)D#3020#12 prob_bp = 0.50000000000000310000
org.apache.commons.math3.util.OpenIntToDoubleHashMap$Iterator:advance:()V#569#39 prob_bp = 0.50000000000000310000
org.apache.commons.math3.util.OpenIntToDoubleHashMap$Iterator:key:()I#529#23 prob_bp = 0.50000000000000370000
org.apache.commons.math3.linear.OpenMapRealVector:isDefaultValue:(D)Z#220#0 prob_bp = 0.50000000000000390000
org.apache.commons.math3.util.OpenIntToDoubleHashMap$Iterator:advance:()V#560#5 prob_bp = 0.50000000000000390000
org.apache.commons.math3.linear.SparseRealVectorTest$SparseRealVectorTestImpl:getEntry:(I)D#195#5 prob_bp = 0.50000000000000390000
org.apache.commons.math3.util.OpenIntToDoubleHashMap:findInsertionIndex:(I)I#256#13 prob_bp = 0.50000000000000410000
org.apache.commons.math3.util.OpenIntToDoubleHashMap:access$100:(Lorg/apache/commons/math3/util/OpenIntToDoubleHashMap;)I#37#4 prob_bp = 0.50000000000000410000
org.apache.commons.math3.util.OpenIntToDoubleHashMap$Iterator:value:()D#549#38 prob_bp = 0.50000000000000430000
org.apache.commons.math3.util.OpenIntToDoubleHashMap$Iterator:advance:()V#565#27 prob_bp = 0.50000000000000610000
org.apache.commons.math3.util.OpenIntToDoubleHashMap:containsKey:(II)Z#382#18 prob_bp = 0.50000000000000640000
org.apache.commons.math3.util.OpenIntToDoubleHashMap$Iterator:key:()I#532#38 prob_bp = 0.50000000000000770000
org.apache.commons.math3.util.OpenIntToDoubleHashMap:hashOf:(I)I#475#11 prob_bp = 0.50000000000000780000
org.apache.commons.math3.linear.SparseRealVectorTest:create:([D)Lorg/apache/commons/math3/linear/RealVector;#263#0 prob_bp = 1.00000000000000000000
org.apache.commons.math3.linear.SparseRealVectorTest:create:([D)Lorg/apache/commons/math3/linear/RealVector;#263#3 prob_bp = 1.00000000000000000000
org.apache.commons.math3.linear.SparseRealVectorTest:create:([D)Lorg/apache/commons/math3/linear/RealVector;#263#4 prob_bp = 1.00000000000000000000
org.apache.commons.math3.linear.SparseRealVectorTest:create:([D)Lorg/apache/commons/math3/linear/RealVector;#263#5 prob_bp = 1.00000000000000000000
org.apache.commons.math3.linear.SparseRealVectorTest:createAlien:([D)Lorg/apache/commons/math3/linear/RealVector;#268#0 prob_bp = 1.00000000000000000000
org.apache.commons.math3.linear.SparseRealVectorTest:createAlien:([D)Lorg/apache/commons/math3/linear/RealVector;#268#3 prob_bp = 1.00000000000000000000
org.apache.commons.math3.linear.SparseRealVectorTest:createAlien:([D)Lorg/apache/commons/math3/linear/RealVector;#268#4 prob_bp = 1.00000000000000000000
org.apache.commons.math3.linear.SparseRealVectorTest:createAlien:([D)Lorg/apache/commons/math3/linear/RealVector;#268#5 prob_bp = 1.00000000000000000000
Belief propagation time : 10.006000s
