Belief propagation time: 64

Probabilities: 
Vars:323391
Stmts:5755
org.apache.commons.math.util.MathUtils:mulAndCheck:(II)I#749#19 prob_bp = 0.46118662830040610000
org.apache.commons.math.util.MathUtils:mulAndCheck:(II)I#749#11 prob_bp = 0.49567025797557906000
org.apache.commons.math.util.MathUtils:gcd:(II)I#542#9 prob_bp = 0.49903453977222040000
org.apache.commons.math.util.MathUtils:gcd:(II)I#542#8 prob_bp = 0.49960122472010390000
org.apache.commons.math.util.MathUtils:gcd:(II)I#541#3 prob_bp = 0.49974180510046060000
org.apache.commons.math.util.MathUtils:gcd:(II)I#541#2 prob_bp = 0.49977658301811045000
org.apache.commons.math.util.MathUtils:mulAndCheck:(II)I#749#18 prob_bp = 0.49996307253215166000
org.apache.commons.math.util.MathUtils:mulAndCheck:(II)I#749#15 prob_bp = 0.49996443185329700000
org.apache.commons.math.util.MathUtils:mulAndCheck:(II)I#749#14 prob_bp = 0.49999091453414690000
org.apache.commons.math.util.MathUtils:gcd:(II)I#542#5 prob_bp = 0.49999422327274360000
org.apache.commons.math.util.MathUtils:gcd:(II)I#564#76 prob_bp = 0.49999508761620926000
org.apache.commons.math.util.MathUtils:gcd:(II)I#564#74 prob_bp = 0.49999527774326070000
org.apache.commons.math.util.MathUtils:mulAndCheck:(II)I#749#10 prob_bp = 0.49999641796432740000
org.apache.commons.math.util.MathUtils:mulAndCheck:(II)I#749#7 prob_bp = 0.49999655811199356000
org.apache.commons.math.util.MathUtils:gcd:(II)I#542#4 prob_bp = 0.49999762000856860000
org.apache.commons.math.util.MathUtils:mulAndCheck:(II)I#748#5 prob_bp = 0.49999803176538780000
org.apache.commons.math.util.MathUtils:gcd:(II)I#540#1 prob_bp = 0.49999845988895825000
org.apache.commons.math.util.MathUtils:gcd:(II)I#564#72 prob_bp = 0.49999849518197054000
org.apache.commons.math.util.MathUtils:gcd:(II)I#540#0 prob_bp = 0.49999866755967780000
org.apache.commons.math.util.MathUtils:mulAndCheck:(II)I#749#6 prob_bp = 0.49999916094285060000
org.apache.commons.math.util.MathUtils:gcd:(II)I#558#42#unexe#4 prob_bp = 0.49999934039195654000
org.apache.commons.math.util.MathUtils:gcd:(II)I#558#48#unexe#4 prob_bp = 0.49999957699973120000
org.apache.commons.math.util.MathUtils:gcd:(II)I#557#37 prob_bp = 0.49999964789281050000
org.apache.commons.math.util.MathUtils:gcd:(II)I#557#36 prob_bp = 0.49999966152257900000
org.apache.commons.math.util.MathUtils:gcd:(II)I#558#42 prob_bp = 0.49999992058855390000
org.apache.commons.math.util.MathUtils:gcd:(II)I#558#48 prob_bp = 0.49999994777288176000
org.apache.commons.math.util.MathUtils:mulAndCheck:(II)I#748#4 prob_bp = 0.49999998604590190000
org.apache.commons.math.util.MathUtils:mulAndCheck:(II)I#748#1 prob_bp = 0.49999999286375310000
org.apache.commons.math.util.MathUtils:lcm:(II)I#713#18 prob_bp = 0.49999999382326910000
org.apache.commons.math.util.MathUtils:mulAndCheck:(II)I#748#0 prob_bp = 0.49999999453813810000
org.apache.commons.math.util.MathUtils:mulAndCheck:(II)I#748#3 prob_bp = 0.49999999586901206000
org.apache.commons.math.util.MathUtils:gcd:(II)I#558#55#unexe#4 prob_bp = 0.49999999589565813000
org.apache.commons.math.util.MathUtils:mulAndCheck:(II)I#748#2 prob_bp = 0.49999999828145364000
org.apache.commons.math.util.MathUtils:lcm:(II)I#713#17 prob_bp = 0.49999999901942460000
org.apache.commons.math.util.MathUtils:lcm:(II)I#713#13 prob_bp = 0.49999999919673280000
org.apache.commons.math.util.MathUtils:lcm:(II)I#713#12 prob_bp = 0.49999999930146743000
org.apache.commons.math.util.MathUtils:lcm:(II)I#710#5 prob_bp = 0.49999999988703920000
org.apache.commons.math.util.MathUtils:lcm:(II)I#710#1 prob_bp = 0.49999999990024097000
org.apache.commons.math.util.MathUtils:lcm:(II)I#710#4 prob_bp = 0.49999999990128174000
org.apache.commons.math.util.MathUtils:lcm:(II)I#710#0 prob_bp = 0.49999999991015490000
org.apache.commons.math.util.MathUtils:gcd:(II)I#558#41 prob_bp = 0.49999999993099414000
org.apache.commons.math.util.MathUtils:gcd:(II)I#558#40 prob_bp = 0.49999999993366480000
org.apache.commons.math.util.MathUtils:gcd:(II)I#558#47 prob_bp = 0.49999999994166294000
org.apache.commons.math.util.MathUtils:gcd:(II)I#558#46 prob_bp = 0.49999999994368544000
org.apache.commons.math.util.MathUtils:gcd:(II)I#562#66 prob_bp = 0.49999999998164920000
org.apache.commons.math.util.MathUtils:gcd:(II)I#558#39 prob_bp = 0.49999999998241750000
org.apache.commons.math.util.MathUtils:gcd:(II)I#558#45 prob_bp = 0.49999999998402284000
org.apache.commons.math.util.MathUtils:gcd:(II)I#558#55 prob_bp = 0.49999999998914070000
org.apache.commons.math.util.MathUtils:gcd:(II)I#558#53 prob_bp = 0.49999999998951167000
org.apache.commons.math.util.MathUtils:gcd:(II)I#558#51 prob_bp = 0.49999999999268074000
org.apache.commons.math.util.MathUtils:gcd:(II)I#550#23#unexe#2 prob_bp = 0.49999999999545150000
org.apache.commons.math.util.MathUtils:gcd:(II)I#553#30#unexe#3 prob_bp = 0.49999999999593230000
org.apache.commons.math.util.MathUtils:lcm:(II)I#713#11 prob_bp = 0.49999999999657220000
org.apache.commons.math.util.MathUtils:lcm:(II)I#713#16 prob_bp = 0.49999999999876205000
org.apache.commons.math.util.MathUtils:lcm:(II)I#713#10 prob_bp = 0.49999999999891810000
org.apache.commons.math.util.MathUtils:gcd:(II)I#554#35 prob_bp = 0.49999999999906470000
org.apache.commons.math.util.MathUtils:gcd:(II)I#560#61 prob_bp = 0.49999999999973680000
org.apache.commons.math.util.MathUtils:gcd:(II)I#591#170 prob_bp = 0.49999999999975520000
org.apache.commons.math.util.MathUtils:gcd:(II)I#554#34 prob_bp = 0.49999999999976360000
org.apache.commons.math.util.MathUtils:gcd:(II)I#561#65 prob_bp = 0.49999999999989230000
org.apache.commons.math.util.MathUtils:gcd:(II)I#551#28 prob_bp = 0.49999999999990646000
org.apache.commons.math.util.MathUtils:gcd:(II)I#554#33 prob_bp = 0.49999999999993777000
org.apache.commons.math.util.MathUtils:gcd:(II)I#551#27 prob_bp = 0.49999999999997320000
org.apache.commons.math.util.MathUtils:gcd:(II)I#553#30 prob_bp = 0.49999999999998140000
org.apache.commons.math.util.MathUtils:gcd:(II)I#550#23 prob_bp = 0.49999999999998357000
org.apache.commons.math.util.MathUtils:gcd:(II)I#551#26 prob_bp = 0.49999999999998850000
org.apache.commons.math.util.MathUtils:gcd:(II)I#550#22 prob_bp = 0.49999999999999550000
org.apache.commons.math.util.MathUtils:gcd:(II)I#553#29 prob_bp = 0.49999999999999567000
org.apache.commons.math.util.MathUtils:gcd:(II)I#591#169 prob_bp = 0.49999999999999906000
org.apache.commons.math.util.MathUtils:gcd:(II)I#571#116 prob_bp = 0.49999999999999970000
org.apache.commons.math.util.MathUtils:gcd:(II)I#584#148 prob_bp = 0.49999999999999983000
org.apache.commons.math.util.MathUtils:gcd:(II)I#591#163 prob_bp = 0.49999999999999983000
org.apache.commons.math.util.MathUtils:gcd:(II)I#560#58 prob_bp = 0.49999999999999990000
org.apache.commons.math.util.MathUtils:gcd:(II)I#561#64 prob_bp = 0.49999999999999990000
org.apache.commons.math.util.MathUtils:gcd:(II)I#581#138 prob_bp = 0.49999999999999994000
org.apache.commons.math.util.MathUtils:gcd:(II)I#591#166 prob_bp = 0.49999999999999994000
org.apache.commons.math.util.MathUtils:gcd:(II)I#558#48#unexe#2 prob_bp = 0.49999999999999994000
org.apache.commons.math.util.MathUtils:gcd:(II)I#582#143 prob_bp = 0.49999999999999994000
org.apache.commons.math.util.MathUtils:gcd:(II)I#558#55#unexe#2 prob_bp = 0.49999999999999994000
org.apache.commons.math.util.MathUtils:gcd:(II)I#558#55#unexe#3 prob_bp = 0.50000000000000000000
org.apache.commons.math.util.MathUtils:gcd:(II)I#571#103 prob_bp = 0.50000000000000010000
org.apache.commons.math.util.MathUtils:gcd:(II)I#571#118 prob_bp = 0.50000000000000010000
org.apache.commons.math.util.MathUtils:gcd:(II)I#558#48#unexe#3 prob_bp = 0.50000000000000010000
org.apache.commons.math.util.MathUtils:gcd:(II)I#582#144 prob_bp = 0.50000000000000010000
org.apache.commons.math.util.MathUtils:gcd:(II)I#560#59 prob_bp = 0.50000000000000010000
org.apache.commons.math.util.MathUtils:gcd:(II)I#560#60 prob_bp = 0.50000000000000010000
org.apache.commons.math.util.MathUtils:gcd:(II)I#561#62 prob_bp = 0.50000000000000010000
org.apache.commons.math.util.MathUtils:gcd:(II)I#561#63 prob_bp = 0.50000000000000010000
org.apache.commons.math.util.MathUtils:gcd:(II)I#558#42#unexe#2 prob_bp = 0.50000000000000030000
org.apache.commons.math.util.MathUtils:gcd:(II)I#571#106 prob_bp = 0.50000000000000030000
org.apache.commons.math.util.MathUtils:gcd:(II)I#571#107 prob_bp = 0.50000000000000030000
org.apache.commons.math.util.MathUtils:gcd:(II)I#577#123 prob_bp = 0.50000000000000030000
org.apache.commons.math.util.MathUtils:gcd:(II)I#578#127 prob_bp = 0.50000000000000030000
org.apache.commons.math.util.MathUtils:gcd:(II)I#581#136 prob_bp = 0.50000000000000030000
org.apache.commons.math.util.MathUtils:gcd:(II)I#584#150 prob_bp = 0.50000000000000030000
org.apache.commons.math.util.MathUtils:gcd:(II)I#590#160 prob_bp = 0.50000000000000030000
org.apache.commons.math.util.MathUtils:gcd:(II)I#591#164 prob_bp = 0.50000000000000030000
org.apache.commons.math.util.MathUtils:gcd:(II)I#571#115 prob_bp = 0.50000000000000030000
org.apache.commons.math.util.MathUtils:gcd:(II)I#558#42#unexe#3 prob_bp = 0.50000000000000040000
org.apache.commons.math.util.MathUtils:gcd:(II)I#571#110 prob_bp = 0.50000000000000040000
org.apache.commons.math.util.MathUtils:gcd:(II)I#582#141 prob_bp = 0.50000000000000040000
org.apache.commons.math.util.MathUtils:gcd:(II)I#571#114 prob_bp = 0.50000000000000060000
org.apache.commons.math.util.MathUtils:gcd:(II)I#581#138#unexe#3 prob_bp = 0.50000000000000070000
org.apache.commons.math.util.MathUtils:gcd:(II)I#571#105 prob_bp = 0.50000000000000080000
org.apache.commons.math.util.MathUtils:gcd:(II)I#578#129 prob_bp = 0.50000000000000080000
org.apache.commons.math.util.MathUtils:gcd:(II)I#591#168 prob_bp = 0.50000000000000080000
org.apache.commons.math.util.MathUtils:gcd:(II)I#587#155 prob_bp = 0.50000000000000090000
org.apache.commons.math.util.MathUtils:gcd:(II)I#577#122 prob_bp = 0.50000000000000100000
org.apache.commons.math.util.MathUtils:gcd:(II)I#587#151 prob_bp = 0.50000000000000100000
org.apache.commons.math.util.MathUtils:gcd:(II)I#587#152 prob_bp = 0.50000000000000100000
org.apache.commons.math.util.MathUtils:gcd:(II)I#571#117 prob_bp = 0.50000000000000100000
org.apache.commons.math.util.MathUtils:gcd:(II)I#571#104 prob_bp = 0.50000000000000130000
org.apache.commons.math.util.MathUtils:gcd:(II)I#591#165 prob_bp = 0.50000000000000130000
org.apache.commons.math.util.MathUtils:gcd:(II)I#577#124 prob_bp = 0.50000000000000140000
org.apache.commons.math.util.MathUtils:gcd:(II)I#578#130 prob_bp = 0.50000000000000140000
org.apache.commons.math.util.MathUtils:gcd:(II)I#587#153 prob_bp = 0.50000000000000140000
org.apache.commons.math.util.MathUtils:gcd:(II)I#590#160#unexe#2 prob_bp = 0.50000000000000160000
org.apache.commons.math.util.MathUtils:gcd:(II)I#577#120 prob_bp = 0.50000000000000170000
org.apache.commons.math.util.MathUtils:gcd:(II)I#581#138#unexe#2 prob_bp = 0.50000000000000170000
org.apache.commons.math.util.MathUtils:gcd:(II)I#590#158 prob_bp = 0.50000000000000190000
org.apache.commons.math.util.MathUtils:gcd:(II)I#577#124#unexe#5 prob_bp = 0.50000000000000230000
org.apache.commons.math.util.MathUtils:gcd:(II)I#578#131 prob_bp = 0.50000000000000330000
org.apache.commons.math.util.MathUtils:gcd:(II)I#587#154 prob_bp = 0.50000000000000340000
org.apache.commons.math.util.MathUtils:gcd:(II)I#587#156 prob_bp = 0.50000000000000480000
org.apache.commons.math.util.MathUtilsTest:testLcm:()V#566#0 prob_bp = 1.00000000000000000000
org.apache.commons.math.util.MathUtilsTest:testLcm:()V#566#2 prob_bp = 1.00000000000000000000
org.apache.commons.math.util.MathUtilsTest:testLcm:()V#567#3 prob_bp = 1.00000000000000000000
org.apache.commons.math.util.MathUtilsTest:testLcm:()V#567#5 prob_bp = 1.00000000000000000000
org.apache.commons.math.util.MathUtilsTest:testLcm:()V#568#6 prob_bp = 1.00000000000000000000
org.apache.commons.math.util.MathUtilsTest:testLcm:()V#568#8 prob_bp = 1.00000000000000000000
org.apache.commons.math.util.MathUtilsTest:testLcm:()V#570#10 prob_bp = 1.00000000000000000000
org.apache.commons.math.util.MathUtilsTest:testLcm:()V#570#12 prob_bp = 1.00000000000000000000
org.apache.commons.math.util.MathUtilsTest:testLcm:()V#571#19 prob_bp = 1.00000000000000000000
org.apache.commons.math.util.MathUtilsTest:testLcm:()V#571#20 prob_bp = 1.00000000000000000000
org.apache.commons.math.util.MathUtilsTest:testLcm:()V#571#21 prob_bp = 1.00000000000000000000
org.apache.commons.math.util.MathUtilsTest:testLcm:()V#572#28 prob_bp = 1.00000000000000000000
org.apache.commons.math.util.MathUtilsTest:testLcm:()V#572#29 prob_bp = 1.00000000000000000000
org.apache.commons.math.util.MathUtilsTest:testLcm:()V#572#30 prob_bp = 1.00000000000000000000
org.apache.commons.math.util.MathUtilsTest:testLcm:()V#573#37 prob_bp = 1.00000000000000000000
org.apache.commons.math.util.MathUtilsTest:testLcm:()V#573#38 prob_bp = 1.00000000000000000000
org.apache.commons.math.util.MathUtilsTest:testLcm:()V#573#39 prob_bp = 1.00000000000000000000
org.apache.commons.math.util.MathUtilsTest:testLcm:()V#574#48 prob_bp = 1.00000000000000000000
org.apache.commons.math.util.MathUtilsTest:testLcm:()V#574#49 prob_bp = 1.00000000000000000000
org.apache.commons.math.util.MathUtilsTest:testLcm:()V#574#50 prob_bp = 1.00000000000000000000
org.apache.commons.math.util.MathUtilsTest:testLcm:()V#575#59 prob_bp = 1.00000000000000000000
org.apache.commons.math.util.MathUtilsTest:testLcm:()V#575#60 prob_bp = 1.00000000000000000000
org.apache.commons.math.util.MathUtilsTest:testLcm:()V#575#61 prob_bp = 1.00000000000000000000
org.apache.commons.math.util.MathUtilsTest:testLcm:()V#575#62 prob_bp = 1.00000000000000000000
org.apache.commons.math.util.MathUtilsTest:testLcm:()V#576#71 prob_bp = 1.00000000000000000000
org.apache.commons.math.util.MathUtilsTest:testLcm:()V#576#72 prob_bp = 1.00000000000000000000
org.apache.commons.math.util.MathUtilsTest:testLcm:()V#576#73 prob_bp = 1.00000000000000000000
org.apache.commons.math.util.MathUtilsTest:testLcm:()V#576#74 prob_bp = 1.00000000000000000000
org.apache.commons.math.util.MathUtilsTest:testLcm:()V#577#83 prob_bp = 1.00000000000000000000
org.apache.commons.math.util.MathUtilsTest:testLcm:()V#577#84 prob_bp = 1.00000000000000000000
org.apache.commons.math.util.MathUtilsTest:testLcm:()V#577#85 prob_bp = 1.00000000000000000000
org.apache.commons.math.util.MathUtilsTest:testLcm:()V#577#86 prob_bp = 1.00000000000000000000
org.apache.commons.math.util.MathUtilsTest:testLcm:()V#577#87 prob_bp = 1.00000000000000000000
org.apache.commons.math.util.MathUtilsTest:testLcm:()V#578#96 prob_bp = 1.00000000000000000000
org.apache.commons.math.util.MathUtilsTest:testLcm:()V#578#97 prob_bp = 1.00000000000000000000
org.apache.commons.math.util.MathUtilsTest:testLcm:()V#578#98 prob_bp = 1.00000000000000000000
org.apache.commons.math.util.MathUtilsTest:testLcm:()V#582#106 prob_bp = 1.00000000000000000000
org.apache.commons.math.util.MathUtilsTest:testLcm:()V#582#108 prob_bp = 1.00000000000000000000
org.apache.commons.math.util.MathUtilsTest:testLcm:()V#582#110 prob_bp = 1.00000000000000000000
org.apache.commons.math.util.MathUtilsTest:testLcm:()V#585#117 prob_bp = 1.00000000000000000000
org.apache.commons.math.util.MathUtilsTest:testLcm:()V#585#119 prob_bp = 1.00000000000000000000
org.apache.commons.math.util.MathUtilsTest:testLcm:()V#589#125 prob_bp = 1.00000000000000000000
org.apache.commons.math.util.MathUtilsTest:testLcm:()V#589#127 prob_bp = 1.00000000000000000000
org.apache.commons.math.util.MathUtilsTest:testLcm:()V#589#128 prob_bp = 1.00000000000000000000
org.apache.commons.math.util.MathUtilsTest:testLcm:()V#590#132 prob_bp = 1.00000000000000000000
org.apache.commons.math.util.MathUtilsTest:testLcm:()V#590#134 prob_bp = 1.00000000000000000000
org.apache.commons.math.util.MathUtilsTest:testGcd:()V#408#0 prob_bp = 1.00000000000000000000
org.apache.commons.math.util.MathUtilsTest:testGcd:()V#408#2 prob_bp = 1.00000000000000000000
org.apache.commons.math.util.MathUtilsTest:testGcd:()V#409#3 prob_bp = 1.00000000000000000000
org.apache.commons.math.util.MathUtilsTest:testGcd:()V#409#5 prob_bp = 1.00000000000000000000
org.apache.commons.math.util.MathUtilsTest:testGcd:()V#410#6 prob_bp = 1.00000000000000000000
org.apache.commons.math.util.MathUtilsTest:testGcd:()V#410#8 prob_bp = 1.00000000000000000000
org.apache.commons.math.util.MathUtilsTest:testGcd:()V#412#10 prob_bp = 1.00000000000000000000
org.apache.commons.math.util.MathUtilsTest:testGcd:()V#412#12 prob_bp = 1.00000000000000000000
org.apache.commons.math.util.MathUtilsTest:testGcd:()V#414#19 prob_bp = 1.00000000000000000000
org.apache.commons.math.util.MathUtilsTest:testGcd:()V#414#21 prob_bp = 1.00000000000000000000
org.apache.commons.math.util.MathUtilsTest:testGcd:()V#415#28 prob_bp = 1.00000000000000000000
org.apache.commons.math.util.MathUtilsTest:testGcd:()V#415#29 prob_bp = 1.00000000000000000000
org.apache.commons.math.util.MathUtilsTest:testGcd:()V#415#30 prob_bp = 1.00000000000000000000
org.apache.commons.math.util.MathUtilsTest:testGcd:()V#416#37 prob_bp = 1.00000000000000000000
org.apache.commons.math.util.MathUtilsTest:testGcd:()V#416#40 prob_bp = 1.00000000000000000000
org.apache.commons.math.util.MathUtilsTest:testGcd:()V#417#47 prob_bp = 1.00000000000000000000
org.apache.commons.math.util.MathUtilsTest:testGcd:()V#417#48 prob_bp = 1.00000000000000000000
org.apache.commons.math.util.MathUtilsTest:testGcd:()V#417#49 prob_bp = 1.00000000000000000000
org.apache.commons.math.util.MathUtilsTest:testGcd:()V#417#50 prob_bp = 1.00000000000000000000
org.apache.commons.math.util.MathUtilsTest:testGcd:()V#419#58 prob_bp = 1.00000000000000000000
org.apache.commons.math.util.MathUtilsTest:testGcd:()V#419#59 prob_bp = 1.00000000000000000000
org.apache.commons.math.util.MathUtilsTest:testGcd:()V#419#60 prob_bp = 1.00000000000000000000
org.apache.commons.math.util.MathUtilsTest:testGcd:()V#420#68 prob_bp = 1.00000000000000000000
org.apache.commons.math.util.MathUtilsTest:testGcd:()V#420#69 prob_bp = 1.00000000000000000000
org.apache.commons.math.util.MathUtilsTest:testGcd:()V#420#70 prob_bp = 1.00000000000000000000
org.apache.commons.math.util.MathUtilsTest:testGcd:()V#420#71 prob_bp = 1.00000000000000000000
org.apache.commons.math.util.MathUtilsTest:testGcd:()V#421#79 prob_bp = 1.00000000000000000000
org.apache.commons.math.util.MathUtilsTest:testGcd:()V#421#80 prob_bp = 1.00000000000000000000
org.apache.commons.math.util.MathUtilsTest:testGcd:()V#421#81 prob_bp = 1.00000000000000000000
org.apache.commons.math.util.MathUtilsTest:testGcd:()V#421#82 prob_bp = 1.00000000000000000000
org.apache.commons.math.util.MathUtilsTest:testGcd:()V#422#90 prob_bp = 1.00000000000000000000
org.apache.commons.math.util.MathUtilsTest:testGcd:()V#422#91 prob_bp = 1.00000000000000000000
org.apache.commons.math.util.MathUtilsTest:testGcd:()V#422#92 prob_bp = 1.00000000000000000000
org.apache.commons.math.util.MathUtilsTest:testGcd:()V#422#93 prob_bp = 1.00000000000000000000
org.apache.commons.math.util.MathUtilsTest:testGcd:()V#422#94 prob_bp = 1.00000000000000000000
org.apache.commons.math.util.MathUtilsTest:testGcd:()V#424#101 prob_bp = 1.00000000000000000000
org.apache.commons.math.util.MathUtilsTest:testGcd:()V#424#102 prob_bp = 1.00000000000000000000
org.apache.commons.math.util.MathUtilsTest:testGcd:()V#424#103 prob_bp = 1.00000000000000000000
org.apache.commons.math.util.MathUtilsTest:testGcd:()V#425#110 prob_bp = 1.00000000000000000000
org.apache.commons.math.util.MathUtilsTest:testGcd:()V#425#111 prob_bp = 1.00000000000000000000
org.apache.commons.math.util.MathUtilsTest:testGcd:()V#425#112 prob_bp = 1.00000000000000000000
org.apache.commons.math.util.MathUtilsTest:testGcd:()V#425#113 prob_bp = 1.00000000000000000000
org.apache.commons.math.util.MathUtilsTest:testGcd:()V#426#120 prob_bp = 1.00000000000000000000
org.apache.commons.math.util.MathUtilsTest:testGcd:()V#426#121 prob_bp = 1.00000000000000000000
org.apache.commons.math.util.MathUtilsTest:testGcd:()V#426#122 prob_bp = 1.00000000000000000000
org.apache.commons.math.util.MathUtilsTest:testGcd:()V#426#123 prob_bp = 1.00000000000000000000
org.apache.commons.math.util.MathUtilsTest:testGcd:()V#427#130 prob_bp = 1.00000000000000000000
org.apache.commons.math.util.MathUtilsTest:testGcd:()V#427#131 prob_bp = 1.00000000000000000000
org.apache.commons.math.util.MathUtilsTest:testGcd:()V#427#132 prob_bp = 1.00000000000000000000
org.apache.commons.math.util.MathUtilsTest:testGcd:()V#427#133 prob_bp = 1.00000000000000000000
org.apache.commons.math.util.MathUtilsTest:testGcd:()V#427#134 prob_bp = 1.00000000000000000000
org.apache.commons.math.util.MathUtilsTest:testGcd:()V#429#142 prob_bp = 1.00000000000000000000
org.apache.commons.math.util.MathUtilsTest:testGcd:()V#429#144 prob_bp = 1.00000000000000000000
org.apache.commons.math.util.MathUtilsTest:testGcd:()V#429#146 prob_bp = 1.00000000000000000000
org.apache.commons.math.util.MathUtilsTest:testGcd:()V#431#154 prob_bp = 1.00000000000000000000
org.apache.commons.math.util.MathUtilsTest:testGcd:()V#431#156 prob_bp = 1.00000000000000000000
org.apache.commons.math.util.MathUtilsTest:testGcd:()V#431#157 prob_bp = 1.00000000000000000000
org.apache.commons.math.util.MathUtilsTest:testGcd:()V#432#165 prob_bp = 1.00000000000000000000
org.apache.commons.math.util.MathUtilsTest:testGcd:()V#432#167 prob_bp = 1.00000000000000000000
org.apache.commons.math.util.MathUtilsTest:testGcd:()V#432#168 prob_bp = 1.00000000000000000000
org.apache.commons.math.util.MathUtilsTest:testGcd:()V#433#176 prob_bp = 1.00000000000000000000
org.apache.commons.math.util.MathUtilsTest:testGcd:()V#433#178 prob_bp = 1.00000000000000000000
org.apache.commons.math.util.MathUtilsTest:testGcd:()V#433#180 prob_bp = 1.00000000000000000000
org.apache.commons.math.util.MathUtilsTest:testGcd:()V#436#186 prob_bp = 1.00000000000000000000
org.apache.commons.math.util.MathUtilsTest:testGcd:()V#436#188 prob_bp = 1.00000000000000000000
org.apache.commons.math.util.MathUtilsTest:testGcd:()V#436#189 prob_bp = 1.00000000000000000000
org.apache.commons.math.util.MathUtilsTest:testGcd:()V#437#193 prob_bp = 1.00000000000000000000
org.apache.commons.math.util.MathUtilsTest:testGcd:()V#437#195 prob_bp = 1.00000000000000000000
Belief propagation time : 67.858000s
