Belief propagation time: 100

Probabilities: 
Vars:19535
Stmts:5580
org.apache.commons.math.analysis.solvers.BisectionSolver:solve:(DD)D#66#7 prob_bp = 0.48664293329256586000
org.apache.commons.math.analysis.solvers.BisectionSolver:solve:(Lorg/apache/commons/math/analysis/UnivariateRealFunction;DDD)D#72#4 prob_bp = 0.48866620772877260000
org.apache.commons.math.analysis.solvers.BisectionSolver:solve:(Lorg/apache/commons/math/analysis/UnivariateRealFunction;DD)D#88#32 prob_bp = 0.49023550429744217000
org.apache.commons.math.analysis.solvers.BisectionSolver:solve:(DD)D#66#5 prob_bp = 0.49211201819133843000
org.apache.commons.math.analysis.solvers.BisectionSolver:solve:(Lorg/apache/commons/math/analysis/UnivariateRealFunction;DDD)D#72#1 prob_bp = 0.49256774937385395000
org.apache.commons.math.analysis.solvers.BisectionSolver:solve:(Lorg/apache/commons/math/analysis/UnivariateRealFunction;DD)D#88#31 prob_bp = 0.49407186993657587000
org.apache.commons.math.analysis.solvers.BisectionSolver:solve:(DD)D#66#2 prob_bp = 0.49591511104158700000
org.apache.commons.math.analysis.solvers.BisectionSolver:solve:(DD)D#66#1 prob_bp = 0.49621372064214890000
org.apache.commons.math.analysis.solvers.BisectionSolver:solve:(Lorg/apache/commons/math/analysis/UnivariateRealFunction;DDD)D#72#0 prob_bp = 0.49643356723269660000
org.apache.commons.math.analysis.solvers.BisectionSolver:solve:(Lorg/apache/commons/math/analysis/UnivariateRealFunction;DD)D#85#12 prob_bp = 0.49999846028432010000
org.apache.commons.math.analysis.solvers.BisectionSolver:solve:(Lorg/apache/commons/math/analysis/UnivariateRealFunction;DD)D#85#11 prob_bp = 0.49999850849063540000
org.apache.commons.math.analysis.solvers.UnivariateRealSolverImpl:verifyInterval:(DD)V#208#3 prob_bp = 0.49999860539204590000
org.apache.commons.math.analysis.solvers.BisectionSolver:solve:(Lorg/apache/commons/math/analysis/UnivariateRealFunction;DD)D#86#14 prob_bp = 0.49999975606150210000
org.apache.commons.math.analysis.solvers.UnivariateRealSolverImpl:verifyInterval:(DD)V#208#2 prob_bp = 0.49999999954425794000
org.apache.commons.math.analysis.solvers.BisectionSolver:solve:(Lorg/apache/commons/math/analysis/UnivariateRealFunction;DD)D#80#8 prob_bp = 0.49999999962183933000
org.apache.commons.math.analysis.solvers.UnivariateRealSolverImpl:verifyInterval:(DD)V#208#1 prob_bp = 0.49999999971589040000
org.apache.commons.math.analysis.solvers.UnivariateRealSolverImpl:verifyInterval:(DD)V#208#0 prob_bp = 0.49999999972936215000
org.apache.commons.math.analysis.solvers.BisectionSolver:solve:(Lorg/apache/commons/math/analysis/UnivariateRealFunction;DD)D#80#6 prob_bp = 0.49999999984290500000
org.apache.commons.math.analysis.solvers.BisectionSolver:solve:(Lorg/apache/commons/math/analysis/UnivariateRealFunction;DD)D#80#5 prob_bp = 0.49999999986634580000
org.apache.commons.math.analysis.solvers.BisectionSolver:solve:(DD)D#66#6 prob_bp = 0.49999999987374655000
org.apache.commons.math.analysis.solvers.BisectionSolver:solve:(Lorg/apache/commons/math/analysis/UnivariateRealFunction;DDD)D#72#2 prob_bp = 0.49999999988111270000
org.apache.commons.math.analysis.solvers.BisectionSolver:solve:(Lorg/apache/commons/math/analysis/UnivariateRealFunction;DD)D#88#33 prob_bp = 0.50000000000000080000
org.apache.commons.math.analysis.solvers.BisectionSolver:<init>:()V#52#1 prob_bp = 0.50000000838354540000
org.apache.commons.math.analysis.solvers.UnivariateRealSolverImpl:<init>:(ID)V#93#1 prob_bp = 0.50000000886671490000
org.apache.commons.math.ConvergingAlgorithmImpl:<init>:(ID)V#67#35 prob_bp = 0.50000001355395960000
org.apache.commons.math.ConvergingAlgorithmImpl:<init>:(ID)V#67#34 prob_bp = 0.50000001459026740000
org.apache.commons.math.ConvergingAlgorithmImpl:<init>:(ID)V#67#36 prob_bp = 0.50000001651415240000
org.apache.commons.math.analysis.solvers.BisectionSolver:solve:(Lorg/apache/commons/math/analysis/UnivariateRealFunction;DD)D#86#16 prob_bp = 0.50000007657739900000
org.apache.commons.math.analysis.solvers.BisectionSolver:solve:(Lorg/apache/commons/math/analysis/UnivariateRealFunction;DD)D#86#17 prob_bp = 0.50000008616171920000
org.apache.commons.math.analysis.solvers.BisectionSolver:solve:(DD)D#66#0 prob_bp = 0.50000023398200620000
org.apache.commons.math.analysis.solvers.BisectionSolver:solve:(Lorg/apache/commons/math/analysis/UnivariateRealFunction;DD)D#86#20 prob_bp = 0.50000288885497050000
org.apache.commons.math.analysis.solvers.BisectionSolver:<init>:()V#52#0 prob_bp = 0.52313707991797410000
org.apache.commons.math.analysis.solvers.UnivariateRealSolverImpl:<init>:(ID)V#93#0 prob_bp = 0.52450788486130000000
org.apache.commons.math.analysis.solvers.BisectionSolver:<init>:()V#52#6 prob_bp = 0.54516494392262890000
org.apache.commons.math.analysis.solvers.UnivariateRealSolverImpl:<init>:(ID)V#93#3 prob_bp = 0.55014495836358170000
org.apache.commons.math.analysis.solvers.BisectionSolverTest:testMath369:()V#100#8 prob_bp = 1.00000000000000000000
org.apache.commons.math.analysis.solvers.BisectionSolverTest:testMath369:()V#100#11 prob_bp = 1.00000000000000000000
org.apache.commons.math.analysis.solvers.BisectionSolverTest:testMath369:()V#100#12 prob_bp = 1.00000000000000000000
org.apache.commons.math.analysis.solvers.BisectionSolverTest:testMath369:()V#100#15 prob_bp = 1.00000000000000000000
org.apache.commons.math.analysis.solvers.BisectionSolverTest:testMath369:()V#101#19 prob_bp = 1.00000000000000000000
org.apache.commons.math.analysis.solvers.BisectionSolverTest:testMath369:()V#101#21 prob_bp = 1.00000000000000000000
org.apache.commons.math.analysis.solvers.BisectionSolverTest:testMath369:()V#101#24 prob_bp = 1.00000000000000000000
org.apache.commons.math.analysis.solvers.BisectionSolverTest:testMath369:()V#101#30 prob_bp = 1.00000000000000000000
Belief propagation time : 34.221000s
