Belief propagation time: 25

Probabilities: 
Vars:2131
Stmts:571
org.apache.commons.lang.WordUtils:abbreviate:(Ljava/lang/String;IILjava/lang/String;)Ljava/lang/String;#629#68 prob_bp = 0.35188610849196300000
org.apache.commons.lang.WordUtils:abbreviate:(Ljava/lang/String;IILjava/lang/String;)Ljava/lang/String;#629#67 prob_bp = 0.47968697777972350000
org.apache.commons.lang.WordUtils:abbreviate:(Ljava/lang/String;IILjava/lang/String;)Ljava/lang/String;#629#65 prob_bp = 0.49439991249222740000
org.apache.commons.lang.WordUtils:abbreviate:(Ljava/lang/String;IILjava/lang/String;)Ljava/lang/String;#626#48 prob_bp = 0.49516848238732890000
org.apache.commons.lang.WordUtils:abbreviate:(Ljava/lang/String;IILjava/lang/String;)Ljava/lang/String;#626#41 prob_bp = 0.49535741376639336000
org.apache.commons.lang.WordUtils:abbreviate:(Ljava/lang/String;IILjava/lang/String;)Ljava/lang/String;#629#69 prob_bp = 0.49877167942849510000
org.apache.commons.lang.WordUtils:abbreviate:(Ljava/lang/String;IILjava/lang/String;)Ljava/lang/String;#622#36#unexe#2 prob_bp = 0.49951839048827100000
org.apache.commons.lang.WordUtils:abbreviate:(Ljava/lang/String;IILjava/lang/String;)Ljava/lang/String;#623#40 prob_bp = 0.49970303709772980000
org.apache.commons.lang.WordUtils:abbreviate:(Ljava/lang/String;IILjava/lang/String;)Ljava/lang/String;#623#39 prob_bp = 0.49974867960467595000
org.apache.commons.lang.WordUtils:abbreviate:(Ljava/lang/String;IILjava/lang/String;)Ljava/lang/String;#628#62 prob_bp = 0.49982515476742667000
org.apache.commons.lang.WordUtils:abbreviate:(Ljava/lang/String;IILjava/lang/String;)Ljava/lang/String;#628#61 prob_bp = 0.49983193135301135000
org.apache.commons.lang.StringUtils:indexOf:(Ljava/lang/String;Ljava/lang/String;I)I#855#14 prob_bp = 0.49989689920965935000
org.apache.commons.lang.WordUtils:abbreviate:(Ljava/lang/String;IILjava/lang/String;)Ljava/lang/String;#628#59 prob_bp = 0.49995714631277743000
org.apache.commons.lang.WordUtils:abbreviate:(Ljava/lang/String;IILjava/lang/String;)Ljava/lang/String;#610#10 prob_bp = 0.49997543662745800000
org.apache.commons.lang.WordUtils:abbreviate:(Ljava/lang/String;IILjava/lang/String;)Ljava/lang/String;#627#57 prob_bp = 0.49998987386890803000
org.apache.commons.lang.StringUtils:indexOf:(Ljava/lang/String;Ljava/lang/String;I)I#858#36 prob_bp = 0.49999798819983404000
org.apache.commons.lang.WordUtils:abbreviate:(Ljava/lang/String;IILjava/lang/String;)Ljava/lang/String;#627#54 prob_bp = 0.49999916459271010000
org.apache.commons.lang.WordUtils:abbreviate:(Ljava/lang/String;IILjava/lang/String;)Ljava/lang/String;#627#51 prob_bp = 0.49999919831402610000
org.apache.commons.lang.StringUtils:indexOf:(Ljava/lang/String;Ljava/lang/String;I)I#851#5 prob_bp = 0.49999927249919024000
org.apache.commons.lang.StringUtils:indexOf:(Ljava/lang/String;Ljava/lang/String;I)I#855#11 prob_bp = 0.49999927472551860000
org.apache.commons.lang.StringUtils:indexOf:(Ljava/lang/String;Ljava/lang/String;I)I#851#4 prob_bp = 0.49999953248833023000
org.apache.commons.lang.StringUtils:indexOf:(Ljava/lang/String;Ljava/lang/String;I)I#855#10 prob_bp = 0.49999953345568104000
org.apache.commons.lang.WordUtils:abbreviate:(Ljava/lang/String;IILjava/lang/String;)Ljava/lang/String;#610#7 prob_bp = 0.49999961238157460000
org.apache.commons.lang.WordUtils:abbreviate:(Ljava/lang/String;IILjava/lang/String;)Ljava/lang/String;#607#1 prob_bp = 0.49999966690720420000
org.apache.commons.lang.WordUtils:abbreviate:(Ljava/lang/String;IILjava/lang/String;)Ljava/lang/String;#610#6 prob_bp = 0.49999967413828020000
org.apache.commons.lang.WordUtils:abbreviate:(Ljava/lang/String;IILjava/lang/String;)Ljava/lang/String;#607#0 prob_bp = 0.49999972436095563000
org.apache.commons.lang.WordUtils:abbreviate:(Ljava/lang/String;IILjava/lang/String;)Ljava/lang/String;#622#36 prob_bp = 0.49999978496949900000
org.apache.commons.lang.WordUtils:abbreviate:(Ljava/lang/String;IILjava/lang/String;)Ljava/lang/String;#622#35 prob_bp = 0.49999981849885610000
org.apache.commons.lang.WordUtils:abbreviate:(Ljava/lang/String;IILjava/lang/String;)Ljava/lang/String;#622#34 prob_bp = 0.49999994754660115000
org.apache.commons.lang.WordUtils:abbreviate:(Ljava/lang/String;IILjava/lang/String;)Ljava/lang/String;#618#18#unexe#2 prob_bp = 0.49999998712017170000
org.apache.commons.lang.WordUtils:abbreviate:(Ljava/lang/String;IILjava/lang/String;)Ljava/lang/String;#631#79 prob_bp = 0.49999999295848970000
org.apache.commons.lang.WordUtils:abbreviate:(Ljava/lang/String;IILjava/lang/String;)Ljava/lang/String;#631#78 prob_bp = 0.49999999390099986000
org.apache.commons.lang.StringUtils:indexOf:(Ljava/lang/String;Ljava/lang/String;I)I#851#1 prob_bp = 0.49999999536797807000
org.apache.commons.lang.WordUtils:abbreviate:(Ljava/lang/String;IILjava/lang/String;)Ljava/lang/String;#618#26#unexe#2 prob_bp = 0.49999999695379700000
org.apache.commons.lang.StringUtils:indexOf:(Ljava/lang/String;Ljava/lang/String;I)I#851#0 prob_bp = 0.49999999835108460000
org.apache.commons.lang.WordUtils:abbreviate:(Ljava/lang/String;IILjava/lang/String;)Ljava/lang/String;#627#50 prob_bp = 0.49999999878006220000
org.apache.commons.lang.WordUtils:abbreviate:(Ljava/lang/String;IILjava/lang/String;)Ljava/lang/String;#619#33 prob_bp = 0.49999999938802270000
org.apache.commons.lang.WordUtils:abbreviate:(Ljava/lang/String;IILjava/lang/String;)Ljava/lang/String;#618#18 prob_bp = 0.49999999994870215000
org.apache.commons.lang.WordUtils:abbreviate:(Ljava/lang/String;IILjava/lang/String;)Ljava/lang/String;#618#17 prob_bp = 0.49999999995072647000
org.apache.commons.lang.WordUtils:abbreviate:(Ljava/lang/String;IILjava/lang/String;)Ljava/lang/String;#618#16 prob_bp = 0.49999999995669610000
org.apache.commons.lang.WordUtils:abbreviate:(Ljava/lang/String;IILjava/lang/String;)Ljava/lang/String;#619#30 prob_bp = 0.49999999999059420000
org.apache.commons.lang.WordUtils:abbreviate:(Ljava/lang/String;IILjava/lang/String;)Ljava/lang/String;#619#29 prob_bp = 0.49999999999210940000
org.apache.commons.lang.WordUtils:abbreviate:(Ljava/lang/String;IILjava/lang/String;)Ljava/lang/String;#618#26 prob_bp = 0.49999999999938820000
org.apache.commons.lang.WordUtils:abbreviate:(Ljava/lang/String;IILjava/lang/String;)Ljava/lang/String;#618#21 prob_bp = 0.49999999999948186000
org.apache.commons.lang.WordUtils:abbreviate:(Ljava/lang/String;IILjava/lang/String;)Ljava/lang/String;#629#70 prob_bp = 0.49999999999969236000
org.apache.commons.lang.WordUtils:abbreviate:(Ljava/lang/String;IILjava/lang/String;)Ljava/lang/String;#618#23 prob_bp = 0.49999999999984485000
org.apache.commons.lang.WordUtils:abbreviate:(Ljava/lang/String;IILjava/lang/String;)Ljava/lang/String;#618#22 prob_bp = 0.49999999999987000000
org.apache.commons.lang.WordUtils:abbreviate:(Ljava/lang/String;IILjava/lang/String;)Ljava/lang/String;#627#53 prob_bp = 0.49999999999999256000
org.apache.commons.lang.WordUtils:abbreviate:(Ljava/lang/String;IILjava/lang/String;)Ljava/lang/String;#638#135 prob_bp = 0.49999999999999500000
org.apache.commons.lang.WordUtils:abbreviate:(Ljava/lang/String;IILjava/lang/String;)Ljava/lang/String;#638#132 prob_bp = 0.49999999999999520000
org.apache.commons.lang.WordUtils:abbreviate:(Ljava/lang/String;IILjava/lang/String;)Ljava/lang/String;#638#131 prob_bp = 0.49999999999999560000
org.apache.commons.lang.WordUtils:abbreviate:(Ljava/lang/String;IILjava/lang/String;)Ljava/lang/String;#638#133 prob_bp = 0.49999999999999890000
org.apache.commons.lang.WordUtils:abbreviate:(Ljava/lang/String;IILjava/lang/String;)Ljava/lang/String;#634#98 prob_bp = 0.50000000000000000000
org.apache.commons.lang.WordUtils:abbreviate:(Ljava/lang/String;IILjava/lang/String;)Ljava/lang/String;#634#101 prob_bp = 0.50000000000000000000
org.apache.commons.lang.WordUtils:abbreviate:(Ljava/lang/String;IILjava/lang/String;)Ljava/lang/String;#634#100 prob_bp = 0.50000000000000010000
org.apache.commons.lang.StringUtils:indexOf:(Ljava/lang/String;Ljava/lang/String;I)I#858#31 prob_bp = 0.50000000000157960000
org.apache.commons.lang.StringUtils:indexOf:(Ljava/lang/String;Ljava/lang/String;I)I#858#30 prob_bp = 0.50000000000158920000
org.apache.commons.lang.StringUtils:indexOf:(Ljava/lang/String;Ljava/lang/String;I)I#858#32 prob_bp = 0.50000000000158930000
org.apache.commons.lang.StringUtils:indexOf:(Ljava/lang/String;Ljava/lang/String;I)I#858#33 prob_bp = 0.50000000000181350000
org.apache.commons.lang.WordUtilsTest:testAbbreviate:()V#368#0 prob_bp = 1.00000000000000000000
org.apache.commons.lang.WordUtilsTest:testAbbreviate:()V#368#5 prob_bp = 1.00000000000000000000
org.apache.commons.lang.WordUtilsTest:testAbbreviate:()V#369#13 prob_bp = 1.00000000000000000000
org.apache.commons.lang.WordUtilsTest:testAbbreviate:()V#369#19 prob_bp = 1.00000000000000000000
org.apache.commons.lang.WordUtilsTest:testAbbreviate:()V#372#27 prob_bp = 1.00000000000000000000
org.apache.commons.lang.WordUtilsTest:testAbbreviate:()V#372#29 prob_bp = 1.00000000000000000000
org.apache.commons.lang.WordUtilsTest:testAbbreviate:()V#372#30 prob_bp = 1.00000000000000000000
org.apache.commons.lang.WordUtilsTest:testAbbreviate:()V#372#33 prob_bp = 1.00000000000000000000
org.apache.commons.lang.WordUtilsTest:testAbbreviate:()V#373#41 prob_bp = 1.00000000000000000000
org.apache.commons.lang.WordUtilsTest:testAbbreviate:()V#373#43 prob_bp = 1.00000000000000000000
org.apache.commons.lang.WordUtilsTest:testAbbreviate:()V#373#44 prob_bp = 1.00000000000000000000
org.apache.commons.lang.WordUtilsTest:testAbbreviate:()V#373#47 prob_bp = 1.00000000000000000000
org.apache.commons.lang.WordUtilsTest:testAbbreviate:()V#374#55 prob_bp = 1.00000000000000000000
org.apache.commons.lang.WordUtilsTest:testAbbreviate:()V#374#57 prob_bp = 1.00000000000000000000
org.apache.commons.lang.WordUtilsTest:testAbbreviate:()V#374#58 prob_bp = 1.00000000000000000000
org.apache.commons.lang.WordUtilsTest:testAbbreviate:()V#374#61 prob_bp = 1.00000000000000000000
org.apache.commons.lang.WordUtilsTest:testAbbreviate:()V#375#69 prob_bp = 1.00000000000000000000
org.apache.commons.lang.WordUtilsTest:testAbbreviate:()V#375#71 prob_bp = 1.00000000000000000000
org.apache.commons.lang.WordUtilsTest:testAbbreviate:()V#375#72 prob_bp = 1.00000000000000000000
org.apache.commons.lang.WordUtilsTest:testAbbreviate:()V#375#75 prob_bp = 1.00000000000000000000
org.apache.commons.lang.WordUtilsTest:testAbbreviate:()V#376#83 prob_bp = 1.00000000000000000000
org.apache.commons.lang.WordUtilsTest:testAbbreviate:()V#376#85 prob_bp = 1.00000000000000000000
org.apache.commons.lang.WordUtilsTest:testAbbreviate:()V#376#86 prob_bp = 1.00000000000000000000
org.apache.commons.lang.WordUtilsTest:testAbbreviate:()V#376#89 prob_bp = 1.00000000000000000000
org.apache.commons.lang.WordUtilsTest:testAbbreviate:()V#379#97 prob_bp = 1.00000000000000000000
org.apache.commons.lang.WordUtilsTest:testAbbreviate:()V#379#99 prob_bp = 1.00000000000000000000
org.apache.commons.lang.WordUtilsTest:testAbbreviate:()V#379#100 prob_bp = 1.00000000000000000000
org.apache.commons.lang.WordUtilsTest:testAbbreviate:()V#379#103 prob_bp = 1.00000000000000000000
org.apache.commons.lang.WordUtilsTest:testAbbreviate:()V#380#111 prob_bp = 1.00000000000000000000
org.apache.commons.lang.WordUtilsTest:testAbbreviate:()V#380#113 prob_bp = 1.00000000000000000000
org.apache.commons.lang.WordUtilsTest:testAbbreviate:()V#380#114 prob_bp = 1.00000000000000000000
org.apache.commons.lang.WordUtilsTest:testAbbreviate:()V#380#117 prob_bp = 1.00000000000000000000
org.apache.commons.lang.WordUtilsTest:testAbbreviate:()V#381#125 prob_bp = 1.00000000000000000000
org.apache.commons.lang.WordUtilsTest:testAbbreviate:()V#381#127 prob_bp = 1.00000000000000000000
org.apache.commons.lang.WordUtilsTest:testAbbreviate:()V#381#128 prob_bp = 1.00000000000000000000
org.apache.commons.lang.WordUtilsTest:testAbbreviate:()V#381#130 prob_bp = 1.00000000000000000000
org.apache.commons.lang.WordUtilsTest:testAbbreviate:()V#382#138 prob_bp = 1.00000000000000000000
org.apache.commons.lang.WordUtilsTest:testAbbreviate:()V#382#140 prob_bp = 1.00000000000000000000
org.apache.commons.lang.WordUtilsTest:testAbbreviate:()V#382#141 prob_bp = 1.00000000000000000000
org.apache.commons.lang.WordUtilsTest:testAbbreviate:()V#382#144 prob_bp = 1.00000000000000000000
org.apache.commons.lang.WordUtilsTest:testAbbreviate:()V#383#152 prob_bp = 1.00000000000000000000
org.apache.commons.lang.WordUtilsTest:testAbbreviate:()V#383#154 prob_bp = 1.00000000000000000000
org.apache.commons.lang.WordUtilsTest:testAbbreviate:()V#383#155 prob_bp = 1.00000000000000000000
org.apache.commons.lang.WordUtilsTest:testAbbreviate:()V#383#158 prob_bp = 1.00000000000000000000
org.apache.commons.lang.WordUtilsTest:testAbbreviate:()V#386#166 prob_bp = 1.00000000000000000000
org.apache.commons.lang.WordUtilsTest:testAbbreviate:()V#386#171 prob_bp = 1.00000000000000000000
org.apache.commons.lang.WordUtilsTest:testAbbreviate:()V#387#179 prob_bp = 1.00000000000000000000
org.apache.commons.lang.WordUtilsTest:testAbbreviate:()V#387#185 prob_bp = 1.00000000000000000000
org.apache.commons.lang.WordUtilsTest:testAbbreviate:()V#388#193 prob_bp = 1.00000000000000000000
org.apache.commons.lang.WordUtilsTest:testAbbreviate:()V#388#195 prob_bp = 1.00000000000000000000
org.apache.commons.lang.WordUtilsTest:testAbbreviate:()V#388#197 prob_bp = 1.00000000000000000000
org.apache.commons.lang.WordUtilsTest:testAbbreviate:()V#388#199 prob_bp = 1.00000000000000000000
org.apache.commons.lang.WordUtilsTest:testAbbreviate:()V#389#207 prob_bp = 1.00000000000000000000
org.apache.commons.lang.WordUtilsTest:testAbbreviate:()V#389#214 prob_bp = 1.00000000000000000000
org.apache.commons.lang.WordUtilsTest:testAbbreviate:()V#390#222 prob_bp = 1.00000000000000000000
org.apache.commons.lang.WordUtilsTest:testAbbreviate:()V#390#224 prob_bp = 1.00000000000000000000
org.apache.commons.lang.WordUtilsTest:testAbbreviate:()V#390#226 prob_bp = 1.00000000000000000000
org.apache.commons.lang.WordUtilsTest:testAbbreviate:()V#390#229 prob_bp = 1.00000000000000000000
Belief propagation time : 0.398000s
