Belief propagation time: 100

Probabilities: 
Vars:27485
Stmts:5984
org.apache.commons.lang.text.StrBuilder:appendFixedWidthPadRight:(Ljava/lang/Object;IC)Lorg/apache/commons/lang/text/StrBuilder;#1230#32 prob_bp = 0.49638855342653293000
org.apache.commons.lang.text.StrBuilder:appendFixedWidthPadLeft:(Ljava/lang/Object;IC)Lorg/apache/commons/lang/text/StrBuilder;#1186#32 prob_bp = 0.49751768158917664000
org.apache.commons.lang.text.StrBuilder:appendFixedWidthPadRight:(Ljava/lang/Object;IC)Lorg/apache/commons/lang/text/StrBuilder;#1229#30 prob_bp = 0.49853314473950070000
org.apache.commons.lang.text.StrBuilder:getNullText:()Ljava/lang/String;#158#4 prob_bp = 0.49914958998813030000
org.apache.commons.lang.text.StrBuilder:appendFixedWidthPadLeft:(Ljava/lang/Object;IC)Lorg/apache/commons/lang/text/StrBuilder;#1185#30 prob_bp = 0.49917403563029050000
org.apache.commons.lang.text.StrBuilder:getNullText:()Ljava/lang/String;#158#1 prob_bp = 0.49956211455463740000
org.apache.commons.lang.text.StrBuilder:getNullText:()Ljava/lang/String;#158#0 prob_bp = 0.49968000123118720000
org.apache.commons.lang.text.StrBuilder:appendFixedWidthPadRight:(Ljava/lang/Object;IC)Lorg/apache/commons/lang/text/StrBuilder;#1229#16 prob_bp = 0.49977068130129730000
org.apache.commons.lang.text.StrBuilder:appendFixedWidthPadRight:(Ljava/lang/Object;IC)Lorg/apache/commons/lang/text/StrBuilder;#1229#15 prob_bp = 0.49977600128381183000
org.apache.commons.lang.text.StrBuilder:appendFixedWidthPadRight:(Ljava/lang/Object;IC)Lorg/apache/commons/lang/text/StrBuilder;#1229#20 prob_bp = 0.49980049208794980000
org.apache.commons.lang.text.StrBuilder:appendFixedWidthPadRight:(Ljava/lang/Object;IC)Lorg/apache/commons/lang/text/StrBuilder;#1229#19 prob_bp = 0.49980709077513874000
org.apache.commons.lang.text.StrBuilder:appendFixedWidthPadLeft:(Ljava/lang/Object;IC)Lorg/apache/commons/lang/text/StrBuilder;#1185#20 prob_bp = 0.49991335554326066000
org.apache.commons.lang.text.StrBuilder:appendFixedWidthPadLeft:(Ljava/lang/Object;IC)Lorg/apache/commons/lang/text/StrBuilder;#1185#19 prob_bp = 0.49991649576880604000
org.apache.commons.lang.text.StrBuilder:appendFixedWidthPadLeft:(Ljava/lang/Object;IC)Lorg/apache/commons/lang/text/StrBuilder;#1185#16 prob_bp = 0.49993119029688116000
org.apache.commons.lang.text.StrBuilder:appendFixedWidthPadLeft:(Ljava/lang/Object;IC)Lorg/apache/commons/lang/text/StrBuilder;#1185#15 prob_bp = 0.49993331529907703000
org.apache.commons.lang.text.StrBuilder:appendFixedWidthPadLeft:(Ljava/lang/Object;IC)Lorg/apache/commons/lang/text/StrBuilder;#1186#34 prob_bp = 0.50000000000000000000
org.apache.commons.lang.text.StrBuilder:appendFixedWidthPadRight:(Ljava/lang/Object;IC)Lorg/apache/commons/lang/text/StrBuilder;#1230#34 prob_bp = 0.50000000000000000000
org.apache.commons.lang.text.StrBuilder:appendFixedWidthPadLeft:(Ljava/lang/Object;IC)Lorg/apache/commons/lang/text/StrBuilder;#1183#0 prob_bp = 0.56297529761724700000
org.apache.commons.lang.text.StrBuilder:appendFixedWidthPadLeft:(Ljava/lang/Object;IC)Lorg/apache/commons/lang/text/StrBuilder;#1183#1 prob_bp = 0.56476935954572280000
org.apache.commons.lang.text.StrBuilder:appendFixedWidthPadRight:(Ljava/lang/Object;IC)Lorg/apache/commons/lang/text/StrBuilder;#1227#0 prob_bp = 0.83630326759369090000
org.apache.commons.lang.text.StrBuilder:appendFixedWidthPadRight:(Ljava/lang/Object;IC)Lorg/apache/commons/lang/text/StrBuilder;#1227#1 prob_bp = 0.83929848740560030000
org.apache.commons.lang.text.StrBuilderTest:testLang412Left:()V#1760#0 prob_bp = 1.00000000000000000000
org.apache.commons.lang.text.StrBuilderTest:testLang412Left:()V#1760#7 prob_bp = 1.00000000000000000000
org.apache.commons.lang.text.StrBuilderTest:testLang412Left:()V#1761#8 prob_bp = 1.00000000000000000000
org.apache.commons.lang.text.StrBuilderTest:testLang412Left:()V#1761#9 prob_bp = 1.00000000000000000000
org.apache.commons.lang.text.StrBuilderTest:testLang412Left:()V#1761#10 prob_bp = 1.00000000000000000000
org.apache.commons.lang.text.StrBuilderTest:testLang412Left:()V#1761#14 prob_bp = 1.00000000000000000000
org.apache.commons.lang.text.StrBuilderTest:testLang412Right:()V#1754#0 prob_bp = 1.00000000000000000000
org.apache.commons.lang.text.StrBuilderTest:testLang412Right:()V#1754#7 prob_bp = 1.00000000000000000000
org.apache.commons.lang.text.StrBuilderTest:testLang412Right:()V#1755#8 prob_bp = 1.00000000000000000000
org.apache.commons.lang.text.StrBuilderTest:testLang412Right:()V#1755#9 prob_bp = 1.00000000000000000000
org.apache.commons.lang.text.StrBuilderTest:testLang412Right:()V#1755#10 prob_bp = 1.00000000000000000000
org.apache.commons.lang.text.StrBuilderTest:testLang412Right:()V#1755#14 prob_bp = 1.00000000000000000000
Belief propagation time : 10.183000s
