Belief propagation time: 100

Probabilities: 
Vars:50786
Stmts:9078
org.apache.commons.lang3.math.NumberUtils:createNumber:(Ljava/lang/String;)Ljava/lang/Number;#452#29 prob_bp = 0.49942260761739554000
org.apache.commons.lang3.math.NumberUtils:createNumber:(Ljava/lang/String;)Ljava/lang/Number;#449#10 prob_bp = 0.49998866968162740000
org.apache.commons.lang3.math.NumberUtils:createNumber:(Ljava/lang/String;)Ljava/lang/Number;#452#26 prob_bp = 0.49999703417116265000
org.apache.commons.lang3.math.NumberUtils:createNumber:(Ljava/lang/String;)Ljava/lang/Number;#452#24 prob_bp = 0.49999714732821340000
org.apache.commons.lang3.math.NumberUtils:createNumber:(Ljava/lang/String;)Ljava/lang/Number;#452#23 prob_bp = 0.49999741378764484000
org.apache.commons.lang3.math.NumberUtils:createNumber:(Ljava/lang/String;)Ljava/lang/Number;#449#7 prob_bp = 0.49999999980844520000
org.apache.commons.lang3.math.NumberUtils:createNumber:(Ljava/lang/String;)Ljava/lang/Number;#449#6 prob_bp = 0.49999999983293470000
org.apache.commons.lang3.math.NumberUtils:createNumber:(Ljava/lang/String;)Ljava/lang/Number;#446#1 prob_bp = 0.49999999999295180000
org.apache.commons.lang3.math.NumberUtils:createNumber:(Ljava/lang/String;)Ljava/lang/Number;#446#0 prob_bp = 0.49999999999385300000
org.apache.commons.lang3.math.NumberUtils:createNumber:(Ljava/lang/String;)Ljava/lang/Number;#480#215 prob_bp = 0.49999999999999970000
org.apache.commons.lang3.math.NumberUtils:createNumber:(Ljava/lang/String;)Ljava/lang/Number;#455#40 prob_bp = 0.49999999999999983000
org.apache.commons.lang3.math.NumberUtils:createNumber:(Ljava/lang/String;)Ljava/lang/Number;#455#49 prob_bp = 0.49999999999999983000
org.apache.commons.lang3.math.NumberUtils:createNumber:(Ljava/lang/String;)Ljava/lang/Number;#480#211 prob_bp = 0.49999999999999990000
org.apache.commons.lang3.math.NumberUtils:createNumber:(Ljava/lang/String;)Ljava/lang/Number;#579#732 prob_bp = 0.49999999999999990000
org.apache.commons.lang3.math.NumberUtils:createNumber:(Ljava/lang/String;)Ljava/lang/Number;#536#560 prob_bp = 0.49999999999999990000
org.apache.commons.lang3.math.NumberUtils:createNumber:(Ljava/lang/String;)Ljava/lang/Number;#543#592 prob_bp = 0.49999999999999990000
org.apache.commons.lang3.math.NumberUtils:createNumber:(Ljava/lang/String;)Ljava/lang/Number;#470#124 prob_bp = 0.49999999999999994000
org.apache.commons.lang3.math.NumberUtils:createNumber:(Ljava/lang/String;)Ljava/lang/Number;#482#226 prob_bp = 0.49999999999999994000
org.apache.commons.lang3.math.NumberUtils:createNumber:(Ljava/lang/String;)Ljava/lang/Number;#555#628#unexe#4 prob_bp = 0.49999999999999994000
org.apache.commons.lang3.math.NumberUtils:isAllZeros:(Ljava/lang/String;)Z#614#28 prob_bp = 0.49999999999999994000
org.apache.commons.lang3.math.NumberUtils:createNumber:(Ljava/lang/String;)Ljava/lang/Number;#578#712 prob_bp = 0.49999999999999994000
org.apache.commons.lang3.math.NumberUtils:createFloat:(Ljava/lang/String;)Ljava/lang/Float;#634#10 prob_bp = 0.49999999999999994000
org.apache.commons.lang3.math.NumberUtils:createNumber:(Ljava/lang/String;)Ljava/lang/Number;#578#716 prob_bp = 0.49999999999999994000
org.apache.commons.lang3.math.NumberUtils:createNumber:(Ljava/lang/String;)Ljava/lang/Number;#579#720 prob_bp = 0.49999999999999994000
org.apache.commons.lang3.math.NumberUtils:createNumber:(Ljava/lang/String;)Ljava/lang/Number;#579#728 prob_bp = 0.49999999999999994000
org.apache.commons.lang3.math.NumberUtils:createNumber:(Ljava/lang/String;)Ljava/lang/Number;#536#563 prob_bp = 0.49999999999999994000
org.apache.commons.lang3.math.NumberUtils:createNumber:(Ljava/lang/String;)Ljava/lang/Number;#536#566 prob_bp = 0.49999999999999994000
org.apache.commons.lang3.math.NumberUtils:createNumber:(Ljava/lang/String;)Ljava/lang/Number;#536#573 prob_bp = 0.49999999999999994000
org.apache.commons.lang3.math.NumberUtils:createNumber:(Ljava/lang/String;)Ljava/lang/Number;#522#535 prob_bp = 0.49999999999999994000
org.apache.commons.lang3.math.NumberUtils:createNumber:(Ljava/lang/String;)Ljava/lang/Number;#456#74 prob_bp = 0.49999999999999994000
org.apache.commons.lang3.math.NumberUtils:createNumber:(Ljava/lang/String;)Ljava/lang/Number;#457#83 prob_bp = 0.49999999999999994000
org.apache.commons.lang3.math.NumberUtils:createNumber:(Ljava/lang/String;)Ljava/lang/Number;#460#89 prob_bp = 0.49999999999999994000
org.apache.commons.lang3.math.NumberUtils:createNumber:(Ljava/lang/String;)Ljava/lang/Number;#475#155 prob_bp = 0.49999999999999994000
org.apache.commons.lang3.math.NumberUtils:createNumber:(Ljava/lang/String;)Ljava/lang/Number;#475#160 prob_bp = 0.49999999999999994000
org.apache.commons.lang3.math.NumberUtils:createNumber:(Ljava/lang/String;)Ljava/lang/Number;#555#638 prob_bp = 0.49999999999999994000
org.apache.commons.lang3.math.NumberUtils:createNumber:(Ljava/lang/String;)Ljava/lang/Number;#556#642 prob_bp = 0.49999999999999994000
org.apache.commons.lang3.math.NumberUtils:createNumber:(Ljava/lang/String;)Ljava/lang/Number;#556#647 prob_bp = 0.49999999999999994000
org.apache.commons.lang3.math.NumberUtils:createNumber:(Ljava/lang/String;)Ljava/lang/Number;#586#749 prob_bp = 0.49999999999999994000
org.apache.commons.lang3.math.NumberUtils:createNumber:(Ljava/lang/String;)Ljava/lang/Number;#587#765 prob_bp = 0.49999999999999994000
org.apache.commons.lang3.math.NumberUtils:createNumber:(Ljava/lang/String;)Ljava/lang/Number;#495#309 prob_bp = 0.49999999999999994000
org.apache.commons.lang3.math.NumberUtils:createNumber:(Ljava/lang/String;)Ljava/lang/Number;#496#321 prob_bp = 0.49999999999999994000
org.apache.commons.lang3.math.NumberUtils:createNumber:(Ljava/lang/String;)Ljava/lang/Number;#536#579 prob_bp = 0.49999999999999994000
org.apache.commons.lang3.math.NumberUtils:createNumber:(Ljava/lang/String;)Ljava/lang/Number;#572#686 prob_bp = 0.49999999999999994000
org.apache.commons.lang3.math.NumberUtils:createNumber:(Ljava/lang/String;)Ljava/lang/Number;#485#238 prob_bp = 0.49999999999999994000
org.apache.commons.lang3.math.NumberUtils:createNumber:(Ljava/lang/String;)Ljava/lang/Number;#485#239 prob_bp = 0.49999999999999994000
org.apache.commons.lang3.math.NumberUtils:createNumber:(Ljava/lang/String;)Ljava/lang/Number;#485#242 prob_bp = 0.49999999999999994000
org.apache.commons.lang3.math.NumberUtils:createNumber:(Ljava/lang/String;)Ljava/lang/Number;#455#43 prob_bp = 0.50000000000000000000
org.apache.commons.lang3.math.NumberUtils:createNumber:(Ljava/lang/String;)Ljava/lang/Number;#470#125 prob_bp = 0.50000000000000000000
org.apache.commons.lang3.math.NumberUtils:createNumber:(Ljava/lang/String;)Ljava/lang/Number;#470#136 prob_bp = 0.50000000000000000000
org.apache.commons.lang3.math.NumberUtils:createNumber:(Ljava/lang/String;)Ljava/lang/Number;#480#210 prob_bp = 0.50000000000000000000
org.apache.commons.lang3.math.NumberUtils:createNumber:(Ljava/lang/String;)Ljava/lang/Number;#480#213 prob_bp = 0.50000000000000000000
org.apache.commons.lang3.math.NumberUtils:createNumber:(Ljava/lang/String;)Ljava/lang/Number;#480#214 prob_bp = 0.50000000000000000000
org.apache.commons.lang3.math.NumberUtils:createNumber:(Ljava/lang/String;)Ljava/lang/Number;#482#221 prob_bp = 0.50000000000000000000
org.apache.commons.lang3.math.NumberUtils:createNumber:(Ljava/lang/String;)Ljava/lang/Number;#576#691 prob_bp = 0.50000000000000000000
org.apache.commons.lang3.math.NumberUtils:createNumber:(Ljava/lang/String;)Ljava/lang/Number;#576#710 prob_bp = 0.50000000000000000000
org.apache.commons.lang3.math.NumberUtils:createNumber:(Ljava/lang/String;)Ljava/lang/Number;#579#718 prob_bp = 0.50000000000000000000
org.apache.commons.lang3.math.NumberUtils:createNumber:(Ljava/lang/String;)Ljava/lang/Number;#579#726 prob_bp = 0.50000000000000000000
org.apache.commons.lang3.math.NumberUtils:createNumber:(Ljava/lang/String;)Ljava/lang/Number;#490#284 prob_bp = 0.50000000000000000000
org.apache.commons.lang3.math.NumberUtils:createNumber:(Ljava/lang/String;)Ljava/lang/Number;#492#285 prob_bp = 0.50000000000000000000
org.apache.commons.lang3.math.NumberUtils:createNumber:(Ljava/lang/String;)Ljava/lang/Number;#492#286 prob_bp = 0.50000000000000000000
org.apache.commons.lang3.math.NumberUtils:createNumber:(Ljava/lang/String;)Ljava/lang/Number;#563#671 prob_bp = 0.50000000000000000000
org.apache.commons.lang3.math.NumberUtils:createNumber:(Ljava/lang/String;)Ljava/lang/Number;#502#356 prob_bp = 0.50000000000000000000
org.apache.commons.lang3.math.NumberUtils:createNumber:(Ljava/lang/String;)Ljava/lang/Number;#502#371 prob_bp = 0.50000000000000000000
org.apache.commons.lang3.math.NumberUtils:createNumber:(Ljava/lang/String;)Ljava/lang/Number;#502#372 prob_bp = 0.50000000000000000000
org.apache.commons.lang3.math.NumberUtils:createDouble:(Ljava/lang/String;)Ljava/lang/Double;#650#10 prob_bp = 0.50000000000000000000
org.apache.commons.lang3.math.NumberUtils:createNumber:(Ljava/lang/String;)Ljava/lang/Number;#535#556 prob_bp = 0.50000000000000000000
org.apache.commons.lang3.math.NumberUtils:createNumber:(Ljava/lang/String;)Ljava/lang/Number;#536#558 prob_bp = 0.50000000000000000000
org.apache.commons.lang3.math.NumberUtils:createNumber:(Ljava/lang/String;)Ljava/lang/Number;#536#568 prob_bp = 0.50000000000000000000
org.apache.commons.lang3.math.NumberUtils:createNumber:(Ljava/lang/String;)Ljava/lang/Number;#536#571 prob_bp = 0.50000000000000000000
org.apache.commons.lang3.math.NumberUtils:createNumber:(Ljava/lang/String;)Ljava/lang/Number;#536#572 prob_bp = 0.50000000000000000000
org.apache.commons.lang3.math.NumberUtils:createNumber:(Ljava/lang/String;)Ljava/lang/Number;#536#574 prob_bp = 0.50000000000000000000
org.apache.commons.lang3.math.NumberUtils:createNumber:(Ljava/lang/String;)Ljava/lang/Number;#521#513 prob_bp = 0.50000000000000000000
org.apache.commons.lang3.math.NumberUtils:createNumber:(Ljava/lang/String;)Ljava/lang/Number;#522#520 prob_bp = 0.50000000000000000000
org.apache.commons.lang3.math.NumberUtils:createNumber:(Ljava/lang/String;)Ljava/lang/Number;#522#522 prob_bp = 0.50000000000000000000
org.apache.commons.lang3.math.NumberUtils:createNumber:(Ljava/lang/String;)Ljava/lang/Number;#522#528 prob_bp = 0.50000000000000000000
org.apache.commons.lang3.math.NumberUtils:createNumber:(Ljava/lang/String;)Ljava/lang/Number;#522#534 prob_bp = 0.50000000000000000000
org.apache.commons.lang3.math.NumberUtils:createNumber:(Ljava/lang/String;)Ljava/lang/Number;#568#679 prob_bp = 0.50000000000000000000
org.apache.commons.lang3.math.NumberUtils:createNumber:(Ljava/lang/String;)Ljava/lang/Number;#506#432 prob_bp = 0.50000000000000000000
org.apache.commons.lang3.math.NumberUtils:createNumber:(Ljava/lang/String;)Ljava/lang/Number;#456#70 prob_bp = 0.50000000000000000000
org.apache.commons.lang3.math.NumberUtils:createNumber:(Ljava/lang/String;)Ljava/lang/Number;#456#75 prob_bp = 0.50000000000000000000
org.apache.commons.lang3.math.NumberUtils:createNumber:(Ljava/lang/String;)Ljava/lang/Number;#456#76 prob_bp = 0.50000000000000000000
org.apache.commons.lang3.math.NumberUtils:createNumber:(Ljava/lang/String;)Ljava/lang/Number;#457#78 prob_bp = 0.50000000000000000000
org.apache.commons.lang3.math.NumberUtils:createNumber:(Ljava/lang/String;)Ljava/lang/Number;#457#80 prob_bp = 0.50000000000000000000
org.apache.commons.lang3.math.NumberUtils:createNumber:(Ljava/lang/String;)Ljava/lang/Number;#457#83#unexe#1 prob_bp = 0.50000000000000000000
org.apache.commons.lang3.math.NumberUtils:createNumber:(Ljava/lang/String;)Ljava/lang/Number;#460#90 prob_bp = 0.50000000000000000000
org.apache.commons.lang3.math.NumberUtils:createNumber:(Ljava/lang/String;)Ljava/lang/Number;#463#100 prob_bp = 0.50000000000000000000
org.apache.commons.lang3.math.NumberUtils:createNumber:(Ljava/lang/String;)Ljava/lang/Number;#463#101 prob_bp = 0.50000000000000000000
org.apache.commons.lang3.math.NumberUtils:createNumber:(Ljava/lang/String;)Ljava/lang/Number;#458#86 prob_bp = 0.50000000000000000000
org.apache.commons.lang3.math.NumberUtils:createNumber:(Ljava/lang/String;)Ljava/lang/Number;#475#153 prob_bp = 0.50000000000000000000
org.apache.commons.lang3.math.NumberUtils:createNumber:(Ljava/lang/String;)Ljava/lang/Number;#475#162 prob_bp = 0.50000000000000000000
org.apache.commons.lang3.math.NumberUtils:createNumber:(Ljava/lang/String;)Ljava/lang/Number;#478#196 prob_bp = 0.50000000000000000000
org.apache.commons.lang3.math.NumberUtils:createNumber:(Ljava/lang/String;)Ljava/lang/Number;#555#633 prob_bp = 0.50000000000000000000
org.apache.commons.lang3.math.NumberUtils:createNumber:(Ljava/lang/String;)Ljava/lang/Number;#555#637 prob_bp = 0.50000000000000000000
org.apache.commons.lang3.math.NumberUtils:createNumber:(Ljava/lang/String;)Ljava/lang/Number;#555#639 prob_bp = 0.50000000000000000000
org.apache.commons.lang3.math.NumberUtils:createNumber:(Ljava/lang/String;)Ljava/lang/Number;#556#643 prob_bp = 0.50000000000000000000
org.apache.commons.lang3.math.NumberUtils:createNumber:(Ljava/lang/String;)Ljava/lang/Number;#556#646 prob_bp = 0.50000000000000000000
org.apache.commons.lang3.math.NumberUtils:createNumber:(Ljava/lang/String;)Ljava/lang/Number;#556#648 prob_bp = 0.50000000000000000000
org.apache.commons.lang3.math.NumberUtils:createNumber:(Ljava/lang/String;)Ljava/lang/Number;#556#651 prob_bp = 0.50000000000000000000
org.apache.commons.lang3.math.NumberUtils:createNumber:(Ljava/lang/String;)Ljava/lang/Number;#586#750 prob_bp = 0.50000000000000000000
org.apache.commons.lang3.math.NumberUtils:createNumber:(Ljava/lang/String;)Ljava/lang/Number;#586#753 prob_bp = 0.50000000000000000000
org.apache.commons.lang3.math.NumberUtils:createNumber:(Ljava/lang/String;)Ljava/lang/Number;#587#755 prob_bp = 0.50000000000000000000
org.apache.commons.lang3.math.NumberUtils:createNumber:(Ljava/lang/String;)Ljava/lang/Number;#587#757 prob_bp = 0.50000000000000000000
org.apache.commons.lang3.math.NumberUtils:createNumber:(Ljava/lang/String;)Ljava/lang/Number;#587#760 prob_bp = 0.50000000000000000000
org.apache.commons.lang3.math.NumberUtils:createNumber:(Ljava/lang/String;)Ljava/lang/Number;#587#763 prob_bp = 0.50000000000000000000
org.apache.commons.lang3.math.NumberUtils:createNumber:(Ljava/lang/String;)Ljava/lang/Number;#587#768 prob_bp = 0.50000000000000000000
org.apache.commons.lang3.math.NumberUtils:createNumber:(Ljava/lang/String;)Ljava/lang/Number;#587#769 prob_bp = 0.50000000000000000000
org.apache.commons.lang3.math.NumberUtils:createNumber:(Ljava/lang/String;)Ljava/lang/Number;#579#736 prob_bp = 0.50000000000000000000
org.apache.commons.lang3.math.NumberUtils:createNumber:(Ljava/lang/String;)Ljava/lang/Number;#579#738 prob_bp = 0.50000000000000000000
org.apache.commons.lang3.math.NumberUtils:createNumber:(Ljava/lang/String;)Ljava/lang/Number;#514#482 prob_bp = 0.50000000000000000000
org.apache.commons.lang3.math.NumberUtils:createNumber:(Ljava/lang/String;)Ljava/lang/Number;#495#306 prob_bp = 0.50000000000000000000
org.apache.commons.lang3.math.NumberUtils:createNumber:(Ljava/lang/String;)Ljava/lang/Number;#495#312 prob_bp = 0.50000000000000000000
org.apache.commons.lang3.math.NumberUtils:createNumber:(Ljava/lang/String;)Ljava/lang/Number;#496#318 prob_bp = 0.50000000000000000000
org.apache.commons.lang3.math.NumberUtils:createNumber:(Ljava/lang/String;)Ljava/lang/Number;#496#323 prob_bp = 0.50000000000000000000
org.apache.commons.lang3.math.NumberUtils:createNumber:(Ljava/lang/String;)Ljava/lang/Number;#496#326 prob_bp = 0.50000000000000000000
org.apache.commons.lang3.math.NumberUtils:createNumber:(Ljava/lang/String;)Ljava/lang/Number;#496#327 prob_bp = 0.50000000000000000000
org.apache.commons.lang3.math.NumberUtils:createNumber:(Ljava/lang/String;)Ljava/lang/Number;#522#538 prob_bp = 0.50000000000000000000
org.apache.commons.lang3.math.NumberUtils:createNumber:(Ljava/lang/String;)Ljava/lang/Number;#522#540 prob_bp = 0.50000000000000000000
org.apache.commons.lang3.math.NumberUtils:createNumber:(Ljava/lang/String;)Ljava/lang/Number;#536#577 prob_bp = 0.50000000000000000000
org.apache.commons.lang3.math.NumberUtils:createNumber:(Ljava/lang/String;)Ljava/lang/Number;#485#236 prob_bp = 0.50000000000000000000
org.apache.commons.lang3.math.NumberUtils:createNumber:(Ljava/lang/String;)Ljava/lang/Number;#455#37 prob_bp = 0.50000000000000010000
org.apache.commons.lang3.math.NumberUtils:createNumber:(Ljava/lang/String;)Ljava/lang/Number;#472#141 prob_bp = 0.50000000000000010000
org.apache.commons.lang3.math.NumberUtils:createNumber:(Ljava/lang/String;)Ljava/lang/Number;#472#144 prob_bp = 0.50000000000000010000
org.apache.commons.lang3.math.NumberUtils:createNumber:(Ljava/lang/String;)Ljava/lang/Number;#474#147 prob_bp = 0.50000000000000010000
org.apache.commons.lang3.math.NumberUtils:createNumber:(Ljava/lang/String;)Ljava/lang/Number;#474#149 prob_bp = 0.50000000000000010000
org.apache.commons.lang3.math.NumberUtils:createNumber:(Ljava/lang/String;)Ljava/lang/Number;#480#218 prob_bp = 0.50000000000000010000
org.apache.commons.lang3.math.NumberUtils:createNumber:(Ljava/lang/String;)Ljava/lang/Number;#482#219 prob_bp = 0.50000000000000010000
org.apache.commons.lang3.math.NumberUtils:createNumber:(Ljava/lang/String;)Ljava/lang/Number;#482#220 prob_bp = 0.50000000000000010000
org.apache.commons.lang3.math.NumberUtils:createNumber:(Ljava/lang/String;)Ljava/lang/Number;#555#625 prob_bp = 0.50000000000000010000
org.apache.commons.lang3.math.NumberUtils:createNumber:(Ljava/lang/String;)Ljava/lang/Number;#558#660 prob_bp = 0.50000000000000010000
org.apache.commons.lang3.math.NumberUtils:createNumber:(Ljava/lang/String;)Ljava/lang/Number;#560#662 prob_bp = 0.50000000000000010000
org.apache.commons.lang3.math.NumberUtils:createNumber:(Ljava/lang/String;)Ljava/lang/Number;#576#690 prob_bp = 0.50000000000000010000
org.apache.commons.lang3.math.NumberUtils:isAllZeros:(Ljava/lang/String;)Z#609#0 prob_bp = 0.50000000000000010000
org.apache.commons.lang3.math.NumberUtils:isAllZeros:(Ljava/lang/String;)Z#612#6 prob_bp = 0.50000000000000010000
org.apache.commons.lang3.math.NumberUtils:isAllZeros:(Ljava/lang/String;)Z#612#7 prob_bp = 0.50000000000000010000
org.apache.commons.lang3.math.NumberUtils:isAllZeros:(Ljava/lang/String;)Z#613#17 prob_bp = 0.50000000000000010000
org.apache.commons.lang3.math.NumberUtils:isAllZeros:(Ljava/lang/String;)Z#613#18 prob_bp = 0.50000000000000010000
org.apache.commons.lang3.math.NumberUtils:createNumber:(Ljava/lang/String;)Ljava/lang/Number;#576#694 prob_bp = 0.50000000000000010000
org.apache.commons.lang3.math.NumberUtils:createNumber:(Ljava/lang/String;)Ljava/lang/Number;#576#709 prob_bp = 0.50000000000000010000
org.apache.commons.lang3.math.NumberUtils:createNumber:(Ljava/lang/String;)Ljava/lang/Number;#579#723 prob_bp = 0.50000000000000010000
org.apache.commons.lang3.math.NumberUtils:createNumber:(Ljava/lang/String;)Ljava/lang/Number;#579#731 prob_bp = 0.50000000000000010000
org.apache.commons.lang3.math.NumberUtils:createNumber:(Ljava/lang/String;)Ljava/lang/Number;#579#733 prob_bp = 0.50000000000000010000
org.apache.commons.lang3.math.NumberUtils:createNumber:(Ljava/lang/String;)Ljava/lang/Number;#490#283 prob_bp = 0.50000000000000010000
org.apache.commons.lang3.math.NumberUtils:createNumber:(Ljava/lang/String;)Ljava/lang/Number;#560#668 prob_bp = 0.50000000000000010000
org.apache.commons.lang3.math.NumberUtils:createNumber:(Ljava/lang/String;)Ljava/lang/Number;#563#672 prob_bp = 0.50000000000000010000
org.apache.commons.lang3.math.NumberUtils:createNumber:(Ljava/lang/String;)Ljava/lang/Number;#502#352 prob_bp = 0.50000000000000010000
org.apache.commons.lang3.math.NumberUtils:createNumber:(Ljava/lang/String;)Ljava/lang/Number;#502#353 prob_bp = 0.50000000000000010000
org.apache.commons.lang3.math.NumberUtils:createNumber:(Ljava/lang/String;)Ljava/lang/Number;#535#551 prob_bp = 0.50000000000000010000
org.apache.commons.lang3.math.NumberUtils:createNumber:(Ljava/lang/String;)Ljava/lang/Number;#535#553 prob_bp = 0.50000000000000010000
org.apache.commons.lang3.math.NumberUtils:createNumber:(Ljava/lang/String;)Ljava/lang/Number;#521#515 prob_bp = 0.50000000000000010000
org.apache.commons.lang3.math.NumberUtils:createNumber:(Ljava/lang/String;)Ljava/lang/Number;#521#518 prob_bp = 0.50000000000000010000
org.apache.commons.lang3.math.NumberUtils:createNumber:(Ljava/lang/String;)Ljava/lang/Number;#522#533 prob_bp = 0.50000000000000010000
org.apache.commons.lang3.math.NumberUtils:createNumber:(Ljava/lang/String;)Ljava/lang/Number;#568#678 prob_bp = 0.50000000000000010000
org.apache.commons.lang3.math.NumberUtils:createNumber:(Ljava/lang/String;)Ljava/lang/Number;#506#433 prob_bp = 0.50000000000000010000
org.apache.commons.lang3.math.NumberUtils:createNumber:(Ljava/lang/String;)Ljava/lang/Number;#457#77 prob_bp = 0.50000000000000010000
org.apache.commons.lang3.math.NumberUtils:createNumber:(Ljava/lang/String;)Ljava/lang/Number;#460#92 prob_bp = 0.50000000000000010000
org.apache.commons.lang3.math.NumberUtils:createNumber:(Ljava/lang/String;)Ljava/lang/Number;#475#157 prob_bp = 0.50000000000000010000
org.apache.commons.lang3.math.NumberUtils:createNumber:(Ljava/lang/String;)Ljava/lang/Number;#475#166 prob_bp = 0.50000000000000010000
org.apache.commons.lang3.math.NumberUtils:createNumber:(Ljava/lang/String;)Ljava/lang/Number;#478#197 prob_bp = 0.50000000000000010000
org.apache.commons.lang3.math.NumberUtils:createNumber:(Ljava/lang/String;)Ljava/lang/Number;#478#200 prob_bp = 0.50000000000000010000
org.apache.commons.lang3.math.NumberUtils:createNumber:(Ljava/lang/String;)Ljava/lang/Number;#478#201 prob_bp = 0.50000000000000010000
org.apache.commons.lang3.math.NumberUtils:createNumber:(Ljava/lang/String;)Ljava/lang/Number;#478#206 prob_bp = 0.50000000000000010000
org.apache.commons.lang3.math.NumberUtils:createNumber:(Ljava/lang/String;)Ljava/lang/Number;#555#631 prob_bp = 0.50000000000000010000
org.apache.commons.lang3.math.NumberUtils:createNumber:(Ljava/lang/String;)Ljava/lang/Number;#556#645 prob_bp = 0.50000000000000010000
org.apache.commons.lang3.math.NumberUtils:createNumber:(Ljava/lang/String;)Ljava/lang/Number;#587#770 prob_bp = 0.50000000000000010000
org.apache.commons.lang3.math.NumberUtils:createNumber:(Ljava/lang/String;)Ljava/lang/Number;#514#480 prob_bp = 0.50000000000000010000
org.apache.commons.lang3.math.NumberUtils:createNumber:(Ljava/lang/String;)Ljava/lang/Number;#495#313 prob_bp = 0.50000000000000010000
org.apache.commons.lang3.math.NumberUtils:createNumber:(Ljava/lang/String;)Ljava/lang/Number;#495#314 prob_bp = 0.50000000000000010000
org.apache.commons.lang3.math.NumberUtils:createNumber:(Ljava/lang/String;)Ljava/lang/Number;#496#317 prob_bp = 0.50000000000000010000
org.apache.commons.lang3.math.NumberUtils:createNumber:(Ljava/lang/String;)Ljava/lang/Number;#496#320 prob_bp = 0.50000000000000010000
org.apache.commons.lang3.math.NumberUtils:createNumber:(Ljava/lang/String;)Ljava/lang/Number;#496#322 prob_bp = 0.50000000000000010000
org.apache.commons.lang3.math.NumberUtils:createNumber:(Ljava/lang/String;)Ljava/lang/Number;#543#590 prob_bp = 0.50000000000000010000
org.apache.commons.lang3.math.NumberUtils:createNumber:(Ljava/lang/String;)Ljava/lang/Number;#572#685 prob_bp = 0.50000000000000010000
org.apache.commons.lang3.math.NumberUtils:createNumber:(Ljava/lang/String;)Ljava/lang/Number;#474#150 prob_bp = 0.50000000000000020000
org.apache.commons.lang3.math.NumberUtils:createNumber:(Ljava/lang/String;)Ljava/lang/Number;#482#223 prob_bp = 0.50000000000000020000
org.apache.commons.lang3.math.NumberUtils:createNumber:(Ljava/lang/String;)Ljava/lang/Number;#560#663 prob_bp = 0.50000000000000020000
org.apache.commons.lang3.math.NumberUtils:createNumber:(Ljava/lang/String;)Ljava/lang/Number;#578#713 prob_bp = 0.50000000000000020000
org.apache.commons.lang3.math.NumberUtils:createNumber:(Ljava/lang/String;)Ljava/lang/Number;#522#525 prob_bp = 0.50000000000000020000
org.apache.commons.lang3.math.NumberUtils:createNumber:(Ljava/lang/String;)Ljava/lang/Number;#522#530 prob_bp = 0.50000000000000020000
org.apache.commons.lang3.math.NumberUtils:createNumber:(Ljava/lang/String;)Ljava/lang/Number;#475#163 prob_bp = 0.50000000000000020000
org.apache.commons.lang3.math.NumberUtils:createNumber:(Ljava/lang/String;)Ljava/lang/Number;#478#199 prob_bp = 0.50000000000000020000
org.apache.commons.lang3.math.NumberUtils:createNumber:(Ljava/lang/String;)Ljava/lang/Number;#478#203 prob_bp = 0.50000000000000020000
org.apache.commons.lang3.math.NumberUtils:createNumber:(Ljava/lang/String;)Ljava/lang/Number;#496#328 prob_bp = 0.50000000000000020000
org.apache.commons.lang3.math.NumberUtils:createNumber:(Ljava/lang/String;)Ljava/lang/Number;#455#34 prob_bp = 0.50000000000000030000
org.apache.commons.lang3.math.NumberUtils:createNumber:(Ljava/lang/String;)Ljava/lang/Number;#455#52 prob_bp = 0.50000000000000030000
org.apache.commons.lang3.math.NumberUtils:createNumber:(Ljava/lang/String;)Ljava/lang/Number;#469#116 prob_bp = 0.50000000000000030000
org.apache.commons.lang3.math.NumberUtils:createNumber:(Ljava/lang/String;)Ljava/lang/Number;#469#122 prob_bp = 0.50000000000000030000
org.apache.commons.lang3.math.NumberUtils:createNumber:(Ljava/lang/String;)Ljava/lang/Number;#555#627 prob_bp = 0.50000000000000030000
org.apache.commons.lang3.math.NumberUtils:createNumber:(Ljava/lang/String;)Ljava/lang/Number;#558#659 prob_bp = 0.50000000000000030000
org.apache.commons.lang3.math.NumberUtils:isAllZeros:(Ljava/lang/String;)Z#609#1 prob_bp = 0.50000000000000030000
org.apache.commons.lang3.math.NumberUtils:createNumber:(Ljava/lang/String;)Ljava/lang/Number;#560#666 prob_bp = 0.50000000000000030000
org.apache.commons.lang3.math.NumberUtils:createNumber:(Ljava/lang/String;)Ljava/lang/Number;#495#300 prob_bp = 0.50000000000000030000
org.apache.commons.lang3.math.NumberUtils:createNumber:(Ljava/lang/String;)Ljava/lang/Number;#495#302 prob_bp = 0.50000000000000030000
org.apache.commons.lang3.math.NumberUtils:createNumber:(Ljava/lang/String;)Ljava/lang/Number;#456#71 prob_bp = 0.50000000000000030000
org.apache.commons.lang3.math.NumberUtils:createNumber:(Ljava/lang/String;)Ljava/lang/Number;#495#308 prob_bp = 0.50000000000000030000
org.apache.commons.lang3.math.NumberUtils:createNumber:(Ljava/lang/String;)Ljava/lang/Number;#455#53 prob_bp = 0.50000000000000040000
org.apache.commons.lang3.math.NumberUtils:createNumber:(Ljava/lang/String;)Ljava/lang/Number;#455#55 prob_bp = 0.50000000000000040000
org.apache.commons.lang3.math.NumberUtils:isAllZeros:(Ljava/lang/String;)Z#613#19 prob_bp = 0.50000000000000040000
org.apache.commons.lang3.math.NumberUtils:createNumber:(Ljava/lang/String;)Ljava/lang/Number;#555#634 prob_bp = 0.50000000000000040000
org.apache.commons.lang3.math.NumberUtils:createNumber:(Ljava/lang/String;)Ljava/lang/Number;#455#44 prob_bp = 0.50000000000000060000
org.apache.commons.lang3.math.NumberUtils:createNumber:(Ljava/lang/String;)Ljava/lang/Number;#469#117 prob_bp = 0.50000000000000060000
org.apache.commons.lang3.math.NumberUtils:createNumber:(Ljava/lang/String;)Ljava/lang/Number;#470#137 prob_bp = 0.50000000000000060000
org.apache.commons.lang3.math.NumberUtils:createNumber:(Ljava/lang/String;)Ljava/lang/Number;#470#138 prob_bp = 0.50000000000000060000
org.apache.commons.lang3.math.NumberUtils:createNumber:(Ljava/lang/String;)Ljava/lang/Number;#555#628 prob_bp = 0.50000000000000060000
org.apache.commons.lang3.math.NumberUtils:isAllZeros:(Ljava/lang/String;)Z#612#10 prob_bp = 0.50000000000000060000
org.apache.commons.lang3.math.NumberUtils:isAllZeros:(Ljava/lang/String;)Z#612#11 prob_bp = 0.50000000000000060000
org.apache.commons.lang3.math.NumberUtils:createNumber:(Ljava/lang/String;)Ljava/lang/Number;#465#106 prob_bp = 0.50000000000000070000
org.apache.commons.lang3.math.NumberUtils:isAllZeros:(Ljava/lang/String;)Z#614#27 prob_bp = 0.50000000000000070000
org.apache.commons.lang3.math.NumberUtils:createNumber:(Ljava/lang/String;)Ljava/lang/Number;#495#303 prob_bp = 0.50000000000000070000
org.apache.commons.lang3.math.NumberUtils:createNumber:(Ljava/lang/String;)Ljava/lang/Number;#455#35 prob_bp = 0.50000000000000080000
org.apache.commons.lang3.math.NumberUtils:createNumber:(Ljava/lang/String;)Ljava/lang/Number;#470#127 prob_bp = 0.50000000000000080000
org.apache.commons.lang3.math.NumberUtils:createNumber:(Ljava/lang/String;)Ljava/lang/Number;#472#143 prob_bp = 0.50000000000000080000
org.apache.commons.lang3.math.NumberUtils:createNumber:(Ljava/lang/String;)Ljava/lang/Number;#455#46 prob_bp = 0.50000000000000090000
org.apache.commons.lang3.math.NumberUtils:createNumber:(Ljava/lang/String;)Ljava/lang/Number;#465#107 prob_bp = 0.50000000000000100000
org.apache.commons.lang3.math.NumberUtils:createNumber:(Ljava/lang/String;)Ljava/lang/Number;#469#119 prob_bp = 0.50000000000000120000
org.apache.commons.lang3.math.NumberUtils:createNumber:(Ljava/lang/String;)Ljava/lang/Number;#470#139 prob_bp = 0.50000000000000140000
org.apache.commons.lang3.math.NumberUtils:createNumber:(Ljava/lang/String;)Ljava/lang/Number;#455#61 prob_bp = 0.50000000000000260000
org.apache.commons.lang3.math.NumberUtils:isAllZeros:(Ljava/lang/String;)Z#612#12 prob_bp = 0.50000000000000280000
org.apache.commons.lang3.math.NumberUtils:createNumber:(Ljava/lang/String;)Ljava/lang/Number;#455#62 prob_bp = 0.50000000000000320000
org.apache.commons.lang3.math.NumberUtils:createNumber:(Ljava/lang/String;)Ljava/lang/Number;#465#110 prob_bp = 0.50000000000000370000
org.apache.commons.lang3.math.NumberUtils:createNumber:(Ljava/lang/String;)Ljava/lang/Number;#465#111 prob_bp = 0.50000000000000380000
org.apache.commons.lang3.math.NumberUtils:createNumber:(Ljava/lang/String;)Ljava/lang/Number;#455#64 prob_bp = 0.50000000000000390000
org.apache.commons.lang3.math.NumberUtils:createNumber:(Ljava/lang/String;)Ljava/lang/Number;#455#58 prob_bp = 0.50000000000000430000
org.apache.commons.lang3.math.NumberUtils:createNumber:(Ljava/lang/String;)Ljava/lang/Number;#484#230 prob_bp = 0.50000000000000660000
org.apache.commons.lang3.math.NumberUtils:isAllZeros:(Ljava/lang/String;)Z#612#13 prob_bp = 0.50000000000001280000
org.apache.commons.lang3.math.NumberUtils:createNumber:(Ljava/lang/String;)Ljava/lang/Number;#470#130 prob_bp = 0.50000000000001700000
org.apache.commons.lang3.math.NumberUtils:createNumber:(Ljava/lang/String;)Ljava/lang/Number;#470#131 prob_bp = 0.50000000000001900000
org.apache.commons.lang3.math.NumberUtils:createNumber:(Ljava/lang/String;)Ljava/lang/Number;#470#133 prob_bp = 0.50000000000002000000
org.apache.commons.lang3.math.NumberUtils:createNumber:(Ljava/lang/String;)Ljava/lang/Number;#484#232 prob_bp = 0.50000000000002630000
org.apache.commons.lang3.math.NumberUtils:createNumber:(Ljava/lang/String;)Ljava/lang/Number;#484#233 prob_bp = 0.50000000000002710000
org.apache.commons.lang3.math.NumberUtils:createNumber:(Ljava/lang/String;)Ljava/lang/Number;#465#105 prob_bp = 0.50000000000003930000
org.apache.commons.lang3.math.NumberUtils:isAllZeros:(Ljava/lang/String;)Z#612#14 prob_bp = 0.50000000000005320000
org.apache.commons.lang3.math.NumberUtils:createNumber:(Ljava/lang/String;)Ljava/lang/Number;#465#112 prob_bp = 0.50000000000005700000
org.apache.commons.lang3.math.NumberUtils:createNumber:(Ljava/lang/String;)Ljava/lang/Number;#498#336 prob_bp = 0.50000000000011860000
org.apache.commons.lang3.math.NumberUtils:createNumber:(Ljava/lang/String;)Ljava/lang/Number;#498#337 prob_bp = 0.50000000000012330000
org.apache.commons.lang3.math.NumberUtils:createNumber:(Ljava/lang/String;)Ljava/lang/Number;#495#303#unexe#4 prob_bp = 0.50000000000014260000
org.apache.commons.lang3.math.NumberUtils:createNumber:(Ljava/lang/String;)Ljava/lang/Number;#506#436 prob_bp = 0.50000000000022050000
org.apache.commons.lang3.math.NumberUtils:createNumber:(Ljava/lang/String;)Ljava/lang/Number;#506#438 prob_bp = 0.50000000000053520000
org.apache.commons.lang3.JavaVersion:get:(Ljava/lang/String;)Lorg/apache/commons/lang3/JavaVersion;#132#0 prob_bp = 0.50000000000085640000
org.apache.commons.lang3.JavaVersion:get:(Ljava/lang/String;)Lorg/apache/commons/lang3/JavaVersion;#132#2 prob_bp = 0.50000000000085640000
org.apache.commons.lang3.JavaVersion:get:(Ljava/lang/String;)Lorg/apache/commons/lang3/JavaVersion;#132#3 prob_bp = 0.50000000000087750000
org.apache.commons.lang3.JavaVersion:get:(Ljava/lang/String;)Lorg/apache/commons/lang3/JavaVersion;#132#6 prob_bp = 0.50000000000095180000
org.apache.commons.lang3.math.NumberUtils:createNumber:(Ljava/lang/String;)Ljava/lang/Number;#506#441 prob_bp = 0.50000000000109380000
org.apache.commons.lang3.math.NumberUtils:createNumber:(Ljava/lang/String;)Ljava/lang/Number;#494#287 prob_bp = 0.50000000000142910000
org.apache.commons.lang3.math.NumberUtils:createNumber:(Ljava/lang/String;)Ljava/lang/Number;#455#67 prob_bp = 0.50000000000161380000
org.apache.commons.lang3.JavaVersion:get:(Ljava/lang/String;)Lorg/apache/commons/lang3/JavaVersion;#134#13 prob_bp = 0.50000000000324680000
org.apache.commons.lang3.JavaVersion:get:(Ljava/lang/String;)Lorg/apache/commons/lang3/JavaVersion;#134#15 prob_bp = 0.50000000000324680000
org.apache.commons.lang3.JavaVersion:get:(Ljava/lang/String;)Lorg/apache/commons/lang3/JavaVersion;#134#16 prob_bp = 0.50000000000338640000
org.apache.commons.lang3.math.NumberUtils:createNumber:(Ljava/lang/String;)Ljava/lang/Number;#501#341 prob_bp = 0.50000000000350660000
org.apache.commons.lang3.math.NumberUtils:createNumber:(Ljava/lang/String;)Ljava/lang/Number;#501#342 prob_bp = 0.50000000000404670000
org.apache.commons.lang3.math.NumberUtils:createNumber:(Ljava/lang/String;)Ljava/lang/Number;#506#443 prob_bp = 0.50000000000443070000
org.apache.commons.lang3.math.NumberUtils:createNumber:(Ljava/lang/String;)Ljava/lang/Number;#506#444 prob_bp = 0.50000000000460940000
org.apache.commons.lang3.JavaVersion:get:(Ljava/lang/String;)Lorg/apache/commons/lang3/JavaVersion;#134#19 prob_bp = 0.50000000000510800000
org.apache.commons.lang3.math.NumberUtils:createNumber:(Ljava/lang/String;)Ljava/lang/Number;#494#288 prob_bp = 0.50000000000605170000
org.apache.commons.lang3.math.NumberUtils:isAllZeros:(Ljava/lang/String;)Z#613#22 prob_bp = 0.50000000000792440000
org.apache.commons.lang3.math.NumberUtils:isAllZeros:(Ljava/lang/String;)Z#613#24 prob_bp = 0.50000000000824370000
org.apache.commons.lang3.math.NumberUtils:createNumber:(Ljava/lang/String;)Ljava/lang/Number;#501#345 prob_bp = 0.50000000001222420000
org.apache.commons.lang3.math.NumberUtils:createNumber:(Ljava/lang/String;)Ljava/lang/Number;#501#346 prob_bp = 0.50000000001271770000
org.apache.commons.lang3.math.NumberUtils:createNumber:(Ljava/lang/String;)Ljava/lang/Number;#494#291 prob_bp = 0.50000000002471120000
org.apache.commons.lang3.math.NumberUtils:createNumber:(Ljava/lang/String;)Ljava/lang/Number;#506#447 prob_bp = 0.50000000005701430000
org.apache.commons.lang3.math.NumberUtils:createNumber:(Ljava/lang/String;)Ljava/lang/Number;#506#449 prob_bp = 0.50000000005930800000
org.apache.commons.lang3.StringUtils:isBlank:(Ljava/lang/CharSequence;)Z#235#0 prob_bp = 0.50000000008435050000
org.apache.commons.lang3.StringUtils:isBlank:(Ljava/lang/CharSequence;)Z#235#1 prob_bp = 0.50000000011358260000
org.apache.commons.lang3.JavaVersion:get:(Ljava/lang/String;)Lorg/apache/commons/lang3/JavaVersion;#136#26 prob_bp = 0.50000000013729120000
org.apache.commons.lang3.JavaVersion:get:(Ljava/lang/String;)Lorg/apache/commons/lang3/JavaVersion;#136#28 prob_bp = 0.50000000013729120000
org.apache.commons.lang3.JavaVersion:get:(Ljava/lang/String;)Lorg/apache/commons/lang3/JavaVersion;#136#29 prob_bp = 0.50000000014329650000
org.apache.commons.lang3.math.NumberUtils:createNumber:(Ljava/lang/String;)Ljava/lang/Number;#501#339 prob_bp = 0.50000000018048970000
org.apache.commons.lang3.math.NumberUtils:createNumber:(Ljava/lang/String;)Ljava/lang/Number;#501#340 prob_bp = 0.50000000020020440000
org.apache.commons.lang3.math.NumberUtils:createNumber:(Ljava/lang/String;)Ljava/lang/Number;#501#347 prob_bp = 0.50000000020828690000
org.apache.commons.lang3.JavaVersion:get:(Ljava/lang/String;)Lorg/apache/commons/lang3/JavaVersion;#136#32 prob_bp = 0.50000000022929370000
org.apache.commons.lang3.StringUtils:isBlank:(Ljava/lang/CharSequence;)Z#235#12 prob_bp = 0.50000000029236260000
org.apache.commons.lang3.StringUtils:isBlank:(Ljava/lang/CharSequence;)Z#235#10 prob_bp = 0.50000000037172140000
org.apache.commons.lang3.math.NumberUtils:isDigits:(Ljava/lang/String;)Z#1299#32 prob_bp = 0.50000000053416570000
org.apache.commons.lang3.math.NumberUtils:isDigits:(Ljava/lang/String;)Z#1296#0 prob_bp = 0.50000000058851530000
org.apache.commons.lang3.math.NumberUtils:createNumber:(Ljava/lang/String;)Ljava/lang/Number;#465#115 prob_bp = 0.50000000064389040000
org.apache.commons.lang3.math.NumberUtils:isDigits:(Ljava/lang/String;)Z#1296#1 prob_bp = 0.50000000067915320000
org.apache.commons.lang3.math.NumberUtils:createNumber:(Ljava/lang/String;)Ljava/lang/Number;#494#294 prob_bp = 0.50000000080549760000
org.apache.commons.lang3.StringUtils:isBlank:(Ljava/lang/CharSequence;)Z#235#11 prob_bp = 0.50000000127865950000
org.apache.commons.lang3.math.NumberUtils:createNumber:(Ljava/lang/String;)Ljava/lang/Number;#503#374 prob_bp = 0.50000000243179730000
org.apache.commons.lang3.math.NumberUtils:createBigDecimal:(Ljava/lang/String;)Ljava/math/BigDecimal;#714#0 prob_bp = 0.50000000316564850000
org.apache.commons.lang3.StringUtils:isBlank:(Ljava/lang/CharSequence;)Z#235#4 prob_bp = 0.50000000316864450000
org.apache.commons.lang3.math.NumberUtils:createBigDecimal:(Ljava/lang/String;)Ljava/math/BigDecimal;#714#1 prob_bp = 0.50000000323309430000
org.apache.commons.lang3.math.NumberUtils:createNumber:(Ljava/lang/String;)Ljava/lang/Number;#494#295 prob_bp = 0.50000000327253810000
org.apache.commons.lang3.math.NumberUtils:createNumber:(Ljava/lang/String;)Ljava/lang/Number;#494#297 prob_bp = 0.50000000340432490000
org.apache.commons.lang3.StringUtils:isBlank:(Ljava/lang/CharSequence;)Z#235#5 prob_bp = 0.50000000468980590000
org.apache.commons.lang3.StringUtils:isBlank:(Ljava/lang/CharSequence;)Z#238#20 prob_bp = 0.50000000491224320000
org.apache.commons.lang3.StringUtils:isBlank:(Ljava/lang/CharSequence;)Z#239#24 prob_bp = 0.50000000650157520000
org.apache.commons.lang3.StringUtils:isBlank:(Ljava/lang/CharSequence;)Z#239#25 prob_bp = 0.50000000654729970000
org.apache.commons.lang3.JavaVersion:get:(Ljava/lang/String;)Lorg/apache/commons/lang3/JavaVersion;#138#39 prob_bp = 0.50000000727285050000
org.apache.commons.lang3.JavaVersion:get:(Ljava/lang/String;)Lorg/apache/commons/lang3/JavaVersion;#138#41 prob_bp = 0.50000000727285050000
org.apache.commons.lang3.JavaVersion:get:(Ljava/lang/String;)Lorg/apache/commons/lang3/JavaVersion;#138#42 prob_bp = 0.50000000758558930000
org.apache.commons.lang3.math.NumberUtils:createBigDecimal:(Ljava/lang/String;)Ljava/math/BigDecimal;#718#6 prob_bp = 0.50000000826995980000
org.apache.commons.lang3.math.NumberUtils:createBigDecimal:(Ljava/lang/String;)Ljava/math/BigDecimal;#718#7 prob_bp = 0.50000000866434260000
org.apache.commons.lang3.StringUtils:isBlank:(Ljava/lang/CharSequence;)Z#239#26 prob_bp = 0.50000001010630290000
org.apache.commons.lang3.math.NumberUtils:createNumber:(Ljava/lang/String;)Ljava/lang/Number;#503#375 prob_bp = 0.50000001029881060000
org.apache.commons.lang3.math.NumberUtils:isDigits:(Ljava/lang/String;)Z#1296#4 prob_bp = 0.50000001130672780000
org.apache.commons.lang3.JavaVersion:get:(Ljava/lang/String;)Lorg/apache/commons/lang3/JavaVersion;#138#45 prob_bp = 0.50000001214316660000
org.apache.commons.lang3.StringUtils:isBlank:(Ljava/lang/CharSequence;)Z#238#19 prob_bp = 0.50000001266789700000
org.apache.commons.lang3.StringUtils:isBlank:(Ljava/lang/CharSequence;)Z#238#17 prob_bp = 0.50000001598485190000
org.apache.commons.lang3.math.NumberUtils:createNumber:(Ljava/lang/String;)Ljava/lang/Number;#506#464 prob_bp = 0.50000001612994490000
org.apache.commons.lang3.StringUtils:isBlank:(Ljava/lang/CharSequence;)Z#238#18 prob_bp = 0.50000001662794380000
org.apache.commons.lang3.StringUtils:isBlank:(Ljava/lang/CharSequence;)Z#238#21 prob_bp = 0.50000001953291640000
org.apache.commons.lang3.StringUtils:isEmpty:(Ljava/lang/CharSequence;)Z#195#0 prob_bp = 0.50000004634136870000
org.apache.commons.lang3.math.NumberUtils:createNumber:(Ljava/lang/String;)Ljava/lang/Number;#506#466 prob_bp = 0.50000006815918460000
org.apache.commons.lang3.math.NumberUtils:isDigits:(Ljava/lang/String;)Z#1299#11 prob_bp = 0.50000009448508530000
org.apache.commons.lang3.math.NumberUtils:isDigits:(Ljava/lang/String;)Z#1300#20 prob_bp = 0.50000011205375230000
org.apache.commons.lang3.StringUtils:isEmpty:(Ljava/lang/CharSequence;)Z#195#1 prob_bp = 0.50000014083517060000
org.apache.commons.lang3.math.NumberUtils:isDigits:(Ljava/lang/String;)Z#1299#16 prob_bp = 0.50000014439609960000
org.apache.commons.lang3.math.NumberUtils:isDigits:(Ljava/lang/String;)Z#1300#19 prob_bp = 0.50000014837646090000
org.apache.commons.lang3.math.NumberUtils:isDigits:(Ljava/lang/String;)Z#1300#21 prob_bp = 0.50000017128927270000
org.apache.commons.lang3.math.NumberUtils:isDigits:(Ljava/lang/String;)Z#1299#9 prob_bp = 0.50000017233488210000
org.apache.commons.lang3.math.NumberUtils:isDigits:(Ljava/lang/String;)Z#1299#10 prob_bp = 0.50000017916738100000
org.apache.commons.lang3.math.NumberUtils:isDigits:(Ljava/lang/String;)Z#1299#12 prob_bp = 0.50000028544364770000
org.apache.commons.lang3.JavaVersion:get:(Ljava/lang/String;)Lorg/apache/commons/lang3/JavaVersion;#140#52 prob_bp = 0.50000038665640160000
org.apache.commons.lang3.JavaVersion:get:(Ljava/lang/String;)Lorg/apache/commons/lang3/JavaVersion;#140#54 prob_bp = 0.50000038665640160000
org.apache.commons.lang3.JavaVersion:get:(Ljava/lang/String;)Lorg/apache/commons/lang3/JavaVersion;#140#55 prob_bp = 0.50000040270624780000
org.apache.commons.lang3.JavaVersion:get:(Ljava/lang/String;)Lorg/apache/commons/lang3/JavaVersion;#140#58 prob_bp = 0.50000064438125460000
org.apache.commons.lang3.math.NumberUtils:isDigits:(Ljava/lang/String;)Z#1299#13 prob_bp = 0.50000113258407730000
org.apache.commons.lang3.JavaVersion:<clinit>:()V#47#65 prob_bp = 0.50000127315711400000
org.apache.commons.lang3.StringUtils:isEmpty:(Ljava/lang/CharSequence;)Z#195#4 prob_bp = 0.50000227878322080000
org.apache.commons.lang3.math.NumberUtils:createNumber:(Ljava/lang/String;)Ljava/lang/Number;#501#350 prob_bp = 0.50000401368916010000
org.apache.commons.lang3.StringUtils:isEmpty:(Ljava/lang/CharSequence;)Z#195#5 prob_bp = 0.50000714210237310000
org.apache.commons.lang3.math.NumberUtils:isDigits:(Ljava/lang/String;)Z#1304#38 prob_bp = 0.50001394667277020000
org.apache.commons.lang3.math.NumberUtils:isDigits:(Ljava/lang/String;)Z#1304#39 prob_bp = 0.50001451011508870000
org.apache.commons.lang3.math.NumberUtils:createNumber:(Ljava/lang/String;)Ljava/lang/Number;#506#469 prob_bp = 0.50001678641143350000
org.apache.commons.lang3.math.NumberUtils:createNumber:(Ljava/lang/String;)Ljava/lang/Number;#510#472 prob_bp = 0.50002019994249920000
org.apache.commons.lang3.JavaVersion:get:(Ljava/lang/String;)Lorg/apache/commons/lang3/JavaVersion;#142#65 prob_bp = 0.50002050124316710000
org.apache.commons.lang3.JavaVersion:get:(Ljava/lang/String;)Lorg/apache/commons/lang3/JavaVersion;#142#67 prob_bp = 0.50002050124316710000
org.apache.commons.lang3.JavaVersion:get:(Ljava/lang/String;)Lorg/apache/commons/lang3/JavaVersion;#142#68 prob_bp = 0.50002134852563830000
org.apache.commons.lang3.StringUtils:isEmpty:(Ljava/lang/CharSequence;)Z#195#10 prob_bp = 0.50002669564858270000
org.apache.commons.lang3.StringUtils:isBlank:(Ljava/lang/CharSequence;)Z#239#31 prob_bp = 0.50003390210483570000
org.apache.commons.lang3.JavaVersion:get:(Ljava/lang/String;)Lorg/apache/commons/lang3/JavaVersion;#142#71 prob_bp = 0.50003420041344290000
org.apache.commons.lang3.math.NumberUtils:createNumber:(Ljava/lang/String;)Ljava/lang/Number;#510#474 prob_bp = 0.50008431535385820000
org.apache.commons.lang3.StringUtils:isBlank:(Ljava/lang/CharSequence;)Z#239#34 prob_bp = 0.50017077292730590000
org.apache.commons.lang3.math.NumberUtils:isDigits:(Ljava/lang/String;)Z#1300#24 prob_bp = 0.50030953957025690000
org.apache.commons.lang3.SystemUtils:<clinit>:()V#442#166 prob_bp = 0.50083633542639930000
org.apache.commons.lang3.SystemUtils:isJavaVersionAtLeast:(Lorg/apache/commons/lang3/JavaVersion;)Z#1383#0 prob_bp = 0.50085318666752450000
org.apache.commons.lang3.SystemUtils:isJavaVersionAtLeast:(Lorg/apache/commons/lang3/JavaVersion;)Z#1383#3 prob_bp = 0.50085672315893080000
org.apache.commons.lang3.JavaVersion:atLeast:(Lorg/apache/commons/lang3/JavaVersion;)Z#105#0 prob_bp = 0.50095616129495160000
org.apache.commons.lang3.JavaVersion:atLeast:(Lorg/apache/commons/lang3/JavaVersion;)Z#105#4 prob_bp = 0.50095882880773390000
org.apache.commons.lang3.JavaVersion:get:(Ljava/lang/String;)Lorg/apache/commons/lang3/JavaVersion;#144#78 prob_bp = 0.50108576429211220000
org.apache.commons.lang3.JavaVersion:get:(Ljava/lang/String;)Lorg/apache/commons/lang3/JavaVersion;#144#80 prob_bp = 0.50108576429211220000
org.apache.commons.lang3.JavaVersion:atLeast:(Lorg/apache/commons/lang3/JavaVersion;)Z#105#1 prob_bp = 0.50109576566133210000
org.apache.commons.lang3.JavaVersion:atLeast:(Lorg/apache/commons/lang3/JavaVersion;)Z#105#5 prob_bp = 0.50109743065099640000
org.apache.commons.lang3.JavaVersion:get:(Ljava/lang/String;)Lorg/apache/commons/lang3/JavaVersion;#144#81 prob_bp = 0.50113361786581460000
org.apache.commons.lang3.JavaVersion:atLeast:(Lorg/apache/commons/lang3/JavaVersion;)Z#105#8 prob_bp = 0.50137895772599250000
org.apache.commons.lang3.math.NumberUtils:isDigits:(Ljava/lang/String;)Z#1300#27 prob_bp = 0.50155554279409740000
org.apache.commons.lang3.SystemUtils:isJavaVersionAtLeast:(Lorg/apache/commons/lang3/JavaVersion;)Z#1383#4 prob_bp = 0.50177463247885010000
org.apache.commons.lang3.JavaVersion:get:(Ljava/lang/String;)Lorg/apache/commons/lang3/JavaVersion;#144#84 prob_bp = 0.50179780760538230000
org.apache.commons.lang3.StringUtils:isEmpty:(Ljava/lang/CharSequence;)Z#195#17 prob_bp = 0.50781953813527760000
org.apache.commons.lang3.StringUtils:isEmpty:(Ljava/lang/CharSequence;)Z#195#18 prob_bp = 0.50813440042147570000
org.apache.commons.lang3.StringUtils:isBlank:(Ljava/lang/CharSequence;)Z#240#37 prob_bp = 0.51736810766207390000
org.apache.commons.lang3.StringUtils:isBlank:(Ljava/lang/CharSequence;)Z#240#38 prob_bp = 0.51801920758902320000
org.apache.commons.lang3.math.NumberUtils:createBigDecimal:(Ljava/lang/String;)Ljava/math/BigDecimal;#718#10 prob_bp = 0.52050623339560580000
org.apache.commons.lang3.JavaVersion:get:(Ljava/lang/String;)Lorg/apache/commons/lang3/JavaVersion;#146#91 prob_bp = 0.55410694845125010000
org.apache.commons.lang3.JavaVersion:get:(Ljava/lang/String;)Lorg/apache/commons/lang3/JavaVersion;#146#93 prob_bp = 0.55410694845125010000
org.apache.commons.lang3.JavaVersion:get:(Ljava/lang/String;)Lorg/apache/commons/lang3/JavaVersion;#146#94 prob_bp = 0.55597628672593710000
org.apache.commons.lang3.JavaVersion:get:(Ljava/lang/String;)Lorg/apache/commons/lang3/JavaVersion;#146#97 prob_bp = 0.57695358229787790000
org.apache.commons.lang3.math.NumberUtils:createBigInteger:(Ljava/lang/String;)Ljava/math/BigInteger;#698#0 prob_bp = 0.60240445985247790000
org.apache.commons.lang3.math.NumberUtils:createFloat:(Ljava/lang/String;)Ljava/lang/Float;#631#0 prob_bp = 0.60333242744865550000
org.apache.commons.lang3.math.NumberUtils:createDouble:(Ljava/lang/String;)Ljava/lang/Double;#647#0 prob_bp = 0.60333242744865550000
org.apache.commons.lang3.math.NumberUtils:createInteger:(Ljava/lang/String;)Ljava/lang/Integer;#664#0 prob_bp = 0.60333242744865560000
org.apache.commons.lang3.math.NumberUtils:createLong:(Ljava/lang/String;)Ljava/lang/Long;#682#0 prob_bp = 0.60356826860317230000
org.apache.commons.lang3.math.NumberUtils:createBigInteger:(Ljava/lang/String;)Ljava/math/BigInteger;#698#1 prob_bp = 0.60546996831051520000
org.apache.commons.lang3.math.NumberUtils:createInteger:(Ljava/lang/String;)Ljava/lang/Integer;#664#1 prob_bp = 0.60639992117851380000
org.apache.commons.lang3.math.NumberUtils:createDouble:(Ljava/lang/String;)Ljava/lang/Double;#647#1 prob_bp = 0.60639992117851420000
org.apache.commons.lang3.math.NumberUtils:createFloat:(Ljava/lang/String;)Ljava/lang/Float;#631#1 prob_bp = 0.60639992117851430000
org.apache.commons.lang3.math.NumberUtils:createLong:(Ljava/lang/String;)Ljava/lang/Long;#682#1 prob_bp = 0.60692955144183590000
org.apache.commons.lang3.JavaVersion:atLeast:(Lorg/apache/commons/lang3/JavaVersion;)Z#105#9 prob_bp = 0.95093981995886460000
org.apache.commons.lang3.math.NumberUtils:createFloat:(Ljava/lang/String;)Ljava/lang/Float;#634#6 prob_bp = 0.95333706642123570000
org.apache.commons.lang3.math.NumberUtils:createDouble:(Ljava/lang/String;)Ljava/lang/Double;#650#6 prob_bp = 0.95333706642123570000
org.apache.commons.lang3.math.NumberUtils:createDouble:(Ljava/lang/String;)Ljava/lang/Double;#650#7 prob_bp = 0.96252695005057930000
org.apache.commons.lang3.math.NumberUtils:createFloat:(Ljava/lang/String;)Ljava/lang/Float;#634#7 prob_bp = 0.96252695005057940000
org.apache.commons.lang3.JavaVersion:get:(Ljava/lang/String;)Lorg/apache/commons/lang3/JavaVersion;#148#107 prob_bp = 0.99954408204509810000
org.apache.commons.lang3.JavaVersion:get:(Ljava/lang/String;)Lorg/apache/commons/lang3/JavaVersion;#148#104 prob_bp = 0.99956815751866690000
org.apache.commons.lang3.JavaVersion:get:(Ljava/lang/String;)Lorg/apache/commons/lang3/JavaVersion;#148#106 prob_bp = 0.99956815751866690000
org.apache.commons.lang3.JavaVersion:get:(Ljava/lang/String;)Lorg/apache/commons/lang3/JavaVersion;#148#110 prob_bp = 0.99967103344454170000
org.apache.commons.lang3.JavaVersion:atLeast:(Lorg/apache/commons/lang3/JavaVersion;)Z#105#12 prob_bp = 0.99999999959353360000
org.apache.commons.lang3.JavaVersion:atLeast:(Lorg/apache/commons/lang3/JavaVersion;)Z#105#17 prob_bp = 0.99999999996399920000
org.apache.commons.lang3.SystemUtils:isJavaVersionAtLeast:(Lorg/apache/commons/lang3/JavaVersion;)Z#1383#7 prob_bp = 0.99999999999943030000
org.apache.commons.lang3.math.NumberUtilsTest:testCreateNumber:()V#187#7 prob_bp = 1.00000000000000000000
org.apache.commons.lang3.math.NumberUtilsTest:testCreateNumber:()V#187#9 prob_bp = 1.00000000000000000000
org.apache.commons.lang3.math.NumberUtilsTest:testCreateNumber:()V#188#22 prob_bp = 1.00000000000000000000
org.apache.commons.lang3.math.NumberUtilsTest:testCreateNumber:()V#188#24 prob_bp = 1.00000000000000000000
org.apache.commons.lang3.math.NumberUtilsTest:testCreateNumber:()V#189#37 prob_bp = 1.00000000000000000000
org.apache.commons.lang3.math.NumberUtilsTest:testCreateNumber:()V#189#39 prob_bp = 1.00000000000000000000
org.apache.commons.lang3.math.NumberUtilsTest:testCreateNumber:()V#190#52 prob_bp = 1.00000000000000000000
org.apache.commons.lang3.math.NumberUtilsTest:testCreateNumber:()V#190#54 prob_bp = 1.00000000000000000000
org.apache.commons.lang3.math.NumberUtilsTest:testCreateNumber:()V#191#67 prob_bp = 1.00000000000000000000
org.apache.commons.lang3.math.NumberUtilsTest:testCreateNumber:()V#191#69 prob_bp = 1.00000000000000000000
org.apache.commons.lang3.math.NumberUtilsTest:testCreateNumber:()V#192#82 prob_bp = 1.00000000000000000000
org.apache.commons.lang3.math.NumberUtilsTest:testCreateNumber:()V#192#84 prob_bp = 1.00000000000000000000
org.apache.commons.lang3.math.NumberUtilsTest:testCreateNumber:()V#193#98 prob_bp = 1.00000000000000000000
org.apache.commons.lang3.math.NumberUtilsTest:testCreateNumber:()V#193#100 prob_bp = 1.00000000000000000000
org.apache.commons.lang3.math.NumberUtilsTest:testCreateNumber:()V#195#114 prob_bp = 1.00000000000000000000
org.apache.commons.lang3.math.NumberUtilsTest:testCreateNumber:()V#195#116 prob_bp = 1.00000000000000000000
org.apache.commons.lang3.math.NumberUtilsTest:testCreateNumber:()V#196#130 prob_bp = 1.00000000000000000000
org.apache.commons.lang3.math.NumberUtilsTest:testCreateNumber:()V#196#132 prob_bp = 1.00000000000000000000
org.apache.commons.lang3.math.NumberUtilsTest:testCreateNumber:()V#197#145 prob_bp = 1.00000000000000000000
org.apache.commons.lang3.math.NumberUtilsTest:testCreateNumber:()V#197#147 prob_bp = 1.00000000000000000000
org.apache.commons.lang3.math.NumberUtilsTest:testCreateNumber:()V#198#160 prob_bp = 1.00000000000000000000
org.apache.commons.lang3.math.NumberUtilsTest:testCreateNumber:()V#198#162 prob_bp = 1.00000000000000000000
org.apache.commons.lang3.math.NumberUtilsTest:testCreateNumber:()V#199#172 prob_bp = 1.00000000000000000000
org.apache.commons.lang3.math.NumberUtilsTest:testCreateNumber:()V#199#174 prob_bp = 1.00000000000000000000
org.apache.commons.lang3.math.NumberUtilsTest:testCreateNumber:()V#200#195 prob_bp = 1.00000000000000000000
org.apache.commons.lang3.math.NumberUtilsTest:testCreateNumber:()V#200#197 prob_bp = 1.00000000000000000000
org.apache.commons.lang3.math.NumberUtilsTest:testCreateNumber:()V#201#218 prob_bp = 1.00000000000000000000
org.apache.commons.lang3.math.NumberUtilsTest:testCreateNumber:()V#201#220 prob_bp = 1.00000000000000000000
org.apache.commons.lang3.math.NumberUtilsTest:testCreateNumber:()V#202#241 prob_bp = 1.00000000000000000000
org.apache.commons.lang3.math.NumberUtilsTest:testCreateNumber:()V#202#243 prob_bp = 1.00000000000000000000
org.apache.commons.lang3.math.NumberUtilsTest:testCreateNumber:()V#203#267 prob_bp = 1.00000000000000000000
org.apache.commons.lang3.math.NumberUtilsTest:testCreateNumber:()V#203#269 prob_bp = 1.00000000000000000000
org.apache.commons.lang3.math.NumberUtilsTest:testCreateNumber:()V#204#282 prob_bp = 1.00000000000000000000
org.apache.commons.lang3.math.NumberUtilsTest:testCreateNumber:()V#204#284 prob_bp = 1.00000000000000000000
org.apache.commons.lang3.math.NumberUtilsTest:testCreateNumber:()V#205#297 prob_bp = 1.00000000000000000000
org.apache.commons.lang3.math.NumberUtilsTest:testCreateNumber:()V#205#299 prob_bp = 1.00000000000000000000
org.apache.commons.lang3.math.NumberUtilsTest:testCreateNumber:()V#206#312 prob_bp = 1.00000000000000000000
org.apache.commons.lang3.math.NumberUtilsTest:testCreateNumber:()V#206#314 prob_bp = 1.00000000000000000000
org.apache.commons.lang3.math.NumberUtilsTest:testCreateNumber:()V#207#323 prob_bp = 1.00000000000000000000
org.apache.commons.lang3.math.NumberUtilsTest:testCreateNumber:()V#207#324 prob_bp = 1.00000000000000000000
org.apache.commons.lang3.math.NumberUtilsTest:testCreateNumber:()V#208#341 prob_bp = 1.00000000000000000000
org.apache.commons.lang3.math.NumberUtilsTest:testCreateNumber:()V#208#343 prob_bp = 1.00000000000000000000
org.apache.commons.lang3.math.NumberUtilsTest:testCreateNumber:()V#212#349 prob_bp = 1.00000000000000000000
org.apache.commons.lang3.math.NumberUtilsTest:testCreateNumber:()V#212#352 prob_bp = 1.00000000000000000000
org.apache.commons.lang3.math.NumberUtilsTest:testCreateNumber:()V#212#355 prob_bp = 1.00000000000000000000
org.apache.commons.lang3.math.NumberUtilsTest:testCreateNumber:()V#213#369 prob_bp = 1.00000000000000000000
org.apache.commons.lang3.math.NumberUtilsTest:testCreateNumber:()V#213#371 prob_bp = 1.00000000000000000000
org.apache.commons.lang3.math.NumberUtilsTest:testCreateNumber:()V#216#384 prob_bp = 1.00000000000000000000
org.apache.commons.lang3.math.NumberUtilsTest:testCreateNumber:()V#216#386 prob_bp = 1.00000000000000000000
org.apache.commons.lang3.math.NumberUtilsTest:testCreateNumber:()V#218#399 prob_bp = 1.00000000000000000000
org.apache.commons.lang3.math.NumberUtilsTest:testCreateNumber:()V#218#401 prob_bp = 1.00000000000000000000
org.apache.commons.lang3.math.NumberUtilsTest:testCreateNumber:()V#220#418 prob_bp = 1.00000000000000000000
org.apache.commons.lang3.math.NumberUtilsTest:testCreateNumber:()V#220#420 prob_bp = 1.00000000000000000000
org.apache.commons.lang3.math.NumberUtilsTest:testCreateNumber:()V#224#433 prob_bp = 1.00000000000000000000
org.apache.commons.lang3.math.NumberUtilsTest:testCreateNumber:()V#224#435 prob_bp = 1.00000000000000000000
org.apache.commons.lang3.math.NumberUtilsTest:testCreateNumber:()V#227#444 prob_bp = 1.00000000000000000000
org.apache.commons.lang3.math.NumberUtilsTest:testCreateNumber:()V#227#446 prob_bp = 1.00000000000000000000
org.apache.commons.lang3.math.NumberUtilsTest:checkCreateNumber:(Ljava/lang/String;)Z#1218#0 prob_bp = 1.00000000000000000000
org.apache.commons.lang3.math.NumberUtilsTest:checkCreateNumber:(Ljava/lang/String;)Z#1218#1 prob_bp = 1.00000000000000000000
org.apache.commons.lang3.math.NumberUtilsTest:testCreateNumber:()V#230#460 prob_bp = 1.00000000000000000000
org.apache.commons.lang3.math.NumberUtilsTest:testCreateNumber:()V#230#462 prob_bp = 1.00000000000000000000
org.apache.commons.lang3.math.NumberUtilsTest:testCreateNumber:()V#235#468 prob_bp = 1.00000000000000000000
org.apache.commons.lang3.math.NumberUtilsTest:testCreateNumber:()V#235#470 prob_bp = 1.00000000000000000000
org.apache.commons.lang3.math.NumberUtilsTest:testCreateNumber:()V#241#488 prob_bp = 1.00000000000000000000
org.apache.commons.lang3.math.NumberUtilsTest:testCreateNumber:()V#241#490 prob_bp = 1.00000000000000000000
org.apache.commons.lang3.math.NumberUtilsTest:testCreateNumber:()V#242#494 prob_bp = 1.00000000000000000000
org.apache.commons.lang3.math.NumberUtilsTest:testCreateNumber:()V#242#496 prob_bp = 1.00000000000000000000
Belief propagation time : 18.493000s
