Belief propagation time: 65

Probabilities: 
Vars:277640
Stmts:3987
org.apache.commons.lang3.time.FastDatePrinterTest:testCalendarTimezoneRespected:()V#271#25#unexe#3 prob_bp = 0.49993377480919876000
org.apache.commons.lang3.time.FastDatePrinterTest:testCalendarTimezoneRespected:()V#272#44#unexe#3 prob_bp = 0.49998928787836090000
org.apache.commons.lang3.time.FastDatePrinter$TimeZoneNameRule:appendTo:(Ljava/lang/StringBuffer;Ljava/util/Calendar;)V#1138#60 prob_bp = 0.49999999999345480000
org.apache.commons.lang3.time.FastDatePrinter$TimeZoneNameRule:appendTo:(Ljava/lang/StringBuffer;Ljava/util/Calendar;)V#1138#43 prob_bp = 0.49999999999793740000
org.apache.commons.lang3.time.FastDatePrinter$TextField:appendTo:(Ljava/lang/StringBuffer;Ljava/util/Calendar;)V#692#1 prob_bp = 0.49999999999999983000
org.apache.commons.lang3.time.FastDatePrinter$TextField:appendTo:(Ljava/lang/StringBuffer;Ljava/util/Calendar;)V#692#6 prob_bp = 0.49999999999999983000
org.apache.commons.lang3.time.FastDatePrinter$TwelveHourField:appendTo:(Ljava/lang/StringBuffer;Ljava/util/Calendar;)V#1004#3 prob_bp = 0.49999999999999990000
org.apache.commons.lang3.time.FormatCache:getInstance:(Ljava/lang/String;Ljava/util/TimeZone;Ljava/util/Locale;)Ljava/text/Format;#79#49 prob_bp = 0.49999999999999994000
org.apache.commons.lang3.time.FastDatePrinter$TwelveHourField:appendTo:(Ljava/lang/StringBuffer;Ljava/util/Calendar;)V#1004#1 prob_bp = 0.49999999999999994000
org.apache.commons.lang3.time.FastDatePrinter$UnpaddedNumberField:appendTo:(Ljava/lang/StringBuffer;I)V#733#7 prob_bp = 0.49999999999999994000
org.apache.commons.lang3.time.FastDatePrinter$TextField:appendTo:(Ljava/lang/StringBuffer;Ljava/util/Calendar;)V#692#7 prob_bp = 0.49999999999999994000
org.apache.commons.lang3.time.FastDatePrinter$TwelveHourField:appendTo:(Ljava/lang/StringBuffer;Ljava/util/Calendar;)V#1004#0 prob_bp = 0.50000000000000000000
org.apache.commons.lang3.time.FastDatePrinter$TwelveHourField:appendTo:(Ljava/lang/StringBuffer;Ljava/util/Calendar;)V#1004#6 prob_bp = 0.50000000000000000000
org.apache.commons.lang3.time.FastDatePrinter$TwelveHourField:appendTo:(Ljava/lang/StringBuffer;Ljava/util/Calendar;)V#1005#7 prob_bp = 0.50000000000000000000
org.apache.commons.lang3.time.FastDatePrinter$TwelveHourField:appendTo:(Ljava/lang/StringBuffer;Ljava/util/Calendar;)V#1005#8 prob_bp = 0.50000000000000000000
org.apache.commons.lang3.time.FastDatePrinter$TwelveHourField:appendTo:(Ljava/lang/StringBuffer;Ljava/util/Calendar;)V#1005#8#unexe#3 prob_bp = 0.50000000000000000000
org.apache.commons.lang3.time.FastDatePrinter$TwelveHourField:appendTo:(Ljava/lang/StringBuffer;Ljava/util/Calendar;)V#1008#24 prob_bp = 0.50000000000000000000
org.apache.commons.lang3.time.FastDatePrinter$TwelveHourField:appendTo:(Ljava/lang/StringBuffer;Ljava/util/Calendar;)V#1008#25 prob_bp = 0.50000000000000000000
org.apache.commons.lang3.time.FastDatePrinter$TwelveHourField:appendTo:(Ljava/lang/StringBuffer;Ljava/util/Calendar;)V#1008#26 prob_bp = 0.50000000000000000000
org.apache.commons.lang3.time.FastDatePrinter$UnpaddedNumberField:appendTo:(Ljava/lang/StringBuffer;I)V#732#1 prob_bp = 0.50000000000000000000
org.apache.commons.lang3.time.FastDatePrinter$UnpaddedNumberField:appendTo:(Ljava/lang/StringBuffer;I)V#733#6 prob_bp = 0.50000000000000000000
org.apache.commons.lang3.time.FastDatePrinter$UnpaddedNumberField:appendTo:(Ljava/lang/StringBuffer;I)V#733#8 prob_bp = 0.50000000000000000000
org.apache.commons.lang3.time.FastDatePrinter$UnpaddedNumberField:appendTo:(Ljava/lang/StringBuffer;I)V#733#10 prob_bp = 0.50000000000000000000
org.apache.commons.lang3.time.FastDatePrinter$UnpaddedNumberField:appendTo:(Ljava/lang/StringBuffer;I)V#733#11 prob_bp = 0.50000000000000000000
org.apache.commons.lang3.time.FastDatePrinter$UnpaddedNumberField:appendTo:(Ljava/lang/StringBuffer;I)V#733#12 prob_bp = 0.50000000000000000000
org.apache.commons.lang3.time.FastDatePrinter$TextField:appendTo:(Ljava/lang/StringBuffer;Ljava/util/Calendar;)V#692#2 prob_bp = 0.50000000000000000000
org.apache.commons.lang3.time.FormatCache:getInstance:(Ljava/lang/String;Ljava/util/TimeZone;Ljava/util/Locale;)Ljava/text/Format;#79#47 prob_bp = 0.50000000000000010000
org.apache.commons.lang3.time.FormatCache:getInstance:(Ljava/lang/String;Ljava/util/TimeZone;Ljava/util/Locale;)Ljava/text/Format;#79#48 prob_bp = 0.50000000000000010000
org.apache.commons.lang3.time.FastDateFormat:format:(Ljava/util/Calendar;)Ljava/lang/String;#420#4 prob_bp = 0.50000000000000010000
org.apache.commons.lang3.time.FastDatePrinter$UnpaddedNumberField:appendTo:(Ljava/lang/StringBuffer;I)V#732#0 prob_bp = 0.50000000000000010000
org.apache.commons.lang3.time.FastDatePrinter$TextField:appendTo:(Ljava/lang/StringBuffer;Ljava/util/Calendar;)V#692#5 prob_bp = 0.50000000000000010000
org.apache.commons.lang3.time.FastDatePrinter$UnpaddedNumberField:appendTo:(Ljava/lang/StringBuffer;I)V#732#3 prob_bp = 0.50000000000000020000
org.apache.commons.lang3.time.FastDateFormat:getInstance:(Ljava/lang/String;)Lorg/apache/commons/lang3/time/FastDateFormat;#119#5 prob_bp = 0.50000000000000030000
org.apache.commons.lang3.time.FormatCache:getInstance:(Ljava/lang/String;Ljava/util/TimeZone;Ljava/util/Locale;)Ljava/text/Format;#79#46 prob_bp = 0.50000000000000030000
org.apache.commons.lang3.time.FastDatePrinter$TextField:appendTo:(Ljava/lang/StringBuffer;Ljava/util/Calendar;)V#692#10 prob_bp = 0.50000000000000030000
org.apache.commons.lang3.time.FastDateFormat:getInstance:(Ljava/lang/String;)Lorg/apache/commons/lang3/time/FastDateFormat;#119#4 prob_bp = 0.50000000000000040000
org.apache.commons.lang3.time.FormatCache:getInstance:(Ljava/lang/String;Ljava/util/TimeZone;Ljava/util/Locale;)Ljava/text/Format;#83#91 prob_bp = 0.50000000000000070000
org.apache.commons.lang3.time.FastDatePrinter$TextField:appendTo:(Ljava/lang/StringBuffer;Ljava/util/Calendar;)V#692#0 prob_bp = 0.50000000000000090000
org.apache.commons.lang3.time.FormatCache:getInstance:(Ljava/lang/String;Ljava/util/TimeZone;Ljava/util/Locale;)Ljava/text/Format;#79#35 prob_bp = 0.50000000000000100000
org.apache.commons.lang3.time.FastDatePrinter$TextField:appendTo:(Ljava/lang/StringBuffer;Ljava/util/Calendar;)V#692#13 prob_bp = 0.50000000000000100000
org.apache.commons.lang3.time.FormatCache:getInstance:(Ljava/lang/String;Ljava/util/TimeZone;Ljava/util/Locale;)Ljava/text/Format;#83#85 prob_bp = 0.50000000000000110000
org.apache.commons.lang3.time.FormatCache:getInstance:(Ljava/lang/String;Ljava/util/TimeZone;Ljava/util/Locale;)Ljava/text/Format;#83#86 prob_bp = 0.50000000000000120000
org.apache.commons.lang3.time.FastDatePrinter$TextField:appendTo:(Ljava/lang/StringBuffer;Ljava/util/Calendar;)V#692#14 prob_bp = 0.50000000000000120000
org.apache.commons.lang3.time.FormatCache:getInstance:(Ljava/lang/String;Ljava/util/TimeZone;Ljava/util/Locale;)Ljava/text/Format;#79#34 prob_bp = 0.50000000000000180000
org.apache.commons.lang3.time.FormatCache:getInstance:(Ljava/lang/String;Ljava/util/TimeZone;Ljava/util/Locale;)Ljava/text/Format;#83#89 prob_bp = 0.50000000000000180000
org.apache.commons.lang3.time.FormatCache:getInstance:(Ljava/lang/String;Ljava/util/TimeZone;Ljava/util/Locale;)Ljava/text/Format;#83#93 prob_bp = 0.50000000000000240000
org.apache.commons.lang3.time.FastDatePrinter$TwoDigitNumberField:appendTo:(Ljava/lang/StringBuffer;Ljava/util/Calendar;)V#880#3 prob_bp = 0.50000000000001500000
org.apache.commons.lang3.time.FormatCache:getInstance:(Ljava/lang/String;Ljava/util/TimeZone;Ljava/util/Locale;)Ljava/text/Format;#77#26 prob_bp = 0.50000000000001780000
org.apache.commons.lang3.time.FormatCache:getInstance:(Ljava/lang/String;Ljava/util/TimeZone;Ljava/util/Locale;)Ljava/text/Format;#77#29 prob_bp = 0.50000000000001840000
org.apache.commons.lang3.time.FastDateFormat:getInstance:(Ljava/lang/String;)Lorg/apache/commons/lang3/time/FastDateFormat;#119#0 prob_bp = 0.50000000000003210000
org.apache.commons.lang3.time.FastDatePrinter$TwoDigitNumberField:appendTo:(Ljava/lang/StringBuffer;Ljava/util/Calendar;)V#880#4 prob_bp = 0.50000000000006040000
org.apache.commons.lang3.time.FastDatePrinter$TimeZoneNameRule:appendTo:(Ljava/lang/StringBuffer;Ljava/util/Calendar;)V#1134#0 prob_bp = 0.50000000000011370000
org.apache.commons.lang3.time.FastDatePrinter:applyRules:(Ljava/util/Calendar;Ljava/lang/StringBuffer;)Ljava/lang/StringBuffer;#453#20 prob_bp = 0.50000000000036300000
org.apache.commons.lang3.time.FastDatePrinter$TwoDigitNumberField:appendTo:(Ljava/lang/StringBuffer;Ljava/util/Calendar;)V#880#2 prob_bp = 0.50000000000037470000
org.apache.commons.lang3.time.FastDatePrinter:applyRules:(Ljava/util/Calendar;Ljava/lang/StringBuffer;)Ljava/lang/StringBuffer;#453#19 prob_bp = 0.50000000000040250000
org.apache.commons.lang3.time.FastDatePrinter$TimeZoneNameRule:appendTo:(Ljava/lang/StringBuffer;Ljava/util/Calendar;)V#1134#1 prob_bp = 0.50000000000046070000
org.apache.commons.lang3.time.FastDatePrinter$TwoDigitNumberField:appendTo:(Ljava/lang/StringBuffer;Ljava/util/Calendar;)V#880#7 prob_bp = 0.50000000000092450000
org.apache.commons.lang3.time.FastDatePrinter$TwoDigitNumberField:appendTo:(Ljava/lang/StringBuffer;I)V#889#7 prob_bp = 0.50000000000098730000
org.apache.commons.lang3.time.FastDatePrinter:applyRules:(Ljava/util/Calendar;Ljava/lang/StringBuffer;)Ljava/lang/StringBuffer;#453#22 prob_bp = 0.50000000000146380000
org.apache.commons.lang3.time.FormatCache:getInstance:(Ljava/lang/String;Ljava/util/TimeZone;Ljava/util/Locale;)Ljava/text/Format;#76#22 prob_bp = 0.50000000000171780000
org.apache.commons.lang3.time.FormatCache:getInstance:(Ljava/lang/String;Ljava/util/TimeZone;Ljava/util/Locale;)Ljava/text/Format;#76#23 prob_bp = 0.50000000000195250000
org.apache.commons.lang3.time.FormatCache:getInstance:(Ljava/lang/String;Ljava/util/TimeZone;Ljava/util/Locale;)Ljava/text/Format;#73#14 prob_bp = 0.50000000000228100000
org.apache.commons.lang3.time.FastDatePrinter:format:(Ljava/util/Calendar;)Ljava/lang/String;#415#1 prob_bp = 0.50000000000257570000
org.apache.commons.lang3.time.FormatCache:getInstance:(Ljava/lang/String;Ljava/util/TimeZone;Ljava/util/Locale;)Ljava/text/Format;#73#15 prob_bp = 0.50000000000259240000
org.apache.commons.lang3.time.FastDatePrinter:format:(Ljava/util/Calendar;Ljava/lang/StringBuffer;)Ljava/lang/StringBuffer;#441#1 prob_bp = 0.50000000000268050000
org.apache.commons.lang3.time.FastDatePrinter:getTimeZoneDisplay:(Ljava/util/TimeZone;ZILjava/util/Locale;)Ljava/lang/String;#1079#3 prob_bp = 0.50000000000305640000
org.apache.commons.lang3.time.FastDatePrinter:getTimeZoneDisplay:(Ljava/util/TimeZone;ZILjava/util/Locale;)Ljava/lang/String;#1079#8 prob_bp = 0.50000000000353280000
org.apache.commons.lang3.time.FastDatePrinter$TwoDigitNumberField:appendTo:(Ljava/lang/StringBuffer;I)V#889#8 prob_bp = 0.50000000000402100000
org.apache.commons.lang3.time.FastDatePrinter$TwoDigitNumberField:appendTo:(Ljava/lang/StringBuffer;I)V#889#10 prob_bp = 0.50000000000418340000
org.apache.commons.lang3.time.FastDatePrinter$TimeZoneDisplayKey:<init>:(Ljava/util/TimeZone;ZILjava/util/Locale;)V#1216#0 prob_bp = 0.50000000000545500000
org.apache.commons.lang3.time.FastDatePrinter$TimeZoneDisplayKey:<init>:(Ljava/util/TimeZone;ZILjava/util/Locale;)V#1216#1 prob_bp = 0.50000000001320000000
org.apache.commons.lang3.time.FastDateFormat:format:(Ljava/util/Calendar;)Ljava/lang/String;#420#0 prob_bp = 0.50000000001987020000
org.apache.commons.lang3.time.FastDateFormat:format:(Ljava/util/Calendar;)Ljava/lang/String;#420#1 prob_bp = 0.50000000002027130000
org.apache.commons.lang3.time.FastDateFormat:format:(Ljava/util/Calendar;)Ljava/lang/String;#420#5 prob_bp = 0.50000000002108220000
org.apache.commons.lang3.time.FastDatePrinter:getTimeZoneDisplay:(Ljava/util/TimeZone;ZILjava/util/Locale;)Ljava/lang/String;#1079#11 prob_bp = 0.50000000002487870000
org.apache.commons.lang3.time.FastDatePrinter:getTimeZoneDisplay:(Ljava/util/TimeZone;ZILjava/util/Locale;)Ljava/lang/String;#1079#0 prob_bp = 0.50000000002685260000
org.apache.commons.lang3.time.FastDatePrinter:getTimeZoneDisplay:(Ljava/util/TimeZone;ZILjava/util/Locale;)Ljava/lang/String;#1080#16 prob_bp = 0.50000000002876150000
org.apache.commons.lang3.time.FormatCache:getInstance:(Ljava/lang/String;Ljava/util/TimeZone;Ljava/util/Locale;)Ljava/text/Format;#74#18 prob_bp = 0.50000000003480920000
org.apache.commons.lang3.time.FastDatePrinter:applyRules:(Ljava/util/Calendar;Ljava/lang/StringBuffer;)Ljava/lang/StringBuffer;#454#28 prob_bp = 0.50000000003549750000
org.apache.commons.lang3.time.FormatCache:getInstance:(Ljava/lang/String;Ljava/util/TimeZone;Ljava/util/Locale;)Ljava/text/Format;#74#21 prob_bp = 0.50000000003618320000
org.apache.commons.lang3.time.FastDatePrinter:<clinit>:()V#1067#9 prob_bp = 0.50000000004031280000
org.apache.commons.lang3.time.FastDatePrinter:getTimeZoneDisplay:(Ljava/util/TimeZone;ZILjava/util/Locale;)Ljava/lang/String;#1080#13 prob_bp = 0.50000000004112720000
org.apache.commons.lang3.time.FormatCache:getInstance:(Ljava/lang/String;Ljava/util/TimeZone;Ljava/util/Locale;)Ljava/text/Format;#73#15#unexe#2 prob_bp = 0.50000000004160730000
org.apache.commons.lang3.time.FastDatePrinter:getTimeZoneDisplay:(Ljava/util/TimeZone;ZILjava/util/Locale;)Ljava/lang/String;#1080#18 prob_bp = 0.50000000004440880000
org.apache.commons.lang3.time.FastDatePrinter:format:(Ljava/util/Calendar;)Ljava/lang/String;#415#0 prob_bp = 0.50000000006267410000
org.apache.commons.lang3.time.FormatCache:getInstance:(Ljava/lang/String;Ljava/util/TimeZone;Ljava/util/Locale;)Ljava/text/Format;#82#78 prob_bp = 0.50000000006301710000
org.apache.commons.lang3.time.FastDatePrinter:format:(Ljava/util/Calendar;Ljava/lang/StringBuffer;)Ljava/lang/StringBuffer;#441#0 prob_bp = 0.50000000007095580000
org.apache.commons.lang3.time.FastDatePrinter$TimeZoneNameRule:appendTo:(Ljava/lang/StringBuffer;Ljava/util/Calendar;)V#1134#10 prob_bp = 0.50000000007764970000
org.apache.commons.lang3.time.FormatCache:getInstance:(Ljava/lang/String;Ljava/util/TimeZone;Ljava/util/Locale;)Ljava/text/Format;#76#23#unexe#3 prob_bp = 0.50000000008478050000
org.apache.commons.lang3.time.FastDatePrinter:applyRules:(Ljava/util/Calendar;Ljava/lang/StringBuffer;)Ljava/lang/StringBuffer;#453#0 prob_bp = 0.50000000009064060000
org.apache.commons.lang3.time.FormatCache:getInstance:(Ljava/lang/String;Ljava/util/TimeZone;Ljava/util/Locale;)Ljava/text/Format;#82#79 prob_bp = 0.50000000009759730000
org.apache.commons.lang3.time.FastDatePrinter:applyRules:(Ljava/util/Calendar;Ljava/lang/StringBuffer;)Ljava/lang/StringBuffer;#453#1 prob_bp = 0.50000000010796450000
org.apache.commons.lang3.time.FormatCache:getInstance:(Ljava/lang/String;Ljava/util/TimeZone;Ljava/util/Locale;)Ljava/text/Format;#82#76 prob_bp = 0.50000000011573090000
org.apache.commons.lang3.time.FormatCache:getInstance:(Ljava/lang/String;Ljava/util/TimeZone;Ljava/util/Locale;)Ljava/text/Format;#82#77 prob_bp = 0.50000000012938240000
org.apache.commons.lang3.time.FastDatePrinter$TimeZoneNameRule:appendTo:(Ljava/lang/StringBuffer;Ljava/util/Calendar;)V#1134#4 prob_bp = 0.50000000014065390000
org.apache.commons.lang3.time.FormatCache:getInstance:(Ljava/lang/String;Ljava/util/TimeZone;Ljava/util/Locale;)Ljava/text/Format;#82#80 prob_bp = 0.50000000014917060000
org.apache.commons.lang3.time.FastDatePrinter$TimeZoneNameRule:appendTo:(Ljava/lang/StringBuffer;Ljava/util/Calendar;)V#1134#11 prob_bp = 0.50000000021451610000
org.apache.commons.lang3.time.FastDatePrinter$TimeZoneNameRule:appendTo:(Ljava/lang/StringBuffer;Ljava/util/Calendar;)V#1134#13 prob_bp = 0.50000000022315630000
org.apache.commons.lang3.time.FastDatePrinter:applyRules:(Ljava/util/Calendar;Ljava/lang/StringBuffer;)Ljava/lang/StringBuffer;#453#9 prob_bp = 0.50000000022602540000
org.apache.commons.lang3.time.FastDatePrinter:applyRules:(Ljava/util/Calendar;Ljava/lang/StringBuffer;)Ljava/lang/StringBuffer;#453#10 prob_bp = 0.50000000023059120000
org.apache.commons.lang3.time.FastDatePrinter:applyRules:(Ljava/util/Calendar;Ljava/lang/StringBuffer;)Ljava/lang/StringBuffer;#453#4 prob_bp = 0.50000000024393680000
org.apache.commons.lang3.time.FastDatePrinter:applyRules:(Ljava/util/Calendar;Ljava/lang/StringBuffer;)Ljava/lang/StringBuffer;#453#23 prob_bp = 0.50000000032357260000
org.apache.commons.lang3.time.FastDatePrinter:applyRules:(Ljava/util/Calendar;Ljava/lang/StringBuffer;)Ljava/lang/StringBuffer;#453#5 prob_bp = 0.50000000051822460000
org.apache.commons.lang3.time.FastDatePrinter:getTimeZoneDisplay:(Ljava/util/TimeZone;ZILjava/util/Locale;)Ljava/lang/String;#1081#28 prob_bp = 0.50000000056517490000
org.apache.commons.lang3.time.FormatCache:getInstance:(Ljava/lang/String;Ljava/util/TimeZone;Ljava/util/Locale;)Ljava/text/Format;#83#98 prob_bp = 0.50000000069059910000
org.apache.commons.lang3.time.FastDatePrinter$TimeZoneNameRule:appendTo:(Ljava/lang/StringBuffer;Ljava/util/Calendar;)V#1134#7 prob_bp = 0.50000000070700570000
org.apache.commons.lang3.time.FastDatePrinter:applyRules:(Ljava/util/Calendar;Ljava/lang/StringBuffer;)Ljava/lang/StringBuffer;#453#6 prob_bp = 0.50000000107262520000
org.apache.commons.lang3.time.FastDatePrinter:applyRules:(Ljava/util/Calendar;Ljava/lang/StringBuffer;)Ljava/lang/StringBuffer;#454#25 prob_bp = 0.50000000162471970000
org.apache.commons.lang3.time.FastDatePrinter:applyRules:(Ljava/util/Calendar;Ljava/lang/StringBuffer;)Ljava/lang/StringBuffer;#453#34 prob_bp = 0.50000000167188350000
org.apache.commons.lang3.time.FastDatePrinter:applyRules:(Ljava/util/Calendar;Ljava/lang/StringBuffer;)Ljava/lang/StringBuffer;#453#7 prob_bp = 0.50000000219262630000
org.apache.commons.lang3.time.FastDatePrinter:getTimeZoneDisplay:(Ljava/util/TimeZone;ZILjava/util/Locale;)Ljava/lang/String;#1081#30 prob_bp = 0.50000000230368980000
org.apache.commons.lang3.time.FormatCache:getInstance:(Ljava/lang/String;Ljava/util/TimeZone;Ljava/util/Locale;)Ljava/text/Format;#83#101 prob_bp = 0.50000000346952390000
org.apache.commons.lang3.time.FastDatePrinter:applyRules:(Ljava/util/Calendar;Ljava/lang/StringBuffer;)Ljava/lang/StringBuffer;#453#12 prob_bp = 0.50000000353657200000
org.apache.commons.lang3.time.FastDatePrinter$TwoDigitNumberField:appendTo:(Ljava/lang/StringBuffer;I)V#889#6 prob_bp = 0.50000000378679740000
org.apache.commons.lang3.time.FastDatePrinter:applyRules:(Ljava/util/Calendar;Ljava/lang/StringBuffer;)Ljava/lang/StringBuffer;#453#14 prob_bp = 0.50000000445525670000
org.apache.commons.lang3.time.FastDatePrinter$TwoDigitNumberField:appendTo:(Ljava/lang/StringBuffer;I)V#889#11 prob_bp = 0.50000000476518500000
org.apache.commons.lang3.time.FastDatePrinter$TwoDigitNumberField:appendTo:(Ljava/lang/StringBuffer;I)V#889#13 prob_bp = 0.50000000495752100000
org.apache.commons.lang3.time.FastDatePrinter$TwoDigitNumberField:appendTo:(Ljava/lang/StringBuffer;I)V#889#14 prob_bp = 0.50000000650884540000
org.apache.commons.lang3.time.FastDatePrinter$TwoDigitNumberField:appendTo:(Ljava/lang/StringBuffer;I)V#889#15 prob_bp = 0.50000001277040670000
org.apache.commons.lang3.time.FastDatePrinter:applyRules:(Ljava/util/Calendar;Ljava/lang/StringBuffer;)Ljava/lang/StringBuffer;#453#16 prob_bp = 0.50000001359653280000
org.apache.commons.lang3.time.FastDatePrinter$TwoDigitNumberField:appendTo:(Ljava/lang/StringBuffer;I)V#890#20 prob_bp = 0.50000001375093480000
org.apache.commons.lang3.time.FormatCache:getInstance:(Ljava/lang/String;Ljava/util/TimeZone;Ljava/util/Locale;)Ljava/text/Format;#84#103 prob_bp = 0.50000001465177270000
org.apache.commons.lang3.time.FastDatePrinter$CharacterLiteral:appendTo:(Ljava/lang/StringBuffer;Ljava/util/Calendar;)V#616#1 prob_bp = 0.50000002810852960000
org.apache.commons.lang3.time.FastDatePrinter:getTimeZoneDisplay:(Ljava/util/TimeZone;ZILjava/util/Locale;)Ljava/lang/String;#1080#23 prob_bp = 0.50000003278839670000
org.apache.commons.lang3.time.FastDatePrinter$TwoDigitNumberField:appendTo:(Ljava/lang/StringBuffer;I)V#890#21 prob_bp = 0.50000005598074360000
org.apache.commons.lang3.time.FastDatePrinter$TwoDigitNumberField:appendTo:(Ljava/lang/StringBuffer;I)V#890#23 prob_bp = 0.50000005824027440000
org.apache.commons.lang3.time.FormatCache:getInstance:(Ljava/lang/String;Ljava/util/TimeZone;Ljava/util/Locale;)Ljava/text/Format;#84#105 prob_bp = 0.50000005964854890000
org.apache.commons.lang3.time.FastDatePrinter$TwoDigitNumberField:appendTo:(Ljava/lang/StringBuffer;I)V#888#0 prob_bp = 0.50000009069657430000
org.apache.commons.lang3.time.FastDatePrinter$CharacterLiteral:appendTo:(Ljava/lang/StringBuffer;Ljava/util/Calendar;)V#616#2 prob_bp = 0.50000011385742550000
org.apache.commons.lang3.time.FastDatePrinter:getTimeZoneDisplay:(Ljava/util/TimeZone;ZILjava/util/Locale;)Ljava/lang/String;#1080#26 prob_bp = 0.50000016473230020000
org.apache.commons.lang3.time.FastDatePrinter$TimeZoneNameRule:appendTo:(Ljava/lang/StringBuffer;Ljava/util/Calendar;)V#1134#16 prob_bp = 0.50000022669833110000
org.apache.commons.lang3.time.FastDatePrinter$TwoDigitNumberField:appendTo:(Ljava/lang/StringBuffer;I)V#888#1 prob_bp = 0.50000036948452900000
org.apache.commons.lang3.time.FastDatePrinter$TwoDigitNumberField:appendTo:(Ljava/lang/StringBuffer;I)V#888#3 prob_bp = 0.50000038441202620000
org.apache.commons.lang3.time.FastDatePrinter:getTimeZoneDisplay:(Ljava/util/TimeZone;ZILjava/util/Locale;)Ljava/lang/String;#1081#30#unexe#5 prob_bp = 0.50000069584335950000
org.apache.commons.lang3.time.FastDateFormat:<clinit>:()V#88#7 prob_bp = 0.50000187354119230000
org.apache.commons.lang3.time.FastDatePrinter:getTimeZoneDisplay:(Ljava/util/TimeZone;ZILjava/util/Locale;)Ljava/lang/String;#1089#68 prob_bp = 0.50000283518044000000
org.apache.commons.lang3.time.FormatCache:getInstance:(Ljava/lang/String;Ljava/util/TimeZone;Ljava/util/Locale;)Ljava/text/Format;#82#83 prob_bp = 0.50000357996321760000
org.apache.commons.lang3.time.FastDatePrinter:getTimeZoneDisplay:(Ljava/util/TimeZone;ZILjava/util/Locale;)Ljava/lang/String;#1089#70 prob_bp = 0.50001145581820790000
org.apache.commons.lang3.time.FormatCache:getInstance:(Ljava/lang/String;Ljava/util/TimeZone;Ljava/util/Locale;)Ljava/text/Format;#80#55 prob_bp = 0.50001224733426160000
org.apache.commons.lang3.time.FastDatePrinter$TwoDigitNumberField:appendTo:(Ljava/lang/StringBuffer;Ljava/util/Calendar;)V#880#1 prob_bp = 0.50001400554579930000
org.apache.commons.lang3.time.FormatCache:getInstance:(Ljava/lang/String;Ljava/util/TimeZone;Ljava/util/Locale;)Ljava/text/Format;#84#105#unexe#5 prob_bp = 0.50001798503682070000
org.apache.commons.lang3.time.FastDateFormat:getInstance:(Ljava/lang/String;)Lorg/apache/commons/lang3/time/FastDateFormat;#119#9 prob_bp = 0.50001888300841390000
org.apache.commons.lang3.time.FastDatePrinter$TwoDigitNumberField:appendTo:(Ljava/lang/StringBuffer;Ljava/util/Calendar;)V#880#10 prob_bp = 0.50002169946395310000
org.apache.commons.lang3.time.FastDatePrinter$CharacterLiteral:appendTo:(Ljava/lang/StringBuffer;Ljava/util/Calendar;)V#616#0 prob_bp = 0.50002245497711470000
org.apache.commons.lang3.time.FormatCache:getInstance:(Ljava/lang/String;Ljava/util/TimeZone;Ljava/util/Locale;)Ljava/text/Format;#80#56 prob_bp = 0.50002803324859780000
org.apache.commons.lang3.time.FastDatePrinter$CharacterLiteral:appendTo:(Ljava/lang/StringBuffer;Ljava/util/Calendar;)V#616#5 prob_bp = 0.50003475155784720000
org.apache.commons.lang3.time.FormatCache:getInstance:(Ljava/lang/String;Ljava/util/TimeZone;Ljava/util/Locale;)Ljava/text/Format;#79#33 prob_bp = 0.50003700454222270000
org.apache.commons.lang3.time.FormatCache:getInstance:(Ljava/lang/String;Ljava/util/TimeZone;Ljava/util/Locale;)Ljava/text/Format;#79#50 prob_bp = 0.50003849388475550000
org.apache.commons.lang3.time.FormatCache$MultipartKey:<init>:([Ljava/lang/Object;)V#179#0 prob_bp = 0.50004151210185570000
org.apache.commons.lang3.time.FormatCache$MultipartKey:<init>:([Ljava/lang/Object;)V#179#1 prob_bp = 0.50004762857325460000
org.apache.commons.lang3.time.FastDatePrinter$TwoDigitNumberField:appendTo:(Ljava/lang/StringBuffer;I)V#890#19 prob_bp = 0.50005267264417120000
org.apache.commons.lang3.time.FormatCache:getInstance:(Ljava/lang/String;Ljava/util/TimeZone;Ljava/util/Locale;)Ljava/text/Format;#79#53 prob_bp = 0.50005350620676470000
org.apache.commons.lang3.time.FormatCache:getInstance:(Ljava/lang/String;Ljava/util/TimeZone;Ljava/util/Locale;)Ljava/text/Format;#80#59 prob_bp = 0.50005565960148010000
org.apache.commons.lang3.time.FormatCache:getInstance:(Ljava/lang/String;Ljava/util/TimeZone;Ljava/util/Locale;)Ljava/text/Format;#80#61 prob_bp = 0.50006002341959480000
org.apache.commons.lang3.time.FastDatePrinter:applyRules:(Ljava/util/Calendar;Ljava/lang/StringBuffer;)Ljava/lang/StringBuffer;#454#27 prob_bp = 0.50006411530529990000
org.apache.commons.lang3.time.FastDatePrinter$TwoDigitNumberField:appendTo:(Ljava/lang/StringBuffer;I)V#890#24 prob_bp = 0.50006634421556330000
org.apache.commons.lang3.time.FastDatePrinter:applyRules:(Ljava/util/Calendar;Ljava/lang/StringBuffer;)Ljava/lang/StringBuffer;#454#29 prob_bp = 0.50006671350491980000
org.apache.commons.lang3.time.FastDateFormat:getInstance:(Ljava/lang/String;)Lorg/apache/commons/lang3/time/FastDateFormat;#119#12 prob_bp = 0.50006729388377950000
org.apache.commons.lang3.time.FastDatePrinter$TwoDigitNumberField:appendTo:(Ljava/lang/StringBuffer;I)V#890#26 prob_bp = 0.50006902153583110000
org.apache.commons.lang3.time.FormatCache:getInstance:(Ljava/lang/String;Ljava/util/TimeZone;Ljava/util/Locale;)Ljava/text/Format;#79#30 prob_bp = 0.50008870554208940000
org.apache.commons.lang3.time.FastDatePrinter$TwoDigitNumberField:appendTo:(Ljava/lang/StringBuffer;I)V#890#27 prob_bp = 0.50009061342841690000
org.apache.commons.lang3.time.FastDatePrinter$TwoDigitNumberField:appendTo:(Ljava/lang/StringBuffer;I)V#890#28 prob_bp = 0.50017773942264490000
org.apache.commons.lang3.time.FastDateFormat:getInstance:(Ljava/lang/String;)Lorg/apache/commons/lang3/time/FastDateFormat;#119#3 prob_bp = 0.50052751243833060000
org.apache.commons.lang3.time.FastDateFormat:getInstance:(Ljava/lang/String;)Lorg/apache/commons/lang3/time/FastDateFormat;#119#6 prob_bp = 0.50061076009364720000
org.apache.commons.lang3.time.FormatCache:getInstance:(Ljava/lang/String;Ljava/util/TimeZone;Ljava/util/Locale;)Ljava/text/Format;#81#71 prob_bp = 0.50076305270649960000
org.apache.commons.lang3.time.FormatCache:getInstance:(Ljava/lang/String;Ljava/util/TimeZone;Ljava/util/Locale;)Ljava/text/Format;#81#73 prob_bp = 0.50109007648007060000
org.apache.commons.lang3.time.FormatCache:getInstance:(Ljava/lang/String;Ljava/util/TimeZone;Ljava/util/Locale;)Ljava/text/Format;#70#0 prob_bp = 0.50749155618189120000
org.apache.commons.lang3.time.FormatCache:getInstance:(Ljava/lang/String;Ljava/util/TimeZone;Ljava/util/Locale;)Ljava/text/Format;#80#66 prob_bp = 0.50965284585743340000
org.apache.commons.lang3.time.FormatCache:getInstance:(Ljava/lang/String;Ljava/util/TimeZone;Ljava/util/Locale;)Ljava/text/Format;#70#1 prob_bp = 0.51881490959051250000
org.apache.commons.lang3.time.FormatCache:getInstance:(Ljava/lang/String;Ljava/util/TimeZone;Ljava/util/Locale;)Ljava/text/Format;#80#69 prob_bp = 0.52801525527625090000
org.apache.commons.lang3.time.FormatCache:getInstance:(Ljava/lang/String;Ljava/util/TimeZone;Ljava/util/Locale;)Ljava/text/Format;#81#73#unexe#5 prob_bp = 0.56092306929561870000
org.apache.commons.lang3.time.FormatCache:getInstance:(Ljava/lang/String;Ljava/util/TimeZone;Ljava/util/Locale;)Ljava/text/Format;#90#112 prob_bp = 0.65970887063634260000
org.apache.commons.lang3.time.FormatCache:getInstance:(Ljava/lang/String;Ljava/util/TimeZone;Ljava/util/Locale;)Ljava/text/Format;#90#114 prob_bp = 0.77791018231584850000
org.apache.commons.lang3.time.FastDateFormat:format:(Ljava/util/Calendar;)Ljava/lang/String;#420#8 prob_bp = 0.79758374005680470000
org.apache.commons.lang3.time.FastDatePrinter:format:(Ljava/util/Calendar;)Ljava/lang/String;#415#2 prob_bp = 0.99999991709941090000
org.apache.commons.lang3.time.FastDatePrinter:format:(Ljava/util/Calendar;)Ljava/lang/String;#415#13 prob_bp = 0.99999996601975000000
org.apache.commons.lang3.time.FastDatePrinter:format:(Ljava/util/Calendar;Ljava/lang/StringBuffer;)Ljava/lang/StringBuffer;#441#2 prob_bp = 0.99999998821182960000
org.apache.commons.lang3.time.FastDatePrinter:format:(Ljava/util/Calendar;Ljava/lang/StringBuffer;)Ljava/lang/StringBuffer;#441#3 prob_bp = 0.99999999678663800000
org.apache.commons.lang3.time.FastDatePrinter:format:(Ljava/util/Calendar;Ljava/lang/StringBuffer;)Ljava/lang/StringBuffer;#441#6 prob_bp = 0.99999999999898990000
org.apache.commons.lang3.time.FastDatePrinter:format:(Ljava/util/Calendar;)Ljava/lang/String;#415#19 prob_bp = 0.99999999999939480000
org.apache.commons.lang3.time.FastDatePrinter:applyRules:(Ljava/util/Calendar;Ljava/lang/StringBuffer;)Ljava/lang/StringBuffer;#456#40 prob_bp = 0.99999999999971760000
org.apache.commons.lang3.time.FastDatePrinter:applyRules:(Ljava/util/Calendar;Ljava/lang/StringBuffer;)Ljava/lang/StringBuffer;#456#41 prob_bp = 0.99999999999999300000
org.apache.commons.lang3.time.FastDatePrinterTest:testCalendarTimezoneRespected:()V#267#0 prob_bp = 1.00000000000000000000
org.apache.commons.lang3.time.FastDatePrinterTest:testCalendarTimezoneRespected:()V#267#3 prob_bp = 1.00000000000000000000
org.apache.commons.lang3.time.FastDatePrinterTest:testCalendarTimezoneRespected:()V#268#4 prob_bp = 1.00000000000000000000
org.apache.commons.lang3.time.FastDatePrinterTest:testCalendarTimezoneRespected:()V#268#7 prob_bp = 1.00000000000000000000
org.apache.commons.lang3.time.FastDatePrinterTest:testCalendarTimezoneRespected:()V#271#10 prob_bp = 1.00000000000000000000
org.apache.commons.lang3.time.FastDatePrinterTest:testCalendarTimezoneRespected:()V#271#11 prob_bp = 1.00000000000000000000
org.apache.commons.lang3.time.FastDatePrinterTest:testCalendarTimezoneRespected:()V#271#13 prob_bp = 1.00000000000000000000
org.apache.commons.lang3.time.FastDatePrinterTest:testCalendarTimezoneRespected:()V#271#15 prob_bp = 1.00000000000000000000
org.apache.commons.lang3.time.FastDatePrinterTest:testCalendarTimezoneRespected:()V#271#16 prob_bp = 1.00000000000000000000
org.apache.commons.lang3.time.FastDatePrinterTest:testCalendarTimezoneRespected:()V#271#18 prob_bp = 1.00000000000000000000
org.apache.commons.lang3.time.FastDatePrinterTest:testCalendarTimezoneRespected:()V#271#19 prob_bp = 1.00000000000000000000
org.apache.commons.lang3.time.FastDatePrinterTest:testCalendarTimezoneRespected:()V#271#21 prob_bp = 1.00000000000000000000
org.apache.commons.lang3.time.FastDatePrinterTest:testCalendarTimezoneRespected:()V#271#23 prob_bp = 1.00000000000000000000
org.apache.commons.lang3.time.FastDatePrinterTest:testCalendarTimezoneRespected:()V#271#25 prob_bp = 1.00000000000000000000
org.apache.commons.lang3.time.FastDatePrinterTest:testCalendarTimezoneRespected:()V#271#28 prob_bp = 1.00000000000000000000
org.apache.commons.lang3.time.FastDatePrinterTest:testCalendarTimezoneRespected:()V#271#30 prob_bp = 1.00000000000000000000
org.apache.commons.lang3.time.FastDatePrinterTest:testCalendarTimezoneRespected:()V#271#32 prob_bp = 1.00000000000000000000
org.apache.commons.lang3.time.FastDatePrinterTest:testCalendarTimezoneRespected:()V#271#33 prob_bp = 1.00000000000000000000
org.apache.commons.lang3.time.FastDatePrinterTest:testCalendarTimezoneRespected:()V#272#35 prob_bp = 1.00000000000000000000
org.apache.commons.lang3.time.FastDatePrinterTest:testCalendarTimezoneRespected:()V#272#37 prob_bp = 1.00000000000000000000
org.apache.commons.lang3.time.FastDatePrinterTest:testCalendarTimezoneRespected:()V#272#38 prob_bp = 1.00000000000000000000
org.apache.commons.lang3.time.FastDatePrinterTest:testCalendarTimezoneRespected:()V#272#41 prob_bp = 1.00000000000000000000
org.apache.commons.lang3.time.FastDatePrinterTest:testCalendarTimezoneRespected:()V#272#44 prob_bp = 1.00000000000000000000
org.apache.commons.lang3.time.FastDatePrinterTest:testCalendarTimezoneRespected:()V#273#47 prob_bp = 1.00000000000000000000
org.apache.commons.lang3.time.FastDatePrinterTest:testCalendarTimezoneRespected:()V#273#49 prob_bp = 1.00000000000000000000
org.apache.commons.lang3.time.FastDatePrinterTest:testCalendarTimezoneRespected:()V#273#52 prob_bp = 1.00000000000000000000
org.apache.commons.lang3.time.FastDatePrinterTest:testCalendarTimezoneRespected:()V#271#53 prob_bp = 1.00000000000000000000
org.apache.commons.lang3.time.FastDatePrinterTest:testCalendarTimezoneRespected:()V#280#69 prob_bp = 1.00000000000000000000
org.apache.commons.lang3.time.FastDatePrinterTest:testCalendarTimezoneRespected:()V#280#70 prob_bp = 1.00000000000000000000
org.apache.commons.lang3.time.FastDatePrinterTest:testCalendarTimezoneRespected:()V#280#73 prob_bp = 1.00000000000000000000
org.apache.commons.lang3.time.FastDatePrinterTest:testCalendarTimezoneRespected:()V#282#75 prob_bp = 1.00000000000000000000
org.apache.commons.lang3.time.FastDatePrinterTest:testCalendarTimezoneRespected:()V#282#84 prob_bp = 1.00000000000000000000
org.apache.commons.lang3.time.FastDatePrinterTest:testCalendarTimezoneRespected:()V#283#86 prob_bp = 1.00000000000000000000
org.apache.commons.lang3.time.FastDatePrinterTest:testCalendarTimezoneRespected:()V#283#88 prob_bp = 1.00000000000000000000
org.apache.commons.lang3.time.FastDatePrinterTest:testCalendarTimezoneRespected:()V#283#89 prob_bp = 1.00000000000000000000
org.apache.commons.lang3.time.FastDatePrinterTest:testCalendarTimezoneRespected:()V#284#92 prob_bp = 1.00000000000000000000
org.apache.commons.lang3.time.FastDatePrinterTest:testCalendarTimezoneRespected:()V#284#94 prob_bp = 1.00000000000000000000
org.apache.commons.lang3.time.FastDatePrinterTest:testCalendarTimezoneRespected:()V#284#96 prob_bp = 1.00000000000000000000
org.apache.commons.lang3.time.FastDatePrinterTest:testCalendarTimezoneRespected:()V#284#99 prob_bp = 1.00000000000000000000
org.apache.commons.lang3.time.FastDatePrinterTest:testCalendarTimezoneRespected:()V#284#102 prob_bp = 1.00000000000000000000
org.apache.commons.lang3.time.FastDatePrinterTest:testCalendarTimezoneRespected:()V#285#104 prob_bp = 1.00000000000000000000
org.apache.commons.lang3.time.FastDatePrinterTest:testCalendarTimezoneRespected:()V#285#106 prob_bp = 1.00000000000000000000
org.apache.commons.lang3.time.FastDatePrinterTest:testCalendarTimezoneRespected:()V#285#109 prob_bp = 1.00000000000000000000
org.apache.commons.lang3.time.FastDatePrinterTest:testCalendarTimezoneRespected:()V#285#111 prob_bp = 1.00000000000000000000
org.apache.commons.lang3.time.FastDatePrinter:format:(Ljava/util/Calendar;)Ljava/lang/String;#415#16 prob_bp = 1.00000000000000000000
org.apache.commons.lang3.time.FastDatePrinterTest:testCalendarTimezoneRespected:()V#285#114 prob_bp = 1.00000000000000000000
org.apache.commons.lang3.time.FastDatePrinterTest:testCalendarTimezoneRespected:()V#286#116 prob_bp = 1.00000000000000000000
org.apache.commons.lang3.time.FastDatePrinterTest:testCalendarTimezoneRespected:()V#286#118 prob_bp = 1.00000000000000000000
org.apache.commons.lang3.time.FastDatePrinterTest:testCalendarTimezoneRespected:()V#286#120 prob_bp = 1.00000000000000000000
Belief propagation time : 65.263000s
