Belief propagation time: 56

Probabilities: 
Vars:4959
Stmts:1037
org.apache.commons.lang3.StringUtils:join:([Ljava/lang/Object;Ljava/lang/String;II)Ljava/lang/String;#3383#26 prob_bp = 0.33783908703202020000
org.apache.commons.lang3.StringUtils:join:([Ljava/lang/Object;CII)Ljava/lang/String;#3298#19 prob_bp = 0.35647559707478366000
org.apache.commons.lang3.StringUtils:join:([Ljava/lang/Object;CII)Ljava/lang/String;#3298#24 prob_bp = 0.48304756045551790000
org.apache.commons.lang3.StringUtils:join:([Ljava/lang/Object;CII)Ljava/lang/String;#3298#23 prob_bp = 0.48304796019111373000
org.apache.commons.lang3.StringUtils:join:([Ljava/lang/Object;Ljava/lang/String;II)Ljava/lang/String;#3383#31 prob_bp = 0.49386399952701880000
org.apache.commons.lang3.StringUtils:join:([Ljava/lang/Object;Ljava/lang/String;)Ljava/lang/String;#3338#11 prob_bp = 0.49436620819264876000
org.apache.commons.lang3.StringUtils:join:([Ljava/lang/Object;Ljava/lang/String;)Ljava/lang/String;#3338#8 prob_bp = 0.49491393471022910000
org.apache.commons.lang3.StringUtils:join:([Ljava/lang/Object;Ljava/lang/String;II)Ljava/lang/String;#3383#30 prob_bp = 0.49884851704554567000
org.apache.commons.lang3.StringUtils:join:([Ljava/lang/Object;Ljava/lang/String;)Ljava/lang/String;#3338#6 prob_bp = 0.49986324872456120000
org.apache.commons.lang3.StringUtils:join:([Ljava/lang/Object;CII)Ljava/lang/String;#3290#0 prob_bp = 0.49998883591002150000
org.apache.commons.lang3.StringUtils:join:([Ljava/lang/Object;CII)Ljava/lang/String;#3290#1 prob_bp = 0.49999131182434820000
org.apache.commons.lang3.StringUtils:join:([Ljava/lang/Object;CII)Ljava/lang/String;#3293#8 prob_bp = 0.49999625718044840000
org.apache.commons.lang3.StringUtils:join:([Ljava/lang/Object;CII)Ljava/lang/String;#3293#6 prob_bp = 0.49999640354866270000
org.apache.commons.lang3.StringUtils:join:([Ljava/lang/Object;CII)Ljava/lang/String;#3293#7 prob_bp = 0.49999672014705376000
org.apache.commons.lang3.StringUtils:join:([Ljava/lang/Object;Ljava/lang/String;)Ljava/lang/String;#3338#9 prob_bp = 0.49999999996790556000
org.apache.commons.lang3.StringUtils:join:([Ljava/lang/Object;Ljava/lang/String;II)Ljava/lang/String;#3383#32 prob_bp = 0.49999999999999994000
org.apache.commons.lang3.StringUtils:join:([Ljava/lang/Object;Ljava/lang/String;II)Ljava/lang/String;#3383#33 prob_bp = 0.49999999999999994000
org.apache.commons.lang3.StringUtils:join:([Ljava/lang/Object;Ljava/lang/String;II)Ljava/lang/String;#3383#47 prob_bp = 0.49999999999999994000
org.apache.commons.lang3.StringUtils:join:([Ljava/lang/Object;CII)Ljava/lang/String;#3298#22 prob_bp = 0.49999999999999994000
org.apache.commons.lang3.StringUtils:join:([Ljava/lang/Object;CII)Ljava/lang/String;#3298#25 prob_bp = 0.49999999999999994000
org.apache.commons.lang3.StringUtils:join:([Ljava/lang/Object;CII)Ljava/lang/String;#3298#34 prob_bp = 0.49999999999999994000
org.apache.commons.lang3.StringUtils:join:([Ljava/lang/Object;Ljava/lang/String;II)Ljava/lang/String;#3383#29 prob_bp = 0.50000000000000000000
org.apache.commons.lang3.StringUtils:join:([Ljava/lang/Object;CII)Ljava/lang/String;#3298#35 prob_bp = 0.50000000000000000000
org.apache.commons.lang3.StringUtils:join:([Ljava/lang/Object;CII)Ljava/lang/String;#3298#36 prob_bp = 0.50000000000000000000
org.apache.commons.lang3.StringUtils:join:([Ljava/lang/Object;CII)Ljava/lang/String;#3298#37 prob_bp = 0.50000000000000000000
org.apache.commons.lang3.StringUtils:join:([Ljava/lang/Object;CII)Ljava/lang/String;#3298#40 prob_bp = 0.50000000000000000000
org.apache.commons.lang3.StringUtils:join:([Ljava/lang/Object;Ljava/lang/String;II)Ljava/lang/String;#3383#41 prob_bp = 0.50000000000000010000
org.apache.commons.lang3.StringUtils:join:([Ljava/lang/Object;Ljava/lang/String;II)Ljava/lang/String;#3383#42 prob_bp = 0.50000000000000010000
org.apache.commons.lang3.StringUtils:join:([Ljava/lang/Object;Ljava/lang/String;II)Ljava/lang/String;#3383#43 prob_bp = 0.50000000000000010000
org.apache.commons.lang3.StringUtils:join:([Ljava/lang/Object;Ljava/lang/String;II)Ljava/lang/String;#3383#44 prob_bp = 0.50000000000000010000
org.apache.commons.lang3.StringUtils:join:([Ljava/lang/Object;CII)Ljava/lang/String;#3298#26 prob_bp = 0.50000000000000010000
org.apache.commons.lang3.StringUtils:join:([Ljava/lang/Object;Ljava/lang/String;)Ljava/lang/String;#3338#10 prob_bp = 0.50000000185423820000
org.apache.commons.lang3.StringUtils:join:([Ljava/lang/Object;C)Ljava/lang/String;#3260#9 prob_bp = 0.50000000283978050000
org.apache.commons.lang3.StringUtils:join:([Ljava/lang/Object;C)Ljava/lang/String;#3256#0 prob_bp = 0.50000000850396110000
org.apache.commons.lang3.StringUtils:join:([Ljava/lang/Object;C)Ljava/lang/String;#3260#10 prob_bp = 0.50000001128850400000
org.apache.commons.lang3.StringUtils:join:([Ljava/lang/Object;C)Ljava/lang/String;#3256#1 prob_bp = 0.50000003380651800000
org.apache.commons.lang3.StringUtils:join:([Ljava/lang/Object;C)Ljava/lang/String;#3260#6 prob_bp = 0.50000010873216950000
org.apache.commons.lang3.StringUtils:join:([Ljava/lang/Object;C)Ljava/lang/String;#3260#8 prob_bp = 0.50000039494281570000
org.apache.commons.lang3.StringUtils:join:([Ljava/lang/Object;C)Ljava/lang/String;#3260#11 prob_bp = 0.50000088838554750000
org.apache.commons.lang3.StringUtils:join:([Ljava/lang/Object;Ljava/lang/String;II)Ljava/lang/String;#3378#13 prob_bp = 0.50001047072308810000
org.apache.commons.lang3.StringUtils:join:([Ljava/lang/Object;Ljava/lang/String;II)Ljava/lang/String;#3378#14 prob_bp = 0.50001054148187960000
org.apache.commons.lang3.StringUtils:join:([Ljava/lang/Object;Ljava/lang/String;II)Ljava/lang/String;#3378#15 prob_bp = 0.50001216064746000000
org.apache.commons.lang3.StringUtils:join:([Ljava/lang/Object;CII)Ljava/lang/String;#3293#9 prob_bp = 0.50002813790223970000
org.apache.commons.lang3.StringUtils:join:([Ljava/lang/Object;Ljava/lang/String;II)Ljava/lang/String;#3369#0 prob_bp = 0.50003601552478940000
org.apache.commons.lang3.StringUtils:join:([Ljava/lang/Object;Ljava/lang/String;II)Ljava/lang/String;#3369#1 prob_bp = 0.50004245313912600000
org.apache.commons.lang3.StringUtils:join:([Ljava/lang/Object;Ljava/lang/String;II)Ljava/lang/String;#3378#16 prob_bp = 0.50010731611088550000
org.apache.commons.lang3.StringUtils:join:([Ljava/lang/Object;CII)Ljava/lang/String;#3294#11 prob_bp = 0.50015700228321470000
org.apache.commons.lang3.StringUtils:join:([Ljava/lang/Object;)Ljava/lang/String;#3230#0 prob_bp = 0.50019147973781150000
org.apache.commons.lang3.StringUtils:join:([Ljava/lang/Object;)Ljava/lang/String;#3230#2 prob_bp = 0.50025624946975870000
org.apache.commons.lang3.StringUtils:join:([Ljava/lang/Object;Ljava/lang/String;II)Ljava/lang/String;#3379#18 prob_bp = 0.50048367529097300000
org.apache.commons.lang3.StringUtils:join:([Ljava/lang/Object;Ljava/lang/String;)Ljava/lang/String;#3335#0 prob_bp = 0.50065156304471540000
org.apache.commons.lang3.StringUtils:join:([Ljava/lang/Object;CII)Ljava/lang/String;#3294#13 prob_bp = 0.50068256690227090000
org.apache.commons.lang3.StringUtils:join:([Ljava/lang/Object;Ljava/lang/String;)Ljava/lang/String;#3335#1 prob_bp = 0.50187713395833940000
org.apache.commons.lang3.StringUtils:join:([Ljava/lang/Object;Ljava/lang/String;II)Ljava/lang/String;#3379#20 prob_bp = 0.50197339338416770000
org.apache.commons.lang3.StringUtilsTest:<clinit>:()V#67#203 prob_bp = 1.00000000000000000000
org.apache.commons.lang3.StringUtilsTest:<clinit>:()V#68#210 prob_bp = 1.00000000000000000000
org.apache.commons.lang3.StringUtilsTest:<clinit>:()V#69#221 prob_bp = 1.00000000000000000000
org.apache.commons.lang3.StringUtilsTest:<clinit>:()V#70#238 prob_bp = 1.00000000000000000000
org.apache.commons.lang3.StringUtilsTest:<clinit>:()V#78#259 prob_bp = 1.00000000000000000000
org.apache.commons.lang3.StringUtilsTest:<clinit>:()V#79#280 prob_bp = 1.00000000000000000000
org.apache.commons.lang3.StringUtilsTest:testJoin_Objectarray:()V#186#1 prob_bp = 1.00000000000000000000
org.apache.commons.lang3.StringUtilsTest:testJoin_Objectarray:()V#186#2 prob_bp = 1.00000000000000000000
org.apache.commons.lang3.StringUtilsTest:testJoin_Objectarray:()V#186#5 prob_bp = 1.00000000000000000000
org.apache.commons.lang3.StringUtilsTest:testJoin_Objectarray:()V#188#13 prob_bp = 1.00000000000000000000
org.apache.commons.lang3.StringUtilsTest:testJoin_Objectarray:()V#188#14 prob_bp = 1.00000000000000000000
org.apache.commons.lang3.StringUtilsTest:testJoin_Objectarray:()V#188#17 prob_bp = 1.00000000000000000000
org.apache.commons.lang3.StringUtilsTest:testJoin_Objectarray:()V#189#25 prob_bp = 1.00000000000000000000
org.apache.commons.lang3.StringUtilsTest:testJoin_Objectarray:()V#189#26 prob_bp = 1.00000000000000000000
org.apache.commons.lang3.StringUtilsTest:testJoin_Objectarray:()V#189#36 prob_bp = 1.00000000000000000000
org.apache.commons.lang3.StringUtilsTest:testJoin_Objectarray:()V#191#44 prob_bp = 1.00000000000000000000
org.apache.commons.lang3.StringUtilsTest:testJoin_Objectarray:()V#191#47 prob_bp = 1.00000000000000000000
org.apache.commons.lang3.StringUtilsTest:testJoin_Objectarray:()V#192#55 prob_bp = 1.00000000000000000000
org.apache.commons.lang3.StringUtilsTest:testJoin_Objectarray:()V#192#58 prob_bp = 1.00000000000000000000
org.apache.commons.lang3.StringUtilsTest:testJoin_Objectarray:()V#193#66 prob_bp = 1.00000000000000000000
org.apache.commons.lang3.StringUtilsTest:testJoin_Objectarray:()V#193#69 prob_bp = 1.00000000000000000000
org.apache.commons.lang3.StringUtilsTest:testJoin_ArrayChar:()V#201#1 prob_bp = 1.00000000000000000000
org.apache.commons.lang3.StringUtilsTest:testJoin_ArrayChar:()V#201#2 prob_bp = 1.00000000000000000000
org.apache.commons.lang3.StringUtilsTest:testJoin_ArrayChar:()V#201#7 prob_bp = 1.00000000000000000000
org.apache.commons.lang3.StringUtilsTest:testJoin_ArrayChar:()V#202#15 prob_bp = 1.00000000000000000000
org.apache.commons.lang3.StringUtilsTest:testJoin_ArrayChar:()V#202#20 prob_bp = 1.00000000000000000000
org.apache.commons.lang3.StringUtilsTest:testJoin_ArrayChar:()V#203#28 prob_bp = 1.00000000000000000000
org.apache.commons.lang3.StringUtilsTest:testJoin_ArrayChar:()V#203#33 prob_bp = 1.00000000000000000000
org.apache.commons.lang3.StringUtilsTest:testJoin_ArrayChar:()V#204#41 prob_bp = 1.00000000000000000000
org.apache.commons.lang3.StringUtilsTest:testJoin_ArrayChar:()V#204#46 prob_bp = 1.00000000000000000000
org.apache.commons.lang3.StringUtilsTest:testJoin_ArrayChar:()V#205#54 prob_bp = 1.00000000000000000000
org.apache.commons.lang3.StringUtilsTest:testJoin_ArrayChar:()V#205#59 prob_bp = 1.00000000000000000000
org.apache.commons.lang3.StringUtilsTest:testJoin_ArrayChar:()V#207#67 prob_bp = 1.00000000000000000000
org.apache.commons.lang3.StringUtilsTest:testJoin_ArrayChar:()V#207#72 prob_bp = 1.00000000000000000000
org.apache.commons.lang3.StringUtilsTest:testJoin_ArrayChar:()V#207#73 prob_bp = 1.00000000000000000000
org.apache.commons.lang3.StringUtilsTest:testJoin_ArrayChar:()V#207#76 prob_bp = 1.00000000000000000000
org.apache.commons.lang3.StringUtilsTest:testJoin_ArrayChar:()V#207#77 prob_bp = 1.00000000000000000000
org.apache.commons.lang3.StringUtilsTest:testJoin_ArrayChar:()V#207#78 prob_bp = 1.00000000000000000000
org.apache.commons.lang3.StringUtilsTest:testJoin_ArrayChar:()V#207#79 prob_bp = 1.00000000000000000000
org.apache.commons.lang3.StringUtilsTest:testJoin_ArrayChar:()V#208#87 prob_bp = 1.00000000000000000000
org.apache.commons.lang3.StringUtilsTest:testJoin_ArrayChar:()V#208#92 prob_bp = 1.00000000000000000000
org.apache.commons.lang3.StringUtilsTest:testJoin_ArrayChar:()V#208#93 prob_bp = 1.00000000000000000000
org.apache.commons.lang3.StringUtilsTest:testJoin_ArrayChar:()V#208#94 prob_bp = 1.00000000000000000000
org.apache.commons.lang3.StringUtilsTest:testJoin_ArrayChar:()V#209#102 prob_bp = 1.00000000000000000000
org.apache.commons.lang3.StringUtilsTest:testJoin_ArrayChar:()V#209#107 prob_bp = 1.00000000000000000000
org.apache.commons.lang3.StringUtilsTest:testJoin_ArrayChar:()V#209#108 prob_bp = 1.00000000000000000000
org.apache.commons.lang3.StringUtilsTest:testJoin_ArrayChar:()V#209#109 prob_bp = 1.00000000000000000000
Belief propagation time : 1.375000s
