Belief propagation time: 100

Probabilities: 
Vars:158458
Stmts:6573
org.jfree.data.time.TimeSeries:createCopy:(II)Lorg/jfree/data/time/TimeSeries;#880#19 prob_bp = 0.39998469482043336000
org.jfree.data.time.TimeSeries:createCopy:(II)Lorg/jfree/data/time/TimeSeries;#880#23 prob_bp = 0.39998469482043336000
org.jfree.data.time.TimeSeries:clone:()Ljava/lang/Object;#857#1 prob_bp = 0.49998487444000084000
org.jfree.data.time.TimeSeries:clone:()Ljava/lang/Object;#857#7 prob_bp = 0.49999985157981414000
org.jfree.data.time.TimeSeries:clone:()Ljava/lang/Object;#857#6 prob_bp = 0.49999985728315980000
org.jfree.data.time.TimeSeries:clone:()Ljava/lang/Object;#857#3 prob_bp = 0.49999999995676570000
org.jfree.data.time.TimeSeries:clone:()Ljava/lang/Object;#857#2 prob_bp = 0.49999999997190860000
org.jfree.data.time.TimeSeries:add:(Lorg/jfree/data/time/TimeSeriesDataItem;Z)V#512#147 prob_bp = 0.49999999999999994000
org.jfree.data.time.TimeSeries:createCopy:(II)Lorg/jfree/data/time/TimeSeries;#880#22 prob_bp = 0.50000000000000000000
org.jfree.data.time.TimeSeries:createCopy:(II)Lorg/jfree/data/time/TimeSeries;#880#28 prob_bp = 0.50000000000000000000
org.jfree.data.time.TimeSeries:add:(Lorg/jfree/data/time/TimeSeriesDataItem;Z)V#511#135 prob_bp = 0.50000000000000010000
org.jfree.data.time.TimeSeries:add:(Lorg/jfree/data/time/TimeSeriesDataItem;Z)V#511#136 prob_bp = 0.50000000000000010000
org.jfree.data.time.TimeSeries:add:(Lorg/jfree/data/time/TimeSeriesDataItem;Z)V#511#142 prob_bp = 0.50000000000000030000
org.jfree.data.time.TimeSeries:getTimePeriod:(I)Lorg/jfree/data/time/RegularTimePeriod;#370#2 prob_bp = 0.50000000000000030000
org.jfree.data.time.TimeSeries:add:(Lorg/jfree/data/time/TimeSeriesDataItem;Z)V#513#159 prob_bp = 0.50000000000000030000
org.jfree.data.time.TimeSeries:add:(Lorg/jfree/data/time/RegularTimePeriod;Ljava/lang/Number;Z)V#601#14 prob_bp = 0.50000000000000060000
org.jfree.data.time.TimeSeries:add:(Lorg/jfree/data/time/TimeSeriesDataItem;Z)V#511#137 prob_bp = 0.50000000000000060000
org.jfree.data.time.TimeSeries:add:(Lorg/jfree/data/time/TimeSeriesDataItem;Z)V#511#141 prob_bp = 0.50000000000000060000
org.jfree.data.time.TimeSeries:add:(Lorg/jfree/data/time/TimeSeriesDataItem;Z)V#513#163 prob_bp = 0.50000000000000100000
org.jfree.data.time.TimeSeries:add:(Lorg/jfree/data/time/TimeSeriesDataItem;Z)V#511#140 prob_bp = 0.50000000000000120000
org.jfree.data.time.TimeSeries:add:(Lorg/jfree/data/time/TimeSeriesDataItem;Z)V#512#148 prob_bp = 0.50000000000000120000
org.jfree.data.time.TimeSeriesDataItem:<init>:(Lorg/jfree/data/time/RegularTimePeriod;Ljava/lang/Number;)V#96#18 prob_bp = 0.50000000000000140000
org.jfree.data.time.TimeSeries:add:(Lorg/jfree/data/time/RegularTimePeriod;Ljava/lang/Number;)V#586#3 prob_bp = 0.50000000000000180000
org.jfree.data.time.TimeSeriesDataItem:<init>:(Lorg/jfree/data/time/RegularTimePeriod;Ljava/lang/Number;)V#96#19 prob_bp = 0.50000000000000180000
org.jfree.data.time.TimeSeries:add:(Lorg/jfree/data/time/TimeSeriesDataItem;Z)V#513#160 prob_bp = 0.50000000000000230000
org.jfree.data.time.TimeSeries:getTimePeriod:(I)Lorg/jfree/data/time/RegularTimePeriod;#370#0 prob_bp = 0.50000000000000240000
org.jfree.data.time.TimeSeries:add:(Lorg/jfree/data/time/TimeSeriesDataItem;Z)V#513#164 prob_bp = 0.50000000000000300000
org.jfree.data.time.TimeSeriesDataItem:<init>:(Lorg/jfree/data/time/RegularTimePeriod;Ljava/lang/Number;)V#96#20 prob_bp = 0.50000000000000610000
org.jfree.data.time.TimeSeries:getTimePeriod:(I)Lorg/jfree/data/time/RegularTimePeriod;#370#5 prob_bp = 0.50000000000000920000
org.jfree.data.time.TimeSeries:getTimePeriod:(I)Lorg/jfree/data/time/RegularTimePeriod;#370#1 prob_bp = 0.50000000000001410000
org.jfree.data.time.Year:compareTo:(Ljava/lang/Object;)I#318#7 prob_bp = 0.50000000000002130000
org.jfree.data.time.Year:compareTo:(Ljava/lang/Object;)I#318#8 prob_bp = 0.50000000000006780000
org.jfree.data.time.TimeSeries:add:(Lorg/jfree/data/time/TimeSeriesDataItem;Z)V#492#14 prob_bp = 0.50000000000009200000
org.jfree.data.time.Year:compareTo:(Ljava/lang/Object;)I#318#11 prob_bp = 0.50000000000027260000
org.jfree.data.time.TimeSeries:add:(Lorg/jfree/data/time/TimeSeriesDataItem;Z)V#492#15 prob_bp = 0.50000000000036550000
org.jfree.data.time.TimeSeries:add:(Lorg/jfree/data/time/RegularTimePeriod;Ljava/lang/Number;)V#586#1 prob_bp = 0.50000000000062830000
org.jfree.data.time.TimeSeries:add:(Lorg/jfree/data/time/RegularTimePeriod;Ljava/lang/Number;Z)V#600#4 prob_bp = 0.50000000000093380000
org.jfree.data.time.Year:compareTo:(Ljava/lang/Object;)I#319#16 prob_bp = 0.50000000000109530000
org.jfree.data.time.TimeSeries:<init>:(Ljava/lang/Comparable;Ljava/lang/Class;)V#153#6 prob_bp = 0.50000000000143810000
org.jfree.data.time.TimeSeries:<init>:(Ljava/lang/Comparable;Ljava/lang/String;Ljava/lang/String;Ljava/lang/Class;)V#175#16 prob_bp = 0.50000000000158870000
org.jfree.data.time.TimeSeries:<init>:(Ljava/lang/Comparable;Ljava/lang/String;Ljava/lang/String;Ljava/lang/Class;)V#175#15 prob_bp = 0.50000000000161190000
org.jfree.data.time.TimeSeries:<init>:(Ljava/lang/Comparable;Ljava/lang/String;Ljava/lang/String;Ljava/lang/Class;)V#175#18 prob_bp = 0.50000000000184510000
org.jfree.data.time.Year:compareTo:(Ljava/lang/Object;)I#319#17 prob_bp = 0.50000000000441100000
org.jfree.data.time.TimeSeries:add:(Lorg/jfree/data/time/RegularTimePeriod;Ljava/lang/Number;)V#586#0 prob_bp = 0.50000000001414410000
org.jfree.data.time.TimeSeriesDataItem:getPeriod:()Lorg/jfree/data/time/RegularTimePeriod;#116#0 prob_bp = 0.50000000001417830000
org.jfree.data.time.TimeSeries:add:(Lorg/jfree/data/time/RegularTimePeriod;Ljava/lang/Number;)V#586#4 prob_bp = 0.50000000001773590000
org.jfree.data.time.TimeSeries:add:(Lorg/jfree/data/time/RegularTimePeriod;Ljava/lang/Number;Z)V#601#11 prob_bp = 0.50000000002868830000
org.jfree.data.time.TimeSeriesDataItem:getPeriod:()Lorg/jfree/data/time/RegularTimePeriod;#116#1 prob_bp = 0.50000000004545900000
org.jfree.data.time.Year:<init>:(I)V#96#0 prob_bp = 0.50000000005531540000
org.jfree.data.time.TimeSeries:add:(Lorg/jfree/data/time/TimeSeriesDataItem;Z)V#508#130 prob_bp = 0.50000000005657710000
org.jfree.data.time.TimeSeries:add:(Lorg/jfree/data/time/TimeSeriesDataItem;Z)V#507#119 prob_bp = 0.50000000005868470000
org.jfree.data.time.TimeSeries:add:(Lorg/jfree/data/time/TimeSeriesDataItem;Z)V#508#131 prob_bp = 0.50000000005883500000
org.jfree.data.time.Year:<init>:(I)V#96#1 prob_bp = 0.50000000007053240000
org.jfree.data.time.Year:compareTo:(Ljava/lang/Object;)I#319#12 prob_bp = 0.50000000008779010000
org.jfree.data.time.RegularTimePeriod:<init>:()V#70#0 prob_bp = 0.50000000013306540000
org.jfree.data.time.TimeSeries:add:(Lorg/jfree/data/time/TimeSeriesDataItem;Z)V#507#120 prob_bp = 0.50000000021484780000
org.jfree.data.time.TimeSeries:getTimePeriod:(I)Lorg/jfree/data/time/RegularTimePeriod;#370#8 prob_bp = 0.50000000022926940000
org.jfree.data.time.Year:compareTo:(Ljava/lang/Object;)I#319#13 prob_bp = 0.50000000035725260000
org.jfree.data.time.RegularTimePeriod:<init>:()V#70#1 prob_bp = 0.50000000037944300000
org.jfree.data.time.TimeSeries:add:(Lorg/jfree/data/time/TimeSeriesDataItem;Z)V#492#21 prob_bp = 0.50000000056332150000
org.jfree.data.time.TimeSeries:add:(Lorg/jfree/data/time/RegularTimePeriod;Ljava/lang/Number;Z)V#600#9 prob_bp = 0.50000000090960270000
org.jfree.data.time.TimeSeries:add:(Lorg/jfree/data/time/TimeSeriesDataItem;Z)V#511#145 prob_bp = 0.50000000096456010000
org.jfree.data.time.TimeSeries:add:(Lorg/jfree/data/time/RegularTimePeriod;Ljava/lang/Number;Z)V#601#12 prob_bp = 0.50000000104923950000
org.jfree.data.time.TimeSeries:add:(Lorg/jfree/data/time/TimeSeriesDataItem;Z)V#492#18 prob_bp = 0.50000000144988200000
org.jfree.data.time.TimeSeries:add:(Lorg/jfree/data/time/RegularTimePeriod;Ljava/lang/Number;Z)V#601#15 prob_bp = 0.50000000168659210000
org.jfree.data.time.TimeSeries:add:(Lorg/jfree/data/time/TimeSeriesDataItem;Z)V#492#22 prob_bp = 0.50000000226819230000
org.jfree.data.time.TimeSeries:add:(Lorg/jfree/data/time/RegularTimePeriod;Ljava/lang/Number;Z)V#600#3 prob_bp = 0.50000000230140760000
org.jfree.data.time.TimeSeries:add:(Lorg/jfree/data/time/RegularTimePeriod;Ljava/lang/Number;Z)V#600#6 prob_bp = 0.50000000265100930000
org.jfree.data.time.TimeSeries:add:(Lorg/jfree/data/time/TimeSeriesDataItem;Z)V#507#123 prob_bp = 0.50000000282041070000
org.jfree.data.time.TimeSeries:add:(Lorg/jfree/data/time/RegularTimePeriod;Ljava/lang/Number;Z)V#600#0 prob_bp = 0.50000000308858210000
org.jfree.data.time.TimeSeries:add:(Lorg/jfree/data/time/TimeSeriesDataItem;Z)V#512#151 prob_bp = 0.50000000391283700000
org.jfree.data.time.TimeSeries:add:(Lorg/jfree/data/time/TimeSeriesDataItem;Z)V#505#108 prob_bp = 0.50000000705091270000
org.jfree.data.time.TimeSeries:add:(Lorg/jfree/data/time/TimeSeriesDataItem;Z)V#489#0 prob_bp = 0.50000000746672280000
org.jfree.data.time.TimeSeries:add:(Lorg/jfree/data/time/TimeSeriesDataItem;Z)V#507#124 prob_bp = 0.50000000944355580000
org.jfree.data.time.TimeSeriesDataItem:getPeriod:()Lorg/jfree/data/time/RegularTimePeriod;#116#4 prob_bp = 0.50000001116182200000
org.jfree.data.time.TimeSeries:add:(Lorg/jfree/data/time/TimeSeriesDataItem;Z)V#512#153 prob_bp = 0.50000001575532190000
org.jfree.data.time.TimeSeries:<init>:(Ljava/lang/Comparable;Ljava/lang/String;Ljava/lang/String;Ljava/lang/Class;)V#176#21 prob_bp = 0.50000001662588110000
org.jfree.data.time.TimeSeries:add:(Lorg/jfree/data/time/TimeSeriesDataItem;Z)V#514#170 prob_bp = 0.50000002258633590000
org.jfree.data.time.TimeSeries:add:(Lorg/jfree/data/time/TimeSeriesDataItem;Z)V#514#171 prob_bp = 0.50000002349577790000
org.jfree.data.time.TimeSeries:add:(Lorg/jfree/data/time/TimeSeriesDataItem;Z)V#492#25 prob_bp = 0.50000002448182980000
org.jfree.data.time.TimeSeries:<init>:(Ljava/lang/Comparable;Ljava/lang/String;Ljava/lang/String;Ljava/lang/Class;)V#176#22 prob_bp = 0.50000002653989330000
org.jfree.data.time.TimeSeries:<init>:(Ljava/lang/Comparable;Ljava/lang/String;Ljava/lang/String;Ljava/lang/Class;)V#176#29 prob_bp = 0.50000002736171220000
org.jfree.data.time.TimeSeries:add:(Lorg/jfree/data/time/TimeSeriesDataItem;Z)V#505#109 prob_bp = 0.50000002796298160000
org.jfree.data.time.TimeSeries:add:(Lorg/jfree/data/time/TimeSeriesDataItem;Z)V#489#1 prob_bp = 0.50000002986345060000
org.jfree.data.time.Year:compareTo:(Ljava/lang/Object;)I#317#0 prob_bp = 0.50000004375798060000
org.jfree.data.time.TimeSeries:add:(Lorg/jfree/data/time/TimeSeriesDataItem;Z)V#534#285 prob_bp = 0.50000005317527970000
org.jfree.data.time.TimeSeries:add:(Lorg/jfree/data/time/TimeSeriesDataItem;Z)V#534#286 prob_bp = 0.50000008205074180000
org.jfree.data.time.Year:compareTo:(Ljava/lang/Object;)I#319#20 prob_bp = 0.50000010839654950000
org.jfree.data.time.Year:getYear:()I#136#0 prob_bp = 0.50000011615171900000
org.jfree.data.time.Year:compareTo:(Ljava/lang/Object;)I#317#1 prob_bp = 0.50000017544842650000
org.jfree.data.time.Year:getYear:()I#136#1 prob_bp = 0.50000020799962230000
org.jfree.data.time.Year:compareTo:(Ljava/lang/Object;)I#317#4 prob_bp = 0.50000070336858550000
org.jfree.data.general.Series:fireSeriesChanged:()V#313#0 prob_bp = 0.50000210625255650000
org.jfree.data.time.TimeSeries:add:(Lorg/jfree/data/time/TimeSeriesDataItem;Z)V#543#316 prob_bp = 0.50000266528045390000
org.jfree.data.time.TimeSeries:add:(Lorg/jfree/data/time/TimeSeriesDataItem;Z)V#544#320 prob_bp = 0.50000315382609410000
org.jfree.data.general.Series:fireSeriesChanged:()V#313#1 prob_bp = 0.50000837636777910000
org.jfree.data.time.TimeSeries:add:(Lorg/jfree/data/time/TimeSeriesDataItem;Z)V#543#317 prob_bp = 0.50000892798035850000
org.jfree.data.time.TimeSeries:add:(Lorg/jfree/data/time/TimeSeriesDataItem;Z)V#492#28 prob_bp = 0.50000893816682970000
org.jfree.data.time.Year:getYear:()I#136#4 prob_bp = 0.50001223859738200000
org.jfree.data.time.TimeSeries:add:(Lorg/jfree/data/time/TimeSeriesDataItem;Z)V#544#321 prob_bp = 0.50001226362655780000
org.jfree.data.time.Year:compareTo:(Ljava/lang/Object;)I#319#21 prob_bp = 0.50003493214803310000
org.jfree.data.time.TimeSeries:createCopy:(II)Lorg/jfree/data/time/TimeSeries;#876#0 prob_bp = 0.50003516645685490000
org.jfree.data.time.TimeSeries:createCopy:(II)Lorg/jfree/data/time/TimeSeries;#876#1 prob_bp = 0.50004028310235800000
org.jfree.data.general.Series:fireSeriesChanged:()V#314#12 prob_bp = 0.50005544300278280000
org.jfree.data.time.Year:compareTo:(Ljava/lang/Object;)I#317#4#unexe#2 prob_bp = 0.50017510597326720000
org.jfree.data.time.TimeSeries:clone:()Ljava/lang/Object;#857#8 prob_bp = 0.50019364803390800000
org.jfree.data.time.TimeSeries:add:(Lorg/jfree/data/time/TimeSeriesDataItem;Z)V#505#112 prob_bp = 0.50020519538571170000
org.jfree.data.time.TimeSeries:getDataItem:(I)Lorg/jfree/data/time/TimeSeriesDataItem;#339#10 prob_bp = 0.50035786486382690000
org.jfree.data.general.Series:fireSeriesChanged:()V#314#8 prob_bp = 0.50044112658832410000
org.jfree.data.general.Series:fireSeriesChanged:()V#314#11 prob_bp = 0.50045880458855860000
org.jfree.data.general.SeriesChangeEvent:<init>:(Ljava/lang/Object;)V#61#1 prob_bp = 0.50050688449920170000
org.jfree.data.time.TimeSeries:<init>:(Ljava/lang/Comparable;Ljava/lang/Class;)V#153#0 prob_bp = 0.50055102492408890000
org.jfree.data.time.TimeSeries:createCopy:(II)Lorg/jfree/data/time/TimeSeries;#879#15 prob_bp = 0.50065294238825030000
org.jfree.data.time.TimeSeries:createCopy:(II)Lorg/jfree/data/time/TimeSeries;#879#14 prob_bp = 0.50066416704144550000
org.jfree.data.general.Series:fireSeriesChanged:()V#314#13 prob_bp = 0.50067505651621600000
org.jfree.data.time.TimeSeries:add:(Lorg/jfree/data/time/TimeSeriesDataItem;Z)V#506#114 prob_bp = 0.50067609973230280000
org.jfree.data.time.Year:compareTo:(Ljava/lang/Object;)I#336#39 prob_bp = 0.50073871442100910000
org.jfree.data.time.TimeSeries:createCopy:(II)Lorg/jfree/data/time/TimeSeries;#879#16 prob_bp = 0.50074255564010580000
org.jfree.data.general.SeriesChangeEvent:<init>:(Ljava/lang/Object;)V#61#0 prob_bp = 0.50081404292482170000
org.jfree.data.time.TimeSeries:getDataItem:(I)Lorg/jfree/data/time/TimeSeriesDataItem;#339#13 prob_bp = 0.50120259231059480000
org.jfree.data.general.SeriesChangeEvent:<init>:(Ljava/lang/Object;)V#61#2 prob_bp = 0.50195289561011490000
org.jfree.data.general.Series:fireSeriesChanged:()V#313#4 prob_bp = 0.50247546609098550000
org.jfree.data.time.TimeSeries:add:(Lorg/jfree/data/time/TimeSeriesDataItem;Z)V#506#116 prob_bp = 0.50256283100292070000
org.jfree.data.time.Year:compareTo:(Ljava/lang/Object;)I#336#40 prob_bp = 0.50298488987584990000
org.jfree.data.time.Year:<init>:(I)V#97#4 prob_bp = 0.50350595190874000000
org.jfree.data.time.Year:<init>:(I)V#97#5 prob_bp = 0.50351572160224260000
org.jfree.data.time.Year:<init>:(I)V#97#8 prob_bp = 0.50358952140730220000
org.jfree.data.time.TimeSeries:<init>:(Ljava/lang/Comparable;Ljava/lang/String;Ljava/lang/String;Ljava/lang/Class;)V#172#0 prob_bp = 0.50836900547421150000
org.jfree.data.general.Series:<init>:(Ljava/lang/Comparable;Ljava/lang/String;)V#111#0 prob_bp = 0.50910237204671980000
org.jfree.data.general.Series:<init>:(Ljava/lang/Comparable;Ljava/lang/String;)V#111#1 prob_bp = 0.50948131816524020000
org.jfree.data.time.Year:<init>:(I)V#97#11 prob_bp = 0.51609878028808540000
org.jfree.data.time.TimeSeries:add:(Lorg/jfree/data/time/TimeSeriesDataItem;Z)V#512#156 prob_bp = 0.51616401972107220000
org.jfree.data.time.Year:<init>:(I)V#97#12 prob_bp = 0.51658244571730570000
org.jfree.data.time.Year:<init>:(I)V#97#15 prob_bp = 0.51716749414979360000
org.jfree.data.time.TimeSeriesDataItem:<init>:(Lorg/jfree/data/time/RegularTimePeriod;Ljava/lang/Number;)V#93#4 prob_bp = 0.57365732388437020000
org.jfree.data.time.TimeSeriesDataItem:<init>:(Lorg/jfree/data/time/RegularTimePeriod;Ljava/lang/Number;)V#93#5 prob_bp = 0.58024052492852220000
org.jfree.data.time.TimeSeries:<init>:(Ljava/lang/Comparable;Ljava/lang/Class;)V#153#1 prob_bp = 0.96691103897986130000
org.jfree.data.time.TimeSeries:<init>:(Ljava/lang/Comparable;Ljava/lang/Class;)V#153#7 prob_bp = 0.96827318366639010000
org.jfree.data.time.TimeSeries:<init>:(Ljava/lang/Comparable;)V#140#1 prob_bp = 0.97601223145506070000
org.jfree.data.time.TimeSeries:getItemCount:()I#238#1 prob_bp = 0.98939426256094280000
org.jfree.data.time.TimeSeries:<init>:(Ljava/lang/Comparable;Ljava/lang/String;Ljava/lang/String;Ljava/lang/Class;)V#172#1 prob_bp = 0.99910710960601680000
org.jfree.data.time.TimeSeries:<init>:(Ljava/lang/Comparable;)V#140#0 prob_bp = 0.99912567868095450000
org.jfree.data.time.TimeSeries:<init>:(Ljava/lang/Comparable;Ljava/lang/String;Ljava/lang/String;Ljava/lang/Class;)V#172#2 prob_bp = 0.99920889799675940000
org.jfree.data.time.TimeSeriesDataItem:<init>:(Lorg/jfree/data/time/RegularTimePeriod;Ljava/lang/Number;)V#92#0 prob_bp = 0.99943347355685500000
org.jfree.data.time.TimeSeries:getDataItem:(I)Lorg/jfree/data/time/TimeSeriesDataItem;#339#1 prob_bp = 0.99960459862649090000
org.jfree.data.time.TimeSeriesDataItem:<init>:(Lorg/jfree/data/time/RegularTimePeriod;Ljava/lang/Number;)V#92#1 prob_bp = 0.99985192755987260000
org.jfree.data.time.TimeSeries:getDataItem:(I)Lorg/jfree/data/time/TimeSeriesDataItem;#339#0 prob_bp = 0.99989967112577570000
org.jfree.data.time.TimeSeries:getDataItem:(I)Lorg/jfree/data/time/TimeSeriesDataItem;#339#4 prob_bp = 0.99990001812876280000
org.jfree.data.time.TimeSeries:getDataItem:(I)Lorg/jfree/data/time/TimeSeriesDataItem;#339#5 prob_bp = 0.99990001935855840000
org.jfree.data.time.TimeSeries:<init>:(Ljava/lang/Comparable;)V#140#27 prob_bp = 0.99998902363347520000
org.jfree.data.general.Series:<init>:(Ljava/lang/Comparable;)V#102#0 prob_bp = 0.99999997729112520000
org.jfree.data.time.TimeSeries:getItemCount:()I#238#0 prob_bp = 0.99999998183464960000
org.jfree.data.general.Series:<init>:(Ljava/lang/Comparable;)V#102#1 prob_bp = 0.99999999122198790000
org.jfree.data.general.Series:<init>:(Ljava/lang/Comparable;Ljava/lang/String;)V#112#4 prob_bp = 0.99999999495503390000
org.jfree.data.general.Series:<init>:(Ljava/lang/Comparable;Ljava/lang/String;)V#112#5 prob_bp = 0.99999999621871790000
org.jfree.data.general.Series:<init>:(Ljava/lang/Comparable;Ljava/lang/String;)V#119#51 prob_bp = 0.99999999989999970000
org.jfree.data.general.Series:<init>:(Ljava/lang/Comparable;Ljava/lang/String;)V#119#52 prob_bp = 0.99999999990000000000
org.jfree.data.general.Series:<init>:(Ljava/lang/Comparable;Ljava/lang/String;)V#119#53 prob_bp = 0.99999999990000000000
org.jfree.data.time.TimeSeries:getItemCount:()I#238#4 prob_bp = 0.99999999990000600000
org.jfree.data.time.TimeSeries:getItemCount:()I#238#9 prob_bp = 0.99999999990001820000
org.jfree.data.time.junit.TimeSeriesTests:setUp:()V#116#0 prob_bp = 1.00000000000000000000
org.jfree.data.time.junit.TimeSeriesTests:setUp:()V#116#1 prob_bp = 1.00000000000000000000
org.jfree.data.time.junit.TimeSeriesTests:setUp:()V#116#4 prob_bp = 1.00000000000000000000
org.jfree.data.time.junit.TimeSeriesTests:setUp:()V#116#5 prob_bp = 1.00000000000000000000
org.jfree.data.time.junit.TimeSeriesTests:setUp:()V#116#7 prob_bp = 1.00000000000000000000
org.jfree.data.time.junit.TimeSeriesTests:setUp:()V#116#10 prob_bp = 1.00000000000000000000
org.jfree.data.time.junit.TimeSeriesTests:setUp:()V#116#13 prob_bp = 1.00000000000000000000
org.jfree.data.time.junit.TimeSeriesTests:setUp:()V#116#15 prob_bp = 1.00000000000000000000
org.jfree.data.time.junit.TimeSeriesTests:class$:(Ljava/lang/String;)Ljava/lang/Class;#99#0 prob_bp = 1.00000000000000000000
org.jfree.data.time.junit.TimeSeriesTests:class$:(Ljava/lang/String;)Ljava/lang/Class;#99#1 prob_bp = 1.00000000000000000000
org.jfree.data.time.junit.TimeSeriesTests:class$:(Ljava/lang/String;)Ljava/lang/Class;#99#4 prob_bp = 1.00000000000000000000
org.jfree.data.time.junit.TimeSeriesTests:setUp:()V#116#18 prob_bp = 1.00000000000000000000
org.jfree.data.time.junit.TimeSeriesTests:setUp:()V#116#19 prob_bp = 1.00000000000000000000
org.jfree.data.time.junit.TimeSeriesTests:setUp:()V#116#28 prob_bp = 1.00000000000000000000
org.jfree.data.general.Series:<init>:(Ljava/lang/Comparable;)V#102#3 prob_bp = 1.00000000000000000000
org.jfree.data.time.junit.TimeSeriesTests:setUp:()V#116#31 prob_bp = 1.00000000000000000000
org.jfree.data.time.junit.TimeSeriesTests:setUp:()V#118#34 prob_bp = 1.00000000000000000000
org.jfree.data.time.junit.TimeSeriesTests:setUp:()V#118#35 prob_bp = 1.00000000000000000000
org.jfree.data.time.junit.TimeSeriesTests:setUp:()V#118#38 prob_bp = 1.00000000000000000000
org.jfree.data.time.junit.TimeSeriesTests:setUp:()V#118#41 prob_bp = 1.00000000000000000000
org.jfree.data.time.junit.TimeSeriesTests:setUp:()V#118#42 prob_bp = 1.00000000000000000000
org.jfree.data.time.junit.TimeSeriesTests:setUp:()V#118#45 prob_bp = 1.00000000000000000000
org.jfree.data.time.junit.TimeSeriesTests:setUp:()V#118#57 prob_bp = 1.00000000000000000000
org.jfree.data.time.junit.TimeSeriesTests:setUp:()V#119#60 prob_bp = 1.00000000000000000000
org.jfree.data.time.junit.TimeSeriesTests:setUp:()V#119#61 prob_bp = 1.00000000000000000000
org.jfree.data.time.junit.TimeSeriesTests:setUp:()V#119#64 prob_bp = 1.00000000000000000000
org.jfree.data.time.junit.TimeSeriesTests:setUp:()V#119#67 prob_bp = 1.00000000000000000000
org.jfree.data.time.junit.TimeSeriesTests:setUp:()V#119#68 prob_bp = 1.00000000000000000000
org.jfree.data.time.junit.TimeSeriesTests:setUp:()V#119#71 prob_bp = 1.00000000000000000000
org.jfree.data.time.junit.TimeSeriesTests:setUp:()V#119#83 prob_bp = 1.00000000000000000000
org.jfree.data.time.junit.TimeSeriesTests:setUp:()V#120#86 prob_bp = 1.00000000000000000000
org.jfree.data.time.junit.TimeSeriesTests:setUp:()V#120#87 prob_bp = 1.00000000000000000000
org.jfree.data.time.junit.TimeSeriesTests:setUp:()V#120#90 prob_bp = 1.00000000000000000000
org.jfree.data.time.junit.TimeSeriesTests:setUp:()V#120#93 prob_bp = 1.00000000000000000000
org.jfree.data.time.junit.TimeSeriesTests:setUp:()V#120#94 prob_bp = 1.00000000000000000000
org.jfree.data.time.junit.TimeSeriesTests:setUp:()V#120#97 prob_bp = 1.00000000000000000000
org.jfree.data.time.junit.TimeSeriesTests:setUp:()V#120#109 prob_bp = 1.00000000000000000000
org.jfree.data.time.junit.TimeSeriesTests:setUp:()V#121#112 prob_bp = 1.00000000000000000000
org.jfree.data.time.junit.TimeSeriesTests:setUp:()V#121#113 prob_bp = 1.00000000000000000000
org.jfree.data.time.junit.TimeSeriesTests:setUp:()V#121#116 prob_bp = 1.00000000000000000000
org.jfree.data.time.junit.TimeSeriesTests:setUp:()V#121#119 prob_bp = 1.00000000000000000000
org.jfree.data.time.junit.TimeSeriesTests:setUp:()V#121#120 prob_bp = 1.00000000000000000000
org.jfree.data.time.junit.TimeSeriesTests:setUp:()V#121#123 prob_bp = 1.00000000000000000000
org.jfree.data.time.junit.TimeSeriesTests:setUp:()V#121#135 prob_bp = 1.00000000000000000000
org.jfree.data.time.junit.TimeSeriesTests:setUp:()V#122#138 prob_bp = 1.00000000000000000000
org.jfree.data.time.junit.TimeSeriesTests:setUp:()V#122#139 prob_bp = 1.00000000000000000000
org.jfree.data.time.junit.TimeSeriesTests:setUp:()V#122#142 prob_bp = 1.00000000000000000000
org.jfree.data.time.junit.TimeSeriesTests:setUp:()V#122#145 prob_bp = 1.00000000000000000000
org.jfree.data.time.junit.TimeSeriesTests:setUp:()V#122#146 prob_bp = 1.00000000000000000000
org.jfree.data.time.junit.TimeSeriesTests:setUp:()V#122#149 prob_bp = 1.00000000000000000000
org.jfree.data.time.junit.TimeSeriesTests:setUp:()V#122#161 prob_bp = 1.00000000000000000000
org.jfree.data.time.junit.TimeSeriesTests:setUp:()V#123#164 prob_bp = 1.00000000000000000000
org.jfree.data.time.junit.TimeSeriesTests:setUp:()V#123#165 prob_bp = 1.00000000000000000000
org.jfree.data.time.junit.TimeSeriesTests:setUp:()V#123#168 prob_bp = 1.00000000000000000000
org.jfree.data.time.junit.TimeSeriesTests:setUp:()V#123#171 prob_bp = 1.00000000000000000000
org.jfree.data.time.junit.TimeSeriesTests:setUp:()V#123#172 prob_bp = 1.00000000000000000000
org.jfree.data.time.junit.TimeSeriesTests:setUp:()V#123#175 prob_bp = 1.00000000000000000000
org.jfree.data.time.junit.TimeSeriesTests:setUp:()V#123#187 prob_bp = 1.00000000000000000000
org.jfree.data.time.junit.TimeSeriesTests:setUp:()V#129#202 prob_bp = 1.00000000000000000000
org.jfree.data.time.junit.TimeSeriesTests:setUp:()V#129#203 prob_bp = 1.00000000000000000000
org.jfree.data.time.junit.TimeSeriesTests:setUp:()V#129#206 prob_bp = 1.00000000000000000000
org.jfree.data.time.junit.TimeSeriesTests:setUp:()V#129#207 prob_bp = 1.00000000000000000000
org.jfree.data.time.junit.TimeSeriesTests:setUp:()V#129#209 prob_bp = 1.00000000000000000000
org.jfree.data.time.junit.TimeSeriesTests:setUp:()V#129#212 prob_bp = 1.00000000000000000000
org.jfree.data.time.junit.TimeSeriesTests:setUp:()V#129#227 prob_bp = 1.00000000000000000000
org.jfree.data.time.junit.TimeSeriesTests:setUp:()V#129#230 prob_bp = 1.00000000000000000000
org.jfree.data.time.junit.TimeSeriesTests:setUp:()V#129#233 prob_bp = 1.00000000000000000000
org.jfree.data.time.junit.TimeSeriesTests:setUp:()V#131#236 prob_bp = 1.00000000000000000000
org.jfree.data.time.junit.TimeSeriesTests:setUp:()V#131#237 prob_bp = 1.00000000000000000000
org.jfree.data.time.junit.TimeSeriesTests:setUp:()V#131#240 prob_bp = 1.00000000000000000000
org.jfree.data.time.junit.TimeSeriesTests:setUp:()V#131#243 prob_bp = 1.00000000000000000000
org.jfree.data.time.junit.TimeSeriesTests:setUp:()V#131#244 prob_bp = 1.00000000000000000000
org.jfree.data.time.junit.TimeSeriesTests:setUp:()V#131#247 prob_bp = 1.00000000000000000000
org.jfree.data.time.junit.TimeSeriesTests:setUp:()V#131#259 prob_bp = 1.00000000000000000000
org.jfree.data.time.junit.TimeSeriesTests:setUp:()V#132#262 prob_bp = 1.00000000000000000000
org.jfree.data.time.junit.TimeSeriesTests:setUp:()V#132#263 prob_bp = 1.00000000000000000000
org.jfree.data.time.junit.TimeSeriesTests:setUp:()V#132#266 prob_bp = 1.00000000000000000000
org.jfree.data.time.junit.TimeSeriesTests:setUp:()V#132#269 prob_bp = 1.00000000000000000000
org.jfree.data.time.junit.TimeSeriesTests:setUp:()V#132#270 prob_bp = 1.00000000000000000000
org.jfree.data.time.junit.TimeSeriesTests:setUp:()V#132#273 prob_bp = 1.00000000000000000000
org.jfree.data.time.junit.TimeSeriesTests:setUp:()V#132#285 prob_bp = 1.00000000000000000000
org.jfree.data.time.junit.TimeSeriesTests:setUp:()V#133#288 prob_bp = 1.00000000000000000000
org.jfree.data.time.junit.TimeSeriesTests:setUp:()V#133#289 prob_bp = 1.00000000000000000000
org.jfree.data.time.junit.TimeSeriesTests:setUp:()V#133#292 prob_bp = 1.00000000000000000000
org.jfree.data.time.junit.TimeSeriesTests:setUp:()V#133#295 prob_bp = 1.00000000000000000000
org.jfree.data.time.junit.TimeSeriesTests:setUp:()V#133#296 prob_bp = 1.00000000000000000000
org.jfree.data.time.junit.TimeSeriesTests:setUp:()V#133#299 prob_bp = 1.00000000000000000000
org.jfree.data.time.junit.TimeSeriesTests:setUp:()V#133#311 prob_bp = 1.00000000000000000000
org.jfree.data.time.junit.TimeSeriesTests:setUp:()V#139#326 prob_bp = 1.00000000000000000000
org.jfree.data.time.junit.TimeSeriesTests:setUp:()V#139#327 prob_bp = 1.00000000000000000000
org.jfree.data.time.junit.TimeSeriesTests:setUp:()V#139#330 prob_bp = 1.00000000000000000000
org.jfree.data.time.junit.TimeSeriesTests:setUp:()V#139#331 prob_bp = 1.00000000000000000000
org.jfree.data.time.junit.TimeSeriesTests:setUp:()V#139#333 prob_bp = 1.00000000000000000000
org.jfree.data.time.junit.TimeSeriesTests:setUp:()V#139#336 prob_bp = 1.00000000000000000000
org.jfree.data.time.junit.TimeSeriesTests:setUp:()V#139#351 prob_bp = 1.00000000000000000000
org.jfree.data.time.junit.TimeSeriesTests:setUp:()V#139#354 prob_bp = 1.00000000000000000000
org.jfree.data.time.junit.TimeSeriesTests:setUp:()V#139#357 prob_bp = 1.00000000000000000000
org.jfree.data.time.junit.TimeSeriesTests:setUp:()V#141#360 prob_bp = 1.00000000000000000000
org.jfree.data.time.junit.TimeSeriesTests:setUp:()V#141#361 prob_bp = 1.00000000000000000000
org.jfree.data.time.junit.TimeSeriesTests:setUp:()V#141#364 prob_bp = 1.00000000000000000000
org.jfree.data.time.junit.TimeSeriesTests:setUp:()V#141#367 prob_bp = 1.00000000000000000000
org.jfree.data.time.junit.TimeSeriesTests:setUp:()V#141#368 prob_bp = 1.00000000000000000000
org.jfree.data.time.junit.TimeSeriesTests:setUp:()V#141#371 prob_bp = 1.00000000000000000000
org.jfree.data.time.junit.TimeSeriesTests:setUp:()V#141#383 prob_bp = 1.00000000000000000000
org.jfree.data.time.junit.TimeSeriesTests:setUp:()V#142#386 prob_bp = 1.00000000000000000000
org.jfree.data.time.junit.TimeSeriesTests:setUp:()V#142#387 prob_bp = 1.00000000000000000000
org.jfree.data.time.junit.TimeSeriesTests:setUp:()V#142#390 prob_bp = 1.00000000000000000000
org.jfree.data.time.junit.TimeSeriesTests:setUp:()V#142#393 prob_bp = 1.00000000000000000000
org.jfree.data.time.junit.TimeSeriesTests:setUp:()V#142#394 prob_bp = 1.00000000000000000000
org.jfree.data.time.junit.TimeSeriesTests:setUp:()V#142#397 prob_bp = 1.00000000000000000000
org.jfree.data.time.junit.TimeSeriesTests:setUp:()V#142#409 prob_bp = 1.00000000000000000000
org.jfree.data.time.junit.TimeSeriesTests:setUp:()V#143#412 prob_bp = 1.00000000000000000000
org.jfree.data.time.junit.TimeSeriesTests:setUp:()V#143#413 prob_bp = 1.00000000000000000000
org.jfree.data.time.junit.TimeSeriesTests:setUp:()V#143#416 prob_bp = 1.00000000000000000000
org.jfree.data.time.junit.TimeSeriesTests:setUp:()V#143#419 prob_bp = 1.00000000000000000000
org.jfree.data.time.junit.TimeSeriesTests:setUp:()V#143#420 prob_bp = 1.00000000000000000000
org.jfree.data.time.junit.TimeSeriesTests:setUp:()V#143#423 prob_bp = 1.00000000000000000000
org.jfree.data.time.junit.TimeSeriesTests:setUp:()V#143#435 prob_bp = 1.00000000000000000000
org.jfree.data.time.junit.TimeSeriesTests:testBug1832432:()V#616#0 prob_bp = 1.00000000000000000000
org.jfree.data.time.junit.TimeSeriesTests:testBug1832432:()V#616#3 prob_bp = 1.00000000000000000000
org.jfree.data.time.junit.TimeSeriesTests:testBug1832432:()V#616#4 prob_bp = 1.00000000000000000000
org.jfree.data.time.junit.TimeSeriesTests:testBug1832432:()V#616#6 prob_bp = 1.00000000000000000000
org.jfree.data.time.junit.TimeSeriesTests:testBug1832432:()V#616#9 prob_bp = 1.00000000000000000000
org.jfree.data.time.junit.TimeSeriesTests:testBug1832432:()V#619#12 prob_bp = 1.00000000000000000000
org.jfree.data.time.junit.TimeSeriesTests:testBug1832432:()V#619#13 prob_bp = 1.00000000000000000000
Belief propagation time : 103.599000s
