Belief propagation time: 100

Probabilities: 
Vars:49665
Stmts:4846
org.apache.commons.math.fraction.BigFraction:floatValue:()F#732#0 prob_bp = 0.50000229262830140000
org.apache.commons.math.fraction.BigFraction:floatValue:()F#732#7 prob_bp = 0.50000229269714450000
org.apache.commons.math.fraction.BigFraction:floatValue:()F#732#1 prob_bp = 0.50000238100919480000
org.apache.commons.math.fraction.BigFraction:floatValue:()F#732#8 prob_bp = 0.50000238108069560000
org.apache.commons.math.fraction.BigFraction:doubleValue:()D#685#0 prob_bp = 0.50000527947068660000
org.apache.commons.math.fraction.BigFraction:doubleValue:()D#685#7 prob_bp = 0.50000527962839080000
org.apache.commons.math.fraction.BigFraction:doubleValue:()D#685#1 prob_bp = 0.50000555619291450000
org.apache.commons.math.fraction.BigFraction:doubleValue:()D#685#8 prob_bp = 0.50000555635789420000
org.apache.commons.math.fraction.BigFraction:floatValue:()F#732#4 prob_bp = 0.50001959430253840000
org.apache.commons.math.fraction.BigFraction:floatValue:()F#732#11 prob_bp = 0.50001959435036760000
org.apache.commons.math.fraction.BigFraction:floatValue:()F#732#14 prob_bp = 0.50005435015241470000
org.apache.commons.math.fraction.BigFraction:doubleValue:()D#685#4 prob_bp = 0.50005962504730360000
org.apache.commons.math.fraction.BigFraction:doubleValue:()D#685#11 prob_bp = 0.50005962515764510000
org.apache.commons.math.fraction.BigFraction:<init>:(Ljava/math/BigInteger;Ljava/math/BigInteger;)V#120#4 prob_bp = 0.50007457549674660000
org.apache.commons.math.fraction.BigFraction:<init>:(Ljava/math/BigInteger;Ljava/math/BigInteger;)V#120#12 prob_bp = 0.50007614078493300000
org.apache.commons.math.fraction.BigFraction:doubleValue:()D#685#14 prob_bp = 0.50016877351851450000
org.apache.commons.math.fraction.BigFraction:<init>:(Ljava/math/BigInteger;Ljava/math/BigInteger;)V#121#15 prob_bp = 0.50027068139801510000
org.apache.commons.math.fraction.BigFraction:<init>:(Ljava/math/BigInteger;Ljava/math/BigInteger;)V#121#23 prob_bp = 0.50028544658604460000
org.apache.commons.math.util.MathUtils:checkNotNull:(Ljava/lang/Object;Lorg/apache/commons/math/exception/util/Localizable;[Ljava/lang/Object;)V#244#0 prob_bp = 0.50042153842954500000
org.apache.commons.math.util.MathUtils:checkNotNull:(Ljava/lang/Object;Lorg/apache/commons/math/exception/util/Localizable;[Ljava/lang/Object;)V#244#1 prob_bp = 0.50064712368933360000
org.apache.commons.math.fraction.BigFraction:<init>:(Ljava/math/BigInteger;Ljava/math/BigInteger;)V#122#29 prob_bp = 0.51212269343821240000
org.apache.commons.math.fraction.BigFraction:<init>:(Ljava/math/BigInteger;Ljava/math/BigInteger;)V#122#26 prob_bp = 0.51313818490296460000
org.apache.commons.math.fraction.BigFraction:<init>:(Ljava/math/BigInteger;Ljava/math/BigInteger;)V#122#30 prob_bp = 0.51363501448331880000
org.apache.commons.math.fraction.BigFraction:<init>:(Ljava/math/BigInteger;Ljava/math/BigInteger;)V#131#78 prob_bp = 0.51751415279424780000
org.apache.commons.math.fraction.BigFraction:<init>:(Ljava/math/BigInteger;Ljava/math/BigInteger;)V#131#79 prob_bp = 0.51751536678919300000
org.apache.commons.math.fraction.BigFraction:<init>:(Ljava/math/BigInteger;Ljava/math/BigInteger;)V#131#80 prob_bp = 0.51787068677354230000
org.apache.commons.math.fraction.BigFraction:<init>:(Ljava/math/BigInteger;Ljava/math/BigInteger;)V#131#83 prob_bp = 0.51946928273110470000
org.apache.commons.math.fraction.BigFraction:<init>:(Ljava/math/BigInteger;Ljava/math/BigInteger;)V#132#87 prob_bp = 0.52260913215671710000
org.apache.commons.math.fraction.BigFraction:<init>:(Ljava/math/BigInteger;Ljava/math/BigInteger;)V#132#84 prob_bp = 0.52812133104994070000
org.apache.commons.math.fraction.BigFraction:<init>:(Ljava/math/BigInteger;Ljava/math/BigInteger;)V#132#88 prob_bp = 0.52863724531017840000
org.apache.commons.math.fraction.BigFraction:<init>:(Ljava/math/BigInteger;Ljava/math/BigInteger;)V#122#33 prob_bp = 0.54183760411888300000
org.apache.commons.math.fraction.BigFraction:<init>:(Ljava/math/BigInteger;Ljava/math/BigInteger;)V#132#91 prob_bp = 0.54954690916688110000
org.apache.commons.math.fraction.BigFraction:<init>:(Ljava/math/BigInteger;Ljava/math/BigInteger;)V#125#54 prob_bp = 0.89094902464001140000
org.apache.commons.math.fraction.BigFraction:<init>:(Ljava/math/BigInteger;Ljava/math/BigInteger;)V#125#51 prob_bp = 0.89133750601244540000
org.apache.commons.math.fraction.BigFraction:<init>:(Ljava/math/BigInteger;Ljava/math/BigInteger;)V#125#55 prob_bp = 0.89383526352390160000
org.apache.commons.math.fraction.BigFraction:<init>:(Ljava/math/BigInteger;Ljava/math/BigInteger;)V#125#58 prob_bp = 0.89987791312857120000
org.apache.commons.math.fraction.BigFraction:floatValue:()F#732#15 prob_bp = 0.94526720192254010000
org.apache.commons.math.fraction.BigFraction:floatValue:()F#735#16 prob_bp = 0.96334193678681890000
org.apache.commons.math.fraction.BigFraction:<init>:(Ljava/math/BigInteger;Ljava/math/BigInteger;)V#138#109 prob_bp = 0.98944622911444100000
org.apache.commons.math.fraction.BigFraction:<init>:(Ljava/math/BigInteger;Ljava/math/BigInteger;)V#138#106 prob_bp = 0.98947311877448840000
org.apache.commons.math.fraction.BigFraction:floatValue:()F#735#17 prob_bp = 0.98998745185869840000
org.apache.commons.math.fraction.BigFraction:<init>:(Ljava/math/BigInteger;Ljava/math/BigInteger;)V#138#110 prob_bp = 0.99009023504689890000
org.apache.commons.math.fraction.BigFraction:<init>:(Ljava/math/BigInteger;Ljava/math/BigInteger;)V#138#113 prob_bp = 0.99089025646334400000
org.apache.commons.math.fraction.BigFraction:doubleValue:()D#685#15 prob_bp = 0.99985667772222290000
org.apache.commons.math.fraction.BigFraction:doubleValue:()D#688#16 prob_bp = 0.99997069432867890000
org.apache.commons.math.fraction.BigFraction:doubleValue:()D#688#17 prob_bp = 0.99999429150915860000
org.apache.commons.math.fraction.BigFraction:<init>:(Ljava/math/BigInteger;Ljava/math/BigInteger;)V#132#91#unexe#1 prob_bp = 0.99999965374241200000
org.apache.commons.math.fraction.BigFraction:<init>:(Ljava/math/BigInteger;Ljava/math/BigInteger;)V#138#113#unexe#1 prob_bp = 0.99999988382578200000
org.apache.commons.math.fraction.BigFraction:<init>:(Ljava/math/BigInteger;Ljava/math/BigInteger;)V#144#127 prob_bp = 0.99999997217072150000
org.apache.commons.math.fraction.BigFraction:<init>:(Ljava/math/BigInteger;Ljava/math/BigInteger;)V#144#126 prob_bp = 0.99999997469220080000
org.apache.commons.math.fraction.BigFraction:<init>:(Ljava/math/BigInteger;Ljava/math/BigInteger;)V#144#128 prob_bp = 0.99999999634680400000
org.apache.commons.math.fraction.BigFraction:<init>:(Ljava/math/BigInteger;Ljava/math/BigInteger;)V#132#91#unexe#2 prob_bp = 0.99999999999947130000
org.apache.commons.math.fraction.BigFraction:<init>:(Ljava/math/BigInteger;Ljava/math/BigInteger;)V#138#113#unexe#2 prob_bp = 0.99999999999973920000
org.apache.commons.math.fraction.BigFraction:<init>:(Ljava/math/BigInteger;Ljava/math/BigInteger;)V#145#132 prob_bp = 0.99999999999999810000
org.apache.commons.math.fraction.BigFractionTest:testDoubleValueForLargeNumeratorAndDenominator:()V#204#0 prob_bp = 1.00000000000000000000
org.apache.commons.math.fraction.BigFractionTest:testDoubleValueForLargeNumeratorAndDenominator:()V#204#3 prob_bp = 1.00000000000000000000
org.apache.commons.math.fraction.BigFractionTest:testDoubleValueForLargeNumeratorAndDenominator:()V#204#6 prob_bp = 1.00000000000000000000
org.apache.commons.math.fraction.BigFractionTest:testDoubleValueForLargeNumeratorAndDenominator:()V#204#9 prob_bp = 1.00000000000000000000
org.apache.commons.math.fraction.BigFractionTest:testDoubleValueForLargeNumeratorAndDenominator:()V#205#10 prob_bp = 1.00000000000000000000
org.apache.commons.math.fraction.BigFractionTest:testDoubleValueForLargeNumeratorAndDenominator:()V#205#13 prob_bp = 1.00000000000000000000
org.apache.commons.math.fraction.BigFractionTest:testDoubleValueForLargeNumeratorAndDenominator:()V#205#16 prob_bp = 1.00000000000000000000
org.apache.commons.math.fraction.BigFractionTest:testDoubleValueForLargeNumeratorAndDenominator:()V#205#19 prob_bp = 1.00000000000000000000
org.apache.commons.math.fraction.BigFractionTest:testDoubleValueForLargeNumeratorAndDenominator:()V#206#20 prob_bp = 1.00000000000000000000
org.apache.commons.math.fraction.BigFractionTest:testDoubleValueForLargeNumeratorAndDenominator:()V#206#29 prob_bp = 1.00000000000000000000
org.apache.commons.math.fraction.BigFractionTest:testDoubleValueForLargeNumeratorAndDenominator:()V#207#30 prob_bp = 1.00000000000000000000
org.apache.commons.math.fraction.BigFractionTest:testDoubleValueForLargeNumeratorAndDenominator:()V#207#33 prob_bp = 1.00000000000000000000
org.apache.commons.math.fraction.BigFractionTest:testDoubleValueForLargeNumeratorAndDenominator:()V#207#34 prob_bp = 1.00000000000000000000
org.apache.commons.math.fraction.BigFractionTest:testDoubleValueForLargeNumeratorAndDenominator:()V#207#35 prob_bp = 1.00000000000000000000
org.apache.commons.math.fraction.BigFractionTest:testDoubleValueForLargeNumeratorAndDenominator:()V#207#38 prob_bp = 1.00000000000000000000
org.apache.commons.math.fraction.BigFractionTest:testDoubleValueForLargeNumeratorAndDenominator:()V#207#41 prob_bp = 1.00000000000000000000
org.apache.commons.math.fraction.BigFractionTest:testDoubleValueForLargeNumeratorAndDenominator:()V#207#42 prob_bp = 1.00000000000000000000
org.apache.commons.math.fraction.BigFractionTest:testDoubleValueForLargeNumeratorAndDenominator:()V#207#43 prob_bp = 1.00000000000000000000
org.apache.commons.math.fraction.BigFractionTest:testDoubleValueForLargeNumeratorAndDenominator:()V#207#46 prob_bp = 1.00000000000000000000
org.apache.commons.math.fraction.BigFraction:<init>:(Ljava/math/BigInteger;Ljava/math/BigInteger;)V#145#131 prob_bp = 1.00000000000000000000
org.apache.commons.math.fraction.BigFraction:<init>:(Ljava/math/BigInteger;Ljava/math/BigInteger;)V#145#133 prob_bp = 1.00000000000000000000
org.apache.commons.math.fraction.BigFractionTest:testDoubleValueForLargeNumeratorAndDenominator:()V#207#49 prob_bp = 1.00000000000000000000
org.apache.commons.math.fraction.BigFractionTest:testDoubleValueForLargeNumeratorAndDenominator:()V#210#51 prob_bp = 1.00000000000000000000
org.apache.commons.math.fraction.BigFractionTest:testDoubleValueForLargeNumeratorAndDenominator:()V#210#54 prob_bp = 1.00000000000000000000
org.apache.commons.math.fraction.BigFractionTest:testDoubleValueForLargeNumeratorAndDenominator:()V#210#56 prob_bp = 1.00000000000000000000
org.apache.commons.math.fraction.BigFractionTest:testDoubleValueForLargeNumeratorAndDenominator:()V#210#59 prob_bp = 1.00000000000000000000
org.apache.commons.math.fraction.BigFractionTest:testDoubleValueForLargeNumeratorAndDenominator:()V#210#62 prob_bp = 1.00000000000000000000
org.apache.commons.math.fraction.BigFractionTest:testFloatValueForLargeNumeratorAndDenominator:()V#216#0 prob_bp = 1.00000000000000000000
org.apache.commons.math.fraction.BigFractionTest:testFloatValueForLargeNumeratorAndDenominator:()V#216#3 prob_bp = 1.00000000000000000000
org.apache.commons.math.fraction.BigFractionTest:testFloatValueForLargeNumeratorAndDenominator:()V#216#6 prob_bp = 1.00000000000000000000
org.apache.commons.math.fraction.BigFractionTest:testFloatValueForLargeNumeratorAndDenominator:()V#216#9 prob_bp = 1.00000000000000000000
org.apache.commons.math.fraction.BigFractionTest:testFloatValueForLargeNumeratorAndDenominator:()V#217#10 prob_bp = 1.00000000000000000000
org.apache.commons.math.fraction.BigFractionTest:testFloatValueForLargeNumeratorAndDenominator:()V#217#13 prob_bp = 1.00000000000000000000
org.apache.commons.math.fraction.BigFractionTest:testFloatValueForLargeNumeratorAndDenominator:()V#217#16 prob_bp = 1.00000000000000000000
org.apache.commons.math.fraction.BigFractionTest:testFloatValueForLargeNumeratorAndDenominator:()V#217#19 prob_bp = 1.00000000000000000000
org.apache.commons.math.fraction.BigFractionTest:testFloatValueForLargeNumeratorAndDenominator:()V#218#20 prob_bp = 1.00000000000000000000
org.apache.commons.math.fraction.BigFractionTest:testFloatValueForLargeNumeratorAndDenominator:()V#218#29 prob_bp = 1.00000000000000000000
org.apache.commons.math.fraction.BigFractionTest:testFloatValueForLargeNumeratorAndDenominator:()V#219#30 prob_bp = 1.00000000000000000000
org.apache.commons.math.fraction.BigFractionTest:testFloatValueForLargeNumeratorAndDenominator:()V#219#33 prob_bp = 1.00000000000000000000
org.apache.commons.math.fraction.BigFractionTest:testFloatValueForLargeNumeratorAndDenominator:()V#219#34 prob_bp = 1.00000000000000000000
org.apache.commons.math.fraction.BigFractionTest:testFloatValueForLargeNumeratorAndDenominator:()V#219#35 prob_bp = 1.00000000000000000000
org.apache.commons.math.fraction.BigFractionTest:testFloatValueForLargeNumeratorAndDenominator:()V#219#38 prob_bp = 1.00000000000000000000
org.apache.commons.math.fraction.BigFractionTest:testFloatValueForLargeNumeratorAndDenominator:()V#219#41 prob_bp = 1.00000000000000000000
org.apache.commons.math.fraction.BigFractionTest:testFloatValueForLargeNumeratorAndDenominator:()V#219#42 prob_bp = 1.00000000000000000000
org.apache.commons.math.fraction.BigFractionTest:testFloatValueForLargeNumeratorAndDenominator:()V#219#43 prob_bp = 1.00000000000000000000
org.apache.commons.math.fraction.BigFractionTest:testFloatValueForLargeNumeratorAndDenominator:()V#219#46 prob_bp = 1.00000000000000000000
org.apache.commons.math.fraction.BigFractionTest:testFloatValueForLargeNumeratorAndDenominator:()V#219#49 prob_bp = 1.00000000000000000000
org.apache.commons.math.fraction.BigFractionTest:testFloatValueForLargeNumeratorAndDenominator:()V#222#51 prob_bp = 1.00000000000000000000
org.apache.commons.math.fraction.BigFractionTest:testFloatValueForLargeNumeratorAndDenominator:()V#222#54 prob_bp = 1.00000000000000000000
org.apache.commons.math.fraction.BigFractionTest:testFloatValueForLargeNumeratorAndDenominator:()V#222#56 prob_bp = 1.00000000000000000000
org.apache.commons.math.fraction.BigFractionTest:testFloatValueForLargeNumeratorAndDenominator:()V#222#59 prob_bp = 1.00000000000000000000
org.apache.commons.math.fraction.BigFractionTest:testFloatValueForLargeNumeratorAndDenominator:()V#222#60 prob_bp = 1.00000000000000000000
org.apache.commons.math.fraction.BigFractionTest:testFloatValueForLargeNumeratorAndDenominator:()V#222#63 prob_bp = 1.00000000000000000000
Belief propagation time : 17.117000s
