Belief propagation time: 100

Probabilities: 
Vars:138744
Stmts:7851
org.apache.commons.math.analysis.UnivariateRealSolverUtils:bracket:(Lorg/apache/commons/math/analysis/UnivariateRealFunction;DDDI)[D#178#50 prob_bp = 0.43274919165099590000
org.apache.commons.math.analysis.UnivariateRealSolverUtils:bracket:(Lorg/apache/commons/math/analysis/UnivariateRealFunction;DDDI)[D#179#67 prob_bp = 0.48103877925144860000
org.apache.commons.math.analysis.UnivariateRealSolverUtils:bracket:(Lorg/apache/commons/math/analysis/UnivariateRealFunction;DDDI)[D#179#71 prob_bp = 0.48103877925144860000
org.apache.commons.math.analysis.UnivariateRealSolverUtils:bracket:(Lorg/apache/commons/math/analysis/UnivariateRealFunction;DDDI)[D#179#78 prob_bp = 0.48103877925144860000
org.apache.commons.math.analysis.UnivariateRealSolverUtils:bracket:(Lorg/apache/commons/math/analysis/UnivariateRealFunction;DDDI)[D#179#87 prob_bp = 0.48103877925144860000
org.apache.commons.math.analysis.UnivariateRealSolverUtils:bracket:(Lorg/apache/commons/math/analysis/UnivariateRealFunction;DDDI)[D#179#96 prob_bp = 0.48103877925144860000
org.apache.commons.math.analysis.UnivariateRealSolverUtils:bracket:(Lorg/apache/commons/math/analysis/UnivariateRealFunction;DDDI)[D#174#16 prob_bp = 0.49944770198283560000
org.apache.commons.math.analysis.UnivariateRealSolverUtils:bracket:(Lorg/apache/commons/math/analysis/UnivariateRealFunction;DDD)[D#128#7 prob_bp = 0.49953791075060680000
org.apache.commons.math.analysis.UnivariateRealSolverUtils:bracket:(Lorg/apache/commons/math/analysis/UnivariateRealFunction;DDDI)[D#174#14 prob_bp = 0.49961500209339993000
org.apache.commons.math.analysis.UnivariateRealSolverUtils:bracket:(Lorg/apache/commons/math/analysis/UnivariateRealFunction;DDD)[D#128#5 prob_bp = 0.49966826552477905000
org.apache.commons.math.analysis.UnivariateRealSolverUtils:bracket:(Lorg/apache/commons/math/analysis/UnivariateRealFunction;DDDI)[D#179#92 prob_bp = 0.49986459939858086000
org.apache.commons.math.analysis.UnivariateRealSolverUtils:bracket:(Lorg/apache/commons/math/analysis/UnivariateRealFunction;DDDI)[D#179#101 prob_bp = 0.49986560244184103000
org.apache.commons.math.analysis.UnivariateRealSolverUtils:bracket:(Lorg/apache/commons/math/analysis/UnivariateRealFunction;DDDI)[D#179#83 prob_bp = 0.49986561347915165000
org.apache.commons.math.distribution.AbstractContinuousDistribution:inverseCumulativeProbability:(D)D#61#9 prob_bp = 0.49989086092309720000
org.apache.commons.math.distribution.AbstractContinuousDistribution:inverseCumulativeProbability:(D)D#84#59 prob_bp = 0.49998583871059243000
org.apache.commons.math.distribution.AbstractContinuousDistribution:inverseCumulativeProbability:(D)D#61#3 prob_bp = 0.49998632887644756000
org.apache.commons.math.analysis.UnivariateRealSolverUtils:bracket:(Lorg/apache/commons/math/analysis/UnivariateRealFunction;DDD)[D#128#1 prob_bp = 0.49998697160115096000
org.apache.commons.math.analysis.UnivariateRealSolverUtils:bracket:(Lorg/apache/commons/math/analysis/UnivariateRealFunction;DDD)[D#128#2 prob_bp = 0.49998798334129474000
org.apache.commons.math.analysis.UnivariateRealSolverUtils:bracket:(Lorg/apache/commons/math/analysis/UnivariateRealFunction;DDD)[D#128#3 prob_bp = 0.49998803431982203000
org.apache.commons.math.analysis.UnivariateRealSolverUtils:bracket:(Lorg/apache/commons/math/analysis/UnivariateRealFunction;DDDI)[D#171#1 prob_bp = 0.49999624591122865000
org.apache.commons.math.distribution.FDistributionImpl:getInitialDomain:(D)D#148#17 prob_bp = 0.49999678048280970000
org.apache.commons.math.distribution.FDistributionImpl:getInitialDomain:(D)D#148#16 prob_bp = 0.49999739095920600000
org.apache.commons.math.analysis.UnivariateRealSolverUtils:bracket:(Lorg/apache/commons/math/analysis/UnivariateRealFunction;DDDI)[D#178#49 prob_bp = 0.49999751354123190000
org.apache.commons.math.distribution.FDistributionImpl:getInitialDomain:(D)D#147#15 prob_bp = 0.49999756343529750000
org.apache.commons.math.distribution.AbstractContinuousDistribution:inverseCumulativeProbability:(D)D#84#55 prob_bp = 0.49999779171837690000
org.apache.commons.math.distribution.AbstractContinuousDistribution:inverseCumulativeProbability:(D)D#84#57 prob_bp = 0.49999780108676680000
org.apache.commons.math.distribution.FDistributionImpl:inverseCumulativeProbability:(D)D#103#11 prob_bp = 0.49999830596811600000
org.apache.commons.math.distribution.AbstractContinuousDistribution:inverseCumulativeProbability:(D)D#80#37 prob_bp = 0.49999840216075436000
org.apache.commons.math.distribution.AbstractContinuousDistribution:inverseCumulativeProbability:(D)D#81#44 prob_bp = 0.49999840893942143000
org.apache.commons.math.distribution.FDistributionImpl:getDomainLowerBound:(D)D#119#1 prob_bp = 0.49999857462697230000
org.apache.commons.math.distribution.FDistributionImpl:getDomainUpperBound:(D)D#132#3 prob_bp = 0.49999858067397220000
org.apache.commons.math.distribution.FDistributionImpl:getDomainLowerBound:(D)D#119#0 prob_bp = 0.49999862335325630000
org.apache.commons.math.distribution.FDistributionImpl:getDomainUpperBound:(D)D#132#0 prob_bp = 0.49999862919354020000
org.apache.commons.math.analysis.UnivariateRealSolverUtils:bracket:(Lorg/apache/commons/math/analysis/UnivariateRealFunction;DDDI)[D#171#0 prob_bp = 0.49999891248752193000
org.apache.commons.math.analysis.UnivariateRealSolverUtils:bracket:(Lorg/apache/commons/math/analysis/UnivariateRealFunction;DDDI)[D#178#47 prob_bp = 0.49999942428896540000
org.apache.commons.math.analysis.UnivariateRealSolverUtils:bracket:(Lorg/apache/commons/math/analysis/UnivariateRealFunction;DDDI)[D#178#48 prob_bp = 0.49999942758515104000
org.apache.commons.math.distribution.FDistributionImpl:inverseCumulativeProbability:(D)D#100#3 prob_bp = 0.49999981106387950000
org.apache.commons.math.distribution.AbstractContinuousDistribution:inverseCumulativeProbability:(D)D#61#8 prob_bp = 0.49999987185170996000
org.apache.commons.math.distribution.AbstractContinuousDistribution:inverseCumulativeProbability:(D)D#61#7 prob_bp = 0.49999987622852493000
org.apache.commons.math.analysis.UnivariateRealSolverUtils:bracket:(Lorg/apache/commons/math/analysis/UnivariateRealFunction;DDD)[D#128#0 prob_bp = 0.49999987851813227000
org.apache.commons.math.distribution.AbstractContinuousDistribution:inverseCumulativeProbability:(D)D#84#49 prob_bp = 0.49999995557160104000
org.apache.commons.math.distribution.AbstractContinuousDistribution:inverseCumulativeProbability:(D)D#67#31 prob_bp = 0.49999996036921057000
org.apache.commons.math.distribution.AbstractContinuousDistribution:inverseCumulativeProbability:(D)D#67#22 prob_bp = 0.49999996172399140000
org.apache.commons.math.distribution.AbstractContinuousDistribution:inverseCumulativeProbability:(D)D#61#6 prob_bp = 0.49999996302170624000
org.apache.commons.math.distribution.AbstractContinuousDistribution:inverseCumulativeProbability:(D)D#61#2 prob_bp = 0.49999998400430534000
org.apache.commons.math.distribution.AbstractContinuousDistribution:inverseCumulativeProbability:(D)D#61#1 prob_bp = 0.49999998455145506000
org.apache.commons.math.distribution.FDistributionImpl:inverseCumulativeProbability:(D)D#106#20 prob_bp = 0.49999998740752766000
org.apache.commons.math.distribution.AbstractContinuousDistribution:inverseCumulativeProbability:(D)D#61#0 prob_bp = 0.49999999538947265000
org.apache.commons.math.distribution.FDistributionImpl:inverseCumulativeProbability:(D)D#106#19 prob_bp = 0.49999999559454710000
org.apache.commons.math.distribution.FDistributionImpl:inverseCumulativeProbability:(D)D#103#10 prob_bp = 0.49999999789857336000
org.apache.commons.math.distribution.FDistributionImpl:inverseCumulativeProbability:(D)D#103#9 prob_bp = 0.49999999797142114000
org.apache.commons.math.distribution.FDistributionImpl:inverseCumulativeProbability:(D)D#103#8 prob_bp = 0.49999999927141636000
org.apache.commons.math.distribution.FDistributionImpl:inverseCumulativeProbability:(D)D#100#2 prob_bp = 0.49999999982114324000
org.apache.commons.math.distribution.FDistributionImpl:inverseCumulativeProbability:(D)D#100#1 prob_bp = 0.49999999982808860000
org.apache.commons.math.distribution.FDistributionImpl:cumulativeProbability:(D)D#82#52 prob_bp = 0.49999999987899990000
org.apache.commons.math.distribution.FDistributionImpl:getInitialDomain:(D)D#147#14 prob_bp = 0.49999999989267680000
org.apache.commons.math.distribution.FDistributionImpl:inverseCumulativeProbability:(D)D#100#0 prob_bp = 0.49999999994267197000
org.apache.commons.math.distribution.FDistributionImpl:cumulativeProbability:(D)D#82#51 prob_bp = 0.49999999996079136000
org.apache.commons.math.distribution.FDistributionImpl:getInitialDomain:(D)D#147#6 prob_bp = 0.49999999997016720000
org.apache.commons.math.distribution.FDistributionImpl:cumulativeProbability:(D)D#78#50 prob_bp = 0.49999999998103606000
org.apache.commons.math.distribution.FDistributionImpl:getInitialDomain:(D)D#147#13 prob_bp = 0.49999999998897715000
org.apache.commons.math.distribution.FDistributionImpl:getInitialDomain:(D)D#147#10 prob_bp = 0.49999999998935396000
org.apache.commons.math.distribution.FDistributionImpl:getInitialDomain:(D)D#145#4 prob_bp = 0.49999999999124467000
org.apache.commons.math.distribution.FDistributionImpl:getInitialDomain:(D)D#147#8 prob_bp = 0.49999999999693590000
org.apache.commons.math.distribution.FDistributionImpl:getDenominatorDegreesOfFreedom:()D#192#4 prob_bp = 0.49999999999806540000
org.apache.commons.math.distribution.FDistributionImpl:cumulativeProbability:(D)D#72#3 prob_bp = 0.49999999999959355000
org.apache.commons.math.distribution.FDistributionImpl:getDenominatorDegreesOfFreedom:()D#192#1 prob_bp = 0.49999999999999234000
org.apache.commons.math.distribution.FDistributionImpl:cumulativeProbability:(D)D#72#2 prob_bp = 0.49999999999999590000
org.apache.commons.math.distribution.FDistributionImpl:cumulativeProbability:(D)D#72#1 prob_bp = 0.49999999999999610000
org.apache.commons.math.distribution.FDistributionImpl:cumulativeProbability:(D)D#72#0 prob_bp = 0.49999999999999634000
org.apache.commons.math.distribution.FDistributionImpl:getDenominatorDegreesOfFreedom:()D#192#0 prob_bp = 0.49999999999999790000
org.apache.commons.math.distribution.FDistributionImpl:getInitialDomain:(D)D#145#1 prob_bp = 0.49999999999999933000
org.apache.commons.math.distribution.FDistributionImpl:<init>:(DD)V#51#6 prob_bp = 0.49999999999999956000
org.apache.commons.math.distribution.FDistributionImpl:<init>:(DD)V#51#5 prob_bp = 0.49999999999999967000
org.apache.commons.math.distribution.FDistributionImpl:cumulativeProbability:(D)D#78#47 prob_bp = 0.49999999999999967000
org.apache.commons.math.distribution.FDistributionImpl:<init>:(DD)V#52#10 prob_bp = 0.49999999999999980000
org.apache.commons.math.distribution.FDistributionImpl:<init>:(DD)V#52#11 prob_bp = 0.49999999999999980000
org.apache.commons.math.distribution.AbstractContinuousDistribution:inverseCumulativeProbability:(D)D#84#50 prob_bp = 0.49999999999999983000
org.apache.commons.math.distribution.AbstractContinuousDistribution:inverseCumulativeProbability:(D)D#84#52 prob_bp = 0.49999999999999983000
org.apache.commons.math.distribution.AbstractContinuousDistribution:inverseCumulativeProbability:(D)D#67#26 prob_bp = 0.49999999999999990000
org.apache.commons.math.distribution.FDistributionImpl:getInitialDomain:(D)D#145#0 prob_bp = 0.49999999999999990000
org.apache.commons.math.distribution.FDistributionImpl:setNumeratorDegreesOfFreedom:(D)V#162#18 prob_bp = 0.49999999999999994000
org.apache.commons.math.special.Beta:logBeta:(DDDI)D#200#34 prob_bp = 0.49999999999999994000
org.apache.commons.math.special.Gamma:logGamma:(D)D#90#1 prob_bp = 0.49999999999999994000
org.apache.commons.math.special.Gamma:logGamma:(D)D#90#9 prob_bp = 0.49999999999999994000
org.apache.commons.math.special.Gamma:logGamma:(D)D#95#26 prob_bp = 0.49999999999999994000
org.apache.commons.math.special.Gamma:logGamma:(D)D#97#41 prob_bp = 0.49999999999999994000
org.apache.commons.math.special.Gamma:logGamma:(D)D#97#43 prob_bp = 0.49999999999999994000
org.apache.commons.math.special.Gamma:logGamma:(D)D#97#49 prob_bp = 0.49999999999999994000
org.apache.commons.math.special.Gamma:logGamma:(D)D#97#53 prob_bp = 0.49999999999999994000
org.apache.commons.math.special.Gamma:logGamma:(D)D#97#54 prob_bp = 0.49999999999999994000
org.apache.commons.math.special.Gamma:logGamma:(D)D#97#55 prob_bp = 0.49999999999999994000
org.apache.commons.math.special.Gamma:logGamma:(D)D#102#89 prob_bp = 0.49999999999999994000
org.apache.commons.math.special.Gamma:logGamma:(D)D#102#95 prob_bp = 0.49999999999999994000
org.apache.commons.math.special.Gamma:logGamma:(D)D#102#105 prob_bp = 0.49999999999999994000
org.apache.commons.math.special.Beta:logBeta:(DDDI)D#200#39 prob_bp = 0.49999999999999994000
org.apache.commons.math.special.Beta:logBeta:(DDDI)D#200#43 prob_bp = 0.49999999999999994000
org.apache.commons.math.util.ContinuedFraction:evaluate:(DDI)D#134#5 prob_bp = 0.49999999999999994000
org.apache.commons.math.util.ContinuedFraction:evaluate:(DDI)D#142#52 prob_bp = 0.49999999999999994000
org.apache.commons.math.util.ContinuedFraction:evaluate:(DDI)D#143#61 prob_bp = 0.49999999999999994000
org.apache.commons.math.util.ContinuedFraction:evaluate:(DDI)D#161#204 prob_bp = 0.49999999999999994000
org.apache.commons.math.util.ContinuedFraction:evaluate:(DDI)D#166#228 prob_bp = 0.49999999999999994000
org.apache.commons.math.distribution.AbstractContinuousDistribution:inverseCumulativeProbability:(D)D#67#25 prob_bp = 0.49999999999999994000
org.apache.commons.math.special.Gamma:<clinit>:()V#60#116 prob_bp = 0.50000000000000000000
org.apache.commons.math.distribution.FDistributionImpl:<init>:(DD)V#50#0 prob_bp = 0.50000000000000000000
org.apache.commons.math.distribution.FDistributionImpl:<init>:(DD)V#50#1 prob_bp = 0.50000000000000000000
org.apache.commons.math.distribution.FDistributionImpl:<init>:(DD)V#51#4 prob_bp = 0.50000000000000000000
org.apache.commons.math.distribution.FDistributionImpl:setNumeratorDegreesOfFreedom:(D)V#162#16 prob_bp = 0.50000000000000000000
org.apache.commons.math.distribution.FDistributionImpl:setNumeratorDegreesOfFreedom:(D)V#162#17 prob_bp = 0.50000000000000000000
org.apache.commons.math.distribution.FDistributionImpl:<init>:(DD)V#52#9 prob_bp = 0.50000000000000000000
org.apache.commons.math.distribution.FDistributionImpl:setDenominatorDegreesOfFreedom:(D)V#184#18 prob_bp = 0.50000000000000000000
org.apache.commons.math.distribution.FDistributionImpl:cumulativeProbability:(D)D#75#11 prob_bp = 0.50000000000000000000
org.apache.commons.math.distribution.FDistributionImpl:cumulativeProbability:(D)D#75#12 prob_bp = 0.50000000000000000000
org.apache.commons.math.distribution.FDistributionImpl:getNumeratorDegreesOfFreedom:()D#170#0 prob_bp = 0.50000000000000000000
org.apache.commons.math.distribution.FDistributionImpl:getNumeratorDegreesOfFreedom:()D#170#4 prob_bp = 0.50000000000000000000
org.apache.commons.math.distribution.FDistributionImpl:cumulativeProbability:(D)D#75#15 prob_bp = 0.50000000000000000000
org.apache.commons.math.distribution.FDistributionImpl:cumulativeProbability:(D)D#76#17 prob_bp = 0.50000000000000000000
org.apache.commons.math.distribution.FDistributionImpl:cumulativeProbability:(D)D#76#18 prob_bp = 0.50000000000000000000
org.apache.commons.math.distribution.FDistributionImpl:cumulativeProbability:(D)D#78#23 prob_bp = 0.50000000000000000000
org.apache.commons.math.distribution.FDistributionImpl:cumulativeProbability:(D)D#78#25 prob_bp = 0.50000000000000000000
org.apache.commons.math.distribution.FDistributionImpl:cumulativeProbability:(D)D#78#27 prob_bp = 0.50000000000000000000
org.apache.commons.math.distribution.FDistributionImpl:cumulativeProbability:(D)D#78#29 prob_bp = 0.50000000000000000000
org.apache.commons.math.distribution.FDistributionImpl:cumulativeProbability:(D)D#78#31 prob_bp = 0.50000000000000000000
org.apache.commons.math.distribution.FDistributionImpl:cumulativeProbability:(D)D#78#33 prob_bp = 0.50000000000000000000
org.apache.commons.math.distribution.FDistributionImpl:cumulativeProbability:(D)D#78#35 prob_bp = 0.50000000000000000000
org.apache.commons.math.distribution.FDistributionImpl:cumulativeProbability:(D)D#78#38 prob_bp = 0.50000000000000000000
org.apache.commons.math.distribution.FDistributionImpl:cumulativeProbability:(D)D#78#40 prob_bp = 0.50000000000000000000
org.apache.commons.math.distribution.FDistributionImpl:cumulativeProbability:(D)D#78#41 prob_bp = 0.50000000000000000000
org.apache.commons.math.distribution.FDistributionImpl:cumulativeProbability:(D)D#78#44 prob_bp = 0.50000000000000000000
org.apache.commons.math.distribution.FDistributionImpl:cumulativeProbability:(D)D#78#46 prob_bp = 0.50000000000000000000
org.apache.commons.math.special.Beta:logBeta:(DDDI)D#200#35 prob_bp = 0.50000000000000000000
org.apache.commons.math.special.Gamma:logGamma:(D)D#90#4 prob_bp = 0.50000000000000000000
org.apache.commons.math.special.Gamma:logGamma:(D)D#90#8 prob_bp = 0.50000000000000000000
org.apache.commons.math.special.Gamma:logGamma:(D)D#96#28 prob_bp = 0.50000000000000000000
org.apache.commons.math.special.Gamma:logGamma:(D)D#96#31 prob_bp = 0.50000000000000000000
org.apache.commons.math.special.Gamma:logGamma:(D)D#96#32 prob_bp = 0.50000000000000000000
org.apache.commons.math.special.Gamma:logGamma:(D)D#96#33 prob_bp = 0.50000000000000000000
org.apache.commons.math.special.Gamma:logGamma:(D)D#97#56 prob_bp = 0.50000000000000000000
org.apache.commons.math.special.Gamma:logGamma:(D)D#99#64 prob_bp = 0.50000000000000000000
org.apache.commons.math.special.Gamma:logGamma:(D)D#99#66 prob_bp = 0.50000000000000000000
org.apache.commons.math.special.Gamma:logGamma:(D)D#99#71 prob_bp = 0.50000000000000000000
org.apache.commons.math.special.Gamma:logGamma:(D)D#99#72 prob_bp = 0.50000000000000000000
org.apache.commons.math.special.Gamma:logGamma:(D)D#101#74 prob_bp = 0.50000000000000000000
org.apache.commons.math.special.Gamma:logGamma:(D)D#101#75 prob_bp = 0.50000000000000000000
org.apache.commons.math.special.Gamma:logGamma:(D)D#101#81 prob_bp = 0.50000000000000000000
org.apache.commons.math.special.Gamma:logGamma:(D)D#102#84 prob_bp = 0.50000000000000000000
org.apache.commons.math.special.Gamma:logGamma:(D)D#102#88 prob_bp = 0.50000000000000000000
org.apache.commons.math.special.Gamma:logGamma:(D)D#102#97 prob_bp = 0.50000000000000000000
org.apache.commons.math.special.Gamma:logGamma:(D)D#102#101 prob_bp = 0.50000000000000000000
org.apache.commons.math.special.Gamma:logGamma:(D)D#102#102 prob_bp = 0.50000000000000000000
org.apache.commons.math.special.Gamma:logGamma:(D)D#102#104 prob_bp = 0.50000000000000000000
org.apache.commons.math.special.Gamma:logGamma:(D)D#102#106 prob_bp = 0.50000000000000000000
org.apache.commons.math.special.Gamma:logGamma:(D)D#102#109 prob_bp = 0.50000000000000000000
org.apache.commons.math.special.Gamma:logGamma:(D)D#102#110 prob_bp = 0.50000000000000000000
org.apache.commons.math.special.Beta:logBeta:(DDDI)D#200#38 prob_bp = 0.50000000000000000000
org.apache.commons.math.special.Beta:logBeta:(DDDI)D#200#42 prob_bp = 0.50000000000000000000
org.apache.commons.math.special.Beta:logBeta:(DDDI)D#200#44 prob_bp = 0.50000000000000000000
org.apache.commons.math.special.Beta:logBeta:(DDDI)D#200#46 prob_bp = 0.50000000000000000000
org.apache.commons.math.special.Beta:regularizedBeta:(DDDDI)D#156#141 prob_bp = 0.50000000000000000000
org.apache.commons.math.special.Beta:regularizedBeta:(DDDDI)D#156#143 prob_bp = 0.50000000000000000000
org.apache.commons.math.util.ContinuedFraction:evaluate:(DDI)D#134#4 prob_bp = 0.50000000000000000000
org.apache.commons.math.util.ContinuedFraction:evaluate:(DDI)D#134#6 prob_bp = 0.50000000000000000000
org.apache.commons.math.util.ContinuedFraction:evaluate:(DDI)D#137#17 prob_bp = 0.50000000000000000000
org.apache.commons.math.util.ContinuedFraction:evaluate:(DDI)D#137#21 prob_bp = 0.50000000000000000000
org.apache.commons.math.util.ContinuedFraction:evaluate:(DDI)D#142#50 prob_bp = 0.50000000000000000000
org.apache.commons.math.util.ContinuedFraction:evaluate:(DDI)D#142#53 prob_bp = 0.50000000000000000000
org.apache.commons.math.util.ContinuedFraction:evaluate:(DDI)D#143#59 prob_bp = 0.50000000000000000000
org.apache.commons.math.util.ContinuedFraction:evaluate:(DDI)D#143#62 prob_bp = 0.50000000000000000000
org.apache.commons.math.util.ContinuedFraction:evaluate:(DDI)D#167#234 prob_bp = 0.50000000000000000000
org.apache.commons.math.distribution.FDistributionImpl:inverseCumulativeProbability:(D)D#106#18 prob_bp = 0.50000000000000000000
org.apache.commons.math.distribution.AbstractContinuousDistribution:inverseCumulativeProbability:(D)D#67#28 prob_bp = 0.50000000000000000000
org.apache.commons.math.analysis.UnivariateRealSolverUtils:bracket:(Lorg/apache/commons/math/analysis/UnivariateRealFunction;DDDI)[D#179#70 prob_bp = 0.50000000000000000000
org.apache.commons.math.analysis.UnivariateRealSolverUtils:bracket:(Lorg/apache/commons/math/analysis/UnivariateRealFunction;DDDI)[D#179#74 prob_bp = 0.50000000000000000000
org.apache.commons.math.analysis.UnivariateRealSolverUtils:bracket:(Lorg/apache/commons/math/analysis/UnivariateRealFunction;DDDI)[D#179#80 prob_bp = 0.50000000000000000000
org.apache.commons.math.analysis.UnivariateRealSolverUtils:bracket:(Lorg/apache/commons/math/analysis/UnivariateRealFunction;DDDI)[D#179#84 prob_bp = 0.50000000000000000000
org.apache.commons.math.analysis.UnivariateRealSolverUtils:bracket:(Lorg/apache/commons/math/analysis/UnivariateRealFunction;DDDI)[D#179#89 prob_bp = 0.50000000000000000000
org.apache.commons.math.analysis.UnivariateRealSolverUtils:bracket:(Lorg/apache/commons/math/analysis/UnivariateRealFunction;DDDI)[D#179#93 prob_bp = 0.50000000000000000000
org.apache.commons.math.analysis.UnivariateRealSolverUtils:bracket:(Lorg/apache/commons/math/analysis/UnivariateRealFunction;DDDI)[D#179#98 prob_bp = 0.50000000000000000000
org.apache.commons.math.analysis.UnivariateRealSolverUtils:bracket:(Lorg/apache/commons/math/analysis/UnivariateRealFunction;DDDI)[D#179#103 prob_bp = 0.50000000000000000000
org.apache.commons.math.analysis.UnivariateRealSolverUtils:bracket:(Lorg/apache/commons/math/analysis/UnivariateRealFunction;DDDI)[D#179#106 prob_bp = 0.50000000000000000000
org.apache.commons.math.analysis.UnivariateRealSolverUtils:bracket:(Lorg/apache/commons/math/analysis/UnivariateRealFunction;DDDI)[D#179#112 prob_bp = 0.50000000000000000000
org.apache.commons.math.distribution.FDistributionImpl:setDenominatorDegreesOfFreedom:(D)V#184#16 prob_bp = 0.50000000000000010000
org.apache.commons.math.distribution.FDistributionImpl:setDenominatorDegreesOfFreedom:(D)V#184#17 prob_bp = 0.50000000000000010000
org.apache.commons.math.distribution.FDistributionImpl:getNumeratorDegreesOfFreedom:()D#170#1 prob_bp = 0.50000000000000010000
org.apache.commons.math.distribution.FDistributionImpl:cumulativeProbability:(D)D#76#21 prob_bp = 0.50000000000000010000
org.apache.commons.math.distribution.FDistributionImpl:cumulativeProbability:(D)D#78#26 prob_bp = 0.50000000000000010000
org.apache.commons.math.distribution.FDistributionImpl:cumulativeProbability:(D)D#78#32 prob_bp = 0.50000000000000010000
org.apache.commons.math.distribution.FDistributionImpl:cumulativeProbability:(D)D#78#34 prob_bp = 0.50000000000000010000
org.apache.commons.math.special.Beta:regularizedBeta:(DDDDI)D#133#102 prob_bp = 0.50000000000000010000
org.apache.commons.math.special.Gamma:logGamma:(D)D#90#0 prob_bp = 0.50000000000000010000
org.apache.commons.math.special.Gamma:logGamma:(D)D#90#7 prob_bp = 0.50000000000000010000
org.apache.commons.math.special.Gamma:logGamma:(D)D#95#25 prob_bp = 0.50000000000000010000
org.apache.commons.math.special.Gamma:logGamma:(D)D#96#34 prob_bp = 0.50000000000000010000
org.apache.commons.math.special.Gamma:logGamma:(D)D#96#36 prob_bp = 0.50000000000000010000
org.apache.commons.math.special.Gamma:logGamma:(D)D#96#38 prob_bp = 0.50000000000000010000
org.apache.commons.math.special.Gamma:logGamma:(D)D#97#46 prob_bp = 0.50000000000000010000
org.apache.commons.math.special.Gamma:logGamma:(D)D#97#50 prob_bp = 0.50000000000000010000
org.apache.commons.math.special.Gamma:logGamma:(D)D#99#69 prob_bp = 0.50000000000000010000
org.apache.commons.math.special.Gamma:logGamma:(D)D#99#70 prob_bp = 0.50000000000000010000
org.apache.commons.math.special.Gamma:logGamma:(D)D#101#77 prob_bp = 0.50000000000000010000
org.apache.commons.math.special.Gamma:logGamma:(D)D#101#78 prob_bp = 0.50000000000000010000
org.apache.commons.math.special.Gamma:logGamma:(D)D#101#82 prob_bp = 0.50000000000000010000
org.apache.commons.math.special.Gamma:logGamma:(D)D#102#94 prob_bp = 0.50000000000000010000
org.apache.commons.math.special.Gamma:logGamma:(D)D#102#98 prob_bp = 0.50000000000000010000
org.apache.commons.math.special.Gamma:logGamma:(D)D#90#10#unexe#2 prob_bp = 0.50000000000000010000
org.apache.commons.math.special.Gamma:logGamma:(D)D#90#4#unexe#2 prob_bp = 0.50000000000000010000
org.apache.commons.math.special.Beta:logBeta:(DDDI)D#200#45 prob_bp = 0.50000000000000010000
org.apache.commons.math.util.ContinuedFraction:evaluate:(DDI)D#134#3 prob_bp = 0.50000000000000010000
org.apache.commons.math.util.ContinuedFraction:evaluate:(DDI)D#134#9 prob_bp = 0.50000000000000010000
org.apache.commons.math.util.ContinuedFraction:evaluate:(DDI)D#137#19 prob_bp = 0.50000000000000010000
org.apache.commons.math.util.ContinuedFraction:evaluate:(DDI)D#142#49 prob_bp = 0.50000000000000010000
org.apache.commons.math.util.ContinuedFraction:evaluate:(DDI)D#143#58 prob_bp = 0.50000000000000010000
org.apache.commons.math.util.ContinuedFraction:evaluate:(DDI)D#161#202 prob_bp = 0.50000000000000010000
org.apache.commons.math.util.ContinuedFraction:evaluate:(DDI)D#161#206 prob_bp = 0.50000000000000010000
org.apache.commons.math.util.ContinuedFraction:evaluate:(DDI)D#166#230 prob_bp = 0.50000000000000010000
org.apache.commons.math.util.ContinuedFraction:evaluate:(DDI)D#167#232 prob_bp = 0.50000000000000010000
org.apache.commons.math.util.ContinuedFraction:evaluate:(DDI)D#169#240 prob_bp = 0.50000000000000010000
org.apache.commons.math.distribution.AbstractContinuousDistribution:inverseCumulativeProbability:(D)D#67#27 prob_bp = 0.50000000000000010000
org.apache.commons.math.special.Gamma:logGamma:(D)D#93#23 prob_bp = 0.50000000000000020000
org.apache.commons.math.special.Gamma:logGamma:(D)D#97#48 prob_bp = 0.50000000000000020000
org.apache.commons.math.special.Gamma:logGamma:(D)D#97#52 prob_bp = 0.50000000000000020000
org.apache.commons.math.special.Gamma:logGamma:(D)D#96#58 prob_bp = 0.50000000000000020000
org.apache.commons.math.special.Gamma:<clinit>:()V#40#103 prob_bp = 0.50000000000000030000
org.apache.commons.math.special.Beta:regularizedBeta:(DDDDI)D#133#92 prob_bp = 0.50000000000000030000
org.apache.commons.math.special.Gamma:logGamma:(D)D#93#20 prob_bp = 0.50000000000000030000
org.apache.commons.math.special.Gamma:logGamma:(D)D#96#38#unexe#6 prob_bp = 0.50000000000000030000
org.apache.commons.math.special.Gamma:logGamma:(D)D#102#85 prob_bp = 0.50000000000000030000
org.apache.commons.math.special.Gamma:logGamma:(D)D#102#91 prob_bp = 0.50000000000000030000
org.apache.commons.math.special.Gamma:logGamma:(D)D#106#111 prob_bp = 0.50000000000000030000
org.apache.commons.math.special.Beta:logBeta:(DDDI)D#197#20 prob_bp = 0.50000000000000040000
org.apache.commons.math.special.Gamma:logGamma:(D)D#90#10 prob_bp = 0.50000000000000040000
org.apache.commons.math.special.Beta:logBeta:(DDDI)D#197#14 prob_bp = 0.50000000000000080000
org.apache.commons.math.special.Beta:logBeta:(DDDI)D#197#21 prob_bp = 0.50000000000000080000
org.apache.commons.math.special.Beta:logBeta:(DDDI)D#197#22 prob_bp = 0.50000000000000080000
org.apache.commons.math.util.ContinuedFraction:evaluate:(DDI)D#144#67 prob_bp = 0.50000000000000080000
org.apache.commons.math.util.ContinuedFraction:evaluate:(DDI)D#144#69 prob_bp = 0.50000000000000080000
org.apache.commons.math.util.ContinuedFraction:evaluate:(DDI)D#169#242 prob_bp = 0.50000000000000080000
org.apache.commons.math.special.Beta:regularizedBeta:(DDDDI)D#156#112 prob_bp = 0.50000000000000100000
org.apache.commons.math.special.Beta:regularizedBeta:(DDDDI)D#156#113 prob_bp = 0.50000000000000100000
org.apache.commons.math.special.Beta:regularizedBeta:(DDDDI)D#156#114 prob_bp = 0.50000000000000110000
org.apache.commons.math.special.Gamma:logGamma:(D)D#106#112 prob_bp = 0.50000000000000110000
org.apache.commons.math.util.ContinuedFraction:evaluate:(DDI)D#168#236 prob_bp = 0.50000000000000140000
org.apache.commons.math.special.Beta:logBeta:(DDDI)D#197#15 prob_bp = 0.50000000000000180000
org.apache.commons.math.special.Beta:logBeta:(DDDI)D#197#16 prob_bp = 0.50000000000000180000
org.apache.commons.math.util.ContinuedFraction:evaluate:(DDI)D#144#72 prob_bp = 0.50000000000000180000
org.apache.commons.math.util.ContinuedFraction:evaluate:(DDI)D#168#238 prob_bp = 0.50000000000000190000
org.apache.commons.math.special.Beta:regularizedBeta:(DDDDI)D#156#115 prob_bp = 0.50000000000000280000
org.apache.commons.math.util.ContinuedFraction:evaluate:(DDI)D#144#71 prob_bp = 0.50000000000000280000
org.apache.commons.math.special.Beta:logBeta:(DDDI)D#200#49 prob_bp = 0.50000000000000310000
org.apache.commons.math.util.ContinuedFraction:evaluate:(DDI)D#133#0 prob_bp = 0.50000000000000340000
org.apache.commons.math.util.ContinuedFraction:evaluate:(DDI)D#133#1 prob_bp = 0.50000000000000370000
org.apache.commons.math.util.ContinuedFraction:evaluate:(DDI)D#144#74 prob_bp = 0.50000000000000400000
org.apache.commons.math.util.ContinuedFraction:evaluate:(DDI)D#144#76 prob_bp = 0.50000000000000620000
org.apache.commons.math.util.ContinuedFraction:evaluate:(DDI)D#142#56 prob_bp = 0.50000000000000630000
org.apache.commons.math.util.ContinuedFraction:evaluate:(DDI)D#143#65 prob_bp = 0.50000000000000680000
org.apache.commons.math.special.Beta:regularizedBeta:(DDDDI)D#156#110 prob_bp = 0.50000000000000710000
org.apache.commons.math.special.Beta:regularizedBeta:(DDDDI)D#156#118 prob_bp = 0.50000000000000820000
org.apache.commons.math.special.Beta:regularizedBeta:(DDDDI)D#156#105 prob_bp = 0.50000000000001080000
org.apache.commons.math.util.ContinuedFraction:evaluate:(DDI)D#137#22 prob_bp = 0.50000000000001090000
org.apache.commons.math.special.Beta:regularizedBeta:(DDDDI)D#156#106 prob_bp = 0.50000000000001230000
org.apache.commons.math.special.Beta:regularizedBeta:(DDDDI)D#156#126 prob_bp = 0.50000000000001350000
org.apache.commons.math.util.ContinuedFraction:evaluate:(DDI)D#161#207 prob_bp = 0.50000000000001390000
org.apache.commons.math.util.ContinuedFraction:evaluate:(DDI)D#162#209 prob_bp = 0.50000000000001500000
org.apache.commons.math.special.Beta:regularizedBeta:(DDDDI)D#156#104 prob_bp = 0.50000000000001530000
org.apache.commons.math.util.ContinuedFraction:evaluate:(DDI)D#162#211 prob_bp = 0.50000000000001530000
org.apache.commons.math.special.Beta:regularizedBeta:(DDDDI)D#156#109 prob_bp = 0.50000000000001770000
org.apache.commons.math.util.ContinuedFraction:evaluate:(DDI)D#162#213 prob_bp = 0.50000000000001940000
org.apache.commons.math.special.Beta:logBeta:(DDDI)D#197#7 prob_bp = 0.50000000000002320000
org.apache.commons.math.util.ContinuedFraction:evaluate:(DDI)D#145#80 prob_bp = 0.50000000000002880000
org.apache.commons.math.util.ContinuedFraction:evaluate:(DDI)D#145#85 prob_bp = 0.50000000000002900000
org.apache.commons.math.special.Beta:logBeta:(DDDI)D#197#8 prob_bp = 0.50000000000005460000
org.apache.commons.math.util.ContinuedFraction:evaluate:(DDI)D#135#11 prob_bp = 0.50000000000006160000
org.apache.commons.math.util.ContinuedFraction:evaluate:(DDI)D#136#14 prob_bp = 0.50000000000006270000
org.apache.commons.math.util.ContinuedFraction:evaluate:(DDI)D#135#12 prob_bp = 0.50000000000006370000
org.apache.commons.math.util.ContinuedFraction:evaluate:(DDI)D#136#15 prob_bp = 0.50000000000006480000
org.apache.commons.math.util.ContinuedFraction:evaluate:(DDI)D#145#82 prob_bp = 0.50000000000007440000
org.apache.commons.math.util.ContinuedFraction:evaluate:(DDI)D#145#87 prob_bp = 0.50000000000007550000
org.apache.commons.math.special.Beta:regularizedBeta:(DDDDI)D#156#125 prob_bp = 0.50000000000007580000
org.apache.commons.math.special.Beta:regularizedBeta:(DDDDI)D#156#132 prob_bp = 0.50000000000010420000
org.apache.commons.math.util.ContinuedFraction:evaluate:(DDI)D#145#84 prob_bp = 0.50000000000010970000
org.apache.commons.math.util.ContinuedFraction:evaluate:(DDI)D#145#89 prob_bp = 0.50000000000011070000
org.apache.commons.math.special.Beta:logBeta:(DDDI)D#197#0 prob_bp = 0.50000000000013210000
org.apache.commons.math.special.Beta:logBeta:(DDDI)D#197#11 prob_bp = 0.50000000000018040000
org.apache.commons.math.special.Beta:regularizedBeta:(DDDDI)D#156#119 prob_bp = 0.50000000000026100000
org.apache.commons.math.special.Beta:logBeta:(DDDI)D#197#1 prob_bp = 0.50000000000028740000
org.apache.commons.math.util.ContinuedFraction:evaluate:(DDI)D#144#77 prob_bp = 0.50000000000052870000
org.apache.commons.math.special.Beta:logBeta:(DDDI)D#197#23 prob_bp = 0.50000000000053850000
org.apache.commons.math.special.Beta:logBeta:(DDDI)D#200#50 prob_bp = 0.50000000000078780000
org.apache.commons.math.special.Beta:logBeta:(DDDI)D#197#4 prob_bp = 0.50000000000083380000
org.apache.commons.math.special.Beta:logBeta:(DDDI)D#197#17 prob_bp = 0.50000000000155660000
org.apache.commons.math.special.Beta:logBeta:(DDDI)D#197#23#unexe#7 prob_bp = 0.50000000000356740000
org.apache.commons.math.util.ContinuedFraction:evaluate:(DDI)D#145#90 prob_bp = 0.50000000000945840000
org.apache.commons.math.special.Beta:logBeta:(DDDI)D#197#17#unexe#7 prob_bp = 0.50000000001340990000
org.apache.commons.math.special.Beta:regularizedBeta:(DDDDI)D#126#0 prob_bp = 0.50000000002659640000
org.apache.commons.math.special.Beta:regularizedBeta:(DDDDI)D#126#1 prob_bp = 0.50000000002866130000
org.apache.commons.math.special.Beta:regularizedBeta:(DDDDI)D#126#4 prob_bp = 0.50000000003283280000
org.apache.commons.math.util.ContinuedFraction:evaluate:(DDI)D#162#214 prob_bp = 0.50000000003692560000
org.apache.commons.math.util.ContinuedFraction:evaluate:(DDI)D#162#215 prob_bp = 0.50000000003841250000
org.apache.commons.math.special.Beta:regularizedBeta:(DDDDI)D#156#120 prob_bp = 0.50000000004745640000
org.apache.commons.math.special.Beta:logBeta:(DDDI)D#197#11#unexe#7 prob_bp = 0.50000000004874070000
org.apache.commons.math.util.ContinuedFraction:evaluate:(DDI)D#162#216 prob_bp = 0.50000000005038040000
org.apache.commons.math.special.Beta:regularizedBeta:(DDDDI)D#156#121 prob_bp = 0.50000000005537850000
org.apache.commons.math.special.Beta:regularizedBeta:(DDDDI)D#156#124 prob_bp = 0.50000000008325210000
org.apache.commons.math.util.ContinuedFraction:evaluate:(DDI)D#146#93 prob_bp = 0.50000000008831840000
org.apache.commons.math.util.ContinuedFraction:evaluate:(DDI)D#162#219 prob_bp = 0.50000000009857070000
org.apache.commons.math.special.Beta:regularizedBeta:(DDDDI)D#130#59 prob_bp = 0.50000000012928390000
org.apache.commons.math.special.Beta:regularizedBeta:(DDDDI)D#130#60 prob_bp = 0.50000000012928450000
org.apache.commons.math.special.Beta:regularizedBeta:(DDDDI)D#130#62 prob_bp = 0.50000000014649800000
org.apache.commons.math.util.ContinuedFraction:evaluate:(DDI)D#144#78 prob_bp = 0.50000000018723100000
org.apache.commons.math.special.Beta:logBeta:(DDDI)D#197#4#unexe#7 prob_bp = 0.50000000019097990000
org.apache.commons.math.special.Beta:regularizedBeta:(DDDDI)D#126#7 prob_bp = 0.50000000022349130000
org.apache.commons.math.util.ContinuedFraction:evaluate:(DDI)D#139#27 prob_bp = 0.50000000023485310000
org.apache.commons.math.util.ContinuedFraction:evaluate:(DDI)D#139#30 prob_bp = 0.50000000024311530000
org.apache.commons.math.special.Beta:regularizedBeta:(DDDDI)D#126#8 prob_bp = 0.50000000025690120000
org.apache.commons.math.special.Beta:regularizedBeta:(DDD)D#59#4 prob_bp = 0.50000000030710760000
org.apache.commons.math.special.Beta:regularizedBeta:(DDDDI)D#156#144 prob_bp = 0.50000000033277110000
org.apache.commons.math.util.ContinuedFraction:evaluate:(DDI)D#146#95 prob_bp = 0.50000000033625540000
org.apache.commons.math.special.Beta:regularizedBeta:(DDDDI)D#126#11 prob_bp = 0.50000000038677870000
org.apache.commons.math.util.ContinuedFraction:evaluate:(DDI)D#140#39 prob_bp = 0.50000000056479830000
org.apache.commons.math.util.ContinuedFraction:evaluate:(DDI)D#140#41 prob_bp = 0.50000000060614890000
org.apache.commons.math.special.Beta:logBeta:(DDDI)D#204#52 prob_bp = 0.50000000076317700000
org.apache.commons.math.util.ContinuedFraction:evaluate:(DDI)D#165#221 prob_bp = 0.50000000076940580000
org.apache.commons.math.util.ContinuedFraction:evaluate:(DDI)D#165#223 prob_bp = 0.50000000076940860000
org.apache.commons.math.special.Beta:regularizedBeta:(DDDDI)D#130#63 prob_bp = 0.50000000081853850000
org.apache.commons.math.util.ContinuedFraction:evaluate:(DDI)D#140#34 prob_bp = 0.50000000083161190000
org.apache.commons.math.special.Beta:regularizedBeta:(DDDDI)D#130#66 prob_bp = 0.50000000084688160000
org.apache.commons.math.util.ContinuedFraction:evaluate:(DDI)D#140#32 prob_bp = 0.50000000100692010000
org.apache.commons.math.util.ContinuedFraction:evaluate:(DDI)D#146#98 prob_bp = 0.50000000122665620000
org.apache.commons.math.util.ContinuedFraction:evaluate:(DDI)D#140#42 prob_bp = 0.50000000146616120000
org.apache.commons.math.util.ContinuedFraction:evaluate:(DDI)D#140#36 prob_bp = 0.50000000193865500000
org.apache.commons.math.special.Beta:logBeta:(DDDI)D#204#54 prob_bp = 0.50000000277644840000
org.apache.commons.math.util.ContinuedFraction:evaluate:(DDI)D#165#225 prob_bp = 0.50000000319122250000
org.apache.commons.math.util.ContinuedFraction:evaluate:(DDI)D#145#91 prob_bp = 0.50000000332761430000
org.apache.commons.math.special.Beta:regularizedBeta:(DDDDI)D#130#56 prob_bp = 0.50000000334929000000
org.apache.commons.math.special.Beta:regularizedBeta:(DDDDI)D#130#57 prob_bp = 0.50000000366823690000
org.apache.commons.math.special.Beta:regularizedBeta:(DDDDI)D#130#58 prob_bp = 0.50000000379525510000
org.apache.commons.math.special.Beta:regularizedBeta:(DDDDI)D#130#67 prob_bp = 0.50000000896341930000
org.apache.commons.math.special.Beta:regularizedBeta:(DDDDI)D#156#135 prob_bp = 0.50000000986013220000
org.apache.commons.math.special.Beta:regularizedBeta:(DDDDI)D#126#14 prob_bp = 0.50000001282821330000
org.apache.commons.math.special.Beta:regularizedBeta:(DDDDI)D#126#22 prob_bp = 0.50000001317883470000
org.apache.commons.math.util.ContinuedFraction:evaluate:(DDI)D#146#101 prob_bp = 0.50000001447450270000
org.apache.commons.math.special.Beta:regularizedBeta:(DDDDI)D#126#23 prob_bp = 0.50000001462425170000
org.apache.commons.math.special.Beta:regularizedBeta:(DDDDI)D#126#16 prob_bp = 0.50000001480617000000
org.apache.commons.math.special.Beta:regularizedBeta:(DDDDI)D#126#24 prob_bp = 0.50000001521088930000
org.apache.commons.math.special.Beta:regularizedBeta:(DDDDI)D#126#19 prob_bp = 0.50000002273655130000
org.apache.commons.math.util.ContinuedFraction:evaluate:(DDI)D#146#103 prob_bp = 0.50000006001455620000
org.apache.commons.math.special.Beta:regularizedBeta:(DDDDI)D#126#28 prob_bp = 0.50000016018366000000
org.apache.commons.math.special.Beta:regularizedBeta:(DDDDI)D#126#29 prob_bp = 0.50000017595567590000
org.apache.commons.math.special.Beta:regularizedBeta:(DDDDI)D#126#30 prob_bp = 0.50000018226628420000
org.apache.commons.math.util.ContinuedFraction:evaluate:(DDI)D#146#106 prob_bp = 0.50000024330444890000
org.apache.commons.math.special.Beta:regularizedBeta:(DDD)D#59#1 prob_bp = 0.50000124470288820000
org.apache.commons.math.special.Beta:regularizedBeta:(DDDDI)D#126#34 prob_bp = 0.50000131672270820000
org.apache.commons.math.special.Beta:regularizedBeta:(DDDDI)D#126#35 prob_bp = 0.50000144475516850000
org.apache.commons.math.special.Beta:regularizedBeta:(DDDDI)D#126#36 prob_bp = 0.50000149586466440000
org.apache.commons.math.special.Beta:regularizedBeta:(DDDDI)D#156#136 prob_bp = 0.50000248120690690000
org.apache.commons.math.special.Beta:regularizedBeta:(DDDDI)D#126#25 prob_bp = 0.50000312751900630000
org.apache.commons.math.special.Beta:regularizedBeta:(DDD)D#59#2 prob_bp = 0.50000980873393730000
org.apache.commons.math.special.Beta:regularizedBeta:(DDDDI)D#126#40 prob_bp = 0.50001039439029530000
org.apache.commons.math.special.Beta:regularizedBeta:(DDDDI)D#156#139 prob_bp = 0.50001079670060240000
org.apache.commons.math.special.Beta:regularizedBeta:(DDDDI)D#156#140 prob_bp = 0.50001117658083560000
org.apache.commons.math.special.Beta:regularizedBeta:(DDDDI)D#126#42 prob_bp = 0.50001140128971950000
org.apache.commons.math.special.Beta:regularizedBeta:(DDDDI)D#126#43 prob_bp = 0.50001180303799490000
org.apache.commons.math.special.Beta:regularizedBeta:(DDD)D#59#7 prob_bp = 0.50001684484744550000
org.apache.commons.math.special.Beta:regularizedBeta:(DDDDI)D#156#146 prob_bp = 0.50001852494930980000
org.apache.commons.math.util.ContinuedFraction:evaluate:(DDI)D#138#24 prob_bp = 0.50002067554351260000
org.apache.commons.math.util.ContinuedFraction:evaluate:(DDI)D#140#43 prob_bp = 0.50002127661355560000
org.apache.commons.math.util.ContinuedFraction:evaluate:(DDI)D#138#25 prob_bp = 0.50002140295321360000
org.apache.commons.math.special.Beta:regularizedBeta:(DDDDI)D#156#148 prob_bp = 0.50002248959052500000
org.apache.commons.math.special.Beta:regularizedBeta:(DDDDI)D#126#31 prob_bp = 0.50002732907179560000
org.apache.commons.math.util.ContinuedFraction:evaluate:(DDI)D#141#46 prob_bp = 0.50002965606499230000
org.apache.commons.math.util.ContinuedFraction:evaluate:(DDI)D#172#249 prob_bp = 0.50003644058870320000
org.apache.commons.math.util.ContinuedFraction:evaluate:(DDI)D#172#247 prob_bp = 0.50003882902901520000
org.apache.commons.math.util.ContinuedFraction:evaluate:(DDI)D#165#226 prob_bp = 0.50007326492138880000
org.apache.commons.math.util.ContinuedFraction:evaluate:(DDI)D#178#277 prob_bp = 0.50007916477301980000
org.apache.commons.math.util.ContinuedFraction:evaluate:(DDI)D#172#251 prob_bp = 0.50008653774837260000
org.apache.commons.math.util.ContinuedFraction:evaluate:(DDI)D#178#279 prob_bp = 0.50009108285470900000
org.apache.commons.math.special.Beta:regularizedBeta:(DDDDI)D#156#151 prob_bp = 0.50011515764198720000
org.apache.commons.math.distribution.FDistributionImpl:setNumeratorDegreesOfFreedom:(D)V#158#0 prob_bp = 0.50012518380592720000
org.apache.commons.math.distribution.FDistributionImpl:setNumeratorDegreesOfFreedom:(D)V#158#1 prob_bp = 0.50013006257945810000
org.apache.commons.math.special.Beta:regularizedBeta:(DDD)D#59#0 prob_bp = 0.50013359487087040000
org.apache.commons.math.distribution.FDistributionImpl:setNumeratorDegreesOfFreedom:(D)V#158#2 prob_bp = 0.50013393257950410000
org.apache.commons.math.special.Beta:regularizedBeta:(DDDDI)D#130#55 prob_bp = 0.50014157384130460000
org.apache.commons.math.special.Beta:regularizedBeta:(DDDDI)D#130#68 prob_bp = 0.50016043623256420000
org.apache.commons.math.special.Beta:regularizedBeta:(DDD)D#59#9 prob_bp = 0.50016473961373290000
org.apache.commons.math.special.Beta:regularizedBeta:(DDDDI)D#126#37 prob_bp = 0.50021585839874000000
org.apache.commons.math.distribution.FDistributionImpl:setDenominatorDegreesOfFreedom:(D)V#180#0 prob_bp = 0.50083954695306640000
org.apache.commons.math.distribution.FDistributionImpl:setDenominatorDegreesOfFreedom:(D)V#180#1 prob_bp = 0.50087734449240040000
org.apache.commons.math.distribution.FDistributionImpl:setDenominatorDegreesOfFreedom:(D)V#180#2 prob_bp = 0.50090539116218470000
org.apache.commons.math.special.Beta:regularizedBeta:(DDDDI)D#126#44 prob_bp = 0.50168441583826330000
org.apache.commons.math.distribution.FDistributionImpl:setNumeratorDegreesOfFreedom:(D)V#158#3 prob_bp = 0.50910581458046330000
org.apache.commons.math.special.Beta:regularizedBeta:(DDDDI)D#130#69 prob_bp = 0.51309419511182440000
org.apache.commons.math.distribution.FDistributionImpl:setDenominatorDegreesOfFreedom:(D)V#180#3 prob_bp = 0.56515973453713610000
org.apache.commons.math.special.Beta:regularizedBeta:(DDDDI)D#156#152 prob_bp = 0.85751322704724690000
org.apache.commons.math.special.Beta:regularizedBeta:(DDDDI)D#161#154 prob_bp = 0.90158676515725930000
org.apache.commons.math.special.Beta:regularizedBeta:(DDDDI)D#161#156 prob_bp = 0.92357415576008070000
org.apache.commons.math.special.Beta:regularizedBeta:(DDD)D#59#12 prob_bp = 0.93864303429167980000
org.apache.commons.math.distribution.AbstractContinuousDistribution:<init>:()V#45#0 prob_bp = 0.99999999999998200000
org.apache.commons.math.distribution.AbstractContinuousDistribution:<init>:()V#45#1 prob_bp = 0.99999999999999960000
org.apache.commons.math.distribution.FDistributionTest:testSmallDegreesOfFreedom:()V#110#0 prob_bp = 1.00000000000000000000
org.apache.commons.math.distribution.FDistributionTest:testSmallDegreesOfFreedom:()V#110#3 prob_bp = 1.00000000000000000000
org.apache.commons.math.distribution.FDistributionTest:testSmallDegreesOfFreedom:()V#110#4 prob_bp = 1.00000000000000000000
org.apache.commons.math.distribution.FDistributionTest:testSmallDegreesOfFreedom:()V#110#5 prob_bp = 1.00000000000000000000
org.apache.commons.math.distribution.FDistributionTest:testSmallDegreesOfFreedom:()V#110#6 prob_bp = 1.00000000000000000000
org.apache.commons.math.distribution.AbstractDistribution:<init>:()V#38#0 prob_bp = 1.00000000000000000000
org.apache.commons.math.distribution.AbstractDistribution:<init>:()V#38#1 prob_bp = 1.00000000000000000000
org.apache.commons.math.distribution.FDistributionTest:testSmallDegreesOfFreedom:()V#110#9 prob_bp = 1.00000000000000000000
org.apache.commons.math.distribution.FDistributionTest:testSmallDegreesOfFreedom:()V#113#10 prob_bp = 1.00000000000000000000
org.apache.commons.math.distribution.FDistributionTest:testSmallDegreesOfFreedom:()V#113#11 prob_bp = 1.00000000000000000000
org.apache.commons.math.distribution.FDistributionTest:testSmallDegreesOfFreedom:()V#113#14 prob_bp = 1.00000000000000000000
org.apache.commons.math.distribution.FDistributionTest:testSmallDegreesOfFreedom:()V#113#17 prob_bp = 1.00000000000000000000
org.apache.commons.math.distribution.FDistributionTest:testSmallDegreesOfFreedom:()V#114#18 prob_bp = 1.00000000000000000000
org.apache.commons.math.distribution.FDistributionTest:testSmallDegreesOfFreedom:()V#114#19 prob_bp = 1.00000000000000000000
org.apache.commons.math.distribution.FDistributionTest:testSmallDegreesOfFreedom:()V#114#20 prob_bp = 1.00000000000000000000
Belief propagation time : 45.976000s
