Belief propagation time: 100

Probabilities: 
Vars:33559
Stmts:3115
org.apache.commons.lang.exception.NestableRuntimeException:printStackTrace:(Ljava/io/PrintWriter;)V#193#0 prob_bp = 0.39956420154502514000
org.apache.commons.lang.exception.NestableRuntimeException:printStackTrace:(Ljava/io/PrintWriter;)V#193#4 prob_bp = 0.39956420154502514000
org.apache.commons.lang.exception.NestableRuntimeException:getMessage:()Ljava/lang/String;#115#12 prob_bp = 0.49995196557016514000
org.apache.commons.lang.exception.NestableRuntimeException:getMessage:()Ljava/lang/String;#115#13 prob_bp = 0.49995660453131720000
org.apache.commons.lang.time.FastDateFormat:getInstance:(Ljava/lang/String;)Lorg/apache/commons/lang/time/FastDateFormat;#167#6 prob_bp = 0.49999999860874833000
org.apache.commons.lang.time.FastDateFormat:getInstance:(Ljava/lang/String;Ljava/util/TimeZone;Ljava/util/Locale;)Lorg/apache/commons/lang/time/FastDateFormat;#220#53 prob_bp = 0.49999999961973113000
org.apache.commons.lang.time.FastDateFormat:getInstance:(Ljava/lang/String;Ljava/util/TimeZone;Ljava/util/Locale;)Lorg/apache/commons/lang/time/FastDateFormat;#220#51 prob_bp = 0.49999999986994970000
org.apache.commons.lang.time.FastDateFormat:getInstance:(Ljava/lang/String;Ljava/util/TimeZone;Ljava/util/Locale;)Lorg/apache/commons/lang/time/FastDateFormat;#216#31 prob_bp = 0.49999999993337585000
org.apache.commons.lang.time.FastDateFormat:getInstance:(Ljava/lang/String;Ljava/util/TimeZone;Ljava/util/Locale;)Lorg/apache/commons/lang/time/FastDateFormat;#216#30 prob_bp = 0.49999999994831110000
org.apache.commons.lang.time.FastDateFormat:getInstance:(Ljava/lang/String;Ljava/util/TimeZone;Ljava/util/Locale;)Lorg/apache/commons/lang/time/FastDateFormat;#213#10 prob_bp = 0.49999999995839367000
org.apache.commons.lang.time.FastDateFormat:getInstance:(Ljava/lang/String;Ljava/util/TimeZone;Ljava/util/Locale;)Lorg/apache/commons/lang/time/FastDateFormat;#213#0 prob_bp = 0.49999999996356080000
org.apache.commons.lang.time.FastDateFormat:parseToken:(Ljava/lang/String;[I)Ljava/lang/String;#738#115#unexe#4 prob_bp = 0.49999999999999950000
org.apache.commons.lang.time.FastDateFormat:parseToken:(Ljava/lang/String;[I)Ljava/lang/String;#726#91 prob_bp = 0.49999999999999980000
org.apache.commons.lang.time.FastDateFormat:parseToken:(Ljava/lang/String;[I)Ljava/lang/String;#718#52 prob_bp = 0.49999999999999983000
org.apache.commons.lang.time.FastDateFormat:parseToken:(Ljava/lang/String;[I)Ljava/lang/String;#739#121 prob_bp = 0.49999999999999983000
org.apache.commons.lang.time.FastDateFormat:parseToken:(Ljava/lang/String;[I)Ljava/lang/String;#749#188 prob_bp = 0.49999999999999983000
org.apache.commons.lang.time.FastDateFormat:parseToken:(Ljava/lang/String;[I)Ljava/lang/String;#718#27 prob_bp = 0.49999999999999990000
org.apache.commons.lang.time.FastDateFormat:parseToken:(Ljava/lang/String;[I)Ljava/lang/String;#749#199 prob_bp = 0.49999999999999990000
org.apache.commons.lang.time.FastDateFormat:parsePattern:()Ljava/util/List;#596#82 prob_bp = 0.49999999999999994000
org.apache.commons.lang.time.FastDateFormat:parsePattern:()Ljava/util/List;#597#86 prob_bp = 0.49999999999999994000
org.apache.commons.lang.time.FastDateFormat:parseToken:(Ljava/lang/String;[I)Ljava/lang/String;#714#10 prob_bp = 0.49999999999999994000
org.apache.commons.lang.time.FastDateFormat:parseToken:(Ljava/lang/String;[I)Ljava/lang/String;#715#17 prob_bp = 0.49999999999999994000
org.apache.commons.lang.time.FastDateFormat:parseToken:(Ljava/lang/String;[I)Ljava/lang/String;#718#31 prob_bp = 0.49999999999999994000
org.apache.commons.lang.time.FastDateFormat:parseToken:(Ljava/lang/String;[I)Ljava/lang/String;#718#34 prob_bp = 0.49999999999999994000
org.apache.commons.lang.time.FastDateFormat:parseToken:(Ljava/lang/String;[I)Ljava/lang/String;#718#41 prob_bp = 0.49999999999999994000
org.apache.commons.lang.time.FastDateFormat:parseToken:(Ljava/lang/String;[I)Ljava/lang/String;#721#56 prob_bp = 0.49999999999999994000
org.apache.commons.lang.time.FastDateFormat:parseToken:(Ljava/lang/String;[I)Ljava/lang/String;#724#79 prob_bp = 0.49999999999999994000
org.apache.commons.lang.time.FastDateFormat:parsePattern:()Ljava/util/List;#613#497 prob_bp = 0.49999999999999994000
org.apache.commons.lang.time.FastDateFormat:parseToken:(Ljava/lang/String;[I)Ljava/lang/String;#734#101 prob_bp = 0.49999999999999994000
org.apache.commons.lang.time.FastDateFormat:parseToken:(Ljava/lang/String;[I)Ljava/lang/String;#738#111 prob_bp = 0.49999999999999994000
org.apache.commons.lang.time.FastDateFormat:parseToken:(Ljava/lang/String;[I)Ljava/lang/String;#739#118 prob_bp = 0.49999999999999994000
org.apache.commons.lang.time.FastDateFormat:parseToken:(Ljava/lang/String;[I)Ljava/lang/String;#739#119 prob_bp = 0.49999999999999994000
org.apache.commons.lang.time.FastDateFormat:parseToken:(Ljava/lang/String;[I)Ljava/lang/String;#749#183 prob_bp = 0.49999999999999994000
org.apache.commons.lang.time.FastDateFormat:parseToken:(Ljava/lang/String;[I)Ljava/lang/String;#749#206 prob_bp = 0.49999999999999994000
org.apache.commons.lang.time.FastDateFormat:parseToken:(Ljava/lang/String;[I)Ljava/lang/String;#749#185#unexe#4 prob_bp = 0.49999999999999994000
org.apache.commons.lang.time.FastDateFormat:parseToken:(Ljava/lang/String;[I)Ljava/lang/String;#749#209 prob_bp = 0.49999999999999994000
org.apache.commons.lang.time.FastDateFormat:parsePattern:()Ljava/util/List;#595#70 prob_bp = 0.50000000000000000000
org.apache.commons.lang.time.FastDateFormat:parseToken:(Ljava/lang/String;[I)Ljava/lang/String;#714#11 prob_bp = 0.50000000000000000000
org.apache.commons.lang.time.FastDateFormat:parseToken:(Ljava/lang/String;[I)Ljava/lang/String;#721#58 prob_bp = 0.50000000000000000000
org.apache.commons.lang.time.FastDateFormat:parseToken:(Ljava/lang/String;[I)Ljava/lang/String;#724#72 prob_bp = 0.50000000000000000000
org.apache.commons.lang.time.FastDateFormat:parseToken:(Ljava/lang/String;[I)Ljava/lang/String;#725#81 prob_bp = 0.50000000000000000000
org.apache.commons.lang.time.FastDateFormat:parseToken:(Ljava/lang/String;[I)Ljava/lang/String;#734#104 prob_bp = 0.50000000000000000000
org.apache.commons.lang.time.FastDateFormat:parseToken:(Ljava/lang/String;[I)Ljava/lang/String;#749#192 prob_bp = 0.50000000000000000000
org.apache.commons.lang.time.FastDateFormat:parseToken:(Ljava/lang/String;[I)Ljava/lang/String;#749#204 prob_bp = 0.50000000000000000000
org.apache.commons.lang.time.FastDateFormat:parseToken:(Ljava/lang/String;[I)Ljava/lang/String;#749#195 prob_bp = 0.50000000000000000000
org.apache.commons.lang.time.FastDateFormat:parseToken:(Ljava/lang/String;[I)Ljava/lang/String;#741#130#unexe#4 prob_bp = 0.50000000000000000000
org.apache.commons.lang.time.FastDateFormat:parseToken:(Ljava/lang/String;[I)Ljava/lang/String;#749#213 prob_bp = 0.50000000000000000000
org.apache.commons.lang.time.FastDateFormat:parseToken:(Ljava/lang/String;[I)Ljava/lang/String;#749#213#unexe#4 prob_bp = 0.50000000000000000000
org.apache.commons.lang.exception.NestableRuntimeException:printStackTrace:(Ljava/io/PrintWriter;)V#193#1 prob_bp = 0.50000000000000000000
org.apache.commons.lang.time.FastDateFormat:parsePattern:()Ljava/util/List;#596#79 prob_bp = 0.50000000000000010000
org.apache.commons.lang.time.FastDateFormat:parseToken:(Ljava/lang/String;[I)Ljava/lang/String;#714#8 prob_bp = 0.50000000000000010000
org.apache.commons.lang.time.FastDateFormat:parseToken:(Ljava/lang/String;[I)Ljava/lang/String;#715#13 prob_bp = 0.50000000000000010000
org.apache.commons.lang.time.FastDateFormat:parseToken:(Ljava/lang/String;[I)Ljava/lang/String;#717#19 prob_bp = 0.50000000000000010000
org.apache.commons.lang.time.FastDateFormat:parseToken:(Ljava/lang/String;[I)Ljava/lang/String;#717#20 prob_bp = 0.50000000000000010000
org.apache.commons.lang.time.FastDateFormat:parseToken:(Ljava/lang/String;[I)Ljava/lang/String;#718#36 prob_bp = 0.50000000000000010000
org.apache.commons.lang.time.FastDateFormat:parseToken:(Ljava/lang/String;[I)Ljava/lang/String;#723#66 prob_bp = 0.50000000000000010000
org.apache.commons.lang.time.FastDateFormat:parseToken:(Ljava/lang/String;[I)Ljava/lang/String;#725#83 prob_bp = 0.50000000000000010000
org.apache.commons.lang.time.FastDateFormat:parseToken:(Ljava/lang/String;[I)Ljava/lang/String;#726#88 prob_bp = 0.50000000000000010000
org.apache.commons.lang.time.FastDateFormat:parseToken:(Ljava/lang/String;[I)Ljava/lang/String;#726#89 prob_bp = 0.50000000000000010000
org.apache.commons.lang.time.FastDateFormat:parseToken:(Ljava/lang/String;[I)Ljava/lang/String;#725#85#unexe#4 prob_bp = 0.50000000000000010000
org.apache.commons.lang.time.FastDateFormat:parseToken:(Ljava/lang/String;[I)Ljava/lang/String;#760#240 prob_bp = 0.50000000000000010000
org.apache.commons.lang.time.FastDateFormat:parseToken:(Ljava/lang/String;[I)Ljava/lang/String;#760#241 prob_bp = 0.50000000000000010000
org.apache.commons.lang.time.FastDateFormat:parsePattern:()Ljava/util/List;#613#494 prob_bp = 0.50000000000000010000
org.apache.commons.lang.time.FastDateFormat:parsePattern:()Ljava/util/List;#613#496 prob_bp = 0.50000000000000010000
org.apache.commons.lang.time.FastDateFormat:selectNumberRule:(II)Lorg/apache/commons/lang/time/FastDateFormat$NumberRule;#777#51 prob_bp = 0.50000000000000010000
org.apache.commons.lang.time.FastDateFormat:parseToken:(Ljava/lang/String;[I)Ljava/lang/String;#738#115 prob_bp = 0.50000000000000010000
org.apache.commons.lang.time.FastDateFormat:parseToken:(Ljava/lang/String;[I)Ljava/lang/String;#741#126 prob_bp = 0.50000000000000010000
org.apache.commons.lang.time.FastDateFormat:parseToken:(Ljava/lang/String;[I)Ljava/lang/String;#754#222 prob_bp = 0.50000000000000010000
org.apache.commons.lang.time.FastDateFormat:parseToken:(Ljava/lang/String;[I)Ljava/lang/String;#754#225 prob_bp = 0.50000000000000010000
org.apache.commons.lang.time.FastDateFormat:parseToken:(Ljava/lang/String;[I)Ljava/lang/String;#749#197 prob_bp = 0.50000000000000010000
org.apache.commons.lang.time.FastDateFormat:parseToken:(Ljava/lang/String;[I)Ljava/lang/String;#751#216 prob_bp = 0.50000000000000010000
org.apache.commons.lang.time.FastDateFormat:parseToken:(Ljava/lang/String;[I)Ljava/lang/String;#749#199#unexe#4 prob_bp = 0.50000000000000010000
org.apache.commons.lang.time.FastDateFormat:parseToken:(Ljava/lang/String;[I)Ljava/lang/String;#749#211 prob_bp = 0.50000000000000010000
org.apache.commons.lang.time.FastDateFormat:parsePattern:()Ljava/util/List;#595#69 prob_bp = 0.50000000000000020000
org.apache.commons.lang.time.FastDateFormat:parseToken:(Ljava/lang/String;[I)Ljava/lang/String;#717#25 prob_bp = 0.50000000000000020000
org.apache.commons.lang.time.FastDateFormat:parseToken:(Ljava/lang/String;[I)Ljava/lang/String;#721#55 prob_bp = 0.50000000000000020000
org.apache.commons.lang.time.FastDateFormat:parseToken:(Ljava/lang/String;[I)Ljava/lang/String;#723#62 prob_bp = 0.50000000000000020000
org.apache.commons.lang.time.FastDateFormat:parseToken:(Ljava/lang/String;[I)Ljava/lang/String;#736#109 prob_bp = 0.50000000000000020000
org.apache.commons.lang.time.FastDateFormat:parseToken:(Ljava/lang/String;[I)Ljava/lang/String;#739#124 prob_bp = 0.50000000000000020000
org.apache.commons.lang.time.FastDateFormat:parseToken:(Ljava/lang/String;[I)Ljava/lang/String;#749#192#unexe#4 prob_bp = 0.50000000000000020000
org.apache.commons.lang.time.FastDateFormat:parseToken:(Ljava/lang/String;[I)Ljava/lang/String;#718#38 prob_bp = 0.50000000000000030000
org.apache.commons.lang.time.FastDateFormat:parseToken:(Ljava/lang/String;[I)Ljava/lang/String;#718#45 prob_bp = 0.50000000000000030000
org.apache.commons.lang.time.FastDateFormat:parseToken:(Ljava/lang/String;[I)Ljava/lang/String;#718#50 prob_bp = 0.50000000000000030000
org.apache.commons.lang.time.FastDateFormat:parseToken:(Ljava/lang/String;[I)Ljava/lang/String;#723#65 prob_bp = 0.50000000000000030000
org.apache.commons.lang.time.FastDateFormat:parseToken:(Ljava/lang/String;[I)Ljava/lang/String;#725#85 prob_bp = 0.50000000000000030000
org.apache.commons.lang.time.FastDateFormat:parseToken:(Ljava/lang/String;[I)Ljava/lang/String;#727#95 prob_bp = 0.50000000000000030000
org.apache.commons.lang.time.FastDateFormat:parseToken:(Ljava/lang/String;[I)Ljava/lang/String;#734#102 prob_bp = 0.50000000000000030000
org.apache.commons.lang.time.FastDateFormat:parseToken:(Ljava/lang/String;[I)Ljava/lang/String;#754#223 prob_bp = 0.50000000000000030000
org.apache.commons.lang.time.FastDateFormat:parseToken:(Ljava/lang/String;[I)Ljava/lang/String;#738#229 prob_bp = 0.50000000000000030000
org.apache.commons.lang.time.FastDateFormat:parseToken:(Ljava/lang/String;[I)Ljava/lang/String;#712#7 prob_bp = 0.50000000000000040000
org.apache.commons.lang.time.FastDateFormat:parsePattern:()Ljava/util/List;#597#87 prob_bp = 0.50000000000000060000
org.apache.commons.lang.time.FastDateFormat:parseToken:(Ljava/lang/String;[I)Ljava/lang/String;#715#14 prob_bp = 0.50000000000000060000
org.apache.commons.lang.time.FastDateFormat:parseToken:(Ljava/lang/String;[I)Ljava/lang/String;#723#68 prob_bp = 0.50000000000000060000
org.apache.commons.lang.time.FastDateFormat:parseToken:(Ljava/lang/String;[I)Ljava/lang/String;#724#71 prob_bp = 0.50000000000000060000
org.apache.commons.lang.time.FastDateFormat:parseToken:(Ljava/lang/String;[I)Ljava/lang/String;#738#113 prob_bp = 0.50000000000000060000
org.apache.commons.lang.time.FastDateFormat:parseToken:(Ljava/lang/String;[I)Ljava/lang/String;#749#185 prob_bp = 0.50000000000000060000
org.apache.commons.lang.time.FastDateFormat:parseToken:(Ljava/lang/String;[I)Ljava/lang/String;#749#190 prob_bp = 0.50000000000000060000
org.apache.commons.lang.time.FastDateFormat:parsePattern:()Ljava/util/List;#596#84 prob_bp = 0.50000000000000070000
org.apache.commons.lang.time.FastDateFormat:parseToken:(Ljava/lang/String;[I)Ljava/lang/String;#717#22 prob_bp = 0.50000000000000080000
org.apache.commons.lang.time.FastDateFormat:parseToken:(Ljava/lang/String;[I)Ljava/lang/String;#718#43 prob_bp = 0.50000000000000080000
org.apache.commons.lang.time.FastDateFormat:parseToken:(Ljava/lang/String;[I)Ljava/lang/String;#724#75 prob_bp = 0.50000000000000080000
org.apache.commons.lang.time.FastDateFormat:parseToken:(Ljava/lang/String;[I)Ljava/lang/String;#749#206#unexe#4 prob_bp = 0.50000000000000080000
org.apache.commons.lang.time.FastDateFormat:parseToken:(Ljava/lang/String;[I)Ljava/lang/String;#718#52#unexe#4 prob_bp = 0.50000000000000110000
org.apache.commons.lang.time.FastDateFormat:parseToken:(Ljava/lang/String;[I)Ljava/lang/String;#741#130 prob_bp = 0.50000000000000110000
org.apache.commons.lang.time.FastDateFormat:parseToken:(Ljava/lang/String;[I)Ljava/lang/String;#718#48 prob_bp = 0.50000000000000120000
org.apache.commons.lang.time.FastDateFormat:parseToken:(Ljava/lang/String;[I)Ljava/lang/String;#723#68#unexe#4 prob_bp = 0.50000000000000120000
org.apache.commons.lang.time.FastDateFormat:parsePattern:()Ljava/util/List;#631#586 prob_bp = 0.50000000000000120000
org.apache.commons.lang.time.FastDateFormat:parseToken:(Ljava/lang/String;[I)Ljava/lang/String;#714#9 prob_bp = 0.50000000000000140000
org.apache.commons.lang.time.FastDateFormat:parseToken:(Ljava/lang/String;[I)Ljava/lang/String;#718#29 prob_bp = 0.50000000000000140000
org.apache.commons.lang.time.FastDateFormat:parseToken:(Ljava/lang/String;[I)Ljava/lang/String;#724#76 prob_bp = 0.50000000000000140000
org.apache.commons.lang.time.FastDateFormat:parseToken:(Ljava/lang/String;[I)Ljava/lang/String;#749#202 prob_bp = 0.50000000000000140000
org.apache.commons.lang.time.FastDateFormat:parsePattern:()Ljava/util/List;#596#81 prob_bp = 0.50000000000000160000
org.apache.commons.lang.time.FastDateFormat:parseToken:(Ljava/lang/String;[I)Ljava/lang/String;#741#128 prob_bp = 0.50000000000000160000
org.apache.commons.lang.time.FastDateFormat:parseToken:(Ljava/lang/String;[I)Ljava/lang/String;#723#64 prob_bp = 0.50000000000000170000
org.apache.commons.lang.time.FastDateFormat:parseToken:(Ljava/lang/String;[I)Ljava/lang/String;#724#74 prob_bp = 0.50000000000000170000
org.apache.commons.lang.time.FastDateFormat:parseToken:(Ljava/lang/String;[I)Ljava/lang/String;#736#108 prob_bp = 0.50000000000000170000
org.apache.commons.lang.time.FastDateFormat:parseToken:(Ljava/lang/String;[I)Ljava/lang/String;#712#0 prob_bp = 0.50000000000000300000
org.apache.commons.lang.time.FastDateFormat:parseToken:(Ljava/lang/String;[I)Ljava/lang/String;#760#244 prob_bp = 0.50000000000000360000
org.apache.commons.lang.time.FastDateFormat:parseToken:(Ljava/lang/String;[I)Ljava/lang/String;#718#45#unexe#4 prob_bp = 0.50000000000000370000
org.apache.commons.lang.time.FastDateFormat:selectNumberRule:(II)Lorg/apache/commons/lang/time/FastDateFormat$NumberRule;#777#52 prob_bp = 0.50000000000000520000
org.apache.commons.lang.time.FastDateFormat:parsePattern:()Ljava/util/List;#597#95 prob_bp = 0.50000000000001450000
org.apache.commons.lang.time.FastDateFormat:parseToken:(Ljava/lang/String;[I)Ljava/lang/String;#718#38#unexe#4 prob_bp = 0.50000000000001470000
org.apache.commons.lang.time.FastDateFormat:parsePattern:()Ljava/util/List;#606#118 prob_bp = 0.50000000000002160000
org.apache.commons.lang.time.FastDateFormat:parsePattern:()Ljava/util/List;#597#90 prob_bp = 0.50000000000003050000
org.apache.commons.lang.time.FastDateFormat:parsePattern:()Ljava/util/List;#600#103 prob_bp = 0.50000000000003990000
org.apache.commons.lang.time.FastDateFormat:parseToken:(Ljava/lang/String;[I)Ljava/lang/String;#718#31#unexe#4 prob_bp = 0.50000000000005810000
org.apache.commons.lang.time.FastDateFormat:parsePattern:()Ljava/util/List;#597#92 prob_bp = 0.50000000000007250000
org.apache.commons.lang.time.FastDateFormat:parsePattern:()Ljava/util/List;#606#120 prob_bp = 0.50000000000008360000
org.apache.commons.lang.time.FastDateFormat:parsePattern:()Ljava/util/List;#606#121 prob_bp = 0.50000000000008870000
org.apache.commons.lang.time.FastDateFormat:parsePattern:()Ljava/util/List;#631#588 prob_bp = 0.50000000000014600000
org.apache.commons.lang.time.FastDateFormat:parsePattern:()Ljava/util/List;#600#105 prob_bp = 0.50000000000016280000
org.apache.commons.lang.time.FastDateFormat:parseToken:(Ljava/lang/String;[I)Ljava/lang/String;#759#237 prob_bp = 0.50000000000023280000
org.apache.commons.lang.time.FastDateFormat:parseToken:(Ljava/lang/String;[I)Ljava/lang/String;#759#235 prob_bp = 0.50000000000024480000
org.apache.commons.lang.time.FastDateFormat:parsePattern:()Ljava/util/List;#600#108 prob_bp = 0.50000000000057110000
org.apache.commons.lang.time.FastDateFormat:parsePattern:()Ljava/util/List;#614#502 prob_bp = 0.50000000000059590000
org.apache.commons.lang.time.FastDateFormat$PaddedNumberField:<init>:(II)V#1262#4 prob_bp = 0.50000000000074450000
org.apache.commons.lang.time.FastDateFormat:parseToken:(Ljava/lang/String;[I)Ljava/lang/String;#759#236 prob_bp = 0.50000000000090270000
org.apache.commons.lang.time.FastDateFormat:parseToken:(Ljava/lang/String;[I)Ljava/lang/String;#759#239 prob_bp = 0.50000000000093960000
org.apache.commons.lang.time.FastDateFormat:parsePattern:()Ljava/util/List;#601#110 prob_bp = 0.50000000000171010000
org.apache.commons.lang.time.FastDateFormat:parsePattern:()Ljava/util/List;#614#504 prob_bp = 0.50000000000240770000
org.apache.commons.lang.time.FastDateFormat:getInstance:(Ljava/lang/String;Ljava/util/TimeZone;Ljava/util/Locale;)Lorg/apache/commons/lang/time/FastDateFormat;#217#33 prob_bp = 0.50000000000328700000
org.apache.commons.lang.time.FastDateFormat:getInstance:(Ljava/lang/String;Ljava/util/TimeZone;Ljava/util/Locale;)Lorg/apache/commons/lang/time/FastDateFormat;#213#3 prob_bp = 0.50000000000446910000
org.apache.commons.lang.time.FastDateFormat:<init>:(Ljava/lang/String;Ljava/util/TimeZone;Ljava/util/Locale;)V#539#0 prob_bp = 0.50000000000511950000
org.apache.commons.lang.time.FastDateFormat:<init>:(Ljava/lang/String;Ljava/util/TimeZone;Ljava/util/Locale;)V#539#1 prob_bp = 0.50000000000624670000
org.apache.commons.lang.time.FastDateFormat:parsePattern:()Ljava/util/List;#601#112 prob_bp = 0.50000000000690990000
org.apache.commons.lang.time.FastDateFormat:getInstance:(Ljava/lang/String;Ljava/util/TimeZone;Ljava/util/Locale;)Lorg/apache/commons/lang/time/FastDateFormat;#214#14 prob_bp = 0.50000000000697820000
org.apache.commons.lang.time.FastDateFormat:<clinit>:()V#111#9 prob_bp = 0.50000000000852300000
org.apache.commons.lang.time.FastDateFormat:getInstance:(Ljava/lang/String;Ljava/util/TimeZone;Ljava/util/Locale;)Lorg/apache/commons/lang/time/FastDateFormat;#214#11 prob_bp = 0.50000000000869540000
org.apache.commons.lang.time.FastDateFormat:getInstance:(Ljava/lang/String;Ljava/util/TimeZone;Ljava/util/Locale;)Lorg/apache/commons/lang/time/FastDateFormat;#214#15 prob_bp = 0.50000000000938040000
org.apache.commons.lang.time.FastDateFormat:getInstance:(Ljava/lang/String;Ljava/util/TimeZone;Ljava/util/Locale;)Lorg/apache/commons/lang/time/FastDateFormat;#217#35 prob_bp = 0.50000000001049390000
org.apache.commons.lang.time.FastDateFormat:init:()V#562#0 prob_bp = 0.50000000003951520000
org.apache.commons.lang.time.FastDateFormat:selectNumberRule:(II)Lorg/apache/commons/lang/time/FastDateFormat$NumberRule;#771#0 prob_bp = 0.50000000004297260000
org.apache.commons.lang.time.FastDateFormat$PaddedNumberField:<init>:(II)V#1262#5 prob_bp = 0.50000000004490070000
org.apache.commons.lang.time.FastDateFormat:parsePattern:()Ljava/util/List;#606#124 prob_bp = 0.50000000007660080000
org.apache.commons.lang.time.FastDateFormat$PaddedNumberField:<init>:(II)V#1262#6 prob_bp = 0.50000000011315790000
org.apache.commons.lang.time.FastDateFormat:init:()V#562#1 prob_bp = 0.50000000015638010000
org.apache.commons.lang.time.FastDateFormat:getInstance:(Ljava/lang/String;Ljava/util/TimeZone;Ljava/util/Locale;)Lorg/apache/commons/lang/time/FastDateFormat;#214#20 prob_bp = 0.50000000018184990000
org.apache.commons.lang.time.FastDateFormat:parsePattern:()Ljava/util/List;#593#64 prob_bp = 0.50000000018270060000
org.apache.commons.lang.time.FastDateFormat:parsePattern:()Ljava/util/List;#593#65 prob_bp = 0.50000000019005750000
org.apache.commons.lang.time.FastDateFormat:parsePattern:()Ljava/util/List;#593#67 prob_bp = 0.50000000021968370000
org.apache.commons.lang.time.FastDateFormat:parsePattern:()Ljava/util/List;#598#97 prob_bp = 0.50000000033895450000
org.apache.commons.lang.time.FastDateFormat:parsePattern:()Ljava/util/List;#608#126 prob_bp = 0.50000000038472530000
org.apache.commons.lang.time.FastDateFormat:parsePattern:()Ljava/util/List;#592#55 prob_bp = 0.50000000062697960000
org.apache.commons.lang.time.FastDateFormat:parsePattern:()Ljava/util/List;#598#99 prob_bp = 0.50000000078905360000
org.apache.commons.lang.time.FastDateFormat:parsePattern:()Ljava/util/List;#598#100 prob_bp = 0.50000000082093520000
org.apache.commons.lang.time.FastDateFormat:getInstance:(Ljava/lang/String;Ljava/util/TimeZone;Ljava/util/Locale;)Lorg/apache/commons/lang/time/FastDateFormat;#214#23 prob_bp = 0.50000000090592810000
org.apache.commons.lang.time.FastDateFormat:parsePattern:()Ljava/util/List;#608#128 prob_bp = 0.50000000162554850000
org.apache.commons.lang.time.FastDateFormat:parsePattern:()Ljava/util/List;#592#56 prob_bp = 0.50000000252202350000
org.apache.commons.lang.time.FastDateFormat:getInstance:(Ljava/lang/String;Ljava/util/TimeZone;Ljava/util/Locale;)Lorg/apache/commons/lang/time/FastDateFormat;#215#25 prob_bp = 0.50000000379964690000
org.apache.commons.lang.time.FastDateFormat:selectNumberRule:(II)Lorg/apache/commons/lang/time/FastDateFormat$NumberRule;#771#1 prob_bp = 0.50000000510666960000
org.apache.commons.lang.time.FastDateFormat:getInstance:(Ljava/lang/String;Ljava/util/TimeZone;Ljava/util/Locale;)Lorg/apache/commons/lang/time/FastDateFormat;#215#27 prob_bp = 0.50000001536526870000
org.apache.commons.lang.time.FastDateFormat:parsePattern:()Ljava/util/List;#598#101 prob_bp = 0.50000075622207640000
org.apache.commons.lang.time.FastDateFormat:parsePattern:()Ljava/util/List;#592#59 prob_bp = 0.50000076299092390000
org.apache.commons.lang.SerializationUtils:serialize:(Ljava/io/Serializable;Ljava/io/OutputStream;)V#111#49 prob_bp = 0.50000078725452910000
org.apache.commons.lang.SerializationUtils:serialize:(Ljava/io/Serializable;Ljava/io/OutputStream;)V#111#51 prob_bp = 0.50000081959577060000
org.apache.commons.lang.SerializationException:<init>:(Ljava/lang/Throwable;)V#65#0 prob_bp = 0.50000090084446180000
org.apache.commons.lang.SerializationException:<init>:(Ljava/lang/Throwable;)V#65#2 prob_bp = 0.50000104354281950000
org.apache.commons.lang.exception.NestableRuntimeException:<init>:(Ljava/lang/Throwable;)V#81#0 prob_bp = 0.50000133984429420000
org.apache.commons.lang.exception.NestableRuntimeException:<init>:(Ljava/lang/Throwable;)V#81#1 prob_bp = 0.50000195495150120000
org.apache.commons.lang.time.FastDateFormat:parsePattern:()Ljava/util/List;#595#958 prob_bp = 0.50000380832721670000
org.apache.commons.lang.time.FastDateFormat:parsePattern:()Ljava/util/List;#592#62 prob_bp = 0.50000382528509770000
org.apache.commons.lang.SerializationUtils:serialize:(Ljava/io/Serializable;Ljava/io/OutputStream;)V#111#46 prob_bp = 0.50000408917057780000
org.apache.commons.lang.time.FastDateFormat:parsePattern:()Ljava/util/List;#595#72 prob_bp = 0.50001614265192160000
org.apache.commons.lang.time.FastDateFormat:parsePattern:()Ljava/util/List;#595#74 prob_bp = 0.50001615646772100000
org.apache.commons.lang.time.FastDateFormat:getInstance:(Ljava/lang/String;)Lorg/apache/commons/lang/time/FastDateFormat;#167#0 prob_bp = 0.50003140056048880000
org.apache.commons.lang.time.FastDateFormat:getInstance:(Ljava/lang/String;)Lorg/apache/commons/lang/time/FastDateFormat;#167#3 prob_bp = 0.50003621188419400000
org.apache.commons.lang.time.FastDateFormat:parsePattern:()Ljava/util/List;#595#76 prob_bp = 0.50006671598151040000
org.apache.commons.lang.time.FastDateFormat:getInstance:(Ljava/lang/String;Ljava/util/TimeZone;Ljava/util/Locale;)Lorg/apache/commons/lang/time/FastDateFormat;#213#4 prob_bp = 0.50013770320187450000
org.apache.commons.lang.time.FastDateFormat:getInstance:(Ljava/lang/String;Ljava/util/TimeZone;Ljava/util/Locale;)Lorg/apache/commons/lang/time/FastDateFormat;#213#7 prob_bp = 0.50037077578988220000
org.apache.commons.lang.time.FastDateFormat:<init>:(Ljava/lang/String;Ljava/util/TimeZone;Ljava/util/Locale;)V#540#4 prob_bp = 0.50130630176583450000
org.apache.commons.lang.exception.NestableRuntimeException:getMessage:()Ljava/lang/String;#115#16 prob_bp = 0.50171587754089900000
org.apache.commons.lang.time.FastDateFormat:<init>:(Ljava/lang/String;Ljava/util/TimeZone;Ljava/util/Locale;)V#540#5 prob_bp = 0.50504164309288310000
org.apache.commons.lang.exception.NestableRuntimeException:getMessage:()Ljava/lang/String;#113#4 prob_bp = 0.63355336210400650000
org.apache.commons.lang.SerializationUtils:serialize:(Ljava/io/Serializable;)[B#132#0 prob_bp = 0.73294880292635700000
org.apache.commons.lang.SerializationUtils:serialize:(Ljava/io/Serializable;)[B#132#10 prob_bp = 0.73549188151457890000
org.apache.commons.lang.SerializationUtils:serialize:(Ljava/io/Serializable;)[B#133#12 prob_bp = 0.73921506241787790000
org.apache.commons.lang.SerializationUtils:serialize:(Ljava/io/Serializable;)[B#133#13 prob_bp = 0.74462886102449850000
org.apache.commons.lang.exception.NestableRuntimeException:getMessage:()Ljava/lang/String;#113#0 prob_bp = 0.93273545401254550000
org.apache.commons.lang.exception.NestableRuntimeException:getMessage:()Ljava/lang/String;#113#1 prob_bp = 0.94139271452824210000
org.apache.commons.lang.SerializationUtils:serialize:(Ljava/io/Serializable;Ljava/io/OutputStream;)V#101#0 prob_bp = 0.98476244618094080000
org.apache.commons.lang.SerializationUtils:serialize:(Ljava/io/Serializable;Ljava/io/OutputStream;)V#101#1 prob_bp = 0.98595481661672530000
org.apache.commons.lang.time.FastDateFormatTest:testLang303:()V#287#0 prob_bp = 1.00000000000000000000
org.apache.commons.lang.time.FastDateFormatTest:testLang303:()V#287#2 prob_bp = 1.00000000000000000000
org.apache.commons.lang.time.FastDateFormatTest:testLang303:()V#287#5 prob_bp = 1.00000000000000000000
org.apache.commons.lang.time.FastDateFormatTest:testLang303:()V#288#6 prob_bp = 1.00000000000000000000
org.apache.commons.lang.time.FastDateFormatTest:testLang303:()V#288#7 prob_bp = 1.00000000000000000000
Belief propagation time : 13.005000s
