Belief propagation time: 42

Probabilities: 
Vars:21153
Stmts:5290
org.apache.commons.math.complex.Complex:multiply:(Lorg/apache/commons/math/complex/Complex;)Lorg/apache/commons/math/complex/Complex;#358#18 prob_bp = 0.50000000114292450000
org.apache.commons.math.complex.Complex:multiply:(Lorg/apache/commons/math/complex/Complex;)Lorg/apache/commons/math/complex/Complex;#358#19 prob_bp = 0.50000000132381740000
org.apache.commons.math.complex.Complex:multiply:(Lorg/apache/commons/math/complex/Complex;)Lorg/apache/commons/math/complex/Complex;#358#22 prob_bp = 0.50000000654181580000
org.apache.commons.math.complex.Complex:multiply:(Lorg/apache/commons/math/complex/Complex;)Lorg/apache/commons/math/complex/Complex;#355#0 prob_bp = 0.50000001677243030000
org.apache.commons.math.complex.Complex:multiply:(Lorg/apache/commons/math/complex/Complex;)Lorg/apache/commons/math/complex/Complex;#355#1 prob_bp = 0.50000002155206250000
org.apache.commons.math.complex.Complex:multiply:(Lorg/apache/commons/math/complex/Complex;)Lorg/apache/commons/math/complex/Complex;#358#25 prob_bp = 0.50000002702750270000
org.apache.commons.math.complex.Complex:multiply:(Lorg/apache/commons/math/complex/Complex;)Lorg/apache/commons/math/complex/Complex;#355#7 prob_bp = 0.50000038309240070000
org.apache.commons.math.complex.Complex:multiply:(Lorg/apache/commons/math/complex/Complex;)Lorg/apache/commons/math/complex/Complex;#355#8 prob_bp = 0.50000048579619790000
org.apache.commons.math.complex.Complex:multiply:(Lorg/apache/commons/math/complex/Complex;)Lorg/apache/commons/math/complex/Complex;#358#28 prob_bp = 0.50000077410377570000
org.apache.commons.math.complex.Complex:multiply:(Lorg/apache/commons/math/complex/Complex;)Lorg/apache/commons/math/complex/Complex;#358#29 prob_bp = 0.50000094944858290000
org.apache.commons.math.complex.Complex:isNaN:()Z#310#0 prob_bp = 0.50000143171854690000
org.apache.commons.math.complex.Complex:isNaN:()Z#310#1 prob_bp = 0.50000154683824360000
org.apache.commons.math.complex.Complex:multiply:(Lorg/apache/commons/math/complex/Complex;)Lorg/apache/commons/math/complex/Complex;#358#32 prob_bp = 0.50000167400889480000
org.apache.commons.math.complex.Complex:isNaN:()Z#310#4 prob_bp = 0.50000336590936370000
org.apache.commons.math.complex.Complex:multiply:(Lorg/apache/commons/math/complex/Complex;)Lorg/apache/commons/math/complex/Complex;#358#38 prob_bp = 0.50000456498567150000
org.apache.commons.math.complex.Complex:multiply:(Lorg/apache/commons/math/complex/Complex;)Lorg/apache/commons/math/complex/Complex;#358#35 prob_bp = 0.50000459171272700000
org.apache.commons.math.complex.Complex:multiply:(Lorg/apache/commons/math/complex/Complex;)Lorg/apache/commons/math/complex/Complex;#358#39 prob_bp = 0.50000478020881760000
org.apache.commons.math.complex.Complex:isNaN:()Z#310#7 prob_bp = 0.50000737397986410000
org.apache.commons.math.complex.Complex:multiply:(Lorg/apache/commons/math/complex/Complex;)Lorg/apache/commons/math/complex/Complex;#358#42 prob_bp = 0.50001498592562050000
org.apache.commons.math.complex.Complex:multiply:(Lorg/apache/commons/math/complex/Complex;)Lorg/apache/commons/math/complex/Complex;#358#45 prob_bp = 0.50005600246980190000
org.apache.commons.math.complex.Complex:isNaN:()Z#310#10 prob_bp = 0.50008717944216000000
org.apache.commons.math.complex.Complex:isNaN:()Z#310#11 prob_bp = 0.50010360752913100000
org.apache.commons.math.complex.Complex:isNaN:()Z#310#14 prob_bp = 0.50019237662484950000
org.apache.commons.math.complex.Complex:isNaN:()Z#310#17 prob_bp = 0.50054806214733250000
org.apache.commons.math.complex.Complex:multiply:(Lorg/apache/commons/math/complex/Complex;)Lorg/apache/commons/math/complex/Complex;#355#4 prob_bp = 0.50057045855588330000
org.apache.commons.math.complex.Complex:multiply:(Lorg/apache/commons/math/complex/Complex;)Lorg/apache/commons/math/complex/Complex;#358#48 prob_bp = 0.50172599592196890000
org.apache.commons.math.complex.Complex:multiply:(Lorg/apache/commons/math/complex/Complex;)Lorg/apache/commons/math/complex/Complex;#358#49 prob_bp = 0.50180575498218560000
org.apache.commons.math.complex.Complex:<init>:(DD)V#77#4 prob_bp = 0.50216051534892910000
org.apache.commons.math.complex.Complex:<init>:(DD)V#77#5 prob_bp = 0.50216052540600100000
org.apache.commons.math.complex.Complex:<init>:(DD)V#77#6 prob_bp = 0.50220411060203770000
org.apache.commons.math.complex.Complex:multiply:(Lorg/apache/commons/math/complex/Complex;)Lorg/apache/commons/math/complex/Complex;#358#52 prob_bp = 0.50336620099113270000
org.apache.commons.math.complex.Complex:multiply:(Lorg/apache/commons/math/complex/Complex;)Lorg/apache/commons/math/complex/Complex;#358#55 prob_bp = 0.50950716418376140000
org.apache.commons.math.complex.Complex:multiply:(Lorg/apache/commons/math/complex/Complex;)Lorg/apache/commons/math/complex/Complex;#355#11 prob_bp = 0.51178937029842850000
org.apache.commons.math.complex.Complex:isNaN:()Z#310#24 prob_bp = 0.61113276578609930000
org.apache.commons.math.complex.Complex:isNaN:()Z#310#25 prob_bp = 0.62123370785168690000
org.apache.commons.math.complex.Complex:multiply:(Lorg/apache/commons/math/complex/Complex;)Lorg/apache/commons/math/complex/Complex;#363#104 prob_bp = 0.99999997368870240000
org.apache.commons.math.complex.Complex:<init>:(DD)V#78#10 prob_bp = 0.99999999995451670000
org.apache.commons.math.complex.Complex:<init>:(DD)V#78#9 prob_bp = 0.99999999999456280000
org.apache.commons.math.complex.Complex:<init>:(DD)V#78#11 prob_bp = 0.99999999999908620000
org.apache.commons.math.complex.ComplexTest:testMath221:()V#696#0 prob_bp = 1.00000000000000000000
org.apache.commons.math.complex.ComplexTest:testMath221:()V#696#11 prob_bp = 1.00000000000000000000
org.apache.commons.math.complex.ComplexTest:testMath221:()V#696#14 prob_bp = 1.00000000000000000000
org.apache.commons.math.complex.ComplexTest:testMath221:()V#696#15 prob_bp = 1.00000000000000000000
org.apache.commons.math.complex.ComplexTest:testMath221:()V#696#16 prob_bp = 1.00000000000000000000
org.apache.commons.math.complex.ComplexTest:testMath221:()V#696#17 prob_bp = 1.00000000000000000000
org.apache.commons.math.complex.ComplexTest:testMath221:()V#696#20 prob_bp = 1.00000000000000000000
org.apache.commons.math.complex.ComplexTest:testMath221:()V#696#23 prob_bp = 1.00000000000000000000
org.apache.commons.math.complex.ComplexTest:testMath221:()V#696#24 prob_bp = 1.00000000000000000000
org.apache.commons.math.complex.ComplexTest:testMath221:()V#696#27 prob_bp = 1.00000000000000000000
org.apache.commons.math.complex.ComplexTest:testMath221:()V#696#28 prob_bp = 1.00000000000000000000
org.apache.commons.math.complex.ComplexTest:testMath221:()V#696#31 prob_bp = 1.00000000000000000000
org.apache.commons.math.complex.Complex:createComplex:(DD)Lorg/apache/commons/math/complex/Complex;#872#0 prob_bp = 1.00000000000000000000
org.apache.commons.math.complex.Complex:createComplex:(DD)Lorg/apache/commons/math/complex/Complex;#872#9 prob_bp = 1.00000000000000000000
org.apache.commons.math.complex.ComplexTest:testMath221:()V#696#34 prob_bp = 1.00000000000000000000
Belief propagation time : 7.556000s
