Belief propagation time: 37

Probabilities: 
Vars:17127
Stmts:3472
org.jfree.data.KeyedObjects:getObject:(Ljava/lang/Comparable;)Ljava/lang/Object;#171#41 prob_bp = 0.44212308547586815000
org.jfree.data.KeyedObjects:removeValue:(Ljava/lang/Comparable;)V#268#44 prob_bp = 0.44212834853008065000
org.jfree.data.KeyedObjects:getObject:(Ljava/lang/Comparable;)Ljava/lang/Object;#171#10 prob_bp = 0.44478244012845470000
org.jfree.data.KeyedObjects:removeValue:(Ljava/lang/Comparable;)V#268#10 prob_bp = 0.44478755019171400000
org.jfree.data.KeyedObjects2D:removeRow:(Ljava/lang/Comparable;)V#345#8 prob_bp = 0.49543460924899780000
org.jfree.data.KeyedObjects2D:removeRow:(Ljava/lang/Comparable;)V#345#6 prob_bp = 0.49668854067312684000
org.jfree.data.KeyedObjects2D:getColumnCount:()I#99#9 prob_bp = 0.49951367434049215000
org.jfree.data.KeyedObjects:removeValue:(Ljava/lang/Comparable;)V#267#7 prob_bp = 0.49954285199017970000
org.jfree.data.KeyedObjects:removeValue:(Ljava/lang/Comparable;)V#267#6 prob_bp = 0.49981127784466345000
org.jfree.data.KeyedObjects2D:getColumnCount:()I#99#4 prob_bp = 0.49982368126226940000
org.jfree.data.KeyedObjects2D:removeRow:(Ljava/lang/Comparable;)V#345#7 prob_bp = 0.49984408515618090000
org.jfree.data.KeyedObjects:removeValue:(Ljava/lang/Comparable;)V#266#5 prob_bp = 0.49987779245670440000
org.jfree.data.KeyedObjects2D:getColumnCount:()I#99#1 prob_bp = 0.49989994049836250000
org.jfree.data.KeyedObjects2D:getColumnCount:()I#99#0 prob_bp = 0.49991361398196440000
org.jfree.data.KeyedObjects2D:removeRow:(Ljava/lang/Comparable;)V#344#5 prob_bp = 0.49996472561793287000
org.jfree.data.KeyedObjects2D:getRowIndex:(Ljava/lang/Comparable;)I#150#10 prob_bp = 0.49999323147375940000
org.jfree.data.KeyedObjects2D:getRowIndex:(Ljava/lang/Comparable;)I#150#5 prob_bp = 0.49999996663609140000
org.jfree.data.KeyedObjects2D:getRowIndex:(Ljava/lang/Comparable;)I#150#4 prob_bp = 0.49999998741033310000
org.jfree.data.KeyedObjects2D:removeRow:(Ljava/lang/Comparable;)V#344#2 prob_bp = 0.49999999053077715000
org.jfree.data.KeyedObjects2D:getRowIndex:(Ljava/lang/Comparable;)I#150#1 prob_bp = 0.49999999219294520000
org.jfree.data.KeyedObjects2D:removeRow:(Ljava/lang/Comparable;)V#344#1 prob_bp = 0.49999999347833720000
org.jfree.data.KeyedObjects2D:getRowIndex:(Ljava/lang/Comparable;)I#150#0 prob_bp = 0.49999999706177100000
org.jfree.data.KeyedObjects2D:removeRow:(Ljava/lang/Comparable;)V#344#0 prob_bp = 0.49999999848391935000
org.jfree.data.KeyedObjects2D:setObject:(Ljava/lang/Object;Ljava/lang/Comparable;Ljava/lang/Comparable;)V#278#100 prob_bp = 0.49999999982804630000
org.jfree.data.KeyedObjects2D:setObject:(Ljava/lang/Object;Ljava/lang/Comparable;Ljava/lang/Comparable;)V#278#98 prob_bp = 0.49999999992836260000
org.jfree.data.KeyedObjects2D:removeObject:(Ljava/lang/Comparable;Ljava/lang/Comparable;)V#297#4 prob_bp = 0.49999999993287090000
org.jfree.data.KeyedObjects2D:removeObject:(Ljava/lang/Comparable;Ljava/lang/Comparable;)V#297#3 prob_bp = 0.49999999994185050000
org.jfree.data.KeyedObjects2D:removeColumn:(Ljava/lang/Comparable;)V#378#75 prob_bp = 0.49999999999968090000
org.jfree.data.KeyedObjects2D:removeColumn:(Ljava/lang/Comparable;)V#378#74 prob_bp = 0.49999999999972744000
org.jfree.data.KeyedObjects2D:getObject:(Ljava/lang/Comparable;Ljava/lang/Comparable;)Ljava/lang/Object;#233#146 prob_bp = 0.49999999999995015000
org.jfree.data.KeyedObjects2D:getObject:(Ljava/lang/Comparable;Ljava/lang/Comparable;)Ljava/lang/Object;#233#145 prob_bp = 0.49999999999995780000
org.jfree.data.KeyedObjects2D:removeObject:(Ljava/lang/Comparable;Ljava/lang/Comparable;)V#297#2 prob_bp = 0.49999999999997424000
org.jfree.data.KeyedObjects2D:removeColumn:(Ljava/lang/Comparable;)V#376#58 prob_bp = 0.49999999999998400000
org.jfree.data.KeyedObjects2D:getObject:(Ljava/lang/Comparable;Ljava/lang/Comparable;)Ljava/lang/Object;#231#125 prob_bp = 0.49999999999998930000
org.jfree.data.KeyedObjects2D:removeColumn:(Ljava/lang/Comparable;)V#376#53 prob_bp = 0.49999999999999690000
org.jfree.data.KeyedObjects2D:getObject:(Ljava/lang/Comparable;Ljava/lang/Comparable;)Ljava/lang/Object;#231#124 prob_bp = 0.49999999999999745000
org.jfree.data.KeyedObjects2D:removeColumn:(Ljava/lang/Comparable;)V#376#52 prob_bp = 0.49999999999999920000
org.jfree.data.KeyedObjects2D:getObject:(Ljava/lang/Comparable;Ljava/lang/Comparable;)Ljava/lang/Object;#221#38 prob_bp = 0.49999999999999944000
org.jfree.data.KeyedObjects2D:removeColumn:(Ljava/lang/Comparable;)V#378#72 prob_bp = 0.49999999999999967000
org.jfree.data.KeyedObjects2D:removeColumn:(I)V#357#8 prob_bp = 0.49999999999999967000
org.jfree.data.KeyedObjects2D:removeColumn:(Ljava/lang/Comparable;)V#375#51 prob_bp = 0.49999999999999980000
org.jfree.data.KeyedObjects2D:getObject:(Ljava/lang/Comparable;Ljava/lang/Comparable;)Ljava/lang/Object;#233#143 prob_bp = 0.49999999999999980000
org.jfree.data.KeyedObjects2D:removeColumn:(Ljava/lang/Comparable;)V#375#43 prob_bp = 0.49999999999999990000
org.jfree.data.KeyedObjects2D:removeColumn:(Ljava/lang/Comparable;)V#375#46 prob_bp = 0.49999999999999990000
org.jfree.data.KeyedObjects2D:removeColumn:(Ljava/lang/Comparable;)V#377#67 prob_bp = 0.49999999999999990000
org.jfree.data.KeyedObjects2D:setObject:(Ljava/lang/Object;Ljava/lang/Comparable;Ljava/lang/Comparable;)V#269#32 prob_bp = 0.49999999999999994000
org.jfree.data.KeyedObjects2D:setObject:(Ljava/lang/Object;Ljava/lang/Comparable;Ljava/lang/Comparable;)V#269#33 prob_bp = 0.49999999999999994000
org.jfree.data.KeyedObjects2D:removeColumn:(Ljava/lang/Comparable;)V#370#0 prob_bp = 0.49999999999999994000
org.jfree.data.KeyedObjects2D:removeColumn:(Ljava/lang/Comparable;)V#371#7 prob_bp = 0.49999999999999994000
org.jfree.data.KeyedObjects2D:removeColumn:(Ljava/lang/Comparable;)V#375#42 prob_bp = 0.49999999999999994000
org.jfree.data.KeyedObjects2D:getColumnKey:(I)Ljava/lang/Comparable;#174#0 prob_bp = 0.49999999999999994000
org.jfree.data.KeyedObjects2D:getColumnKey:(I)Ljava/lang/Comparable;#174#4 prob_bp = 0.49999999999999994000
org.jfree.data.KeyedObjects2D:getObject:(Ljava/lang/Comparable;Ljava/lang/Comparable;)Ljava/lang/Object;#215#1 prob_bp = 0.49999999999999994000
org.jfree.data.KeyedObjects2D:getObject:(Ljava/lang/Comparable;Ljava/lang/Comparable;)Ljava/lang/Object;#222#39 prob_bp = 0.49999999999999994000
org.jfree.data.KeyedObjects2D:getObject:(Ljava/lang/Comparable;Ljava/lang/Comparable;)Ljava/lang/Object;#222#40 prob_bp = 0.49999999999999994000
org.jfree.data.KeyedObjects2D:getObject:(Ljava/lang/Comparable;Ljava/lang/Comparable;)Ljava/lang/Object;#226#76 prob_bp = 0.49999999999999994000
org.jfree.data.KeyedObjects2D:getObject:(Ljava/lang/Comparable;Ljava/lang/Comparable;)Ljava/lang/Object;#226#80 prob_bp = 0.49999999999999994000
org.jfree.data.KeyedObjects2D:getObject:(Ljava/lang/Comparable;Ljava/lang/Comparable;)Ljava/lang/Object;#226#85 prob_bp = 0.49999999999999994000
org.jfree.data.KeyedObjects2D:setObject:(Ljava/lang/Object;Ljava/lang/Comparable;Ljava/lang/Comparable;)V#269#38 prob_bp = 0.50000000000000000000
org.jfree.data.KeyedObjects2D:removeColumn:(Ljava/lang/Comparable;)V#370#1 prob_bp = 0.50000000000000000000
org.jfree.data.KeyedObjects2D:removeColumn:(Ljava/lang/Comparable;)V#370#2 prob_bp = 0.50000000000000000000
org.jfree.data.KeyedObjects2D:getColumnIndex:(Ljava/lang/Comparable;)I#187#0 prob_bp = 0.50000000000000000000
org.jfree.data.KeyedObjects2D:getColumnIndex:(Ljava/lang/Comparable;)I#187#1 prob_bp = 0.50000000000000000000
org.jfree.data.KeyedObjects2D:getColumnIndex:(Ljava/lang/Comparable;)I#187#4 prob_bp = 0.50000000000000000000
org.jfree.data.KeyedObjects2D:getColumnIndex:(Ljava/lang/Comparable;)I#187#10 prob_bp = 0.50000000000000000000
org.jfree.data.KeyedObjects2D:removeColumn:(Ljava/lang/Comparable;)V#370#5 prob_bp = 0.50000000000000000000
org.jfree.data.KeyedObjects2D:removeColumn:(Ljava/lang/Comparable;)V#371#6 prob_bp = 0.50000000000000000000
org.jfree.data.KeyedObjects2D:removeColumn:(Ljava/lang/Comparable;)V#377#61 prob_bp = 0.50000000000000000000
org.jfree.data.KeyedObjects2D:removeColumn:(Ljava/lang/Comparable;)V#377#62 prob_bp = 0.50000000000000000000
org.jfree.data.KeyedObjects2D:removeColumn:(Ljava/lang/Comparable;)V#377#70 prob_bp = 0.50000000000000000000
org.jfree.data.KeyedObjects2D:removeColumn:(I)V#356#0 prob_bp = 0.50000000000000000000
org.jfree.data.KeyedObjects2D:removeColumn:(I)V#356#1 prob_bp = 0.50000000000000000000
org.jfree.data.KeyedObjects2D:removeColumn:(I)V#356#2 prob_bp = 0.50000000000000000000
org.jfree.data.KeyedObjects2D:getColumnKey:(I)Ljava/lang/Comparable;#174#1 prob_bp = 0.50000000000000000000
org.jfree.data.KeyedObjects2D:getColumnKey:(I)Ljava/lang/Comparable;#174#5 prob_bp = 0.50000000000000000000
org.jfree.data.KeyedObjects2D:getColumnKey:(I)Ljava/lang/Comparable;#174#10 prob_bp = 0.50000000000000000000
org.jfree.data.KeyedObjects2D:getColumnKey:(I)Ljava/lang/Comparable;#174#13 prob_bp = 0.50000000000000000000
org.jfree.data.KeyedObjects2D:removeColumn:(I)V#356#5 prob_bp = 0.50000000000000000000
org.jfree.data.KeyedObjects2D:removeColumn:(I)V#357#6 prob_bp = 0.50000000000000000000
org.jfree.data.KeyedObjects2D:removeColumn:(I)V#357#7 prob_bp = 0.50000000000000000000
org.jfree.data.KeyedObjects2D:setObject:(Ljava/lang/Object;Ljava/lang/Comparable;Ljava/lang/Comparable;)V#271#45 prob_bp = 0.50000000000000000000
org.jfree.data.KeyedObjects2D:setObject:(Ljava/lang/Object;Ljava/lang/Comparable;Ljava/lang/Comparable;)V#271#46 prob_bp = 0.50000000000000000000
org.jfree.data.KeyedObjects2D:setObject:(Ljava/lang/Object;Ljava/lang/Comparable;Ljava/lang/Comparable;)V#271#49 prob_bp = 0.50000000000000000000
org.jfree.data.KeyedObjects2D:setObject:(Ljava/lang/Object;Ljava/lang/Comparable;Ljava/lang/Comparable;)V#271#51 prob_bp = 0.50000000000000000000
org.jfree.data.KeyedObjects2D:getObject:(Ljava/lang/Comparable;Ljava/lang/Comparable;)Ljava/lang/Object;#215#0 prob_bp = 0.50000000000000000000
org.jfree.data.KeyedObjects2D:getObject:(Ljava/lang/Comparable;Ljava/lang/Comparable;)Ljava/lang/Object;#218#14 prob_bp = 0.50000000000000000000
org.jfree.data.KeyedObjects2D:getObject:(Ljava/lang/Comparable;Ljava/lang/Comparable;)Ljava/lang/Object;#218#15 prob_bp = 0.50000000000000000000
org.jfree.data.KeyedObjects2D:getObject:(Ljava/lang/Comparable;Ljava/lang/Comparable;)Ljava/lang/Object;#221#28 prob_bp = 0.50000000000000000000
org.jfree.data.KeyedObjects2D:getObject:(Ljava/lang/Comparable;Ljava/lang/Comparable;)Ljava/lang/Object;#221#29 prob_bp = 0.50000000000000000000
org.jfree.data.KeyedObjects2D:getObject:(Ljava/lang/Comparable;Ljava/lang/Comparable;)Ljava/lang/Object;#221#32 prob_bp = 0.50000000000000000000
org.jfree.data.KeyedObjects2D:getObject:(Ljava/lang/Comparable;Ljava/lang/Comparable;)Ljava/lang/Object;#226#75 prob_bp = 0.50000000000000000000
org.jfree.data.KeyedObjects2D:getObject:(Ljava/lang/Comparable;Ljava/lang/Comparable;)Ljava/lang/Object;#227#87 prob_bp = 0.50000000000000000000
org.jfree.data.KeyedObjects2D:getObject:(Ljava/lang/Comparable;Ljava/lang/Comparable;)Ljava/lang/Object;#227#89 prob_bp = 0.50000000000000000000
org.jfree.data.KeyedObjects2D:getObject:(Ljava/lang/Comparable;Ljava/lang/Comparable;)Ljava/lang/Object;#232#129 prob_bp = 0.50000000000000000000
org.jfree.data.KeyedObjects2D:getObject:(Ljava/lang/Comparable;Ljava/lang/Comparable;)Ljava/lang/Object;#232#132 prob_bp = 0.50000000000000000000
org.jfree.data.KeyedObjects2D:getObject:(Ljava/lang/Comparable;Ljava/lang/Comparable;)Ljava/lang/Object;#232#138 prob_bp = 0.50000000000000000000
org.jfree.data.KeyedObjects2D:getObject:(Ljava/lang/Comparable;Ljava/lang/Comparable;)Ljava/lang/Object;#232#141 prob_bp = 0.50000000000000000000
org.jfree.data.KeyedObjects2D:setObject:(Ljava/lang/Object;Ljava/lang/Comparable;Ljava/lang/Comparable;)V#269#28 prob_bp = 0.50000000000000010000
org.jfree.data.KeyedObjects2D:setObject:(Ljava/lang/Object;Ljava/lang/Comparable;Ljava/lang/Comparable;)V#270#40 prob_bp = 0.50000000000000010000
org.jfree.data.KeyedObjects2D:getColumnIndex:(Ljava/lang/Comparable;)I#187#5 prob_bp = 0.50000000000000010000
org.jfree.data.KeyedObjects2D:removeObject:(Ljava/lang/Comparable;Ljava/lang/Comparable;)V#297#0 prob_bp = 0.50000000000000010000
org.jfree.data.KeyedObjects2D:getObject:(Ljava/lang/Comparable;Ljava/lang/Comparable;)Ljava/lang/Object;#221#33 prob_bp = 0.50000000000000010000
org.jfree.data.KeyedObjects2D:getObject:(Ljava/lang/Comparable;Ljava/lang/Comparable;)Ljava/lang/Object;#226#79 prob_bp = 0.50000000000000010000
org.jfree.data.KeyedObjects2D:getObject:(Ljava/lang/Comparable;Ljava/lang/Comparable;)Ljava/lang/Object;#232#128 prob_bp = 0.50000000000000010000
org.jfree.data.KeyedObjects2D:getObject:(Ljava/lang/Comparable;Ljava/lang/Comparable;)Ljava/lang/Object;#232#133 prob_bp = 0.50000000000000010000
org.jfree.data.KeyedObjects2D:setObject:(Ljava/lang/Object;Ljava/lang/Comparable;Ljava/lang/Comparable;)V#269#29 prob_bp = 0.50000000000000020000
org.jfree.data.KeyedObjects2D:getObject:(II)Ljava/lang/Object;#120#56 prob_bp = 0.50000000000000030000
org.jfree.data.KeyedObjects2D:setObject:(Ljava/lang/Object;Ljava/lang/Comparable;Ljava/lang/Comparable;)V#270#42 prob_bp = 0.50000000000000060000
org.jfree.data.KeyedObjects2D:setObject:(Ljava/lang/Object;Ljava/lang/Comparable;Ljava/lang/Comparable;)V#271#56 prob_bp = 0.50000000000000090000
org.jfree.data.KeyedObjects2D:setObject:(Ljava/lang/Object;Ljava/lang/Comparable;Ljava/lang/Comparable;)V#275#78 prob_bp = 0.50000000000000110000
org.jfree.data.KeyedObjects2D:setObject:(Ljava/lang/Object;Ljava/lang/Comparable;Ljava/lang/Comparable;)V#275#79 prob_bp = 0.50000000000000120000
org.jfree.data.KeyedObjects2D:setObject:(Ljava/lang/Object;Ljava/lang/Comparable;Ljava/lang/Comparable;)V#276#84 prob_bp = 0.50000000000000170000
org.jfree.data.KeyedObjects2D:setObject:(Ljava/lang/Object;Ljava/lang/Comparable;Ljava/lang/Comparable;)V#276#85 prob_bp = 0.50000000000000370000
org.jfree.data.KeyedObjects2D:setObject:(Ljava/lang/Object;Ljava/lang/Comparable;Ljava/lang/Comparable;)V#271#59 prob_bp = 0.50000000000000420000
org.jfree.data.KeyedObjects2D:getObject:(II)Ljava/lang/Object;#117#37 prob_bp = 0.50000000000000560000
org.jfree.data.KeyedObjects2D:setObject:(Ljava/lang/Object;Ljava/lang/Comparable;Ljava/lang/Comparable;)V#276#88 prob_bp = 0.50000000000000890000
org.jfree.data.KeyedObjects2D:getObject:(II)Ljava/lang/Object;#118#42 prob_bp = 0.50000000000001080000
org.jfree.data.KeyedObjects2D:setObject:(Ljava/lang/Object;Ljava/lang/Comparable;Ljava/lang/Comparable;)V#276#90 prob_bp = 0.50000000000001450000
org.jfree.data.KeyedObjects2D:getObject:(II)Ljava/lang/Object;#117#39 prob_bp = 0.50000000000002220000
org.jfree.data.KeyedObjects2D:setObject:(Ljava/lang/Object;Ljava/lang/Comparable;Ljava/lang/Comparable;)V#275#75 prob_bp = 0.50000000000003300000
org.jfree.data.KeyedObjects2D:setObject:(Ljava/lang/Object;Ljava/lang/Comparable;Ljava/lang/Comparable;)V#275#82 prob_bp = 0.50000000000003350000
org.jfree.data.KeyedObjects2D:setObject:(Ljava/lang/Object;Ljava/lang/Comparable;Ljava/lang/Comparable;)V#270#42#unexe#4 prob_bp = 0.50000000000004730000
org.jfree.data.KeyedObjects2D:getObject:(II)Ljava/lang/Object;#118#44 prob_bp = 0.50000000000009180000
org.jfree.data.KeyedObjects2D:addObject:(Ljava/lang/Object;Ljava/lang/Comparable;Ljava/lang/Comparable;)V#249#2 prob_bp = 0.50000000000009290000
org.jfree.data.KeyedObjects2D:setObject:(Ljava/lang/Object;Ljava/lang/Comparable;Ljava/lang/Comparable;)V#278#96 prob_bp = 0.50000000000011720000
org.jfree.data.KeyedObjects2D:setObject:(Ljava/lang/Object;Ljava/lang/Comparable;Ljava/lang/Comparable;)V#262#0 prob_bp = 0.50000000000011980000
org.jfree.data.KeyedObjects2D:setObject:(Ljava/lang/Object;Ljava/lang/Comparable;Ljava/lang/Comparable;)V#262#1 prob_bp = 0.50000000000028810000
org.jfree.data.KeyedObjects2D:getObject:(II)Ljava/lang/Object;#118#46 prob_bp = 0.50000000000041180000
org.jfree.data.KeyedObjects:removeValue:(Ljava/lang/Comparable;)V#266#0 prob_bp = 0.50000000000047070000
org.jfree.data.KeyedObjects2D:getObject:(II)Ljava/lang/Object;#116#32 prob_bp = 0.50000000001245560000
org.jfree.data.KeyedObjects:getIndex:(Ljava/lang/Comparable;)I#134#41 prob_bp = 0.50000000001510490000
org.jfree.data.KeyedObjects2D:setObject:(Ljava/lang/Object;Ljava/lang/Comparable;Ljava/lang/Comparable;)V#265#14 prob_bp = 0.50000000001976790000
org.jfree.data.KeyedObjects:<init>:()V#67#0 prob_bp = 0.50000000003128440000
org.jfree.data.KeyedObjects:<init>:()V#67#1 prob_bp = 0.50000000003191990000
org.jfree.data.KeyedObjects:getObject:(Ljava/lang/Comparable;)Ljava/lang/Object;#169#0 prob_bp = 0.50000000004377610000
org.jfree.data.KeyedObjects2D:setObject:(Ljava/lang/Object;Ljava/lang/Comparable;Ljava/lang/Comparable;)V#265#15 prob_bp = 0.50000000004754990000
org.jfree.data.KeyedObjects2D:getObject:(II)Ljava/lang/Object;#116#35 prob_bp = 0.50000000004857850000
org.jfree.data.KeyedObjects2D:getObject:(II)Ljava/lang/Object;#118#49 prob_bp = 0.50000000007040270000
org.jfree.data.KeyedObjects:getIndex:(Ljava/lang/Comparable;)I#134#44 prob_bp = 0.50000000007562560000
org.jfree.data.KeyedObjects2D:getObject:(II)Ljava/lang/Object;#120#58 prob_bp = 0.50000000019393900000
org.jfree.data.KeyedObjects2D:getObject:(II)Ljava/lang/Object;#119#51 prob_bp = 0.50000000023682180000
org.jfree.data.KeyedObjects:getIndex:(Ljava/lang/Comparable;)I#135#46 prob_bp = 0.50000000031892810000
org.jfree.data.KeyedObjects2D:getObject:(II)Ljava/lang/Object;#120#60 prob_bp = 0.50000000077936890000
org.jfree.data.KeyedObjects2D:getObject:(II)Ljava/lang/Object;#119#53 prob_bp = 0.50000000090752840000
org.jfree.data.KeyedObjects:getIndex:(Ljava/lang/Comparable;)I#135#48 prob_bp = 0.50000000129704670000
org.jfree.data.KeyedObjects:setObject:(Ljava/lang/Comparable;Ljava/lang/Object;)V#201#0 prob_bp = 0.50000000337641300000
org.jfree.data.KeyedObject:getKey:()Ljava/lang/Comparable;#85#0 prob_bp = 0.50000000522925840000
org.jfree.data.KeyedObjects:getIndex:(Ljava/lang/Comparable;)I#134#35 prob_bp = 0.50000001015735930000
org.jfree.data.KeyedObjects:getIndex:(Ljava/lang/Comparable;)I#132#16 prob_bp = 0.50000001120565830000
org.jfree.data.KeyedObject:getKey:()Ljava/lang/Comparable;#85#1 prob_bp = 0.50000002103746370000
org.jfree.data.KeyedObjects:getIndex:(Ljava/lang/Comparable;)I#132#17 prob_bp = 0.50000003554304340000
org.jfree.data.KeyedObjects:getObject:(Ljava/lang/Comparable;)Ljava/lang/Object;#169#1 prob_bp = 0.50000003673664930000
org.jfree.data.KeyedObjects:getIndex:(Ljava/lang/Comparable;)I#134#36 prob_bp = 0.50000004096616100000
org.jfree.data.KeyedObjects:getObject:(Ljava/lang/Comparable;)Ljava/lang/Object;#169#2 prob_bp = 0.50000005150062070000
org.jfree.data.KeyedObjects:getIndex:(Ljava/lang/Comparable;)I#132#20 prob_bp = 0.50000016304155180000
org.jfree.data.KeyedObjects:getIndex:(Ljava/lang/Comparable;)I#132#25 prob_bp = 0.50000067627967030000
org.jfree.data.KeyedObjects:getIndex:(Ljava/lang/Comparable;)I#133#26 prob_bp = 0.50000273213933940000
org.jfree.data.KeyedObject:getKey:()Ljava/lang/Comparable;#85#4 prob_bp = 0.50000626181217930000
org.jfree.data.KeyedObjects:getIndex:(Ljava/lang/Comparable;)I#133#27 prob_bp = 0.50001100972338710000
org.jfree.data.KeyedObjects:getIndex:(Ljava/lang/Comparable;)I#135#51 prob_bp = 0.50002718228202560000
org.jfree.data.KeyedObjects:getIndex:(Ljava/lang/Comparable;)I#135#52 prob_bp = 0.50003135092325710000
org.jfree.data.KeyedObjects:getIndex:(Ljava/lang/Comparable;)I#131#14 prob_bp = 0.50004441311819170000
org.jfree.data.KeyedObjects2D:addObject:(Ljava/lang/Object;Ljava/lang/Comparable;Ljava/lang/Comparable;)V#249#0 prob_bp = 0.50004592855926410000
org.jfree.data.KeyedObjects:getIndex:(Ljava/lang/Comparable;)I#131#15 prob_bp = 0.50004620054958940000
org.jfree.data.KeyedObjects:getIndex:(Ljava/lang/Comparable;)I#136#58 prob_bp = 0.50005345927164020000
org.jfree.data.KeyedObjects:getIndex:(Ljava/lang/Comparable;)I#136#59 prob_bp = 0.50008253043358760000
org.jfree.data.KeyedObjects2D:addObject:(Ljava/lang/Object;Ljava/lang/Comparable;Ljava/lang/Comparable;)V#249#3 prob_bp = 0.50012991191376170000
org.jfree.data.KeyedObjects2D:addObject:(Ljava/lang/Object;Ljava/lang/Comparable;Ljava/lang/Comparable;)V#249#4 prob_bp = 0.50020277765603680000
org.jfree.data.KeyedObjects:setObject:(Ljava/lang/Comparable;Ljava/lang/Object;)V#201#1 prob_bp = 0.50055329516719530000
org.jfree.data.KeyedObjects:removeValue:(Ljava/lang/Comparable;)V#266#1 prob_bp = 0.50055628080397920000
org.jfree.data.KeyedObjects:setObject:(Ljava/lang/Comparable;Ljava/lang/Object;)V#201#5 prob_bp = 0.50058917411048050000
org.jfree.data.KeyedObjects:setObject:(Ljava/lang/Comparable;Ljava/lang/Object;)V#201#2 prob_bp = 0.50063609534305500000
org.jfree.data.KeyedObjects:removeValue:(Ljava/lang/Comparable;)V#266#2 prob_bp = 0.50063930211295670000
org.jfree.data.KeyedObjects:getObject:(Ljava/lang/Comparable;)Ljava/lang/Object;#169#5 prob_bp = 0.50064993854834170000
org.jfree.data.KeyedObjects:getIndex:(Ljava/lang/Comparable;)I#140#66 prob_bp = 0.50076539084810890000
org.jfree.data.KeyedObjects:getIndex:(Ljava/lang/Comparable;)I#140#67 prob_bp = 0.50079589548924250000
org.jfree.data.KeyedObjects:setObject:(Ljava/lang/Comparable;Ljava/lang/Object;)V#202#6 prob_bp = 0.50090260655202320000
org.jfree.data.KeyedObjects:getObject:(Ljava/lang/Comparable;)Ljava/lang/Object;#170#6 prob_bp = 0.50135495895708740000
org.jfree.data.KeyedObjects:getIndex:(Ljava/lang/Comparable;)I#135#55 prob_bp = 0.50138238569188280000
org.jfree.data.KeyedObjects2D:getObject:(II)Ljava/lang/Object;#114#2 prob_bp = 0.50184151491793780000
org.jfree.data.KeyedObjects2D:getObject:(II)Ljava/lang/Object;#114#3 prob_bp = 0.50187879875096500000
org.jfree.data.KeyedObjects2D:getObject:(II)Ljava/lang/Object;#114#6 prob_bp = 0.50191548445103280000
org.jfree.data.KeyedObjects2D:getObject:(II)Ljava/lang/Object;#114#7 prob_bp = 0.50195430547495160000
org.jfree.data.KeyedObjects:setObject:(Ljava/lang/Comparable;Ljava/lang/Object;)V#202#7 prob_bp = 0.50215651131645190000
org.jfree.data.KeyedObjects2D:getObject:(II)Ljava/lang/Object;#114#12 prob_bp = 0.50227462925162380000
org.jfree.data.KeyedObjects2D:getObject:(II)Ljava/lang/Object;#114#15 prob_bp = 0.50296051881667550000
org.jfree.data.KeyedObjects:getIndex:(Ljava/lang/Comparable;)I#133#32 prob_bp = 0.50313461207775320000
org.jfree.data.KeyedObjects:getObject:(Ljava/lang/Comparable;)Ljava/lang/Object;#170#7 prob_bp = 0.50416609676976300000
org.jfree.data.KeyedObjects2D:getObject:(II)Ljava/lang/Object;#115#17 prob_bp = 0.50449921053374600000
org.jfree.data.KeyedObjects2D:getObject:(II)Ljava/lang/Object;#115#19 prob_bp = 0.50820450171299390000
org.jfree.data.KeyedObjects:getIndex:(Ljava/lang/Comparable;)I#128#0 prob_bp = 0.51184358660798990000
org.jfree.data.KeyedObjects:getIndex:(Ljava/lang/Comparable;)I#128#1 prob_bp = 0.51559080227763170000
org.jfree.data.KeyedObjects:setObject:(Ljava/lang/Comparable;Ljava/lang/Object;)V#207#37 prob_bp = 0.87664747375250250000
org.jfree.data.KeyedObjects:setObject:(Ljava/lang/Comparable;Ljava/lang/Object;)V#207#40 prob_bp = 0.88468540915805160000
org.jfree.data.KeyedObjects2D:<init>:()V#76#15 prob_bp = 0.89550227358070470000
org.jfree.data.KeyedObjects2D:<init>:()V#76#16 prob_bp = 0.89550227358070470000
org.jfree.data.KeyedObjects2D:removeRow:(I)V#330#4 prob_bp = 0.89972206353896430000
org.jfree.data.KeyedObject:<init>:(Ljava/lang/Comparable;Ljava/lang/Object;)V#74#0 prob_bp = 0.90092366073963600000
org.jfree.data.KeyedObjects2D:<init>:()V#76#23 prob_bp = 0.90349107688348630000
org.jfree.data.KeyedObjects2D:<init>:()V#75#4 prob_bp = 0.92664925092001040000
org.jfree.data.KeyedObjects2D:<init>:()V#75#5 prob_bp = 0.92664925092001040000
org.jfree.data.KeyedObject:<init>:(Ljava/lang/Comparable;Ljava/lang/Object;)V#74#1 prob_bp = 0.93372820498393680000
org.jfree.data.KeyedObjects2D:<init>:()V#75#12 prob_bp = 0.93526842285400990000
org.jfree.data.KeyedObjects2D:getObject:(II)Ljava/lang/Object;#116#23 prob_bp = 0.93544123936133050000
org.jfree.data.KeyedObjects:setObject:(Ljava/lang/Comparable;Ljava/lang/Object;)V#208#45 prob_bp = 0.96368572691445900000
org.jfree.data.KeyedObjects2D:removeRow:(I)V#330#1 prob_bp = 0.96448635350929990000
org.jfree.data.KeyedObjects:setObject:(Ljava/lang/Comparable;Ljava/lang/Object;)V#207#43 prob_bp = 0.96504376879616430000
org.jfree.data.KeyedObjects:setObject:(Ljava/lang/Comparable;Ljava/lang/Object;)V#208#49 prob_bp = 0.97661790686365570000
org.jfree.data.KeyedObjects:setObject:(Ljava/lang/Comparable;Ljava/lang/Object;)V#207#34 prob_bp = 0.97706539296062100000
org.jfree.data.KeyedObjects2D:removeRow:(I)V#330#0 prob_bp = 0.98997397957595950000
org.jfree.data.KeyedObjects:setObject:(Ljava/lang/Comparable;Ljava/lang/Object;)V#208#46 prob_bp = 0.99008128864258750000
org.jfree.data.KeyedObjects2D:getObject:(II)Ljava/lang/Object;#116#26 prob_bp = 0.99009781269955680000
org.jfree.data.KeyedObjects2D:getObject:(II)Ljava/lang/Object;#116#22 prob_bp = 0.99009781378603550000
org.jfree.data.KeyedObjects2D:getObject:(II)Ljava/lang/Object;#116#27 prob_bp = 0.99009853137921260000
org.jfree.data.KeyedObjects2D:removeRow:(I)V#330#5 prob_bp = 0.99009900989204610000
org.jfree.data.KeyedObjects:setObject:(Ljava/lang/Comparable;Ljava/lang/Object;)V#208#51 prob_bp = 0.99999999990000000000
org.jfree.data.junit.KeyedObjects2DTests:testRemoveColumnByKey:()V#388#0 prob_bp = 1.00000000000000000000
org.jfree.data.junit.KeyedObjects2DTests:testRemoveColumnByKey:()V#388#3 prob_bp = 1.00000000000000000000
org.jfree.data.junit.KeyedObjects2DTests:testRemoveColumnByKey:()V#388#4 prob_bp = 1.00000000000000000000
org.jfree.data.KeyedObjects2D:<init>:()V#77#26 prob_bp = 1.00000000000000000000
org.jfree.data.KeyedObjects2D:<init>:()V#77#27 prob_bp = 1.00000000000000000000
org.jfree.data.KeyedObjects2D:<init>:()V#77#34 prob_bp = 1.00000000000000000000
org.jfree.data.junit.KeyedObjects2DTests:testRemoveColumnByKey:()V#388#7 prob_bp = 1.00000000000000000000
org.jfree.data.junit.KeyedObjects2DTests:testRemoveColumnByKey:()V#389#8 prob_bp = 1.00000000000000000000
org.jfree.data.junit.KeyedObjects2DTests:testRemoveColumnByKey:()V#389#11 prob_bp = 1.00000000000000000000
org.jfree.data.junit.KeyedObjects2DTests:testRemoveColumnByKey:()V#389#13 prob_bp = 1.00000000000000000000
org.jfree.data.junit.KeyedObjects2DTests:testRemoveColumnByKey:()V#389#15 prob_bp = 1.00000000000000000000
org.jfree.data.junit.KeyedObjects2DTests:testRemoveColumnByKey:()V#390#18 prob_bp = 1.00000000000000000000
org.jfree.data.junit.KeyedObjects2DTests:testRemoveColumnByKey:()V#390#21 prob_bp = 1.00000000000000000000
org.jfree.data.junit.KeyedObjects2DTests:testRemoveColumnByKey:()V#390#23 prob_bp = 1.00000000000000000000
org.jfree.data.junit.KeyedObjects2DTests:testRemoveColumnByKey:()V#390#25 prob_bp = 1.00000000000000000000
org.jfree.data.junit.KeyedObjects2DTests:testRemoveColumnByKey:()V#391#28 prob_bp = 1.00000000000000000000
org.jfree.data.junit.KeyedObjects2DTests:testRemoveColumnByKey:()V#391#29 prob_bp = 1.00000000000000000000
org.jfree.data.junit.KeyedObjects2DTests:testRemoveColumnByKey:()V#391#31 prob_bp = 1.00000000000000000000
org.jfree.data.junit.KeyedObjects2DTests:testRemoveColumnByIndex:()V#324#0 prob_bp = 1.00000000000000000000
org.jfree.data.junit.KeyedObjects2DTests:testRemoveColumnByIndex:()V#324#3 prob_bp = 1.00000000000000000000
org.jfree.data.junit.KeyedObjects2DTests:testRemoveColumnByIndex:()V#324#4 prob_bp = 1.00000000000000000000
org.jfree.data.junit.KeyedObjects2DTests:testRemoveColumnByIndex:()V#324#7 prob_bp = 1.00000000000000000000
org.jfree.data.junit.KeyedObjects2DTests:testRemoveColumnByIndex:()V#325#8 prob_bp = 1.00000000000000000000
org.jfree.data.junit.KeyedObjects2DTests:testRemoveColumnByIndex:()V#325#11 prob_bp = 1.00000000000000000000
org.jfree.data.junit.KeyedObjects2DTests:testRemoveColumnByIndex:()V#325#13 prob_bp = 1.00000000000000000000
org.jfree.data.junit.KeyedObjects2DTests:testRemoveColumnByIndex:()V#325#15 prob_bp = 1.00000000000000000000
org.jfree.data.junit.KeyedObjects2DTests:testRemoveColumnByIndex:()V#326#18 prob_bp = 1.00000000000000000000
org.jfree.data.junit.KeyedObjects2DTests:testRemoveColumnByIndex:()V#326#21 prob_bp = 1.00000000000000000000
org.jfree.data.junit.KeyedObjects2DTests:testRemoveColumnByIndex:()V#326#23 prob_bp = 1.00000000000000000000
org.jfree.data.junit.KeyedObjects2DTests:testRemoveColumnByIndex:()V#326#25 prob_bp = 1.00000000000000000000
org.jfree.data.junit.KeyedObjects2DTests:testRemoveColumnByIndex:()V#327#28 prob_bp = 1.00000000000000000000
org.jfree.data.junit.KeyedObjects2DTests:testRemoveColumnByIndex:()V#327#29 prob_bp = 1.00000000000000000000
org.jfree.data.junit.KeyedObjects2DTests:testRemoveColumnByIndex:()V#327#30 prob_bp = 1.00000000000000000000
org.jfree.data.junit.KeyedObjects2DTests:testRemoveValue:()V#420#0 prob_bp = 1.00000000000000000000
org.jfree.data.junit.KeyedObjects2DTests:testRemoveValue:()V#420#3 prob_bp = 1.00000000000000000000
org.jfree.data.junit.KeyedObjects2DTests:testRemoveValue:()V#420#4 prob_bp = 1.00000000000000000000
org.jfree.data.junit.KeyedObjects2DTests:testRemoveValue:()V#420#7 prob_bp = 1.00000000000000000000
org.jfree.data.junit.KeyedObjects2DTests:testRemoveValue:()V#421#8 prob_bp = 1.00000000000000000000
org.jfree.data.junit.KeyedObjects2DTests:testRemoveValue:()V#421#11 prob_bp = 1.00000000000000000000
org.jfree.data.junit.KeyedObjects2DTests:testRemoveValue:()V#421#13 prob_bp = 1.00000000000000000000
org.jfree.data.junit.KeyedObjects2DTests:testRemoveValue:()V#421#15 prob_bp = 1.00000000000000000000
org.jfree.data.junit.KeyedObjects2DTests:testRemoveValue:()V#422#18 prob_bp = 1.00000000000000000000
org.jfree.data.junit.KeyedObjects2DTests:testRemoveValue:()V#422#21 prob_bp = 1.00000000000000000000
org.jfree.data.junit.KeyedObjects2DTests:testRemoveValue:()V#422#23 prob_bp = 1.00000000000000000000
org.jfree.data.junit.KeyedObjects2DTests:testRemoveValue:()V#422#25 prob_bp = 1.00000000000000000000
org.jfree.data.junit.KeyedObjects2DTests:testRemoveValue:()V#423#28 prob_bp = 1.00000000000000000000
org.jfree.data.junit.KeyedObjects2DTests:testRemoveValue:()V#423#29 prob_bp = 1.00000000000000000000
org.jfree.data.junit.KeyedObjects2DTests:testRemoveValue:()V#423#31 prob_bp = 1.00000000000000000000
org.jfree.data.junit.KeyedObjects2DTests:testRemoveValue:()V#423#33 prob_bp = 1.00000000000000000000
org.jfree.data.junit.KeyedObjects2DTests:testRemoveValue:()V#425#44 prob_bp = 1.00000000000000000000
org.jfree.data.junit.KeyedObjects2DTests:testRemoveValue:()V#425#45 prob_bp = 1.00000000000000000000
org.jfree.data.junit.KeyedObjects2DTests:testRemoveValue:()V#425#46 prob_bp = 1.00000000000000000000
org.jfree.data.junit.KeyedObjects2DTests:testRemoveValue:()V#425#49 prob_bp = 1.00000000000000000000
org.jfree.data.junit.KeyedObjects2DTests:testRemoveRowByKey:()V#356#0 prob_bp = 1.00000000000000000000
org.jfree.data.junit.KeyedObjects2DTests:testRemoveRowByKey:()V#356#3 prob_bp = 1.00000000000000000000
org.jfree.data.junit.KeyedObjects2DTests:testRemoveRowByKey:()V#356#4 prob_bp = 1.00000000000000000000
org.jfree.data.junit.KeyedObjects2DTests:testRemoveRowByKey:()V#356#7 prob_bp = 1.00000000000000000000
org.jfree.data.junit.KeyedObjects2DTests:testRemoveRowByKey:()V#357#8 prob_bp = 1.00000000000000000000
org.jfree.data.junit.KeyedObjects2DTests:testRemoveRowByKey:()V#357#11 prob_bp = 1.00000000000000000000
org.jfree.data.junit.KeyedObjects2DTests:testRemoveRowByKey:()V#357#13 prob_bp = 1.00000000000000000000
org.jfree.data.junit.KeyedObjects2DTests:testRemoveRowByKey:()V#357#15 prob_bp = 1.00000000000000000000
org.jfree.data.junit.KeyedObjects2DTests:testRemoveRowByKey:()V#358#18 prob_bp = 1.00000000000000000000
org.jfree.data.junit.KeyedObjects2DTests:testRemoveRowByKey:()V#358#21 prob_bp = 1.00000000000000000000
org.jfree.data.junit.KeyedObjects2DTests:testRemoveRowByKey:()V#358#23 prob_bp = 1.00000000000000000000
org.jfree.data.junit.KeyedObjects2DTests:testRemoveRowByKey:()V#358#25 prob_bp = 1.00000000000000000000
org.jfree.data.junit.KeyedObjects2DTests:testRemoveRowByKey:()V#361#44 prob_bp = 1.00000000000000000000
org.jfree.data.junit.KeyedObjects2DTests:testRemoveRowByKey:()V#361#45 prob_bp = 1.00000000000000000000
org.jfree.data.junit.KeyedObjects2DTests:testRemoveRowByKey:()V#361#46 prob_bp = 1.00000000000000000000
org.jfree.data.junit.KeyedObjects2DTests:testRemoveRowByKey:()V#361#47 prob_bp = 1.00000000000000000000
org.jfree.data.junit.KeyedObjects2DTests:testRemoveRowByKey:()V#366#55 prob_bp = 1.00000000000000000000
org.jfree.data.junit.KeyedObjects2DTests:testRemoveRowByKey:()V#366#56 prob_bp = 1.00000000000000000000
org.jfree.data.junit.KeyedObjects2DTests:testRemoveRowByKey:()V#366#58 prob_bp = 1.00000000000000000000
org.jfree.data.junit.KeyedObjects2DTests:testSetObject:()V#256#0 prob_bp = 1.00000000000000000000
org.jfree.data.junit.KeyedObjects2DTests:testSetObject:()V#256#3 prob_bp = 1.00000000000000000000
org.jfree.data.junit.KeyedObjects2DTests:testSetObject:()V#256#4 prob_bp = 1.00000000000000000000
org.jfree.data.junit.KeyedObjects2DTests:testSetObject:()V#256#7 prob_bp = 1.00000000000000000000
org.jfree.data.junit.KeyedObjects2DTests:testSetObject:()V#257#8 prob_bp = 1.00000000000000000000
org.jfree.data.junit.KeyedObjects2DTests:testSetObject:()V#257#11 prob_bp = 1.00000000000000000000
org.jfree.data.junit.KeyedObjects2DTests:testSetObject:()V#257#13 prob_bp = 1.00000000000000000000
org.jfree.data.junit.KeyedObjects2DTests:testSetObject:()V#257#15 prob_bp = 1.00000000000000000000
org.jfree.data.junit.KeyedObjects2DTests:testSetObject:()V#258#18 prob_bp = 1.00000000000000000000
org.jfree.data.junit.KeyedObjects2DTests:testSetObject:()V#258#21 prob_bp = 1.00000000000000000000
org.jfree.data.junit.KeyedObjects2DTests:testSetObject:()V#258#23 prob_bp = 1.00000000000000000000
org.jfree.data.junit.KeyedObjects2DTests:testSetObject:()V#258#25 prob_bp = 1.00000000000000000000
org.jfree.data.junit.KeyedObjects2DTests:testSetObject:()V#259#30 prob_bp = 1.00000000000000000000
org.jfree.data.junit.KeyedObjects2DTests:testSetObject:()V#259#31 prob_bp = 1.00000000000000000000
org.jfree.data.junit.KeyedObjects2DTests:testSetObject:()V#259#33 prob_bp = 1.00000000000000000000
org.jfree.data.junit.KeyedObjects2DTests:testSetObject:()V#259#35 prob_bp = 1.00000000000000000000
org.jfree.data.junit.KeyedObjects2DTests:testSetObject:()V#260#43 prob_bp = 1.00000000000000000000
org.jfree.data.junit.KeyedObjects2DTests:testSetObject:()V#260#44 prob_bp = 1.00000000000000000000
org.jfree.data.junit.KeyedObjects2DTests:testSetObject:()V#260#46 prob_bp = 1.00000000000000000000
org.jfree.data.junit.KeyedObjects2DTests:testSetObject:()V#260#48 prob_bp = 1.00000000000000000000
org.jfree.data.junit.KeyedObjects2DTests:testSetObject:()V#261#54 prob_bp = 1.00000000000000000000
org.jfree.data.junit.KeyedObjects2DTests:testSetObject:()V#261#55 prob_bp = 1.00000000000000000000
org.jfree.data.junit.KeyedObjects2DTests:testSetObject:()V#261#57 prob_bp = 1.00000000000000000000
org.jfree.data.junit.KeyedObjects2DTests:testSetObject:()V#261#59 prob_bp = 1.00000000000000000000
org.jfree.data.junit.KeyedObjects2DTests:testGetValueByKey:()V#206#0 prob_bp = 1.00000000000000000000
org.jfree.data.junit.KeyedObjects2DTests:testGetValueByKey:()V#206#3 prob_bp = 1.00000000000000000000
org.jfree.data.junit.KeyedObjects2DTests:testGetValueByKey:()V#206#4 prob_bp = 1.00000000000000000000
org.jfree.data.junit.KeyedObjects2DTests:testGetValueByKey:()V#206#7 prob_bp = 1.00000000000000000000
org.jfree.data.junit.KeyedObjects2DTests:testGetValueByKey:()V#207#8 prob_bp = 1.00000000000000000000
org.jfree.data.junit.KeyedObjects2DTests:testGetValueByKey:()V#207#11 prob_bp = 1.00000000000000000000
org.jfree.data.junit.KeyedObjects2DTests:testGetValueByKey:()V#207#13 prob_bp = 1.00000000000000000000
org.jfree.data.junit.KeyedObjects2DTests:testGetValueByKey:()V#207#15 prob_bp = 1.00000000000000000000
org.jfree.data.junit.KeyedObjects2DTests:testGetValueByKey:()V#208#18 prob_bp = 1.00000000000000000000
org.jfree.data.junit.KeyedObjects2DTests:testGetValueByKey:()V#208#21 prob_bp = 1.00000000000000000000
org.jfree.data.junit.KeyedObjects2DTests:testGetValueByKey:()V#208#23 prob_bp = 1.00000000000000000000
org.jfree.data.junit.KeyedObjects2DTests:testGetValueByKey:()V#208#25 prob_bp = 1.00000000000000000000
org.jfree.data.junit.KeyedObjects2DTests:testGetValueByKey:()V#209#30 prob_bp = 1.00000000000000000000
org.jfree.data.junit.KeyedObjects2DTests:testGetValueByKey:()V#209#31 prob_bp = 1.00000000000000000000
org.jfree.data.junit.KeyedObjects2DTests:testGetValueByKey:()V#209#33 prob_bp = 1.00000000000000000000
org.jfree.data.junit.KeyedObjects2DTests:testGetValueByKey:()V#209#35 prob_bp = 1.00000000000000000000
org.jfree.data.junit.KeyedObjects2DTests:testGetValueByKey:()V#210#43 prob_bp = 1.00000000000000000000
org.jfree.data.junit.KeyedObjects2DTests:testGetValueByKey:()V#210#44 prob_bp = 1.00000000000000000000
org.jfree.data.junit.KeyedObjects2DTests:testGetValueByKey:()V#210#46 prob_bp = 1.00000000000000000000
org.jfree.data.junit.KeyedObjects2DTests:testGetValueByKey:()V#210#48 prob_bp = 1.00000000000000000000
org.jfree.data.junit.KeyedObjects2DTests:testGetValueByKey:()V#211#54 prob_bp = 1.00000000000000000000
org.jfree.data.junit.KeyedObjects2DTests:testGetValueByKey:()V#211#55 prob_bp = 1.00000000000000000000
org.jfree.data.junit.KeyedObjects2DTests:testGetValueByKey:()V#211#57 prob_bp = 1.00000000000000000000
org.jfree.data.junit.KeyedObjects2DTests:testGetValueByKey:()V#211#59 prob_bp = 1.00000000000000000000
Belief propagation time : 1.545000s
