Belief propagation time: 100

Probabilities: 
Vars:563632
Stmts:10808
org.apache.commons.math3.util.FastMath:floor:(D)D#3250#39#unexe#2 prob_bp = 0.49999922268502517000
org.apache.commons.math3.util.FastMath:floor:(D)D#3250#39 prob_bp = 0.49999990285400875000
org.apache.commons.math3.fraction.Fraction:<init>:(DDI)V#121#1 prob_bp = 0.49999999956283820000
org.apache.commons.math3.util.FastMath:floor:(D)D#3250#38 prob_bp = 0.49999999999032820000
org.apache.commons.math3.util.FastMath:floor:(D)D#3250#36 prob_bp = 0.49999999999420650000
org.apache.commons.math3.util.FastMath:floor:(D)D#3250#35 prob_bp = 0.49999999999530453000
org.apache.commons.math3.util.FastMath:floor:(D)D#3250#37 prob_bp = 0.49999999999724765000
org.apache.commons.math3.fraction.Fraction:<init>:(DDII)V#214#180 prob_bp = 0.49999999999999910000
org.apache.commons.math3.fraction.Fraction:<init>:(DDII)V#213#163 prob_bp = 0.49999999999999917000
org.apache.commons.math3.util.FastMath:floor:(D)D#3255#55 prob_bp = 0.49999999999999933000
org.apache.commons.math3.fraction.Fraction:<init>:(DDII)V#208#126 prob_bp = 0.49999999999999950000
org.apache.commons.math3.fraction.Fraction:<init>:(DDII)V#214#174#unexe#11 prob_bp = 0.49999999999999950000
org.apache.commons.math3.fraction.Fraction:<init>:(DDII)V#213#166 prob_bp = 0.49999999999999994000
org.apache.commons.math3.fraction.Fraction:<init>:(DDII)V#215#198 prob_bp = 0.49999999999999994000
org.apache.commons.math3.fraction.Fraction:<init>:(DDII)V#217#206 prob_bp = 0.49999999999999994000
org.apache.commons.math3.fraction.Fraction:<init>:(DDII)V#218#210 prob_bp = 0.49999999999999994000
org.apache.commons.math3.fraction.Fraction:<init>:(DDII)V#214#195#unexe#13 prob_bp = 0.49999999999999994000
org.apache.commons.math3.fraction.Fraction:<init>:(DDII)V#214#174#unexe#17 prob_bp = 0.49999999999999994000
org.apache.commons.math3.fraction.Fraction:<init>:(DDII)V#206#109 prob_bp = 0.50000000000000000000
org.apache.commons.math3.fraction.Fraction:<init>:(DDII)V#207#112 prob_bp = 0.50000000000000000000
org.apache.commons.math3.fraction.Fraction:<init>:(DDII)V#214#195#unexe#17 prob_bp = 0.50000000000000000000
org.apache.commons.math3.util.FastMath:floor:(D)D#3255#53 prob_bp = 0.50000000000000010000
org.apache.commons.math3.fraction.Fraction:<init>:(DDII)V#205#99 prob_bp = 0.50000000000000010000
org.apache.commons.math3.fraction.Fraction:<init>:(DDII)V#214#179 prob_bp = 0.50000000000000010000
org.apache.commons.math3.fraction.Fraction:<init>:(DDII)V#215#200 prob_bp = 0.50000000000000010000
org.apache.commons.math3.fraction.Fraction:<init>:(DDII)V#218#212 prob_bp = 0.50000000000000010000
org.apache.commons.math3.fraction.Fraction:<init>:(DDII)V#220#218 prob_bp = 0.50000000000000010000
org.apache.commons.math3.fraction.Fraction:<init>:(DDII)V#214#195#unexe#11 prob_bp = 0.50000000000000010000
org.apache.commons.math3.fraction.Fraction:<init>:(DDII)V#214#186#unexe#19 prob_bp = 0.50000000000000010000
org.apache.commons.math3.util.FastMath:floor:(D)D#3255#52 prob_bp = 0.50000000000000020000
org.apache.commons.math3.fraction.Fraction:<init>:(DDII)V#216#202 prob_bp = 0.50000000000000020000
org.apache.commons.math3.fraction.Fraction:<init>:(DDII)V#219#216 prob_bp = 0.50000000000000020000
org.apache.commons.math3.fraction.Fraction:<init>:(DDII)V#220#220 prob_bp = 0.50000000000000020000
org.apache.commons.math3.fraction.Fraction:<init>:(DDII)V#214#195#unexe#9 prob_bp = 0.50000000000000020000
org.apache.commons.math3.fraction.Fraction:<init>:(DDII)V#214#195#unexe#15 prob_bp = 0.50000000000000020000
org.apache.commons.math3.fraction.Fraction:<init>:(DDII)V#214#186#unexe#11 prob_bp = 0.50000000000000020000
org.apache.commons.math3.fraction.Fraction:<init>:(DDII)V#205#101 prob_bp = 0.50000000000000030000
org.apache.commons.math3.fraction.Fraction:<init>:(DDII)V#214#177 prob_bp = 0.50000000000000030000
org.apache.commons.math3.fraction.Fraction:<init>:(DDII)V#216#204 prob_bp = 0.50000000000000030000
org.apache.commons.math3.fraction.Fraction:<init>:(DDII)V#217#208 prob_bp = 0.50000000000000030000
org.apache.commons.math3.fraction.Fraction:<init>:(DDII)V#219#214 prob_bp = 0.50000000000000030000
org.apache.commons.math3.fraction.Fraction:<init>:(DDII)V#214#195#unexe#19 prob_bp = 0.50000000000000030000
org.apache.commons.math3.fraction.Fraction:<init>:(DDII)V#208#122 prob_bp = 0.50000000000000040000
org.apache.commons.math3.fraction.Fraction:<init>:(DDII)V#213#161 prob_bp = 0.50000000000000040000
org.apache.commons.math3.util.FastMath:abs:(D)D#2927#21 prob_bp = 0.50000000000000040000
org.apache.commons.math3.util.FastMath:floor:(D)D#3255#54 prob_bp = 0.50000000000000070000
org.apache.commons.math3.fraction.Fraction:<init>:(DDII)V#205#94 prob_bp = 0.50000000000000080000
org.apache.commons.math3.fraction.Fraction:<init>:(DDII)V#207#117 prob_bp = 0.50000000000000080000
org.apache.commons.math3.fraction.Fraction:<init>:(DDII)V#213#167 prob_bp = 0.50000000000000080000
org.apache.commons.math3.fraction.Fraction:<init>:(DDII)V#214#174#unexe#9 prob_bp = 0.50000000000000080000
org.apache.commons.math3.fraction.Fraction:<init>:(DDII)V#195#72 prob_bp = 0.50000000000000100000
org.apache.commons.math3.fraction.Fraction:<init>:(DDII)V#205#100 prob_bp = 0.50000000000000100000
org.apache.commons.math3.fraction.Fraction:<init>:(DDII)V#207#114 prob_bp = 0.50000000000000100000
org.apache.commons.math3.fraction.Fraction:<init>:(DDII)V#214#186#unexe#13 prob_bp = 0.50000000000000100000
org.apache.commons.math3.fraction.Fraction:<init>:(DDII)V#214#186#unexe#9 prob_bp = 0.50000000000000110000
org.apache.commons.math3.fraction.Fraction:<init>:(DDII)V#214#174#unexe#15 prob_bp = 0.50000000000000110000
org.apache.commons.math3.fraction.Fraction:<init>:(DDII)V#205#97 prob_bp = 0.50000000000000120000
org.apache.commons.math3.fraction.Fraction:<init>:(DDII)V#208#124 prob_bp = 0.50000000000000120000
org.apache.commons.math3.fraction.Fraction:<init>:(DDII)V#213#168 prob_bp = 0.50000000000000120000
org.apache.commons.math3.fraction.Fraction:<init>:(DDII)V#196#76 prob_bp = 0.50000000000000140000
org.apache.commons.math3.fraction.Fraction:<init>:(DDII)V#214#189 prob_bp = 0.50000000000000140000
org.apache.commons.math3.fraction.Fraction:<init>:(DDII)V#214#174#unexe#19 prob_bp = 0.50000000000000140000
org.apache.commons.math3.fraction.Fraction:<init>:(DDII)V#214#174#unexe#13 prob_bp = 0.50000000000000140000
org.apache.commons.math3.fraction.Fraction:<init>:(DDII)V#195#74 prob_bp = 0.50000000000000160000
org.apache.commons.math3.fraction.Fraction:<init>:(DDII)V#194#70 prob_bp = 0.50000000000000170000
org.apache.commons.math3.fraction.Fraction:<init>:(DDII)V#214#186#unexe#15 prob_bp = 0.50000000000000170000
org.apache.commons.math3.fraction.Fraction:<init>:(DDII)V#214#186#unexe#17 prob_bp = 0.50000000000000230000
org.apache.commons.math3.fraction.Fraction:<init>:(DDII)V#207#119 prob_bp = 0.50000000000000240000
org.apache.commons.math3.fraction.Fraction:<init>:(DDII)V#207#116 prob_bp = 0.50000000000000260000
org.apache.commons.math3.fraction.Fraction:<init>:(DDII)V#205#95 prob_bp = 0.50000000000000280000
org.apache.commons.math3.fraction.Fraction:<init>:(DDII)V#206#110 prob_bp = 0.50000000000000280000
org.apache.commons.math3.fraction.Fraction:<init>:(DDII)V#214#191 prob_bp = 0.50000000000000280000
org.apache.commons.math3.fraction.Fraction:<init>:(DDII)V#196#77 prob_bp = 0.50000000000000320000
org.apache.commons.math3.fraction.Fraction:<init>:(DDII)V#214#193 prob_bp = 0.50000000000000320000
org.apache.commons.math3.fraction.Fraction:<init>:(DDII)V#194#69 prob_bp = 0.50000000000000410000
org.apache.commons.math3.fraction.Fraction:<init>:(DDII)V#193#66 prob_bp = 0.50000000000000460000
org.apache.commons.math3.fraction.Fraction:<init>:(DDII)V#213#164 prob_bp = 0.50000000000000480000
org.apache.commons.math3.fraction.Fraction:<init>:(DDII)V#214#194 prob_bp = 0.50000000000000490000
org.apache.commons.math3.fraction.Fraction:<init>:(DDI)V#121#3 prob_bp = 0.50000000000000580000
org.apache.commons.math3.fraction.Fraction:<init>:(DDII)V#208#127 prob_bp = 0.50000000000000610000
org.apache.commons.math3.fraction.Fraction:<init>:(DDII)V#193#67 prob_bp = 0.50000000000000630000
org.apache.commons.math3.fraction.Fraction:<init>:(DDII)V#214#181 prob_bp = 0.50000000000000680000
org.apache.commons.math3.fraction.Fraction:<init>:(DDII)V#208#129 prob_bp = 0.50000000000001970000
org.apache.commons.math3.util.FastMath:floor:(D)D#3255#56 prob_bp = 0.50000000000003840000
org.apache.commons.math3.fraction.Fraction:<init>:(DDII)V#214#184 prob_bp = 0.50000000000003960000
org.apache.commons.math3.fraction.Fraction:<init>:(DDII)V#214#185 prob_bp = 0.50000000000008030000
org.apache.commons.math3.fraction.Fraction:<init>:(DDII)V#205#102 prob_bp = 0.50000000000010360000
org.apache.commons.math3.fraction.Fraction:<init>:(DDII)V#206#104 prob_bp = 0.50000000000011090000
org.apache.commons.math3.fraction.Fraction:<init>:(DDII)V#206#106 prob_bp = 0.50000000000014830000
org.apache.commons.math3.fraction.Fraction:<init>:(DDII)V#207#120 prob_bp = 0.50000000000058180000
org.apache.commons.math3.fraction.Fraction:<init>:(DDII)V#209#132 prob_bp = 0.50000000000264600000
org.apache.commons.math3.fraction.Fraction:<init>:(DDII)V#208#130 prob_bp = 0.50000000000486780000
org.apache.commons.math3.fraction.Fraction:<init>:(DDII)V#209#134 prob_bp = 0.50000000000871410000
org.apache.commons.math3.fraction.Fraction:<init>:(DDII)V#209#136 prob_bp = 0.50000000000991540000
org.apache.commons.math3.fraction.Fraction:<init>:(DDII)V#209#140 prob_bp = 0.50000000002197910000
org.apache.commons.math3.fraction.Fraction:<init>:(DDII)V#214#195 prob_bp = 0.50000000004139080000
org.apache.commons.math3.fraction.Fraction:<init>:(DDII)V#209#142 prob_bp = 0.50000000007246900000
org.apache.commons.math3.fraction.Fraction:<init>:(DDII)V#209#144 prob_bp = 0.50000000008244990000
org.apache.commons.math3.fraction.Fraction:<init>:(DDII)V#214#170 prob_bp = 0.50000000009533920000
org.apache.commons.math3.util.FastMath:floor:(D)D#3241#0 prob_bp = 0.50000000009566600000
org.apache.commons.math3.util.FastMath:floor:(D)D#3241#1 prob_bp = 0.50000000009566600000
org.apache.commons.math3.fraction.Fraction:<init>:(DDII)V#202#88 prob_bp = 0.50000000010077590000
org.apache.commons.math3.fraction.Fraction:<init>:(DDII)V#202#89 prob_bp = 0.50000000010411520000
org.apache.commons.math3.fraction.Fraction:<init>:(DDII)V#187#43 prob_bp = 0.50000000016236530000
org.apache.commons.math3.fraction.Fraction:<init>:(DDII)V#187#40 prob_bp = 0.50000000026310810000
org.apache.commons.math3.util.FastMath:floor:(D)D#3250#29 prob_bp = 0.50000000030172640000
org.apache.commons.math3.fraction.Fraction:<init>:(DDII)V#214#172 prob_bp = 0.50000000030570760000
org.apache.commons.math3.fraction.Fraction:<init>:(DDII)V#187#42 prob_bp = 0.50000000031672140000
org.apache.commons.math3.fraction.Fraction:<init>:(DDII)V#179#9 prob_bp = 0.50000000033337820000
org.apache.commons.math3.fraction.Fraction:<init>:(DDII)V#214#195#unexe#26 prob_bp = 0.50000000033567800000
org.apache.commons.math3.fraction.Fraction:<init>:(DDII)V#214#174 prob_bp = 0.50000000034728080000
org.apache.commons.math3.util.FastMath:floor:(D)D#3241#2 prob_bp = 0.50000000040296110000
org.apache.commons.math3.fraction.Fraction:<init>:(DDII)V#187#44 prob_bp = 0.50000000048538980000
org.apache.commons.math3.util.FastMath:floor:(D)D#3250#30 prob_bp = 0.50000000105902920000
org.apache.commons.math3.util.FastMath:floor:(D)D#3250#31 prob_bp = 0.50000000109636160000
org.apache.commons.math3.fraction.Fraction:<init>:(DDII)V#214#186 prob_bp = 0.50000000118803440000
org.apache.commons.math3.util.FastMath:abs:(D)D#2927#0 prob_bp = 0.50000000154632830000
org.apache.commons.math3.fraction.Fraction:<init>:(DDII)V#179#10 prob_bp = 0.50000000305663730000
org.apache.commons.math3.fraction.Fraction:<init>:(DDII)V#214#186#unexe#26 prob_bp = 0.50000000448414980000
org.apache.commons.math3.util.FastMath:abs:(D)D#2927#1 prob_bp = 0.50000000493679610000
org.apache.commons.math3.util.FastMath:abs:(D)D#2927#2 prob_bp = 0.50000000508611450000
org.apache.commons.math3.util.FastMath:abs:(D)D#2927#11 prob_bp = 0.50000000679704780000
org.apache.commons.math3.util.FastMath:floor:(D)D#3249#26 prob_bp = 0.50000000792144750000
org.apache.commons.math3.util.FastMath:floor:(D)D#3258#57 prob_bp = 0.50000000846531320000
org.apache.commons.math3.util.FastMath:floor:(D)D#3258#58 prob_bp = 0.50000001307008970000
org.apache.commons.math3.fraction.Fraction:<init>:(DDII)V#180#12 prob_bp = 0.50000001439856180000
org.apache.commons.math3.util.FastMath:abs:(D)D#2927#12 prob_bp = 0.50000002335148710000
org.apache.commons.math3.util.FastMath:abs:(D)D#2927#13 prob_bp = 0.50000002415503840000
org.apache.commons.math3.util.FastMath:floor:(D)D#3245#8 prob_bp = 0.50000002584547850000
org.apache.commons.math3.util.FastMath:floor:(D)D#3249#27 prob_bp = 0.50000002875219570000
org.apache.commons.math3.util.FastMath:floor:(D)D#3258#59 prob_bp = 0.50000002877409910000
org.apache.commons.math3.fraction.Fraction:<init>:(DDII)V#209#137 prob_bp = 0.50000003073354370000
org.apache.commons.math3.fraction.Fraction:<init>:(DDII)V#187#45 prob_bp = 0.50000003576975400000
org.apache.commons.math3.fraction.Fraction:<init>:(DDII)V#180#14 prob_bp = 0.50000006130318970000
org.apache.commons.math3.fraction.Fraction:<init>:(DDII)V#180#17 prob_bp = 0.50000008226310910000
org.apache.commons.math3.util.FastMath:floor:(D)D#3245#9 prob_bp = 0.50000009318480000000
org.apache.commons.math3.util.FastMath:floor:(D)D#3245#12 prob_bp = 0.50000009653891440000
org.apache.commons.math3.util.FastMath:abs:(D)D#2927#6 prob_bp = 0.50000013823993920000
org.apache.commons.math3.util.FastMath:floor:(D)D#3245#16 prob_bp = 0.50000021993495450000
org.apache.commons.math3.fraction.Fraction:<init>:(DDII)V#209#145 prob_bp = 0.50000025629358520000
org.apache.commons.math3.fraction.Fraction:<init>:(DDII)V#214#174#unexe#26 prob_bp = 0.50000039618071660000
org.apache.commons.math3.fraction.Fraction:<init>:(DDII)V#201#85 prob_bp = 0.50000046891315590000
org.apache.commons.math3.fraction.Fraction:<init>:(DDII)V#201#86 prob_bp = 0.50000048445207260000
org.apache.commons.math3.util.FastMath:abs:(D)D#2927#7 prob_bp = 0.50000050246750740000
org.apache.commons.math3.fraction.Fraction:<init>:(DDII)V#224#228 prob_bp = 0.50000062309933780000
org.apache.commons.math3.util.FastMath:floor:(D)D#3245#17 prob_bp = 0.50000078332965260000
org.apache.commons.math3.util.FastMath:floor:(D)D#3245#20 prob_bp = 0.50000081106244200000
org.apache.commons.math3.util.FastMath:floor:(D)D#3250#32 prob_bp = 0.50000094510837790000
org.apache.commons.math3.fraction.Fraction:<init>:(DDII)V#224#230 prob_bp = 0.50000142547669210000
org.apache.commons.math3.util.FastMath:abs:(D)D#2927#3 prob_bp = 0.50000304092318320000
org.apache.commons.math3.fraction.Fraction:<init>:(DDI)V#121#2 prob_bp = 0.50000699275269600000
org.apache.commons.math3.util.FastMath:floor:(D)D#3249#28 prob_bp = 0.50000729895869990000
org.apache.commons.math3.util.FastMath:floor:(D)D#3250#32#unexe#2 prob_bp = 0.50000763013791680000
org.apache.commons.math3.util.FastMath:floor:(D)D#3254#46 prob_bp = 0.50000897285061530000
org.apache.commons.math3.util.FastMath:floor:(D)D#3241#3 prob_bp = 0.50000959583012590000
org.apache.commons.math3.fraction.Fraction:<init>:(DDII)V#204#91 prob_bp = 0.50001151883454510000
org.apache.commons.math3.fraction.Fraction:<init>:(DDII)V#178#4 prob_bp = 0.50001324577912860000
org.apache.commons.math3.util.FastMath:floor:(D)D#3254#47 prob_bp = 0.50001325416536890000
org.apache.commons.math3.util.FastMath:floor:(D)D#3254#48 prob_bp = 0.50001372091027800000
org.apache.commons.math3.fraction.Fraction:<init>:(DDII)V#178#7 prob_bp = 0.50001378592521750000
org.apache.commons.math3.fraction.Fraction:<init>:(DDII)V#181#22 prob_bp = 0.50001598141824390000
org.apache.commons.math3.fraction.Fraction:<init>:(DDII)V#180#18 prob_bp = 0.50001809358161420000
org.apache.commons.math3.fraction.Fraction:<init>:(DDII)V#181#20 prob_bp = 0.50001931671194160000
org.apache.commons.math3.util.FastMath:abs:(D)D#2927#14 prob_bp = 0.50001966801277350000
org.apache.commons.math3.fraction.Fraction:<init>:(DDII)V#181#24 prob_bp = 0.50002346470520210000
org.apache.commons.math3.fraction.Fraction:<init>:(DDII)V#187#48 prob_bp = 0.50005858333015540000
org.apache.commons.math3.util.FastMath:floor:(D)D#3245#13 prob_bp = 0.50008759126324400000
org.apache.commons.math3.fraction.Fraction:<init>:(DDI)V#121#5 prob_bp = 0.50010271075890390000
org.apache.commons.math3.util.FastMath:abs:(D)D#2927#17 prob_bp = 0.50015326591855580000
org.apache.commons.math3.util.FastMath:abs:(D)D#2927#22 prob_bp = 0.50016043145600110000
org.apache.commons.math3.fraction.Fraction:<init>:(DDII)V#187#49 prob_bp = 0.50017919584589740000
org.apache.commons.math3.util.FastMath:floor:(D)D#3245#21 prob_bp = 0.50070885605490150000
org.apache.commons.math3.fraction.Fraction:<init>:(DDI)V#121#7 prob_bp = 0.50295125747830840000
org.apache.commons.math3.util.FastMath:floor:(D)D#3254#49 prob_bp = 0.50560683079053610000
org.apache.commons.math3.fraction.Fraction:<init>:(DDII)V#181#25 prob_bp = 0.54308511225941390000
org.apache.commons.math3.fraction.Fraction:<init>:(DDII)V#187#50 prob_bp = 0.75894092705456960000
org.apache.commons.math3.fraction.FractionTest:testIntegerOverflow:()V#136#1 prob_bp = 1.00000000000000000000
org.apache.commons.math3.fraction.FractionTest:testIntegerOverflow:()V#136#4 prob_bp = 1.00000000000000000000
org.apache.commons.math3.fraction.FractionTest:checkIntegerOverflow:(D)V#144#4 prob_bp = 1.00000000000000000000
org.apache.commons.math3.fraction.FractionTest:checkIntegerOverflow:(D)V#144#5 prob_bp = 1.00000000000000000000
org.apache.commons.math3.fraction.FractionTest:checkIntegerOverflow:(D)V#144#8 prob_bp = 1.00000000000000000000
org.apache.commons.math3.fraction.FractionTest:checkIntegerOverflow:(D)V#144#11 prob_bp = 1.00000000000000000000
org.apache.commons.math3.fraction.FractionTest:testIntegerOverflow:()V#137#8 prob_bp = 1.00000000000000000000
org.apache.commons.math3.fraction.FractionTest:testIntegerOverflow:()V#137#11 prob_bp = 1.00000000000000000000
org.apache.commons.math3.fraction.FractionTest:testIntegerOverflow:()V#138#15 prob_bp = 1.00000000000000000000
org.apache.commons.math3.fraction.FractionTest:testIntegerOverflow:()V#138#18 prob_bp = 1.00000000000000000000
org.apache.commons.math3.fraction.FractionTest:checkIntegerOverflow:(D)V#145#15 prob_bp = 1.00000000000000000000
org.apache.commons.math3.fraction.FractionTest:checkIntegerOverflow:(D)V#145#17 prob_bp = 1.00000000000000000000
Belief propagation time : 178.153000s
