Belief propagation time: 100

Probabilities: 
Vars:32759
Stmts:6428
org.apache.commons.lang.math.NumberUtils:createNumber:(Ljava/lang/String;)Ljava/lang/Number;#464#394 prob_bp = 0.44918397109846910000
org.apache.commons.lang.math.NumberUtils:createNumber:(Ljava/lang/String;)Ljava/lang/Number;#464#398 prob_bp = 0.44918397109846910000
org.apache.commons.lang.math.NumberUtils:createNumber:(Ljava/lang/String;)Ljava/lang/Number;#464#409 prob_bp = 0.44918397109846910000
org.apache.commons.lang.math.NumberUtils:createNumber:(Ljava/lang/String;)Ljava/lang/Number;#452#354 prob_bp = 0.49258612535744710000
org.apache.commons.lang.math.NumberUtils:createNumber:(Ljava/lang/String;)Ljava/lang/Number;#464#405 prob_bp = 0.49258761600371460000
org.apache.commons.lang.math.NumberUtils:isDigits:(Ljava/lang/String;)Z#1508#8 prob_bp = 0.49360154452325130000
org.apache.commons.lang.math.NumberUtils:isDigits:(Ljava/lang/String;)Z#1508#7 prob_bp = 0.49385147351808445000
org.apache.commons.lang.math.NumberUtils:isDigits:(Ljava/lang/String;)Z#1507#4 prob_bp = 0.49956388657138834000
org.apache.commons.lang.math.NumberUtils:createLong:(Ljava/lang/String;)Ljava/lang/Long;#628#1 prob_bp = 0.49997453995636270000
org.apache.commons.lang.math.NumberUtils:createNumber:(Ljava/lang/String;)Ljava/lang/Number;#452#342 prob_bp = 0.49999651798398710000
org.apache.commons.lang.math.NumberUtils:createNumber:(Ljava/lang/String;)Ljava/lang/Number;#457#382 prob_bp = 0.49999711428386684000
org.apache.commons.lang.math.NumberUtils:createLong:(Ljava/lang/String;)Ljava/lang/Long;#628#0 prob_bp = 0.49999742576423050000
org.apache.commons.lang.math.NumberUtils:createNumber:(Ljava/lang/String;)Ljava/lang/Number;#452#340 prob_bp = 0.49999856595115233000
org.apache.commons.lang.math.NumberUtils:createNumber:(Ljava/lang/String;)Ljava/lang/Number;#441#204#unexe#4 prob_bp = 0.49999907285728500000
org.apache.commons.lang.math.NumberUtils:createNumber:(Ljava/lang/String;)Ljava/lang/Number;#444#238 prob_bp = 0.49999919842296525000
org.apache.commons.lang.math.NumberUtils:createNumber:(Ljava/lang/String;)Ljava/lang/Number;#444#237 prob_bp = 0.49999922952682250000
org.apache.commons.lang.math.NumberUtils:createNumber:(Ljava/lang/String;)Ljava/lang/Number;#457#380 prob_bp = 0.49999931730782210000
org.apache.commons.lang.math.NumberUtils:createNumber:(Ljava/lang/String;)Ljava/lang/Number;#452#377 prob_bp = 0.49999980443999953000
org.apache.commons.lang.math.NumberUtils:createNumber:(Ljava/lang/String;)Ljava/lang/Number;#447#251 prob_bp = 0.49999986418575004000
org.apache.commons.lang.math.NumberUtils:createNumber:(Ljava/lang/String;)Ljava/lang/Number;#452#374 prob_bp = 0.49999996115476480000
org.apache.commons.lang.math.NumberUtils:isDigits:(Ljava/lang/String;)Z#1507#1 prob_bp = 0.49999998167459303000
org.apache.commons.lang.math.NumberUtils:isDigits:(Ljava/lang/String;)Z#1507#0 prob_bp = 0.49999999604406880000
org.apache.commons.lang.math.NumberUtils:createNumber:(Ljava/lang/String;)Ljava/lang/Number;#441#204 prob_bp = 0.49999999787418180000
org.apache.commons.lang.math.NumberUtils:createNumber:(Ljava/lang/String;)Ljava/lang/Number;#441#203 prob_bp = 0.49999999795647637000
org.apache.commons.lang.math.NumberUtils:createNumber:(Ljava/lang/String;)Ljava/lang/Number;#452#351 prob_bp = 0.49999999903479060000
org.apache.commons.lang.math.NumberUtils:createNumber:(Ljava/lang/String;)Ljava/lang/Number;#441#201 prob_bp = 0.49999999949213900000
org.apache.commons.lang.math.NumberUtils:createNumber:(Ljava/lang/String;)Ljava/lang/Number;#440#198 prob_bp = 0.49999999955376470000
org.apache.commons.lang.math.NumberUtils:createNumber:(Ljava/lang/String;)Ljava/lang/Number;#452#337 prob_bp = 0.49999999963351677000
org.apache.commons.lang.math.NumberUtils:createNumber:(Ljava/lang/String;)Ljava/lang/Number;#452#365 prob_bp = 0.49999999984358890000
org.apache.commons.lang.math.NumberUtils:createNumber:(Ljava/lang/String;)Ljava/lang/Number;#452#363 prob_bp = 0.49999999984955884000
org.apache.commons.lang.math.NumberUtils:createNumber:(Ljava/lang/String;)Ljava/lang/Number;#419#91 prob_bp = 0.49999999989395890000
org.apache.commons.lang.math.NumberUtils:createNumber:(Ljava/lang/String;)Ljava/lang/Number;#440#195 prob_bp = 0.49999999989406857000
org.apache.commons.lang.math.NumberUtils:createNumber:(Ljava/lang/String;)Ljava/lang/Number;#452#348 prob_bp = 0.49999999992527216000
org.apache.commons.lang.math.NumberUtils:createNumber:(Ljava/lang/String;)Ljava/lang/Number;#452#347 prob_bp = 0.49999999992816710000
org.apache.commons.lang.math.NumberUtils:createNumber:(Ljava/lang/String;)Ljava/lang/Number;#452#371 prob_bp = 0.49999999996754446000
org.apache.commons.lang.math.NumberUtils:createNumber:(Ljava/lang/String;)Ljava/lang/Number;#452#370 prob_bp = 0.49999999996880423000
org.apache.commons.lang.math.NumberUtils:createNumber:(Ljava/lang/String;)Ljava/lang/Number;#440#194 prob_bp = 0.49999999997836480000
org.apache.commons.lang.math.NumberUtils:createNumber:(Ljava/lang/String;)Ljava/lang/Number;#452#336 prob_bp = 0.49999999998194690000
org.apache.commons.lang.math.NumberUtils:createNumber:(Ljava/lang/String;)Ljava/lang/Number;#452#345 prob_bp = 0.49999999998232680000
org.apache.commons.lang.math.NumberUtils:createNumber:(Ljava/lang/String;)Ljava/lang/Number;#452#368 prob_bp = 0.49999999999233613000
org.apache.commons.lang.math.NumberUtils:createNumber:(Ljava/lang/String;)Ljava/lang/Number;#438#193 prob_bp = 0.49999999999273503000
org.apache.commons.lang.math.NumberUtils:createNumber:(Ljava/lang/String;)Ljava/lang/Number;#447#248 prob_bp = 0.49999999999291334000
org.apache.commons.lang.math.NumberUtils:createNumber:(Ljava/lang/String;)Ljava/lang/Number;#438#192 prob_bp = 0.49999999999301720000
org.apache.commons.lang.math.NumberUtils:createNumber:(Ljava/lang/String;)Ljava/lang/Number;#447#241 prob_bp = 0.49999999999318717000
org.apache.commons.lang.math.NumberUtils:createNumber:(Ljava/lang/String;)Ljava/lang/Number;#419#90 prob_bp = 0.49999999999360280000
org.apache.commons.lang.math.NumberUtils:createNumber:(Ljava/lang/String;)Ljava/lang/Number;#419#89 prob_bp = 0.49999999999385070000
org.apache.commons.lang.math.NumberUtils:createNumber:(Ljava/lang/String;)Ljava/lang/Number;#447#240 prob_bp = 0.49999999999385810000
org.apache.commons.lang.math.NumberUtils:isDigits:(Ljava/lang/String;)Z#1515#39 prob_bp = 0.49999999999526270000
org.apache.commons.lang.math.NumberUtils:isDigits:(Ljava/lang/String;)Z#1515#38 prob_bp = 0.49999999999544675000
org.apache.commons.lang.math.NumberUtils:createNumber:(Ljava/lang/String;)Ljava/lang/Number;#421#96 prob_bp = 0.49999999999950370000
org.apache.commons.lang.math.NumberUtils:createNumber:(Ljava/lang/String;)Ljava/lang/Number;#421#95 prob_bp = 0.49999999999952230000
org.apache.commons.lang.math.NumberUtils:createNumber:(Ljava/lang/String;)Ljava/lang/Number;#447#247 prob_bp = 0.49999999999956546000
org.apache.commons.lang.math.NumberUtils:createNumber:(Ljava/lang/String;)Ljava/lang/Number;#447#246 prob_bp = 0.49999999999958230000
org.apache.commons.lang.math.NumberUtils:createNumber:(Ljava/lang/String;)Ljava/lang/Number;#452#360 prob_bp = 0.49999999999982260000
org.apache.commons.lang.math.NumberUtils:createNumber:(Ljava/lang/String;)Ljava/lang/Number;#452#359 prob_bp = 0.49999999999982925000
org.apache.commons.lang.math.NumberUtils:createNumber:(Ljava/lang/String;)Ljava/lang/Number;#447#243 prob_bp = 0.49999999999986180000
org.apache.commons.lang.math.NumberUtils:createNumber:(Ljava/lang/String;)Ljava/lang/Number;#447#242 prob_bp = 0.49999999999988050000
org.apache.commons.lang.math.NumberUtils:createNumber:(Ljava/lang/String;)Ljava/lang/Number;#421#93 prob_bp = 0.49999999999988260000
org.apache.commons.lang.math.NumberUtils:createNumber:(Ljava/lang/String;)Ljava/lang/Number;#452#357 prob_bp = 0.49999999999995750000
org.apache.commons.lang.math.NumberUtils:createNumber:(Ljava/lang/String;)Ljava/lang/Number;#418#74 prob_bp = 0.49999999999997685000
org.apache.commons.lang.math.NumberUtils:createNumber:(Ljava/lang/String;)Ljava/lang/Number;#419#88 prob_bp = 0.49999999999998440000
org.apache.commons.lang.math.NumberUtils:createNumber:(Ljava/lang/String;)Ljava/lang/Number;#419#83 prob_bp = 0.49999999999999940000
org.apache.commons.lang.math.NumberUtils:createNumber:(Ljava/lang/String;)Ljava/lang/Number;#419#82 prob_bp = 0.49999999999999960000
org.apache.commons.lang.math.NumberUtils:createNumber:(Ljava/lang/String;)Ljava/lang/Number;#419#85 prob_bp = 0.49999999999999970000
org.apache.commons.lang.StringUtils:isBlank:(Ljava/lang/String;)Z#223#10 prob_bp = 0.49999999999999990000
org.apache.commons.lang.math.NumberUtils:createNumber:(Ljava/lang/String;)Ljava/lang/Number;#398#1 prob_bp = 0.49999999999999994000
org.apache.commons.lang.StringUtils:isBlank:(Ljava/lang/String;)Z#226#19 prob_bp = 0.49999999999999994000
org.apache.commons.lang.StringUtils:isBlank:(Ljava/lang/String;)Z#227#22 prob_bp = 0.49999999999999994000
org.apache.commons.lang.math.NumberUtils:createNumber:(Ljava/lang/String;)Ljava/lang/Number;#418#69 prob_bp = 0.49999999999999994000
org.apache.commons.lang.StringUtils:isBlank:(Ljava/lang/String;)Z#223#9 prob_bp = 0.50000000000000000000
org.apache.commons.lang.math.NumberUtils:createNumber:(Ljava/lang/String;)Ljava/lang/Number;#419#77 prob_bp = 0.50000000000000000000
org.apache.commons.lang.math.NumberUtils:createNumber:(Ljava/lang/String;)Ljava/lang/Number;#464#397 prob_bp = 0.50000000000000000000
org.apache.commons.lang.math.NumberUtils:createNumber:(Ljava/lang/String;)Ljava/lang/Number;#464#401 prob_bp = 0.50000000000000000000
org.apache.commons.lang.math.NumberUtils:createNumber:(Ljava/lang/String;)Ljava/lang/Number;#464#406 prob_bp = 0.50000000000000000000
org.apache.commons.lang.math.NumberUtils:createNumber:(Ljava/lang/String;)Ljava/lang/Number;#464#411 prob_bp = 0.50000000000000000000
org.apache.commons.lang.math.NumberUtils:createNumber:(Ljava/lang/String;)Ljava/lang/Number;#464#414 prob_bp = 0.50000000000000000000
org.apache.commons.lang.math.NumberUtils:createNumber:(Ljava/lang/String;)Ljava/lang/Number;#464#420 prob_bp = 0.50000000000000000000
org.apache.commons.lang.math.NumberUtils:createNumber:(Ljava/lang/String;)Ljava/lang/Number;#398#0 prob_bp = 0.50000000000000010000
org.apache.commons.lang.math.NumberUtils:createNumber:(Ljava/lang/String;)Ljava/lang/Number;#401#7 prob_bp = 0.50000000000000010000
org.apache.commons.lang.StringUtils:isBlank:(Ljava/lang/String;)Z#223#0 prob_bp = 0.50000000000000010000
org.apache.commons.lang.StringUtils:isBlank:(Ljava/lang/String;)Z#226#17 prob_bp = 0.50000000000000010000
org.apache.commons.lang.StringUtils:isBlank:(Ljava/lang/String;)Z#227#23 prob_bp = 0.50000000000000010000
org.apache.commons.lang.math.NumberUtils:createNumber:(Ljava/lang/String;)Ljava/lang/Number;#418#68 prob_bp = 0.50000000000000010000
org.apache.commons.lang.math.NumberUtils:createNumber:(Ljava/lang/String;)Ljava/lang/Number;#419#76 prob_bp = 0.50000000000000010000
org.apache.commons.lang.math.NumberUtils:createNumber:(Ljava/lang/String;)Ljava/lang/Number;#419#79 prob_bp = 0.50000000000000010000
org.apache.commons.lang.StringUtils:isBlank:(Ljava/lang/String;)Z#223#1 prob_bp = 0.50000000000000020000
org.apache.commons.lang.StringUtils:isBlank:(Ljava/lang/String;)Z#223#8 prob_bp = 0.50000000000000030000
org.apache.commons.lang.StringUtils:isBlank:(Ljava/lang/String;)Z#226#16 prob_bp = 0.50000000000000030000
org.apache.commons.lang.StringUtils:isBlank:(Ljava/lang/String;)Z#226#18 prob_bp = 0.50000000000000030000
org.apache.commons.lang.StringUtils:isBlank:(Ljava/lang/String;)Z#227#24 prob_bp = 0.50000000000000040000
org.apache.commons.lang.StringUtils:isBlank:(Ljava/lang/String;)Z#223#4 prob_bp = 0.50000000000000060000
org.apache.commons.lang.math.NumberUtils:createNumber:(Ljava/lang/String;)Ljava/lang/Number;#401#6 prob_bp = 0.50000000000000070000
org.apache.commons.lang.StringUtils:isBlank:(Ljava/lang/String;)Z#223#5 prob_bp = 0.50000000000000080000
org.apache.commons.lang.math.NumberUtils:createNumber:(Ljava/lang/String;)Ljava/lang/Number;#418#71 prob_bp = 0.50000000000000100000
org.apache.commons.lang.StringUtils:isBlank:(Ljava/lang/String;)Z#226#15 prob_bp = 0.50000000000000110000
org.apache.commons.lang.StringUtils:isBlank:(Ljava/lang/String;)Z#227#27 prob_bp = 0.50000000000000380000
org.apache.commons.lang.math.NumberUtils:createNumber:(Ljava/lang/String;)Ljava/lang/Number;#433#173 prob_bp = 0.50000000000000900000
org.apache.commons.lang.StringUtils:isBlank:(Ljava/lang/String;)Z#227#30 prob_bp = 0.50000000000001830000
org.apache.commons.lang.math.NumberUtils:isDigits:(Ljava/lang/String;)Z#1510#32 prob_bp = 0.50000000000003240000
org.apache.commons.lang.math.NumberUtils:createNumber:(Ljava/lang/String;)Ljava/lang/Number;#433#175 prob_bp = 0.50000000000003590000
org.apache.commons.lang.math.NumberUtils:createNumber:(Ljava/lang/String;)Ljava/lang/Number;#433#176 prob_bp = 0.50000000000003700000
org.apache.commons.lang.math.NumberUtils:createNumber:(Ljava/lang/String;)Ljava/lang/Number;#404#23 prob_bp = 0.50000000000011400000
org.apache.commons.lang.math.NumberUtils:createNumber:(Ljava/lang/String;)Ljava/lang/Number;#404#24 prob_bp = 0.50000000000023610000
org.apache.commons.lang.math.NumberUtils:createNumber:(Ljava/lang/String;)Ljava/lang/Number;#404#26 prob_bp = 0.50000000000024500000
org.apache.commons.lang.StringUtils:isBlank:(Ljava/lang/String;)Z#228#33 prob_bp = 0.50000000000180140000
org.apache.commons.lang.StringUtils:isBlank:(Ljava/lang/String;)Z#228#34 prob_bp = 0.50000000000187320000
org.apache.commons.lang.math.NumberUtils:createNumber:(Ljava/lang/String;)Ljava/lang/Number;#401#10 prob_bp = 0.50000000000216530000
org.apache.commons.lang.math.NumberUtils:createNumber:(Ljava/lang/String;)Ljava/lang/Number;#436#190 prob_bp = 0.50000000000432040000
org.apache.commons.lang.math.NumberUtils:isAllZeros:(Ljava/lang/String;)Z#559#6 prob_bp = 0.50000000000518150000
org.apache.commons.lang.math.NumberUtils:createNumber:(Ljava/lang/String;)Ljava/lang/Number;#436#191 prob_bp = 0.50000000000939390000
org.apache.commons.lang.math.NumberUtils:isAllZeros:(Ljava/lang/String;)Z#559#7 prob_bp = 0.50000000002083630000
org.apache.commons.lang.math.NumberUtils:createNumber:(Ljava/lang/String;)Ljava/lang/Number;#433#176#unexe#2 prob_bp = 0.50000000002987670000
org.apache.commons.lang.math.NumberUtils:createNumber:(Ljava/lang/String;)Ljava/lang/Number;#411#34 prob_bp = 0.50000000003719710000
org.apache.commons.lang.math.NumberUtils:createNumber:(Ljava/lang/String;)Ljava/lang/Number;#411#35 prob_bp = 0.50000000007767820000
org.apache.commons.lang.math.NumberUtils:createNumber:(Ljava/lang/String;)Ljava/lang/Number;#411#37 prob_bp = 0.50000000008080960000
org.apache.commons.lang.math.NumberUtils:createNumber:(Ljava/lang/String;)Ljava/lang/Number;#448#253 prob_bp = 0.50000000011256560000
org.apache.commons.lang.math.NumberUtils:createNumber:(Ljava/lang/String;)Ljava/lang/Number;#404#29 prob_bp = 0.50000000011806340000
org.apache.commons.lang.math.NumberUtils:createNumber:(Ljava/lang/String;)Ljava/lang/Number;#448#254 prob_bp = 0.50000000044518640000
org.apache.commons.lang.math.NumberUtils:isAllZeros:(Ljava/lang/String;)Z#556#0 prob_bp = 0.50000000069259810000
org.apache.commons.lang.math.NumberUtils:createNumber:(Ljava/lang/String;)Ljava/lang/Number;#414#58 prob_bp = 0.50000000085332890000
org.apache.commons.lang.math.NumberUtils:isAllZeros:(Ljava/lang/String;)Z#560#18 prob_bp = 0.50000000104301100000
org.apache.commons.lang.math.NumberUtils:isAllZeros:(Ljava/lang/String;)Z#560#17 prob_bp = 0.50000000108539480000
org.apache.commons.lang.math.NumberUtils:createNumber:(Ljava/lang/String;)Ljava/lang/Number;#414#59 prob_bp = 0.50000000183942010000
org.apache.commons.lang.math.NumberUtils:isAllZeros:(Ljava/lang/String;)Z#559#10 prob_bp = 0.50000000188521370000
org.apache.commons.lang.math.NumberUtils:isAllZeros:(Ljava/lang/String;)Z#559#11 prob_bp = 0.50000000196113000000
org.apache.commons.lang.math.NumberUtils:isAllZeros:(Ljava/lang/String;)Z#556#1 prob_bp = 0.50000000278305990000
org.apache.commons.lang.math.NumberUtils:isAllZeros:(Ljava/lang/String;)Z#560#19 prob_bp = 0.50000000436387430000
org.apache.commons.lang.math.NumberUtils:isDigits:(Ljava/lang/String;)Z#1510#12 prob_bp = 0.50000000735111680000
org.apache.commons.lang.math.NumberUtils:isDigits:(Ljava/lang/String;)Z#1510#13 prob_bp = 0.50000000846113600000
org.apache.commons.lang.math.NumberUtils:createNumber:(Ljava/lang/String;)Ljava/lang/Number;#411#43 prob_bp = 0.50000001006137610000
org.apache.commons.lang.math.NumberUtils:createNumber:(Ljava/lang/String;)Ljava/lang/Number;#411#44 prob_bp = 0.50000002101115230000
org.apache.commons.lang.math.NumberUtils:createNumber:(Ljava/lang/String;)Ljava/lang/Number;#411#46 prob_bp = 0.50000002185793090000
org.apache.commons.lang.math.NumberUtils:createNumber:(Ljava/lang/String;)Ljava/lang/Number;#414#62 prob_bp = 0.50000002210275450000
org.apache.commons.lang.math.NumberUtils:createNumber:(Ljava/lang/String;)Ljava/lang/Number;#414#63 prob_bp = 0.50000002298070510000
org.apache.commons.lang.math.NumberUtils:isAllZeros:(Ljava/lang/String;)Z#559#12 prob_bp = 0.50000003243143350000
org.apache.commons.lang.math.NumberUtils:createNumber:(Ljava/lang/String;)Ljava/lang/Number;#411#40 prob_bp = 0.50000004622884090000
org.apache.commons.lang.math.NumberUtils:isDigits:(Ljava/lang/String;)Z#1510#11 prob_bp = 0.50000009506581590000
org.apache.commons.lang.math.NumberUtils:isDigits:(Ljava/lang/String;)Z#1511#20 prob_bp = 0.50000011276212450000
org.apache.commons.lang.math.NumberUtils:isDigits:(Ljava/lang/String;)Z#1510#16 prob_bp = 0.50000014404092390000
org.apache.commons.lang.math.NumberUtils:isDigits:(Ljava/lang/String;)Z#1511#19 prob_bp = 0.50000014903479560000
org.apache.commons.lang.math.NumberUtils:isAllZeros:(Ljava/lang/String;)Z#559#13 prob_bp = 0.50000015409039010000
org.apache.commons.lang.math.NumberUtils:createNumber:(Ljava/lang/String;)Ljava/lang/Number;#414#57 prob_bp = 0.50000017168468400000
org.apache.commons.lang.math.NumberUtils:isDigits:(Ljava/lang/String;)Z#1511#21 prob_bp = 0.50000017197238720000
org.apache.commons.lang.math.NumberUtils:isDigits:(Ljava/lang/String;)Z#1510#9 prob_bp = 0.50000017385017410000
org.apache.commons.lang.math.NumberUtils:isDigits:(Ljava/lang/String;)Z#1510#10 prob_bp = 0.50000018071561690000
org.apache.commons.lang.math.NumberUtils:createNumber:(Ljava/lang/String;)Ljava/lang/Number;#414#64 prob_bp = 0.50000037008244760000
org.apache.commons.lang.math.NumberUtils:isAllZeros:(Ljava/lang/String;)Z#559#14 prob_bp = 0.50000064488122150000
org.apache.commons.lang.StringUtils:isEmpty:(Ljava/lang/String;)Z#185#4 prob_bp = 0.50000605955406770000
org.apache.commons.lang.StringUtils:isEmpty:(Ljava/lang/String;)Z#185#5 prob_bp = 0.50001364421011070000
org.apache.commons.lang.math.NumberUtils:createNumber:(Ljava/lang/String;)Ljava/lang/Number;#411#49 prob_bp = 0.50001841592120260000
org.apache.commons.lang.StringUtils:isEmpty:(Ljava/lang/String;)Z#185#0 prob_bp = 0.50002178062809120000
org.apache.commons.lang.StringUtils:isEmpty:(Ljava/lang/String;)Z#185#1 prob_bp = 0.50004749745166970000
org.apache.commons.lang.math.NumberUtils:isAllZeros:(Ljava/lang/String;)Z#560#22 prob_bp = 0.50009623215625050000
org.apache.commons.lang.math.NumberUtils:isAllZeros:(Ljava/lang/String;)Z#560#24 prob_bp = 0.50010010678074000000
org.apache.commons.lang.StringUtils:isEmpty:(Ljava/lang/String;)Z#185#8 prob_bp = 0.50019960882640620000
org.apache.commons.lang.math.NumberUtils:isDigits:(Ljava/lang/String;)Z#1511#24 prob_bp = 0.50030954002449380000
org.apache.commons.lang.math.NumberUtils:isDigits:(Ljava/lang/String;)Z#1511#27 prob_bp = 0.50155554083649920000
org.apache.commons.lang.math.NumberUtils:createNumber:(Ljava/lang/String;)Ljava/lang/Number;#414#67 prob_bp = 0.50735705230126170000
org.apache.commons.lang.StringUtils:isEmpty:(Ljava/lang/String;)Z#185#11 prob_bp = 0.51832369826119940000
org.apache.commons.lang.math.NumberUtils:createNumber:(Ljava/lang/String;)Ljava/lang/Number;#449#275 prob_bp = 0.53700658837802440000
org.apache.commons.lang.StringUtils:isEmpty:(Ljava/lang/String;)Z#185#15 prob_bp = 0.55902774490168360000
org.apache.commons.lang.StringUtils:isEmpty:(Ljava/lang/String;)Z#185#16 prob_bp = 0.57617646996344170000
org.apache.commons.lang.math.NumberUtils:createNumber:(Ljava/lang/String;)Ljava/lang/Number;#449#276 prob_bp = 0.63251199595877720000
org.apache.commons.lang.math.NumberUtilsTest:testLang300:()V#1369#0 prob_bp = 1.00000000000000000000
org.apache.commons.lang.math.NumberUtilsTest:testLang300:()V#1369#3 prob_bp = 1.00000000000000000000
org.apache.commons.lang.math.NumberUtilsTest:testLang300:()V#1370#7 prob_bp = 1.00000000000000000000
org.apache.commons.lang.math.NumberUtilsTest:testLang300:()V#1370#10 prob_bp = 1.00000000000000000000
org.apache.commons.lang.math.NumberUtilsTest:testLang300:()V#1371#14 prob_bp = 1.00000000000000000000
org.apache.commons.lang.math.NumberUtilsTest:testLang300:()V#1371#16 prob_bp = 1.00000000000000000000
Belief propagation time : 7.423000s
