Belief propagation time: 72

Probabilities: 
Vars:29489
Stmts:5035
org.apache.commons.lang3.math.NumberUtils:createNumber:(Ljava/lang/String;)Ljava/lang/Number;#489#180 prob_bp = 0.33967056869319950000
org.apache.commons.lang3.math.NumberUtils:createNumber:(Ljava/lang/String;)Ljava/lang/Number;#489#179 prob_bp = 0.49128650275251150000
org.apache.commons.lang3.math.NumberUtils:createNumber:(Ljava/lang/String;)Ljava/lang/Number;#580#641 prob_bp = 0.49657356486326260000
org.apache.commons.lang3.math.NumberUtils:createNumber:(Ljava/lang/String;)Ljava/lang/Number;#489#181 prob_bp = 0.49898606489162856000
org.apache.commons.lang3.math.NumberUtils:createNumber:(Ljava/lang/String;)Ljava/lang/Number;#474#91 prob_bp = 0.49978062739689166000
org.apache.commons.lang3.math.NumberUtils:createNumber:(Ljava/lang/String;)Ljava/lang/Number;#488#176 prob_bp = 0.49985370238145940000
org.apache.commons.lang3.math.NumberUtils:createNumber:(Ljava/lang/String;)Ljava/lang/Number;#488#175 prob_bp = 0.49985938115121830000
org.apache.commons.lang3.math.NumberUtils:createNumber:(Ljava/lang/String;)Ljava/lang/Number;#488#173 prob_bp = 0.49996952851892695000
org.apache.commons.lang3.math.NumberUtils:createNumber:(Ljava/lang/String;)Ljava/lang/Number;#474#90 prob_bp = 0.49998677624482507000
org.apache.commons.lang3.math.NumberUtils:createNumber:(Ljava/lang/String;)Ljava/lang/Number;#474#89 prob_bp = 0.49998728878076765000
org.apache.commons.lang3.math.NumberUtils:createNumber:(Ljava/lang/String;)Ljava/lang/Number;#580#631 prob_bp = 0.49998858616957920000
org.apache.commons.lang3.math.NumberUtils:createNumber:(Ljava/lang/String;)Ljava/lang/Number;#580#628 prob_bp = 0.49999716877162830000
org.apache.commons.lang3.math.NumberUtils:createNumber:(Ljava/lang/String;)Ljava/lang/Number;#580#640 prob_bp = 0.49999780123961250000
org.apache.commons.lang3.math.NumberUtils:createNumber:(Ljava/lang/String;)Ljava/lang/Number;#580#639 prob_bp = 0.49999788691630330000
org.apache.commons.lang3.math.NumberUtils:createNumber:(Ljava/lang/String;)Ljava/lang/Number;#580#626 prob_bp = 0.49999930434416790000
org.apache.commons.lang3.math.NumberUtils:createNumber:(Ljava/lang/String;)Ljava/lang/Number;#466#49 prob_bp = 0.49999938384048254000
org.apache.commons.lang3.math.NumberUtils:createNumber:(Ljava/lang/String;)Ljava/lang/Number;#476#96 prob_bp = 0.49999973148492144000
org.apache.commons.lang3.math.NumberUtils:createNumber:(Ljava/lang/String;)Ljava/lang/Number;#476#95 prob_bp = 0.49999974189247280000
org.apache.commons.lang3.math.NumberUtils:createNumber:(Ljava/lang/String;)Ljava/lang/Number;#579#624 prob_bp = 0.49999983459064984000
org.apache.commons.lang3.math.NumberUtils:createFloat:(Ljava/lang/String;)Ljava/lang/Float;#632#1 prob_bp = 0.49999993561944883000
org.apache.commons.lang3.math.NumberUtils:createNumber:(Ljava/lang/String;)Ljava/lang/Number;#476#93 prob_bp = 0.49999993651633980000
org.apache.commons.lang3.math.NumberUtils:createFloat:(Ljava/lang/String;)Ljava/lang/Float;#635#10 prob_bp = 0.49999996695987460000
org.apache.commons.lang3.math.NumberUtils:createNumber:(Ljava/lang/String;)Ljava/lang/Number;#474#88 prob_bp = 0.49999996715345935000
org.apache.commons.lang3.math.NumberUtils:createFloat:(Ljava/lang/String;)Ljava/lang/Float;#632#0 prob_bp = 0.49999997333176865000
org.apache.commons.lang3.math.NumberUtils:createNumber:(Ljava/lang/String;)Ljava/lang/Number;#579#621 prob_bp = 0.49999998263390210000
org.apache.commons.lang3.math.NumberUtils:createNumber:(Ljava/lang/String;)Ljava/lang/Number;#579#620 prob_bp = 0.49999998495204520000
org.apache.commons.lang3.math.NumberUtils:createNumber:(Ljava/lang/String;)Ljava/lang/Number;#473#74 prob_bp = 0.49999998736416170000
org.apache.commons.lang3.math.NumberUtils:createNumber:(Ljava/lang/String;)Ljava/lang/Number;#580#636 prob_bp = 0.49999999050220410000
org.apache.commons.lang3.math.NumberUtils:createNumber:(Ljava/lang/String;)Ljava/lang/Number;#580#634 prob_bp = 0.49999999768009570000
org.apache.commons.lang3.math.NumberUtils:createNumber:(Ljava/lang/String;)Ljava/lang/Number;#466#40 prob_bp = 0.49999999844810820000
org.apache.commons.lang3.math.NumberUtils:createNumber:(Ljava/lang/String;)Ljava/lang/Number;#466#46 prob_bp = 0.49999999874899660000
org.apache.commons.lang3.math.NumberUtils:createNumber:(Ljava/lang/String;)Ljava/lang/Number;#466#44 prob_bp = 0.49999999879746290000
org.apache.commons.lang3.math.NumberUtils:createNumber:(Ljava/lang/String;)Ljava/lang/Number;#466#43 prob_bp = 0.49999999914361830000
org.apache.commons.lang3.math.NumberUtils:createFloat:(Ljava/lang/String;)Ljava/lang/Float;#635#7 prob_bp = 0.49999999986018430000
org.apache.commons.lang3.math.NumberUtils:createBigInteger:(Ljava/lang/String;)Ljava/math/BigInteger;#698#1 prob_bp = 0.49999999987726146000
org.apache.commons.lang3.math.NumberUtils:createNumber:(Ljava/lang/String;)Ljava/lang/Number;#474#79 prob_bp = 0.49999999993326355000
org.apache.commons.lang3.math.NumberUtils:createNumber:(Ljava/lang/String;)Ljava/lang/Number;#474#85 prob_bp = 0.49999999993340740000
org.apache.commons.lang3.math.NumberUtils:createNumber:(Ljava/lang/String;)Ljava/lang/Number;#474#77 prob_bp = 0.49999999993585010000
org.apache.commons.lang3.math.NumberUtils:createNumber:(Ljava/lang/String;)Ljava/lang/Number;#474#83 prob_bp = 0.49999999993598840000
org.apache.commons.lang3.math.NumberUtils:createFloat:(Ljava/lang/String;)Ljava/lang/Float;#635#6 prob_bp = 0.49999999994196270000
org.apache.commons.lang3.math.NumberUtils:createBigInteger:(Ljava/lang/String;)Ljava/math/BigInteger;#698#0 prob_bp = 0.49999999994891740000
org.apache.commons.lang3.math.NumberUtils:createNumber:(Ljava/lang/String;)Ljava/lang/Number;#474#76 prob_bp = 0.49999999995432204000
org.apache.commons.lang3.math.NumberUtils:createNumber:(Ljava/lang/String;)Ljava/lang/Number;#474#82 prob_bp = 0.49999999995442220000
org.apache.commons.lang3.math.NumberUtils:createNumber:(Ljava/lang/String;)Ljava/lang/Number;#573#594 prob_bp = 0.49999999996672860000
org.apache.commons.lang3.math.NumberUtils:createNumber:(Ljava/lang/String;)Ljava/lang/Number;#573#593 prob_bp = 0.49999999997115574000
org.apache.commons.lang3.math.NumberUtils:createNumber:(Ljava/lang/String;)Ljava/lang/Number;#473#71 prob_bp = 0.49999999997429306000
org.apache.commons.lang3.math.NumberUtils:createNumber:(Ljava/lang/String;)Ljava/lang/Number;#473#69 prob_bp = 0.49999999997529000000
org.apache.commons.lang3.math.NumberUtils:createNumber:(Ljava/lang/String;)Ljava/lang/Number;#473#68 prob_bp = 0.49999999998240535000
org.apache.commons.lang3.math.NumberUtils:isAllZeros:(Ljava/lang/String;)Z#614#24 prob_bp = 0.49999999999054650000
org.apache.commons.lang3.math.NumberUtils:isAllZeros:(Ljava/lang/String;)Z#614#22 prob_bp = 0.49999999999091266000
org.apache.commons.lang3.math.NumberUtils:createNumber:(Ljava/lang/String;)Ljava/lang/Number;#466#37 prob_bp = 0.49999999999430840000
org.apache.commons.lang3.math.NumberUtils:createNumber:(Ljava/lang/String;)Ljava/lang/Number;#466#35 prob_bp = 0.49999999999452930000
org.apache.commons.lang3.math.NumberUtils:createNumber:(Ljava/lang/String;)Ljava/lang/Number;#459#29 prob_bp = 0.49999999999600790000
org.apache.commons.lang3.math.NumberUtils:createNumber:(Ljava/lang/String;)Ljava/lang/Number;#466#34 prob_bp = 0.49999999999610373000
org.apache.commons.lang3.math.NumberUtils:createNumber:(Ljava/lang/String;)Ljava/lang/Number;#569#587 prob_bp = 0.49999999999966150000
org.apache.commons.lang3.math.NumberUtils:createNumber:(Ljava/lang/String;)Ljava/lang/Number;#569#586 prob_bp = 0.49999999999970657000
org.apache.commons.lang3.math.NumberUtils:createNumber:(Ljava/lang/String;)Ljava/lang/Number;#456#10 prob_bp = 0.49999999999992180000
org.apache.commons.lang3.math.NumberUtils:isAllZeros:(Ljava/lang/String;)Z#613#14 prob_bp = 0.49999999999993900000
org.apache.commons.lang3.math.NumberUtils:createNumber:(Ljava/lang/String;)Ljava/lang/Number;#459#26 prob_bp = 0.49999999999998024000
org.apache.commons.lang3.math.NumberUtils:createNumber:(Ljava/lang/String;)Ljava/lang/Number;#459#24 prob_bp = 0.49999999999998074000
org.apache.commons.lang3.math.NumberUtils:isAllZeros:(Ljava/lang/String;)Z#613#13 prob_bp = 0.49999999999998496000
org.apache.commons.lang3.math.NumberUtils:createNumber:(Ljava/lang/String;)Ljava/lang/Number;#459#23 prob_bp = 0.49999999999998590000
org.apache.commons.lang3.math.NumberUtils:createInteger:(Ljava/lang/String;)Ljava/lang/Integer;#665#1 prob_bp = 0.49999999999998973000
org.apache.commons.lang3.math.NumberUtils:createNumber:(Ljava/lang/String;)Ljava/lang/Number;#486#166 prob_bp = 0.49999999999999130000
org.apache.commons.lang3.math.NumberUtils:createNumber:(Ljava/lang/String;)Ljava/lang/Number;#486#163 prob_bp = 0.49999999999999150000
org.apache.commons.lang3.math.NumberUtils:createNumber:(Ljava/lang/String;)Ljava/lang/Number;#486#162 prob_bp = 0.49999999999999260000
org.apache.commons.lang3.math.NumberUtils:createInteger:(Ljava/lang/String;)Ljava/lang/Integer;#665#0 prob_bp = 0.49999999999999580000
org.apache.commons.lang3.math.NumberUtils:isAllZeros:(Ljava/lang/String;)Z#613#12 prob_bp = 0.49999999999999660000
org.apache.commons.lang3.math.NumberUtils:createNumber:(Ljava/lang/String;)Ljava/lang/Number;#564#580 prob_bp = 0.49999999999999720000
org.apache.commons.lang3.math.NumberUtils:createNumber:(Ljava/lang/String;)Ljava/lang/Number;#564#579 prob_bp = 0.49999999999999767000
org.apache.commons.lang3.math.NumberUtils:createNumber:(Ljava/lang/String;)Ljava/lang/Number;#486#164 prob_bp = 0.49999999999999784000
org.apache.commons.lang3.math.NumberUtils:isAllZeros:(Ljava/lang/String;)Z#613#7 prob_bp = 0.49999999999999830000
org.apache.commons.lang3.math.NumberUtils:isAllZeros:(Ljava/lang/String;)Z#614#19 prob_bp = 0.49999999999999850000
org.apache.commons.lang3.math.NumberUtils:createNumber:(Ljava/lang/String;)Ljava/lang/Number;#577#599 prob_bp = 0.49999999999999944000
org.apache.commons.lang3.math.NumberUtils:isAllZeros:(Ljava/lang/String;)Z#610#1 prob_bp = 0.49999999999999960000
org.apache.commons.lang3.math.NumberUtils:isAllZeros:(Ljava/lang/String;)Z#613#10 prob_bp = 0.49999999999999960000
org.apache.commons.lang3.math.NumberUtils:createNumber:(Ljava/lang/String;)Ljava/lang/Number;#561#570 prob_bp = 0.49999999999999970000
org.apache.commons.lang3.math.NumberUtils:isAllZeros:(Ljava/lang/String;)Z#614#18 prob_bp = 0.49999999999999970000
org.apache.commons.lang3.math.NumberUtils:isAllZeros:(Ljava/lang/String;)Z#613#6 prob_bp = 0.49999999999999983000
org.apache.commons.lang3.math.NumberUtils:isAllZeros:(Ljava/lang/String;)Z#614#17 prob_bp = 0.49999999999999983000
org.apache.commons.lang3.math.NumberUtils:createNumber:(Ljava/lang/String;)Ljava/lang/Number;#484#157 prob_bp = 0.49999999999999990000
org.apache.commons.lang3.math.NumberUtils:createNumber:(Ljava/lang/String;)Ljava/lang/Number;#478#102 prob_bp = 0.49999999999999994000
org.apache.commons.lang3.math.NumberUtils:createNumber:(Ljava/lang/String;)Ljava/lang/Number;#484#153 prob_bp = 0.49999999999999994000
org.apache.commons.lang3.math.NumberUtils:createNumber:(Ljava/lang/String;)Ljava/lang/Number;#484#161 prob_bp = 0.49999999999999994000
org.apache.commons.lang3.math.NumberUtils:createNumber:(Ljava/lang/String;)Ljava/lang/Number;#556#533 prob_bp = 0.49999999999999994000
org.apache.commons.lang3.math.NumberUtils:createNumber:(Ljava/lang/String;)Ljava/lang/Number;#561#571 prob_bp = 0.49999999999999994000
org.apache.commons.lang3.math.NumberUtils:createNumber:(Ljava/lang/String;)Ljava/lang/Number;#577#598 prob_bp = 0.49999999999999994000
org.apache.commons.lang3.math.NumberUtils:createNumber:(Ljava/lang/String;)Ljava/lang/Number;#577#618 prob_bp = 0.49999999999999994000
org.apache.commons.lang3.math.NumberUtils:createNumber:(Ljava/lang/String;)Ljava/lang/Number;#493#193 prob_bp = 0.49999999999999994000
org.apache.commons.lang3.math.NumberUtils:createNumber:(Ljava/lang/String;)Ljava/lang/Number;#503#263 prob_bp = 0.49999999999999994000
org.apache.commons.lang3.math.NumberUtils:createNumber:(Ljava/lang/String;)Ljava/lang/Number;#537#468 prob_bp = 0.49999999999999994000
org.apache.commons.lang3.math.NumberUtils:createNumber:(Ljava/lang/String;)Ljava/lang/Number;#537#474 prob_bp = 0.49999999999999994000
org.apache.commons.lang3.math.NumberUtils:createNumber:(Ljava/lang/String;)Ljava/lang/Number;#522#421 prob_bp = 0.49999999999999994000
org.apache.commons.lang3.math.NumberUtils:createNumber:(Ljava/lang/String;)Ljava/lang/Number;#523#430 prob_bp = 0.49999999999999994000
org.apache.commons.lang3.math.NumberUtils:createNumber:(Ljava/lang/String;)Ljava/lang/Number;#507#340 prob_bp = 0.49999999999999994000
org.apache.commons.lang3.math.NumberUtils:createNumber:(Ljava/lang/String;)Ljava/lang/Number;#507#341 prob_bp = 0.49999999999999994000
org.apache.commons.lang3.math.NumberUtils:createNumber:(Ljava/lang/String;)Ljava/lang/Number;#467#53 prob_bp = 0.49999999999999994000
org.apache.commons.lang3.math.NumberUtils:createNumber:(Ljava/lang/String;)Ljava/lang/Number;#482#140 prob_bp = 0.49999999999999994000
org.apache.commons.lang3.math.NumberUtils:createNumber:(Ljava/lang/String;)Ljava/lang/Number;#482#142 prob_bp = 0.49999999999999994000
org.apache.commons.lang3.math.NumberUtils:createNumber:(Ljava/lang/String;)Ljava/lang/Number;#482#143 prob_bp = 0.49999999999999994000
org.apache.commons.lang3.math.NumberUtils:createNumber:(Ljava/lang/String;)Ljava/lang/Number;#482#149 prob_bp = 0.49999999999999994000
org.apache.commons.lang3.math.NumberUtils:createNumber:(Ljava/lang/String;)Ljava/lang/Number;#556#542 prob_bp = 0.49999999999999994000
org.apache.commons.lang3.math.NumberUtils:createNumber:(Ljava/lang/String;)Ljava/lang/Number;#556#547 prob_bp = 0.49999999999999994000
org.apache.commons.lang3.math.NumberUtils:createNumber:(Ljava/lang/String;)Ljava/lang/Number;#557#551 prob_bp = 0.49999999999999994000
org.apache.commons.lang3.math.NumberUtils:createNumber:(Ljava/lang/String;)Ljava/lang/Number;#587#661 prob_bp = 0.49999999999999994000
org.apache.commons.lang3.math.NumberUtils:createNumber:(Ljava/lang/String;)Ljava/lang/Number;#588#668 prob_bp = 0.49999999999999994000
org.apache.commons.lang3.math.NumberUtils:createNumber:(Ljava/lang/String;)Ljava/lang/Number;#496#216 prob_bp = 0.49999999999999994000
org.apache.commons.lang3.math.NumberUtils:createNumber:(Ljava/lang/String;)Ljava/lang/Number;#544#498 prob_bp = 0.49999999999999994000
org.apache.commons.lang3.math.NumberUtils:createNumber:(Ljava/lang/String;)Ljava/lang/Number;#489#183 prob_bp = 0.49999999999999994000
org.apache.commons.lang3.math.NumberUtils:createNumber:(Ljava/lang/String;)Ljava/lang/Number;#484#154 prob_bp = 0.50000000000000000000
org.apache.commons.lang3.math.NumberUtils:createNumber:(Ljava/lang/String;)Ljava/lang/Number;#484#156 prob_bp = 0.50000000000000000000
org.apache.commons.lang3.math.NumberUtils:createNumber:(Ljava/lang/String;)Ljava/lang/Number;#484#158 prob_bp = 0.50000000000000000000
org.apache.commons.lang3.math.NumberUtils:isAllZeros:(Ljava/lang/String;)Z#610#0 prob_bp = 0.50000000000000000000
org.apache.commons.lang3.math.NumberUtils:isAllZeros:(Ljava/lang/String;)Z#613#11 prob_bp = 0.50000000000000000000
org.apache.commons.lang3.math.NumberUtils:createNumber:(Ljava/lang/String;)Ljava/lang/Number;#577#617 prob_bp = 0.50000000000000000000
org.apache.commons.lang3.math.NumberUtils:createNumber:(Ljava/lang/String;)Ljava/lang/Number;#503#278 prob_bp = 0.50000000000000000000
org.apache.commons.lang3.math.NumberUtils:createDouble:(Ljava/lang/String;)Ljava/lang/Double;#651#6 prob_bp = 0.50000000000000000000
org.apache.commons.lang3.math.NumberUtils:createNumber:(Ljava/lang/String;)Ljava/lang/Number;#536#464 prob_bp = 0.50000000000000000000
org.apache.commons.lang3.math.NumberUtils:createNumber:(Ljava/lang/String;)Ljava/lang/Number;#537#466 prob_bp = 0.50000000000000000000
org.apache.commons.lang3.math.NumberUtils:createNumber:(Ljava/lang/String;)Ljava/lang/Number;#537#471 prob_bp = 0.50000000000000000000
org.apache.commons.lang3.math.NumberUtils:createNumber:(Ljava/lang/String;)Ljava/lang/Number;#537#476 prob_bp = 0.50000000000000000000
org.apache.commons.lang3.math.NumberUtils:createNumber:(Ljava/lang/String;)Ljava/lang/Number;#537#480 prob_bp = 0.50000000000000000000
org.apache.commons.lang3.math.NumberUtils:createNumber:(Ljava/lang/String;)Ljava/lang/Number;#537#481 prob_bp = 0.50000000000000000000
org.apache.commons.lang3.math.NumberUtils:createNumber:(Ljava/lang/String;)Ljava/lang/Number;#537#482 prob_bp = 0.50000000000000000000
org.apache.commons.lang3.math.NumberUtils:createNumber:(Ljava/lang/String;)Ljava/lang/Number;#522#423 prob_bp = 0.50000000000000000000
org.apache.commons.lang3.math.NumberUtils:createNumber:(Ljava/lang/String;)Ljava/lang/Number;#523#436 prob_bp = 0.50000000000000000000
org.apache.commons.lang3.math.NumberUtils:createNumber:(Ljava/lang/String;)Ljava/lang/Number;#523#438 prob_bp = 0.50000000000000000000
org.apache.commons.lang3.math.NumberUtils:createNumber:(Ljava/lang/String;)Ljava/lang/Number;#523#442 prob_bp = 0.50000000000000000000
org.apache.commons.lang3.math.NumberUtils:createNumber:(Ljava/lang/String;)Ljava/lang/Number;#523#443 prob_bp = 0.50000000000000000000
org.apache.commons.lang3.math.NumberUtils:createNumber:(Ljava/lang/String;)Ljava/lang/Number;#467#52 prob_bp = 0.50000000000000000000
org.apache.commons.lang3.math.NumberUtils:createNumber:(Ljava/lang/String;)Ljava/lang/Number;#479#105 prob_bp = 0.50000000000000000000
org.apache.commons.lang3.math.NumberUtils:createNumber:(Ljava/lang/String;)Ljava/lang/Number;#479#107 prob_bp = 0.50000000000000000000
org.apache.commons.lang3.math.NumberUtils:createNumber:(Ljava/lang/String;)Ljava/lang/Number;#482#146 prob_bp = 0.50000000000000000000
org.apache.commons.lang3.math.NumberUtils:createNumber:(Ljava/lang/String;)Ljava/lang/Number;#556#539 prob_bp = 0.50000000000000000000
org.apache.commons.lang3.math.NumberUtils:createNumber:(Ljava/lang/String;)Ljava/lang/Number;#556#545 prob_bp = 0.50000000000000000000
org.apache.commons.lang3.math.NumberUtils:createNumber:(Ljava/lang/String;)Ljava/lang/Number;#557#550 prob_bp = 0.50000000000000000000
org.apache.commons.lang3.math.NumberUtils:createNumber:(Ljava/lang/String;)Ljava/lang/Number;#557#553 prob_bp = 0.50000000000000000000
org.apache.commons.lang3.math.NumberUtils:createNumber:(Ljava/lang/String;)Ljava/lang/Number;#557#555 prob_bp = 0.50000000000000000000
org.apache.commons.lang3.math.NumberUtils:createNumber:(Ljava/lang/String;)Ljava/lang/Number;#587#657 prob_bp = 0.50000000000000000000
org.apache.commons.lang3.math.NumberUtils:createNumber:(Ljava/lang/String;)Ljava/lang/Number;#587#658 prob_bp = 0.50000000000000000000
org.apache.commons.lang3.math.NumberUtils:createNumber:(Ljava/lang/String;)Ljava/lang/Number;#588#663 prob_bp = 0.50000000000000000000
org.apache.commons.lang3.math.NumberUtils:createNumber:(Ljava/lang/String;)Ljava/lang/Number;#588#665 prob_bp = 0.50000000000000000000
org.apache.commons.lang3.math.NumberUtils:createNumber:(Ljava/lang/String;)Ljava/lang/Number;#588#671 prob_bp = 0.50000000000000000000
org.apache.commons.lang3.math.NumberUtils:createNumber:(Ljava/lang/String;)Ljava/lang/Number;#588#673 prob_bp = 0.50000000000000000000
org.apache.commons.lang3.math.NumberUtils:createNumber:(Ljava/lang/String;)Ljava/lang/Number;#588#677 prob_bp = 0.50000000000000000000
org.apache.commons.lang3.math.NumberUtils:createNumber:(Ljava/lang/String;)Ljava/lang/Number;#588#678 prob_bp = 0.50000000000000000000
org.apache.commons.lang3.math.NumberUtils:createNumber:(Ljava/lang/String;)Ljava/lang/Number;#580#644 prob_bp = 0.50000000000000000000
org.apache.commons.lang3.math.NumberUtils:createNumber:(Ljava/lang/String;)Ljava/lang/Number;#580#646 prob_bp = 0.50000000000000000000
org.apache.commons.lang3.math.NumberUtils:createNumber:(Ljava/lang/String;)Ljava/lang/Number;#515#388 prob_bp = 0.50000000000000000000
org.apache.commons.lang3.math.NumberUtils:createNumber:(Ljava/lang/String;)Ljava/lang/Number;#515#390 prob_bp = 0.50000000000000000000
org.apache.commons.lang3.math.NumberUtils:createNumber:(Ljava/lang/String;)Ljava/lang/Number;#496#219 prob_bp = 0.50000000000000000000
org.apache.commons.lang3.math.NumberUtils:createNumber:(Ljava/lang/String;)Ljava/lang/Number;#496#220 prob_bp = 0.50000000000000000000
org.apache.commons.lang3.math.NumberUtils:createNumber:(Ljava/lang/String;)Ljava/lang/Number;#496#221 prob_bp = 0.50000000000000000000
org.apache.commons.lang3.math.NumberUtils:createNumber:(Ljava/lang/String;)Ljava/lang/Number;#497#224 prob_bp = 0.50000000000000000000
org.apache.commons.lang3.math.NumberUtils:createNumber:(Ljava/lang/String;)Ljava/lang/Number;#497#225 prob_bp = 0.50000000000000000000
org.apache.commons.lang3.math.NumberUtils:createNumber:(Ljava/lang/String;)Ljava/lang/Number;#497#227 prob_bp = 0.50000000000000000000
org.apache.commons.lang3.math.NumberUtils:createNumber:(Ljava/lang/String;)Ljava/lang/Number;#497#228 prob_bp = 0.50000000000000000000
org.apache.commons.lang3.math.NumberUtils:createNumber:(Ljava/lang/String;)Ljava/lang/Number;#497#229 prob_bp = 0.50000000000000000000
org.apache.commons.lang3.math.NumberUtils:createNumber:(Ljava/lang/String;)Ljava/lang/Number;#497#230 prob_bp = 0.50000000000000000000
org.apache.commons.lang3.math.NumberUtils:createNumber:(Ljava/lang/String;)Ljava/lang/Number;#497#233 prob_bp = 0.50000000000000000000
org.apache.commons.lang3.math.NumberUtils:createNumber:(Ljava/lang/String;)Ljava/lang/Number;#497#234 prob_bp = 0.50000000000000000000
org.apache.commons.lang3.math.NumberUtils:createNumber:(Ljava/lang/String;)Ljava/lang/Number;#497#235 prob_bp = 0.50000000000000000000
org.apache.commons.lang3.math.NumberUtils:createNumber:(Ljava/lang/String;)Ljava/lang/Number;#523#446 prob_bp = 0.50000000000000000000
org.apache.commons.lang3.math.NumberUtils:createNumber:(Ljava/lang/String;)Ljava/lang/Number;#523#448 prob_bp = 0.50000000000000000000
org.apache.commons.lang3.math.NumberUtils:createNumber:(Ljava/lang/String;)Ljava/lang/Number;#537#485 prob_bp = 0.50000000000000000000
org.apache.commons.lang3.math.NumberUtils:createNumber:(Ljava/lang/String;)Ljava/lang/Number;#537#487 prob_bp = 0.50000000000000000000
org.apache.commons.lang3.math.NumberUtils:createNumber:(Ljava/lang/String;)Ljava/lang/Number;#544#500 prob_bp = 0.50000000000000000000
org.apache.commons.lang3.math.NumberUtils:createNumber:(Ljava/lang/String;)Ljava/lang/Number;#456#6 prob_bp = 0.50000000000000010000
org.apache.commons.lang3.math.NumberUtils:createNumber:(Ljava/lang/String;)Ljava/lang/Number;#478#99 prob_bp = 0.50000000000000010000
org.apache.commons.lang3.math.NumberUtils:createNumber:(Ljava/lang/String;)Ljava/lang/Number;#486#169 prob_bp = 0.50000000000000010000
org.apache.commons.lang3.math.NumberUtils:createNumber:(Ljava/lang/String;)Ljava/lang/Number;#556#536 prob_bp = 0.50000000000000010000
org.apache.commons.lang3.math.NumberUtils:createNumber:(Ljava/lang/String;)Ljava/lang/Number;#559#567 prob_bp = 0.50000000000000010000
org.apache.commons.lang3.math.NumberUtils:createNumber:(Ljava/lang/String;)Ljava/lang/Number;#559#568 prob_bp = 0.50000000000000010000
org.apache.commons.lang3.math.NumberUtils:isAllZeros:(Ljava/lang/String;)Z#615#28 prob_bp = 0.50000000000000010000
org.apache.commons.lang3.math.NumberUtils:createNumber:(Ljava/lang/String;)Ljava/lang/Number;#577#602 prob_bp = 0.50000000000000010000
org.apache.commons.lang3.math.NumberUtils:createNumber:(Ljava/lang/String;)Ljava/lang/Number;#491#190 prob_bp = 0.50000000000000010000
org.apache.commons.lang3.math.NumberUtils:createNumber:(Ljava/lang/String;)Ljava/lang/Number;#488#176#unexe#2 prob_bp = 0.50000000000000010000
org.apache.commons.lang3.math.NumberUtils:createNumber:(Ljava/lang/String;)Ljava/lang/Number;#561#574 prob_bp = 0.50000000000000010000
org.apache.commons.lang3.math.NumberUtils:createNumber:(Ljava/lang/String;)Ljava/lang/Number;#561#576 prob_bp = 0.50000000000000010000
org.apache.commons.lang3.math.NumberUtils:createNumber:(Ljava/lang/String;)Ljava/lang/Number;#496#207 prob_bp = 0.50000000000000010000
org.apache.commons.lang3.math.NumberUtils:createNumber:(Ljava/lang/String;)Ljava/lang/Number;#496#210 prob_bp = 0.50000000000000010000
org.apache.commons.lang3.math.NumberUtils:createNumber:(Ljava/lang/String;)Ljava/lang/Number;#503#259 prob_bp = 0.50000000000000010000
org.apache.commons.lang3.math.NumberUtils:createNumber:(Ljava/lang/String;)Ljava/lang/Number;#536#459 prob_bp = 0.50000000000000010000
org.apache.commons.lang3.math.NumberUtils:createNumber:(Ljava/lang/String;)Ljava/lang/Number;#536#461 prob_bp = 0.50000000000000010000
org.apache.commons.lang3.math.NumberUtils:createDouble:(Ljava/lang/String;)Ljava/lang/Double;#648#0 prob_bp = 0.50000000000000010000
org.apache.commons.lang3.math.NumberUtils:createDouble:(Ljava/lang/String;)Ljava/lang/Double;#648#1 prob_bp = 0.50000000000000010000
org.apache.commons.lang3.math.NumberUtils:createDouble:(Ljava/lang/String;)Ljava/lang/Double;#651#7 prob_bp = 0.50000000000000010000
org.apache.commons.lang3.math.NumberUtils:createNumber:(Ljava/lang/String;)Ljava/lang/Number;#537#479 prob_bp = 0.50000000000000010000
org.apache.commons.lang3.math.NumberUtils:createNumber:(Ljava/lang/String;)Ljava/lang/Number;#522#426 prob_bp = 0.50000000000000010000
org.apache.commons.lang3.math.NumberUtils:createNumber:(Ljava/lang/String;)Ljava/lang/Number;#523#428 prob_bp = 0.50000000000000010000
org.apache.commons.lang3.math.NumberUtils:createNumber:(Ljava/lang/String;)Ljava/lang/Number;#523#433 prob_bp = 0.50000000000000010000
org.apache.commons.lang3.math.NumberUtils:createNumber:(Ljava/lang/String;)Ljava/lang/Number;#523#441 prob_bp = 0.50000000000000010000
org.apache.commons.lang3.math.NumberUtils:createNumber:(Ljava/lang/String;)Ljava/lang/Number;#479#109 prob_bp = 0.50000000000000010000
org.apache.commons.lang3.math.NumberUtils:createNumber:(Ljava/lang/String;)Ljava/lang/Number;#482#139 prob_bp = 0.50000000000000010000
org.apache.commons.lang3.math.NumberUtils:createNumber:(Ljava/lang/String;)Ljava/lang/Number;#482#144 prob_bp = 0.50000000000000010000
org.apache.commons.lang3.math.NumberUtils:createNumber:(Ljava/lang/String;)Ljava/lang/Number;#556#541 prob_bp = 0.50000000000000010000
org.apache.commons.lang3.math.NumberUtils:createNumber:(Ljava/lang/String;)Ljava/lang/Number;#556#546 prob_bp = 0.50000000000000010000
org.apache.commons.lang3.math.NumberUtils:createNumber:(Ljava/lang/String;)Ljava/lang/Number;#557#554 prob_bp = 0.50000000000000010000
org.apache.commons.lang3.math.NumberUtils:createNumber:(Ljava/lang/String;)Ljava/lang/Number;#557#556 prob_bp = 0.50000000000000010000
org.apache.commons.lang3.math.NumberUtils:createNumber:(Ljava/lang/String;)Ljava/lang/Number;#588#676 prob_bp = 0.50000000000000010000
org.apache.commons.lang3.math.NumberUtils:createNumber:(Ljava/lang/String;)Ljava/lang/Number;#496#213 prob_bp = 0.50000000000000010000
org.apache.commons.lang3.math.NumberUtils:createNumber:(Ljava/lang/String;)Ljava/lang/Number;#496#215 prob_bp = 0.50000000000000010000
org.apache.commons.lang3.math.NumberUtils:createNumber:(Ljava/lang/String;)Ljava/lang/Number;#456#7 prob_bp = 0.50000000000000020000
org.apache.commons.lang3.math.NumberUtils:createNumber:(Ljava/lang/String;)Ljava/lang/Number;#556#535 prob_bp = 0.50000000000000020000
org.apache.commons.lang3.math.NumberUtils:createNumber:(Ljava/lang/String;)Ljava/lang/Number;#556#536#unexe#4 prob_bp = 0.50000000000000020000
org.apache.commons.lang3.math.NumberUtils:createNumber:(Ljava/lang/String;)Ljava/lang/Number;#491#191 prob_bp = 0.50000000000000020000
org.apache.commons.lang3.math.NumberUtils:createNumber:(Ljava/lang/String;)Ljava/lang/Number;#493#192 prob_bp = 0.50000000000000020000
org.apache.commons.lang3.math.NumberUtils:createNumber:(Ljava/lang/String;)Ljava/lang/Number;#503#279 prob_bp = 0.50000000000000020000
org.apache.commons.lang3.math.NumberUtils:createDouble:(Ljava/lang/String;)Ljava/lang/Double;#651#10 prob_bp = 0.50000000000000020000
org.apache.commons.lang3.math.NumberUtils:createNumber:(Ljava/lang/String;)Ljava/lang/Number;#453#0 prob_bp = 0.50000000000000030000
org.apache.commons.lang3.math.NumberUtils:createNumber:(Ljava/lang/String;)Ljava/lang/Number;#453#1 prob_bp = 0.50000000000000030000
org.apache.commons.lang3.math.NumberUtils:createNumber:(Ljava/lang/String;)Ljava/lang/Number;#478#101 prob_bp = 0.50000000000000030000
org.apache.commons.lang3.math.NumberUtils:createNumber:(Ljava/lang/String;)Ljava/lang/Number;#496#209 prob_bp = 0.50000000000000030000
org.apache.commons.lang3.math.NumberUtils:createNumber:(Ljava/lang/String;)Ljava/lang/Number;#503#260 prob_bp = 0.50000000000000030000
org.apache.commons.lang3.math.NumberUtils:createNumber:(Ljava/lang/String;)Ljava/lang/Number;#557#559 prob_bp = 0.50000000000000030000
org.apache.commons.lang3.math.NumberUtils:createNumber:(Ljava/lang/String;)Ljava/lang/Number;#469#58 prob_bp = 0.50000000000000090000
org.apache.commons.lang3.math.NumberUtils:isAllZeros:(Ljava/lang/String;)Z#615#27 prob_bp = 0.50000000000000090000
org.apache.commons.lang3.math.NumberUtils:createNumber:(Ljava/lang/String;)Ljava/lang/Number;#469#59 prob_bp = 0.50000000000000270000
org.apache.commons.lang3.math.NumberUtils:createNumber:(Ljava/lang/String;)Ljava/lang/Number;#469#62 prob_bp = 0.50000000000001330000
org.apache.commons.lang3.math.NumberUtils:createNumber:(Ljava/lang/String;)Ljava/lang/Number;#469#63 prob_bp = 0.50000000000001340000
org.apache.commons.lang3.math.NumberUtils:createNumber:(Ljava/lang/String;)Ljava/lang/Number;#499#243 prob_bp = 0.50000000000004810000
org.apache.commons.lang3.math.NumberUtils:createNumber:(Ljava/lang/String;)Ljava/lang/Number;#499#244 prob_bp = 0.50000000000004980000
org.apache.commons.lang3.math.NumberUtils:createNumber:(Ljava/lang/String;)Ljava/lang/Number;#496#210#unexe#4 prob_bp = 0.50000000000005760000
org.apache.commons.lang3.math.NumberUtils:createNumber:(Ljava/lang/String;)Ljava/lang/Number;#507#344 prob_bp = 0.50000000000008930000
org.apache.commons.lang3.math.NumberUtils:createNumber:(Ljava/lang/String;)Ljava/lang/Number;#469#57 prob_bp = 0.50000000000010620000
org.apache.commons.lang3.math.NumberUtils:createNumber:(Ljava/lang/String;)Ljava/lang/Number;#507#346 prob_bp = 0.50000000000021640000
org.apache.commons.lang3.math.NumberUtils:createNumber:(Ljava/lang/String;)Ljava/lang/Number;#469#64 prob_bp = 0.50000000000021730000
org.apache.commons.lang3.math.NumberUtils:createNumber:(Ljava/lang/String;)Ljava/lang/Number;#507#349 prob_bp = 0.50000000000044130000
org.apache.commons.lang3.math.NumberUtils:createNumber:(Ljava/lang/String;)Ljava/lang/Number;#495#194 prob_bp = 0.50000000000070090000
org.apache.commons.lang3.math.NumberUtils:createNumber:(Ljava/lang/String;)Ljava/lang/Number;#502#248 prob_bp = 0.50000000000171410000
org.apache.commons.lang3.math.NumberUtils:createNumber:(Ljava/lang/String;)Ljava/lang/Number;#507#351 prob_bp = 0.50000000000179000000
org.apache.commons.lang3.math.NumberUtils:createNumber:(Ljava/lang/String;)Ljava/lang/Number;#507#352 prob_bp = 0.50000000000186220000
org.apache.commons.lang3.math.NumberUtils:createNumber:(Ljava/lang/String;)Ljava/lang/Number;#502#249 prob_bp = 0.50000000000197860000
org.apache.commons.lang3.math.NumberUtils:createNumber:(Ljava/lang/String;)Ljava/lang/Number;#495#195 prob_bp = 0.50000000000296800000
org.apache.commons.lang3.math.NumberUtils:createNumber:(Ljava/lang/String;)Ljava/lang/Number;#502#252 prob_bp = 0.50000000000598620000
org.apache.commons.lang3.math.NumberUtils:createNumber:(Ljava/lang/String;)Ljava/lang/Number;#502#253 prob_bp = 0.50000000000622780000
org.apache.commons.lang3.math.NumberUtils:createNumber:(Ljava/lang/String;)Ljava/lang/Number;#495#198 prob_bp = 0.50000000001212050000
org.apache.commons.lang3.math.NumberUtils:createNumber:(Ljava/lang/String;)Ljava/lang/Number;#507#355 prob_bp = 0.50000000002304330000
org.apache.commons.lang3.math.NumberUtils:createNumber:(Ljava/lang/String;)Ljava/lang/Number;#507#357 prob_bp = 0.50000000002397030000
org.apache.commons.lang3.StringUtils:isBlank:(Ljava/lang/CharSequence;)Z#233#0 prob_bp = 0.50000000008478520000
org.apache.commons.lang3.math.NumberUtils:createNumber:(Ljava/lang/String;)Ljava/lang/Number;#502#246 prob_bp = 0.50000000008836540000
org.apache.commons.lang3.math.NumberUtils:createNumber:(Ljava/lang/String;)Ljava/lang/Number;#502#247 prob_bp = 0.50000000009804010000
org.apache.commons.lang3.math.NumberUtils:createNumber:(Ljava/lang/String;)Ljava/lang/Number;#502#254 prob_bp = 0.50000000010199820000
org.apache.commons.lang3.StringUtils:isBlank:(Ljava/lang/CharSequence;)Z#233#1 prob_bp = 0.50000000011459520000
org.apache.commons.lang3.StringUtils:isBlank:(Ljava/lang/CharSequence;)Z#233#12 prob_bp = 0.50000000029452940000
org.apache.commons.lang3.StringUtils:isBlank:(Ljava/lang/CharSequence;)Z#233#10 prob_bp = 0.50000000037190250000
org.apache.commons.lang3.math.NumberUtils:isDigits:(Ljava/lang/String;)Z#1295#32 prob_bp = 0.50000000038668550000
org.apache.commons.lang3.math.NumberUtils:createNumber:(Ljava/lang/String;)Ljava/lang/Number;#495#201 prob_bp = 0.50000000039507960000
org.apache.commons.lang3.math.NumberUtils:isDigits:(Ljava/lang/String;)Z#1292#0 prob_bp = 0.50000000058997530000
org.apache.commons.lang3.math.NumberUtils:isDigits:(Ljava/lang/String;)Z#1292#1 prob_bp = 0.50000000068083760000
org.apache.commons.lang3.StringUtils:isBlank:(Ljava/lang/CharSequence;)Z#233#11 prob_bp = 0.50000000127938790000
org.apache.commons.lang3.math.NumberUtils:createNumber:(Ljava/lang/String;)Ljava/lang/Number;#495#202 prob_bp = 0.50000000160511070000
org.apache.commons.lang3.math.NumberUtils:createNumber:(Ljava/lang/String;)Ljava/lang/Number;#495#204 prob_bp = 0.50000000166974930000
org.apache.commons.lang3.math.NumberUtils:createBigDecimal:(Ljava/lang/String;)Ljava/math/BigDecimal;#714#0 prob_bp = 0.50000000316573290000
org.apache.commons.lang3.math.NumberUtils:createBigDecimal:(Ljava/lang/String;)Ljava/math/BigDecimal;#714#1 prob_bp = 0.50000000323317330000
org.apache.commons.lang3.StringUtils:isBlank:(Ljava/lang/CharSequence;)Z#233#4 prob_bp = 0.50000000323560290000
org.apache.commons.lang3.math.NumberUtils:createNumber:(Ljava/lang/String;)Ljava/lang/Number;#469#67 prob_bp = 0.50000000421291370000
org.apache.commons.lang3.StringUtils:isBlank:(Ljava/lang/CharSequence;)Z#233#5 prob_bp = 0.50000000484750140000
org.apache.commons.lang3.StringUtils:isBlank:(Ljava/lang/CharSequence;)Z#236#20 prob_bp = 0.50000000491517730000
org.apache.commons.lang3.math.NumberUtils:createNumber:(Ljava/lang/String;)Ljava/lang/Number;#507#372 prob_bp = 0.50000000651072750000
org.apache.commons.lang3.StringUtils:isBlank:(Ljava/lang/CharSequence;)Z#237#24 prob_bp = 0.50000000672181120000
org.apache.commons.lang3.StringUtils:isBlank:(Ljava/lang/CharSequence;)Z#237#25 prob_bp = 0.50000000688416990000
org.apache.commons.lang3.math.NumberUtils:createBigDecimal:(Ljava/lang/String;)Ljava/math/BigDecimal;#718#6 prob_bp = 0.50000000826905900000
org.apache.commons.lang3.math.NumberUtils:createBigDecimal:(Ljava/lang/String;)Ljava/math/BigDecimal;#718#7 prob_bp = 0.50000000866343240000
org.apache.commons.lang3.StringUtils:isBlank:(Ljava/lang/CharSequence;)Z#237#26 prob_bp = 0.50000001062663790000
org.apache.commons.lang3.math.NumberUtils:isDigits:(Ljava/lang/String;)Z#1292#4 prob_bp = 0.50000001168898340000
org.apache.commons.lang3.StringUtils:isBlank:(Ljava/lang/CharSequence;)Z#236#19 prob_bp = 0.50000001267555290000
org.apache.commons.lang3.StringUtils:isBlank:(Ljava/lang/CharSequence;)Z#236#17 prob_bp = 0.50000001627139680000
org.apache.commons.lang3.StringUtils:isBlank:(Ljava/lang/CharSequence;)Z#236#18 prob_bp = 0.50000001692602570000
org.apache.commons.lang3.StringUtils:isBlank:(Ljava/lang/CharSequence;)Z#236#21 prob_bp = 0.50000001954473120000
org.apache.commons.lang3.math.NumberUtils:createNumber:(Ljava/lang/String;)Ljava/lang/Number;#504#281 prob_bp = 0.50000002079551260000
org.apache.commons.lang3.math.NumberUtils:createNumber:(Ljava/lang/String;)Ljava/lang/Number;#507#374 prob_bp = 0.50000002754608630000
org.apache.commons.lang3.math.NumberUtils:createNumber:(Ljava/lang/String;)Ljava/lang/Number;#504#282 prob_bp = 0.50000008807026320000
org.apache.commons.lang3.math.NumberUtils:isDigits:(Ljava/lang/String;)Z#1295#11 prob_bp = 0.50000009447720520000
org.apache.commons.lang3.math.NumberUtils:isDigits:(Ljava/lang/String;)Z#1296#20 prob_bp = 0.50000011213389350000
org.apache.commons.lang3.math.NumberUtils:isDigits:(Ljava/lang/String;)Z#1295#12 prob_bp = 0.50000011972394760000
org.apache.commons.lang3.StringUtils:isEmpty:(Ljava/lang/CharSequence;)Z#193#0 prob_bp = 0.50000014301124120000
org.apache.commons.lang3.math.NumberUtils:isDigits:(Ljava/lang/String;)Z#1295#16 prob_bp = 0.50000014410471940000
org.apache.commons.lang3.math.NumberUtils:isDigits:(Ljava/lang/String;)Z#1296#19 prob_bp = 0.50000014846785450000
org.apache.commons.lang3.math.NumberUtils:isDigits:(Ljava/lang/String;)Z#1296#21 prob_bp = 0.50000017134916620000
org.apache.commons.lang3.math.NumberUtils:isDigits:(Ljava/lang/String;)Z#1295#9 prob_bp = 0.50000017249220970000
org.apache.commons.lang3.math.NumberUtils:isDigits:(Ljava/lang/String;)Z#1295#10 prob_bp = 0.50000017932671260000
org.apache.commons.lang3.StringUtils:isEmpty:(Ljava/lang/CharSequence;)Z#193#1 prob_bp = 0.50000032230655260000
org.apache.commons.lang3.math.NumberUtils:isDigits:(Ljava/lang/String;)Z#1295#13 prob_bp = 0.50000046287798780000
org.apache.commons.lang3.math.NumberUtils:createNumber:(Ljava/lang/String;)Ljava/lang/Number;#502#257 prob_bp = 0.50000196863024590000
org.apache.commons.lang3.StringUtils:isEmpty:(Ljava/lang/CharSequence;)Z#193#4 prob_bp = 0.50000426583067190000
org.apache.commons.lang3.StringUtils:isEmpty:(Ljava/lang/CharSequence;)Z#193#5 prob_bp = 0.50000986842034210000
org.apache.commons.lang3.math.NumberUtils:createNumber:(Ljava/lang/String;)Ljava/lang/Number;#511#380 prob_bp = 0.50000990903381350000
org.apache.commons.lang3.math.NumberUtils:isDigits:(Ljava/lang/String;)Z#1300#38 prob_bp = 0.50001008512841630000
org.apache.commons.lang3.math.NumberUtils:isDigits:(Ljava/lang/String;)Z#1300#39 prob_bp = 0.50001049257229920000
org.apache.commons.lang3.math.NumberUtils:createNumber:(Ljava/lang/String;)Ljava/lang/Number;#507#377 prob_bp = 0.50001213866589570000
org.apache.commons.lang3.StringUtils:isBlank:(Ljava/lang/CharSequence;)Z#237#31 prob_bp = 0.50003392255593080000
org.apache.commons.lang3.math.NumberUtils:createNumber:(Ljava/lang/String;)Ljava/lang/Number;#511#382 prob_bp = 0.50004137569100280000
org.apache.commons.lang3.StringUtils:isEmpty:(Ljava/lang/CharSequence;)Z#193#10 prob_bp = 0.50005418057878960000
org.apache.commons.lang3.math.NumberUtils:createLong:(Ljava/lang/String;)Ljava/lang/Long;#682#0 prob_bp = 0.50012497972020340000
org.apache.commons.lang3.StringUtils:isBlank:(Ljava/lang/CharSequence;)Z#237#34 prob_bp = 0.50017087592372670000
org.apache.commons.lang3.math.NumberUtils:isDigits:(Ljava/lang/String;)Z#1296#24 prob_bp = 0.50030953925841000000
org.apache.commons.lang3.math.NumberUtils:createLong:(Ljava/lang/String;)Ljava/lang/Long;#682#1 prob_bp = 0.50049462478484840000
org.apache.commons.lang3.math.NumberUtils:isDigits:(Ljava/lang/String;)Z#1296#27 prob_bp = 0.50155554056998400000
org.apache.commons.lang3.StringUtils:isBlank:(Ljava/lang/CharSequence;)Z#238#37 prob_bp = 0.51737779029660380000
org.apache.commons.lang3.StringUtils:isEmpty:(Ljava/lang/CharSequence;)Z#193#17 prob_bp = 0.51739192097608780000
org.apache.commons.lang3.StringUtils:isBlank:(Ljava/lang/CharSequence;)Z#238#38 prob_bp = 0.51802922877174340000
org.apache.commons.lang3.StringUtils:isEmpty:(Ljava/lang/CharSequence;)Z#193#18 prob_bp = 0.51806695207400700000
org.apache.commons.lang3.math.NumberUtils:createBigDecimal:(Ljava/lang/String;)Ljava/math/BigDecimal;#718#10 prob_bp = 0.52050705851325830000
org.apache.commons.lang3.SystemUtils:isJavaVersionAtLeast:(F)Z#1534#4 prob_bp = 0.92962006309419320000
org.apache.commons.lang3.SystemUtils:isJavaVersionAtLeast:(F)Z#1534#5 prob_bp = 0.96034192473443880000
org.apache.commons.lang3.SystemUtils:<clinit>:()V#943#361 prob_bp = 0.99999499587842430000
org.apache.commons.lang3.SystemUtils:isJavaVersionAtLeast:(F)Z#1534#0 prob_bp = 0.99999936767444330000
org.apache.commons.lang3.SystemUtils:isJavaVersionAtLeast:(F)Z#1534#3 prob_bp = 0.99999936810248670000
org.apache.commons.lang3.SystemUtils:isJavaVersionAtLeast:(F)Z#1534#8 prob_bp = 0.99999993300973070000
org.apache.commons.lang3.SystemUtils:isJavaVersionAtLeast:(F)Z#1534#13 prob_bp = 0.99999993567609390000
org.apache.commons.lang3.math.NumberUtilsTest:testCreateNumber:()V#178#11 prob_bp = 1.00000000000000000000
org.apache.commons.lang3.math.NumberUtilsTest:testCreateNumber:()V#178#13 prob_bp = 1.00000000000000000000
org.apache.commons.lang3.math.NumberUtilsTest:testCreateNumber:()V#179#30 prob_bp = 1.00000000000000000000
org.apache.commons.lang3.math.NumberUtilsTest:testCreateNumber:()V#179#32 prob_bp = 1.00000000000000000000
org.apache.commons.lang3.math.NumberUtilsTest:testCreateNumber:()V#180#49 prob_bp = 1.00000000000000000000
org.apache.commons.lang3.math.NumberUtilsTest:testCreateNumber:()V#180#51 prob_bp = 1.00000000000000000000
org.apache.commons.lang3.math.NumberUtilsTest:testCreateNumber:()V#181#68 prob_bp = 1.00000000000000000000
org.apache.commons.lang3.math.NumberUtilsTest:testCreateNumber:()V#181#70 prob_bp = 1.00000000000000000000
org.apache.commons.lang3.math.NumberUtilsTest:testCreateNumber:()V#182#87 prob_bp = 1.00000000000000000000
org.apache.commons.lang3.math.NumberUtilsTest:testCreateNumber:()V#182#89 prob_bp = 1.00000000000000000000
org.apache.commons.lang3.math.NumberUtilsTest:testCreateNumber:()V#183#106 prob_bp = 1.00000000000000000000
org.apache.commons.lang3.math.NumberUtilsTest:testCreateNumber:()V#183#108 prob_bp = 1.00000000000000000000
org.apache.commons.lang3.math.NumberUtilsTest:testCreateNumber:()V#184#126 prob_bp = 1.00000000000000000000
org.apache.commons.lang3.math.NumberUtilsTest:testCreateNumber:()V#184#128 prob_bp = 1.00000000000000000000
org.apache.commons.lang3.math.NumberUtilsTest:testCreateNumber:()V#186#146 prob_bp = 1.00000000000000000000
org.apache.commons.lang3.math.NumberUtilsTest:testCreateNumber:()V#186#148 prob_bp = 1.00000000000000000000
org.apache.commons.lang3.math.NumberUtilsTest:testCreateNumber:()V#187#166 prob_bp = 1.00000000000000000000
org.apache.commons.lang3.math.NumberUtilsTest:testCreateNumber:()V#187#168 prob_bp = 1.00000000000000000000
org.apache.commons.lang3.math.NumberUtilsTest:testCreateNumber:()V#188#185 prob_bp = 1.00000000000000000000
org.apache.commons.lang3.math.NumberUtilsTest:testCreateNumber:()V#188#187 prob_bp = 1.00000000000000000000
org.apache.commons.lang3.math.NumberUtilsTest:testCreateNumber:()V#189#204 prob_bp = 1.00000000000000000000
org.apache.commons.lang3.math.NumberUtilsTest:testCreateNumber:()V#189#206 prob_bp = 1.00000000000000000000
org.apache.commons.lang3.math.NumberUtilsTest:testCreateNumber:()V#190#216 prob_bp = 1.00000000000000000000
org.apache.commons.lang3.math.NumberUtilsTest:testCreateNumber:()V#190#218 prob_bp = 1.00000000000000000000
org.apache.commons.lang3.math.NumberUtilsTest:testCreateNumber:()V#191#239 prob_bp = 1.00000000000000000000
org.apache.commons.lang3.math.NumberUtilsTest:testCreateNumber:()V#191#241 prob_bp = 1.00000000000000000000
org.apache.commons.lang3.math.NumberUtilsTest:testCreateNumber:()V#192#269 prob_bp = 1.00000000000000000000
org.apache.commons.lang3.math.NumberUtilsTest:testCreateNumber:()V#192#271 prob_bp = 1.00000000000000000000
org.apache.commons.lang3.math.NumberUtilsTest:testCreateNumber:()V#193#288 prob_bp = 1.00000000000000000000
org.apache.commons.lang3.math.NumberUtilsTest:testCreateNumber:()V#193#290 prob_bp = 1.00000000000000000000
org.apache.commons.lang3.math.NumberUtilsTest:testCreateNumber:()V#194#307 prob_bp = 1.00000000000000000000
org.apache.commons.lang3.math.NumberUtilsTest:testCreateNumber:()V#194#309 prob_bp = 1.00000000000000000000
org.apache.commons.lang3.math.NumberUtilsTest:testCreateNumber:()V#195#326 prob_bp = 1.00000000000000000000
org.apache.commons.lang3.math.NumberUtilsTest:testCreateNumber:()V#195#328 prob_bp = 1.00000000000000000000
org.apache.commons.lang3.math.NumberUtilsTest:testCreateNumber:()V#196#337 prob_bp = 1.00000000000000000000
org.apache.commons.lang3.math.NumberUtilsTest:testCreateNumber:()V#196#338 prob_bp = 1.00000000000000000000
org.apache.commons.lang3.math.NumberUtilsTest:testCreateNumber:()V#197#355 prob_bp = 1.00000000000000000000
org.apache.commons.lang3.math.NumberUtilsTest:testCreateNumber:()V#197#357 prob_bp = 1.00000000000000000000
org.apache.commons.lang3.math.NumberUtilsTest:testCreateNumber:()V#201#363 prob_bp = 1.00000000000000000000
org.apache.commons.lang3.math.NumberUtilsTest:testCreateNumber:()V#201#365 prob_bp = 1.00000000000000000000
org.apache.commons.lang3.math.NumberUtilsTest:testCreateNumber:()V#201#368 prob_bp = 1.00000000000000000000
org.apache.commons.lang3.math.NumberUtilsTest:testCreateNumber:()V#202#382 prob_bp = 1.00000000000000000000
org.apache.commons.lang3.math.NumberUtilsTest:testCreateNumber:()V#202#384 prob_bp = 1.00000000000000000000
org.apache.commons.lang3.math.NumberUtilsTest:testCreateNumber:()V#205#401 prob_bp = 1.00000000000000000000
org.apache.commons.lang3.math.NumberUtilsTest:testCreateNumber:()V#205#403 prob_bp = 1.00000000000000000000
org.apache.commons.lang3.math.NumberUtilsTest:testCreateNumber:()V#207#420 prob_bp = 1.00000000000000000000
org.apache.commons.lang3.math.NumberUtilsTest:testCreateNumber:()V#207#422 prob_bp = 1.00000000000000000000
org.apache.commons.lang3.math.NumberUtilsTest:testCreateNumber:()V#209#439 prob_bp = 1.00000000000000000000
org.apache.commons.lang3.math.NumberUtilsTest:testCreateNumber:()V#209#441 prob_bp = 1.00000000000000000000
org.apache.commons.lang3.math.NumberUtilsTest:testCreateNumber:()V#213#458 prob_bp = 1.00000000000000000000
org.apache.commons.lang3.math.NumberUtilsTest:testCreateNumber:()V#213#460 prob_bp = 1.00000000000000000000
org.apache.commons.lang3.math.NumberUtilsTest:testCreateNumber:()V#216#469 prob_bp = 1.00000000000000000000
org.apache.commons.lang3.math.NumberUtilsTest:testCreateNumber:()V#216#471 prob_bp = 1.00000000000000000000
org.apache.commons.lang3.math.NumberUtilsTest:checkCreateNumber:(Ljava/lang/String;)Z#1146#0 prob_bp = 1.00000000000000000000
org.apache.commons.lang3.math.NumberUtilsTest:checkCreateNumber:(Ljava/lang/String;)Z#1146#1 prob_bp = 1.00000000000000000000
Belief propagation time : 6.107000s
