Belief propagation time: 100

Probabilities: 
Vars:299072
Stmts:6003
org.jfree.data.time.TimeSeries:add:(Lorg/jfree/data/time/TimeSeriesDataItem;)V#564#2 prob_bp = 0.49999999999938055000
org.jfree.data.time.TimeSeries:createCopy:(II)Lorg/jfree/data/time/TimeSeries;#1064#98 prob_bp = 0.49999999999994500000
org.jfree.data.time.TimeSeries:createCopy:(II)Lorg/jfree/data/time/TimeSeries;#1064#95 prob_bp = 0.49999999999998600000
org.jfree.data.time.TimeSeries:add:(Lorg/jfree/data/time/TimeSeriesDataItem;Z)V#604#183 prob_bp = 0.49999999999999380000
org.jfree.data.time.TimeSeries:getTimePeriod:(I)Lorg/jfree/data/time/RegularTimePeriod;#463#0 prob_bp = 0.49999999999999584000
org.jfree.data.time.TimeSeries:add:(Lorg/jfree/data/time/TimeSeriesDataItem;Z)V#584#46 prob_bp = 0.49999999999999806000
org.jfree.data.time.TimeSeries:add:(Lorg/jfree/data/time/TimeSeriesDataItem;Z)V#584#49 prob_bp = 0.49999999999999817000
org.jfree.data.time.Year:compareTo:(Ljava/lang/Object;)I#349#7 prob_bp = 0.49999999999999856000
org.jfree.data.time.TimeSeries:createCopy:(II)Lorg/jfree/data/time/TimeSeries;#1059#66 prob_bp = 0.49999999999999890000
org.jfree.data.time.TimeSeries:add:(Lorg/jfree/data/time/TimeSeriesDataItem;Z)V#584#45 prob_bp = 0.49999999999999895000
org.jfree.data.time.TimeSeries:createCopy:(II)Lorg/jfree/data/time/TimeSeries;#1059#65 prob_bp = 0.49999999999999906000
org.jfree.data.time.Year:compareTo:(Ljava/lang/Object;)I#348#4 prob_bp = 0.49999999999999917000
org.jfree.data.time.TimeSeries:add:(Lorg/jfree/data/time/TimeSeriesDataItem;Z)V#580#29 prob_bp = 0.49999999999999983000
org.jfree.data.time.TimeSeries:getTimePeriod:(I)Lorg/jfree/data/time/RegularTimePeriod;#463#5 prob_bp = 0.49999999999999983000
org.jfree.data.time.TimeSeries:createCopy:(II)Lorg/jfree/data/time/TimeSeries;#1059#111 prob_bp = 0.49999999999999983000
org.jfree.data.time.TimeSeries:createCopy:(II)Lorg/jfree/data/time/TimeSeries;#1059#60 prob_bp = 0.49999999999999990000
org.jfree.data.time.TimeSeries:add:(Lorg/jfree/data/time/TimeSeriesDataItem;Z)V#599#158 prob_bp = 0.49999999999999994000
org.jfree.data.time.TimeSeries:add:(Lorg/jfree/data/time/TimeSeriesDataItem;Z)V#603#170 prob_bp = 0.49999999999999994000
org.jfree.data.time.TimeSeries:add:(Lorg/jfree/data/time/TimeSeriesDataItem;Z)V#603#171 prob_bp = 0.49999999999999994000
org.jfree.data.time.Year:compareTo:(Ljava/lang/Object;)I#349#8 prob_bp = 0.49999999999999994000
org.jfree.data.time.TimeSeries:add:(Lorg/jfree/data/time/TimeSeriesDataItem;Z)V#605#198 prob_bp = 0.49999999999999994000
org.jfree.data.time.TimeSeries:createCopy:(II)Lorg/jfree/data/time/TimeSeries;#1058#48 prob_bp = 0.49999999999999994000
org.jfree.data.time.TimeSeries:createCopy:(II)Lorg/jfree/data/time/TimeSeries;#1058#57 prob_bp = 0.49999999999999994000
org.jfree.data.time.TimeSeries:createCopy:(II)Lorg/jfree/data/time/TimeSeries;#1060#80 prob_bp = 0.49999999999999994000
org.jfree.data.time.TimeSeries:createCopy:(II)Lorg/jfree/data/time/TimeSeries;#1060#83 prob_bp = 0.49999999999999994000
org.jfree.data.time.TimeSeries:createCopy:(II)Lorg/jfree/data/time/TimeSeries;#1062#85 prob_bp = 0.49999999999999994000
org.jfree.data.time.TimeSeries:createCopy:(II)Lorg/jfree/data/time/TimeSeries;#1064#96 prob_bp = 0.49999999999999994000
org.jfree.data.time.Year:compareTo:(Ljava/lang/Object;)I#348#0 prob_bp = 0.50000000000000000000
org.jfree.data.time.TimeSeries:add:(Lorg/jfree/data/time/TimeSeriesDataItem;Z)V#605#194 prob_bp = 0.50000000000000000000
org.jfree.data.time.TimeSeries:add:(Lorg/jfree/data/time/TimeSeriesDataItem;Z)V#605#195 prob_bp = 0.50000000000000000000
org.jfree.data.time.TimeSeries:createCopy:(II)Lorg/jfree/data/time/TimeSeries;#1058#49 prob_bp = 0.50000000000000000000
org.jfree.data.time.TimeSeries:createCopy:(II)Lorg/jfree/data/time/TimeSeries;#1058#52 prob_bp = 0.50000000000000000000
org.jfree.data.time.Year:<init>:(I)V#114#1 prob_bp = 0.50000000000000010000
org.jfree.data.time.TimeSeries:add:(Lorg/jfree/data/time/TimeSeriesDataItem;Z)V#579#14 prob_bp = 0.50000000000000010000
org.jfree.data.time.TimeSeries:add:(Lorg/jfree/data/time/TimeSeriesDataItem;Z)V#599#157 prob_bp = 0.50000000000000010000
org.jfree.data.time.TimeSeries:add:(Lorg/jfree/data/time/TimeSeriesDataItem;Z)V#584#50 prob_bp = 0.50000000000000010000
org.jfree.data.time.TimeSeries:add:(Lorg/jfree/data/time/TimeSeriesDataItem;Z)V#584#53 prob_bp = 0.50000000000000010000
org.jfree.data.time.Year:compareTo:(Ljava/lang/Object;)I#348#1 prob_bp = 0.50000000000000010000
org.jfree.data.time.Year:compareTo:(Ljava/lang/Object;)I#350#16 prob_bp = 0.50000000000000010000
org.jfree.data.time.Year:compareTo:(Ljava/lang/Object;)I#350#17 prob_bp = 0.50000000000000010000
org.jfree.data.time.TimeSeries:createCopy:(II)Lorg/jfree/data/time/TimeSeries;#1059#61 prob_bp = 0.50000000000000010000
org.jfree.data.time.TimeSeries:createCopy:(II)Lorg/jfree/data/time/TimeSeries;#1059#63 prob_bp = 0.50000000000000010000
org.jfree.data.time.TimeSeries:createCopy:(II)Lorg/jfree/data/time/TimeSeries;#1060#69 prob_bp = 0.50000000000000010000
org.jfree.data.time.TimeSeries:createCopy:(II)Lorg/jfree/data/time/TimeSeries;#1060#70 prob_bp = 0.50000000000000010000
org.jfree.data.time.TimeSeries:createCopy:(II)Lorg/jfree/data/time/TimeSeries;#1060#73 prob_bp = 0.50000000000000010000
org.jfree.data.time.TimeSeries:createCopy:(II)Lorg/jfree/data/time/TimeSeries;#1060#75 prob_bp = 0.50000000000000010000
org.jfree.data.time.TimeSeries:createCopy:(II)Lorg/jfree/data/time/TimeSeries;#1062#87 prob_bp = 0.50000000000000010000
org.jfree.data.time.TimeSeries:createCopy:(II)Lorg/jfree/data/time/TimeSeries;#1062#90 prob_bp = 0.50000000000000010000
org.jfree.data.time.TimeSeries:createCopy:(II)Lorg/jfree/data/time/TimeSeries;#1062#93 prob_bp = 0.50000000000000010000
org.jfree.data.time.TimeSeries:add:(Lorg/jfree/data/time/TimeSeriesDataItem;Z)V#599#153 prob_bp = 0.50000000000000020000
org.jfree.data.time.TimeSeries:add:(Lorg/jfree/data/time/TimeSeriesDataItem;Z)V#581#30 prob_bp = 0.50000000000000030000
org.jfree.data.time.TimeSeries:add:(Lorg/jfree/data/time/TimeSeriesDataItem;Z)V#603#177 prob_bp = 0.50000000000000030000
org.jfree.data.time.TimeSeries:add:(Lorg/jfree/data/time/TimeSeriesDataItem;Z)V#604#188 prob_bp = 0.50000000000000030000
org.jfree.data.time.Year:compareTo:(Ljava/lang/Object;)I#350#12 prob_bp = 0.50000000000000030000
org.jfree.data.time.Year:compareTo:(Ljava/lang/Object;)I#350#20 prob_bp = 0.50000000000000030000
org.jfree.data.time.TimeSeries:add:(Lorg/jfree/data/time/TimeSeriesDataItem;)V#564#1 prob_bp = 0.50000000000000030000
org.jfree.data.time.Year:getYear:()I#171#1 prob_bp = 0.50000000000000040000
org.jfree.data.time.TimeSeries:add:(Lorg/jfree/data/time/TimeSeriesDataItem;Z)V#604#182 prob_bp = 0.50000000000000060000
org.jfree.data.time.TimeSeries:add:(Lorg/jfree/data/time/TimeSeriesDataItem;Z)V#604#186 prob_bp = 0.50000000000000080000
org.jfree.data.time.TimeSeries:add:(Lorg/jfree/data/time/RegularTimePeriod;DZ)V#667#12 prob_bp = 0.50000000000000080000
org.jfree.data.time.Year:compareTo:(Ljava/lang/Object;)I#349#11 prob_bp = 0.50000000000000120000
org.jfree.data.time.TimeSeries:add:(Lorg/jfree/data/time/RegularTimePeriod;DZ)V#666#3 prob_bp = 0.50000000000000120000
org.jfree.data.time.Year:compareTo:(Ljava/lang/Object;)I#350#13 prob_bp = 0.50000000000000130000
org.jfree.data.time.TimeSeries:add:(Lorg/jfree/data/time/RegularTimePeriod;DZ)V#666#9 prob_bp = 0.50000000000000130000
org.jfree.data.time.TimeSeries:<init>:(Ljava/lang/Comparable;Ljava/lang/String;Ljava/lang/String;)V#189#15 prob_bp = 0.50000000000000140000
org.jfree.data.time.TimeSeries:<init>:(Ljava/lang/Comparable;Ljava/lang/String;Ljava/lang/String;)V#189#16 prob_bp = 0.50000000000000140000
org.jfree.data.time.TimeSeries:getTimePeriod:(I)Lorg/jfree/data/time/RegularTimePeriod;#463#8 prob_bp = 0.50000000000000140000
org.jfree.data.time.TimeSeries:add:(Lorg/jfree/data/time/TimeSeriesDataItem;Z)V#603#172 prob_bp = 0.50000000000000170000
org.jfree.data.time.TimeSeries:add:(Lorg/jfree/data/time/TimeSeriesDataItem;Z)V#603#180 prob_bp = 0.50000000000000170000
org.jfree.data.time.TimeSeries:add:(Lorg/jfree/data/time/TimeSeriesDataItem;Z)V#580#26 prob_bp = 0.50000000000000190000
org.jfree.data.time.TimeSeries:add:(Lorg/jfree/data/time/TimeSeriesDataItem;Z)V#579#15 prob_bp = 0.50000000000000220000
org.jfree.data.time.TimeSeries:getTimePeriod:(I)Lorg/jfree/data/time/RegularTimePeriod;#463#2 prob_bp = 0.50000000000000230000
org.jfree.data.time.TimeSeries:getTimePeriod:(I)Lorg/jfree/data/time/RegularTimePeriod;#463#1 prob_bp = 0.50000000000000260000
org.jfree.data.time.TimeSeries:<init>:(Ljava/lang/Comparable;Ljava/lang/String;Ljava/lang/String;)V#189#17 prob_bp = 0.50000000000000280000
org.jfree.data.time.TimeSeries:add:(Lorg/jfree/data/time/TimeSeriesDataItem;Z)V#603#176 prob_bp = 0.50000000000000320000
org.jfree.data.time.TimeSeries:add:(Lorg/jfree/data/time/RegularTimePeriod;Ljava/lang/Number;Z)V#693#3 prob_bp = 0.50000000000000340000
org.jfree.data.time.TimeSeries:add:(Lorg/jfree/data/time/TimeSeriesDataItem;Z)V#603#175 prob_bp = 0.50000000000000340000
org.jfree.data.time.TimeSeries:add:(Lorg/jfree/data/time/RegularTimePeriod;Ljava/lang/Number;Z)V#694#12 prob_bp = 0.50000000000000370000
org.jfree.data.time.TimeSeries:add:(Lorg/jfree/data/time/TimeSeriesDataItem;Z)V#599#154 prob_bp = 0.50000000000000390000
org.jfree.data.time.TimeSeries:add:(Lorg/jfree/data/time/RegularTimePeriod;DZ)V#666#0 prob_bp = 0.50000000000000400000
org.jfree.data.time.Year:getYear:()I#171#4 prob_bp = 0.50000000000000460000
org.jfree.data.time.TimeSeries:add:(Lorg/jfree/data/time/TimeSeriesDataItem;Z)V#597#143 prob_bp = 0.50000000000000470000
org.jfree.data.time.TimeSeries:add:(Lorg/jfree/data/time/TimeSeriesDataItem;Z)V#605#199 prob_bp = 0.50000000000000490000
org.jfree.data.time.TimeSeries:add:(Lorg/jfree/data/time/TimeSeriesDataItem;Z)V#597#142 prob_bp = 0.50000000000000540000
org.jfree.data.time.Year:<init>:(I)V#114#0 prob_bp = 0.50000000000000560000
org.jfree.data.time.TimeSeries:add:(Lorg/jfree/data/time/RegularTimePeriod;Ljava/lang/Number;Z)V#693#9 prob_bp = 0.50000000000000610000
org.jfree.data.time.Year:getYear:()I#171#0 prob_bp = 0.50000000000000610000
org.jfree.data.time.TimeSeries:add:(Lorg/jfree/data/time/TimeSeriesDataItem;Z)V#580#23 prob_bp = 0.50000000000000700000
org.jfree.data.time.TimeSeries:add:(Lorg/jfree/data/time/RegularTimePeriod;Ljava/lang/Number;Z)V#693#0 prob_bp = 0.50000000000000980000
org.jfree.data.time.TimeSeries:add:(Lorg/jfree/data/time/TimeSeriesDataItem;Z)V#580#22 prob_bp = 0.50000000000001030000
org.jfree.data.time.TimeSeries:add:(Lorg/jfree/data/time/TimeSeriesDataItem;Z)V#581#31 prob_bp = 0.50000000000001210000
org.jfree.data.time.TimeSeries:add:(Lorg/jfree/data/time/TimeSeriesDataItem;Z)V#576#0 prob_bp = 0.50000000000002020000
org.jfree.data.time.Year:compareTo:(Ljava/lang/Object;)I#350#21 prob_bp = 0.50000000000002210000
org.jfree.data.time.TimeSeries:add:(Lorg/jfree/data/time/TimeSeriesDataItem;Z)V#576#1 prob_bp = 0.50000000000002880000
org.jfree.data.time.TimeSeries:add:(Lorg/jfree/data/time/RegularTimePeriod;Ljava/lang/Number;)V#680#3 prob_bp = 0.50000000000003150000
org.jfree.data.time.TimeSeries:add:(Lorg/jfree/data/time/RegularTimePeriod;Ljava/lang/Number;Z)V#694#14 prob_bp = 0.50000000000003150000
org.jfree.data.time.TimeSeries:add:(Lorg/jfree/data/time/TimeSeriesDataItem;Z)V#581#34 prob_bp = 0.50000000000004290000
org.jfree.data.time.Year:compareTo:(Ljava/lang/Object;)I#348#4#unexe#2 prob_bp = 0.50000000000010310000
org.jfree.data.time.TimeSeriesDataItem:clone:()Ljava/lang/Object;#268#2 prob_bp = 0.50000000000019400000
org.jfree.data.time.Year:compareTo:(Ljava/lang/Object;)I#367#39 prob_bp = 0.50000000000043570000
org.jfree.data.time.TimeSeriesDataItem:clone:()Ljava/lang/Object;#268#3 prob_bp = 0.50000000000069370000
org.jfree.data.time.TimeSeries:add:(Lorg/jfree/data/time/TimeSeriesDataItem;Z)V#597#146 prob_bp = 0.50000000000101930000
org.jfree.data.time.TimeSeries:add:(Lorg/jfree/data/time/TimeSeriesDataItem;Z)V#579#18 prob_bp = 0.50000000000125710000
org.jfree.data.time.Year:compareTo:(Ljava/lang/Object;)I#367#40 prob_bp = 0.50000000000176650000
org.jfree.data.time.TimeSeries:add:(Lorg/jfree/data/time/TimeSeriesDataItem;Z)V#598#148 prob_bp = 0.50000000000328950000
org.jfree.data.time.TimeSeriesDataItem:clone:()Ljava/lang/Object;#268#6 prob_bp = 0.50000000000387590000
org.jfree.data.time.TimeSeries:add:(Lorg/jfree/data/time/RegularTimePeriod;D)V#653#1 prob_bp = 0.50000000000400820000
org.jfree.data.time.TimeSeries:add:(Lorg/jfree/data/time/TimeSeriesDataItem;Z)V#579#21 prob_bp = 0.50000000000504540000
org.jfree.data.time.TimeSeries:add:(Lorg/jfree/data/time/TimeSeriesDataItem;Z)V#604#191 prob_bp = 0.50000000000872960000
org.jfree.data.time.TimeSeries:add:(Lorg/jfree/data/time/TimeSeriesDataItem;Z)V#598#150 prob_bp = 0.50000000001245410000
org.jfree.data.time.TimeSeriesDataItem:clone:()Ljava/lang/Object;#273#15 prob_bp = 0.50000000001596130000
org.jfree.data.time.TimeSeries:add:(Lorg/jfree/data/time/TimeSeriesDataItem;Z)V#627#328 prob_bp = 0.50000000002031420000
org.jfree.data.time.TimeSeries:add:(Lorg/jfree/data/time/RegularTimePeriod;DZ)V#666#4 prob_bp = 0.50000000003346780000
org.jfree.data.time.TimeSeriesDataItem:clone:()Ljava/lang/Object;#273#16 prob_bp = 0.50000000006181240000
org.jfree.data.time.RegularTimePeriod:<init>:()V#71#0 prob_bp = 0.50000000007856130000
org.jfree.data.time.TimeSeries:add:(Lorg/jfree/data/time/TimeSeriesDataItem;)V#564#0 prob_bp = 0.50000000009549110000
org.jfree.data.time.TimeSeries:add:(Lorg/jfree/data/time/RegularTimePeriod;DZ)V#666#6 prob_bp = 0.50000000012848730000
org.jfree.data.time.RegularTimePeriod:<init>:()V#71#1 prob_bp = 0.50000000022829190000
org.jfree.data.time.TimeSeries:add:(Lorg/jfree/data/time/TimeSeriesDataItem;)V#564#3 prob_bp = 0.50000000031980330000
org.jfree.data.time.TimeSeries:add:(Lorg/jfree/data/time/RegularTimePeriod;Ljava/lang/Number;)V#680#1 prob_bp = 0.50000000041756350000
org.jfree.data.time.TimeSeries:add:(Lorg/jfree/data/time/RegularTimePeriod;Ljava/lang/Number;Z)V#693#4 prob_bp = 0.50000000044333550000
org.jfree.data.time.TimeSeries:add:(Lorg/jfree/data/time/TimeSeriesDataItem;Z)V#606#205 prob_bp = 0.50000000047606650000
org.jfree.data.time.TimeSeries:add:(Lorg/jfree/data/time/RegularTimePeriod;Ljava/lang/Number;Z)V#693#6 prob_bp = 0.50000000047859960000
org.jfree.data.time.TimeSeries:add:(Lorg/jfree/data/time/TimeSeriesDataItem;Z)V#606#206 prob_bp = 0.50000000049524020000
org.jfree.data.time.TimeSeries:add:(Lorg/jfree/data/time/TimeSeriesDataItem;Z)V#600#164 prob_bp = 0.50000000071706420000
org.jfree.data.time.TimeSeries:add:(Lorg/jfree/data/time/TimeSeriesDataItem;Z)V#600#165 prob_bp = 0.50000000074595710000
org.jfree.data.time.TimeSeries:updateBoundsForAddedItem:(Lorg/jfree/data/time/TimeSeriesDataItem;)V#1212#5 prob_bp = 0.50000000076192300000
org.jfree.data.time.TimeSeries:updateBoundsForAddedItem:(Lorg/jfree/data/time/TimeSeriesDataItem;)V#1214#19 prob_bp = 0.50000000099341410000
org.jfree.data.time.TimeSeries:add:(Lorg/jfree/data/time/TimeSeriesDataItem;Z)V#626#322 prob_bp = 0.50000000145452850000
org.jfree.data.time.TimeSeries:<init>:(Ljava/lang/Comparable;Ljava/lang/String;Ljava/lang/String;)V#193#44 prob_bp = 0.50000000203915250000
org.jfree.data.time.TimeSeries:<init>:(Ljava/lang/Comparable;Ljava/lang/String;Ljava/lang/String;)V#193#45 prob_bp = 0.50000000206585080000
org.jfree.data.time.TimeSeries:<init>:(Ljava/lang/Comparable;Ljava/lang/String;Ljava/lang/String;)V#193#48 prob_bp = 0.50000000210818850000
org.jfree.data.time.TimeSeries:add:(Lorg/jfree/data/time/TimeSeriesDataItem;Z)V#626#324 prob_bp = 0.50000000224440180000
org.jfree.data.time.TimeSeries:updateBoundsForAddedItem:(Lorg/jfree/data/time/TimeSeriesDataItem;)V#1212#6 prob_bp = 0.50000000306514110000
org.jfree.data.time.TimeSeries:updateBoundsForAddedItem:(Lorg/jfree/data/time/TimeSeriesDataItem;)V#1214#20 prob_bp = 0.50000000384839400000
org.jfree.data.general.Series:<init>:(Ljava/lang/Comparable;Ljava/lang/String;)V#121#51 prob_bp = 0.50000000821481590000
org.jfree.data.general.Series:<init>:(Ljava/lang/Comparable;Ljava/lang/String;)V#121#52 prob_bp = 0.50000000870913140000
org.jfree.data.general.Series:<init>:(Ljava/lang/Comparable;Ljava/lang/String;)V#121#53 prob_bp = 0.50000000888534960000
org.jfree.data.time.TimeSeries:add:(Lorg/jfree/data/time/RegularTimePeriod;Ljava/lang/Number;)V#680#0 prob_bp = 0.50000000975224790000
org.jfree.data.time.TimeSeries:add:(Lorg/jfree/data/time/RegularTimePeriod;Ljava/lang/Number;)V#680#4 prob_bp = 0.50000001051331720000
org.jfree.data.time.TimeSeries:add:(Lorg/jfree/data/time/RegularTimePeriod;Ljava/lang/Number;Z)V#694#11 prob_bp = 0.50000001104393590000
org.jfree.data.time.TimeSeriesDataItem:getPeriod:()Lorg/jfree/data/time/RegularTimePeriod;#130#0 prob_bp = 0.50000001172166730000
org.jfree.data.time.TimeSeries:add:(Lorg/jfree/data/time/RegularTimePeriod;Ljava/lang/Number;Z)V#694#15 prob_bp = 0.50000001485087490000
org.jfree.data.time.TimeSeriesDataItem:getPeriod:()Lorg/jfree/data/time/RegularTimePeriod;#130#1 prob_bp = 0.50000003133765790000
org.jfree.data.time.TimeSeries:add:(Lorg/jfree/data/time/TimeSeriesDataItem;Z)V#627#327 prob_bp = 0.50000003525358500000
org.jfree.data.time.TimeSeriesDataItem:getPeriod:()Lorg/jfree/data/time/RegularTimePeriod;#130#4 prob_bp = 0.50000010127891210000
org.jfree.data.time.TimeSeries:add:(Lorg/jfree/data/time/RegularTimePeriod;D)V#653#0 prob_bp = 0.50000010457637930000
org.jfree.data.time.TimeSeries:add:(Lorg/jfree/data/time/TimeSeriesDataItem;Z)V#627#329 prob_bp = 0.50000011088721050000
org.jfree.data.time.TimeSeries:updateBoundsForAddedItem:(Lorg/jfree/data/time/TimeSeriesDataItem;)V#1212#9 prob_bp = 0.50000024427629300000
org.jfree.data.time.TimeSeries:add:(Lorg/jfree/data/time/RegularTimePeriod;DZ)V#667#11 prob_bp = 0.50000026215673580000
org.jfree.data.time.TimeSeries:<init>:(Ljava/lang/Comparable;Ljava/lang/String;Ljava/lang/String;)V#194#51 prob_bp = 0.50000047738042160000
org.jfree.data.time.TimeSeries:<init>:(Ljava/lang/Comparable;Ljava/lang/String;Ljava/lang/String;)V#194#52 prob_bp = 0.50000048366527150000
org.jfree.data.time.TimeSeries:<init>:(Ljava/lang/Comparable;Ljava/lang/String;Ljava/lang/String;)V#194#55 prob_bp = 0.50000049357678130000
org.jfree.data.time.TimeSeries:updateBoundsForAddedItem:(Lorg/jfree/data/time/TimeSeriesDataItem;)V#1214#24 prob_bp = 0.50000050078605120000
org.jfree.data.time.TimeSeries:updateBoundsForAddedItem:(Lorg/jfree/data/time/TimeSeriesDataItem;)V#1215#32 prob_bp = 0.50000055358081260000
org.jfree.data.time.TimeSeries:add:(Lorg/jfree/data/time/RegularTimePeriod;D)V#653#3 prob_bp = 0.50000075041609000000
org.jfree.data.time.TimeSeries:add:(Lorg/jfree/data/time/RegularTimePeriod;DZ)V#667#14 prob_bp = 0.50000090232466180000
org.jfree.data.time.TimeSeries:add:(Lorg/jfree/data/time/RegularTimePeriod;D)V#653#4 prob_bp = 0.50000091657390890000
org.jfree.data.time.TimeSeries:add:(Lorg/jfree/data/time/RegularTimePeriod;DZ)V#667#16 prob_bp = 0.50000216187788340000
org.jfree.data.time.TimeSeries:updateBoundsForAddedItem:(Lorg/jfree/data/time/TimeSeriesDataItem;)V#1215#33 prob_bp = 0.50000216931198630000
org.jfree.data.general.Series:fireSeriesChanged:()V#315#0 prob_bp = 0.50000244056538600000
org.jfree.data.time.TimeSeries:minIgnoreNaN:(DD)D#1265#0 prob_bp = 0.50000249988669950000
org.jfree.data.time.TimeSeries:add:(Lorg/jfree/data/time/TimeSeriesDataItem;Z)V#638#373 prob_bp = 0.50000280899877890000
org.jfree.data.time.TimeSeries:add:(Lorg/jfree/data/time/TimeSeriesDataItem;Z)V#637#369 prob_bp = 0.50000336150789120000
org.jfree.data.general.Series:fireSeriesChanged:()V#316#12 prob_bp = 0.50000380480609630000
org.jfree.data.general.Series:fireSeriesChanged:()V#315#1 prob_bp = 0.50000961174019100000
org.jfree.data.time.TimeSeries:add:(Lorg/jfree/data/time/TimeSeriesDataItem;Z)V#637#370 prob_bp = 0.50001039243268600000
org.jfree.data.time.TimeSeries:minIgnoreNaN:(DD)D#1265#1 prob_bp = 0.50001054181685060000
org.jfree.data.time.TimeSeries:add:(Lorg/jfree/data/time/TimeSeriesDataItem;Z)V#638#374 prob_bp = 0.50001099772825200000
org.jfree.data.time.TimeSeries:createCopy:(II)Lorg/jfree/data/time/TimeSeries;#1056#29 prob_bp = 0.50001576612868690000
org.jfree.data.time.TimeSeries:createCopy:(II)Lorg/jfree/data/time/TimeSeries;#1056#30 prob_bp = 0.50001966289870980000
org.jfree.data.time.TimeSeries:createCopy:(II)Lorg/jfree/data/time/TimeSeries;#1050#0 prob_bp = 0.50003542970478680000
org.jfree.data.event.SeriesChangeEvent:<init>:(Ljava/lang/Object;)V#70#1 prob_bp = 0.50003978534300610000
org.jfree.data.time.TimeSeries:createCopy:(II)Lorg/jfree/data/time/TimeSeries;#1050#1 prob_bp = 0.50004067869069500000
org.jfree.data.time.TimeSeries:minIgnoreNaN:(DD)D#1265#4 prob_bp = 0.50004289062490460000
org.jfree.data.general.Series:fireSeriesChanged:()V#316#8 prob_bp = 0.50004373865370170000
org.jfree.data.general.Series:fireSeriesChanged:()V#316#11 prob_bp = 0.50004549390154170000
org.jfree.data.general.Series:fireSeriesChanged:()V#316#13 prob_bp = 0.50006351579076070000
org.jfree.data.event.SeriesChangeEvent:<init>:(Ljava/lang/Object;)V#70#0 prob_bp = 0.50008085406048950000
org.jfree.data.time.TimeSeries:getRawDataItem:(I)Lorg/jfree/data/time/TimeSeriesDataItem;#429#0 prob_bp = 0.50027365083970810000
org.jfree.data.event.SeriesChangeEvent:<init>:(Ljava/lang/Object;)V#70#3 prob_bp = 0.50035004635608950000
org.jfree.data.time.TimeSeries:getRawDataItem:(I)Lorg/jfree/data/time/TimeSeriesDataItem;#429#1 prob_bp = 0.50042765611589920000
org.jfree.data.time.TimeSeries:updateBoundsForAddedItem:(Lorg/jfree/data/time/TimeSeriesDataItem;)V#1215#37 prob_bp = 0.50049026452304200000
org.jfree.data.event.SeriesChangeEvent:<init>:(Ljava/lang/Object;Lorg/jfree/data/general/SeriesChangeInfo;)V#82#1 prob_bp = 0.50062013690173910000
org.jfree.data.time.TimeSeries:minIgnoreNaN:(DD)D#1269#9 prob_bp = 0.50063889949111470000
org.jfree.data.event.SeriesChangeEvent:<init>:(Ljava/lang/Object;Lorg/jfree/data/general/SeriesChangeInfo;)V#82#0 prob_bp = 0.50065138953448830000
org.jfree.data.time.TimeSeries:minIgnoreNaN:(DD)D#1269#10 prob_bp = 0.50066456131132920000
org.jfree.data.time.TimeSeries:createCopy:(II)Lorg/jfree/data/time/TimeSeries;#1053#14 prob_bp = 0.50067099080841460000
org.jfree.data.time.TimeSeries:createCopy:(II)Lorg/jfree/data/time/TimeSeries;#1053#15 prob_bp = 0.50067099675143590000
org.jfree.data.time.TimeSeries:minIgnoreNaN:(DD)D#1269#13 prob_bp = 0.50076773262643980000
org.jfree.data.time.TimeSeries:createCopy:(II)Lorg/jfree/data/time/TimeSeries;#1053#16 prob_bp = 0.50077013194168760000
org.jfree.data.time.TimeSeries:getRawDataItem:(I)Lorg/jfree/data/time/TimeSeriesDataItem;#429#4 prob_bp = 0.50101113054594470000
org.jfree.data.time.TimeSeries:getRawDataItem:(I)Lorg/jfree/data/time/TimeSeriesDataItem;#429#5 prob_bp = 0.50114292166606370000
org.jfree.data.time.TimeSeries:maxIgnoreNaN:(DD)D#1288#0 prob_bp = 0.50241590859967900000
org.jfree.data.general.Series:fireSeriesChanged:()V#315#4 prob_bp = 0.50247837922100960000
org.jfree.data.event.SeriesChangeEvent:<init>:(Ljava/lang/Object;Lorg/jfree/data/general/SeriesChangeInfo;)V#82#2 prob_bp = 0.50247931446451880000
org.jfree.data.time.TimeSeries:maxIgnoreNaN:(DD)D#1288#1 prob_bp = 0.50988437979020310000
org.jfree.data.general.Series:clone:()Ljava/lang/Object;#243#4 prob_bp = 0.51033461992920610000
org.jfree.data.time.Year:<init>:(I)V#115#4 prob_bp = 0.51448025393988940000
org.jfree.data.time.Year:<init>:(I)V#115#5 prob_bp = 0.51449287669605200000
org.jfree.data.time.Year:<init>:(I)V#115#8 prob_bp = 0.51477833983066380000
org.jfree.data.time.TimeSeries:getRawDataItem:(I)Lorg/jfree/data/time/TimeSeriesDataItem;#429#10 prob_bp = 0.52056979802628050000
org.jfree.data.time.TimeSeries:<init>:(Ljava/lang/Comparable;Ljava/lang/String;Ljava/lang/String;)V#186#0 prob_bp = 0.52225231891357290000
org.jfree.data.general.Series:<init>:(Ljava/lang/Comparable;)V#104#0 prob_bp = 0.52334696344266820000
org.jfree.data.general.Series:<init>:(Ljava/lang/Comparable;Ljava/lang/String;)V#113#0 prob_bp = 0.52557545979358740000
org.jfree.data.general.Series:clone:()Ljava/lang/Object;#243#0 prob_bp = 0.52564400105021810000
org.jfree.data.general.Series:<init>:(Ljava/lang/Comparable;Ljava/lang/String;)V#113#1 prob_bp = 0.52783864527336780000
org.jfree.data.general.Series:clone:()Ljava/lang/Object;#243#7 prob_bp = 0.52974778007795450000
org.jfree.data.general.Series:clone:()Ljava/lang/Object;#243#1 prob_bp = 0.53101973988976690000
org.jfree.data.time.TimeSeries:maxIgnoreNaN:(DD)D#1288#4 prob_bp = 0.53711718414922580000
org.jfree.data.time.Year:<init>:(I)V#115#11 prob_bp = 0.54753054409731270000
org.jfree.data.time.Year:<init>:(I)V#115#12 prob_bp = 0.54802912401473880000
org.jfree.data.time.Year:<init>:(I)V#115#15 prob_bp = 0.54948980748890040000
org.jfree.data.time.TimeSeries:createCopy:(II)Lorg/jfree/data/time/TimeSeries;#1056#33 prob_bp = 0.55320158535344620000
org.jfree.data.time.TimeSeries:getRawDataItem:(I)Lorg/jfree/data/time/TimeSeriesDataItem;#429#13 prob_bp = 0.55713458122056560000
org.jfree.data.general.Series:clone:()Ljava/lang/Object;#246#31 prob_bp = 0.56515466250380280000
org.jfree.data.time.TimeSeriesDataItem:<init>:(Lorg/jfree/data/time/RegularTimePeriod;D)V#121#1 prob_bp = 0.56773040280263260000
org.jfree.data.time.TimeSeriesDataItem:<init>:(Lorg/jfree/data/time/RegularTimePeriod;Ljava/lang/Number;)V#106#4 prob_bp = 0.57282807875221590000
org.jfree.data.time.TimeSeriesDataItem:<init>:(Lorg/jfree/data/time/RegularTimePeriod;Ljava/lang/Number;)V#106#5 prob_bp = 0.57823849234100780000
org.jfree.data.time.TimeSeries:createCopy:(II)Lorg/jfree/data/time/TimeSeries;#1056#36 prob_bp = 0.60257847611249330000
org.jfree.data.general.Series:clone:()Ljava/lang/Object;#246#32 prob_bp = 0.62438222990880990000
org.jfree.data.time.TimeSeries:createCopy:(II)Lorg/jfree/data/time/TimeSeries;#1071#117 prob_bp = 0.66962139862401450000
org.jfree.data.time.TimeSeries:createCopy:(II)Lorg/jfree/data/time/TimeSeries;#1057#37 prob_bp = 0.67589788430624330000
org.jfree.data.time.TimeSeries:createCopy:(II)Lorg/jfree/data/time/TimeSeries;#1071#118 prob_bp = 0.69883991896428940000
org.jfree.data.time.TimeSeries:createCopy:(II)Lorg/jfree/data/time/TimeSeries;#1057#38 prob_bp = 0.70718221060591340000
org.jfree.data.time.TimeSeriesDataItem:getValue:()Ljava/lang/Number;#141#0 prob_bp = 0.70936343146438440000
org.jfree.data.time.TimeSeries:createCopy:(II)Lorg/jfree/data/time/TimeSeries;#1057#45 prob_bp = 0.71136771403707100000
org.jfree.data.time.TimeSeriesDataItem:getValue:()Ljava/lang/Number;#141#1 prob_bp = 0.81785436386021990000
org.jfree.data.time.TimeSeries:<init>:(Ljava/lang/Comparable;)V#169#0 prob_bp = 0.82445592181682080000
org.jfree.data.time.TimeSeries:<init>:(Ljava/lang/Comparable;Ljava/lang/String;Ljava/lang/String;)V#190#20 prob_bp = 0.83220158806597930000
org.jfree.data.time.TimeSeries:<init>:(Ljava/lang/Comparable;Ljava/lang/String;Ljava/lang/String;)V#190#21 prob_bp = 0.83819540396476680000
org.jfree.data.time.TimeSeries:<init>:(Ljava/lang/Comparable;Ljava/lang/String;Ljava/lang/String;)V#190#28 prob_bp = 0.84502796090739670000
org.jfree.data.time.TimeSeriesDataItem:getValue:()Ljava/lang/Number;#141#4 prob_bp = 0.91924588791194680000
org.jfree.data.time.TimeSeries:getItemCount:()I#254#1 prob_bp = 0.99317608276552760000
org.jfree.data.time.TimeSeriesDataItem:<init>:(Lorg/jfree/data/time/RegularTimePeriod;D)V#121#0 prob_bp = 0.99795592700476100000
org.jfree.data.time.TimeSeries:getMaxY:()D#360#1 prob_bp = 0.99796426759867300000
org.jfree.data.time.TimeSeriesDataItem:<init>:(Lorg/jfree/data/time/RegularTimePeriod;D)V#121#10 prob_bp = 0.99895340903153570000
org.jfree.data.time.TimeSeriesDataItem:<init>:(Lorg/jfree/data/time/RegularTimePeriod;Ljava/lang/Number;)V#105#0 prob_bp = 0.99943340166317370000
org.jfree.data.time.TimeSeriesDataItem:<init>:(Lorg/jfree/data/time/RegularTimePeriod;Ljava/lang/Number;)V#105#1 prob_bp = 0.99985190846264090000
org.jfree.data.time.TimeSeries:maxIgnoreNaN:(DD)D#1292#9 prob_bp = 0.99987604589032640000
org.jfree.data.time.TimeSeries:maxIgnoreNaN:(DD)D#1292#10 prob_bp = 0.99989358848534240000
org.jfree.data.time.TimeSeries:maxIgnoreNaN:(DD)D#1292#13 prob_bp = 0.99991525113645950000
org.jfree.data.time.TimeSeries:<init>:(Ljava/lang/Comparable;)V#169#1 prob_bp = 0.99999313910645260000
org.jfree.data.time.TimeSeries:<init>:(Ljava/lang/Comparable;Ljava/lang/String;Ljava/lang/String;)V#186#1 prob_bp = 0.99999508068321130000
org.jfree.data.time.TimeSeries:<init>:(Ljava/lang/Comparable;Ljava/lang/String;Ljava/lang/String;)V#186#2 prob_bp = 0.99999604345630650000
org.jfree.data.time.TimeSeries:<init>:(Ljava/lang/Comparable;)V#169#6 prob_bp = 0.99999806260663720000
org.jfree.data.general.Series:<init>:(Ljava/lang/Comparable;)V#104#1 prob_bp = 0.99999808169891810000
org.jfree.data.general.Series:<init>:(Ljava/lang/Comparable;)V#104#3 prob_bp = 0.99999848613990480000
org.jfree.data.general.Series:<init>:(Ljava/lang/Comparable;Ljava/lang/String;)V#114#4 prob_bp = 0.99999868402564250000
org.jfree.data.general.Series:<init>:(Ljava/lang/Comparable;Ljava/lang/String;)V#114#5 prob_bp = 0.99999891642480190000
org.jfree.data.time.TimeSeries:getItemCount:()I#254#0 prob_bp = 0.99999999221874370000
org.jfree.data.time.TimeSeries:getItemCount:()I#254#4 prob_bp = 0.99999999989999990000
org.jfree.data.time.TimeSeries:getItemCount:()I#254#9 prob_bp = 0.99999999989999990000
org.jfree.data.time.junit.TimeSeriesTests:setUp:()V#121#0 prob_bp = 1.00000000000000000000
org.jfree.data.time.junit.TimeSeriesTests:setUp:()V#121#1 prob_bp = 1.00000000000000000000
org.jfree.data.time.junit.TimeSeriesTests:setUp:()V#121#4 prob_bp = 1.00000000000000000000
org.jfree.data.time.junit.TimeSeriesTests:setUp:()V#121#5 prob_bp = 1.00000000000000000000
org.jfree.data.time.junit.TimeSeriesTests:setUp:()V#121#7 prob_bp = 1.00000000000000000000
org.jfree.data.time.junit.TimeSeriesTests:setUp:()V#121#10 prob_bp = 1.00000000000000000000
org.jfree.data.time.junit.TimeSeriesTests:setUp:()V#123#13 prob_bp = 1.00000000000000000000
org.jfree.data.time.junit.TimeSeriesTests:setUp:()V#123#14 prob_bp = 1.00000000000000000000
org.jfree.data.time.junit.TimeSeriesTests:setUp:()V#123#17 prob_bp = 1.00000000000000000000
org.jfree.data.time.junit.TimeSeriesTests:setUp:()V#123#20 prob_bp = 1.00000000000000000000
org.jfree.data.time.junit.TimeSeriesTests:setUp:()V#123#21 prob_bp = 1.00000000000000000000
org.jfree.data.time.junit.TimeSeriesTests:setUp:()V#123#24 prob_bp = 1.00000000000000000000
org.jfree.data.time.junit.TimeSeriesTests:setUp:()V#123#36 prob_bp = 1.00000000000000000000
org.jfree.data.time.junit.TimeSeriesTests:setUp:()V#124#39 prob_bp = 1.00000000000000000000
org.jfree.data.time.junit.TimeSeriesTests:setUp:()V#124#40 prob_bp = 1.00000000000000000000
org.jfree.data.time.junit.TimeSeriesTests:setUp:()V#124#43 prob_bp = 1.00000000000000000000
org.jfree.data.time.junit.TimeSeriesTests:setUp:()V#124#46 prob_bp = 1.00000000000000000000
org.jfree.data.time.junit.TimeSeriesTests:setUp:()V#124#47 prob_bp = 1.00000000000000000000
org.jfree.data.time.junit.TimeSeriesTests:setUp:()V#124#50 prob_bp = 1.00000000000000000000
org.jfree.data.time.junit.TimeSeriesTests:setUp:()V#124#62 prob_bp = 1.00000000000000000000
org.jfree.data.time.junit.TimeSeriesTests:setUp:()V#125#65 prob_bp = 1.00000000000000000000
org.jfree.data.time.junit.TimeSeriesTests:setUp:()V#125#66 prob_bp = 1.00000000000000000000
org.jfree.data.time.junit.TimeSeriesTests:setUp:()V#125#69 prob_bp = 1.00000000000000000000
org.jfree.data.time.junit.TimeSeriesTests:setUp:()V#125#72 prob_bp = 1.00000000000000000000
org.jfree.data.time.junit.TimeSeriesTests:setUp:()V#125#73 prob_bp = 1.00000000000000000000
org.jfree.data.time.junit.TimeSeriesTests:setUp:()V#125#76 prob_bp = 1.00000000000000000000
org.jfree.data.time.junit.TimeSeriesTests:setUp:()V#125#88 prob_bp = 1.00000000000000000000
org.jfree.data.time.junit.TimeSeriesTests:setUp:()V#126#91 prob_bp = 1.00000000000000000000
org.jfree.data.time.junit.TimeSeriesTests:setUp:()V#126#92 prob_bp = 1.00000000000000000000
org.jfree.data.time.junit.TimeSeriesTests:setUp:()V#126#95 prob_bp = 1.00000000000000000000
org.jfree.data.time.junit.TimeSeriesTests:setUp:()V#126#98 prob_bp = 1.00000000000000000000
org.jfree.data.time.junit.TimeSeriesTests:setUp:()V#126#99 prob_bp = 1.00000000000000000000
org.jfree.data.time.junit.TimeSeriesTests:setUp:()V#126#102 prob_bp = 1.00000000000000000000
org.jfree.data.time.junit.TimeSeriesTests:setUp:()V#126#114 prob_bp = 1.00000000000000000000
org.jfree.data.time.junit.TimeSeriesTests:setUp:()V#127#117 prob_bp = 1.00000000000000000000
org.jfree.data.time.junit.TimeSeriesTests:setUp:()V#127#118 prob_bp = 1.00000000000000000000
org.jfree.data.time.junit.TimeSeriesTests:setUp:()V#127#121 prob_bp = 1.00000000000000000000
org.jfree.data.time.junit.TimeSeriesTests:setUp:()V#127#124 prob_bp = 1.00000000000000000000
org.jfree.data.time.junit.TimeSeriesTests:setUp:()V#127#125 prob_bp = 1.00000000000000000000
org.jfree.data.time.junit.TimeSeriesTests:setUp:()V#127#128 prob_bp = 1.00000000000000000000
org.jfree.data.time.junit.TimeSeriesTests:setUp:()V#127#140 prob_bp = 1.00000000000000000000
org.jfree.data.time.junit.TimeSeriesTests:setUp:()V#128#143 prob_bp = 1.00000000000000000000
org.jfree.data.time.junit.TimeSeriesTests:setUp:()V#128#144 prob_bp = 1.00000000000000000000
org.jfree.data.time.junit.TimeSeriesTests:setUp:()V#128#147 prob_bp = 1.00000000000000000000
org.jfree.data.time.junit.TimeSeriesTests:setUp:()V#128#150 prob_bp = 1.00000000000000000000
org.jfree.data.time.junit.TimeSeriesTests:setUp:()V#128#151 prob_bp = 1.00000000000000000000
org.jfree.data.time.junit.TimeSeriesTests:setUp:()V#128#154 prob_bp = 1.00000000000000000000
org.jfree.data.time.junit.TimeSeriesTests:setUp:()V#128#166 prob_bp = 1.00000000000000000000
org.jfree.data.time.junit.TimeSeriesTests:setUp:()V#134#181 prob_bp = 1.00000000000000000000
org.jfree.data.time.junit.TimeSeriesTests:setUp:()V#134#182 prob_bp = 1.00000000000000000000
org.jfree.data.time.junit.TimeSeriesTests:setUp:()V#134#185 prob_bp = 1.00000000000000000000
org.jfree.data.time.junit.TimeSeriesTests:setUp:()V#134#186 prob_bp = 1.00000000000000000000
org.jfree.data.time.junit.TimeSeriesTests:setUp:()V#134#188 prob_bp = 1.00000000000000000000
org.jfree.data.time.junit.TimeSeriesTests:setUp:()V#134#191 prob_bp = 1.00000000000000000000
org.jfree.data.time.junit.TimeSeriesTests:setUp:()V#136#194 prob_bp = 1.00000000000000000000
org.jfree.data.time.junit.TimeSeriesTests:setUp:()V#136#195 prob_bp = 1.00000000000000000000
org.jfree.data.time.junit.TimeSeriesTests:setUp:()V#136#198 prob_bp = 1.00000000000000000000
org.jfree.data.time.junit.TimeSeriesTests:setUp:()V#136#201 prob_bp = 1.00000000000000000000
org.jfree.data.time.junit.TimeSeriesTests:setUp:()V#136#202 prob_bp = 1.00000000000000000000
org.jfree.data.time.junit.TimeSeriesTests:setUp:()V#136#205 prob_bp = 1.00000000000000000000
org.jfree.data.time.junit.TimeSeriesTests:setUp:()V#136#217 prob_bp = 1.00000000000000000000
org.jfree.data.time.junit.TimeSeriesTests:setUp:()V#137#220 prob_bp = 1.00000000000000000000
org.jfree.data.time.junit.TimeSeriesTests:setUp:()V#137#221 prob_bp = 1.00000000000000000000
org.jfree.data.time.junit.TimeSeriesTests:setUp:()V#137#224 prob_bp = 1.00000000000000000000
org.jfree.data.time.junit.TimeSeriesTests:setUp:()V#137#227 prob_bp = 1.00000000000000000000
org.jfree.data.time.junit.TimeSeriesTests:setUp:()V#137#228 prob_bp = 1.00000000000000000000
org.jfree.data.time.junit.TimeSeriesTests:setUp:()V#137#231 prob_bp = 1.00000000000000000000
org.jfree.data.time.junit.TimeSeriesTests:setUp:()V#137#243 prob_bp = 1.00000000000000000000
org.jfree.data.time.junit.TimeSeriesTests:setUp:()V#138#246 prob_bp = 1.00000000000000000000
org.jfree.data.time.junit.TimeSeriesTests:setUp:()V#138#247 prob_bp = 1.00000000000000000000
org.jfree.data.time.junit.TimeSeriesTests:setUp:()V#138#250 prob_bp = 1.00000000000000000000
org.jfree.data.time.junit.TimeSeriesTests:setUp:()V#138#253 prob_bp = 1.00000000000000000000
org.jfree.data.time.junit.TimeSeriesTests:setUp:()V#138#254 prob_bp = 1.00000000000000000000
org.jfree.data.time.junit.TimeSeriesTests:setUp:()V#138#257 prob_bp = 1.00000000000000000000
org.jfree.data.time.junit.TimeSeriesTests:setUp:()V#138#269 prob_bp = 1.00000000000000000000
org.jfree.data.time.junit.TimeSeriesTests:setUp:()V#144#284 prob_bp = 1.00000000000000000000
org.jfree.data.time.junit.TimeSeriesTests:setUp:()V#144#285 prob_bp = 1.00000000000000000000
org.jfree.data.time.junit.TimeSeriesTests:setUp:()V#144#288 prob_bp = 1.00000000000000000000
org.jfree.data.time.junit.TimeSeriesTests:setUp:()V#144#289 prob_bp = 1.00000000000000000000
org.jfree.data.time.junit.TimeSeriesTests:setUp:()V#144#291 prob_bp = 1.00000000000000000000
org.jfree.data.time.junit.TimeSeriesTests:setUp:()V#144#294 prob_bp = 1.00000000000000000000
org.jfree.data.time.junit.TimeSeriesTests:setUp:()V#146#297 prob_bp = 1.00000000000000000000
org.jfree.data.time.junit.TimeSeriesTests:setUp:()V#146#298 prob_bp = 1.00000000000000000000
org.jfree.data.time.junit.TimeSeriesTests:setUp:()V#146#301 prob_bp = 1.00000000000000000000
org.jfree.data.time.junit.TimeSeriesTests:setUp:()V#146#304 prob_bp = 1.00000000000000000000
org.jfree.data.time.junit.TimeSeriesTests:setUp:()V#146#305 prob_bp = 1.00000000000000000000
org.jfree.data.time.junit.TimeSeriesTests:setUp:()V#146#308 prob_bp = 1.00000000000000000000
org.jfree.data.time.junit.TimeSeriesTests:setUp:()V#146#320 prob_bp = 1.00000000000000000000
org.jfree.data.time.junit.TimeSeriesTests:setUp:()V#147#323 prob_bp = 1.00000000000000000000
org.jfree.data.time.junit.TimeSeriesTests:setUp:()V#147#324 prob_bp = 1.00000000000000000000
org.jfree.data.time.junit.TimeSeriesTests:setUp:()V#147#327 prob_bp = 1.00000000000000000000
org.jfree.data.time.junit.TimeSeriesTests:setUp:()V#147#330 prob_bp = 1.00000000000000000000
org.jfree.data.time.junit.TimeSeriesTests:setUp:()V#147#331 prob_bp = 1.00000000000000000000
org.jfree.data.time.junit.TimeSeriesTests:setUp:()V#147#334 prob_bp = 1.00000000000000000000
org.jfree.data.time.junit.TimeSeriesTests:setUp:()V#147#346 prob_bp = 1.00000000000000000000
org.jfree.data.time.junit.TimeSeriesTests:setUp:()V#148#349 prob_bp = 1.00000000000000000000
org.jfree.data.time.junit.TimeSeriesTests:setUp:()V#148#350 prob_bp = 1.00000000000000000000
org.jfree.data.time.junit.TimeSeriesTests:setUp:()V#148#353 prob_bp = 1.00000000000000000000
org.jfree.data.time.junit.TimeSeriesTests:setUp:()V#148#356 prob_bp = 1.00000000000000000000
org.jfree.data.time.junit.TimeSeriesTests:setUp:()V#148#357 prob_bp = 1.00000000000000000000
org.jfree.data.time.junit.TimeSeriesTests:setUp:()V#148#360 prob_bp = 1.00000000000000000000
org.jfree.data.time.junit.TimeSeriesTests:setUp:()V#148#372 prob_bp = 1.00000000000000000000
org.jfree.data.time.junit.TimeSeriesTests:testCreateCopy3:()V#598#0 prob_bp = 1.00000000000000000000
org.jfree.data.time.junit.TimeSeriesTests:testCreateCopy3:()V#598#3 prob_bp = 1.00000000000000000000
org.jfree.data.time.junit.TimeSeriesTests:testCreateCopy3:()V#598#4 prob_bp = 1.00000000000000000000
org.jfree.data.time.junit.TimeSeriesTests:testCreateCopy3:()V#598#6 prob_bp = 1.00000000000000000000
org.jfree.data.time.junit.TimeSeriesTests:testCreateCopy3:()V#598#9 prob_bp = 1.00000000000000000000
org.jfree.data.time.junit.TimeSeriesTests:testCreateCopy3:()V#599#10 prob_bp = 1.00000000000000000000
org.jfree.data.time.junit.TimeSeriesTests:testCreateCopy3:()V#599#11 prob_bp = 1.00000000000000000000
org.jfree.data.time.junit.TimeSeriesTests:testCreateCopy3:()V#599#14 prob_bp = 1.00000000000000000000
org.jfree.data.time.junit.TimeSeriesTests:testCreateCopy3:()V#599#15 prob_bp = 1.00000000000000000000
org.jfree.data.time.junit.TimeSeriesTests:testCreateCopy3:()V#599#18 prob_bp = 1.00000000000000000000
org.jfree.data.time.junit.TimeSeriesTests:testCreateCopy3:()V#599#24 prob_bp = 1.00000000000000000000
org.jfree.data.time.junit.TimeSeriesTests:testCreateCopy3:()V#600#27 prob_bp = 1.00000000000000000000
org.jfree.data.time.junit.TimeSeriesTests:testCreateCopy3:()V#600#28 prob_bp = 1.00000000000000000000
org.jfree.data.time.junit.TimeSeriesTests:testCreateCopy3:()V#600#31 prob_bp = 1.00000000000000000000
org.jfree.data.time.junit.TimeSeriesTests:testCreateCopy3:()V#600#32 prob_bp = 1.00000000000000000000
org.jfree.data.time.junit.TimeSeriesTests:testCreateCopy3:()V#600#35 prob_bp = 1.00000000000000000000
org.jfree.data.time.junit.TimeSeriesTests:testCreateCopy3:()V#600#41 prob_bp = 1.00000000000000000000
org.jfree.data.time.junit.TimeSeriesTests:testCreateCopy3:()V#601#44 prob_bp = 1.00000000000000000000
org.jfree.data.time.junit.TimeSeriesTests:testCreateCopy3:()V#601#45 prob_bp = 1.00000000000000000000
org.jfree.data.time.junit.TimeSeriesTests:testCreateCopy3:()V#601#48 prob_bp = 1.00000000000000000000
org.jfree.data.time.junit.TimeSeriesTests:testCreateCopy3:()V#601#49 prob_bp = 1.00000000000000000000
org.jfree.data.time.junit.TimeSeriesTests:testCreateCopy3:()V#601#52 prob_bp = 1.00000000000000000000
org.jfree.data.time.junit.TimeSeriesTests:testCreateCopy3:()V#601#58 prob_bp = 1.00000000000000000000
org.jfree.data.time.TimeSeries:getMaxY:()D#360#0 prob_bp = 1.00000000000000000000
org.jfree.data.time.TimeSeries:getMaxY:()D#360#4 prob_bp = 1.00000000000000000000
org.jfree.data.time.junit.TimeSeriesTests:testCreateCopy3:()V#605#87 prob_bp = 1.00000000000000000000
org.jfree.data.time.junit.TimeSeriesTests:testCreateCopy3:()V#605#88 prob_bp = 1.00000000000000000000
org.jfree.data.time.junit.TimeSeriesTests:testCreateCopy3:()V#605#89 prob_bp = 1.00000000000000000000
org.jfree.data.time.junit.TimeSeriesTests:testCreateCopy3:()V#605#90 prob_bp = 1.00000000000000000000
org.jfree.data.time.junit.TimeSeriesTests:testCreateCopy3:()V#605#93 prob_bp = 1.00000000000000000000
org.jfree.data.time.junit.TimeSeriesTests:testCreateCopy3:()V#607#107 prob_bp = 1.00000000000000000000
org.jfree.data.time.junit.TimeSeriesTests:testCreateCopy3:()V#607#110 prob_bp = 1.00000000000000000000
org.jfree.data.time.junit.TimeSeriesTests:testCreateCopy3:()V#607#111 prob_bp = 1.00000000000000000000
org.jfree.data.time.junit.TimeSeriesTests:testCreateCopy3:()V#607#114 prob_bp = 1.00000000000000000000
org.jfree.data.time.junit.TimeSeriesTests:testCreateCopy3:()V#607#117 prob_bp = 1.00000000000000000000
Belief propagation time : 171.238000s
