Belief propagation time: 100

Probabilities: 
Vars:139372
Stmts:3949
org.apache.commons.lang3.time.FastDateFormat$CharacterLiteral:appendTo:(Ljava/lang/StringBuffer;Ljava/util/Calendar;)V#1098#5 prob_bp = 0.49999999980233690000
org.apache.commons.lang3.time.FastDateFormat$CharacterLiteral:appendTo:(Ljava/lang/StringBuffer;Ljava/util/Calendar;)V#1098#0 prob_bp = 0.49999999994104470000
org.apache.commons.lang3.time.FastDateFormat$CharacterLiteral:appendTo:(Ljava/lang/StringBuffer;Ljava/util/Calendar;)V#1098#2 prob_bp = 0.49999999999950145000
org.apache.commons.lang3.time.FastDateFormat$CharacterLiteral:appendTo:(Ljava/lang/StringBuffer;Ljava/util/Calendar;)V#1098#1 prob_bp = 0.49999999999988480000
org.apache.commons.lang3.time.FastDateFormat$PaddedNumberField:appendTo:(Ljava/lang/StringBuffer;I)V#1304#51 prob_bp = 0.49999999999998690000
org.apache.commons.lang3.time.FastDateFormat$PaddedNumberField:appendTo:(Ljava/lang/StringBuffer;I)V#1304#50 prob_bp = 0.49999999999999320000
org.apache.commons.lang3.time.FastDateFormat:getInstance:(Ljava/lang/String;Ljava/util/TimeZone;Ljava/util/Locale;)Lorg/apache/commons/lang3/time/FastDateFormat;#218#45 prob_bp = 0.49999999999999370000
org.apache.commons.lang3.time.FastDateFormat$PaddedNumberField:appendTo:(Ljava/lang/StringBuffer;I)V#1304#49 prob_bp = 0.49999999999999480000
org.apache.commons.lang3.time.FastDateFormat$PaddedNumberField:appendTo:(Ljava/lang/StringBuffer;I)V#1304#47 prob_bp = 0.49999999999999500000
org.apache.commons.lang3.time.FastDateFormat$PaddedNumberField:appendTo:(Ljava/lang/StringBuffer;I)V#1304#42 prob_bp = 0.49999999999999667000
org.apache.commons.lang3.time.FastDateFormat:parsePattern:()Ljava/util/List;#684#882 prob_bp = 0.49999999999999845000
org.apache.commons.lang3.time.FastDateFormat:format:(Ljava/util/Calendar;Ljava/lang/StringBuffer;)Ljava/lang/StringBuffer;#873#20 prob_bp = 0.49999999999999845000
org.apache.commons.lang3.time.FastDateFormat$TwoDigitMonthField:appendTo:(Ljava/lang/StringBuffer;I)V#1430#9 prob_bp = 0.49999999999999917000
org.apache.commons.lang3.time.FastDateFormat:getInstance:(Ljava/lang/String;Ljava/util/TimeZone;Ljava/util/Locale;)Lorg/apache/commons/lang3/time/FastDateFormat;#218#38 prob_bp = 0.49999999999999930000
org.apache.commons.lang3.time.FastDateFormat:parsePattern:()Ljava/util/List;#684#886 prob_bp = 0.49999999999999933000
org.apache.commons.lang3.time.FastDateFormat:parseToken:(Ljava/lang/String;[I)Ljava/lang/String;#745#183 prob_bp = 0.49999999999999940000
org.apache.commons.lang3.time.FastDateFormat$TwoDigitMonthField:appendTo:(Ljava/lang/StringBuffer;I)V#1430#0 prob_bp = 0.49999999999999940000
org.apache.commons.lang3.time.FastDateFormat:parseToken:(Ljava/lang/String;[I)Ljava/lang/String;#717#58 prob_bp = 0.49999999999999950000
org.apache.commons.lang3.time.FastDateFormat:parseToken:(Ljava/lang/String;[I)Ljava/lang/String;#750#225 prob_bp = 0.49999999999999950000
org.apache.commons.lang3.time.FastDateFormat:getInstance:(Ljava/lang/String;Ljava/util/TimeZone;Ljava/util/Locale;)Lorg/apache/commons/lang3/time/FastDateFormat;#218#41 prob_bp = 0.49999999999999950000
org.apache.commons.lang3.time.FastDateFormat:getInstance:(Ljava/lang/String;Ljava/util/TimeZone;Ljava/util/Locale;)Lorg/apache/commons/lang3/time/FastDateFormat;#218#43 prob_bp = 0.49999999999999950000
org.apache.commons.lang3.time.FastDateFormat$TwoDigitMonthField:appendTo:(Ljava/lang/StringBuffer;I)V#1430#1 prob_bp = 0.49999999999999950000
org.apache.commons.lang3.time.FastDateFormat$TwoDigitMonthField:appendTo:(Ljava/lang/StringBuffer;I)V#1431#14 prob_bp = 0.49999999999999950000
org.apache.commons.lang3.time.FastDateFormat:parseToken:(Ljava/lang/String;[I)Ljava/lang/String;#745#188 prob_bp = 0.49999999999999960000
org.apache.commons.lang3.time.FastDateFormat:parseToken:(Ljava/lang/String;[I)Ljava/lang/String;#734#115#unexe#4 prob_bp = 0.49999999999999960000
org.apache.commons.lang3.time.FastDateFormat:format:(Ljava/util/Calendar;Ljava/lang/StringBuffer;)Ljava/lang/StringBuffer;#873#15 prob_bp = 0.49999999999999967000
org.apache.commons.lang3.time.FastDateFormat$TwoDigitMonthField:appendTo:(Ljava/lang/StringBuffer;I)V#1431#13 prob_bp = 0.49999999999999967000
org.apache.commons.lang3.time.FastDateFormat:getInstance:(Ljava/lang/String;Ljava/util/TimeZone;)Lorg/apache/commons/lang3/time/FastDateFormat;#182#0 prob_bp = 0.49999999999999980000
org.apache.commons.lang3.time.FastDateFormat:parseToken:(Ljava/lang/String;[I)Ljava/lang/String;#710#11 prob_bp = 0.49999999999999983000
org.apache.commons.lang3.time.FastDateFormat:parseToken:(Ljava/lang/String;[I)Ljava/lang/String;#719#62 prob_bp = 0.49999999999999983000
org.apache.commons.lang3.time.FastDateFormat:parseToken:(Ljava/lang/String;[I)Ljava/lang/String;#734#115 prob_bp = 0.49999999999999983000
org.apache.commons.lang3.time.FastDateFormat$CharacterLiteral:<init>:(C)V#1083#0 prob_bp = 0.49999999999999983000
org.apache.commons.lang3.time.FastDateFormat:parseToken:(Ljava/lang/String;[I)Ljava/lang/String;#745#213 prob_bp = 0.49999999999999983000
org.apache.commons.lang3.time.FastDateFormat$PaddedNumberField:appendTo:(Ljava/lang/StringBuffer;Ljava/util/Calendar;)V#1292#1 prob_bp = 0.49999999999999983000
org.apache.commons.lang3.time.FastDateFormat$TwoDigitMonthField:appendTo:(Ljava/lang/StringBuffer;Ljava/util/Calendar;)V#1423#1 prob_bp = 0.49999999999999983000
org.apache.commons.lang3.time.FastDateFormat$TwoDigitMonthField:appendTo:(Ljava/lang/StringBuffer;Ljava/util/Calendar;)V#1423#7 prob_bp = 0.49999999999999983000
org.apache.commons.lang3.time.FastDateFormat$TwoDigitMonthField:appendTo:(Ljava/lang/StringBuffer;Ljava/util/Calendar;)V#1423#9 prob_bp = 0.49999999999999983000
org.apache.commons.lang3.time.FastDateFormat$TwoDigitMonthField:appendTo:(Ljava/lang/StringBuffer;I)V#1431#17 prob_bp = 0.49999999999999983000
org.apache.commons.lang3.time.FastDateFormat:parseToken:(Ljava/lang/String;[I)Ljava/lang/String;#711#14 prob_bp = 0.49999999999999990000
org.apache.commons.lang3.time.FastDateFormat:parseToken:(Ljava/lang/String;[I)Ljava/lang/String;#737#126 prob_bp = 0.49999999999999990000
org.apache.commons.lang3.time.FastDateFormat:parseToken:(Ljava/lang/String;[I)Ljava/lang/String;#745#185 prob_bp = 0.49999999999999990000
org.apache.commons.lang3.time.FastDateFormat:getInstance:(Ljava/lang/String;Ljava/util/TimeZone;Ljava/util/Locale;)Lorg/apache/commons/lang3/time/FastDateFormat;#220#51 prob_bp = 0.49999999999999990000
org.apache.commons.lang3.time.FastDateFormat:format:(Ljava/util/Calendar;Ljava/lang/StringBuffer;)Ljava/lang/StringBuffer;#872#14 prob_bp = 0.49999999999999990000
org.apache.commons.lang3.time.FastDateFormat:parseToken:(Ljava/lang/String;[I)Ljava/lang/String;#711#13 prob_bp = 0.49999999999999994000
org.apache.commons.lang3.time.FastDateFormat:parseToken:(Ljava/lang/String;[I)Ljava/lang/String;#713#25 prob_bp = 0.49999999999999994000
org.apache.commons.lang3.time.FastDateFormat:parseToken:(Ljava/lang/String;[I)Ljava/lang/String;#714#31 prob_bp = 0.49999999999999994000
org.apache.commons.lang3.time.FastDateFormat:parseToken:(Ljava/lang/String;[I)Ljava/lang/String;#714#38 prob_bp = 0.49999999999999994000
org.apache.commons.lang3.time.FastDateFormat:parseToken:(Ljava/lang/String;[I)Ljava/lang/String;#717#55 prob_bp = 0.49999999999999994000
org.apache.commons.lang3.time.FastDateFormat:parseToken:(Ljava/lang/String;[I)Ljava/lang/String;#721#85#unexe#4 prob_bp = 0.49999999999999994000
org.apache.commons.lang3.time.FastDateFormat:parseToken:(Ljava/lang/String;[I)Ljava/lang/String;#730#101 prob_bp = 0.49999999999999994000
org.apache.commons.lang3.time.FastDateFormat:parseToken:(Ljava/lang/String;[I)Ljava/lang/String;#730#102 prob_bp = 0.49999999999999994000
org.apache.commons.lang3.time.FastDateFormat:parseToken:(Ljava/lang/String;[I)Ljava/lang/String;#745#199 prob_bp = 0.49999999999999994000
org.apache.commons.lang3.time.FastDateFormat:parsePattern:()Ljava/util/List;#683#872 prob_bp = 0.49999999999999994000
org.apache.commons.lang3.time.FastDateFormat:parsePattern:()Ljava/util/List;#685#889 prob_bp = 0.49999999999999994000
org.apache.commons.lang3.time.FastDateFormat$CharacterLiteral:<init>:(C)V#1083#1 prob_bp = 0.49999999999999994000
org.apache.commons.lang3.time.FastDateFormat:parsePattern:()Ljava/util/List;#618#541 prob_bp = 0.49999999999999994000
org.apache.commons.lang3.time.FastDateFormat:parsePattern:()Ljava/util/List;#618#543 prob_bp = 0.49999999999999994000
org.apache.commons.lang3.time.FastDateFormat:parsePattern:()Ljava/util/List;#618#544#unexe#14 prob_bp = 0.49999999999999994000
org.apache.commons.lang3.time.FastDateFormat:parsePattern:()Ljava/util/List;#616#523#unexe#14 prob_bp = 0.49999999999999994000
org.apache.commons.lang3.time.FastDateFormat:parseToken:(Ljava/lang/String;[I)Ljava/lang/String;#745#211 prob_bp = 0.49999999999999994000
org.apache.commons.lang3.time.FastDateFormat$TwoDigitNumberField:<init>:(I)V#1332#1 prob_bp = 0.49999999999999994000
org.apache.commons.lang3.time.FastDateFormat:parseToken:(Ljava/lang/String;[I)Ljava/lang/String;#738#139 prob_bp = 0.49999999999999994000
org.apache.commons.lang3.time.FastDateFormat:parseToken:(Ljava/lang/String;[I)Ljava/lang/String;#738#146 prob_bp = 0.49999999999999994000
org.apache.commons.lang3.time.FastDateFormat:parseToken:(Ljava/lang/String;[I)Ljava/lang/String;#738#152#unexe#4 prob_bp = 0.49999999999999994000
org.apache.commons.lang3.time.FastDateFormat$PaddedNumberField:appendTo:(Ljava/lang/StringBuffer;I)V#1300#11 prob_bp = 0.49999999999999994000
org.apache.commons.lang3.time.FastDateFormat$PaddedNumberField:appendTo:(Ljava/lang/StringBuffer;I)V#1301#20 prob_bp = 0.49999999999999994000
org.apache.commons.lang3.time.FastDateFormat:getInstance:(Ljava/lang/String;Ljava/util/TimeZone;)Lorg/apache/commons/lang3/time/FastDateFormat;#182#3 prob_bp = 0.50000000000000000000
org.apache.commons.lang3.time.FastDateFormat:parsePattern:()Ljava/util/List;#592#84 prob_bp = 0.50000000000000000000
org.apache.commons.lang3.time.FastDateFormat:parseToken:(Ljava/lang/String;[I)Ljava/lang/String;#710#9 prob_bp = 0.50000000000000000000
org.apache.commons.lang3.time.FastDateFormat:parseToken:(Ljava/lang/String;[I)Ljava/lang/String;#713#20 prob_bp = 0.50000000000000000000
org.apache.commons.lang3.time.FastDateFormat:parseToken:(Ljava/lang/String;[I)Ljava/lang/String;#713#22 prob_bp = 0.50000000000000000000
org.apache.commons.lang3.time.FastDateFormat:parseToken:(Ljava/lang/String;[I)Ljava/lang/String;#714#36 prob_bp = 0.50000000000000000000
org.apache.commons.lang3.time.FastDateFormat:parseToken:(Ljava/lang/String;[I)Ljava/lang/String;#719#66 prob_bp = 0.50000000000000000000
org.apache.commons.lang3.time.FastDateFormat:parseToken:(Ljava/lang/String;[I)Ljava/lang/String;#756#240 prob_bp = 0.50000000000000000000
org.apache.commons.lang3.time.FastDateFormat:selectNumberRule:(II)Lorg/apache/commons/lang3/time/FastDateFormat$NumberRule;#773#46 prob_bp = 0.50000000000000000000
org.apache.commons.lang3.time.FastDateFormat:selectNumberRule:(II)Lorg/apache/commons/lang3/time/FastDateFormat$NumberRule;#773#51 prob_bp = 0.50000000000000000000
org.apache.commons.lang3.time.FastDateFormat$PaddedNumberField:<init>:(II)V#1272#0 prob_bp = 0.50000000000000000000
org.apache.commons.lang3.time.FastDateFormat$PaddedNumberField:<init>:(II)V#1272#1 prob_bp = 0.50000000000000000000
org.apache.commons.lang3.time.FastDateFormat:selectNumberRule:(II)Lorg/apache/commons/lang3/time/FastDateFormat$NumberRule;#773#55 prob_bp = 0.50000000000000000000
org.apache.commons.lang3.time.FastDateFormat:parseToken:(Ljava/lang/String;[I)Ljava/lang/String;#734#229 prob_bp = 0.50000000000000000000
org.apache.commons.lang3.time.FastDateFormat:parseToken:(Ljava/lang/String;[I)Ljava/lang/String;#745#195 prob_bp = 0.50000000000000000000
org.apache.commons.lang3.time.FastDateFormat:parsePattern:()Ljava/util/List;#685#892 prob_bp = 0.50000000000000000000
org.apache.commons.lang3.time.FastDateFormat:parsePattern:()Ljava/util/List;#685#899 prob_bp = 0.50000000000000000000
org.apache.commons.lang3.time.FastDateFormat:parsePattern:()Ljava/util/List;#685#902 prob_bp = 0.50000000000000000000
org.apache.commons.lang3.time.FastDateFormat:parsePattern:()Ljava/util/List;#684#886#unexe#14 prob_bp = 0.50000000000000000000
org.apache.commons.lang3.time.FastDateFormat:parsePattern:()Ljava/util/List;#616#520 prob_bp = 0.50000000000000000000
org.apache.commons.lang3.time.FastDateFormat:parsePattern:()Ljava/util/List;#616#522 prob_bp = 0.50000000000000000000
org.apache.commons.lang3.time.FastDateFormat:parsePattern:()Ljava/util/List;#616#523 prob_bp = 0.50000000000000000000
org.apache.commons.lang3.time.FastDateFormat:parsePattern:()Ljava/util/List;#621#571 prob_bp = 0.50000000000000000000
org.apache.commons.lang3.time.FastDateFormat:parsePattern:()Ljava/util/List;#620#565#unexe#14 prob_bp = 0.50000000000000000000
org.apache.commons.lang3.time.FastDateFormat:parseToken:(Ljava/lang/String;[I)Ljava/lang/String;#745#209 prob_bp = 0.50000000000000000000
org.apache.commons.lang3.time.FastDateFormat:parseToken:(Ljava/lang/String;[I)Ljava/lang/String;#745#213#unexe#4 prob_bp = 0.50000000000000000000
org.apache.commons.lang3.time.FastDateFormat:parsePattern:()Ljava/util/List;#627#586 prob_bp = 0.50000000000000000000
org.apache.commons.lang3.time.FastDateFormat:parsePattern:()Ljava/util/List;#627#588 prob_bp = 0.50000000000000000000
org.apache.commons.lang3.time.FastDateFormat:selectNumberRule:(II)Lorg/apache/commons/lang3/time/FastDateFormat$NumberRule;#771#37 prob_bp = 0.50000000000000000000
org.apache.commons.lang3.time.FastDateFormat:selectNumberRule:(II)Lorg/apache/commons/lang3/time/FastDateFormat$NumberRule;#771#40 prob_bp = 0.50000000000000000000
org.apache.commons.lang3.time.FastDateFormat$TwoDigitNumberField:<init>:(I)V#1332#0 prob_bp = 0.50000000000000000000
org.apache.commons.lang3.time.FastDateFormat:selectNumberRule:(II)Lorg/apache/commons/lang3/time/FastDateFormat$NumberRule;#771#45 prob_bp = 0.50000000000000000000
org.apache.commons.lang3.time.FastDateFormat:parseToken:(Ljava/lang/String;[I)Ljava/lang/String;#738#133 prob_bp = 0.50000000000000000000
org.apache.commons.lang3.time.FastDateFormat:parseToken:(Ljava/lang/String;[I)Ljava/lang/String;#738#135 prob_bp = 0.50000000000000000000
org.apache.commons.lang3.time.FastDateFormat:parseToken:(Ljava/lang/String;[I)Ljava/lang/String;#738#142 prob_bp = 0.50000000000000000000
org.apache.commons.lang3.time.FastDateFormat:parseToken:(Ljava/lang/String;[I)Ljava/lang/String;#738#143 prob_bp = 0.50000000000000000000
org.apache.commons.lang3.time.FastDateFormat:parseToken:(Ljava/lang/String;[I)Ljava/lang/String;#738#145 prob_bp = 0.50000000000000000000
org.apache.commons.lang3.time.FastDateFormat:parseToken:(Ljava/lang/String;[I)Ljava/lang/String;#738#147 prob_bp = 0.50000000000000000000
org.apache.commons.lang3.time.FastDateFormat:parseToken:(Ljava/lang/String;[I)Ljava/lang/String;#743#168 prob_bp = 0.50000000000000000000
org.apache.commons.lang3.time.FastDateFormat:parseToken:(Ljava/lang/String;[I)Ljava/lang/String;#743#170 prob_bp = 0.50000000000000000000
org.apache.commons.lang3.time.FastDateFormat:parseToken:(Ljava/lang/String;[I)Ljava/lang/String;#743#173 prob_bp = 0.50000000000000000000
org.apache.commons.lang3.time.FastDateFormat:parseToken:(Ljava/lang/String;[I)Ljava/lang/String;#738#152#unexe#7 prob_bp = 0.50000000000000000000
org.apache.commons.lang3.time.FastDateFormat:parseToken:(Ljava/lang/String;[I)Ljava/lang/String;#738#139#unexe#4 prob_bp = 0.50000000000000000000
org.apache.commons.lang3.time.FastDateFormat:parseToken:(Ljava/lang/String;[I)Ljava/lang/String;#738#139#unexe#7 prob_bp = 0.50000000000000000000
org.apache.commons.lang3.time.FastDateFormat:parseToken:(Ljava/lang/String;[I)Ljava/lang/String;#743#177 prob_bp = 0.50000000000000000000
org.apache.commons.lang3.time.FastDateFormat:parsePattern:()Ljava/util/List;#633#619 prob_bp = 0.50000000000000000000
org.apache.commons.lang3.time.FastDateFormat:parsePattern:()Ljava/util/List;#633#621 prob_bp = 0.50000000000000000000
org.apache.commons.lang3.time.FastDateFormat:parsePattern:()Ljava/util/List;#636#632 prob_bp = 0.50000000000000000000
org.apache.commons.lang3.time.FastDateFormat:parsePattern:()Ljava/util/List;#639#645 prob_bp = 0.50000000000000000000
org.apache.commons.lang3.time.FastDateFormat:parsePattern:()Ljava/util/List;#639#647 prob_bp = 0.50000000000000000000
org.apache.commons.lang3.time.FastDateFormat:parsePattern:()Ljava/util/List;#642#658 prob_bp = 0.50000000000000000000
org.apache.commons.lang3.time.FastDateFormat:parsePattern:()Ljava/util/List;#642#660 prob_bp = 0.50000000000000000000
org.apache.commons.lang3.time.FastDateFormat:parsePattern:()Ljava/util/List;#642#663 prob_bp = 0.50000000000000000000
org.apache.commons.lang3.time.FastDateFormat:getInstance:(Ljava/lang/String;Ljava/util/TimeZone;)Lorg/apache/commons/lang3/time/FastDateFormat;#182#6 prob_bp = 0.50000000000000000000
org.apache.commons.lang3.time.FastDateFormat:format:(Ljava/util/Calendar;Ljava/lang/StringBuffer;)Ljava/lang/StringBuffer;#872#7 prob_bp = 0.50000000000000000000
org.apache.commons.lang3.time.FastDateFormat:format:(Ljava/util/Calendar;Ljava/lang/StringBuffer;)Ljava/lang/StringBuffer;#872#8 prob_bp = 0.50000000000000000000
org.apache.commons.lang3.time.FastDateFormat:format:(Ljava/util/Calendar;Ljava/lang/StringBuffer;)Ljava/lang/StringBuffer;#872#11 prob_bp = 0.50000000000000000000
org.apache.commons.lang3.time.FastDateFormat:format:(Ljava/util/Calendar;Ljava/lang/StringBuffer;)Ljava/lang/StringBuffer;#873#16 prob_bp = 0.50000000000000000000
org.apache.commons.lang3.time.FastDateFormat:format:(Ljava/util/Calendar;Ljava/lang/StringBuffer;)Ljava/lang/StringBuffer;#873#17 prob_bp = 0.50000000000000000000
org.apache.commons.lang3.time.FastDateFormat$TwoDigitMonthField:appendTo:(Ljava/lang/StringBuffer;I)V#1430#4 prob_bp = 0.50000000000000000000
org.apache.commons.lang3.time.FastDateFormat$PaddedNumberField:appendTo:(Ljava/lang/StringBuffer;I)V#1300#6 prob_bp = 0.50000000000000000000
org.apache.commons.lang3.time.FastDateFormat$PaddedNumberField:appendTo:(Ljava/lang/StringBuffer;I)V#1300#7 prob_bp = 0.50000000000000000000
org.apache.commons.lang3.time.FastDateFormat$PaddedNumberField:appendTo:(Ljava/lang/StringBuffer;I)V#1300#10 prob_bp = 0.50000000000000000000
org.apache.commons.lang3.time.FastDateFormat$PaddedNumberField:appendTo:(Ljava/lang/StringBuffer;I)V#1301#19 prob_bp = 0.50000000000000000000
org.apache.commons.lang3.time.FastDateFormat$PaddedNumberField:appendTo:(Ljava/lang/StringBuffer;I)V#1301#22 prob_bp = 0.50000000000000000000
org.apache.commons.lang3.time.FastDateFormat$PaddedNumberField:appendTo:(Ljava/lang/StringBuffer;I)V#1303#29 prob_bp = 0.50000000000000000000
org.apache.commons.lang3.time.FastDateFormat$PaddedNumberField:appendTo:(Ljava/lang/StringBuffer;I)V#1303#30 prob_bp = 0.50000000000000000000
org.apache.commons.lang3.time.FastDateFormat$PaddedNumberField:appendTo:(Ljava/lang/StringBuffer;I)V#1303#31 prob_bp = 0.50000000000000000000
org.apache.commons.lang3.time.FastDateFormat$PaddedNumberField:appendTo:(Ljava/lang/StringBuffer;I)V#1303#33 prob_bp = 0.50000000000000000000
org.apache.commons.lang3.time.FastDateFormat$PaddedNumberField:appendTo:(Ljava/lang/StringBuffer;I)V#1303#36 prob_bp = 0.50000000000000000000
org.apache.commons.lang3.time.FastDateFormat$PaddedNumberField:appendTo:(Ljava/lang/StringBuffer;I)V#1303#38 prob_bp = 0.50000000000000000000
org.apache.commons.lang3.time.FastDateFormat$PaddedNumberField:appendTo:(Ljava/lang/StringBuffer;I)V#1304#43 prob_bp = 0.50000000000000000000
org.apache.commons.lang3.time.FastDateFormat$PaddedNumberField:appendTo:(Ljava/lang/StringBuffer;I)V#1304#44 prob_bp = 0.50000000000000000000
org.apache.commons.lang3.time.FastDateFormat$PaddedNumberField:appendTo:(Ljava/lang/StringBuffer;I)V#1304#46 prob_bp = 0.50000000000000000000
org.apache.commons.lang3.time.FastDateFormat$TwoDigitMonthField:<clinit>:()V#1403#7 prob_bp = 0.50000000000000010000
org.apache.commons.lang3.time.FastDateFormat:parsePattern:()Ljava/util/List;#591#70 prob_bp = 0.50000000000000010000
org.apache.commons.lang3.time.FastDateFormat:parseToken:(Ljava/lang/String;[I)Ljava/lang/String;#719#68 prob_bp = 0.50000000000000010000
org.apache.commons.lang3.time.FastDateFormat:parseToken:(Ljava/lang/String;[I)Ljava/lang/String;#720#75 prob_bp = 0.50000000000000010000
org.apache.commons.lang3.time.FastDateFormat:parseToken:(Ljava/lang/String;[I)Ljava/lang/String;#722#89 prob_bp = 0.50000000000000010000
org.apache.commons.lang3.time.FastDateFormat:parseToken:(Ljava/lang/String;[I)Ljava/lang/String;#722#91 prob_bp = 0.50000000000000010000
org.apache.commons.lang3.time.FastDateFormat:parsePattern:()Ljava/util/List;#609#496 prob_bp = 0.50000000000000010000
org.apache.commons.lang3.time.FastDateFormat:parsePattern:()Ljava/util/List;#609#497 prob_bp = 0.50000000000000010000
org.apache.commons.lang3.time.FastDateFormat:parsePattern:()Ljava/util/List;#610#507 prob_bp = 0.50000000000000010000
org.apache.commons.lang3.time.FastDateFormat:parseToken:(Ljava/lang/String;[I)Ljava/lang/String;#735#119 prob_bp = 0.50000000000000010000
org.apache.commons.lang3.time.FastDateFormat:parseToken:(Ljava/lang/String;[I)Ljava/lang/String;#735#121 prob_bp = 0.50000000000000010000
org.apache.commons.lang3.time.FastDateFormat:parseToken:(Ljava/lang/String;[I)Ljava/lang/String;#745#206 prob_bp = 0.50000000000000010000
org.apache.commons.lang3.time.FastDateFormat:parseToken:(Ljava/lang/String;[I)Ljava/lang/String;#747#216 prob_bp = 0.50000000000000010000
org.apache.commons.lang3.time.FastDateFormat:parsePattern:()Ljava/util/List;#683#878 prob_bp = 0.50000000000000010000
org.apache.commons.lang3.time.FastDateFormat:parsePattern:()Ljava/util/List;#620#564 prob_bp = 0.50000000000000010000
org.apache.commons.lang3.time.FastDateFormat:parsePattern:()Ljava/util/List;#627#591 prob_bp = 0.50000000000000010000
org.apache.commons.lang3.time.FastDateFormat:parseToken:(Ljava/lang/String;[I)Ljava/lang/String;#738#136 prob_bp = 0.50000000000000010000
org.apache.commons.lang3.time.FastDateFormat:parseToken:(Ljava/lang/String;[I)Ljava/lang/String;#738#137 prob_bp = 0.50000000000000010000
org.apache.commons.lang3.time.FastDateFormat:parseToken:(Ljava/lang/String;[I)Ljava/lang/String;#738#150 prob_bp = 0.50000000000000010000
org.apache.commons.lang3.time.FastDateFormat:parseToken:(Ljava/lang/String;[I)Ljava/lang/String;#738#152 prob_bp = 0.50000000000000010000
org.apache.commons.lang3.time.FastDateFormat:parsePattern:()Ljava/util/List;#633#624 prob_bp = 0.50000000000000010000
org.apache.commons.lang3.time.FastDateFormat:parsePattern:()Ljava/util/List;#636#634 prob_bp = 0.50000000000000010000
org.apache.commons.lang3.time.FastDateFormat:getInstance:(Ljava/lang/String;Ljava/util/TimeZone;Ljava/util/Locale;)Lorg/apache/commons/lang3/time/FastDateFormat;#220#53 prob_bp = 0.50000000000000010000
org.apache.commons.lang3.time.FastDateFormat$TwoDigitMonthField:appendTo:(Ljava/lang/StringBuffer;I)V#1431#18 prob_bp = 0.50000000000000010000
org.apache.commons.lang3.time.FastDateFormat$PaddedNumberField:appendTo:(Ljava/lang/StringBuffer;I)V#1300#14 prob_bp = 0.50000000000000010000
org.apache.commons.lang3.time.FastDateFormat$PaddedNumberField:appendTo:(Ljava/lang/StringBuffer;I)V#1300#15 prob_bp = 0.50000000000000010000
org.apache.commons.lang3.time.FastDateFormat$PaddedNumberField:appendTo:(Ljava/lang/StringBuffer;I)V#1300#16 prob_bp = 0.50000000000000010000
org.apache.commons.lang3.time.FastDateFormat$PaddedNumberField:appendTo:(Ljava/lang/StringBuffer;I)V#1303#34 prob_bp = 0.50000000000000010000
org.apache.commons.lang3.time.FastDateFormat$PaddedNumberField:appendTo:(Ljava/lang/StringBuffer;I)V#1303#37 prob_bp = 0.50000000000000010000
org.apache.commons.lang3.time.FastDateFormat:parseToken:(Ljava/lang/String;[I)Ljava/lang/String;#714#48 prob_bp = 0.50000000000000020000
org.apache.commons.lang3.time.FastDateFormat:parseToken:(Ljava/lang/String;[I)Ljava/lang/String;#720#71 prob_bp = 0.50000000000000020000
org.apache.commons.lang3.time.FastDateFormat:parseToken:(Ljava/lang/String;[I)Ljava/lang/String;#737#130#unexe#4 prob_bp = 0.50000000000000020000
org.apache.commons.lang3.time.FastDateFormat:parsePattern:()Ljava/util/List;#683#874 prob_bp = 0.50000000000000020000
org.apache.commons.lang3.time.FastDateFormat:parsePattern:()Ljava/util/List;#683#875 prob_bp = 0.50000000000000020000
org.apache.commons.lang3.time.FastDateFormat:parsePattern:()Ljava/util/List;#684#885 prob_bp = 0.50000000000000020000
org.apache.commons.lang3.time.FastDateFormat:parsePattern:()Ljava/util/List;#620#562 prob_bp = 0.50000000000000020000
org.apache.commons.lang3.time.FastDateFormat:parsePattern:()Ljava/util/List;#620#565 prob_bp = 0.50000000000000020000
org.apache.commons.lang3.time.FastDateFormat:parseToken:(Ljava/lang/String;[I)Ljava/lang/String;#743#178 prob_bp = 0.50000000000000020000
org.apache.commons.lang3.time.FastDateFormat:parsePattern:()Ljava/util/List;#636#637 prob_bp = 0.50000000000000020000
org.apache.commons.lang3.time.FastDateFormat:parsePattern:()Ljava/util/List;#639#650 prob_bp = 0.50000000000000020000
org.apache.commons.lang3.time.FastDateFormat$PaddedNumberField:appendTo:(Ljava/lang/StringBuffer;Ljava/util/Calendar;)V#1292#0 prob_bp = 0.50000000000000020000
org.apache.commons.lang3.time.FastDateFormat:parsePattern:()Ljava/util/List;#593#86 prob_bp = 0.50000000000000030000
org.apache.commons.lang3.time.FastDateFormat:parsePattern:()Ljava/util/List;#593#87 prob_bp = 0.50000000000000030000
org.apache.commons.lang3.time.FastDateFormat:parseToken:(Ljava/lang/String;[I)Ljava/lang/String;#710#8 prob_bp = 0.50000000000000030000
org.apache.commons.lang3.time.FastDateFormat:parseToken:(Ljava/lang/String;[I)Ljava/lang/String;#710#10 prob_bp = 0.50000000000000030000
org.apache.commons.lang3.time.FastDateFormat:parseToken:(Ljava/lang/String;[I)Ljava/lang/String;#713#19 prob_bp = 0.50000000000000030000
org.apache.commons.lang3.time.FastDateFormat:parseToken:(Ljava/lang/String;[I)Ljava/lang/String;#714#50 prob_bp = 0.50000000000000030000
org.apache.commons.lang3.time.FastDateFormat:parseToken:(Ljava/lang/String;[I)Ljava/lang/String;#720#72 prob_bp = 0.50000000000000030000
org.apache.commons.lang3.time.FastDateFormat:parseToken:(Ljava/lang/String;[I)Ljava/lang/String;#721#83 prob_bp = 0.50000000000000030000
org.apache.commons.lang3.time.FastDateFormat:parseToken:(Ljava/lang/String;[I)Ljava/lang/String;#722#88 prob_bp = 0.50000000000000030000
org.apache.commons.lang3.time.FastDateFormat:parsePattern:()Ljava/util/List;#609#494 prob_bp = 0.50000000000000030000
org.apache.commons.lang3.time.FastDateFormat:selectNumberRule:(II)Lorg/apache/commons/lang3/time/FastDateFormat$NumberRule;#773#49 prob_bp = 0.50000000000000030000
org.apache.commons.lang3.time.FastDateFormat:parseToken:(Ljava/lang/String;[I)Ljava/lang/String;#750#222 prob_bp = 0.50000000000000030000
org.apache.commons.lang3.time.FastDateFormat:parseToken:(Ljava/lang/String;[I)Ljava/lang/String;#750#223 prob_bp = 0.50000000000000030000
org.apache.commons.lang3.time.FastDateFormat:parseToken:(Ljava/lang/String;[I)Ljava/lang/String;#745#199#unexe#4 prob_bp = 0.50000000000000030000
org.apache.commons.lang3.time.FastDateFormat:parseToken:(Ljava/lang/String;[I)Ljava/lang/String;#745#192#unexe#4 prob_bp = 0.50000000000000030000
org.apache.commons.lang3.time.FastDateFormat:parseToken:(Ljava/lang/String;[I)Ljava/lang/String;#745#206#unexe#4 prob_bp = 0.50000000000000030000
org.apache.commons.lang3.time.FastDateFormat:parsePattern:()Ljava/util/List;#618#544 prob_bp = 0.50000000000000030000
org.apache.commons.lang3.time.FastDateFormat$TwoDigitMonthField:appendTo:(Ljava/lang/StringBuffer;Ljava/util/Calendar;)V#1423#8 prob_bp = 0.50000000000000030000
org.apache.commons.lang3.time.FastDateFormat:parsePattern:()Ljava/util/List;#591#69 prob_bp = 0.50000000000000040000
org.apache.commons.lang3.time.FastDateFormat:parseToken:(Ljava/lang/String;[I)Ljava/lang/String;#714#41 prob_bp = 0.50000000000000040000
org.apache.commons.lang3.time.FastDateFormat:parseToken:(Ljava/lang/String;[I)Ljava/lang/String;#714#52 prob_bp = 0.50000000000000040000
org.apache.commons.lang3.time.FastDateFormat:parseToken:(Ljava/lang/String;[I)Ljava/lang/String;#720#74 prob_bp = 0.50000000000000040000
org.apache.commons.lang3.time.FastDateFormat:parseToken:(Ljava/lang/String;[I)Ljava/lang/String;#721#81 prob_bp = 0.50000000000000040000
org.apache.commons.lang3.time.FastDateFormat:parsePattern:()Ljava/util/List;#621#568 prob_bp = 0.50000000000000040000
org.apache.commons.lang3.time.FastDateFormat:parsePattern:()Ljava/util/List;#592#79 prob_bp = 0.50000000000000060000
org.apache.commons.lang3.time.FastDateFormat:parseToken:(Ljava/lang/String;[I)Ljava/lang/String;#720#76 prob_bp = 0.50000000000000060000
org.apache.commons.lang3.time.FastDateFormat:parseToken:(Ljava/lang/String;[I)Ljava/lang/String;#720#79 prob_bp = 0.50000000000000060000
org.apache.commons.lang3.time.FastDateFormat:parseToken:(Ljava/lang/String;[I)Ljava/lang/String;#730#104 prob_bp = 0.50000000000000060000
org.apache.commons.lang3.time.FastDateFormat:parseToken:(Ljava/lang/String;[I)Ljava/lang/String;#732#109 prob_bp = 0.50000000000000060000
org.apache.commons.lang3.time.FastDateFormat:parseToken:(Ljava/lang/String;[I)Ljava/lang/String;#734#113 prob_bp = 0.50000000000000060000
org.apache.commons.lang3.time.FastDateFormat:parseToken:(Ljava/lang/String;[I)Ljava/lang/String;#735#118 prob_bp = 0.50000000000000060000
org.apache.commons.lang3.time.FastDateFormat:parseToken:(Ljava/lang/String;[I)Ljava/lang/String;#735#124 prob_bp = 0.50000000000000060000
org.apache.commons.lang3.time.FastDateFormat:parseToken:(Ljava/lang/String;[I)Ljava/lang/String;#745#204 prob_bp = 0.50000000000000060000
org.apache.commons.lang3.time.FastDateFormat:parseToken:(Ljava/lang/String;[I)Ljava/lang/String;#745#197 prob_bp = 0.50000000000000060000
org.apache.commons.lang3.time.FastDateFormat$PaddedNumberField:appendTo:(Ljava/lang/StringBuffer;I)V#1316#122 prob_bp = 0.50000000000000060000
org.apache.commons.lang3.time.FastDateFormat:parsePattern:()Ljava/util/List;#592#82 prob_bp = 0.50000000000000080000
org.apache.commons.lang3.time.FastDateFormat:parseToken:(Ljava/lang/String;[I)Ljava/lang/String;#711#17 prob_bp = 0.50000000000000080000
org.apache.commons.lang3.time.FastDateFormat:parseToken:(Ljava/lang/String;[I)Ljava/lang/String;#714#34 prob_bp = 0.50000000000000080000
org.apache.commons.lang3.time.FastDateFormat:parseToken:(Ljava/lang/String;[I)Ljava/lang/String;#719#65 prob_bp = 0.50000000000000080000
org.apache.commons.lang3.time.FastDateFormat:parseToken:(Ljava/lang/String;[I)Ljava/lang/String;#721#85 prob_bp = 0.50000000000000080000
org.apache.commons.lang3.time.FastDateFormat:parseToken:(Ljava/lang/String;[I)Ljava/lang/String;#732#108 prob_bp = 0.50000000000000080000
org.apache.commons.lang3.time.FastDateFormat:parseToken:(Ljava/lang/String;[I)Ljava/lang/String;#745#190 prob_bp = 0.50000000000000080000
org.apache.commons.lang3.time.FastDateFormat:parseToken:(Ljava/lang/String;[I)Ljava/lang/String;#745#202 prob_bp = 0.50000000000000080000
org.apache.commons.lang3.time.FastDateFormat:parseToken:(Ljava/lang/String;[I)Ljava/lang/String;#745#185#unexe#4 prob_bp = 0.50000000000000080000
org.apache.commons.lang3.time.FastDateFormat$TwoDigitMonthField:appendTo:(Ljava/lang/StringBuffer;I)V#1430#8 prob_bp = 0.50000000000000090000
org.apache.commons.lang3.time.FastDateFormat:parseToken:(Ljava/lang/String;[I)Ljava/lang/String;#708#7 prob_bp = 0.50000000000000100000
org.apache.commons.lang3.time.FastDateFormat:parseToken:(Ljava/lang/String;[I)Ljava/lang/String;#714#27 prob_bp = 0.50000000000000100000
org.apache.commons.lang3.time.FastDateFormat:parseToken:(Ljava/lang/String;[I)Ljava/lang/String;#719#68#unexe#4 prob_bp = 0.50000000000000100000
org.apache.commons.lang3.time.FastDateFormat:parseToken:(Ljava/lang/String;[I)Ljava/lang/String;#714#52#unexe#4 prob_bp = 0.50000000000000100000
org.apache.commons.lang3.time.FastDateFormat:parsePattern:()Ljava/util/List;#694#950 prob_bp = 0.50000000000000100000
org.apache.commons.lang3.time.FastDateFormat:parseToken:(Ljava/lang/String;[I)Ljava/lang/String;#745#192 prob_bp = 0.50000000000000100000
org.apache.commons.lang3.time.FastDateFormat:selectNumberRule:(II)Lorg/apache/commons/lang3/time/FastDateFormat$NumberRule;#771#42 prob_bp = 0.50000000000000100000
org.apache.commons.lang3.time.FastDateFormat$TwoDigitMonthField:appendTo:(Ljava/lang/StringBuffer;I)V#1430#2 prob_bp = 0.50000000000000100000
org.apache.commons.lang3.time.FastDateFormat$TwoDigitMonthField:appendTo:(Ljava/lang/StringBuffer;I)V#1430#7 prob_bp = 0.50000000000000100000
org.apache.commons.lang3.time.FastDateFormat:parseToken:(Ljava/lang/String;[I)Ljava/lang/String;#723#95 prob_bp = 0.50000000000000110000
org.apache.commons.lang3.time.FastDateFormat:parsePattern:()Ljava/util/List;#592#81 prob_bp = 0.50000000000000120000
org.apache.commons.lang3.time.FastDateFormat:parseToken:(Ljava/lang/String;[I)Ljava/lang/String;#714#45 prob_bp = 0.50000000000000120000
org.apache.commons.lang3.time.FastDateFormat:parseToken:(Ljava/lang/String;[I)Ljava/lang/String;#734#111 prob_bp = 0.50000000000000120000
org.apache.commons.lang3.time.FastDateFormat$PaddedNumberField:appendTo:(Ljava/lang/StringBuffer;I)V#1316#121 prob_bp = 0.50000000000000120000
org.apache.commons.lang3.time.FastDateFormat$TwoDigitMonthField:appendTo:(Ljava/lang/StringBuffer;I)V#1431#20 prob_bp = 0.50000000000000120000
org.apache.commons.lang3.time.FastDateFormat:parseToken:(Ljava/lang/String;[I)Ljava/lang/String;#717#56 prob_bp = 0.50000000000000130000
org.apache.commons.lang3.time.FastDateFormat:parseToken:(Ljava/lang/String;[I)Ljava/lang/String;#737#128 prob_bp = 0.50000000000000130000
org.apache.commons.lang3.time.FastDateFormat:parseToken:(Ljava/lang/String;[I)Ljava/lang/String;#756#244 prob_bp = 0.50000000000000140000
org.apache.commons.lang3.time.FastDateFormat$PaddedNumberField:appendTo:(Ljava/lang/StringBuffer;I)V#1316#125 prob_bp = 0.50000000000000140000
org.apache.commons.lang3.time.FastDateFormat$TwoDigitMonthField:appendTo:(Ljava/lang/StringBuffer;I)V#1431#15 prob_bp = 0.50000000000000140000
org.apache.commons.lang3.time.FastDateFormat$TwoDigitMonthField:appendTo:(Ljava/lang/StringBuffer;I)V#1431#21 prob_bp = 0.50000000000000140000
org.apache.commons.lang3.time.FastDateFormat:parseToken:(Ljava/lang/String;[I)Ljava/lang/String;#737#130 prob_bp = 0.50000000000000170000
org.apache.commons.lang3.time.FastDateFormat:parseToken:(Ljava/lang/String;[I)Ljava/lang/String;#714#43 prob_bp = 0.50000000000000190000
org.apache.commons.lang3.time.FastDateFormat:parsePattern:()Ljava/util/List;#579#19 prob_bp = 0.50000000000000210000
org.apache.commons.lang3.time.FastDateFormat$TwoDigitMonthField:appendTo:(Ljava/lang/StringBuffer;I)V#1430#5 prob_bp = 0.50000000000000220000
org.apache.commons.lang3.time.FastDateFormat:parsePattern:()Ljava/util/List;#579#12 prob_bp = 0.50000000000000230000
org.apache.commons.lang3.time.FastDateFormat:parseToken:(Ljava/lang/String;[I)Ljava/lang/String;#708#0 prob_bp = 0.50000000000000230000
org.apache.commons.lang3.time.FastDateFormat:parseToken:(Ljava/lang/String;[I)Ljava/lang/String;#719#64 prob_bp = 0.50000000000000230000
org.apache.commons.lang3.time.FastDateFormat:parseToken:(Ljava/lang/String;[I)Ljava/lang/String;#756#241 prob_bp = 0.50000000000000230000
org.apache.commons.lang3.time.FastDateFormat:parsePattern:()Ljava/util/List;#694#949 prob_bp = 0.50000000000000240000
org.apache.commons.lang3.time.FastDateFormat:parsePattern:()Ljava/util/List;#684#880 prob_bp = 0.50000000000000260000
org.apache.commons.lang3.time.FastDateFormat$PaddedNumberField:appendTo:(Ljava/lang/StringBuffer;I)V#1316#120 prob_bp = 0.50000000000000260000
org.apache.commons.lang3.time.FastDateFormat:parseToken:(Ljava/lang/String;[I)Ljava/lang/String;#714#29 prob_bp = 0.50000000000000310000
org.apache.commons.lang3.time.FastDateFormat:parseToken:(Ljava/lang/String;[I)Ljava/lang/String;#714#45#unexe#4 prob_bp = 0.50000000000000370000
org.apache.commons.lang3.time.FastDateFormat:selectNumberRule:(II)Lorg/apache/commons/lang3/time/FastDateFormat$NumberRule;#773#52 prob_bp = 0.50000000000000630000
org.apache.commons.lang3.time.FastDateFormat:parsePattern:()Ljava/util/List;#593#95 prob_bp = 0.50000000000000700000
org.apache.commons.lang3.time.FastDateFormat:parsePattern:()Ljava/util/List;#602#118 prob_bp = 0.50000000000000700000
org.apache.commons.lang3.time.FastDateFormat$TwoDigitMonthField:appendTo:(Ljava/lang/StringBuffer;I)V#1431#22 prob_bp = 0.50000000000000720000
org.apache.commons.lang3.time.FastDateFormat:parseToken:(Ljava/lang/String;[I)Ljava/lang/String;#714#38#unexe#4 prob_bp = 0.50000000000001450000
org.apache.commons.lang3.time.FastDateFormat:parsePattern:()Ljava/util/List;#596#103 prob_bp = 0.50000000000001770000
org.apache.commons.lang3.time.FastDateFormat:parsePattern:()Ljava/util/List;#602#120 prob_bp = 0.50000000000002520000
org.apache.commons.lang3.time.FastDateFormat:parsePattern:()Ljava/util/List;#602#121 prob_bp = 0.50000000000002700000
org.apache.commons.lang3.time.FastDateFormat:parsePattern:()Ljava/util/List;#593#90 prob_bp = 0.50000000000003060000
org.apache.commons.lang3.time.FastDateFormat:parsePattern:()Ljava/util/List;#694#952 prob_bp = 0.50000000000004450000
org.apache.commons.lang3.time.FastDateFormat$TwoDigitNumberField:appendTo:(Ljava/lang/StringBuffer;Ljava/util/Calendar;)V#1347#3 prob_bp = 0.50000000000004980000
org.apache.commons.lang3.time.FastDateFormat$TwoDigitMonthField:appendTo:(Ljava/lang/StringBuffer;Ljava/util/Calendar;)V#1423#2 prob_bp = 0.50000000000005810000
org.apache.commons.lang3.time.FastDateFormat:parseToken:(Ljava/lang/String;[I)Ljava/lang/String;#714#31#unexe#4 prob_bp = 0.50000000000005830000
org.apache.commons.lang3.time.FastDateFormat:parsePattern:()Ljava/util/List;#593#92 prob_bp = 0.50000000000007270000
org.apache.commons.lang3.time.FastDateFormat:parsePattern:()Ljava/util/List;#596#105 prob_bp = 0.50000000000007270000
org.apache.commons.lang3.time.FastDateFormat$TwoDigitNumberField:appendTo:(Ljava/lang/StringBuffer;Ljava/util/Calendar;)V#1347#4 prob_bp = 0.50000000000020200000
org.apache.commons.lang3.time.FastDateFormat$TwoDigitMonthField:appendTo:(Ljava/lang/StringBuffer;Ljava/util/Calendar;)V#1423#3 prob_bp = 0.50000000000021820000
org.apache.commons.lang3.time.FastDateFormat$TwoDigitNumberField:appendTo:(Ljava/lang/StringBuffer;Ljava/util/Calendar;)V#1347#2 prob_bp = 0.50000000000022550000
org.apache.commons.lang3.time.FastDateFormat$TwoDigitMonthField:appendTo:(Ljava/lang/StringBuffer;Ljava/util/Calendar;)V#1423#4 prob_bp = 0.50000000000023010000
org.apache.commons.lang3.time.FastDateFormat:parseToken:(Ljava/lang/String;[I)Ljava/lang/String;#755#237 prob_bp = 0.50000000000023260000
org.apache.commons.lang3.time.FastDateFormat:parseToken:(Ljava/lang/String;[I)Ljava/lang/String;#755#235 prob_bp = 0.50000000000024470000
org.apache.commons.lang3.time.FastDateFormat:getInstance:(Ljava/lang/String;Ljava/util/TimeZone;Ljava/util/Locale;)Lorg/apache/commons/lang3/time/FastDateFormat;#213#3 prob_bp = 0.50000000000025220000
org.apache.commons.lang3.time.FastDateFormat:parsePattern:()Ljava/util/List;#596#108 prob_bp = 0.50000000000026370000
org.apache.commons.lang3.time.FastDateFormat:<init>:(Ljava/lang/String;Ljava/util/TimeZone;Ljava/util/Locale;)V#535#0 prob_bp = 0.50000000000044890000
org.apache.commons.lang3.time.FastDateFormat:parsePattern:()Ljava/util/List;#597#110 prob_bp = 0.50000000000046860000
org.apache.commons.lang3.time.FastDateFormat$TwoDigitNumberField:appendTo:(Ljava/lang/StringBuffer;I)V#1355#7 prob_bp = 0.50000000000059230000
org.apache.commons.lang3.time.FastDateFormat:parsePattern:()Ljava/util/List;#610#502 prob_bp = 0.50000000000059630000
org.apache.commons.lang3.time.FastDateFormat$PaddedNumberField:<init>:(II)V#1273#4 prob_bp = 0.50000000000074450000
org.apache.commons.lang3.time.FastDateFormat:getInstance:(Ljava/lang/String;Ljava/util/TimeZone;Ljava/util/Locale;)Lorg/apache/commons/lang3/time/FastDateFormat;#216#30 prob_bp = 0.50000000000082680000
org.apache.commons.lang3.time.FastDateFormat$TwoDigitNumberField:appendTo:(Ljava/lang/StringBuffer;Ljava/util/Calendar;)V#1347#7 prob_bp = 0.50000000000082900000
org.apache.commons.lang3.time.FastDateFormat:parseToken:(Ljava/lang/String;[I)Ljava/lang/String;#755#236 prob_bp = 0.50000000000090270000
org.apache.commons.lang3.time.FastDateFormat:parseToken:(Ljava/lang/String;[I)Ljava/lang/String;#755#239 prob_bp = 0.50000000000093980000
org.apache.commons.lang3.time.FastDateFormat:<init>:(Ljava/lang/String;Ljava/util/TimeZone;Ljava/util/Locale;)V#535#1 prob_bp = 0.50000000000108540000
org.apache.commons.lang3.time.FastDateFormat:getInstance:(Ljava/lang/String;Ljava/util/TimeZone;Ljava/util/Locale;)Lorg/apache/commons/lang3/time/FastDateFormat;#216#31 prob_bp = 0.50000000000127660000
org.apache.commons.lang3.time.FastDateFormat:parsePattern:()Ljava/util/List;#597#112 prob_bp = 0.50000000000189420000
org.apache.commons.lang3.time.FastDateFormat:getInstance:(Ljava/lang/String;Ljava/util/TimeZone;Ljava/util/Locale;)Lorg/apache/commons/lang3/time/FastDateFormat;#214#14 prob_bp = 0.50000000000236670000
org.apache.commons.lang3.time.FastDateFormat$TwoDigitNumberField:appendTo:(Ljava/lang/StringBuffer;I)V#1355#8 prob_bp = 0.50000000000239080000
org.apache.commons.lang3.time.FastDateFormat:parsePattern:()Ljava/util/List;#610#504 prob_bp = 0.50000000000240800000
org.apache.commons.lang3.time.FastDateFormat$TwoDigitNumberField:appendTo:(Ljava/lang/StringBuffer;I)V#1355#10 prob_bp = 0.50000000000248610000
org.apache.commons.lang3.time.FastDateFormat:getInstance:(Ljava/lang/String;Ljava/util/TimeZone;Ljava/util/Locale;)Lorg/apache/commons/lang3/time/FastDateFormat;#213#10 prob_bp = 0.50000000000276280000
org.apache.commons.lang3.time.FastDateFormat:getInstance:(Ljava/lang/String;Ljava/util/TimeZone;Ljava/util/Locale;)Lorg/apache/commons/lang3/time/FastDateFormat;#213#0 prob_bp = 0.50000000000289810000
org.apache.commons.lang3.time.FastDateFormat:getInstance:(Ljava/lang/String;Ljava/util/TimeZone;Ljava/util/Locale;)Lorg/apache/commons/lang3/time/FastDateFormat;#217#33 prob_bp = 0.50000000000308720000
org.apache.commons.lang3.time.FastDateFormat:<clinit>:()V#111#9 prob_bp = 0.50000000000331600000
org.apache.commons.lang3.time.FastDateFormat:getInstance:(Ljava/lang/String;Ljava/util/TimeZone;Ljava/util/Locale;)Lorg/apache/commons/lang3/time/FastDateFormat;#214#11 prob_bp = 0.50000000000338350000
org.apache.commons.lang3.time.FastDateFormat:getInstance:(Ljava/lang/String;Ljava/util/TimeZone;Ljava/util/Locale;)Lorg/apache/commons/lang3/time/FastDateFormat;#214#15 prob_bp = 0.50000000000365300000
org.apache.commons.lang3.time.FastDateFormat:getInstance:(Ljava/lang/String;Ljava/util/TimeZone;Ljava/util/Locale;)Lorg/apache/commons/lang3/time/FastDateFormat;#217#35 prob_bp = 0.50000000001037930000
org.apache.commons.lang3.time.FastDateFormat:selectNumberRule:(II)Lorg/apache/commons/lang3/time/FastDateFormat$NumberRule;#767#0 prob_bp = 0.50000000002080940000
org.apache.commons.lang3.time.FastDateFormat:parsePattern:()Ljava/util/List;#602#124 prob_bp = 0.50000000002099380000
org.apache.commons.lang3.time.FastDateFormat:applyRules:(Ljava/util/Calendar;Ljava/lang/StringBuffer;)Ljava/lang/StringBuffer;#887#0 prob_bp = 0.50000000002222810000
org.apache.commons.lang3.time.FastDateFormat:applyRules:(Ljava/util/Calendar;Ljava/lang/StringBuffer;)Ljava/lang/StringBuffer;#887#1 prob_bp = 0.50000000002454710000
org.apache.commons.lang3.time.FastDateFormat:applyRules:(Ljava/util/Calendar;Ljava/lang/StringBuffer;)Ljava/lang/StringBuffer;#887#4 prob_bp = 0.50000000003026970000
org.apache.commons.lang3.time.FastDateFormat:init:()V#558#0 prob_bp = 0.50000000003918110000
org.apache.commons.lang3.time.FastDateFormat$PaddedNumberField:<init>:(II)V#1273#5 prob_bp = 0.50000000004490060000
org.apache.commons.lang3.time.FastDateFormat:applyRules:(Ljava/util/Calendar;Ljava/lang/StringBuffer;)Ljava/lang/StringBuffer;#890#22 prob_bp = 0.50000000004567620000
org.apache.commons.lang3.time.FastDateFormat:applyRules:(Ljava/util/Calendar;Ljava/lang/StringBuffer;)Ljava/lang/StringBuffer;#890#23 prob_bp = 0.50000000008473720000
org.apache.commons.lang3.time.FastDateFormat:parsePattern:()Ljava/util/List;#604#126 prob_bp = 0.50000000010544600000
org.apache.commons.lang3.time.FastDateFormat:applyRules:(Ljava/util/Calendar;Ljava/lang/StringBuffer;)Ljava/lang/StringBuffer;#890#25 prob_bp = 0.50000000010785460000
org.apache.commons.lang3.time.FastDateFormat$PaddedNumberField:<init>:(II)V#1273#6 prob_bp = 0.50000000011315780000
org.apache.commons.lang3.time.FastDateFormat:init:()V#558#1 prob_bp = 0.50000000015575750000
org.apache.commons.lang3.time.FastDateFormat:getInstance:(Ljava/lang/String;Ljava/util/TimeZone;Ljava/util/Locale;)Lorg/apache/commons/lang3/time/FastDateFormat;#214#20 prob_bp = 0.50000000017625650000
org.apache.commons.lang3.time.FastDateFormat:parsePattern:()Ljava/util/List;#589#64 prob_bp = 0.50000000018268260000
org.apache.commons.lang3.time.FastDateFormat:parsePattern:()Ljava/util/List;#589#65 prob_bp = 0.50000000019003850000
org.apache.commons.lang3.time.FastDateFormat:parsePattern:()Ljava/util/List;#589#67 prob_bp = 0.50000000021966350000
org.apache.commons.lang3.time.FastDateFormat:parsePattern:()Ljava/util/List;#594#97 prob_bp = 0.50000000033893340000
org.apache.commons.lang3.time.FastDateFormat:parsePattern:()Ljava/util/List;#604#128 prob_bp = 0.50000000044553320000
org.apache.commons.lang3.time.FastDateFormat:format:(Ljava/util/Calendar;Ljava/lang/StringBuffer;)Ljava/lang/StringBuffer;#871#0 prob_bp = 0.50000000050020100000
org.apache.commons.lang3.time.FastDateFormat:format:(Ljava/util/Calendar;Ljava/lang/StringBuffer;)Ljava/lang/StringBuffer;#871#1 prob_bp = 0.50000000052076750000
org.apache.commons.lang3.time.FastDateFormat:format:(Ljava/util/Calendar;Ljava/lang/StringBuffer;)Ljava/lang/StringBuffer;#871#4 prob_bp = 0.50000000056319740000
org.apache.commons.lang3.time.FastDateFormat:parsePattern:()Ljava/util/List;#588#55 prob_bp = 0.50000000062521040000
org.apache.commons.lang3.time.FastDateFormat:parsePattern:()Ljava/util/List;#594#99 prob_bp = 0.50000000078902960000
org.apache.commons.lang3.time.FastDateFormat:parsePattern:()Ljava/util/List;#594#100 prob_bp = 0.50000000082090900000
org.apache.commons.lang3.time.FastDateFormat:getInstance:(Ljava/lang/String;Ljava/util/TimeZone;Ljava/util/Locale;)Lorg/apache/commons/lang3/time/FastDateFormat;#214#23 prob_bp = 0.50000000088481540000
org.apache.commons.lang3.time.FastDateFormat:selectNumberRule:(II)Lorg/apache/commons/lang3/time/FastDateFormat$NumberRule;#767#1 prob_bp = 0.50000000172842550000
org.apache.commons.lang3.time.FastDateFormat$TwoDigitNumberField:appendTo:(Ljava/lang/StringBuffer;I)V#1355#6 prob_bp = 0.50000000211549120000
org.apache.commons.lang3.time.FastDateFormat:parsePattern:()Ljava/util/List;#588#56 prob_bp = 0.50000000251569690000
org.apache.commons.lang3.time.FastDateFormat$TwoDigitNumberField:appendTo:(Ljava/lang/StringBuffer;I)V#1355#11 prob_bp = 0.50000000282246590000
org.apache.commons.lang3.time.FastDateFormat$TwoDigitNumberField:appendTo:(Ljava/lang/StringBuffer;I)V#1355#13 prob_bp = 0.50000000293640580000
org.apache.commons.lang3.time.FastDateFormat:getInstance:(Ljava/lang/String;Ljava/util/TimeZone;Ljava/util/Locale;)Lorg/apache/commons/lang3/time/FastDateFormat;#215#25 prob_bp = 0.50000000373712430000
org.apache.commons.lang3.time.FastDateFormat$TwoDigitNumberField:appendTo:(Ljava/lang/StringBuffer;I)V#1355#14 prob_bp = 0.50000000385555700000
org.apache.commons.lang3.time.FastDateFormat$TwoDigitNumberField:appendTo:(Ljava/lang/StringBuffer;I)V#1355#15 prob_bp = 0.50000000756608790000
org.apache.commons.lang3.time.FastDateFormat$TwoDigitNumberField:appendTo:(Ljava/lang/StringBuffer;I)V#1356#20 prob_bp = 0.50000000833972980000
org.apache.commons.lang3.time.FastDateFormat:applyRules:(Ljava/util/Calendar;Ljava/lang/StringBuffer;)Ljava/lang/StringBuffer;#889#33 prob_bp = 0.50000000860172830000
org.apache.commons.lang3.time.FastDateFormat:format:(Ljava/util/Calendar;)Ljava/lang/String;#832#1 prob_bp = 0.50000000875010970000
org.apache.commons.lang3.time.FastDateFormat:format:(Ljava/util/Calendar;Ljava/lang/StringBuffer;)Ljava/lang/StringBuffer;#871#4#unexe#1 prob_bp = 0.50000000935073470000
org.apache.commons.lang3.time.FastDateFormat:format:(Ljava/util/Calendar;Ljava/lang/StringBuffer;)Ljava/lang/StringBuffer;#875#24 prob_bp = 0.50000001066290130000
org.apache.commons.lang3.time.FastDateFormat:getInstance:(Ljava/lang/String;Ljava/util/TimeZone;Ljava/util/Locale;)Lorg/apache/commons/lang3/time/FastDateFormat;#215#27 prob_bp = 0.50000001521912210000
org.apache.commons.lang3.time.FastDateFormat:applyRules:(Ljava/util/Calendar;Ljava/lang/StringBuffer;)Ljava/lang/StringBuffer;#890#27 prob_bp = 0.50000002025804170000
org.apache.commons.lang3.time.FastDateFormat$PaddedNumberField:appendTo:(Ljava/lang/StringBuffer;Ljava/util/Calendar;)V#1292#3 prob_bp = 0.50000003010613250000
org.apache.commons.lang3.time.FastDateFormat$TwoDigitNumberField:appendTo:(Ljava/lang/StringBuffer;I)V#1356#21 prob_bp = 0.50000003395557720000
org.apache.commons.lang3.time.FastDateFormat$TwoDigitNumberField:appendTo:(Ljava/lang/StringBuffer;I)V#1356#23 prob_bp = 0.50000003532632860000
org.apache.commons.lang3.time.FastDateFormat$TwoDigitNumberField:appendTo:(Ljava/lang/StringBuffer;I)V#1354#0 prob_bp = 0.50000005468443020000
org.apache.commons.lang3.time.FastDateFormat:format:(Ljava/util/Calendar;)Ljava/lang/String;#832#0 prob_bp = 0.50000008283346440000
org.apache.commons.lang3.time.FastDateFormat:format:(Ljava/util/Calendar;Ljava/lang/StringBuffer;)Ljava/lang/StringBuffer;#875#23 prob_bp = 0.50000008609648060000
org.apache.commons.lang3.time.FastDateFormat:applyRules:(Ljava/util/Calendar;Ljava/lang/StringBuffer;)Ljava/lang/StringBuffer;#888#5 prob_bp = 0.50000009430775770000
org.apache.commons.lang3.time.FastDateFormat:applyRules:(Ljava/util/Calendar;Ljava/lang/StringBuffer;)Ljava/lang/StringBuffer;#888#6 prob_bp = 0.50000010321592360000
org.apache.commons.lang3.time.FastDateFormat:applyRules:(Ljava/util/Calendar;Ljava/lang/StringBuffer;)Ljava/lang/StringBuffer;#888#9 prob_bp = 0.50000012225502300000
org.apache.commons.lang3.time.FastDateFormat$PaddedNumberField:appendTo:(Ljava/lang/StringBuffer;Ljava/util/Calendar;)V#1292#4 prob_bp = 0.50000012718929470000
org.apache.commons.lang3.time.FastDateFormat$PaddedNumberField:appendTo:(Ljava/lang/StringBuffer;Ljava/util/Calendar;)V#1292#2 prob_bp = 0.50000013842290140000
org.apache.commons.lang3.time.FastDateFormat:applyRules:(Ljava/util/Calendar;Ljava/lang/StringBuffer;)Ljava/lang/StringBuffer;#888#10 prob_bp = 0.50000016347108630000
org.apache.commons.lang3.time.FastDateFormat$TwoDigitNumberField:appendTo:(Ljava/lang/StringBuffer;I)V#1354#1 prob_bp = 0.50000022278168680000
org.apache.commons.lang3.time.FastDateFormat$TwoDigitNumberField:appendTo:(Ljava/lang/StringBuffer;I)V#1354#3 prob_bp = 0.50000023178247520000
org.apache.commons.lang3.time.FastDateFormat:applyRules:(Ljava/util/Calendar;Ljava/lang/StringBuffer;)Ljava/lang/StringBuffer;#889#17 prob_bp = 0.50000025454253050000
org.apache.commons.lang3.time.FastDateFormat:applyRules:(Ljava/util/Calendar;Ljava/lang/StringBuffer;)Ljava/lang/StringBuffer;#889#12 prob_bp = 0.50000032852926660000
org.apache.commons.lang3.time.FastDateFormat:applyRules:(Ljava/util/Calendar;Ljava/lang/StringBuffer;)Ljava/lang/StringBuffer;#889#13 prob_bp = 0.50000033593533730000
org.apache.commons.lang3.time.FastDateFormat:applyRules:(Ljava/util/Calendar;Ljava/lang/StringBuffer;)Ljava/lang/StringBuffer;#889#15 prob_bp = 0.50000037551227950000
org.apache.commons.lang3.time.FastDateFormat:applyRules:(Ljava/util/Calendar;Ljava/lang/StringBuffer;)Ljava/lang/StringBuffer;#889#19 prob_bp = 0.50000048633109120000
org.apache.commons.lang3.time.FastDateFormat$PaddedNumberField:appendTo:(Ljava/lang/StringBuffer;Ljava/util/Calendar;)V#1292#7 prob_bp = 0.50000052085057000000
org.apache.commons.lang3.time.FastDateFormat:parsePattern:()Ljava/util/List;#594#101 prob_bp = 0.50000075621644400000
org.apache.commons.lang3.time.FastDateFormat:parsePattern:()Ljava/util/List;#588#59 prob_bp = 0.50000076278041150000
org.apache.commons.lang3.time.FastDateFormat$PaddedNumberField:appendTo:(Ljava/lang/StringBuffer;I)V#1299#0 prob_bp = 0.50000358894714440000
org.apache.commons.lang3.time.FastDateFormat:parsePattern:()Ljava/util/List;#591#958 prob_bp = 0.50000380829892900000
org.apache.commons.lang3.time.FastDateFormat:parsePattern:()Ljava/util/List;#588#62 prob_bp = 0.50000382434783470000
org.apache.commons.lang3.time.FastDateFormat$TwoDigitNumberField:appendTo:(Ljava/lang/StringBuffer;Ljava/util/Calendar;)V#1347#1 prob_bp = 0.50000614385286670000
org.apache.commons.lang3.time.FastDateFormat$TwoDigitNumberField:appendTo:(Ljava/lang/StringBuffer;Ljava/util/Calendar;)V#1347#10 prob_bp = 0.50001092330269570000
org.apache.commons.lang3.time.FastDateFormat$PaddedNumberField:appendTo:(Ljava/lang/StringBuffer;I)V#1299#1 prob_bp = 0.50001454290283240000
org.apache.commons.lang3.time.FastDateFormat$PaddedNumberField:appendTo:(Ljava/lang/StringBuffer;I)V#1299#3 prob_bp = 0.50001513009761870000
org.apache.commons.lang3.time.FastDateFormat:parsePattern:()Ljava/util/List;#591#72 prob_bp = 0.50001614005008570000
org.apache.commons.lang3.time.FastDateFormat:parsePattern:()Ljava/util/List;#591#74 prob_bp = 0.50001615298854910000
org.apache.commons.lang3.time.FastDateFormat$TwoDigitNumberField:appendTo:(Ljava/lang/StringBuffer;I)V#1356#19 prob_bp = 0.50003016676538690000
org.apache.commons.lang3.time.FastDateFormat$TwoDigitNumberField:appendTo:(Ljava/lang/StringBuffer;I)V#1356#24 prob_bp = 0.50004025670661250000
org.apache.commons.lang3.time.FastDateFormat$TwoDigitNumberField:appendTo:(Ljava/lang/StringBuffer;I)V#1356#26 prob_bp = 0.50004188158197400000
org.apache.commons.lang3.time.FastDateFormat$TwoDigitNumberField:appendTo:(Ljava/lang/StringBuffer;I)V#1356#27 prob_bp = 0.50005498805291810000
org.apache.commons.lang3.time.FastDateFormat:parsePattern:()Ljava/util/List;#591#76 prob_bp = 0.50006620542091900000
org.apache.commons.lang3.time.FastDateFormat$TwoDigitNumberField:appendTo:(Ljava/lang/StringBuffer;I)V#1356#28 prob_bp = 0.50010788560543440000
org.apache.commons.lang3.time.FastDateFormat:getInstance:(Ljava/lang/String;Ljava/util/TimeZone;Ljava/util/Locale;)Lorg/apache/commons/lang3/time/FastDateFormat;#213#4 prob_bp = 0.50013770309516710000
org.apache.commons.lang3.time.FastDateFormat:applyRules:(Ljava/util/Calendar;Ljava/lang/StringBuffer;)Ljava/lang/StringBuffer;#890#26 prob_bp = 0.50019471539289410000
org.apache.commons.lang3.time.FastDateFormat:applyRules:(Ljava/util/Calendar;Ljava/lang/StringBuffer;)Ljava/lang/StringBuffer;#890#28 prob_bp = 0.50020272655413170000
org.apache.commons.lang3.time.FastDateFormat:getInstance:(Ljava/lang/String;Ljava/util/TimeZone;Ljava/util/Locale;)Lorg/apache/commons/lang3/time/FastDateFormat;#213#7 prob_bp = 0.50037077567144530000
org.apache.commons.lang3.time.FastDateFormat$PaddedNumberField:appendTo:(Ljava/lang/StringBuffer;Ljava/util/Calendar;)V#1292#10 prob_bp = 0.50063166552641470000
org.apache.commons.lang3.time.FastDateFormat$PaddedNumberField:appendTo:(Ljava/lang/StringBuffer;I)V#1310#70 prob_bp = 0.50124432555957920000
org.apache.commons.lang3.time.FastDateFormat:<init>:(Ljava/lang/String;Ljava/util/TimeZone;Ljava/util/Locale;)V#536#4 prob_bp = 0.50130630163911320000
org.apache.commons.lang3.time.FastDateFormat$PaddedNumberField:appendTo:(Ljava/lang/StringBuffer;I)V#1307#58 prob_bp = 0.50192730860746270000
org.apache.commons.lang3.time.FastDateFormat$PaddedNumberField:appendTo:(Ljava/lang/StringBuffer;I)V#1310#71 prob_bp = 0.50434570042268970000
org.apache.commons.lang3.time.FastDateFormat$PaddedNumberField:appendTo:(Ljava/lang/StringBuffer;I)V#1310#72 prob_bp = 0.50448675093182930000
org.apache.commons.lang3.time.FastDateFormat:<init>:(Ljava/lang/String;Ljava/util/TimeZone;Ljava/util/Locale;)V#536#5 prob_bp = 0.50504164295020770000
org.apache.commons.lang3.time.FastDateFormat$PaddedNumberField:appendTo:(Ljava/lang/StringBuffer;I)V#1307#59 prob_bp = 0.50772119825077640000
org.apache.commons.lang3.time.FastDateFormat$PaddedNumberField:appendTo:(Ljava/lang/StringBuffer;I)V#1307#62 prob_bp = 0.50802337563633220000
org.apache.commons.lang3.time.FastDateFormat$PaddedNumberField:appendTo:(Ljava/lang/StringBuffer;I)V#1310#75 prob_bp = 0.99913019658455490000
org.apache.commons.lang3.time.FastDateFormat$PaddedNumberField:appendTo:(Ljava/lang/StringBuffer;I)V#1310#84 prob_bp = 0.99924952186050260000
org.apache.commons.lang3.Validate:isTrue:(ZLjava/lang/String;J)V#121#0 prob_bp = 0.99984210871998450000
org.apache.commons.lang3.Validate:isTrue:(ZLjava/lang/String;J)V#121#1 prob_bp = 0.99990210529682810000
org.apache.commons.lang3.time.FastDateFormat:format:(Ljava/util/Calendar;)Ljava/lang/String;#832#2 prob_bp = 0.99999992318403810000
org.apache.commons.lang3.time.FastDateFormat:format:(Ljava/util/Calendar;)Ljava/lang/String;#832#13 prob_bp = 0.99999996472131890000
org.apache.commons.lang3.time.FastDateFormat:format:(Ljava/util/Calendar;Ljava/lang/StringBuffer;)Ljava/lang/StringBuffer;#875#25 prob_bp = 0.99999998598350880000
org.apache.commons.lang3.time.FastDateFormat:format:(Ljava/util/Calendar;Ljava/lang/StringBuffer;)Ljava/lang/StringBuffer;#875#26 prob_bp = 0.99999999547604860000
org.apache.commons.lang3.time.FastDateFormat:applyRules:(Ljava/util/Calendar;Ljava/lang/StringBuffer;)Ljava/lang/StringBuffer;#892#39 prob_bp = 0.99999999894399290000
org.apache.commons.lang3.time.FastDateFormat:applyRules:(Ljava/util/Calendar;Ljava/lang/StringBuffer;)Ljava/lang/StringBuffer;#892#40 prob_bp = 0.99999999986117460000
org.apache.commons.lang3.time.FastDateFormat:format:(Ljava/util/Calendar;Ljava/lang/StringBuffer;)Ljava/lang/StringBuffer;#875#29 prob_bp = 0.99999999999539450000
org.apache.commons.lang3.time.FastDateFormat:format:(Ljava/util/Calendar;)Ljava/lang/String;#832#19 prob_bp = 0.99999999999999720000
org.apache.commons.lang3.time.FastDateFormatTest:testLang538:()V#344#3 prob_bp = 1.00000000000000000000
org.apache.commons.lang3.time.FastDateFormatTest:testLang538:()V#344#15 prob_bp = 1.00000000000000000000
org.apache.commons.lang3.time.FastDateFormatTest:testLang538:()V#345#16 prob_bp = 1.00000000000000000000
org.apache.commons.lang3.time.FastDateFormatTest:testLang538:()V#345#17 prob_bp = 1.00000000000000000000
org.apache.commons.lang3.time.FastDateFormatTest:testLang538:()V#346#20 prob_bp = 1.00000000000000000000
org.apache.commons.lang3.time.FastDateFormatTest:testLang538:()V#346#21 prob_bp = 1.00000000000000000000
org.apache.commons.lang3.time.FastDateFormatTest:testLang538:()V#346#24 prob_bp = 1.00000000000000000000
org.apache.commons.lang3.time.FastDateFormatTest:testLang538:()V#346#26 prob_bp = 1.00000000000000000000
org.apache.commons.lang3.time.FastDateFormatTest:testLang538:()V#346#28 prob_bp = 1.00000000000000000000
org.apache.commons.lang3.time.FastDateFormatTest:testLang538:()V#346#30 prob_bp = 1.00000000000000000000
org.apache.commons.lang3.time.FastDateFormatTest:testLang538:()V#346#32 prob_bp = 1.00000000000000000000
org.apache.commons.lang3.time.FastDateFormatTest:testLang538:()V#346#34 prob_bp = 1.00000000000000000000
org.apache.commons.lang3.time.FastDateFormatTest:testLang538:()V#348#37 prob_bp = 1.00000000000000000000
org.apache.commons.lang3.time.FastDateFormatTest:testLang538:()V#348#44 prob_bp = 1.00000000000000000000
org.apache.commons.lang3.time.FastDateFormatTest:testLang538:()V#348#47 prob_bp = 1.00000000000000000000
org.apache.commons.lang3.time.FastDateFormatTest:testLang538:()V#349#48 prob_bp = 1.00000000000000000000
org.apache.commons.lang3.time.FastDateFormatTest:testLang538:()V#349#50 prob_bp = 1.00000000000000000000
org.apache.commons.lang3.time.FastDateFormatTest:testLang538:()V#349#52 prob_bp = 1.00000000000000000000
org.apache.commons.lang3.time.FastDateFormatTest:testLang538:()V#349#53 prob_bp = 1.00000000000000000000
org.apache.commons.lang3.time.FastDateFormatTest:testLang538:()V#349#54 prob_bp = 1.00000000000000000000
org.apache.commons.lang3.time.FastDateFormat:format:(Ljava/util/Calendar;)Ljava/lang/String;#832#16 prob_bp = 1.00000000000000000000
org.apache.commons.lang3.time.FastDateFormatTest:testLang538:()V#349#57 prob_bp = 1.00000000000000000000
Belief propagation time : 44.819000s
