Belief propagation time: 100

Probabilities: 
Vars:19973
Stmts:2833
org.jfree.data.time.Week:<init>:(Ljava/util/Date;Ljava/util/TimeZone;Ljava/util/Locale;)V#199#53 prob_bp = 0.50000007290970740000
org.jfree.data.time.Week:<init>:(Ljava/util/Date;Ljava/util/TimeZone;Ljava/util/Locale;)V#198#46 prob_bp = 0.50000011943291060000
org.jfree.data.time.Week:<init>:(Ljava/util/Date;Ljava/util/TimeZone;Ljava/util/Locale;)V#198#47 prob_bp = 0.50000012570721690000
org.jfree.data.time.Week:<init>:(Ljava/util/Date;Ljava/util/TimeZone;Ljava/util/Locale;)V#198#48 prob_bp = 0.50000013278674580000
org.jfree.data.time.Week:<init>:(Ljava/util/Date;Ljava/util/TimeZone;Ljava/util/Locale;)V#199#55 prob_bp = 0.50000014005166290000
org.jfree.data.time.Week:<init>:(Ljava/util/Date;Ljava/util/TimeZone;Ljava/util/Locale;)V#199#56 prob_bp = 0.50000014836409080000
org.jfree.data.time.Week:<init>:(Ljava/util/Date;Ljava/util/TimeZone;Ljava/util/Locale;)V#198#51 prob_bp = 0.50000027661705710000
org.jfree.data.time.Week:<init>:(Ljava/util/Date;Ljava/util/TimeZone;Ljava/util/Locale;)V#204#59 prob_bp = 0.50000049259725810000
org.jfree.data.time.Week:<init>:(Ljava/util/Date;Ljava/util/TimeZone;Ljava/util/Locale;)V#204#61 prob_bp = 0.50000098255450490000
org.jfree.data.time.Week:<init>:(Ljava/util/Date;Ljava/util/TimeZone;Ljava/util/Locale;)V#204#62 prob_bp = 0.50000100240407460000
org.jfree.data.time.Week:<init>:(Ljava/util/Date;Ljava/util/TimeZone;Ljava/util/Locale;)V#211#106 prob_bp = 0.50003220224008340000
org.jfree.data.time.Week:<init>:(Ljava/util/Date;Ljava/util/TimeZone;)V#175#1 prob_bp = 0.50010249366619820000
org.jfree.data.time.Week:<init>:(Ljava/util/Date;Ljava/util/TimeZone;Ljava/util/Locale;)V#189#4 prob_bp = 0.50010758858653050000
org.jfree.data.time.Week:<init>:(Ljava/util/Date;Ljava/util/TimeZone;Ljava/util/Locale;)V#211#108 prob_bp = 0.50011179230321320000
org.jfree.data.time.Week:<init>:(Ljava/util/Date;Ljava/util/TimeZone;Ljava/util/Locale;)V#189#5 prob_bp = 0.50011397238345280000
org.jfree.data.time.Week:<init>:(Ljava/util/Date;Ljava/util/TimeZone;Ljava/util/Locale;)V#211#110 prob_bp = 0.50011617425087350000
org.jfree.data.time.Week:<init>:(Ljava/util/Date;Ljava/util/TimeZone;Ljava/util/Locale;)V#204#65 prob_bp = 0.50017474507735480000
org.jfree.data.time.Week:<init>:(Ljava/util/Date;Ljava/util/TimeZone;Ljava/util/Locale;)V#205#67 prob_bp = 0.50049361021924200000
org.jfree.data.time.RegularTimePeriod:<clinit>:()V#161#3 prob_bp = 0.50056148192842590000
org.jfree.data.time.Week:<init>:(Ljava/util/Date;Ljava/util/TimeZone;)V#175#2 prob_bp = 0.50057281215656220000
org.jfree.data.time.Week:<init>:(Ljava/util/Date;Ljava/util/TimeZone;Ljava/util/Locale;)V#192#18 prob_bp = 0.50063051189337000000
org.jfree.data.time.Week:<init>:(Ljava/util/Date;Ljava/util/TimeZone;Ljava/util/Locale;)V#192#19 prob_bp = 0.50075993245802770000
org.jfree.data.time.Week:<init>:(Ljava/util/Date;Ljava/util/TimeZone;Ljava/util/Locale;)V#205#69 prob_bp = 0.50113605137127060000
org.jfree.data.time.Week:<init>:(Ljava/util/Date;Ljava/util/TimeZone;Ljava/util/Locale;)V#205#70 prob_bp = 0.50115899179609690000
org.jfree.data.time.Week:<init>:(Ljava/util/Date;Ljava/util/TimeZone;Ljava/util/Locale;)V#211#113 prob_bp = 0.50135768568724850000
org.jfree.data.time.Week:<init>:(Ljava/util/Date;Ljava/util/TimeZone;Ljava/util/Locale;)V#211#105 prob_bp = 0.50570860152497690000
org.jfree.data.time.Week:<init>:(Ljava/util/Date;Ljava/util/TimeZone;Ljava/util/Locale;)V#211#114 prob_bp = 0.50623552651405750000
org.jfree.data.time.Week:<init>:(Ljava/util/Date;Ljava/util/TimeZone;)V#175#5 prob_bp = 0.52183111131786830000
org.jfree.data.time.Week:<init>:(Ljava/util/Date;Ljava/util/TimeZone;Ljava/util/Locale;)V#195#32 prob_bp = 0.52290398017268450000
org.jfree.data.time.Week:<init>:(Ljava/util/Date;Ljava/util/TimeZone;Ljava/util/Locale;)V#195#33 prob_bp = 0.52536653779164850000
org.jfree.data.time.Week:<init>:(Ljava/util/Date;Ljava/util/TimeZone;)V#175#0 prob_bp = 0.64503291850714650000
org.jfree.data.time.Week:<init>:(Ljava/util/Date;Ljava/util/TimeZone;)V#175#8 prob_bp = 0.66063933001812060000
org.jfree.data.time.Week:getWeek:()I#248#1 prob_bp = 0.66971599173619720000
org.jfree.data.time.Week:getWeek:()I#248#4 prob_bp = 0.99008636123557660000
org.jfree.data.time.Week:getWeek:()I#248#0 prob_bp = 0.99009882869698780000
org.jfree.data.time.junit.WeekTests:setUp:()V#111#5 prob_bp = 1.00000000000000000000
org.jfree.data.time.junit.WeekTests:setUp:()V#111#9 prob_bp = 1.00000000000000000000
org.jfree.data.time.Week:<init>:(II)V#128#4 prob_bp = 1.00000000000000000000
org.jfree.data.time.Week:<init>:(II)V#128#5 prob_bp = 1.00000000000000000000
org.jfree.data.time.Week:<init>:(II)V#128#6 prob_bp = 1.00000000000000000000
org.jfree.data.time.junit.WeekTests:setUp:()V#112#20 prob_bp = 1.00000000000000000000
org.jfree.data.time.junit.WeekTests:setUp:()V#112#24 prob_bp = 1.00000000000000000000
org.jfree.data.time.junit.WeekTests:setUp:()V#113#35 prob_bp = 1.00000000000000000000
org.jfree.data.time.junit.WeekTests:setUp:()V#113#40 prob_bp = 1.00000000000000000000
org.jfree.data.time.junit.WeekTests:setUp:()V#114#51 prob_bp = 1.00000000000000000000
org.jfree.data.time.junit.WeekTests:setUp:()V#114#56 prob_bp = 1.00000000000000000000
org.jfree.data.time.junit.WeekTests:testConstructor:()V#509#30 prob_bp = 1.00000000000000000000
org.jfree.data.time.junit.WeekTests:testConstructor:()V#509#33 prob_bp = 1.00000000000000000000
org.jfree.data.time.junit.WeekTests:testConstructor:()V#509#36 prob_bp = 1.00000000000000000000
org.jfree.data.time.junit.WeekTests:testConstructor:()V#509#39 prob_bp = 1.00000000000000000000
org.jfree.data.time.junit.WeekTests:testConstructor:()V#509#42 prob_bp = 1.00000000000000000000
org.jfree.data.time.junit.WeekTests:testConstructor:()V#513#44 prob_bp = 1.00000000000000000000
org.jfree.data.time.junit.WeekTests:testConstructor:()V#513#45 prob_bp = 1.00000000000000000000
org.jfree.data.time.junit.WeekTests:testConstructor:()V#514#51 prob_bp = 1.00000000000000000000
org.jfree.data.time.junit.WeekTests:testConstructor:()V#514#52 prob_bp = 1.00000000000000000000
org.jfree.data.time.junit.WeekTests:testConstructor:()V#514#55 prob_bp = 1.00000000000000000000
org.jfree.data.time.junit.WeekTests:testConstructor:()V#514#57 prob_bp = 1.00000000000000000000
org.jfree.data.time.junit.WeekTests:testConstructor:()V#514#59 prob_bp = 1.00000000000000000000
org.jfree.data.time.junit.WeekTests:testConstructor:()V#514#60 prob_bp = 1.00000000000000000000
org.jfree.data.time.junit.WeekTests:testConstructor:()V#514#61 prob_bp = 1.00000000000000000000
org.jfree.data.time.junit.WeekTests:testConstructor:()V#514#62 prob_bp = 1.00000000000000000000
org.jfree.data.time.junit.WeekTests:testConstructor:()V#515#65 prob_bp = 1.00000000000000000000
org.jfree.data.time.junit.WeekTests:testConstructor:()V#515#66 prob_bp = 1.00000000000000000000
org.jfree.data.time.junit.WeekTests:testConstructor:()V#515#68 prob_bp = 1.00000000000000000000
org.jfree.data.time.junit.WeekTests:testConstructor:()V#515#69 prob_bp = 1.00000000000000000000
org.jfree.data.time.junit.WeekTests:testConstructor:()V#516#72 prob_bp = 1.00000000000000000000
org.jfree.data.time.junit.WeekTests:testConstructor:()V#516#73 prob_bp = 1.00000000000000000000
org.jfree.data.time.junit.WeekTests:testConstructor:()V#516#76 prob_bp = 1.00000000000000000000
org.jfree.data.time.junit.WeekTests:testConstructor:()V#517#82 prob_bp = 1.00000000000000000000
org.jfree.data.time.junit.WeekTests:testConstructor:()V#517#89 prob_bp = 1.00000000000000000000
org.jfree.data.time.junit.WeekTests:testConstructor:()V#522#118 prob_bp = 1.00000000000000000000
org.jfree.data.time.junit.WeekTests:testConstructor:()V#522#121 prob_bp = 1.00000000000000000000
org.jfree.data.time.junit.WeekTests:testConstructor:()V#522#124 prob_bp = 1.00000000000000000000
org.jfree.data.time.junit.WeekTests:testConstructor:()V#522#127 prob_bp = 1.00000000000000000000
org.jfree.data.time.junit.WeekTests:testConstructor:()V#524#129 prob_bp = 1.00000000000000000000
org.jfree.data.time.junit.WeekTests:testConstructor:()V#524#130 prob_bp = 1.00000000000000000000
org.jfree.data.time.junit.WeekTests:testConstructor:()V#525#136 prob_bp = 1.00000000000000000000
org.jfree.data.time.junit.WeekTests:testConstructor:()V#525#137 prob_bp = 1.00000000000000000000
org.jfree.data.time.junit.WeekTests:testConstructor:()V#525#140 prob_bp = 1.00000000000000000000
org.jfree.data.time.junit.WeekTests:testConstructor:()V#525#142 prob_bp = 1.00000000000000000000
org.jfree.data.time.junit.WeekTests:testConstructor:()V#525#144 prob_bp = 1.00000000000000000000
org.jfree.data.time.junit.WeekTests:testConstructor:()V#525#145 prob_bp = 1.00000000000000000000
org.jfree.data.time.junit.WeekTests:testConstructor:()V#525#146 prob_bp = 1.00000000000000000000
org.jfree.data.time.junit.WeekTests:testConstructor:()V#525#147 prob_bp = 1.00000000000000000000
org.jfree.data.time.junit.WeekTests:testConstructor:()V#526#150 prob_bp = 1.00000000000000000000
org.jfree.data.time.junit.WeekTests:testConstructor:()V#526#151 prob_bp = 1.00000000000000000000
org.jfree.data.time.junit.WeekTests:testConstructor:()V#526#153 prob_bp = 1.00000000000000000000
org.jfree.data.time.junit.WeekTests:testConstructor:()V#526#154 prob_bp = 1.00000000000000000000
org.jfree.data.time.junit.WeekTests:testConstructor:()V#528#157 prob_bp = 1.00000000000000000000
org.jfree.data.time.junit.WeekTests:testConstructor:()V#528#158 prob_bp = 1.00000000000000000000
org.jfree.data.time.junit.WeekTests:testConstructor:()V#528#161 prob_bp = 1.00000000000000000000
org.jfree.data.time.junit.WeekTests:testConstructor:()V#529#163 prob_bp = 1.00000000000000000000
org.jfree.data.time.junit.WeekTests:testConstructor:()V#529#166 prob_bp = 1.00000000000000000000
org.jfree.data.time.junit.WeekTests:testConstructor:()V#529#167 prob_bp = 1.00000000000000000000
org.jfree.data.time.junit.WeekTests:testConstructor:()V#529#174 prob_bp = 1.00000000000000000000
org.jfree.data.time.junit.WeekTests:testConstructor:()V#529#177 prob_bp = 1.00000000000000000000
org.jfree.data.time.junit.WeekTests:testConstructor:()V#530#179 prob_bp = 1.00000000000000000000
org.jfree.data.time.junit.WeekTests:testConstructor:()V#530#181 prob_bp = 1.00000000000000000000
org.jfree.data.time.junit.WeekTests:testConstructor:()V#530#183 prob_bp = 1.00000000000000000000
org.jfree.data.time.junit.WeekTests:testConstructor:()V#530#186 prob_bp = 1.00000000000000000000
Belief propagation time : 7.407000s
