Belief propagation time: 30

Probabilities: 
Vars:162254
Stmts:3389
org.apache.commons.lang.time.DurationFormatUtils:format:([Lorg/apache/commons/lang/time/DurationFormatUtils$Token;IIIIIIIZ)Ljava/lang/String;#395#134 prob_bp = 0.49999999520995053000
org.apache.commons.lang.time.DurationFormatUtils:format:([Lorg/apache/commons/lang/time/DurationFormatUtils$Token;IIIIIIIZ)Ljava/lang/String;#395#127 prob_bp = 0.49999999875191700000
org.apache.commons.lang.time.DurationFormatUtils:format:([Lorg/apache/commons/lang/time/DurationFormatUtils$Token;IIIIIIIZ)Ljava/lang/String;#395#123 prob_bp = 0.49999999952743820000
org.apache.commons.lang.time.DurationFormatUtils:format:([Lorg/apache/commons/lang/time/DurationFormatUtils$Token;IIIIIIIZ)Ljava/lang/String;#395#126 prob_bp = 0.49999999969006215000
org.apache.commons.lang.time.DurationFormatUtils:formatPeriod:(JJLjava/lang/String;ZLjava/util/TimeZone;)Ljava/lang/String;#360#581 prob_bp = 0.49999999979215404000
org.apache.commons.lang.time.DurationFormatUtils:format:([Lorg/apache/commons/lang/time/DurationFormatUtils$Token;IIIIIIIZ)Ljava/lang/String;#395#121 prob_bp = 0.49999999980112514000
org.apache.commons.lang.time.DurationFormatUtils:formatPeriod:(JJLjava/lang/String;ZLjava/util/TimeZone;)Ljava/lang/String;#360#579 prob_bp = 0.49999999988566646000
org.apache.commons.lang.time.DurationFormatUtils:formatPeriod:(JJLjava/lang/String;)Ljava/lang/String;#247#8 prob_bp = 0.49999999988981797000
org.apache.commons.lang.time.DurationFormatUtils:formatPeriod:(JJLjava/lang/String;)Ljava/lang/String;#247#4 prob_bp = 0.49999999989195760000
org.apache.commons.lang.time.DurationFormatUtils:formatPeriod:(JJLjava/lang/String;ZLjava/util/TimeZone;)Ljava/lang/String;#360#567 prob_bp = 0.49999999998097710000
org.apache.commons.lang.time.DurationFormatUtils:formatPeriod:(JJLjava/lang/String;ZLjava/util/TimeZone;)Ljava/lang/String;#339#440#unexe#17 prob_bp = 0.49999999999526210000
org.apache.commons.lang.time.DurationFormatUtils:formatPeriod:(JJLjava/lang/String;ZLjava/util/TimeZone;)Ljava/lang/String;#330#399#unexe#17 prob_bp = 0.49999999999886290000
org.apache.commons.lang.time.DurationFormatUtils:formatPeriod:(JJLjava/lang/String;ZLjava/util/TimeZone;)Ljava/lang/String;#331#410 prob_bp = 0.49999999999977040000
org.apache.commons.lang.time.DurationFormatUtils:formatPeriod:(JJLjava/lang/String;ZLjava/util/TimeZone;)Ljava/lang/String;#339#440 prob_bp = 0.49999999999991430000
org.apache.commons.lang.time.DurationFormatUtils:formatPeriod:(JJLjava/lang/String;ZLjava/util/TimeZone;)Ljava/lang/String;#330#399 prob_bp = 0.49999999999997524000
org.apache.commons.lang.time.DurationFormatUtils:lexx:(Ljava/lang/String;)[Lorg/apache/commons/lang/time/DurationFormatUtils$Token;#469#44 prob_bp = 0.49999999999999860000
org.apache.commons.lang.time.DurationFormatUtils:lexx:(Ljava/lang/String;)[Lorg/apache/commons/lang/time/DurationFormatUtils$Token;#467#30 prob_bp = 0.49999999999999917000
org.apache.commons.lang.time.DurationFormatUtils:formatPeriod:(JJLjava/lang/String;ZLjava/util/TimeZone;)Ljava/lang/String;#331#409 prob_bp = 0.49999999999999920000
org.apache.commons.lang.time.DurationFormatUtils:lexx:(Ljava/lang/String;)[Lorg/apache/commons/lang/time/DurationFormatUtils$Token;#501#278#unexe#5 prob_bp = 0.49999999999999940000
org.apache.commons.lang.time.DurationFormatUtils:lexx:(Ljava/lang/String;)[Lorg/apache/commons/lang/time/DurationFormatUtils$Token;#507#322 prob_bp = 0.49999999999999960000
org.apache.commons.lang.time.DurationFormatUtils:formatPeriod:(JJLjava/lang/String;ZLjava/util/TimeZone;)Ljava/lang/String;#320#313 prob_bp = 0.49999999999999980000
org.apache.commons.lang.time.DurationFormatUtils:formatPeriod:(JJLjava/lang/String;ZLjava/util/TimeZone;)Ljava/lang/String;#331#402 prob_bp = 0.49999999999999980000
org.apache.commons.lang.time.DurationFormatUtils:formatPeriod:(JJLjava/lang/String;ZLjava/util/TimeZone;)Ljava/lang/String;#284#151 prob_bp = 0.49999999999999983000
org.apache.commons.lang.time.DurationFormatUtils:formatPeriod:(JJLjava/lang/String;ZLjava/util/TimeZone;)Ljava/lang/String;#285#166 prob_bp = 0.49999999999999983000
org.apache.commons.lang.time.DurationFormatUtils:reduceAndCorrect:(Ljava/util/Calendar;Ljava/util/Calendar;II)I#433#3 prob_bp = 0.49999999999999983000
org.apache.commons.lang.time.DurationFormatUtils:formatPeriod:(JJLjava/lang/String;ZLjava/util/TimeZone;)Ljava/lang/String;#286#181 prob_bp = 0.49999999999999990000
org.apache.commons.lang.time.DurationFormatUtils:formatPeriod:(JJLjava/lang/String;ZLjava/util/TimeZone;)Ljava/lang/String;#323#362 prob_bp = 0.49999999999999990000
org.apache.commons.lang.time.DurationFormatUtils:formatPeriod:(JJLjava/lang/String;ZLjava/util/TimeZone;)Ljava/lang/String;#331#404 prob_bp = 0.49999999999999990000
org.apache.commons.lang.time.DurationFormatUtils:formatPeriod:(JJLjava/lang/String;ZLjava/util/TimeZone;)Ljava/lang/String;#331#408 prob_bp = 0.49999999999999990000
org.apache.commons.lang.time.DurationFormatUtils:formatPeriod:(JJLjava/lang/String;ZLjava/util/TimeZone;)Ljava/lang/String;#265#1 prob_bp = 0.49999999999999994000
org.apache.commons.lang.time.DurationFormatUtils:formatPeriod:(JJLjava/lang/String;ZLjava/util/TimeZone;)Ljava/lang/String;#265#3 prob_bp = 0.49999999999999994000
org.apache.commons.lang.time.DurationFormatUtils:formatPeriod:(JJLjava/lang/String;ZLjava/util/TimeZone;)Ljava/lang/String;#270#24 prob_bp = 0.49999999999999994000
org.apache.commons.lang.time.DurationFormatUtils:lexx:(Ljava/lang/String;)[Lorg/apache/commons/lang/time/DurationFormatUtils$Token;#487#195 prob_bp = 0.49999999999999994000
org.apache.commons.lang.time.DurationFormatUtils:formatPeriod:(JJLjava/lang/String;ZLjava/util/TimeZone;)Ljava/lang/String;#275#48 prob_bp = 0.49999999999999994000
org.apache.commons.lang.time.DurationFormatUtils:formatPeriod:(JJLjava/lang/String;ZLjava/util/TimeZone;)Ljava/lang/String;#276#53 prob_bp = 0.49999999999999994000
org.apache.commons.lang.time.DurationFormatUtils:formatPeriod:(JJLjava/lang/String;ZLjava/util/TimeZone;)Ljava/lang/String;#277#68 prob_bp = 0.49999999999999994000
org.apache.commons.lang.time.DurationFormatUtils:formatPeriod:(JJLjava/lang/String;ZLjava/util/TimeZone;)Ljava/lang/String;#280#73 prob_bp = 0.49999999999999994000
org.apache.commons.lang.time.DurationFormatUtils:formatPeriod:(JJLjava/lang/String;ZLjava/util/TimeZone;)Ljava/lang/String;#280#80 prob_bp = 0.49999999999999994000
org.apache.commons.lang.time.DurationFormatUtils:formatPeriod:(JJLjava/lang/String;ZLjava/util/TimeZone;)Ljava/lang/String;#284#141 prob_bp = 0.49999999999999994000
org.apache.commons.lang.time.DurationFormatUtils:formatPeriod:(JJLjava/lang/String;ZLjava/util/TimeZone;)Ljava/lang/String;#284#147 prob_bp = 0.49999999999999994000
org.apache.commons.lang.time.DurationFormatUtils:formatPeriod:(JJLjava/lang/String;ZLjava/util/TimeZone;)Ljava/lang/String;#285#156 prob_bp = 0.49999999999999994000
org.apache.commons.lang.time.DurationFormatUtils:formatPeriod:(JJLjava/lang/String;ZLjava/util/TimeZone;)Ljava/lang/String;#289#186 prob_bp = 0.49999999999999994000
org.apache.commons.lang.time.DurationFormatUtils:formatPeriod:(JJLjava/lang/String;ZLjava/util/TimeZone;)Ljava/lang/String;#289#186#unexe#12 prob_bp = 0.49999999999999994000
org.apache.commons.lang.time.DurationFormatUtils:formatPeriod:(JJLjava/lang/String;ZLjava/util/TimeZone;)Ljava/lang/String;#301#229 prob_bp = 0.49999999999999994000
org.apache.commons.lang.time.DurationFormatUtils:formatPeriod:(JJLjava/lang/String;ZLjava/util/TimeZone;)Ljava/lang/String;#301#231 prob_bp = 0.49999999999999994000
org.apache.commons.lang.time.DurationFormatUtils:formatPeriod:(JJLjava/lang/String;ZLjava/util/TimeZone;)Ljava/lang/String;#305#245#unexe#17 prob_bp = 0.49999999999999994000
org.apache.commons.lang.time.DurationFormatUtils:formatPeriod:(JJLjava/lang/String;ZLjava/util/TimeZone;)Ljava/lang/String;#314#259 prob_bp = 0.49999999999999994000
org.apache.commons.lang.time.DurationFormatUtils:formatPeriod:(JJLjava/lang/String;ZLjava/util/TimeZone;)Ljava/lang/String;#315#262 prob_bp = 0.49999999999999994000
org.apache.commons.lang.time.DurationFormatUtils:formatPeriod:(JJLjava/lang/String;ZLjava/util/TimeZone;)Ljava/lang/String;#314#259#unexe#17 prob_bp = 0.49999999999999994000
org.apache.commons.lang.time.DurationFormatUtils:formatPeriod:(JJLjava/lang/String;ZLjava/util/TimeZone;)Ljava/lang/String;#318#279 prob_bp = 0.49999999999999994000
org.apache.commons.lang.time.DurationFormatUtils:reduceAndCorrect:(Ljava/util/Calendar;Ljava/util/Calendar;II)I#434#10 prob_bp = 0.49999999999999994000
org.apache.commons.lang.time.DurationFormatUtils:reduceAndCorrect:(Ljava/util/Calendar;Ljava/util/Calendar;II)I#436#24 prob_bp = 0.49999999999999994000
org.apache.commons.lang.time.DurationFormatUtils:formatPeriod:(JJLjava/lang/String;ZLjava/util/TimeZone;)Ljava/lang/String;#319#289 prob_bp = 0.49999999999999994000
org.apache.commons.lang.time.DurationFormatUtils:formatPeriod:(JJLjava/lang/String;ZLjava/util/TimeZone;)Ljava/lang/String;#319#291 prob_bp = 0.49999999999999994000
org.apache.commons.lang.time.DurationFormatUtils:formatPeriod:(JJLjava/lang/String;ZLjava/util/TimeZone;)Ljava/lang/String;#320#305 prob_bp = 0.49999999999999994000
org.apache.commons.lang.time.DurationFormatUtils:formatPeriod:(JJLjava/lang/String;ZLjava/util/TimeZone;)Ljava/lang/String;#320#307 prob_bp = 0.49999999999999994000
org.apache.commons.lang.time.DurationFormatUtils:formatPeriod:(JJLjava/lang/String;ZLjava/util/TimeZone;)Ljava/lang/String;#322#337 prob_bp = 0.49999999999999994000
org.apache.commons.lang.time.DurationFormatUtils:formatPeriod:(JJLjava/lang/String;ZLjava/util/TimeZone;)Ljava/lang/String;#322#339 prob_bp = 0.49999999999999994000
org.apache.commons.lang.time.DurationFormatUtils:formatPeriod:(JJLjava/lang/String;ZLjava/util/TimeZone;)Ljava/lang/String;#322#342 prob_bp = 0.49999999999999994000
org.apache.commons.lang.time.DurationFormatUtils:reduceAndCorrect:(Ljava/util/Calendar;Ljava/util/Calendar;II)I#437#31 prob_bp = 0.49999999999999994000
org.apache.commons.lang.time.DurationFormatUtils:formatPeriod:(JJLjava/lang/String;ZLjava/util/TimeZone;)Ljava/lang/String;#323#350 prob_bp = 0.49999999999999994000
org.apache.commons.lang.time.DurationFormatUtils:formatPeriod:(JJLjava/lang/String;ZLjava/util/TimeZone;)Ljava/lang/String;#323#352 prob_bp = 0.49999999999999994000
org.apache.commons.lang.time.DurationFormatUtils:formatPeriod:(JJLjava/lang/String;ZLjava/util/TimeZone;)Ljava/lang/String;#323#354 prob_bp = 0.49999999999999994000
org.apache.commons.lang.time.DurationFormatUtils:formatPeriod:(JJLjava/lang/String;ZLjava/util/TimeZone;)Ljava/lang/String;#323#357 prob_bp = 0.49999999999999994000
org.apache.commons.lang.time.DurationFormatUtils:formatPeriod:(JJLjava/lang/String;ZLjava/util/TimeZone;)Ljava/lang/String;#323#363 prob_bp = 0.49999999999999994000
org.apache.commons.lang.time.DurationFormatUtils:formatPeriod:(JJLjava/lang/String;ZLjava/util/TimeZone;)Ljava/lang/String;#324#367 prob_bp = 0.49999999999999994000
org.apache.commons.lang.time.DurationFormatUtils:formatPeriod:(JJLjava/lang/String;ZLjava/util/TimeZone;)Ljava/lang/String;#324#369 prob_bp = 0.49999999999999994000
org.apache.commons.lang.time.DurationFormatUtils:formatPeriod:(JJLjava/lang/String;ZLjava/util/TimeZone;)Ljava/lang/String;#329#380 prob_bp = 0.49999999999999994000
org.apache.commons.lang.time.DurationFormatUtils:formatPeriod:(JJLjava/lang/String;ZLjava/util/TimeZone;)Ljava/lang/String;#329#388 prob_bp = 0.49999999999999994000
org.apache.commons.lang.time.DurationFormatUtils:formatPeriod:(JJLjava/lang/String;ZLjava/util/TimeZone;)Ljava/lang/String;#330#391 prob_bp = 0.49999999999999994000
org.apache.commons.lang.time.DurationFormatUtils:formatPeriod:(JJLjava/lang/String;ZLjava/util/TimeZone;)Ljava/lang/String;#339#432 prob_bp = 0.49999999999999994000
org.apache.commons.lang.time.DurationFormatUtils:formatPeriod:(JJLjava/lang/String;ZLjava/util/TimeZone;)Ljava/lang/String;#343#468 prob_bp = 0.49999999999999994000
org.apache.commons.lang.time.DurationFormatUtils:formatPeriod:(JJLjava/lang/String;ZLjava/util/TimeZone;)Ljava/lang/String;#265#2 prob_bp = 0.50000000000000000000
org.apache.commons.lang.time.DurationFormatUtils:lexx:(Ljava/lang/String;)[Lorg/apache/commons/lang/time/DurationFormatUtils$Token;#507#324 prob_bp = 0.50000000000000000000
org.apache.commons.lang.time.DurationFormatUtils:lexx:(Ljava/lang/String;)[Lorg/apache/commons/lang/time/DurationFormatUtils$Token;#502#286 prob_bp = 0.50000000000000000000
org.apache.commons.lang.time.DurationFormatUtils:formatPeriod:(JJLjava/lang/String;ZLjava/util/TimeZone;)Ljava/lang/String;#280#85 prob_bp = 0.50000000000000000000
org.apache.commons.lang.time.DurationFormatUtils:formatPeriod:(JJLjava/lang/String;ZLjava/util/TimeZone;)Ljava/lang/String;#282#109 prob_bp = 0.50000000000000000000
org.apache.commons.lang.time.DurationFormatUtils:formatPeriod:(JJLjava/lang/String;ZLjava/util/TimeZone;)Ljava/lang/String;#282#116 prob_bp = 0.50000000000000000000
org.apache.commons.lang.time.DurationFormatUtils:formatPeriod:(JJLjava/lang/String;ZLjava/util/TimeZone;)Ljava/lang/String;#282#119 prob_bp = 0.50000000000000000000
org.apache.commons.lang.time.DurationFormatUtils:formatPeriod:(JJLjava/lang/String;ZLjava/util/TimeZone;)Ljava/lang/String;#282#120 prob_bp = 0.50000000000000000000
org.apache.commons.lang.time.DurationFormatUtils:formatPeriod:(JJLjava/lang/String;ZLjava/util/TimeZone;)Ljava/lang/String;#283#124 prob_bp = 0.50000000000000000000
org.apache.commons.lang.time.DurationFormatUtils:formatPeriod:(JJLjava/lang/String;ZLjava/util/TimeZone;)Ljava/lang/String;#283#131 prob_bp = 0.50000000000000000000
org.apache.commons.lang.time.DurationFormatUtils:formatPeriod:(JJLjava/lang/String;ZLjava/util/TimeZone;)Ljava/lang/String;#283#137 prob_bp = 0.50000000000000000000
org.apache.commons.lang.time.DurationFormatUtils:formatPeriod:(JJLjava/lang/String;ZLjava/util/TimeZone;)Ljava/lang/String;#285#162 prob_bp = 0.50000000000000000000
org.apache.commons.lang.time.DurationFormatUtils:formatPeriod:(JJLjava/lang/String;ZLjava/util/TimeZone;)Ljava/lang/String;#286#171 prob_bp = 0.50000000000000000000
org.apache.commons.lang.time.DurationFormatUtils:formatPeriod:(JJLjava/lang/String;ZLjava/util/TimeZone;)Ljava/lang/String;#286#177 prob_bp = 0.50000000000000000000
org.apache.commons.lang.time.DurationFormatUtils:formatPeriod:(JJLjava/lang/String;ZLjava/util/TimeZone;)Ljava/lang/String;#286#182 prob_bp = 0.50000000000000000000
org.apache.commons.lang.time.DurationFormatUtils:formatPeriod:(JJLjava/lang/String;ZLjava/util/TimeZone;)Ljava/lang/String;#289#186#unexe#13 prob_bp = 0.50000000000000000000
org.apache.commons.lang.time.DurationFormatUtils:formatPeriod:(JJLjava/lang/String;ZLjava/util/TimeZone;)Ljava/lang/String;#293#203#unexe#13 prob_bp = 0.50000000000000000000
org.apache.commons.lang.time.DurationFormatUtils:formatPeriod:(JJLjava/lang/String;ZLjava/util/TimeZone;)Ljava/lang/String;#293#203#unexe#14 prob_bp = 0.50000000000000000000
org.apache.commons.lang.time.DurationFormatUtils:formatPeriod:(JJLjava/lang/String;ZLjava/util/TimeZone;)Ljava/lang/String;#297#217#unexe#14 prob_bp = 0.50000000000000000000
org.apache.commons.lang.time.DurationFormatUtils:formatPeriod:(JJLjava/lang/String;ZLjava/util/TimeZone;)Ljava/lang/String;#297#217#unexe#15 prob_bp = 0.50000000000000000000
org.apache.commons.lang.time.DurationFormatUtils:formatPeriod:(JJLjava/lang/String;ZLjava/util/TimeZone;)Ljava/lang/String;#301#231#unexe#16 prob_bp = 0.50000000000000000000
org.apache.commons.lang.time.DurationFormatUtils:formatPeriod:(JJLjava/lang/String;ZLjava/util/TimeZone;)Ljava/lang/String;#301#231#unexe#15 prob_bp = 0.50000000000000000000
org.apache.commons.lang.time.DurationFormatUtils:formatPeriod:(JJLjava/lang/String;ZLjava/util/TimeZone;)Ljava/lang/String;#306#248 prob_bp = 0.50000000000000000000
org.apache.commons.lang.time.DurationFormatUtils:formatPeriod:(JJLjava/lang/String;ZLjava/util/TimeZone;)Ljava/lang/String;#312#251 prob_bp = 0.50000000000000000000
org.apache.commons.lang.time.DurationFormatUtils:formatPeriod:(JJLjava/lang/String;ZLjava/util/TimeZone;)Ljava/lang/String;#305#245#unexe#16 prob_bp = 0.50000000000000000000
org.apache.commons.lang.time.DurationFormatUtils:formatPeriod:(JJLjava/lang/String;ZLjava/util/TimeZone;)Ljava/lang/String;#316#265 prob_bp = 0.50000000000000000000
org.apache.commons.lang.time.DurationFormatUtils:formatPeriod:(JJLjava/lang/String;ZLjava/util/TimeZone;)Ljava/lang/String;#314#259#unexe#18 prob_bp = 0.50000000000000000000
org.apache.commons.lang.time.DurationFormatUtils:reduceAndCorrect:(Ljava/util/Calendar;Ljava/util/Calendar;II)I#434#13 prob_bp = 0.50000000000000000000
org.apache.commons.lang.time.DurationFormatUtils:formatPeriod:(JJLjava/lang/String;ZLjava/util/TimeZone;)Ljava/lang/String;#319#295 prob_bp = 0.50000000000000000000
org.apache.commons.lang.time.DurationFormatUtils:formatPeriod:(JJLjava/lang/String;ZLjava/util/TimeZone;)Ljava/lang/String;#320#309 prob_bp = 0.50000000000000000000
org.apache.commons.lang.time.DurationFormatUtils:formatPeriod:(JJLjava/lang/String;ZLjava/util/TimeZone;)Ljava/lang/String;#320#311 prob_bp = 0.50000000000000000000
org.apache.commons.lang.time.DurationFormatUtils:formatPeriod:(JJLjava/lang/String;ZLjava/util/TimeZone;)Ljava/lang/String;#321#325 prob_bp = 0.50000000000000000000
org.apache.commons.lang.time.DurationFormatUtils:reduceAndCorrect:(Ljava/util/Calendar;Ljava/util/Calendar;II)I#437#29 prob_bp = 0.50000000000000000000
org.apache.commons.lang.time.DurationFormatUtils:reduceAndCorrect:(Ljava/util/Calendar;Ljava/util/Calendar;II)I#437#34 prob_bp = 0.50000000000000000000
org.apache.commons.lang.time.DurationFormatUtils:reduceAndCorrect:(Ljava/util/Calendar;Ljava/util/Calendar;II)I#438#36 prob_bp = 0.50000000000000000000
org.apache.commons.lang.time.DurationFormatUtils:reduceAndCorrect:(Ljava/util/Calendar;Ljava/util/Calendar;II)I#438#37 prob_bp = 0.50000000000000000000
org.apache.commons.lang.time.DurationFormatUtils:reduceAndCorrect:(Ljava/util/Calendar;Ljava/util/Calendar;II)I#438#38 prob_bp = 0.50000000000000000000
org.apache.commons.lang.time.DurationFormatUtils:reduceAndCorrect:(Ljava/util/Calendar;Ljava/util/Calendar;II)I#438#40 prob_bp = 0.50000000000000000000
org.apache.commons.lang.time.DurationFormatUtils:reduceAndCorrect:(Ljava/util/Calendar;Ljava/util/Calendar;II)I#439#43 prob_bp = 0.50000000000000000000
org.apache.commons.lang.time.DurationFormatUtils:reduceAndCorrect:(Ljava/util/Calendar;Ljava/util/Calendar;II)I#439#45 prob_bp = 0.50000000000000000000
org.apache.commons.lang.time.DurationFormatUtils:formatPeriod:(JJLjava/lang/String;ZLjava/util/TimeZone;)Ljava/lang/String;#324#365 prob_bp = 0.50000000000000000000
org.apache.commons.lang.time.DurationFormatUtils:formatPeriod:(JJLjava/lang/String;ZLjava/util/TimeZone;)Ljava/lang/String;#324#372 prob_bp = 0.50000000000000000000
org.apache.commons.lang.time.DurationFormatUtils:formatPeriod:(JJLjava/lang/String;ZLjava/util/TimeZone;)Ljava/lang/String;#324#377 prob_bp = 0.50000000000000000000
org.apache.commons.lang.time.DurationFormatUtils:formatPeriod:(JJLjava/lang/String;ZLjava/util/TimeZone;)Ljava/lang/String;#324#378 prob_bp = 0.50000000000000000000
org.apache.commons.lang.time.DurationFormatUtils:formatPeriod:(JJLjava/lang/String;ZLjava/util/TimeZone;)Ljava/lang/String;#330#396 prob_bp = 0.50000000000000000000
org.apache.commons.lang.time.DurationFormatUtils:formatPeriod:(JJLjava/lang/String;ZLjava/util/TimeZone;)Ljava/lang/String;#331#406 prob_bp = 0.50000000000000000000
org.apache.commons.lang.time.DurationFormatUtils:formatPeriod:(JJLjava/lang/String;ZLjava/util/TimeZone;)Ljava/lang/String;#339#434 prob_bp = 0.50000000000000000000
org.apache.commons.lang.time.DurationFormatUtils:formatPeriod:(JJLjava/lang/String;ZLjava/util/TimeZone;)Ljava/lang/String;#343#466 prob_bp = 0.50000000000000000000
org.apache.commons.lang.time.DurationFormatUtils:formatPeriod:(JJLjava/lang/String;ZLjava/util/TimeZone;)Ljava/lang/String;#347#490 prob_bp = 0.50000000000000000000
org.apache.commons.lang.time.DurationFormatUtils:formatPeriod:(JJLjava/lang/String;ZLjava/util/TimeZone;)Ljava/lang/String;#360#563 prob_bp = 0.50000000000000000000
org.apache.commons.lang.time.DurationFormatUtils:formatPeriod:(JJLjava/lang/String;)Ljava/lang/String;#247#2 prob_bp = 0.50000000000000010000
org.apache.commons.lang.time.DurationFormatUtils:formatPeriod:(JJLjava/lang/String;ZLjava/util/TimeZone;)Ljava/lang/String;#265#0 prob_bp = 0.50000000000000010000
org.apache.commons.lang.time.DurationFormatUtils:formatPeriod:(JJLjava/lang/String;ZLjava/util/TimeZone;)Ljava/lang/String;#266#5 prob_bp = 0.50000000000000010000
org.apache.commons.lang.time.DurationFormatUtils:formatPeriod:(JJLjava/lang/String;ZLjava/util/TimeZone;)Ljava/lang/String;#266#10 prob_bp = 0.50000000000000010000
org.apache.commons.lang.time.DurationFormatUtils:formatPeriod:(JJLjava/lang/String;ZLjava/util/TimeZone;)Ljava/lang/String;#270#26 prob_bp = 0.50000000000000010000
org.apache.commons.lang.time.DurationFormatUtils:lexx:(Ljava/lang/String;)[Lorg/apache/commons/lang/time/DurationFormatUtils$Token;#460#0 prob_bp = 0.50000000000000010000
org.apache.commons.lang.time.DurationFormatUtils:lexx:(Ljava/lang/String;)[Lorg/apache/commons/lang/time/DurationFormatUtils$Token;#465#21 prob_bp = 0.50000000000000010000
org.apache.commons.lang.time.DurationFormatUtils:lexx:(Ljava/lang/String;)[Lorg/apache/commons/lang/time/DurationFormatUtils$Token;#466#23 prob_bp = 0.50000000000000010000
org.apache.commons.lang.time.DurationFormatUtils:lexx:(Ljava/lang/String;)[Lorg/apache/commons/lang/time/DurationFormatUtils$Token;#487#192 prob_bp = 0.50000000000000010000
org.apache.commons.lang.time.DurationFormatUtils$Token:increment:()V#566#2 prob_bp = 0.50000000000000010000
org.apache.commons.lang.time.DurationFormatUtils$Token:increment:()V#566#5 prob_bp = 0.50000000000000010000
org.apache.commons.lang.time.DurationFormatUtils$Token:increment:()V#566#6 prob_bp = 0.50000000000000010000
org.apache.commons.lang.time.DurationFormatUtils:lexx:(Ljava/lang/String;)[Lorg/apache/commons/lang/time/DurationFormatUtils$Token;#512#335 prob_bp = 0.50000000000000010000
org.apache.commons.lang.time.DurationFormatUtils:formatPeriod:(JJLjava/lang/String;ZLjava/util/TimeZone;)Ljava/lang/String;#274#33 prob_bp = 0.50000000000000010000
org.apache.commons.lang.time.DurationFormatUtils:formatPeriod:(JJLjava/lang/String;ZLjava/util/TimeZone;)Ljava/lang/String;#276#51 prob_bp = 0.50000000000000010000
org.apache.commons.lang.time.DurationFormatUtils:formatPeriod:(JJLjava/lang/String;ZLjava/util/TimeZone;)Ljava/lang/String;#280#71 prob_bp = 0.50000000000000010000
org.apache.commons.lang.time.DurationFormatUtils:formatPeriod:(JJLjava/lang/String;ZLjava/util/TimeZone;)Ljava/lang/String;#280#78 prob_bp = 0.50000000000000010000
org.apache.commons.lang.time.DurationFormatUtils:formatPeriod:(JJLjava/lang/String;ZLjava/util/TimeZone;)Ljava/lang/String;#280#86 prob_bp = 0.50000000000000010000
org.apache.commons.lang.time.DurationFormatUtils:formatPeriod:(JJLjava/lang/String;ZLjava/util/TimeZone;)Ljava/lang/String;#281#88 prob_bp = 0.50000000000000010000
org.apache.commons.lang.time.DurationFormatUtils:formatPeriod:(JJLjava/lang/String;ZLjava/util/TimeZone;)Ljava/lang/String;#281#92 prob_bp = 0.50000000000000010000
org.apache.commons.lang.time.DurationFormatUtils:formatPeriod:(JJLjava/lang/String;ZLjava/util/TimeZone;)Ljava/lang/String;#281#95 prob_bp = 0.50000000000000010000
org.apache.commons.lang.time.DurationFormatUtils:formatPeriod:(JJLjava/lang/String;ZLjava/util/TimeZone;)Ljava/lang/String;#281#99 prob_bp = 0.50000000000000010000
org.apache.commons.lang.time.DurationFormatUtils:formatPeriod:(JJLjava/lang/String;ZLjava/util/TimeZone;)Ljava/lang/String;#281#102 prob_bp = 0.50000000000000010000
org.apache.commons.lang.time.DurationFormatUtils:formatPeriod:(JJLjava/lang/String;ZLjava/util/TimeZone;)Ljava/lang/String;#282#105 prob_bp = 0.50000000000000010000
org.apache.commons.lang.time.DurationFormatUtils:formatPeriod:(JJLjava/lang/String;ZLjava/util/TimeZone;)Ljava/lang/String;#282#107 prob_bp = 0.50000000000000010000
org.apache.commons.lang.time.DurationFormatUtils:formatPeriod:(JJLjava/lang/String;ZLjava/util/TimeZone;)Ljava/lang/String;#282#112 prob_bp = 0.50000000000000010000
org.apache.commons.lang.time.DurationFormatUtils:formatPeriod:(JJLjava/lang/String;ZLjava/util/TimeZone;)Ljava/lang/String;#283#122 prob_bp = 0.50000000000000010000
org.apache.commons.lang.time.DurationFormatUtils:formatPeriod:(JJLjava/lang/String;ZLjava/util/TimeZone;)Ljava/lang/String;#283#129 prob_bp = 0.50000000000000010000
org.apache.commons.lang.time.DurationFormatUtils:formatPeriod:(JJLjava/lang/String;ZLjava/util/TimeZone;)Ljava/lang/String;#283#136 prob_bp = 0.50000000000000010000
org.apache.commons.lang.time.DurationFormatUtils:formatPeriod:(JJLjava/lang/String;ZLjava/util/TimeZone;)Ljava/lang/String;#284#139 prob_bp = 0.50000000000000010000
org.apache.commons.lang.time.DurationFormatUtils:formatPeriod:(JJLjava/lang/String;ZLjava/util/TimeZone;)Ljava/lang/String;#284#145 prob_bp = 0.50000000000000010000
org.apache.commons.lang.time.DurationFormatUtils:formatPeriod:(JJLjava/lang/String;ZLjava/util/TimeZone;)Ljava/lang/String;#284#152 prob_bp = 0.50000000000000010000
org.apache.commons.lang.time.DurationFormatUtils:formatPeriod:(JJLjava/lang/String;ZLjava/util/TimeZone;)Ljava/lang/String;#285#154 prob_bp = 0.50000000000000010000
org.apache.commons.lang.time.DurationFormatUtils:formatPeriod:(JJLjava/lang/String;ZLjava/util/TimeZone;)Ljava/lang/String;#285#160 prob_bp = 0.50000000000000010000
org.apache.commons.lang.time.DurationFormatUtils:formatPeriod:(JJLjava/lang/String;ZLjava/util/TimeZone;)Ljava/lang/String;#285#167 prob_bp = 0.50000000000000010000
org.apache.commons.lang.time.DurationFormatUtils:formatPeriod:(JJLjava/lang/String;ZLjava/util/TimeZone;)Ljava/lang/String;#286#169 prob_bp = 0.50000000000000010000
org.apache.commons.lang.time.DurationFormatUtils:formatPeriod:(JJLjava/lang/String;ZLjava/util/TimeZone;)Ljava/lang/String;#286#175 prob_bp = 0.50000000000000010000
org.apache.commons.lang.time.DurationFormatUtils:formatPeriod:(JJLjava/lang/String;ZLjava/util/TimeZone;)Ljava/lang/String;#289#184 prob_bp = 0.50000000000000010000
org.apache.commons.lang.time.DurationFormatUtils:formatPeriod:(JJLjava/lang/String;ZLjava/util/TimeZone;)Ljava/lang/String;#293#201 prob_bp = 0.50000000000000010000
org.apache.commons.lang.time.DurationFormatUtils:formatPeriod:(JJLjava/lang/String;ZLjava/util/TimeZone;)Ljava/lang/String;#293#203 prob_bp = 0.50000000000000010000
org.apache.commons.lang.time.DurationFormatUtils:formatPeriod:(JJLjava/lang/String;ZLjava/util/TimeZone;)Ljava/lang/String;#297#215 prob_bp = 0.50000000000000010000
org.apache.commons.lang.time.DurationFormatUtils:formatPeriod:(JJLjava/lang/String;ZLjava/util/TimeZone;)Ljava/lang/String;#297#217 prob_bp = 0.50000000000000010000
org.apache.commons.lang.time.DurationFormatUtils:formatPeriod:(JJLjava/lang/String;ZLjava/util/TimeZone;)Ljava/lang/String;#305#243 prob_bp = 0.50000000000000010000
org.apache.commons.lang.time.DurationFormatUtils:formatPeriod:(JJLjava/lang/String;ZLjava/util/TimeZone;)Ljava/lang/String;#305#245 prob_bp = 0.50000000000000010000
org.apache.commons.lang.time.DurationFormatUtils:formatPeriod:(JJLjava/lang/String;ZLjava/util/TimeZone;)Ljava/lang/String;#314#257 prob_bp = 0.50000000000000010000
org.apache.commons.lang.time.DurationFormatUtils:formatPeriod:(JJLjava/lang/String;ZLjava/util/TimeZone;)Ljava/lang/String;#318#273 prob_bp = 0.50000000000000010000
org.apache.commons.lang.time.DurationFormatUtils:formatPeriod:(JJLjava/lang/String;ZLjava/util/TimeZone;)Ljava/lang/String;#318#275 prob_bp = 0.50000000000000010000
org.apache.commons.lang.time.DurationFormatUtils:reduceAndCorrect:(Ljava/util/Calendar;Ljava/util/Calendar;II)I#435#16 prob_bp = 0.50000000000000010000
org.apache.commons.lang.time.DurationFormatUtils:formatPeriod:(JJLjava/lang/String;ZLjava/util/TimeZone;)Ljava/lang/String;#319#293 prob_bp = 0.50000000000000010000
org.apache.commons.lang.time.DurationFormatUtils:formatPeriod:(JJLjava/lang/String;ZLjava/util/TimeZone;)Ljava/lang/String;#321#321 prob_bp = 0.50000000000000010000
org.apache.commons.lang.time.DurationFormatUtils:formatPeriod:(JJLjava/lang/String;ZLjava/util/TimeZone;)Ljava/lang/String;#321#323 prob_bp = 0.50000000000000010000
org.apache.commons.lang.time.DurationFormatUtils:formatPeriod:(JJLjava/lang/String;ZLjava/util/TimeZone;)Ljava/lang/String;#321#329 prob_bp = 0.50000000000000010000
org.apache.commons.lang.time.DurationFormatUtils:formatPeriod:(JJLjava/lang/String;ZLjava/util/TimeZone;)Ljava/lang/String;#322#344 prob_bp = 0.50000000000000010000
org.apache.commons.lang.time.DurationFormatUtils:reduceAndCorrect:(Ljava/util/Calendar;Ljava/util/Calendar;II)I#437#33 prob_bp = 0.50000000000000010000
org.apache.commons.lang.time.DurationFormatUtils:formatPeriod:(JJLjava/lang/String;ZLjava/util/TimeZone;)Ljava/lang/String;#323#359 prob_bp = 0.50000000000000010000
org.apache.commons.lang.time.DurationFormatUtils:formatPeriod:(JJLjava/lang/String;ZLjava/util/TimeZone;)Ljava/lang/String;#329#382 prob_bp = 0.50000000000000010000
org.apache.commons.lang.time.DurationFormatUtils:formatPeriod:(JJLjava/lang/String;ZLjava/util/TimeZone;)Ljava/lang/String;#329#385 prob_bp = 0.50000000000000010000
org.apache.commons.lang.time.DurationFormatUtils:formatPeriod:(JJLjava/lang/String;ZLjava/util/TimeZone;)Ljava/lang/String;#343#471 prob_bp = 0.50000000000000010000
org.apache.commons.lang.time.DurationFormatUtils:formatPeriod:(JJLjava/lang/String;ZLjava/util/TimeZone;)Ljava/lang/String;#351#514 prob_bp = 0.50000000000000010000
org.apache.commons.lang.time.DurationFormatUtils:format:([Lorg/apache/commons/lang/time/DurationFormatUtils$Token;IIIIIIIZ)Ljava/lang/String;#384#27 prob_bp = 0.50000000000000010000
org.apache.commons.lang.time.DurationFormatUtils:formatPeriod:(JJLjava/lang/String;)Ljava/lang/String;#247#0 prob_bp = 0.50000000000000020000
org.apache.commons.lang.time.DurationFormatUtils:formatPeriod:(JJLjava/lang/String;)Ljava/lang/String;#247#1 prob_bp = 0.50000000000000020000
org.apache.commons.lang.time.DurationFormatUtils:lexx:(Ljava/lang/String;)[Lorg/apache/commons/lang/time/DurationFormatUtils$Token;#466#24 prob_bp = 0.50000000000000020000
org.apache.commons.lang.time.DurationFormatUtils:lexx:(Ljava/lang/String;)[Lorg/apache/commons/lang/time/DurationFormatUtils$Token;#502#291 prob_bp = 0.50000000000000020000
org.apache.commons.lang.time.DurationFormatUtils:formatPeriod:(JJLjava/lang/String;ZLjava/util/TimeZone;)Ljava/lang/String;#274#31 prob_bp = 0.50000000000000020000
org.apache.commons.lang.time.DurationFormatUtils:formatPeriod:(JJLjava/lang/String;ZLjava/util/TimeZone;)Ljava/lang/String;#274#36 prob_bp = 0.50000000000000020000
org.apache.commons.lang.time.DurationFormatUtils:formatPeriod:(JJLjava/lang/String;ZLjava/util/TimeZone;)Ljava/lang/String;#275#38 prob_bp = 0.50000000000000020000
org.apache.commons.lang.time.DurationFormatUtils:formatPeriod:(JJLjava/lang/String;ZLjava/util/TimeZone;)Ljava/lang/String;#277#58 prob_bp = 0.50000000000000020000
org.apache.commons.lang.time.DurationFormatUtils:formatPeriod:(JJLjava/lang/String;ZLjava/util/TimeZone;)Ljava/lang/String;#283#126 prob_bp = 0.50000000000000020000
org.apache.commons.lang.time.DurationFormatUtils:formatPeriod:(JJLjava/lang/String;ZLjava/util/TimeZone;)Ljava/lang/String;#283#133 prob_bp = 0.50000000000000020000
org.apache.commons.lang.time.DurationFormatUtils:reduceAndCorrect:(Ljava/util/Calendar;Ljava/util/Calendar;II)I#433#2 prob_bp = 0.50000000000000020000
org.apache.commons.lang.time.DurationFormatUtils:reduceAndCorrect:(Ljava/util/Calendar;Ljava/util/Calendar;II)I#435#17 prob_bp = 0.50000000000000020000
org.apache.commons.lang.time.DurationFormatUtils:reduceAndCorrect:(Ljava/util/Calendar;Ljava/util/Calendar;II)I#436#22 prob_bp = 0.50000000000000020000
org.apache.commons.lang.time.DurationFormatUtils:formatPeriod:(JJLjava/lang/String;ZLjava/util/TimeZone;)Ljava/lang/String;#324#371 prob_bp = 0.50000000000000020000
org.apache.commons.lang.time.DurationFormatUtils:formatPeriod:(JJLjava/lang/String;ZLjava/util/TimeZone;)Ljava/lang/String;#330#393 prob_bp = 0.50000000000000020000
org.apache.commons.lang.time.DurationFormatUtils:formatPeriod:(JJLjava/lang/String;)Ljava/lang/String;#247#5 prob_bp = 0.50000000000000030000
org.apache.commons.lang.time.DurationFormatUtils:formatPeriod:(JJLjava/lang/String;ZLjava/util/TimeZone;)Ljava/lang/String;#266#7 prob_bp = 0.50000000000000030000
org.apache.commons.lang.time.DurationFormatUtils:lexx:(Ljava/lang/String;)[Lorg/apache/commons/lang/time/DurationFormatUtils$Token;#502#283#unexe#5 prob_bp = 0.50000000000000030000
org.apache.commons.lang.time.DurationFormatUtils:lexx:(Ljava/lang/String;)[Lorg/apache/commons/lang/time/DurationFormatUtils$Token;#502#293 prob_bp = 0.50000000000000030000
org.apache.commons.lang.time.DurationFormatUtils:lexx:(Ljava/lang/String;)[Lorg/apache/commons/lang/time/DurationFormatUtils$Token;#503#298 prob_bp = 0.50000000000000030000
org.apache.commons.lang.time.DurationFormatUtils$Token:increment:()V#566#0 prob_bp = 0.50000000000000030000
org.apache.commons.lang.time.DurationFormatUtils$Token:increment:()V#566#1 prob_bp = 0.50000000000000030000
org.apache.commons.lang.time.DurationFormatUtils:lexx:(Ljava/lang/String;)[Lorg/apache/commons/lang/time/DurationFormatUtils$Token;#512#337 prob_bp = 0.50000000000000030000
org.apache.commons.lang.time.DurationFormatUtils:formatPeriod:(JJLjava/lang/String;ZLjava/util/TimeZone;)Ljava/lang/String;#281#103 prob_bp = 0.50000000000000030000
org.apache.commons.lang.time.DurationFormatUtils:formatPeriod:(JJLjava/lang/String;ZLjava/util/TimeZone;)Ljava/lang/String;#282#114 prob_bp = 0.50000000000000030000
org.apache.commons.lang.time.DurationFormatUtils:formatPeriod:(JJLjava/lang/String;ZLjava/util/TimeZone;)Ljava/lang/String;#318#277 prob_bp = 0.50000000000000030000
org.apache.commons.lang.time.DurationFormatUtils:reduceAndCorrect:(Ljava/util/Calendar;Ljava/util/Calendar;II)I#433#1 prob_bp = 0.50000000000000030000
org.apache.commons.lang.time.DurationFormatUtils:reduceAndCorrect:(Ljava/util/Calendar;Ljava/util/Calendar;II)I#434#9 prob_bp = 0.50000000000000030000
org.apache.commons.lang.time.DurationFormatUtils:formatPeriod:(JJLjava/lang/String;ZLjava/util/TimeZone;)Ljava/lang/String;#322#341 prob_bp = 0.50000000000000030000
org.apache.commons.lang.time.DurationFormatUtils:formatPeriod:(JJLjava/lang/String;ZLjava/util/TimeZone;)Ljava/lang/String;#339#437 prob_bp = 0.50000000000000030000
org.apache.commons.lang.time.DurationFormatUtils:lexx:(Ljava/lang/String;)[Lorg/apache/commons/lang/time/DurationFormatUtils$Token;#460#1 prob_bp = 0.50000000000000040000
org.apache.commons.lang.time.DurationFormatUtils:lexx:(Ljava/lang/String;)[Lorg/apache/commons/lang/time/DurationFormatUtils$Token;#463#16 prob_bp = 0.50000000000000040000
org.apache.commons.lang.time.DurationFormatUtils:lexx:(Ljava/lang/String;)[Lorg/apache/commons/lang/time/DurationFormatUtils$Token;#466#25 prob_bp = 0.50000000000000040000
org.apache.commons.lang.time.DurationFormatUtils:formatPeriod:(JJLjava/lang/String;ZLjava/util/TimeZone;)Ljava/lang/String;#276#56 prob_bp = 0.50000000000000040000
org.apache.commons.lang.time.DurationFormatUtils:formatPeriod:(JJLjava/lang/String;ZLjava/util/TimeZone;)Ljava/lang/String;#284#148 prob_bp = 0.50000000000000040000
org.apache.commons.lang.time.DurationFormatUtils:reduceAndCorrect:(Ljava/util/Calendar;Ljava/util/Calendar;II)I#441#47 prob_bp = 0.50000000000000040000
org.apache.commons.lang.time.DurationFormatUtils:formatPeriod:(JJLjava/lang/String;ZLjava/util/TimeZone;)Ljava/lang/String;#323#356 prob_bp = 0.50000000000000040000
org.apache.commons.lang.time.DurationFormatUtils:formatPeriod:(JJLjava/lang/String;ZLjava/util/TimeZone;)Ljava/lang/String;#324#374 prob_bp = 0.50000000000000040000
org.apache.commons.lang.time.DurationFormatUtils:lexx:(Ljava/lang/String;)[Lorg/apache/commons/lang/time/DurationFormatUtils$Token;#460#4 prob_bp = 0.50000000000000060000
org.apache.commons.lang.time.DurationFormatUtils:lexx:(Ljava/lang/String;)[Lorg/apache/commons/lang/time/DurationFormatUtils$Token;#503#296 prob_bp = 0.50000000000000060000
org.apache.commons.lang.time.DurationFormatUtils:formatPeriod:(JJLjava/lang/String;ZLjava/util/TimeZone;)Ljava/lang/String;#285#157 prob_bp = 0.50000000000000060000
org.apache.commons.lang.time.DurationFormatUtils:formatPeriod:(JJLjava/lang/String;ZLjava/util/TimeZone;)Ljava/lang/String;#285#163 prob_bp = 0.50000000000000060000
org.apache.commons.lang.time.DurationFormatUtils:formatPeriod:(JJLjava/lang/String;ZLjava/util/TimeZone;)Ljava/lang/String;#318#281 prob_bp = 0.50000000000000060000
org.apache.commons.lang.time.DurationFormatUtils:reduceAndCorrect:(Ljava/util/Calendar;Ljava/util/Calendar;II)I#433#4 prob_bp = 0.50000000000000060000
org.apache.commons.lang.time.DurationFormatUtils:format:([Lorg/apache/commons/lang/time/DurationFormatUtils$Token;IIIIIIIZ)Ljava/lang/String;#384#26 prob_bp = 0.50000000000000060000
org.apache.commons.lang.time.DurationFormatUtils:lexx:(Ljava/lang/String;)[Lorg/apache/commons/lang/time/DurationFormatUtils$Token;#467#28 prob_bp = 0.50000000000000070000
org.apache.commons.lang.time.DurationFormatUtils:lexx:(Ljava/lang/String;)[Lorg/apache/commons/lang/time/DurationFormatUtils$Token;#512#336 prob_bp = 0.50000000000000070000
org.apache.commons.lang.time.DurationFormatUtils:formatPeriod:(JJLjava/lang/String;ZLjava/util/TimeZone;)Ljava/lang/String;#275#40 prob_bp = 0.50000000000000070000
org.apache.commons.lang.time.DurationFormatUtils:formatPeriod:(JJLjava/lang/String;ZLjava/util/TimeZone;)Ljava/lang/String;#277#60 prob_bp = 0.50000000000000070000
org.apache.commons.lang.time.DurationFormatUtils:lexx:(Ljava/lang/String;)[Lorg/apache/commons/lang/time/DurationFormatUtils$Token;#512#340 prob_bp = 0.50000000000000080000
org.apache.commons.lang.time.DurationFormatUtils:formatPeriod:(JJLjava/lang/String;ZLjava/util/TimeZone;)Ljava/lang/String;#281#90 prob_bp = 0.50000000000000080000
org.apache.commons.lang.time.DurationFormatUtils:formatPeriod:(JJLjava/lang/String;ZLjava/util/TimeZone;)Ljava/lang/String;#281#97 prob_bp = 0.50000000000000080000
org.apache.commons.lang.time.DurationFormatUtils:formatPeriod:(JJLjava/lang/String;ZLjava/util/TimeZone;)Ljava/lang/String;#284#142 prob_bp = 0.50000000000000080000
org.apache.commons.lang.time.DurationFormatUtils:formatPeriod:(JJLjava/lang/String;ZLjava/util/TimeZone;)Ljava/lang/String;#286#178 prob_bp = 0.50000000000000080000
org.apache.commons.lang.time.DurationFormatUtils:reduceAndCorrect:(Ljava/util/Calendar;Ljava/util/Calendar;II)I#441#46 prob_bp = 0.50000000000000080000
org.apache.commons.lang.time.DurationFormatUtils:formatPeriod:(JJLjava/lang/String;ZLjava/util/TimeZone;)Ljava/lang/String;#321#327 prob_bp = 0.50000000000000080000
org.apache.commons.lang.time.DurationFormatUtils:format:([Lorg/apache/commons/lang/time/DurationFormatUtils$Token;IIIIIIIZ)Ljava/lang/String;#382#12 prob_bp = 0.50000000000000080000
org.apache.commons.lang.time.DurationFormatUtils:formatPeriod:(JJLjava/lang/String;ZLjava/util/TimeZone;)Ljava/lang/String;#280#75 prob_bp = 0.50000000000000090000
org.apache.commons.lang.time.DurationFormatUtils:formatPeriod:(JJLjava/lang/String;ZLjava/util/TimeZone;)Ljava/lang/String;#280#82 prob_bp = 0.50000000000000090000
org.apache.commons.lang.time.DurationFormatUtils:reduceAndCorrect:(Ljava/util/Calendar;Ljava/util/Calendar;II)I#434#8 prob_bp = 0.50000000000000090000
org.apache.commons.lang.time.DurationFormatUtils:reduceAndCorrect:(Ljava/util/Calendar;Ljava/util/Calendar;II)I#435#15 prob_bp = 0.50000000000000090000
org.apache.commons.lang.time.DurationFormatUtils$Token:containsTokenWithValue:([Lorg/apache/commons/lang/time/DurationFormatUtils$Token;Ljava/lang/Object;)Z#534#29 prob_bp = 0.50000000000000090000
org.apache.commons.lang.time.DurationFormatUtils:lexx:(Ljava/lang/String;)[Lorg/apache/commons/lang/time/DurationFormatUtils$Token;#463#15 prob_bp = 0.50000000000000100000
org.apache.commons.lang.time.DurationFormatUtils:formatPeriod:(JJLjava/lang/String;ZLjava/util/TimeZone;)Ljava/lang/String;#286#172 prob_bp = 0.50000000000000100000
org.apache.commons.lang.time.DurationFormatUtils:reduceAndCorrect:(Ljava/util/Calendar;Ljava/util/Calendar;II)I#433#0 prob_bp = 0.50000000000000100000
org.apache.commons.lang.time.DurationFormatUtils$Token:containsTokenWithValue:([Lorg/apache/commons/lang/time/DurationFormatUtils$Token;Ljava/lang/Object;)Z#534#28 prob_bp = 0.50000000000000100000
org.apache.commons.lang.time.DurationFormatUtils:lexx:(Ljava/lang/String;)[Lorg/apache/commons/lang/time/DurationFormatUtils$Token;#465#20 prob_bp = 0.50000000000000110000
org.apache.commons.lang.time.DurationFormatUtils:lexx:(Ljava/lang/String;)[Lorg/apache/commons/lang/time/DurationFormatUtils$Token;#469#43 prob_bp = 0.50000000000000120000
org.apache.commons.lang.time.DurationFormatUtils:lexx:(Ljava/lang/String;)[Lorg/apache/commons/lang/time/DurationFormatUtils$Token;#502#283 prob_bp = 0.50000000000000120000
org.apache.commons.lang.time.DurationFormatUtils:format:([Lorg/apache/commons/lang/time/DurationFormatUtils$Token;IIIIIIIZ)Ljava/lang/String;#385#32 prob_bp = 0.50000000000000120000
org.apache.commons.lang.time.DurationFormatUtils:lexx:(Ljava/lang/String;)[Lorg/apache/commons/lang/time/DurationFormatUtils$Token;#474#70#unexe#3 prob_bp = 0.50000000000000130000
org.apache.commons.lang.time.DurationFormatUtils:lexx:(Ljava/lang/String;)[Lorg/apache/commons/lang/time/DurationFormatUtils$Token;#468#40 prob_bp = 0.50000000000000140000
org.apache.commons.lang.time.DurationFormatUtils:lexx:(Ljava/lang/String;)[Lorg/apache/commons/lang/time/DurationFormatUtils$Token;#467#27 prob_bp = 0.50000000000000170000
org.apache.commons.lang.time.DurationFormatUtils:lexx:(Ljava/lang/String;)[Lorg/apache/commons/lang/time/DurationFormatUtils$Token;#474#68 prob_bp = 0.50000000000000170000
org.apache.commons.lang.time.DurationFormatUtils:lexx:(Ljava/lang/String;)[Lorg/apache/commons/lang/time/DurationFormatUtils$Token;#501#278 prob_bp = 0.50000000000000170000
org.apache.commons.lang.time.DurationFormatUtils$Token:increment:()V#566#7 prob_bp = 0.50000000000000170000
org.apache.commons.lang.time.DurationFormatUtils:lexx:(Ljava/lang/String;)[Lorg/apache/commons/lang/time/DurationFormatUtils$Token;#467#32 prob_bp = 0.50000000000000180000
org.apache.commons.lang.time.DurationFormatUtils:reduceAndCorrect:(Ljava/util/Calendar;Ljava/util/Calendar;II)I#435#20 prob_bp = 0.50000000000000180000
org.apache.commons.lang.time.DurationFormatUtils:lexx:(Ljava/lang/String;)[Lorg/apache/commons/lang/time/DurationFormatUtils$Token;#468#37 prob_bp = 0.50000000000000190000
org.apache.commons.lang.time.DurationFormatUtils:lexx:(Ljava/lang/String;)[Lorg/apache/commons/lang/time/DurationFormatUtils$Token;#469#44#unexe#5 prob_bp = 0.50000000000000190000
org.apache.commons.lang.time.DurationFormatUtils:formatPeriod:(JJLjava/lang/String;ZLjava/util/TimeZone;)Ljava/lang/String;#319#297 prob_bp = 0.50000000000000190000
org.apache.commons.lang.time.DurationFormatUtils:format:([Lorg/apache/commons/lang/time/DurationFormatUtils$Token;IIIIIIIZ)Ljava/lang/String;#382#13 prob_bp = 0.50000000000000190000
org.apache.commons.lang.time.DurationFormatUtils:format:([Lorg/apache/commons/lang/time/DurationFormatUtils$Token;IIIIIIIZ)Ljava/lang/String;#384#29 prob_bp = 0.50000000000000190000
org.apache.commons.lang.time.DurationFormatUtils:reduceAndCorrect:(Ljava/util/Calendar;Ljava/util/Calendar;II)I#433#5 prob_bp = 0.50000000000000220000
org.apache.commons.lang.time.DurationFormatUtils:lexx:(Ljava/lang/String;)[Lorg/apache/commons/lang/time/DurationFormatUtils$Token;#474#70 prob_bp = 0.50000000000000260000
org.apache.commons.lang.time.DurationFormatUtils:format:([Lorg/apache/commons/lang/time/DurationFormatUtils$Token;IIIIIIIZ)Ljava/lang/String;#385#34 prob_bp = 0.50000000000000280000
org.apache.commons.lang.time.DurationFormatUtils:lexx:(Ljava/lang/String;)[Lorg/apache/commons/lang/time/DurationFormatUtils$Token;#469#44#unexe#3 prob_bp = 0.50000000000000300000
org.apache.commons.lang.time.DurationFormatUtils:lexx:(Ljava/lang/String;)[Lorg/apache/commons/lang/time/DurationFormatUtils$Token;#505#310 prob_bp = 0.50000000000000310000
org.apache.commons.lang.time.DurationFormatUtils:reduceAndCorrect:(Ljava/util/Calendar;Ljava/util/Calendar;II)I#436#26 prob_bp = 0.50000000000000320000
org.apache.commons.lang.time.DurationFormatUtils:lexx:(Ljava/lang/String;)[Lorg/apache/commons/lang/time/DurationFormatUtils$Token;#502#281 prob_bp = 0.50000000000000380000
org.apache.commons.lang.time.DurationFormatUtils:format:([Lorg/apache/commons/lang/time/DurationFormatUtils$Token;IIIIIIIZ)Ljava/lang/String;#383#17 prob_bp = 0.50000000000000390000
org.apache.commons.lang.time.DurationFormatUtils:lexx:(Ljava/lang/String;)[Lorg/apache/commons/lang/time/DurationFormatUtils$Token;#502#288 prob_bp = 0.50000000000000400000
org.apache.commons.lang.time.DurationFormatUtils:lexx:(Ljava/lang/String;)[Lorg/apache/commons/lang/time/DurationFormatUtils$Token;#501#276 prob_bp = 0.50000000000000410000
org.apache.commons.lang.time.DurationFormatUtils:lexx:(Ljava/lang/String;)[Lorg/apache/commons/lang/time/DurationFormatUtils$Token;#468#38 prob_bp = 0.50000000000000430000
org.apache.commons.lang.time.DurationFormatUtils:format:([Lorg/apache/commons/lang/time/DurationFormatUtils$Token;IIIIIIIZ)Ljava/lang/String;#384#30 prob_bp = 0.50000000000000430000
org.apache.commons.lang.time.DurationFormatUtils:lexx:(Ljava/lang/String;)[Lorg/apache/commons/lang/time/DurationFormatUtils$Token;#467#329 prob_bp = 0.50000000000000460000
org.apache.commons.lang.time.DurationFormatUtils:lexx:(Ljava/lang/String;)[Lorg/apache/commons/lang/time/DurationFormatUtils$Token;#474#70#unexe#9 prob_bp = 0.50000000000000470000
org.apache.commons.lang.time.DurationFormatUtils:lexx:(Ljava/lang/String;)[Lorg/apache/commons/lang/time/DurationFormatUtils$Token;#505#307 prob_bp = 0.50000000000000480000
org.apache.commons.lang.time.DurationFormatUtils:format:([Lorg/apache/commons/lang/time/DurationFormatUtils$Token;IIIIIIIZ)Ljava/lang/String;#383#16 prob_bp = 0.50000000000000480000
org.apache.commons.lang.time.DurationFormatUtils$Token:<init>:(Ljava/lang/Object;)V#545#0 prob_bp = 0.50000000000000580000
org.apache.commons.lang.time.DurationFormatUtils:format:([Lorg/apache/commons/lang/time/DurationFormatUtils$Token;IIIIIIIZ)Ljava/lang/String;#382#14 prob_bp = 0.50000000000000630000
org.apache.commons.lang.time.DurationFormatUtils:lexx:(Ljava/lang/String;)[Lorg/apache/commons/lang/time/DurationFormatUtils$Token;#467#34 prob_bp = 0.50000000000000700000
org.apache.commons.lang.time.DurationFormatUtils:format:([Lorg/apache/commons/lang/time/DurationFormatUtils$Token;IIIIIIIZ)Ljava/lang/String;#386#39 prob_bp = 0.50000000000000940000
org.apache.commons.lang.time.DurationFormatUtils:formatPeriod:(JJLjava/lang/String;ZLjava/util/TimeZone;)Ljava/lang/String;#347#492 prob_bp = 0.50000000000000970000
org.apache.commons.lang.time.DurationFormatUtils:formatPeriod:(JJLjava/lang/String;ZLjava/util/TimeZone;)Ljava/lang/String;#347#495 prob_bp = 0.50000000000001010000
org.apache.commons.lang.time.DurationFormatUtils$Token:<init>:(Ljava/lang/Object;)V#545#1 prob_bp = 0.50000000000001070000
org.apache.commons.lang.time.DurationFormatUtils:<clinit>:()V#448#17 prob_bp = 0.50000000000001250000
org.apache.commons.lang.time.DurationFormatUtils:lexx:(Ljava/lang/String;)[Lorg/apache/commons/lang/time/DurationFormatUtils$Token;#512#343 prob_bp = 0.50000000000002140000
org.apache.commons.lang.time.DurationFormatUtils:format:([Lorg/apache/commons/lang/time/DurationFormatUtils$Token;IIIIIIIZ)Ljava/lang/String;#383#21 prob_bp = 0.50000000000002260000
org.apache.commons.lang.time.DurationFormatUtils:format:([Lorg/apache/commons/lang/time/DurationFormatUtils$Token;IIIIIIIZ)Ljava/lang/String;#383#19 prob_bp = 0.50000000000002500000
org.apache.commons.lang.time.DurationFormatUtils:lexx:(Ljava/lang/String;)[Lorg/apache/commons/lang/time/DurationFormatUtils$Token;#461#5 prob_bp = 0.50000000000002650000
org.apache.commons.lang.time.DurationFormatUtils:lexx:(Ljava/lang/String;)[Lorg/apache/commons/lang/time/DurationFormatUtils$Token;#505#313 prob_bp = 0.50000000000002660000
org.apache.commons.lang.time.DurationFormatUtils:lexx:(Ljava/lang/String;)[Lorg/apache/commons/lang/time/DurationFormatUtils$Token;#461#14 prob_bp = 0.50000000000002690000
org.apache.commons.lang.time.DurationFormatUtils:lexx:(Ljava/lang/String;)[Lorg/apache/commons/lang/time/DurationFormatUtils$Token;#506#316 prob_bp = 0.50000000000002720000
org.apache.commons.lang.time.DurationFormatUtils:lexx:(Ljava/lang/String;)[Lorg/apache/commons/lang/time/DurationFormatUtils$Token;#506#315 prob_bp = 0.50000000000002880000
org.apache.commons.lang.time.DurationFormatUtils:lexx:(Ljava/lang/String;)[Lorg/apache/commons/lang/time/DurationFormatUtils$Token;#505#304 prob_bp = 0.50000000000003430000
org.apache.commons.lang.time.DurationFormatUtils:format:([Lorg/apache/commons/lang/time/DurationFormatUtils$Token;IIIIIIIZ)Ljava/lang/String;#386#41 prob_bp = 0.50000000000003830000
org.apache.commons.lang.time.DurationFormatUtils:lexx:(Ljava/lang/String;)[Lorg/apache/commons/lang/time/DurationFormatUtils$Token;#468#41 prob_bp = 0.50000000000005520000
org.apache.commons.lang.time.DurationFormatUtils:lexx:(Ljava/lang/String;)[Lorg/apache/commons/lang/time/DurationFormatUtils$Token;#506#318 prob_bp = 0.50000000000005740000
org.apache.commons.lang.time.DurationFormatUtils:format:([Lorg/apache/commons/lang/time/DurationFormatUtils$Token;IIIIIIIZ)Ljava/lang/String;#383#23 prob_bp = 0.50000000000008640000
org.apache.commons.lang.time.DurationFormatUtils:lexx:(Ljava/lang/String;)[Lorg/apache/commons/lang/time/DurationFormatUtils$Token;#512#346 prob_bp = 0.50000000000010150000
org.apache.commons.lang.time.DurationFormatUtils:formatPeriod:(JJLjava/lang/String;ZLjava/util/TimeZone;)Ljava/lang/String;#266#11 prob_bp = 0.50000000000014120000
org.apache.commons.lang.time.DurationFormatUtils$Token:getCount:()I#575#0 prob_bp = 0.50000000000016350000
org.apache.commons.lang.time.DurationFormatUtils:format:([Lorg/apache/commons/lang/time/DurationFormatUtils$Token;IIIIIIIZ)Ljava/lang/String;#390#68 prob_bp = 0.50000000000016650000
org.apache.commons.lang.time.DurationFormatUtils:lexx:(Ljava/lang/String;)[Lorg/apache/commons/lang/time/DurationFormatUtils$Token;#512#349 prob_bp = 0.50000000000040130000
org.apache.commons.lang.time.DurationFormatUtils:format:([Lorg/apache/commons/lang/time/DurationFormatUtils$Token;IIIIIIIZ)Ljava/lang/String;#390#70 prob_bp = 0.50000000000060740000
org.apache.commons.lang.time.DurationFormatUtils$Token:getCount:()I#575#1 prob_bp = 0.50000000000065310000
org.apache.commons.lang.time.DurationFormatUtils:format:([Lorg/apache/commons/lang/time/DurationFormatUtils$Token;IIIIIIIZ)Ljava/lang/String;#390#73 prob_bp = 0.50000000000065580000
org.apache.commons.lang.time.DurationFormatUtils$Token:containsTokenWithValue:([Lorg/apache/commons/lang/time/DurationFormatUtils$Token;Ljava/lang/Object;)Z#530#10 prob_bp = 0.50000000000076530000
org.apache.commons.lang.time.DurationFormatUtils:<clinit>:()V#445#2 prob_bp = 0.50000000000085940000
org.apache.commons.lang.time.DurationFormatUtils:formatPeriod:(JJLjava/lang/String;ZLjava/util/TimeZone;)Ljava/lang/String;#270#29 prob_bp = 0.50000000000089600000
org.apache.commons.lang.time.DurationFormatUtils$Token:containsTokenWithValue:([Lorg/apache/commons/lang/time/DurationFormatUtils$Token;Ljava/lang/Object;)Z#530#11 prob_bp = 0.50000000000091670000
org.apache.commons.lang.time.DurationFormatUtils$Token:containsTokenWithValue:([Lorg/apache/commons/lang/time/DurationFormatUtils$Token;Ljava/lang/Object;)Z#530#12 prob_bp = 0.50000000000309790000
org.apache.commons.lang.time.DurationFormatUtils:formatPeriod:(JJLjava/lang/String;ZLjava/util/TimeZone;)Ljava/lang/String;#355#538 prob_bp = 0.50000000000323010000
org.apache.commons.lang.time.DurationFormatUtils:<clinit>:()V#447#12 prob_bp = 0.50000000000684620000
org.apache.commons.lang.time.DurationFormatUtils:format:([Lorg/apache/commons/lang/time/DurationFormatUtils$Token;IIIIIIIZ)Ljava/lang/String;#387#46 prob_bp = 0.50000000002859810000
org.apache.commons.lang.StringUtils:leftPad:(Ljava/lang/String;IC)Ljava/lang/String;#3870#17 prob_bp = 0.50000000003598200000
org.apache.commons.lang.time.DurationFormatUtils$Token:containsTokenWithValue:([Lorg/apache/commons/lang/time/DurationFormatUtils$Token;Ljava/lang/Object;)Z#531#20 prob_bp = 0.50000000005668920000
org.apache.commons.lang.time.DurationFormatUtils:format:([Lorg/apache/commons/lang/time/DurationFormatUtils$Token;IIIIIIIZ)Ljava/lang/String;#395#130 prob_bp = 0.50000000005692460000
org.apache.commons.lang.time.DurationFormatUtils$Token:containsTokenWithValue:([Lorg/apache/commons/lang/time/DurationFormatUtils$Token;Ljava/lang/Object;)Z#531#21 prob_bp = 0.50000000005897670000
org.apache.commons.lang.time.DurationFormatUtils:format:([Lorg/apache/commons/lang/time/DurationFormatUtils$Token;IIIIIIIZ)Ljava/lang/String;#385#37 prob_bp = 0.50000000006143270000
org.apache.commons.lang.time.DurationFormatUtils$Token:containsTokenWithValue:([Lorg/apache/commons/lang/time/DurationFormatUtils$Token;Ljava/lang/Object;)Z#528#0 prob_bp = 0.50000000009210130000
org.apache.commons.lang.StringUtils:leftPad:(Ljava/lang/String;IC)Ljava/lang/String;#3870#18 prob_bp = 0.50000000011414150000
org.apache.commons.lang.time.DurationFormatUtils:format:([Lorg/apache/commons/lang/time/DurationFormatUtils$Token;IIIIIIIZ)Ljava/lang/String;#387#48 prob_bp = 0.50000000011688130000
org.apache.commons.lang.time.DurationFormatUtils:format:([Lorg/apache/commons/lang/time/DurationFormatUtils$Token;IIIIIIIZ)Ljava/lang/String;#394#111 prob_bp = 0.50000000016425490000
org.apache.commons.lang.time.DurationFormatUtils:<clinit>:()V#449#22 prob_bp = 0.50000000018698080000
org.apache.commons.lang.time.DurationFormatUtils:formatPeriod:(JJLjava/lang/String;ZLjava/util/TimeZone;)Ljava/lang/String;#351#516 prob_bp = 0.50000000019074700000
org.apache.commons.lang.time.DurationFormatUtils$Token:getCount:()I#575#4 prob_bp = 0.50000000019805610000
org.apache.commons.lang.time.DurationFormatUtils:formatPeriod:(JJLjava/lang/String;ZLjava/util/TimeZone;)Ljava/lang/String;#351#519 prob_bp = 0.50000000020600730000
org.apache.commons.lang.time.DurationFormatUtils$Token:containsTokenWithValue:([Lorg/apache/commons/lang/time/DurationFormatUtils$Token;Ljava/lang/Object;)Z#528#1 prob_bp = 0.50000000037171060000
org.apache.commons.lang.time.DurationFormatUtils:format:([Lorg/apache/commons/lang/time/DurationFormatUtils$Token;IIIIIIIZ)Ljava/lang/String;#387#51 prob_bp = 0.50000000047354820000
org.apache.commons.lang.time.DurationFormatUtils:<clinit>:()V#446#7 prob_bp = 0.50000000060903920000
org.apache.commons.lang.time.DurationFormatUtils:format:([Lorg/apache/commons/lang/time/DurationFormatUtils$Token;IIIIIIIZ)Ljava/lang/String;#394#113 prob_bp = 0.50000000062134350000
org.apache.commons.lang.time.DurationFormatUtils$Token:containsTokenWithValue:([Lorg/apache/commons/lang/time/DurationFormatUtils$Token;Ljava/lang/Object;)Z#530#13 prob_bp = 0.50000000066526350000
org.apache.commons.lang.time.DurationFormatUtils:format:([Lorg/apache/commons/lang/time/DurationFormatUtils$Token;IIIIIIIZ)Ljava/lang/String;#394#116 prob_bp = 0.50000000067103180000
org.apache.commons.lang.time.DurationFormatUtils:format:([Lorg/apache/commons/lang/time/DurationFormatUtils$Token;IIIIIIIZ)Ljava/lang/String;#386#44 prob_bp = 0.50000000099562640000
org.apache.commons.lang.time.DurationFormatUtils$Token:containsTokenWithValue:([Lorg/apache/commons/lang/time/DurationFormatUtils$Token;Ljava/lang/Object;)Z#528#2 prob_bp = 0.50000000150138420000
org.apache.commons.lang.time.DurationFormatUtils$Token:getValue:()Ljava/lang/Object;#584#0 prob_bp = 0.50000000334046650000
org.apache.commons.lang.time.DurationFormatUtils$Token:containsTokenWithValue:([Lorg/apache/commons/lang/time/DurationFormatUtils$Token;Ljava/lang/Object;)Z#529#3 prob_bp = 0.50000000355433180000
org.apache.commons.lang.time.DurationFormatUtils$Token:containsTokenWithValue:([Lorg/apache/commons/lang/time/DurationFormatUtils$Token;Ljava/lang/Object;)Z#529#4 prob_bp = 0.50000000369789970000
org.apache.commons.lang.time.DurationFormatUtils$Token:containsTokenWithValue:([Lorg/apache/commons/lang/time/DurationFormatUtils$Token;Ljava/lang/Object;)Z#529#22 prob_bp = 0.50000000573472840000
org.apache.commons.lang.time.DurationFormatUtils$Token:containsTokenWithValue:([Lorg/apache/commons/lang/time/DurationFormatUtils$Token;Ljava/lang/Object;)Z#529#6 prob_bp = 0.50000000606545740000
org.apache.commons.lang.time.DurationFormatUtils$Token:containsTokenWithValue:([Lorg/apache/commons/lang/time/DurationFormatUtils$Token;Ljava/lang/Object;)Z#529#5 prob_bp = 0.50000000870422160000
org.apache.commons.lang.time.DurationFormatUtils$Token:getValue:()Ljava/lang/Object;#584#1 prob_bp = 0.50000001414846160000
org.apache.commons.lang.StringUtils:leftPad:(Ljava/lang/String;IC)Ljava/lang/String;#3868#7 prob_bp = 0.50000001849594160000
org.apache.commons.lang.time.DurationFormatUtils$Token:containsTokenWithValue:([Lorg/apache/commons/lang/time/DurationFormatUtils$Token;Ljava/lang/Object;)Z#529#7 prob_bp = 0.50000002450498200000
org.apache.commons.lang.StringUtils:leftPad:(Ljava/lang/String;IC)Ljava/lang/String;#3868#8 prob_bp = 0.50000007246819370000
org.apache.commons.lang.StringUtils:leftPad:(Ljava/lang/String;IC)Ljava/lang/String;#3868#6 prob_bp = 0.50000021845410110000
org.apache.commons.lang.StringUtils:leftPad:(Ljava/lang/String;IC)Ljava/lang/String;#3868#11 prob_bp = 0.50000063713135210000
org.apache.commons.lang.time.DurationFormatUtils:format:([Lorg/apache/commons/lang/time/DurationFormatUtils$Token;IIIIIIIZ)Ljava/lang/String;#395#119 prob_bp = 0.50000150171808080000
org.apache.commons.lang.time.DurationFormatUtils:format:([Lorg/apache/commons/lang/time/DurationFormatUtils$Token;IIIIIIIZ)Ljava/lang/String;#395#144 prob_bp = 0.50000231917466910000
org.apache.commons.lang.time.DurationFormatUtils:<clinit>:()V#450#27 prob_bp = 0.50000376135689030000
org.apache.commons.lang.time.DurationFormatUtils:formatPeriod:(JJLjava/lang/String;ZLjava/util/TimeZone;)Ljava/lang/String;#355#540 prob_bp = 0.50000383713015150000
org.apache.commons.lang.time.DurationFormatUtils:formatPeriod:(JJLjava/lang/String;ZLjava/util/TimeZone;)Ljava/lang/String;#355#543 prob_bp = 0.50000414412125240000
org.apache.commons.lang.time.DurationFormatUtils$Token:getValue:()Ljava/lang/Object;#584#4 prob_bp = 0.50000438060790920000
org.apache.commons.lang.StringUtils:leftPad:(Ljava/lang/String;IC)Ljava/lang/String;#3865#0 prob_bp = 0.50000515027209620000
org.apache.commons.lang.time.DurationFormatUtils$Token:containsTokenWithValue:([Lorg/apache/commons/lang/time/DurationFormatUtils$Token;Ljava/lang/Object;)Z#530#16 prob_bp = 0.50001140645523260000
org.apache.commons.lang.StringUtils:leftPad:(Ljava/lang/String;IC)Ljava/lang/String;#3865#1 prob_bp = 0.50001463592879680000
org.apache.commons.lang.time.DurationFormatUtils$Token:containsTokenWithValue:([Lorg/apache/commons/lang/time/DurationFormatUtils$Token;Ljava/lang/Object;)Z#530#17 prob_bp = 0.50002202091783220000
org.apache.commons.lang.StringUtils:leftPad:(Ljava/lang/String;IC)Ljava/lang/String;#3868#12 prob_bp = 0.50014715924827440000
org.apache.commons.lang.StringUtils:leftPad:(Ljava/lang/String;IC)Ljava/lang/String;#3869#13 prob_bp = 0.50070060307251050000
org.apache.commons.lang.time.DurationFormatUtils:format:([Lorg/apache/commons/lang/time/DurationFormatUtils$Token;IIIIIIIZ)Ljava/lang/String;#380#0 prob_bp = 0.50083702348140930000
org.apache.commons.lang.time.DurationFormatUtils:format:([Lorg/apache/commons/lang/time/DurationFormatUtils$Token;IIIIIIIZ)Ljava/lang/String;#380#7 prob_bp = 0.50086501799086010000
org.apache.commons.lang.time.DurationFormatUtils:format:([Lorg/apache/commons/lang/time/DurationFormatUtils$Token;IIIIIIIZ)Ljava/lang/String;#430#433 prob_bp = 0.50095900603692210000
org.apache.commons.lang.time.DurationFormatUtils:format:([Lorg/apache/commons/lang/time/DurationFormatUtils$Token;IIIIIIIZ)Ljava/lang/String;#430#435 prob_bp = 0.50124236045741310000
org.apache.commons.lang.StringUtils:leftPad:(Ljava/lang/String;IC)Ljava/lang/String;#3869#14 prob_bp = 0.50294058225249840000
org.apache.commons.lang.time.DurationFormatUtils:format:([Lorg/apache/commons/lang/time/DurationFormatUtils$Token;IIIIIIIZ)Ljava/lang/String;#430#438 prob_bp = 0.57673349736689460000
org.apache.commons.lang.time.DurationFormatUtils:formatPeriod:(JJLjava/lang/String;)Ljava/lang/String;#247#11 prob_bp = 0.65018156459056900000
org.apache.commons.lang.time.DurationFormatUtils:formatPeriod:(JJLjava/lang/String;ZLjava/util/TimeZone;)Ljava/lang/String;#360#584 prob_bp = 0.67053258085594620000
org.apache.commons.lang.time.DurationFormatUtilsTest:testJiraLang281:()V#418#0 prob_bp = 1.00000000000000000000
org.apache.commons.lang.time.DurationFormatUtilsTest:testJiraLang281:()V#418#3 prob_bp = 1.00000000000000000000
org.apache.commons.lang.time.DurationFormatUtilsTest:testJiraLang281:()V#419#4 prob_bp = 1.00000000000000000000
org.apache.commons.lang.time.DurationFormatUtilsTest:testJiraLang281:()V#419#5 prob_bp = 1.00000000000000000000
org.apache.commons.lang.time.DurationFormatUtilsTest:testJiraLang281:()V#419#6 prob_bp = 1.00000000000000000000
org.apache.commons.lang.time.DurationFormatUtilsTest:testJiraLang281:()V#419#8 prob_bp = 1.00000000000000000000
org.apache.commons.lang.time.DurationFormatUtilsTest:testJiraLang281:()V#420#11 prob_bp = 1.00000000000000000000
org.apache.commons.lang.time.DurationFormatUtilsTest:testJiraLang281:()V#420#12 prob_bp = 1.00000000000000000000
org.apache.commons.lang.time.DurationFormatUtilsTest:testJiraLang281:()V#420#13 prob_bp = 1.00000000000000000000
org.apache.commons.lang.time.DurationFormatUtilsTest:testJiraLang281:()V#420#15 prob_bp = 1.00000000000000000000
org.apache.commons.lang.time.DurationFormatUtilsTest:testJiraLang281:()V#421#18 prob_bp = 1.00000000000000000000
org.apache.commons.lang.time.DurationFormatUtilsTest:testJiraLang281:()V#421#19 prob_bp = 1.00000000000000000000
org.apache.commons.lang.time.DurationFormatUtilsTest:testJiraLang281:()V#421#20 prob_bp = 1.00000000000000000000
org.apache.commons.lang.time.DurationFormatUtilsTest:testJiraLang281:()V#421#23 prob_bp = 1.00000000000000000000
org.apache.commons.lang.time.DurationFormatUtilsTest:testJiraLang281:()V#422#26 prob_bp = 1.00000000000000000000
org.apache.commons.lang.time.DurationFormatUtilsTest:testJiraLang281:()V#422#27 prob_bp = 1.00000000000000000000
org.apache.commons.lang.time.DurationFormatUtilsTest:testJiraLang281:()V#422#29 prob_bp = 1.00000000000000000000
org.apache.commons.lang.time.DurationFormatUtilsTest:testJiraLang281:()V#422#30 prob_bp = 1.00000000000000000000
org.apache.commons.lang.time.DurationFormatUtilsTest:testJiraLang281:()V#423#33 prob_bp = 1.00000000000000000000
org.apache.commons.lang.time.DurationFormatUtilsTest:testJiraLang281:()V#423#34 prob_bp = 1.00000000000000000000
org.apache.commons.lang.time.DurationFormatUtilsTest:testJiraLang281:()V#423#36 prob_bp = 1.00000000000000000000
org.apache.commons.lang.time.DurationFormatUtilsTest:testJiraLang281:()V#423#37 prob_bp = 1.00000000000000000000
org.apache.commons.lang.time.DurationFormatUtilsTest:testJiraLang281:()V#424#40 prob_bp = 1.00000000000000000000
org.apache.commons.lang.time.DurationFormatUtilsTest:testJiraLang281:()V#424#41 prob_bp = 1.00000000000000000000
org.apache.commons.lang.time.DurationFormatUtilsTest:testJiraLang281:()V#424#43 prob_bp = 1.00000000000000000000
org.apache.commons.lang.time.DurationFormatUtilsTest:testJiraLang281:()V#424#44 prob_bp = 1.00000000000000000000
org.apache.commons.lang.time.DurationFormatUtilsTest:testJiraLang281:()V#425#47 prob_bp = 1.00000000000000000000
org.apache.commons.lang.time.DurationFormatUtilsTest:testJiraLang281:()V#425#48 prob_bp = 1.00000000000000000000
org.apache.commons.lang.time.DurationFormatUtilsTest:testJiraLang281:()V#425#50 prob_bp = 1.00000000000000000000
org.apache.commons.lang.time.DurationFormatUtilsTest:testJiraLang281:()V#425#51 prob_bp = 1.00000000000000000000
org.apache.commons.lang.time.DurationFormatUtilsTest:testJiraLang281:()V#427#54 prob_bp = 1.00000000000000000000
org.apache.commons.lang.time.DurationFormatUtilsTest:testJiraLang281:()V#427#57 prob_bp = 1.00000000000000000000
org.apache.commons.lang.time.DurationFormatUtilsTest:testJiraLang281:()V#428#58 prob_bp = 1.00000000000000000000
org.apache.commons.lang.time.DurationFormatUtilsTest:testJiraLang281:()V#428#59 prob_bp = 1.00000000000000000000
org.apache.commons.lang.time.DurationFormatUtilsTest:testJiraLang281:()V#428#60 prob_bp = 1.00000000000000000000
org.apache.commons.lang.time.DurationFormatUtilsTest:testJiraLang281:()V#428#62 prob_bp = 1.00000000000000000000
org.apache.commons.lang.time.DurationFormatUtilsTest:testJiraLang281:()V#429#65 prob_bp = 1.00000000000000000000
org.apache.commons.lang.time.DurationFormatUtilsTest:testJiraLang281:()V#429#66 prob_bp = 1.00000000000000000000
org.apache.commons.lang.time.DurationFormatUtilsTest:testJiraLang281:()V#429#67 prob_bp = 1.00000000000000000000
org.apache.commons.lang.time.DurationFormatUtilsTest:testJiraLang281:()V#429#69 prob_bp = 1.00000000000000000000
org.apache.commons.lang.time.DurationFormatUtilsTest:testJiraLang281:()V#430#72 prob_bp = 1.00000000000000000000
org.apache.commons.lang.time.DurationFormatUtilsTest:testJiraLang281:()V#430#73 prob_bp = 1.00000000000000000000
org.apache.commons.lang.time.DurationFormatUtilsTest:testJiraLang281:()V#430#74 prob_bp = 1.00000000000000000000
org.apache.commons.lang.time.DurationFormatUtilsTest:testJiraLang281:()V#430#77 prob_bp = 1.00000000000000000000
org.apache.commons.lang.time.DurationFormatUtilsTest:testJiraLang281:()V#431#80 prob_bp = 1.00000000000000000000
org.apache.commons.lang.time.DurationFormatUtilsTest:testJiraLang281:()V#431#81 prob_bp = 1.00000000000000000000
org.apache.commons.lang.time.DurationFormatUtilsTest:testJiraLang281:()V#431#83 prob_bp = 1.00000000000000000000
org.apache.commons.lang.time.DurationFormatUtilsTest:testJiraLang281:()V#431#84 prob_bp = 1.00000000000000000000
org.apache.commons.lang.time.DurationFormatUtilsTest:testJiraLang281:()V#432#87 prob_bp = 1.00000000000000000000
org.apache.commons.lang.time.DurationFormatUtilsTest:testJiraLang281:()V#432#88 prob_bp = 1.00000000000000000000
org.apache.commons.lang.time.DurationFormatUtilsTest:testJiraLang281:()V#432#90 prob_bp = 1.00000000000000000000
org.apache.commons.lang.time.DurationFormatUtilsTest:testJiraLang281:()V#432#91 prob_bp = 1.00000000000000000000
org.apache.commons.lang.time.DurationFormatUtilsTest:testJiraLang281:()V#433#94 prob_bp = 1.00000000000000000000
org.apache.commons.lang.time.DurationFormatUtilsTest:testJiraLang281:()V#433#95 prob_bp = 1.00000000000000000000
org.apache.commons.lang.time.DurationFormatUtilsTest:testJiraLang281:()V#433#97 prob_bp = 1.00000000000000000000
org.apache.commons.lang.time.DurationFormatUtilsTest:testJiraLang281:()V#433#98 prob_bp = 1.00000000000000000000
org.apache.commons.lang.time.DurationFormatUtilsTest:testJiraLang281:()V#434#101 prob_bp = 1.00000000000000000000
org.apache.commons.lang.time.DurationFormatUtilsTest:testJiraLang281:()V#434#102 prob_bp = 1.00000000000000000000
org.apache.commons.lang.time.DurationFormatUtilsTest:testJiraLang281:()V#434#104 prob_bp = 1.00000000000000000000
org.apache.commons.lang.time.DurationFormatUtilsTest:testJiraLang281:()V#434#105 prob_bp = 1.00000000000000000000
org.apache.commons.lang.time.DurationFormatUtilsTest:testJiraLang281:()V#435#108 prob_bp = 1.00000000000000000000
org.apache.commons.lang.time.DurationFormatUtilsTest:testJiraLang281:()V#435#109 prob_bp = 1.00000000000000000000
org.apache.commons.lang.time.DurationFormatUtilsTest:testJiraLang281:()V#435#112 prob_bp = 1.00000000000000000000
org.apache.commons.lang.time.DurationFormatUtilsTest:testJiraLang281:()V#435#115 prob_bp = 1.00000000000000000000
org.apache.commons.lang.time.DurationFormatUtilsTest:testJiraLang281:()V#435#116 prob_bp = 1.00000000000000000000
org.apache.commons.lang.time.DurationFormatUtilsTest:testJiraLang281:()V#435#119 prob_bp = 1.00000000000000000000
org.apache.commons.lang.time.DurationFormatUtilsTest:testJiraLang281:()V#435#122 prob_bp = 1.00000000000000000000
org.apache.commons.lang.time.DurationFormatUtilsTest:testJiraLang281:()V#435#124 prob_bp = 1.00000000000000000000
org.apache.commons.lang.time.DurationFormatUtilsTest:testJiraLang281:()V#435#127 prob_bp = 1.00000000000000000000
org.apache.commons.lang.time.DurationFormatUtilsTest:testJiraLang281:()V#436#128 prob_bp = 1.00000000000000000000
org.apache.commons.lang.time.DurationFormatUtilsTest:testJiraLang281:()V#436#130 prob_bp = 1.00000000000000000000
org.apache.commons.lang.time.DurationFormatUtilsTest:testJiraLang281:()V#436#131 prob_bp = 1.00000000000000000000
Belief propagation time : 14.607000s
