Belief propagation time: 15

Probabilities: 
Vars:3312
Stmts:1079
org.apache.commons.math3.distribution.UniformRealDistribution:isSupportUpperBoundInclusive:()Z#184#0 prob_bp = 0.29585179201846190000
org.apache.commons.math3.distribution.FDistribution:isSupportLowerBoundInclusive:()Z#275#0 prob_bp = 0.33240765046696960000
org.apache.commons.math3.distribution.UniformRealDistribution:density:(D)D#109#15 prob_bp = 0.47188884401407544000
org.apache.commons.math3.distribution.UniformRealDistribution:density:(D)D#109#6 prob_bp = 0.49384562746572280000
org.apache.commons.math3.util.FastMath:exp:(DD[D)D#866#186 prob_bp = 0.49930573785418664000
org.apache.commons.math3.util.FastMath:exp:(DD[D)D#866#183 prob_bp = 0.49932985952147570000
org.apache.commons.math3.util.FastMath:exp:(DD[D)D#866#181 prob_bp = 0.49944054319425840000
org.apache.commons.math3.util.FastMath:exp:(DD[D)D#864#179 prob_bp = 0.49947798790281460000
org.apache.commons.math3.distribution.UniformRealDistribution:density:(D)D#109#5 prob_bp = 0.49962089044141744000
org.apache.commons.math3.distribution.UniformRealDistribution:density:(D)D#109#0 prob_bp = 0.49962839755987070000
org.apache.commons.math3.distribution.UniformRealDistribution:density:(D)D#109#2 prob_bp = 0.49963547297896350000
org.apache.commons.math3.distribution.UniformRealDistribution:density:(D)D#109#1 prob_bp = 0.49964269134669380000
org.apache.commons.math3.distribution.UniformRealDistribution:density:(D)D#109#14 prob_bp = 0.49972077372522750000
org.apache.commons.math3.util.FastMath:exp:(DD[D)D#826#3 prob_bp = 0.49972588018990580000
org.apache.commons.math3.distribution.UniformRealDistribution:density:(D)D#109#9 prob_bp = 0.49972969705518017000
org.apache.commons.math3.distribution.UniformRealDistribution:density:(D)D#109#11 prob_bp = 0.49974742182124765000
org.apache.commons.math3.distribution.UniformRealDistribution:density:(D)D#109#10 prob_bp = 0.49975549380409490000
org.apache.commons.math3.util.FastMath:exp:(DD[D)D#864#178 prob_bp = 0.49999800601784183000
org.apache.commons.math3.util.FastMath:log:(D[D)D#1154#146 prob_bp = 0.49999889705183537000
org.apache.commons.math3.util.FastMath:exp:(DD[D)D#864#177 prob_bp = 0.49999946378384497000
org.apache.commons.math3.util.FastMath:log:(D[D)D#1154#144 prob_bp = 0.49999958235010483000
org.apache.commons.math3.util.FastMath:log:(D[D)D#1132#82 prob_bp = 0.49999975167234734000
org.apache.commons.math3.util.FastMath:exp:(DD[D)D#826#2 prob_bp = 0.49999976404955700000
org.apache.commons.math3.util.FastMath:exp:(DD[D)D#826#1 prob_bp = 0.49999977318207950000
org.apache.commons.math3.util.FastMath:log:(D[D)D#1132#81 prob_bp = 0.49999979983051920000
org.apache.commons.math3.util.FastMath:log:(D[D)D#1132#78 prob_bp = 0.49999980666580540000
org.apache.commons.math3.util.FastMath:exp:(D)D#807#3 prob_bp = 0.49999985400096320000
org.apache.commons.math3.util.FastMath:log:(D[D)D#1123#56 prob_bp = 0.49999991947128860000
org.apache.commons.math3.util.FastMath:exp:(DD[D)D#826#0 prob_bp = 0.49999994156848990000
org.apache.commons.math3.util.FastMath:exp:(D)D#807#0 prob_bp = 0.49999996542943490000
org.apache.commons.math3.util.FastMath:log:(D[D)D#1112#28 prob_bp = 0.49999998987608270000
org.apache.commons.math3.distribution.FDistribution:density:(D)D#136#95 prob_bp = 0.49999999310403265000
org.apache.commons.math3.util.FastMath:log:(D[D)D#1154#141 prob_bp = 0.49999999781882093000
org.apache.commons.math3.util.FastMath:log:(D[D)D#1154#140 prob_bp = 0.49999999789292693000
org.apache.commons.math3.util.FastMath:log:(D[D)D#1112#22 prob_bp = 0.49999999870415720000
org.apache.commons.math3.util.FastMath:log:(D[D)D#1154#138 prob_bp = 0.49999999910251430000
org.apache.commons.math3.util.FastMath:log:(D[D)D#1134#91 prob_bp = 0.49999999932803040000
org.apache.commons.math3.util.FastMath:log:(D[D)D#1132#77 prob_bp = 0.49999999936403317000
org.apache.commons.math3.util.FastMath:log:(D[D)D#1106#3 prob_bp = 0.49999999984229930000
org.apache.commons.math3.util.FastMath:log:(D[D)D#1123#55 prob_bp = 0.49999999990724910000
org.apache.commons.math3.util.FastMath:log:(D[D)D#1123#52 prob_bp = 0.49999999991022960000
org.apache.commons.math3.util.FastMath:log:(D[D)D#1132#76 prob_bp = 0.49999999993422783000
org.apache.commons.math3.util.FastMath:log:(D[D)D#1132#74 prob_bp = 0.49999999993640270000
org.apache.commons.math3.util.FastMath:log:(D[D)D#1112#21 prob_bp = 0.49999999994896616000
org.apache.commons.math3.util.FastMath:log:(D[D)D#1112#20 prob_bp = 0.49999999994979980000
org.apache.commons.math3.util.FastMath:log:(D[D)D#1134#90 prob_bp = 0.49999999997297560000
org.apache.commons.math3.util.FastMath:log:(D[D)D#1134#89 prob_bp = 0.49999999997389216000
org.apache.commons.math3.util.FastMath:log:(D[D)D#1123#51 prob_bp = 0.49999999997457734000
org.apache.commons.math3.distribution.FDistribution:density:(D)D#136#94 prob_bp = 0.49999999997725310000
org.apache.commons.math3.util.FastMath:log:(D[D)D#1132#73 prob_bp = 0.49999999998146350000
org.apache.commons.math3.util.FastMath:log:(D)D#1096#2 prob_bp = 0.49999999999346910000
org.apache.commons.math3.special.Beta:logBeta:(DD)D#170#10 prob_bp = 0.49999999999436630000
org.apache.commons.math3.util.FastMath:log:(D[D)D#1109#14 prob_bp = 0.49999999999481326000
org.apache.commons.math3.util.FastMath:log:(D)D#1096#0 prob_bp = 0.49999999999836175000
org.apache.commons.math3.util.FastMath:log:(D[D)D#1109#11 prob_bp = 0.49999999999853806000
org.apache.commons.math3.special.Beta:logBeta:(DDDI)D#205#54 prob_bp = 0.49999999999861410000
org.apache.commons.math3.util.FastMath:log1p:(D)D#1353#70 prob_bp = 0.49999999999934990000
org.apache.commons.math3.util.FastMath:log:(D[D)D#1112#27 prob_bp = 0.49999999999944820000
org.apache.commons.math3.util.FastMath:log:(D[D)D#1109#10 prob_bp = 0.49999999999959055000
org.apache.commons.math3.special.Gamma:logGamma:(D)D#258#119 prob_bp = 0.49999999999961630000
org.apache.commons.math3.special.Beta:logBeta:(DDDI)D#205#52 prob_bp = 0.49999999999966926000
org.apache.commons.math3.util.FastMath:log1p:(D)D#1353#67 prob_bp = 0.49999999999983270000
org.apache.commons.math3.util.FastMath:log:(D[D)D#1112#25 prob_bp = 0.49999999999984757000
org.apache.commons.math3.util.FastMath:log:(D[D)D#1112#26 prob_bp = 0.49999999999984757000
org.apache.commons.math3.util.FastMath:log:(D[D)D#1106#2 prob_bp = 0.49999999999986294000
org.apache.commons.math3.util.FastMath:log:(D[D)D#1106#1 prob_bp = 0.49999999999987750000
org.apache.commons.math3.util.FastMath:log:(D[D)D#1155#154 prob_bp = 0.49999999999991670000
org.apache.commons.math3.special.Gamma:logGamma:(D)D#258#117 prob_bp = 0.49999999999992750000
org.apache.commons.math3.special.Beta:logBeta:(DDDI)D#201#50 prob_bp = 0.49999999999993240000
org.apache.commons.math3.util.FastMath:log:(D[D)D#1112#19 prob_bp = 0.49999999999994177000
org.apache.commons.math3.distribution.FDistribution:density:(D)D#136#87 prob_bp = 0.49999999999994205000
org.apache.commons.math3.util.FastMath:log:(D[D)D#1112#16 prob_bp = 0.49999999999994654000
org.apache.commons.math3.util.FastMath:log1p:(D)D#1353#65 prob_bp = 0.49999999999996580000
org.apache.commons.math3.util.FastMath:log:(D[D)D#1106#0 prob_bp = 0.49999999999996836000
org.apache.commons.math3.util.FastMath:log:(D[D)D#1134#88 prob_bp = 0.49999999999996850000
org.apache.commons.math3.util.FastMath:log:(D[D)D#1134#85 prob_bp = 0.49999999999996960000
org.apache.commons.math3.util.FastMath:log:(D[D)D#1112#15 prob_bp = 0.49999999999998457000
org.apache.commons.math3.special.Gamma:logGamma:(D)D#255#88#unexe#5 prob_bp = 0.49999999999998990000
org.apache.commons.math3.util.FastMath:log:(D[D)D#1134#84 prob_bp = 0.49999999999999110000
org.apache.commons.math3.util.FastMath:log1p:(D)D#1352#63 prob_bp = 0.49999999999999534000
org.apache.commons.math3.distribution.FDistribution:density:(D)D#136#86 prob_bp = 0.49999999999999856000
org.apache.commons.math3.distribution.FDistribution:density:(D)D#136#82 prob_bp = 0.49999999999999867000
org.apache.commons.math3.distribution.FDistribution:density:(D)D#130#17 prob_bp = 0.49999999999999880000
org.apache.commons.math3.distribution.FDistribution:density:(D)D#136#84 prob_bp = 0.49999999999999967000
org.apache.commons.math3.special.Beta:logBeta:(DDDI)D#201#49 prob_bp = 0.49999999999999980000
org.apache.commons.math3.util.FastMath:log:(D[D)D#1328#1006 prob_bp = 0.49999999999999990000
org.apache.commons.math3.distribution.FDistribution:density:(D)D#136#81 prob_bp = 0.49999999999999990000
org.apache.commons.math3.special.Beta:logBeta:(DDDI)D#201#42 prob_bp = 0.49999999999999990000
org.apache.commons.math3.distribution.FDistribution:density:(D)D#129#7 prob_bp = 0.49999999999999994000
org.apache.commons.math3.distribution.FDistribution:density:(D)D#130#16 prob_bp = 0.49999999999999994000
org.apache.commons.math3.util.FastMath$lnMant:access$400:()[[D#3752#3 prob_bp = 0.49999999999999994000
org.apache.commons.math3.util.FastMath:log:(D[D)D#1204#433 prob_bp = 0.49999999999999994000
org.apache.commons.math3.util.FastMath:log:(D[D)D#1215#445 prob_bp = 0.49999999999999994000
org.apache.commons.math3.util.FastMath:log:(D[D)D#1215#454 prob_bp = 0.49999999999999994000
org.apache.commons.math3.util.FastMath:log:(D[D)D#1220#467 prob_bp = 0.49999999999999994000
org.apache.commons.math3.util.FastMath:log:(D[D)D#1274#756 prob_bp = 0.49999999999999994000
org.apache.commons.math3.util.FastMath:log:(D[D)D#1278#796 prob_bp = 0.49999999999999994000
org.apache.commons.math3.util.FastMath:log:(D[D)D#1279#805 prob_bp = 0.49999999999999994000
org.apache.commons.math3.util.FastMath:log:(D[D)D#1298#826 prob_bp = 0.49999999999999994000
org.apache.commons.math3.util.FastMath:log:(D[D)D#1298#831 prob_bp = 0.49999999999999994000
org.apache.commons.math3.util.FastMath:log:(D[D)D#1299#835 prob_bp = 0.49999999999999994000
org.apache.commons.math3.util.FastMath:log:(D[D)D#1299#838 prob_bp = 0.49999999999999994000
org.apache.commons.math3.util.FastMath:log:(D[D)D#1304#868 prob_bp = 0.49999999999999994000
org.apache.commons.math3.util.FastMath:log:(D[D)D#1304#872 prob_bp = 0.49999999999999994000
org.apache.commons.math3.util.FastMath:log:(D[D)D#1308#888 prob_bp = 0.49999999999999994000
org.apache.commons.math3.util.FastMath:log:(D[D)D#1308#895 prob_bp = 0.49999999999999994000
org.apache.commons.math3.util.FastMath:log:(D[D)D#1309#898 prob_bp = 0.49999999999999994000
org.apache.commons.math3.util.FastMath:log:(D[D)D#1309#903 prob_bp = 0.49999999999999994000
org.apache.commons.math3.util.FastMath:log:(D[D)D#1309#911 prob_bp = 0.49999999999999994000
org.apache.commons.math3.util.FastMath:log:(D[D)D#1310#914 prob_bp = 0.49999999999999994000
org.apache.commons.math3.util.FastMath:log:(D[D)D#1313#927 prob_bp = 0.49999999999999994000
org.apache.commons.math3.util.FastMath:log:(D[D)D#1314#939 prob_bp = 0.49999999999999994000
org.apache.commons.math3.util.FastMath:log:(D[D)D#1314#943 prob_bp = 0.49999999999999994000
org.apache.commons.math3.util.FastMath:log:(D[D)D#1314#945 prob_bp = 0.49999999999999994000
org.apache.commons.math3.util.FastMath:log:(D[D)D#1316#951 prob_bp = 0.49999999999999994000
org.apache.commons.math3.util.FastMath:log:(D[D)D#1316#956 prob_bp = 0.49999999999999994000
org.apache.commons.math3.util.FastMath:log:(D[D)D#1319#972 prob_bp = 0.49999999999999994000
org.apache.commons.math3.util.FastMath:log:(D[D)D#1323#988 prob_bp = 0.49999999999999994000
org.apache.commons.math3.util.FastMath:log:(D[D)D#1328#1003 prob_bp = 0.49999999999999994000
org.apache.commons.math3.util.FastMath:log:(D[D)D#1328#1005 prob_bp = 0.49999999999999994000
org.apache.commons.math3.distribution.FDistribution:density:(D)D#133#35 prob_bp = 0.49999999999999994000
org.apache.commons.math3.special.Beta:logBeta:(DDDI)D#195#15 prob_bp = 0.49999999999999994000
org.apache.commons.math3.special.Beta:logBeta:(DDDI)D#195#17 prob_bp = 0.49999999999999994000
org.apache.commons.math3.special.Gamma:logGamma:(D)D#246#9 prob_bp = 0.49999999999999994000
org.apache.commons.math3.special.Gamma:logGamma:(D)D#248#24 prob_bp = 0.49999999999999994000
org.apache.commons.math3.special.Gamma:logGamma:(D)D#248#25 prob_bp = 0.49999999999999994000
org.apache.commons.math3.special.Gamma:logGamma1p:(D)D#624#0 prob_bp = 0.49999999999999994000
org.apache.commons.math3.special.Gamma:logGamma1p:(D)D#624#4 prob_bp = 0.49999999999999994000
org.apache.commons.math3.special.Gamma:invGamma1pm1:(D)D#534#27 prob_bp = 0.49999999999999994000
org.apache.commons.math3.special.Gamma:invGamma1pm1:(D)D#539#58 prob_bp = 0.49999999999999994000
org.apache.commons.math3.special.Gamma:invGamma1pm1:(D)D#540#77 prob_bp = 0.49999999999999994000
org.apache.commons.math3.special.Gamma:invGamma1pm1:(D)D#573#389 prob_bp = 0.49999999999999994000
org.apache.commons.math3.special.Gamma:invGamma1pm1:(D)D#573#392 prob_bp = 0.49999999999999994000
org.apache.commons.math3.special.Gamma:invGamma1pm1:(D)D#573#393 prob_bp = 0.49999999999999994000
org.apache.commons.math3.special.Gamma:invGamma1pm1:(D)D#575#411 prob_bp = 0.49999999999999994000
org.apache.commons.math3.special.Gamma:invGamma1pm1:(D)D#581#460 prob_bp = 0.49999999999999994000
org.apache.commons.math3.special.Gamma:invGamma1pm1:(D)D#581#463 prob_bp = 0.49999999999999994000
org.apache.commons.math3.special.Gamma:invGamma1pm1:(D)D#581#464 prob_bp = 0.49999999999999994000
org.apache.commons.math3.special.Gamma:invGamma1pm1:(D)D#583#482 prob_bp = 0.49999999999999994000
org.apache.commons.math3.special.Gamma:invGamma1pm1:(D)D#586#509 prob_bp = 0.49999999999999994000
org.apache.commons.math3.special.Gamma:invGamma1pm1:(D)D#588#522 prob_bp = 0.49999999999999994000
org.apache.commons.math3.special.Gamma:invGamma1pm1:(D)D#601#658 prob_bp = 0.49999999999999994000
org.apache.commons.math3.special.Gamma:invGamma1pm1:(D)D#608#686 prob_bp = 0.49999999999999994000
org.apache.commons.math3.util.FastMath:log1p:(D)D#1338#0 prob_bp = 0.49999999999999994000
org.apache.commons.math3.util.FastMath:log1p:(D)D#1342#16 prob_bp = 0.49999999999999994000
org.apache.commons.math3.util.FastMath:log1p:(D)D#1346#28 prob_bp = 0.49999999999999994000
org.apache.commons.math3.util.FastMath:log1p:(D)D#1346#36 prob_bp = 0.49999999999999994000
org.apache.commons.math3.util.FastMath:log:(D[D)D#1155#150 prob_bp = 0.49999999999999994000
org.apache.commons.math3.util.FastMath:log:(D[D)D#1155#153 prob_bp = 0.49999999999999994000
org.apache.commons.math3.util.FastMath:log:(D[D)D#1155#161 prob_bp = 0.49999999999999994000
org.apache.commons.math3.util.FastMath:log:(D[D)D#1222#475 prob_bp = 0.49999999999999994000
org.apache.commons.math3.util.FastMath:log:(D[D)D#1229#507 prob_bp = 0.49999999999999994000
org.apache.commons.math3.util.FastMath:log:(D[D)D#1230#518 prob_bp = 0.49999999999999994000
org.apache.commons.math3.util.FastMath:log:(D[D)D#1231#537 prob_bp = 0.49999999999999994000
org.apache.commons.math3.util.FastMath:log:(D[D)D#1232#541 prob_bp = 0.49999999999999994000
org.apache.commons.math3.util.FastMath:log:(D[D)D#1242#597 prob_bp = 0.49999999999999994000
org.apache.commons.math3.util.FastMath:log:(D[D)D#1242#608 prob_bp = 0.49999999999999994000
org.apache.commons.math3.util.FastMath:log:(D[D)D#1244#614 prob_bp = 0.49999999999999994000
org.apache.commons.math3.util.FastMath:log:(D[D)D#1245#622 prob_bp = 0.49999999999999994000
org.apache.commons.math3.util.FastMath:log:(D[D)D#1245#625 prob_bp = 0.49999999999999994000
org.apache.commons.math3.util.FastMath:log:(D[D)D#1246#634 prob_bp = 0.49999999999999994000
org.apache.commons.math3.util.FastMath:log:(D[D)D#1250#650 prob_bp = 0.49999999999999994000
org.apache.commons.math3.util.FastMath:log:(D[D)D#1250#652 prob_bp = 0.49999999999999994000
org.apache.commons.math3.util.FastMath:log:(D[D)D#1251#659 prob_bp = 0.49999999999999994000
org.apache.commons.math3.util.FastMath:log:(D[D)D#1251#661 prob_bp = 0.49999999999999994000
org.apache.commons.math3.util.FastMath:log:(D[D)D#1251#662 prob_bp = 0.49999999999999994000
org.apache.commons.math3.util.FastMath:log:(D[D)D#1253#668 prob_bp = 0.49999999999999994000
org.apache.commons.math3.util.FastMath:log:(D[D)D#1254#682 prob_bp = 0.49999999999999994000
org.apache.commons.math3.util.FastMath:log:(D[D)D#1255#686 prob_bp = 0.49999999999999994000
org.apache.commons.math3.util.FastMath:log:(D[D)D#1239#583#unexe#30 prob_bp = 0.49999999999999994000
org.apache.commons.math3.util.FastMath:log:(D[D)D#1259#705 prob_bp = 0.49999999999999994000
org.apache.commons.math3.util.FastMath:log1p:(D)D#1361#99 prob_bp = 0.49999999999999994000
org.apache.commons.math3.util.FastMath:log1p:(D)D#1361#100 prob_bp = 0.49999999999999994000
org.apache.commons.math3.util.FastMath:log1p:(D)D#1361#104 prob_bp = 0.49999999999999994000
org.apache.commons.math3.util.FastMath:log1p:(D)D#1361#105 prob_bp = 0.49999999999999994000
org.apache.commons.math3.util.FastMath:floor:(D)D#3314#27 prob_bp = 0.49999999999999994000
org.apache.commons.math3.special.Gamma:logGamma:(D)D#256#98 prob_bp = 0.49999999999999994000
org.apache.commons.math3.special.Gamma:logGamma:(D)D#255#101 prob_bp = 0.49999999999999994000
org.apache.commons.math3.special.Gamma:logGamma:(D)D#258#114 prob_bp = 0.49999999999999994000
org.apache.commons.math3.util.FastMath:log1p:(D)D#1364#121 prob_bp = 0.49999999999999994000
org.apache.commons.math3.special.Gamma:invGamma1pm1:(D)D#604#681 prob_bp = 0.49999999999999994000
org.apache.commons.math3.util.FastMath$lnMant:<clinit>:()V#3766#3 prob_bp = 0.50000000000000000000
org.apache.commons.math3.distribution.UniformRealDistribution:isSupportUpperBoundInclusive:()Z#184#1 prob_bp = 0.50000000000000000000
org.apache.commons.math3.distribution.FDistribution:density:(D)D#129#0 prob_bp = 0.50000000000000000000
org.apache.commons.math3.distribution.FDistribution:density:(D)D#129#1 prob_bp = 0.50000000000000000000
org.apache.commons.math3.distribution.FDistribution:density:(D)D#129#8 prob_bp = 0.50000000000000000000
org.apache.commons.math3.distribution.FDistribution:density:(D)D#130#9 prob_bp = 0.50000000000000000000
org.apache.commons.math3.distribution.FDistribution:density:(D)D#130#10 prob_bp = 0.50000000000000000000
org.apache.commons.math3.distribution.FDistribution:density:(D)D#130#13 prob_bp = 0.50000000000000000000
org.apache.commons.math3.distribution.FDistribution:density:(D)D#131#19 prob_bp = 0.50000000000000000000
org.apache.commons.math3.distribution.FDistribution:density:(D)D#131#20 prob_bp = 0.50000000000000000000
org.apache.commons.math3.util.FastMath:log:(D[D)D#1107#6 prob_bp = 0.50000000000000000000
org.apache.commons.math3.util.FastMath:log:(D[D)D#1107#9 prob_bp = 0.50000000000000000000
org.apache.commons.math3.util.FastMath:log:(D)D#1096#5 prob_bp = 0.50000000000000000000
org.apache.commons.math3.distribution.FDistribution:density:(D)D#131#23 prob_bp = 0.50000000000000000000
org.apache.commons.math3.distribution.FDistribution:density:(D)D#132#25 prob_bp = 0.50000000000000000000
org.apache.commons.math3.distribution.FDistribution:density:(D)D#132#26 prob_bp = 0.50000000000000000000
org.apache.commons.math3.distribution.FDistribution:density:(D)D#132#29 prob_bp = 0.50000000000000000000
org.apache.commons.math3.util.FastMath$lnMant:access$400:()[[D#3752#0 prob_bp = 0.50000000000000000000
org.apache.commons.math3.util.FastMath:log:(D[D)D#1204#429 prob_bp = 0.50000000000000000000
org.apache.commons.math3.util.FastMath:log:(D[D)D#1204#430 prob_bp = 0.50000000000000000000
org.apache.commons.math3.util.FastMath:log:(D[D)D#1204#436 prob_bp = 0.50000000000000000000
org.apache.commons.math3.util.FastMath:log:(D[D)D#1204#439 prob_bp = 0.50000000000000000000
org.apache.commons.math3.util.FastMath:log:(D[D)D#1215#446 prob_bp = 0.50000000000000000000
org.apache.commons.math3.util.FastMath:log:(D[D)D#1215#447 prob_bp = 0.50000000000000000000
org.apache.commons.math3.util.FastMath:log:(D[D)D#1215#450 prob_bp = 0.50000000000000000000
org.apache.commons.math3.util.FastMath:log:(D[D)D#1215#455 prob_bp = 0.50000000000000000000
org.apache.commons.math3.util.FastMath:log:(D[D)D#1215#456 prob_bp = 0.50000000000000000000
org.apache.commons.math3.util.FastMath:log:(D[D)D#1215#458 prob_bp = 0.50000000000000000000
org.apache.commons.math3.util.FastMath:log:(D[D)D#1218#463 prob_bp = 0.50000000000000000000
org.apache.commons.math3.util.FastMath:log:(D[D)D#1218#464 prob_bp = 0.50000000000000000000
org.apache.commons.math3.util.FastMath:log:(D[D)D#1273#747 prob_bp = 0.50000000000000000000
org.apache.commons.math3.util.FastMath:log:(D[D)D#1274#752 prob_bp = 0.50000000000000000000
org.apache.commons.math3.util.FastMath:log:(D[D)D#1274#757 prob_bp = 0.50000000000000000000
org.apache.commons.math3.util.FastMath:log:(D[D)D#1274#760 prob_bp = 0.50000000000000000000
org.apache.commons.math3.util.FastMath:log:(D[D)D#1275#763 prob_bp = 0.50000000000000000000
org.apache.commons.math3.util.FastMath:log:(D[D)D#1275#765 prob_bp = 0.50000000000000000000
org.apache.commons.math3.util.FastMath:log:(D[D)D#1275#767 prob_bp = 0.50000000000000000000
org.apache.commons.math3.util.FastMath:log:(D[D)D#1275#771 prob_bp = 0.50000000000000000000
org.apache.commons.math3.util.FastMath:log:(D[D)D#1275#772 prob_bp = 0.50000000000000000000
org.apache.commons.math3.util.FastMath:log:(D[D)D#1276#774 prob_bp = 0.50000000000000000000
org.apache.commons.math3.util.FastMath:log:(D[D)D#1276#776 prob_bp = 0.50000000000000000000
org.apache.commons.math3.util.FastMath:log:(D[D)D#1276#778 prob_bp = 0.50000000000000000000
org.apache.commons.math3.util.FastMath:log:(D[D)D#1276#779 prob_bp = 0.50000000000000000000
org.apache.commons.math3.util.FastMath:log:(D[D)D#1276#782 prob_bp = 0.50000000000000000000
org.apache.commons.math3.util.FastMath:log:(D[D)D#1276#783 prob_bp = 0.50000000000000000000
org.apache.commons.math3.util.FastMath:log:(D[D)D#1277#785 prob_bp = 0.50000000000000000000
org.apache.commons.math3.util.FastMath:log:(D[D)D#1277#790 prob_bp = 0.50000000000000000000
org.apache.commons.math3.util.FastMath:log:(D[D)D#1277#793 prob_bp = 0.50000000000000000000
org.apache.commons.math3.util.FastMath:log:(D[D)D#1277#794 prob_bp = 0.50000000000000000000
org.apache.commons.math3.util.FastMath:log:(D[D)D#1278#800 prob_bp = 0.50000000000000000000
org.apache.commons.math3.util.FastMath:log:(D[D)D#1278#801 prob_bp = 0.50000000000000000000
org.apache.commons.math3.util.FastMath:log:(D[D)D#1278#802 prob_bp = 0.50000000000000000000
org.apache.commons.math3.util.FastMath:log:(D[D)D#1278#803 prob_bp = 0.50000000000000000000
org.apache.commons.math3.util.FastMath:log:(D[D)D#1279#809 prob_bp = 0.50000000000000000000
org.apache.commons.math3.util.FastMath:log:(D[D)D#1279#810 prob_bp = 0.50000000000000000000
org.apache.commons.math3.util.FastMath:log:(D[D)D#1220#467#unexe#9 prob_bp = 0.50000000000000000000
org.apache.commons.math3.util.FastMath:log:(D[D)D#1220#467#unexe#11 prob_bp = 0.50000000000000000000
org.apache.commons.math3.util.FastMath:log:(D[D)D#1296#812 prob_bp = 0.50000000000000000000
org.apache.commons.math3.util.FastMath:log:(D[D)D#1296#818 prob_bp = 0.50000000000000000000
org.apache.commons.math3.util.FastMath:log:(D[D)D#1297#821 prob_bp = 0.50000000000000000000
org.apache.commons.math3.util.FastMath:log:(D[D)D#1298#829 prob_bp = 0.50000000000000000000
org.apache.commons.math3.util.FastMath:log:(D[D)D#1299#833 prob_bp = 0.50000000000000000000
org.apache.commons.math3.util.FastMath:log:(D[D)D#1299#841 prob_bp = 0.50000000000000000000
org.apache.commons.math3.util.FastMath:log:(D[D)D#1299#843 prob_bp = 0.50000000000000000000
org.apache.commons.math3.util.FastMath:log:(D[D)D#1299#844 prob_bp = 0.50000000000000000000
org.apache.commons.math3.util.FastMath:log:(D[D)D#1300#846 prob_bp = 0.50000000000000000000
org.apache.commons.math3.util.FastMath:log:(D[D)D#1301#854 prob_bp = 0.50000000000000000000
org.apache.commons.math3.util.FastMath:log:(D[D)D#1301#855 prob_bp = 0.50000000000000000000
org.apache.commons.math3.util.FastMath:log:(D[D)D#1303#857 prob_bp = 0.50000000000000000000
org.apache.commons.math3.util.FastMath:log:(D[D)D#1303#859 prob_bp = 0.50000000000000000000
org.apache.commons.math3.util.FastMath:log:(D[D)D#1303#861 prob_bp = 0.50000000000000000000
org.apache.commons.math3.util.FastMath:log:(D[D)D#1304#864 prob_bp = 0.50000000000000000000
org.apache.commons.math3.util.FastMath:log:(D[D)D#1304#869 prob_bp = 0.50000000000000000000
org.apache.commons.math3.util.FastMath:log:(D[D)D#1304#871 prob_bp = 0.50000000000000000000
org.apache.commons.math3.util.FastMath:log:(D[D)D#1304#873 prob_bp = 0.50000000000000000000
org.apache.commons.math3.util.FastMath:log:(D[D)D#1305#875 prob_bp = 0.50000000000000000000
org.apache.commons.math3.util.FastMath:log:(D[D)D#1306#879 prob_bp = 0.50000000000000000000
org.apache.commons.math3.util.FastMath:log:(D[D)D#1306#881 prob_bp = 0.50000000000000000000
org.apache.commons.math3.util.FastMath:log:(D[D)D#1306#884 prob_bp = 0.50000000000000000000
org.apache.commons.math3.util.FastMath:log:(D[D)D#1308#894 prob_bp = 0.50000000000000000000
org.apache.commons.math3.util.FastMath:log:(D[D)D#1308#896 prob_bp = 0.50000000000000000000
org.apache.commons.math3.util.FastMath:log:(D[D)D#1309#909 prob_bp = 0.50000000000000000000
org.apache.commons.math3.util.FastMath:log:(D[D)D#1309#912 prob_bp = 0.50000000000000000000
org.apache.commons.math3.util.FastMath:log:(D[D)D#1310#916 prob_bp = 0.50000000000000000000
org.apache.commons.math3.util.FastMath:log:(D[D)D#1311#920 prob_bp = 0.50000000000000000000
org.apache.commons.math3.util.FastMath:log:(D[D)D#1311#922 prob_bp = 0.50000000000000000000
org.apache.commons.math3.util.FastMath:log:(D[D)D#1311#923 prob_bp = 0.50000000000000000000
org.apache.commons.math3.util.FastMath:log:(D[D)D#1313#925 prob_bp = 0.50000000000000000000
org.apache.commons.math3.util.FastMath:log:(D[D)D#1313#930 prob_bp = 0.50000000000000000000
org.apache.commons.math3.util.FastMath:log:(D[D)D#1313#931 prob_bp = 0.50000000000000000000
org.apache.commons.math3.util.FastMath:log:(D[D)D#1313#932 prob_bp = 0.50000000000000000000
org.apache.commons.math3.util.FastMath:log:(D[D)D#1314#934 prob_bp = 0.50000000000000000000
org.apache.commons.math3.util.FastMath:log:(D[D)D#1314#936 prob_bp = 0.50000000000000000000
org.apache.commons.math3.util.FastMath:log:(D[D)D#1314#938 prob_bp = 0.50000000000000000000
org.apache.commons.math3.util.FastMath:log:(D[D)D#1314#942 prob_bp = 0.50000000000000000000
org.apache.commons.math3.util.FastMath:log:(D[D)D#1315#947 prob_bp = 0.50000000000000000000
org.apache.commons.math3.util.FastMath:log:(D[D)D#1315#949 prob_bp = 0.50000000000000000000
org.apache.commons.math3.util.FastMath:log:(D[D)D#1318#958 prob_bp = 0.50000000000000000000
org.apache.commons.math3.util.FastMath:log:(D[D)D#1319#965 prob_bp = 0.50000000000000000000
org.apache.commons.math3.util.FastMath:log:(D[D)D#1319#967 prob_bp = 0.50000000000000000000
org.apache.commons.math3.util.FastMath:log:(D[D)D#1319#969 prob_bp = 0.50000000000000000000
org.apache.commons.math3.util.FastMath:log:(D[D)D#1319#973 prob_bp = 0.50000000000000000000
org.apache.commons.math3.util.FastMath:log:(D[D)D#1319#974 prob_bp = 0.50000000000000000000
org.apache.commons.math3.util.FastMath:log:(D[D)D#1320#976 prob_bp = 0.50000000000000000000
org.apache.commons.math3.util.FastMath:log:(D[D)D#1320#978 prob_bp = 0.50000000000000000000
org.apache.commons.math3.util.FastMath:log:(D[D)D#1321#980 prob_bp = 0.50000000000000000000
org.apache.commons.math3.util.FastMath:log:(D[D)D#1321#982 prob_bp = 0.50000000000000000000
org.apache.commons.math3.util.FastMath:log:(D[D)D#1321#984 prob_bp = 0.50000000000000000000
org.apache.commons.math3.util.FastMath:log:(D[D)D#1323#987 prob_bp = 0.50000000000000000000
org.apache.commons.math3.util.FastMath:log:(D[D)D#1328#1001 prob_bp = 0.50000000000000000000
org.apache.commons.math3.distribution.FDistribution:density:(D)D#132#32 prob_bp = 0.50000000000000000000
org.apache.commons.math3.distribution.FDistribution:density:(D)D#133#34 prob_bp = 0.50000000000000000000
org.apache.commons.math3.distribution.FDistribution:density:(D)D#133#38 prob_bp = 0.50000000000000000000
org.apache.commons.math3.distribution.FDistribution:density:(D)D#133#41 prob_bp = 0.50000000000000000000
org.apache.commons.math3.distribution.FDistribution:density:(D)D#134#43 prob_bp = 0.50000000000000000000
org.apache.commons.math3.distribution.FDistribution:density:(D)D#134#44 prob_bp = 0.50000000000000000000
org.apache.commons.math3.distribution.FDistribution:density:(D)D#134#47 prob_bp = 0.50000000000000000000
org.apache.commons.math3.distribution.FDistribution:density:(D)D#134#48 prob_bp = 0.50000000000000000000
org.apache.commons.math3.distribution.FDistribution:density:(D)D#134#49 prob_bp = 0.50000000000000000000
org.apache.commons.math3.distribution.FDistribution:density:(D)D#134#50 prob_bp = 0.50000000000000000000
org.apache.commons.math3.distribution.FDistribution:density:(D)D#134#53 prob_bp = 0.50000000000000000000
org.apache.commons.math3.distribution.FDistribution:density:(D)D#134#54 prob_bp = 0.50000000000000000000
org.apache.commons.math3.distribution.FDistribution:density:(D)D#134#57 prob_bp = 0.50000000000000000000
org.apache.commons.math3.distribution.FDistribution:density:(D)D#136#59 prob_bp = 0.50000000000000000000
org.apache.commons.math3.distribution.FDistribution:density:(D)D#136#60 prob_bp = 0.50000000000000000000
org.apache.commons.math3.distribution.FDistribution:density:(D)D#136#62 prob_bp = 0.50000000000000000000
org.apache.commons.math3.distribution.FDistribution:density:(D)D#136#63 prob_bp = 0.50000000000000000000
org.apache.commons.math3.distribution.FDistribution:density:(D)D#136#64 prob_bp = 0.50000000000000000000
org.apache.commons.math3.distribution.FDistribution:density:(D)D#136#66 prob_bp = 0.50000000000000000000
org.apache.commons.math3.distribution.FDistribution:density:(D)D#136#67 prob_bp = 0.50000000000000000000
org.apache.commons.math3.distribution.FDistribution:density:(D)D#136#68 prob_bp = 0.50000000000000000000
org.apache.commons.math3.distribution.FDistribution:density:(D)D#136#70 prob_bp = 0.50000000000000000000
org.apache.commons.math3.distribution.FDistribution:density:(D)D#136#73 prob_bp = 0.50000000000000000000
org.apache.commons.math3.distribution.FDistribution:density:(D)D#136#75 prob_bp = 0.50000000000000000000
org.apache.commons.math3.distribution.FDistribution:density:(D)D#136#76 prob_bp = 0.50000000000000000000
org.apache.commons.math3.distribution.FDistribution:density:(D)D#136#77 prob_bp = 0.50000000000000000000
org.apache.commons.math3.distribution.FDistribution:density:(D)D#136#78 prob_bp = 0.50000000000000000000
org.apache.commons.math3.distribution.FDistribution:density:(D)D#136#80 prob_bp = 0.50000000000000000000
org.apache.commons.math3.distribution.FDistribution:density:(D)D#136#88 prob_bp = 0.50000000000000000000
org.apache.commons.math3.distribution.FDistribution:density:(D)D#136#89 prob_bp = 0.50000000000000000000
org.apache.commons.math3.distribution.FDistribution:density:(D)D#136#91 prob_bp = 0.50000000000000000000
org.apache.commons.math3.special.Beta:logBeta:(DD)D#170#0 prob_bp = 0.50000000000000000000
org.apache.commons.math3.special.Beta:logBeta:(DD)D#170#1 prob_bp = 0.50000000000000000000
org.apache.commons.math3.special.Beta:logBeta:(DD)D#170#7 prob_bp = 0.50000000000000000000
org.apache.commons.math3.special.Beta:logBeta:(DDDI)D#195#0 prob_bp = 0.50000000000000000000
org.apache.commons.math3.special.Beta:logBeta:(DDDI)D#195#1 prob_bp = 0.50000000000000000000
org.apache.commons.math3.special.Beta:logBeta:(DDDI)D#195#4 prob_bp = 0.50000000000000000000
org.apache.commons.math3.special.Beta:logBeta:(DDDI)D#195#7 prob_bp = 0.50000000000000000000
org.apache.commons.math3.special.Beta:logBeta:(DDDI)D#195#8 prob_bp = 0.50000000000000000000
org.apache.commons.math3.special.Beta:logBeta:(DDDI)D#195#11 prob_bp = 0.50000000000000000000
org.apache.commons.math3.special.Beta:logBeta:(DDDI)D#195#14 prob_bp = 0.50000000000000000000
org.apache.commons.math3.special.Beta:logBeta:(DDDI)D#195#16 prob_bp = 0.50000000000000000000
org.apache.commons.math3.special.Beta:logBeta:(DDDI)D#195#20 prob_bp = 0.50000000000000000000
org.apache.commons.math3.special.Beta:logBeta:(DDDI)D#195#21 prob_bp = 0.50000000000000000000
org.apache.commons.math3.special.Beta:logBeta:(DDDI)D#195#22 prob_bp = 0.50000000000000000000
org.apache.commons.math3.special.Beta:logBeta:(DDDI)D#195#23 prob_bp = 0.50000000000000000000
org.apache.commons.math3.special.Beta:logBeta:(DDDI)D#201#34 prob_bp = 0.50000000000000000000
org.apache.commons.math3.special.Beta:logBeta:(DDDI)D#201#35 prob_bp = 0.50000000000000000000
org.apache.commons.math3.special.Gamma:logGamma:(D)D#246#0 prob_bp = 0.50000000000000000000
org.apache.commons.math3.special.Gamma:logGamma:(D)D#246#1 prob_bp = 0.50000000000000000000
org.apache.commons.math3.special.Gamma:logGamma:(D)D#246#4 prob_bp = 0.50000000000000000000
org.apache.commons.math3.special.Gamma:logGamma:(D)D#246#7 prob_bp = 0.50000000000000000000
org.apache.commons.math3.special.Gamma:logGamma:(D)D#246#8 prob_bp = 0.50000000000000000000
org.apache.commons.math3.special.Gamma:logGamma:(D)D#246#10 prob_bp = 0.50000000000000000000
org.apache.commons.math3.special.Gamma:logGamma:(D)D#248#20 prob_bp = 0.50000000000000000000
org.apache.commons.math3.special.Gamma:logGamma:(D)D#248#21 prob_bp = 0.50000000000000000000
org.apache.commons.math3.special.Gamma:logGamma:(D)D#250#38 prob_bp = 0.50000000000000000000
org.apache.commons.math3.special.Gamma:logGamma:(D)D#250#39 prob_bp = 0.50000000000000000000
org.apache.commons.math3.special.Gamma:logGamma:(D)D#250#42 prob_bp = 0.50000000000000000000
org.apache.commons.math3.special.Gamma:logGamma:(D)D#250#43 prob_bp = 0.50000000000000000000
org.apache.commons.math3.special.Gamma:logGamma:(D)D#251#46 prob_bp = 0.50000000000000000000
org.apache.commons.math3.special.Gamma:logGamma:(D)D#251#47 prob_bp = 0.50000000000000000000
org.apache.commons.math3.special.Gamma:logGamma:(D)D#251#50 prob_bp = 0.50000000000000000000
org.apache.commons.math3.special.Gamma:logGamma:(D)D#251#51 prob_bp = 0.50000000000000000000
org.apache.commons.math3.special.Gamma:logGamma:(D)D#251#54 prob_bp = 0.50000000000000000000
org.apache.commons.math3.special.Gamma:logGamma:(D)D#251#55 prob_bp = 0.50000000000000000000
org.apache.commons.math3.special.Gamma:logGamma1p:(D)D#624#5 prob_bp = 0.50000000000000000000
org.apache.commons.math3.special.Gamma:logGamma1p:(D)D#627#27 prob_bp = 0.50000000000000000000
org.apache.commons.math3.special.Gamma:logGamma1p:(D)D#627#28 prob_bp = 0.50000000000000000000
org.apache.commons.math3.special.Gamma:logGamma1p:(D)D#627#31 prob_bp = 0.50000000000000000000
org.apache.commons.math3.special.Gamma:logGamma1p:(D)D#627#32 prob_bp = 0.50000000000000000000
org.apache.commons.math3.special.Gamma:logGamma1p:(D)D#631#54 prob_bp = 0.50000000000000000000
org.apache.commons.math3.special.Gamma:invGamma1pm1:(D)D#531#0 prob_bp = 0.50000000000000000000
org.apache.commons.math3.special.Gamma:invGamma1pm1:(D)D#531#1 prob_bp = 0.50000000000000000000
org.apache.commons.math3.special.Gamma:invGamma1pm1:(D)D#531#5 prob_bp = 0.50000000000000000000
org.apache.commons.math3.special.Gamma:invGamma1pm1:(D)D#534#31 prob_bp = 0.50000000000000000000
org.apache.commons.math3.special.Gamma:invGamma1pm1:(D)D#534#32 prob_bp = 0.50000000000000000000
org.apache.commons.math3.special.Gamma:invGamma1pm1:(D)D#539#54 prob_bp = 0.50000000000000000000
org.apache.commons.math3.special.Gamma:invGamma1pm1:(D)D#539#55 prob_bp = 0.50000000000000000000
org.apache.commons.math3.special.Gamma:invGamma1pm1:(D)D#539#66 prob_bp = 0.50000000000000000000
org.apache.commons.math3.special.Gamma:invGamma1pm1:(D)D#539#67 prob_bp = 0.50000000000000000000
org.apache.commons.math3.special.Gamma:invGamma1pm1:(D)D#539#70 prob_bp = 0.50000000000000000000
org.apache.commons.math3.special.Gamma:invGamma1pm1:(D)D#539#71 prob_bp = 0.50000000000000000000
org.apache.commons.math3.special.Gamma:invGamma1pm1:(D)D#539#74 prob_bp = 0.50000000000000000000
org.apache.commons.math3.special.Gamma:invGamma1pm1:(D)D#539#75 prob_bp = 0.50000000000000000000
org.apache.commons.math3.special.Gamma:invGamma1pm1:(D)D#540#79 prob_bp = 0.50000000000000000000
org.apache.commons.math3.special.Gamma:invGamma1pm1:(D)D#540#80 prob_bp = 0.50000000000000000000
org.apache.commons.math3.special.Gamma:invGamma1pm1:(D)D#572#379 prob_bp = 0.50000000000000000000
org.apache.commons.math3.special.Gamma:invGamma1pm1:(D)D#572#382 prob_bp = 0.50000000000000000000
org.apache.commons.math3.special.Gamma:invGamma1pm1:(D)D#573#384 prob_bp = 0.50000000000000000000
org.apache.commons.math3.special.Gamma:invGamma1pm1:(D)D#573#387 prob_bp = 0.50000000000000000000
org.apache.commons.math3.special.Gamma:invGamma1pm1:(D)D#573#391 prob_bp = 0.50000000000000000000
org.apache.commons.math3.special.Gamma:invGamma1pm1:(D)D#574#395 prob_bp = 0.50000000000000000000
org.apache.commons.math3.special.Gamma:invGamma1pm1:(D)D#574#398 prob_bp = 0.50000000000000000000
org.apache.commons.math3.special.Gamma:invGamma1pm1:(D)D#574#400 prob_bp = 0.50000000000000000000
org.apache.commons.math3.special.Gamma:invGamma1pm1:(D)D#574#403 prob_bp = 0.50000000000000000000
org.apache.commons.math3.special.Gamma:invGamma1pm1:(D)D#574#404 prob_bp = 0.50000000000000000000
org.apache.commons.math3.special.Gamma:invGamma1pm1:(D)D#575#406 prob_bp = 0.50000000000000000000
org.apache.commons.math3.special.Gamma:invGamma1pm1:(D)D#575#409 prob_bp = 0.50000000000000000000
org.apache.commons.math3.special.Gamma:invGamma1pm1:(D)D#575#413 prob_bp = 0.50000000000000000000
org.apache.commons.math3.special.Gamma:invGamma1pm1:(D)D#575#414 prob_bp = 0.50000000000000000000
org.apache.commons.math3.special.Gamma:invGamma1pm1:(D)D#575#415 prob_bp = 0.50000000000000000000
org.apache.commons.math3.special.Gamma:invGamma1pm1:(D)D#576#417 prob_bp = 0.50000000000000000000
org.apache.commons.math3.special.Gamma:invGamma1pm1:(D)D#576#420 prob_bp = 0.50000000000000000000
org.apache.commons.math3.special.Gamma:invGamma1pm1:(D)D#576#422 prob_bp = 0.50000000000000000000
org.apache.commons.math3.special.Gamma:invGamma1pm1:(D)D#576#425 prob_bp = 0.50000000000000000000
org.apache.commons.math3.special.Gamma:invGamma1pm1:(D)D#576#426 prob_bp = 0.50000000000000000000
org.apache.commons.math3.special.Gamma:invGamma1pm1:(D)D#577#428 prob_bp = 0.50000000000000000000
org.apache.commons.math3.special.Gamma:invGamma1pm1:(D)D#577#431 prob_bp = 0.50000000000000000000
org.apache.commons.math3.special.Gamma:invGamma1pm1:(D)D#577#433 prob_bp = 0.50000000000000000000
org.apache.commons.math3.special.Gamma:invGamma1pm1:(D)D#577#435 prob_bp = 0.50000000000000000000
org.apache.commons.math3.special.Gamma:invGamma1pm1:(D)D#577#436 prob_bp = 0.50000000000000000000
org.apache.commons.math3.special.Gamma:invGamma1pm1:(D)D#577#437 prob_bp = 0.50000000000000000000
org.apache.commons.math3.special.Gamma:invGamma1pm1:(D)D#578#439 prob_bp = 0.50000000000000000000
org.apache.commons.math3.special.Gamma:invGamma1pm1:(D)D#578#442 prob_bp = 0.50000000000000000000
org.apache.commons.math3.special.Gamma:invGamma1pm1:(D)D#578#444 prob_bp = 0.50000000000000000000
org.apache.commons.math3.special.Gamma:invGamma1pm1:(D)D#578#446 prob_bp = 0.50000000000000000000
org.apache.commons.math3.special.Gamma:invGamma1pm1:(D)D#578#447 prob_bp = 0.50000000000000000000
org.apache.commons.math3.special.Gamma:invGamma1pm1:(D)D#580#450 prob_bp = 0.50000000000000000000
org.apache.commons.math3.special.Gamma:invGamma1pm1:(D)D#580#453 prob_bp = 0.50000000000000000000
org.apache.commons.math3.special.Gamma:invGamma1pm1:(D)D#581#455 prob_bp = 0.50000000000000000000
org.apache.commons.math3.special.Gamma:invGamma1pm1:(D)D#581#458 prob_bp = 0.50000000000000000000
org.apache.commons.math3.special.Gamma:invGamma1pm1:(D)D#581#462 prob_bp = 0.50000000000000000000
org.apache.commons.math3.special.Gamma:invGamma1pm1:(D)D#582#466 prob_bp = 0.50000000000000000000
org.apache.commons.math3.special.Gamma:invGamma1pm1:(D)D#582#469 prob_bp = 0.50000000000000000000
org.apache.commons.math3.special.Gamma:invGamma1pm1:(D)D#582#471 prob_bp = 0.50000000000000000000
org.apache.commons.math3.special.Gamma:invGamma1pm1:(D)D#582#474 prob_bp = 0.50000000000000000000
org.apache.commons.math3.special.Gamma:invGamma1pm1:(D)D#582#475 prob_bp = 0.50000000000000000000
org.apache.commons.math3.special.Gamma:invGamma1pm1:(D)D#583#477 prob_bp = 0.50000000000000000000
org.apache.commons.math3.special.Gamma:invGamma1pm1:(D)D#583#480 prob_bp = 0.50000000000000000000
org.apache.commons.math3.special.Gamma:invGamma1pm1:(D)D#583#484 prob_bp = 0.50000000000000000000
org.apache.commons.math3.special.Gamma:invGamma1pm1:(D)D#583#485 prob_bp = 0.50000000000000000000
org.apache.commons.math3.special.Gamma:invGamma1pm1:(D)D#583#486 prob_bp = 0.50000000000000000000
org.apache.commons.math3.special.Gamma:invGamma1pm1:(D)D#584#488 prob_bp = 0.50000000000000000000
org.apache.commons.math3.special.Gamma:invGamma1pm1:(D)D#584#489 prob_bp = 0.50000000000000000000
org.apache.commons.math3.special.Gamma:invGamma1pm1:(D)D#584#491 prob_bp = 0.50000000000000000000
org.apache.commons.math3.special.Gamma:invGamma1pm1:(D)D#584#494 prob_bp = 0.50000000000000000000
org.apache.commons.math3.special.Gamma:invGamma1pm1:(D)D#586#497 prob_bp = 0.50000000000000000000
org.apache.commons.math3.special.Gamma:invGamma1pm1:(D)D#586#500 prob_bp = 0.50000000000000000000
org.apache.commons.math3.special.Gamma:invGamma1pm1:(D)D#586#502 prob_bp = 0.50000000000000000000
org.apache.commons.math3.special.Gamma:invGamma1pm1:(D)D#586#505 prob_bp = 0.50000000000000000000
org.apache.commons.math3.special.Gamma:invGamma1pm1:(D)D#586#508 prob_bp = 0.50000000000000000000
org.apache.commons.math3.special.Gamma:invGamma1pm1:(D)D#587#511 prob_bp = 0.50000000000000000000
org.apache.commons.math3.special.Gamma:invGamma1pm1:(D)D#587#514 prob_bp = 0.50000000000000000000
org.apache.commons.math3.special.Gamma:invGamma1pm1:(D)D#587#518 prob_bp = 0.50000000000000000000
org.apache.commons.math3.special.Gamma:invGamma1pm1:(D)D#587#519 prob_bp = 0.50000000000000000000
org.apache.commons.math3.special.Gamma:invGamma1pm1:(D)D#587#520 prob_bp = 0.50000000000000000000
org.apache.commons.math3.special.Gamma:invGamma1pm1:(D)D#588#525 prob_bp = 0.50000000000000000000
org.apache.commons.math3.special.Gamma:invGamma1pm1:(D)D#588#527 prob_bp = 0.50000000000000000000
org.apache.commons.math3.special.Gamma:invGamma1pm1:(D)D#588#529 prob_bp = 0.50000000000000000000
org.apache.commons.math3.special.Gamma:invGamma1pm1:(D)D#588#530 prob_bp = 0.50000000000000000000
org.apache.commons.math3.special.Gamma:invGamma1pm1:(D)D#588#531 prob_bp = 0.50000000000000000000
org.apache.commons.math3.special.Gamma:invGamma1pm1:(D)D#589#533 prob_bp = 0.50000000000000000000
org.apache.commons.math3.special.Gamma:invGamma1pm1:(D)D#589#536 prob_bp = 0.50000000000000000000
org.apache.commons.math3.special.Gamma:invGamma1pm1:(D)D#589#538 prob_bp = 0.50000000000000000000
org.apache.commons.math3.special.Gamma:invGamma1pm1:(D)D#589#540 prob_bp = 0.50000000000000000000
org.apache.commons.math3.special.Gamma:invGamma1pm1:(D)D#589#541 prob_bp = 0.50000000000000000000
org.apache.commons.math3.special.Gamma:invGamma1pm1:(D)D#590#544 prob_bp = 0.50000000000000000000
org.apache.commons.math3.special.Gamma:invGamma1pm1:(D)D#590#547 prob_bp = 0.50000000000000000000
org.apache.commons.math3.special.Gamma:invGamma1pm1:(D)D#590#549 prob_bp = 0.50000000000000000000
org.apache.commons.math3.special.Gamma:invGamma1pm1:(D)D#590#551 prob_bp = 0.50000000000000000000
org.apache.commons.math3.special.Gamma:invGamma1pm1:(D)D#590#552 prob_bp = 0.50000000000000000000
org.apache.commons.math3.special.Gamma:invGamma1pm1:(D)D#590#553 prob_bp = 0.50000000000000000000
org.apache.commons.math3.special.Gamma:invGamma1pm1:(D)D#591#555 prob_bp = 0.50000000000000000000
org.apache.commons.math3.special.Gamma:invGamma1pm1:(D)D#591#558 prob_bp = 0.50000000000000000000
org.apache.commons.math3.special.Gamma:invGamma1pm1:(D)D#591#560 prob_bp = 0.50000000000000000000
org.apache.commons.math3.special.Gamma:invGamma1pm1:(D)D#591#562 prob_bp = 0.50000000000000000000
org.apache.commons.math3.special.Gamma:invGamma1pm1:(D)D#591#563 prob_bp = 0.50000000000000000000
org.apache.commons.math3.special.Gamma:invGamma1pm1:(D)D#591#564 prob_bp = 0.50000000000000000000
org.apache.commons.math3.special.Gamma:invGamma1pm1:(D)D#592#566 prob_bp = 0.50000000000000000000
org.apache.commons.math3.special.Gamma:invGamma1pm1:(D)D#592#569 prob_bp = 0.50000000000000000000
org.apache.commons.math3.special.Gamma:invGamma1pm1:(D)D#592#571 prob_bp = 0.50000000000000000000
org.apache.commons.math3.special.Gamma:invGamma1pm1:(D)D#592#573 prob_bp = 0.50000000000000000000
org.apache.commons.math3.special.Gamma:invGamma1pm1:(D)D#592#574 prob_bp = 0.50000000000000000000
org.apache.commons.math3.special.Gamma:invGamma1pm1:(D)D#592#575 prob_bp = 0.50000000000000000000
org.apache.commons.math3.special.Gamma:invGamma1pm1:(D)D#593#577 prob_bp = 0.50000000000000000000
org.apache.commons.math3.special.Gamma:invGamma1pm1:(D)D#593#580 prob_bp = 0.50000000000000000000
org.apache.commons.math3.special.Gamma:invGamma1pm1:(D)D#593#582 prob_bp = 0.50000000000000000000
org.apache.commons.math3.special.Gamma:invGamma1pm1:(D)D#593#584 prob_bp = 0.50000000000000000000
org.apache.commons.math3.special.Gamma:invGamma1pm1:(D)D#593#585 prob_bp = 0.50000000000000000000
org.apache.commons.math3.special.Gamma:invGamma1pm1:(D)D#593#586 prob_bp = 0.50000000000000000000
org.apache.commons.math3.special.Gamma:invGamma1pm1:(D)D#594#588 prob_bp = 0.50000000000000000000
org.apache.commons.math3.special.Gamma:invGamma1pm1:(D)D#594#591 prob_bp = 0.50000000000000000000
org.apache.commons.math3.special.Gamma:invGamma1pm1:(D)D#594#593 prob_bp = 0.50000000000000000000
org.apache.commons.math3.special.Gamma:invGamma1pm1:(D)D#594#595 prob_bp = 0.50000000000000000000
org.apache.commons.math3.special.Gamma:invGamma1pm1:(D)D#594#596 prob_bp = 0.50000000000000000000
org.apache.commons.math3.special.Gamma:invGamma1pm1:(D)D#594#597 prob_bp = 0.50000000000000000000
org.apache.commons.math3.special.Gamma:invGamma1pm1:(D)D#595#599 prob_bp = 0.50000000000000000000
org.apache.commons.math3.special.Gamma:invGamma1pm1:(D)D#595#602 prob_bp = 0.50000000000000000000
org.apache.commons.math3.special.Gamma:invGamma1pm1:(D)D#595#604 prob_bp = 0.50000000000000000000
org.apache.commons.math3.special.Gamma:invGamma1pm1:(D)D#595#606 prob_bp = 0.50000000000000000000
org.apache.commons.math3.special.Gamma:invGamma1pm1:(D)D#595#607 prob_bp = 0.50000000000000000000
org.apache.commons.math3.special.Gamma:invGamma1pm1:(D)D#595#608 prob_bp = 0.50000000000000000000
org.apache.commons.math3.special.Gamma:invGamma1pm1:(D)D#596#610 prob_bp = 0.50000000000000000000
org.apache.commons.math3.special.Gamma:invGamma1pm1:(D)D#596#613 prob_bp = 0.50000000000000000000
org.apache.commons.math3.special.Gamma:invGamma1pm1:(D)D#596#615 prob_bp = 0.50000000000000000000
org.apache.commons.math3.special.Gamma:invGamma1pm1:(D)D#596#617 prob_bp = 0.50000000000000000000
org.apache.commons.math3.special.Gamma:invGamma1pm1:(D)D#596#618 prob_bp = 0.50000000000000000000
org.apache.commons.math3.special.Gamma:invGamma1pm1:(D)D#596#619 prob_bp = 0.50000000000000000000
org.apache.commons.math3.special.Gamma:invGamma1pm1:(D)D#597#621 prob_bp = 0.50000000000000000000
org.apache.commons.math3.special.Gamma:invGamma1pm1:(D)D#597#624 prob_bp = 0.50000000000000000000
org.apache.commons.math3.special.Gamma:invGamma1pm1:(D)D#597#626 prob_bp = 0.50000000000000000000
org.apache.commons.math3.special.Gamma:invGamma1pm1:(D)D#597#628 prob_bp = 0.50000000000000000000
org.apache.commons.math3.special.Gamma:invGamma1pm1:(D)D#597#629 prob_bp = 0.50000000000000000000
org.apache.commons.math3.special.Gamma:invGamma1pm1:(D)D#597#630 prob_bp = 0.50000000000000000000
org.apache.commons.math3.special.Gamma:invGamma1pm1:(D)D#598#632 prob_bp = 0.50000000000000000000
org.apache.commons.math3.special.Gamma:invGamma1pm1:(D)D#598#635 prob_bp = 0.50000000000000000000
org.apache.commons.math3.special.Gamma:invGamma1pm1:(D)D#598#637 prob_bp = 0.50000000000000000000
org.apache.commons.math3.special.Gamma:invGamma1pm1:(D)D#598#639 prob_bp = 0.50000000000000000000
org.apache.commons.math3.special.Gamma:invGamma1pm1:(D)D#598#640 prob_bp = 0.50000000000000000000
org.apache.commons.math3.special.Gamma:invGamma1pm1:(D)D#598#641 prob_bp = 0.50000000000000000000
org.apache.commons.math3.special.Gamma:invGamma1pm1:(D)D#599#643 prob_bp = 0.50000000000000000000
org.apache.commons.math3.special.Gamma:invGamma1pm1:(D)D#599#646 prob_bp = 0.50000000000000000000
org.apache.commons.math3.special.Gamma:invGamma1pm1:(D)D#599#648 prob_bp = 0.50000000000000000000
org.apache.commons.math3.special.Gamma:invGamma1pm1:(D)D#599#650 prob_bp = 0.50000000000000000000
org.apache.commons.math3.special.Gamma:invGamma1pm1:(D)D#599#651 prob_bp = 0.50000000000000000000
org.apache.commons.math3.special.Gamma:invGamma1pm1:(D)D#599#652 prob_bp = 0.50000000000000000000
org.apache.commons.math3.special.Gamma:invGamma1pm1:(D)D#601#654 prob_bp = 0.50000000000000000000
org.apache.commons.math3.special.Gamma:invGamma1pm1:(D)D#601#655 prob_bp = 0.50000000000000000000
org.apache.commons.math3.special.Gamma:invGamma1pm1:(D)D#601#659 prob_bp = 0.50000000000000000000
org.apache.commons.math3.special.Gamma:invGamma1pm1:(D)D#602#662 prob_bp = 0.50000000000000000000
org.apache.commons.math3.special.Gamma:invGamma1pm1:(D)D#602#664 prob_bp = 0.50000000000000000000
org.apache.commons.math3.special.Gamma:invGamma1pm1:(D)D#602#665 prob_bp = 0.50000000000000000000
org.apache.commons.math3.special.Gamma:invGamma1pm1:(D)D#602#666 prob_bp = 0.50000000000000000000
org.apache.commons.math3.special.Gamma:invGamma1pm1:(D)D#602#668 prob_bp = 0.50000000000000000000
org.apache.commons.math3.special.Gamma:invGamma1pm1:(D)D#602#671 prob_bp = 0.50000000000000000000
org.apache.commons.math3.special.Gamma:invGamma1pm1:(D)D#602#672 prob_bp = 0.50000000000000000000
org.apache.commons.math3.special.Gamma:invGamma1pm1:(D)D#602#675 prob_bp = 0.50000000000000000000
org.apache.commons.math3.special.Gamma:invGamma1pm1:(D)D#602#676 prob_bp = 0.50000000000000000000
org.apache.commons.math3.special.Gamma:invGamma1pm1:(D)D#602#677 prob_bp = 0.50000000000000000000
org.apache.commons.math3.special.Gamma:invGamma1pm1:(D)D#601#659#unexe#2 prob_bp = 0.50000000000000000000
org.apache.commons.math3.special.Gamma:invGamma1pm1:(D)D#540#81#unexe#2 prob_bp = 0.50000000000000000000
org.apache.commons.math3.special.Gamma:invGamma1pm1:(D)D#608#687 prob_bp = 0.50000000000000000000
org.apache.commons.math3.special.Gamma:logGamma1p:(D)D#631#58 prob_bp = 0.50000000000000000000
org.apache.commons.math3.util.FastMath:log1p:(D)D#1338#1 prob_bp = 0.50000000000000000000
org.apache.commons.math3.util.FastMath:log1p:(D)D#1338#5 prob_bp = 0.50000000000000000000
org.apache.commons.math3.util.FastMath:log1p:(D)D#1342#12 prob_bp = 0.50000000000000000000
org.apache.commons.math3.util.FastMath:log1p:(D)D#1342#17 prob_bp = 0.50000000000000000000
org.apache.commons.math3.util.FastMath:log1p:(D)D#1346#24 prob_bp = 0.50000000000000000000
org.apache.commons.math3.util.FastMath:log1p:(D)D#1346#25 prob_bp = 0.50000000000000000000
org.apache.commons.math3.util.FastMath:log1p:(D)D#1346#29 prob_bp = 0.50000000000000000000
org.apache.commons.math3.util.FastMath:log1p:(D)D#1346#32 prob_bp = 0.50000000000000000000
org.apache.commons.math3.util.FastMath:log1p:(D)D#1346#33 prob_bp = 0.50000000000000000000
org.apache.commons.math3.util.FastMath:log1p:(D)D#1348#40 prob_bp = 0.50000000000000000000
org.apache.commons.math3.util.FastMath:log1p:(D)D#1348#41 prob_bp = 0.50000000000000000000
org.apache.commons.math3.util.FastMath:log1p:(D)D#1348#42 prob_bp = 0.50000000000000000000
org.apache.commons.math3.util.FastMath:log1p:(D)D#1348#43 prob_bp = 0.50000000000000000000
org.apache.commons.math3.util.FastMath:log1p:(D)D#1349#44 prob_bp = 0.50000000000000000000
org.apache.commons.math3.util.FastMath:log1p:(D)D#1349#45 prob_bp = 0.50000000000000000000
org.apache.commons.math3.util.FastMath:log1p:(D)D#1349#46 prob_bp = 0.50000000000000000000
org.apache.commons.math3.util.FastMath:log1p:(D)D#1349#47 prob_bp = 0.50000000000000000000
org.apache.commons.math3.util.FastMath:log1p:(D)D#1349#48 prob_bp = 0.50000000000000000000
org.apache.commons.math3.util.FastMath:log1p:(D)D#1349#49 prob_bp = 0.50000000000000000000
org.apache.commons.math3.util.FastMath:log1p:(D)D#1349#50 prob_bp = 0.50000000000000000000
org.apache.commons.math3.util.FastMath:log1p:(D)D#1351#52 prob_bp = 0.50000000000000000000
org.apache.commons.math3.util.FastMath:log1p:(D)D#1351#53 prob_bp = 0.50000000000000000000
org.apache.commons.math3.util.FastMath:log1p:(D)D#1351#55 prob_bp = 0.50000000000000000000
org.apache.commons.math3.util.FastMath:log1p:(D)D#1352#57 prob_bp = 0.50000000000000000000
org.apache.commons.math3.util.FastMath:log1p:(D)D#1352#58 prob_bp = 0.50000000000000000000
org.apache.commons.math3.util.FastMath:log1p:(D)D#1352#60 prob_bp = 0.50000000000000000000
org.apache.commons.math3.util.FastMath:log:(D[D)D#1155#149 prob_bp = 0.50000000000000000000
org.apache.commons.math3.util.FastMath:log:(D[D)D#1155#157 prob_bp = 0.50000000000000000000
org.apache.commons.math3.util.FastMath:log:(D[D)D#1155#158 prob_bp = 0.50000000000000000000
org.apache.commons.math3.util.FastMath:log:(D[D)D#1222#470 prob_bp = 0.50000000000000000000
org.apache.commons.math3.util.FastMath:log:(D[D)D#1222#472 prob_bp = 0.50000000000000000000
org.apache.commons.math3.util.FastMath:log:(D[D)D#1222#476 prob_bp = 0.50000000000000000000
org.apache.commons.math3.util.FastMath:log:(D[D)D#1223#478 prob_bp = 0.50000000000000000000
org.apache.commons.math3.util.FastMath:log:(D[D)D#1223#480 prob_bp = 0.50000000000000000000
org.apache.commons.math3.util.FastMath:log:(D[D)D#1223#482 prob_bp = 0.50000000000000000000
org.apache.commons.math3.util.FastMath:log:(D[D)D#1223#483 prob_bp = 0.50000000000000000000
org.apache.commons.math3.util.FastMath:log:(D[D)D#1223#485 prob_bp = 0.50000000000000000000
org.apache.commons.math3.util.FastMath:log:(D[D)D#1223#486 prob_bp = 0.50000000000000000000
org.apache.commons.math3.util.FastMath:log:(D[D)D#1224#488 prob_bp = 0.50000000000000000000
org.apache.commons.math3.util.FastMath:log:(D[D)D#1224#490 prob_bp = 0.50000000000000000000
org.apache.commons.math3.util.FastMath:log:(D[D)D#1224#492 prob_bp = 0.50000000000000000000
org.apache.commons.math3.util.FastMath:log:(D[D)D#1224#493 prob_bp = 0.50000000000000000000
org.apache.commons.math3.util.FastMath:log:(D[D)D#1225#495 prob_bp = 0.50000000000000000000
org.apache.commons.math3.util.FastMath:log:(D[D)D#1225#497 prob_bp = 0.50000000000000000000
org.apache.commons.math3.util.FastMath:log:(D[D)D#1226#499 prob_bp = 0.50000000000000000000
org.apache.commons.math3.util.FastMath:log:(D[D)D#1226#501 prob_bp = 0.50000000000000000000
org.apache.commons.math3.util.FastMath:log:(D[D)D#1229#503 prob_bp = 0.50000000000000000000
org.apache.commons.math3.util.FastMath:log:(D[D)D#1229#504 prob_bp = 0.50000000000000000000
org.apache.commons.math3.util.FastMath:log:(D[D)D#1229#508 prob_bp = 0.50000000000000000000
org.apache.commons.math3.util.FastMath:log:(D[D)D#1229#509 prob_bp = 0.50000000000000000000
org.apache.commons.math3.util.FastMath:log:(D[D)D#1230#511 prob_bp = 0.50000000000000000000
org.apache.commons.math3.util.FastMath:log:(D[D)D#1230#514 prob_bp = 0.50000000000000000000
org.apache.commons.math3.util.FastMath:log:(D[D)D#1230#515 prob_bp = 0.50000000000000000000
org.apache.commons.math3.util.FastMath:log:(D[D)D#1230#519 prob_bp = 0.50000000000000000000
org.apache.commons.math3.util.FastMath:log:(D[D)D#1230#521 prob_bp = 0.50000000000000000000
org.apache.commons.math3.util.FastMath:log:(D[D)D#1231#523 prob_bp = 0.50000000000000000000
org.apache.commons.math3.util.FastMath:log:(D[D)D#1231#525 prob_bp = 0.50000000000000000000
org.apache.commons.math3.util.FastMath:log:(D[D)D#1231#527 prob_bp = 0.50000000000000000000
org.apache.commons.math3.util.FastMath:log:(D[D)D#1231#529 prob_bp = 0.50000000000000000000
org.apache.commons.math3.util.FastMath:log:(D[D)D#1231#530 prob_bp = 0.50000000000000000000
org.apache.commons.math3.util.FastMath:log:(D[D)D#1231#531 prob_bp = 0.50000000000000000000
org.apache.commons.math3.util.FastMath:log:(D[D)D#1231#533 prob_bp = 0.50000000000000000000
org.apache.commons.math3.util.FastMath:log:(D[D)D#1231#535 prob_bp = 0.50000000000000000000
org.apache.commons.math3.util.FastMath:log:(D[D)D#1231#536 prob_bp = 0.50000000000000000000
org.apache.commons.math3.util.FastMath:log:(D[D)D#1232#539 prob_bp = 0.50000000000000000000
org.apache.commons.math3.util.FastMath:log:(D[D)D#1232#543 prob_bp = 0.50000000000000000000
org.apache.commons.math3.util.FastMath:log:(D[D)D#1232#545 prob_bp = 0.50000000000000000000
org.apache.commons.math3.util.FastMath:log:(D[D)D#1232#547 prob_bp = 0.50000000000000000000
org.apache.commons.math3.util.FastMath:log:(D[D)D#1235#549 prob_bp = 0.50000000000000000000
org.apache.commons.math3.util.FastMath:log:(D[D)D#1235#552 prob_bp = 0.50000000000000000000
org.apache.commons.math3.util.FastMath:log:(D[D)D#1235#555 prob_bp = 0.50000000000000000000
org.apache.commons.math3.util.FastMath:log:(D[D)D#1235#557 prob_bp = 0.50000000000000000000
org.apache.commons.math3.util.FastMath:log:(D[D)D#1235#558 prob_bp = 0.50000000000000000000
org.apache.commons.math3.util.FastMath:log:(D[D)D#1235#559 prob_bp = 0.50000000000000000000
org.apache.commons.math3.util.FastMath:log:(D[D)D#1236#561 prob_bp = 0.50000000000000000000
org.apache.commons.math3.util.FastMath:log:(D[D)D#1236#563 prob_bp = 0.50000000000000000000
org.apache.commons.math3.util.FastMath:log:(D[D)D#1236#564 prob_bp = 0.50000000000000000000
org.apache.commons.math3.util.FastMath:log:(D[D)D#1236#565 prob_bp = 0.50000000000000000000
org.apache.commons.math3.util.FastMath:log:(D[D)D#1237#567 prob_bp = 0.50000000000000000000
org.apache.commons.math3.util.FastMath:log:(D[D)D#1237#569 prob_bp = 0.50000000000000000000
org.apache.commons.math3.util.FastMath:log:(D[D)D#1237#570 prob_bp = 0.50000000000000000000
org.apache.commons.math3.util.FastMath:log:(D[D)D#1237#571 prob_bp = 0.50000000000000000000
org.apache.commons.math3.util.FastMath:log:(D[D)D#1239#573 prob_bp = 0.50000000000000000000
org.apache.commons.math3.util.FastMath:log:(D[D)D#1239#576 prob_bp = 0.50000000000000000000
org.apache.commons.math3.util.FastMath:log:(D[D)D#1239#578 prob_bp = 0.50000000000000000000
org.apache.commons.math3.util.FastMath:log:(D[D)D#1239#579 prob_bp = 0.50000000000000000000
org.apache.commons.math3.util.FastMath:log:(D[D)D#1239#583 prob_bp = 0.50000000000000000000
org.apache.commons.math3.util.FastMath:log:(D[D)D#1241#586 prob_bp = 0.50000000000000000000
org.apache.commons.math3.util.FastMath:log:(D[D)D#1241#590 prob_bp = 0.50000000000000000000
org.apache.commons.math3.util.FastMath:log:(D[D)D#1241#591 prob_bp = 0.50000000000000000000
org.apache.commons.math3.util.FastMath:log:(D[D)D#1242#593 prob_bp = 0.50000000000000000000
org.apache.commons.math3.util.FastMath:log:(D[D)D#1242#595 prob_bp = 0.50000000000000000000
org.apache.commons.math3.util.FastMath:log:(D[D)D#1242#598 prob_bp = 0.50000000000000000000
org.apache.commons.math3.util.FastMath:log:(D[D)D#1242#602 prob_bp = 0.50000000000000000000
org.apache.commons.math3.util.FastMath:log:(D[D)D#1242#604 prob_bp = 0.50000000000000000000
org.apache.commons.math3.util.FastMath:log:(D[D)D#1242#606 prob_bp = 0.50000000000000000000
org.apache.commons.math3.util.FastMath:log:(D[D)D#1242#609 prob_bp = 0.50000000000000000000
org.apache.commons.math3.util.FastMath:log:(D[D)D#1244#612 prob_bp = 0.50000000000000000000
org.apache.commons.math3.util.FastMath:log:(D[D)D#1244#617 prob_bp = 0.50000000000000000000
org.apache.commons.math3.util.FastMath:log:(D[D)D#1244#618 prob_bp = 0.50000000000000000000
org.apache.commons.math3.util.FastMath:log:(D[D)D#1245#620 prob_bp = 0.50000000000000000000
org.apache.commons.math3.util.FastMath:log:(D[D)D#1245#624 prob_bp = 0.50000000000000000000
org.apache.commons.math3.util.FastMath:log:(D[D)D#1245#627 prob_bp = 0.50000000000000000000
org.apache.commons.math3.util.FastMath:log:(D[D)D#1246#630 prob_bp = 0.50000000000000000000
org.apache.commons.math3.util.FastMath:log:(D[D)D#1246#632 prob_bp = 0.50000000000000000000
org.apache.commons.math3.util.FastMath:log:(D[D)D#1246#635 prob_bp = 0.50000000000000000000
org.apache.commons.math3.util.FastMath:log:(D[D)D#1246#637 prob_bp = 0.50000000000000000000
org.apache.commons.math3.util.FastMath:log:(D[D)D#1246#638 prob_bp = 0.50000000000000000000
org.apache.commons.math3.util.FastMath:log:(D[D)D#1249#640 prob_bp = 0.50000000000000000000
org.apache.commons.math3.util.FastMath:log:(D[D)D#1249#643 prob_bp = 0.50000000000000000000
org.apache.commons.math3.util.FastMath:log:(D[D)D#1249#645 prob_bp = 0.50000000000000000000
org.apache.commons.math3.util.FastMath:log:(D[D)D#1249#646 prob_bp = 0.50000000000000000000
org.apache.commons.math3.util.FastMath:log:(D[D)D#1250#648 prob_bp = 0.50000000000000000000
org.apache.commons.math3.util.FastMath:log:(D[D)D#1250#654 prob_bp = 0.50000000000000000000
org.apache.commons.math3.util.FastMath:log:(D[D)D#1250#655 prob_bp = 0.50000000000000000000
org.apache.commons.math3.util.FastMath:log:(D[D)D#1251#657 prob_bp = 0.50000000000000000000
org.apache.commons.math3.util.FastMath:log:(D[D)D#1251#663 prob_bp = 0.50000000000000000000
org.apache.commons.math3.util.FastMath:log:(D[D)D#1251#664 prob_bp = 0.50000000000000000000
org.apache.commons.math3.util.FastMath:log:(D[D)D#1253#666 prob_bp = 0.50000000000000000000
org.apache.commons.math3.util.FastMath:log:(D[D)D#1253#671 prob_bp = 0.50000000000000000000
org.apache.commons.math3.util.FastMath:log:(D[D)D#1254#674 prob_bp = 0.50000000000000000000
org.apache.commons.math3.util.FastMath:log:(D[D)D#1254#676 prob_bp = 0.50000000000000000000
org.apache.commons.math3.util.FastMath:log:(D[D)D#1254#678 prob_bp = 0.50000000000000000000
org.apache.commons.math3.util.FastMath:log:(D[D)D#1254#679 prob_bp = 0.50000000000000000000
org.apache.commons.math3.util.FastMath:log:(D[D)D#1254#681 prob_bp = 0.50000000000000000000
org.apache.commons.math3.util.FastMath:log:(D[D)D#1255#684 prob_bp = 0.50000000000000000000
org.apache.commons.math3.util.FastMath:log:(D[D)D#1255#688 prob_bp = 0.50000000000000000000
org.apache.commons.math3.util.FastMath:log:(D[D)D#1255#689 prob_bp = 0.50000000000000000000
org.apache.commons.math3.util.FastMath:log:(D[D)D#1255#692 prob_bp = 0.50000000000000000000
org.apache.commons.math3.util.FastMath:log:(D[D)D#1239#694 prob_bp = 0.50000000000000000000
org.apache.commons.math3.util.FastMath:log:(D[D)D#1239#583#unexe#28 prob_bp = 0.50000000000000000000
org.apache.commons.math3.util.FastMath:log:(D[D)D#1259#700 prob_bp = 0.50000000000000000000
org.apache.commons.math3.util.FastMath:log:(D[D)D#1259#702 prob_bp = 0.50000000000000000000
org.apache.commons.math3.util.FastMath:log:(D[D)D#1259#704 prob_bp = 0.50000000000000000000
org.apache.commons.math3.util.FastMath:log:(D[D)D#1260#707 prob_bp = 0.50000000000000000000
org.apache.commons.math3.util.FastMath:log:(D[D)D#1260#709 prob_bp = 0.50000000000000000000
org.apache.commons.math3.util.FastMath:log:(D[D)D#1260#711 prob_bp = 0.50000000000000000000
org.apache.commons.math3.util.FastMath:log:(D[D)D#1260#712 prob_bp = 0.50000000000000000000
org.apache.commons.math3.util.FastMath:log:(D[D)D#1260#714 prob_bp = 0.50000000000000000000
org.apache.commons.math3.util.FastMath:log:(D[D)D#1260#716 prob_bp = 0.50000000000000000000
org.apache.commons.math3.util.FastMath:log:(D[D)D#1260#717 prob_bp = 0.50000000000000000000
org.apache.commons.math3.util.FastMath:log:(D[D)D#1260#718 prob_bp = 0.50000000000000000000
org.apache.commons.math3.util.FastMath:log:(D[D)D#1260#722 prob_bp = 0.50000000000000000000
org.apache.commons.math3.util.FastMath:log:(D[D)D#1260#723 prob_bp = 0.50000000000000000000
org.apache.commons.math3.util.FastMath:log:(D[D)D#1260#724 prob_bp = 0.50000000000000000000
org.apache.commons.math3.util.FastMath:log:(D[D)D#1268#726 prob_bp = 0.50000000000000000000
org.apache.commons.math3.util.FastMath:log:(D[D)D#1268#728 prob_bp = 0.50000000000000000000
org.apache.commons.math3.util.FastMath:log:(D[D)D#1268#730 prob_bp = 0.50000000000000000000
org.apache.commons.math3.util.FastMath:log:(D[D)D#1268#731 prob_bp = 0.50000000000000000000
org.apache.commons.math3.util.FastMath:log:(D[D)D#1269#733 prob_bp = 0.50000000000000000000
org.apache.commons.math3.util.FastMath:log:(D[D)D#1269#735 prob_bp = 0.50000000000000000000
org.apache.commons.math3.util.FastMath:log:(D[D)D#1269#737 prob_bp = 0.50000000000000000000
org.apache.commons.math3.util.FastMath:log:(D[D)D#1269#738 prob_bp = 0.50000000000000000000
org.apache.commons.math3.util.FastMath:log:(D[D)D#1269#740 prob_bp = 0.50000000000000000000
org.apache.commons.math3.util.FastMath:log:(D[D)D#1269#741 prob_bp = 0.50000000000000000000
org.apache.commons.math3.util.FastMath:log:(D[D)D#1269#742 prob_bp = 0.50000000000000000000
org.apache.commons.math3.util.FastMath:log:(D[D)D#1325#996 prob_bp = 0.50000000000000000000
org.apache.commons.math3.util.FastMath:log:(D[D)D#1325#997 prob_bp = 0.50000000000000000000
org.apache.commons.math3.util.FastMath:log:(D[D)D#1325#998 prob_bp = 0.50000000000000000000
org.apache.commons.math3.util.FastMath:log:(D[D)D#1325#1000 prob_bp = 0.50000000000000000000
org.apache.commons.math3.util.FastMath:log1p:(D)D#1359#76 prob_bp = 0.50000000000000000000
org.apache.commons.math3.util.FastMath:log1p:(D)D#1359#78 prob_bp = 0.50000000000000000000
org.apache.commons.math3.util.FastMath:log1p:(D)D#1359#79 prob_bp = 0.50000000000000000000
org.apache.commons.math3.util.FastMath:log1p:(D)D#1359#80 prob_bp = 0.50000000000000000000
org.apache.commons.math3.util.FastMath:log1p:(D)D#1360#82 prob_bp = 0.50000000000000000000
org.apache.commons.math3.util.FastMath:log1p:(D)D#1360#85 prob_bp = 0.50000000000000000000
org.apache.commons.math3.util.FastMath:log1p:(D)D#1360#88 prob_bp = 0.50000000000000000000
org.apache.commons.math3.util.FastMath:log1p:(D)D#1360#89 prob_bp = 0.50000000000000000000
org.apache.commons.math3.util.FastMath:log1p:(D)D#1360#90 prob_bp = 0.50000000000000000000
org.apache.commons.math3.util.FastMath:log1p:(D)D#1361#94 prob_bp = 0.50000000000000000000
org.apache.commons.math3.util.FastMath:log1p:(D)D#1361#96 prob_bp = 0.50000000000000000000
org.apache.commons.math3.util.FastMath:log1p:(D)D#1361#97 prob_bp = 0.50000000000000000000
org.apache.commons.math3.util.FastMath:log1p:(D)D#1361#101 prob_bp = 0.50000000000000000000
org.apache.commons.math3.util.FastMath:log1p:(D)D#1361#102 prob_bp = 0.50000000000000000000
org.apache.commons.math3.util.FastMath:log1p:(D)D#1361#106 prob_bp = 0.50000000000000000000
org.apache.commons.math3.util.FastMath:log1p:(D)D#1361#107 prob_bp = 0.50000000000000000000
org.apache.commons.math3.special.Gamma:logGamma1p:(D)D#631#61 prob_bp = 0.50000000000000000000
org.apache.commons.math3.special.Gamma:logGamma1p:(D)D#631#62 prob_bp = 0.50000000000000000000
org.apache.commons.math3.special.Gamma:logGamma:(D)D#251#58 prob_bp = 0.50000000000000000000
org.apache.commons.math3.special.Beta:logBeta:(DDDI)D#201#38 prob_bp = 0.50000000000000000000
org.apache.commons.math3.special.Beta:logBeta:(DDDI)D#201#39 prob_bp = 0.50000000000000000000
org.apache.commons.math3.special.Gamma:logGamma:(D)D#252#59 prob_bp = 0.50000000000000000000
org.apache.commons.math3.special.Gamma:logGamma:(D)D#252#60 prob_bp = 0.50000000000000000000
org.apache.commons.math3.special.Gamma:logGamma:(D)D#252#63 prob_bp = 0.50000000000000000000
org.apache.commons.math3.special.Gamma:logGamma:(D)D#252#64 prob_bp = 0.50000000000000000000
org.apache.commons.math3.special.Gamma:logGamma:(D)D#253#67 prob_bp = 0.50000000000000000000
org.apache.commons.math3.special.Gamma:logGamma:(D)D#253#68 prob_bp = 0.50000000000000000000
org.apache.commons.math3.special.Gamma:logGamma:(D)D#253#71 prob_bp = 0.50000000000000000000
org.apache.commons.math3.special.Gamma:logGamma:(D)D#253#72 prob_bp = 0.50000000000000000000
org.apache.commons.math3.util.FastMath:floor:(D)D#3306#0 prob_bp = 0.50000000000000000000
org.apache.commons.math3.util.FastMath:floor:(D)D#3306#1 prob_bp = 0.50000000000000000000
org.apache.commons.math3.util.FastMath:floor:(D)D#3306#2 prob_bp = 0.50000000000000000000
org.apache.commons.math3.util.FastMath:floor:(D)D#3306#3 prob_bp = 0.50000000000000000000
org.apache.commons.math3.util.FastMath:floor:(D)D#3310#8 prob_bp = 0.50000000000000000000
org.apache.commons.math3.util.FastMath:floor:(D)D#3310#9 prob_bp = 0.50000000000000000000
org.apache.commons.math3.util.FastMath:floor:(D)D#3310#12 prob_bp = 0.50000000000000000000
org.apache.commons.math3.util.FastMath:floor:(D)D#3310#13 prob_bp = 0.50000000000000000000
org.apache.commons.math3.util.FastMath:floor:(D)D#3310#16 prob_bp = 0.50000000000000000000
org.apache.commons.math3.util.FastMath:floor:(D)D#3310#17 prob_bp = 0.50000000000000000000
org.apache.commons.math3.util.FastMath:floor:(D)D#3310#20 prob_bp = 0.50000000000000000000
org.apache.commons.math3.util.FastMath:floor:(D)D#3310#21 prob_bp = 0.50000000000000000000
org.apache.commons.math3.util.FastMath:floor:(D)D#3314#26 prob_bp = 0.50000000000000000000
org.apache.commons.math3.util.FastMath:floor:(D)D#3314#28 prob_bp = 0.50000000000000000000
org.apache.commons.math3.util.FastMath:floor:(D)D#3315#29 prob_bp = 0.50000000000000000000
org.apache.commons.math3.util.FastMath:floor:(D)D#3315#30 prob_bp = 0.50000000000000000000
org.apache.commons.math3.util.FastMath:floor:(D)D#3315#31 prob_bp = 0.50000000000000000000
org.apache.commons.math3.util.FastMath:floor:(D)D#3315#32 prob_bp = 0.50000000000000000000
org.apache.commons.math3.util.FastMath:floor:(D)D#3315#32#unexe#2 prob_bp = 0.50000000000000000000
org.apache.commons.math3.util.FastMath:floor:(D)D#3319#46 prob_bp = 0.50000000000000000000
org.apache.commons.math3.util.FastMath:floor:(D)D#3319#47 prob_bp = 0.50000000000000000000
org.apache.commons.math3.util.FastMath:floor:(D)D#3319#48 prob_bp = 0.50000000000000000000
org.apache.commons.math3.util.FastMath:floor:(D)D#3319#49 prob_bp = 0.50000000000000000000
org.apache.commons.math3.util.FastMath:floor:(D)D#3323#57 prob_bp = 0.50000000000000000000
org.apache.commons.math3.util.FastMath:floor:(D)D#3323#58 prob_bp = 0.50000000000000000000
org.apache.commons.math3.util.FastMath:floor:(D)D#3323#59 prob_bp = 0.50000000000000000000
org.apache.commons.math3.special.Gamma:logGamma:(D)D#253#75 prob_bp = 0.50000000000000000000
org.apache.commons.math3.special.Gamma:logGamma:(D)D#253#76 prob_bp = 0.50000000000000000000
org.apache.commons.math3.special.Gamma:logGamma:(D)D#254#78 prob_bp = 0.50000000000000000000
org.apache.commons.math3.special.Gamma:logGamma:(D)D#254#79 prob_bp = 0.50000000000000000000
org.apache.commons.math3.special.Gamma:logGamma:(D)D#255#84 prob_bp = 0.50000000000000000000
org.apache.commons.math3.special.Gamma:logGamma:(D)D#256#91 prob_bp = 0.50000000000000000000
org.apache.commons.math3.special.Gamma:logGamma:(D)D#256#93 prob_bp = 0.50000000000000000000
org.apache.commons.math3.special.Gamma:logGamma:(D)D#256#94 prob_bp = 0.50000000000000000000
org.apache.commons.math3.special.Gamma:logGamma:(D)D#256#96 prob_bp = 0.50000000000000000000
org.apache.commons.math3.special.Gamma:logGamma:(D)D#256#97 prob_bp = 0.50000000000000000000
org.apache.commons.math3.special.Gamma:logGamma:(D)D#256#99 prob_bp = 0.50000000000000000000
org.apache.commons.math3.special.Gamma:logGamma:(D)D#258#107 prob_bp = 0.50000000000000000000
org.apache.commons.math3.special.Gamma:logGamma:(D)D#258#108 prob_bp = 0.50000000000000000000
org.apache.commons.math3.special.Gamma:logGamma:(D)D#258#110 prob_bp = 0.50000000000000000000
org.apache.commons.math3.special.Gamma:logGamma:(D)D#258#111 prob_bp = 0.50000000000000000000
org.apache.commons.math3.special.Gamma:logGamma:(D)D#258#112 prob_bp = 0.50000000000000000000
org.apache.commons.math3.special.Gamma:logGamma:(D)D#258#113 prob_bp = 0.50000000000000000000
org.apache.commons.math3.util.FastMath:log1p:(D)D#1364#108 prob_bp = 0.50000000000000000000
org.apache.commons.math3.util.FastMath:log1p:(D)D#1364#109 prob_bp = 0.50000000000000000000
org.apache.commons.math3.util.FastMath:log1p:(D)D#1364#112 prob_bp = 0.50000000000000000000
org.apache.commons.math3.util.FastMath:log1p:(D)D#1364#113 prob_bp = 0.50000000000000000000
org.apache.commons.math3.util.FastMath:log1p:(D)D#1364#116 prob_bp = 0.50000000000000000000
org.apache.commons.math3.util.FastMath:log1p:(D)D#1364#117 prob_bp = 0.50000000000000000000
org.apache.commons.math3.util.FastMath:log1p:(D)D#1364#118 prob_bp = 0.50000000000000000000
org.apache.commons.math3.util.FastMath:log1p:(D)D#1364#119 prob_bp = 0.50000000000000000000
org.apache.commons.math3.util.FastMath:log1p:(D)D#1364#120 prob_bp = 0.50000000000000000000
org.apache.commons.math3.util.FastMath:log1p:(D)D#1365#122 prob_bp = 0.50000000000000000000
org.apache.commons.math3.util.FastMath:log1p:(D)D#1365#123 prob_bp = 0.50000000000000000000
org.apache.commons.math3.util.FastMath:log1p:(D)D#1365#125 prob_bp = 0.50000000000000000000
org.apache.commons.math3.special.Gamma:logGamma:(D)D#258#122 prob_bp = 0.50000000000000000000
org.apache.commons.math3.special.Gamma:logGamma:(D)D#258#123 prob_bp = 0.50000000000000000000
org.apache.commons.math3.special.Beta:logBeta:(DDDI)D#201#43 prob_bp = 0.50000000000000000000
org.apache.commons.math3.special.Beta:logBeta:(DDDI)D#201#44 prob_bp = 0.50000000000000000000
org.apache.commons.math3.special.Beta:logBeta:(DDDI)D#201#45 prob_bp = 0.50000000000000000000
org.apache.commons.math3.special.Beta:logBeta:(DDDI)D#201#46 prob_bp = 0.50000000000000000000
org.apache.commons.math3.special.Gamma:invGamma1pm1:(D)D#539#62 prob_bp = 0.50000000000000000000
org.apache.commons.math3.special.Gamma:invGamma1pm1:(D)D#604#682 prob_bp = 0.50000000000000000000
org.apache.commons.math3.special.Gamma:invGamma1pm1:(D)D#604#684 prob_bp = 0.50000000000000000000
org.apache.commons.math3.special.Gamma:invGamma1pm1:(D)D#604#685 prob_bp = 0.50000000000000000000
org.apache.commons.math3.distribution.FDistribution:isSupportLowerBoundInclusive:()Z#275#1 prob_bp = 0.50000000000000000000
org.apache.commons.math3.util.FastMath:<clinit>:()V#126#282 prob_bp = 0.50000000000000010000
org.apache.commons.math3.distribution.FDistribution:density:(D)D#129#4 prob_bp = 0.50000000000000010000
org.apache.commons.math3.util.FastMath:log:(D)D#1096#1 prob_bp = 0.50000000000000010000
org.apache.commons.math3.util.FastMath:log:(D[D)D#1204#434 prob_bp = 0.50000000000000010000
org.apache.commons.math3.util.FastMath:log:(D[D)D#1204#437 prob_bp = 0.50000000000000010000
org.apache.commons.math3.util.FastMath:log:(D[D)D#1204#438 prob_bp = 0.50000000000000010000
org.apache.commons.math3.util.FastMath:log:(D[D)D#1215#441 prob_bp = 0.50000000000000010000
org.apache.commons.math3.util.FastMath:log:(D[D)D#1215#442 prob_bp = 0.50000000000000010000
org.apache.commons.math3.util.FastMath:log:(D[D)D#1215#451 prob_bp = 0.50000000000000010000
org.apache.commons.math3.util.FastMath:log:(D[D)D#1215#457 prob_bp = 0.50000000000000010000
org.apache.commons.math3.util.FastMath:log:(D[D)D#1220#466 prob_bp = 0.50000000000000010000
org.apache.commons.math3.util.FastMath:log:(D[D)D#1273#750 prob_bp = 0.50000000000000010000
org.apache.commons.math3.util.FastMath:log:(D[D)D#1274#754 prob_bp = 0.50000000000000010000
org.apache.commons.math3.util.FastMath:log:(D[D)D#1274#761 prob_bp = 0.50000000000000010000
org.apache.commons.math3.util.FastMath:log:(D[D)D#1275#768 prob_bp = 0.50000000000000010000
org.apache.commons.math3.util.FastMath:log:(D[D)D#1277#787 prob_bp = 0.50000000000000010000
org.apache.commons.math3.util.FastMath:log:(D[D)D#1277#789 prob_bp = 0.50000000000000010000
org.apache.commons.math3.util.FastMath:log:(D[D)D#1278#798 prob_bp = 0.50000000000000010000
org.apache.commons.math3.util.FastMath:log:(D[D)D#1279#807 prob_bp = 0.50000000000000010000
org.apache.commons.math3.util.FastMath:log:(D[D)D#1296#815 prob_bp = 0.50000000000000010000
org.apache.commons.math3.util.FastMath:log:(D[D)D#1296#817 prob_bp = 0.50000000000000010000
org.apache.commons.math3.util.FastMath:log:(D[D)D#1296#819 prob_bp = 0.50000000000000010000
org.apache.commons.math3.util.FastMath:log:(D[D)D#1297#822 prob_bp = 0.50000000000000010000
org.apache.commons.math3.util.FastMath:log:(D[D)D#1298#824 prob_bp = 0.50000000000000010000
org.apache.commons.math3.util.FastMath:log:(D[D)D#1298#828 prob_bp = 0.50000000000000010000
org.apache.commons.math3.util.FastMath:log:(D[D)D#1298#830 prob_bp = 0.50000000000000010000
org.apache.commons.math3.util.FastMath:log:(D[D)D#1299#837 prob_bp = 0.50000000000000010000
org.apache.commons.math3.util.FastMath:log:(D[D)D#1299#840 prob_bp = 0.50000000000000010000
org.apache.commons.math3.util.FastMath:log:(D[D)D#1299#842 prob_bp = 0.50000000000000010000
org.apache.commons.math3.util.FastMath:log:(D[D)D#1301#850 prob_bp = 0.50000000000000010000
org.apache.commons.math3.util.FastMath:log:(D[D)D#1301#852 prob_bp = 0.50000000000000010000
org.apache.commons.math3.util.FastMath:log:(D[D)D#1303#862 prob_bp = 0.50000000000000010000
org.apache.commons.math3.util.FastMath:log:(D[D)D#1305#877 prob_bp = 0.50000000000000010000
org.apache.commons.math3.util.FastMath:log:(D[D)D#1306#883 prob_bp = 0.50000000000000010000
org.apache.commons.math3.util.FastMath:log:(D[D)D#1308#886 prob_bp = 0.50000000000000010000
org.apache.commons.math3.util.FastMath:log:(D[D)D#1308#891 prob_bp = 0.50000000000000010000
org.apache.commons.math3.util.FastMath:log:(D[D)D#1308#893 prob_bp = 0.50000000000000010000
org.apache.commons.math3.util.FastMath:log:(D[D)D#1309#900 prob_bp = 0.50000000000000010000
org.apache.commons.math3.util.FastMath:log:(D[D)D#1309#902 prob_bp = 0.50000000000000010000
org.apache.commons.math3.util.FastMath:log:(D[D)D#1309#906 prob_bp = 0.50000000000000010000
org.apache.commons.math3.util.FastMath:log:(D[D)D#1309#908 prob_bp = 0.50000000000000010000
org.apache.commons.math3.util.FastMath:log:(D[D)D#1313#929 prob_bp = 0.50000000000000010000
org.apache.commons.math3.util.FastMath:log:(D[D)D#1314#941 prob_bp = 0.50000000000000010000
org.apache.commons.math3.util.FastMath:log:(D[D)D#1314#944 prob_bp = 0.50000000000000010000
org.apache.commons.math3.util.FastMath:log:(D[D)D#1316#953 prob_bp = 0.50000000000000010000
org.apache.commons.math3.util.FastMath:log:(D[D)D#1316#955 prob_bp = 0.50000000000000010000
org.apache.commons.math3.util.FastMath:log:(D[D)D#1318#962 prob_bp = 0.50000000000000010000
org.apache.commons.math3.util.FastMath:log:(D[D)D#1318#963 prob_bp = 0.50000000000000010000
org.apache.commons.math3.util.FastMath:log:(D[D)D#1321#985 prob_bp = 0.50000000000000010000
org.apache.commons.math3.distribution.FDistribution:density:(D)D#136#71 prob_bp = 0.50000000000000010000
org.apache.commons.math3.special.Gamma:logGamma1p:(D)D#624#1 prob_bp = 0.50000000000000010000
org.apache.commons.math3.special.Gamma:logGamma1p:(D)D#631#55 prob_bp = 0.50000000000000010000
org.apache.commons.math3.special.Gamma:invGamma1pm1:(D)D#531#4 prob_bp = 0.50000000000000010000
org.apache.commons.math3.special.Gamma:invGamma1pm1:(D)D#534#28 prob_bp = 0.50000000000000010000
org.apache.commons.math3.special.Gamma:invGamma1pm1:(D)D#539#59 prob_bp = 0.50000000000000010000
org.apache.commons.math3.special.Gamma:invGamma1pm1:(D)D#574#402 prob_bp = 0.50000000000000010000
org.apache.commons.math3.special.Gamma:invGamma1pm1:(D)D#576#424 prob_bp = 0.50000000000000010000
org.apache.commons.math3.special.Gamma:invGamma1pm1:(D)D#578#448 prob_bp = 0.50000000000000010000
org.apache.commons.math3.special.Gamma:invGamma1pm1:(D)D#582#473 prob_bp = 0.50000000000000010000
org.apache.commons.math3.special.Gamma:invGamma1pm1:(D)D#584#493 prob_bp = 0.50000000000000010000
org.apache.commons.math3.special.Gamma:invGamma1pm1:(D)D#584#495 prob_bp = 0.50000000000000010000
org.apache.commons.math3.special.Gamma:invGamma1pm1:(D)D#586#504 prob_bp = 0.50000000000000010000
org.apache.commons.math3.special.Gamma:invGamma1pm1:(D)D#586#507 prob_bp = 0.50000000000000010000
org.apache.commons.math3.special.Gamma:invGamma1pm1:(D)D#587#516 prob_bp = 0.50000000000000010000
org.apache.commons.math3.special.Gamma:invGamma1pm1:(D)D#589#542 prob_bp = 0.50000000000000010000
org.apache.commons.math3.util.FastMath:log1p:(D)D#1338#4 prob_bp = 0.50000000000000010000
org.apache.commons.math3.util.FastMath:log1p:(D)D#1342#13 prob_bp = 0.50000000000000010000
org.apache.commons.math3.util.FastMath:log1p:(D)D#1346#37 prob_bp = 0.50000000000000010000
org.apache.commons.math3.util.FastMath:log:(D[D)D#1155#162 prob_bp = 0.50000000000000010000
org.apache.commons.math3.util.FastMath:log:(D[D)D#1230#520 prob_bp = 0.50000000000000010000
org.apache.commons.math3.util.FastMath:log:(D[D)D#1232#546 prob_bp = 0.50000000000000010000
org.apache.commons.math3.util.FastMath:log:(D[D)D#1235#556 prob_bp = 0.50000000000000010000
org.apache.commons.math3.util.FastMath:log:(D[D)D#1239#577 prob_bp = 0.50000000000000010000
org.apache.commons.math3.util.FastMath:log:(D[D)D#1239#581 prob_bp = 0.50000000000000010000
org.apache.commons.math3.util.FastMath:log:(D[D)D#1241#588 prob_bp = 0.50000000000000010000
org.apache.commons.math3.util.FastMath:log:(D[D)D#1242#600 prob_bp = 0.50000000000000010000
org.apache.commons.math3.util.FastMath:log:(D[D)D#1242#603 prob_bp = 0.50000000000000010000
org.apache.commons.math3.util.FastMath:log:(D[D)D#1242#610 prob_bp = 0.50000000000000010000
org.apache.commons.math3.util.FastMath:log:(D[D)D#1245#628 prob_bp = 0.50000000000000010000
org.apache.commons.math3.util.FastMath:log:(D[D)D#1250#653 prob_bp = 0.50000000000000010000
org.apache.commons.math3.util.FastMath:log:(D[D)D#1253#672 prob_bp = 0.50000000000000010000
org.apache.commons.math3.util.FastMath:log:(D[D)D#1255#691 prob_bp = 0.50000000000000010000
org.apache.commons.math3.util.FastMath:log:(D[D)D#1260#720 prob_bp = 0.50000000000000010000
org.apache.commons.math3.util.FastMath:log1p:(D)D#1360#87 prob_bp = 0.50000000000000010000
org.apache.commons.math3.util.FastMath:log1p:(D)D#1361#92 prob_bp = 0.50000000000000010000
org.apache.commons.math3.special.Gamma:logGamma:(D)D#255#81 prob_bp = 0.50000000000000010000
org.apache.commons.math3.special.Gamma:logGamma:(D)D#255#82 prob_bp = 0.50000000000000010000
org.apache.commons.math3.special.Gamma:logGamma:(D)D#255#86 prob_bp = 0.50000000000000010000
org.apache.commons.math3.special.Gamma:logGamma:(D)D#255#88 prob_bp = 0.50000000000000010000
org.apache.commons.math3.util.FastMath:log1p:(D)D#1365#124 prob_bp = 0.50000000000000010000
org.apache.commons.math3.util.FastMath:log:(D[D)D#1300#848 prob_bp = 0.50000000000000020000
org.apache.commons.math3.util.FastMath:log:(D[D)D#1304#866 prob_bp = 0.50000000000000020000
org.apache.commons.math3.util.FastMath:log:(D[D)D#1309#910 prob_bp = 0.50000000000000020000
org.apache.commons.math3.util.FastMath:log:(D[D)D#1311#918 prob_bp = 0.50000000000000020000
org.apache.commons.math3.util.FastMath:log:(D[D)D#1318#960 prob_bp = 0.50000000000000020000
org.apache.commons.math3.util.FastMath:log:(D[D)D#1319#970 prob_bp = 0.50000000000000020000
org.apache.commons.math3.special.Gamma:invGamma1pm1:(D)D#540#81 prob_bp = 0.50000000000000020000
Belief propagation time : 0.349000s
