Belief propagation time: 54

Probabilities: 
Vars:51288
Stmts:5052
org.apache.commons.math.util.Incrementor:incrementCount:()V#151#18 prob_bp = 0.49878886594944640000
org.apache.commons.math.util.Incrementor:incrementCount:()V#151#22 prob_bp = 0.49878886594944640000
org.apache.commons.math.analysis.solvers.BaseAbstractUnivariateRealSolver:incrementEvaluationCount:()V#294#4 prob_bp = 0.49937065498821080000
org.apache.commons.math.analysis.solvers.BaseAbstractUnivariateRealSolver:incrementEvaluationCount:()V#294#1 prob_bp = 0.49999418464771817000
org.apache.commons.math.analysis.solvers.BaseAbstractUnivariateRealSolver:<init>:(DDD)V#49#12 prob_bp = 0.49999665509703730000
org.apache.commons.math.analysis.solvers.BaseAbstractUnivariateRealSolver:<init>:(DDD)V#49#5 prob_bp = 0.49999672133274130000
org.apache.commons.math.analysis.solvers.BaseAbstractUnivariateRealSolver:<init>:(DDD)V#49#4 prob_bp = 0.49999727264760574000
org.apache.commons.math.analysis.solvers.BaseAbstractUnivariateRealSolver:incrementEvaluationCount:()V#294#0 prob_bp = 0.49999834958336290000
org.apache.commons.math.analysis.solvers.BaseAbstractUnivariateRealSolver:computeObjectiveValue:(D)D#153#1 prob_bp = 0.49999953141796560000
org.apache.commons.math.analysis.solvers.BaseAbstractUnivariateRealSolver:computeObjectiveValue:(D)D#153#0 prob_bp = 0.49999986677262410000
org.apache.commons.math.util.Incrementor:incrementCount:()V#150#15 prob_bp = 0.49999990869238126000
org.apache.commons.math.analysis.solvers.BracketingNthOrderBrentSolver:doSolve:()D#283#565 prob_bp = 0.49999996193204016000
org.apache.commons.math.util.Incrementor:incrementCount:()V#150#7 prob_bp = 0.49999997852607925000
org.apache.commons.math.analysis.solvers.BracketingNthOrderBrentSolver:doSolve:()D#283#562 prob_bp = 0.49999998893423897000
org.apache.commons.math.util.Incrementor:incrementCount:()V#150#6 prob_bp = 0.49999999834191270000
org.apache.commons.math.util.Incrementor:incrementCount:()V#150#5 prob_bp = 0.49999999839835740000
org.apache.commons.math.util.FastMath:max:(DD)D#3539#7 prob_bp = 0.49999999881340007000
org.apache.commons.math.analysis.solvers.BracketingNthOrderBrentSolver:solve:(ILorg/apache/commons/math/analysis/UnivariateFunction;DDDLorg/apache/commons/math/analysis/solvers/AllowedSolution;)D#394#6 prob_bp = 0.49999999914802750000
org.apache.commons.math.util.FastMath:max:(DD)D#3539#6 prob_bp = 0.49999999966448766000
org.apache.commons.math.util.Incrementor:incrementCount:()V#150#12 prob_bp = 0.49999999968702830000
org.apache.commons.math.util.Incrementor:incrementCount:()V#150#11 prob_bp = 0.49999999994635574000
org.apache.commons.math.util.Incrementor:incrementCount:()V#150#2 prob_bp = 0.49999999999368183000
org.apache.commons.math.util.Incrementor:incrementCount:()V#150#1 prob_bp = 0.49999999999838823000
org.apache.commons.math.util.Incrementor:setMaximalCount:(I)V#91#2 prob_bp = 0.49999999999864436000
org.apache.commons.math.analysis.solvers.BracketingNthOrderBrentSolver:doSolve:()D#200#214 prob_bp = 0.49999999999913936000
org.apache.commons.math.util.Incrementor:setMaximalCount:(I)V#91#1 prob_bp = 0.49999999999965940000
org.apache.commons.math.util.Incrementor:setMaximalCount:(I)V#91#0 prob_bp = 0.49999999999967840000
org.apache.commons.math.util.Incrementor:incrementCount:()V#150#0 prob_bp = 0.49999999999971695000
org.apache.commons.math.analysis.solvers.BaseAbstractUnivariateRealSolver:setup:(ILorg/apache/commons/math/analysis/UnivariateFunction;DDD)V#180#31 prob_bp = 0.49999999999984730000
org.apache.commons.math.analysis.solvers.BracketingNthOrderBrentSolver:doSolve:()D#169#111 prob_bp = 0.49999999999987340000
org.apache.commons.math.analysis.solvers.BracketingNthOrderBrentSolver:solve:(ILorg/apache/commons/math/analysis/UnivariateFunction;DDDLorg/apache/commons/math/analysis/solvers/AllowedSolution;)D#394#8 prob_bp = 0.49999999999996770000
org.apache.commons.math.util.Incrementor:incrementCount:()V#150#8 prob_bp = 0.49999999999997347000
org.apache.commons.math.analysis.solvers.BaseAbstractUnivariateRealSolver:setup:(ILorg/apache/commons/math/analysis/UnivariateFunction;DDD)V#180#30 prob_bp = 0.49999999999997430000
org.apache.commons.math.analysis.solvers.BaseAbstractUnivariateRealSolver:solve:(ILorg/apache/commons/math/analysis/UnivariateFunction;DDD)D#187#1 prob_bp = 0.49999999999999440000
org.apache.commons.math.analysis.solvers.BracketingNthOrderBrentSolver:doSolve:()D#200#211 prob_bp = 0.49999999999999480000
org.apache.commons.math.analysis.solvers.BracketingNthOrderBrentSolver:solve:(ILorg/apache/commons/math/analysis/UnivariateFunction;DDDLorg/apache/commons/math/analysis/solvers/AllowedSolution;)D#394#7 prob_bp = 0.49999999999999630000
org.apache.commons.math.analysis.solvers.BracketingNthOrderBrentSolver:doSolve:()D#162#95 prob_bp = 0.49999999999999784000
org.apache.commons.math.analysis.solvers.BracketingNthOrderBrentSolver:doSolve:()D#198#199 prob_bp = 0.49999999999999880000
org.apache.commons.math.analysis.solvers.BracketingNthOrderBrentSolver:doSolve:()D#200#209 prob_bp = 0.49999999999999900000
org.apache.commons.math.util.Incrementor:<init>:(I)V#61#2 prob_bp = 0.49999999999999950000
org.apache.commons.math.analysis.solvers.BaseAbstractUnivariateRealSolver:setup:(ILorg/apache/commons/math/analysis/UnivariateFunction;DDD)V#180#27 prob_bp = 0.49999999999999967000
org.apache.commons.math.analysis.solvers.BaseAbstractUnivariateRealSolver:setup:(ILorg/apache/commons/math/analysis/UnivariateFunction;DDD)V#180#26 prob_bp = 0.49999999999999980000
org.apache.commons.math.analysis.solvers.BracketingNthOrderBrentSolver:doSolve:()D#199#207 prob_bp = 0.49999999999999980000
org.apache.commons.math.analysis.solvers.BaseAbstractUnivariateRealSolver:verifySequence:(DDD)V#268#4 prob_bp = 0.49999999999999983000
org.apache.commons.math.analysis.solvers.BracketingNthOrderBrentSolver:doSolve:()D#169#110 prob_bp = 0.49999999999999983000
org.apache.commons.math.analysis.solvers.BracketingNthOrderBrentSolver:doSolve:()D#211#245 prob_bp = 0.49999999999999983000
org.apache.commons.math.analysis.solvers.BracketingNthOrderBrentSolver:guessX:(D[D[DII)D#368#60 prob_bp = 0.49999999999999983000
org.apache.commons.math.analysis.solvers.BracketingNthOrderBrentSolver:doSolve:()D#254#470 prob_bp = 0.49999999999999983000
org.apache.commons.math.analysis.solvers.BracketingNthOrderBrentSolver:doSolve:()D#151#49 prob_bp = 0.49999999999999990000
org.apache.commons.math.util.Precision:equals:(DDI)Z#288#47 prob_bp = 0.49999999999999990000
org.apache.commons.math.util.FastMath:abs:(J)J#3005#6 prob_bp = 0.49999999999999990000
org.apache.commons.math.analysis.solvers.BracketingNthOrderBrentSolver:doSolve:()D#319#709 prob_bp = 0.49999999999999990000
org.apache.commons.math.analysis.solvers.BracketingNthOrderBrentSolver:doSolve:()D#260#496 prob_bp = 0.49999999999999990000
org.apache.commons.math.analysis.solvers.BracketingNthOrderBrentSolver:<init>:(DDDI)V#124#1 prob_bp = 0.49999999999999994000
org.apache.commons.math.util.Incrementor:<init>:(ILorg/apache/commons/math/util/Incrementor$MaxCountExceededCallback;)V#80#15 prob_bp = 0.49999999999999994000
org.apache.commons.math.analysis.solvers.BaseAbstractUnivariateRealSolver:<init>:(DDD)V#94#20 prob_bp = 0.49999999999999994000
org.apache.commons.math.analysis.solvers.BaseAbstractUnivariateRealSolver:<init>:(DDD)V#94#21 prob_bp = 0.49999999999999994000
org.apache.commons.math.analysis.solvers.BracketingNthOrderBrentSolver:<init>:(DDDI)V#128#35 prob_bp = 0.49999999999999994000
org.apache.commons.math.analysis.solvers.BaseAbstractUnivariateRealSolver:solve:(ILorg/apache/commons/math/analysis/UnivariateFunction;DDD)D#187#0 prob_bp = 0.49999999999999994000
org.apache.commons.math.analysis.solvers.BaseAbstractUnivariateRealSolver:solve:(ILorg/apache/commons/math/analysis/UnivariateFunction;DDD)D#187#4 prob_bp = 0.49999999999999994000
org.apache.commons.math.analysis.solvers.BaseAbstractUnivariateRealSolver:setup:(ILorg/apache/commons/math/analysis/UnivariateFunction;DDD)V#177#10 prob_bp = 0.49999999999999994000
org.apache.commons.math.analysis.solvers.UnivariateRealSolverUtils:verifyInterval:(DD)V#336#2 prob_bp = 0.49999999999999994000
org.apache.commons.math.analysis.solvers.UnivariateRealSolverUtils:verifySequence:(DDD)V#355#5 prob_bp = 0.49999999999999994000
org.apache.commons.math.analysis.solvers.UnivariateRealSolverUtils:verifySequence:(DDD)V#355#6 prob_bp = 0.49999999999999994000
org.apache.commons.math.analysis.solvers.BracketingNthOrderBrentSolver:doSolve:()D#154#52 prob_bp = 0.49999999999999994000
org.apache.commons.math.analysis.solvers.BracketingNthOrderBrentSolver:doSolve:()D#154#55 prob_bp = 0.49999999999999994000
org.apache.commons.math.analysis.solvers.BracketingNthOrderBrentSolver:doSolve:()D#154#61 prob_bp = 0.49999999999999994000
org.apache.commons.math.analysis.solvers.BracketingNthOrderBrentSolver:doSolve:()D#155#62 prob_bp = 0.49999999999999994000
org.apache.commons.math.util.Precision:equals:(DDI)Z#281#16 prob_bp = 0.49999999999999994000
org.apache.commons.math.analysis.solvers.BracketingNthOrderBrentSolver:doSolve:()D#161#77 prob_bp = 0.49999999999999994000
org.apache.commons.math.analysis.solvers.BracketingNthOrderBrentSolver:doSolve:()D#161#80 prob_bp = 0.49999999999999994000
org.apache.commons.math.analysis.solvers.BracketingNthOrderBrentSolver:doSolve:()D#161#83 prob_bp = 0.49999999999999994000
org.apache.commons.math.analysis.solvers.BracketingNthOrderBrentSolver:doSolve:()D#162#87 prob_bp = 0.49999999999999994000
org.apache.commons.math.analysis.solvers.BracketingNthOrderBrentSolver:doSolve:()D#162#88 prob_bp = 0.49999999999999994000
org.apache.commons.math.analysis.solvers.BracketingNthOrderBrentSolver:doSolve:()D#162#89 prob_bp = 0.49999999999999994000
org.apache.commons.math.util.Precision:equals:(DDI)Z#282#22 prob_bp = 0.49999999999999994000
org.apache.commons.math.util.FastMath:abs:(J)J#3005#7 prob_bp = 0.49999999999999994000
org.apache.commons.math.analysis.solvers.BracketingNthOrderBrentSolver:doSolve:()D#198#194 prob_bp = 0.49999999999999994000
org.apache.commons.math.analysis.solvers.BracketingNthOrderBrentSolver:doSolve:()D#198#198 prob_bp = 0.49999999999999994000
org.apache.commons.math.analysis.solvers.BracketingNthOrderBrentSolver:doSolve:()D#199#202 prob_bp = 0.49999999999999994000
org.apache.commons.math.analysis.solvers.BracketingNthOrderBrentSolver:doSolve:()D#199#206 prob_bp = 0.49999999999999994000
org.apache.commons.math.analysis.solvers.BracketingNthOrderBrentSolver:doSolve:()D#202#220 prob_bp = 0.49999999999999994000
org.apache.commons.math.analysis.solvers.BracketingNthOrderBrentSolver:doSolve:()D#203#228 prob_bp = 0.49999999999999994000
org.apache.commons.math.analysis.solvers.BaseAbstractUnivariateRealSolver:getRelativeAccuracy:()D#134#0 prob_bp = 0.49999999999999994000
org.apache.commons.math.analysis.solvers.BracketingNthOrderBrentSolver:doSolve:()D#233#400 prob_bp = 0.49999999999999994000
org.apache.commons.math.analysis.solvers.BracketingNthOrderBrentSolver:doSolve:()D#236#417#unexe#22 prob_bp = 0.49999999999999994000
org.apache.commons.math.analysis.solvers.BracketingNthOrderBrentSolver:guessX:(D[D[DII)D#367#22 prob_bp = 0.49999999999999994000
org.apache.commons.math.analysis.solvers.BracketingNthOrderBrentSolver:guessX:(D[D[DII)D#374#90 prob_bp = 0.49999999999999994000
org.apache.commons.math.analysis.solvers.BracketingNthOrderBrentSolver:doSolve:()D#254#474 prob_bp = 0.49999999999999994000
org.apache.commons.math.analysis.solvers.BracketingNthOrderBrentSolver:doSolve:()D#254#475#unexe#26 prob_bp = 0.49999999999999994000
org.apache.commons.math.analysis.solvers.BracketingNthOrderBrentSolver:doSolve:()D#273#515 prob_bp = 0.49999999999999994000
org.apache.commons.math.analysis.solvers.BracketingNthOrderBrentSolver:doSolve:()D#283#563 prob_bp = 0.49999999999999994000
org.apache.commons.math.analysis.solvers.BracketingNthOrderBrentSolver:doSolve:()D#299#631 prob_bp = 0.49999999999999994000
org.apache.commons.math.analysis.solvers.BracketingNthOrderBrentSolver:doSolve:()D#319#707 prob_bp = 0.49999999999999994000
org.apache.commons.math.analysis.solvers.BracketingNthOrderBrentSolver:doSolve:()D#260#486 prob_bp = 0.49999999999999994000
org.apache.commons.math.analysis.solvers.BracketingNthOrderBrentSolver:doSolve:()D#260#488 prob_bp = 0.49999999999999994000
org.apache.commons.math.analysis.solvers.BracketingNthOrderBrentSolver:doSolve:()D#260#490 prob_bp = 0.49999999999999994000
org.apache.commons.math.analysis.solvers.BracketingNthOrderBrentSolver:doSolve:()D#265#505 prob_bp = 0.49999999999999994000
org.apache.commons.math.analysis.solvers.BracketingNthOrderBrentSolver:doSolve:()D#260#496#unexe#26 prob_bp = 0.49999999999999994000
org.apache.commons.math.analysis.solvers.BracketingNthOrderBrentSolver:doSolve:()D#260#496#unexe#27 prob_bp = 0.49999999999999994000
org.apache.commons.math.analysis.solvers.BracketingNthOrderBrentSolver:doSolve:()D#273#523 prob_bp = 0.49999999999999994000
org.apache.commons.math.analysis.solvers.BracketingNthOrderBrentSolver:doSolve:()D#273#527 prob_bp = 0.49999999999999994000
org.apache.commons.math.util.Incrementor:<init>:()V#52#0 prob_bp = 0.50000000000000000000
org.apache.commons.math.util.Incrementor:<init>:(ILorg/apache/commons/math/util/Incrementor$MaxCountExceededCallback;)V#80#16 prob_bp = 0.50000000000000000000
org.apache.commons.math.analysis.solvers.BaseAbstractUnivariateRealSolver:setup:(ILorg/apache/commons/math/analysis/UnivariateFunction;DDD)V#177#9 prob_bp = 0.50000000000000000000
org.apache.commons.math.analysis.solvers.BaseAbstractUnivariateRealSolver:setup:(ILorg/apache/commons/math/analysis/UnivariateFunction;DDD)V#179#21 prob_bp = 0.50000000000000000000
org.apache.commons.math.analysis.solvers.BaseAbstractUnivariateRealSolver:setup:(ILorg/apache/commons/math/analysis/UnivariateFunction;DDD)V#179#22 prob_bp = 0.50000000000000000000
org.apache.commons.math.analysis.solvers.BaseAbstractUnivariateRealSolver:setup:(ILorg/apache/commons/math/analysis/UnivariateFunction;DDD)V#181#34 prob_bp = 0.50000000000000000000
org.apache.commons.math.util.Incrementor:resetCount:()V#159#0 prob_bp = 0.50000000000000000000
org.apache.commons.math.util.Incrementor:resetCount:()V#159#2 prob_bp = 0.50000000000000000000
org.apache.commons.math.analysis.solvers.BracketingNthOrderBrentSolver:doSolve:()D#146#0 prob_bp = 0.50000000000000000000
org.apache.commons.math.analysis.solvers.BracketingNthOrderBrentSolver:doSolve:()D#146#4 prob_bp = 0.50000000000000000000
org.apache.commons.math.analysis.solvers.BracketingNthOrderBrentSolver:doSolve:()D#146#5 prob_bp = 0.50000000000000000000
org.apache.commons.math.analysis.solvers.BracketingNthOrderBrentSolver:doSolve:()D#147#9 prob_bp = 0.50000000000000000000
org.apache.commons.math.analysis.solvers.BracketingNthOrderBrentSolver:doSolve:()D#147#13 prob_bp = 0.50000000000000000000
org.apache.commons.math.analysis.solvers.BracketingNthOrderBrentSolver:doSolve:()D#147#14 prob_bp = 0.50000000000000000000
org.apache.commons.math.analysis.solvers.BracketingNthOrderBrentSolver:doSolve:()D#147#15 prob_bp = 0.50000000000000000000
org.apache.commons.math.analysis.solvers.BracketingNthOrderBrentSolver:doSolve:()D#150#32 prob_bp = 0.50000000000000000000
org.apache.commons.math.analysis.solvers.BracketingNthOrderBrentSolver:doSolve:()D#150#34 prob_bp = 0.50000000000000000000
org.apache.commons.math.analysis.solvers.BaseAbstractUnivariateRealSolver:getMax:()D#116#1 prob_bp = 0.50000000000000000000
org.apache.commons.math.analysis.solvers.BaseAbstractUnivariateRealSolver:getMax:()D#116#4 prob_bp = 0.50000000000000000000
org.apache.commons.math.analysis.solvers.BracketingNthOrderBrentSolver:doSolve:()D#150#38 prob_bp = 0.50000000000000000000
org.apache.commons.math.analysis.solvers.BracketingNthOrderBrentSolver:doSolve:()D#151#40 prob_bp = 0.50000000000000000000
org.apache.commons.math.analysis.solvers.BracketingNthOrderBrentSolver:doSolve:()D#151#42 prob_bp = 0.50000000000000000000
org.apache.commons.math.analysis.solvers.BracketingNthOrderBrentSolver:doSolve:()D#151#43 prob_bp = 0.50000000000000000000
org.apache.commons.math.analysis.solvers.BracketingNthOrderBrentSolver:doSolve:()D#151#45 prob_bp = 0.50000000000000000000
org.apache.commons.math.analysis.solvers.BracketingNthOrderBrentSolver:doSolve:()D#151#46 prob_bp = 0.50000000000000000000
org.apache.commons.math.analysis.solvers.BracketingNthOrderBrentSolver:doSolve:()D#151#48 prob_bp = 0.50000000000000000000
org.apache.commons.math.analysis.solvers.BaseAbstractUnivariateRealSolver:verifySequence:(DDD)V#268#1 prob_bp = 0.50000000000000000000
org.apache.commons.math.analysis.solvers.UnivariateRealSolverUtils:verifyInterval:(DD)V#336#0 prob_bp = 0.50000000000000000000
org.apache.commons.math.analysis.solvers.UnivariateRealSolverUtils:verifyInterval:(DD)V#336#1 prob_bp = 0.50000000000000000000
org.apache.commons.math.analysis.solvers.BracketingNthOrderBrentSolver:doSolve:()D#154#54 prob_bp = 0.50000000000000000000
org.apache.commons.math.analysis.solvers.BracketingNthOrderBrentSolver:doSolve:()D#154#56 prob_bp = 0.50000000000000000000
org.apache.commons.math.analysis.solvers.BracketingNthOrderBrentSolver:doSolve:()D#154#57 prob_bp = 0.50000000000000000000
org.apache.commons.math.analysis.solvers.BaseAbstractUnivariateRealSolver:computeObjectiveValue:(D)D#154#9 prob_bp = 0.50000000000000000000
org.apache.commons.math.analysis.solvers.BracketingNthOrderBrentSolver:doSolve:()D#155#63 prob_bp = 0.50000000000000000000
org.apache.commons.math.analysis.solvers.BracketingNthOrderBrentSolver:doSolve:()D#155#64 prob_bp = 0.50000000000000000000
org.apache.commons.math.util.Precision:equals:(DDI)Z#277#4 prob_bp = 0.50000000000000000000
org.apache.commons.math.util.Precision:equals:(DDI)Z#284#31#unexe#7 prob_bp = 0.50000000000000000000
org.apache.commons.math.analysis.solvers.BracketingNthOrderBrentSolver:doSolve:()D#155#70 prob_bp = 0.50000000000000000000
org.apache.commons.math.analysis.solvers.BracketingNthOrderBrentSolver:doSolve:()D#161#78 prob_bp = 0.50000000000000000000
org.apache.commons.math.analysis.solvers.BracketingNthOrderBrentSolver:doSolve:()D#161#79 prob_bp = 0.50000000000000000000
org.apache.commons.math.analysis.solvers.BracketingNthOrderBrentSolver:doSolve:()D#161#82 prob_bp = 0.50000000000000000000
org.apache.commons.math.analysis.solvers.BracketingNthOrderBrentSolver:doSolve:()D#161#86 prob_bp = 0.50000000000000000000
org.apache.commons.math.analysis.solvers.BracketingNthOrderBrentSolver:doSolve:()D#162#92 prob_bp = 0.50000000000000000000
org.apache.commons.math.analysis.solvers.BracketingNthOrderBrentSolver:doSolve:()D#169#103 prob_bp = 0.50000000000000000000
org.apache.commons.math.analysis.solvers.BracketingNthOrderBrentSolver:doSolve:()D#169#106 prob_bp = 0.50000000000000000000
org.apache.commons.math.analysis.solvers.BracketingNthOrderBrentSolver:doSolve:()D#195#191 prob_bp = 0.50000000000000000000
org.apache.commons.math.analysis.solvers.BracketingNthOrderBrentSolver:doSolve:()D#198#196 prob_bp = 0.50000000000000000000
org.apache.commons.math.analysis.solvers.BracketingNthOrderBrentSolver:doSolve:()D#198#197 prob_bp = 0.50000000000000000000
org.apache.commons.math.analysis.solvers.BracketingNthOrderBrentSolver:doSolve:()D#199#204 prob_bp = 0.50000000000000000000
org.apache.commons.math.analysis.solvers.BracketingNthOrderBrentSolver:doSolve:()D#199#205 prob_bp = 0.50000000000000000000
org.apache.commons.math.analysis.solvers.BracketingNthOrderBrentSolver:doSolve:()D#201#217 prob_bp = 0.50000000000000000000
org.apache.commons.math.analysis.solvers.BracketingNthOrderBrentSolver:doSolve:()D#203#226 prob_bp = 0.50000000000000000000
org.apache.commons.math.analysis.solvers.BracketingNthOrderBrentSolver:doSolve:()D#203#229 prob_bp = 0.50000000000000000000
org.apache.commons.math.analysis.solvers.BracketingNthOrderBrentSolver:doSolve:()D#204#231 prob_bp = 0.50000000000000000000
org.apache.commons.math.analysis.solvers.BracketingNthOrderBrentSolver:doSolve:()D#205#239 prob_bp = 0.50000000000000000000
org.apache.commons.math.analysis.solvers.BracketingNthOrderBrentSolver:doSolve:()D#247#438 prob_bp = 0.50000000000000000000
org.apache.commons.math.analysis.solvers.BracketingNthOrderBrentSolver:doSolve:()D#252#460 prob_bp = 0.50000000000000000000
org.apache.commons.math.analysis.solvers.BracketingNthOrderBrentSolver:guessX:(D[D[DII)D#375#99 prob_bp = 0.50000000000000000000
org.apache.commons.math.analysis.solvers.BracketingNthOrderBrentSolver:guessX:(D[D[DII)D#375#100 prob_bp = 0.50000000000000000000
org.apache.commons.math.analysis.solvers.BracketingNthOrderBrentSolver:doSolve:()D#319#706 prob_bp = 0.50000000000000000000
org.apache.commons.math.analysis.solvers.BracketingNthOrderBrentSolver:doSolve:()D#260#491 prob_bp = 0.50000000000000000000
org.apache.commons.math.analysis.solvers.BracketingNthOrderBrentSolver:doSolve:()D#260#493 prob_bp = 0.50000000000000000000
org.apache.commons.math.analysis.solvers.BracketingNthOrderBrentSolver:doSolve:()D#260#495 prob_bp = 0.50000000000000000000
org.apache.commons.math.analysis.solvers.BracketingNthOrderBrentSolver:doSolve:()D#269#508 prob_bp = 0.50000000000000000000
org.apache.commons.math.analysis.solvers.BracketingNthOrderBrentSolver:doSolve:()D#269#511 prob_bp = 0.50000000000000000000
org.apache.commons.math.analysis.solvers.BracketingNthOrderBrentSolver:doSolve:()D#273#527#unexe#24 prob_bp = 0.50000000000000000000
org.apache.commons.math.util.Incrementor:incrementCount:()V#151#19 prob_bp = 0.50000000000000000000
org.apache.commons.math.util.Incrementor:incrementCount:()V#151#23 prob_bp = 0.50000000000000000000
org.apache.commons.math.util.Incrementor:incrementCount:()V#151#26 prob_bp = 0.50000000000000000000
org.apache.commons.math.analysis.solvers.AbstractUnivariateRealSolver:<init>:(DDD)V#59#1 prob_bp = 0.50000000000000010000
org.apache.commons.math.util.Incrementor:<init>:()V#52#2 prob_bp = 0.50000000000000010000
org.apache.commons.math.util.Incrementor:<init>:(I)V#61#0 prob_bp = 0.50000000000000010000
org.apache.commons.math.analysis.solvers.BaseAbstractUnivariateRealSolver:<init>:(DDD)V#94#22 prob_bp = 0.50000000000000010000
org.apache.commons.math.analysis.solvers.BracketingNthOrderBrentSolver:<init>:(DDDI)V#128#32 prob_bp = 0.50000000000000010000
org.apache.commons.math.analysis.solvers.BracketingNthOrderBrentSolver:<init>:(DDDI)V#128#33 prob_bp = 0.50000000000000010000
org.apache.commons.math.analysis.solvers.BracketingNthOrderBrentSolver:solve:(ILorg/apache/commons/math/analysis/UnivariateFunction;DDDLorg/apache/commons/math/analysis/solvers/AllowedSolution;)D#394#10 prob_bp = 0.50000000000000010000
org.apache.commons.math.analysis.solvers.BaseAbstractUnivariateRealSolver:setup:(ILorg/apache/commons/math/analysis/UnivariateFunction;DDD)V#179#23 prob_bp = 0.50000000000000010000
org.apache.commons.math.analysis.solvers.BaseAbstractUnivariateRealSolver:setup:(ILorg/apache/commons/math/analysis/UnivariateFunction;DDD)V#181#35 prob_bp = 0.50000000000000010000
org.apache.commons.math.analysis.solvers.BaseAbstractUnivariateRealSolver:setup:(ILorg/apache/commons/math/analysis/UnivariateFunction;DDD)V#181#38 prob_bp = 0.50000000000000010000
org.apache.commons.math.util.Incrementor:resetCount:()V#159#1 prob_bp = 0.50000000000000010000
org.apache.commons.math.analysis.solvers.BracketingNthOrderBrentSolver:doSolve:()D#146#1 prob_bp = 0.50000000000000010000
org.apache.commons.math.analysis.solvers.BracketingNthOrderBrentSolver:doSolve:()D#146#6 prob_bp = 0.50000000000000010000
org.apache.commons.math.analysis.solvers.BracketingNthOrderBrentSolver:doSolve:()D#146#8 prob_bp = 0.50000000000000010000
org.apache.commons.math.analysis.solvers.BracketingNthOrderBrentSolver:doSolve:()D#147#10 prob_bp = 0.50000000000000010000
org.apache.commons.math.analysis.solvers.BracketingNthOrderBrentSolver:doSolve:()D#150#33 prob_bp = 0.50000000000000010000
org.apache.commons.math.analysis.solvers.BracketingNthOrderBrentSolver:doSolve:()D#150#35 prob_bp = 0.50000000000000010000
org.apache.commons.math.analysis.solvers.BaseAbstractUnivariateRealSolver:getMax:()D#116#0 prob_bp = 0.50000000000000010000
org.apache.commons.math.analysis.solvers.BracketingNthOrderBrentSolver:doSolve:()D#151#41 prob_bp = 0.50000000000000010000
org.apache.commons.math.analysis.solvers.BracketingNthOrderBrentSolver:doSolve:()D#151#44 prob_bp = 0.50000000000000010000
org.apache.commons.math.analysis.solvers.BracketingNthOrderBrentSolver:doSolve:()D#151#47 prob_bp = 0.50000000000000010000
org.apache.commons.math.analysis.solvers.BaseAbstractUnivariateRealSolver:verifySequence:(DDD)V#268#0 prob_bp = 0.50000000000000010000
org.apache.commons.math.analysis.solvers.BaseAbstractUnivariateRealSolver:verifySequence:(DDD)V#268#2 prob_bp = 0.50000000000000010000
org.apache.commons.math.analysis.solvers.UnivariateRealSolverUtils:verifySequence:(DDD)V#354#0 prob_bp = 0.50000000000000010000
org.apache.commons.math.analysis.solvers.UnivariateRealSolverUtils:verifySequence:(DDD)V#354#1 prob_bp = 0.50000000000000010000
org.apache.commons.math.analysis.solvers.BracketingNthOrderBrentSolver:doSolve:()D#154#58 prob_bp = 0.50000000000000010000
org.apache.commons.math.analysis.solvers.BracketingNthOrderBrentSolver:doSolve:()D#155#66 prob_bp = 0.50000000000000010000
org.apache.commons.math.analysis.solvers.BracketingNthOrderBrentSolver:doSolve:()D#155#67 prob_bp = 0.50000000000000010000
org.apache.commons.math.util.Precision:equals:(DDI)Z#277#1 prob_bp = 0.50000000000000010000
org.apache.commons.math.util.Precision:equals:(DDI)Z#278#10 prob_bp = 0.50000000000000010000
org.apache.commons.math.util.Precision:equals:(DDI)Z#281#16#unexe#5 prob_bp = 0.50000000000000010000
org.apache.commons.math.util.Precision:equals:(DDI)Z#284#30 prob_bp = 0.50000000000000010000
org.apache.commons.math.util.Precision:equals:(DDI)Z#284#31 prob_bp = 0.50000000000000010000
org.apache.commons.math.util.FastMath:abs:(J)J#3005#0 prob_bp = 0.50000000000000010000
org.apache.commons.math.util.FastMath:abs:(J)J#3005#2 prob_bp = 0.50000000000000010000
org.apache.commons.math.analysis.solvers.BracketingNthOrderBrentSolver:doSolve:()D#161#81 prob_bp = 0.50000000000000010000
org.apache.commons.math.analysis.solvers.BracketingNthOrderBrentSolver:doSolve:()D#162#90 prob_bp = 0.50000000000000010000
org.apache.commons.math.analysis.solvers.BracketingNthOrderBrentSolver:doSolve:()D#162#91 prob_bp = 0.50000000000000010000
org.apache.commons.math.util.Precision:equals:(DDI)Z#282#24 prob_bp = 0.50000000000000010000
org.apache.commons.math.analysis.solvers.BracketingNthOrderBrentSolver:doSolve:()D#169#102 prob_bp = 0.50000000000000010000
org.apache.commons.math.analysis.solvers.BracketingNthOrderBrentSolver:doSolve:()D#169#104 prob_bp = 0.50000000000000010000
org.apache.commons.math.analysis.solvers.BracketingNthOrderBrentSolver:doSolve:()D#169#105 prob_bp = 0.50000000000000010000
org.apache.commons.math.analysis.solvers.BracketingNthOrderBrentSolver:doSolve:()D#169#107 prob_bp = 0.50000000000000010000
org.apache.commons.math.analysis.solvers.BracketingNthOrderBrentSolver:doSolve:()D#169#108 prob_bp = 0.50000000000000010000
org.apache.commons.math.analysis.solvers.BracketingNthOrderBrentSolver:doSolve:()D#169#109 prob_bp = 0.50000000000000010000
org.apache.commons.math.analysis.solvers.BracketingNthOrderBrentSolver:doSolve:()D#172#114 prob_bp = 0.50000000000000010000
org.apache.commons.math.analysis.solvers.BracketingNthOrderBrentSolver:doSolve:()D#172#115 prob_bp = 0.50000000000000010000
org.apache.commons.math.analysis.solvers.BracketingNthOrderBrentSolver:doSolve:()D#173#116 prob_bp = 0.50000000000000010000
org.apache.commons.math.analysis.solvers.BracketingNthOrderBrentSolver:doSolve:()D#195#187 prob_bp = 0.50000000000000010000
org.apache.commons.math.analysis.solvers.BracketingNthOrderBrentSolver:doSolve:()D#195#188 prob_bp = 0.50000000000000010000
org.apache.commons.math.analysis.solvers.BracketingNthOrderBrentSolver:doSolve:()D#195#189 prob_bp = 0.50000000000000010000
org.apache.commons.math.analysis.solvers.BracketingNthOrderBrentSolver:doSolve:()D#198#193 prob_bp = 0.50000000000000010000
org.apache.commons.math.analysis.solvers.BracketingNthOrderBrentSolver:doSolve:()D#199#201 prob_bp = 0.50000000000000010000
org.apache.commons.math.analysis.solvers.BracketingNthOrderBrentSolver:doSolve:()D#202#219 prob_bp = 0.50000000000000010000
org.apache.commons.math.analysis.solvers.BracketingNthOrderBrentSolver:doSolve:()D#202#222 prob_bp = 0.50000000000000010000
org.apache.commons.math.analysis.solvers.BracketingNthOrderBrentSolver:doSolve:()D#202#223 prob_bp = 0.50000000000000010000
org.apache.commons.math.analysis.solvers.BracketingNthOrderBrentSolver:doSolve:()D#203#225 prob_bp = 0.50000000000000010000
org.apache.commons.math.analysis.solvers.BracketingNthOrderBrentSolver:doSolve:()D#204#233 prob_bp = 0.50000000000000010000
org.apache.commons.math.analysis.solvers.BracketingNthOrderBrentSolver:doSolve:()D#204#236 prob_bp = 0.50000000000000010000
org.apache.commons.math.analysis.solvers.BracketingNthOrderBrentSolver:doSolve:()D#211#246 prob_bp = 0.50000000000000010000
org.apache.commons.math.analysis.solvers.BaseAbstractUnivariateRealSolver:getRelativeAccuracy:()D#134#1 prob_bp = 0.50000000000000010000
org.apache.commons.math.analysis.solvers.BracketingNthOrderBrentSolver:doSolve:()D#236#414 prob_bp = 0.50000000000000010000
org.apache.commons.math.analysis.solvers.BracketingNthOrderBrentSolver:doSolve:()D#236#417 prob_bp = 0.50000000000000010000
org.apache.commons.math.analysis.solvers.BracketingNthOrderBrentSolver:doSolve:()D#241#431 prob_bp = 0.50000000000000010000
org.apache.commons.math.analysis.solvers.BracketingNthOrderBrentSolver:doSolve:()D#247#437 prob_bp = 0.50000000000000010000
org.apache.commons.math.analysis.solvers.BracketingNthOrderBrentSolver:doSolve:()D#251#447 prob_bp = 0.50000000000000010000
org.apache.commons.math.analysis.solvers.BracketingNthOrderBrentSolver:doSolve:()D#251#452 prob_bp = 0.50000000000000010000
org.apache.commons.math.analysis.solvers.BracketingNthOrderBrentSolver:doSolve:()D#252#463 prob_bp = 0.50000000000000010000
org.apache.commons.math.analysis.solvers.BracketingNthOrderBrentSolver:guessX:(D[D[DII)D#365#0 prob_bp = 0.50000000000000010000
org.apache.commons.math.analysis.solvers.BracketingNthOrderBrentSolver:guessX:(D[D[DII)D#365#2 prob_bp = 0.50000000000000010000
org.apache.commons.math.analysis.solvers.BracketingNthOrderBrentSolver:guessX:(D[D[DII)D#365#6 prob_bp = 0.50000000000000010000
org.apache.commons.math.analysis.solvers.BracketingNthOrderBrentSolver:guessX:(D[D[DII)D#367#26 prob_bp = 0.50000000000000010000
org.apache.commons.math.analysis.solvers.BracketingNthOrderBrentSolver:guessX:(D[D[DII)D#368#36 prob_bp = 0.50000000000000010000
org.apache.commons.math.analysis.solvers.BracketingNthOrderBrentSolver:guessX:(D[D[DII)D#368#39 prob_bp = 0.50000000000000010000
org.apache.commons.math.analysis.solvers.BracketingNthOrderBrentSolver:guessX:(D[D[DII)D#368#43 prob_bp = 0.50000000000000010000
org.apache.commons.math.analysis.solvers.BracketingNthOrderBrentSolver:guessX:(D[D[DII)D#368#56 prob_bp = 0.50000000000000010000
org.apache.commons.math.analysis.solvers.BracketingNthOrderBrentSolver:guessX:(D[D[DII)D#373#78 prob_bp = 0.50000000000000010000
org.apache.commons.math.analysis.solvers.BracketingNthOrderBrentSolver:guessX:(D[D[DII)D#374#83 prob_bp = 0.50000000000000010000
org.apache.commons.math.analysis.solvers.BracketingNthOrderBrentSolver:guessX:(D[D[DII)D#374#88 prob_bp = 0.50000000000000010000
org.apache.commons.math.analysis.solvers.BracketingNthOrderBrentSolver:guessX:(D[D[DII)D#375#94 prob_bp = 0.50000000000000010000
org.apache.commons.math.analysis.solvers.BracketingNthOrderBrentSolver:guessX:(D[D[DII)D#375#102 prob_bp = 0.50000000000000010000
org.apache.commons.math.analysis.solvers.BracketingNthOrderBrentSolver:doSolve:()D#254#472 prob_bp = 0.50000000000000010000
org.apache.commons.math.analysis.solvers.BracketingNthOrderBrentSolver:doSolve:()D#254#478 prob_bp = 0.50000000000000010000
org.apache.commons.math.analysis.solvers.BracketingNthOrderBrentSolver:doSolve:()D#254#483 prob_bp = 0.50000000000000010000
org.apache.commons.math.analysis.solvers.BracketingNthOrderBrentSolver:doSolve:()D#273#513 prob_bp = 0.50000000000000010000
org.apache.commons.math.analysis.solvers.BracketingNthOrderBrentSolver:doSolve:()D#275#530 prob_bp = 0.50000000000000010000
org.apache.commons.math.analysis.solvers.BracketingNthOrderBrentSolver:doSolve:()D#275#532 prob_bp = 0.50000000000000010000
org.apache.commons.math.analysis.solvers.BracketingNthOrderBrentSolver:doSolve:()D#299#633 prob_bp = 0.50000000000000010000
org.apache.commons.math.analysis.solvers.BracketingNthOrderBrentSolver:doSolve:()D#299#634#unexe#3 prob_bp = 0.50000000000000010000
org.apache.commons.math.analysis.solvers.BracketingNthOrderBrentSolver:doSolve:()D#299#634#unexe#4 prob_bp = 0.50000000000000010000
org.apache.commons.math.analysis.solvers.BracketingNthOrderBrentSolver:doSolve:()D#290#585#unexe#4 prob_bp = 0.50000000000000010000
org.apache.commons.math.analysis.solvers.BracketingNthOrderBrentSolver:doSolve:()D#319#711 prob_bp = 0.50000000000000010000
org.apache.commons.math.analysis.solvers.BracketingNthOrderBrentSolver:doSolve:()D#320#712 prob_bp = 0.50000000000000010000
org.apache.commons.math.analysis.solvers.BracketingNthOrderBrentSolver:doSolve:()D#329#744 prob_bp = 0.50000000000000010000
org.apache.commons.math.analysis.solvers.BracketingNthOrderBrentSolver:doSolve:()D#323#722#unexe#12 prob_bp = 0.50000000000000010000
org.apache.commons.math.analysis.solvers.BracketingNthOrderBrentSolver:doSolve:()D#273#525 prob_bp = 0.50000000000000010000
org.apache.commons.math.util.Incrementor:<init>:(ILorg/apache/commons/math/util/Incrementor$MaxCountExceededCallback;)V#80#14 prob_bp = 0.50000000000000020000
org.apache.commons.math.analysis.solvers.BracketingNthOrderBrentSolver:doSolve:()D#147#17 prob_bp = 0.50000000000000020000
org.apache.commons.math.analysis.solvers.UnivariateRealSolverUtils:verifySequence:(DDD)V#354#2 prob_bp = 0.50000000000000020000
org.apache.commons.math.analysis.solvers.UnivariateRealSolverUtils:verifySequence:(DDD)V#355#8 prob_bp = 0.50000000000000020000
org.apache.commons.math.analysis.solvers.BracketingNthOrderBrentSolver:doSolve:()D#154#53 prob_bp = 0.50000000000000020000
org.apache.commons.math.analysis.solvers.BaseAbstractUnivariateRealSolver:computeObjectiveValue:(D)D#154#4 prob_bp = 0.50000000000000020000
org.apache.commons.math.util.Precision:equals:(DDI)Z#278#6 prob_bp = 0.50000000000000020000
org.apache.commons.math.util.Precision:equals:(DDI)Z#278#7 prob_bp = 0.50000000000000020000
org.apache.commons.math.util.Precision:equals:(DDI)Z#288#42 prob_bp = 0.50000000000000020000
org.apache.commons.math.util.FastMath:abs:(J)J#3005#3 prob_bp = 0.50000000000000020000
org.apache.commons.math.util.Precision:equals:(DDI)Z#282#19 prob_bp = 0.50000000000000020000
org.apache.commons.math.analysis.solvers.BracketingNthOrderBrentSolver:doSolve:()D#173#117 prob_bp = 0.50000000000000020000
org.apache.commons.math.analysis.solvers.BracketingNthOrderBrentSolver:doSolve:()D#201#216 prob_bp = 0.50000000000000020000
org.apache.commons.math.analysis.solvers.BracketingNthOrderBrentSolver:doSolve:()D#205#238 prob_bp = 0.50000000000000020000
org.apache.commons.math.analysis.solvers.BracketingNthOrderBrentSolver:doSolve:()D#233#397 prob_bp = 0.50000000000000020000
org.apache.commons.math.analysis.solvers.BracketingNthOrderBrentSolver:doSolve:()D#236#416 prob_bp = 0.50000000000000020000
org.apache.commons.math.analysis.solvers.BracketingNthOrderBrentSolver:doSolve:()D#252#461 prob_bp = 0.50000000000000020000
org.apache.commons.math.analysis.solvers.BracketingNthOrderBrentSolver:guessX:(D[D[DII)D#365#10 prob_bp = 0.50000000000000020000
org.apache.commons.math.analysis.solvers.BracketingNthOrderBrentSolver:guessX:(D[D[DII)D#374#110 prob_bp = 0.50000000000000020000
org.apache.commons.math.analysis.solvers.BracketingNthOrderBrentSolver:guessX:(D[D[DII)D#378#118 prob_bp = 0.50000000000000020000
org.apache.commons.math.analysis.solvers.BracketingNthOrderBrentSolver:doSolve:()D#252#468 prob_bp = 0.50000000000000020000
org.apache.commons.math.analysis.solvers.BracketingNthOrderBrentSolver:doSolve:()D#254#475#unexe#27 prob_bp = 0.50000000000000020000
org.apache.commons.math.analysis.solvers.BracketingNthOrderBrentSolver:doSolve:()D#275#535 prob_bp = 0.50000000000000020000
org.apache.commons.math.analysis.solvers.BracketingNthOrderBrentSolver:doSolve:()D#290#585#unexe#3 prob_bp = 0.50000000000000020000
org.apache.commons.math.analysis.solvers.BracketingNthOrderBrentSolver:doSolve:()D#328#740 prob_bp = 0.50000000000000020000
org.apache.commons.math.analysis.solvers.BracketingNthOrderBrentSolver:doSolve:()D#323#722#unexe#8 prob_bp = 0.50000000000000020000
org.apache.commons.math.analysis.solvers.BracketingNthOrderBrentSolver:doSolve:()D#273#521 prob_bp = 0.50000000000000020000
org.apache.commons.math.util.Incrementor:<init>:(I)V#61#9 prob_bp = 0.50000000000000030000
org.apache.commons.math.analysis.solvers.BaseAbstractUnivariateRealSolver:setup:(ILorg/apache/commons/math/analysis/UnivariateFunction;DDD)V#177#12 prob_bp = 0.50000000000000030000
org.apache.commons.math.analysis.solvers.UnivariateRealSolverUtils:verifyInterval:(DD)V#336#3 prob_bp = 0.50000000000000030000
org.apache.commons.math.analysis.solvers.BaseAbstractUnivariateRealSolver:computeObjectiveValue:(D)D#154#5 prob_bp = 0.50000000000000030000
org.apache.commons.math.analysis.solvers.BaseAbstractUnivariateRealSolver:computeObjectiveValue:(D)D#154#8 prob_bp = 0.50000000000000030000
org.apache.commons.math.analysis.solvers.BracketingNthOrderBrentSolver:doSolve:()D#155#65 prob_bp = 0.50000000000000030000
org.apache.commons.math.util.Precision:equals:(DDI)Z#281#12 prob_bp = 0.50000000000000030000
org.apache.commons.math.util.Precision:equals:(DDI)Z#281#15 prob_bp = 0.50000000000000030000
org.apache.commons.math.util.Precision:equals:(DDI)Z#284#27 prob_bp = 0.50000000000000030000
org.apache.commons.math.util.Precision:equals:(DDI)Z#288#44 prob_bp = 0.50000000000000030000
org.apache.commons.math.util.Precision:equals:(DDI)Z#288#46 prob_bp = 0.50000000000000030000
org.apache.commons.math.util.FastMath:abs:(J)J#3005#11 prob_bp = 0.50000000000000030000
org.apache.commons.math.util.Precision:equals:(DDI)Z#282#25 prob_bp = 0.50000000000000030000
org.apache.commons.math.analysis.solvers.BracketingNthOrderBrentSolver:doSolve:()D#211#241 prob_bp = 0.50000000000000030000
org.apache.commons.math.analysis.solvers.BaseAbstractUnivariateRealSolver:getRelativeAccuracy:()D#134#4 prob_bp = 0.50000000000000030000
org.apache.commons.math.analysis.solvers.BracketingNthOrderBrentSolver:doSolve:()D#233#399 prob_bp = 0.50000000000000030000
org.apache.commons.math.analysis.solvers.BracketingNthOrderBrentSolver:doSolve:()D#241#432 prob_bp = 0.50000000000000030000
org.apache.commons.math.analysis.solvers.BracketingNthOrderBrentSolver:doSolve:()D#233#400#unexe#22 prob_bp = 0.50000000000000030000
org.apache.commons.math.analysis.solvers.BracketingNthOrderBrentSolver:doSolve:()D#251#440 prob_bp = 0.50000000000000030000
org.apache.commons.math.analysis.solvers.BracketingNthOrderBrentSolver:doSolve:()D#251#441 prob_bp = 0.50000000000000030000
org.apache.commons.math.analysis.solvers.BracketingNthOrderBrentSolver:doSolve:()D#251#443 prob_bp = 0.50000000000000030000
org.apache.commons.math.analysis.solvers.BracketingNthOrderBrentSolver:doSolve:()D#251#449 prob_bp = 0.50000000000000030000
org.apache.commons.math.analysis.solvers.BracketingNthOrderBrentSolver:guessX:(D[D[DII)D#366#16 prob_bp = 0.50000000000000030000
org.apache.commons.math.analysis.solvers.BracketingNthOrderBrentSolver:guessX:(D[D[DII)D#366#20 prob_bp = 0.50000000000000030000
org.apache.commons.math.analysis.solvers.BracketingNthOrderBrentSolver:guessX:(D[D[DII)D#368#51 prob_bp = 0.50000000000000030000
org.apache.commons.math.analysis.solvers.BracketingNthOrderBrentSolver:guessX:(D[D[DII)D#375#96 prob_bp = 0.50000000000000030000
org.apache.commons.math.analysis.solvers.BracketingNthOrderBrentSolver:guessX:(D[D[DII)D#375#104 prob_bp = 0.50000000000000030000
org.apache.commons.math.analysis.solvers.BracketingNthOrderBrentSolver:guessX:(D[D[DII)D#375#106 prob_bp = 0.50000000000000030000
org.apache.commons.math.analysis.solvers.BracketingNthOrderBrentSolver:guessX:(D[D[DII)D#378#116 prob_bp = 0.50000000000000030000
org.apache.commons.math.analysis.solvers.BracketingNthOrderBrentSolver:doSolve:()D#254#475 prob_bp = 0.50000000000000030000
org.apache.commons.math.analysis.solvers.BracketingNthOrderBrentSolver:doSolve:()D#254#480 prob_bp = 0.50000000000000030000
org.apache.commons.math.analysis.solvers.BracketingNthOrderBrentSolver:doSolve:()D#284#570 prob_bp = 0.50000000000000030000
org.apache.commons.math.analysis.solvers.BracketingNthOrderBrentSolver:doSolve:()D#290#585 prob_bp = 0.50000000000000030000
org.apache.commons.math.analysis.solvers.BracketingNthOrderBrentSolver:doSolve:()D#299#632 prob_bp = 0.50000000000000030000
org.apache.commons.math.analysis.solvers.BracketingNthOrderBrentSolver:doSolve:()D#299#634 prob_bp = 0.50000000000000030000
org.apache.commons.math.analysis.solvers.BracketingNthOrderBrentSolver:doSolve:()D#323#715 prob_bp = 0.50000000000000030000
org.apache.commons.math.analysis.solvers.BracketingNthOrderBrentSolver:doSolve:()D#323#722#unexe#19 prob_bp = 0.50000000000000030000
org.apache.commons.math.analysis.solvers.BracketingNthOrderBrentSolver:doSolve:()D#323#722#unexe#4 prob_bp = 0.50000000000000030000
org.apache.commons.math.analysis.solvers.BracketingNthOrderBrentSolver:doSolve:()D#273#526 prob_bp = 0.50000000000000030000
org.apache.commons.math.analysis.solvers.BaseAbstractUnivariateRealSolver:<init>:(DDD)V#49#8 prob_bp = 0.50000000000000040000
org.apache.commons.math.analysis.solvers.BracketingNthOrderBrentSolver:doSolve:()D#251#445 prob_bp = 0.50000000000000040000
org.apache.commons.math.analysis.solvers.BracketingNthOrderBrentSolver:doSolve:()D#251#451 prob_bp = 0.50000000000000040000
org.apache.commons.math.analysis.solvers.BracketingNthOrderBrentSolver:guessX:(D[D[DII)D#366#17 prob_bp = 0.50000000000000040000
org.apache.commons.math.analysis.solvers.BracketingNthOrderBrentSolver:guessX:(D[D[DII)D#375#93 prob_bp = 0.50000000000000040000
org.apache.commons.math.analysis.solvers.BracketingNthOrderBrentSolver:doSolve:()D#254#483#unexe#24 prob_bp = 0.50000000000000040000
org.apache.commons.math.analysis.solvers.BaseAbstractUnivariateRealSolver:<init>:(DDD)V#49#9 prob_bp = 0.50000000000000060000
org.apache.commons.math.util.Precision:equals:(DDI)Z#277#0 prob_bp = 0.50000000000000060000
org.apache.commons.math.util.Precision:equals:(DDI)Z#281#14 prob_bp = 0.50000000000000060000
org.apache.commons.math.util.FastMath:abs:(J)J#3005#1 prob_bp = 0.50000000000000060000
org.apache.commons.math.analysis.solvers.BracketingNthOrderBrentSolver:doSolve:()D#252#458 prob_bp = 0.50000000000000060000
org.apache.commons.math.analysis.solvers.BracketingNthOrderBrentSolver:guessX:(D[D[DII)D#365#4 prob_bp = 0.50000000000000060000
org.apache.commons.math.analysis.solvers.BracketingNthOrderBrentSolver:guessX:(D[D[DII)D#366#13 prob_bp = 0.50000000000000060000
org.apache.commons.math.analysis.solvers.BracketingNthOrderBrentSolver:guessX:(D[D[DII)D#367#30 prob_bp = 0.50000000000000060000
org.apache.commons.math.analysis.solvers.BracketingNthOrderBrentSolver:guessX:(D[D[DII)D#368#35 prob_bp = 0.50000000000000060000
org.apache.commons.math.analysis.solvers.BracketingNthOrderBrentSolver:guessX:(D[D[DII)D#368#38 prob_bp = 0.50000000000000060000
org.apache.commons.math.analysis.solvers.BracketingNthOrderBrentSolver:guessX:(D[D[DII)D#368#42 prob_bp = 0.50000000000000060000
org.apache.commons.math.analysis.solvers.BracketingNthOrderBrentSolver:guessX:(D[D[DII)D#368#54 prob_bp = 0.50000000000000060000
org.apache.commons.math.analysis.solvers.BracketingNthOrderBrentSolver:guessX:(D[D[DII)D#373#77 prob_bp = 0.50000000000000060000
org.apache.commons.math.analysis.solvers.BracketingNthOrderBrentSolver:guessX:(D[D[DII)D#374#80 prob_bp = 0.50000000000000060000
org.apache.commons.math.analysis.solvers.BracketingNthOrderBrentSolver:guessX:(D[D[DII)D#374#82 prob_bp = 0.50000000000000060000
org.apache.commons.math.analysis.solvers.BracketingNthOrderBrentSolver:guessX:(D[D[DII)D#374#84 prob_bp = 0.50000000000000060000
org.apache.commons.math.analysis.solvers.BracketingNthOrderBrentSolver:guessX:(D[D[DII)D#375#105 prob_bp = 0.50000000000000060000
org.apache.commons.math.analysis.solvers.BracketingNthOrderBrentSolver:guessX:(D[D[DII)D#374#90#unexe#7 prob_bp = 0.50000000000000060000
org.apache.commons.math.analysis.solvers.BracketingNthOrderBrentSolver:doSolve:()D#290#583 prob_bp = 0.50000000000000060000
org.apache.commons.math.analysis.solvers.BracketingNthOrderBrentSolver:doSolve:()D#290#584 prob_bp = 0.50000000000000060000
org.apache.commons.math.analysis.solvers.BracketingNthOrderBrentSolver:doSolve:()D#329#743 prob_bp = 0.50000000000000060000
org.apache.commons.math.util.Precision:equals:(DDI)Z#284#29 prob_bp = 0.50000000000000070000
org.apache.commons.math.analysis.solvers.BracketingNthOrderBrentSolver:doSolve:()D#252#456 prob_bp = 0.50000000000000070000
org.apache.commons.math.analysis.solvers.BracketingNthOrderBrentSolver:guessX:(D[D[DII)D#367#65 prob_bp = 0.50000000000000070000
org.apache.commons.math.analysis.solvers.BracketingNthOrderBrentSolver:guessX:(D[D[DII)D#365#71 prob_bp = 0.50000000000000070000
org.apache.commons.math.analysis.solvers.BracketingNthOrderBrentSolver:doSolve:()D#273#518 prob_bp = 0.50000000000000070000
org.apache.commons.math.analysis.solvers.BracketingNthOrderBrentSolver:guessX:(D[D[DII)D#365#8 prob_bp = 0.50000000000000080000
org.apache.commons.math.analysis.solvers.BracketingNthOrderBrentSolver:guessX:(D[D[DII)D#367#24 prob_bp = 0.50000000000000080000
org.apache.commons.math.analysis.solvers.BracketingNthOrderBrentSolver:guessX:(D[D[DII)D#367#25 prob_bp = 0.50000000000000080000
org.apache.commons.math.analysis.solvers.BracketingNthOrderBrentSolver:guessX:(D[D[DII)D#367#28 prob_bp = 0.50000000000000080000
org.apache.commons.math.analysis.solvers.BracketingNthOrderBrentSolver:guessX:(D[D[DII)D#368#49 prob_bp = 0.50000000000000080000
org.apache.commons.math.analysis.solvers.BracketingNthOrderBrentSolver:guessX:(D[D[DII)D#368#53 prob_bp = 0.50000000000000080000
org.apache.commons.math.analysis.solvers.BracketingNthOrderBrentSolver:guessX:(D[D[DII)D#368#61 prob_bp = 0.50000000000000080000
org.apache.commons.math.analysis.solvers.BracketingNthOrderBrentSolver:guessX:(D[D[DII)D#374#86 prob_bp = 0.50000000000000080000
org.apache.commons.math.analysis.solvers.BracketingNthOrderBrentSolver:guessX:(D[D[DII)D#375#108 prob_bp = 0.50000000000000080000
org.apache.commons.math.analysis.solvers.BracketingNthOrderBrentSolver:doSolve:()D#323#717 prob_bp = 0.50000000000000080000
org.apache.commons.math.analysis.solvers.BracketingNthOrderBrentSolver:guessX:(D[D[DII)D#365#9 prob_bp = 0.50000000000000090000
org.apache.commons.math.analysis.solvers.BracketingNthOrderBrentSolver:doSolve:()D#254#482 prob_bp = 0.50000000000000090000
org.apache.commons.math.analysis.solvers.BracketingNthOrderBrentSolver:guessX:(D[D[DII)D#366#19 prob_bp = 0.50000000000000100000
org.apache.commons.math.analysis.solvers.BracketingNthOrderBrentSolver:doSolve:()D#254#475#unexe#24 prob_bp = 0.50000000000000100000
org.apache.commons.math.analysis.solvers.BracketingNthOrderBrentSolver:guessX:(D[D[DII)D#375#97 prob_bp = 0.50000000000000110000
org.apache.commons.math.analysis.solvers.BracketingNthOrderBrentSolver:doSolve:()D#284#572 prob_bp = 0.50000000000000110000
org.apache.commons.math.util.FastMath:abs:(D)D#3023#11 prob_bp = 0.50000000000000120000
org.apache.commons.math.analysis.solvers.BracketingNthOrderBrentSolver:doSolve:()D#246#435 prob_bp = 0.50000000000000120000
org.apache.commons.math.util.FastMath:abs:(J)J#3005#12 prob_bp = 0.50000000000000140000
org.apache.commons.math.analysis.solvers.BracketingNthOrderBrentSolver:guessX:(D[D[DII)D#366#15 prob_bp = 0.50000000000000140000
org.apache.commons.math.analysis.solvers.BracketingNthOrderBrentSolver:guessX:(D[D[DII)D#368#46 prob_bp = 0.50000000000000140000
org.apache.commons.math.analysis.solvers.BracketingNthOrderBrentSolver:guessX:(D[D[DII)D#368#64 prob_bp = 0.50000000000000140000
org.apache.commons.math.util.Precision:equals:(DDI)Z#288#50 prob_bp = 0.50000000000000170000
org.apache.commons.math.analysis.solvers.BracketingNthOrderBrentSolver:doSolve:()D#211#262 prob_bp = 0.50000000000000170000
org.apache.commons.math.analysis.solvers.BracketingNthOrderBrentSolver:guessX:(D[D[DII)D#368#48 prob_bp = 0.50000000000000170000
org.apache.commons.math.analysis.solvers.BracketingNthOrderBrentSolver:guessX:(D[D[DII)D#375#107 prob_bp = 0.50000000000000170000
org.apache.commons.math.analysis.solvers.BracketingNthOrderBrentSolver:doSolve:()D#323#719 prob_bp = 0.50000000000000170000
org.apache.commons.math.util.FastMath:abs:(D)D#3023#0 prob_bp = 0.50000000000000190000
org.apache.commons.math.analysis.solvers.BracketingNthOrderBrentSolver:guessX:(D[D[DII)D#368#58 prob_bp = 0.50000000000000190000
org.apache.commons.math.analysis.solvers.BracketingNthOrderBrentSolver:doSolve:()D#246#434 prob_bp = 0.50000000000000200000
org.apache.commons.math.analysis.solvers.BracketingNthOrderBrentSolver:guessX:(D[D[DII)D#368#45 prob_bp = 0.50000000000000210000
org.apache.commons.math.analysis.solvers.BracketingNthOrderBrentSolver:doSolve:()D#211#242 prob_bp = 0.50000000000000220000
org.apache.commons.math.analysis.solvers.BracketingNthOrderBrentSolver:doSolve:()D#252#465 prob_bp = 0.50000000000000230000
org.apache.commons.math.analysis.solvers.BracketingNthOrderBrentSolver:guessX:(D[D[DII)D#368#41 prob_bp = 0.50000000000000230000
org.apache.commons.math.analysis.solvers.BracketingNthOrderBrentSolver:guessX:(D[D[DII)D#368#47 prob_bp = 0.50000000000000230000
org.apache.commons.math.analysis.solvers.BracketingNthOrderBrentSolver:doSolve:()D#284#573 prob_bp = 0.50000000000000230000
org.apache.commons.math.util.Precision:equals:(DDI)Z#288#52 prob_bp = 0.50000000000000260000
org.apache.commons.math.analysis.solvers.BracketingNthOrderBrentSolver:doSolve:()D#284#574 prob_bp = 0.50000000000000260000
org.apache.commons.math.util.FastMath:abs:(D)D#3023#13 prob_bp = 0.50000000000000280000
org.apache.commons.math.analysis.solvers.BracketingNthOrderBrentSolver:guessX:(D[D[DII)D#367#32 prob_bp = 0.50000000000000300000
org.apache.commons.math.analysis.solvers.BracketingNthOrderBrentSolver:guessX:(D[D[DII)D#368#62 prob_bp = 0.50000000000000320000
org.apache.commons.math.analysis.solvers.BracketingNthOrderBrentSolver:guessX:(D[D[DII)D#368#63 prob_bp = 0.50000000000000320000
org.apache.commons.math.analysis.solvers.BracketingNthOrderBrentSolver:doSolve:()D#273#518#unexe#24 prob_bp = 0.50000000000000320000
org.apache.commons.math.util.FastMath:abs:(D)D#3023#2 prob_bp = 0.50000000000000340000
org.apache.commons.math.util.FastMath:abs:(D)D#3023#12 prob_bp = 0.50000000000000380000
org.apache.commons.math.util.FastMath:abs:(D)D#3023#1 prob_bp = 0.50000000000000490000
org.apache.commons.math.util.Precision:equals:(DDI)Z#288#53 prob_bp = 0.50000000000000500000
org.apache.commons.math.analysis.solvers.BaseAbstractUnivariateRealSolver:computeObjectiveValue:(D)D#154#14 prob_bp = 0.50000000000000770000
org.apache.commons.math.analysis.solvers.BracketingNthOrderBrentSolver:doSolve:()D#325#725 prob_bp = 0.50000000000000920000
org.apache.commons.math.analysis.solvers.BracketingNthOrderBrentSolver:doSolve:()D#211#254 prob_bp = 0.50000000000001140000
org.apache.commons.math.analysis.solvers.BracketingNthOrderBrentSolver:doSolve:()D#275#535#unexe#24 prob_bp = 0.50000000000001210000
org.apache.commons.math.analysis.solvers.BracketingNthOrderBrentSolver:doSolve:()D#211#249 prob_bp = 0.50000000000001320000
org.apache.commons.math.analysis.solvers.BracketingNthOrderBrentSolver:doSolve:()D#326#729 prob_bp = 0.50000000000002530000
org.apache.commons.math.analysis.solvers.BracketingNthOrderBrentSolver:doSolve:()D#325#727 prob_bp = 0.50000000000003390000
org.apache.commons.math.analysis.solvers.BracketingNthOrderBrentSolver:doSolve:()D#283#568 prob_bp = 0.50000000000003540000
org.apache.commons.math.analysis.solvers.BracketingNthOrderBrentSolver:doSolve:()D#211#256 prob_bp = 0.50000000000004270000
org.apache.commons.math.analysis.solvers.BracketingNthOrderBrentSolver:doSolve:()D#211#251 prob_bp = 0.50000000000005070000
org.apache.commons.math.analysis.solvers.BracketingNthOrderBrentSolver:doSolve:()D#326#731 prob_bp = 0.50000000000009000000
org.apache.commons.math.analysis.solvers.BracketingNthOrderBrentSolver:doSolve:()D#211#263 prob_bp = 0.50000000000030500000
org.apache.commons.math.analysis.solvers.BracketingNthOrderBrentSolver:doSolve:()D#327#733 prob_bp = 0.50000000000032240000
org.apache.commons.math.analysis.solvers.BracketingNthOrderBrentSolver:doSolve:()D#323#720 prob_bp = 0.50000000000032940000
org.apache.commons.math.analysis.solvers.BracketingNthOrderBrentSolver:doSolve:()D#323#721 prob_bp = 0.50000000000034240000
org.apache.commons.math.analysis.solvers.BracketingNthOrderBrentSolver:doSolve:()D#323#722#unexe#6 prob_bp = 0.50000000000048600000
org.apache.commons.math.analysis.solvers.BracketingNthOrderBrentSolver:doSolve:()D#323#722#unexe#13 prob_bp = 0.50000000000063470000
org.apache.commons.math.analysis.solvers.BracketingNthOrderBrentSolver:doSolve:()D#327#735 prob_bp = 0.50000000000115610000
org.apache.commons.math.analysis.solvers.BracketingNthOrderBrentSolver:doSolve:()D#213#268 prob_bp = 0.50000000000175020000
org.apache.commons.math.analysis.solvers.BracketingNthOrderBrentSolver:doSolve:()D#213#266 prob_bp = 0.50000000000175050000
org.apache.commons.math.util.FastMath:abs:(D)D#3023#14 prob_bp = 0.50000000000222120000
org.apache.commons.math.util.FastMath:abs:(D)D#3023#3 prob_bp = 0.50000000000285800000
org.apache.commons.math.util.FastMath:abs:(D)D#3023#6 prob_bp = 0.50000000000461020000
org.apache.commons.math.analysis.solvers.BracketingNthOrderBrentSolver:doSolve:()D#213#270 prob_bp = 0.50000000000627220000
org.apache.commons.math.util.FastMath:abs:(D)D#3023#7 prob_bp = 0.50000000001642390000
org.apache.commons.math.util.FastMath:abs:(D)D#3023#21 prob_bp = 0.50000000001776810000
org.apache.commons.math.analysis.solvers.BracketingNthOrderBrentSolver:doSolve:()D#211#259 prob_bp = 0.50000000002023460000
org.apache.commons.math.analysis.solvers.BracketingNthOrderBrentSolver:doSolve:()D#213#284 prob_bp = 0.50000000003696620000
org.apache.commons.math.util.Precision:equals:(DDI)Z#288#54 prob_bp = 0.50000000005812300000
org.apache.commons.math.analysis.solvers.BracketingNthOrderBrentSolver:doSolve:()D#211#264 prob_bp = 0.50000000006769750000
org.apache.commons.math.analysis.solvers.BracketingNthOrderBrentSolver:solve:(ILorg/apache/commons/math/analysis/UnivariateFunction;DDDLorg/apache/commons/math/analysis/solvers/AllowedSolution;)D#394#14 prob_bp = 0.50000000010096450000
org.apache.commons.math.util.FastMath:abs:(D)D#3023#22 prob_bp = 0.50000000012134040000
org.apache.commons.math.analysis.solvers.BracketingNthOrderBrentSolver:doSolve:()D#213#285 prob_bp = 0.50000000013409460000
org.apache.commons.math.analysis.solvers.BracketingNthOrderBrentSolver:doSolve:()D#327#738 prob_bp = 0.50000000018869320000
org.apache.commons.math.analysis.solvers.BracketingNthOrderBrentSolver:doSolve:()D#213#271 prob_bp = 0.50000000030918770000
org.apache.commons.math.util.Precision:equals:(DDI)Z#288#61 prob_bp = 0.50000000046329220000
org.apache.commons.math.analysis.solvers.BaseAbstractUnivariateRealSolver:getFunctionValueAccuracy:()D#140#0 prob_bp = 0.50000000046916660000
org.apache.commons.math.util.Precision:equals:(DDI)Z#288#62 prob_bp = 0.50000000047966310000
org.apache.commons.math.analysis.solvers.BracketingNthOrderBrentSolver:doSolve:()D#323#722 prob_bp = 0.50000000050505810000
org.apache.commons.math.util.Precision:equals:(DDI)Z#290#64 prob_bp = 0.50000000053730230000
org.apache.commons.math.analysis.solvers.BracketingNthOrderBrentSolver:<init>:(DDDI)V#124#3 prob_bp = 0.50000000057307730000
org.apache.commons.math.analysis.solvers.AbstractUnivariateRealSolver:<init>:(DDD)V#59#3 prob_bp = 0.50000000060693730000
org.apache.commons.math.util.Precision:equals:(DDI)Z#290#66 prob_bp = 0.50000000074024890000
org.apache.commons.math.analysis.solvers.BracketingNthOrderBrentSolver:doSolve:()D#323#722#unexe#10 prob_bp = 0.50000000079755750000
org.apache.commons.math.analysis.solvers.BracketingNthOrderBrentSolver:doSolve:()D#213#273 prob_bp = 0.50000000117451090000
org.apache.commons.math.analysis.solvers.BaseAbstractUnivariateRealSolver:getFunctionValueAccuracy:()D#140#1 prob_bp = 0.50000000162509140000
org.apache.commons.math.analysis.solvers.BracketingNthOrderBrentSolver:doSolve:()D#213#277 prob_bp = 0.50000000286699100000
org.apache.commons.math.analysis.solvers.BracketingNthOrderBrentSolver:doSolve:()D#323#722#unexe#17 prob_bp = 0.50000000310605500000
org.apache.commons.math.util.FastMath:max:(DD)D#3538#0 prob_bp = 0.50000000390576850000
org.apache.commons.math.util.FastMath:max:(DD)D#3538#1 prob_bp = 0.50000000390578560000
org.apache.commons.math.analysis.solvers.BracketingNthOrderBrentSolver:doSolve:()D#213#279 prob_bp = 0.50000000869278090000
org.apache.commons.math.util.FastMath:max:(DD)D#3538#2 prob_bp = 0.50000001384605120000
org.apache.commons.math.util.FastMath:max:(DD)D#3541#8 prob_bp = 0.50000003254174050000
org.apache.commons.math.util.FastMath:max:(DD)D#3541#9 prob_bp = 0.50000003254188220000
org.apache.commons.math.analysis.solvers.BracketingNthOrderBrentSolver:doSolve:()D#213#281 prob_bp = 0.50000004105234500000
org.apache.commons.math.util.Precision:equals:(DDI)Z#290#87 prob_bp = 0.50000007148213280000
org.apache.commons.math.util.FastMath:max:(DD)D#3542#14 prob_bp = 0.50000007296756790000
org.apache.commons.math.util.Precision:equals:(DDI)Z#290#88 prob_bp = 0.50000007434045770000
org.apache.commons.math.analysis.solvers.BracketingNthOrderBrentSolver:doSolve:()D#284#577 prob_bp = 0.50000008440425840000
org.apache.commons.math.util.FastMath:max:(DD)D#3541#10 prob_bp = 0.50000011487748670000
org.apache.commons.math.analysis.solvers.BaseAbstractUnivariateRealSolver:getFunctionValueAccuracy:()D#140#4 prob_bp = 0.50000019742249180000
org.apache.commons.math.util.FastMath:max:(DD)D#3542#15 prob_bp = 0.50000025365848600000
org.apache.commons.math.analysis.solvers.BracketingNthOrderBrentSolver:doSolve:()D#213#288 prob_bp = 0.50000087286940110000
org.apache.commons.math.analysis.solvers.BaseAbstractUnivariateRealSolver:solve:(ILorg/apache/commons/math/analysis/UnivariateFunction;DDD)D#187#2 prob_bp = 0.50000396821154660000
org.apache.commons.math.analysis.solvers.BaseAbstractUnivariateRealSolver:solve:(ILorg/apache/commons/math/analysis/UnivariateFunction;DDD)D#187#8 prob_bp = 0.50000934107064540000
org.apache.commons.math.analysis.solvers.BaseAbstractUnivariateRealSolver:setup:(ILorg/apache/commons/math/analysis/UnivariateFunction;DDD)V#173#0 prob_bp = 0.50002661878304730000
org.apache.commons.math.analysis.solvers.BracketingNthOrderBrentSolver:doSolve:()D#213#274 prob_bp = 0.50003053410508570000
org.apache.commons.math.analysis.solvers.BaseAbstractUnivariateRealSolver:setup:(ILorg/apache/commons/math/analysis/UnivariateFunction;DDD)V#173#1 prob_bp = 0.50008218053228640000
org.apache.commons.math.util.FastMath:max:(DD)D#3538#3 prob_bp = 0.50025048168641910000
org.apache.commons.math.util.MathUtils:checkNotNull:(Ljava/lang/Object;)V#257#0 prob_bp = 0.50026086802213900000
org.apache.commons.math.util.MathUtils:checkNotNull:(Ljava/lang/Object;)V#257#1 prob_bp = 0.50083565161467410000
org.apache.commons.math.analysis.solvers.BaseAbstractUnivariateRealSolver:solve:(ILorg/apache/commons/math/analysis/UnivariateFunction;DDD)D#190#11 prob_bp = 0.50185735068831760000
org.apache.commons.math.util.FastMath:max:(DD)D#3541#11 prob_bp = 0.50205957709508900000
org.apache.commons.math.analysis.solvers.BaseAbstractUnivariateRealSolver:solve:(ILorg/apache/commons/math/analysis/UnivariateFunction;DDD)D#190#12 prob_bp = 0.50541865340969350000
org.apache.commons.math.analysis.solvers.BracketingNthOrderBrentSolver:<init>:(DDDI)V#124#0 prob_bp = 0.51246279292975830000
org.apache.commons.math.analysis.solvers.BracketingNthOrderBrentSolver:<init>:(DDDI)V#124#2 prob_bp = 0.51246486539396410000
org.apache.commons.math.analysis.solvers.AbstractUnivariateRealSolver:<init>:(DDD)V#59#0 prob_bp = 0.51321089186743430000
org.apache.commons.math.analysis.solvers.AbstractUnivariateRealSolver:<init>:(DDD)V#59#2 prob_bp = 0.51321307436973060000
org.apache.commons.math.analysis.solvers.BaseAbstractUnivariateRealSolver:<init>:(DDD)V#93#15 prob_bp = 0.51618718646899520000
org.apache.commons.math.analysis.solvers.BaseAbstractUnivariateRealSolver:<init>:(DDD)V#93#16 prob_bp = 0.51618720784291770000
org.apache.commons.math.analysis.solvers.BracketingNthOrderBrentSolver:doSolve:()D#213#289 prob_bp = 0.51640180815261300000
org.apache.commons.math.analysis.solvers.BaseAbstractUnivariateRealSolver:<init>:(DDD)V#93#17 prob_bp = 0.52016966903088950000
org.apache.commons.math.analysis.solvers.BracketingNthOrderBrentSolver:<init>:(DDDI)V#124#5 prob_bp = 0.52481508164871190000
org.apache.commons.math.analysis.solvers.AbstractUnivariateRealSolver:<init>:(DDD)V#59#5 prob_bp = 0.52766359595404010000
org.apache.commons.math.analysis.solvers.BracketingNthOrderBrentSolver:<init>:(DDDI)V#125#8 prob_bp = 0.55077561344071650000
org.apache.commons.math.analysis.solvers.BracketingNthOrderBrentSolver:<init>:(DDDI)V#125#10 prob_bp = 0.55077561344071870000
org.apache.commons.math.analysis.solvers.BracketingNthOrderBrentSolver:<init>:(DDDI)V#125#11 prob_bp = 0.55180138341339060000
org.apache.commons.math.analysis.solvers.BaseAbstractUnivariateRealSolver:getAbsoluteAccuracy:()D#128#1 prob_bp = 0.67902487932289230000
org.apache.commons.math.analysis.solvers.BaseAbstractUnivariateRealSolver:<init>:(DDD)V#95#25 prob_bp = 0.93690911203848800000
org.apache.commons.math.analysis.solvers.BaseAbstractUnivariateRealSolver:<init>:(DDD)V#95#26 prob_bp = 0.97774019672837460000
org.apache.commons.math.analysis.solvers.BaseAbstractUnivariateRealSolver:getAbsoluteAccuracy:()D#128#0 prob_bp = 0.98296318665653890000
org.apache.commons.math.analysis.solvers.BaseAbstractUnivariateRealSolver:getAbsoluteAccuracy:()D#128#4 prob_bp = 0.99004460506729260000
org.apache.commons.math.analysis.solvers.BaseAbstractUnivariateRealSolver:<init>:(DDD)V#95#28 prob_bp = 0.99009900991736930000
org.apache.commons.math.analysis.solvers.BracketingNthOrderBrentSolverTest:testIssue716:()V#86#0 prob_bp = 1.00000000000000000000
org.apache.commons.math.analysis.solvers.BracketingNthOrderBrentSolverTest:testIssue716:()V#86#3 prob_bp = 1.00000000000000000000
org.apache.commons.math.analysis.solvers.BracketingNthOrderBrentSolverTest:testIssue716:()V#86#4 prob_bp = 1.00000000000000000000
org.apache.commons.math.analysis.solvers.BracketingNthOrderBrentSolverTest:testIssue716:()V#86#7 prob_bp = 1.00000000000000000000
org.apache.commons.math.analysis.solvers.BracketingNthOrderBrentSolverTest:testIssue716:()V#86#10 prob_bp = 1.00000000000000000000
org.apache.commons.math.analysis.solvers.BracketingNthOrderBrentSolverTest:testIssue716:()V#86#13 prob_bp = 1.00000000000000000000
org.apache.commons.math.analysis.solvers.BracketingNthOrderBrentSolverTest:testIssue716:()V#86#14 prob_bp = 1.00000000000000000000
org.apache.commons.math.analysis.solvers.BracketingNthOrderBrentSolverTest:testIssue716:()V#86#17 prob_bp = 1.00000000000000000000
org.apache.commons.math.analysis.solvers.BracketingNthOrderBrentSolverTest:testIssue716:()V#88#18 prob_bp = 1.00000000000000000000
org.apache.commons.math.analysis.solvers.BracketingNthOrderBrentSolverTest:testIssue716:()V#88#26 prob_bp = 1.00000000000000000000
org.apache.commons.math.analysis.solvers.BracketingNthOrderBrentSolverTest:testIssue716:()V#93#27 prob_bp = 1.00000000000000000000
org.apache.commons.math.analysis.solvers.BracketingNthOrderBrentSolverTest:testIssue716:()V#93#28 prob_bp = 1.00000000000000000000
org.apache.commons.math.analysis.solvers.BracketingNthOrderBrentSolverTest:testIssue716:()V#93#30 prob_bp = 1.00000000000000000000
org.apache.commons.math.analysis.solvers.BracketingNthOrderBrentSolverTest:testIssue716:()V#93#34 prob_bp = 1.00000000000000000000
org.apache.commons.math.analysis.solvers.BracketingNthOrderBrentSolverTest:testIssue716:()V#93#43 prob_bp = 1.00000000000000000000
Belief propagation time : 16.164000s
