Belief propagation time: 100

Probabilities: 
Vars:109552
Stmts:5301
org.jfree.data.time.TimePeriodValues:getMaxMiddleIndex:()I#552#4 prob_bp = 0.49968498743975515000
org.jfree.data.time.TimePeriodValues:getMaxMiddleIndex:()I#552#1 prob_bp = 0.49999772148600540000
org.jfree.data.time.TimePeriodValues:getMaxMiddleIndex:()I#552#0 prob_bp = 0.49999849322182643000
org.jfree.data.time.TimePeriodValues:add:(Lorg/jfree/data/time/TimePeriod;D)V#363#4 prob_bp = 0.50000146030889660000
org.jfree.data.time.TimePeriodValues:add:(Lorg/jfree/data/time/TimePeriod;D)V#363#6 prob_bp = 0.50000166032838020000
org.jfree.data.time.SimpleTimePeriod:<init>:(JJ)V#77#4 prob_bp = 0.50000168918889050000
org.jfree.data.time.SimpleTimePeriod:<init>:(JJ)V#77#5 prob_bp = 0.50000168918889050000
org.jfree.data.time.SimpleTimePeriod:<init>:(JJ)V#77#6 prob_bp = 0.50000516945610960000
org.jfree.data.time.TimePeriodValue:<init>:(Lorg/jfree/data/time/TimePeriod;D)V#88#1 prob_bp = 0.50000541372711400000
org.jfree.data.time.TimePeriodValue:<init>:(Lorg/jfree/data/time/TimePeriod;D)V#88#10 prob_bp = 0.50000837232666480000
org.jfree.data.general.Series:fireSeriesChanged:()V#313#0 prob_bp = 0.50001756307239010000
org.jfree.data.time.TimePeriodValues:add:(Lorg/jfree/data/time/TimePeriod;D)V#364#11 prob_bp = 0.50002663841292750000
org.jfree.data.time.TimePeriodValues:add:(Lorg/jfree/data/time/TimePeriodValue;)V#248#44 prob_bp = 0.50004549318636640000
org.jfree.data.general.Series:fireSeriesChanged:()V#313#1 prob_bp = 0.50006387374588130000
org.jfree.data.time.TimePeriodValues:add:(Lorg/jfree/data/time/TimePeriodValue;)V#248#45 prob_bp = 0.50008494399899330000
org.jfree.data.time.TimePeriodValues:add:(Lorg/jfree/data/time/TimePeriod;Ljava/lang/Number;)V#375#4 prob_bp = 0.50026217654103630000
org.jfree.data.time.TimePeriodValues:add:(Lorg/jfree/data/time/TimePeriod;Ljava/lang/Number;)V#375#6 prob_bp = 0.50026965818078100000
org.jfree.data.time.TimePeriodValue:<init>:(Lorg/jfree/data/time/TimePeriod;Ljava/lang/Number;)V#71#4 prob_bp = 0.50030874279426820000
org.jfree.data.general.Series:fireSeriesChanged:()V#314#12 prob_bp = 0.50034113226385690000
org.jfree.data.time.TimePeriodValue:<init>:(Lorg/jfree/data/time/TimePeriod;Ljava/lang/Number;)V#71#5 prob_bp = 0.50040762113158310000
org.jfree.data.time.TimePeriodValues:add:(Lorg/jfree/data/time/TimePeriod;D)V#363#0 prob_bp = 0.50058008870548200000
org.jfree.data.time.TimePeriodValues:add:(Lorg/jfree/data/time/TimePeriod;D)V#363#9 prob_bp = 0.50060118536974800000
org.jfree.data.time.TimePeriodValues:add:(Lorg/jfree/data/time/TimePeriod;D)V#364#12 prob_bp = 0.50068550910536490000
org.jfree.data.time.TimePeriodValues:add:(Lorg/jfree/data/time/TimePeriod;D)V#364#14 prob_bp = 0.50105265131776950000
org.jfree.data.time.TimePeriodValues:add:(Lorg/jfree/data/time/TimePeriod;Ljava/lang/Number;)V#375#0 prob_bp = 0.50105676626912410000
org.jfree.data.time.TimePeriodValues:add:(Lorg/jfree/data/time/TimePeriod;Ljava/lang/Number;)V#375#9 prob_bp = 0.50109194622302720000
org.jfree.data.time.TimePeriodValues:add:(Lorg/jfree/data/time/TimePeriod;Ljava/lang/Number;)V#376#11 prob_bp = 0.50123063119946390000
org.jfree.data.general.Series:fireSeriesChanged:()V#314#8 prob_bp = 0.50127268058861840000
org.jfree.data.general.Series:fireSeriesChanged:()V#314#11 prob_bp = 0.50132243950280030000
org.jfree.data.general.SeriesChangeEvent:<init>:(Ljava/lang/Object;)V#61#1 prob_bp = 0.50155995115657750000
org.jfree.data.time.TimePeriodValues:add:(Lorg/jfree/data/time/TimePeriod;Ljava/lang/Number;)V#376#12 prob_bp = 0.50177710478801700000
org.jfree.data.general.Series:fireSeriesChanged:()V#314#13 prob_bp = 0.50210471085330780000
org.jfree.data.general.SeriesChangeEvent:<init>:(Ljava/lang/Object;)V#61#0 prob_bp = 0.50229717742237010000
org.jfree.data.general.Series:fireSeriesChanged:()V#313#4 prob_bp = 0.50385695261569320000
org.jfree.data.time.Year:<init>:(I)V#97#4 prob_bp = 0.50481288594907050000
org.jfree.data.time.Year:<init>:(I)V#97#5 prob_bp = 0.50483033749306450000
org.jfree.data.time.Year:<init>:(I)V#97#8 prob_bp = 0.50493119156602270000
org.jfree.data.general.SeriesChangeEvent:<init>:(Ljava/lang/Object;)V#61#2 prob_bp = 0.50537203806625490000
org.jfree.data.time.TimePeriodValues:add:(Lorg/jfree/data/time/TimePeriodValue;)V#243#0 prob_bp = 0.51288832510209580000
org.jfree.data.time.Year:<init>:(I)V#97#11 prob_bp = 0.52514626043208870000
org.jfree.data.time.Year:<init>:(I)V#97#12 prob_bp = 0.52622326858798910000
org.jfree.data.time.Year:<init>:(I)V#97#15 prob_bp = 0.52712347860006690000
org.jfree.data.time.TimePeriodValues:add:(Lorg/jfree/data/time/TimePeriodValue;)V#243#1 prob_bp = 0.52773349895181850000
org.jfree.data.time.SimpleTimePeriod:<init>:(JJ)V#77#7 prob_bp = 0.57287863496766960000
org.jfree.data.time.TimePeriodValues:<init>:(Ljava/lang/Comparable;)V#114#1 prob_bp = 0.96675892410518400000
org.jfree.data.time.TimePeriodValues:<init>:(Ljava/lang/Comparable;Ljava/lang/String;Ljava/lang/String;)V#129#1 prob_bp = 0.96940196992789830000
org.jfree.data.time.TimePeriodValues:<init>:(Ljava/lang/Comparable;)V#114#0 prob_bp = 0.97580250049468580000
org.jfree.data.time.TimePeriodValues:<init>:(Ljava/lang/Comparable;Ljava/lang/String;Ljava/lang/String;)V#129#0 prob_bp = 0.98130290764690650000
org.jfree.data.general.Series:<init>:(Ljava/lang/Comparable;Ljava/lang/String;)V#119#51 prob_bp = 0.99008952457298750000
org.jfree.data.general.Series:<init>:(Ljava/lang/Comparable;Ljava/lang/String;)V#119#52 prob_bp = 0.99009897027822160000
org.jfree.data.general.Series:<init>:(Ljava/lang/Comparable;Ljava/lang/String;)V#119#53 prob_bp = 0.99009897027822160000
org.jfree.data.general.Series:<init>:(Ljava/lang/Comparable;)V#102#1 prob_bp = 0.99588537004822970000
org.jfree.data.general.Series:<init>:(Ljava/lang/Comparable;Ljava/lang/String;)V#112#4 prob_bp = 0.99651826262484980000
org.jfree.data.general.Series:<init>:(Ljava/lang/Comparable;Ljava/lang/String;)V#112#5 prob_bp = 0.99681949960818820000
org.jfree.data.time.TimePeriodValues:<init>:(Ljava/lang/Comparable;)V#114#6 prob_bp = 0.99892814855984340000
org.jfree.data.time.TimePeriodValues:<init>:(Ljava/lang/Comparable;Ljava/lang/String;Ljava/lang/String;)V#129#2 prob_bp = 0.99931350943882910000
org.jfree.data.general.Series:<init>:(Ljava/lang/Comparable;Ljava/lang/String;)V#111#0 prob_bp = 0.99967289629900240000
org.jfree.data.general.Series:<init>:(Ljava/lang/Comparable;Ljava/lang/String;)V#111#1 prob_bp = 0.99987102503435880000
org.jfree.data.general.Series:<init>:(Ljava/lang/Comparable;)V#102#0 prob_bp = 0.99996108253248540000
org.jfree.data.general.Series:<init>:(Ljava/lang/Comparable;)V#102#3 prob_bp = 0.99999992826733320000
org.jfree.data.time.junit.TimePeriodValuesTests:setUp:()V#106#5 prob_bp = 1.00000000000000000000
org.jfree.data.time.junit.TimePeriodValuesTests:setUp:()V#106#7 prob_bp = 1.00000000000000000000
org.jfree.data.time.junit.TimePeriodValuesTests:setUp:()V#108#17 prob_bp = 1.00000000000000000000
org.jfree.data.time.junit.TimePeriodValuesTests:setUp:()V#108#21 prob_bp = 1.00000000000000000000
org.jfree.data.time.junit.TimePeriodValuesTests:setUp:()V#108#24 prob_bp = 1.00000000000000000000
org.jfree.data.time.junit.TimePeriodValuesTests:setUp:()V#108#36 prob_bp = 1.00000000000000000000
org.jfree.data.time.junit.TimePeriodValuesTests:setUp:()V#109#43 prob_bp = 1.00000000000000000000
org.jfree.data.time.junit.TimePeriodValuesTests:setUp:()V#109#47 prob_bp = 1.00000000000000000000
org.jfree.data.time.junit.TimePeriodValuesTests:setUp:()V#109#50 prob_bp = 1.00000000000000000000
org.jfree.data.time.junit.TimePeriodValuesTests:setUp:()V#109#62 prob_bp = 1.00000000000000000000
org.jfree.data.time.junit.TimePeriodValuesTests:setUp:()V#110#69 prob_bp = 1.00000000000000000000
org.jfree.data.time.junit.TimePeriodValuesTests:setUp:()V#110#73 prob_bp = 1.00000000000000000000
org.jfree.data.time.junit.TimePeriodValuesTests:setUp:()V#110#76 prob_bp = 1.00000000000000000000
org.jfree.data.time.junit.TimePeriodValuesTests:setUp:()V#110#88 prob_bp = 1.00000000000000000000
org.jfree.data.time.junit.TimePeriodValuesTests:setUp:()V#111#95 prob_bp = 1.00000000000000000000
org.jfree.data.time.junit.TimePeriodValuesTests:setUp:()V#111#99 prob_bp = 1.00000000000000000000
org.jfree.data.time.junit.TimePeriodValuesTests:setUp:()V#111#102 prob_bp = 1.00000000000000000000
org.jfree.data.time.junit.TimePeriodValuesTests:setUp:()V#111#114 prob_bp = 1.00000000000000000000
org.jfree.data.time.junit.TimePeriodValuesTests:setUp:()V#112#121 prob_bp = 1.00000000000000000000
org.jfree.data.time.junit.TimePeriodValuesTests:setUp:()V#112#125 prob_bp = 1.00000000000000000000
org.jfree.data.time.junit.TimePeriodValuesTests:setUp:()V#112#128 prob_bp = 1.00000000000000000000
org.jfree.data.time.junit.TimePeriodValuesTests:setUp:()V#112#140 prob_bp = 1.00000000000000000000
org.jfree.data.time.junit.TimePeriodValuesTests:setUp:()V#113#147 prob_bp = 1.00000000000000000000
org.jfree.data.time.junit.TimePeriodValuesTests:setUp:()V#113#151 prob_bp = 1.00000000000000000000
org.jfree.data.time.junit.TimePeriodValuesTests:setUp:()V#113#154 prob_bp = 1.00000000000000000000
org.jfree.data.time.junit.TimePeriodValuesTests:setUp:()V#113#166 prob_bp = 1.00000000000000000000
org.jfree.data.time.junit.TimePeriodValuesTests:setUp:()V#119#186 prob_bp = 1.00000000000000000000
org.jfree.data.time.junit.TimePeriodValuesTests:setUp:()V#119#188 prob_bp = 1.00000000000000000000
org.jfree.data.time.junit.TimePeriodValuesTests:setUp:()V#121#198 prob_bp = 1.00000000000000000000
org.jfree.data.time.junit.TimePeriodValuesTests:setUp:()V#121#202 prob_bp = 1.00000000000000000000
org.jfree.data.time.junit.TimePeriodValuesTests:setUp:()V#121#205 prob_bp = 1.00000000000000000000
org.jfree.data.time.junit.TimePeriodValuesTests:setUp:()V#121#217 prob_bp = 1.00000000000000000000
org.jfree.data.time.junit.TimePeriodValuesTests:setUp:()V#122#224 prob_bp = 1.00000000000000000000
org.jfree.data.time.junit.TimePeriodValuesTests:setUp:()V#122#228 prob_bp = 1.00000000000000000000
org.jfree.data.time.junit.TimePeriodValuesTests:setUp:()V#122#231 prob_bp = 1.00000000000000000000
org.jfree.data.time.junit.TimePeriodValuesTests:setUp:()V#122#243 prob_bp = 1.00000000000000000000
org.jfree.data.time.junit.TimePeriodValuesTests:setUp:()V#123#250 prob_bp = 1.00000000000000000000
org.jfree.data.time.junit.TimePeriodValuesTests:setUp:()V#123#254 prob_bp = 1.00000000000000000000
org.jfree.data.time.junit.TimePeriodValuesTests:setUp:()V#123#257 prob_bp = 1.00000000000000000000
org.jfree.data.time.junit.TimePeriodValuesTests:setUp:()V#123#269 prob_bp = 1.00000000000000000000
org.jfree.data.time.junit.TimePeriodValuesTests:setUp:()V#129#289 prob_bp = 1.00000000000000000000
org.jfree.data.time.junit.TimePeriodValuesTests:setUp:()V#129#291 prob_bp = 1.00000000000000000000
org.jfree.data.time.junit.TimePeriodValuesTests:setUp:()V#131#301 prob_bp = 1.00000000000000000000
org.jfree.data.time.junit.TimePeriodValuesTests:setUp:()V#131#305 prob_bp = 1.00000000000000000000
org.jfree.data.time.junit.TimePeriodValuesTests:setUp:()V#131#308 prob_bp = 1.00000000000000000000
org.jfree.data.time.junit.TimePeriodValuesTests:setUp:()V#131#320 prob_bp = 1.00000000000000000000
org.jfree.data.time.junit.TimePeriodValuesTests:setUp:()V#132#327 prob_bp = 1.00000000000000000000
org.jfree.data.time.junit.TimePeriodValuesTests:setUp:()V#132#331 prob_bp = 1.00000000000000000000
org.jfree.data.time.junit.TimePeriodValuesTests:setUp:()V#132#334 prob_bp = 1.00000000000000000000
org.jfree.data.time.junit.TimePeriodValuesTests:setUp:()V#132#346 prob_bp = 1.00000000000000000000
org.jfree.data.time.junit.TimePeriodValuesTests:setUp:()V#133#353 prob_bp = 1.00000000000000000000
org.jfree.data.time.junit.TimePeriodValuesTests:setUp:()V#133#357 prob_bp = 1.00000000000000000000
org.jfree.data.time.junit.TimePeriodValuesTests:setUp:()V#133#360 prob_bp = 1.00000000000000000000
org.jfree.data.time.junit.TimePeriodValuesTests:setUp:()V#133#372 prob_bp = 1.00000000000000000000
org.jfree.data.time.junit.TimePeriodValuesTests:testGetMaxMiddleIndex:()V#368#0 prob_bp = 1.00000000000000000000
org.jfree.data.time.junit.TimePeriodValuesTests:testGetMaxMiddleIndex:()V#368#3 prob_bp = 1.00000000000000000000
org.jfree.data.time.junit.TimePeriodValuesTests:testGetMaxMiddleIndex:()V#368#4 prob_bp = 1.00000000000000000000
org.jfree.data.time.junit.TimePeriodValuesTests:testGetMaxMiddleIndex:()V#368#6 prob_bp = 1.00000000000000000000
org.jfree.data.time.junit.TimePeriodValuesTests:testGetMaxMiddleIndex:()V#368#9 prob_bp = 1.00000000000000000000
org.jfree.data.time.junit.TimePeriodValuesTests:testGetMaxMiddleIndex:()V#370#18 prob_bp = 1.00000000000000000000
org.jfree.data.time.junit.TimePeriodValuesTests:testGetMaxMiddleIndex:()V#370#19 prob_bp = 1.00000000000000000000
org.jfree.data.time.junit.TimePeriodValuesTests:testGetMaxMiddleIndex:()V#370#23 prob_bp = 1.00000000000000000000
org.jfree.data.time.junit.TimePeriodValuesTests:testGetMaxMiddleIndex:()V#370#26 prob_bp = 1.00000000000000000000
org.jfree.data.time.junit.TimePeriodValuesTests:testGetMaxMiddleIndex:()V#370#29 prob_bp = 1.00000000000000000000
org.jfree.data.time.junit.TimePeriodValuesTests:testGetMaxMiddleIndex:()V#370#33 prob_bp = 1.00000000000000000000
org.jfree.data.time.junit.TimePeriodValuesTests:testGetMaxMiddleIndex:()V#372#44 prob_bp = 1.00000000000000000000
org.jfree.data.time.junit.TimePeriodValuesTests:testGetMaxMiddleIndex:()V#372#45 prob_bp = 1.00000000000000000000
org.jfree.data.time.junit.TimePeriodValuesTests:testGetMaxMiddleIndex:()V#372#49 prob_bp = 1.00000000000000000000
org.jfree.data.time.junit.TimePeriodValuesTests:testGetMaxMiddleIndex:()V#372#52 prob_bp = 1.00000000000000000000
org.jfree.data.time.junit.TimePeriodValuesTests:testGetMaxMiddleIndex:()V#372#55 prob_bp = 1.00000000000000000000
org.jfree.data.time.junit.TimePeriodValuesTests:testGetMaxMiddleIndex:()V#372#61 prob_bp = 1.00000000000000000000
org.jfree.data.time.junit.TimePeriodValuesTests:testGetMaxMiddleIndex:()V#374#72 prob_bp = 1.00000000000000000000
org.jfree.data.time.junit.TimePeriodValuesTests:testGetMaxMiddleIndex:()V#374#73 prob_bp = 1.00000000000000000000
org.jfree.data.time.junit.TimePeriodValuesTests:testGetMaxMiddleIndex:()V#374#77 prob_bp = 1.00000000000000000000
org.jfree.data.time.junit.TimePeriodValuesTests:testGetMaxMiddleIndex:()V#374#78 prob_bp = 1.00000000000000000000
org.jfree.data.time.junit.TimePeriodValuesTests:testGetMaxMiddleIndex:()V#374#81 prob_bp = 1.00000000000000000000
org.jfree.data.time.junit.TimePeriodValuesTests:testGetMaxMiddleIndex:()V#374#87 prob_bp = 1.00000000000000000000
org.jfree.data.time.junit.TimePeriodValuesTests:testGetMaxMiddleIndex:()V#376#98 prob_bp = 1.00000000000000000000
org.jfree.data.time.junit.TimePeriodValuesTests:testGetMaxMiddleIndex:()V#376#99 prob_bp = 1.00000000000000000000
org.jfree.data.time.junit.TimePeriodValuesTests:testGetMaxMiddleIndex:()V#376#103 prob_bp = 1.00000000000000000000
org.jfree.data.time.junit.TimePeriodValuesTests:testGetMaxMiddleIndex:()V#376#106 prob_bp = 1.00000000000000000000
org.jfree.data.time.junit.TimePeriodValuesTests:testGetMaxMiddleIndex:()V#376#109 prob_bp = 1.00000000000000000000
org.jfree.data.time.junit.TimePeriodValuesTests:testGetMaxMiddleIndex:()V#376#115 prob_bp = 1.00000000000000000000
org.jfree.data.time.junit.TimePeriodValuesTests:testGetMaxMiddleIndex:()V#377#118 prob_bp = 1.00000000000000000000
org.jfree.data.time.junit.TimePeriodValuesTests:testGetMaxMiddleIndex:()V#377#119 prob_bp = 1.00000000000000000000
org.jfree.data.time.junit.TimePeriodValuesTests:testGetMaxMiddleIndex:()V#377#120 prob_bp = 1.00000000000000000000
org.jfree.data.time.junit.TimePeriodValuesTests:testGetMaxMiddleIndex:()V#377#123 prob_bp = 1.00000000000000000000
Belief propagation time : 104.880000s
