Belief propagation time: 21

Probabilities: 
Vars:2289
Stmts:307
org.apache.commons.lang3.SystemUtils:toJavaVersionInt:(Ljava/lang/String;)F#1673#9 prob_bp = 0.49959553176380480000
org.apache.commons.lang3.SystemUtils:toJavaVersionInt:(Ljava/lang/String;)F#1673#8 prob_bp = 0.49990040239488726000
org.apache.commons.lang3.SystemUtils:toVersionInt:([I)I#1792#1 prob_bp = 0.49997277555407177000
org.apache.commons.lang3.SystemUtils:toVersionInt:([I)I#1806#49 prob_bp = 0.49997523596384585000
org.apache.commons.lang3.SystemUtils:toVersionInt:([I)I#1792#0 prob_bp = 0.49998978114270093000
org.apache.commons.lang3.SystemUtils:toVersionInt:([I)I#1806#48 prob_bp = 0.49999360182279390000
org.apache.commons.lang3.SystemUtils:toJavaVersionInt:(Ljava/lang/String;)F#1673#5 prob_bp = 0.49999428155012860000
org.apache.commons.lang3.SystemUtils:toJavaVersionIntArray:(Ljava/lang/String;I)[I#1717#7 prob_bp = 0.49999547254828800000
org.apache.commons.lang3.SystemUtils:toJavaVersionIntArray:(Ljava/lang/String;I)[I#1717#4 prob_bp = 0.49999578773512700000
org.apache.commons.lang3.ArrayUtils:<clinit>:()V#76#37 prob_bp = 0.49999587114733290000
org.apache.commons.lang3.SystemUtils:toJavaVersionIntArray:(Ljava/lang/String;I)[I#1716#1 prob_bp = 0.49999664670692110000
org.apache.commons.lang3.SystemUtils:toJavaVersionIntArray:(Ljava/lang/String;I)[I#1716#0 prob_bp = 0.49999688202267034000
org.apache.commons.lang3.SystemUtils:toJavaVersionInt:(Ljava/lang/String;)F#1673#2 prob_bp = 0.49999699695604420000
org.apache.commons.lang3.SystemUtils:toJavaVersionInt:(Ljava/lang/String;)F#1673#0 prob_bp = 0.49999705642505976000
org.apache.commons.lang3.SystemUtils:toVersionInt:([I)I#1803#39#unexe#1 prob_bp = 0.49999810905370680000
org.apache.commons.lang3.SystemUtils:toVersionInt:([I)I#1800#25#unexe#1 prob_bp = 0.49999922553175690000
org.apache.commons.lang3.SystemUtils:toVersionInt:([I)I#1797#13#unexe#1 prob_bp = 0.49999950209249155000
org.apache.commons.lang3.SystemUtils:toVersionInt:([I)I#1795#7 prob_bp = 0.49999957059859700000
org.apache.commons.lang3.SystemUtils:toVersionInt:([I)I#1795#6 prob_bp = 0.49999958741023964000
org.apache.commons.lang3.SystemUtils:toVersionInt:([I)I#1803#39 prob_bp = 0.49999999841065040000
org.apache.commons.lang3.SystemUtils:toVersionInt:([I)I#1803#38 prob_bp = 0.49999999847287757000
org.apache.commons.lang3.SystemUtils:toVersionInt:([I)I#1800#25 prob_bp = 0.49999999934905565000
org.apache.commons.lang3.SystemUtils:toVersionInt:([I)I#1800#24 prob_bp = 0.49999999937454154000
org.apache.commons.lang3.SystemUtils:toVersionInt:([I)I#1797#13 prob_bp = 0.49999999958150610000
org.apache.commons.lang3.SystemUtils:toVersionInt:([I)I#1797#12 prob_bp = 0.49999999959789065000
org.apache.commons.lang3.SystemUtils:toVersionInt:([I)I#1803#37 prob_bp = 0.49999999960686830000
org.apache.commons.lang3.SystemUtils:toVersionInt:([I)I#1796#10 prob_bp = 0.49999999983343600000
org.apache.commons.lang3.SystemUtils:toVersionInt:([I)I#1800#23 prob_bp = 0.49999999983898624000
org.apache.commons.lang3.SystemUtils:toVersionInt:([I)I#1797#11 prob_bp = 0.49999999989648380000
org.apache.commons.lang3.SystemUtils:toVersionInt:([I)I#1796#9 prob_bp = 0.49999999995395660000
org.apache.commons.lang3.SystemUtils:toVersionInt:([I)I#1796#8 prob_bp = 0.49999999998353370000
org.apache.commons.lang3.SystemUtilsTest:testJavaVersionAsInt:()V#210#0 prob_bp = 1.00000000000000000000
org.apache.commons.lang3.SystemUtilsTest:testJavaVersionAsInt:()V#210#1 prob_bp = 1.00000000000000000000
org.apache.commons.lang3.SystemUtilsTest:testJavaVersionAsInt:()V#210#4 prob_bp = 1.00000000000000000000
org.apache.commons.lang3.SystemUtilsTest:testJavaVersionAsInt:()V#210#5 prob_bp = 1.00000000000000000000
org.apache.commons.lang3.SystemUtilsTest:testJavaVersionAsInt:()V#210#8 prob_bp = 1.00000000000000000000
org.apache.commons.lang3.SystemUtilsTest:testJavaVersionAsInt:()V#210#11 prob_bp = 1.00000000000000000000
Belief propagation time : 0.295000s
