Belief propagation time: 100

Probabilities: 
Vars:136428
Stmts:8841
org.apache.commons.math3.special.Gamma:regularizedGammaP:(DDDI)D#154#11 prob_bp = 0.49920967592351373000
org.apache.commons.math3.special.Gamma:regularizedGammaP:(DDDI)D#154#8 prob_bp = 0.49980424806788310000
org.apache.commons.math3.special.Gamma:regularizedGammaP:(DDDI)D#154#7 prob_bp = 0.49995201689562335000
org.apache.commons.math3.special.Erf:erf:(D)D#70#36 prob_bp = 0.49998675570510970000
org.apache.commons.math3.special.Gamma:regularizedGammaP:(DDDI)D#154#4 prob_bp = 0.49999400361976100000
org.apache.commons.math3.special.Erf:erf:(D)D#67#8 prob_bp = 0.49999634723477910000
org.apache.commons.math3.special.Gamma:regularizedGammaP:(DDDI)D#154#1 prob_bp = 0.49999695143050310000
org.apache.commons.math3.special.Gamma:regularizedGammaP:(DDDI)D#154#0 prob_bp = 0.49999778755868490000
org.apache.commons.math3.special.Erf:erf:(D)D#70#24 prob_bp = 0.49999809198892660000
org.apache.commons.math3.distribution.NormalDistribution:cumulativeProbability:(D)D#141#49 prob_bp = 0.49999869860522050000
org.apache.commons.math3.special.Erf:erf:(D)D#70#29 prob_bp = 0.49999914490773030000
org.apache.commons.math3.special.Erf:erf:(D)D#70#27 prob_bp = 0.49999930383475300000
org.apache.commons.math3.special.Erf:erf:(D)D#70#28 prob_bp = 0.49999930383475300000
org.apache.commons.math3.util.FastMath:max:(DD)D#3538#11 prob_bp = 0.49999998897172326000
org.apache.commons.math3.special.Erf:erf:(D)D#67#7 prob_bp = 0.49999999522985330000
org.apache.commons.math3.special.Erf:erf:(D)D#67#4 prob_bp = 0.49999999538946550000
org.apache.commons.math3.special.Erf:erf:(D)D#67#1 prob_bp = 0.49999999958975820000
org.apache.commons.math3.special.Erf:erf:(D)D#67#0 prob_bp = 0.49999999966488180000
org.apache.commons.math3.distribution.NormalDistribution:cumulativeProbability:(D)D#141#48 prob_bp = 0.49999999994526160000
org.apache.commons.math3.distribution.NormalDistribution:cumulativeProbability:(D)D#141#39 prob_bp = 0.49999999998494904000
org.apache.commons.math3.distribution.NormalDistribution:cumulativeProbability:(D)D#141#47 prob_bp = 0.49999999999763120000
org.apache.commons.math3.distribution.NormalDistribution:cumulativeProbability:(D)D#141#44 prob_bp = 0.49999999999778333000
org.apache.commons.math3.distribution.NormalDistribution:<clinit>:()V#44#15 prob_bp = 0.49999999999782746000
org.apache.commons.math3.util.FastMath:max:(DD)D#3538#10 prob_bp = 0.49999999999941830000
org.apache.commons.math3.util.FastMath:max:(DD)D#3538#8 prob_bp = 0.49999999999984310000
org.apache.commons.math3.util.FastMath:max:(DD)D#3538#9 prob_bp = 0.49999999999984310000
org.apache.commons.math3.distribution.NormalDistribution:cumulativeProbability:(D)D#141#41 prob_bp = 0.49999999999998906000
org.apache.commons.math3.special.Erf:erf:(D)D#71#51 prob_bp = 0.49999999999999170000
org.apache.commons.math3.distribution.NormalDistribution:cumulativeProbability:(D)D#141#40 prob_bp = 0.49999999999999606000
org.apache.commons.math3.stat.inference.MannWhitneyUTest:calculateAsymptoticPValue:(DII)D#183#59 prob_bp = 0.49999999999999680000
org.apache.commons.math3.stat.inference.MannWhitneyUTest:calculateAsymptoticPValue:(DII)D#179#41 prob_bp = 0.49999999999999700000
org.apache.commons.math3.stat.ranking.NaturalRanking$IntDoublePair:<init>:(DI)V#434#10 prob_bp = 0.49999999999999970000
org.apache.commons.math3.special.Gamma:regularizedGammaP:(DDDI)D#155#26 prob_bp = 0.49999999999999990000
org.apache.commons.math3.special.Gamma:regularizedGammaP:(DDDI)D#155#29 prob_bp = 0.49999999999999990000
org.apache.commons.math3.stat.inference.MannWhitneyUTest:<init>:()V#45#8 prob_bp = 0.49999999999999994000
org.apache.commons.math3.stat.inference.MannWhitneyUTest:mannWhitneyU:([D[D)D#131#7 prob_bp = 0.49999999999999994000
org.apache.commons.math3.stat.inference.MannWhitneyUTest:mannWhitneyU:([D[D)D#131#8 prob_bp = 0.49999999999999994000
org.apache.commons.math3.stat.inference.MannWhitneyUTest:mannWhitneyU:([D[D)D#131#12 prob_bp = 0.49999999999999994000
org.apache.commons.math3.stat.inference.MannWhitneyUTest:mannWhitneyU:([D[D)D#132#13 prob_bp = 0.49999999999999994000
org.apache.commons.math3.stat.inference.MannWhitneyUTest:mannWhitneyU:([D[D)D#132#14 prob_bp = 0.49999999999999994000
org.apache.commons.math3.stat.ranking.NaturalRanking:rank:([D)[D#195#17 prob_bp = 0.49999999999999994000
org.apache.commons.math3.stat.inference.MannWhitneyUTest:mannWhitneyU:([D[D)D#140#49 prob_bp = 0.49999999999999994000
org.apache.commons.math3.stat.inference.MannWhitneyUTest:mannWhitneyU:([D[D)D#141#32 prob_bp = 0.49999999999999994000
org.apache.commons.math3.stat.inference.MannWhitneyUTest:mannWhitneyU:([D[D)D#148#56 prob_bp = 0.49999999999999994000
org.apache.commons.math3.stat.inference.MannWhitneyUTest:mannWhitneyU:([D[D)D#148#59 prob_bp = 0.49999999999999994000
org.apache.commons.math3.stat.inference.MannWhitneyUTest:mannWhitneyU:([D[D)D#153#67 prob_bp = 0.49999999999999994000
org.apache.commons.math3.stat.inference.MannWhitneyUTest:calculateAsymptoticPValue:(DII)D#177#25 prob_bp = 0.49999999999999994000
org.apache.commons.math3.stat.inference.MannWhitneyUTest:calculateAsymptoticPValue:(DII)D#179#40 prob_bp = 0.49999999999999994000
org.apache.commons.math3.stat.inference.MannWhitneyUTest:<init>:()V#45#4 prob_bp = 0.50000000000000000000
org.apache.commons.math3.stat.inference.MannWhitneyUTest:<init>:()V#45#9 prob_bp = 0.50000000000000000000
org.apache.commons.math3.stat.inference.MannWhitneyUTest:<init>:()V#46#15 prob_bp = 0.50000000000000000000
org.apache.commons.math3.stat.inference.MannWhitneyUTest:<init>:()V#45#18 prob_bp = 0.50000000000000000000
org.apache.commons.math3.stat.inference.MannWhitneyUTest:mannWhitneyUTest:([D[D)D#224#6 prob_bp = 0.50000000000000000000
org.apache.commons.math3.stat.inference.MannWhitneyUTest:mannWhitneyU:([D[D)D#129#1 prob_bp = 0.50000000000000000000
org.apache.commons.math3.stat.inference.MannWhitneyUTest:mannWhitneyU:([D[D)D#129#2 prob_bp = 0.50000000000000000000
org.apache.commons.math3.stat.inference.MannWhitneyUTest:mannWhitneyU:([D[D)D#129#3 prob_bp = 0.50000000000000000000
org.apache.commons.math3.stat.inference.MannWhitneyUTest:mannWhitneyU:([D[D)D#131#9 prob_bp = 0.50000000000000000000
org.apache.commons.math3.stat.inference.MannWhitneyUTest:concatenateSamples:([D[D)[D#90#0 prob_bp = 0.50000000000000000000
org.apache.commons.math3.stat.inference.MannWhitneyUTest:concatenateSamples:([D[D)[D#90#1 prob_bp = 0.50000000000000000000
org.apache.commons.math3.stat.inference.MannWhitneyUTest:concatenateSamples:([D[D)[D#90#2 prob_bp = 0.50000000000000000000
org.apache.commons.math3.stat.inference.MannWhitneyUTest:concatenateSamples:([D[D)[D#90#3 prob_bp = 0.50000000000000000000
org.apache.commons.math3.stat.inference.MannWhitneyUTest:concatenateSamples:([D[D)[D#90#4 prob_bp = 0.50000000000000000000
org.apache.commons.math3.stat.inference.MannWhitneyUTest:concatenateSamples:([D[D)[D#90#5 prob_bp = 0.50000000000000000000
org.apache.commons.math3.stat.inference.MannWhitneyUTest:concatenateSamples:([D[D)[D#90#7 prob_bp = 0.50000000000000000000
org.apache.commons.math3.stat.inference.MannWhitneyUTest:concatenateSamples:([D[D)[D#95#28 prob_bp = 0.50000000000000000000
org.apache.commons.math3.stat.inference.MannWhitneyUTest:mannWhitneyU:([D[D)D#132#18 prob_bp = 0.50000000000000000000
org.apache.commons.math3.stat.ranking.NaturalRanking$IntDoublePair:<init>:(DI)V#434#11 prob_bp = 0.50000000000000000000
org.apache.commons.math3.stat.ranking.NaturalRanking:$SWITCH_TABLE$org$apache$commons$math3$stat$ranking$NaNStrategy:()[I#71#73 prob_bp = 0.50000000000000000000
org.apache.commons.math3.stat.ranking.NaturalRanking:rank:([D)[D#218#124 prob_bp = 0.50000000000000000000
org.apache.commons.math3.stat.ranking.NaturalRanking:rank:([D)[D#218#125 prob_bp = 0.50000000000000000000
org.apache.commons.math3.stat.inference.MannWhitneyUTest:mannWhitneyU:([D[D)D#132#21 prob_bp = 0.50000000000000000000
org.apache.commons.math3.stat.inference.MannWhitneyUTest:mannWhitneyU:([D[D)D#134#24 prob_bp = 0.50000000000000000000
org.apache.commons.math3.stat.inference.MannWhitneyUTest:mannWhitneyU:([D[D)D#140#47 prob_bp = 0.50000000000000000000
org.apache.commons.math3.stat.inference.MannWhitneyUTest:mannWhitneyU:([D[D)D#140#48 prob_bp = 0.50000000000000000000
org.apache.commons.math3.stat.inference.MannWhitneyUTest:mannWhitneyU:([D[D)D#141#36 prob_bp = 0.50000000000000000000
org.apache.commons.math3.stat.inference.MannWhitneyUTest:mannWhitneyU:([D[D)D#141#38 prob_bp = 0.50000000000000000000
org.apache.commons.math3.stat.inference.MannWhitneyUTest:mannWhitneyU:([D[D)D#141#39 prob_bp = 0.50000000000000000000
org.apache.commons.math3.stat.inference.MannWhitneyUTest:mannWhitneyU:([D[D)D#140#42 prob_bp = 0.50000000000000000000
org.apache.commons.math3.stat.inference.MannWhitneyUTest:mannWhitneyU:([D[D)D#148#54 prob_bp = 0.50000000000000000000
org.apache.commons.math3.stat.inference.MannWhitneyUTest:mannWhitneyU:([D[D)D#148#55 prob_bp = 0.50000000000000000000
org.apache.commons.math3.stat.inference.MannWhitneyUTest:mannWhitneyU:([D[D)D#148#57 prob_bp = 0.50000000000000000000
org.apache.commons.math3.stat.inference.MannWhitneyUTest:mannWhitneyU:([D[D)D#148#60 prob_bp = 0.50000000000000000000
org.apache.commons.math3.stat.inference.MannWhitneyUTest:mannWhitneyU:([D[D)D#153#68 prob_bp = 0.50000000000000000000
org.apache.commons.math3.stat.inference.MannWhitneyUTest:mannWhitneyU:([D[D)D#153#69 prob_bp = 0.50000000000000000000
org.apache.commons.math3.stat.inference.MannWhitneyUTest:mannWhitneyU:([D[D)D#153#70 prob_bp = 0.50000000000000000000
org.apache.commons.math3.util.FastMath:max:(DD)D#3539#14 prob_bp = 0.50000000000000000000
org.apache.commons.math3.util.FastMath:max:(DD)D#3539#15 prob_bp = 0.50000000000000000000
org.apache.commons.math3.stat.inference.MannWhitneyUTest:mannWhitneyU:([D[D)D#155#85 prob_bp = 0.50000000000000000000
org.apache.commons.math3.stat.inference.MannWhitneyUTest:mannWhitneyUTest:([D[D)D#224#12 prob_bp = 0.50000000000000000000
org.apache.commons.math3.stat.inference.MannWhitneyUTest:mannWhitneyUTest:([D[D)D#229#13 prob_bp = 0.50000000000000000000
org.apache.commons.math3.stat.inference.MannWhitneyUTest:mannWhitneyUTest:([D[D)D#229#14 prob_bp = 0.50000000000000000000
org.apache.commons.math3.stat.inference.MannWhitneyUTest:mannWhitneyUTest:([D[D)D#229#15 prob_bp = 0.50000000000000000000
org.apache.commons.math3.stat.inference.MannWhitneyUTest:mannWhitneyUTest:([D[D)D#229#16 prob_bp = 0.50000000000000000000
org.apache.commons.math3.stat.inference.MannWhitneyUTest:mannWhitneyUTest:([D[D)D#229#17 prob_bp = 0.50000000000000000000
org.apache.commons.math3.stat.inference.MannWhitneyUTest:mannWhitneyUTest:([D[D)D#229#18 prob_bp = 0.50000000000000000000
org.apache.commons.math3.stat.inference.MannWhitneyUTest:mannWhitneyUTest:([D[D)D#229#19 prob_bp = 0.50000000000000000000
org.apache.commons.math3.stat.inference.MannWhitneyUTest:mannWhitneyUTest:([D[D)D#229#20 prob_bp = 0.50000000000000000000
org.apache.commons.math3.stat.inference.MannWhitneyUTest:mannWhitneyUTest:([D[D)D#229#21 prob_bp = 0.50000000000000000000
org.apache.commons.math3.stat.inference.MannWhitneyUTest:mannWhitneyUTest:([D[D)D#231#24 prob_bp = 0.50000000000000000000
org.apache.commons.math3.stat.inference.MannWhitneyUTest:mannWhitneyUTest:([D[D)D#231#26 prob_bp = 0.50000000000000000000
org.apache.commons.math3.stat.inference.MannWhitneyUTest:mannWhitneyUTest:([D[D)D#231#27 prob_bp = 0.50000000000000000000
org.apache.commons.math3.stat.inference.MannWhitneyUTest:mannWhitneyUTest:([D[D)D#231#28 prob_bp = 0.50000000000000000000
org.apache.commons.math3.stat.inference.MannWhitneyUTest:mannWhitneyUTest:([D[D)D#231#29 prob_bp = 0.50000000000000000000
org.apache.commons.math3.stat.inference.MannWhitneyUTest:mannWhitneyUTest:([D[D)D#231#30 prob_bp = 0.50000000000000000000
org.apache.commons.math3.stat.inference.MannWhitneyUTest:calculateAsymptoticPValue:(DII)D#173#0 prob_bp = 0.50000000000000000000
org.apache.commons.math3.stat.inference.MannWhitneyUTest:calculateAsymptoticPValue:(DII)D#173#1 prob_bp = 0.50000000000000000000
org.apache.commons.math3.stat.inference.MannWhitneyUTest:calculateAsymptoticPValue:(DII)D#173#3 prob_bp = 0.50000000000000000000
org.apache.commons.math3.stat.inference.MannWhitneyUTest:calculateAsymptoticPValue:(DII)D#173#4 prob_bp = 0.50000000000000000000
org.apache.commons.math3.stat.inference.MannWhitneyUTest:calculateAsymptoticPValue:(DII)D#176#6 prob_bp = 0.50000000000000000000
org.apache.commons.math3.stat.inference.MannWhitneyUTest:calculateAsymptoticPValue:(DII)D#176#8 prob_bp = 0.50000000000000000000
org.apache.commons.math3.stat.inference.MannWhitneyUTest:calculateAsymptoticPValue:(DII)D#176#9 prob_bp = 0.50000000000000000000
org.apache.commons.math3.stat.inference.MannWhitneyUTest:calculateAsymptoticPValue:(DII)D#176#12 prob_bp = 0.50000000000000000000
org.apache.commons.math3.stat.inference.MannWhitneyUTest:calculateAsymptoticPValue:(DII)D#176#13 prob_bp = 0.50000000000000000000
org.apache.commons.math3.stat.inference.MannWhitneyUTest:calculateAsymptoticPValue:(DII)D#177#15 prob_bp = 0.50000000000000000000
org.apache.commons.math3.stat.inference.MannWhitneyUTest:calculateAsymptoticPValue:(DII)D#177#17 prob_bp = 0.50000000000000000000
org.apache.commons.math3.stat.inference.MannWhitneyUTest:calculateAsymptoticPValue:(DII)D#177#18 prob_bp = 0.50000000000000000000
org.apache.commons.math3.stat.inference.MannWhitneyUTest:calculateAsymptoticPValue:(DII)D#177#20 prob_bp = 0.50000000000000000000
org.apache.commons.math3.stat.inference.MannWhitneyUTest:calculateAsymptoticPValue:(DII)D#177#21 prob_bp = 0.50000000000000000000
org.apache.commons.math3.stat.inference.MannWhitneyUTest:calculateAsymptoticPValue:(DII)D#177#22 prob_bp = 0.50000000000000000000
org.apache.commons.math3.stat.inference.MannWhitneyUTest:calculateAsymptoticPValue:(DII)D#177#23 prob_bp = 0.50000000000000000000
org.apache.commons.math3.stat.inference.MannWhitneyUTest:calculateAsymptoticPValue:(DII)D#177#24 prob_bp = 0.50000000000000000000
org.apache.commons.math3.stat.inference.MannWhitneyUTest:calculateAsymptoticPValue:(DII)D#177#28 prob_bp = 0.50000000000000000000
org.apache.commons.math3.stat.inference.MannWhitneyUTest:calculateAsymptoticPValue:(DII)D#177#29 prob_bp = 0.50000000000000000000
org.apache.commons.math3.stat.inference.MannWhitneyUTest:calculateAsymptoticPValue:(DII)D#179#32 prob_bp = 0.50000000000000000000
org.apache.commons.math3.stat.inference.MannWhitneyUTest:calculateAsymptoticPValue:(DII)D#179#34 prob_bp = 0.50000000000000000000
org.apache.commons.math3.stat.inference.MannWhitneyUTest:calculateAsymptoticPValue:(DII)D#179#35 prob_bp = 0.50000000000000000000
org.apache.commons.math3.stat.inference.MannWhitneyUTest:calculateAsymptoticPValue:(DII)D#179#37 prob_bp = 0.50000000000000000000
org.apache.commons.math3.stat.inference.MannWhitneyUTest:calculateAsymptoticPValue:(DII)D#181#46 prob_bp = 0.50000000000000000000
org.apache.commons.math3.stat.inference.MannWhitneyUTest:calculateAsymptoticPValue:(DII)D#181#47 prob_bp = 0.50000000000000000000
org.apache.commons.math3.stat.inference.MannWhitneyUTest:mannWhitneyUTest:([D[D)D#224#8 prob_bp = 0.50000000000000010000
org.apache.commons.math3.stat.inference.MannWhitneyUTest:mannWhitneyUTest:([D[D)D#224#9 prob_bp = 0.50000000000000010000
org.apache.commons.math3.stat.inference.MannWhitneyUTest:concatenateSamples:([D[D)[D#95#27 prob_bp = 0.50000000000000010000
org.apache.commons.math3.stat.inference.MannWhitneyUTest:mannWhitneyU:([D[D)D#132#17 prob_bp = 0.50000000000000010000
org.apache.commons.math3.stat.ranking.NaturalRanking:rank:([D)[D#194#31 prob_bp = 0.50000000000000010000
org.apache.commons.math3.stat.ranking.NaturalRanking:rank:([D)[D#228#185 prob_bp = 0.50000000000000010000
org.apache.commons.math3.stat.ranking.NaturalRanking:rank:([D)[D#230#205 prob_bp = 0.50000000000000010000
org.apache.commons.math3.stat.ranking.NaturalRanking:rank:([D)[D#230#206 prob_bp = 0.50000000000000010000
org.apache.commons.math3.stat.ranking.NaturalRanking:rank:([D)[D#240#285 prob_bp = 0.50000000000000010000
org.apache.commons.math3.stat.ranking.NaturalRanking:rank:([D)[D#240#287 prob_bp = 0.50000000000000010000
org.apache.commons.math3.stat.inference.MannWhitneyUTest:mannWhitneyU:([D[D)D#134#23 prob_bp = 0.50000000000000010000
org.apache.commons.math3.stat.inference.MannWhitneyUTest:mannWhitneyU:([D[D)D#140#26 prob_bp = 0.50000000000000010000
org.apache.commons.math3.stat.inference.MannWhitneyUTest:mannWhitneyU:([D[D)D#140#27 prob_bp = 0.50000000000000010000
org.apache.commons.math3.stat.inference.MannWhitneyUTest:mannWhitneyU:([D[D)D#140#45 prob_bp = 0.50000000000000010000
org.apache.commons.math3.stat.inference.MannWhitneyUTest:mannWhitneyU:([D[D)D#141#34 prob_bp = 0.50000000000000010000
org.apache.commons.math3.stat.inference.MannWhitneyUTest:mannWhitneyU:([D[D)D#148#58 prob_bp = 0.50000000000000010000
org.apache.commons.math3.stat.inference.MannWhitneyUTest:mannWhitneyU:([D[D)D#148#62 prob_bp = 0.50000000000000010000
org.apache.commons.math3.stat.inference.MannWhitneyUTest:mannWhitneyU:([D[D)D#153#71 prob_bp = 0.50000000000000010000
org.apache.commons.math3.stat.inference.MannWhitneyUTest:calculateAsymptoticPValue:(DII)D#179#31 prob_bp = 0.50000000000000010000
org.apache.commons.math3.stat.inference.MannWhitneyUTest:<init>:()V#45#5 prob_bp = 0.50000000000000020000
org.apache.commons.math3.stat.inference.MannWhitneyUTest:mannWhitneyUTest:([D[D)D#224#7 prob_bp = 0.50000000000000020000
org.apache.commons.math3.stat.ranking.NaturalRanking:rank:([D)[D#194#29 prob_bp = 0.50000000000000020000
org.apache.commons.math3.stat.ranking.NaturalRanking:rank:([D)[D#194#30 prob_bp = 0.50000000000000020000
org.apache.commons.math3.stat.ranking.NaturalRanking:rank:([D)[D#227#175 prob_bp = 0.50000000000000020000
org.apache.commons.math3.stat.ranking.NaturalRanking:rank:([D)[D#240#282 prob_bp = 0.50000000000000020000
org.apache.commons.math3.stat.inference.MannWhitneyUTest:mannWhitneyU:([D[D)D#141#40 prob_bp = 0.50000000000000020000
org.apache.commons.math3.stat.inference.MannWhitneyUTest:mannWhitneyU:([D[D)D#148#61 prob_bp = 0.50000000000000020000
org.apache.commons.math3.stat.ranking.NaturalRanking:rank:([D)[D#194#28 prob_bp = 0.50000000000000030000
org.apache.commons.math3.stat.ranking.NaturalRanking:rank:([D)[D#195#18 prob_bp = 0.50000000000000030000
org.apache.commons.math3.stat.ranking.NaturalRanking:rank:([D)[D#195#20 prob_bp = 0.50000000000000030000
org.apache.commons.math3.stat.ranking.NaturalRanking:rank:([D)[D#227#176 prob_bp = 0.50000000000000030000
org.apache.commons.math3.stat.ranking.NaturalRanking:rank:([D)[D#228#193 prob_bp = 0.50000000000000030000
org.apache.commons.math3.stat.ranking.NaturalRanking:rank:([D)[D#230#203 prob_bp = 0.50000000000000030000
org.apache.commons.math3.stat.ranking.NaturalRanking:rank:([D)[D#228#200#unexe#5 prob_bp = 0.50000000000000030000
org.apache.commons.math3.stat.ranking.NaturalRanking:rank:([D)[D#240#281 prob_bp = 0.50000000000000030000
org.apache.commons.math3.stat.ranking.NaturalRanking:rank:([D)[D#194#7 prob_bp = 0.50000000000000040000
org.apache.commons.math3.stat.ranking.NaturalRanking:rank:([D)[D#195#16 prob_bp = 0.50000000000000040000
org.apache.commons.math3.stat.ranking.NaturalRanking$IntDoublePair:<init>:(DI)V#433#5 prob_bp = 0.50000000000000040000
org.apache.commons.math3.stat.ranking.NaturalRanking:rank:([D)[D#228#181 prob_bp = 0.50000000000000040000
org.apache.commons.math3.stat.ranking.NaturalRanking:rank:([D)[D#228#188 prob_bp = 0.50000000000000040000
org.apache.commons.math3.stat.ranking.NaturalRanking:rank:([D)[D#240#288 prob_bp = 0.50000000000000040000
org.apache.commons.math3.stat.ranking.NaturalRanking:rank:([D)[D#194#6 prob_bp = 0.50000000000000060000
org.apache.commons.math3.stat.ranking.NaturalRanking:rank:([D)[D#228#182 prob_bp = 0.50000000000000060000
org.apache.commons.math3.stat.ranking.NaturalRanking:rank:([D)[D#228#184 prob_bp = 0.50000000000000060000
org.apache.commons.math3.stat.ranking.NaturalRanking:rank:([D)[D#228#189 prob_bp = 0.50000000000000060000
org.apache.commons.math3.stat.ranking.NaturalRanking:rank:([D)[D#240#276 prob_bp = 0.50000000000000060000
org.apache.commons.math3.stat.ranking.NaturalRanking:rank:([D)[D#240#279 prob_bp = 0.50000000000000060000
org.apache.commons.math3.stat.ranking.NaturalRanking:rank:([D)[D#195#19 prob_bp = 0.50000000000000070000
org.apache.commons.math3.stat.ranking.NaturalRanking:rank:([D)[D#230#207 prob_bp = 0.50000000000000070000
org.apache.commons.math3.stat.ranking.NaturalRanking:rank:([D)[D#240#278 prob_bp = 0.50000000000000070000
org.apache.commons.math3.stat.ranking.NaturalRanking:rank:([D)[D#195#21 prob_bp = 0.50000000000000080000
org.apache.commons.math3.stat.ranking.NaturalRanking:rank:([D)[D#194#25 prob_bp = 0.50000000000000080000
org.apache.commons.math3.stat.ranking.NaturalRanking$IntDoublePair:getPosition:()I#461#1 prob_bp = 0.50000000000000080000
org.apache.commons.math3.stat.ranking.NaturalRanking:rank:([D)[D#228#192 prob_bp = 0.50000000000000080000
org.apache.commons.math3.stat.ranking.NaturalRanking:rank:([D)[D#228#191 prob_bp = 0.50000000000000100000
org.apache.commons.math3.stat.ranking.NaturalRanking$IntDoublePair:getPosition:()I#461#0 prob_bp = 0.50000000000000110000
org.apache.commons.math3.stat.ranking.NaturalRanking$IntDoublePair:<init>:(DI)V#433#6 prob_bp = 0.50000000000000120000
org.apache.commons.math3.stat.ranking.NaturalRanking$IntDoublePair:<init>:(DI)V#434#9 prob_bp = 0.50000000000000120000
org.apache.commons.math3.stat.ranking.NaturalRanking:rank:([D)[D#195#13 prob_bp = 0.50000000000000140000
org.apache.commons.math3.stat.ranking.NaturalRanking$IntDoublePair:<init>:(DI)V#433#4 prob_bp = 0.50000000000000140000
org.apache.commons.math3.stat.ranking.NaturalRanking$IntDoublePair:getPosition:()I#461#4 prob_bp = 0.50000000000000230000
org.apache.commons.math3.stat.ranking.NaturalRanking:rank:([D)[D#227#294 prob_bp = 0.50000000000000330000
org.apache.commons.math3.stat.ranking.NaturalRanking:rank:([D)[D#227#289 prob_bp = 0.50000000000000370000
org.apache.commons.math3.stat.ranking.NaNStrategy:<clinit>:()V#36#80 prob_bp = 0.50000000000000430000
org.apache.commons.math3.stat.ranking.NaNStrategy:values:()[Lorg/apache/commons/math3/stat/ranking/NaNStrategy;#1#0 prob_bp = 0.50000000000000440000
org.apache.commons.math3.stat.ranking.NaNStrategy:values:()[Lorg/apache/commons/math3/stat/ranking/NaNStrategy;#1#3 prob_bp = 0.50000000000000480000
org.apache.commons.math3.stat.inference.MannWhitneyUTest:mannWhitneyU:([D[D)D#153#72 prob_bp = 0.50000000000000540000
org.apache.commons.math3.stat.ranking.NaNStrategy:values:()[Lorg/apache/commons/math3/stat/ranking/NaNStrategy;#1#4 prob_bp = 0.50000000000000570000
org.apache.commons.math3.stat.inference.MannWhitneyUTest:mannWhitneyU:([D[D)D#153#73 prob_bp = 0.50000000000000640000
org.apache.commons.math3.stat.ranking.NaNStrategy:values:()[Lorg/apache/commons/math3/stat/ranking/NaNStrategy;#1#6 prob_bp = 0.50000000000000940000
org.apache.commons.math3.stat.inference.MannWhitneyUTest:ensureDataConformance:([D[D)V#78#16 prob_bp = 0.50000000000000980000
org.apache.commons.math3.stat.ranking.NaturalRanking:rank:([D)[D#227#292 prob_bp = 0.50000000000001430000
org.apache.commons.math3.stat.ranking.NaturalRanking:rank:([D)[D#227#295 prob_bp = 0.50000000000001430000
org.apache.commons.math3.stat.ranking.NaturalRanking:getNanPositions:([Lorg/apache/commons/math3/stat/ranking/NaturalRanking$IntDoublePair;)Ljava/util/List;#404#0 prob_bp = 0.50000000000001470000
org.apache.commons.math3.stat.ranking.NaturalRanking:rank:([D)[D#228#194 prob_bp = 0.50000000000001630000
org.apache.commons.math3.stat.inference.MannWhitneyUTest:ensureDataConformance:([D[D)V#78#17 prob_bp = 0.50000000000001720000
org.apache.commons.math3.stat.ranking.NaNStrategy:values:()[Lorg/apache/commons/math3/stat/ranking/NaNStrategy;#1#7 prob_bp = 0.50000000000002280000
org.apache.commons.math3.stat.inference.MannWhitneyUTest:mannWhitneyU:([D[D)D#140#49#unexe#5 prob_bp = 0.50000000000002350000
org.apache.commons.math3.stat.inference.MannWhitneyUTest:calculateAsymptoticPValue:(DII)D#181#43 prob_bp = 0.50000000000002550000
org.apache.commons.math3.stat.inference.MannWhitneyUTest:calculateAsymptoticPValue:(DII)D#181#52 prob_bp = 0.50000000000002630000
org.apache.commons.math3.stat.inference.MannWhitneyUTest:mannWhitneyU:([D[D)D#153#75 prob_bp = 0.50000000000002700000
org.apache.commons.math3.stat.inference.MannWhitneyUTest:calculateAsymptoticPValue:(DII)D#183#57 prob_bp = 0.50000000000002940000
org.apache.commons.math3.stat.ranking.NaturalRanking:getNanPositions:([Lorg/apache/commons/math3/stat/ranking/NaturalRanking$IntDoublePair;)Ljava/util/List;#404#7 prob_bp = 0.50000000000003320000
org.apache.commons.math3.stat.inference.MannWhitneyUTest:calculateAsymptoticPValue:(DII)D#183#61 prob_bp = 0.50000000000003660000
org.apache.commons.math3.stat.inference.MannWhitneyUTest:ensureDataConformance:([D[D)V#78#18 prob_bp = 0.50000000000004650000
org.apache.commons.math3.stat.ranking.NaturalRanking:rank:([D)[D#227#296 prob_bp = 0.50000000000006120000
org.apache.commons.math3.stat.ranking.NaNStrategy:values:()[Lorg/apache/commons/math3/stat/ranking/NaNStrategy;#1#10 prob_bp = 0.50000000000007070000
org.apache.commons.math3.stat.inference.MannWhitneyUTest:mannWhitneyU:([D[D)D#148#52 prob_bp = 0.50000000000007290000
org.apache.commons.math3.stat.ranking.NaturalRanking$IntDoublePair:getValue:()D#453#0 prob_bp = 0.50000000000012420000
org.apache.commons.math3.stat.ranking.NaNStrategy:values:()[Lorg/apache/commons/math3/stat/ranking/NaNStrategy;#1#13 prob_bp = 0.50000000000024260000
org.apache.commons.math3.stat.inference.MannWhitneyUTest:mannWhitneyU:([D[D)D#148#63 prob_bp = 0.50000000000027180000
org.apache.commons.math3.stat.inference.MannWhitneyUTest:mannWhitneyU:([D[D)D#148#64 prob_bp = 0.50000000000029390000
org.apache.commons.math3.stat.ranking.NaturalRanking$IntDoublePair:getValue:()D#453#1 prob_bp = 0.50000000000052190000
org.apache.commons.math3.stat.inference.MannWhitneyUTest:ensureDataConformance:([D[D)V#79#21 prob_bp = 0.50000000000071890000
org.apache.commons.math3.stat.ranking.NaNStrategy:values:()[Lorg/apache/commons/math3/stat/ranking/NaNStrategy;#1#14 prob_bp = 0.50000000000085650000
org.apache.commons.math3.stat.inference.MannWhitneyUTest:ensureDataConformance:([D[D)V#79#22 prob_bp = 0.50000000000207710000
org.apache.commons.math3.stat.ranking.NaturalRanking:getNanPositions:([Lorg/apache/commons/math3/stat/ranking/NaturalRanking$IntDoublePair;)Ljava/util/List;#410#43 prob_bp = 0.50000000000237020000
org.apache.commons.math3.util.FastMath:abs:(D)D#3020#11 prob_bp = 0.50000000000281300000
org.apache.commons.math3.stat.ranking.NaNStrategy:values:()[Lorg/apache/commons/math3/stat/ranking/NaNStrategy;#1#20 prob_bp = 0.50000000000305140000
org.apache.commons.math3.stat.ranking.NaturalRanking:rank:([D)[D#228#197 prob_bp = 0.50000000000568130000
org.apache.commons.math3.stat.inference.MannWhitneyUTest:mannWhitneyU:([D[D)D#153#76 prob_bp = 0.50000000000665120000
org.apache.commons.math3.stat.inference.MannWhitneyUTest:mannWhitneyU:([D[D)D#148#65 prob_bp = 0.50000000000691820000
org.apache.commons.math3.stat.inference.MannWhitneyUTest:ensureDataConformance:([D[D)V#79#23 prob_bp = 0.50000000000754540000
org.apache.commons.math3.util.FastMath:abs:(D)D#3020#12 prob_bp = 0.50000000000952120000
org.apache.commons.math3.util.FastMath:abs:(D)D#3020#13 prob_bp = 0.50000000000985670000
org.apache.commons.math3.stat.ranking.NaNStrategy:values:()[Lorg/apache/commons/math3/stat/ranking/NaNStrategy;#1#21 prob_bp = 0.50000000001089980000
org.apache.commons.math3.stat.inference.MannWhitneyUTest:mannWhitneyU:([D[D)D#155#80 prob_bp = 0.50000000003332320000
org.apache.commons.math3.stat.inference.MannWhitneyUTest:mannWhitneyU:([D[D)D#155#78 prob_bp = 0.50000000003358610000
org.apache.commons.math3.stat.ranking.NaturalRanking:$SWITCH_TABLE$org$apache$commons$math3$stat$ranking$NaNStrategy:()[I#71#12 prob_bp = 0.50000000003896230000
org.apache.commons.math3.stat.ranking.NaturalRanking:<init>:(Lorg/apache/commons/math3/stat/ranking/NaNStrategy;Lorg/apache/commons/math3/stat/ranking/TiesStrategy;)V#130#5 prob_bp = 0.50000000003973950000
org.apache.commons.math3.stat.ranking.NaturalRanking:<init>:(Lorg/apache/commons/math3/stat/ranking/NaNStrategy;Lorg/apache/commons/math3/stat/ranking/TiesStrategy;)V#130#4 prob_bp = 0.50000000004048110000
org.apache.commons.math3.stat.ranking.NaturalRanking:<init>:(Lorg/apache/commons/math3/stat/ranking/NaNStrategy;Lorg/apache/commons/math3/stat/ranking/TiesStrategy;)V#130#6 prob_bp = 0.50000000004129890000
org.apache.commons.math3.stat.ranking.NaturalRanking$IntDoublePair:getValue:()D#453#4 prob_bp = 0.50000000005606580000
org.apache.commons.math3.stat.ranking.NaturalRanking:$SWITCH_TABLE$org$apache$commons$math3$stat$ranking$NaNStrategy:()[I#71#55 prob_bp = 0.50000000010748250000
org.apache.commons.math3.stat.ranking.NaturalRanking:$SWITCH_TABLE$org$apache$commons$math3$stat$ranking$NaNStrategy:()[I#71#13 prob_bp = 0.50000000013930330000
org.apache.commons.math3.stat.ranking.NaturalRanking:rank:([D)[D#193#0 prob_bp = 0.50000000026388080000
org.apache.commons.math3.stat.inference.MannWhitneyUTest:mannWhitneyU:([D[D)D#155#82 prob_bp = 0.50000000028169230000
org.apache.commons.math3.stat.ranking.NaNStrategy:<clinit>:()V#45#36 prob_bp = 0.50000000028458500000
org.apache.commons.math3.stat.ranking.NaturalRanking:$SWITCH_TABLE$org$apache$commons$math3$stat$ranking$NaNStrategy:()[I#71#56 prob_bp = 0.50000000029027320000
org.apache.commons.math3.stat.ranking.NaturalRanking:getNanPositions:([Lorg/apache/commons/math3/stat/ranking/NaturalRanking$IntDoublePair;)Ljava/util/List;#410#44 prob_bp = 0.50000000029780340000
org.apache.commons.math3.stat.ranking.NaturalRanking:$SWITCH_TABLE$org$apache$commons$math3$stat$ranking$NaNStrategy:()[I#71#59 prob_bp = 0.50000000031082590000
org.apache.commons.math3.stat.ranking.NaturalRanking:rank:([D)[D#193#1 prob_bp = 0.50000000031376020000
org.apache.commons.math3.stat.ranking.NaturalRanking:$SWITCH_TABLE$org$apache$commons$math3$stat$ranking$NaNStrategy:()[I#71#62 prob_bp = 0.50000000037104690000
org.apache.commons.math3.stat.ranking.NaturalRanking:$SWITCH_TABLE$org$apache$commons$math3$stat$ranking$NaNStrategy:()[I#71#63 prob_bp = 0.50000000038431400000
org.apache.commons.math3.stat.ranking.NaturalRanking:rank:([D)[D#200#39 prob_bp = 0.50000000039919200000
org.apache.commons.math3.util.FastMath:abs:(D)D#3020#0 prob_bp = 0.50000000040403800000
org.apache.commons.math3.stat.ranking.NaturalRanking:rank:([D)[D#193#2 prob_bp = 0.50000000049515460000
org.apache.commons.math3.stat.ranking.NaturalRanking:$SWITCH_TABLE$org$apache$commons$math3$stat$ranking$NaNStrategy:()[I#71#15 prob_bp = 0.50000000049808450000
org.apache.commons.math3.util.FastMath:max:(DD)D#3535#1 prob_bp = 0.50000000057332230000
org.apache.commons.math3.util.FastMath:max:(DD)D#3535#0 prob_bp = 0.50000000057352310000
org.apache.commons.math3.util.FastMath:abs:(D)D#3020#1 prob_bp = 0.50000000058938370000
org.apache.commons.math3.util.FastMath:abs:(D)D#3020#2 prob_bp = 0.50000000060687440000
org.apache.commons.math3.stat.ranking.NaturalRanking:rank:([D)[D#200#40 prob_bp = 0.50000000060941690000
org.apache.commons.math3.special.Erf:erf:(D)D#71#40 prob_bp = 0.50000000117469630000
org.apache.commons.math3.stat.ranking.NaturalRanking:rank:([D)[D#193#5 prob_bp = 0.50000000117652920000
org.apache.commons.math3.special.Erf:erf:(D)D#71#41 prob_bp = 0.50000000136677240000
org.apache.commons.math3.stat.ranking.NaturalRanking:rank:([D)[D#228#200 prob_bp = 0.50000000139062930000
org.apache.commons.math3.special.Erf:erf:(D)D#71#42 prob_bp = 0.50000000140888020000
org.apache.commons.math3.stat.ranking.NaturalRanking:$SWITCH_TABLE$org$apache$commons$math3$stat$ranking$NaNStrategy:()[I#71#68 prob_bp = 0.50000000167346630000
org.apache.commons.math3.util.FastMath:max:(DD)D#3535#2 prob_bp = 0.50000000231506860000
org.apache.commons.math3.distribution.NormalDistribution:<init>:(DDD)V#81#31 prob_bp = 0.50000000432731640000
org.apache.commons.math3.distribution.NormalDistribution:<init>:(DDD)V#81#30 prob_bp = 0.50000000432735680000
org.apache.commons.math3.distribution.NormalDistribution:<init>:(DDD)V#81#32 prob_bp = 0.50000000486133190000
org.apache.commons.math3.util.FastMath:abs:(D)D#3020#14 prob_bp = 0.50000000832664090000
org.apache.commons.math3.special.Gamma:regularizedGammaP:(DDDI)D#186#199 prob_bp = 0.50000001072462820000
org.apache.commons.math3.stat.ranking.NaturalRanking:rank:([D)[D#200#43 prob_bp = 0.50000001354255370000
org.apache.commons.math3.distribution.NormalDistribution:cumulativeProbability:(D)D#138#14 prob_bp = 0.50000002150224280000
org.apache.commons.math3.distribution.NormalDistribution:cumulativeProbability:(D)D#138#15 prob_bp = 0.50000002368179890000
org.apache.commons.math3.special.Gamma:regularizedGammaP:(DDDI)D#186#201 prob_bp = 0.50000003562622350000
org.apache.commons.math3.stat.ranking.NaturalRanking:rank:([D)[D#211#112 prob_bp = 0.50000003764582120000
org.apache.commons.math3.stat.inference.MannWhitneyUTest:calculateAsymptoticPValue:(DII)D#181#48 prob_bp = 0.50000006380740340000
org.apache.commons.math3.stat.ranking.NaturalRanking:rank:([D)[D#200#46 prob_bp = 0.50000006572621660000
org.apache.commons.math3.stat.inference.MannWhitneyUTest:calculateAsymptoticPValue:(DII)D#181#49 prob_bp = 0.50000006609650720000
org.apache.commons.math3.util.FastMath:abs:(D)D#3020#21 prob_bp = 0.50000006618515110000
org.apache.commons.math3.stat.ranking.NaturalRanking:$SWITCH_TABLE$org$apache$commons$math3$stat$ranking$NaNStrategy:()[I#71#0 prob_bp = 0.50000007988487200000
org.apache.commons.math3.special.Erf:erf:(D)D#70#39 prob_bp = 0.50000011234358000000
org.apache.commons.math3.stat.ranking.NaturalRanking:rank:([D)[D#245#318 prob_bp = 0.50000016120228250000
org.apache.commons.math3.util.FastMath:abs:(D)D#3020#3 prob_bp = 0.50000017270788490000
org.apache.commons.math3.stat.ranking.NaturalRanking:rank:([D)[D#245#319 prob_bp = 0.50000018263960740000
org.apache.commons.math3.special.Erf:erf:(D)D#71#43 prob_bp = 0.50000021488372750000
org.apache.commons.math3.stat.ranking.NaturalRanking:$SWITCH_TABLE$org$apache$commons$math3$stat$ranking$NaNStrategy:()[I#71#3 prob_bp = 0.50000029831457020000
org.apache.commons.math3.distribution.NormalDistribution:cumulativeProbability:(D)D#138#7 prob_bp = 0.50000035659483450000
org.apache.commons.math3.distribution.NormalDistribution:cumulativeProbability:(D)D#138#8 prob_bp = 0.50000039673795760000
org.apache.commons.math3.distribution.NormalDistribution:cumulativeProbability:(D)D#138#11 prob_bp = 0.50000053051112870000
org.apache.commons.math3.distribution.NormalDistribution:cumulativeProbability:(D)D#138#18 prob_bp = 0.50000054655351070000
org.apache.commons.math3.stat.ranking.NaturalRanking:rank:([D)[D#245#322 prob_bp = 0.50000108651924650000
org.apache.commons.math3.stat.ranking.NaturalRanking:rank:([D)[D#245#325 prob_bp = 0.50000116137637630000
org.apache.commons.math3.distribution.NormalDistribution:<init>:(DD)V#61#2 prob_bp = 0.50000118826923590000
org.apache.commons.math3.stat.ranking.NaNStrategy:<clinit>:()V#48#49 prob_bp = 0.50000120920425600000
org.apache.commons.math3.stat.ranking.NaturalRanking:$SWITCH_TABLE$org$apache$commons$math3$stat$ranking$NaNStrategy:()[I#71#4 prob_bp = 0.50000127048654920000
org.apache.commons.math3.distribution.NormalDistribution:<init>:(DDD)V#76#4 prob_bp = 0.50000138704949800000
org.apache.commons.math3.distribution.NormalDistribution:<init>:(DDD)V#76#5 prob_bp = 0.50000181217351970000
org.apache.commons.math3.distribution.NormalDistribution:<init>:(DDD)V#76#6 prob_bp = 0.50000185768857460000
org.apache.commons.math3.util.FastMath:abs:(D)D#3020#22 prob_bp = 0.50000188046725160000
org.apache.commons.math3.stat.inference.MannWhitneyUTest:mannWhitneyUTest:([D[D)D#222#1 prob_bp = 0.50000382369825050000
org.apache.commons.math3.special.Erf:erf:(D)D#71#52 prob_bp = 0.50000401118455640000
org.apache.commons.math3.stat.ranking.NaturalRanking:rank:([D)[D#246#331 prob_bp = 0.50000475914129570000
org.apache.commons.math3.distribution.NormalDistribution:cumulativeProbability:(D)D#138#19 prob_bp = 0.50000520098851180000
org.apache.commons.math3.stat.inference.MannWhitneyUTest:ensureDataConformance:([D[D)V#74#0 prob_bp = 0.50000785449863080000
org.apache.commons.math3.distribution.NormalDistribution:cumulativeProbability:(D)D#141#38 prob_bp = 0.50001234237435810000
org.apache.commons.math3.distribution.NormalDistribution:cumulativeProbability:(D)D#141#52 prob_bp = 0.50001276935792830000
org.apache.commons.math3.stat.inference.MannWhitneyUTest:ensureDataConformance:([D[D)V#74#1 prob_bp = 0.50002080075467640000
org.apache.commons.math3.distribution.NormalDistribution:<init>:(DD)V#61#1 prob_bp = 0.50002213460556290000
org.apache.commons.math3.distribution.NormalDistribution:<init>:(DD)V#61#0 prob_bp = 0.50002213868349670000
org.apache.commons.math3.distribution.NormalDistribution:<init>:(DDD)V#80#26 prob_bp = 0.50002348508737690000
org.apache.commons.math3.distribution.NormalDistribution:<init>:(DDD)V#80#25 prob_bp = 0.50002348508742000000
org.apache.commons.math3.stat.ranking.NaturalRanking:rank:([D)[D#246#332 prob_bp = 0.50002374343065770000
org.apache.commons.math3.distribution.NormalDistribution:<init>:(DDD)V#80#27 prob_bp = 0.50002638349587260000
org.apache.commons.math3.distribution.NormalDistribution:<init>:(DD)V#61#6 prob_bp = 0.50004640566970120000
org.apache.commons.math3.util.FastMath:max:(DD)D#3535#3 prob_bp = 0.50005223310568600000
org.apache.commons.math3.distribution.NormalDistribution:cumulativeProbability:(D)D#141#35 prob_bp = 0.50009955020601070000
org.apache.commons.math3.stat.ranking.NaturalRanking:restoreNaNs:([DLjava/util/List;)V#387#0 prob_bp = 0.50010007873178960000
org.apache.commons.math3.distribution.NormalDistribution:cumulativeProbability:(D)D#141#53 prob_bp = 0.50010299456645850000
org.apache.commons.math3.distribution.NormalDistribution:cumulativeProbability:(D)D#137#1 prob_bp = 0.50011715032339370000
org.apache.commons.math3.distribution.NormalDistribution:cumulativeProbability:(D)D#137#2 prob_bp = 0.50012854969130280000
org.apache.commons.math3.stat.ranking.NaturalRanking:restoreNaNs:([DLjava/util/List;)V#387#1 prob_bp = 0.50040706722944100000
org.apache.commons.math3.distribution.NormalDistribution:<init>:(DDD)V#76#7 prob_bp = 0.50050437929581700000
org.apache.commons.math3.stat.inference.MannWhitneyUTest:mannWhitneyUTest:([D[D)D#222#2 prob_bp = 0.50051196485146030000
org.apache.commons.math3.stat.inference.MannWhitneyUTest:mannWhitneyUTest:([D[D)D#222#3 prob_bp = 0.50059444362208430000
org.apache.commons.math3.stat.inference.MannWhitneyUTest:ensureDataConformance:([D[D)V#75#4 prob_bp = 0.50090213290475590000
org.apache.commons.math3.distribution.NormalDistribution:cumulativeProbability:(D)D#141#54 prob_bp = 0.50103267900126030000
org.apache.commons.math3.stat.ranking.NaturalRanking:restoreNaNs:([DLjava/util/List;)V#387#6 prob_bp = 0.50164239699800400000
org.apache.commons.math3.stat.ranking.NaturalRanking:rank:([D)[D#200#47 prob_bp = 0.50164638774788110000
org.apache.commons.math3.stat.ranking.NaturalRanking:rank:([D)[D#222#128 prob_bp = 0.50204902410475440000
org.apache.commons.math3.stat.inference.MannWhitneyUTest:ensureDataConformance:([D[D)V#75#5 prob_bp = 0.50215378060638290000
org.apache.commons.math3.distribution.NormalDistribution:cumulativeProbability:(D)D#137#0 prob_bp = 0.50264765841182070000
org.apache.commons.math3.distribution.NormalDistribution:cumulativeProbability:(D)D#137#5 prob_bp = 0.50281531100364310000
org.apache.commons.math3.stat.inference.MannWhitneyUTest:calculateAsymptoticPValue:(DII)D#183#54 prob_bp = 0.50376659354260820000
org.apache.commons.math3.stat.inference.MannWhitneyUTest:calculateAsymptoticPValue:(DII)D#183#64 prob_bp = 0.50389998511555120000
org.apache.commons.math3.stat.ranking.NaturalRanking:rank:([D)[D#222#129 prob_bp = 0.50684977064491530000
org.apache.commons.math3.stat.ranking.NaturalRanking:rank:([D)[D#222#130 prob_bp = 0.52297391219703850000
org.apache.commons.math3.stat.inference.MannWhitneyUTest:calculateAsymptoticPValue:(DII)D#183#65 prob_bp = 0.53423903049573720000
org.apache.commons.math3.distribution.NormalDistribution:cumulativeProbability:(D)D#137#6 prob_bp = 0.55038439462231740000
org.apache.commons.math3.stat.ranking.NaturalRanking:rank:([D)[D#222#132 prob_bp = 0.58386409704957640000
org.apache.commons.math3.distribution.NormalDistribution:cumulativeProbability:(D)D#138#20 prob_bp = 0.58482793033275080000
org.apache.commons.math3.stat.inference.MannWhitneyUTest:mannWhitneyUTest:([D[D)D#231#33 prob_bp = 0.63146036070050320000
org.apache.commons.math3.stat.ranking.NaturalRanking:rank:([D)[D#248#335 prob_bp = 0.97884392196572430000
org.apache.commons.math3.stat.ranking.NaturalRanking:rank:([D)[D#248#337 prob_bp = 0.99999969009471150000
org.apache.commons.math3.stat.inference.MannWhitneyUTestTest:<init>:()V#33#4 prob_bp = 1.00000000000000000000
org.apache.commons.math3.stat.inference.MannWhitneyUTestTest:<init>:()V#33#5 prob_bp = 1.00000000000000000000
org.apache.commons.math3.stat.inference.MannWhitneyUTestTest:<init>:()V#33#8 prob_bp = 1.00000000000000000000
org.apache.commons.math3.stat.inference.MannWhitneyUTestTest:<init>:()V#33#9 prob_bp = 1.00000000000000000000
org.apache.commons.math3.stat.inference.MannWhitneyUTestTest:<init>:()V#33#12 prob_bp = 1.00000000000000000000
org.apache.commons.math3.stat.inference.MannWhitneyUTestTest:testBigDataSet:()V#106#0 prob_bp = 1.00000000000000000000
org.apache.commons.math3.stat.inference.MannWhitneyUTestTest:testBigDataSet:()V#106#3 prob_bp = 1.00000000000000000000
org.apache.commons.math3.stat.inference.MannWhitneyUTestTest:testBigDataSet:()V#106#5 prob_bp = 1.00000000000000000000
org.apache.commons.math3.stat.inference.MannWhitneyUTestTest:testBigDataSet:()V#107#6 prob_bp = 1.00000000000000000000
org.apache.commons.math3.stat.inference.MannWhitneyUTestTest:testBigDataSet:()V#107#9 prob_bp = 1.00000000000000000000
org.apache.commons.math3.stat.inference.MannWhitneyUTestTest:testBigDataSet:()V#107#11 prob_bp = 1.00000000000000000000
org.apache.commons.math3.stat.inference.MannWhitneyUTestTest:testBigDataSet:()V#112#43 prob_bp = 1.00000000000000000000
org.apache.commons.math3.stat.inference.MannWhitneyUTestTest:testBigDataSet:()V#112#44 prob_bp = 1.00000000000000000000
org.apache.commons.math3.stat.inference.MannWhitneyUTestTest:testBigDataSet:()V#112#47 prob_bp = 1.00000000000000000000
org.apache.commons.math3.stat.inference.MannWhitneyUTestTest:testBigDataSet:()V#112#48 prob_bp = 1.00000000000000000000
org.apache.commons.math3.stat.inference.MannWhitneyUTestTest:testBigDataSet:()V#112#49 prob_bp = 1.00000000000000000000
org.apache.commons.math3.util.FastMath:sqrt:(D)D#375#0 prob_bp = 1.00000000000000000000
org.apache.commons.math3.util.FastMath:sqrt:(D)D#375#1 prob_bp = 1.00000000000000000000
org.apache.commons.math3.util.FastMath:sqrt:(D)D#375#4 prob_bp = 1.00000000000000000000
org.apache.commons.math3.stat.inference.MannWhitneyUTestTest:testBigDataSet:()V#112#52 prob_bp = 1.00000000000000000000
org.apache.commons.math3.stat.inference.MannWhitneyUTestTest:testBigDataSet:()V#113#53 prob_bp = 1.00000000000000000000
org.apache.commons.math3.stat.inference.MannWhitneyUTestTest:testBigDataSet:()V#113#54 prob_bp = 1.00000000000000000000
org.apache.commons.math3.stat.inference.MannWhitneyUTestTest:testBigDataSet:()V#113#57 prob_bp = 1.00000000000000000000
org.apache.commons.math3.stat.inference.MannWhitneyUTestTest:testBigDataSet:()V#113#58 prob_bp = 1.00000000000000000000
org.apache.commons.math3.stat.inference.MannWhitneyUTestTest:testBigDataSet:()V#113#65 prob_bp = 1.00000000000000000000
org.apache.commons.math3.stat.inference.MannWhitneyUTestTest:testBigDataSet:()V#113#66 prob_bp = 1.00000000000000000000
Belief propagation time : 48.396000s
