Belief propagation time: 100

Probabilities: 
Vars:170352
Stmts:4024
org.apache.commons.lang.time.DateUtils:round:(Ljava/util/Date;I)Ljava/util/Date;#443#33 prob_bp = 0.49937637306999694000
org.apache.commons.lang.time.DateUtils:round:(Ljava/util/Date;I)Ljava/util/Date;#443#30 prob_bp = 0.49999440910436427000
org.apache.commons.lang.time.DateUtils:round:(Ljava/util/Date;I)Ljava/util/Date;#443#29 prob_bp = 0.49999592736407333000
org.apache.commons.lang.time.DateUtils:round:(Ljava/util/Date;I)Ljava/util/Date;#440#17 prob_bp = 0.49999630032366027000
org.apache.commons.lang.time.DateUtils:round:(Ljava/util/Date;I)Ljava/util/Date;#440#14 prob_bp = 0.49999641594134353000
org.apache.commons.lang.time.DateUtils:round:(Ljava/util/Date;I)Ljava/util/Date;#437#1 prob_bp = 0.49999864126138815000
org.apache.commons.lang.time.DateUtils:round:(Ljava/util/Date;I)Ljava/util/Date;#437#0 prob_bp = 0.49999864495691576000
org.apache.commons.lang.time.DateUtils:modify:(Ljava/util/Calendar;IZ)V#689#284 prob_bp = 0.49999999993943833000
org.apache.commons.lang.time.DateUtils:modify:(Ljava/util/Calendar;IZ)V#689#283 prob_bp = 0.49999999994178490000
org.apache.commons.lang.time.DateUtils:modify:(Ljava/util/Calendar;IZ)V#689#274 prob_bp = 0.49999999997763970000
org.apache.commons.lang.time.DateUtils:round:(Ljava/util/Date;I)Ljava/util/Date;#442#23 prob_bp = 0.49999999999005623000
org.apache.commons.lang.time.DateUtils:modify:(Ljava/util/Calendar;IZ)V#689#282 prob_bp = 0.49999999999619250000
org.apache.commons.lang.time.DateUtils:modify:(Ljava/util/Calendar;IZ)V#689#281 prob_bp = 0.49999999999633987000
org.apache.commons.lang.time.DateUtils:modify:(Ljava/util/Calendar;IZ)V#676#236 prob_bp = 0.49999999999964170000
org.apache.commons.lang.time.DateUtils:modify:(Ljava/util/Calendar;IZ)V#676#233 prob_bp = 0.49999999999965544000
org.apache.commons.lang.time.DateUtils:modify:(Ljava/util/Calendar;IZ)V#676#232 prob_bp = 0.49999999999973815000
org.apache.commons.lang.time.DateUtils:modify:(Ljava/util/Calendar;IZ)V#689#280 prob_bp = 0.49999999999982664000
org.apache.commons.lang.time.DateUtils:modify:(Ljava/util/Calendar;IZ)V#689#275 prob_bp = 0.49999999999983940000
org.apache.commons.lang.time.DateUtils:modify:(Ljava/util/Calendar;IZ)V#689#278 prob_bp = 0.49999999999994850000
org.apache.commons.lang.time.DateUtils:modify:(Ljava/util/Calendar;IZ)V#675#229 prob_bp = 0.49999999999999556000
org.apache.commons.lang.time.DateUtils:modify:(Ljava/util/Calendar;IZ)V#675#227 prob_bp = 0.49999999999999890000
org.apache.commons.lang.time.DateUtils:modify:(Ljava/util/Calendar;IZ)V#660#151 prob_bp = 0.49999999999999930000
org.apache.commons.lang.time.DateUtils:modify:(Ljava/util/Calendar;IZ)V#650#88#unexe#4 prob_bp = 0.49999999999999940000
org.apache.commons.lang.time.DateUtils:modify:(Ljava/util/Calendar;IZ)V#735#483 prob_bp = 0.49999999999999950000
org.apache.commons.lang.time.DateUtils:modify:(Ljava/util/Calendar;IZ)V#735#494 prob_bp = 0.49999999999999950000
org.apache.commons.lang.time.DateUtils:modify:(Ljava/util/Calendar;IZ)V#659#131 prob_bp = 0.49999999999999956000
org.apache.commons.lang.time.DateUtils:modify:(Ljava/util/Calendar;IZ)V#636#36 prob_bp = 0.49999999999999970000
org.apache.commons.lang.time.DateUtils:modify:(Ljava/util/Calendar;IZ)V#730#444 prob_bp = 0.49999999999999970000
org.apache.commons.lang.time.DateUtils:modify:(Ljava/util/Calendar;IZ)V#735#489 prob_bp = 0.49999999999999980000
org.apache.commons.lang.time.DateUtils:modify:(Ljava/util/Calendar;IZ)V#641#58#unexe#4 prob_bp = 0.49999999999999983000
org.apache.commons.lang.time.DateUtils:modify:(Ljava/util/Calendar;IZ)V#664#165 prob_bp = 0.49999999999999983000
org.apache.commons.lang.time.DateUtils:modify:(Ljava/util/Calendar;IZ)V#739#524 prob_bp = 0.49999999999999983000
org.apache.commons.lang.time.DateUtils:modify:(Ljava/util/Calendar;IZ)V#659#136 prob_bp = 0.49999999999999990000
org.apache.commons.lang.time.DateUtils:modify:(Ljava/util/Calendar;IZ)V#641#50 prob_bp = 0.49999999999999994000
org.apache.commons.lang.time.DateUtils:modify:(Ljava/util/Calendar;IZ)V#641#58#unexe#6 prob_bp = 0.49999999999999994000
org.apache.commons.lang.time.DateUtils:modify:(Ljava/util/Calendar;IZ)V#650#86 prob_bp = 0.49999999999999994000
org.apache.commons.lang.time.DateUtils:modify:(Ljava/util/Calendar;IZ)V#650#92 prob_bp = 0.49999999999999994000
org.apache.commons.lang.time.DateUtils:modify:(Ljava/util/Calendar;IZ)V#650#95 prob_bp = 0.49999999999999994000
org.apache.commons.lang.time.DateUtils:modify:(Ljava/util/Calendar;IZ)V#659#142 prob_bp = 0.49999999999999994000
org.apache.commons.lang.time.DateUtils:modify:(Ljava/util/Calendar;IZ)V#660#155 prob_bp = 0.49999999999999994000
org.apache.commons.lang.time.DateUtils:modify:(Ljava/util/Calendar;IZ)V#730#432 prob_bp = 0.49999999999999994000
org.apache.commons.lang.time.DateUtils:modify:(Ljava/util/Calendar;IZ)V#731#446 prob_bp = 0.49999999999999994000
org.apache.commons.lang.time.DateUtils:modify:(Ljava/util/Calendar;IZ)V#733#460 prob_bp = 0.49999999999999994000
org.apache.commons.lang.time.DateUtils:modify:(Ljava/util/Calendar;IZ)V#739#507 prob_bp = 0.49999999999999994000
org.apache.commons.lang.time.DateUtils:modify:(Ljava/util/Calendar;IZ)V#649#78 prob_bp = 0.50000000000000000000
org.apache.commons.lang.time.DateUtils:modify:(Ljava/util/Calendar;IZ)V#659#144#unexe#4 prob_bp = 0.50000000000000000000
org.apache.commons.lang.time.DateUtils:modify:(Ljava/util/Calendar;IZ)V#666#175 prob_bp = 0.50000000000000000000
org.apache.commons.lang.time.DateUtils:round:(Ljava/util/Date;I)Ljava/util/Date;#441#20 prob_bp = 0.50000000000000010000
org.apache.commons.lang.time.DateUtils:modify:(Ljava/util/Calendar;IZ)V#635#27 prob_bp = 0.50000000000000010000
org.apache.commons.lang.time.DateUtils:modify:(Ljava/util/Calendar;IZ)V#636#33 prob_bp = 0.50000000000000010000
org.apache.commons.lang.time.DateUtils:modify:(Ljava/util/Calendar;IZ)V#640#41 prob_bp = 0.50000000000000010000
org.apache.commons.lang.time.DateUtils:modify:(Ljava/util/Calendar;IZ)V#641#53 prob_bp = 0.50000000000000010000
org.apache.commons.lang.time.DateUtils:modify:(Ljava/util/Calendar;IZ)V#649#84 prob_bp = 0.50000000000000010000
org.apache.commons.lang.time.DateUtils:modify:(Ljava/util/Calendar;IZ)V#650#99#unexe#4 prob_bp = 0.50000000000000010000
org.apache.commons.lang.time.DateUtils:modify:(Ljava/util/Calendar;IZ)V#658#123 prob_bp = 0.50000000000000010000
org.apache.commons.lang.time.DateUtils:modify:(Ljava/util/Calendar;IZ)V#659#133 prob_bp = 0.50000000000000010000
org.apache.commons.lang.time.DateUtils:modify:(Ljava/util/Calendar;IZ)V#659#137 prob_bp = 0.50000000000000010000
org.apache.commons.lang.time.DateUtils:modify:(Ljava/util/Calendar;IZ)V#659#140 prob_bp = 0.50000000000000010000
org.apache.commons.lang.time.DateUtils:modify:(Ljava/util/Calendar;IZ)V#660#147 prob_bp = 0.50000000000000010000
org.apache.commons.lang.time.DateUtils:modify:(Ljava/util/Calendar;IZ)V#729#429 prob_bp = 0.50000000000000010000
org.apache.commons.lang.time.DateUtils:modify:(Ljava/util/Calendar;IZ)V#733#469 prob_bp = 0.50000000000000010000
org.apache.commons.lang.time.DateUtils:modify:(Ljava/util/Calendar;IZ)V#738#498 prob_bp = 0.50000000000000010000
org.apache.commons.lang.time.DateUtils:modify:(Ljava/util/Calendar;IZ)V#739#505 prob_bp = 0.50000000000000010000
org.apache.commons.lang.time.DateUtils:modify:(Ljava/util/Calendar;IZ)V#739#522 prob_bp = 0.50000000000000010000
org.apache.commons.lang.time.DateUtils:modify:(Ljava/util/Calendar;IZ)V#649#81 prob_bp = 0.50000000000000020000
org.apache.commons.lang.time.DateUtils:modify:(Ljava/util/Calendar;IZ)V#658#129 prob_bp = 0.50000000000000020000
org.apache.commons.lang.time.DateUtils:modify:(Ljava/util/Calendar;IZ)V#635#31 prob_bp = 0.50000000000000030000
org.apache.commons.lang.time.DateUtils:modify:(Ljava/util/Calendar;IZ)V#640#44 prob_bp = 0.50000000000000030000
org.apache.commons.lang.time.DateUtils:modify:(Ljava/util/Calendar;IZ)V#641#55 prob_bp = 0.50000000000000030000
org.apache.commons.lang.time.DateUtils:modify:(Ljava/util/Calendar;IZ)V#650#99 prob_bp = 0.50000000000000030000
org.apache.commons.lang.time.DateUtils:modify:(Ljava/util/Calendar;IZ)V#660#152 prob_bp = 0.50000000000000030000
org.apache.commons.lang.time.DateUtils:modify:(Ljava/util/Calendar;IZ)V#665#169 prob_bp = 0.50000000000000030000
org.apache.commons.lang.time.DateUtils:modify:(Ljava/util/Calendar;IZ)V#665#172 prob_bp = 0.50000000000000030000
org.apache.commons.lang.time.DateUtils:modify:(Ljava/util/Calendar;IZ)V#666#176 prob_bp = 0.50000000000000030000
org.apache.commons.lang.time.DateUtils:modify:(Ljava/util/Calendar;IZ)V#739#514 prob_bp = 0.50000000000000030000
org.apache.commons.lang.time.DateUtils:modify:(Ljava/util/Calendar;IZ)V#659#144 prob_bp = 0.50000000000000040000
org.apache.commons.lang.time.DateUtils:round:(Ljava/util/Date;I)Ljava/util/Date;#441#18 prob_bp = 0.50000000000000060000
org.apache.commons.lang.time.DateUtils:round:(Ljava/util/Date;I)Ljava/util/Date;#441#19 prob_bp = 0.50000000000000060000
org.apache.commons.lang.time.DateUtils:round:(Ljava/util/Date;I)Ljava/util/Date;#442#25 prob_bp = 0.50000000000000060000
org.apache.commons.lang.time.DateUtils:modify:(Ljava/util/Calendar;IZ)V#641#58 prob_bp = 0.50000000000000060000
org.apache.commons.lang.time.DateUtils:modify:(Ljava/util/Calendar;IZ)V#650#92#unexe#6 prob_bp = 0.50000000000000060000
org.apache.commons.lang.time.DateUtils:modify:(Ljava/util/Calendar;IZ)V#660#157 prob_bp = 0.50000000000000060000
org.apache.commons.lang.time.DateUtils:modify:(Ljava/util/Calendar;IZ)V#665#170 prob_bp = 0.50000000000000060000
org.apache.commons.lang.time.DateUtils:modify:(Ljava/util/Calendar;IZ)V#699#301#unexe#13 prob_bp = 0.50000000000000060000
org.apache.commons.lang.time.DateUtils:modify:(Ljava/util/Calendar;IZ)V#739#502 prob_bp = 0.50000000000000060000
org.apache.commons.lang.time.DateUtils:modify:(Ljava/util/Calendar;IZ)V#739#517 prob_bp = 0.50000000000000060000
org.apache.commons.lang.time.DateUtils:modify:(Ljava/util/Calendar;IZ)V#650#91 prob_bp = 0.50000000000000070000
org.apache.commons.lang.time.DateUtils:modify:(Ljava/util/Calendar;IZ)V#640#47 prob_bp = 0.50000000000000080000
org.apache.commons.lang.time.DateUtils:modify:(Ljava/util/Calendar;IZ)V#650#97 prob_bp = 0.50000000000000080000
org.apache.commons.lang.time.DateUtils:modify:(Ljava/util/Calendar;IZ)V#650#99#unexe#6 prob_bp = 0.50000000000000080000
org.apache.commons.lang.time.DateUtils:modify:(Ljava/util/Calendar;IZ)V#658#124 prob_bp = 0.50000000000000080000
org.apache.commons.lang.time.DateUtils:modify:(Ljava/util/Calendar;IZ)V#659#137#unexe#4 prob_bp = 0.50000000000000080000
org.apache.commons.lang.time.DateUtils:modify:(Ljava/util/Calendar;IZ)V#659#133#unexe#4 prob_bp = 0.50000000000000080000
org.apache.commons.lang.time.DateUtils:modify:(Ljava/util/Calendar;IZ)V#664#163 prob_bp = 0.50000000000000080000
org.apache.commons.lang.time.DateUtils:modify:(Ljava/util/Calendar;IZ)V#699#301 prob_bp = 0.50000000000000080000
org.apache.commons.lang.time.DateUtils:modify:(Ljava/util/Calendar;IZ)V#735#481 prob_bp = 0.50000000000000080000
org.apache.commons.lang.time.DateUtils:modify:(Ljava/util/Calendar;IZ)V#739#511 prob_bp = 0.50000000000000080000
org.apache.commons.lang.time.DateUtils:modify:(Ljava/util/Calendar;IZ)V#666#177 prob_bp = 0.50000000000000090000
org.apache.commons.lang.time.DateUtils:modify:(Ljava/util/Calendar;IZ)V#729#429#unexe#10 prob_bp = 0.50000000000000090000
org.apache.commons.lang.time.DateUtils:modify:(Ljava/util/Calendar;IZ)V#739#509 prob_bp = 0.50000000000000090000
org.apache.commons.lang.time.DateUtils:modify:(Ljava/util/Calendar;IZ)V#733#472 prob_bp = 0.50000000000000100000
org.apache.commons.lang.time.DateUtils:modify:(Ljava/util/Calendar;IZ)V#729#429#unexe#12 prob_bp = 0.50000000000000100000
org.apache.commons.lang.time.DateUtils:modify:(Ljava/util/Calendar;IZ)V#739#516 prob_bp = 0.50000000000000100000
org.apache.commons.lang.time.DateUtils:modify:(Ljava/util/Calendar;IZ)V#739#518 prob_bp = 0.50000000000000100000
org.apache.commons.lang.time.DateUtils:modify:(Ljava/util/Calendar;IZ)V#739#501 prob_bp = 0.50000000000000110000
org.apache.commons.lang.time.DateUtils:modify:(Ljava/util/Calendar;IZ)V#739#510 prob_bp = 0.50000000000000110000
org.apache.commons.lang.time.DateUtils:modify:(Ljava/util/Calendar;IZ)V#733#475 prob_bp = 0.50000000000000120000
org.apache.commons.lang.time.DateUtils:modify:(Ljava/util/Calendar;IZ)V#735#477 prob_bp = 0.50000000000000120000
org.apache.commons.lang.time.DateUtils:modify:(Ljava/util/Calendar;IZ)V#739#508 prob_bp = 0.50000000000000120000
org.apache.commons.lang.time.DateUtils:modify:(Ljava/util/Calendar;IZ)V#739#525 prob_bp = 0.50000000000000120000
org.apache.commons.lang.time.DateUtils:modify:(Ljava/util/Calendar;IZ)V#675#223 prob_bp = 0.50000000000000120000
org.apache.commons.lang.time.DateUtils:modify:(Ljava/util/Calendar;IZ)V#733#464 prob_bp = 0.50000000000000130000
org.apache.commons.lang.time.DateUtils:modify:(Ljava/util/Calendar;IZ)V#733#467 prob_bp = 0.50000000000000130000
org.apache.commons.lang.time.DateUtils:modify:(Ljava/util/Calendar;IZ)V#649#79 prob_bp = 0.50000000000000140000
org.apache.commons.lang.time.DateUtils:modify:(Ljava/util/Calendar;IZ)V#730#436 prob_bp = 0.50000000000000140000
org.apache.commons.lang.time.DateUtils:modify:(Ljava/util/Calendar;IZ)V#730#441 prob_bp = 0.50000000000000140000
org.apache.commons.lang.time.DateUtils:modify:(Ljava/util/Calendar;IZ)V#738#496 prob_bp = 0.50000000000000140000
org.apache.commons.lang.time.DateUtils:modify:(Ljava/util/Calendar;IZ)V#641#49 prob_bp = 0.50000000000000160000
org.apache.commons.lang.time.DateUtils:modify:(Ljava/util/Calendar;IZ)V#660#149 prob_bp = 0.50000000000000160000
org.apache.commons.lang.time.DateUtils:modify:(Ljava/util/Calendar;IZ)V#664#166 prob_bp = 0.50000000000000160000
org.apache.commons.lang.time.DateUtils:modify:(Ljava/util/Calendar;IZ)V#697#298 prob_bp = 0.50000000000000160000
org.apache.commons.lang.time.DateUtils:modify:(Ljava/util/Calendar;IZ)V#637#39 prob_bp = 0.50000000000000170000
org.apache.commons.lang.time.DateUtils:modify:(Ljava/util/Calendar;IZ)V#730#438 prob_bp = 0.50000000000000170000
org.apache.commons.lang.time.DateUtils:modify:(Ljava/util/Calendar;IZ)V#731#453 prob_bp = 0.50000000000000170000
org.apache.commons.lang.time.DateUtils:modify:(Ljava/util/Calendar;IZ)V#640#42 prob_bp = 0.50000000000000180000
org.apache.commons.lang.time.DateUtils:modify:(Ljava/util/Calendar;IZ)V#650#92#unexe#4 prob_bp = 0.50000000000000180000
org.apache.commons.lang.time.DateUtils:modify:(Ljava/util/Calendar;IZ)V#735#479 prob_bp = 0.50000000000000180000
org.apache.commons.lang.time.DateUtils:modify:(Ljava/util/Calendar;IZ)V#730#439 prob_bp = 0.50000000000000190000
org.apache.commons.lang.time.DateUtils:modify:(Ljava/util/Calendar;IZ)V#641#50#unexe#4 prob_bp = 0.50000000000000210000
org.apache.commons.lang.time.DateUtils:modify:(Ljava/util/Calendar;IZ)V#637#38 prob_bp = 0.50000000000000260000
org.apache.commons.lang.time.DateUtils:modify:(Ljava/util/Calendar;IZ)V#641#50#unexe#6 prob_bp = 0.50000000000000260000
org.apache.commons.lang.time.DateUtils:modify:(Ljava/util/Calendar;IZ)V#650#88 prob_bp = 0.50000000000000260000
org.apache.commons.lang.time.DateUtils:modify:(Ljava/util/Calendar;IZ)V#658#126 prob_bp = 0.50000000000000280000
org.apache.commons.lang.time.DateUtils:modify:(Ljava/util/Calendar;IZ)V#699#300 prob_bp = 0.50000000000000280000
org.apache.commons.lang.time.DateUtils:modify:(Ljava/util/Calendar;IZ)V#733#461 prob_bp = 0.50000000000000280000
org.apache.commons.lang.time.DateUtils:modify:(Ljava/util/Calendar;IZ)V#650#88#unexe#6 prob_bp = 0.50000000000000300000
org.apache.commons.lang.time.DateUtils:modify:(Ljava/util/Calendar;IZ)V#733#474 prob_bp = 0.50000000000000300000
org.apache.commons.lang.time.DateUtils:modify:(Ljava/util/Calendar;IZ)V#635#28 prob_bp = 0.50000000000000320000
org.apache.commons.lang.time.DateUtils:modify:(Ljava/util/Calendar;IZ)V#636#32 prob_bp = 0.50000000000000340000
org.apache.commons.lang.time.DateUtils:modify:(Ljava/util/Calendar;IZ)V#660#156 prob_bp = 0.50000000000000340000
org.apache.commons.lang.time.DateUtils:modify:(Ljava/util/Calendar;IZ)V#731#450 prob_bp = 0.50000000000000340000
org.apache.commons.lang.time.DateUtils:modify:(Ljava/util/Calendar;IZ)V#731#454 prob_bp = 0.50000000000000360000
org.apache.commons.lang.time.DateUtils:modify:(Ljava/util/Calendar;IZ)V#675#224 prob_bp = 0.50000000000000370000
org.apache.commons.lang.time.DateUtils:modify:(Ljava/util/Calendar;IZ)V#664#159 prob_bp = 0.50000000000000390000
org.apache.commons.lang.time.DateUtils:modify:(Ljava/util/Calendar;IZ)V#731#452 prob_bp = 0.50000000000000410000
org.apache.commons.lang.time.DateUtils:modify:(Ljava/util/Calendar;IZ)V#730#433 prob_bp = 0.50000000000000430000
org.apache.commons.lang.time.DateUtils:modify:(Ljava/util/Calendar;IZ)V#731#458 prob_bp = 0.50000000000000430000
org.apache.commons.lang.time.DateUtils:modify:(Ljava/util/Calendar;IZ)V#739#519 prob_bp = 0.50000000000000430000
org.apache.commons.lang.time.DateUtils:modify:(Ljava/util/Calendar;IZ)V#729#427 prob_bp = 0.50000000000000470000
org.apache.commons.lang.time.DateUtils:modify:(Ljava/util/Calendar;IZ)V#733#466 prob_bp = 0.50000000000000480000
org.apache.commons.lang.time.DateUtils:modify:(Ljava/util/Calendar;IZ)V#735#486 prob_bp = 0.50000000000000520000
org.apache.commons.lang.time.DateUtils:modify:(Ljava/util/Calendar;IZ)V#733#468 prob_bp = 0.50000000000000530000
org.apache.commons.lang.time.DateUtils:modify:(Ljava/util/Calendar;IZ)V#730#440 prob_bp = 0.50000000000000540000
org.apache.commons.lang.time.DateUtils:modify:(Ljava/util/Calendar;IZ)V#731#447 prob_bp = 0.50000000000000540000
org.apache.commons.lang.time.DateUtils:modify:(Ljava/util/Calendar;IZ)V#735#484 prob_bp = 0.50000000000000590000
org.apache.commons.lang.time.DateUtils:modify:(Ljava/util/Calendar;IZ)V#735#485 prob_bp = 0.50000000000000790000
org.apache.commons.lang.time.DateUtils:modify:(Ljava/util/Calendar;IZ)V#731#455 prob_bp = 0.50000000000000800000
org.apache.commons.lang.time.DateUtils:modify:(Ljava/util/Calendar;IZ)V#664#160 prob_bp = 0.50000000000000830000
org.apache.commons.lang.time.DateUtils:modify:(Ljava/util/Calendar;IZ)V#697#297 prob_bp = 0.50000000000001400000
org.apache.commons.lang.time.DateUtils:modify:(Ljava/util/Calendar;IZ)V#672#288 prob_bp = 0.50000000000058850000
org.apache.commons.lang.time.DateUtils:modify:(Ljava/util/Calendar;IZ)V#625#20 prob_bp = 0.50000000000069920000
org.apache.commons.lang.time.DateUtils:modify:(Ljava/util/Calendar;IZ)V#625#21 prob_bp = 0.50000000000187220000
org.apache.commons.lang.time.DateUtils:modify:(Ljava/util/Calendar;IZ)V#625#23 prob_bp = 0.50000000000194630000
org.apache.commons.lang.time.DateUtils:modify:(Ljava/util/Calendar;IZ)V#672#203 prob_bp = 0.50000000001913770000
org.apache.commons.lang.time.DateUtils:modify:(Ljava/util/Calendar;IZ)V#671#186 prob_bp = 0.50000000002142950000
org.apache.commons.lang.time.DateUtils:modify:(Ljava/util/Calendar;IZ)V#671#188 prob_bp = 0.50000000005384350000
org.apache.commons.lang.time.DateUtils:modify:(Ljava/util/Calendar;IZ)V#671#191 prob_bp = 0.50000000005814850000
org.apache.commons.lang.time.DateUtils:modify:(Ljava/util/Calendar;IZ)V#672#200 prob_bp = 0.50000000006256960000
org.apache.commons.lang.time.DateUtils:modify:(Ljava/util/Calendar;IZ)V#672#205 prob_bp = 0.50000000006756120000
org.apache.commons.lang.time.DateUtils:modify:(Ljava/util/Calendar;IZ)V#671#192 prob_bp = 0.50000000007555160000
org.apache.commons.lang.time.DateUtils:modify:(Ljava/util/Calendar;IZ)V#621#0 prob_bp = 0.50000000013760540000
org.apache.commons.lang.time.DateUtils:modify:(Ljava/util/Calendar;IZ)V#621#1 prob_bp = 0.50000000053100070000
org.apache.commons.lang.time.DateUtils:modify:(Ljava/util/Calendar;IZ)V#621#2 prob_bp = 0.50000000055229920000
org.apache.commons.lang.time.DateUtils:modify:(Ljava/util/Calendar;IZ)V#671#183 prob_bp = 0.50000000095016940000
org.apache.commons.lang.time.DateUtils:modify:(Ljava/util/Calendar;IZ)V#671#184 prob_bp = 0.50000000098851590000
org.apache.commons.lang.time.DateUtils:modify:(Ljava/util/Calendar;IZ)V#672#206 prob_bp = 0.50000000151654320000
org.apache.commons.lang.time.DateUtils:modify:(Ljava/util/Calendar;IZ)V#671#528 prob_bp = 0.50000000343745440000
org.apache.commons.lang.time.DateUtils:modify:(Ljava/util/Calendar;IZ)V#672#198 prob_bp = 0.50000000476172530000
org.apache.commons.lang.time.DateUtils:modify:(Ljava/util/Calendar;IZ)V#673#213 prob_bp = 0.50000000550373570000
org.apache.commons.lang.time.DateUtils:modify:(Ljava/util/Calendar;IZ)V#621#5 prob_bp = 0.50000000669737490000
org.apache.commons.lang.time.DateUtils:modify:(Ljava/util/Calendar;IZ)V#621#7 prob_bp = 0.50000000696599180000
org.apache.commons.lang.time.DateUtils:modify:(Ljava/util/Calendar;IZ)V#672#207 prob_bp = 0.50000000737012450000
org.apache.commons.lang.time.DateUtils:<clinit>:()V#73#119 prob_bp = 0.50000001772592770000
org.apache.commons.lang.time.DateUtils:modify:(Ljava/util/Calendar;IZ)V#673#210 prob_bp = 0.50000001796777450000
org.apache.commons.lang.time.DateUtils:modify:(Ljava/util/Calendar;IZ)V#673#215 prob_bp = 0.50000001940512480000
org.apache.commons.lang.time.DateUtils:modify:(Ljava/util/Calendar;IZ)V#672#195 prob_bp = 0.50000023766776070000
org.apache.commons.lang.time.DateUtils:modify:(Ljava/util/Calendar;IZ)V#672#196 prob_bp = 0.50000024726902490000
org.apache.commons.lang.time.DateUtils:modify:(Ljava/util/Calendar;IZ)V#673#216 prob_bp = 0.50000028129477170000
org.apache.commons.lang.time.DateUtils:modify:(Ljava/util/Calendar;IZ)V#673#218 prob_bp = 0.50000043538014070000
org.apache.commons.lang.time.DateUtils:round:(Ljava/util/Date;I)Ljava/util/Date;#442#24 prob_bp = 0.50000492514096710000
org.apache.commons.lang.time.DateUtils:round:(Ljava/util/Date;I)Ljava/util/Date;#442#26 prob_bp = 0.50000570374051880000
org.apache.commons.lang.time.DateUtils:modify:(Ljava/util/Calendar;IZ)V#673#219 prob_bp = 0.50002219110147380000
org.apache.commons.lang.time.DateUtils:modify:(Ljava/util/Calendar;IZ)V#673#220 prob_bp = 0.50005990391289770000
org.apache.commons.lang.time.DateUtilsTest:setUp:()V#104#20 prob_bp = 1.00000000000000000000
org.apache.commons.lang.time.DateUtilsTest:setUp:()V#104#21 prob_bp = 1.00000000000000000000
org.apache.commons.lang.time.DateUtilsTest:setUp:()V#104#33 prob_bp = 1.00000000000000000000
org.apache.commons.lang.time.DateUtilsTest:testRoundLang346:()V#709#18 prob_bp = 1.00000000000000000000
org.apache.commons.lang.time.DateUtilsTest:testRoundLang346:()V#709#21 prob_bp = 1.00000000000000000000
org.apache.commons.lang.time.DateUtilsTest:testRoundLang346:()V#710#22 prob_bp = 1.00000000000000000000
org.apache.commons.lang.time.DateUtilsTest:testRoundLang346:()V#710#23 prob_bp = 1.00000000000000000000
org.apache.commons.lang.time.DateUtilsTest:testRoundLang346:()V#710#26 prob_bp = 1.00000000000000000000
org.apache.commons.lang.time.DateUtilsTest:testRoundLang346:()V#710#28 prob_bp = 1.00000000000000000000
org.apache.commons.lang.time.DateUtilsTest:testRoundLang346:()V#710#29 prob_bp = 1.00000000000000000000
org.apache.commons.lang.time.DateUtilsTest:testRoundLang346:()V#710#31 prob_bp = 1.00000000000000000000
org.apache.commons.lang.time.DateUtilsTest:testRoundLang346:()V#710#33 prob_bp = 1.00000000000000000000
org.apache.commons.lang.time.DateUtilsTest:testRoundLang346:()V#710#35 prob_bp = 1.00000000000000000000
org.apache.commons.lang.time.DateUtilsTest:testRoundLang346:()V#711#38 prob_bp = 1.00000000000000000000
org.apache.commons.lang.time.DateUtilsTest:testRoundLang346:()V#711#39 prob_bp = 1.00000000000000000000
org.apache.commons.lang.time.DateUtilsTest:testRoundLang346:()V#711#42 prob_bp = 1.00000000000000000000
org.apache.commons.lang.time.DateUtilsTest:testRoundLang346:()V#712#43 prob_bp = 1.00000000000000000000
org.apache.commons.lang.time.DateUtilsTest:testRoundLang346:()V#712#45 prob_bp = 1.00000000000000000000
org.apache.commons.lang.time.DateUtilsTest:testRoundLang346:()V#712#46 prob_bp = 1.00000000000000000000
org.apache.commons.lang.time.DateUtilsTest:testRoundLang346:()V#712#49 prob_bp = 1.00000000000000000000
org.apache.commons.lang.time.DateUtilsTest:testRoundLang346:()V#712#51 prob_bp = 1.00000000000000000000
org.apache.commons.lang.time.DateUtilsTest:testRoundLang346:()V#712#54 prob_bp = 1.00000000000000000000
org.apache.commons.lang.time.DateUtilsTest:testRoundLang346:()V#712#55 prob_bp = 1.00000000000000000000
org.apache.commons.lang.time.DateUtilsTest:testRoundLang346:()V#712#57 prob_bp = 1.00000000000000000000
org.apache.commons.lang.time.DateUtilsTest:testRoundLang346:()V#712#60 prob_bp = 1.00000000000000000000
Belief propagation time : 46.817000s
