Belief propagation time: 100

Probabilities: 
Vars:31292
Stmts:4522
org.apache.commons.math.analysis.solvers.BaseSecantSolver:doSolve:()D#237#383 prob_bp = 0.49999045290988314000
org.apache.commons.math.analysis.solvers.BaseSecantSolver:doSolve:()D#235#369 prob_bp = 0.49999867141676680000
org.apache.commons.math.analysis.solvers.BaseSecantSolver:doSolve:()D#237#382 prob_bp = 0.49999949786593306000
org.apache.commons.math.analysis.solvers.BaseSecantSolver:doSolve:()D#237#372 prob_bp = 0.49999953072005970000
org.apache.commons.math.analysis.solvers.BaseSecantSolver$1:<clinit>:()V#205#6 prob_bp = 0.49999954001273170000
org.apache.commons.math.analysis.solvers.BaseSecantSolver:solve:(ILorg/apache/commons/math/analysis/UnivariateRealFunction;DDD)D#124#14 prob_bp = 0.49999973646236480000
org.apache.commons.math.util.FastMath:max:(DD)D#3928#11 prob_bp = 0.49999983418958720000
org.apache.commons.math.analysis.solvers.BaseSecantSolver:doSolve:()D#237#379 prob_bp = 0.49999988887509117000
org.apache.commons.math.util.FastMath:max:(DD)D#3925#3 prob_bp = 0.49999997955480610000
org.apache.commons.math.analysis.solvers.BaseSecantSolver:doSolve:()D#204#260 prob_bp = 0.49999999772516296000
org.apache.commons.math.analysis.solvers.BaseSecantSolver:solve:(ILorg/apache/commons/math/analysis/UnivariateRealFunction;DDDLorg/apache/commons/math/analysis/solvers/AllowedSolution;)D#117#17 prob_bp = 0.49999999831557757000
org.apache.commons.math.analysis.solvers.BaseSecantSolver:doSolve:()D#237#376 prob_bp = 0.49999999947057233000
org.apache.commons.math.analysis.solvers.BaseSecantSolver:doSolve:()D#237#375 prob_bp = 0.49999999984325905000
org.apache.commons.math.analysis.solvers.BaseSecantSolver:solve:(ILorg/apache/commons/math/analysis/UnivariateRealFunction;DDD)D#124#11 prob_bp = 0.49999999986012067000
org.apache.commons.math.analysis.solvers.BaseSecantSolver:solve:(ILorg/apache/commons/math/analysis/UnivariateRealFunction;DDDLorg/apache/commons/math/analysis/solvers/AllowedSolution;)D#116#3 prob_bp = 0.49999999991494815000
org.apache.commons.math.analysis.solvers.BaseSecantSolver:solve:(ILorg/apache/commons/math/analysis/UnivariateRealFunction;DDDLorg/apache/commons/math/analysis/solvers/AllowedSolution;)D#116#1 prob_bp = 0.49999999992576205000
org.apache.commons.math.analysis.solvers.BaseSecantSolver:doSolve:()D#235#368 prob_bp = 0.49999999992675140000
org.apache.commons.math.analysis.solvers.BaseSecantSolver:solve:(ILorg/apache/commons/math/analysis/UnivariateRealFunction;DDDLorg/apache/commons/math/analysis/solvers/AllowedSolution;)D#116#0 prob_bp = 0.49999999993224853000
org.apache.commons.math.analysis.solvers.BaseSecantSolver:solve:(ILorg/apache/commons/math/analysis/UnivariateRealFunction;DDD)D#124#8 prob_bp = 0.49999999993376465000
org.apache.commons.math.analysis.solvers.BaseSecantSolver:solve:(ILorg/apache/commons/math/analysis/UnivariateRealFunction;DDD)D#124#0 prob_bp = 0.49999999993410780000
org.apache.commons.math.analysis.solvers.AllowedSolution:<clinit>:()V#48#10 prob_bp = 0.49999999993507616000
org.apache.commons.math.util.FastMath:max:(DD)D#3929#15 prob_bp = 0.49999999997932800000
org.apache.commons.math.util.FastMath:abs:(D)D#3410#22 prob_bp = 0.49999999997959410000
org.apache.commons.math.analysis.solvers.BaseSecantSolver:solve:(ILorg/apache/commons/math/analysis/UnivariateRealFunction;DDDLorg/apache/commons/math/analysis/solvers/AllowedSolution;)D#117#14 prob_bp = 0.49999999998303410000
org.apache.commons.math.analysis.solvers.BaseSecantSolver:solve:(ILorg/apache/commons/math/analysis/UnivariateRealFunction;DDDLorg/apache/commons/math/analysis/solvers/AllowedSolution;)D#117#6 prob_bp = 0.49999999998650670000
org.apache.commons.math.util.FastMath:max:(DD)D#3928#10 prob_bp = 0.49999999999105520000
org.apache.commons.math.util.FastMath:max:(DD)D#3929#14 prob_bp = 0.49999999999419564000
org.apache.commons.math.util.FastMath:abs:(D)D#3410#7 prob_bp = 0.49999999999433464000
org.apache.commons.math.analysis.solvers.BaseSecantSolver:doSolve:()D#235#365 prob_bp = 0.49999999999704486000
org.apache.commons.math.util.FastMath:max:(DD)D#3928#9 prob_bp = 0.49999999999749156000
org.apache.commons.math.util.FastMath:max:(DD)D#3928#8 prob_bp = 0.49999999999762573000
org.apache.commons.math.util.FastMath:abs:(D)D#3410#6 prob_bp = 0.49999999999849615000
org.apache.commons.math.util.FastMath:max:(DD)D#3925#2 prob_bp = 0.49999999999892060000
org.apache.commons.math.util.FastMath:abs:(D)D#3410#3 prob_bp = 0.49999999999911554000
org.apache.commons.math.analysis.solvers.BaseSecantSolver:doSolve:()D#235#363 prob_bp = 0.49999999999936307000
org.apache.commons.math.analysis.solvers.BaseSecantSolver:doSolve:()D#235#353 prob_bp = 0.49999999999967170000
org.apache.commons.math.util.FastMath:max:(DD)D#3925#1 prob_bp = 0.49999999999970040000
org.apache.commons.math.util.FastMath:max:(DD)D#3925#0 prob_bp = 0.49999999999971630000
org.apache.commons.math.analysis.solvers.BaseSecantSolver:doSolve:()D#150#58 prob_bp = 0.49999999999984680000
org.apache.commons.math.analysis.solvers.BaseSecantSolver:doSolve:()D#204#259 prob_bp = 0.49999999999989900000
org.apache.commons.math.util.Incrementor:incrementCount:()V#84#15 prob_bp = 0.49999999999991507000
org.apache.commons.math.analysis.solvers.BaseSecantSolver:doSolve:()D#239#417 prob_bp = 0.49999999999992384000
org.apache.commons.math.analysis.solvers.BaseAbstractUnivariateRealSolver:getAbsoluteAccuracy:()D#128#4 prob_bp = 0.49999999999996900000
org.apache.commons.math.analysis.solvers.BaseSecantSolver:doSolve:()D#204#257 prob_bp = 0.49999999999997513000
org.apache.commons.math.analysis.solvers.BaseSecantSolver:solve:(ILorg/apache/commons/math/analysis/UnivariateRealFunction;DDDLorg/apache/commons/math/analysis/solvers/AllowedSolution;)D#117#8 prob_bp = 0.49999999999997846000
org.apache.commons.math.util.Incrementor:incrementCount:()V#84#7 prob_bp = 0.49999999999998035000
org.apache.commons.math.analysis.solvers.BaseSecantSolver:solve:(ILorg/apache/commons/math/analysis/UnivariateRealFunction;DDD)D#124#2 prob_bp = 0.49999999999998257000
org.apache.commons.math.analysis.solvers.BaseSecantSolver:doSolve:()D#149#52 prob_bp = 0.49999999999999400000
org.apache.commons.math.analysis.solvers.UnivariateRealSolverUtils:verifyBracketing:(Lorg/apache/commons/math/analysis/UnivariateRealFunction;DD)V#375#30 prob_bp = 0.49999999999999610000
org.apache.commons.math.analysis.solvers.UnivariateRealSolverUtils:isBracketing:(Lorg/apache/commons/math/analysis/UnivariateRealFunction;DD)Z#310#65 prob_bp = 0.49999999999999667000
org.apache.commons.math.analysis.solvers.UnivariateRealSolverUtils:isBracketing:(Lorg/apache/commons/math/analysis/UnivariateRealFunction;DD)Z#310#70 prob_bp = 0.49999999999999667000
org.apache.commons.math.analysis.solvers.BaseSecantSolver:doSolve:()D#235#362 prob_bp = 0.49999999999999745000
org.apache.commons.math.util.Incrementor:incrementCount:()V#84#6 prob_bp = 0.49999999999999840000
org.apache.commons.math.util.Incrementor:incrementCount:()V#84#5 prob_bp = 0.49999999999999856000
org.apache.commons.math.analysis.solvers.BaseSecantSolver:doSolve:()D#235#352 prob_bp = 0.49999999999999856000
org.apache.commons.math.analysis.solvers.BaseAbstractUnivariateRealSolver:getFunctionValueAccuracy:()D#140#4 prob_bp = 0.49999999999999880000
org.apache.commons.math.analysis.solvers.BaseSecantSolver:doSolve:()D#235#356 prob_bp = 0.49999999999999910000
org.apache.commons.math.util.FastMath:abs:(D)D#3410#2 prob_bp = 0.49999999999999933000
org.apache.commons.math.analysis.solvers.BaseSecantSolver:doSolve:()D#239#416 prob_bp = 0.49999999999999933000
org.apache.commons.math.util.FastMath:abs:(D)D#3410#1 prob_bp = 0.49999999999999940000
org.apache.commons.math.analysis.solvers.BaseSecantSolver:doSolve:()D#235#350 prob_bp = 0.49999999999999950000
org.apache.commons.math.analysis.solvers.UnivariateRealSolverUtils:isBracketing:(Lorg/apache/commons/math/analysis/UnivariateRealFunction;DD)Z#310#62 prob_bp = 0.49999999999999956000
org.apache.commons.math.analysis.solvers.BaseSecantSolver:doSolve:()D#204#254 prob_bp = 0.49999999999999956000
org.apache.commons.math.analysis.solvers.BaseSecantSolver:doSolve:()D#235#351 prob_bp = 0.49999999999999956000
org.apache.commons.math.analysis.solvers.BaseSecantSolver:doSolve:()D#198#247 prob_bp = 0.49999999999999960000
org.apache.commons.math.util.Incrementor:incrementCount:()V#84#12 prob_bp = 0.49999999999999970000
org.apache.commons.math.util.FastMath:abs:(D)D#3410#21 prob_bp = 0.49999999999999970000
org.apache.commons.math.util.Incrementor:setMaximalCount:(I)V#44#2 prob_bp = 0.49999999999999980000
org.apache.commons.math.analysis.solvers.BaseSecantSolver:doSolve:()D#151#64 prob_bp = 0.49999999999999980000
org.apache.commons.math.analysis.solvers.BaseSecantSolver:doSolve:()D#204#252 prob_bp = 0.49999999999999980000
org.apache.commons.math.analysis.solvers.BaseAbstractUnivariateRealSolver:getAbsoluteAccuracy:()D#128#1 prob_bp = 0.49999999999999983000
org.apache.commons.math.analysis.solvers.BaseAbstractUnivariateRealSolver:<init>:(DDD)V#93#15 prob_bp = 0.49999999999999990000
org.apache.commons.math.analysis.solvers.BaseSecantSolver:<init>:(DLorg/apache/commons/math/analysis/solvers/BaseSecantSolver$Method;)V#70#14 prob_bp = 0.49999999999999990000
org.apache.commons.math.util.Incrementor:incrementCount:()V#84#11 prob_bp = 0.49999999999999990000
org.apache.commons.math.analysis.solvers.BaseAbstractUnivariateRealSolver:getFunctionValueAccuracy:()D#140#0 prob_bp = 0.49999999999999990000
org.apache.commons.math.analysis.solvers.BaseAbstractUnivariateRealSolver:getFunctionValueAccuracy:()D#140#1 prob_bp = 0.49999999999999990000
org.apache.commons.math.analysis.solvers.BaseSecantSolver:doSolve:()D#198#245 prob_bp = 0.49999999999999990000
org.apache.commons.math.util.FastMath:abs:(D)D#3410#0 prob_bp = 0.49999999999999990000
org.apache.commons.math.analysis.solvers.BaseSecantSolver:doSolve:()D#235#359 prob_bp = 0.49999999999999990000
org.apache.commons.math.analysis.solvers.BaseSecantSolver:doSolve:()D#178#138 prob_bp = 0.49999999999999990000
org.apache.commons.math.analysis.solvers.BaseSecantSolver:doSolve:()D#188#226 prob_bp = 0.49999999999999990000
org.apache.commons.math.analysis.solvers.RegulaFalsiSolver:<init>:()V#43#4 prob_bp = 0.49999999999999994000
org.apache.commons.math.analysis.solvers.BaseAbstractUnivariateRealSolver:<init>:(DDD)V#93#17 prob_bp = 0.49999999999999994000
org.apache.commons.math.analysis.solvers.BaseAbstractUnivariateRealSolver:setup:(ILorg/apache/commons/math/analysis/UnivariateRealFunction;DDD)V#176#6 prob_bp = 0.49999999999999994000
org.apache.commons.math.analysis.solvers.BaseAbstractUnivariateRealSolver:setup:(ILorg/apache/commons/math/analysis/UnivariateRealFunction;DDD)V#177#12 prob_bp = 0.49999999999999994000
org.apache.commons.math.analysis.solvers.BaseAbstractUnivariateRealSolver:setup:(ILorg/apache/commons/math/analysis/UnivariateRealFunction;DDD)V#180#30 prob_bp = 0.49999999999999994000
org.apache.commons.math.util.Incrementor:setMaximalCount:(I)V#44#0 prob_bp = 0.49999999999999994000
org.apache.commons.math.analysis.solvers.BaseAbstractUnivariateRealSolver:computeObjectiveValue:(D)D#154#9 prob_bp = 0.49999999999999994000
org.apache.commons.math.analysis.solvers.BaseAbstractUnivariateRealSolver:verifyBracketing:(DD)V#282#6 prob_bp = 0.49999999999999994000
org.apache.commons.math.analysis.solvers.UnivariateRealSolverUtils:isBracketing:(Lorg/apache/commons/math/analysis/UnivariateRealFunction;DD)Z#310#55 prob_bp = 0.49999999999999994000
org.apache.commons.math.analysis.solvers.BaseSecantSolver:doSolve:()D#160#69 prob_bp = 0.49999999999999994000
org.apache.commons.math.analysis.solvers.BaseSecantSolver:doSolve:()D#160#72 prob_bp = 0.49999999999999994000
org.apache.commons.math.analysis.solvers.BaseSecantSolver:doSolve:()D#160#78 prob_bp = 0.49999999999999994000
org.apache.commons.math.analysis.solvers.BaseSecantSolver:doSolve:()D#171#110 prob_bp = 0.49999999999999994000
org.apache.commons.math.analysis.solvers.BaseSecantSolver:doSolve:()D#199#248 prob_bp = 0.49999999999999994000
org.apache.commons.math.analysis.solvers.BaseSecantSolver:doSolve:()D#199#250 prob_bp = 0.49999999999999994000
org.apache.commons.math.analysis.solvers.BaseSecantSolver:doSolve:()D#235#358 prob_bp = 0.49999999999999994000
org.apache.commons.math.util.FastMath:abs:(D)D#3410#14 prob_bp = 0.49999999999999994000
org.apache.commons.math.analysis.solvers.BaseSecantSolver:doSolve:()D#188#215 prob_bp = 0.49999999999999994000
org.apache.commons.math.analysis.solvers.BaseSecantSolver$Method:<clinit>:()V#262#10 prob_bp = 0.50000000000000000000
org.apache.commons.math.analysis.solvers.RegulaFalsiSolver:<init>:()V#43#0 prob_bp = 0.50000000000000000000
org.apache.commons.math.analysis.solvers.RegulaFalsiSolver:<init>:()V#43#1 prob_bp = 0.50000000000000000000
org.apache.commons.math.analysis.solvers.BaseSecantSolver:<init>:(DLorg/apache/commons/math/analysis/solvers/BaseSecantSolver$Method;)V#68#0 prob_bp = 0.50000000000000000000
org.apache.commons.math.analysis.solvers.BaseSecantSolver:<init>:(DLorg/apache/commons/math/analysis/solvers/BaseSecantSolver$Method;)V#68#1 prob_bp = 0.50000000000000000000
org.apache.commons.math.analysis.solvers.BaseSecantSolver:<init>:(DLorg/apache/commons/math/analysis/solvers/BaseSecantSolver$Method;)V#68#2 prob_bp = 0.50000000000000000000
org.apache.commons.math.analysis.solvers.AbstractUnivariateRealSolver:<init>:(D)V#37#1 prob_bp = 0.50000000000000000000
org.apache.commons.math.analysis.solvers.BaseAbstractUnivariateRealSolver:<init>:(D)V#65#1 prob_bp = 0.50000000000000000000
org.apache.commons.math.analysis.solvers.BaseAbstractUnivariateRealSolver:<init>:(DDD)V#49#5 prob_bp = 0.50000000000000000000
org.apache.commons.math.analysis.solvers.BaseAbstractUnivariateRealSolver:<init>:(DDD)V#94#20 prob_bp = 0.50000000000000000000
org.apache.commons.math.analysis.solvers.BaseAbstractUnivariateRealSolver:<init>:(DDD)V#94#22 prob_bp = 0.50000000000000000000
org.apache.commons.math.analysis.solvers.BaseSecantSolver:<init>:(DLorg/apache/commons/math/analysis/solvers/BaseSecantSolver$Method;)V#70#12 prob_bp = 0.50000000000000000000
org.apache.commons.math.analysis.solvers.BaseSecantSolver:<init>:(DLorg/apache/commons/math/analysis/solvers/BaseSecantSolver$Method;)V#70#13 prob_bp = 0.50000000000000000000
org.apache.commons.math.analysis.solvers.BaseSecantSolver:solve:(ILorg/apache/commons/math/analysis/UnivariateRealFunction;DDD)D#124#1 prob_bp = 0.50000000000000000000
org.apache.commons.math.analysis.solvers.BaseSecantSolver:solve:(ILorg/apache/commons/math/analysis/UnivariateRealFunction;DDD)D#124#3 prob_bp = 0.50000000000000000000
org.apache.commons.math.analysis.solvers.BaseSecantSolver:solve:(ILorg/apache/commons/math/analysis/UnivariateRealFunction;DDD)D#124#4 prob_bp = 0.50000000000000000000
org.apache.commons.math.analysis.solvers.BaseSecantSolver:solve:(ILorg/apache/commons/math/analysis/UnivariateRealFunction;DDDLorg/apache/commons/math/analysis/solvers/AllowedSolution;)D#117#7 prob_bp = 0.50000000000000000000
org.apache.commons.math.analysis.solvers.BaseSecantSolver:solve:(ILorg/apache/commons/math/analysis/UnivariateRealFunction;DDDLorg/apache/commons/math/analysis/solvers/AllowedSolution;)D#117#9 prob_bp = 0.50000000000000000000
org.apache.commons.math.analysis.solvers.BaseSecantSolver:solve:(ILorg/apache/commons/math/analysis/UnivariateRealFunction;DDDLorg/apache/commons/math/analysis/solvers/AllowedSolution;)D#117#10 prob_bp = 0.50000000000000000000
org.apache.commons.math.analysis.solvers.BaseAbstractUnivariateRealSolver:solve:(ILorg/apache/commons/math/analysis/UnivariateRealFunction;DDD)D#187#1 prob_bp = 0.50000000000000000000
org.apache.commons.math.analysis.solvers.BaseAbstractUnivariateRealSolver:solve:(ILorg/apache/commons/math/analysis/UnivariateRealFunction;DDD)D#187#3 prob_bp = 0.50000000000000000000
org.apache.commons.math.analysis.solvers.BaseAbstractUnivariateRealSolver:solve:(ILorg/apache/commons/math/analysis/UnivariateRealFunction;DDD)D#187#4 prob_bp = 0.50000000000000000000
org.apache.commons.math.analysis.solvers.BaseAbstractUnivariateRealSolver:setup:(ILorg/apache/commons/math/analysis/UnivariateRealFunction;DDD)V#176#4 prob_bp = 0.50000000000000000000
org.apache.commons.math.analysis.solvers.BaseAbstractUnivariateRealSolver:setup:(ILorg/apache/commons/math/analysis/UnivariateRealFunction;DDD)V#176#5 prob_bp = 0.50000000000000000000
org.apache.commons.math.analysis.solvers.BaseAbstractUnivariateRealSolver:setup:(ILorg/apache/commons/math/analysis/UnivariateRealFunction;DDD)V#177#9 prob_bp = 0.50000000000000000000
org.apache.commons.math.analysis.solvers.BaseAbstractUnivariateRealSolver:setup:(ILorg/apache/commons/math/analysis/UnivariateRealFunction;DDD)V#177#10 prob_bp = 0.50000000000000000000
org.apache.commons.math.analysis.solvers.BaseAbstractUnivariateRealSolver:setup:(ILorg/apache/commons/math/analysis/UnivariateRealFunction;DDD)V#179#21 prob_bp = 0.50000000000000000000
org.apache.commons.math.analysis.solvers.BaseAbstractUnivariateRealSolver:setup:(ILorg/apache/commons/math/analysis/UnivariateRealFunction;DDD)V#179#22 prob_bp = 0.50000000000000000000
org.apache.commons.math.analysis.solvers.BaseAbstractUnivariateRealSolver:setup:(ILorg/apache/commons/math/analysis/UnivariateRealFunction;DDD)V#180#26 prob_bp = 0.50000000000000000000
org.apache.commons.math.analysis.solvers.BaseAbstractUnivariateRealSolver:setup:(ILorg/apache/commons/math/analysis/UnivariateRealFunction;DDD)V#180#31 prob_bp = 0.50000000000000000000
org.apache.commons.math.util.Incrementor:setMaximalCount:(I)V#44#1 prob_bp = 0.50000000000000000000
org.apache.commons.math.analysis.solvers.BaseSecantSolver:doSolve:()D#130#0 prob_bp = 0.50000000000000000000
org.apache.commons.math.analysis.solvers.BaseSecantSolver:doSolve:()D#130#1 prob_bp = 0.50000000000000000000
org.apache.commons.math.analysis.solvers.BaseAbstractUnivariateRealSolver:getMin:()D#110#0 prob_bp = 0.50000000000000000000
org.apache.commons.math.analysis.solvers.BaseAbstractUnivariateRealSolver:getMin:()D#110#1 prob_bp = 0.50000000000000000000
org.apache.commons.math.analysis.solvers.BaseAbstractUnivariateRealSolver:getMin:()D#110#4 prob_bp = 0.50000000000000000000
org.apache.commons.math.analysis.solvers.BaseSecantSolver:doSolve:()D#130#4 prob_bp = 0.50000000000000000000
org.apache.commons.math.analysis.solvers.BaseSecantSolver:doSolve:()D#131#5 prob_bp = 0.50000000000000000000
org.apache.commons.math.analysis.solvers.BaseSecantSolver:doSolve:()D#131#6 prob_bp = 0.50000000000000000000
org.apache.commons.math.analysis.solvers.BaseAbstractUnivariateRealSolver:getMax:()D#116#0 prob_bp = 0.50000000000000000000
org.apache.commons.math.analysis.solvers.BaseAbstractUnivariateRealSolver:getMax:()D#116#1 prob_bp = 0.50000000000000000000
org.apache.commons.math.analysis.solvers.BaseAbstractUnivariateRealSolver:getMax:()D#116#4 prob_bp = 0.50000000000000000000
org.apache.commons.math.analysis.solvers.BaseSecantSolver:doSolve:()D#131#9 prob_bp = 0.50000000000000000000
org.apache.commons.math.analysis.solvers.BaseSecantSolver:doSolve:()D#132#10 prob_bp = 0.50000000000000000000
org.apache.commons.math.analysis.solvers.BaseSecantSolver:doSolve:()D#132#11 prob_bp = 0.50000000000000000000
org.apache.commons.math.analysis.solvers.BaseSecantSolver:doSolve:()D#132#12 prob_bp = 0.50000000000000000000
org.apache.commons.math.util.Incrementor:incrementCount:()V#84#0 prob_bp = 0.50000000000000000000
org.apache.commons.math.util.Incrementor:incrementCount:()V#84#1 prob_bp = 0.50000000000000000000
org.apache.commons.math.util.Incrementor:incrementCount:()V#84#2 prob_bp = 0.50000000000000000000
org.apache.commons.math.analysis.solvers.BaseAbstractUnivariateRealSolver:computeObjectiveValue:(D)D#154#5 prob_bp = 0.50000000000000000000
org.apache.commons.math.analysis.solvers.BaseSecantSolver:doSolve:()D#132#15 prob_bp = 0.50000000000000000000
org.apache.commons.math.analysis.solvers.BaseSecantSolver:doSolve:()D#133#17 prob_bp = 0.50000000000000000000
org.apache.commons.math.analysis.solvers.BaseSecantSolver:doSolve:()D#133#18 prob_bp = 0.50000000000000000000
org.apache.commons.math.analysis.solvers.BaseSecantSolver:doSolve:()D#133#19 prob_bp = 0.50000000000000000000
org.apache.commons.math.analysis.solvers.BaseSecantSolver:doSolve:()D#133#22 prob_bp = 0.50000000000000000000
org.apache.commons.math.analysis.solvers.BaseSecantSolver:doSolve:()D#138#24 prob_bp = 0.50000000000000000000
org.apache.commons.math.analysis.solvers.BaseSecantSolver:doSolve:()D#138#26 prob_bp = 0.50000000000000000000
org.apache.commons.math.analysis.solvers.BaseSecantSolver:doSolve:()D#138#27 prob_bp = 0.50000000000000000000
org.apache.commons.math.analysis.solvers.BaseSecantSolver:doSolve:()D#138#28 prob_bp = 0.50000000000000000000
org.apache.commons.math.analysis.solvers.BaseSecantSolver:doSolve:()D#141#33 prob_bp = 0.50000000000000000000
org.apache.commons.math.analysis.solvers.BaseSecantSolver:doSolve:()D#141#35 prob_bp = 0.50000000000000000000
org.apache.commons.math.analysis.solvers.BaseSecantSolver:doSolve:()D#141#36 prob_bp = 0.50000000000000000000
org.apache.commons.math.analysis.solvers.BaseSecantSolver:doSolve:()D#141#37 prob_bp = 0.50000000000000000000
org.apache.commons.math.analysis.solvers.BaseSecantSolver:doSolve:()D#146#42 prob_bp = 0.50000000000000000000
org.apache.commons.math.analysis.solvers.BaseSecantSolver:doSolve:()D#146#43 prob_bp = 0.50000000000000000000
org.apache.commons.math.analysis.solvers.BaseSecantSolver:doSolve:()D#146#44 prob_bp = 0.50000000000000000000
org.apache.commons.math.analysis.solvers.BaseSecantSolver:doSolve:()D#146#45 prob_bp = 0.50000000000000000000
org.apache.commons.math.analysis.solvers.BaseAbstractUnivariateRealSolver:verifyBracketing:(DD)V#282#0 prob_bp = 0.50000000000000000000
org.apache.commons.math.analysis.solvers.BaseAbstractUnivariateRealSolver:verifyBracketing:(DD)V#282#4 prob_bp = 0.50000000000000000000
org.apache.commons.math.analysis.solvers.BaseAbstractUnivariateRealSolver:verifyBracketing:(DD)V#282#5 prob_bp = 0.50000000000000000000
org.apache.commons.math.analysis.solvers.UnivariateRealSolverUtils:verifyBracketing:(Lorg/apache/commons/math/analysis/UnivariateRealFunction;DD)V#371#0 prob_bp = 0.50000000000000000000
org.apache.commons.math.analysis.solvers.UnivariateRealSolverUtils:verifyBracketing:(Lorg/apache/commons/math/analysis/UnivariateRealFunction;DD)V#371#1 prob_bp = 0.50000000000000000000
org.apache.commons.math.analysis.solvers.UnivariateRealSolverUtils:verifyBracketing:(Lorg/apache/commons/math/analysis/UnivariateRealFunction;DD)V#374#19 prob_bp = 0.50000000000000000000
org.apache.commons.math.analysis.solvers.UnivariateRealSolverUtils:verifyBracketing:(Lorg/apache/commons/math/analysis/UnivariateRealFunction;DD)V#374#20 prob_bp = 0.50000000000000000000
org.apache.commons.math.analysis.solvers.UnivariateRealSolverUtils:verifyBracketing:(Lorg/apache/commons/math/analysis/UnivariateRealFunction;DD)V#374#21 prob_bp = 0.50000000000000000000
org.apache.commons.math.analysis.solvers.UnivariateRealSolverUtils:verifyInterval:(DD)V#336#0 prob_bp = 0.50000000000000000000
org.apache.commons.math.analysis.solvers.UnivariateRealSolverUtils:verifyInterval:(DD)V#336#1 prob_bp = 0.50000000000000000000
org.apache.commons.math.analysis.solvers.UnivariateRealSolverUtils:verifyInterval:(DD)V#336#2 prob_bp = 0.50000000000000000000
org.apache.commons.math.analysis.solvers.UnivariateRealSolverUtils:verifyInterval:(DD)V#336#3 prob_bp = 0.50000000000000000000
org.apache.commons.math.analysis.solvers.UnivariateRealSolverUtils:verifyBracketing:(Lorg/apache/commons/math/analysis/UnivariateRealFunction;DD)V#375#24 prob_bp = 0.50000000000000000000
org.apache.commons.math.analysis.solvers.UnivariateRealSolverUtils:verifyBracketing:(Lorg/apache/commons/math/analysis/UnivariateRealFunction;DD)V#375#25 prob_bp = 0.50000000000000000000
org.apache.commons.math.analysis.solvers.UnivariateRealSolverUtils:verifyBracketing:(Lorg/apache/commons/math/analysis/UnivariateRealFunction;DD)V#375#26 prob_bp = 0.50000000000000000000
org.apache.commons.math.analysis.solvers.UnivariateRealSolverUtils:verifyBracketing:(Lorg/apache/commons/math/analysis/UnivariateRealFunction;DD)V#375#27 prob_bp = 0.50000000000000000000
org.apache.commons.math.analysis.solvers.UnivariateRealSolverUtils:isBracketing:(Lorg/apache/commons/math/analysis/UnivariateRealFunction;DD)Z#305#0 prob_bp = 0.50000000000000000000
org.apache.commons.math.analysis.solvers.UnivariateRealSolverUtils:isBracketing:(Lorg/apache/commons/math/analysis/UnivariateRealFunction;DD)Z#305#1 prob_bp = 0.50000000000000000000
org.apache.commons.math.analysis.solvers.UnivariateRealSolverUtils:isBracketing:(Lorg/apache/commons/math/analysis/UnivariateRealFunction;DD)Z#308#19 prob_bp = 0.50000000000000000000
org.apache.commons.math.analysis.solvers.UnivariateRealSolverUtils:isBracketing:(Lorg/apache/commons/math/analysis/UnivariateRealFunction;DD)Z#308#20 prob_bp = 0.50000000000000000000
org.apache.commons.math.analysis.solvers.UnivariateRealSolverUtils:isBracketing:(Lorg/apache/commons/math/analysis/UnivariateRealFunction;DD)Z#308#21 prob_bp = 0.50000000000000000000
org.apache.commons.math.analysis.solvers.UnivariateRealSolverUtils:isBracketing:(Lorg/apache/commons/math/analysis/UnivariateRealFunction;DD)Z#308#26 prob_bp = 0.50000000000000000000
org.apache.commons.math.analysis.solvers.UnivariateRealSolverUtils:isBracketing:(Lorg/apache/commons/math/analysis/UnivariateRealFunction;DD)Z#309#28 prob_bp = 0.50000000000000000000
org.apache.commons.math.analysis.solvers.UnivariateRealSolverUtils:isBracketing:(Lorg/apache/commons/math/analysis/UnivariateRealFunction;DD)Z#309#29 prob_bp = 0.50000000000000000000
org.apache.commons.math.analysis.solvers.UnivariateRealSolverUtils:isBracketing:(Lorg/apache/commons/math/analysis/UnivariateRealFunction;DD)Z#309#30 prob_bp = 0.50000000000000000000
org.apache.commons.math.analysis.solvers.UnivariateRealSolverUtils:isBracketing:(Lorg/apache/commons/math/analysis/UnivariateRealFunction;DD)Z#309#35 prob_bp = 0.50000000000000000000
org.apache.commons.math.analysis.solvers.UnivariateRealSolverUtils:isBracketing:(Lorg/apache/commons/math/analysis/UnivariateRealFunction;DD)Z#310#37 prob_bp = 0.50000000000000000000
org.apache.commons.math.analysis.solvers.UnivariateRealSolverUtils:isBracketing:(Lorg/apache/commons/math/analysis/UnivariateRealFunction;DD)Z#310#39 prob_bp = 0.50000000000000000000
org.apache.commons.math.analysis.solvers.UnivariateRealSolverUtils:isBracketing:(Lorg/apache/commons/math/analysis/UnivariateRealFunction;DD)Z#310#40 prob_bp = 0.50000000000000000000
org.apache.commons.math.analysis.solvers.UnivariateRealSolverUtils:isBracketing:(Lorg/apache/commons/math/analysis/UnivariateRealFunction;DD)Z#310#41 prob_bp = 0.50000000000000000000
org.apache.commons.math.analysis.solvers.UnivariateRealSolverUtils:isBracketing:(Lorg/apache/commons/math/analysis/UnivariateRealFunction;DD)Z#310#51 prob_bp = 0.50000000000000000000
org.apache.commons.math.analysis.solvers.UnivariateRealSolverUtils:isBracketing:(Lorg/apache/commons/math/analysis/UnivariateRealFunction;DD)Z#310#53 prob_bp = 0.50000000000000000000
org.apache.commons.math.analysis.solvers.UnivariateRealSolverUtils:isBracketing:(Lorg/apache/commons/math/analysis/UnivariateRealFunction;DD)Z#310#54 prob_bp = 0.50000000000000000000
org.apache.commons.math.analysis.solvers.UnivariateRealSolverUtils:isBracketing:(Lorg/apache/commons/math/analysis/UnivariateRealFunction;DD)Z#310#58 prob_bp = 0.50000000000000000000
org.apache.commons.math.analysis.solvers.UnivariateRealSolverUtils:isBracketing:(Lorg/apache/commons/math/analysis/UnivariateRealFunction;DD)Z#310#60 prob_bp = 0.50000000000000000000
org.apache.commons.math.analysis.solvers.UnivariateRealSolverUtils:isBracketing:(Lorg/apache/commons/math/analysis/UnivariateRealFunction;DD)Z#310#61 prob_bp = 0.50000000000000000000
org.apache.commons.math.analysis.solvers.BaseSecantSolver:doSolve:()D#149#49 prob_bp = 0.50000000000000000000
org.apache.commons.math.analysis.solvers.BaseSecantSolver:doSolve:()D#150#54 prob_bp = 0.50000000000000000000
org.apache.commons.math.analysis.solvers.BaseSecantSolver:doSolve:()D#150#55 prob_bp = 0.50000000000000000000
org.apache.commons.math.analysis.solvers.BaseAbstractUnivariateRealSolver:getAbsoluteAccuracy:()D#128#0 prob_bp = 0.50000000000000000000
org.apache.commons.math.analysis.solvers.BaseSecantSolver:doSolve:()D#151#61 prob_bp = 0.50000000000000000000
org.apache.commons.math.analysis.solvers.BaseAbstractUnivariateRealSolver:getRelativeAccuracy:()D#134#0 prob_bp = 0.50000000000000000000
org.apache.commons.math.analysis.solvers.BaseAbstractUnivariateRealSolver:getRelativeAccuracy:()D#134#1 prob_bp = 0.50000000000000000000
org.apache.commons.math.analysis.solvers.BaseAbstractUnivariateRealSolver:getRelativeAccuracy:()D#134#4 prob_bp = 0.50000000000000000000
org.apache.commons.math.analysis.solvers.BaseSecantSolver:doSolve:()D#160#70 prob_bp = 0.50000000000000000000
org.apache.commons.math.analysis.solvers.BaseSecantSolver:doSolve:()D#160#74 prob_bp = 0.50000000000000000000
org.apache.commons.math.analysis.solvers.BaseSecantSolver:doSolve:()D#160#76 prob_bp = 0.50000000000000000000
org.apache.commons.math.analysis.solvers.BaseSecantSolver:doSolve:()D#160#83 prob_bp = 0.50000000000000000000
org.apache.commons.math.analysis.solvers.BaseSecantSolver:doSolve:()D#161#91 prob_bp = 0.50000000000000000000
org.apache.commons.math.analysis.solvers.BaseSecantSolver:doSolve:()D#166#93 prob_bp = 0.50000000000000000000
org.apache.commons.math.analysis.solvers.BaseSecantSolver:doSolve:()D#166#95 prob_bp = 0.50000000000000000000
org.apache.commons.math.analysis.solvers.BaseSecantSolver:doSolve:()D#166#97 prob_bp = 0.50000000000000000000
org.apache.commons.math.analysis.solvers.BaseSecantSolver:doSolve:()D#171#103 prob_bp = 0.50000000000000000000
org.apache.commons.math.analysis.solvers.BaseSecantSolver:doSolve:()D#171#107 prob_bp = 0.50000000000000000000
org.apache.commons.math.analysis.solvers.BaseSecantSolver:doSolve:()D#174#113 prob_bp = 0.50000000000000000000
org.apache.commons.math.analysis.solvers.BaseSecantSolver:doSolve:()D#174#114 prob_bp = 0.50000000000000000000
org.apache.commons.math.analysis.solvers.BaseSecantSolver:doSolve:()D#175#115 prob_bp = 0.50000000000000000000
org.apache.commons.math.analysis.solvers.BaseSecantSolver:doSolve:()D#175#117 prob_bp = 0.50000000000000000000
org.apache.commons.math.util.FastMath:abs:(D)D#3410#11 prob_bp = 0.50000000000000000000
org.apache.commons.math.util.FastMath:abs:(D)D#3410#12 prob_bp = 0.50000000000000000000
org.apache.commons.math.util.FastMath:abs:(D)D#3410#13 prob_bp = 0.50000000000000000000
org.apache.commons.math.analysis.solvers.BaseSecantSolver:doSolve:()D#178#137 prob_bp = 0.50000000000000000000
org.apache.commons.math.analysis.solvers.BaseSecantSolver:doSolve:()D#178#144 prob_bp = 0.50000000000000000000
org.apache.commons.math.analysis.solvers.BaseSecantSolver:doSolve:()D#178#145 prob_bp = 0.50000000000000000000
org.apache.commons.math.analysis.solvers.BaseSecantSolver:doSolve:()D#187#199 prob_bp = 0.50000000000000000000
org.apache.commons.math.analysis.solvers.BaseSecantSolver:doSolve:()D#187#201 prob_bp = 0.50000000000000000000
org.apache.commons.math.analysis.solvers.BaseSecantSolver:doSolve:()D#187#202 prob_bp = 0.50000000000000000000
org.apache.commons.math.analysis.solvers.BaseSecantSolver:doSolve:()D#187#203 prob_bp = 0.50000000000000000000
org.apache.commons.math.analysis.solvers.BaseSecantSolver:doSolve:()D#187#203#unexe#1 prob_bp = 0.50000000000000000000
org.apache.commons.math.analysis.solvers.BaseSecantSolver:doSolve:()D#187#203#unexe#5 prob_bp = 0.50000000000000000000
org.apache.commons.math.analysis.solvers.BaseSecantSolver:doSolve:()D#188#206 prob_bp = 0.50000000000000000000
org.apache.commons.math.analysis.solvers.BaseSecantSolver:doSolve:()D#188#209 prob_bp = 0.50000000000000000000
org.apache.commons.math.analysis.solvers.BaseSecantSolver:doSolve:()D#188#211 prob_bp = 0.50000000000000000000
org.apache.commons.math.analysis.solvers.BaseSecantSolver:doSolve:()D#188#212 prob_bp = 0.50000000000000000000
org.apache.commons.math.analysis.solvers.BaseSecantSolver:doSolve:()D#188#218 prob_bp = 0.50000000000000000000
org.apache.commons.math.analysis.solvers.BaseSecantSolver:doSolve:()D#188#219 prob_bp = 0.50000000000000000000
org.apache.commons.math.analysis.solvers.BaseSecantSolver:doSolve:()D#188#221 prob_bp = 0.50000000000000000000
org.apache.commons.math.analysis.solvers.BaseSecantSolver:doSolve:()D#188#224 prob_bp = 0.50000000000000000000
org.apache.commons.math.analysis.solvers.BaseSecantSolver:doSolve:()D#189#227 prob_bp = 0.50000000000000000000
org.apache.commons.math.analysis.solvers.BaseSecantSolver:doSolve:()D#189#228 prob_bp = 0.50000000000000000000
org.apache.commons.math.analysis.solvers.BaseSecantSolver:doSolve:()D#189#229 prob_bp = 0.50000000000000000000
org.apache.commons.math.analysis.solvers.BaseSecantSolver:doSolve:()D#189#232 prob_bp = 0.50000000000000000000
org.apache.commons.math.analysis.solvers.BaseSecantSolver$1:<clinit>:()V#178#90 prob_bp = 0.50000000000000010000
org.apache.commons.math.analysis.solvers.RegulaFalsiSolver:<init>:()V#43#7 prob_bp = 0.50000000000000010000
org.apache.commons.math.analysis.solvers.BaseAbstractUnivariateRealSolver:<init>:(D)V#65#4 prob_bp = 0.50000000000000010000
org.apache.commons.math.analysis.solvers.BaseAbstractUnivariateRealSolver:<init>:(DDD)V#49#4 prob_bp = 0.50000000000000010000
org.apache.commons.math.analysis.solvers.BaseAbstractUnivariateRealSolver:<init>:(DDD)V#49#12 prob_bp = 0.50000000000000010000
org.apache.commons.math.analysis.solvers.BaseAbstractUnivariateRealSolver:<init>:(DDD)V#94#21 prob_bp = 0.50000000000000010000
org.apache.commons.math.analysis.solvers.BaseAbstractUnivariateRealSolver:setup:(ILorg/apache/commons/math/analysis/UnivariateRealFunction;DDD)V#179#23 prob_bp = 0.50000000000000010000
org.apache.commons.math.analysis.solvers.BaseAbstractUnivariateRealSolver:computeObjectiveValue:(D)D#153#0 prob_bp = 0.50000000000000010000
org.apache.commons.math.analysis.solvers.BaseAbstractUnivariateRealSolver:computeObjectiveValue:(D)D#153#1 prob_bp = 0.50000000000000010000
org.apache.commons.math.analysis.solvers.BaseAbstractUnivariateRealSolver:incrementEvaluationCount:()V#294#0 prob_bp = 0.50000000000000010000
org.apache.commons.math.analysis.solvers.BaseAbstractUnivariateRealSolver:incrementEvaluationCount:()V#294#1 prob_bp = 0.50000000000000010000
org.apache.commons.math.util.Incrementor:incrementCount:()V#84#8 prob_bp = 0.50000000000000010000
org.apache.commons.math.analysis.solvers.BaseAbstractUnivariateRealSolver:computeObjectiveValue:(D)D#154#14 prob_bp = 0.50000000000000010000
org.apache.commons.math.analysis.solvers.BaseAbstractUnivariateRealSolver:verifyBracketing:(DD)V#282#1 prob_bp = 0.50000000000000010000
org.apache.commons.math.analysis.solvers.BaseSecantSolver:doSolve:()D#149#48 prob_bp = 0.50000000000000010000
org.apache.commons.math.analysis.solvers.BaseSecantSolver:doSolve:()D#151#60 prob_bp = 0.50000000000000010000
org.apache.commons.math.analysis.solvers.BaseSecantSolver:doSolve:()D#160#73 prob_bp = 0.50000000000000010000
org.apache.commons.math.analysis.solvers.BaseSecantSolver:doSolve:()D#160#80 prob_bp = 0.50000000000000010000
org.apache.commons.math.analysis.solvers.BaseSecantSolver:doSolve:()D#160#82 prob_bp = 0.50000000000000010000
org.apache.commons.math.analysis.solvers.BaseSecantSolver:doSolve:()D#161#85 prob_bp = 0.50000000000000010000
org.apache.commons.math.analysis.solvers.BaseSecantSolver:doSolve:()D#161#88 prob_bp = 0.50000000000000010000
org.apache.commons.math.analysis.solvers.BaseSecantSolver:doSolve:()D#166#96 prob_bp = 0.50000000000000010000
org.apache.commons.math.analysis.solvers.BaseSecantSolver:doSolve:()D#178#134 prob_bp = 0.50000000000000010000
org.apache.commons.math.analysis.solvers.BaseSecantSolver:doSolve:()D#188#210 prob_bp = 0.50000000000000010000
org.apache.commons.math.analysis.solvers.BaseSecantSolver:doSolve:()D#188#214 prob_bp = 0.50000000000000010000
org.apache.commons.math.analysis.solvers.BaseSecantSolver:doSolve:()D#188#225 prob_bp = 0.50000000000000010000
org.apache.commons.math.analysis.solvers.BaseAbstractUnivariateRealSolver:<init>:(DDD)V#93#16 prob_bp = 0.50000000000000020000
org.apache.commons.math.analysis.solvers.BaseAbstractUnivariateRealSolver:solve:(ILorg/apache/commons/math/analysis/UnivariateRealFunction;DD)D#195#1 prob_bp = 0.50000000000000020000
org.apache.commons.math.analysis.solvers.BaseAbstractUnivariateRealSolver:solve:(ILorg/apache/commons/math/analysis/UnivariateRealFunction;DD)D#195#3 prob_bp = 0.50000000000000020000
org.apache.commons.math.analysis.solvers.BaseAbstractUnivariateRealSolver:solve:(ILorg/apache/commons/math/analysis/UnivariateRealFunction;DD)D#195#4 prob_bp = 0.50000000000000020000
org.apache.commons.math.analysis.solvers.BaseAbstractUnivariateRealSolver:setup:(ILorg/apache/commons/math/analysis/UnivariateRealFunction;DDD)V#180#27 prob_bp = 0.50000000000000020000
org.apache.commons.math.analysis.solvers.BaseAbstractUnivariateRealSolver:computeObjectiveValue:(D)D#154#8 prob_bp = 0.50000000000000020000
org.apache.commons.math.analysis.solvers.BaseSecantSolver:doSolve:()D#160#75 prob_bp = 0.50000000000000020000
org.apache.commons.math.analysis.solvers.BaseSecantSolver:doSolve:()D#160#81 prob_bp = 0.50000000000000020000
org.apache.commons.math.analysis.solvers.BaseSecantSolver:doSolve:()D#161#86 prob_bp = 0.50000000000000020000
org.apache.commons.math.analysis.solvers.BaseSecantSolver:doSolve:()D#171#109 prob_bp = 0.50000000000000020000
org.apache.commons.math.analysis.solvers.BaseAbstractUnivariateRealSolver:incrementEvaluationCount:()V#294#4 prob_bp = 0.50000000000000030000
org.apache.commons.math.analysis.solvers.BaseSecantSolver:doSolve:()D#171#105 prob_bp = 0.50000000000000030000
org.apache.commons.math.analysis.solvers.BaseSecantSolver:doSolve:()D#171#108 prob_bp = 0.50000000000000030000
org.apache.commons.math.analysis.solvers.BaseSecantSolver:doSolve:()D#178#141 prob_bp = 0.50000000000000040000
org.apache.commons.math.analysis.solvers.BaseAbstractUnivariateRealSolver:computeObjectiveValue:(D)D#154#4 prob_bp = 0.50000000000000080000
org.apache.commons.math.analysis.solvers.BaseAbstractUnivariateRealSolver:solve:(ILorg/apache/commons/math/analysis/UnivariateRealFunction;DDD)D#187#0 prob_bp = 0.50000000000018200000
org.apache.commons.math.analysis.solvers.BaseAbstractUnivariateRealSolver:setup:(ILorg/apache/commons/math/analysis/UnivariateRealFunction;DDD)V#181#34 prob_bp = 0.50000000000229390000
org.apache.commons.math.analysis.solvers.BaseAbstractUnivariateRealSolver:setup:(ILorg/apache/commons/math/analysis/UnivariateRealFunction;DDD)V#181#35 prob_bp = 0.50000000000910600000
org.apache.commons.math.analysis.solvers.BaseAbstractUnivariateRealSolver:setup:(ILorg/apache/commons/math/analysis/UnivariateRealFunction;DDD)V#181#38 prob_bp = 0.50000000003653360000
org.apache.commons.math.util.Incrementor:resetCount:()V#93#0 prob_bp = 0.50000000014696660000
org.apache.commons.math.util.Incrementor:resetCount:()V#93#1 prob_bp = 0.50000000056870850000
org.apache.commons.math.util.Incrementor:resetCount:()V#93#2 prob_bp = 0.50000000059160670000
org.apache.commons.math.analysis.solvers.BaseAbstractUnivariateRealSolver:solve:(ILorg/apache/commons/math/analysis/UnivariateRealFunction;DD)D#195#2 prob_bp = 0.50000489778381670000
org.apache.commons.math.analysis.solvers.BaseAbstractUnivariateRealSolver:solve:(ILorg/apache/commons/math/analysis/UnivariateRealFunction;DDD)D#187#2 prob_bp = 0.50001084876513000000
org.apache.commons.math.analysis.solvers.BaseAbstractUnivariateRealSolver:solve:(ILorg/apache/commons/math/analysis/UnivariateRealFunction;DDD)D#187#8 prob_bp = 0.50002537338600620000
org.apache.commons.math.analysis.solvers.BaseAbstractUnivariateRealSolver:setup:(ILorg/apache/commons/math/analysis/UnivariateRealFunction;DDD)V#173#0 prob_bp = 0.50007193775663420000
org.apache.commons.math.analysis.solvers.BaseAbstractUnivariateRealSolver:setup:(ILorg/apache/commons/math/analysis/UnivariateRealFunction;DDD)V#173#1 prob_bp = 0.50022119560112740000
org.apache.commons.math.util.MathUtils:checkNotNull:(Ljava/lang/Object;)V#2334#0 prob_bp = 0.50069939404141420000
org.apache.commons.math.analysis.solvers.BaseAbstractUnivariateRealSolver:solve:(ILorg/apache/commons/math/analysis/UnivariateRealFunction;DD)D#195#0 prob_bp = 0.50113819001798180000
org.apache.commons.math.util.MathUtils:checkNotNull:(Ljava/lang/Object;)V#2334#1 prob_bp = 0.50222906348619820000
org.apache.commons.math.analysis.solvers.BaseAbstractUnivariateRealSolver:solve:(ILorg/apache/commons/math/analysis/UnivariateRealFunction;DD)D#195#16 prob_bp = 0.50266844283015910000
org.apache.commons.math.analysis.solvers.BaseAbstractUnivariateRealSolver:solve:(ILorg/apache/commons/math/analysis/UnivariateRealFunction;DDD)D#190#11 prob_bp = 0.50751210198752000000
org.apache.commons.math.analysis.solvers.BaseAbstractUnivariateRealSolver:solve:(ILorg/apache/commons/math/analysis/UnivariateRealFunction;DDD)D#190#12 prob_bp = 0.52036512246439240000
org.apache.commons.math.analysis.solvers.BaseAbstractUnivariateRealSolver:solve:(ILorg/apache/commons/math/analysis/UnivariateRealFunction;DDD)D#190#15 prob_bp = 0.55327557871285250000
org.apache.commons.math.analysis.solvers.BaseAbstractUnivariateRealSolver:solve:(ILorg/apache/commons/math/analysis/UnivariateRealFunction;DD)D#195#19 prob_bp = 0.63133084705987890000
org.apache.commons.math.analysis.solvers.AbstractUnivariateRealSolver:<init>:(D)V#37#0 prob_bp = 0.85478115543855830000
org.apache.commons.math.analysis.solvers.AbstractUnivariateRealSolver:<init>:(D)V#37#2 prob_bp = 0.86194845150802410000
org.apache.commons.math.analysis.solvers.BaseAbstractUnivariateRealSolver:<init>:(D)V#65#0 prob_bp = 0.87642783750694510000
org.apache.commons.math.analysis.solvers.BaseAbstractUnivariateRealSolver:<init>:(DDD)V#95#25 prob_bp = 0.93690911194197270000
org.apache.commons.math.analysis.solvers.BaseAbstractUnivariateRealSolver:<init>:(D)V#65#5 prob_bp = 0.95747958229417900000
org.apache.commons.math.analysis.solvers.BaseAbstractUnivariateRealSolver:<init>:(DDD)V#95#26 prob_bp = 0.97774019669411220000
org.apache.commons.math.analysis.solvers.BaseAbstractUnivariateRealSolver:<init>:(D)V#65#8 prob_bp = 0.98983256710309290000
org.apache.commons.math.analysis.solvers.BaseAbstractUnivariateRealSolver:<init>:(DDD)V#95#28 prob_bp = 0.99009900990099010000
org.apache.commons.math.analysis.solvers.RegulaFalsiSolverTest:testIssue631:()V#46#0 prob_bp = 1.00000000000000000000
org.apache.commons.math.analysis.solvers.RegulaFalsiSolverTest:testIssue631:()V#46#8 prob_bp = 1.00000000000000000000
org.apache.commons.math.analysis.solvers.RegulaFalsiSolverTest:testIssue631:()V#53#9 prob_bp = 1.00000000000000000000
org.apache.commons.math.analysis.solvers.RegulaFalsiSolverTest:testIssue631:()V#53#12 prob_bp = 1.00000000000000000000
org.apache.commons.math.analysis.solvers.RegulaFalsiSolverTest:testIssue631:()V#53#13 prob_bp = 1.00000000000000000000
org.apache.commons.math.analysis.solvers.RegulaFalsiSolverTest:testIssue631:()V#53#16 prob_bp = 1.00000000000000000000
org.apache.commons.math.analysis.solvers.RegulaFalsiSolverTest:testIssue631:()V#54#17 prob_bp = 1.00000000000000000000
org.apache.commons.math.analysis.solvers.RegulaFalsiSolverTest:testIssue631:()V#54#18 prob_bp = 1.00000000000000000000
org.apache.commons.math.analysis.solvers.RegulaFalsiSolverTest:testIssue631:()V#54#21 prob_bp = 1.00000000000000000000
org.apache.commons.math.analysis.solvers.RegulaFalsiSolverTest:testIssue631:()V#54#22 prob_bp = 1.00000000000000000000
org.apache.commons.math.analysis.solvers.RegulaFalsiSolverTest:testIssue631:()V#54#23 prob_bp = 1.00000000000000000000
org.apache.commons.math.analysis.solvers.RegulaFalsiSolverTest:testIssue631:()V#54#26 prob_bp = 1.00000000000000000000
Belief propagation time : 15.205000s
