Belief propagation time: 89

Probabilities: 
Vars:46025
Stmts:3586
org.apache.commons.math.fraction.Fraction:compareTo:(Lorg/apache/commons/math/fraction/Fraction;)I#261#34 prob_bp = 0.49167825214729066000
org.apache.commons.math.fraction.Fraction:compareTo:(Lorg/apache/commons/math/fraction/Fraction;)I#261#33 prob_bp = 0.49196314629647600000
org.apache.commons.math.fraction.Fraction:compareTo:(Lorg/apache/commons/math/fraction/Fraction;)I#261#26 prob_bp = 0.49901427648878060000
org.apache.commons.math.fraction.Fraction:compareTo:(Lorg/apache/commons/math/fraction/Fraction;)I#261#15 prob_bp = 0.49989581252775660000
org.apache.commons.math.fraction.Fraction:compareTo:(Lorg/apache/commons/math/fraction/Fraction;)I#261#25 prob_bp = 0.49999977641867943000
org.apache.commons.math.fraction.Fraction:compareTo:(Lorg/apache/commons/math/fraction/Fraction;)I#261#22 prob_bp = 0.49999985483783350000
org.apache.commons.math.fraction.Fraction:compareTo:(Lorg/apache/commons/math/fraction/Fraction;)I#261#23 prob_bp = 0.49999985483783416000
org.apache.commons.math.fraction.Fraction:compareTo:(Lorg/apache/commons/math/fraction/Fraction;)I#259#4 prob_bp = 0.49999986809361550000
org.apache.commons.math.fraction.Fraction:compareTo:(Lorg/apache/commons/math/fraction/Fraction;)I#260#9 prob_bp = 0.49999986809361640000
org.apache.commons.math.fraction.Fraction:compareTo:(Lorg/apache/commons/math/fraction/Fraction;)I#261#14 prob_bp = 0.49999998379952340000
org.apache.commons.math.fraction.Fraction:compareTo:(Lorg/apache/commons/math/fraction/Fraction;)I#261#11 prob_bp = 0.49999999011242880000
org.apache.commons.math.fraction.Fraction:compareTo:(Lorg/apache/commons/math/fraction/Fraction;)I#261#12 prob_bp = 0.49999999011242896000
org.apache.commons.math.fraction.Fraction:compareTo:(Lorg/apache/commons/math/fraction/Fraction;)I#259#1 prob_bp = 0.49999999999998923000
org.apache.commons.math.fraction.Fraction:compareTo:(Lorg/apache/commons/math/fraction/Fraction;)I#260#6 prob_bp = 0.49999999999998973000
org.apache.commons.math.fraction.Fraction:compareTo:(Lorg/apache/commons/math/fraction/Fraction;)I#259#0 prob_bp = 0.49999999999999334000
org.apache.commons.math.fraction.Fraction:compareTo:(Lorg/apache/commons/math/fraction/Fraction;)I#260#5 prob_bp = 0.49999999999999380000
org.apache.commons.math.util.MathUtils:gcd:(II)I#584#84#unexe#2 prob_bp = 0.50000000000000010000
org.apache.commons.math.util.MathUtils:gcd:(II)I#597#150 prob_bp = 0.50000000000000030000
org.apache.commons.math.util.MathUtils:gcd:(II)I#597#139 prob_bp = 0.50000000000000080000
org.apache.commons.math.util.MathUtils:gcd:(II)I#597#152 prob_bp = 0.50000000000000100000
org.apache.commons.math.util.MathUtils:gcd:(II)I#597#151 prob_bp = 0.50000000000000140000
org.apache.commons.math.util.MathUtils:gcd:(II)I#597#141 prob_bp = 0.50000000000000170000
org.apache.commons.math.util.MathUtils:gcd:(II)I#584#84#unexe#3 prob_bp = 0.50000000000000170000
org.apache.commons.math.util.MathUtils:gcd:(II)I#597#140 prob_bp = 0.50000000000000190000
org.apache.commons.math.util.MathUtils:gcd:(II)I#610#184 prob_bp = 0.50000000000001520000
org.apache.commons.math.util.MathUtils:gcd:(II)I#610#186 prob_bp = 0.50000000000004100000
org.apache.commons.math.util.MathUtils:gcd:(II)I#597#142 prob_bp = 0.50000000000016610000
org.apache.commons.math.util.MathUtils:gcd:(II)I#607#174#unexe#3 prob_bp = 0.50000000000016840000
org.apache.commons.math.util.MathUtils:gcd:(II)I#597#143 prob_bp = 0.50000000000016950000
org.apache.commons.math.util.MathUtils:gcd:(II)I#584#78#unexe#3 prob_bp = 0.50000000000024420000
org.apache.commons.math.util.MathUtils:gcd:(II)I#597#153 prob_bp = 0.50000000000062460000
org.apache.commons.math.util.MathUtils:gcd:(II)I#613#188 prob_bp = 0.50000000000065250000
org.apache.commons.math.util.MathUtils:gcd:(II)I#613#187 prob_bp = 0.50000000000065290000
org.apache.commons.math.util.MathUtils:gcd:(II)I#604#163 prob_bp = 0.50000000000074100000
org.apache.commons.math.util.MathUtils:gcd:(II)I#597#146 prob_bp = 0.50000000000087870000
org.apache.commons.math.util.MathUtils:gcd:(II)I#604#165 prob_bp = 0.50000000000112530000
org.apache.commons.math.util.MathUtils:gcd:(II)I#604#166 prob_bp = 0.50000000000116420000
org.apache.commons.math.util.MathUtils:gcd:(II)I#613#189 prob_bp = 0.50000000000163350000
org.apache.commons.math.util.MathUtils:gcd:(II)I#603#156 prob_bp = 0.50000000000168230000
org.apache.commons.math.util.MathUtils:gcd:(II)I#579#65 prob_bp = 0.50000000000179940000
org.apache.commons.math.util.MathUtils:gcd:(II)I#603#158 prob_bp = 0.50000000000229980000
org.apache.commons.math.util.MathUtils:gcd:(II)I#603#159 prob_bp = 0.50000000000235270000
org.apache.commons.math.util.MathUtils:gcd:(II)I#597#154 prob_bp = 0.50000000000384340000
org.apache.commons.math.util.MathUtils:gcd:(II)I#579#66 prob_bp = 0.50000000000653040000
org.apache.commons.math.util.MathUtils:gcd:(II)I#580#69 prob_bp = 0.50000000002482940000
org.apache.commons.math.util.MathUtils:gcd:(II)I#576#58 prob_bp = 0.50000000003028790000
org.apache.commons.math.util.MathUtils:gcd:(II)I#580#70 prob_bp = 0.50000000009044470000
org.apache.commons.math.util.MathUtils:gcd:(II)I#576#59 prob_bp = 0.50000000010061220000
org.apache.commons.math.util.MathUtils:gcd:(II)I#613#190 prob_bp = 0.50000000011824840000
org.apache.commons.math.util.MathUtils:gcd:(II)I#613#191 prob_bp = 0.50000000012064480000
org.apache.commons.math.util.MathUtils:gcd:(II)I#577#62 prob_bp = 0.50000000027369540000
org.apache.commons.math.util.MathUtils:gcd:(II)I#603#160 prob_bp = 0.50000000034706430000
org.apache.commons.math.util.MathUtils:gcd:(II)I#580#71 prob_bp = 0.50000000035464210000
org.apache.commons.math.util.MathUtils:gcd:(II)I#604#167 prob_bp = 0.50000000044368940000
org.apache.commons.math.util.MathUtils:gcd:(II)I#608#177 prob_bp = 0.50000000063619410000
org.apache.commons.math.util.MathUtils:gcd:(II)I#607#172 prob_bp = 0.50000000084240510000
org.apache.commons.math.util.MathUtils:gcd:(II)I#577#63 prob_bp = 0.50000000091610180000
org.apache.commons.math.util.MathUtils:gcd:(II)I#579#66#unexe#3 prob_bp = 0.50000000141841580000
org.apache.commons.math.util.MathUtils:gcd:(II)I#603#160#unexe#5 prob_bp = 0.50000000149311820000
org.apache.commons.math.util.MathUtils:gcd:(II)I#607#174 prob_bp = 0.50000000151864410000
org.apache.commons.math.util.MathUtils:gcd:(II)I#608#179 prob_bp = 0.50000000191301850000
org.apache.commons.math.util.MathUtils:gcd:(II)I#577#64 prob_bp = 0.50000000350238920000
org.apache.commons.math.util.MathUtils:gcd:(II)I#584#81 prob_bp = 0.50000000570139850000
org.apache.commons.math.util.MathUtils:gcd:(II)I#608#180 prob_bp = 0.50000000702391560000
org.apache.commons.math.util.MathUtils:gcd:(II)I#584#82 prob_bp = 0.50000002033978630000
org.apache.commons.math.util.MathUtils:gcd:(II)I#584#83 prob_bp = 0.50000002106960870000
org.apache.commons.math.util.MathUtils:gcd:(II)I#576#59#unexe#2 prob_bp = 0.50000002334390900000
org.apache.commons.math.util.MathUtils:gcd:(II)I#584#78#unexe#2 prob_bp = 0.50000002624330410000
org.apache.commons.math.util.MathUtils:gcd:(II)I#613#192 prob_bp = 0.50000004792028390000
org.apache.commons.math.util.MathUtils:gcd:(II)I#616#194 prob_bp = 0.50000004975674140000
org.apache.commons.math.util.MathUtils:gcd:(II)I#616#196 prob_bp = 0.50000005384033530000
org.apache.commons.math.util.MathUtils:gcd:(II)I#584#75 prob_bp = 0.50000006126198520000
org.apache.commons.math.util.MathUtils:gcd:(II)I#607#174#unexe#2 prob_bp = 0.50000013306510940000
org.apache.commons.math.util.MathUtils:gcd:(II)I#563#4 prob_bp = 0.50000013753682360000
org.apache.commons.math.util.MathUtils:gcd:(II)I#584#76 prob_bp = 0.50000023294826550000
org.apache.commons.math.util.MathUtils:gcd:(II)I#584#77 prob_bp = 0.50000024229637970000
org.apache.commons.math.fraction.Fraction:<init>:(II)V#223#78 prob_bp = 0.50000033634618210000
org.apache.commons.math.util.MathUtils:gcd:(II)I#561#0 prob_bp = 0.50000039684400910000
org.apache.commons.math.util.MathUtils:gcd:(II)I#563#5 prob_bp = 0.50000045104524520000
org.apache.commons.math.util.MathUtils:gcd:(II)I#561#1 prob_bp = 0.50000057231548540000
org.apache.commons.math.util.MathUtils:gcd:(II)I#616#196#unexe#2 prob_bp = 0.50000091449885720000
org.apache.commons.math.util.MathUtils:gcd:(II)I#617#199 prob_bp = 0.50000310638282850000
org.apache.commons.math.util.MathUtils:gcd:(II)I#617#202 prob_bp = 0.50000388809309870000
org.apache.commons.math.util.MathUtils:gcd:(II)I#617#201 prob_bp = 0.50000640082707470000
org.apache.commons.math.util.MathUtils:gcd:(II)I#617#204 prob_bp = 0.50000653013652500000
org.apache.commons.math.util.MathUtils:gcd:(II)I#617#200 prob_bp = 0.50000773955090930000
org.apache.commons.math.fraction.Fraction:<init>:(II)V#210#4 prob_bp = 0.50001104117617210000
org.apache.commons.math.util.MathUtils:gcd:(II)I#617#205 prob_bp = 0.50001709933965900000
org.apache.commons.math.util.MathUtils:gcd:(II)I#584#84 prob_bp = 0.50001893053124700000
org.apache.commons.math.fraction.Fraction:<init>:(II)V#210#5 prob_bp = 0.50001925586037930000
org.apache.commons.math.fraction.Fraction:<init>:(II)V#214#32 prob_bp = 0.50002110734466210000
org.apache.commons.math.fraction.Fraction:<init>:(II)V#214#33 prob_bp = 0.50002180124094120000
org.apache.commons.math.util.MathUtils:gcd:(II)I#563#8 prob_bp = 0.50002610948886020000
org.apache.commons.math.fraction.Fraction:<init>:(II)V#223#79 prob_bp = 0.50004908775618520000
org.apache.commons.math.fraction.Fraction:<init>:(II)V#223#80 prob_bp = 0.50005135219749030000
org.apache.commons.math.util.MathUtils:gcd:(II)I#562#2 prob_bp = 0.50005815800653500000
org.apache.commons.math.util.MathUtils:gcd:(II)I#562#3 prob_bp = 0.50008454235805400000
org.apache.commons.math.util.MathUtils:gcd:(II)I#563#9 prob_bp = 0.50009067941325360000
org.apache.commons.math.util.MathUtils:gcd:(II)I#584#84#unexe#4 prob_bp = 0.50015324334217580000
org.apache.commons.math.util.MathUtils:gcd:(II)I#584#78 prob_bp = 0.50027758324818900000
org.apache.commons.math.util.MathUtils:gcd:(II)I#617#206 prob_bp = 0.50118349508987690000
org.apache.commons.math.util.MathUtils:gcd:(II)I#583#72 prob_bp = 0.50198454706210880000
org.apache.commons.math.util.MathUtils:gcd:(II)I#583#73 prob_bp = 0.50206360835495660000
org.apache.commons.math.util.MathUtils:gcd:(II)I#584#78#unexe#4 prob_bp = 0.50245123647107440000
org.apache.commons.math.util.MathUtils:gcd:(II)I#590#108 prob_bp = 0.50375545544021390000
org.apache.commons.math.fraction.Fraction:<init>:(II)V#223#83 prob_bp = 0.50399883473028600000
org.apache.commons.math.util.MathUtils:gcd:(II)I#590#110 prob_bp = 0.50856999819443950000
org.apache.commons.math.util.MathUtils:gcd:(II)I#590#112 prob_bp = 0.50890332980007980000
org.apache.commons.math.fraction.Fraction:<init>:(II)V#224#84 prob_bp = 0.50924927101687490000
org.apache.commons.math.fraction.Fraction:<init>:(II)V#224#85 prob_bp = 0.51905203640690940000
org.apache.commons.math.fraction.Fraction:<init>:(II)V#224#86 prob_bp = 0.51941228711779740000
org.apache.commons.math.fraction.Fraction:doubleValue:()D#270#10 prob_bp = 0.80004831548916970000
org.apache.commons.math.fraction.Fraction:<init>:(II)V#230#97 prob_bp = 0.99475774612981250000
org.apache.commons.math.fraction.Fraction:<init>:(II)V#230#98 prob_bp = 0.99514024256243050000
org.apache.commons.math.fraction.Fraction:<init>:(II)V#224#86#unexe#1 prob_bp = 0.99986631826141580000
org.apache.commons.math.fraction.Fraction:doubleValue:()D#270#1 prob_bp = 0.99989284631797040000
org.apache.commons.math.fraction.Fraction:doubleValue:()D#270#6 prob_bp = 0.99989512848703180000
org.apache.commons.math.fraction.Fraction:doubleValue:()D#270#0 prob_bp = 0.99990001315056540000
org.apache.commons.math.fraction.Fraction:doubleValue:()D#270#5 prob_bp = 0.99990001315091770000
org.apache.commons.math.fraction.Fraction:doubleValue:()D#270#4 prob_bp = 0.99990002365434390000
org.apache.commons.math.fraction.Fraction:doubleValue:()D#270#9 prob_bp = 0.99990002365453560000
org.apache.commons.math.fraction.Fraction:<init>:(II)V#230#98#unexe#1 prob_bp = 0.99992996182601290000
org.apache.commons.math.fraction.Fraction:doubleValue:()D#270#11 prob_bp = 0.99994739638607160000
org.apache.commons.math.fraction.Fraction:<init>:(II)V#234#110 prob_bp = 0.99997014168590370000
org.apache.commons.math.fraction.Fraction:<init>:(II)V#234#109 prob_bp = 0.99997266859117240000
org.apache.commons.math.fraction.Fraction:<init>:(II)V#234#111 prob_bp = 0.99999065695276710000
org.apache.commons.math.fraction.Fraction:<init>:(II)V#224#86#unexe#2 prob_bp = 0.99999999999647140000
org.apache.commons.math.fraction.Fraction:<init>:(II)V#230#98#unexe#2 prob_bp = 0.99999999999811440000
org.apache.commons.math.fraction.Fraction:<init>:(II)V#235#115 prob_bp = 0.99999999999997520000
org.apache.commons.math.fraction.Fraction:<init>:(II)V#235#114 prob_bp = 0.99999999999999730000
org.apache.commons.math.fraction.Fraction:<init>:(II)V#235#116 prob_bp = 0.99999999999999910000
org.apache.commons.math.fraction.FractionTest:testCompareTo:()V#164#4 prob_bp = 1.00000000000000000000
org.apache.commons.math.fraction.FractionTest:testCompareTo:()V#164#5 prob_bp = 1.00000000000000000000
org.apache.commons.math.fraction.FractionTest:testCompareTo:()V#164#6 prob_bp = 1.00000000000000000000
org.apache.commons.math.fraction.FractionTest:testCompareTo:()V#165#14 prob_bp = 1.00000000000000000000
org.apache.commons.math.fraction.FractionTest:testCompareTo:()V#165#15 prob_bp = 1.00000000000000000000
org.apache.commons.math.fraction.FractionTest:testCompareTo:()V#165#16 prob_bp = 1.00000000000000000000
org.apache.commons.math.fraction.FractionTest:testCompareTo:()V#166#24 prob_bp = 1.00000000000000000000
org.apache.commons.math.fraction.FractionTest:testCompareTo:()V#166#25 prob_bp = 1.00000000000000000000
org.apache.commons.math.fraction.FractionTest:testCompareTo:()V#166#26 prob_bp = 1.00000000000000000000
org.apache.commons.math.fraction.FractionTest:testCompareTo:()V#176#66 prob_bp = 1.00000000000000000000
org.apache.commons.math.fraction.FractionTest:testCompareTo:()V#176#69 prob_bp = 1.00000000000000000000
org.apache.commons.math.fraction.FractionTest:testCompareTo:()V#176#70 prob_bp = 1.00000000000000000000
org.apache.commons.math.fraction.FractionTest:testCompareTo:()V#176#72 prob_bp = 1.00000000000000000000
org.apache.commons.math.fraction.FractionTest:testCompareTo:()V#176#74 prob_bp = 1.00000000000000000000
org.apache.commons.math.fraction.FractionTest:testCompareTo:()V#176#77 prob_bp = 1.00000000000000000000
org.apache.commons.math.fraction.FractionTest:testCompareTo:()V#177#79 prob_bp = 1.00000000000000000000
org.apache.commons.math.fraction.FractionTest:testCompareTo:()V#177#82 prob_bp = 1.00000000000000000000
org.apache.commons.math.fraction.FractionTest:testCompareTo:()V#177#83 prob_bp = 1.00000000000000000000
org.apache.commons.math.fraction.FractionTest:testCompareTo:()V#177#85 prob_bp = 1.00000000000000000000
org.apache.commons.math.fraction.FractionTest:testCompareTo:()V#177#87 prob_bp = 1.00000000000000000000
org.apache.commons.math.fraction.FractionTest:testCompareTo:()V#177#90 prob_bp = 1.00000000000000000000
org.apache.commons.math.fraction.FractionTest:testCompareTo:()V#178#92 prob_bp = 1.00000000000000000000
org.apache.commons.math.fraction.FractionTest:testCompareTo:()V#178#93 prob_bp = 1.00000000000000000000
org.apache.commons.math.fraction.FractionTest:testCompareTo:()V#178#95 prob_bp = 1.00000000000000000000
org.apache.commons.math.fraction.FractionTest:testCompareTo:()V#178#97 prob_bp = 1.00000000000000000000
org.apache.commons.math.fraction.FractionTest:testCompareTo:()V#178#100 prob_bp = 1.00000000000000000000
Belief propagation time : 24.956000s
