Belief propagation time: 76

Probabilities: 
Vars:59761
Stmts:7014
org.apache.commons.math.analysis.solvers.BrentSolver:solve:(Lorg/apache/commons/math/analysis/UnivariateRealFunction;DDD)D#138#184 prob_bp = 0.49999999843389570000
org.apache.commons.math.analysis.solvers.BrentSolver:solve:(Lorg/apache/commons/math/analysis/UnivariateRealFunction;DDD)D#138#171 prob_bp = 0.49999999857521094000
org.apache.commons.math.analysis.solvers.BrentSolver:solve:(Lorg/apache/commons/math/analysis/UnivariateRealFunction;DDDDDD)D#277#267 prob_bp = 0.49999999999999983000
org.apache.commons.math.analysis.solvers.BrentSolver:solve:(Lorg/apache/commons/math/analysis/UnivariateRealFunction;DDDDDD)D#308#465 prob_bp = 0.49999999999999983000
org.apache.commons.math.analysis.solvers.BrentSolver:solve:(Lorg/apache/commons/math/analysis/UnivariateRealFunction;DDDDDD)D#235#48 prob_bp = 0.49999999999999994000
org.apache.commons.math.analysis.solvers.BrentSolver:solve:(Lorg/apache/commons/math/analysis/UnivariateRealFunction;DDDDDD)D#237#54 prob_bp = 0.49999999999999994000
org.apache.commons.math.analysis.solvers.BrentSolver:solve:(Lorg/apache/commons/math/analysis/UnivariateRealFunction;DDDDDD)D#253#136 prob_bp = 0.49999999999999994000
org.apache.commons.math.analysis.solvers.BrentSolver:solve:(Lorg/apache/commons/math/analysis/UnivariateRealFunction;DDDDDD)D#253#142 prob_bp = 0.49999999999999994000
org.apache.commons.math.analysis.solvers.BrentSolver:solve:(Lorg/apache/commons/math/analysis/UnivariateRealFunction;DDDDDD)D#277#270 prob_bp = 0.49999999999999994000
org.apache.commons.math.analysis.solvers.BrentSolver:solve:(Lorg/apache/commons/math/analysis/UnivariateRealFunction;DDDDDD)D#281#289 prob_bp = 0.49999999999999994000
org.apache.commons.math.analysis.solvers.BrentSolver:solve:(Lorg/apache/commons/math/analysis/UnivariateRealFunction;DDDDDD)D#281#303 prob_bp = 0.49999999999999994000
org.apache.commons.math.analysis.solvers.BrentSolver:solve:(Lorg/apache/commons/math/analysis/UnivariateRealFunction;DDDDDD)D#281#305 prob_bp = 0.49999999999999994000
org.apache.commons.math.ConvergingAlgorithmImpl:<init>:(ID)V#63#13 prob_bp = 0.50000000000000000000
org.apache.commons.math.analysis.solvers.BrentSolver:solve:(Lorg/apache/commons/math/analysis/UnivariateRealFunction;DDD)D#113#49 prob_bp = 0.50000000000000000000
org.apache.commons.math.analysis.solvers.BrentSolver:solve:(Lorg/apache/commons/math/analysis/UnivariateRealFunction;DDD)D#114#62 prob_bp = 0.50000000000000000000
org.apache.commons.math.analysis.solvers.BrentSolver:solve:(Lorg/apache/commons/math/analysis/UnivariateRealFunction;DDD)D#138#172 prob_bp = 0.50000000000000000000
org.apache.commons.math.analysis.solvers.BrentSolver:solve:(Lorg/apache/commons/math/analysis/UnivariateRealFunction;DDD)D#138#176 prob_bp = 0.50000000000000000000
org.apache.commons.math.analysis.solvers.BrentSolver:solve:(Lorg/apache/commons/math/analysis/UnivariateRealFunction;DDD)D#138#178 prob_bp = 0.50000000000000000000
org.apache.commons.math.analysis.solvers.BrentSolver:solve:(Lorg/apache/commons/math/analysis/UnivariateRealFunction;DDD)D#138#180 prob_bp = 0.50000000000000000000
org.apache.commons.math.analysis.solvers.BrentSolver:solve:(Lorg/apache/commons/math/analysis/UnivariateRealFunction;DDD)D#138#182 prob_bp = 0.50000000000000000000
org.apache.commons.math.analysis.solvers.BrentSolver:solve:(Lorg/apache/commons/math/analysis/UnivariateRealFunction;DDDDDD)D#226#8 prob_bp = 0.50000000000000000000
org.apache.commons.math.analysis.solvers.BrentSolver:solve:(Lorg/apache/commons/math/analysis/UnivariateRealFunction;DDDDDD)D#253#141 prob_bp = 0.50000000000000000000
org.apache.commons.math.analysis.solvers.BrentSolver:solve:(Lorg/apache/commons/math/analysis/UnivariateRealFunction;DDDDDD)D#267#190 prob_bp = 0.50000000000000000000
org.apache.commons.math.analysis.solvers.BrentSolver:solve:(Lorg/apache/commons/math/analysis/UnivariateRealFunction;DDDDDD)D#286#332 prob_bp = 0.50000000000000000000
org.apache.commons.math.ConvergingAlgorithmImpl:<init>:(ID)V#63#9 prob_bp = 0.50000000000000010000
org.apache.commons.math.ConvergingAlgorithmImpl:<init>:(ID)V#63#10 prob_bp = 0.50000000000000010000
org.apache.commons.math.analysis.solvers.BrentSolver:solve:(Lorg/apache/commons/math/analysis/UnivariateRealFunction;DDD)D#113#48 prob_bp = 0.50000000000000010000
org.apache.commons.math.analysis.solvers.BrentSolver:solve:(Lorg/apache/commons/math/analysis/UnivariateRealFunction;DDD)D#113#50 prob_bp = 0.50000000000000010000
org.apache.commons.math.analysis.solvers.BrentSolver:solve:(Lorg/apache/commons/math/analysis/UnivariateRealFunction;DDD)D#113#55 prob_bp = 0.50000000000000010000
org.apache.commons.math.analysis.solvers.BrentSolver:solve:(Lorg/apache/commons/math/analysis/UnivariateRealFunction;DDD)D#114#57 prob_bp = 0.50000000000000010000
org.apache.commons.math.analysis.solvers.BrentSolver:solve:(Lorg/apache/commons/math/analysis/UnivariateRealFunction;DDD)D#114#63 prob_bp = 0.50000000000000010000
org.apache.commons.math.analysis.solvers.BrentSolver:solve:(Lorg/apache/commons/math/analysis/UnivariateRealFunction;DDD)D#138#173 prob_bp = 0.50000000000000010000
org.apache.commons.math.analysis.solvers.BrentSolver:solve:(Lorg/apache/commons/math/analysis/UnivariateRealFunction;DDDDDD)D#226#6 prob_bp = 0.50000000000000010000
org.apache.commons.math.analysis.solvers.BrentSolver:solve:(Lorg/apache/commons/math/analysis/UnivariateRealFunction;DDDDDD)D#237#56 prob_bp = 0.50000000000000010000
org.apache.commons.math.analysis.solvers.BrentSolver:solve:(Lorg/apache/commons/math/analysis/UnivariateRealFunction;DDDDDD)D#230#33#unexe#2 prob_bp = 0.50000000000000010000
org.apache.commons.math.analysis.solvers.BrentSolver:solve:(Lorg/apache/commons/math/analysis/UnivariateRealFunction;DDDDDD)D#253#134 prob_bp = 0.50000000000000010000
org.apache.commons.math.analysis.solvers.BrentSolver:solve:(Lorg/apache/commons/math/analysis/UnivariateRealFunction;DDDDDD)D#253#139 prob_bp = 0.50000000000000010000
org.apache.commons.math.analysis.solvers.BrentSolver:solve:(Lorg/apache/commons/math/analysis/UnivariateRealFunction;DDDDDD)D#259#174 prob_bp = 0.50000000000000010000
org.apache.commons.math.analysis.solvers.BrentSolver:solve:(Lorg/apache/commons/math/analysis/UnivariateRealFunction;DDDDDD)D#265#185 prob_bp = 0.50000000000000010000
org.apache.commons.math.analysis.solvers.BrentSolver:solve:(Lorg/apache/commons/math/analysis/UnivariateRealFunction;DDDDDD)D#268#199 prob_bp = 0.50000000000000010000
org.apache.commons.math.analysis.solvers.BrentSolver:solve:(Lorg/apache/commons/math/analysis/UnivariateRealFunction;DDDDDD)D#276#264 prob_bp = 0.50000000000000010000
org.apache.commons.math.analysis.solvers.BrentSolver:solve:(Lorg/apache/commons/math/analysis/UnivariateRealFunction;DDDDDD)D#277#269 prob_bp = 0.50000000000000010000
org.apache.commons.math.analysis.solvers.BrentSolver:solve:(Lorg/apache/commons/math/analysis/UnivariateRealFunction;DDDDDD)D#286#329 prob_bp = 0.50000000000000010000
org.apache.commons.math.analysis.solvers.BrentSolver:solve:(Lorg/apache/commons/math/analysis/UnivariateRealFunction;DDDDDD)D#308#467 prob_bp = 0.50000000000000010000
org.apache.commons.math.analysis.solvers.BrentSolver:solve:(Lorg/apache/commons/math/analysis/UnivariateRealFunction;DDDDDD)D#309#471 prob_bp = 0.50000000000000010000
org.apache.commons.math.analysis.solvers.BrentSolver:solve:(Lorg/apache/commons/math/analysis/UnivariateRealFunction;DDDDDD)D#299#383 prob_bp = 0.50000000000000010000
org.apache.commons.math.analysis.solvers.BrentSolver:solve:(Lorg/apache/commons/math/analysis/UnivariateRealFunction;DDDDDD)D#300#387 prob_bp = 0.50000000000000010000
org.apache.commons.math.analysis.solvers.BrentSolver:solve:(Lorg/apache/commons/math/analysis/UnivariateRealFunction;DDDDDD)D#300#392 prob_bp = 0.50000000000000010000
org.apache.commons.math.analysis.solvers.BrentSolver:solve:(Lorg/apache/commons/math/analysis/UnivariateRealFunction;DDDDDD)D#300#394 prob_bp = 0.50000000000000010000
org.apache.commons.math.ConvergingAlgorithmImpl:<init>:(ID)V#65#22 prob_bp = 0.50000000000000020000
org.apache.commons.math.ConvergingAlgorithmImpl:<init>:(ID)V#65#23 prob_bp = 0.50000000000000020000
org.apache.commons.math.analysis.solvers.BrentSolver:solve:(Lorg/apache/commons/math/analysis/UnivariateRealFunction;DDDDDD)D#225#0 prob_bp = 0.50000000000000020000
org.apache.commons.math.analysis.solvers.BrentSolver:solve:(Lorg/apache/commons/math/analysis/UnivariateRealFunction;DDDDDD)D#225#2 prob_bp = 0.50000000000000020000
org.apache.commons.math.analysis.solvers.BrentSolver:solve:(Lorg/apache/commons/math/analysis/UnivariateRealFunction;DDDDDD)D#225#4 prob_bp = 0.50000000000000020000
org.apache.commons.math.analysis.solvers.BrentSolver:solve:(Lorg/apache/commons/math/analysis/UnivariateRealFunction;DDDDDD)D#281#285 prob_bp = 0.50000000000000020000
org.apache.commons.math.analysis.solvers.BrentSolver:solve:(Lorg/apache/commons/math/analysis/UnivariateRealFunction;DDDDDD)D#286#326 prob_bp = 0.50000000000000020000
org.apache.commons.math.analysis.solvers.BrentSolver:solve:(Lorg/apache/commons/math/analysis/UnivariateRealFunction;DDDDDD)D#297#364 prob_bp = 0.50000000000000020000
org.apache.commons.math.analysis.solvers.BrentSolver:solve:(Lorg/apache/commons/math/analysis/UnivariateRealFunction;DDDDDD)D#299#380 prob_bp = 0.50000000000000020000
org.apache.commons.math.analysis.solvers.BrentSolver:solve:(Lorg/apache/commons/math/analysis/UnivariateRealFunction;DDD)D#114#59 prob_bp = 0.50000000000000030000
org.apache.commons.math.analysis.solvers.BrentSolver:solve:(Lorg/apache/commons/math/analysis/UnivariateRealFunction;DDD)D#120#82 prob_bp = 0.50000000000000030000
org.apache.commons.math.analysis.solvers.BrentSolver:solve:(Lorg/apache/commons/math/analysis/UnivariateRealFunction;DDDDDD)D#235#46 prob_bp = 0.50000000000000030000
org.apache.commons.math.analysis.solvers.BrentSolver:solve:(Lorg/apache/commons/math/analysis/UnivariateRealFunction;DDDDDD)D#253#145 prob_bp = 0.50000000000000030000
org.apache.commons.math.analysis.solvers.BrentSolver:solve:(Lorg/apache/commons/math/analysis/UnivariateRealFunction;DDDDDD)D#259#176 prob_bp = 0.50000000000000030000
org.apache.commons.math.analysis.solvers.BrentSolver:solve:(Lorg/apache/commons/math/analysis/UnivariateRealFunction;DDDDDD)D#265#181 prob_bp = 0.50000000000000030000
org.apache.commons.math.analysis.solvers.BrentSolver:solve:(Lorg/apache/commons/math/analysis/UnivariateRealFunction;DDDDDD)D#267#188 prob_bp = 0.50000000000000030000
org.apache.commons.math.analysis.solvers.BrentSolver:solve:(Lorg/apache/commons/math/analysis/UnivariateRealFunction;DDDDDD)D#268#196 prob_bp = 0.50000000000000030000
org.apache.commons.math.analysis.solvers.BrentSolver:solve:(Lorg/apache/commons/math/analysis/UnivariateRealFunction;DDDDDD)D#268#198 prob_bp = 0.50000000000000030000
org.apache.commons.math.analysis.solvers.BrentSolver:solve:(Lorg/apache/commons/math/analysis/UnivariateRealFunction;DDDDDD)D#265#185#unexe#27 prob_bp = 0.50000000000000030000
org.apache.commons.math.analysis.solvers.BrentSolver:solve:(Lorg/apache/commons/math/analysis/UnivariateRealFunction;DDDDDD)D#281#291 prob_bp = 0.50000000000000030000
org.apache.commons.math.analysis.solvers.BrentSolver:solve:(Lorg/apache/commons/math/analysis/UnivariateRealFunction;DDDDDD)D#281#292 prob_bp = 0.50000000000000030000
org.apache.commons.math.analysis.solvers.BrentSolver:solve:(Lorg/apache/commons/math/analysis/UnivariateRealFunction;DDDDDD)D#281#300 prob_bp = 0.50000000000000030000
org.apache.commons.math.analysis.solvers.BrentSolver:solve:(Lorg/apache/commons/math/analysis/UnivariateRealFunction;DDDDDD)D#286#331 prob_bp = 0.50000000000000030000
org.apache.commons.math.analysis.solvers.BrentSolver:solve:(Lorg/apache/commons/math/analysis/UnivariateRealFunction;DDDDDD)D#308#463 prob_bp = 0.50000000000000030000
org.apache.commons.math.analysis.solvers.BrentSolver:solve:(Lorg/apache/commons/math/analysis/UnivariateRealFunction;DDDDDD)D#300#389 prob_bp = 0.50000000000000030000
org.apache.commons.math.analysis.solvers.BrentSolver:solve:(Lorg/apache/commons/math/analysis/UnivariateRealFunction;DDDDDD)D#300#395 prob_bp = 0.50000000000000030000
org.apache.commons.math.analysis.solvers.BrentSolver:solve:(Lorg/apache/commons/math/analysis/UnivariateRealFunction;DDD)D#120#84 prob_bp = 0.50000000000000040000
org.apache.commons.math.analysis.solvers.BrentSolver:solve:(Lorg/apache/commons/math/analysis/UnivariateRealFunction;DDDDDD)D#230#33#unexe#4 prob_bp = 0.50000000000000040000
org.apache.commons.math.analysis.solvers.BrentSolver:solve:(Lorg/apache/commons/math/analysis/UnivariateRealFunction;DDDDDD)D#281#295 prob_bp = 0.50000000000000040000
org.apache.commons.math.analysis.solvers.BrentSolver:solve:(Lorg/apache/commons/math/analysis/UnivariateRealFunction;DDDDDD)D#308#466 prob_bp = 0.50000000000000040000
org.apache.commons.math.analysis.solvers.BrentSolver:solve:(Lorg/apache/commons/math/analysis/UnivariateRealFunction;DDDDDD)D#305#453#unexe#16 prob_bp = 0.50000000000000040000
org.apache.commons.math.analysis.solvers.BrentSolver:solve:(Lorg/apache/commons/math/analysis/UnivariateRealFunction;DDDDDD)D#299#382 prob_bp = 0.50000000000000040000
org.apache.commons.math.analysis.solvers.BrentSolver:solve:(Lorg/apache/commons/math/analysis/UnivariateRealFunction;DDDDDD)D#253#147 prob_bp = 0.50000000000000060000
org.apache.commons.math.analysis.solvers.BrentSolver:solve:(Lorg/apache/commons/math/analysis/UnivariateRealFunction;DDDDDD)D#253#150 prob_bp = 0.50000000000000060000
org.apache.commons.math.analysis.solvers.BrentSolver:solve:(Lorg/apache/commons/math/analysis/UnivariateRealFunction;DDDDDD)D#253#152 prob_bp = 0.50000000000000060000
org.apache.commons.math.analysis.solvers.BrentSolver:solve:(Lorg/apache/commons/math/analysis/UnivariateRealFunction;DDDDDD)D#265#182 prob_bp = 0.50000000000000060000
org.apache.commons.math.analysis.solvers.BrentSolver:solve:(Lorg/apache/commons/math/analysis/UnivariateRealFunction;DDDDDD)D#268#195 prob_bp = 0.50000000000000060000
org.apache.commons.math.analysis.solvers.BrentSolver:solve:(Lorg/apache/commons/math/analysis/UnivariateRealFunction;DDDDDD)D#276#260 prob_bp = 0.50000000000000060000
org.apache.commons.math.analysis.solvers.BrentSolver:solve:(Lorg/apache/commons/math/analysis/UnivariateRealFunction;DDDDDD)D#281#294 prob_bp = 0.50000000000000060000
org.apache.commons.math.analysis.solvers.BrentSolver:solve:(Lorg/apache/commons/math/analysis/UnivariateRealFunction;DDDDDD)D#281#297 prob_bp = 0.50000000000000060000
org.apache.commons.math.analysis.solvers.BrentSolver:solve:(Lorg/apache/commons/math/analysis/UnivariateRealFunction;DDDDDD)D#281#304 prob_bp = 0.50000000000000060000
org.apache.commons.math.analysis.solvers.BrentSolver:solve:(Lorg/apache/commons/math/analysis/UnivariateRealFunction;DDDDDD)D#309#469 prob_bp = 0.50000000000000060000
org.apache.commons.math.analysis.solvers.BrentSolver:solve:(Lorg/apache/commons/math/analysis/UnivariateRealFunction;DDDDDD)D#265#184 prob_bp = 0.50000000000000070000
org.apache.commons.math.analysis.solvers.BrentSolver:solve:(Lorg/apache/commons/math/analysis/UnivariateRealFunction;DDDDDD)D#253#155 prob_bp = 0.50000000000000080000
org.apache.commons.math.analysis.solvers.BrentSolver:solve:(Lorg/apache/commons/math/analysis/UnivariateRealFunction;DDDDDD)D#253#156 prob_bp = 0.50000000000000080000
org.apache.commons.math.analysis.solvers.BrentSolver:solve:(Lorg/apache/commons/math/analysis/UnivariateRealFunction;DDDDDD)D#267#192 prob_bp = 0.50000000000000080000
org.apache.commons.math.analysis.solvers.BrentSolver:solve:(Lorg/apache/commons/math/analysis/UnivariateRealFunction;DDDDDD)D#267#193 prob_bp = 0.50000000000000080000
org.apache.commons.math.analysis.solvers.BrentSolver:solve:(Lorg/apache/commons/math/analysis/UnivariateRealFunction;DDDDDD)D#276#262 prob_bp = 0.50000000000000080000
org.apache.commons.math.analysis.solvers.BrentSolver:solve:(Lorg/apache/commons/math/analysis/UnivariateRealFunction;DDDDDD)D#276#264#unexe#27 prob_bp = 0.50000000000000080000
org.apache.commons.math.analysis.solvers.BrentSolver:solve:(Lorg/apache/commons/math/analysis/UnivariateRealFunction;DDDDDD)D#259#178 prob_bp = 0.50000000000000090000
org.apache.commons.math.analysis.solvers.BrentSolver:solve:(Lorg/apache/commons/math/analysis/UnivariateRealFunction;DDDDDD)D#225#3 prob_bp = 0.50000000000000100000
org.apache.commons.math.analysis.solvers.BrentSolver:solve:(Lorg/apache/commons/math/analysis/UnivariateRealFunction;DDDDDD)D#265#185#unexe#25 prob_bp = 0.50000000000000100000
org.apache.commons.math.analysis.solvers.BrentSolver:solve:(Lorg/apache/commons/math/analysis/UnivariateRealFunction;DDDDDD)D#281#280 prob_bp = 0.50000000000000100000
org.apache.commons.math.analysis.solvers.BrentSolver:solve:(Lorg/apache/commons/math/analysis/UnivariateRealFunction;DDDDDD)D#281#299 prob_bp = 0.50000000000000100000
org.apache.commons.math.analysis.solvers.BrentSolver:solve:(Lorg/apache/commons/math/analysis/UnivariateRealFunction;DDDDDD)D#297#361 prob_bp = 0.50000000000000100000
org.apache.commons.math.analysis.solvers.BrentSolver:solve:(Lorg/apache/commons/math/analysis/UnivariateRealFunction;DDDDDD)D#297#359 prob_bp = 0.50000000000000110000
org.apache.commons.math.ConvergingAlgorithmImpl:<init>:(ID)V#65#21 prob_bp = 0.50000000000000120000
org.apache.commons.math.analysis.solvers.BrentSolver:solve:(Lorg/apache/commons/math/analysis/UnivariateRealFunction;DDD)D#120#86 prob_bp = 0.50000000000000120000
org.apache.commons.math.analysis.solvers.BrentSolver:solve:(Lorg/apache/commons/math/analysis/UnivariateRealFunction;DDDDDD)D#253#156#unexe#14 prob_bp = 0.50000000000000120000
org.apache.commons.math.ConvergingAlgorithmImpl:<init>:(ID)V#65#26 prob_bp = 0.50000000000000130000
org.apache.commons.math.analysis.solvers.BrentSolver:solve:(Lorg/apache/commons/math/analysis/UnivariateRealFunction;DDD)D#114#66 prob_bp = 0.50000000000000130000
org.apache.commons.math.analysis.solvers.BrentSolver:solve:(Lorg/apache/commons/math/analysis/UnivariateRealFunction;DDDDDD)D#281#283 prob_bp = 0.50000000000000130000
org.apache.commons.math.analysis.solvers.BrentSolver:solve:(Lorg/apache/commons/math/analysis/UnivariateRealFunction;DDDDDD)D#281#305#unexe#14 prob_bp = 0.50000000000000140000
org.apache.commons.math.analysis.solvers.BrentSolver:solve:(Lorg/apache/commons/math/analysis/UnivariateRealFunction;DDDDDD)D#281#286 prob_bp = 0.50000000000000170000
org.apache.commons.math.analysis.solvers.BrentSolver:solve:(Lorg/apache/commons/math/analysis/UnivariateRealFunction;DDDDDD)D#253#142#unexe#14 prob_bp = 0.50000000000000170000
org.apache.commons.math.analysis.solvers.BrentSolver:solve:(Lorg/apache/commons/math/analysis/UnivariateRealFunction;DDD)D#125#108 prob_bp = 0.50000000000000180000
org.apache.commons.math.analysis.solvers.BrentSolver:solve:(Lorg/apache/commons/math/analysis/UnivariateRealFunction;DDD)D#125#109 prob_bp = 0.50000000000000190000
org.apache.commons.math.analysis.solvers.BrentSolver:solve:(Lorg/apache/commons/math/analysis/UnivariateRealFunction;DDDDDD)D#276#264#unexe#25 prob_bp = 0.50000000000000200000
org.apache.commons.math.analysis.solvers.BrentSolver:solve:(Lorg/apache/commons/math/analysis/UnivariateRealFunction;DDD)D#125#111 prob_bp = 0.50000000000000210000
org.apache.commons.math.analysis.solvers.BrentSolver:solve:(Lorg/apache/commons/math/analysis/UnivariateRealFunction;DDDDDD)D#276#263 prob_bp = 0.50000000000000210000
org.apache.commons.math.analysis.solvers.BrentSolver:solve:(Lorg/apache/commons/math/analysis/UnivariateRealFunction;DDD)D#126#123 prob_bp = 0.50000000000000240000
org.apache.commons.math.analysis.solvers.BrentSolver:solve:(Lorg/apache/commons/math/analysis/UnivariateRealFunction;DDDDDD)D#297#366 prob_bp = 0.50000000000000260000
org.apache.commons.math.analysis.solvers.BrentSolver:solve:(Lorg/apache/commons/math/analysis/UnivariateRealFunction;DDD)D#126#124 prob_bp = 0.50000000000000280000
org.apache.commons.math.analysis.solvers.BrentSolver:solve:(Lorg/apache/commons/math/analysis/UnivariateRealFunction;DDDDDD)D#259#179 prob_bp = 0.50000000000000380000
org.apache.commons.math.analysis.solvers.BrentSolver:solve:(Lorg/apache/commons/math/analysis/UnivariateRealFunction;DDDDDD)D#298#370 prob_bp = 0.50000000000000390000
org.apache.commons.math.analysis.solvers.BrentSolver:solve:(Lorg/apache/commons/math/analysis/UnivariateRealFunction;DDDDDD)D#298#372 prob_bp = 0.50000000000000500000
org.apache.commons.math.analysis.solvers.BrentSolver:solve:(Lorg/apache/commons/math/analysis/UnivariateRealFunction;DDD)D#126#118 prob_bp = 0.50000000000000630000
org.apache.commons.math.analysis.solvers.BrentSolver:solve:(Lorg/apache/commons/math/analysis/UnivariateRealFunction;DDD)D#125#116 prob_bp = 0.50000000000000720000
org.apache.commons.math.analysis.solvers.BrentSolver:solve:(Lorg/apache/commons/math/analysis/UnivariateRealFunction;DDDDDD)D#230#33#unexe#12 prob_bp = 0.50000000000001140000
org.apache.commons.math.analysis.solvers.BrentSolver:solve:(Lorg/apache/commons/math/analysis/UnivariateRealFunction;DDDDDD)D#298#374 prob_bp = 0.50000000000001450000
org.apache.commons.math.analysis.solvers.BrentSolver:solve:(Lorg/apache/commons/math/analysis/UnivariateRealFunction;DDD)D#132#143 prob_bp = 0.50000000000001900000
org.apache.commons.math.analysis.solvers.BrentSolver:solve:(Lorg/apache/commons/math/analysis/UnivariateRealFunction;DDD)D#132#145 prob_bp = 0.50000000000001980000
org.apache.commons.math.analysis.solvers.BrentSolver:solve:(Lorg/apache/commons/math/analysis/UnivariateRealFunction;DDD)D#126#120 prob_bp = 0.50000000000002250000
org.apache.commons.math.analysis.solvers.BrentSolver:solve:(Lorg/apache/commons/math/analysis/UnivariateRealFunction;DDDDDD)D#305#429 prob_bp = 0.50000000000003990000
org.apache.commons.math.analysis.solvers.BrentSolver:solve:(Lorg/apache/commons/math/analysis/UnivariateRealFunction;DDDDDD)D#305#441 prob_bp = 0.50000000000004120000
org.apache.commons.math.analysis.solvers.BrentSolver:solve:(Lorg/apache/commons/math/analysis/UnivariateRealFunction;DDDDDD)D#299#384 prob_bp = 0.50000000000006410000
org.apache.commons.math.analysis.solvers.BrentSolver:solve:(Lorg/apache/commons/math/analysis/UnivariateRealFunction;DDD)D#132#147 prob_bp = 0.50000000000006960000
org.apache.commons.math.analysis.solvers.BrentSolver:solve:(Lorg/apache/commons/math/analysis/UnivariateRealFunction;DDDDDD)D#300#396 prob_bp = 0.50000000000007120000
org.apache.commons.math.analysis.solvers.BrentSolver:solve:(Lorg/apache/commons/math/analysis/UnivariateRealFunction;DDD)D#126#127 prob_bp = 0.50000000000007960000
org.apache.commons.math.analysis.solvers.BrentSolver:solve:(Lorg/apache/commons/math/analysis/UnivariateRealFunction;DDDDDD)D#305#431 prob_bp = 0.50000000000013630000
org.apache.commons.math.analysis.solvers.BrentSolver:solve:(Lorg/apache/commons/math/analysis/UnivariateRealFunction;DDDDDD)D#305#443 prob_bp = 0.50000000000013760000
org.apache.commons.math.analysis.solvers.BrentSolver:solve:(Lorg/apache/commons/math/analysis/UnivariateRealFunction;DDDDDD)D#305#432 prob_bp = 0.50000000000013970000
org.apache.commons.math.analysis.solvers.BrentSolver:solve:(Lorg/apache/commons/math/analysis/UnivariateRealFunction;DDDDDD)D#305#444 prob_bp = 0.50000000000014180000
org.apache.commons.math.analysis.solvers.BrentSolver:solve:(Lorg/apache/commons/math/analysis/UnivariateRealFunction;DDD)D#120#87 prob_bp = 0.50000000000019580000
org.apache.commons.math.analysis.solvers.BrentSolver:solve:(Lorg/apache/commons/math/analysis/UnivariateRealFunction;DDD)D#120#88 prob_bp = 0.50000000000020260000
org.apache.commons.math.analysis.solvers.BrentSolver:solve:(Lorg/apache/commons/math/analysis/UnivariateRealFunction;DDDDDD)D#299#384#unexe#6 prob_bp = 0.50000000000043120000
org.apache.commons.math.analysis.solvers.BrentSolver:solve:(Lorg/apache/commons/math/analysis/UnivariateRealFunction;DDDDDD)D#230#27 prob_bp = 0.50000000000058360000
org.apache.commons.math.analysis.solvers.BrentSolver:solve:(Lorg/apache/commons/math/analysis/UnivariateRealFunction;DDDDDD)D#230#22 prob_bp = 0.50000000000060130000
org.apache.commons.math.analysis.solvers.BrentSolver:solve:(Lorg/apache/commons/math/analysis/UnivariateRealFunction;DDDDDD)D#232#36 prob_bp = 0.50000000000132350000
org.apache.commons.math.analysis.solvers.BrentSolver:solve:(Lorg/apache/commons/math/analysis/UnivariateRealFunction;DDDDDD)D#297#367 prob_bp = 0.50000000000196390000
org.apache.commons.math.analysis.solvers.BrentSolver:solve:(Lorg/apache/commons/math/analysis/UnivariateRealFunction;DDDDDD)D#230#29 prob_bp = 0.50000000000236610000
org.apache.commons.math.analysis.solvers.BrentSolver:solve:(Lorg/apache/commons/math/analysis/UnivariateRealFunction;DDDDDD)D#230#24 prob_bp = 0.50000000000237920000
org.apache.commons.math.analysis.solvers.BrentSolver:solve:(Lorg/apache/commons/math/analysis/UnivariateRealFunction;DDDDDD)D#298#375 prob_bp = 0.50000000000243840000
org.apache.commons.math.analysis.solvers.BrentSolver:solve:(Lorg/apache/commons/math/analysis/UnivariateRealFunction;DDDDDD)D#295#355 prob_bp = 0.50000000000284540000
org.apache.commons.math.analysis.solvers.BrentSolver:solve:(Lorg/apache/commons/math/analysis/UnivariateRealFunction;DDDDDD)D#304#420 prob_bp = 0.50000000000438400000
org.apache.commons.math.analysis.solvers.BrentSolver:solve:(Lorg/apache/commons/math/analysis/UnivariateRealFunction;DDDDDD)D#247#95 prob_bp = 0.50000000000453580000
org.apache.commons.math.analysis.solvers.BrentSolver:solve:(Lorg/apache/commons/math/analysis/UnivariateRealFunction;DDDDDD)D#232#38 prob_bp = 0.50000000000472410000
org.apache.commons.math.analysis.solvers.BrentSolver:solve:(Lorg/apache/commons/math/analysis/UnivariateRealFunction;DDDDDD)D#304#419 prob_bp = 0.50000000000835830000
org.apache.commons.math.analysis.solvers.BrentSolver:solve:(Lorg/apache/commons/math/analysis/UnivariateRealFunction;DDDDDD)D#230#32 prob_bp = 0.50000000000943550000
org.apache.commons.math.analysis.solvers.BrentSolver:solve:(Lorg/apache/commons/math/analysis/UnivariateRealFunction;DDDDDD)D#295#357 prob_bp = 0.50000000000991280000
org.apache.commons.math.analysis.solvers.BrentSolver:solve:(Lorg/apache/commons/math/analysis/UnivariateRealFunction;DDD)D#132#148 prob_bp = 0.50000000001248980000
org.apache.commons.math.analysis.solvers.BrentSolver:solve:(Lorg/apache/commons/math/analysis/UnivariateRealFunction;DDDDDD)D#297#367#unexe#6 prob_bp = 0.50000000001255900000
org.apache.commons.math.analysis.solvers.BrentSolver:solve:(Lorg/apache/commons/math/analysis/UnivariateRealFunction;DDD)D#132#149 prob_bp = 0.50000000001293120000
org.apache.commons.math.analysis.solvers.BrentSolver:solve:(Lorg/apache/commons/math/analysis/UnivariateRealFunction;DDDDDD)D#247#91 prob_bp = 0.50000000001388320000
org.apache.commons.math.analysis.solvers.BrentSolver:solve:(Lorg/apache/commons/math/analysis/UnivariateRealFunction;DDDDDD)D#247#97 prob_bp = 0.50000000001493890000
org.apache.commons.math.analysis.solvers.BrentSolver:solve:(Lorg/apache/commons/math/analysis/UnivariateRealFunction;DDDDDD)D#304#422 prob_bp = 0.50000000001503900000
org.apache.commons.math.analysis.solvers.BrentSolver:solve:(Lorg/apache/commons/math/analysis/UnivariateRealFunction;DDDDDD)D#234#43 prob_bp = 0.50000000001690830000
org.apache.commons.math.analysis.solvers.BrentSolver:solve:(Lorg/apache/commons/math/analysis/UnivariateRealFunction;DDDDDD)D#247#92 prob_bp = 0.50000000001998080000
org.apache.commons.math.analysis.solvers.BrentSolver:solve:(Lorg/apache/commons/math/analysis/UnivariateRealFunction;DDD)D#114#67 prob_bp = 0.50000000003019000000
org.apache.commons.math.analysis.solvers.BrentSolver:solve:(Lorg/apache/commons/math/analysis/UnivariateRealFunction;DDDDDD)D#307#459 prob_bp = 0.50000000003376110000
org.apache.commons.math.analysis.solvers.BrentSolver:solve:(Lorg/apache/commons/math/analysis/UnivariateRealFunction;DDDDDD)D#247#100 prob_bp = 0.50000000004798820000
org.apache.commons.math.analysis.solvers.BrentSolver:solve:(Lorg/apache/commons/math/analysis/UnivariateRealFunction;DDDDDD)D#234#44 prob_bp = 0.50000000006057300000
org.apache.commons.math.analysis.solvers.BrentSolver:solve:(Lorg/apache/commons/math/analysis/UnivariateRealFunction;DDDDDD)D#305#433 prob_bp = 0.50000000010998190000
org.apache.commons.math.analysis.solvers.BrentSolver:solve:(Lorg/apache/commons/math/analysis/UnivariateRealFunction;DDDDDD)D#305#445 prob_bp = 0.50000000010998410000
org.apache.commons.math.analysis.solvers.BrentSolver:solve:(Lorg/apache/commons/math/analysis/UnivariateRealFunction;DDDDDD)D#307#461 prob_bp = 0.50000000012767580000
org.apache.commons.math.analysis.solvers.BrentSolver:solve:(Lorg/apache/commons/math/analysis/UnivariateRealFunction;DDDDDD)D#294#352 prob_bp = 0.50000000014843140000
org.apache.commons.math.analysis.solvers.BrentSolver:solve:(Lorg/apache/commons/math/analysis/UnivariateRealFunction;DDDDDD)D#230#33#unexe#10 prob_bp = 0.50000000021704740000
org.apache.commons.math.analysis.solvers.BrentSolver:solve:(Lorg/apache/commons/math/analysis/UnivariateRealFunction;DDD)D#103#5 prob_bp = 0.50000000023942290000
org.apache.commons.math.analysis.solvers.BrentSolver:solve:(Lorg/apache/commons/math/analysis/UnivariateRealFunction;DDD)D#120#89 prob_bp = 0.50000000024100650000
org.apache.commons.math.analysis.solvers.UnivariateRealSolverImpl:verifySequence:(DDD)V#225#1 prob_bp = 0.50000000030920280000
org.apache.commons.math.analysis.solvers.BrentSolver:<init>:()V#61#1 prob_bp = 0.50000000036709490000
org.apache.commons.math.analysis.solvers.UnivariateRealSolverImpl:<init>:(ID)V#93#1 prob_bp = 0.50000000038878430000
org.apache.commons.math.analysis.solvers.BrentSolver:solve:(Lorg/apache/commons/math/analysis/UnivariateRealFunction;DDDDDD)D#305#453#unexe#12 prob_bp = 0.50000000049752460000
org.apache.commons.math.analysis.solvers.BrentSolver:solve:(Lorg/apache/commons/math/analysis/UnivariateRealFunction;DDDDDD)D#294#354 prob_bp = 0.50000000051127800000
org.apache.commons.math.analysis.solvers.BrentSolver:solve:(Lorg/apache/commons/math/analysis/UnivariateRealFunction;DDDDDD)D#305#436 prob_bp = 0.50000000058846130000
org.apache.commons.math.analysis.solvers.BrentSolver:solve:(Lorg/apache/commons/math/analysis/UnivariateRealFunction;DDDDDD)D#305#448 prob_bp = 0.50000000058846200000
org.apache.commons.math.ConvergingAlgorithmImpl:<init>:(ID)V#67#35 prob_bp = 0.50000000062863380000
org.apache.commons.math.ConvergingAlgorithmImpl:<init>:(ID)V#67#34 prob_bp = 0.50000000063236000000
org.apache.commons.math.analysis.solvers.BrentSolver:solve:(Lorg/apache/commons/math/analysis/UnivariateRealFunction;DD)D#173#35 prob_bp = 0.50000000066208260000
org.apache.commons.math.analysis.solvers.BrentSolver:solve:(Lorg/apache/commons/math/analysis/UnivariateRealFunction;DD)D#173#37 prob_bp = 0.50000000066219650000
org.apache.commons.math.analysis.solvers.BrentSolver:solve:(Lorg/apache/commons/math/analysis/UnivariateRealFunction;DDDDDD)D#246#86 prob_bp = 0.50000000077748840000
org.apache.commons.math.analysis.solvers.BrentSolver:solve:(Lorg/apache/commons/math/analysis/UnivariateRealFunction;DDDDDD)D#246#84 prob_bp = 0.50000000077778180000
org.apache.commons.math.ConvergingAlgorithmImpl:<init>:(ID)V#67#36 prob_bp = 0.50000000078016800000
org.apache.commons.math.analysis.solvers.BrentSolver:solve:(Lorg/apache/commons/math/analysis/UnivariateRealFunction;DDDDDD)D#305#453 prob_bp = 0.50000000087350850000
org.apache.commons.math.analysis.solvers.UnivariateRealSolverImpl:isSequence:(DDD)Z#196#0 prob_bp = 0.50000000097694420000
org.apache.commons.math.analysis.solvers.UnivariateRealSolverImpl:isSequence:(DDD)Z#196#1 prob_bp = 0.50000000097694470000
org.apache.commons.math.analysis.solvers.BrentSolver:solve:(Lorg/apache/commons/math/analysis/UnivariateRealFunction;DDD)D#103#8 prob_bp = 0.50000000129689240000
org.apache.commons.math.analysis.solvers.BrentSolver:solve:(Lorg/apache/commons/math/analysis/UnivariateRealFunction;DDDDDD)D#247#101 prob_bp = 0.50000000148035440000
org.apache.commons.math.analysis.solvers.BrentSolver:solve:(Lorg/apache/commons/math/analysis/UnivariateRealFunction;DDD)D#103#6 prob_bp = 0.50000000153631510000
org.apache.commons.math.analysis.solvers.BrentSolver:solve:(Lorg/apache/commons/math/analysis/UnivariateRealFunction;DDDDDD)D#304#427 prob_bp = 0.50000000161209900000
org.apache.commons.math.analysis.solvers.UnivariateRealSolverImpl:verifySequence:(DDD)V#225#3 prob_bp = 0.50000000167487220000
org.apache.commons.math.analysis.solvers.BrentSolver:solve:(Lorg/apache/commons/math/analysis/UnivariateRealFunction;DD)D#173#39 prob_bp = 0.50000000173447050000
org.apache.commons.math.analysis.solvers.BrentSolver:solve:(Lorg/apache/commons/math/analysis/UnivariateRealFunction;DDDDDD)D#306#456 prob_bp = 0.50000000173563770000
org.apache.commons.math.analysis.solvers.BrentSolver:solve:(Lorg/apache/commons/math/analysis/UnivariateRealFunction;DDD)D#126#128 prob_bp = 0.50000000192639480000
org.apache.commons.math.analysis.solvers.BrentSolver:solve:(Lorg/apache/commons/math/analysis/UnivariateRealFunction;DDDDDD)D#236#50 prob_bp = 0.50000000195421420000
org.apache.commons.math.analysis.solvers.UnivariateRealSolverImpl:verifySequence:(DDD)V#225#2 prob_bp = 0.50000000198407490000
org.apache.commons.math.analysis.solvers.BrentSolver:solve:(Lorg/apache/commons/math/analysis/UnivariateRealFunction;DDDDDD)D#247#102 prob_bp = 0.50000000216379450000
org.apache.commons.math.analysis.solvers.UnivariateRealSolverImpl:isSequence:(DDD)Z#196#2 prob_bp = 0.50000000253793440000
org.apache.commons.math.analysis.solvers.BrentSolver:solve:(Lorg/apache/commons/math/analysis/UnivariateRealFunction;DDDDDD)D#246#88 prob_bp = 0.50000000254549440000
org.apache.commons.math.analysis.solvers.BrentSolver:solve:(Lorg/apache/commons/math/analysis/UnivariateRealFunction;DDD)D#103#10 prob_bp = 0.50000000329140060000
org.apache.commons.math.analysis.solvers.UnivariateRealSolverImpl:<init>:(ID)V#94#11 prob_bp = 0.50000000415023770000
org.apache.commons.math.analysis.solvers.UnivariateRealSolverImpl:<init>:(ID)V#94#12 prob_bp = 0.50000000435869950000
org.apache.commons.math.analysis.solvers.UnivariateRealSolverImpl:<init>:(ID)V#94#15 prob_bp = 0.50000000444675420000
org.apache.commons.math.analysis.solvers.UnivariateRealSolverImpl:<init>:(ID)V#95#19 prob_bp = 0.50000000525731580000
org.apache.commons.math.analysis.solvers.UnivariateRealSolverImpl:isSequence:(DDD)Z#196#7 prob_bp = 0.50000000529185960000
org.apache.commons.math.analysis.solvers.UnivariateRealSolverImpl:isSequence:(DDD)Z#196#6 prob_bp = 0.50000000529185980000
org.apache.commons.math.analysis.solvers.UnivariateRealSolverImpl:<init>:(ID)V#95#20 prob_bp = 0.50000000563293840000
org.apache.commons.math.analysis.solvers.UnivariateRealSolverImpl:verifySequence:(DDD)V#225#5 prob_bp = 0.50000000606162060000
org.apache.commons.math.analysis.solvers.BrentSolver:solve:(Lorg/apache/commons/math/analysis/UnivariateRealFunction;DDDDDD)D#247#105 prob_bp = 0.50000000613129490000
org.apache.commons.math.analysis.solvers.BrentSolver:solve:(Lorg/apache/commons/math/analysis/UnivariateRealFunction;DDDDDD)D#306#457 prob_bp = 0.50000000655728760000
org.apache.commons.math.analysis.solvers.BrentSolver:solve:(Lorg/apache/commons/math/analysis/UnivariateRealFunction;DDDDDD)D#236#52 prob_bp = 0.50000000717189030000
org.apache.commons.math.analysis.solvers.UnivariateRealSolverImpl:isSequence:(DDD)Z#196#9 prob_bp = 0.50000001478284170000
org.apache.commons.math.analysis.solvers.BrentSolver:solve:(Lorg/apache/commons/math/analysis/UnivariateRealFunction;DDD)D#132#150 prob_bp = 0.50000001538354230000
org.apache.commons.math.analysis.solvers.BrentSolver:solve:(Lorg/apache/commons/math/analysis/UnivariateRealFunction;DDD)D#106#13 prob_bp = 0.50000001802762670000
org.apache.commons.math.analysis.solvers.BrentSolver:solve:(Lorg/apache/commons/math/analysis/UnivariateRealFunction;DDD)D#106#14 prob_bp = 0.50000001802762670000
org.apache.commons.math.analysis.solvers.BrentSolver:solve:(Lorg/apache/commons/math/analysis/UnivariateRealFunction;DDD)D#106#16 prob_bp = 0.50000001949220940000
org.apache.commons.math.analysis.solvers.UnivariateRealSolverImpl:<init>:(ID)V#95#18 prob_bp = 0.50000002017247970000
org.apache.commons.math.analysis.solvers.UnivariateRealSolverImpl:<init>:(ID)V#95#23 prob_bp = 0.50000002161400580000
org.apache.commons.math.analysis.solvers.BrentSolver:solve:(Lorg/apache/commons/math/analysis/UnivariateRealFunction;DDDDDD)D#305#453#unexe#10 prob_bp = 0.50000002554540900000
org.apache.commons.math.analysis.solvers.BrentSolver:solve:(Lorg/apache/commons/math/analysis/UnivariateRealFunction;DDDDDD)D#230#33#unexe#8 prob_bp = 0.50000003286264770000
org.apache.commons.math.analysis.solvers.BrentSolver:solve:(Lorg/apache/commons/math/analysis/UnivariateRealFunction;DDD)D#106#21 prob_bp = 0.50000005833430010000
org.apache.commons.math.analysis.solvers.BrentSolver:solve:(Lorg/apache/commons/math/analysis/UnivariateRealFunction;DDDDDD)D#228#10 prob_bp = 0.50000006644671820000
org.apache.commons.math.analysis.solvers.BrentSolver:solve:(Lorg/apache/commons/math/analysis/UnivariateRealFunction;DDDDDD)D#228#11 prob_bp = 0.50000006879496350000
org.apache.commons.math.analysis.solvers.BrentSolver:solve:(Lorg/apache/commons/math/analysis/UnivariateRealFunction;DDD)D#107#28 prob_bp = 0.50000009100595470000
org.apache.commons.math.analysis.solvers.BrentSolver:solve:(Lorg/apache/commons/math/analysis/UnivariateRealFunction;DDD)D#107#29 prob_bp = 0.50000009813062460000
org.apache.commons.math.analysis.solvers.BrentSolver:solve:(Lorg/apache/commons/math/analysis/UnivariateRealFunction;DDDDDD)D#233#39 prob_bp = 0.50000010032245660000
org.apache.commons.math.analysis.solvers.BrentSolver:solve:(Lorg/apache/commons/math/analysis/UnivariateRealFunction;DDDDDD)D#239#58 prob_bp = 0.50000011911259670000
org.apache.commons.math.analysis.solvers.BrentSolver:solve:(Lorg/apache/commons/math/analysis/UnivariateRealFunction;DDD)D#107#23 prob_bp = 0.50000019543460070000
org.apache.commons.math.analysis.solvers.BrentSolver:solve:(Lorg/apache/commons/math/analysis/UnivariateRealFunction;DD)D#169#16 prob_bp = 0.50000020689832490000
org.apache.commons.math.analysis.solvers.BrentSolver:solve:(Lorg/apache/commons/math/analysis/UnivariateRealFunction;DD)D#169#17 prob_bp = 0.50000020689845330000
org.apache.commons.math.analysis.solvers.BrentSolver:solve:(Lorg/apache/commons/math/analysis/UnivariateRealFunction;DDDDDD)D#230#33 prob_bp = 0.50000020773588870000
org.apache.commons.math.analysis.solvers.BrentSolver:solve:(Lorg/apache/commons/math/analysis/UnivariateRealFunction;DD)D#169#18 prob_bp = 0.50000021368929100000
org.apache.commons.math.analysis.solvers.BrentSolver:solve:(Lorg/apache/commons/math/analysis/UnivariateRealFunction;DD)D#173#40 prob_bp = 0.50000022441425750000
org.apache.commons.math.analysis.solvers.BrentSolver:solve:(Lorg/apache/commons/math/analysis/UnivariateRealFunction;DDDDDD)D#239#63 prob_bp = 0.50000027112786920000
org.apache.commons.math.analysis.solvers.BrentSolver:solve:(Lorg/apache/commons/math/analysis/UnivariateRealFunction;DD)D#169#23 prob_bp = 0.50000028629402540000
org.apache.commons.math.analysis.solvers.BrentSolver:solve:(Lorg/apache/commons/math/analysis/UnivariateRealFunction;DDDDDD)D#233#41 prob_bp = 0.50000036834497060000
org.apache.commons.math.analysis.solvers.BrentSolver:solve:(Lorg/apache/commons/math/analysis/UnivariateRealFunction;DDDDDD)D#246#89 prob_bp = 0.50000038786137850000
org.apache.commons.math.analysis.solvers.BrentSolver:solve:(Lorg/apache/commons/math/analysis/UnivariateRealFunction;DDDDDD)D#311#473 prob_bp = 0.50000042668583230000
org.apache.commons.math.analysis.solvers.BrentSolver:solve:(Lorg/apache/commons/math/analysis/UnivariateRealFunction;DDDDDD)D#239#64 prob_bp = 0.50000042696458270000
org.apache.commons.math.analysis.solvers.BrentSolver:solve:(Lorg/apache/commons/math/analysis/UnivariateRealFunction;DDDDDD)D#239#60 prob_bp = 0.50000045955076110000
org.apache.commons.math.analysis.solvers.BrentSolver:solve:(Lorg/apache/commons/math/analysis/UnivariateRealFunction;DDDDDD)D#229#15 prob_bp = 0.50000046951174400000
org.apache.commons.math.analysis.solvers.BrentSolver:solve:(Lorg/apache/commons/math/analysis/UnivariateRealFunction;DD)D#176#49 prob_bp = 0.50000052142320250000
org.apache.commons.math.analysis.solvers.BrentSolver:solve:(Lorg/apache/commons/math/analysis/UnivariateRealFunction;DDD)D#107#25 prob_bp = 0.50000067935549930000
org.apache.commons.math.analysis.solvers.BrentSolver:solve:(Lorg/apache/commons/math/analysis/UnivariateRealFunction;DDDDDD)D#229#16 prob_bp = 0.50000069895020550000
org.apache.commons.math.analysis.solvers.BrentSolver:solve:(Lorg/apache/commons/math/analysis/UnivariateRealFunction;DDDDDD)D#229#13 prob_bp = 0.50000077565117960000
org.apache.commons.math.analysis.solvers.BrentSolver:solve:(Lorg/apache/commons/math/analysis/UnivariateRealFunction;DD)D#174#42 prob_bp = 0.50000085163093470000
org.apache.commons.math.analysis.solvers.BrentSolver:solve:(Lorg/apache/commons/math/analysis/UnivariateRealFunction;DDDDDD)D#247#108 prob_bp = 0.50000123764409550000
org.apache.commons.math.analysis.solvers.BrentSolver:solve:(Lorg/apache/commons/math/analysis/UnivariateRealFunction;DDDDDD)D#230#33#unexe#6 prob_bp = 0.50000132905518890000
org.apache.commons.math.analysis.solvers.BrentSolver:solve:(Lorg/apache/commons/math/analysis/UnivariateRealFunction;DD)D#176#51 prob_bp = 0.50000133392302130000
org.apache.commons.math.analysis.solvers.BrentSolver:solve:(Lorg/apache/commons/math/analysis/UnivariateRealFunction;DDDDDD)D#249#110 prob_bp = 0.50000159212655120000
org.apache.commons.math.analysis.solvers.BrentSolver:solve:(Lorg/apache/commons/math/analysis/UnivariateRealFunction;DDDDDD)D#239#67 prob_bp = 0.50000180305196800000
org.apache.commons.math.analysis.solvers.BrentSolver:solve:(Lorg/apache/commons/math/analysis/UnivariateRealFunction;DD)D#165#5 prob_bp = 0.50000213224463960000
org.apache.commons.math.analysis.solvers.BrentSolver:solve:(Lorg/apache/commons/math/analysis/UnivariateRealFunction;DD)D#165#6 prob_bp = 0.50000213224464000000
org.apache.commons.math.analysis.solvers.UnivariateRealSolverImpl:verifyInterval:(DD)V#208#0 prob_bp = 0.50000226495847180000
org.apache.commons.math.analysis.solvers.UnivariateRealSolverImpl:verifyInterval:(DD)V#208#1 prob_bp = 0.50000226495847210000
org.apache.commons.math.analysis.solvers.BrentSolver:solve:(Lorg/apache/commons/math/analysis/UnivariateRealFunction;DD)D#170#25 prob_bp = 0.50000232068843630000
org.apache.commons.math.analysis.solvers.BrentSolver:solve:(Lorg/apache/commons/math/analysis/UnivariateRealFunction;DD)D#170#26 prob_bp = 0.50000232068856460000
org.apache.commons.math.analysis.solvers.BrentSolver:solve:(Lorg/apache/commons/math/analysis/UnivariateRealFunction;DDD)D#107#32 prob_bp = 0.50000238744509510000
org.apache.commons.math.analysis.solvers.BrentSolver:solve:(Lorg/apache/commons/math/analysis/UnivariateRealFunction;DD)D#170#28 prob_bp = 0.50000239673769440000
org.apache.commons.math.analysis.solvers.UnivariateRealSolverImpl:verifyInterval:(DD)V#208#2 prob_bp = 0.50000244858707230000
org.apache.commons.math.analysis.solvers.BrentSolver:solve:(Lorg/apache/commons/math/analysis/UnivariateRealFunction;DDDDDD)D#229#19 prob_bp = 0.50000246226828660000
org.apache.commons.math.analysis.solvers.BrentSolver:solve:(Lorg/apache/commons/math/analysis/UnivariateRealFunction;DD)D#174#44 prob_bp = 0.50000294283216870000
org.apache.commons.math.analysis.solvers.BrentSolver:solve:(Lorg/apache/commons/math/analysis/UnivariateRealFunction;DD)D#174#45 prob_bp = 0.50000304145811800000
org.apache.commons.math.analysis.solvers.BrentSolver:solve:(Lorg/apache/commons/math/analysis/UnivariateRealFunction;DD)D#170#33 prob_bp = 0.50000320573228020000
org.apache.commons.math.analysis.solvers.BrentSolver:solve:(Lorg/apache/commons/math/analysis/UnivariateRealFunction;DD)D#176#54 prob_bp = 0.50000327855277450000
org.apache.commons.math.analysis.solvers.BrentSolver:solve:(Lorg/apache/commons/math/analysis/UnivariateRealFunction;DD)D#176#55 prob_bp = 0.50000339231684310000
org.apache.commons.math.analysis.solvers.BrentSolver:solve:(Lorg/apache/commons/math/analysis/UnivariateRealFunction;DD)D#176#58 prob_bp = 0.50000413755663010000
org.apache.commons.math.analysis.solvers.BrentSolver:solve:(Lorg/apache/commons/math/analysis/UnivariateRealFunction;DD)D#165#8 prob_bp = 0.50000435168201020000
org.apache.commons.math.analysis.solvers.BrentSolver:solve:(Lorg/apache/commons/math/analysis/UnivariateRealFunction;DDDDDD)D#249#115 prob_bp = 0.50000506604474730000
org.apache.commons.math.analysis.solvers.BrentSolver:solve:(Lorg/apache/commons/math/analysis/UnivariateRealFunction;DDDDDD)D#249#112 prob_bp = 0.50000533479322420000
org.apache.commons.math.analysis.solvers.BrentSolver:solve:(Lorg/apache/commons/math/analysis/UnivariateRealFunction;DD)D#179#74 prob_bp = 0.50000583066749700000
org.apache.commons.math.analysis.solvers.BrentSolver:solve:(Lorg/apache/commons/math/analysis/UnivariateRealFunction;DD)D#179#76 prob_bp = 0.50001421063741790000
org.apache.commons.math.analysis.solvers.BrentSolver:solve:(Lorg/apache/commons/math/analysis/UnivariateRealFunction;DDDDDD)D#249#117 prob_bp = 0.50001688132587680000
org.apache.commons.math.analysis.solvers.UnivariateRealSolverImpl:isSequence:(DDD)Z#196#3 prob_bp = 0.50002940570333740000
org.apache.commons.math.analysis.solvers.BrentSolver:solve:(Lorg/apache/commons/math/analysis/UnivariateRealFunction;DD)D#179#79 prob_bp = 0.50003333200052800000
org.apache.commons.math.analysis.solvers.BrentSolver:solve:(Lorg/apache/commons/math/analysis/UnivariateRealFunction;DD)D#179#80 prob_bp = 0.50003440319364350000
org.apache.commons.math.analysis.solvers.BrentSolver:solve:(Lorg/apache/commons/math/analysis/UnivariateRealFunction;DD)D#179#83 prob_bp = 0.50004095976853590000
org.apache.commons.math.analysis.solvers.UnivariateRealSolverImpl:isSequence:(DDD)Z#196#10 prob_bp = 0.50020947960584210000
org.apache.commons.math.analysis.solvers.UnivariateRealSolverImpl:verifyInterval:(DD)V#208#3 prob_bp = 0.50039424602312070000
org.apache.commons.math.analysis.solvers.UnivariateRealSolverImpl:isSequence:(DDD)Z#196#13 prob_bp = 0.50164999757246260000
org.apache.commons.math.analysis.solvers.UnivariateRealSolverImpl:isSequence:(DDD)Z#196#18 prob_bp = 0.50170820031863140000
org.apache.commons.math.analysis.solvers.UnivariateRealSolverImpl:verifySequence:(DDD)V#225#8 prob_bp = 0.50188857441861940000
org.apache.commons.math.analysis.solvers.BrentSolver:solve:(Lorg/apache/commons/math/analysis/UnivariateRealFunction;DD)D#174#46 prob_bp = 0.50236159247836020000
org.apache.commons.math.analysis.solvers.BrentSolver:<init>:()V#61#3 prob_bp = 0.51246662395239180000
org.apache.commons.math.analysis.solvers.BrentSolver:<init>:()V#61#0 prob_bp = 0.51246665051916670000
org.apache.commons.math.analysis.solvers.UnivariateRealSolverImpl:<init>:(ID)V#93#2 prob_bp = 0.51321493480267090000
org.apache.commons.math.analysis.solvers.UnivariateRealSolverImpl:<init>:(ID)V#93#0 prob_bp = 0.51321493555136240000
org.apache.commons.math.ConvergingAlgorithmImpl:<init>:(ID)V#64#17 prob_bp = 0.51618944982489300000
org.apache.commons.math.ConvergingAlgorithmImpl:<init>:(ID)V#64#16 prob_bp = 0.51618945003890220000
org.apache.commons.math.analysis.solvers.BrentSolver:solve:(Lorg/apache/commons/math/analysis/UnivariateRealFunction;DD)D#176#59 prob_bp = 0.51743922052508730000
org.apache.commons.math.ConvergingAlgorithmImpl:<init>:(ID)V#64#18 prob_bp = 0.52017241105105070000
org.apache.commons.math.analysis.solvers.BrentSolver:<init>:()V#61#6 prob_bp = 0.52482053821861820000
org.apache.commons.math.analysis.solvers.UnivariateRealSolverImpl:<init>:(ID)V#93#3 prob_bp = 0.52766957662801180000
org.apache.commons.math.analysis.solvers.BrentSolver:solve:(Lorg/apache/commons/math/analysis/UnivariateRealFunction;DDDDDD)D#239#68 prob_bp = 0.53797709989621410000
org.apache.commons.math.analysis.solvers.BrentSolver:solve:(Lorg/apache/commons/math/analysis/UnivariateRealFunction;DDD)D#107#33 prob_bp = 0.55723654314887400000
org.apache.commons.math.analysis.solvers.BrentSolver:solve:(Lorg/apache/commons/math/analysis/UnivariateRealFunction;DD)D#179#84 prob_bp = 0.62343278949899180000
org.apache.commons.math.analysis.solvers.BrentSolver:solve:(Lorg/apache/commons/math/analysis/UnivariateRealFunction;DDDDDD)D#249#118 prob_bp = 0.69592797059941870000
org.apache.commons.math.analysis.solvers.BrentSolverTest:testBadEndpoints:()V#318#0 prob_bp = 1.00000000000000000000
org.apache.commons.math.analysis.solvers.BrentSolverTest:testBadEndpoints:()V#318#7 prob_bp = 1.00000000000000000000
org.apache.commons.math.analysis.solvers.BrentSolverTest:testBadEndpoints:()V#319#8 prob_bp = 1.00000000000000000000
org.apache.commons.math.analysis.solvers.BrentSolverTest:testBadEndpoints:()V#319#11 prob_bp = 1.00000000000000000000
org.apache.commons.math.analysis.solvers.BrentSolverTest:testBadEndpoints:()V#319#12 prob_bp = 1.00000000000000000000
org.apache.commons.math.analysis.solvers.BrentSolverTest:testBadEndpoints:()V#319#15 prob_bp = 1.00000000000000000000
org.apache.commons.math.analysis.solvers.BrentSolverTest:testBadEndpoints:()V#321#18 prob_bp = 1.00000000000000000000
org.apache.commons.math.analysis.solvers.BrentSolverTest:testBadEndpoints:()V#321#19 prob_bp = 1.00000000000000000000
org.apache.commons.math.analysis.solvers.BrentSolverTest:testBadEndpoints:()V#321#22 prob_bp = 1.00000000000000000000
org.apache.commons.math.analysis.solvers.BrentSolverTest:testBadEndpoints:()V#327#37 prob_bp = 1.00000000000000000000
org.apache.commons.math.analysis.solvers.BrentSolverTest:testBadEndpoints:()V#327#38 prob_bp = 1.00000000000000000000
org.apache.commons.math.analysis.solvers.BrentSolverTest:testBadEndpoints:()V#327#39 prob_bp = 1.00000000000000000000
org.apache.commons.math.analysis.solvers.BrentSolverTest:testBadEndpoints:()V#327#40 prob_bp = 1.00000000000000000000
org.apache.commons.math.analysis.solvers.BrentSolverTest:testBadEndpoints:()V#327#43 prob_bp = 1.00000000000000000000
org.apache.commons.math.analysis.solvers.BrentSolverTest:testBadEndpoints:()V#333#58 prob_bp = 1.00000000000000000000
org.apache.commons.math.analysis.solvers.BrentSolverTest:testBadEndpoints:()V#333#59 prob_bp = 1.00000000000000000000
org.apache.commons.math.analysis.solvers.BrentSolverTest:testBadEndpoints:()V#333#60 prob_bp = 1.00000000000000000000
org.apache.commons.math.analysis.solvers.BrentSolverTest:testBadEndpoints:()V#333#61 prob_bp = 1.00000000000000000000
org.apache.commons.math.analysis.solvers.BrentSolverTest:testBadEndpoints:()V#333#64 prob_bp = 1.00000000000000000000
org.apache.commons.math.analysis.solvers.BrentSolverTest:testBadEndpoints:()V#333#67 prob_bp = 1.00000000000000000000
org.apache.commons.math.analysis.solvers.BrentSolverTest:testBadEndpoints:()V#334#73 prob_bp = 1.00000000000000000000
org.apache.commons.math.analysis.solvers.BrentSolverTest:testBadEndpoints:()V#334#75 prob_bp = 1.00000000000000000000
Belief propagation time : 46.443000s
