Belief propagation time: 51

Probabilities: 
Vars:91232
Stmts:9293
org.jfree.data.general.AbstractDataset:hasListener:(Ljava/util/EventListener;)Z#161#18 prob_bp = 0.49937541718335420000
org.jfree.data.general.AbstractDataset:hasListener:(Ljava/util/EventListener;)Z#161#13 prob_bp = 0.49999991701701330000
org.jfree.data.general.AbstractDataset:hasListener:(Ljava/util/EventListener;)Z#161#12 prob_bp = 0.49999994525159835000
org.jfree.data.general.AbstractDataset:hasListener:(Ljava/util/EventListener;)Z#161#11 prob_bp = 0.49999997956393040000
org.jfree.data.general.AbstractDataset:hasListener:(Ljava/util/EventListener;)Z#160#10 prob_bp = 0.49999999500908430000
org.jfree.data.general.AbstractDataset:hasListener:(Ljava/util/EventListener;)Z#160#7 prob_bp = 0.49999999882306567000
org.jfree.data.general.AbstractDataset:hasListener:(Ljava/util/EventListener;)Z#160#4 prob_bp = 0.49999999976487897000
org.jfree.data.general.AbstractDataset:hasListener:(Ljava/util/EventListener;)Z#160#1 prob_bp = 0.49999999999744770000
org.jfree.data.general.AbstractDataset:hasListener:(Ljava/util/EventListener;)Z#160#0 prob_bp = 0.49999999999831280000
org.jfree.chart.title.Title:<init>:(Lorg/jfree/chart/util/RectangleEdge;Lorg/jfree/chart/util/HorizontalAlignment;Lorg/jfree/chart/util/VerticalAlignment;Lorg/jfree/chart/util/RectangleInsets;)V#172#1 prob_bp = 0.49999999999999970000
org.jfree.chart.plot.MultiplePiePlot:<init>:(Lorg/jfree/data/category/CategoryDataset;)V#146#22 prob_bp = 0.49999999999999994000
org.jfree.chart.plot.MultiplePiePlot:<init>:(Lorg/jfree/data/category/CategoryDataset;)V#147#23 prob_bp = 0.49999999999999994000
org.jfree.chart.title.Title:<init>:()V#131#13 prob_bp = 0.49999999999999994000
org.jfree.chart.block.BlockContainer:<init>:(Lorg/jfree/chart/block/Arrangement;)V#96#5 prob_bp = 0.49999999999999994000
org.jfree.chart.plot.PiePlot:<init>:(Lorg/jfree/data/general/PieDataset;)V#540#297 prob_bp = 0.50000000000000000000
org.jfree.chart.JFreeChart:<init>:(Lorg/jfree/chart/plot/Plot;)V#327#0 prob_bp = 0.50000000000000000000
org.jfree.chart.JFreeChart:<init>:(Lorg/jfree/chart/plot/Plot;)V#327#3 prob_bp = 0.50000000000000000000
org.jfree.chart.JFreeChart:<init>:(Lorg/jfree/chart/plot/Plot;)V#327#4 prob_bp = 0.50000000000000000000
org.jfree.chart.JFreeChart:<init>:(Ljava/lang/String;Ljava/awt/Font;Lorg/jfree/chart/plot/Plot;Z)V#393#134 prob_bp = 0.50000000000000000000
org.jfree.chart.title.LegendTitle:<init>:(Lorg/jfree/chart/LegendItemSource;)V#162#0 prob_bp = 0.50000000000000000000
org.jfree.chart.title.LegendTitle:<init>:(Lorg/jfree/chart/LegendItemSource;Lorg/jfree/chart/block/Arrangement;Lorg/jfree/chart/block/Arrangement;)V#175#0 prob_bp = 0.50000000000000000000
org.jfree.chart.title.LegendTitle:<init>:(Lorg/jfree/chart/LegendItemSource;Lorg/jfree/chart/block/Arrangement;Lorg/jfree/chart/block/Arrangement;)V#175#1 prob_bp = 0.50000000000000000000
org.jfree.chart.title.Title:<init>:()V#131#0 prob_bp = 0.50000000000000000000
org.jfree.chart.title.Title:<init>:()V#131#4 prob_bp = 0.50000000000000000000
org.jfree.chart.title.Title:<init>:()V#131#7 prob_bp = 0.50000000000000000000
org.jfree.chart.title.LegendTitle:<init>:(Lorg/jfree/chart/LegendItemSource;Lorg/jfree/chart/block/Arrangement;Lorg/jfree/chart/block/Arrangement;)V#177#21 prob_bp = 0.50000000000000000000
org.jfree.chart.block.BlockContainer:<init>:(Lorg/jfree/chart/block/Arrangement;)V#96#4 prob_bp = 0.50000000000000000000
org.jfree.chart.block.LineBorder:<init>:()V#82#4 prob_bp = 0.50000000000000000000
org.jfree.chart.block.LineBorder:<init>:(Ljava/awt/Paint;Ljava/awt/Stroke;Lorg/jfree/chart/util/RectangleInsets;)V#94#4 prob_bp = 0.50000000000000000000
org.jfree.chart.block.LineBorder:<init>:(Ljava/awt/Paint;Ljava/awt/Stroke;Lorg/jfree/chart/util/RectangleInsets;)V#94#5 prob_bp = 0.50000000000000000000
org.jfree.chart.block.LineBorder:<init>:(Ljava/awt/Paint;Ljava/awt/Stroke;Lorg/jfree/chart/util/RectangleInsets;)V#97#18 prob_bp = 0.50000000000000000000
org.jfree.chart.block.LineBorder:<init>:(Ljava/awt/Paint;Ljava/awt/Stroke;Lorg/jfree/chart/util/RectangleInsets;)V#97#19 prob_bp = 0.50000000000000000000
org.jfree.chart.JFreeChart:<init>:(Ljava/lang/String;Ljava/awt/Font;Lorg/jfree/chart/plot/Plot;Z)V#398#188 prob_bp = 0.50000000000000000000
org.jfree.chart.JFreeChart:<init>:(Ljava/lang/String;Ljava/awt/Font;Lorg/jfree/chart/plot/Plot;Z)V#399#200 prob_bp = 0.50000000000000000000
org.jfree.chart.title.Title:addChangeListener:(Lorg/jfree/chart/event/TitleChangeListener;)V#337#10 prob_bp = 0.50000000000000000000
org.jfree.chart.title.Title:addChangeListener:(Lorg/jfree/chart/event/TitleChangeListener;)V#337#12 prob_bp = 0.50000000000000000000
org.jfree.chart.title.Title:class$:(Ljava/lang/String;)Ljava/lang/Class;#337#0 prob_bp = 0.50000000000000000000
org.jfree.chart.title.Title:class$:(Ljava/lang/String;)Ljava/lang/Class;#337#1 prob_bp = 0.50000000000000000000
org.jfree.chart.title.Title:addChangeListener:(Lorg/jfree/chart/event/TitleChangeListener;)V#337#15 prob_bp = 0.50000000000000000000
org.jfree.chart.title.Title:addChangeListener:(Lorg/jfree/chart/event/TitleChangeListener;)V#337#16 prob_bp = 0.50000000000000000000
org.jfree.chart.plot.MultiplePiePlot:<init>:(Lorg/jfree/data/category/CategoryDataset;)V#147#32 prob_bp = 0.50000000000000000000
org.jfree.chart.plot.MultiplePiePlot:<init>:(Lorg/jfree/data/category/CategoryDataset;)V#148#35 prob_bp = 0.50000000000000000000
org.jfree.chart.plot.MultiplePiePlot:<init>:(Lorg/jfree/data/category/CategoryDataset;)V#148#36 prob_bp = 0.50000000000000000000
org.jfree.chart.plot.MultiplePiePlot:<init>:(Lorg/jfree/data/category/CategoryDataset;)V#148#39 prob_bp = 0.50000000000000000000
org.jfree.chart.JFreeChart:removeLegend:()V#664#1 prob_bp = 0.50000000000000000000
org.jfree.chart.JFreeChart:removeLegend:()V#664#2 prob_bp = 0.50000000000000000000
org.jfree.chart.title.TextTitle:<init>:(Ljava/lang/String;Ljava/awt/Font;)V#187#12 prob_bp = 0.50000000000000000000
org.jfree.chart.labels.StandardPieSectionLabelGenerator:<init>:(Ljava/lang/String;Ljava/text/NumberFormat;Ljava/text/NumberFormat;)V#141#1 prob_bp = 0.50000000000000010000
org.jfree.chart.plot.PiePlot:<init>:(Lorg/jfree/data/general/PieDataset;)V#540#282 prob_bp = 0.50000000000000010000
org.jfree.chart.plot.MultiplePiePlot:<init>:(Lorg/jfree/data/category/CategoryDataset;)V#147#24 prob_bp = 0.50000000000000010000
org.jfree.chart.plot.MultiplePiePlot:<init>:(Lorg/jfree/data/category/CategoryDataset;)V#147#27 prob_bp = 0.50000000000000010000
org.jfree.chart.plot.MultiplePiePlot:<init>:(Lorg/jfree/data/category/CategoryDataset;)V#147#28 prob_bp = 0.50000000000000010000
org.jfree.chart.JFreeChart:<init>:(Lorg/jfree/chart/plot/Plot;)V#327#5 prob_bp = 0.50000000000000010000
org.jfree.chart.JFreeChart:<init>:(Ljava/lang/String;Ljava/awt/Font;Lorg/jfree/chart/plot/Plot;Z)V#389#115 prob_bp = 0.50000000000000010000
org.jfree.chart.JFreeChart:<init>:(Ljava/lang/String;Ljava/awt/Font;Lorg/jfree/chart/plot/Plot;Z)V#392#126 prob_bp = 0.50000000000000010000
org.jfree.chart.JFreeChart:<init>:(Ljava/lang/String;Ljava/awt/Font;Lorg/jfree/chart/plot/Plot;Z)V#392#128 prob_bp = 0.50000000000000010000
org.jfree.chart.JFreeChart:<init>:(Ljava/lang/String;Ljava/awt/Font;Lorg/jfree/chart/plot/Plot;Z)V#393#139 prob_bp = 0.50000000000000010000
org.jfree.chart.title.LegendTitle:<init>:(Lorg/jfree/chart/LegendItemSource;)V#162#16 prob_bp = 0.50000000000000010000
org.jfree.chart.title.Title:<init>:()V#131#1 prob_bp = 0.50000000000000010000
org.jfree.chart.title.Title:<init>:()V#131#10 prob_bp = 0.50000000000000010000
org.jfree.chart.title.Title:<init>:(Lorg/jfree/chart/util/RectangleEdge;Lorg/jfree/chart/util/HorizontalAlignment;Lorg/jfree/chart/util/VerticalAlignment;Lorg/jfree/chart/util/RectangleInsets;)V#172#0 prob_bp = 0.50000000000000010000
org.jfree.chart.block.AbstractBlock:<init>:()V#109#0 prob_bp = 0.50000000000000010000
org.jfree.chart.title.LegendTitle:<init>:(Lorg/jfree/chart/LegendItemSource;Lorg/jfree/chart/block/Arrangement;Lorg/jfree/chart/block/Arrangement;)V#177#22 prob_bp = 0.50000000000000010000
org.jfree.chart.JFreeChart:<init>:(Ljava/lang/String;Ljava/awt/Font;Lorg/jfree/chart/plot/Plot;Z)V#394#157 prob_bp = 0.50000000000000010000
org.jfree.chart.block.AbstractBlock:setMargin:(Lorg/jfree/chart/util/RectangleInsets;)V#209#0 prob_bp = 0.50000000000000010000
org.jfree.chart.block.LineBorder:<init>:()V#82#1 prob_bp = 0.50000000000000010000
org.jfree.chart.JFreeChart:<init>:(Ljava/lang/String;Ljava/awt/Font;Lorg/jfree/chart/plot/Plot;Z)V#398#189 prob_bp = 0.50000000000000010000
org.jfree.chart.JFreeChart:<init>:(Ljava/lang/String;Ljava/awt/Font;Lorg/jfree/chart/plot/Plot;Z)V#399#203 prob_bp = 0.50000000000000010000
org.jfree.chart.title.Title:class$:(Ljava/lang/String;)Ljava/lang/Class;#337#4 prob_bp = 0.50000000000000010000
org.jfree.chart.title.TextTitle:<init>:(Ljava/lang/String;Ljava/awt/Font;)V#187#6 prob_bp = 0.50000000000000010000
org.jfree.chart.labels.StandardPieSectionLabelGenerator:<init>:(Ljava/lang/String;Ljava/text/NumberFormat;Ljava/text/NumberFormat;)V#141#2 prob_bp = 0.50000000000000020000
org.jfree.chart.labels.AbstractPieItemLabelGenerator:<init>:(Ljava/lang/String;Ljava/text/NumberFormat;Ljava/text/NumberFormat;)V#84#5 prob_bp = 0.50000000000000020000
org.jfree.chart.JFreeChart:<init>:(Ljava/lang/String;Ljava/awt/Font;Lorg/jfree/chart/plot/Plot;Z)V#389#116 prob_bp = 0.50000000000000020000
org.jfree.chart.JFreeChart:<init>:(Ljava/lang/String;Ljava/awt/Font;Lorg/jfree/chart/plot/Plot;Z)V#389#123 prob_bp = 0.50000000000000020000
org.jfree.chart.JFreeChart:<init>:(Ljava/lang/String;Ljava/awt/Font;Lorg/jfree/chart/plot/Plot;Z)V#393#142 prob_bp = 0.50000000000000020000
org.jfree.chart.JFreeChart:<init>:(Ljava/lang/String;Ljava/awt/Font;Lorg/jfree/chart/plot/Plot;Z)V#399#202 prob_bp = 0.50000000000000020000
org.jfree.chart.title.TextTitle:<init>:(Ljava/lang/String;Ljava/awt/Font;Ljava/awt/Paint;Lorg/jfree/chart/util/RectangleEdge;Lorg/jfree/chart/util/HorizontalAlignment;Lorg/jfree/chart/util/VerticalAlignment;Lorg/jfree/chart/util/RectangleInsets;)V#211#1 prob_bp = 0.50000000000000020000
org.jfree.chart.util.RectangleInsets:<init>:(Lorg/jfree/chart/util/UnitType;DDDD)V#117#5 prob_bp = 0.50000000000000030000
org.jfree.chart.util.RectangleInsets:<init>:(DDDD)V#102#10 prob_bp = 0.50000000000000030000
org.jfree.chart.JFreeChart:<init>:(Ljava/lang/String;Ljava/awt/Font;Lorg/jfree/chart/plot/Plot;Z)V#393#131 prob_bp = 0.50000000000000030000
org.jfree.chart.block.AbstractBlock:<init>:()V#109#1 prob_bp = 0.50000000000000030000
org.jfree.chart.title.Title:<init>:(Lorg/jfree/chart/util/RectangleEdge;Lorg/jfree/chart/util/HorizontalAlignment;Lorg/jfree/chart/util/VerticalAlignment;Lorg/jfree/chart/util/RectangleInsets;)V#175#4 prob_bp = 0.50000000000000030000
org.jfree.chart.title.Title:<init>:(Lorg/jfree/chart/util/RectangleEdge;Lorg/jfree/chart/util/HorizontalAlignment;Lorg/jfree/chart/util/VerticalAlignment;Lorg/jfree/chart/util/RectangleInsets;)V#175#5 prob_bp = 0.50000000000000030000
org.jfree.chart.block.AbstractBlock:setMargin:(Lorg/jfree/chart/util/RectangleInsets;)V#209#1 prob_bp = 0.50000000000000030000
org.jfree.chart.plot.MultiplePiePlot:<init>:(Lorg/jfree/data/category/CategoryDataset;)V#146#14 prob_bp = 0.50000000000000040000
org.jfree.chart.labels.AbstractPieItemLabelGenerator:<init>:(Ljava/lang/String;Ljava/text/NumberFormat;Ljava/text/NumberFormat;)V#87#18 prob_bp = 0.50000000000000040000
org.jfree.chart.util.RectangleInsets:<init>:(Lorg/jfree/chart/util/UnitType;DDDD)V#117#4 prob_bp = 0.50000000000000040000
org.jfree.chart.JFreeChart:<init>:(Ljava/lang/String;Ljava/awt/Font;Lorg/jfree/chart/plot/Plot;Z)V#398#192 prob_bp = 0.50000000000000040000
org.jfree.chart.title.TextTitle:<init>:(Ljava/lang/String;Ljava/awt/Font;)V#187#9 prob_bp = 0.50000000000000040000
org.jfree.chart.labels.StandardPieSectionLabelGenerator:<init>:()V#90#1 prob_bp = 0.50000000000000060000
org.jfree.chart.plot.MultiplePiePlot:<init>:(Lorg/jfree/data/category/CategoryDataset;)V#147#29 prob_bp = 0.50000000000000060000
org.jfree.chart.title.LegendTitle:<init>:(Lorg/jfree/chart/LegendItemSource;)V#162#2 prob_bp = 0.50000000000000060000
org.jfree.chart.JFreeChart:<init>:(Ljava/lang/String;Ljava/awt/Font;Lorg/jfree/chart/plot/Plot;Z)V#394#146 prob_bp = 0.50000000000000060000
org.jfree.chart.block.LineBorder:<init>:()V#82#12 prob_bp = 0.50000000000000060000
org.jfree.chart.block.LineBorder:<init>:()V#82#23 prob_bp = 0.50000000000000060000
org.jfree.chart.title.TextTitle:<init>:(Ljava/lang/String;Ljava/awt/Font;)V#187#15 prob_bp = 0.50000000000000060000
org.jfree.chart.labels.AbstractPieItemLabelGenerator:<init>:(Ljava/lang/String;Ljava/text/NumberFormat;Ljava/text/NumberFormat;)V#84#4 prob_bp = 0.50000000000000070000
org.jfree.chart.labels.AbstractPieItemLabelGenerator:<init>:(Ljava/lang/String;Ljava/text/NumberFormat;Ljava/text/NumberFormat;)V#87#19 prob_bp = 0.50000000000000080000
org.jfree.chart.block.LineBorder:<init>:(Ljava/awt/Paint;Ljava/awt/Stroke;Lorg/jfree/chart/util/RectangleInsets;)V#100#32 prob_bp = 0.50000000000000080000
org.jfree.chart.util.RectangleInsets:<init>:(DDDD)V#102#1 prob_bp = 0.50000000000000090000
org.jfree.chart.title.Title:<clinit>:()V#96#3 prob_bp = 0.50000000000000100000
org.jfree.chart.block.LineBorder:<init>:(Ljava/awt/Paint;Ljava/awt/Stroke;Lorg/jfree/chart/util/RectangleInsets;)V#100#33 prob_bp = 0.50000000000000100000
org.jfree.chart.title.Title:addChangeListener:(Lorg/jfree/chart/event/TitleChangeListener;)V#337#0 prob_bp = 0.50000000000000100000
org.jfree.chart.labels.StandardPieSectionLabelGenerator:<init>:()V#90#3 prob_bp = 0.50000000000000120000
org.jfree.chart.util.UnitType:<clinit>:()V#56#9 prob_bp = 0.50000000000000130000
org.jfree.chart.title.Title:addChangeListener:(Lorg/jfree/chart/event/TitleChangeListener;)V#337#1 prob_bp = 0.50000000000000430000
org.jfree.chart.JFreeChart:<init>:(Ljava/lang/String;Ljava/awt/Font;Lorg/jfree/chart/plot/Plot;Z)V#398#194 prob_bp = 0.50000000000000540000
org.jfree.chart.title.Title:<clinit>:()V#100#9 prob_bp = 0.50000000000000570000
org.jfree.chart.title.TextTitle:<init>:(Ljava/lang/String;Ljava/awt/Font;Ljava/awt/Paint;Lorg/jfree/chart/util/RectangleEdge;Lorg/jfree/chart/util/HorizontalAlignment;Lorg/jfree/chart/util/VerticalAlignment;Lorg/jfree/chart/util/RectangleInsets;)V#211#3 prob_bp = 0.50000000000000600000
org.jfree.chart.util.UnitType:<clinit>:()V#59#21 prob_bp = 0.50000000000000610000
org.jfree.chart.title.Title:<init>:(Lorg/jfree/chart/util/RectangleEdge;Lorg/jfree/chart/util/HorizontalAlignment;Lorg/jfree/chart/util/VerticalAlignment;Lorg/jfree/chart/util/RectangleInsets;)V#178#18 prob_bp = 0.50000000000000830000
org.jfree.chart.plot.MultiplePiePlot:<init>:()V#135#2 prob_bp = 0.50000000000000910000
org.jfree.chart.plot.MultiplePiePlot:<init>:()V#135#0 prob_bp = 0.50000000000000920000
org.jfree.chart.labels.StandardPieSectionLabelGenerator:<init>:()V#90#6 prob_bp = 0.50000000000001070000
org.jfree.chart.labels.StandardPieSectionLabelGenerator:<init>:()V#90#9 prob_bp = 0.50000000000001200000
org.jfree.chart.labels.StandardPieSectionLabelGenerator:<init>:(Ljava/lang/String;Ljava/text/NumberFormat;Ljava/text/NumberFormat;)V#141#3 prob_bp = 0.50000000000001270000
org.jfree.chart.title.Title:<init>:(Lorg/jfree/chart/util/RectangleEdge;Lorg/jfree/chart/util/HorizontalAlignment;Lorg/jfree/chart/util/VerticalAlignment;Lorg/jfree/chart/util/RectangleInsets;)V#178#19 prob_bp = 0.50000000000001480000
org.jfree.chart.labels.StandardPieSectionLabelGenerator:<init>:(Ljava/lang/String;Ljava/text/NumberFormat;Ljava/text/NumberFormat;)V#141#4 prob_bp = 0.50000000000001940000
org.jfree.chart.JFreeChart:<init>:(Ljava/lang/String;Ljava/awt/Font;Lorg/jfree/chart/plot/Plot;Z)V#395#162 prob_bp = 0.50000000000003640000
org.jfree.chart.JFreeChart:<init>:(Ljava/lang/String;Ljava/awt/Font;Lorg/jfree/chart/plot/Plot;Z)V#395#169 prob_bp = 0.50000000000003770000
org.jfree.chart.block.AbstractBlock:setFrame:(Lorg/jfree/chart/block/BlockFrame;)V#251#0 prob_bp = 0.50000000000004350000
org.jfree.chart.labels.AbstractPieItemLabelGenerator:<init>:(Ljava/lang/String;Ljava/text/NumberFormat;Ljava/text/NumberFormat;)V#90#32 prob_bp = 0.50000000000004550000
org.jfree.chart.block.AbstractBlock:setFrame:(Lorg/jfree/chart/block/BlockFrame;)V#251#1 prob_bp = 0.50000000000006670000
org.jfree.chart.title.Title:addChangeListener:(Lorg/jfree/chart/event/TitleChangeListener;)V#337#4 prob_bp = 0.50000000000006710000
org.jfree.chart.title.Title:addChangeListener:(Lorg/jfree/chart/event/TitleChangeListener;)V#337#7 prob_bp = 0.50000000000006960000
org.jfree.chart.labels.AbstractPieItemLabelGenerator:<init>:(Ljava/lang/String;Ljava/text/NumberFormat;Ljava/text/NumberFormat;)V#90#33 prob_bp = 0.50000000000015220000
org.jfree.chart.JFreeChart:<init>:(Ljava/lang/String;Ljava/awt/Font;Lorg/jfree/chart/plot/Plot;Z)V#366#16 prob_bp = 0.50000000000023770000
org.jfree.chart.JFreeChart:<init>:(Ljava/lang/String;Ljava/awt/Font;Lorg/jfree/chart/plot/Plot;Z)V#366#17 prob_bp = 0.50000000000027430000
org.jfree.chart.title.Title:addChangeListener:(Lorg/jfree/chart/event/TitleChangeListener;)V#337#25 prob_bp = 0.50000000000052790000
org.jfree.chart.title.Title:<clinit>:()V#104#15 prob_bp = 0.50000000000056450000
org.jfree.chart.title.TextTitle:<init>:(Ljava/lang/String;Ljava/awt/Font;Ljava/awt/Paint;Lorg/jfree/chart/util/RectangleEdge;Lorg/jfree/chart/util/HorizontalAlignment;Lorg/jfree/chart/util/VerticalAlignment;Lorg/jfree/chart/util/RectangleInsets;)V#211#5 prob_bp = 0.50000000000064490000
org.jfree.chart.title.Title:<init>:(Lorg/jfree/chart/util/RectangleEdge;Lorg/jfree/chart/util/HorizontalAlignment;Lorg/jfree/chart/util/VerticalAlignment;Lorg/jfree/chart/util/RectangleInsets;)V#183#32 prob_bp = 0.50000000000092740000
org.jfree.chart.title.Title:addChangeListener:(Lorg/jfree/chart/event/TitleChangeListener;)V#337#22 prob_bp = 0.50000000000114200000
org.jfree.chart.title.Title:addChangeListener:(Lorg/jfree/chart/event/TitleChangeListener;)V#337#26 prob_bp = 0.50000000000118790000
org.jfree.chart.JFreeChart:<init>:(Ljava/lang/String;Ljava/awt/Font;Lorg/jfree/chart/plot/Plot;Z)V#397#182 prob_bp = 0.50000000000151590000
org.jfree.chart.JFreeChart:<init>:(Ljava/lang/String;Ljava/awt/Font;Lorg/jfree/chart/plot/Plot;Z)V#397#185 prob_bp = 0.50000000000163610000
org.jfree.chart.title.Title:<init>:(Lorg/jfree/chart/util/RectangleEdge;Lorg/jfree/chart/util/HorizontalAlignment;Lorg/jfree/chart/util/VerticalAlignment;Lorg/jfree/chart/util/RectangleInsets;)V#183#33 prob_bp = 0.50000000000168740000
org.jfree.chart.plot.MultiplePiePlot:<init>:(Lorg/jfree/data/category/CategoryDataset;)V#151#61 prob_bp = 0.50000000000358970000
org.jfree.chart.title.TextTitle:<init>:(Ljava/lang/String;Ljava/awt/Font;)V#187#1 prob_bp = 0.50000000000432110000
org.jfree.chart.JFreeChart:<init>:(Ljava/lang/String;Ljava/awt/Font;Lorg/jfree/chart/plot/Plot;Z)V#364#0 prob_bp = 0.50000000001042890000
org.jfree.chart.JFreeChart:<init>:(Ljava/lang/String;Ljava/awt/Font;Lorg/jfree/chart/plot/Plot;Z)V#364#1 prob_bp = 0.50000000001334120000
org.jfree.chart.JFreeChart:getLegend:(I)Lorg/jfree/chart/title/LegendTitle;#644#21 prob_bp = 0.50000000009507560000
org.jfree.chart.title.Title:<init>:(Lorg/jfree/chart/util/RectangleEdge;Lorg/jfree/chart/util/HorizontalAlignment;Lorg/jfree/chart/util/VerticalAlignment;Lorg/jfree/chart/util/RectangleInsets;)V#187#46 prob_bp = 0.50000000010773240000
org.jfree.chart.title.Title:<init>:(Lorg/jfree/chart/util/RectangleEdge;Lorg/jfree/chart/util/HorizontalAlignment;Lorg/jfree/chart/util/VerticalAlignment;Lorg/jfree/chart/util/RectangleInsets;)V#187#48 prob_bp = 0.50000000019627230000
org.jfree.chart.JFreeChart:getLegend:(I)Lorg/jfree/chart/title/LegendTitle;#644#22 prob_bp = 0.50000000020597710000
org.jfree.chart.plot.MultiplePiePlot:<init>:(Lorg/jfree/data/category/CategoryDataset;)V#151#63 prob_bp = 0.50000000077896480000
org.jfree.chart.plot.MultiplePiePlot:<init>:(Lorg/jfree/data/category/CategoryDataset;)V#151#75 prob_bp = 0.50000000081416620000
org.jfree.chart.title.Title:<clinit>:()V#107#29 prob_bp = 0.50000000088196420000
org.jfree.chart.title.TextTitle:<init>:(Ljava/lang/String;Ljava/awt/Font;)V#187#2 prob_bp = 0.50000000093760810000
org.jfree.chart.title.TextTitle:<init>:(Ljava/lang/String;Ljava/awt/Font;Ljava/awt/Paint;Lorg/jfree/chart/util/RectangleEdge;Lorg/jfree/chart/util/HorizontalAlignment;Lorg/jfree/chart/util/VerticalAlignment;Lorg/jfree/chart/util/RectangleInsets;)V#211#7 prob_bp = 0.50000000100813260000
org.jfree.chart.title.TextTitle:<init>:(Ljava/lang/String;Ljava/awt/Font;Ljava/awt/Paint;Lorg/jfree/chart/util/RectangleEdge;Lorg/jfree/chart/util/HorizontalAlignment;Lorg/jfree/chart/util/VerticalAlignment;Lorg/jfree/chart/util/RectangleInsets;)V#211#9 prob_bp = 0.50000000115535910000
org.jfree.chart.title.Title:<init>:(Lorg/jfree/chart/util/RectangleEdge;Lorg/jfree/chart/util/HorizontalAlignment;Lorg/jfree/chart/util/VerticalAlignment;Lorg/jfree/chart/util/RectangleInsets;)V#194#77 prob_bp = 0.50000000134398010000
org.jfree.chart.title.Title:<init>:(Lorg/jfree/chart/util/RectangleEdge;Lorg/jfree/chart/util/HorizontalAlignment;Lorg/jfree/chart/util/VerticalAlignment;Lorg/jfree/chart/util/RectangleInsets;)V#194#79 prob_bp = 0.50000000244918540000
org.jfree.chart.block.AbstractBlock:setPadding:(Lorg/jfree/chart/util/RectangleInsets;)V#277#0 prob_bp = 0.50000000688992130000
org.jfree.chart.JFreeChart:getLegend:()Lorg/jfree/chart/title/LegendTitle;#628#0 prob_bp = 0.50000001529184000000
org.jfree.chart.JFreeChart:getLegend:(I)Lorg/jfree/chart/title/LegendTitle;#642#2 prob_bp = 0.50000001622413140000
org.jfree.chart.JFreeChart:getLegend:(I)Lorg/jfree/chart/title/LegendTitle;#642#3 prob_bp = 0.50000001748345550000
org.jfree.chart.JFreeChart:getLegend:(I)Lorg/jfree/chart/title/LegendTitle;#644#27 prob_bp = 0.50000001918311580000
org.jfree.chart.JFreeChart:getLegend:(I)Lorg/jfree/chart/title/LegendTitle;#642#6 prob_bp = 0.50000002002754450000
org.jfree.chart.block.AbstractBlock:setPadding:(Lorg/jfree/chart/util/RectangleInsets;)V#277#1 prob_bp = 0.50000002473288730000
org.jfree.chart.JFreeChart:getLegend:(I)Lorg/jfree/chart/title/LegendTitle;#642#11 prob_bp = 0.50000002516711930000
org.jfree.chart.JFreeChart:getLegend:(I)Lorg/jfree/chart/title/LegendTitle;#643#12 prob_bp = 0.50000003545502400000
org.jfree.chart.JFreeChart:getLegend:(I)Lorg/jfree/chart/title/LegendTitle;#643#13 prob_bp = 0.50000005637464670000
org.jfree.chart.JFreeChart:getLegend:(I)Lorg/jfree/chart/title/LegendTitle;#644#30 prob_bp = 0.50000009497272490000
org.jfree.chart.JFreeChart:getLegend:(I)Lorg/jfree/chart/title/LegendTitle;#643#18 prob_bp = 0.50000009843053950000
org.jfree.chart.JFreeChart:getLegend:(I)Lorg/jfree/chart/title/LegendTitle;#645#32 prob_bp = 0.50000039672913730000
org.jfree.chart.plot.MultiplePiePlot:<init>:(Lorg/jfree/data/category/CategoryDataset;)V#144#0 prob_bp = 0.50000055344773690000
org.jfree.chart.plot.MultiplePiePlot:<init>:(Lorg/jfree/data/category/CategoryDataset;)V#144#1 prob_bp = 0.50000056376792000000
org.jfree.chart.plot.Plot:<init>:()V#284#0 prob_bp = 0.50000058276531700000
org.jfree.chart.plot.Plot:<init>:()V#284#1 prob_bp = 0.50000061370270490000
org.jfree.chart.title.TextTitle:<init>:(Ljava/lang/String;Ljava/awt/Font;)V#187#3 prob_bp = 0.50000081893729390000
org.jfree.chart.title.TextTitle:<init>:(Ljava/lang/String;Ljava/awt/Font;)V#187#18 prob_bp = 0.50000088538028650000
org.jfree.chart.JFreeChart:getLegend:(I)Lorg/jfree/chart/title/LegendTitle;#645#34 prob_bp = 0.50000160274818120000
org.jfree.chart.title.TextTitle:<init>:(Ljava/lang/String;Ljava/awt/Font;Ljava/awt/Paint;Lorg/jfree/chart/util/RectangleEdge;Lorg/jfree/chart/util/HorizontalAlignment;Lorg/jfree/chart/util/VerticalAlignment;Lorg/jfree/chart/util/RectangleInsets;)V#213#17 prob_bp = 0.50000330031793370000
org.jfree.chart.title.TextTitle:<init>:(Ljava/lang/String;Ljava/awt/Font;Ljava/awt/Paint;Lorg/jfree/chart/util/RectangleEdge;Lorg/jfree/chart/util/HorizontalAlignment;Lorg/jfree/chart/util/VerticalAlignment;Lorg/jfree/chart/util/RectangleInsets;)V#213#18 prob_bp = 0.50000382210858060000
org.jfree.data.category.DefaultCategoryDataset:<init>:()V#73#0 prob_bp = 0.50000606360742680000
org.jfree.data.category.DefaultCategoryDataset:<init>:()V#73#1 prob_bp = 0.50000618610449770000
org.jfree.chart.JFreeChart:getLegend:(I)Lorg/jfree/chart/title/LegendTitle;#645#37 prob_bp = 0.50000641927903920000
org.jfree.chart.util.RectangleEdge:<clinit>:()V#61#21 prob_bp = 0.50006598457670190000
org.jfree.chart.plot.MultiplePiePlot:<init>:(Lorg/jfree/data/category/CategoryDataset;)V#153#80 prob_bp = 0.50006731765697230000
org.jfree.chart.plot.MultiplePiePlot:<init>:(Lorg/jfree/data/category/CategoryDataset;)V#153#83 prob_bp = 0.50007267106619350000
org.jfree.chart.title.TextTitle:<init>:(Ljava/lang/String;Ljava/awt/Font;Ljava/awt/Paint;Lorg/jfree/chart/util/RectangleEdge;Lorg/jfree/chart/util/HorizontalAlignment;Lorg/jfree/chart/util/VerticalAlignment;Lorg/jfree/chart/util/RectangleInsets;)V#216#31 prob_bp = 0.50009239351708750000
org.jfree.chart.title.Title:setPosition:(Lorg/jfree/chart/util/RectangleEdge;)V#216#0 prob_bp = 0.50009417116432300000
org.jfree.chart.title.TextTitle:<init>:(Ljava/lang/String;Ljava/awt/Font;Ljava/awt/Paint;Lorg/jfree/chart/util/RectangleEdge;Lorg/jfree/chart/util/HorizontalAlignment;Lorg/jfree/chart/util/VerticalAlignment;Lorg/jfree/chart/util/RectangleInsets;)V#216#32 prob_bp = 0.50011945613529930000
org.jfree.chart.title.Title:setPosition:(Lorg/jfree/chart/util/RectangleEdge;)V#216#1 prob_bp = 0.50018051476373160000
org.jfree.chart.JFreeChart:getLegend:(I)Lorg/jfree/chart/title/LegendTitle;#641#0 prob_bp = 0.50057235267549500000
org.jfree.chart.JFreeChart:getLegend:()Lorg/jfree/chart/title/LegendTitle;#628#1 prob_bp = 0.50057235267847610000
org.jfree.chart.JFreeChart:getLegend:(I)Lorg/jfree/chart/title/LegendTitle;#641#1 prob_bp = 0.50058391535940300000
org.jfree.chart.JFreeChart:getLegend:()Lorg/jfree/chart/title/LegendTitle;#628#2 prob_bp = 0.50058393092681470000
org.jfree.chart.JFreeChart:getLegend:(I)Lorg/jfree/chart/title/LegendTitle;#646#40 prob_bp = 0.50060727433179960000
org.jfree.chart.JFreeChart:getLegend:(I)Lorg/jfree/chart/title/LegendTitle;#646#41 prob_bp = 0.50060727433423440000
org.jfree.chart.JFreeChart:getLegend:(I)Lorg/jfree/chart/title/LegendTitle;#646#42 prob_bp = 0.50070109370961260000
org.jfree.chart.title.TextTitle:<clinit>:()V#130#18 prob_bp = 0.50410312017505230000
org.jfree.chart.title.TextTitle:<init>:(Ljava/lang/String;Ljava/awt/Font;Ljava/awt/Paint;Lorg/jfree/chart/util/RectangleEdge;Lorg/jfree/chart/util/HorizontalAlignment;Lorg/jfree/chart/util/VerticalAlignment;Lorg/jfree/chart/util/RectangleInsets;)V#219#45 prob_bp = 0.50471347902201370000
org.jfree.chart.title.TextTitle:<init>:(Ljava/lang/String;Ljava/awt/Font;Ljava/awt/Paint;Lorg/jfree/chart/util/RectangleEdge;Lorg/jfree/chart/util/HorizontalAlignment;Lorg/jfree/chart/util/VerticalAlignment;Lorg/jfree/chart/util/RectangleInsets;)V#219#46 prob_bp = 0.50612149399541600000
org.jfree.data.general.AbstractDataset:<init>:()V#96#23 prob_bp = 0.99009900990097310000
org.jfree.data.general.AbstractDataset:<init>:()V#96#16 prob_bp = 0.99009900990097340000
org.jfree.data.general.AbstractDataset:<init>:()V#96#15 prob_bp = 0.99009900990098140000
org.jfree.chart.plot.junit.MultiplePiePlotTests:testConstructor:()V#105#0 prob_bp = 1.00000000000000000000
org.jfree.chart.plot.junit.MultiplePiePlotTests:testConstructor:()V#105#3 prob_bp = 1.00000000000000000000
org.jfree.chart.plot.junit.MultiplePiePlotTests:testConstructor:()V#105#4 prob_bp = 1.00000000000000000000
org.jfree.chart.plot.junit.MultiplePiePlotTests:testConstructor:()V#110#15 prob_bp = 1.00000000000000000000
org.jfree.chart.plot.junit.MultiplePiePlotTests:testConstructor:()V#110#18 prob_bp = 1.00000000000000000000
org.jfree.chart.plot.junit.MultiplePiePlotTests:testConstructor:()V#110#19 prob_bp = 1.00000000000000000000
org.jfree.chart.plot.junit.MultiplePiePlotTests:testConstructor:()V#110#22 prob_bp = 1.00000000000000000000
org.jfree.chart.plot.junit.MultiplePiePlotTests:testConstructor:()V#111#23 prob_bp = 1.00000000000000000000
org.jfree.chart.plot.junit.MultiplePiePlotTests:testConstructor:()V#111#26 prob_bp = 1.00000000000000000000
org.jfree.chart.plot.junit.MultiplePiePlotTests:testConstructor:()V#111#28 prob_bp = 1.00000000000000000000
org.jfree.chart.plot.junit.MultiplePiePlotTests:testConstructor:()V#111#31 prob_bp = 1.00000000000000000000
org.jfree.chart.plot.junit.MultiplePiePlotTests:testConstructor:()V#112#32 prob_bp = 1.00000000000000000000
org.jfree.chart.plot.junit.MultiplePiePlotTests:testConstructor:()V#112#33 prob_bp = 1.00000000000000000000
org.jfree.chart.plot.junit.MultiplePiePlotTests:testConstructor:()V#112#34 prob_bp = 1.00000000000000000000
org.jfree.chart.plot.junit.MultiplePiePlotTests:testConstructor:()V#112#37 prob_bp = 1.00000000000000000000
Belief propagation time : 196.380000s
