Belief propagation time: 100

Probabilities: 
Vars:700809
Stmts:4265
org.apache.commons.lang3.text.translate.CharSequenceTranslator:translate:(Ljava/lang/CharSequence;Ljava/io/Writer;)V#95#85 prob_bp = 0.49793401229232487000
org.apache.commons.lang3.text.translate.CharSequenceTranslator:translate:(Ljava/lang/CharSequence;Ljava/io/Writer;)V#95#84 prob_bp = 0.49882411661155956000
org.apache.commons.lang3.text.translate.CharSequenceTranslator:translate:(Ljava/lang/CharSequence;Ljava/io/Writer;)V#95#86 prob_bp = 0.49882701848874594000
org.apache.commons.lang3.text.translate.CharSequenceTranslator:translate:(Ljava/lang/CharSequence;)Ljava/lang/String;#59#25 prob_bp = 0.49920942843740485000
org.apache.commons.lang3.text.translate.CharSequenceTranslator:translate:(Ljava/lang/CharSequence;)Ljava/lang/String;#59#23 prob_bp = 0.49947360042457230000
org.apache.commons.lang3.text.translate.CharSequenceTranslator:translate:(Ljava/lang/CharSequence;Ljava/io/Writer;)V#95#94 prob_bp = 0.49961906837969233000
org.apache.commons.lang3.text.translate.CharSequenceTranslator:translate:(Ljava/lang/CharSequence;Ljava/io/Writer;)V#95#93 prob_bp = 0.49999594430738076000
org.apache.commons.lang3.text.translate.CharSequenceTranslator:translate:(Ljava/lang/CharSequence;Ljava/io/Writer;)V#95#90 prob_bp = 0.49999919684189300000
org.apache.commons.lang3.text.translate.CharSequenceTranslator:translate:(Ljava/lang/CharSequence;Ljava/io/Writer;)V#82#20 prob_bp = 0.49999955855367945000
org.apache.commons.lang3.text.translate.CharSequenceTranslator:translate:(Ljava/lang/CharSequence;Ljava/io/Writer;)V#82#19 prob_bp = 0.49999958468972730000
org.apache.commons.lang3.StringEscapeUtils$CsvEscaper:translate:(Ljava/lang/CharSequence;ILjava/io/Writer;)I#167#98 prob_bp = 0.49999999653786037000
org.apache.commons.lang3.text.translate.CharSequenceTranslator:translate:(Ljava/lang/CharSequence;Ljava/io/Writer;)V#95#87 prob_bp = 0.49999999994741760000
org.apache.commons.lang3.StringEscapeUtils$CsvEscaper:translate:(Ljava/lang/CharSequence;ILjava/io/Writer;)I#167#93 prob_bp = 0.49999999998835065000
org.apache.commons.lang3.StringEscapeUtils$CsvEscaper:translate:(Ljava/lang/CharSequence;ILjava/io/Writer;)I#167#92 prob_bp = 0.49999999999712630000
org.apache.commons.lang3.StringEscapeUtils$CsvEscaper:translate:(Ljava/lang/CharSequence;ILjava/io/Writer;)I#161#31 prob_bp = 0.49999999999995880000
org.apache.commons.lang3.StringEscapeUtils$CsvEscaper:translate:(Ljava/lang/CharSequence;ILjava/io/Writer;)I#161#30 prob_bp = 0.49999999999998930000
org.apache.commons.lang3.StringEscapeUtils$CsvEscaper:translate:(Ljava/lang/CharSequence;ILjava/io/Writer;)I#160#20 prob_bp = 0.49999999999999967000
org.apache.commons.lang3.StringEscapeUtils$CsvEscaper:translate:(Ljava/lang/CharSequence;ILjava/io/Writer;)I#160#23 prob_bp = 0.49999999999999970000
org.apache.commons.lang3.StringEscapeUtils$CsvEscaper:<clinit>:()V#150#31 prob_bp = 0.50000000000000000000
org.apache.commons.lang3.StringEscapeUtils$CsvEscaper:translate:(Ljava/lang/CharSequence;ILjava/io/Writer;)I#156#0 prob_bp = 0.50000000000000000000
org.apache.commons.lang3.StringEscapeUtils$CsvEscaper:translate:(Ljava/lang/CharSequence;ILjava/io/Writer;)I#160#14 prob_bp = 0.50000000000000000000
org.apache.commons.lang3.StringEscapeUtils$CsvEscaper:translate:(Ljava/lang/CharSequence;ILjava/io/Writer;)I#160#15 prob_bp = 0.50000000000000000000
org.apache.commons.lang3.StringEscapeUtils$CsvEscaper:translate:(Ljava/lang/CharSequence;ILjava/io/Writer;)I#156#1 prob_bp = 0.50000000000000010000
org.apache.commons.lang3.text.translate.CharSequenceTranslator:translate:(Ljava/lang/CharSequence;)Ljava/lang/String;#58#10 prob_bp = 0.50000000000008620000
org.apache.commons.lang3.text.translate.CharSequenceTranslator:translate:(Ljava/lang/CharSequence;)Ljava/lang/String;#58#11 prob_bp = 0.50000000000020930000
org.apache.commons.lang3.StringUtils:containsNone:(Ljava/lang/CharSequence;[C)Z#1747#61 prob_bp = 0.50000000000032500000
org.apache.commons.lang3.StringUtils:containsNone:(Ljava/lang/CharSequence;[C)Z#1747#60 prob_bp = 0.50000000000032860000
org.apache.commons.lang3.StringUtils:containsNone:(Ljava/lang/CharSequence;[C)Z#1747#63 prob_bp = 0.50000000000050400000
org.apache.commons.lang3.text.translate.CharSequenceTranslator:translate:(Ljava/lang/CharSequence;Ljava/io/Writer;)V#85#37 prob_bp = 0.50000000000105280000
org.apache.commons.lang3.StringUtils:containsNone:(Ljava/lang/CharSequence;[C)Z#1745#41 prob_bp = 0.50000000000195770000
org.apache.commons.lang3.StringUtils:containsNone:(Ljava/lang/CharSequence;[C)Z#1745#40 prob_bp = 0.50000000000301670000
org.apache.commons.lang3.StringUtils:containsNone:(Ljava/lang/CharSequence;[C)Z#1745#43 prob_bp = 0.50000000000400890000
org.apache.commons.lang3.StringUtils:containsNone:(Ljava/lang/CharSequence;[C)Z#1747#64 prob_bp = 0.50000000000607350000
org.apache.commons.lang3.StringUtils:containsNone:(Ljava/lang/CharSequence;[C)Z#1747#66 prob_bp = 0.50000000002573420000
org.apache.commons.lang3.StringUtils:containsNone:(Ljava/lang/CharSequence;[C)Z#1746#115 prob_bp = 0.50000000151886580000
org.apache.commons.lang3.StringUtils:containsNone:(Ljava/lang/CharSequence;[C)Z#1746#55 prob_bp = 0.50000000196521990000
org.apache.commons.lang3.StringUtils:containsNone:(Ljava/lang/CharSequence;[C)Z#1746#53 prob_bp = 0.50000000224240330000
org.apache.commons.lang3.StringEscapeUtils$CsvEscaper:translate:(Ljava/lang/CharSequence;ILjava/io/Writer;)I#160#26 prob_bp = 0.50000000299988310000
org.apache.commons.lang3.StringUtils:containsNone:(Ljava/lang/CharSequence;[C)Z#1737#0 prob_bp = 0.50000000453009600000
org.apache.commons.lang3.StringUtils:containsNone:(Ljava/lang/CharSequence;[C)Z#1737#1 prob_bp = 0.50000000534805640000
org.apache.commons.lang3.StringUtils:containsNone:(Ljava/lang/CharSequence;[C)Z#1745#48 prob_bp = 0.50000000666756820000
org.apache.commons.lang3.StringUtils:containsNone:(Ljava/lang/CharSequence;[C)Z#1746#57 prob_bp = 0.50000000757446020000
org.apache.commons.lang3.StringUtils:containsNone:(Ljava/lang/CharSequence;[C)Z#1742#21 prob_bp = 0.50000000865610160000
org.apache.commons.lang3.StringUtils:containsNone:(Ljava/lang/CharSequence;[C)Z#1742#22 prob_bp = 0.50000001315028060000
org.apache.commons.lang3.text.translate.CharSequenceTranslator:translate:(Ljava/lang/CharSequence;Ljava/io/Writer;)V#94#95 prob_bp = 0.50000002009070280000
org.apache.commons.lang3.StringUtils:containsNone:(Ljava/lang/CharSequence;[C)Z#1742#23 prob_bp = 0.50000003117647880000
org.apache.commons.lang3.StringUtils:containsNone:(Ljava/lang/CharSequence;[C)Z#1737#4 prob_bp = 0.50000013585901570000
org.apache.commons.lang3.StringUtils:containsNone:(Ljava/lang/CharSequence;[C)Z#1737#5 prob_bp = 0.50000019627813210000
org.apache.commons.lang3.text.translate.CharSequenceTranslator:translate:(Ljava/lang/CharSequence;Ljava/io/Writer;)V#94#79 prob_bp = 0.50000063869246460000
org.apache.commons.lang3.text.translate.CharSequenceTranslator:translate:(Ljava/lang/CharSequence;Ljava/io/Writer;)V#94#74 prob_bp = 0.50000115860497340000
org.apache.commons.lang3.text.translate.CharSequenceTranslator:translate:(Ljava/lang/CharSequence;Ljava/io/Writer;)V#94#75 prob_bp = 0.50000120016964860000
org.apache.commons.lang3.text.translate.CharSequenceTranslator:translate:(Ljava/lang/CharSequence;Ljava/io/Writer;)V#94#77 prob_bp = 0.50000135630455990000
org.apache.commons.lang3.StringUtils:containsNone:(Ljava/lang/CharSequence;[C)Z#1740#10 prob_bp = 0.50000180761370220000
org.apache.commons.lang3.text.translate.CharSequenceTranslator:translate:(Ljava/lang/CharSequence;Ljava/io/Writer;)V#94#81 prob_bp = 0.50000191160658300000
org.apache.commons.lang3.StringUtils:containsNone:(Ljava/lang/CharSequence;[C)Z#1740#11 prob_bp = 0.50000209146058120000
org.apache.commons.lang3.StringUtils:containsNone:(Ljava/lang/CharSequence;[C)Z#1744#31 prob_bp = 0.50000399188730190000
org.apache.commons.lang3.StringUtils:containsNone:(Ljava/lang/CharSequence;[C)Z#1744#32 prob_bp = 0.50000415201805590000
org.apache.commons.lang3.StringUtils:containsNone:(Ljava/lang/CharSequence;[C)Z#1740#16 prob_bp = 0.50000636888148800000
org.apache.commons.lang3.StringUtils:containsNone:(Ljava/lang/CharSequence;[C)Z#1744#121 prob_bp = 0.50001558511923370000
org.apache.commons.lang3.text.translate.CharSequenceTranslator:translate:(Ljava/lang/CharSequence;Ljava/io/Writer;)V#85#36 prob_bp = 0.50002147591811940000
org.apache.commons.lang3.StringUtils:containsNone:(Ljava/lang/CharSequence;[C)Z#1744#36 prob_bp = 0.50002353736667470000
org.apache.commons.lang3.StringUtils:containsNone:(Ljava/lang/CharSequence;[C)Z#1744#34 prob_bp = 0.50002595997489970000
org.apache.commons.lang3.text.translate.CharSequenceTranslator:translate:(Ljava/lang/CharSequence;)Ljava/lang/String;#59#24 prob_bp = 0.50003105346198470000
org.apache.commons.lang3.StringUtils:containsNone:(Ljava/lang/CharSequence;[C)Z#1746#50 prob_bp = 0.50005022458657720000
org.apache.commons.lang3.StringUtils:containsNone:(Ljava/lang/CharSequence;[C)Z#1746#51 prob_bp = 0.50005225335697460000
org.apache.commons.lang3.StringUtils:containsNone:(Ljava/lang/CharSequence;[C)Z#1744#37 prob_bp = 0.50009288625013070000
org.apache.commons.lang3.StringEscapeUtils:escapeCsv:(Ljava/lang/String;)Ljava/lang/String;#556#3 prob_bp = 0.50010434495646860000
org.apache.commons.lang3.StringEscapeUtils:escapeCsv:(Ljava/lang/String;)Ljava/lang/String;#556#4 prob_bp = 0.50016612974319690000
org.apache.commons.lang3.text.translate.CharSequenceTranslator:translate:(Ljava/lang/CharSequence;Ljava/io/Writer;)V#83#21 prob_bp = 0.50088418053132240000
org.apache.commons.lang3.text.translate.CharSequenceTranslator:translate:(Ljava/lang/CharSequence;Ljava/io/Writer;)V#85#42 prob_bp = 0.50097855301381730000
org.apache.commons.lang3.text.translate.CharSequenceTranslator:translate:(Ljava/lang/CharSequence;Ljava/io/Writer;)V#83#22 prob_bp = 0.50110806048717860000
org.apache.commons.lang3.text.translate.CharSequenceTranslator:translate:(Ljava/lang/CharSequence;Ljava/io/Writer;)V#86#44 prob_bp = 0.50118724010170550000
org.apache.commons.lang3.text.translate.CharSequenceTranslator:translate:(Ljava/lang/CharSequence;Ljava/io/Writer;)V#86#46 prob_bp = 0.50168156978209890000
org.apache.commons.lang3.text.translate.CharSequenceTranslator:translate:(Ljava/lang/CharSequence;Ljava/io/Writer;)V#85#39 prob_bp = 0.50270967720101060000
org.apache.commons.lang3.text.translate.CharSequenceTranslator:translate:(Ljava/lang/CharSequence;)Ljava/lang/String;#54#0 prob_bp = 0.51224674723007500000
org.apache.commons.lang3.text.translate.CharSequenceTranslator:translate:(Ljava/lang/CharSequence;)Ljava/lang/String;#54#1 prob_bp = 0.51559438196392620000
org.apache.commons.lang3.text.translate.CharSequenceTranslator:translate:(Ljava/lang/CharSequence;Ljava/io/Writer;)V#76#0 prob_bp = 0.51881261901193550000
org.apache.commons.lang3.text.translate.CharSequenceTranslator:translate:(Ljava/lang/CharSequence;Ljava/io/Writer;)V#76#1 prob_bp = 0.51923474336439110000
org.apache.commons.lang3.text.translate.CharSequenceTranslator:translate:(Ljava/lang/CharSequence;Ljava/io/Writer;)V#79#14 prob_bp = 0.55648663724443980000
org.apache.commons.lang3.text.translate.CharSequenceTranslator:translate:(Ljava/lang/CharSequence;Ljava/io/Writer;)V#79#15 prob_bp = 0.56042989328230920000
org.apache.commons.lang3.text.translate.CharSequenceTranslator:translate:(Ljava/lang/CharSequence;Ljava/io/Writer;)V#83#27 prob_bp = 0.57756339139192340000
org.apache.commons.lang3.text.translate.CharSequenceTranslator:translate:(Ljava/lang/CharSequence;Ljava/io/Writer;)V#84#32 prob_bp = 0.75992127808408020000
org.apache.commons.lang3.text.translate.CharSequenceTranslator:translate:(Ljava/lang/CharSequence;Ljava/io/Writer;)V#84#30 prob_bp = 0.79312309246332550000
org.apache.commons.lang3.text.translate.CharSequenceTranslator:translate:(Ljava/lang/CharSequence;Ljava/io/Writer;)V#84#29 prob_bp = 0.80257487817613520000
org.apache.commons.lang3.ArrayUtils:clone:([Ljava/lang/Object;)[Ljava/lang/Object;#320#0 prob_bp = 0.92446158008988650000
org.apache.commons.lang3.ArrayUtils:clone:([Ljava/lang/Object;)[Ljava/lang/Object;#320#1 prob_bp = 0.92955592430480660000
org.apache.commons.lang3.text.translate.CharSequenceTranslator:translate:(Ljava/lang/CharSequence;)Ljava/lang/String;#58#6 prob_bp = 0.95690240610677670000
org.apache.commons.lang3.text.translate.CharSequenceTranslator:translate:(Ljava/lang/CharSequence;)Ljava/lang/String;#58#21 prob_bp = 0.96399406310519730000
org.apache.commons.lang3.StringUtils:containsNone:(Ljava/lang/CharSequence;[C)Z#1763#127 prob_bp = 0.99999990991946270000
org.apache.commons.lang3.StringUtils:containsNone:(Ljava/lang/CharSequence;[C)Z#1763#128 prob_bp = 0.99999995954413230000
org.apache.commons.lang3.StringUtilsTest:testEscapeSurrogatePairs:()V#2187#3 prob_bp = 1.00000000000000000000
org.apache.commons.lang3.StringUtilsTest:testEscapeSurrogatePairs:()V#2187#6 prob_bp = 1.00000000000000000000
Belief propagation time : 155.169000s
