Belief propagation time: 41

Probabilities: 
Vars:5872
Stmts:2219
org.apache.commons.lang.BooleanUtils:toBoolean:(Ljava/lang/String;)Z#686#209 prob_bp = 0.41005754158471000000
org.apache.commons.lang.BooleanUtils:toBoolean:(Ljava/lang/String;)Z#686#213 prob_bp = 0.41005754158471000000
org.apache.commons.lang.BooleanUtils:toBoolean:(Ljava/lang/String;)Z#686#208 prob_bp = 0.48725512711705155000
org.apache.commons.lang.BooleanUtils:toBoolean:(Ljava/lang/String;)Z#685#205 prob_bp = 0.49972984862568376000
org.apache.commons.lang.BooleanUtils:toBoolean:(Ljava/lang/String;)Z#685#203 prob_bp = 0.49974033885764557000
org.apache.commons.lang.BooleanUtils:toBoolean:(Ljava/lang/String;)Z#685#202 prob_bp = 0.49993624342817067000
org.apache.commons.lang.BooleanUtils:toBoolean:(Ljava/lang/String;)Z#691#277 prob_bp = 0.49998004276640673000
org.apache.commons.lang.BooleanUtils:toBoolean:(Ljava/lang/String;)Z#691#275 prob_bp = 0.49998081783907200000
org.apache.commons.lang.BooleanUtils:toBoolean:(Ljava/lang/String;)Z#684#201 prob_bp = 0.49998727787276310000
org.apache.commons.lang.BooleanUtils:toBoolean:(Ljava/lang/String;)Z#691#274 prob_bp = 0.49999601361121910000
org.apache.commons.lang.BooleanUtils:toBoolean:(Ljava/lang/String;)Z#677#147 prob_bp = 0.49999951222302563000
org.apache.commons.lang.BooleanUtils:toBoolean:(Ljava/lang/String;)Z#677#145 prob_bp = 0.49999953116581386000
org.apache.commons.lang.BooleanUtils:toBoolean:(Ljava/lang/String;)Z#677#144 prob_bp = 0.49999990258257430000
org.apache.commons.lang.BooleanUtils:toBoolean:(Ljava/lang/String;)Z#684#198 prob_bp = 0.49999994635844885000
org.apache.commons.lang.BooleanUtils:toBoolean:(Ljava/lang/String;)Z#684#197 prob_bp = 0.49999994844252960000
org.apache.commons.lang.BooleanUtils:toBoolean:(Ljava/lang/String;)Z#684#196 prob_bp = 0.49999995440437360000
org.apache.commons.lang.BooleanUtils:toBoolean:(Ljava/lang/String;)Z#662#18 prob_bp = 0.49999998528665530000
org.apache.commons.lang.BooleanUtils:toBoolean:(Ljava/lang/String;)Z#662#15 prob_bp = 0.49999999035526366000
org.apache.commons.lang.BooleanUtils:toBoolean:(Ljava/lang/String;)Z#662#14 prob_bp = 0.49999999163335684000
org.apache.commons.lang.BooleanUtils:toBoolean:(Ljava/lang/String;)Z#671#91 prob_bp = 0.49999999919652754000
org.apache.commons.lang.BooleanUtils:toBoolean:(Ljava/lang/String;)Z#659#9 prob_bp = 0.49999999939818810000
org.apache.commons.lang.BooleanUtils:toBoolean:(Ljava/lang/String;)Z#659#8 prob_bp = 0.49999999947887935000
org.apache.commons.lang.BooleanUtils:toBoolean:(Ljava/lang/String;)Z#656#3 prob_bp = 0.49999999999465510000
org.apache.commons.lang.BooleanUtils:toBoolean:(Ljava/lang/String;)Z#656#1 prob_bp = 0.49999999999486316000
org.apache.commons.lang.BooleanUtils:toBoolean:(Ljava/lang/String;)Z#656#0 prob_bp = 0.49999999999537464000
org.apache.commons.lang.BooleanUtils:toBoolean:(Ljava/lang/String;)Z#672#95 prob_bp = 0.49999999999836470000
org.apache.commons.lang.BooleanUtils:toBoolean:(Ljava/lang/String;)Z#672#93 prob_bp = 0.49999999999925750000
org.apache.commons.lang.BooleanUtils:toBoolean:(Ljava/lang/String;)Z#671#88 prob_bp = 0.49999999999973320000
org.apache.commons.lang.BooleanUtils:toBoolean:(Ljava/lang/String;)Z#671#87 prob_bp = 0.49999999999987890000
org.apache.commons.lang.BooleanUtils:toBoolean:(Ljava/lang/String;)Z#671#86 prob_bp = 0.49999999999995737000
org.apache.commons.lang.BooleanUtils:toBoolean:(Ljava/lang/String;)Z#672#92 prob_bp = 0.49999999999998657000
org.apache.commons.lang.BooleanUtils:toBoolean:(Ljava/lang/String;)Z#686#250 prob_bp = 0.49999999999999980000
org.apache.commons.lang.BooleanUtils:toBoolean:(Ljava/lang/String;)Z#686#235 prob_bp = 0.49999999999999994000
org.apache.commons.lang.BooleanUtils:toBoolean:(Ljava/lang/String;)Z#686#210 prob_bp = 0.50000000000000000000
org.apache.commons.lang.BooleanUtils:toBoolean:(Ljava/lang/String;)Z#686#229 prob_bp = 0.50000000000000000000
org.apache.commons.lang.BooleanUtils:toBoolean:(Ljava/lang/String;)Z#686#233 prob_bp = 0.50000000000000000000
org.apache.commons.lang.BooleanUtils:toBoolean:(Ljava/lang/String;)Z#686#249 prob_bp = 0.50000000000000000000
org.apache.commons.lang.BooleanUtils:toBoolean:(Ljava/lang/String;)Z#686#228 prob_bp = 0.50000000000000010000
org.apache.commons.lang.BooleanUtils:toBoolean:(Ljava/lang/String;)Z#686#248 prob_bp = 0.50000000000000010000
org.apache.commons.lang.BooleanUtils:toBoolean:(Ljava/lang/String;)Z#686#230 prob_bp = 0.50000000000000040000
org.apache.commons.lang.BooleanUtils:toBoolean:(Ljava/lang/String;)Z#686#215 prob_bp = 0.50000000000000060000
org.apache.commons.lang.BooleanUtilsTest:test_toBoolean_String:()V#296#1 prob_bp = 1.00000000000000000000
org.apache.commons.lang.BooleanUtilsTest:test_toBoolean_String:()V#296#2 prob_bp = 1.00000000000000000000
org.apache.commons.lang.BooleanUtilsTest:test_toBoolean_String:()V#296#5 prob_bp = 1.00000000000000000000
org.apache.commons.lang.BooleanUtilsTest:test_toBoolean_String:()V#297#12 prob_bp = 1.00000000000000000000
org.apache.commons.lang.BooleanUtilsTest:test_toBoolean_String:()V#297#14 prob_bp = 1.00000000000000000000
org.apache.commons.lang.BooleanUtilsTest:test_toBoolean_String:()V#298#21 prob_bp = 1.00000000000000000000
org.apache.commons.lang.BooleanUtilsTest:test_toBoolean_String:()V#298#23 prob_bp = 1.00000000000000000000
org.apache.commons.lang.BooleanUtilsTest:test_toBoolean_String:()V#299#30 prob_bp = 1.00000000000000000000
org.apache.commons.lang.BooleanUtilsTest:test_toBoolean_String:()V#299#32 prob_bp = 1.00000000000000000000
org.apache.commons.lang.BooleanUtilsTest:test_toBoolean_String:()V#300#39 prob_bp = 1.00000000000000000000
org.apache.commons.lang.BooleanUtilsTest:test_toBoolean_String:()V#300#41 prob_bp = 1.00000000000000000000
org.apache.commons.lang.BooleanUtilsTest:test_toBoolean_String:()V#301#48 prob_bp = 1.00000000000000000000
org.apache.commons.lang.BooleanUtilsTest:test_toBoolean_String:()V#301#50 prob_bp = 1.00000000000000000000
org.apache.commons.lang.BooleanUtilsTest:test_toBoolean_String:()V#302#57 prob_bp = 1.00000000000000000000
org.apache.commons.lang.BooleanUtilsTest:test_toBoolean_String:()V#302#59 prob_bp = 1.00000000000000000000
org.apache.commons.lang.BooleanUtilsTest:test_toBoolean_String:()V#303#66 prob_bp = 1.00000000000000000000
org.apache.commons.lang.BooleanUtilsTest:test_toBoolean_String:()V#303#68 prob_bp = 1.00000000000000000000
org.apache.commons.lang.BooleanUtilsTest:test_toBoolean_String:()V#304#75 prob_bp = 1.00000000000000000000
org.apache.commons.lang.BooleanUtilsTest:test_toBoolean_String:()V#304#77 prob_bp = 1.00000000000000000000
org.apache.commons.lang.BooleanUtilsTest:test_toBoolean_String:()V#305#84 prob_bp = 1.00000000000000000000
org.apache.commons.lang.BooleanUtilsTest:test_toBoolean_String:()V#305#93 prob_bp = 1.00000000000000000000
org.apache.commons.lang.BooleanUtilsTest:test_toBoolean_String:()V#305#95 prob_bp = 1.00000000000000000000
org.apache.commons.lang.BooleanUtilsTest:test_toBoolean_String:()V#305#98 prob_bp = 1.00000000000000000000
org.apache.commons.lang.BooleanUtilsTest:test_toBoolean_String:()V#305#101 prob_bp = 1.00000000000000000000
org.apache.commons.lang.BooleanUtilsTest:test_toBoolean_String:()V#306#108 prob_bp = 1.00000000000000000000
org.apache.commons.lang.BooleanUtilsTest:test_toBoolean_String:()V#306#110 prob_bp = 1.00000000000000000000
org.apache.commons.lang.BooleanUtilsTest:test_toBoolean_String:()V#307#117 prob_bp = 1.00000000000000000000
org.apache.commons.lang.BooleanUtilsTest:test_toBoolean_String:()V#307#119 prob_bp = 1.00000000000000000000
org.apache.commons.lang.BooleanUtilsTest:test_toBoolean_String:()V#308#126 prob_bp = 1.00000000000000000000
org.apache.commons.lang.BooleanUtilsTest:test_toBoolean_String:()V#308#128 prob_bp = 1.00000000000000000000
org.apache.commons.lang.BooleanUtilsTest:test_toBoolean_String:()V#309#135 prob_bp = 1.00000000000000000000
org.apache.commons.lang.BooleanUtilsTest:test_toBoolean_String:()V#309#137 prob_bp = 1.00000000000000000000
org.apache.commons.lang.BooleanUtilsTest:test_toBoolean_String:()V#310#144 prob_bp = 1.00000000000000000000
org.apache.commons.lang.BooleanUtilsTest:test_toBoolean_String:()V#310#146 prob_bp = 1.00000000000000000000
org.apache.commons.lang.BooleanUtilsTest:test_toBoolean_String:()V#311#153 prob_bp = 1.00000000000000000000
org.apache.commons.lang.BooleanUtilsTest:test_toBoolean_String:()V#311#155 prob_bp = 1.00000000000000000000
org.apache.commons.lang.BooleanUtilsTest:test_toBoolean_String:()V#312#162 prob_bp = 1.00000000000000000000
org.apache.commons.lang.BooleanUtilsTest:test_toBoolean_String:()V#312#164 prob_bp = 1.00000000000000000000
org.apache.commons.lang.BooleanUtilsTest:test_toBoolean_String:()V#313#171 prob_bp = 1.00000000000000000000
org.apache.commons.lang.BooleanUtilsTest:test_toBoolean_String:()V#313#173 prob_bp = 1.00000000000000000000
org.apache.commons.lang.BooleanUtilsTest:test_toBoolean_String:()V#314#180 prob_bp = 1.00000000000000000000
org.apache.commons.lang.BooleanUtilsTest:test_toBoolean_String:()V#314#182 prob_bp = 1.00000000000000000000
org.apache.commons.lang.BooleanUtilsTest:test_toBoolean_String:()V#315#189 prob_bp = 1.00000000000000000000
org.apache.commons.lang.BooleanUtilsTest:test_toBoolean_String:()V#315#191 prob_bp = 1.00000000000000000000
org.apache.commons.lang.BooleanUtilsTest:test_toBoolean_String:()V#316#198 prob_bp = 1.00000000000000000000
org.apache.commons.lang.BooleanUtilsTest:test_toBoolean_String:()V#316#200 prob_bp = 1.00000000000000000000
org.apache.commons.lang.BooleanUtilsTest:test_toBoolean_String:()V#317#207 prob_bp = 1.00000000000000000000
org.apache.commons.lang.BooleanUtilsTest:test_toBoolean_String:()V#317#209 prob_bp = 1.00000000000000000000
org.apache.commons.lang.BooleanUtilsTest:test_toBoolean_String:()V#318#216 prob_bp = 1.00000000000000000000
org.apache.commons.lang.BooleanUtilsTest:test_toBoolean_String:()V#318#218 prob_bp = 1.00000000000000000000
org.apache.commons.lang.BooleanUtilsTest:test_toBoolean_String:()V#319#225 prob_bp = 1.00000000000000000000
org.apache.commons.lang.BooleanUtilsTest:test_toBoolean_String:()V#319#227 prob_bp = 1.00000000000000000000
org.apache.commons.lang.BooleanUtilsTest:test_toBoolean_String:()V#320#234 prob_bp = 1.00000000000000000000
org.apache.commons.lang.BooleanUtilsTest:test_toBoolean_String:()V#320#236 prob_bp = 1.00000000000000000000
org.apache.commons.lang.BooleanUtilsTest:test_toBoolean_String:()V#321#243 prob_bp = 1.00000000000000000000
org.apache.commons.lang.BooleanUtilsTest:test_toBoolean_String:()V#321#245 prob_bp = 1.00000000000000000000
org.apache.commons.lang.BooleanUtilsTest:test_toBoolean_String:()V#322#252 prob_bp = 1.00000000000000000000
org.apache.commons.lang.BooleanUtilsTest:test_toBoolean_String:()V#322#254 prob_bp = 1.00000000000000000000
org.apache.commons.lang.BooleanUtilsTest:test_toBoolean_String:()V#323#261 prob_bp = 1.00000000000000000000
org.apache.commons.lang.BooleanUtilsTest:test_toBoolean_String:()V#323#263 prob_bp = 1.00000000000000000000
org.apache.commons.lang.BooleanUtilsTest:test_toBoolean_String:()V#324#270 prob_bp = 1.00000000000000000000
org.apache.commons.lang.BooleanUtilsTest:test_toBoolean_String:()V#324#272 prob_bp = 1.00000000000000000000
org.apache.commons.lang.BooleanUtilsTest:test_toBoolean_String:()V#325#279 prob_bp = 1.00000000000000000000
org.apache.commons.lang.BooleanUtilsTest:test_toBoolean_String:()V#325#281 prob_bp = 1.00000000000000000000
org.apache.commons.lang.BooleanUtilsTest:test_toBoolean_String:()V#326#288 prob_bp = 1.00000000000000000000
org.apache.commons.lang.BooleanUtilsTest:test_toBoolean_String:()V#326#290 prob_bp = 1.00000000000000000000
org.apache.commons.lang.BooleanUtilsTest:test_toBoolean_String:()V#327#297 prob_bp = 1.00000000000000000000
org.apache.commons.lang.BooleanUtilsTest:test_toBoolean_String:()V#327#299 prob_bp = 1.00000000000000000000
org.apache.commons.lang.BooleanUtilsTest:test_toBoolean_String:()V#328#306 prob_bp = 1.00000000000000000000
org.apache.commons.lang.BooleanUtilsTest:test_toBoolean_String:()V#328#308 prob_bp = 1.00000000000000000000
org.apache.commons.lang.BooleanUtilsTest:test_toBoolean_String:()V#329#315 prob_bp = 1.00000000000000000000
org.apache.commons.lang.BooleanUtilsTest:test_toBoolean_String:()V#329#317 prob_bp = 1.00000000000000000000
org.apache.commons.lang.BooleanUtilsTest:test_toBoolean_String:()V#330#324 prob_bp = 1.00000000000000000000
org.apache.commons.lang.BooleanUtilsTest:test_toBoolean_String:()V#330#326 prob_bp = 1.00000000000000000000
org.apache.commons.lang.BooleanUtilsTest:test_toBoolean_String:()V#331#333 prob_bp = 1.00000000000000000000
org.apache.commons.lang.BooleanUtilsTest:test_toBoolean_String:()V#331#335 prob_bp = 1.00000000000000000000
org.apache.commons.lang.BooleanUtilsTest:test_toBoolean_String:()V#332#342 prob_bp = 1.00000000000000000000
org.apache.commons.lang.BooleanUtilsTest:test_toBoolean_String:()V#332#344 prob_bp = 1.00000000000000000000
org.apache.commons.lang.BooleanUtilsTest:test_toBoolean_String:()V#333#351 prob_bp = 1.00000000000000000000
org.apache.commons.lang.BooleanUtilsTest:test_toBoolean_String:()V#333#353 prob_bp = 1.00000000000000000000
org.apache.commons.lang.BooleanUtilsTest:test_toBoolean_String:()V#334#360 prob_bp = 1.00000000000000000000
org.apache.commons.lang.BooleanUtilsTest:test_toBoolean_String:()V#334#362 prob_bp = 1.00000000000000000000
Belief propagation time : 0.941000s
