Belief propagation time: 30

Probabilities: 
Vars:11541
Stmts:898
org.apache.commons.lang.StringEscapeUtils:escapeJava:(Ljava/lang/String;)Ljava/lang/String;#86#5 prob_bp = 0.49990533915961400000
org.apache.commons.lang.StringEscapeUtils:escapeJavaStyleString:(Ljava/lang/String;Z)Ljava/lang/String;#159#10 prob_bp = 0.49999999999999994000
org.apache.commons.lang.StringEscapeUtils:escapeJavaStyleString:(Ljava/lang/String;Z)Ljava/lang/String;#159#11 prob_bp = 0.49999999999999994000
org.apache.commons.lang.StringEscapeUtils:escapeJavaStyleString:(Ljava/io/Writer;Ljava/lang/String;Z)V#244#437 prob_bp = 0.50000000000000000000
org.apache.commons.lang.StringEscapeUtils:escapeJavaStyleString:(Ljava/io/Writer;Ljava/lang/String;Z)V#244#438 prob_bp = 0.50000000000000000000
org.apache.commons.lang.StringEscapeUtils:escapeJavaStyleString:(Ljava/io/Writer;Ljava/lang/String;Z)V#244#440 prob_bp = 0.50000000000000000000
org.apache.commons.lang.StringEscapeUtils:escapeJavaStyleString:(Ljava/io/Writer;Ljava/lang/String;Z)V#245#443 prob_bp = 0.50000000000000000000
org.apache.commons.lang.StringEscapeUtils:escapeJavaStyleString:(Ljava/io/Writer;Ljava/lang/String;Z)V#245#444 prob_bp = 0.50000000000000000000
org.apache.commons.lang.StringEscapeUtils:escapeJavaStyleString:(Ljava/io/Writer;Ljava/lang/String;Z)V#245#446 prob_bp = 0.50000000000000000000
org.apache.commons.lang.StringEscapeUtils:escapeJavaStyleString:(Ljava/io/Writer;Ljava/lang/String;Z)V#195#121 prob_bp = 0.50000000000000030000
org.apache.commons.lang.StringEscapeUtils:escapeJavaStyleString:(Ljava/io/Writer;Ljava/lang/String;Z)V#195#117 prob_bp = 0.50000000000000090000
org.apache.commons.lang.StringEscapeUtils:escapeJavaStyleString:(Ljava/io/Writer;Ljava/lang/String;Z)V#195#119 prob_bp = 0.50000000000000140000
org.apache.commons.lang.StringEscapeUtils:escapeJavaStyleString:(Ljava/io/Writer;Ljava/lang/String;Z)V#186#19 prob_bp = 0.50000000000000390000
org.apache.commons.lang.StringEscapeUtils:escapeJavaStyleString:(Ljava/io/Writer;Ljava/lang/String;Z)V#186#20 prob_bp = 0.50000000000000440000
org.apache.commons.lang.StringEscapeUtils:escapeJavaStyleString:(Ljava/io/Writer;Ljava/lang/String;Z)V#197#154 prob_bp = 0.50000000000001340000
org.apache.commons.lang.StringEscapeUtils:escapeJavaStyleString:(Ljava/io/Writer;Ljava/lang/String;Z)V#197#156 prob_bp = 0.50000000000005460000
org.apache.commons.lang.StringEscapeUtils:escapeJavaStyleString:(Ljava/io/Writer;Ljava/lang/String;Z)V#197#158 prob_bp = 0.50000000000005740000
org.apache.commons.lang.StringEscapeUtils:escapeJavaStyleString:(Ljava/io/Writer;Ljava/lang/String;Z)V#186#23 prob_bp = 0.50000000000005960000
org.apache.commons.lang.StringEscapeUtils:escapeJavaStyleString:(Ljava/io/Writer;Ljava/lang/String;Z)V#187#29 prob_bp = 0.50000000000017310000
org.apache.commons.lang.StringEscapeUtils:escapeJavaStyleString:(Ljava/io/Writer;Ljava/lang/String;Z)V#187#27 prob_bp = 0.50000000000026280000
org.apache.commons.lang.StringEscapeUtils:escapeJavaStyleString:(Ljava/io/Writer;Ljava/lang/String;Z)V#187#30 prob_bp = 0.50000000000062650000
org.apache.commons.lang.StringEscapeUtils:escapeJavaStyleString:(Ljava/io/Writer;Ljava/lang/String;Z)V#187#24 prob_bp = 0.50000000000083030000
org.apache.commons.lang.StringEscapeUtils:escapeJavaStyleString:(Ljava/io/Writer;Ljava/lang/String;Z)V#187#25 prob_bp = 0.50000000000084680000
org.apache.commons.lang.StringEscapeUtils:escapeJavaStyleString:(Ljava/io/Writer;Ljava/lang/String;Z)V#188#34 prob_bp = 0.50000000000129810000
org.apache.commons.lang.StringEscapeUtils:escapeJavaStyleString:(Ljava/io/Writer;Ljava/lang/String;Z)V#248#453 prob_bp = 0.50000000000176340000
org.apache.commons.lang.StringEscapeUtils:escapeJavaStyleString:(Ljava/io/Writer;Ljava/lang/String;Z)V#187#458 prob_bp = 0.50000000000187980000
org.apache.commons.lang.StringEscapeUtils:escapeJavaStyleString:(Ljava/io/Writer;Ljava/lang/String;Z)V#248#452 prob_bp = 0.50000000000241310000
org.apache.commons.lang.StringEscapeUtils:escapeJavaStyleString:(Ljava/io/Writer;Ljava/lang/String;Z)V#188#33 prob_bp = 0.50000000000273900000
org.apache.commons.lang.StringEscapeUtils:escapeJavaStyleString:(Ljava/io/Writer;Ljava/lang/String;Z)V#188#36 prob_bp = 0.50000000000314270000
org.apache.commons.lang.StringEscapeUtils:escapeJavaStyleString:(Ljava/io/Writer;Ljava/lang/String;Z)V#228#342 prob_bp = 0.50000000001280590000
org.apache.commons.lang.StringEscapeUtils:escapeJavaStyleString:(Ljava/io/Writer;Ljava/lang/String;Z)V#228#344 prob_bp = 0.50000000005424480000
org.apache.commons.lang.StringEscapeUtils:escapeJavaStyleString:(Ljava/io/Writer;Ljava/lang/String;Z)V#191#41 prob_bp = 0.50000000010053250000
org.apache.commons.lang.StringEscapeUtils:escapeJavaStyleString:(Ljava/io/Writer;Ljava/lang/String;Z)V#248#455 prob_bp = 0.50000000021735710000
org.apache.commons.lang.StringEscapeUtils:escapeJavaStyleString:(Ljava/io/Writer;Ljava/lang/String;Z)V#191#43 prob_bp = 0.50000000040954000000
org.apache.commons.lang.StringEscapeUtils:escapeJavaStyleString:(Ljava/io/Writer;Ljava/lang/String;Z)V#191#46 prob_bp = 0.50000000042608580000
org.apache.commons.lang.StringEscapeUtils:escapeJavaStyleString:(Ljava/io/Writer;Ljava/lang/String;Z)V#188#39 prob_bp = 0.50000000955814880000
org.apache.commons.lang.StringEscapeUtils:escapeJavaStyleString:(Ljava/io/Writer;Ljava/lang/String;Z)V#193#79 prob_bp = 0.50000004800313090000
org.apache.commons.lang.StringEscapeUtils:escapeJavaStyleString:(Ljava/io/Writer;Ljava/lang/String;Z)V#193#81 prob_bp = 0.50000019544272830000
org.apache.commons.lang.StringEscapeUtils:escapeJavaStyleString:(Ljava/io/Writer;Ljava/lang/String;Z)V#193#84 prob_bp = 0.50000020333275750000
org.apache.commons.lang.StringEscapeUtils:escapeJavaStyleString:(Ljava/lang/String;Z)Ljava/lang/String;#160#20 prob_bp = 0.50000217856521980000
org.apache.commons.lang.StringEscapeUtils:escapeJavaStyleString:(Ljava/lang/String;Z)Ljava/lang/String;#155#0 prob_bp = 0.50007889564254860000
org.apache.commons.lang.StringEscapeUtils:escapeJavaStyleString:(Ljava/lang/String;Z)Ljava/lang/String;#155#1 prob_bp = 0.50008643850790150000
org.apache.commons.lang.StringEscapeUtils:escapeJavaStyleString:(Ljava/lang/String;Z)Ljava/lang/String;#159#6 prob_bp = 0.50019242209007990000
org.apache.commons.lang.StringEscapeUtils:escapeJavaStyleString:(Ljava/lang/String;Z)Ljava/lang/String;#159#19 prob_bp = 0.50020015668675160000
org.apache.commons.lang.StringEscapeUtils:escapeJavaStyleString:(Ljava/lang/String;Z)Ljava/lang/String;#161#26 prob_bp = 0.50022907239496640000
org.apache.commons.lang.StringEscapeUtils:escapeJavaStyleString:(Ljava/lang/String;Z)Ljava/lang/String;#161#27 prob_bp = 0.50032524456916240000
org.apache.commons.lang.StringEscapeUtils:escapeJava:(Ljava/lang/String;)Ljava/lang/String;#86#0 prob_bp = 0.50063375098382480000
org.apache.commons.lang.StringEscapeUtils:escapeJavaStyleString:(Ljava/lang/String;Z)Ljava/lang/String;#160#21 prob_bp = 0.50063730485117120000
org.apache.commons.lang.StringEscapeUtils:escapeJava:(Ljava/lang/String;)Ljava/lang/String;#86#2 prob_bp = 0.50065162995031450000
org.apache.commons.lang.StringEscapeUtils:escapeJavaStyleString:(Ljava/lang/String;Z)Ljava/lang/String;#160#23 prob_bp = 0.50083274428803400000
org.apache.commons.lang.StringEscapeUtils:escapeJavaStyleString:(Ljava/io/Writer;Ljava/lang/String;Z)V#179#0 prob_bp = 0.50122824333274470000
org.apache.commons.lang.StringEscapeUtils:escapeJavaStyleString:(Ljava/io/Writer;Ljava/lang/String;Z)V#179#1 prob_bp = 0.50134335392079350000
org.apache.commons.lang.StringEscapeUtils:escapeJavaStyleString:(Ljava/io/Writer;Ljava/lang/String;Z)V#182#14 prob_bp = 0.51157236607692010000
org.apache.commons.lang.StringEscapeUtils:escapeJavaStyleString:(Ljava/io/Writer;Ljava/lang/String;Z)V#182#15 prob_bp = 0.51692643483108070000
org.apache.commons.lang.StringEscapeUtils:escapeJavaStyleString:(Ljava/lang/String;Z)Ljava/lang/String;#161#30 prob_bp = 0.53034158328381750000
org.apache.commons.lang.StringEscapeUtilsTest:testEscapeJavaWithSlash:()V#107#6 prob_bp = 1.00000000000000000000
org.apache.commons.lang.StringEscapeUtilsTest:testEscapeJavaWithSlash:()V#107#8 prob_bp = 1.00000000000000000000
org.apache.commons.lang.StringEscapeUtilsTest:testEscapeJavaWithSlash:()V#107#11 prob_bp = 1.00000000000000000000
org.apache.commons.lang.StringEscapeUtilsTest:testEscapeJavaWithSlash:()V#113#12 prob_bp = 1.00000000000000000000
org.apache.commons.lang.StringEscapeUtilsTest:testEscapeJavaWithSlash:()V#113#14 prob_bp = 1.00000000000000000000
org.apache.commons.lang.StringEscapeUtilsTest:testEscapeJavaWithSlash:()V#113#15 prob_bp = 1.00000000000000000000
Belief propagation time : 0.955000s
