Belief propagation time: 100

Probabilities: 
Vars:188999
Stmts:9013
org.apache.commons.math.stat.descriptive.moment.GeometricMean:getResult:()D#114#41 prob_bp = 0.49984822413444313000
org.apache.commons.math.stat.descriptive.moment.GeometricMean:getResult:()D#114#38 prob_bp = 0.49985347735624210000
org.apache.commons.math.stat.descriptive.moment.Variance:evaluate:([D)D#230#27 prob_bp = 0.49993429812030254000
org.apache.commons.math.stat.descriptive.AbstractStorelessUnivariateStatistic:evaluate:([D)D#62#27 prob_bp = 0.49993510973354166000
org.apache.commons.math.stat.descriptive.moment.Variance:evaluate:([DII)D#268#67 prob_bp = 0.49998368760134350000
org.apache.commons.math.stat.descriptive.moment.GeometricMean:evaluate:([DII)D#145#18 prob_bp = 0.49998646698475796000
org.apache.commons.math.stat.descriptive.SummaryStatistics:getMean:()D#205#9 prob_bp = 0.49998874494966017000
org.apache.commons.math.stat.descriptive.moment.Variance:evaluate:([DII)D#268#65 prob_bp = 0.49999594858779630000
org.apache.commons.math.stat.descriptive.moment.Mean:evaluate:([DII)D#169#76 prob_bp = 0.49999679675283830000
org.apache.commons.math.stat.descriptive.moment.Mean:getResult:()D#129#7 prob_bp = 0.49999721982933026000
org.apache.commons.math.stat.descriptive.AbstractUnivariateStatistic:test:([DIIZ)Z#180#89 prob_bp = 0.49999883909317655000
org.apache.commons.math.stat.descriptive.moment.Mean:evaluate:([DII)D#169#75 prob_bp = 0.49999887991179526000
org.apache.commons.math.stat.descriptive.moment.Variance:evaluate:([DII)D#265#63 prob_bp = 0.49999899253085744000
org.apache.commons.math.stat.descriptive.moment.Mean:evaluate:([DII)D#169#68 prob_bp = 0.49999913853938077000
org.apache.commons.math.stat.descriptive.moment.Mean:evaluate:([DII)D#162#34 prob_bp = 0.49999920275473110000
org.apache.commons.math.stat.descriptive.moment.Mean:getResult:()D#129#4 prob_bp = 0.49999932405877900000
org.apache.commons.math.stat.descriptive.AbstractUnivariateStatistic:test:([DIIZ)Z#180#88 prob_bp = 0.49999971223891850000
org.apache.commons.math.stat.descriptive.moment.Variance:evaluate:([DDII)D#424#140 prob_bp = 0.49999974823645840000
org.apache.commons.math.stat.descriptive.moment.Mean:getResult:()D#129#1 prob_bp = 0.49999984652246200000
org.apache.commons.math.stat.descriptive.moment.Variance:evaluate:([DDII)D#424#138 prob_bp = 0.49999993585251395000
org.apache.commons.math.stat.descriptive.AbstractUnivariateStatistic:test:([DII)Z#137#5 prob_bp = 0.49999995354201604000
org.apache.commons.math.stat.descriptive.moment.Mean:getResult:()D#129#0 prob_bp = 0.49999996055102230000
org.apache.commons.math.stat.descriptive.summary.Sum:evaluate:([DII)D#121#10 prob_bp = 0.49999997480636480000
org.apache.commons.math.stat.descriptive.moment.Variance:evaluate:([DDII)D#404#14#unexe#6 prob_bp = 0.49999998243124655000
org.apache.commons.math.stat.descriptive.AbstractUnivariateStatistic:test:([DII)Z#137#3 prob_bp = 0.49999998845349397000
org.apache.commons.math.stat.descriptive.SummaryStatistics:getMean:()D#205#4 prob_bp = 0.49999998886349045000
org.apache.commons.math.stat.descriptive.summary.Sum:evaluate:([DII)D#121#8 prob_bp = 0.49999999363181420000
org.apache.commons.math.stat.descriptive.moment.Variance:evaluate:([DDII)D#405#20#unexe#6 prob_bp = 0.49999999404158935000
org.apache.commons.math.stat.descriptive.SummaryStatistics:getMean:()D#205#1 prob_bp = 0.49999999589327270000
org.apache.commons.math.stat.descriptive.SummaryStatistics:getMean:()D#205#0 prob_bp = 0.49999999644124360000
org.apache.commons.math.stat.descriptive.moment.Variance:evaluate:([DDII)D#407#32#unexe#6 prob_bp = 0.49999999691765856000
org.apache.commons.math.stat.descriptive.moment.Variance:evaluate:([DDII)D#404#11 prob_bp = 0.49999999712266496000
org.apache.commons.math.stat.descriptive.moment.Variance:evaluate:([DDII)D#417#98#unexe#6 prob_bp = 0.49999999763009890000
org.apache.commons.math.stat.descriptive.moment.Variance:evaluate:([DDII)D#420#136 prob_bp = 0.49999999780687077000
org.apache.commons.math.stat.descriptive.moment.Mean:evaluate:([DII)D#162#28 prob_bp = 0.49999999832422987000
org.apache.commons.math.stat.descriptive.moment.Variance:<init>:(Z)V#125#27 prob_bp = 0.49999999907029175000
org.apache.commons.math.stat.descriptive.moment.Variance:<init>:(Z)V#125#20 prob_bp = 0.49999999908870150000
org.apache.commons.math.stat.descriptive.moment.Variance:<init>:(Z)V#125#19 prob_bp = 0.49999999908870163000
org.apache.commons.math.stat.descriptive.moment.Variance:evaluate:([DDII)D#404#9 prob_bp = 0.49999999927544750000
org.apache.commons.math.stat.descriptive.moment.Mean:evaluate:([DII)D#162#27 prob_bp = 0.49999999949390633000
org.apache.commons.math.stat.descriptive.moment.GeometricMean:evaluate:([DII)D#145#15 prob_bp = 0.49999999962503040000
org.apache.commons.math.stat.descriptive.moment.Mean:evaluate:([DII)D#157#7 prob_bp = 0.49999999976116520000
org.apache.commons.math.stat.descriptive.AbstractUnivariateStatistic:test:([DII)Z#137#8 prob_bp = 0.49999999976467340000
org.apache.commons.math.stat.descriptive.AbstractStorelessUnivariateStatistic:evaluate:([D)D#62#24 prob_bp = 0.49999999978533133000
org.apache.commons.math.stat.descriptive.AbstractUnivariateStatistic:test:([DIIZ)Z#184#100 prob_bp = 0.49999999979640760000
org.apache.commons.math.stat.descriptive.AbstractUnivariateStatistic:test:([DIIZ)Z#184#99 prob_bp = 0.49999999980429030000
org.apache.commons.math.stat.descriptive.moment.Variance:evaluate:([DII)D#265#60 prob_bp = 0.49999999980949955000
org.apache.commons.math.stat.descriptive.AbstractStorelessUnivariateStatistic:evaluate:([D)D#62#23 prob_bp = 0.49999999985887494000
org.apache.commons.math.stat.descriptive.moment.Variance:evaluate:([DDII)D#404#14 prob_bp = 0.49999999987567395000
org.apache.commons.math.stat.descriptive.AbstractStorelessUnivariateStatistic:evaluate:([D)D#62#22 prob_bp = 0.49999999987742080000
org.apache.commons.math.stat.descriptive.moment.Variance:evaluate:([DII)D#265#59 prob_bp = 0.49999999994261590000
org.apache.commons.math.stat.descriptive.moment.Mean:evaluate:([DII)D#169#74 prob_bp = 0.49999999995023836000
org.apache.commons.math.stat.descriptive.AbstractUnivariateStatistic:test:([DIIZ)Z#175#62 prob_bp = 0.49999999995144130000
org.apache.commons.math.stat.descriptive.moment.Mean:evaluate:([DII)D#162#33 prob_bp = 0.49999999996455635000
org.apache.commons.math.stat.descriptive.summary.SumOfLogs:<init>:()V#66#11 prob_bp = 0.49999999997400110000
org.apache.commons.math.stat.descriptive.summary.SumOfLogs:<init>:()V#66#10 prob_bp = 0.49999999997451690000
org.apache.commons.math.stat.descriptive.moment.Variance:evaluate:([D)D#230#24 prob_bp = 0.49999999997566260000
org.apache.commons.math.stat.descriptive.summary.SumOfLogs:<init>:()V#66#9 prob_bp = 0.49999999997730740000
org.apache.commons.math.stat.descriptive.moment.GeometricMean:<init>:()V#66#9 prob_bp = 0.49999999997893840000
org.apache.commons.math.stat.descriptive.moment.GeometricMean:<init>:()V#66#8 prob_bp = 0.49999999997974750000
org.apache.commons.math.stat.descriptive.moment.GeometricMean:<init>:()V#66#5 prob_bp = 0.49999999998007410000
org.apache.commons.math.stat.descriptive.moment.Variance:evaluate:([D)D#230#23 prob_bp = 0.49999999998400120000
org.apache.commons.math.stat.descriptive.moment.Variance:evaluate:([D)D#230#22 prob_bp = 0.49999999998610356000
org.apache.commons.math.stat.descriptive.moment.Mean:evaluate:([DII)D#169#72 prob_bp = 0.49999999998758890000
org.apache.commons.math.stat.descriptive.moment.Mean:evaluate:([DII)D#169#70 prob_bp = 0.49999999998766304000
org.apache.commons.math.stat.descriptive.AbstractUnivariateStatistic:test:([DIIZ)Z#175#61 prob_bp = 0.49999999998793615000
org.apache.commons.math.stat.descriptive.moment.Variance:evaluate:([DDII)D#417#98 prob_bp = 0.49999999998856960000
org.apache.commons.math.stat.descriptive.AbstractStorelessUnivariateStatistic:evaluate:([D)D#59#1 prob_bp = 0.49999999999113814000
org.apache.commons.math.stat.descriptive.moment.Mean:evaluate:([DII)D#162#31 prob_bp = 0.49999999999116000000
org.apache.commons.math.stat.descriptive.summary.Sum:evaluate:([DII)D#127#47 prob_bp = 0.49999999999119410000
org.apache.commons.math.stat.descriptive.AbstractStorelessUnivariateStatistic:evaluate:([D)D#59#0 prob_bp = 0.49999999999231760000
org.apache.commons.math.stat.descriptive.moment.Mean:evaluate:([DII)D#159#21 prob_bp = 0.49999999999462824000
org.apache.commons.math.stat.descriptive.moment.Variance:evaluate:([DDII)D#405#20 prob_bp = 0.49999999999479600000
org.apache.commons.math.stat.descriptive.moment.Variance:evaluate:([DDII)D#405#19 prob_bp = 0.49999999999499684000
org.apache.commons.math.stat.descriptive.moment.Mean:evaluate:([DII)D#166#47#unexe#9 prob_bp = 0.49999999999603400000
org.apache.commons.math.stat.descriptive.SummaryStatistics:setVarianceImpl:(Lorg/apache/commons/math/stat/descriptive/StorelessUnivariateStatistic;)V#636#6 prob_bp = 0.49999999999647726000
org.apache.commons.math.stat.descriptive.SummaryStatistics:setVarianceImpl:(Lorg/apache/commons/math/stat/descriptive/StorelessUnivariateStatistic;)V#636#4 prob_bp = 0.49999999999657896000
org.apache.commons.math.stat.descriptive.SummaryStatistics:setVarianceImpl:(Lorg/apache/commons/math/stat/descriptive/StorelessUnivariateStatistic;)V#636#5 prob_bp = 0.49999999999657896000
org.apache.commons.math.stat.descriptive.AbstractUnivariateStatistic:test:([DIIZ)Z#175#60 prob_bp = 0.49999999999700000000
org.apache.commons.math.stat.descriptive.moment.Variance:evaluate:([DDII)D#407#32 prob_bp = 0.49999999999733746000
org.apache.commons.math.stat.descriptive.moment.Variance:evaluate:([DDII)D#407#31 prob_bp = 0.49999999999744090000
org.apache.commons.math.stat.descriptive.summary.Sum:evaluate:([DII)D#127#45 prob_bp = 0.49999999999780800000
org.apache.commons.math.stat.descriptive.moment.Mean:evaluate:([DII)D#159#20 prob_bp = 0.49999999999858670000
org.apache.commons.math.stat.descriptive.moment.Variance:evaluate:([DDII)D#405#17 prob_bp = 0.49999999999868600000
org.apache.commons.math.stat.descriptive.moment.Variance:evaluate:([D)D#227#1 prob_bp = 0.49999999999899575000
org.apache.commons.math.stat.descriptive.moment.Variance:evaluate:([D)D#227#0 prob_bp = 0.49999999999912936000
org.apache.commons.math.stat.descriptive.moment.Variance:evaluate:([DDII)D#407#29 prob_bp = 0.49999999999933080000
org.apache.commons.math.stat.descriptive.summary.Sum:evaluate:([DII)D#121#13#unexe#4 prob_bp = 0.49999999999945050000
org.apache.commons.math.stat.descriptive.moment.Mean:evaluate:([DII)D#159#19 prob_bp = 0.49999999999957306000
org.apache.commons.math.stat.descriptive.AbstractUnivariateStatistic:test:([DIIZ)Z#171#39 prob_bp = 0.49999999999978767000
org.apache.commons.math.stat.descriptive.AbstractUnivariateStatistic:test:([DIIZ)Z#175#59 prob_bp = 0.49999999999978790000
org.apache.commons.math.stat.descriptive.summary.Sum:evaluate:([DII)D#123#27#unexe#4 prob_bp = 0.49999999999982314000
org.apache.commons.math.stat.descriptive.AbstractUnivariateStatistic:test:([DII)Z#137#1 prob_bp = 0.49999999999987965000
org.apache.commons.math.stat.descriptive.moment.Variance:evaluate:([DDII)D#420#135 prob_bp = 0.49999999999991480000
org.apache.commons.math.stat.descriptive.moment.GeometricMean:<init>:()V#66#12 prob_bp = 0.49999999999992367000
org.apache.commons.math.stat.descriptive.moment.GeometricMean:<init>:()V#66#4 prob_bp = 0.49999999999992545000
org.apache.commons.math.stat.descriptive.summary.Sum:evaluate:([DII)D#121#6 prob_bp = 0.49999999999992970000
org.apache.commons.math.stat.descriptive.AbstractUnivariateStatistic:test:([DIIZ)Z#175#57 prob_bp = 0.49999999999994710000
org.apache.commons.math.stat.descriptive.AbstractUnivariateStatistic:test:([DIIZ)Z#175#58 prob_bp = 0.49999999999994730000
org.apache.commons.math.stat.descriptive.AbstractUnivariateStatistic:test:([DIIZ)Z#171#38 prob_bp = 0.49999999999994743000
org.apache.commons.math.stat.descriptive.moment.Variance:evaluate:([DII)D#264#49 prob_bp = 0.49999999999994800000
org.apache.commons.math.stat.descriptive.SummaryStatistics:setVarianceImpl:(Lorg/apache/commons/math/stat/descriptive/StorelessUnivariateStatistic;)V#635#1 prob_bp = 0.49999999999995803000
org.apache.commons.math.stat.descriptive.SummaryStatistics:setVarianceImpl:(Lorg/apache/commons/math/stat/descriptive/StorelessUnivariateStatistic;)V#635#0 prob_bp = 0.49999999999995876000
org.apache.commons.math.stat.descriptive.moment.Variance:evaluate:([DDII)D#417#95 prob_bp = 0.49999999999995876000
org.apache.commons.math.stat.descriptive.moment.Mean:evaluate:([DII)D#167#60 prob_bp = 0.49999999999996525000
org.apache.commons.math.stat.descriptive.moment.Variance:evaluate:([DDII)D#420#133 prob_bp = 0.49999999999997885000
org.apache.commons.math.stat.descriptive.moment.GeometricMean:evaluate:([DII)D#145#14 prob_bp = 0.49999999999998307000
org.apache.commons.math.stat.descriptive.moment.Variance:evaluate:([DII)D#264#48 prob_bp = 0.49999999999998430000
org.apache.commons.math.stat.descriptive.moment.Variance:evaluate:([DDII)D#420#132 prob_bp = 0.49999999999998795000
org.apache.commons.math.stat.descriptive.moment.Variance:evaluate:([DDII)D#417#94 prob_bp = 0.49999999999998930000
org.apache.commons.math.stat.descriptive.summary.Sum:evaluate:([DII)D#121#13 prob_bp = 0.49999999999999006000
org.apache.commons.math.stat.descriptive.moment.Mean:evaluate:([DII)D#157#4 prob_bp = 0.49999999999999050000
org.apache.commons.math.stat.descriptive.moment.Mean:evaluate:([DII)D#162#25 prob_bp = 0.49999999999999120000
org.apache.commons.math.stat.descriptive.moment.Variance:evaluate:([DDII)D#404#6 prob_bp = 0.49999999999999206000
org.apache.commons.math.stat.descriptive.moment.Variance:evaluate:([DDII)D#416#92 prob_bp = 0.49999999999999470000
org.apache.commons.math.stat.descriptive.moment.GeometricMean:evaluate:([DII)D#145#13 prob_bp = 0.49999999999999556000
org.apache.commons.math.stat.descriptive.summary.SumOfLogs:evaluate:([DII)D#138#50 prob_bp = 0.49999999999999580000
org.apache.commons.math.stat.descriptive.AbstractStorelessUnivariateStatistic:evaluate:([D)D#62#20 prob_bp = 0.49999999999999650000
org.apache.commons.math.stat.descriptive.moment.Variance:evaluate:([DDII)D#420#122 prob_bp = 0.49999999999999684000
org.apache.commons.math.stat.descriptive.moment.Variance:<init>:(Z)V#126#32 prob_bp = 0.49999999999999690000
org.apache.commons.math.stat.descriptive.moment.Variance:<init>:(Z)V#126#31 prob_bp = 0.49999999999999720000
org.apache.commons.math.stat.descriptive.moment.Mean:evaluate:([DII)D#157#3 prob_bp = 0.49999999999999740000
org.apache.commons.math.stat.descriptive.moment.Variance:<init>:(Z)V#126#30 prob_bp = 0.49999999999999767000
org.apache.commons.math.stat.descriptive.AbstractUnivariateStatistic:test:([DII)Z#137#2 prob_bp = 0.49999999999999795000
org.apache.commons.math.stat.descriptive.summary.Sum:evaluate:([DII)D#121#7 prob_bp = 0.49999999999999850000
org.apache.commons.math.stat.descriptive.summary.Sum:evaluate:([DII)D#124#37 prob_bp = 0.49999999999999860000
org.apache.commons.math.stat.descriptive.moment.Variance:evaluate:([DII)D#265#54 prob_bp = 0.49999999999999870000
org.apache.commons.math.stat.descriptive.moment.GeometricMean:evaluate:([DII)D#145#12 prob_bp = 0.49999999999999870000
org.apache.commons.math.stat.descriptive.moment.Variance:evaluate:([DDII)D#416#91 prob_bp = 0.49999999999999880000
org.apache.commons.math.stat.descriptive.moment.Variance:evaluate:([DII)D#265#55 prob_bp = 0.49999999999999890000
org.apache.commons.math.stat.descriptive.summary.SumOfLogs:evaluate:([DII)D#138#48 prob_bp = 0.49999999999999890000
org.apache.commons.math.stat.descriptive.AbstractUnivariateStatistic:test:([DIIZ)Z#167#20 prob_bp = 0.49999999999999930000
org.apache.commons.math.stat.descriptive.moment.Variance:evaluate:([D)D#230#19 prob_bp = 0.49999999999999933000
org.apache.commons.math.stat.descriptive.moment.Variance:evaluate:([D)D#230#20 prob_bp = 0.49999999999999956000
org.apache.commons.math.stat.descriptive.SummaryStatistics:setGeoMeanImpl:(Lorg/apache/commons/math/stat/descriptive/StorelessUnivariateStatistic;)V#578#6 prob_bp = 0.49999999999999956000
org.apache.commons.math.stat.descriptive.moment.Variance:evaluate:([DDII)D#411#55#unexe#8 prob_bp = 0.49999999999999960000
org.apache.commons.math.stat.descriptive.SummaryStatistics:setGeoMeanImpl:(Lorg/apache/commons/math/stat/descriptive/StorelessUnivariateStatistic;)V#578#4 prob_bp = 0.49999999999999960000
org.apache.commons.math.stat.descriptive.SummaryStatistics:setGeoMeanImpl:(Lorg/apache/commons/math/stat/descriptive/StorelessUnivariateStatistic;)V#578#5 prob_bp = 0.49999999999999960000
org.apache.commons.math.util.FastMath:log:(D[D)D#1271#773 prob_bp = 0.49999999999999970000
org.apache.commons.math.util.FastMath:log:(D[D)D#1181#315 prob_bp = 0.49999999999999980000
org.apache.commons.math.util.FastMath:log:(D[D)D#1182#328 prob_bp = 0.49999999999999980000
org.apache.commons.math.util.FastMath:log:(D[D)D#1171#364 prob_bp = 0.49999999999999980000
org.apache.commons.math.util.FastMath:log:(D[D)D#1169#237 prob_bp = 0.49999999999999983000
org.apache.commons.math.util.FastMath:log:(D[D)D#1174#265 prob_bp = 0.49999999999999983000
org.apache.commons.math.util.FastMath:log:(D[D)D#1174#276 prob_bp = 0.49999999999999983000
org.apache.commons.math.util.FastMath:log:(D[D)D#1182#333 prob_bp = 0.49999999999999983000
org.apache.commons.math.util.FastMath:log:(D[D)D#1186#361 prob_bp = 0.49999999999999983000
org.apache.commons.math.util.FastMath:log:(D[D)D#1193#401 prob_bp = 0.49999999999999983000
org.apache.commons.math.util.FastMath:log:(D[D)D#1274#806 prob_bp = 0.49999999999999983000
org.apache.commons.math.util.FastMath:log:(D[D)D#1310#942 prob_bp = 0.49999999999999983000
org.apache.commons.math.util.FastMath:log:(D[D)D#1314#971 prob_bp = 0.49999999999999983000
org.apache.commons.math.util.FastMath:log:(D[D)D#1324#1014 prob_bp = 0.49999999999999983000
org.apache.commons.math.stat.descriptive.moment.Mean:evaluate:([DII)D#166#39 prob_bp = 0.49999999999999983000
org.apache.commons.math.stat.descriptive.moment.Mean:evaluate:([DII)D#166#45 prob_bp = 0.49999999999999983000
org.apache.commons.math.stat.descriptive.moment.Variance:evaluate:([DDII)D#404#7 prob_bp = 0.49999999999999983000
org.apache.commons.math.util.FastMath:log:(D[D)D#1163#198 prob_bp = 0.49999999999999990000
org.apache.commons.math.util.FastMath:log:(D[D)D#1171#253#unexe#18 prob_bp = 0.49999999999999990000
org.apache.commons.math.stat.descriptive.summary.SumOfLogs:evaluate:([DII)D#134#27#unexe#4 prob_bp = 0.49999999999999990000
org.apache.commons.math.util.FastMath:log:(D[D)D#1163#192 prob_bp = 0.49999999999999994000
org.apache.commons.math.util.FastMath:log:(D[D)D#1163#195 prob_bp = 0.49999999999999994000
org.apache.commons.math.util.FastMath:log:(D[D)D#1178#308 prob_bp = 0.49999999999999994000
org.apache.commons.math.util.FastMath:log:(D[D)D#1185#346 prob_bp = 0.49999999999999994000
org.apache.commons.math.util.FastMath:log:(D[D)D#1191#390 prob_bp = 0.49999999999999994000
org.apache.commons.math.util.FastMath:log:(D[D)D#1213#445 prob_bp = 0.49999999999999994000
org.apache.commons.math.util.FastMath:log:(D[D)D#1213#454 prob_bp = 0.49999999999999994000
org.apache.commons.math.util.FastMath:log:(D[D)D#1273#795 prob_bp = 0.49999999999999994000
org.apache.commons.math.util.FastMath:log:(D[D)D#1275#815 prob_bp = 0.49999999999999994000
org.apache.commons.math.util.FastMath:log:(D[D)D#1299#865 prob_bp = 0.49999999999999994000
org.apache.commons.math.util.FastMath:log:(D[D)D#1300#880 prob_bp = 0.49999999999999994000
org.apache.commons.math.util.FastMath:log:(D[D)D#1310#952 prob_bp = 0.49999999999999994000
org.apache.commons.math.util.FastMath:log:(D[D)D#1311#955 prob_bp = 0.49999999999999994000
org.apache.commons.math.stat.descriptive.moment.Mean:evaluate:([DII)D#157#1 prob_bp = 0.49999999999999994000
org.apache.commons.math.stat.descriptive.moment.Mean:evaluate:([DII)D#157#2 prob_bp = 0.49999999999999994000
org.apache.commons.math.stat.descriptive.summary.Sum:evaluate:([DII)D#123#20 prob_bp = 0.49999999999999994000
org.apache.commons.math.stat.descriptive.moment.Variance:evaluate:([DII)D#258#7 prob_bp = 0.49999999999999994000
org.apache.commons.math.stat.descriptive.moment.Variance:evaluate:([DII)D#258#12 prob_bp = 0.49999999999999994000
org.apache.commons.math.stat.descriptive.moment.Variance:evaluate:([DII)D#262#32 prob_bp = 0.49999999999999994000
org.apache.commons.math.stat.descriptive.moment.Variance:evaluate:([DDII)D#412#61 prob_bp = 0.49999999999999994000
org.apache.commons.math.stat.descriptive.moment.Variance:evaluate:([DDII)D#412#64 prob_bp = 0.49999999999999994000
org.apache.commons.math.stat.descriptive.moment.Variance:evaluate:([DDII)D#413#66 prob_bp = 0.49999999999999994000
org.apache.commons.math.stat.descriptive.moment.Variance:evaluate:([DDII)D#413#72 prob_bp = 0.49999999999999994000
org.apache.commons.math.stat.descriptive.moment.Variance:evaluate:([DDII)D#413#74 prob_bp = 0.49999999999999994000
org.apache.commons.math.stat.descriptive.moment.Variance:evaluate:([DDII)D#414#80 prob_bp = 0.49999999999999994000
org.apache.commons.math.stat.descriptive.moment.Variance:evaluate:([DDII)D#420#124 prob_bp = 0.49999999999999994000
org.apache.commons.math.stat.descriptive.moment.Variance:evaluate:([DDII)D#420#126 prob_bp = 0.49999999999999994000
org.apache.commons.math.stat.descriptive.moment.Variance:evaluate:([DDII)D#420#129 prob_bp = 0.49999999999999994000
org.apache.commons.math.stat.descriptive.summary.SumOfLogs:evaluate:([DII)D#132#6 prob_bp = 0.49999999999999994000
org.apache.commons.math.stat.descriptive.summary.SumOfLogs:evaluate:([DII)D#135#30 prob_bp = 0.49999999999999994000
org.apache.commons.math.util.FastMath:exp:(DD[D)D#875#230 prob_bp = 0.49999999999999994000
org.apache.commons.math.util.FastMath:exp:(DD[D)D#899#280 prob_bp = 0.49999999999999994000
org.apache.commons.math.util.FastMath:exp:(DD[D)D#900#290 prob_bp = 0.49999999999999994000
org.apache.commons.math.util.FastMath:exp:(DD[D)D#900#291 prob_bp = 0.49999999999999994000
org.apache.commons.math.util.FastMath:exp:(DD[D)D#901#293 prob_bp = 0.49999999999999994000
org.apache.commons.math.util.FastMath:exp:(DD[D)D#901#297 prob_bp = 0.49999999999999994000
org.apache.commons.math.util.FastMath:exp:(DD[D)D#901#302 prob_bp = 0.49999999999999994000
org.apache.commons.math.util.FastMath:exp:(DD[D)D#911#333 prob_bp = 0.49999999999999994000
org.apache.commons.math.util.FastMath:log:(D[D)D#1160#172 prob_bp = 0.50000000000000000000
org.apache.commons.math.util.FastMath:log:(D[D)D#1162#182 prob_bp = 0.50000000000000000000
org.apache.commons.math.util.FastMath:log:(D[D)D#1164#205 prob_bp = 0.50000000000000000000
org.apache.commons.math.util.FastMath:log:(D[D)D#1171#248 prob_bp = 0.50000000000000000000
org.apache.commons.math.util.FastMath:log:(D[D)D#1176#282 prob_bp = 0.50000000000000000000
org.apache.commons.math.util.FastMath:log:(D[D)D#1177#290 prob_bp = 0.50000000000000000000
org.apache.commons.math.util.FastMath:log:(D[D)D#1178#300 prob_bp = 0.50000000000000000000
org.apache.commons.math.util.FastMath:log:(D[D)D#1178#304 prob_bp = 0.50000000000000000000
org.apache.commons.math.util.FastMath:log:(D[D)D#1182#334 prob_bp = 0.50000000000000000000
org.apache.commons.math.util.FastMath:log:(D[D)D#1184#342 prob_bp = 0.50000000000000000000
org.apache.commons.math.util.FastMath:log:(D[D)D#1191#379 prob_bp = 0.50000000000000000000
org.apache.commons.math.util.FastMath:log:(D[D)D#1193#396 prob_bp = 0.50000000000000000000
org.apache.commons.math.util.FastMath:log:(D[D)D#1195#416 prob_bp = 0.50000000000000000000
org.apache.commons.math.util.FastMath:log:(D[D)D#1195#418 prob_bp = 0.50000000000000000000
org.apache.commons.math.util.FastMath:log:(D[D)D#1197#424 prob_bp = 0.50000000000000000000
org.apache.commons.math.util.FastMath:log:(D[D)D#1197#426 prob_bp = 0.50000000000000000000
org.apache.commons.math.util.FastMath:log:(D[D)D#1295#852 prob_bp = 0.50000000000000000000
org.apache.commons.math.stat.descriptive.moment.Variance:evaluate:([DII)D#258#6 prob_bp = 0.50000000000000000000
org.apache.commons.math.stat.descriptive.moment.Variance:evaluate:([DII)D#265#58 prob_bp = 0.50000000000000000000
org.apache.commons.math.stat.descriptive.moment.Variance:evaluate:([DDII)D#411#50 prob_bp = 0.50000000000000000000
org.apache.commons.math.stat.descriptive.moment.Variance:evaluate:([DDII)D#416#89 prob_bp = 0.50000000000000000000
org.apache.commons.math.stat.descriptive.moment.Variance:evaluate:([DDII)D#420#131 prob_bp = 0.50000000000000000000
org.apache.commons.math.stat.descriptive.SummaryStatistics:setGeoMeanImpl:(Lorg/apache/commons/math/stat/descriptive/StorelessUnivariateStatistic;)V#577#0 prob_bp = 0.50000000000000000000
org.apache.commons.math.stat.descriptive.SummaryStatistics:setGeoMeanImpl:(Lorg/apache/commons/math/stat/descriptive/StorelessUnivariateStatistic;)V#577#1 prob_bp = 0.50000000000000000000
org.apache.commons.math.stat.descriptive.summary.SumOfLogs:evaluate:([DII)D#132#7 prob_bp = 0.50000000000000000000
org.apache.commons.math.stat.descriptive.summary.SumOfLogs:evaluate:([DII)D#132#8 prob_bp = 0.50000000000000000000
org.apache.commons.math.stat.descriptive.summary.SumOfLogs:evaluate:([DII)D#133#17 prob_bp = 0.50000000000000000000
org.apache.commons.math.util.FastMath:exp:(DD[D)D#890#262 prob_bp = 0.50000000000000000000
org.apache.commons.math.util.FastMath:exp:(DD[D)D#890#265 prob_bp = 0.50000000000000000000
org.apache.commons.math.util.FastMath:exp:(DD[D)D#890#269 prob_bp = 0.50000000000000000000
org.apache.commons.math.util.FastMath:exp:(DD[D)D#911#335 prob_bp = 0.50000000000000000000
org.apache.commons.math.util.FastMath:log:(D[D)D#1160#171 prob_bp = 0.50000000000000010000
org.apache.commons.math.util.FastMath:log:(D[D)D#1162#188 prob_bp = 0.50000000000000010000
org.apache.commons.math.util.FastMath:log:(D[D)D#1163#194 prob_bp = 0.50000000000000010000
org.apache.commons.math.util.FastMath:log:(D[D)D#1165#209 prob_bp = 0.50000000000000010000
org.apache.commons.math.util.FastMath:log:(D[D)D#1168#221 prob_bp = 0.50000000000000010000
org.apache.commons.math.util.FastMath:log:(D[D)D#1168#223 prob_bp = 0.50000000000000010000
org.apache.commons.math.util.FastMath:log:(D[D)D#1169#238 prob_bp = 0.50000000000000010000
org.apache.commons.math.util.FastMath:log:(D[D)D#1169#240 prob_bp = 0.50000000000000010000
org.apache.commons.math.util.FastMath:log:(D[D)D#1171#251 prob_bp = 0.50000000000000010000
org.apache.commons.math.util.FastMath:log:(D[D)D#1171#253 prob_bp = 0.50000000000000010000
org.apache.commons.math.util.FastMath:log:(D[D)D#1174#270 prob_bp = 0.50000000000000010000
org.apache.commons.math.util.FastMath:log:(D[D)D#1174#279 prob_bp = 0.50000000000000010000
org.apache.commons.math.util.FastMath:log:(D[D)D#1174#280 prob_bp = 0.50000000000000010000
org.apache.commons.math.util.FastMath:log:(D[D)D#1177#298 prob_bp = 0.50000000000000010000
org.apache.commons.math.util.FastMath:log:(D[D)D#1178#302 prob_bp = 0.50000000000000010000
org.apache.commons.math.util.FastMath:log:(D[D)D#1181#310 prob_bp = 0.50000000000000010000
org.apache.commons.math.util.FastMath:log:(D[D)D#1181#319 prob_bp = 0.50000000000000010000
org.apache.commons.math.util.FastMath:log:(D[D)D#1182#323 prob_bp = 0.50000000000000010000
org.apache.commons.math.util.FastMath:log:(D[D)D#1182#330 prob_bp = 0.50000000000000010000
org.apache.commons.math.util.FastMath:log:(D[D)D#1185#349 prob_bp = 0.50000000000000010000
org.apache.commons.math.util.FastMath:log:(D[D)D#1185#352 prob_bp = 0.50000000000000010000
org.apache.commons.math.util.FastMath:log:(D[D)D#1186#356 prob_bp = 0.50000000000000010000
org.apache.commons.math.util.FastMath:log:(D[D)D#1190#370 prob_bp = 0.50000000000000010000
org.apache.commons.math.util.FastMath:log:(D[D)D#1190#372 prob_bp = 0.50000000000000010000
org.apache.commons.math.util.FastMath:log:(D[D)D#1190#374 prob_bp = 0.50000000000000010000
org.apache.commons.math.util.FastMath:log:(D[D)D#1191#377 prob_bp = 0.50000000000000010000
org.apache.commons.math.util.FastMath:log:(D[D)D#1191#381 prob_bp = 0.50000000000000010000
org.apache.commons.math.util.FastMath:log:(D[D)D#1191#382 prob_bp = 0.50000000000000010000
org.apache.commons.math.util.FastMath:log:(D[D)D#1191#384 prob_bp = 0.50000000000000010000
org.apache.commons.math.util.FastMath:log:(D[D)D#1191#388 prob_bp = 0.50000000000000010000
org.apache.commons.math.util.FastMath:log:(D[D)D#1191#393 prob_bp = 0.50000000000000010000
org.apache.commons.math.util.FastMath:log:(D[D)D#1193#402 prob_bp = 0.50000000000000010000
org.apache.commons.math.util.FastMath:log:(D[D)D#1194#404 prob_bp = 0.50000000000000010000
org.apache.commons.math.util.FastMath:log:(D[D)D#1194#411 prob_bp = 0.50000000000000010000
org.apache.commons.math.util.FastMath:log:(D[D)D#1194#412 prob_bp = 0.50000000000000010000
org.apache.commons.math.util.FastMath:log:(D[D)D#1195#414 prob_bp = 0.50000000000000010000
org.apache.commons.math.util.FastMath:log:(D[D)D#1195#421 prob_bp = 0.50000000000000010000
org.apache.commons.math.util.FastMath:log:(D[D)D#1197#429 prob_bp = 0.50000000000000010000
org.apache.commons.math.util.FastMath:log:(D[D)D#1270#762 prob_bp = 0.50000000000000010000
org.apache.commons.math.util.FastMath:log:(D[D)D#1270#768 prob_bp = 0.50000000000000010000
org.apache.commons.math.util.FastMath:log:(D[D)D#1272#782 prob_bp = 0.50000000000000010000
org.apache.commons.math.util.FastMath:log:(D[D)D#1272#784 prob_bp = 0.50000000000000010000
org.apache.commons.math.util.FastMath:log:(D[D)D#1300#872 prob_bp = 0.50000000000000010000
org.apache.commons.math.util.FastMath:log:(D[D)D#1302#889 prob_bp = 0.50000000000000010000
org.apache.commons.math.util.FastMath:log:(D[D)D#1304#901 prob_bp = 0.50000000000000010000
org.apache.commons.math.util.FastMath:log:(D[D)D#1304#904 prob_bp = 0.50000000000000010000
org.apache.commons.math.util.FastMath:log:(D[D)D#1305#914 prob_bp = 0.50000000000000010000
org.apache.commons.math.util.FastMath:log:(D[D)D#1305#916 prob_bp = 0.50000000000000010000
org.apache.commons.math.util.FastMath:log:(D[D)D#1306#924 prob_bp = 0.50000000000000010000
org.apache.commons.math.util.FastMath:log:(D[D)D#1314#966 prob_bp = 0.50000000000000010000
org.apache.commons.math.util.FastMath:log:(D[D)D#1315#975 prob_bp = 0.50000000000000010000
org.apache.commons.math.util.FastMath:log:(D[D)D#1315#982 prob_bp = 0.50000000000000010000
org.apache.commons.math.util.FastMath:log:(D[D)D#1317#990 prob_bp = 0.50000000000000010000
org.apache.commons.math.util.FastMath:log:(D[D)D#1324#1009 prob_bp = 0.50000000000000010000
org.apache.commons.math.stat.descriptive.AbstractUnivariateStatistic:test:([DIIZ)Z#167#19 prob_bp = 0.50000000000000010000
org.apache.commons.math.stat.descriptive.moment.Mean:evaluate:([DII)D#162#26 prob_bp = 0.50000000000000010000
org.apache.commons.math.stat.descriptive.summary.Sum:evaluate:([DII)D#122#17 prob_bp = 0.50000000000000010000
org.apache.commons.math.stat.descriptive.summary.Sum:evaluate:([DII)D#123#19 prob_bp = 0.50000000000000010000
org.apache.commons.math.stat.descriptive.summary.Sum:evaluate:([DII)D#123#22 prob_bp = 0.50000000000000010000
org.apache.commons.math.stat.descriptive.summary.Sum:evaluate:([DII)D#123#27 prob_bp = 0.50000000000000010000
org.apache.commons.math.stat.descriptive.summary.Sum:evaluate:([DII)D#124#30 prob_bp = 0.50000000000000010000
org.apache.commons.math.stat.descriptive.summary.Sum:evaluate:([DII)D#124#35 prob_bp = 0.50000000000000010000
org.apache.commons.math.stat.descriptive.moment.Mean:evaluate:([DII)D#166#40 prob_bp = 0.50000000000000010000
org.apache.commons.math.stat.descriptive.moment.Mean:evaluate:([DII)D#166#42 prob_bp = 0.50000000000000010000
org.apache.commons.math.stat.descriptive.moment.Mean:evaluate:([DII)D#166#47 prob_bp = 0.50000000000000010000
org.apache.commons.math.stat.descriptive.moment.Mean:evaluate:([DII)D#167#55 prob_bp = 0.50000000000000010000
org.apache.commons.math.stat.descriptive.moment.Mean:evaluate:([DII)D#167#56 prob_bp = 0.50000000000000010000
org.apache.commons.math.stat.descriptive.moment.Mean:evaluate:([DII)D#167#58 prob_bp = 0.50000000000000010000
org.apache.commons.math.stat.descriptive.moment.Mean:evaluate:([DII)D#167#59 prob_bp = 0.50000000000000010000
org.apache.commons.math.stat.descriptive.moment.Variance:evaluate:([DII)D#258#8 prob_bp = 0.50000000000000010000
org.apache.commons.math.stat.descriptive.moment.Variance:evaluate:([DII)D#260#19 prob_bp = 0.50000000000000010000
org.apache.commons.math.stat.descriptive.moment.Variance:evaluate:([DII)D#260#20 prob_bp = 0.50000000000000010000
org.apache.commons.math.stat.descriptive.moment.Variance:evaluate:([DII)D#260#21 prob_bp = 0.50000000000000010000
org.apache.commons.math.stat.descriptive.moment.Variance:evaluate:([DII)D#262#30 prob_bp = 0.50000000000000010000
org.apache.commons.math.stat.descriptive.moment.Variance:evaluate:([DII)D#262#31 prob_bp = 0.50000000000000010000
org.apache.commons.math.stat.descriptive.moment.Variance:evaluate:([DII)D#264#46 prob_bp = 0.50000000000000010000
org.apache.commons.math.stat.descriptive.moment.Variance:evaluate:([DII)D#264#52 prob_bp = 0.50000000000000010000
org.apache.commons.math.stat.descriptive.moment.Variance:evaluate:([DII)D#265#56 prob_bp = 0.50000000000000010000
org.apache.commons.math.stat.descriptive.moment.Variance:evaluate:([DDII)D#408#36 prob_bp = 0.50000000000000010000
org.apache.commons.math.stat.descriptive.moment.Variance:evaluate:([DDII)D#410#42 prob_bp = 0.50000000000000010000
org.apache.commons.math.stat.descriptive.moment.Variance:evaluate:([DDII)D#411#46 prob_bp = 0.50000000000000010000
org.apache.commons.math.stat.descriptive.moment.Variance:evaluate:([DDII)D#412#58 prob_bp = 0.50000000000000010000
org.apache.commons.math.stat.descriptive.moment.Variance:evaluate:([DDII)D#412#59 prob_bp = 0.50000000000000010000
org.apache.commons.math.stat.descriptive.moment.Variance:evaluate:([DDII)D#412#62 prob_bp = 0.50000000000000010000
org.apache.commons.math.stat.descriptive.moment.Variance:evaluate:([DDII)D#413#73 prob_bp = 0.50000000000000010000
org.apache.commons.math.stat.descriptive.moment.Variance:evaluate:([DDII)D#414#81 prob_bp = 0.50000000000000010000
org.apache.commons.math.stat.descriptive.moment.Variance:evaluate:([DDII)D#411#83 prob_bp = 0.50000000000000010000
org.apache.commons.math.stat.descriptive.moment.Variance:evaluate:([DDII)D#420#128 prob_bp = 0.50000000000000010000
org.apache.commons.math.stat.descriptive.summary.SumOfLogs:evaluate:([DII)D#132#10 prob_bp = 0.50000000000000010000
org.apache.commons.math.stat.descriptive.summary.SumOfLogs:evaluate:([DII)D#133#16 prob_bp = 0.50000000000000010000
org.apache.commons.math.stat.descriptive.summary.SumOfLogs:evaluate:([DII)D#135#39 prob_bp = 0.50000000000000010000
org.apache.commons.math.stat.descriptive.summary.SumOfLogs:evaluate:([DII)D#135#40 prob_bp = 0.50000000000000010000
org.apache.commons.math.util.FastMath:exp:(DD[D)D#875#231 prob_bp = 0.50000000000000010000
org.apache.commons.math.util.FastMath:exp:(DD[D)D#890#268 prob_bp = 0.50000000000000010000
org.apache.commons.math.util.FastMath:exp:(DD[D)D#890#272 prob_bp = 0.50000000000000010000
org.apache.commons.math.util.FastMath:exp:(DD[D)D#890#273 prob_bp = 0.50000000000000010000
org.apache.commons.math.util.FastMath:exp:(DD[D)D#890#274 prob_bp = 0.50000000000000010000
org.apache.commons.math.util.FastMath:exp:(DD[D)D#900#284 prob_bp = 0.50000000000000010000
org.apache.commons.math.util.FastMath:exp:(DD[D)D#900#287 prob_bp = 0.50000000000000010000
org.apache.commons.math.util.FastMath:exp:(DD[D)D#901#295 prob_bp = 0.50000000000000010000
org.apache.commons.math.util.FastMath:exp:(DD[D)D#901#298 prob_bp = 0.50000000000000010000
org.apache.commons.math.util.FastMath:exp:(DD[D)D#901#301 prob_bp = 0.50000000000000010000
org.apache.commons.math.util.FastMath:exp:(DD[D)D#902#306 prob_bp = 0.50000000000000010000
org.apache.commons.math.util.FastMath:exp:(DD[D)D#902#310 prob_bp = 0.50000000000000010000
org.apache.commons.math.util.FastMath:exp:(DD[D)D#911#338 prob_bp = 0.50000000000000010000
org.apache.commons.math.util.FastMath:log:(D[D)D#1162#184 prob_bp = 0.50000000000000020000
org.apache.commons.math.util.FastMath:log:(D[D)D#1162#187 prob_bp = 0.50000000000000020000
org.apache.commons.math.util.FastMath:log:(D[D)D#1163#190 prob_bp = 0.50000000000000020000
org.apache.commons.math.util.FastMath:log:(D[D)D#1164#200 prob_bp = 0.50000000000000020000
org.apache.commons.math.util.FastMath:log:(D[D)D#1166#211 prob_bp = 0.50000000000000020000
org.apache.commons.math.util.FastMath:log:(D[D)D#1168#215 prob_bp = 0.50000000000000020000
org.apache.commons.math.util.FastMath:log:(D[D)D#1168#224 prob_bp = 0.50000000000000020000
org.apache.commons.math.util.FastMath:log:(D[D)D#1169#235 prob_bp = 0.50000000000000020000
org.apache.commons.math.util.FastMath:log:(D[D)D#1169#236 prob_bp = 0.50000000000000020000
org.apache.commons.math.util.FastMath:log:(D[D)D#1171#246 prob_bp = 0.50000000000000020000
org.apache.commons.math.util.FastMath:log:(D[D)D#1173#260 prob_bp = 0.50000000000000020000
org.apache.commons.math.util.FastMath:log:(D[D)D#1173#261 prob_bp = 0.50000000000000020000
org.apache.commons.math.util.FastMath:log:(D[D)D#1177#292 prob_bp = 0.50000000000000020000
org.apache.commons.math.util.FastMath:log:(D[D)D#1181#317 prob_bp = 0.50000000000000020000
org.apache.commons.math.util.FastMath:log:(D[D)D#1186#358 prob_bp = 0.50000000000000020000
org.apache.commons.math.util.FastMath:log:(D[D)D#1171#253#unexe#16 prob_bp = 0.50000000000000020000
org.apache.commons.math.util.FastMath:log:(D[D)D#1190#375 prob_bp = 0.50000000000000020000
org.apache.commons.math.util.FastMath:log:(D[D)D#1191#387 prob_bp = 0.50000000000000020000
org.apache.commons.math.util.FastMath:log:(D[D)D#1193#398 prob_bp = 0.50000000000000020000
org.apache.commons.math.util.FastMath:log:(D[D)D#1270#760 prob_bp = 0.50000000000000020000
org.apache.commons.math.util.FastMath:log:(D[D)D#1273#801 prob_bp = 0.50000000000000020000
org.apache.commons.math.util.FastMath:log:(D[D)D#1274#811 prob_bp = 0.50000000000000020000
org.apache.commons.math.util.FastMath:log:(D[D)D#1295#845 prob_bp = 0.50000000000000020000
org.apache.commons.math.util.FastMath:log:(D[D)D#1297#860 prob_bp = 0.50000000000000020000
org.apache.commons.math.util.FastMath:log:(D[D)D#1299#870 prob_bp = 0.50000000000000020000
org.apache.commons.math.util.FastMath:log:(D[D)D#1305#919 prob_bp = 0.50000000000000020000
org.apache.commons.math.util.FastMath:log:(D[D)D#1309#939 prob_bp = 0.50000000000000020000
org.apache.commons.math.util.FastMath:log:(D[D)D#1312#963 prob_bp = 0.50000000000000020000
org.apache.commons.math.util.FastMath:log:(D[D)D#1315#978 prob_bp = 0.50000000000000020000
org.apache.commons.math.util.FastMath:log:(D[D)D#1317#988 prob_bp = 0.50000000000000020000
org.apache.commons.math.util.FastMath:log:(D[D)D#1317#993 prob_bp = 0.50000000000000020000
org.apache.commons.math.stat.descriptive.AbstractUnivariateStatistic:test:([DIIZ)Z#163#1 prob_bp = 0.50000000000000020000
org.apache.commons.math.stat.descriptive.moment.Mean:evaluate:([DII)D#165#36 prob_bp = 0.50000000000000020000
org.apache.commons.math.stat.descriptive.moment.Mean:evaluate:([DII)D#167#52 prob_bp = 0.50000000000000020000
org.apache.commons.math.stat.descriptive.moment.Mean:evaluate:([DII)D#167#53 prob_bp = 0.50000000000000020000
org.apache.commons.math.stat.descriptive.moment.Mean:evaluate:([DII)D#166#62 prob_bp = 0.50000000000000020000
org.apache.commons.math.stat.descriptive.moment.Variance:evaluate:([DII)D#258#9 prob_bp = 0.50000000000000020000
org.apache.commons.math.stat.descriptive.moment.Variance:evaluate:([DDII)D#408#35 prob_bp = 0.50000000000000020000
org.apache.commons.math.stat.descriptive.moment.Variance:evaluate:([DDII)D#411#44 prob_bp = 0.50000000000000020000
org.apache.commons.math.stat.descriptive.moment.Variance:evaluate:([DDII)D#411#54 prob_bp = 0.50000000000000020000
org.apache.commons.math.stat.descriptive.moment.Variance:evaluate:([DDII)D#411#55 prob_bp = 0.50000000000000020000
org.apache.commons.math.stat.descriptive.moment.Variance:evaluate:([DDII)D#414#78 prob_bp = 0.50000000000000020000
org.apache.commons.math.stat.descriptive.moment.Variance:evaluate:([DDII)D#411#55#unexe#12 prob_bp = 0.50000000000000020000
org.apache.commons.math.util.FastMath:exp:(DD[D)D#875#228 prob_bp = 0.50000000000000020000
org.apache.commons.math.util.FastMath:exp:(DD[D)D#882#234 prob_bp = 0.50000000000000020000
org.apache.commons.math.util.FastMath:exp:(DD[D)D#890#263 prob_bp = 0.50000000000000020000
org.apache.commons.math.util.FastMath:exp:(DD[D)D#890#266 prob_bp = 0.50000000000000020000
org.apache.commons.math.util.FastMath:exp:(DD[D)D#902#304 prob_bp = 0.50000000000000020000
org.apache.commons.math.util.FastMath:exp:(DD[D)D#902#308 prob_bp = 0.50000000000000020000
org.apache.commons.math.util.FastMath:exp:(DD[D)D#911#331 prob_bp = 0.50000000000000020000
org.apache.commons.math.util.FastMath:log:(D[D)D#1160#169 prob_bp = 0.50000000000000030000
org.apache.commons.math.util.FastMath:log:(D[D)D#1164#202 prob_bp = 0.50000000000000030000
org.apache.commons.math.util.FastMath:log:(D[D)D#1165#207 prob_bp = 0.50000000000000030000
org.apache.commons.math.util.FastMath:log:(D[D)D#1168#222 prob_bp = 0.50000000000000030000
org.apache.commons.math.util.FastMath:log:(D[D)D#1168#226 prob_bp = 0.50000000000000030000
org.apache.commons.math.util.FastMath:log:(D[D)D#1168#227 prob_bp = 0.50000000000000030000
org.apache.commons.math.util.FastMath:log:(D[D)D#1169#229 prob_bp = 0.50000000000000030000
org.apache.commons.math.util.FastMath:log:(D[D)D#1169#241 prob_bp = 0.50000000000000030000
org.apache.commons.math.util.FastMath:log:(D[D)D#1171#247 prob_bp = 0.50000000000000030000
org.apache.commons.math.util.FastMath:log:(D[D)D#1173#258 prob_bp = 0.50000000000000030000
org.apache.commons.math.util.FastMath:log:(D[D)D#1176#287 prob_bp = 0.50000000000000030000
org.apache.commons.math.util.FastMath:log:(D[D)D#1177#294 prob_bp = 0.50000000000000030000
org.apache.commons.math.util.FastMath:log:(D[D)D#1177#295 prob_bp = 0.50000000000000030000
org.apache.commons.math.util.FastMath:log:(D[D)D#1178#305 prob_bp = 0.50000000000000030000
org.apache.commons.math.util.FastMath:log:(D[D)D#1182#332 prob_bp = 0.50000000000000030000
org.apache.commons.math.util.FastMath:log:(D[D)D#1184#336 prob_bp = 0.50000000000000030000
org.apache.commons.math.util.FastMath:log:(D[D)D#1185#344 prob_bp = 0.50000000000000030000
org.apache.commons.math.util.FastMath:log:(D[D)D#1186#354 prob_bp = 0.50000000000000030000
org.apache.commons.math.util.FastMath:log:(D[D)D#1191#392 prob_bp = 0.50000000000000030000
org.apache.commons.math.util.FastMath:log:(D[D)D#1191#394 prob_bp = 0.50000000000000030000
org.apache.commons.math.util.FastMath:log:(D[D)D#1194#406 prob_bp = 0.50000000000000030000
org.apache.commons.math.util.FastMath:log:(D[D)D#1194#408 prob_bp = 0.50000000000000030000
org.apache.commons.math.util.FastMath:log:(D[D)D#1194#409 prob_bp = 0.50000000000000030000
org.apache.commons.math.util.FastMath:log:(D[D)D#1195#422 prob_bp = 0.50000000000000030000
org.apache.commons.math.util.FastMath:log:(D[D)D#1271#771 prob_bp = 0.50000000000000030000
org.apache.commons.math.util.FastMath:log:(D[D)D#1271#780 prob_bp = 0.50000000000000030000
org.apache.commons.math.util.FastMath:log:(D[D)D#1273#802 prob_bp = 0.50000000000000030000
org.apache.commons.math.util.FastMath:log:(D[D)D#1274#810 prob_bp = 0.50000000000000030000
org.apache.commons.math.util.FastMath:log:(D[D)D#1275#817 prob_bp = 0.50000000000000030000
org.apache.commons.math.util.FastMath:log:(D[D)D#1275#818 prob_bp = 0.50000000000000030000
org.apache.commons.math.util.FastMath:log:(D[D)D#1293#830 prob_bp = 0.50000000000000030000
org.apache.commons.math.util.FastMath:log:(D[D)D#1295#843 prob_bp = 0.50000000000000030000
org.apache.commons.math.util.FastMath:log:(D[D)D#1295#846 prob_bp = 0.50000000000000030000
org.apache.commons.math.util.FastMath:log:(D[D)D#1295#851 prob_bp = 0.50000000000000030000
org.apache.commons.math.util.FastMath:log:(D[D)D#1299#867 prob_bp = 0.50000000000000030000
org.apache.commons.math.util.FastMath:log:(D[D)D#1300#874 prob_bp = 0.50000000000000030000
org.apache.commons.math.util.FastMath:log:(D[D)D#1300#879 prob_bp = 0.50000000000000030000
org.apache.commons.math.util.FastMath:log:(D[D)D#1301#883 prob_bp = 0.50000000000000030000
org.apache.commons.math.util.FastMath:log:(D[D)D#1304#894 prob_bp = 0.50000000000000030000
org.apache.commons.math.util.FastMath:log:(D[D)D#1304#899 prob_bp = 0.50000000000000030000
org.apache.commons.math.util.FastMath:log:(D[D)D#1305#920 prob_bp = 0.50000000000000030000
org.apache.commons.math.util.FastMath:log:(D[D)D#1306#922 prob_bp = 0.50000000000000030000
org.apache.commons.math.util.FastMath:log:(D[D)D#1307#926 prob_bp = 0.50000000000000030000
org.apache.commons.math.util.FastMath:log:(D[D)D#1309#935 prob_bp = 0.50000000000000030000
org.apache.commons.math.util.FastMath:log:(D[D)D#1312#964 prob_bp = 0.50000000000000030000
org.apache.commons.math.util.FastMath:log:(D[D)D#1314#968 prob_bp = 0.50000000000000030000
org.apache.commons.math.util.FastMath:log:(D[D)D#1314#970 prob_bp = 0.50000000000000030000
org.apache.commons.math.util.FastMath:log:(D[D)D#1315#981 prob_bp = 0.50000000000000030000
org.apache.commons.math.util.FastMath:log:(D[D)D#1316#984 prob_bp = 0.50000000000000030000
org.apache.commons.math.util.FastMath:log:(D[D)D#1324#1011 prob_bp = 0.50000000000000030000
org.apache.commons.math.stat.descriptive.summary.Sum:evaluate:([DII)D#123#24 prob_bp = 0.50000000000000030000
org.apache.commons.math.stat.descriptive.summary.Sum:evaluate:([DII)D#124#33 prob_bp = 0.50000000000000030000
org.apache.commons.math.stat.descriptive.summary.Sum:evaluate:([DII)D#123#39 prob_bp = 0.50000000000000030000
org.apache.commons.math.stat.descriptive.moment.Mean:evaluate:([DII)D#165#37 prob_bp = 0.50000000000000030000
org.apache.commons.math.stat.descriptive.moment.Mean:evaluate:([DII)D#166#44 prob_bp = 0.50000000000000030000
org.apache.commons.math.stat.descriptive.moment.Mean:evaluate:([DII)D#167#50 prob_bp = 0.50000000000000030000
org.apache.commons.math.stat.descriptive.moment.Variance:evaluate:([DII)D#264#47 prob_bp = 0.50000000000000030000
org.apache.commons.math.stat.descriptive.moment.Variance:evaluate:([DDII)D#412#63 prob_bp = 0.50000000000000030000
org.apache.commons.math.stat.descriptive.moment.Variance:evaluate:([DDII)D#413#68 prob_bp = 0.50000000000000030000
org.apache.commons.math.stat.descriptive.moment.Variance:evaluate:([DDII)D#413#70 prob_bp = 0.50000000000000030000
org.apache.commons.math.stat.descriptive.moment.Variance:evaluate:([DDII)D#414#76 prob_bp = 0.50000000000000030000
org.apache.commons.math.util.FastMath$ExpIntTable:access$100:()[D#3711#0 prob_bp = 0.50000000000000030000
org.apache.commons.math.util.FastMath$ExpIntTable:access$100:()[D#3711#3 prob_bp = 0.50000000000000030000
org.apache.commons.math.util.FastMath:exp:(DD[D)D#875#225 prob_bp = 0.50000000000000030000
org.apache.commons.math.util.FastMath:exp:(DD[D)D#882#237 prob_bp = 0.50000000000000030000
org.apache.commons.math.util.FastMath:exp:(DD[D)D#900#282 prob_bp = 0.50000000000000030000
org.apache.commons.math.util.FastMath:exp:(DD[D)D#900#286 prob_bp = 0.50000000000000030000
org.apache.commons.math.util.FastMath:exp:(DD[D)D#902#309 prob_bp = 0.50000000000000030000
org.apache.commons.math.util.FastMath:exp:(DD[D)D#902#311 prob_bp = 0.50000000000000030000
org.apache.commons.math.util.FastMath:exp:(DD[D)D#911#336 prob_bp = 0.50000000000000030000
org.apache.commons.math.util.FastMath:exp:(DD[D)D#911#340 prob_bp = 0.50000000000000030000
org.apache.commons.math.stat.descriptive.SummaryStatistics:getGeometricMean:()D#286#0 prob_bp = 0.50000000000000030000
org.apache.commons.math.util.FastMath:log:(D[D)D#1160#170 prob_bp = 0.50000000000000040000
org.apache.commons.math.util.FastMath:log:(D[D)D#1173#256 prob_bp = 0.50000000000000040000
org.apache.commons.math.util.FastMath:log:(D[D)D#1184#341 prob_bp = 0.50000000000000040000
org.apache.commons.math.util.FastMath:log:(D[D)D#1213#458 prob_bp = 0.50000000000000040000
org.apache.commons.math.util.FastMath:log:(D[D)D#1218#470 prob_bp = 0.50000000000000040000
org.apache.commons.math.util.FastMath:log:(D[D)D#1272#786 prob_bp = 0.50000000000000040000
org.apache.commons.math.util.FastMath:log:(D[D)D#1272#791 prob_bp = 0.50000000000000040000
org.apache.commons.math.util.FastMath:log:(D[D)D#1218#471#unexe#11 prob_bp = 0.50000000000000040000
org.apache.commons.math.util.FastMath:log:(D[D)D#1305#918 prob_bp = 0.50000000000000040000
org.apache.commons.math.util.FastMath:log:(D[D)D#1307#931 prob_bp = 0.50000000000000040000
org.apache.commons.math.util.FastMath:log:(D[D)D#1310#947 prob_bp = 0.50000000000000040000
org.apache.commons.math.util.FastMath:log:(D[D)D#1312#961 prob_bp = 0.50000000000000040000
org.apache.commons.math.stat.descriptive.summary.Sum:evaluate:([DII)D#123#25 prob_bp = 0.50000000000000040000
org.apache.commons.math.stat.descriptive.moment.Variance:evaluate:([DDII)D#411#52 prob_bp = 0.50000000000000040000
org.apache.commons.math.util.FastMath:exp:(DD[D)D#882#235 prob_bp = 0.50000000000000040000
org.apache.commons.math.util.FastMath:exp:(DD[D)D#899#277 prob_bp = 0.50000000000000040000
org.apache.commons.math.stat.descriptive.SummaryStatistics:getGeometricMean:()D#286#1 prob_bp = 0.50000000000000040000
org.apache.commons.math.util.FastMath:log:(D[D)D#1166#213 prob_bp = 0.50000000000000060000
org.apache.commons.math.util.FastMath:log:(D[D)D#1168#225 prob_bp = 0.50000000000000060000
org.apache.commons.math.util.FastMath:log:(D[D)D#1169#232 prob_bp = 0.50000000000000060000
org.apache.commons.math.util.FastMath:log:(D[D)D#1169#239 prob_bp = 0.50000000000000060000
org.apache.commons.math.util.FastMath:log:(D[D)D#1174#263 prob_bp = 0.50000000000000060000
org.apache.commons.math.util.FastMath:log:(D[D)D#1174#267 prob_bp = 0.50000000000000060000
org.apache.commons.math.util.FastMath:log:(D[D)D#1176#288 prob_bp = 0.50000000000000060000
org.apache.commons.math.util.FastMath:log:(D[D)D#1181#320 prob_bp = 0.50000000000000060000
org.apache.commons.math.util.FastMath:log:(D[D)D#1186#359 prob_bp = 0.50000000000000060000
org.apache.commons.math.util.FastMath:log:(D[D)D#1186#362 prob_bp = 0.50000000000000060000
org.apache.commons.math.util.FastMath:log:(D[D)D#1191#386 prob_bp = 0.50000000000000060000
org.apache.commons.math.util.FastMath:log:(D[D)D#1195#419 prob_bp = 0.50000000000000060000
org.apache.commons.math.util.FastMath:log:(D[D)D#1197#428 prob_bp = 0.50000000000000060000
org.apache.commons.math.util.FastMath:log:(D[D)D#1270#764 prob_bp = 0.50000000000000060000
org.apache.commons.math.util.FastMath:log:(D[D)D#1270#769 prob_bp = 0.50000000000000060000
org.apache.commons.math.util.FastMath:log:(D[D)D#1271#775 prob_bp = 0.50000000000000060000
org.apache.commons.math.util.FastMath:log:(D[D)D#1273#793 prob_bp = 0.50000000000000060000
org.apache.commons.math.util.FastMath:log:(D[D)D#1274#808 prob_bp = 0.50000000000000060000
org.apache.commons.math.util.FastMath:log:(D[D)D#1275#813 prob_bp = 0.50000000000000060000
org.apache.commons.math.util.FastMath:log:(D[D)D#1297#858 prob_bp = 0.50000000000000060000
org.apache.commons.math.util.FastMath:log:(D[D)D#1297#862 prob_bp = 0.50000000000000060000
org.apache.commons.math.util.FastMath:log:(D[D)D#1300#877 prob_bp = 0.50000000000000060000
org.apache.commons.math.util.FastMath:log:(D[D)D#1300#881 prob_bp = 0.50000000000000060000
org.apache.commons.math.util.FastMath:log:(D[D)D#1302#887 prob_bp = 0.50000000000000060000
org.apache.commons.math.util.FastMath:log:(D[D)D#1302#892 prob_bp = 0.50000000000000060000
org.apache.commons.math.util.FastMath:log:(D[D)D#1305#906 prob_bp = 0.50000000000000060000
org.apache.commons.math.util.FastMath:log:(D[D)D#1305#908 prob_bp = 0.50000000000000060000
org.apache.commons.math.util.FastMath:log:(D[D)D#1305#910 prob_bp = 0.50000000000000060000
org.apache.commons.math.util.FastMath:log:(D[D)D#1310#944 prob_bp = 0.50000000000000060000
org.apache.commons.math.util.FastMath:log:(D[D)D#1310#953 prob_bp = 0.50000000000000060000
org.apache.commons.math.util.FastMath:log:(D[D)D#1315#973 prob_bp = 0.50000000000000060000
org.apache.commons.math.util.FastMath:log:(D[D)D#1315#977 prob_bp = 0.50000000000000060000
org.apache.commons.math.util.FastMath:log:(D[D)D#1316#986 prob_bp = 0.50000000000000060000
org.apache.commons.math.stat.descriptive.AbstractUnivariateStatistic:test:([DIIZ)Z#163#0 prob_bp = 0.50000000000000060000
org.apache.commons.math.stat.descriptive.summary.Sum:evaluate:([DII)D#122#16 prob_bp = 0.50000000000000060000
org.apache.commons.math.stat.descriptive.summary.Sum:evaluate:([DII)D#124#32 prob_bp = 0.50000000000000060000
org.apache.commons.math.stat.descriptive.summary.Sum:evaluate:([DII)D#124#36 prob_bp = 0.50000000000000060000
org.apache.commons.math.stat.descriptive.moment.Mean:evaluate:([DII)D#166#46 prob_bp = 0.50000000000000060000
org.apache.commons.math.stat.descriptive.moment.Variance:evaluate:([DDII)D#410#41 prob_bp = 0.50000000000000060000
org.apache.commons.math.stat.descriptive.moment.GeometricMean:evaluate:([DII)D#145#6 prob_bp = 0.50000000000000060000
org.apache.commons.math.util.FastMath$ExpFracTable:access$300:()[D#3754#0 prob_bp = 0.50000000000000060000
org.apache.commons.math.util.FastMath$ExpFracTable:access$300:()[D#3754#3 prob_bp = 0.50000000000000060000
org.apache.commons.math.util.FastMath:exp:(DD[D)D#890#275 prob_bp = 0.50000000000000060000
org.apache.commons.math.util.FastMath$ExpIntTable:<clinit>:()V#3748#145 prob_bp = 0.50000000000000070000
org.apache.commons.math.util.FastMath:log:(D[D)D#1168#218 prob_bp = 0.50000000000000070000
org.apache.commons.math.util.FastMath:log:(D[D)D#1174#273 prob_bp = 0.50000000000000070000
org.apache.commons.math.util.FastMath:log:(D[D)D#1177#297 prob_bp = 0.50000000000000070000
org.apache.commons.math.util.FastMath:log:(D[D)D#1274#804 prob_bp = 0.50000000000000070000
org.apache.commons.math.util.FastMath:log:(D[D)D#1301#885 prob_bp = 0.50000000000000070000
org.apache.commons.math.util.FastMath:log:(D[D)D#1304#902 prob_bp = 0.50000000000000070000
org.apache.commons.math.util.FastMath:log:(D[D)D#1309#940 prob_bp = 0.50000000000000070000
org.apache.commons.math.util.FastMath:log:(D[D)D#1311#957 prob_bp = 0.50000000000000070000
org.apache.commons.math.util.FastMath:log:(D[D)D#1312#959 prob_bp = 0.50000000000000070000
org.apache.commons.math.util.FastMath:log:(D[D)D#1324#1013 prob_bp = 0.50000000000000070000
org.apache.commons.math.stat.descriptive.summary.Sum:evaluate:([DII)D#123#26 prob_bp = 0.50000000000000070000
org.apache.commons.math.util.FastMath:exp:(DD[D)D#882#238 prob_bp = 0.50000000000000070000
org.apache.commons.math.util.FastMath:log:(D[D)D#1163#197 prob_bp = 0.50000000000000080000
org.apache.commons.math.util.FastMath:log:(D[D)D#1164#204 prob_bp = 0.50000000000000080000
org.apache.commons.math.util.FastMath:log:(D[D)D#1171#243 prob_bp = 0.50000000000000080000
org.apache.commons.math.util.FastMath:log:(D[D)D#1171#249 prob_bp = 0.50000000000000080000
org.apache.commons.math.util.FastMath:log:(D[D)D#1174#272 prob_bp = 0.50000000000000080000
org.apache.commons.math.util.FastMath:log:(D[D)D#1176#284 prob_bp = 0.50000000000000080000
org.apache.commons.math.util.FastMath:log:(D[D)D#1181#312 prob_bp = 0.50000000000000080000
org.apache.commons.math.util.FastMath:log:(D[D)D#1181#321 prob_bp = 0.50000000000000080000
org.apache.commons.math.util.FastMath:log:(D[D)D#1182#325 prob_bp = 0.50000000000000080000
org.apache.commons.math.util.FastMath:log:(D[D)D#1185#348 prob_bp = 0.50000000000000080000
org.apache.commons.math.util.FastMath:log:(D[D)D#1185#351 prob_bp = 0.50000000000000080000
org.apache.commons.math.util.FastMath:log:(D[D)D#1213#449 prob_bp = 0.50000000000000080000
org.apache.commons.math.util.FastMath:log:(D[D)D#1213#450 prob_bp = 0.50000000000000080000
org.apache.commons.math.util.FastMath:log:(D[D)D#1213#460 prob_bp = 0.50000000000000080000
org.apache.commons.math.util.FastMath:log:(D[D)D#1271#779 prob_bp = 0.50000000000000080000
org.apache.commons.math.util.FastMath:log:(D[D)D#1273#797 prob_bp = 0.50000000000000080000
org.apache.commons.math.util.FastMath:log:(D[D)D#1296#854 prob_bp = 0.50000000000000080000
org.apache.commons.math.util.FastMath:log:(D[D)D#1296#856 prob_bp = 0.50000000000000080000
org.apache.commons.math.util.FastMath:log:(D[D)D#1309#933 prob_bp = 0.50000000000000080000
org.apache.commons.math.util.FastMath:log:(D[D)D#1310#949 prob_bp = 0.50000000000000080000
org.apache.commons.math.util.FastMath:log:(D[D)D#1310#951 prob_bp = 0.50000000000000080000
org.apache.commons.math.util.FastMath:log:(D[D)D#1315#980 prob_bp = 0.50000000000000080000
org.apache.commons.math.util.FastMath:log:(D[D)D#1317#992 prob_bp = 0.50000000000000080000
org.apache.commons.math.stat.descriptive.moment.Variance:evaluate:([DDII)D#411#48 prob_bp = 0.50000000000000080000
org.apache.commons.math.stat.descriptive.summary.SumOfLogs:evaluate:([DII)D#132#13 prob_bp = 0.50000000000000080000
org.apache.commons.math.util.FastMath:exp:(DD[D)D#884#257 prob_bp = 0.50000000000000080000
org.apache.commons.math.util.FastMath:log:(D[D)D#1174#278 prob_bp = 0.50000000000000090000
org.apache.commons.math.util.FastMath:log:(D[D)D#1178#307 prob_bp = 0.50000000000000090000
org.apache.commons.math.util.FastMath:log:(D[D)D#1184#338 prob_bp = 0.50000000000000090000
org.apache.commons.math.util.FastMath:log:(D[D)D#1295#850 prob_bp = 0.50000000000000090000
org.apache.commons.math.util.FastMath:log:(D[D)D#1297#863 prob_bp = 0.50000000000000090000
org.apache.commons.math.util.FastMath:log:(D[D)D#1304#896 prob_bp = 0.50000000000000090000
org.apache.commons.math.util.FastMath:log:(D[D)D#1304#903 prob_bp = 0.50000000000000090000
org.apache.commons.math.util.FastMath:log:(D[D)D#1309#938 prob_bp = 0.50000000000000090000
org.apache.commons.math.util.FastMath$ExpFracTable:<clinit>:()V#3785#110 prob_bp = 0.50000000000000100000
org.apache.commons.math.util.FastMath:log:(D[D)D#1181#318 prob_bp = 0.50000000000000100000
org.apache.commons.math.util.FastMath:log:(D)D#1096#5 prob_bp = 0.50000000000000100000
org.apache.commons.math.util.FastMath:log:(D[D)D#1295#849 prob_bp = 0.50000000000000100000
org.apache.commons.math.util.FastMath:log:(D[D)D#1300#876 prob_bp = 0.50000000000000100000
org.apache.commons.math.util.FastMath:log:(D[D)D#1305#911 prob_bp = 0.50000000000000100000
org.apache.commons.math.util.FastMath:log:(D[D)D#1305#917 prob_bp = 0.50000000000000100000
org.apache.commons.math.util.FastMath:log:(D[D)D#1307#928 prob_bp = 0.50000000000000100000
org.apache.commons.math.util.FastMath:log:(D[D)D#1307#930 prob_bp = 0.50000000000000100000
org.apache.commons.math.util.FastMath:log:(D[D)D#1310#946 prob_bp = 0.50000000000000100000
org.apache.commons.math.util.FastMath:log:(D[D)D#1310#950 prob_bp = 0.50000000000000100000
org.apache.commons.math.util.FastMath:exp:(DD[D)D#884#259 prob_bp = 0.50000000000000100000
org.apache.commons.math.util.FastMath:log:(D[D)D#1218#471 prob_bp = 0.50000000000000110000
org.apache.commons.math.util.FastMath:log:(D[D)D#1174#268 prob_bp = 0.50000000000000120000
org.apache.commons.math.util.FastMath:log:(D[D)D#1213#459 prob_bp = 0.50000000000000120000
org.apache.commons.math.util.FastMath:log:(D[D)D#1213#461 prob_bp = 0.50000000000000120000
org.apache.commons.math.util.FastMath:log:(D[D)D#1272#790 prob_bp = 0.50000000000000120000
org.apache.commons.math.util.FastMath:log:(D[D)D#1295#848 prob_bp = 0.50000000000000120000
org.apache.commons.math.util.FastMath:log:(D[D)D#1302#891 prob_bp = 0.50000000000000120000
org.apache.commons.math.util.FastMath:log:(D[D)D#1182#331 prob_bp = 0.50000000000000130000
org.apache.commons.math.util.FastMath:log:(D[D)D#1218#471#unexe#9 prob_bp = 0.50000000000000130000
org.apache.commons.math.stat.descriptive.moment.Variance:evaluate:([D)D#230#21 prob_bp = 0.50000000000000130000
org.apache.commons.math.util.FastMath:log:(D[D)D#1174#274 prob_bp = 0.50000000000000140000
org.apache.commons.math.util.FastMath:log:(D[D)D#1213#451 prob_bp = 0.50000000000000140000
org.apache.commons.math.util.FastMath:log:(D[D)D#1216#468 prob_bp = 0.50000000000000140000
org.apache.commons.math.util.FastMath:log:(D[D)D#1269#758 prob_bp = 0.50000000000000140000
org.apache.commons.math.util.FastMath:log:(D[D)D#1272#787 prob_bp = 0.50000000000000140000
org.apache.commons.math.util.FastMath:log:(D[D)D#1274#809 prob_bp = 0.50000000000000140000
org.apache.commons.math.util.FastMath:log:(D[D)D#1309#937 prob_bp = 0.50000000000000140000
org.apache.commons.math.util.FastMath:exp:(DD[D)D#903#315 prob_bp = 0.50000000000000140000
org.apache.commons.math.util.FastMath:log:(D[D)D#1270#765 prob_bp = 0.50000000000000160000
org.apache.commons.math.util.FastMath:log:(D[D)D#1213#446 prob_bp = 0.50000000000000170000
org.apache.commons.math.util.FastMath:log:(D[D)D#1273#798 prob_bp = 0.50000000000000170000
org.apache.commons.math.util.FastMath:log:(D[D)D#1293#829 prob_bp = 0.50000000000000170000
org.apache.commons.math.util.FastMath:log:(D[D)D#1216#467 prob_bp = 0.50000000000000190000
org.apache.commons.math.util.FastMath:log:(D[D)D#1271#776 prob_bp = 0.50000000000000190000
org.apache.commons.math.util.FastMath:log:(D[D)D#1299#869 prob_bp = 0.50000000000000190000
org.apache.commons.math.util.FastMath:exp:(DD[D)D#875#232 prob_bp = 0.50000000000000190000
org.apache.commons.math.util.FastMath:exp:(DD[D)D#903#313 prob_bp = 0.50000000000000190000
org.apache.commons.math.util.FastMath:log:(D[D)D#1269#755 prob_bp = 0.50000000000000200000
org.apache.commons.math.util.FastMath:exp:(DD[D)D#884#260 prob_bp = 0.50000000000000200000
org.apache.commons.math.util.FastMath:log:(D[D)D#1213#455 prob_bp = 0.50000000000000210000
org.apache.commons.math.util.FastMath:exp:(DD[D)D#903#317 prob_bp = 0.50000000000000370000
org.apache.commons.math.util.FastMath:<clinit>:()V#115#176 prob_bp = 0.50000000000000500000
org.apache.commons.math.util.FastMath:log:(D[D)D#1213#462 prob_bp = 0.50000000000000500000
org.apache.commons.math.stat.descriptive.moment.GeometricMean:evaluate:([DII)D#145#5 prob_bp = 0.50000000000000500000
org.apache.commons.math.stat.descriptive.AbstractStorelessUnivariateStatistic:evaluate:([D)D#62#21 prob_bp = 0.50000000000000520000
org.apache.commons.math.util.FastMath:exp:(DD[D)D#911#344 prob_bp = 0.50000000000000610000
org.apache.commons.math.util.FastMath:exp:(DD[D)D#911#342 prob_bp = 0.50000000000000620000
org.apache.commons.math.stat.descriptive.summary.SumOfLogs:evaluate:([DII)D#134#25 prob_bp = 0.50000000000000770000
org.apache.commons.math.util.FastMath:exp:(DD[D)D#911#341 prob_bp = 0.50000000000000790000
org.apache.commons.math.util.FastMath:exp:(DD[D)D#917#350 prob_bp = 0.50000000000000890000
org.apache.commons.math.util.FastMath:exp:(DD[D)D#917#352 prob_bp = 0.50000000000000900000
org.apache.commons.math.stat.descriptive.summary.SumOfLogs:evaluate:([DII)D#134#19 prob_bp = 0.50000000000000920000
org.apache.commons.math.stat.descriptive.summary.SumOfLogs:evaluate:([DII)D#134#24 prob_bp = 0.50000000000000920000
org.apache.commons.math.util.FastMath:exp:(DD[D)D#882#239 prob_bp = 0.50000000000001100000
org.apache.commons.math.util.FastMath:exp:(DD[D)D#882#242 prob_bp = 0.50000000000001110000
org.apache.commons.math.stat.descriptive.moment.GeometricMean:evaluate:([DII)D#145#4 prob_bp = 0.50000000000001230000
org.apache.commons.math.util.FastMath:exp:(DD[D)D#911#346 prob_bp = 0.50000000000001780000
org.apache.commons.math.util.FastMath:exp:(DD[D)D#917#354 prob_bp = 0.50000000000002640000
org.apache.commons.math.stat.descriptive.summary.SumOfLogs:evaluate:([DII)D#134#20 prob_bp = 0.50000000000003010000
org.apache.commons.math.stat.descriptive.summary.SumOfLogs:evaluate:([DII)D#134#26 prob_bp = 0.50000000000003030000
org.apache.commons.math.stat.descriptive.SummaryStatistics:getGeometricMean:()D#286#4 prob_bp = 0.50000000000004070000
org.apache.commons.math.stat.descriptive.moment.GeometricMean:evaluate:([DII)D#145#7 prob_bp = 0.50000000000005830000
org.apache.commons.math.util.FastMath:exp:(DD[D)D#882#243 prob_bp = 0.50000000000008830000
org.apache.commons.math.stat.descriptive.moment.GeometricMean:getResult:()D#111#0 prob_bp = 0.50000000000017840000
org.apache.commons.math.stat.descriptive.summary.SumOfLogs:evaluate:([DII)D#135#33 prob_bp = 0.50000000000019570000
org.apache.commons.math.stat.descriptive.summary.SumOfLogs:evaluate:([DII)D#135#32 prob_bp = 0.50000000000019580000
org.apache.commons.math.util.FastMath:exp:(DD[D)D#903#318 prob_bp = 0.50000000000043800000
org.apache.commons.math.util.FastMath:exp:(DD[D)D#903#321 prob_bp = 0.50000000000045000000
org.apache.commons.math.stat.descriptive.summary.SumOfLogs:evaluate:([DII)D#134#42 prob_bp = 0.50000000000056320000
org.apache.commons.math.stat.descriptive.moment.GeometricMean:getResult:()D#111#1 prob_bp = 0.50000000000065110000
org.apache.commons.math.stat.descriptive.summary.SumOfLogs:evaluate:([DII)D#135#35 prob_bp = 0.50000000000078880000
org.apache.commons.math.stat.descriptive.summary.SumOfLogs:evaluate:([DII)D#134#22 prob_bp = 0.50000000000160660000
org.apache.commons.math.util.FastMath:exp:(DD[D)D#911#347 prob_bp = 0.50000000000207230000
org.apache.commons.math.util.FastMath:exp:(DD[D)D#874#216 prob_bp = 0.50000000000248360000
org.apache.commons.math.util.FastMath:exp:(DD[D)D#874#213 prob_bp = 0.50000000000284130000
org.apache.commons.math.util.FastMath:exp:(DD[D)D#874#218 prob_bp = 0.50000000000291800000
org.apache.commons.math.util.FastMath:exp:(DD[D)D#917#355 prob_bp = 0.50000000000326260000
org.apache.commons.math.util.FastMath:exp:(DD[D)D#903#322 prob_bp = 0.50000000000365300000
org.apache.commons.math.util.FastMath$ExpIntTable:<clinit>:()V#3747#139 prob_bp = 0.50000000000493440000
org.apache.commons.math.util.FastMath$ExpIntTable:access$000:()[D#3711#0 prob_bp = 0.50000000000503340000
org.apache.commons.math.util.FastMath$ExpIntTable:access$000:()[D#3711#3 prob_bp = 0.50000000000530420000
org.apache.commons.math.util.FastMath:exp:(DD[D)D#874#219 prob_bp = 0.50000000000603960000
org.apache.commons.math.stat.descriptive.summary.SumOfLogs:evaluate:([DII)D#134#27 prob_bp = 0.50000000000645610000
org.apache.commons.math.util.FastMath:exp:(DD[D)D#922#392 prob_bp = 0.50000000001204850000
org.apache.commons.math.util.FastMath:exp:(DD[D)D#922#394 prob_bp = 0.50000000001234980000
org.apache.commons.math.util.FastMath:log:(D[D)D#1202#433 prob_bp = 0.50000000001319010000
org.apache.commons.math.util.FastMath$ExpFracTable:<clinit>:()V#3784#104 prob_bp = 0.50000000002050420000
org.apache.commons.math.util.FastMath:exp:(DD[D)D#882#244 prob_bp = 0.50000000002089910000
org.apache.commons.math.util.FastMath$ExpFracTable:access$200:()[D#3754#0 prob_bp = 0.50000000002091830000
org.apache.commons.math.util.FastMath:exp:(DD[D)D#883#249 prob_bp = 0.50000000002202890000
org.apache.commons.math.util.FastMath$ExpFracTable:access$200:()[D#3754#3 prob_bp = 0.50000000002204310000
org.apache.commons.math.util.FastMath:exp:(DD[D)D#883#251 prob_bp = 0.50000000002509750000
org.apache.commons.math.util.FastMath:log:(D[D)D#1202#434 prob_bp = 0.50000000004073550000
org.apache.commons.math.util.FastMath:exp:(DD[D)D#922#396 prob_bp = 0.50000000004190390000
org.apache.commons.math.util.FastMath:log:(D[D)D#1202#437 prob_bp = 0.50000000004200630000
org.apache.commons.math.util.FastMath:exp:(DD[D)D#874#220 prob_bp = 0.50000000010919050000
org.apache.commons.math.util.FastMath:exp:(DD[D)D#883#252 prob_bp = 0.50000000012653020000
org.apache.commons.math.stat.descriptive.moment.GeometricMean:getResult:()D#111#4 prob_bp = 0.50000000016845850000
org.apache.commons.math.stat.descriptive.summary.SumOfLogs:evaluate:([DII)D#135#36 prob_bp = 0.50000000018100540000
org.apache.commons.math.util.FastMath:log:(D[D)D#1134#84 prob_bp = 0.50000000024649940000
org.apache.commons.math.util.FastMath:exp:(DD[D)D#910#324 prob_bp = 0.50000000038930200000
org.apache.commons.math.util.FastMath:exp:(DD[D)D#910#326 prob_bp = 0.50000000040197500000
org.apache.commons.math.util.FastMath:exp:(DD[D)D#911#348 prob_bp = 0.50000000055796760000
org.apache.commons.math.util.FastMath:log:(D[D)D#1155#149 prob_bp = 0.50000000062585040000
org.apache.commons.math.stat.descriptive.summary.SumOfLogs:getN:()J#100#0 prob_bp = 0.50000000073834460000
org.apache.commons.math.util.FastMath:log:(D[D)D#1134#85 prob_bp = 0.50000000078014730000
org.apache.commons.math.util.FastMath:log:(D[D)D#1134#88 prob_bp = 0.50000000080763540000
org.apache.commons.math.util.FastMath:exp:(DD[D)D#910#328 prob_bp = 0.50000000114995400000
org.apache.commons.math.util.FastMath:exp:(DD[D)D#922#397 prob_bp = 0.50000000206750210000
org.apache.commons.math.util.FastMath:log:(D[D)D#1155#150 prob_bp = 0.50000000240964930000
org.apache.commons.math.util.FastMath:log:(D[D)D#1155#153 prob_bp = 0.50000000250683770000
org.apache.commons.math.stat.descriptive.summary.SumOfLogs:getN:()J#100#1 prob_bp = 0.50000000272674530000
org.apache.commons.math.util.FastMath:exp:(DD[D)D#922#399 prob_bp = 0.50000000719700810000
org.apache.commons.math.util.FastMath:log:(D[D)D#1155#157 prob_bp = 0.50000000784176100000
org.apache.commons.math.util.FastMath:log:(D[D)D#1112#25 prob_bp = 0.50000000969819840000
org.apache.commons.math.util.FastMath:log:(D[D)D#1112#26 prob_bp = 0.50000000969819840000
org.apache.commons.math.util.FastMath:log:(D[D)D#1112#27 prob_bp = 0.50000002297497750000
org.apache.commons.math.util.FastMath:log:(D[D)D#1202#438 prob_bp = 0.50000002616510490000
org.apache.commons.math.stat.descriptive.moment.Variance:getResult:()D#179#0 prob_bp = 0.50000002696968560000
org.apache.commons.math.util.FastMath:log:(D[D)D#1202#440 prob_bp = 0.50000002698160810000
org.apache.commons.math.util.FastMath:log:(D[D)D#1155#158 prob_bp = 0.50000002786595810000
org.apache.commons.math.util.FastMath:log:(D[D)D#1155#161 prob_bp = 0.50000002886878140000
org.apache.commons.math.util.FastMath:log:(D[D)D#1202#441 prob_bp = 0.50000003206960200000
org.apache.commons.math.stat.descriptive.moment.Variance:getResult:()D#179#1 prob_bp = 0.50000009330193350000
org.apache.commons.math.util.FastMath:exp:(DD[D)D#910#329 prob_bp = 0.50000013550329280000
org.apache.commons.math.util.FastMath:log:(D[D)D#1109#10 prob_bp = 0.50000016309790880000
org.apache.commons.math.util.FastMath:log:(D[D)D#1292#823 prob_bp = 0.50000031862918810000
org.apache.commons.math.util.FastMath:log:(D[D)D#1109#11 prob_bp = 0.50000041048427210000
org.apache.commons.math.util.FastMath:exp:(DD[D)D#922#400 prob_bp = 0.50000050034183360000
org.apache.commons.math.util.FastMath:log:(D[D)D#1132#73 prob_bp = 0.50000051035453630000
org.apache.commons.math.util.FastMath:log:(D[D)D#1134#89 prob_bp = 0.50000064434472270000
org.apache.commons.math.stat.descriptive.summary.SumOfLogs:getN:()J#100#4 prob_bp = 0.50000064703072870000
org.apache.commons.math.util.FastMath:log:(D[D)D#1134#90 prob_bp = 0.50000066704879100000
org.apache.commons.math.util.FastMath:log:(D[D)D#1292#825 prob_bp = 0.50000070852836150000
org.apache.commons.math.util.FastMath:log:(D[D)D#1123#51 prob_bp = 0.50000108683596540000
org.apache.commons.math.util.FastMath:log:(D[D)D#1109#14 prob_bp = 0.50000113684199890000
org.apache.commons.math.util.FastMath:exp:(DD[D)D#826#0 prob_bp = 0.50000114273076510000
org.apache.commons.math.util.FastMath$lnMant:<clinit>:()V#3807#74 prob_bp = 0.50000125310675780000
org.apache.commons.math.util.FastMath$lnMant:access$400:()[[D#3791#0 prob_bp = 0.50000127842204630000
org.apache.commons.math.util.FastMath$lnMant:access$400:()[[D#3791#3 prob_bp = 0.50000135742055730000
org.apache.commons.math.util.FastMath:exp:(D)D#807#1 prob_bp = 0.50000147300801980000
org.apache.commons.math.util.FastMath:log:(D[D)D#1202#442 prob_bp = 0.50000160394215900000
org.apache.commons.math.util.FastMath:log:(D[D)D#1132#74 prob_bp = 0.50000161544853640000
org.apache.commons.math.util.FastMath:log:(D[D)D#1132#76 prob_bp = 0.50000167237014600000
org.apache.commons.math.util.FastMath:exp:(DD[D)D#919#357 prob_bp = 0.50000170930602240000
org.apache.commons.math.util.FastMath:exp:(DD[D)D#922#402 prob_bp = 0.50000174008455660000
org.apache.commons.math.util.FastMath:log:(D[D)D#1292#820 prob_bp = 0.50000186698042030000
org.apache.commons.math.util.FastMath:log:(D[D)D#1292#826 prob_bp = 0.50000192524117330000
org.apache.commons.math.util.FastMath:exp:(DD[D)D#919#358 prob_bp = 0.50000215112148890000
org.apache.commons.math.util.FastMath:exp:(DD[D)D#919#359 prob_bp = 0.50000220953577770000
org.apache.commons.math.util.FastMath:log:(D[D)D#1123#52 prob_bp = 0.50000266764997600000
org.apache.commons.math.util.FastMath:exp:(DD[D)D#826#1 prob_bp = 0.50000268917498170000
org.apache.commons.math.stat.descriptive.SummaryStatistics:getVariance:()D#239#0 prob_bp = 0.50000272299093770000
org.apache.commons.math.util.FastMath:log:(D[D)D#1123#55 prob_bp = 0.50000276123838690000
org.apache.commons.math.util.FastMath:log:(D[D)D#1112#15 prob_bp = 0.50000277107623430000
org.apache.commons.math.util.FastMath:exp:(DD[D)D#826#2 prob_bp = 0.50000278478732830000
org.apache.commons.math.stat.descriptive.summary.SumOfLogs:getN:()J#100#5 prob_bp = 0.50000288655837590000
org.apache.commons.math.util.FastMath:log:(D[D)D#1155#154 prob_bp = 0.50000290015479180000
org.apache.commons.math.util.FastMath:log:(D[D)D#1202#443 prob_bp = 0.50000311176318140000
org.apache.commons.math.util.FastMath:exp:(D)D#807#0 prob_bp = 0.50000391393620300000
org.apache.commons.math.util.FastMath:exp:(D)D#807#3 prob_bp = 0.50000636287290410000
org.apache.commons.math.util.FastMath:exp:(DD[D)D#864#177 prob_bp = 0.50000698097735530000
org.apache.commons.math.util.FastMath:log:(D[D)D#1294#834 prob_bp = 0.50000781705643560000
org.apache.commons.math.util.FastMath:log:(D[D)D#1112#16 prob_bp = 0.50000792435809490000
org.apache.commons.math.util.FastMath:log:(D[D)D#1112#19 prob_bp = 0.50000816029388620000
org.apache.commons.math.stat.descriptive.SummaryStatistics:getVariance:()D#239#1 prob_bp = 0.50001000692112220000
org.apache.commons.math.stat.descriptive.moment.GeometricMean:getResult:()D#111#9 prob_bp = 0.50001040152694540000
org.apache.commons.math.stat.descriptive.moment.GeometricMean:getResult:()D#111#10 prob_bp = 0.50001076352874980000
org.apache.commons.math.util.FastMath:log:(D[D)D#1292#827 prob_bp = 0.50001341511761580000
org.apache.commons.math.util.FastMath:log:(D[D)D#1132#77 prob_bp = 0.50001560806005190000
org.apache.commons.math.util.FastMath:log:(D[D)D#1134#91 prob_bp = 0.50001648718997970000
org.apache.commons.math.util.FastMath:exp:(DD[D)D#864#178 prob_bp = 0.50001687781497770000
org.apache.commons.math.stat.descriptive.moment.Variance:getResult:()D#179#4 prob_bp = 0.50001926886745400000
org.apache.commons.math.util.FastMath:log:(D[D)D#1294#836 prob_bp = 0.50002181951733960000
org.apache.commons.math.util.FastMath:log:(D[D)D#1294#837 prob_bp = 0.50002250042919560000
org.apache.commons.math.util.FastMath:log:(D[D)D#1154#138 prob_bp = 0.50002277916009900000
org.apache.commons.math.util.FastMath:log:(D[D)D#1155#162 prob_bp = 0.50002591924376490000
org.apache.commons.math.stat.descriptive.SummaryStatistics:getVariance:()D#239#4 prob_bp = 0.50004360336108010000
org.apache.commons.math.util.FastMath:log:(D[D)D#1294#832 prob_bp = 0.50004927072927810000
org.apache.commons.math.util.FastMath:log:(D[D)D#1154#140 prob_bp = 0.50005113706998010000
org.apache.commons.math.util.FastMath:log:(D[D)D#1154#141 prob_bp = 0.50005293433234150000
org.apache.commons.math.util.FastMath:log:(D)D#1096#1 prob_bp = 0.50007113717143280000
org.apache.commons.math.stat.descriptive.moment.Variance:getResult:()D#179#7 prob_bp = 0.50007862579251580000
org.apache.commons.math.stat.descriptive.moment.Variance:getResult:()D#179#8 prob_bp = 0.50008116386207880000
org.apache.commons.math.util.FastMath:log:(D[D)D#1155#165 prob_bp = 0.50008515959227960000
org.apache.commons.math.util.FastMath:log:(D[D)D#1155#166 prob_bp = 0.50012477257866520000
org.apache.commons.math.util.FastMath:log:(D[D)D#1294#838 prob_bp = 0.50016116706859930000
org.apache.commons.math.util.FastMath:log:(D[D)D#1112#28 prob_bp = 0.50026004171265230000
org.apache.commons.math.util.FastMath:exp:(DD[D)D#919#360 prob_bp = 0.50035761208028820000
org.apache.commons.math.util.FastMath:exp:(DD[D)D#922#403 prob_bp = 0.50042109363895440000
org.apache.commons.math.stat.descriptive.SummaryStatistics:addValue:(D)V#154#44 prob_bp = 0.50109404842948800000
org.apache.commons.math.stat.descriptive.SummaryStatistics:addValue:(D)V#154#45 prob_bp = 0.50111893328224620000
org.apache.commons.math.stat.descriptive.summary.SumOfLogs:increment:(D)V#84#5 prob_bp = 0.50116951261052410000
org.apache.commons.math.stat.descriptive.summary.SumOfLogs:increment:(D)V#84#6 prob_bp = 0.50127291359412010000
org.apache.commons.math.stat.descriptive.SummaryStatistics:setMeanImpl:(Lorg/apache/commons/math/stat/descriptive/StorelessUnivariateStatistic;)V#606#0 prob_bp = 0.50128889504371680000
org.apache.commons.math.stat.descriptive.SummaryStatistics:setMeanImpl:(Lorg/apache/commons/math/stat/descriptive/StorelessUnivariateStatistic;)V#606#1 prob_bp = 0.50131494573206590000
org.apache.commons.math.stat.descriptive.SummaryStatistics:checkEmpty:()V#643#0 prob_bp = 0.50136870485541370000
org.apache.commons.math.stat.descriptive.SummaryStatistics:checkEmpty:()V#643#1 prob_bp = 0.50147612753127080000
org.apache.commons.math.util.FastMath:log:(D)D#1096#0 prob_bp = 0.50148646615139550000
org.apache.commons.math.util.FastMath:exp:(DD[D)D#919#360#unexe#25 prob_bp = 0.50184327589871120000
org.apache.commons.math.stat.descriptive.SummaryStatistics:checkEmpty:()V#643#4 prob_bp = 0.50184964469132660000
org.apache.commons.math.stat.descriptive.SummaryStatistics:checkEmpty:()V#643#5 prob_bp = 0.50188873269110150000
org.apache.commons.math.util.FastMath:log:(D[D)D#1123#56 prob_bp = 0.50196752352172670000
org.apache.commons.math.util.FastMath:exp:(DD[D)D#826#3 prob_bp = 0.50198298524257880000
org.apache.commons.math.util.FastMath:log:(D)D#1096#2 prob_bp = 0.50200882610618030000
org.apache.commons.math.util.FastMath:log:(D[D)D#1106#0 prob_bp = 0.50259185093178030000
org.apache.commons.math.util.FastMath:exp:(DD[D)D#864#179 prob_bp = 0.50343641471069310000
org.apache.commons.math.util.FastMath:exp:(DD[D)D#866#181 prob_bp = 0.50367448945007630000
org.apache.commons.math.util.FastMath:log:(D[D)D#1106#1 prob_bp = 0.50410440919175170000
org.apache.commons.math.stat.descriptive.moment.Variance:getResult:()D#180#12 prob_bp = 0.50411181610871150000
org.apache.commons.math.util.FastMath:log:(D[D)D#1106#2 prob_bp = 0.50418798807776890000
org.apache.commons.math.stat.descriptive.moment.Variance:getResult:()D#180#15 prob_bp = 0.50419278234774890000
org.apache.commons.math.util.FastMath:exp:(DD[D)D#866#183 prob_bp = 0.50435444091181300000
org.apache.commons.math.util.FastMath:log:(D[D)D#1112#20 prob_bp = 0.50448938623612820000
org.apache.commons.math.util.FastMath:exp:(DD[D)D#866#186 prob_bp = 0.50450577300882530000
org.apache.commons.math.util.FastMath:log:(D[D)D#1112#21 prob_bp = 0.50462317195330760000
org.apache.commons.math.util.FastMath:log:(D[D)D#1132#78 prob_bp = 0.50467177862017030000
org.apache.commons.math.util.FastMath:log:(D[D)D#1132#81 prob_bp = 0.50483363399510940000
org.apache.commons.math.util.FastMath:log:(D[D)D#1132#82 prob_bp = 0.50595852187614810000
org.apache.commons.math.util.FastMath:exp:(DD[D)D#931#441 prob_bp = 0.50664334609500570000
org.apache.commons.math.stat.descriptive.moment.GeometricMean:getResult:()D#111#11 prob_bp = 0.50908305718241380000
org.apache.commons.math.util.FastMath:log:(D[D)D#1154#144 prob_bp = 0.50982502587966570000
org.apache.commons.math.util.FastMath:exp:(DD[D)D#931#443 prob_bp = 0.51939979079522440000
org.apache.commons.math.util.FastMath:log:(D[D)D#1154#146 prob_bp = 0.52462655170190660000
org.apache.commons.math.util.FastMath:log:(D[D)D#1294#839 prob_bp = 0.53020970001793300000
org.apache.commons.math.util.FastMath:exp:(D)D#807#6 prob_bp = 0.55215817495583050000
org.apache.commons.math.stat.descriptive.moment.Variance:getResult:()D#179#9 prob_bp = 0.56189763101374720000
org.apache.commons.math.util.FastMath:log:(D[D)D#1112#22 prob_bp = 0.57575654172963590000
org.apache.commons.math.util.FastMath:log:(D[D)D#1295#841 prob_bp = 0.62738212997166190000
org.apache.commons.math.stat.descriptive.SummaryStatistics:checkEmpty:()V#643#6 prob_bp = 0.70243958487065790000
org.apache.commons.math.stat.descriptive.SummaryStatistics:getGeometricMean:()D#286#9 prob_bp = 0.79018011729933910000
org.apache.commons.math.util.FastMath:log:(D[D)D#1106#3 prob_bp = 0.86918414104350360000
org.apache.commons.math.stat.descriptive.moment.Mean:<init>:()V#81#9 prob_bp = 0.95412508283791120000
org.apache.commons.math.stat.descriptive.moment.Mean:<init>:()V#81#10 prob_bp = 0.95412508283791120000
org.apache.commons.math.stat.descriptive.SummaryStatistics:getVariance:()D#239#9 prob_bp = 0.95744353425918300000
org.apache.commons.math.stat.descriptive.moment.Mean:<init>:()V#81#17 prob_bp = 0.96329932996326210000
org.apache.commons.math.stat.descriptive.SummaryStatistics:setMeanImpl:(Lorg/apache/commons/math/stat/descriptive/StorelessUnivariateStatistic;)V#607#5 prob_bp = 0.99009644367288050000
org.apache.commons.math.stat.descriptive.SummaryStatistics:setMeanImpl:(Lorg/apache/commons/math/stat/descriptive/StorelessUnivariateStatistic;)V#607#4 prob_bp = 0.99009644426562770000
org.apache.commons.math.stat.descriptive.SummaryStatistics:setMeanImpl:(Lorg/apache/commons/math/stat/descriptive/StorelessUnivariateStatistic;)V#607#6 prob_bp = 0.99009700414416000000
org.apache.commons.math.stat.descriptive.SummaryStatistics:<init>:()V#67#4 prob_bp = 0.99989747001572550000
org.apache.commons.math.stat.descriptive.SummaryStatistics:<init>:()V#67#5 prob_bp = 0.99989747001572600000
org.apache.commons.math.stat.descriptive.SummaryStatistics:<init>:()V#67#6 prob_bp = 0.99995156380535970000
org.apache.commons.math.stat.descriptive.SummaryStatisticsTest:testOverrideMeanWithMathClass:()V#329#0 prob_bp = 1.00000000000000000000
org.apache.commons.math.stat.descriptive.SummaryStatisticsTest:testOverrideMeanWithMathClass:()V#329#1 prob_bp = 1.00000000000000000000
org.apache.commons.math.stat.descriptive.SummaryStatisticsTest:testOverrideMeanWithMathClass:()V#329#25 prob_bp = 1.00000000000000000000
org.apache.commons.math.stat.descriptive.SummaryStatisticsTest:testOverrideMeanWithMathClass:()V#330#26 prob_bp = 1.00000000000000000000
org.apache.commons.math.stat.descriptive.SummaryStatisticsTest:testOverrideMeanWithMathClass:()V#330#29 prob_bp = 1.00000000000000000000
org.apache.commons.math.stat.descriptive.SummaryStatisticsTest:testOverrideMeanWithMathClass:()V#330#30 prob_bp = 1.00000000000000000000
org.apache.commons.math.stat.descriptive.SummaryStatisticsTest:testOverrideMeanWithMathClass:()V#330#33 prob_bp = 1.00000000000000000000
org.apache.commons.math.stat.descriptive.SummaryStatisticsTest:testOverrideMeanWithMathClass:()V#331#34 prob_bp = 1.00000000000000000000
org.apache.commons.math.stat.descriptive.SummaryStatisticsTest:testOverrideMeanWithMathClass:()V#331#35 prob_bp = 1.00000000000000000000
org.apache.commons.math.stat.descriptive.SummaryStatisticsTest:testOverrideMeanWithMathClass:()V#331#38 prob_bp = 1.00000000000000000000
org.apache.commons.math.stat.descriptive.SummaryStatisticsTest:testOverrideMeanWithMathClass:()V#331#39 prob_bp = 1.00000000000000000000
org.apache.commons.math.stat.descriptive.SummaryStatisticsTest:testOverrideMeanWithMathClass:()V#331#42 prob_bp = 1.00000000000000000000
org.apache.commons.math.stat.descriptive.SummaryStatisticsTest:testOverrideMeanWithMathClass:()V#332#45 prob_bp = 1.00000000000000000000
org.apache.commons.math.stat.descriptive.SummaryStatisticsTest:testOverrideMeanWithMathClass:()V#332#46 prob_bp = 1.00000000000000000000
org.apache.commons.math.stat.descriptive.SummaryStatisticsTest:testOverrideMeanWithMathClass:()V#332#47 prob_bp = 1.00000000000000000000
org.apache.commons.math.stat.descriptive.SummaryStatisticsTest:testOverrideMeanWithMathClass:()V#332#48 prob_bp = 1.00000000000000000000
org.apache.commons.math.stat.descriptive.SummaryStatisticsTest:testOverrideMeanWithMathClass:()V#332#49 prob_bp = 1.00000000000000000000
org.apache.commons.math.stat.descriptive.SummaryStatisticsTest:testOverrideMeanWithMathClass:()V#332#51 prob_bp = 1.00000000000000000000
org.apache.commons.math.stat.descriptive.SummaryStatisticsTest:testOverrideMeanWithMathClass:()V#332#52 prob_bp = 1.00000000000000000000
org.apache.commons.math.stat.descriptive.SummaryStatisticsTest:testOverrideMeanWithMathClass:()V#332#54 prob_bp = 1.00000000000000000000
org.apache.commons.math.stat.descriptive.SummaryStatisticsTest:testOverrideMeanWithMathClass:()V#332#56 prob_bp = 1.00000000000000000000
org.apache.commons.math.stat.descriptive.SummaryStatisticsTest:testOverrideMeanWithMathClass:()V#332#58 prob_bp = 1.00000000000000000000
org.apache.commons.math.stat.descriptive.SummaryStatisticsTest:testOverrideMeanWithMathClass:()V#332#61 prob_bp = 1.00000000000000000000
org.apache.commons.math.stat.descriptive.SummaryStatisticsTest:testOverrideMeanWithMathClass:()V#332#62 prob_bp = 1.00000000000000000000
org.apache.commons.math.stat.descriptive.SummaryStatisticsTest:testOverrideMeanWithMathClass:()V#332#64 prob_bp = 1.00000000000000000000
org.apache.commons.math.stat.descriptive.SummaryStatisticsTest:testOverrideMeanWithMathClass:()V#332#65 prob_bp = 1.00000000000000000000
org.apache.commons.math.stat.descriptive.SummaryStatisticsTest:testOverrideMeanWithMathClass:()V#333#68 prob_bp = 1.00000000000000000000
org.apache.commons.math.stat.descriptive.SummaryStatisticsTest:testOverrideMeanWithMathClass:()V#333#70 prob_bp = 1.00000000000000000000
org.apache.commons.math.stat.descriptive.SummaryStatisticsTest:testOverrideMeanWithMathClass:()V#332#73 prob_bp = 1.00000000000000000000
org.apache.commons.math.stat.descriptive.SummaryStatisticsTest:testOverrideMeanWithMathClass:()V#335#86 prob_bp = 1.00000000000000000000
org.apache.commons.math.stat.descriptive.SummaryStatisticsTest:testOverrideMeanWithMathClass:()V#335#87 prob_bp = 1.00000000000000000000
org.apache.commons.math.stat.descriptive.SummaryStatisticsTest:testOverrideMeanWithMathClass:()V#335#90 prob_bp = 1.00000000000000000000
org.apache.commons.math.stat.descriptive.SummaryStatisticsTest:testOverrideMeanWithMathClass:()V#335#91 prob_bp = 1.00000000000000000000
org.apache.commons.math.stat.descriptive.SummaryStatisticsTest:testOverrideMeanWithMathClass:()V#335#94 prob_bp = 1.00000000000000000000
org.apache.commons.math.stat.descriptive.SummaryStatisticsTest:testOverrideMeanWithMathClass:()V#335#95 prob_bp = 1.00000000000000000000
org.apache.commons.math.stat.descriptive.SummaryStatisticsTest:testOverrideVarianceWithMathClass:()V#318#0 prob_bp = 1.00000000000000000000
org.apache.commons.math.stat.descriptive.SummaryStatisticsTest:testOverrideVarianceWithMathClass:()V#318#1 prob_bp = 1.00000000000000000000
org.apache.commons.math.stat.descriptive.SummaryStatisticsTest:testOverrideVarianceWithMathClass:()V#318#25 prob_bp = 1.00000000000000000000
org.apache.commons.math.stat.descriptive.SummaryStatisticsTest:testOverrideVarianceWithMathClass:()V#319#26 prob_bp = 1.00000000000000000000
org.apache.commons.math.stat.descriptive.SummaryStatisticsTest:testOverrideVarianceWithMathClass:()V#319#29 prob_bp = 1.00000000000000000000
org.apache.commons.math.stat.descriptive.SummaryStatisticsTest:testOverrideVarianceWithMathClass:()V#319#30 prob_bp = 1.00000000000000000000
org.apache.commons.math.stat.descriptive.SummaryStatisticsTest:testOverrideVarianceWithMathClass:()V#319#33 prob_bp = 1.00000000000000000000
org.apache.commons.math.stat.descriptive.SummaryStatisticsTest:testOverrideVarianceWithMathClass:()V#320#34 prob_bp = 1.00000000000000000000
org.apache.commons.math.stat.descriptive.SummaryStatisticsTest:testOverrideVarianceWithMathClass:()V#320#35 prob_bp = 1.00000000000000000000
org.apache.commons.math.stat.descriptive.SummaryStatisticsTest:testOverrideVarianceWithMathClass:()V#320#38 prob_bp = 1.00000000000000000000
org.apache.commons.math.stat.descriptive.SummaryStatisticsTest:testOverrideVarianceWithMathClass:()V#320#40 prob_bp = 1.00000000000000000000
org.apache.commons.math.stat.descriptive.SummaryStatisticsTest:testOverrideVarianceWithMathClass:()V#320#43 prob_bp = 1.00000000000000000000
org.apache.commons.math.stat.descriptive.SummaryStatisticsTest:testOverrideVarianceWithMathClass:()V#321#46 prob_bp = 1.00000000000000000000
org.apache.commons.math.stat.descriptive.SummaryStatisticsTest:testOverrideVarianceWithMathClass:()V#321#47 prob_bp = 1.00000000000000000000
org.apache.commons.math.stat.descriptive.SummaryStatisticsTest:testOverrideVarianceWithMathClass:()V#321#48 prob_bp = 1.00000000000000000000
org.apache.commons.math.stat.descriptive.SummaryStatisticsTest:testOverrideVarianceWithMathClass:()V#321#49 prob_bp = 1.00000000000000000000
org.apache.commons.math.stat.descriptive.SummaryStatisticsTest:testOverrideVarianceWithMathClass:()V#321#50 prob_bp = 1.00000000000000000000
org.apache.commons.math.stat.descriptive.SummaryStatisticsTest:testOverrideVarianceWithMathClass:()V#321#52 prob_bp = 1.00000000000000000000
org.apache.commons.math.stat.descriptive.SummaryStatisticsTest:testOverrideVarianceWithMathClass:()V#321#53 prob_bp = 1.00000000000000000000
org.apache.commons.math.stat.descriptive.SummaryStatisticsTest:testOverrideVarianceWithMathClass:()V#321#55 prob_bp = 1.00000000000000000000
org.apache.commons.math.stat.descriptive.SummaryStatisticsTest:testOverrideVarianceWithMathClass:()V#321#57 prob_bp = 1.00000000000000000000
org.apache.commons.math.stat.descriptive.SummaryStatisticsTest:testOverrideVarianceWithMathClass:()V#321#59 prob_bp = 1.00000000000000000000
org.apache.commons.math.stat.descriptive.SummaryStatisticsTest:testOverrideVarianceWithMathClass:()V#321#62 prob_bp = 1.00000000000000000000
org.apache.commons.math.stat.descriptive.SummaryStatisticsTest:testOverrideVarianceWithMathClass:()V#321#63 prob_bp = 1.00000000000000000000
org.apache.commons.math.stat.descriptive.SummaryStatisticsTest:testOverrideVarianceWithMathClass:()V#321#65 prob_bp = 1.00000000000000000000
org.apache.commons.math.stat.descriptive.SummaryStatisticsTest:testOverrideVarianceWithMathClass:()V#321#66 prob_bp = 1.00000000000000000000
org.apache.commons.math.stat.descriptive.SummaryStatisticsTest:testOverrideVarianceWithMathClass:()V#322#69 prob_bp = 1.00000000000000000000
org.apache.commons.math.stat.descriptive.SummaryStatisticsTest:testOverrideVarianceWithMathClass:()V#322#71 prob_bp = 1.00000000000000000000
org.apache.commons.math.stat.descriptive.SummaryStatisticsTest:testOverrideVarianceWithMathClass:()V#321#74 prob_bp = 1.00000000000000000000
org.apache.commons.math.stat.descriptive.SummaryStatisticsTest:testOverrideVarianceWithMathClass:()V#324#80 prob_bp = 1.00000000000000000000
org.apache.commons.math.stat.descriptive.SummaryStatisticsTest:testOverrideVarianceWithMathClass:()V#324#83 prob_bp = 1.00000000000000000000
org.apache.commons.math.stat.descriptive.SummaryStatisticsTest:testOverrideVarianceWithMathClass:()V#324#84 prob_bp = 1.00000000000000000000
org.apache.commons.math.stat.descriptive.SummaryStatisticsTest:testOverrideVarianceWithMathClass:()V#324#85 prob_bp = 1.00000000000000000000
org.apache.commons.math.stat.descriptive.SummaryStatisticsTest:testOverrideVarianceWithMathClass:()V#324#88 prob_bp = 1.00000000000000000000
org.apache.commons.math.stat.descriptive.SummaryStatisticsTest:testOverrideVarianceWithMathClass:()V#324#89 prob_bp = 1.00000000000000000000
org.apache.commons.math.stat.descriptive.SummaryStatisticsTest:testOverrideVarianceWithMathClass:()V#324#92 prob_bp = 1.00000000000000000000
org.apache.commons.math.stat.descriptive.SummaryStatisticsTest:testOverrideVarianceWithMathClass:()V#324#93 prob_bp = 1.00000000000000000000
org.apache.commons.math.stat.descriptive.SummaryStatisticsTest:testOverrideVarianceWithMathClass:()V#324#96 prob_bp = 1.00000000000000000000
org.apache.commons.math.stat.descriptive.SummaryStatisticsTest:testOverrideVarianceWithMathClass:()V#324#97 prob_bp = 1.00000000000000000000
org.apache.commons.math.stat.descriptive.SummaryStatisticsTest:testOverrideGeoMeanWithMathClass:()V#340#0 prob_bp = 1.00000000000000000000
org.apache.commons.math.stat.descriptive.SummaryStatisticsTest:testOverrideGeoMeanWithMathClass:()V#340#1 prob_bp = 1.00000000000000000000
org.apache.commons.math.stat.descriptive.SummaryStatisticsTest:testOverrideGeoMeanWithMathClass:()V#340#19 prob_bp = 1.00000000000000000000
org.apache.commons.math.stat.descriptive.SummaryStatisticsTest:testOverrideGeoMeanWithMathClass:()V#340#20 prob_bp = 1.00000000000000000000
org.apache.commons.math.stat.descriptive.SummaryStatisticsTest:testOverrideGeoMeanWithMathClass:()V#340#21 prob_bp = 1.00000000000000000000
org.apache.commons.math.stat.descriptive.SummaryStatisticsTest:testOverrideGeoMeanWithMathClass:()V#340#24 prob_bp = 1.00000000000000000000
org.apache.commons.math.stat.descriptive.SummaryStatisticsTest:testOverrideGeoMeanWithMathClass:()V#340#25 prob_bp = 1.00000000000000000000
org.apache.commons.math.stat.descriptive.SummaryStatisticsTest:testOverrideGeoMeanWithMathClass:()V#341#26 prob_bp = 1.00000000000000000000
org.apache.commons.math.stat.descriptive.SummaryStatisticsTest:testOverrideGeoMeanWithMathClass:()V#341#29 prob_bp = 1.00000000000000000000
org.apache.commons.math.stat.descriptive.SummaryStatisticsTest:testOverrideGeoMeanWithMathClass:()V#341#30 prob_bp = 1.00000000000000000000
org.apache.commons.math.stat.descriptive.SummaryStatisticsTest:testOverrideGeoMeanWithMathClass:()V#341#33 prob_bp = 1.00000000000000000000
org.apache.commons.math.stat.descriptive.SummaryStatisticsTest:testOverrideGeoMeanWithMathClass:()V#342#34 prob_bp = 1.00000000000000000000
org.apache.commons.math.stat.descriptive.SummaryStatisticsTest:testOverrideGeoMeanWithMathClass:()V#342#35 prob_bp = 1.00000000000000000000
org.apache.commons.math.stat.descriptive.SummaryStatisticsTest:testOverrideGeoMeanWithMathClass:()V#342#38 prob_bp = 1.00000000000000000000
org.apache.commons.math.stat.descriptive.SummaryStatisticsTest:testOverrideGeoMeanWithMathClass:()V#342#39 prob_bp = 1.00000000000000000000
org.apache.commons.math.stat.descriptive.SummaryStatisticsTest:testOverrideGeoMeanWithMathClass:()V#342#42 prob_bp = 1.00000000000000000000
org.apache.commons.math.stat.descriptive.SummaryStatisticsTest:testOverrideGeoMeanWithMathClass:()V#343#45 prob_bp = 1.00000000000000000000
org.apache.commons.math.stat.descriptive.SummaryStatisticsTest:testOverrideGeoMeanWithMathClass:()V#343#46 prob_bp = 1.00000000000000000000
org.apache.commons.math.stat.descriptive.SummaryStatisticsTest:testOverrideGeoMeanWithMathClass:()V#343#47 prob_bp = 1.00000000000000000000
org.apache.commons.math.stat.descriptive.SummaryStatisticsTest:testOverrideGeoMeanWithMathClass:()V#343#48 prob_bp = 1.00000000000000000000
org.apache.commons.math.stat.descriptive.SummaryStatisticsTest:testOverrideGeoMeanWithMathClass:()V#343#49 prob_bp = 1.00000000000000000000
org.apache.commons.math.stat.descriptive.SummaryStatisticsTest:testOverrideGeoMeanWithMathClass:()V#343#51 prob_bp = 1.00000000000000000000
org.apache.commons.math.stat.descriptive.SummaryStatisticsTest:testOverrideGeoMeanWithMathClass:()V#343#52 prob_bp = 1.00000000000000000000
org.apache.commons.math.stat.descriptive.SummaryStatisticsTest:testOverrideGeoMeanWithMathClass:()V#343#54 prob_bp = 1.00000000000000000000
org.apache.commons.math.stat.descriptive.SummaryStatisticsTest:testOverrideGeoMeanWithMathClass:()V#343#56 prob_bp = 1.00000000000000000000
org.apache.commons.math.stat.descriptive.SummaryStatisticsTest:testOverrideGeoMeanWithMathClass:()V#343#58 prob_bp = 1.00000000000000000000
org.apache.commons.math.stat.descriptive.SummaryStatisticsTest:testOverrideGeoMeanWithMathClass:()V#343#61 prob_bp = 1.00000000000000000000
org.apache.commons.math.stat.descriptive.SummaryStatisticsTest:testOverrideGeoMeanWithMathClass:()V#343#62 prob_bp = 1.00000000000000000000
org.apache.commons.math.stat.descriptive.SummaryStatisticsTest:testOverrideGeoMeanWithMathClass:()V#343#64 prob_bp = 1.00000000000000000000
org.apache.commons.math.stat.descriptive.SummaryStatisticsTest:testOverrideGeoMeanWithMathClass:()V#343#65 prob_bp = 1.00000000000000000000
org.apache.commons.math.stat.descriptive.SummaryStatisticsTest:testOverrideGeoMeanWithMathClass:()V#344#68 prob_bp = 1.00000000000000000000
org.apache.commons.math.stat.descriptive.SummaryStatisticsTest:testOverrideGeoMeanWithMathClass:()V#344#70 prob_bp = 1.00000000000000000000
org.apache.commons.math.stat.descriptive.SummaryStatisticsTest:testOverrideGeoMeanWithMathClass:()V#343#73 prob_bp = 1.00000000000000000000
org.apache.commons.math.stat.descriptive.SummaryStatisticsTest:testOverrideGeoMeanWithMathClass:()V#346#86 prob_bp = 1.00000000000000000000
org.apache.commons.math.stat.descriptive.SummaryStatisticsTest:testOverrideGeoMeanWithMathClass:()V#346#87 prob_bp = 1.00000000000000000000
org.apache.commons.math.stat.descriptive.SummaryStatisticsTest:testOverrideGeoMeanWithMathClass:()V#346#90 prob_bp = 1.00000000000000000000
org.apache.commons.math.stat.descriptive.SummaryStatisticsTest:testOverrideGeoMeanWithMathClass:()V#346#91 prob_bp = 1.00000000000000000000
org.apache.commons.math.stat.descriptive.SummaryStatisticsTest:testOverrideGeoMeanWithMathClass:()V#346#94 prob_bp = 1.00000000000000000000
org.apache.commons.math.stat.descriptive.SummaryStatisticsTest:testOverrideGeoMeanWithMathClass:()V#346#95 prob_bp = 1.00000000000000000000
Belief propagation time : 83.244000s
