Belief propagation time: 97

Probabilities: 
Vars:650964
Stmts:11808
org.apache.commons.math3.util.ArithmeticUtils:gcd:(II)I#407#89#unexe#2 prob_bp = 0.49999999999999417000
org.apache.commons.math3.util.ArithmeticUtils:gcd:(II)I#419#160 prob_bp = 0.49999999999999684000
org.apache.commons.math3.util.ArithmeticUtils:gcd:(II)I#419#162 prob_bp = 0.50000000000000390000
org.apache.commons.math3.util.ArithmeticUtils:gcd:(II)I#419#161 prob_bp = 0.50000000000000500000
org.apache.commons.math3.util.ArithmeticUtils:gcd:(II)I#419#149 prob_bp = 0.50000000000000590000
org.apache.commons.math3.util.ArithmeticUtils:gcd:(II)I#419#150 prob_bp = 0.50000000000000770000
org.apache.commons.math3.util.ArithmeticUtils:gcd:(II)I#407#89#unexe#3 prob_bp = 0.50000000000001250000
org.apache.commons.math3.util.ArithmeticUtils:gcd:(II)I#419#151 prob_bp = 0.50000000000004630000
org.apache.commons.math3.fraction.Fraction:percentageValue:()D#597#1 prob_bp = 0.50000000000017160000
org.apache.commons.math3.util.ArithmeticUtils:gcd:(II)I#429#184#unexe#3 prob_bp = 0.50000000000043620000
org.apache.commons.math3.fraction.Fraction:multiply:(I)Lorg/apache/commons/math3/fraction/Fraction;#555#4 prob_bp = 0.50000000000093700000
org.apache.commons.math3.fraction.Fraction:multiply:(I)Lorg/apache/commons/math3/fraction/Fraction;#555#5 prob_bp = 0.50000000000097730000
org.apache.commons.math3.util.ArithmeticUtils:gcd:(II)I#435#198 prob_bp = 0.50000000000148380000
org.apache.commons.math3.util.ArithmeticUtils:gcd:(II)I#435#197 prob_bp = 0.50000000000151800000
org.apache.commons.math3.util.ArithmeticUtils:gcd:(II)I#426#173 prob_bp = 0.50000000000236640000
org.apache.commons.math3.util.ArithmeticUtils:gcd:(II)I#419#152 prob_bp = 0.50000000000256500000
org.apache.commons.math3.util.ArithmeticUtils:gcd:(II)I#419#153 prob_bp = 0.50000000000261690000
org.apache.commons.math3.util.ArithmeticUtils:gcd:(II)I#426#175 prob_bp = 0.50000000000308710000
org.apache.commons.math3.util.ArithmeticUtils:gcd:(II)I#426#176 prob_bp = 0.50000000000320610000
org.apache.commons.math3.util.ArithmeticUtils:gcd:(II)I#435#199 prob_bp = 0.50000000000372540000
org.apache.commons.math3.fraction.Fraction:multiply:(I)Lorg/apache/commons/math3/fraction/Fraction;#555#8 prob_bp = 0.50000000000400210000
org.apache.commons.math3.util.ArithmeticUtils:gcd:(II)I#419#163 prob_bp = 0.50000000000404150000
org.apache.commons.math3.fraction.Fraction:multiply:(I)Lorg/apache/commons/math3/fraction/Fraction;#555#9 prob_bp = 0.50000000000419210000
org.apache.commons.math3.util.ArithmeticUtils:gcd:(II)I#425#166 prob_bp = 0.50000000000487930000
org.apache.commons.math3.util.ArithmeticUtils:gcd:(II)I#407#83#unexe#3 prob_bp = 0.50000000000520080000
org.apache.commons.math3.util.ArithmeticUtils:gcd:(II)I#425#168 prob_bp = 0.50000000000599040000
org.apache.commons.math3.util.ArithmeticUtils:gcd:(II)I#425#169 prob_bp = 0.50000000000619680000
org.apache.commons.math3.fraction.Fraction:percentageValue:()D#597#0 prob_bp = 0.50000000001242980000
org.apache.commons.math3.fraction.Fraction:percentageValue:()D#597#3 prob_bp = 0.50000000001356770000
org.apache.commons.math3.util.ArithmeticUtils:gcd:(II)I#402#70 prob_bp = 0.50000000002847490000
org.apache.commons.math3.util.ArithmeticUtils:gcd:(II)I#419#164 prob_bp = 0.50000000007314370000
org.apache.commons.math3.util.ArithmeticUtils:gcd:(II)I#399#63 prob_bp = 0.50000000009257450000
org.apache.commons.math3.util.ArithmeticUtils:gcd:(II)I#402#71 prob_bp = 0.50000000009754990000
org.apache.commons.math3.util.ArithmeticUtils:gcd:(II)I#435#200 prob_bp = 0.50000000027326310000
org.apache.commons.math3.util.ArithmeticUtils:gcd:(II)I#435#201 prob_bp = 0.50000000027873140000
org.apache.commons.math3.util.ArithmeticUtils:gcd:(II)I#399#64 prob_bp = 0.50000000032254120000
org.apache.commons.math3.util.ArithmeticUtils:gcd:(II)I#403#74 prob_bp = 0.50000000039072360000
org.apache.commons.math3.util.ArithmeticUtils:gcd:(II)I#425#170 prob_bp = 0.50000000071424340000
org.apache.commons.math3.util.ArithmeticUtils:gcd:(II)I#426#177 prob_bp = 0.50000000084917370000
org.apache.commons.math3.util.ArithmeticUtils:gcd:(II)I#400#67 prob_bp = 0.50000000107809280000
org.apache.commons.math3.util.ArithmeticUtils:gcd:(II)I#429#182 prob_bp = 0.50000000120717380000
org.apache.commons.math3.util.ArithmeticUtils:gcd:(II)I#403#75 prob_bp = 0.50000000134519700000
org.apache.commons.math3.util.ArithmeticUtils:gcd:(II)I#429#184 prob_bp = 0.50000000235022720000
org.apache.commons.math3.util.ArithmeticUtils:gcd:(II)I#430#187 prob_bp = 0.50000000263484360000
org.apache.commons.math3.util.ArithmeticUtils:gcd:(II)I#425#170#unexe#5 prob_bp = 0.50000000358846330000
org.apache.commons.math3.util.ArithmeticUtils:gcd:(II)I#400#68 prob_bp = 0.50000000377532220000
org.apache.commons.math3.util.ArithmeticUtils:gcd:(II)I#430#189 prob_bp = 0.50000000511884280000
org.apache.commons.math3.util.ArithmeticUtils:gcd:(II)I#403#76 prob_bp = 0.50000000518803120000
org.apache.commons.math3.util.ArithmeticUtils:gcd:(II)I#400#69 prob_bp = 0.50000001463401740000
org.apache.commons.math3.util.ArithmeticUtils:gcd:(II)I#430#190 prob_bp = 0.50000001506016780000
org.apache.commons.math3.util.ArithmeticUtils:gcd:(II)I#402#71#unexe#3 prob_bp = 0.50000002065972630000
org.apache.commons.math3.util.ArithmeticUtils:gcd:(II)I#407#83#unexe#2 prob_bp = 0.50000004562500910000
org.apache.commons.math3.util.ArithmeticUtils:gcd:(II)I#399#64#unexe#2 prob_bp = 0.50000007218025390000
org.apache.commons.math3.util.ArithmeticUtils:gcd:(II)I#407#86 prob_bp = 0.50000008311190390000
org.apache.commons.math3.util.ArithmeticUtils:gcd:(II)I#435#202 prob_bp = 0.50000011129278390000
org.apache.commons.math3.util.ArithmeticUtils:gcd:(II)I#438#204 prob_bp = 0.50000011446428820000
org.apache.commons.math3.util.ArithmeticUtils:gcd:(II)I#438#206 prob_bp = 0.50000012402546990000
org.apache.commons.math3.fraction.Fraction:<init>:(II)V#271#88 prob_bp = 0.50000021485765980000
org.apache.commons.math3.util.ArithmeticUtils:gcd:(II)I#429#184#unexe#2 prob_bp = 0.50000023014228910000
org.apache.commons.math3.util.ArithmeticUtils:gcd:(II)I#407#80 prob_bp = 0.50000023783802570000
org.apache.commons.math3.util.ArithmeticUtils:gcd:(II)I#385#0 prob_bp = 0.50000026635966320000
org.apache.commons.math3.util.ArithmeticUtils:gcd:(II)I#407#87 prob_bp = 0.50000029597757810000
org.apache.commons.math3.util.ArithmeticUtils:gcd:(II)I#407#88 prob_bp = 0.50000030659501490000
org.apache.commons.math3.util.ArithmeticUtils:gcd:(II)I#385#1 prob_bp = 0.50000041949094300000
org.apache.commons.math3.util.ArithmeticUtils:gcd:(II)I#387#4 prob_bp = 0.50000055823999660000
org.apache.commons.math3.util.ArithmeticUtils:gcd:(II)I#407#81 prob_bp = 0.50000091346301470000
org.apache.commons.math3.util.ArithmeticUtils:gcd:(II)I#407#82 prob_bp = 0.50000095011302040000
org.apache.commons.math3.util.ArithmeticUtils:gcd:(II)I#387#5 prob_bp = 0.50000189092300920000
org.apache.commons.math3.util.ArithmeticUtils:gcd:(II)I#438#206#unexe#2 prob_bp = 0.50000217592939160000
org.apache.commons.math3.fraction.Fraction:multiply:(I)Lorg/apache/commons/math3/fraction/Fraction;#555#10 prob_bp = 0.50000479672730710000
org.apache.commons.math3.fraction.Fraction:multiply:(I)Lorg/apache/commons/math3/fraction/Fraction;#555#11 prob_bp = 0.50000498291554050000
org.apache.commons.math3.util.ArithmeticUtils:gcd:(II)I#439#209 prob_bp = 0.50000708260051870000
org.apache.commons.math3.util.ArithmeticUtils:gcd:(II)I#439#212 prob_bp = 0.50000824770537870000
org.apache.commons.math3.fraction.Fraction:<init>:(II)V#257#4 prob_bp = 0.50001273342099060000
org.apache.commons.math3.util.ArithmeticUtils:gcd:(II)I#439#211 prob_bp = 0.50001411094386760000
org.apache.commons.math3.util.ArithmeticUtils:gcd:(II)I#439#214 prob_bp = 0.50001439600152290000
org.apache.commons.math3.util.ArithmeticUtils:gcd:(II)I#439#210 prob_bp = 0.50001764765818730000
org.apache.commons.math3.fraction.Fraction:<init>:(II)V#257#5 prob_bp = 0.50002102143650610000
org.apache.commons.math3.fraction.Fraction:<init>:(II)V#261#37 prob_bp = 0.50002575925921470000
org.apache.commons.math3.fraction.Fraction:<init>:(II)V#261#38 prob_bp = 0.50002666432020100000
org.apache.commons.math3.util.ArithmeticUtils:gcd:(II)I#439#215 prob_bp = 0.50003898949475060000
org.apache.commons.math3.fraction.Fraction:<init>:(II)V#271#89 prob_bp = 0.50006234585853580000
org.apache.commons.math3.fraction.Fraction:<init>:(II)V#271#90 prob_bp = 0.50006540669875740000
org.apache.commons.math3.util.ArithmeticUtils:gcd:(II)I#386#2 prob_bp = 0.50007589201328430000
org.apache.commons.math3.fraction.Fraction:percentageValue:()D#597#6 prob_bp = 0.50009549538234800000
org.apache.commons.math3.util.ArithmeticUtils:gcd:(II)I#387#8 prob_bp = 0.50011240202883240000
org.apache.commons.math3.util.ArithmeticUtils:gcd:(II)I#386#3 prob_bp = 0.50011597980510070000
org.apache.commons.math3.util.ArithmeticUtils:gcd:(II)I#407#89 prob_bp = 0.50027500935596170000
org.apache.commons.math3.util.ArithmeticUtils:gcd:(II)I#387#9 prob_bp = 0.50039432285617860000
org.apache.commons.math3.util.ArithmeticUtils:gcd:(II)I#407#83 prob_bp = 0.50108997026590710000
org.apache.commons.math3.util.ArithmeticUtils:gcd:(II)I#407#89#unexe#4 prob_bp = 0.50221671777792230000
org.apache.commons.math3.util.ArithmeticUtils:gcd:(II)I#439#216 prob_bp = 0.50274466529502060000
org.apache.commons.math3.util.ArithmeticUtils:gcd:(II)I#406#77 prob_bp = 0.50693243503393120000
org.apache.commons.math3.util.ArithmeticUtils:gcd:(II)I#406#78 prob_bp = 0.50720308833408520000
org.apache.commons.math3.fraction.Fraction:<init>:(II)V#271#93 prob_bp = 0.50860970020831240000
org.apache.commons.math3.util.ArithmeticUtils:gcd:(II)I#407#83#unexe#4 prob_bp = 0.50929732431062670000
org.apache.commons.math3.util.ArithmeticUtils:gcd:(II)I#413#113 prob_bp = 0.51553634114764980000
org.apache.commons.math3.fraction.Fraction:<init>:(II)V#272#94 prob_bp = 0.51952380428316680000
org.apache.commons.math3.util.ArithmeticUtils:gcd:(II)I#413#115 prob_bp = 0.53724623860637100000
org.apache.commons.math3.util.ArithmeticUtils:gcd:(II)I#413#117 prob_bp = 0.53854362898156890000
org.apache.commons.math3.fraction.Fraction:<init>:(II)V#272#95 prob_bp = 0.53898635146543770000
org.apache.commons.math3.fraction.Fraction:<init>:(II)V#272#96 prob_bp = 0.53967037999790590000
org.apache.commons.math3.fraction.Fraction:multiply:(I)Lorg/apache/commons/math3/fraction/Fraction;#555#3 prob_bp = 0.86815000153254980000
org.apache.commons.math3.fraction.Fraction:multiply:(I)Lorg/apache/commons/math3/fraction/Fraction;#555#14 prob_bp = 0.87648234385385860000
org.apache.commons.math3.fraction.Fraction:multiply:(I)Lorg/apache/commons/math3/fraction/Fraction;#555#17 prob_bp = 0.94212180065435290000
org.apache.commons.math3.fraction.Fraction:multiply:(I)Lorg/apache/commons/math3/fraction/Fraction;#555#0 prob_bp = 0.96649604676324740000
org.apache.commons.math3.fraction.Fraction:percentageValue:()D#597#9 prob_bp = 0.97877020710097360000
org.apache.commons.math3.fraction.Fraction:<init>:(II)V#278#107 prob_bp = 0.99994772290973790000
org.apache.commons.math3.fraction.Fraction:<init>:(II)V#278#108 prob_bp = 0.99995488750712850000
org.apache.commons.math3.fraction.Fraction:doubleValue:()D#319#10 prob_bp = 0.99996890282738540000
org.apache.commons.math3.fraction.Fraction:<init>:(II)V#272#96#unexe#1 prob_bp = 0.99999999999557540000
org.apache.commons.math3.fraction.Fraction:<init>:(II)V#278#108#unexe#1 prob_bp = 0.99999999999946340000
org.apache.commons.math3.fraction.Fraction:<init>:(II)V#282#118 prob_bp = 0.99999999999996560000
org.apache.commons.math3.fraction.Fraction:<init>:(II)V#282#117 prob_bp = 0.99999999999998200000
org.apache.commons.math3.fraction.Fraction:<init>:(II)V#282#119 prob_bp = 0.99999999999999920000
org.apache.commons.math3.fraction.FractionTest:testMath835:()V#250#9 prob_bp = 1.00000000000000000000
org.apache.commons.math3.fraction.FractionTest:testMath835:()V#250#12 prob_bp = 1.00000000000000000000
org.apache.commons.math3.fraction.FractionTest:testMath835:()V#250#13 prob_bp = 1.00000000000000000000
org.apache.commons.math3.fraction.FractionTest:testMath835:()V#250#15 prob_bp = 1.00000000000000000000
org.apache.commons.math3.fraction.FractionTest:testMath835:()V#250#16 prob_bp = 1.00000000000000000000
org.apache.commons.math3.fraction.Fraction:<init>:(II)V#272#96#unexe#2 prob_bp = 1.00000000000000000000
org.apache.commons.math3.fraction.Fraction:<init>:(II)V#278#108#unexe#2 prob_bp = 1.00000000000000000000
org.apache.commons.math3.fraction.Fraction:<init>:(II)V#283#122 prob_bp = 1.00000000000000000000
org.apache.commons.math3.fraction.Fraction:<init>:(II)V#283#123 prob_bp = 1.00000000000000000000
org.apache.commons.math3.fraction.Fraction:<init>:(II)V#283#124 prob_bp = 1.00000000000000000000
org.apache.commons.math3.fraction.FractionTest:testMath835:()V#250#19 prob_bp = 1.00000000000000000000
org.apache.commons.math3.fraction.FractionTest:testMath835:()V#253#21 prob_bp = 1.00000000000000000000
org.apache.commons.math3.fraction.FractionTest:testMath835:()V#253#24 prob_bp = 1.00000000000000000000
org.apache.commons.math3.fraction.FractionTest:testMath835:()V#253#26 prob_bp = 1.00000000000000000000
org.apache.commons.math3.fraction.Fraction:doubleValue:()D#319#0 prob_bp = 1.00000000000000000000
org.apache.commons.math3.fraction.Fraction:doubleValue:()D#319#1 prob_bp = 1.00000000000000000000
org.apache.commons.math3.fraction.Fraction:doubleValue:()D#319#4 prob_bp = 1.00000000000000000000
org.apache.commons.math3.fraction.Fraction:doubleValue:()D#319#5 prob_bp = 1.00000000000000000000
org.apache.commons.math3.fraction.Fraction:doubleValue:()D#319#6 prob_bp = 1.00000000000000000000
org.apache.commons.math3.fraction.Fraction:doubleValue:()D#319#9 prob_bp = 1.00000000000000000000
org.apache.commons.math3.fraction.Fraction:doubleValue:()D#319#11 prob_bp = 1.00000000000000000000
org.apache.commons.math3.fraction.FractionTest:testMath835:()V#253#29 prob_bp = 1.00000000000000000000
org.apache.commons.math3.fraction.FractionTest:testMath835:()V#253#32 prob_bp = 1.00000000000000000000
org.apache.commons.math3.fraction.FractionTest:testMath835:()V#253#35 prob_bp = 1.00000000000000000000
Belief propagation time : 214.920000s
