Belief propagation time: 100

Probabilities: 
Vars:38078
Stmts:9607
org.apache.commons.math3.util.MathArrays:linearCombination:([D[D)D#846#156 prob_bp = 0.33186477934465497000
org.apache.commons.math3.util.MathArrays:linearCombination:([D[D)D#846#155 prob_bp = 0.49893531330891780000
org.apache.commons.math3.util.MathArrays:linearCombination:([D[D)D#823#23 prob_bp = 0.49978131284565025000
org.apache.commons.math3.util.MathArrays:linearCombination:([D[D)D#823#21 prob_bp = 0.49992225425623220000
org.apache.commons.math3.util.MathArrays:linearCombination:([D[D)D#823#20 prob_bp = 0.49994572169827933000
org.apache.commons.math3.util.MathArrays:linearCombination:([D[D)D#827#36 prob_bp = 0.49999999999999994000
org.apache.commons.math3.util.MathArrays:linearCombination:([D[D)D#832#67 prob_bp = 0.49999999999999994000
org.apache.commons.math3.util.MathArrays:linearCombination:([D[D)D#836#98 prob_bp = 0.49999999999999994000
org.apache.commons.math3.util.MathArrays:linearCombination:([D[D)D#836#105 prob_bp = 0.49999999999999994000
org.apache.commons.math3.util.MathArrays:linearCombination:([D[D)D#827#37 prob_bp = 0.50000000000000010000
org.apache.commons.math3.util.MathArrays:linearCombination:([D[D)D#827#40 prob_bp = 0.50000000000000010000
org.apache.commons.math3.util.MathArrays:linearCombination:([D[D)D#832#68 prob_bp = 0.50000000000000010000
org.apache.commons.math3.util.MathArrays:linearCombination:([D[D)D#836#99 prob_bp = 0.50000000000000010000
org.apache.commons.math3.util.MathArrays:linearCombination:([D[D)D#836#101 prob_bp = 0.50000000000000010000
org.apache.commons.math3.util.MathArrays:linearCombination:([D[D)D#836#103 prob_bp = 0.50000000000000010000
org.apache.commons.math3.util.MathArrays:linearCombination:([D[D)D#836#106 prob_bp = 0.50000000000000010000
org.apache.commons.math3.util.MathArrays:linearCombination:([D[D)D#832#70 prob_bp = 0.50000000000000020000
org.apache.commons.math3.util.MathArrays:linearCombination:([D[D)D#846#157 prob_bp = 0.50000000000000020000
org.apache.commons.math3.util.MathArrays:linearCombination:([D[D)D#827#39 prob_bp = 0.50000000000000030000
org.apache.commons.math3.util.MathArrays:linearCombination:([D[D)D#832#71 prob_bp = 0.50000000000000030000
org.apache.commons.math3.util.MathArrays:linearCombination:([D[D)D#826#27 prob_bp = 0.50000000129983590000
org.apache.commons.math3.util.MathArrays:linearCombination:([D[D)D#826#32 prob_bp = 0.50000000131288320000
org.apache.commons.math3.util.MathArrays:linearCombination:([D[D)D#826#28 prob_bp = 0.50000000132621780000
org.apache.commons.math3.util.MathArrays:linearCombination:([D[D)D#826#30 prob_bp = 0.50000000138228540000
org.apache.commons.math3.util.MathArrays:linearCombination:([D[D)D#826#33 prob_bp = 0.50000000149961540000
org.apache.commons.math3.util.MathArrays:linearCombination:([D[D)D#816#0 prob_bp = 0.50241185314744710000
org.apache.commons.math3.util.MathArrays:linearCombination:([D[D)D#816#1 prob_bp = 0.50246182326934210000
org.apache.commons.math3.util.MathArrays:linearCombination:([D[D)D#816#2 prob_bp = 0.50256450762030650000
org.apache.commons.math3.util.MathArrays:linearCombination:([D[D)D#817#3 prob_bp = 0.50283099609927260000
org.apache.commons.math3.util.MathArrays:linearCombination:([D[D)D#817#4 prob_bp = 0.50306888995988150000
org.apache.commons.math3.util.MathArrays:linearCombination:([D[D)D#817#5 prob_bp = 0.50313654247291310000
org.apache.commons.math3.util.MathArrays:linearCombination:([D[D)D#817#6 prob_bp = 0.50328362820329240000
org.apache.commons.math3.util.MathArraysTest:testLinearCombinationWithSingleElementArray:()V#588#0 prob_bp = 1.00000000000000000000
org.apache.commons.math3.util.MathArraysTest:testLinearCombinationWithSingleElementArray:()V#588#1 prob_bp = 1.00000000000000000000
org.apache.commons.math3.util.MathArraysTest:testLinearCombinationWithSingleElementArray:()V#588#9 prob_bp = 1.00000000000000000000
org.apache.commons.math3.util.MathArraysTest:testLinearCombinationWithSingleElementArray:()V#589#10 prob_bp = 1.00000000000000000000
org.apache.commons.math3.util.MathArraysTest:testLinearCombinationWithSingleElementArray:()V#589#11 prob_bp = 1.00000000000000000000
org.apache.commons.math3.util.MathArraysTest:testLinearCombinationWithSingleElementArray:()V#589#19 prob_bp = 1.00000000000000000000
org.apache.commons.math3.util.MathArraysTest:testLinearCombinationWithSingleElementArray:()V#591#27 prob_bp = 1.00000000000000000000
org.apache.commons.math3.util.MathArraysTest:testLinearCombinationWithSingleElementArray:()V#591#28 prob_bp = 1.00000000000000000000
org.apache.commons.math3.util.MathArraysTest:testLinearCombinationWithSingleElementArray:()V#591#29 prob_bp = 1.00000000000000000000
Belief propagation time : 12.141000s
