Belief propagation time: 100

Probabilities: 
Vars:258497
Stmts:2957
org.apache.commons.lang3.StringEscapeUtils:escapeXml:(Ljava/lang/String;)Ljava/lang/String;#506#7 prob_bp = 0.49988730272882980000
org.apache.commons.lang3.StringEscapeUtils:escapeXml:(Ljava/lang/String;)Ljava/lang/String;#506#4 prob_bp = 0.49999870708864896000
org.apache.commons.lang3.StringEscapeUtils:escapeXml:(Ljava/lang/String;)Ljava/lang/String;#506#3 prob_bp = 0.49999876911939990000
org.apache.commons.lang3.StringEscapeUtils:escapeXml:(Ljava/lang/String;)Ljava/lang/String;#506#0 prob_bp = 0.49999999999730750000
org.apache.commons.lang3.StringEscapeUtils:<clinit>:()V#94#241 prob_bp = 0.49999999999758340000
org.apache.commons.lang3.text.translate.LookupTranslator:translate:(Ljava/lang/CharSequence;ILjava/io/Writer;)I#71#47 prob_bp = 0.50000000000407310000
org.apache.commons.lang3.text.translate.LookupTranslator:translate:(Ljava/lang/CharSequence;ILjava/io/Writer;)I#71#46 prob_bp = 0.50000000000424820000
org.apache.commons.lang3.text.translate.LookupTranslator:translate:(Ljava/lang/CharSequence;ILjava/io/Writer;)I#71#49 prob_bp = 0.50000000000442080000
org.apache.commons.lang3.text.translate.LookupTranslator:translate:(Ljava/lang/CharSequence;ILjava/io/Writer;)I#71#44 prob_bp = 0.50000000000935170000
org.apache.commons.lang3.text.translate.LookupTranslator:translate:(Ljava/lang/CharSequence;ILjava/io/Writer;)I#71#45 prob_bp = 0.50000000000935400000
org.apache.commons.lang3.text.translate.LookupTranslator:translate:(Ljava/lang/CharSequence;ILjava/io/Writer;)I#71#50 prob_bp = 0.50000000000988180000
org.apache.commons.lang3.text.translate.LookupTranslator:translate:(Ljava/lang/CharSequence;ILjava/io/Writer;)I#70#90 prob_bp = 0.50000000001114050000
org.apache.commons.lang3.text.translate.AggregateTranslator:translate:(Ljava/lang/CharSequence;ILjava/io/Writer;)I#52#31 prob_bp = 0.50000000001528100000
org.apache.commons.lang3.text.translate.LookupTranslator:translate:(Ljava/lang/CharSequence;ILjava/io/Writer;)I#71#55 prob_bp = 0.50000000009197680000
org.apache.commons.lang3.text.translate.LookupTranslator:translate:(Ljava/lang/CharSequence;ILjava/io/Writer;)I#72#61 prob_bp = 0.50000000046067030000
org.apache.commons.lang3.text.translate.LookupTranslator:translate:(Ljava/lang/CharSequence;ILjava/io/Writer;)I#72#57 prob_bp = 0.50000000057276370000
org.apache.commons.lang3.text.translate.LookupTranslator:translate:(Ljava/lang/CharSequence;ILjava/io/Writer;)I#72#58 prob_bp = 0.50000000073872020000
org.apache.commons.lang3.text.translate.LookupTranslator:translate:(Ljava/lang/CharSequence;ILjava/io/Writer;)I#72#63 prob_bp = 0.50000000194544240000
org.apache.commons.lang3.text.translate.CharSequenceTranslator:translate:(Ljava/lang/CharSequence;Ljava/io/Writer;)V#87#55 prob_bp = 0.50000001036663680000
org.apache.commons.lang3.text.translate.CharSequenceTranslator:translate:(Ljava/lang/CharSequence;Ljava/io/Writer;)V#87#54 prob_bp = 0.50000003231987430000
org.apache.commons.lang3.text.translate.CharSequenceTranslator:translate:(Ljava/lang/CharSequence;Ljava/io/Writer;)V#87#56 prob_bp = 0.50000003404975300000
org.apache.commons.lang3.text.translate.CharSequenceTranslator:translate:(Ljava/lang/CharSequence;)Ljava/lang/String;#58#10 prob_bp = 0.50000006577508400000
org.apache.commons.lang3.text.translate.CharSequenceTranslator:translate:(Ljava/lang/CharSequence;)Ljava/lang/String;#58#11 prob_bp = 0.50000006710467690000
org.apache.commons.lang3.text.translate.CharSequenceTranslator:translate:(Ljava/lang/CharSequence;Ljava/io/Writer;)V#83#23 prob_bp = 0.50000021196529930000
org.apache.commons.lang3.text.translate.CharSequenceTranslator:translate:(Ljava/lang/CharSequence;Ljava/io/Writer;)V#83#24 prob_bp = 0.50000023546149350000
org.apache.commons.lang3.text.translate.LookupTranslator:translate:(Ljava/lang/CharSequence;ILjava/io/Writer;)I#78#96 prob_bp = 0.50000040308753440000
org.apache.commons.lang3.text.translate.LookupTranslator:translate:(Ljava/lang/CharSequence;ILjava/io/Writer;)I#78#97 prob_bp = 0.50000041937883180000
org.apache.commons.lang3.text.translate.CharSequenceTranslator:translate:(Ljava/lang/CharSequence;)Ljava/lang/String;#59#22 prob_bp = 0.50000059425175280000
org.apache.commons.lang3.text.translate.AggregateTranslator:translate:(Ljava/lang/CharSequence;ILjava/io/Writer;)I#51#6 prob_bp = 0.50000062595814650000
org.apache.commons.lang3.text.translate.LookupTranslator:translate:(Ljava/lang/CharSequence;ILjava/io/Writer;)I#70#37 prob_bp = 0.50000092313235170000
org.apache.commons.lang3.text.translate.LookupTranslator:translate:(Ljava/lang/CharSequence;ILjava/io/Writer;)I#70#38 prob_bp = 0.50000094204192470000
org.apache.commons.lang3.text.translate.LookupTranslator:translate:(Ljava/lang/CharSequence;ILjava/io/Writer;)I#66#7 prob_bp = 0.50000175335668450000
org.apache.commons.lang3.text.translate.LookupTranslator:translate:(Ljava/lang/CharSequence;ILjava/io/Writer;)I#66#8 prob_bp = 0.50000178878336530000
org.apache.commons.lang3.text.translate.CharSequenceTranslator:translate:(Ljava/lang/CharSequence;Ljava/io/Writer;)V#85#40 prob_bp = 0.50000205531403330000
org.apache.commons.lang3.text.translate.AggregateTranslator:translate:(Ljava/lang/CharSequence;ILjava/io/Writer;)I#51#8 prob_bp = 0.50000235668363350000
org.apache.commons.lang3.text.translate.CharSequenceTranslator:translate:(Ljava/lang/CharSequence;Ljava/io/Writer;)V#83#21 prob_bp = 0.50000291987536170000
org.apache.commons.lang3.text.translate.LookupTranslator:translate:(Ljava/lang/CharSequence;ILjava/io/Writer;)I#70#35 prob_bp = 0.50000344192452180000
org.apache.commons.lang3.text.translate.CharSequenceTranslator:translate:(Ljava/lang/CharSequence;Ljava/io/Writer;)V#83#22 prob_bp = 0.50000355599453720000
org.apache.commons.lang3.text.translate.LookupTranslator:translate:(Ljava/lang/CharSequence;ILjava/io/Writer;)I#70#41 prob_bp = 0.50000358728316600000
org.apache.commons.lang3.text.translate.CharSequenceTranslator:translate:(Ljava/lang/CharSequence;Ljava/io/Writer;)V#83#29 prob_bp = 0.50000368454046110000
org.apache.commons.lang3.text.translate.LookupTranslator:translate:(Ljava/lang/CharSequence;ILjava/io/Writer;)I#66#6 prob_bp = 0.50000589077540520000
org.apache.commons.lang3.text.translate.LookupTranslator:translate:(Ljava/lang/CharSequence;ILjava/io/Writer;)I#66#11 prob_bp = 0.50000600978538210000
org.apache.commons.lang3.text.translate.AggregateTranslator:translate:(Ljava/lang/CharSequence;ILjava/io/Writer;)I#51#9 prob_bp = 0.50000904887372350000
org.apache.commons.lang3.text.translate.AggregateTranslator:translate:(Ljava/lang/CharSequence;ILjava/io/Writer;)I#51#0 prob_bp = 0.50001032928143680000
org.apache.commons.lang3.text.translate.LookupTranslator:translate:(Ljava/lang/CharSequence;ILjava/io/Writer;)I#72#66 prob_bp = 0.50001911415005760000
org.apache.commons.lang3.text.translate.CharSequenceTranslator:translate:(Ljava/lang/CharSequence;Ljava/io/Writer;)V#87#59 prob_bp = 0.50002046210682470000
org.apache.commons.lang3.text.translate.LookupTranslator:translate:(Ljava/lang/CharSequence;ILjava/io/Writer;)I#66#12 prob_bp = 0.50002157885054920000
org.apache.commons.lang3.text.translate.LookupTranslator:translate:(Ljava/lang/CharSequence;ILjava/io/Writer;)I#66#13 prob_bp = 0.50002201480545150000
org.apache.commons.lang3.text.translate.LookupTranslator:translate:(Ljava/lang/CharSequence;ILjava/io/Writer;)I#66#18 prob_bp = 0.50002289551000170000
org.apache.commons.lang3.text.translate.AggregateTranslator:translate:(Ljava/lang/CharSequence;ILjava/io/Writer;)I#51#1 prob_bp = 0.50002687507615350000
org.apache.commons.lang3.text.translate.AggregateTranslator:translate:(Ljava/lang/CharSequence;ILjava/io/Writer;)I#51#16 prob_bp = 0.50003512135264220000
org.apache.commons.lang3.text.translate.AggregateTranslator:translate:(Ljava/lang/CharSequence;ILjava/io/Writer;)I#51#14 prob_bp = 0.50004108132186360000
org.apache.commons.lang3.text.translate.AggregateTranslator:translate:(Ljava/lang/CharSequence;ILjava/io/Writer;)I#51#4 prob_bp = 0.50007975621637860000
org.apache.commons.lang3.text.translate.LookupTranslator:translate:(Ljava/lang/CharSequence;ILjava/io/Writer;)I#72#69 prob_bp = 0.50009588758252100000
org.apache.commons.lang3.text.translate.CharSequenceTranslator:translate:(Ljava/lang/CharSequence;Ljava/io/Writer;)V#87#62 prob_bp = 0.50010034028424770000
org.apache.commons.lang3.text.translate.AggregateTranslator:translate:(Ljava/lang/CharSequence;ILjava/io/Writer;)I#51#18 prob_bp = 0.50013996111482240000
org.apache.commons.lang3.text.translate.AggregateTranslator:translate:(Ljava/lang/CharSequence;ILjava/io/Writer;)I#51#21 prob_bp = 0.50024817106901290000
org.apache.commons.lang3.text.translate.AggregateTranslator:translate:(Ljava/lang/CharSequence;ILjava/io/Writer;)I#51#11 prob_bp = 0.50026980661396090000
org.apache.commons.lang3.text.translate.AggregateTranslator:translate:(Ljava/lang/CharSequence;ILjava/io/Writer;)I#51#12 prob_bp = 0.50027844772761240000
org.apache.commons.lang3.text.translate.AggregateTranslator:translate:(Ljava/lang/CharSequence;ILjava/io/Writer;)I#51#46 prob_bp = 0.50031840651005100000
org.apache.commons.lang3.text.translate.AggregateTranslator:translate:(Ljava/lang/CharSequence;ILjava/io/Writer;)I#51#23 prob_bp = 0.50040417702414620000
org.apache.commons.lang3.text.translate.LookupTranslator:translate:(Ljava/lang/CharSequence;ILjava/io/Writer;)I#73#71 prob_bp = 0.50040418031618420000
org.apache.commons.lang3.text.translate.CharSequenceTranslator:translate:(Ljava/lang/CharSequence;Ljava/io/Writer;)V#88#65 prob_bp = 0.50041253813518940000
org.apache.commons.lang3.text.translate.AggregateTranslator:translate:(Ljava/lang/CharSequence;ILjava/io/Writer;)I#52#33 prob_bp = 0.50055719512694660000
org.apache.commons.lang3.text.translate.AggregateTranslator:translate:(Ljava/lang/CharSequence;ILjava/io/Writer;)I#51#25 prob_bp = 0.50067829222594060000
org.apache.commons.lang3.text.translate.AggregateTranslator:translate:(Ljava/lang/CharSequence;ILjava/io/Writer;)I#57#52 prob_bp = 0.50090592887341060000
org.apache.commons.lang3.text.translate.AggregateTranslator:translate:(Ljava/lang/CharSequence;ILjava/io/Writer;)I#57#53 prob_bp = 0.50092647630568180000
org.apache.commons.lang3.text.translate.CharSequenceTranslator:translate:(Ljava/lang/CharSequence;Ljava/io/Writer;)V#85#47 prob_bp = 0.50114132382919900000
org.apache.commons.lang3.text.translate.LookupTranslator:translate:(Ljava/lang/CharSequence;ILjava/io/Writer;)I#65#0 prob_bp = 0.50134569746511680000
org.apache.commons.lang3.text.translate.CharSequenceTranslator:translate:(Ljava/lang/CharSequence;Ljava/io/Writer;)V#86#49 prob_bp = 0.50134645293755440000
org.apache.commons.lang3.text.translate.LookupTranslator:translate:(Ljava/lang/CharSequence;ILjava/io/Writer;)I#65#1 prob_bp = 0.50137288352708900000
org.apache.commons.lang3.text.translate.CharSequenceTranslator:translate:(Ljava/lang/CharSequence;Ljava/io/Writer;)V#88#64 prob_bp = 0.50145538049443440000
org.apache.commons.lang3.text.translate.CharSequenceTranslator:translate:(Ljava/lang/CharSequence;Ljava/io/Writer;)V#88#67 prob_bp = 0.50163000756277440000
org.apache.commons.lang3.text.translate.LookupTranslator:translate:(Ljava/lang/CharSequence;ILjava/io/Writer;)I#73#73 prob_bp = 0.50164352490020820000
org.apache.commons.lang3.text.translate.CharSequenceTranslator:translate:(Ljava/lang/CharSequence;Ljava/io/Writer;)V#86#51 prob_bp = 0.50184231134530870000
org.apache.commons.lang3.text.translate.AggregateTranslator:translate:(Ljava/lang/CharSequence;ILjava/io/Writer;)I#52#36 prob_bp = 0.50293661891255070000
org.apache.commons.lang3.text.translate.LookupTranslator:translate:(Ljava/lang/CharSequence;ILjava/io/Writer;)I#65#4 prob_bp = 0.50522701619574640000
org.apache.commons.lang3.text.translate.AggregateTranslator:translate:(Ljava/lang/CharSequence;ILjava/io/Writer;)I#53#38 prob_bp = 0.50535049458699090000
org.apache.commons.lang3.text.translate.LookupTranslator:translate:(Ljava/lang/CharSequence;ILjava/io/Writer;)I#66#18#unexe#4 prob_bp = 0.51301405398423440000
org.apache.commons.lang3.text.translate.AggregateTranslator:translate:(Ljava/lang/CharSequence;ILjava/io/Writer;)I#53#40 prob_bp = 0.51473084156794170000
org.apache.commons.lang3.text.translate.CharSequenceTranslator:translate:(Ljava/lang/CharSequence;Ljava/io/Writer;)V#76#0 prob_bp = 0.51904093079324040000
org.apache.commons.lang3.text.translate.CharSequenceTranslator:translate:(Ljava/lang/CharSequence;Ljava/io/Writer;)V#76#1 prob_bp = 0.51947121488751380000
org.apache.commons.lang3.text.translate.CharSequenceTranslator:translate:(Ljava/lang/CharSequence;Ljava/io/Writer;)V#82#19 prob_bp = 0.52097802066635460000
org.apache.commons.lang3.text.translate.CharSequenceTranslator:translate:(Ljava/lang/CharSequence;Ljava/io/Writer;)V#82#20 prob_bp = 0.52171603418068160000
org.apache.commons.lang3.text.translate.CharSequenceTranslator:translate:(Ljava/lang/CharSequence;)Ljava/lang/String;#59#24 prob_bp = 0.54021417805102480000
org.apache.commons.lang3.text.translate.LookupTranslator:translate:(Ljava/lang/CharSequence;ILjava/io/Writer;)I#70#31 prob_bp = 0.54442017233562480000
org.apache.commons.lang3.text.translate.AggregateTranslator:translate:(Ljava/lang/CharSequence;ILjava/io/Writer;)I#51#26 prob_bp = 0.54503797270210310000
org.apache.commons.lang3.text.translate.CharSequenceTranslator:translate:(Ljava/lang/CharSequence;Ljava/io/Writer;)V#79#14 prob_bp = 0.55733518745337980000
org.apache.commons.lang3.text.translate.CharSequenceTranslator:translate:(Ljava/lang/CharSequence;Ljava/io/Writer;)V#79#15 prob_bp = 0.56140109618320290000
org.apache.commons.lang3.text.translate.CharSequenceTranslator:translate:(Ljava/lang/CharSequence;Ljava/io/Writer;)V#85#42 prob_bp = 0.57785282395865160000
org.apache.commons.lang3.text.translate.CharSequenceTranslator:translate:(Ljava/lang/CharSequence;Ljava/io/Writer;)V#83#32 prob_bp = 0.58422201446998680000
org.apache.commons.lang3.text.translate.CharSequenceTranslator:translate:(Ljava/lang/CharSequence;Ljava/io/Writer;)V#86#51#unexe#3 prob_bp = 0.60098570993891260000
org.apache.commons.lang3.text.translate.LookupTranslator:translate:(Ljava/lang/CharSequence;ILjava/io/Writer;)I#70#33 prob_bp = 0.60786800049275210000
org.apache.commons.lang3.text.translate.AggregateTranslator:translate:(Ljava/lang/CharSequence;ILjava/io/Writer;)I#52#28 prob_bp = 0.66122599405481040000
org.apache.commons.lang3.text.translate.AggregateTranslator:translate:(Ljava/lang/CharSequence;ILjava/io/Writer;)I#52#30 prob_bp = 0.69720844986939520000
org.apache.commons.lang3.text.translate.CharSequenceTranslator:translate:(Ljava/lang/CharSequence;Ljava/io/Writer;)V#102#117 prob_bp = 0.72328660026111500000
org.apache.commons.lang3.text.translate.CharSequenceTranslator:translate:(Ljava/lang/CharSequence;Ljava/io/Writer;)V#84#37 prob_bp = 0.77455549204495010000
org.apache.commons.lang3.text.translate.CharSequenceTranslator:translate:(Ljava/lang/CharSequence;Ljava/io/Writer;)V#84#35 prob_bp = 0.80960382006721050000
org.apache.commons.lang3.text.translate.CharSequenceTranslator:translate:(Ljava/lang/CharSequence;Ljava/io/Writer;)V#84#34 prob_bp = 0.85923586077336310000
org.apache.commons.lang3.text.translate.CharSequenceTranslator:translate:(Ljava/lang/CharSequence;)Ljava/lang/String;#59#23 prob_bp = 0.89824269170415430000
org.apache.commons.lang3.text.translate.CharSequenceTranslator:translate:(Ljava/lang/CharSequence;)Ljava/lang/String;#59#25 prob_bp = 0.91201694438314250000
org.apache.commons.lang3.text.translate.CharSequenceTranslator:translate:(Ljava/lang/CharSequence;Ljava/io/Writer;)V#85#41 prob_bp = 0.92460018405309130000
org.apache.commons.lang3.text.translate.CharSequenceTranslator:translate:(Ljava/lang/CharSequence;Ljava/io/Writer;)V#85#44 prob_bp = 0.96898985348029700000
org.apache.commons.lang3.text.translate.CharSequenceTranslator:translate:(Ljava/lang/CharSequence;)Ljava/lang/String;#54#0 prob_bp = 0.99959740795537270000
org.apache.commons.lang3.text.translate.CharSequenceTranslator:translate:(Ljava/lang/CharSequence;)Ljava/lang/String;#54#1 prob_bp = 0.99964663255451110000
org.apache.commons.lang3.ArrayUtils:clone:([Ljava/lang/Object;)[Ljava/lang/Object;#317#0 prob_bp = 0.99999999999999860000
org.apache.commons.lang3.ArrayUtils:clone:([Ljava/lang/Object;)[Ljava/lang/Object;#317#1 prob_bp = 0.99999999999999910000
org.apache.commons.lang3.StringEscapeUtilsTest:testLang720:()V#429#0 prob_bp = 1.00000000000000000000
org.apache.commons.lang3.StringEscapeUtilsTest:testLang720:()V#429#9 prob_bp = 1.00000000000000000000
org.apache.commons.lang3.StringEscapeUtilsTest:testLang720:()V#429#11 prob_bp = 1.00000000000000000000
org.apache.commons.lang3.StringEscapeUtilsTest:testLang720:()V#429#14 prob_bp = 1.00000000000000000000
org.apache.commons.lang3.StringEscapeUtilsTest:testLang720:()V#429#17 prob_bp = 1.00000000000000000000
org.apache.commons.lang3.StringEscapeUtilsTest:testLang720:()V#430#18 prob_bp = 1.00000000000000000000
org.apache.commons.lang3.StringEscapeUtilsTest:testLang720:()V#430#19 prob_bp = 1.00000000000000000000
org.apache.commons.lang3.text.translate.CharSequenceTranslator:translate:(Ljava/lang/CharSequence;)Ljava/lang/String;#58#6 prob_bp = 1.00000000000000000000
org.apache.commons.lang3.text.translate.CharSequenceTranslator:translate:(Ljava/lang/CharSequence;)Ljava/lang/String;#58#21 prob_bp = 1.00000000000000000000
org.apache.commons.lang3.text.translate.CharSequenceTranslator:translate:(Ljava/lang/CharSequence;)Ljava/lang/String;#60#28 prob_bp = 1.00000000000000000000
org.apache.commons.lang3.text.translate.CharSequenceTranslator:translate:(Ljava/lang/CharSequence;)Ljava/lang/String;#60#29 prob_bp = 1.00000000000000000000
org.apache.commons.lang3.text.translate.CharSequenceTranslator:translate:(Ljava/lang/CharSequence;)Ljava/lang/String;#60#32 prob_bp = 1.00000000000000000000
org.apache.commons.lang3.StringEscapeUtilsTest:testLang720:()V#430#22 prob_bp = 1.00000000000000000000
org.apache.commons.lang3.StringEscapeUtilsTest:testLang720:()V#431#23 prob_bp = 1.00000000000000000000
org.apache.commons.lang3.StringEscapeUtilsTest:testLang720:()V#431#24 prob_bp = 1.00000000000000000000
org.apache.commons.lang3.StringEscapeUtilsTest:testLang720:()V#431#25 prob_bp = 1.00000000000000000000
Belief propagation time : 76.044000s
