Belief propagation time: 100

Probabilities: 
Vars:111948
Stmts:6189
org.apache.commons.math.complex.Complex:<clinit>:()V#64#41 prob_bp = 0.49668679349645620000
org.apache.commons.math.complex.Complex:divide:(Lorg/apache/commons/math/complex/Complex;)Lorg/apache/commons/math/complex/Complex;#257#43 prob_bp = 0.49801860659436340000
org.apache.commons.math.complex.Complex:divide:(Lorg/apache/commons/math/complex/Complex;)Lorg/apache/commons/math/complex/Complex;#256#37 prob_bp = 0.49805848851615160000
org.apache.commons.math.complex.Complex:divide:(Lorg/apache/commons/math/complex/Complex;)Lorg/apache/commons/math/complex/Complex;#257#40 prob_bp = 0.49808777879587407000
org.apache.commons.math.complex.Complex:isInfinite:()Z#388#1 prob_bp = 0.49962790704453447000
org.apache.commons.math.complex.Complex:isInfinite:()Z#388#0 prob_bp = 0.49975155807804517000
org.apache.commons.math.complex.Complex:divide:(Lorg/apache/commons/math/complex/Complex;)Lorg/apache/commons/math/complex/Complex;#256#28 prob_bp = 0.49990828355567524000
org.apache.commons.math.complex.Complex:divide:(Lorg/apache/commons/math/complex/Complex;)Lorg/apache/commons/math/complex/Complex;#256#36 prob_bp = 0.49999568762761710000
org.apache.commons.math.complex.Complex:divide:(Lorg/apache/commons/math/complex/Complex;)Lorg/apache/commons/math/complex/Complex;#256#35 prob_bp = 0.49999583738639564000
org.apache.commons.math.complex.Complex:<clinit>:()V#68#65 prob_bp = 0.49999727428261280000
org.apache.commons.math.complex.Complex:divide:(Lorg/apache/commons/math/complex/Complex;)Lorg/apache/commons/math/complex/Complex;#252#15 prob_bp = 0.49999811845633110000
org.apache.commons.math.complex.Complex:divide:(Lorg/apache/commons/math/complex/Complex;)Lorg/apache/commons/math/complex/Complex;#252#12 prob_bp = 0.49999831603270360000
org.apache.commons.math.complex.Complex:divide:(Lorg/apache/commons/math/complex/Complex;)Lorg/apache/commons/math/complex/Complex;#252#11 prob_bp = 0.49999842084395820000
org.apache.commons.math.complex.Complex:divide:(Lorg/apache/commons/math/complex/Complex;)Lorg/apache/commons/math/complex/Complex;#256#32 prob_bp = 0.49999887817870486000
org.apache.commons.math.complex.Complex:divide:(Lorg/apache/commons/math/complex/Complex;)Lorg/apache/commons/math/complex/Complex;#256#31 prob_bp = 0.49999895298295530000
org.apache.commons.math.complex.Complex:divide:(Lorg/apache/commons/math/complex/Complex;)Lorg/apache/commons/math/complex/Complex;#256#27 prob_bp = 0.49999985423911697000
org.apache.commons.math.complex.Complex:divide:(Lorg/apache/commons/math/complex/Complex;)Lorg/apache/commons/math/complex/Complex;#256#26 prob_bp = 0.49999985979658730000
org.apache.commons.math.complex.Complex:divide:(Lorg/apache/commons/math/complex/Complex;)Lorg/apache/commons/math/complex/Complex;#256#23 prob_bp = 0.49999997422437303000
org.apache.commons.math.complex.Complex:divide:(Lorg/apache/commons/math/complex/Complex;)Lorg/apache/commons/math/complex/Complex;#256#22 prob_bp = 0.49999997656065226000
org.apache.commons.math.complex.Complex:divide:(Lorg/apache/commons/math/complex/Complex;)Lorg/apache/commons/math/complex/Complex;#252#8 prob_bp = 0.49999997915549210000
org.apache.commons.math.complex.Complex:divide:(Lorg/apache/commons/math/complex/Complex;)Lorg/apache/commons/math/complex/Complex;#252#5 prob_bp = 0.49999999248675725000
org.apache.commons.math.complex.Complex:divide:(Lorg/apache/commons/math/complex/Complex;)Lorg/apache/commons/math/complex/Complex;#252#4 prob_bp = 0.49999999274754464000
org.apache.commons.math.complex.Complex:divide:(Lorg/apache/commons/math/complex/Complex;)Lorg/apache/commons/math/complex/Complex;#251#1 prob_bp = 0.49999999893505110000
org.apache.commons.math.complex.Complex:divide:(Lorg/apache/commons/math/complex/Complex;)Lorg/apache/commons/math/complex/Complex;#251#0 prob_bp = 0.49999999897881997000
org.apache.commons.math.util.FastMath:log:(D[D)D#1475#980 prob_bp = 0.49999999999999980000
org.apache.commons.math.util.FastMath:log:(D[D)D#1457#860 prob_bp = 0.49999999999999983000
org.apache.commons.math.util.FastMath:log:(D[D)D#1469#939 prob_bp = 0.49999999999999983000
org.apache.commons.math.util.FastMath:log:(D[D)D#1430#769 prob_bp = 0.49999999999999990000
org.apache.commons.math.util.FastMath:log:(D[D)D#1452#825 prob_bp = 0.49999999999999990000
org.apache.commons.math.util.FastMath:log:(D[D)D#1464#901 prob_bp = 0.49999999999999990000
org.apache.commons.math.util.FastMath:log:(D[D)D#1465#916 prob_bp = 0.49999999999999990000
org.apache.commons.math.util.FastMath:log:(D[D)D#1484#1013 prob_bp = 0.49999999999999990000
org.apache.commons.math.complex.Complex:atan:()Lorg/apache/commons/math/complex/Complex;#579#1 prob_bp = 0.49999999999999994000
org.apache.commons.math.complex.Complex:atan:()Lorg/apache/commons/math/complex/Complex;#579#4 prob_bp = 0.49999999999999994000
org.apache.commons.math.complex.Complex:add:(Lorg/apache/commons/math/complex/Complex;)Lorg/apache/commons/math/complex/Complex;#162#36 prob_bp = 0.49999999999999994000
org.apache.commons.math.complex.Complex:abs:()D#132#109 prob_bp = 0.49999999999999994000
org.apache.commons.math.complex.Complex:abs:()D#133#126 prob_bp = 0.49999999999999994000
org.apache.commons.math.complex.Complex:abs:()D#133#127 prob_bp = 0.49999999999999994000
org.apache.commons.math.util.FastMath:log:(D[D)D#1292#73 prob_bp = 0.49999999999999994000
org.apache.commons.math.util.FastMath:log:(D[D)D#1292#77 prob_bp = 0.49999999999999994000
org.apache.commons.math.util.FastMath:log:(D[D)D#1294#84 prob_bp = 0.49999999999999994000
org.apache.commons.math.util.FastMath:log:(D[D)D#1294#91 prob_bp = 0.49999999999999994000
org.apache.commons.math.util.FastMath:log:(D[D)D#1314#138 prob_bp = 0.49999999999999994000
org.apache.commons.math.util.FastMath:log:(D[D)D#1314#141 prob_bp = 0.49999999999999994000
org.apache.commons.math.util.FastMath:log:(D[D)D#1373#450 prob_bp = 0.49999999999999994000
org.apache.commons.math.util.FastMath:log:(D[D)D#1378#470 prob_bp = 0.49999999999999994000
org.apache.commons.math.util.FastMath:log:(D[D)D#1431#780 prob_bp = 0.49999999999999994000
org.apache.commons.math.util.FastMath:log:(D[D)D#1432#791 prob_bp = 0.49999999999999994000
org.apache.commons.math.util.FastMath:log:(D[D)D#1433#802 prob_bp = 0.49999999999999994000
org.apache.commons.math.util.FastMath:log:(D[D)D#1434#811 prob_bp = 0.49999999999999994000
org.apache.commons.math.util.FastMath:log:(D[D)D#1378#471#unexe#11 prob_bp = 0.49999999999999994000
org.apache.commons.math.util.FastMath:log:(D[D)D#1452#827 prob_bp = 0.49999999999999994000
org.apache.commons.math.util.FastMath:log:(D[D)D#1454#839 prob_bp = 0.49999999999999994000
org.apache.commons.math.util.FastMath:log:(D[D)D#1455#850 prob_bp = 0.49999999999999994000
org.apache.commons.math.util.FastMath:log:(D[D)D#1457#858 prob_bp = 0.49999999999999994000
org.apache.commons.math.util.FastMath:log:(D[D)D#1459#869 prob_bp = 0.49999999999999994000
org.apache.commons.math.util.FastMath:log:(D[D)D#1460#881 prob_bp = 0.49999999999999994000
org.apache.commons.math.util.FastMath:log:(D[D)D#1461#885 prob_bp = 0.49999999999999994000
org.apache.commons.math.util.FastMath:log:(D[D)D#1464#903 prob_bp = 0.49999999999999994000
org.apache.commons.math.util.FastMath:log:(D[D)D#1464#904 prob_bp = 0.49999999999999994000
org.apache.commons.math.util.FastMath:log:(D[D)D#1465#918 prob_bp = 0.49999999999999994000
org.apache.commons.math.util.FastMath:log:(D[D)D#1465#919 prob_bp = 0.49999999999999994000
org.apache.commons.math.util.FastMath:log:(D[D)D#1467#926 prob_bp = 0.49999999999999994000
org.apache.commons.math.util.FastMath:log:(D[D)D#1467#930 prob_bp = 0.49999999999999994000
org.apache.commons.math.util.FastMath:log:(D[D)D#1470#952 prob_bp = 0.49999999999999994000
org.apache.commons.math.util.FastMath:log:(D[D)D#1474#966 prob_bp = 0.49999999999999994000
org.apache.commons.math.util.FastMath:log:(D[D)D#1474#968 prob_bp = 0.49999999999999994000
org.apache.commons.math.util.FastMath:log:(D[D)D#1475#975 prob_bp = 0.49999999999999994000
org.apache.commons.math.util.FastMath:log:(D[D)D#1475#978 prob_bp = 0.49999999999999994000
org.apache.commons.math.util.FastMath:log:(D[D)D#1475#981 prob_bp = 0.49999999999999994000
org.apache.commons.math.util.FastMath:log:(D[D)D#1475#982 prob_bp = 0.49999999999999994000
org.apache.commons.math.util.FastMath:atan2:(DD)D#2978#24 prob_bp = 0.49999999999999994000
org.apache.commons.math.complex.Complex:atan:()Lorg/apache/commons/math/complex/Complex;#583#11 prob_bp = 0.50000000000000000000
org.apache.commons.math.complex.Complex:add:(Lorg/apache/commons/math/complex/Complex;)Lorg/apache/commons/math/complex/Complex;#162#23 prob_bp = 0.50000000000000000000
org.apache.commons.math.complex.Complex:add:(Lorg/apache/commons/math/complex/Complex;)Lorg/apache/commons/math/complex/Complex;#162#31 prob_bp = 0.50000000000000000000
org.apache.commons.math.complex.Complex:add:(Lorg/apache/commons/math/complex/Complex;)Lorg/apache/commons/math/complex/Complex;#162#32 prob_bp = 0.50000000000000000000
org.apache.commons.math.complex.Complex:atan:()Lorg/apache/commons/math/complex/Complex;#583#22 prob_bp = 0.50000000000000000000
org.apache.commons.math.complex.Complex:divide:(Lorg/apache/commons/math/complex/Complex;)Lorg/apache/commons/math/complex/Complex;#270#108 prob_bp = 0.50000000000000000000
org.apache.commons.math.complex.Complex:divide:(Lorg/apache/commons/math/complex/Complex;)Lorg/apache/commons/math/complex/Complex;#270#110 prob_bp = 0.50000000000000000000
org.apache.commons.math.complex.Complex:divide:(Lorg/apache/commons/math/complex/Complex;)Lorg/apache/commons/math/complex/Complex;#270#114 prob_bp = 0.50000000000000000000
org.apache.commons.math.complex.Complex:divide:(Lorg/apache/commons/math/complex/Complex;)Lorg/apache/commons/math/complex/Complex;#270#116 prob_bp = 0.50000000000000000000
org.apache.commons.math.complex.Complex:abs:()D#132#102 prob_bp = 0.50000000000000000000
org.apache.commons.math.complex.Complex:abs:()D#133#115 prob_bp = 0.50000000000000000000
org.apache.commons.math.complex.Complex:abs:()D#133#122 prob_bp = 0.50000000000000000000
org.apache.commons.math.util.FastMath:log:(D[D)D#1292#76 prob_bp = 0.50000000000000000000
org.apache.commons.math.util.FastMath:log:(D[D)D#1362#433 prob_bp = 0.50000000000000000000
org.apache.commons.math.util.FastMath:log:(D[D)D#1362#434 prob_bp = 0.50000000000000000000
org.apache.commons.math.util.FastMath:log:(D[D)D#1373#445 prob_bp = 0.50000000000000000000
org.apache.commons.math.util.FastMath:log:(D[D)D#1373#446 prob_bp = 0.50000000000000000000
org.apache.commons.math.util.FastMath:log:(D[D)D#1373#454 prob_bp = 0.50000000000000000000
org.apache.commons.math.util.FastMath:log:(D[D)D#1373#455 prob_bp = 0.50000000000000000000
org.apache.commons.math.util.FastMath:log:(D[D)D#1373#458 prob_bp = 0.50000000000000000000
org.apache.commons.math.util.FastMath:log:(D[D)D#1376#468 prob_bp = 0.50000000000000000000
org.apache.commons.math.util.FastMath:log:(D[D)D#1430#760 prob_bp = 0.50000000000000000000
org.apache.commons.math.util.FastMath:log:(D[D)D#1430#764 prob_bp = 0.50000000000000000000
org.apache.commons.math.util.FastMath:log:(D[D)D#1431#775 prob_bp = 0.50000000000000000000
org.apache.commons.math.util.FastMath:log:(D[D)D#1432#790 prob_bp = 0.50000000000000000000
org.apache.commons.math.util.FastMath:log:(D[D)D#1433#793 prob_bp = 0.50000000000000000000
org.apache.commons.math.util.FastMath:log:(D[D)D#1433#797 prob_bp = 0.50000000000000000000
org.apache.commons.math.util.FastMath:log:(D[D)D#1433#801 prob_bp = 0.50000000000000000000
org.apache.commons.math.util.FastMath:log:(D[D)D#1434#808 prob_bp = 0.50000000000000000000
org.apache.commons.math.util.FastMath:log:(D[D)D#1434#810 prob_bp = 0.50000000000000000000
org.apache.commons.math.util.FastMath:log:(D[D)D#1452#820 prob_bp = 0.50000000000000000000
org.apache.commons.math.util.FastMath:log:(D[D)D#1454#832 prob_bp = 0.50000000000000000000
org.apache.commons.math.util.FastMath:log:(D[D)D#1454#834 prob_bp = 0.50000000000000000000
org.apache.commons.math.util.FastMath:log:(D[D)D#1454#836 prob_bp = 0.50000000000000000000
org.apache.commons.math.util.FastMath:log:(D[D)D#1454#838 prob_bp = 0.50000000000000000000
org.apache.commons.math.util.FastMath:log:(D[D)D#1455#843 prob_bp = 0.50000000000000000000
org.apache.commons.math.util.FastMath:log:(D[D)D#1455#845 prob_bp = 0.50000000000000000000
org.apache.commons.math.util.FastMath:log:(D[D)D#1455#846 prob_bp = 0.50000000000000000000
org.apache.commons.math.util.FastMath:log:(D[D)D#1456#856 prob_bp = 0.50000000000000000000
org.apache.commons.math.util.FastMath:log:(D[D)D#1457#862 prob_bp = 0.50000000000000000000
org.apache.commons.math.util.FastMath:log:(D[D)D#1457#863 prob_bp = 0.50000000000000000000
org.apache.commons.math.util.FastMath:log:(D[D)D#1459#865 prob_bp = 0.50000000000000000000
org.apache.commons.math.util.FastMath:log:(D[D)D#1459#867 prob_bp = 0.50000000000000000000
org.apache.commons.math.util.FastMath:log:(D[D)D#1460#874 prob_bp = 0.50000000000000000000
org.apache.commons.math.util.FastMath:log:(D[D)D#1460#877 prob_bp = 0.50000000000000000000
org.apache.commons.math.util.FastMath:log:(D[D)D#1462#889 prob_bp = 0.50000000000000000000
org.apache.commons.math.util.FastMath:log:(D[D)D#1464#894 prob_bp = 0.50000000000000000000
org.apache.commons.math.util.FastMath:log:(D[D)D#1464#896 prob_bp = 0.50000000000000000000
org.apache.commons.math.util.FastMath:log:(D[D)D#1465#908 prob_bp = 0.50000000000000000000
org.apache.commons.math.util.FastMath:log:(D[D)D#1465#910 prob_bp = 0.50000000000000000000
org.apache.commons.math.util.FastMath:log:(D[D)D#1465#911 prob_bp = 0.50000000000000000000
org.apache.commons.math.util.FastMath:log:(D[D)D#1465#920 prob_bp = 0.50000000000000000000
org.apache.commons.math.util.FastMath:log:(D[D)D#1469#935 prob_bp = 0.50000000000000000000
org.apache.commons.math.util.FastMath:log:(D[D)D#1469#937 prob_bp = 0.50000000000000000000
org.apache.commons.math.util.FastMath:log:(D[D)D#1469#940 prob_bp = 0.50000000000000000000
org.apache.commons.math.util.FastMath:log:(D[D)D#1470#947 prob_bp = 0.50000000000000000000
org.apache.commons.math.util.FastMath:log:(D[D)D#1470#951 prob_bp = 0.50000000000000000000
org.apache.commons.math.util.FastMath:log:(D[D)D#1470#953 prob_bp = 0.50000000000000000000
org.apache.commons.math.util.FastMath:log:(D[D)D#1471#955 prob_bp = 0.50000000000000000000
org.apache.commons.math.util.FastMath:log:(D[D)D#1472#959 prob_bp = 0.50000000000000000000
org.apache.commons.math.util.FastMath:log:(D[D)D#1475#973 prob_bp = 0.50000000000000000000
org.apache.commons.math.util.FastMath:log:(D[D)D#1475#977 prob_bp = 0.50000000000000000000
org.apache.commons.math.util.FastMath:log:(D[D)D#1476#984 prob_bp = 0.50000000000000000000
org.apache.commons.math.util.FastMath:log:(D[D)D#1477#992 prob_bp = 0.50000000000000000000
org.apache.commons.math.util.FastMath:log:(D[D)D#1477#993 prob_bp = 0.50000000000000000000
org.apache.commons.math.util.FastMath:atan2:(DD)D#2978#23 prob_bp = 0.50000000000000000000
org.apache.commons.math.util.FastMath:atan2:(DD)D#2980#33 prob_bp = 0.50000000000000000000
org.apache.commons.math.util.FastMath:atan2:(DD)D#2991#73 prob_bp = 0.50000000000000000000
org.apache.commons.math.util.FastMath:atan2:(DD)D#2991#74 prob_bp = 0.50000000000000000000
org.apache.commons.math.util.FastMath:atan2:(DD)D#2991#75 prob_bp = 0.50000000000000000000
org.apache.commons.math.util.FastMath:atan2:(DD)D#2991#76 prob_bp = 0.50000000000000000000
org.apache.commons.math.util.FastMath:atan2:(DD)D#2991#81 prob_bp = 0.50000000000000000000
org.apache.commons.math.util.FastMath:atan2:(DD)D#2994#90 prob_bp = 0.50000000000000000000
org.apache.commons.math.util.FastMath:atan2:(DD)D#2994#93 prob_bp = 0.50000000000000000000
org.apache.commons.math.complex.Complex:divide:(Lorg/apache/commons/math/complex/Complex;)Lorg/apache/commons/math/complex/Complex;#275#156 prob_bp = 0.50000000000000000000
org.apache.commons.math.util.FastMath:atan2:(DD)D#2997#94 prob_bp = 0.50000000000000000000
org.apache.commons.math.util.FastMath:atan2:(DD)D#2997#96 prob_bp = 0.50000000000000000000
org.apache.commons.math.complex.Complex:atan:()Lorg/apache/commons/math/complex/Complex;#579#0 prob_bp = 0.50000000000000010000
org.apache.commons.math.complex.Complex:add:(Lorg/apache/commons/math/complex/Complex;)Lorg/apache/commons/math/complex/Complex;#162#24 prob_bp = 0.50000000000000010000
org.apache.commons.math.complex.Complex:add:(Lorg/apache/commons/math/complex/Complex;)Lorg/apache/commons/math/complex/Complex;#162#27 prob_bp = 0.50000000000000010000
org.apache.commons.math.complex.Complex:add:(Lorg/apache/commons/math/complex/Complex;)Lorg/apache/commons/math/complex/Complex;#162#28 prob_bp = 0.50000000000000010000
org.apache.commons.math.complex.Complex:add:(Lorg/apache/commons/math/complex/Complex;)Lorg/apache/commons/math/complex/Complex;#162#33 prob_bp = 0.50000000000000010000
org.apache.commons.math.complex.Complex:add:(Lorg/apache/commons/math/complex/Complex;)Lorg/apache/commons/math/complex/Complex;#162#37 prob_bp = 0.50000000000000010000
org.apache.commons.math.complex.Complex:add:(Lorg/apache/commons/math/complex/Complex;)Lorg/apache/commons/math/complex/Complex;#162#40 prob_bp = 0.50000000000000010000
org.apache.commons.math.complex.Complex:atan:()Lorg/apache/commons/math/complex/Complex;#583#21 prob_bp = 0.50000000000000010000
org.apache.commons.math.complex.Complex:subtract:(Lorg/apache/commons/math/complex/Complex;)Lorg/apache/commons/math/complex/Complex;#493#36 prob_bp = 0.50000000000000010000
org.apache.commons.math.complex.Complex:divide:(Lorg/apache/commons/math/complex/Complex;)Lorg/apache/commons/math/complex/Complex;#270#103 prob_bp = 0.50000000000000010000
org.apache.commons.math.complex.Complex:divide:(Lorg/apache/commons/math/complex/Complex;)Lorg/apache/commons/math/complex/Complex;#270#106 prob_bp = 0.50000000000000010000
org.apache.commons.math.complex.Complex:divide:(Lorg/apache/commons/math/complex/Complex;)Lorg/apache/commons/math/complex/Complex;#270#109 prob_bp = 0.50000000000000010000
org.apache.commons.math.complex.Complex:divide:(Lorg/apache/commons/math/complex/Complex;)Lorg/apache/commons/math/complex/Complex;#270#113 prob_bp = 0.50000000000000010000
org.apache.commons.math.complex.Complex:abs:()D#132#110 prob_bp = 0.50000000000000010000
org.apache.commons.math.complex.Complex:abs:()D#133#121 prob_bp = 0.50000000000000010000
org.apache.commons.math.complex.Complex:abs:()D#133#123 prob_bp = 0.50000000000000010000
org.apache.commons.math.util.FastMath:log:(D[D)D#1294#85 prob_bp = 0.50000000000000010000
org.apache.commons.math.util.FastMath:log:(D[D)D#1294#90 prob_bp = 0.50000000000000010000
org.apache.commons.math.util.FastMath:log:(D[D)D#1362#430 prob_bp = 0.50000000000000010000
org.apache.commons.math.util.FastMath:log:(D[D)D#1362#437 prob_bp = 0.50000000000000010000
org.apache.commons.math.util.FastMath:log:(D[D)D#1362#438 prob_bp = 0.50000000000000010000
org.apache.commons.math.util.FastMath:log:(D[D)D#1362#440 prob_bp = 0.50000000000000010000
org.apache.commons.math.util.FastMath:log:(D[D)D#1362#441 prob_bp = 0.50000000000000010000
org.apache.commons.math.util.FastMath:log:(D[D)D#1362#442 prob_bp = 0.50000000000000010000
org.apache.commons.math.util.FastMath:log:(D[D)D#1362#443 prob_bp = 0.50000000000000010000
org.apache.commons.math.util.FastMath:log:(D[D)D#1373#449 prob_bp = 0.50000000000000010000
org.apache.commons.math.util.FastMath:log:(D[D)D#1373#451 prob_bp = 0.50000000000000010000
org.apache.commons.math.util.FastMath:log:(D[D)D#1373#459 prob_bp = 0.50000000000000010000
org.apache.commons.math.util.FastMath:log:(D[D)D#1373#460 prob_bp = 0.50000000000000010000
org.apache.commons.math.util.FastMath:log:(D[D)D#1378#471 prob_bp = 0.50000000000000010000
org.apache.commons.math.util.FastMath:log:(D[D)D#1430#762 prob_bp = 0.50000000000000010000
org.apache.commons.math.util.FastMath:log:(D[D)D#1431#771 prob_bp = 0.50000000000000010000
org.apache.commons.math.util.FastMath:log:(D[D)D#1431#773 prob_bp = 0.50000000000000010000
org.apache.commons.math.util.FastMath:log:(D[D)D#1432#782 prob_bp = 0.50000000000000010000
org.apache.commons.math.util.FastMath:log:(D[D)D#1432#784 prob_bp = 0.50000000000000010000
org.apache.commons.math.util.FastMath:log:(D[D)D#1432#786 prob_bp = 0.50000000000000010000
org.apache.commons.math.util.FastMath:log:(D[D)D#1433#795 prob_bp = 0.50000000000000010000
org.apache.commons.math.util.FastMath:log:(D[D)D#1433#798 prob_bp = 0.50000000000000010000
org.apache.commons.math.util.FastMath:log:(D[D)D#1434#804 prob_bp = 0.50000000000000010000
org.apache.commons.math.util.FastMath:log:(D[D)D#1434#806 prob_bp = 0.50000000000000010000
org.apache.commons.math.util.FastMath:log:(D[D)D#1434#809 prob_bp = 0.50000000000000010000
org.apache.commons.math.util.FastMath:log:(D[D)D#1435#815 prob_bp = 0.50000000000000010000
org.apache.commons.math.util.FastMath:log:(D[D)D#1435#817 prob_bp = 0.50000000000000010000
org.apache.commons.math.util.FastMath:log:(D[D)D#1435#818 prob_bp = 0.50000000000000010000
org.apache.commons.math.util.FastMath:log:(D[D)D#1378#471#unexe#9 prob_bp = 0.50000000000000010000
org.apache.commons.math.util.FastMath:log:(D[D)D#1453#830 prob_bp = 0.50000000000000010000
org.apache.commons.math.util.FastMath:log:(D[D)D#1455#848 prob_bp = 0.50000000000000010000
org.apache.commons.math.util.FastMath:log:(D[D)D#1455#851 prob_bp = 0.50000000000000010000
org.apache.commons.math.util.FastMath:log:(D[D)D#1459#870 prob_bp = 0.50000000000000010000
org.apache.commons.math.util.FastMath:log:(D[D)D#1460#872 prob_bp = 0.50000000000000010000
org.apache.commons.math.util.FastMath:log:(D[D)D#1460#879 prob_bp = 0.50000000000000010000
org.apache.commons.math.util.FastMath:log:(D[D)D#1460#880 prob_bp = 0.50000000000000010000
org.apache.commons.math.util.FastMath:log:(D[D)D#1461#883 prob_bp = 0.50000000000000010000
org.apache.commons.math.util.FastMath:log:(D[D)D#1462#892 prob_bp = 0.50000000000000010000
org.apache.commons.math.util.FastMath:log:(D[D)D#1465#906 prob_bp = 0.50000000000000010000
org.apache.commons.math.util.FastMath:log:(D[D)D#1466#922 prob_bp = 0.50000000000000010000
org.apache.commons.math.util.FastMath:log:(D[D)D#1466#924 prob_bp = 0.50000000000000010000
org.apache.commons.math.util.FastMath:log:(D[D)D#1469#933 prob_bp = 0.50000000000000010000
org.apache.commons.math.util.FastMath:log:(D[D)D#1470#942 prob_bp = 0.50000000000000010000
org.apache.commons.math.util.FastMath:log:(D[D)D#1470#944 prob_bp = 0.50000000000000010000
org.apache.commons.math.util.FastMath:log:(D[D)D#1470#949 prob_bp = 0.50000000000000010000
org.apache.commons.math.util.FastMath:log:(D[D)D#1471#957 prob_bp = 0.50000000000000010000
org.apache.commons.math.util.FastMath:log:(D[D)D#1472#961 prob_bp = 0.50000000000000010000
org.apache.commons.math.util.FastMath:log:(D[D)D#1472#963 prob_bp = 0.50000000000000010000
org.apache.commons.math.util.FastMath:log:(D[D)D#1472#964 prob_bp = 0.50000000000000010000
org.apache.commons.math.util.FastMath:log:(D[D)D#1474#971 prob_bp = 0.50000000000000010000
org.apache.commons.math.util.FastMath:log:(D[D)D#1476#986 prob_bp = 0.50000000000000010000
org.apache.commons.math.util.FastMath:log:(D[D)D#1477#988 prob_bp = 0.50000000000000010000
org.apache.commons.math.util.FastMath:log:(D[D)D#1477#990 prob_bp = 0.50000000000000010000
org.apache.commons.math.util.FastMath:log:(D[D)D#1484#1009 prob_bp = 0.50000000000000010000
org.apache.commons.math.util.FastMath:log:(D[D)D#1484#1011 prob_bp = 0.50000000000000010000
org.apache.commons.math.util.FastMath:log:(D[D)D#1484#1014 prob_bp = 0.50000000000000010000
org.apache.commons.math.util.FastMath:atan2:(DD)D#2980#34 prob_bp = 0.50000000000000010000
org.apache.commons.math.util.FastMath:atan2:(DD)D#2980#35 prob_bp = 0.50000000000000010000
org.apache.commons.math.util.FastMath:atan2:(DD)D#2991#79 prob_bp = 0.50000000000000010000
org.apache.commons.math.util.FastMath:log:(D[D)D#1315#149 prob_bp = 0.50000000000000010000
org.apache.commons.math.util.FastMath:log:(D[D)D#1315#153 prob_bp = 0.50000000000000010000
org.apache.commons.math.util.FastMath:<clinit>:()V#101#45 prob_bp = 0.50000000000000020000
org.apache.commons.math.complex.Complex:atan:()Lorg/apache/commons/math/complex/Complex;#583#12 prob_bp = 0.50000000000000020000
org.apache.commons.math.complex.Complex:add:(Lorg/apache/commons/math/complex/Complex;)Lorg/apache/commons/math/complex/Complex;#162#41 prob_bp = 0.50000000000000020000
org.apache.commons.math.complex.Complex:atan:()Lorg/apache/commons/math/complex/Complex;#583#18 prob_bp = 0.50000000000000020000
org.apache.commons.math.complex.Complex:divide:(Lorg/apache/commons/math/complex/Complex;)Lorg/apache/commons/math/complex/Complex;#270#102 prob_bp = 0.50000000000000020000
org.apache.commons.math.complex.Complex:abs:()D#132#101 prob_bp = 0.50000000000000020000
org.apache.commons.math.util.FastMath:log:(D[D)D#1292#74 prob_bp = 0.50000000000000020000
org.apache.commons.math.util.FastMath:log:(D[D)D#1373#461 prob_bp = 0.50000000000000020000
org.apache.commons.math.util.FastMath:log:(D[D)D#1430#765 prob_bp = 0.50000000000000020000
org.apache.commons.math.util.FastMath:log:(D[D)D#1431#779 prob_bp = 0.50000000000000020000
org.apache.commons.math.util.FastMath:log:(D[D)D#1460#876 prob_bp = 0.50000000000000020000
org.apache.commons.math.util.FastMath:log:(D[D)D#1462#887 prob_bp = 0.50000000000000020000
org.apache.commons.math.util.FastMath:log:(D[D)D#1470#946 prob_bp = 0.50000000000000020000
org.apache.commons.math.util.FastMath:log:(D[D)D#1474#970 prob_bp = 0.50000000000000020000
org.apache.commons.math.util.FastMath:atan2:(DD)D#2978#22 prob_bp = 0.50000000000000020000
org.apache.commons.math.util.FastMath:atan2:(DD)D#2978#25 prob_bp = 0.50000000000000020000
org.apache.commons.math.util.FastMath:atan2:(DD)D#2991#82 prob_bp = 0.50000000000000020000
org.apache.commons.math.util.FastMath:atan2:(DD)D#2991#83 prob_bp = 0.50000000000000020000
org.apache.commons.math.complex.Complex:atan:()Lorg/apache/commons/math/complex/Complex;#583#15 prob_bp = 0.50000000000000030000
org.apache.commons.math.complex.Complex:subtract:(Lorg/apache/commons/math/complex/Complex;)Lorg/apache/commons/math/complex/Complex;#493#27 prob_bp = 0.50000000000000030000
org.apache.commons.math.complex.Complex:subtract:(Lorg/apache/commons/math/complex/Complex;)Lorg/apache/commons/math/complex/Complex;#493#37 prob_bp = 0.50000000000000030000
org.apache.commons.math.complex.Complex:abs:()D#132#105 prob_bp = 0.50000000000000030000
org.apache.commons.math.complex.Complex:abs:()D#132#106 prob_bp = 0.50000000000000030000
org.apache.commons.math.complex.Complex:abs:()D#133#111 prob_bp = 0.50000000000000030000
org.apache.commons.math.complex.Complex:abs:()D#133#119 prob_bp = 0.50000000000000030000
org.apache.commons.math.complex.Complex:abs:()D#133#120 prob_bp = 0.50000000000000030000
org.apache.commons.math.util.FastMath:log:(D[D)D#1314#140 prob_bp = 0.50000000000000030000
org.apache.commons.math.util.FastMath:log:(D[D)D#1429#755 prob_bp = 0.50000000000000030000
org.apache.commons.math.util.FastMath:log:(D[D)D#1429#758 prob_bp = 0.50000000000000030000
org.apache.commons.math.util.FastMath:log:(D[D)D#1430#768 prob_bp = 0.50000000000000030000
org.apache.commons.math.util.FastMath:log:(D[D)D#1431#776 prob_bp = 0.50000000000000030000
org.apache.commons.math.util.FastMath:log:(D[D)D#1432#787 prob_bp = 0.50000000000000030000
org.apache.commons.math.util.FastMath:log:(D[D)D#1435#813 prob_bp = 0.50000000000000030000
org.apache.commons.math.util.FastMath:log:(D[D)D#1452#823 prob_bp = 0.50000000000000030000
org.apache.commons.math.util.FastMath:log:(D[D)D#1453#829 prob_bp = 0.50000000000000030000
org.apache.commons.math.util.FastMath:log:(D[D)D#1454#837 prob_bp = 0.50000000000000030000
org.apache.commons.math.util.FastMath:log:(D[D)D#1455#841 prob_bp = 0.50000000000000030000
org.apache.commons.math.util.FastMath:log:(D[D)D#1455#849 prob_bp = 0.50000000000000030000
org.apache.commons.math.util.FastMath:log:(D[D)D#1456#854 prob_bp = 0.50000000000000030000
org.apache.commons.math.util.FastMath:log:(D[D)D#1464#899 prob_bp = 0.50000000000000030000
org.apache.commons.math.util.FastMath:log:(D[D)D#1465#914 prob_bp = 0.50000000000000030000
org.apache.commons.math.util.FastMath:log:(D[D)D#1467#928 prob_bp = 0.50000000000000030000
org.apache.commons.math.util.FastMath:log:(D[D)D#1469#938 prob_bp = 0.50000000000000030000
org.apache.commons.math.util.FastMath:log:(D[D)D#1470#950 prob_bp = 0.50000000000000030000
org.apache.commons.math.complex.Complex:divide:(Lorg/apache/commons/math/complex/Complex;)Lorg/apache/commons/math/complex/Complex;#275#152 prob_bp = 0.50000000000000030000
org.apache.commons.math.complex.Complex:divide:(Lorg/apache/commons/math/complex/Complex;)Lorg/apache/commons/math/complex/Complex;#275#153 prob_bp = 0.50000000000000030000
org.apache.commons.math.complex.Complex:divide:(Lorg/apache/commons/math/complex/Complex;)Lorg/apache/commons/math/complex/Complex;#275#158 prob_bp = 0.50000000000000030000
org.apache.commons.math.complex.Complex:divide:(Lorg/apache/commons/math/complex/Complex;)Lorg/apache/commons/math/complex/Complex;#275#160 prob_bp = 0.50000000000000030000
org.apache.commons.math.complex.Complex:divide:(Lorg/apache/commons/math/complex/Complex;)Lorg/apache/commons/math/complex/Complex;#275#163 prob_bp = 0.50000000000000030000
org.apache.commons.math.util.FastMath:log:(D[D)D#1315#150 prob_bp = 0.50000000000000030000
org.apache.commons.math.util.FastMath:log:(D[D)D#1376#467 prob_bp = 0.50000000000000040000
org.apache.commons.math.util.FastMath:log:(D[D)D#1452#826 prob_bp = 0.50000000000000040000
org.apache.commons.math.util.FastMath:log:(D[D)D#1464#902 prob_bp = 0.50000000000000040000
org.apache.commons.math.util.FastMath:log:(D[D)D#1465#917 prob_bp = 0.50000000000000040000
org.apache.commons.math.util.FastMath:log:(D[D)D#1467#931 prob_bp = 0.50000000000000040000
org.apache.commons.math.util.FastMath:log:(D[D)D#1315#154 prob_bp = 0.50000000000000040000
org.apache.commons.math.complex.Complex:atan:()Lorg/apache/commons/math/complex/Complex;#583#25 prob_bp = 0.50000000000000060000
org.apache.commons.math.complex.Complex:abs:()D#133#112 prob_bp = 0.50000000000000060000
org.apache.commons.math.complex.Complex:abs:()D#133#118 prob_bp = 0.50000000000000060000
org.apache.commons.math.util.FastMath:log:(D[D)D#1294#89 prob_bp = 0.50000000000000060000
org.apache.commons.math.util.FastMath:log:(D[D)D#1373#462 prob_bp = 0.50000000000000060000
org.apache.commons.math.util.FastMath:log:(D[D)D#1455#852 prob_bp = 0.50000000000000060000
org.apache.commons.math.util.FastMath:log:(D[D)D#1462#891 prob_bp = 0.50000000000000060000
org.apache.commons.math.util.FastMath:atan2:(DD)D#2980#32 prob_bp = 0.50000000000000060000
org.apache.commons.math.complex.Complex:divide:(Lorg/apache/commons/math/complex/Complex;)Lorg/apache/commons/math/complex/Complex;#275#159 prob_bp = 0.50000000000000060000
org.apache.commons.math.util.FastMath:log:(D[D)D#1269#10 prob_bp = 0.50000000000000070000
org.apache.commons.math.util.FastMath:log:(D[D)D#1294#88 prob_bp = 0.50000000000000070000
org.apache.commons.math.complex.Complex:atan:()Lorg/apache/commons/math/complex/Complex;#583#35 prob_bp = 0.50000000000000070000
org.apache.commons.math.complex.Complex:add:(Lorg/apache/commons/math/complex/Complex;)Lorg/apache/commons/math/complex/Complex;#162#44 prob_bp = 0.50000000000000080000
org.apache.commons.math.complex.Complex:subtract:(Lorg/apache/commons/math/complex/Complex;)Lorg/apache/commons/math/complex/Complex;#493#28 prob_bp = 0.50000000000000080000
org.apache.commons.math.complex.Complex:subtract:(Lorg/apache/commons/math/complex/Complex;)Lorg/apache/commons/math/complex/Complex;#488#0 prob_bp = 0.50000000000000100000
org.apache.commons.math.util.FastMath:log:(D[D)D#1269#11 prob_bp = 0.50000000000000170000
org.apache.commons.math.complex.Complex:subtract:(Lorg/apache/commons/math/complex/Complex;)Lorg/apache/commons/math/complex/Complex;#488#1 prob_bp = 0.50000000000000210000
org.apache.commons.math.util.FastMath:log:(D)D#1256#1 prob_bp = 0.50000000000000210000
org.apache.commons.math.util.FastMath:log:(D)D#1256#5 prob_bp = 0.50000000000000210000
org.apache.commons.math.complex.Complex:atan:()Lorg/apache/commons/math/complex/Complex;#583#38 prob_bp = 0.50000000000000310000
org.apache.commons.math.complex.Complex:atan:()Lorg/apache/commons/math/complex/Complex;#583#39 prob_bp = 0.50000000000000410000
org.apache.commons.math.complex.Complex:add:(Lorg/apache/commons/math/complex/Complex;)Lorg/apache/commons/math/complex/Complex;#157#0 prob_bp = 0.50000000000000610000
org.apache.commons.math.util.FastMath:log:(D[D)D#1269#14 prob_bp = 0.50000000000000750000
org.apache.commons.math.util.FastMath:log:(D[D)D#1292#78 prob_bp = 0.50000000000000820000
org.apache.commons.math.util.FastMath:log:(D[D)D#1292#81 prob_bp = 0.50000000000000850000
org.apache.commons.math.util.FastMath:log:(D[D)D#1292#82 prob_bp = 0.50000000000001010000
org.apache.commons.math.util.FastMath:log:(D[D)D#1314#144 prob_bp = 0.50000000000001680000
org.apache.commons.math.complex.Complex:divide:(Lorg/apache/commons/math/complex/Complex;)Lorg/apache/commons/math/complex/Complex;#275#164 prob_bp = 0.50000000000001730000
org.apache.commons.math.complex.Complex:add:(Lorg/apache/commons/math/complex/Complex;)Lorg/apache/commons/math/complex/Complex;#157#1 prob_bp = 0.50000000000001770000
org.apache.commons.math.util.FastMath:log:(D[D)D#1272#15 prob_bp = 0.50000000000002230000
org.apache.commons.math.util.FastMath:log:(D[D)D#1314#146 prob_bp = 0.50000000000004470000
org.apache.commons.math.complex.Complex:atan:()Lorg/apache/commons/math/complex/Complex;#583#31 prob_bp = 0.50000000000005200000
org.apache.commons.math.complex.Complex:divide:(Lorg/apache/commons/math/complex/Complex;)Lorg/apache/commons/math/complex/Complex;#275#166 prob_bp = 0.50000000000006270000
org.apache.commons.math.complex.Complex:subtract:(Lorg/apache/commons/math/complex/Complex;)Lorg/apache/commons/math/complex/Complex;#493#32 prob_bp = 0.50000000000006710000
org.apache.commons.math.complex.Complex:subtract:(Lorg/apache/commons/math/complex/Complex;)Lorg/apache/commons/math/complex/Complex;#493#33 prob_bp = 0.50000000000007730000
org.apache.commons.math.util.FastMath:log:(D[D)D#1272#16 prob_bp = 0.50000000000007780000
org.apache.commons.math.util.FastMath:log:(D[D)D#1272#19 prob_bp = 0.50000000000008120000
org.apache.commons.math.complex.Complex:add:(Lorg/apache/commons/math/complex/Complex;)Lorg/apache/commons/math/complex/Complex;#158#4 prob_bp = 0.50000000000017460000
org.apache.commons.math.complex.Complex:subtract:(Lorg/apache/commons/math/complex/Complex;)Lorg/apache/commons/math/complex/Complex;#493#23 prob_bp = 0.50000000000018150000
org.apache.commons.math.complex.Complex:subtract:(Lorg/apache/commons/math/complex/Complex;)Lorg/apache/commons/math/complex/Complex;#493#24 prob_bp = 0.50000000000020990000
org.apache.commons.math.complex.Complex:subtract:(Lorg/apache/commons/math/complex/Complex;)Lorg/apache/commons/math/complex/Complex;#493#40 prob_bp = 0.50000000000022330000
org.apache.commons.math.util.FastMath:log:(D[D)D#1272#25 prob_bp = 0.50000000000023350000
org.apache.commons.math.util.FastMath:log:(D[D)D#1272#26 prob_bp = 0.50000000000023350000
org.apache.commons.math.complex.Complex:multiply:(Lorg/apache/commons/math/complex/Complex;)Lorg/apache/commons/math/complex/Complex;#421#22 prob_bp = 0.50000000000037440000
org.apache.commons.math.complex.Complex:add:(Lorg/apache/commons/math/complex/Complex;)Lorg/apache/commons/math/complex/Complex;#158#5 prob_bp = 0.50000000000041300000
org.apache.commons.math.complex.Complex:subtract:(Lorg/apache/commons/math/complex/Complex;)Lorg/apache/commons/math/complex/Complex;#489#4 prob_bp = 0.50000000000054090000
org.apache.commons.math.complex.Complex:multiply:(Lorg/apache/commons/math/complex/Complex;)Lorg/apache/commons/math/complex/Complex;#421#23 prob_bp = 0.50000000000060420000
org.apache.commons.math.complex.Complex:subtract:(Lorg/apache/commons/math/complex/Complex;)Lorg/apache/commons/math/complex/Complex;#489#5 prob_bp = 0.50000000000062500000
org.apache.commons.math.util.FastMath:log:(D[D)D#1272#27 prob_bp = 0.50000000000081040000
org.apache.commons.math.complex.Complex:subtract:(Lorg/apache/commons/math/complex/Complex;)Lorg/apache/commons/math/complex/Complex;#493#31 prob_bp = 0.50000000000106660000
org.apache.commons.math.complex.Complex:log:()Lorg/apache/commons/math/complex/Complex;#750#30 prob_bp = 0.50000000000125020000
org.apache.commons.math.complex.Complex:add:(Lorg/apache/commons/math/complex/Complex;)Lorg/apache/commons/math/complex/Complex;#158#11 prob_bp = 0.50000000000152430000
org.apache.commons.math.complex.Complex:add:(Lorg/apache/commons/math/complex/Complex;)Lorg/apache/commons/math/complex/Complex;#158#12 prob_bp = 0.50000000000234510000
org.apache.commons.math.complex.Complex:atan:()Lorg/apache/commons/math/complex/Complex;#583#42 prob_bp = 0.50000000000351350000
org.apache.commons.math.complex.Complex:subtract:(Lorg/apache/commons/math/complex/Complex;)Lorg/apache/commons/math/complex/Complex;#489#8 prob_bp = 0.50000000000515580000
org.apache.commons.math.complex.Complex:subtract:(Lorg/apache/commons/math/complex/Complex;)Lorg/apache/commons/math/complex/Complex;#489#11 prob_bp = 0.50000000000634240000
org.apache.commons.math.complex.Complex:log:()Lorg/apache/commons/math/complex/Complex;#750#16 prob_bp = 0.50000000001096550000
org.apache.commons.math.complex.Complex:log:()Lorg/apache/commons/math/complex/Complex;#750#12 prob_bp = 0.50000000001146920000
org.apache.commons.math.complex.Complex:subtract:(Lorg/apache/commons/math/complex/Complex;)Lorg/apache/commons/math/complex/Complex;#489#12 prob_bp = 0.50000000001203600000
org.apache.commons.math.complex.Complex:log:()Lorg/apache/commons/math/complex/Complex;#750#13 prob_bp = 0.50000000001230940000
org.apache.commons.math.complex.Complex:divide:(Lorg/apache/commons/math/complex/Complex;)Lorg/apache/commons/math/complex/Complex;#273#138 prob_bp = 0.50000000001641160000
org.apache.commons.math.complex.Complex:divide:(Lorg/apache/commons/math/complex/Complex;)Lorg/apache/commons/math/complex/Complex;#273#136 prob_bp = 0.50000000001641250000
org.apache.commons.math.util.FastMath:log:(D)D#1256#0 prob_bp = 0.50000000002021630000
org.apache.commons.math.complex.Complex:divide:(Lorg/apache/commons/math/complex/Complex;)Lorg/apache/commons/math/complex/Complex;#273#139 prob_bp = 0.50000000003624050000
org.apache.commons.math.util.FastMath:log:(D[D)D#1283#51 prob_bp = 0.50000000003845400000
org.apache.commons.math.util.FastMath:log:(D)D#1256#2 prob_bp = 0.50000000005379730000
org.apache.commons.math.complex.Complex:multiply:(Lorg/apache/commons/math/complex/Complex;)Lorg/apache/commons/math/complex/Complex;#421#32 prob_bp = 0.50000000006134300000
org.apache.commons.math.util.FastMath:log:(D[D)D#1272#20 prob_bp = 0.50000000006908170000
org.apache.commons.math.util.FastMath:log:(D[D)D#1272#21 prob_bp = 0.50000000007155990000
org.apache.commons.math.complex.Complex:add:(Lorg/apache/commons/math/complex/Complex;)Lorg/apache/commons/math/complex/Complex;#158#8 prob_bp = 0.50000000007394900000
org.apache.commons.math.complex.Complex:add:(Lorg/apache/commons/math/complex/Complex;)Lorg/apache/commons/math/complex/Complex;#158#15 prob_bp = 0.50000000007562540000
org.apache.commons.math.complex.Complex:multiply:(Lorg/apache/commons/math/complex/Complex;)Lorg/apache/commons/math/complex/Complex;#421#26 prob_bp = 0.50000000008296090000
org.apache.commons.math.complex.Complex:multiply:(Lorg/apache/commons/math/complex/Complex;)Lorg/apache/commons/math/complex/Complex;#421#33 prob_bp = 0.50000000009968680000
org.apache.commons.math.util.FastMath:log:(D[D)D#1283#52 prob_bp = 0.50000000012935690000
org.apache.commons.math.util.FastMath:log:(D[D)D#1283#55 prob_bp = 0.50000000013392900000
org.apache.commons.math.util.FastMath:log:(D[D)D#1266#0 prob_bp = 0.50000000013709160000
org.apache.commons.math.complex.Complex:subtract:(Lorg/apache/commons/math/complex/Complex;)Lorg/apache/commons/math/complex/Complex;#493#41 prob_bp = 0.50000000027053390000
org.apache.commons.math.complex.Complex:<init>:(DD)V#103#38 prob_bp = 0.50000000027387530000
org.apache.commons.math.complex.Complex:<init>:(DD)V#103#39 prob_bp = 0.50000000027942460000
org.apache.commons.math.complex.Complex:abs:()D#122#22 prob_bp = 0.50000000032659840000
org.apache.commons.math.complex.Complex:atan:()Lorg/apache/commons/math/complex/Complex;#583#28 prob_bp = 0.50000000034289300000
org.apache.commons.math.complex.Complex:multiply:(Lorg/apache/commons/math/complex/Complex;)Lorg/apache/commons/math/complex/Complex;#421#29 prob_bp = 0.50000000041486790000
org.apache.commons.math.complex.Complex:<init>:(DD)V#103#42 prob_bp = 0.50000000042965490000
org.apache.commons.math.util.FastMath:log:(D[D)D#1266#1 prob_bp = 0.50000000045686530000
org.apache.commons.math.util.FastMath:log:(D[D)D#1266#2 prob_bp = 0.50000000047304280000
org.apache.commons.math.complex.Complex:abs:()D#122#23 prob_bp = 0.50000000047311650000
org.apache.commons.math.complex.Complex:divide:(Lorg/apache/commons/math/complex/Complex;)Lorg/apache/commons/math/complex/Complex;#268#86 prob_bp = 0.50000000059966470000
org.apache.commons.math.complex.Complex:divide:(Lorg/apache/commons/math/complex/Complex;)Lorg/apache/commons/math/complex/Complex;#268#87 prob_bp = 0.50000000061850250000
org.apache.commons.math.complex.Complex:log:()Lorg/apache/commons/math/complex/Complex;#746#0 prob_bp = 0.50000000083155940000
org.apache.commons.math.util.FastMath:atan2:(DD)D#2973#6 prob_bp = 0.50000000084289920000
org.apache.commons.math.util.FastMath:atan2:(DD)D#2973#7 prob_bp = 0.50000000084289920000
org.apache.commons.math.complex.Complex:<init>:(DD)V#102#15 prob_bp = 0.50000000089470000000
org.apache.commons.math.complex.Complex:<init>:(DD)V#102#16 prob_bp = 0.50000000091295560000
org.apache.commons.math.complex.Complex:<init>:(DD)V#102#19 prob_bp = 0.50000000095008190000
org.apache.commons.math.complex.Complex:divide:(Lorg/apache/commons/math/complex/Complex;)Lorg/apache/commons/math/complex/Complex;#268#89 prob_bp = 0.50000000122954900000
org.apache.commons.math.complex.Complex:abs:()D#116#0 prob_bp = 0.50000000146095670000
org.apache.commons.math.complex.Complex:log:()Lorg/apache/commons/math/complex/Complex;#746#1 prob_bp = 0.50000000162428580000
org.apache.commons.math.complex.Complex:subtract:(Lorg/apache/commons/math/complex/Complex;)Lorg/apache/commons/math/complex/Complex;#489#15 prob_bp = 0.50000000179290150000
org.apache.commons.math.util.FastMath:log:(D[D)D#1272#22 prob_bp = 0.50000000183225250000
org.apache.commons.math.complex.Complex:abs:()D#122#26 prob_bp = 0.50000000188093490000
org.apache.commons.math.util.FastMath:atan2:(DD)D#2973#8 prob_bp = 0.50000000204693470000
org.apache.commons.math.complex.Complex:abs:()D#116#1 prob_bp = 0.50000000216239930000
org.apache.commons.math.complex.Complex:divide:(Lorg/apache/commons/math/complex/Complex;)Lorg/apache/commons/math/complex/Complex;#274#142 prob_bp = 0.50000000257263530000
org.apache.commons.math.complex.Complex:<init>:(DD)V#102#22 prob_bp = 0.50000000257923890000
org.apache.commons.math.complex.Complex:<init>:(DD)V#102#23 prob_bp = 0.50000000267193360000
org.apache.commons.math.complex.Complex:createComplex:(DD)Lorg/apache/commons/math/complex/Complex;#1127#4 prob_bp = 0.50000000275625900000
org.apache.commons.math.complex.Complex:abs:()D#122#29 prob_bp = 0.50000000293567290000
org.apache.commons.math.complex.Complex:<init>:(DD)V#102#26 prob_bp = 0.50000000300355950000
org.apache.commons.math.complex.Complex:abs:()D#119#11 prob_bp = 0.50000000404354240000
org.apache.commons.math.complex.Complex:abs:()D#122#30 prob_bp = 0.50000000421332160000
org.apache.commons.math.complex.Complex:divide:(Lorg/apache/commons/math/complex/Complex;)Lorg/apache/commons/math/complex/Complex;#274#144 prob_bp = 0.50000000526742640000
org.apache.commons.math.complex.Complex:divide:(Lorg/apache/commons/math/complex/Complex;)Lorg/apache/commons/math/complex/Complex;#274#146 prob_bp = 0.50000000568061240000
org.apache.commons.math.complex.Complex:abs:()D#119#12 prob_bp = 0.50000000623901090000
org.apache.commons.math.complex.Complex:divide:(Lorg/apache/commons/math/complex/Complex;)Lorg/apache/commons/math/complex/Complex;#269#92 prob_bp = 0.50000000671702480000
org.apache.commons.math.complex.Complex:abs:()D#122#33 prob_bp = 0.50000000953080880000
org.apache.commons.math.complex.Complex:<init>:(DD)V#103#45 prob_bp = 0.50000000953177040000
org.apache.commons.math.complex.Complex:<init>:(DD)V#103#46 prob_bp = 0.50000000994660740000
org.apache.commons.math.complex.Complex:<init>:(DD)V#103#49 prob_bp = 0.50000001160103820000
org.apache.commons.math.complex.Complex:multiply:(Lorg/apache/commons/math/complex/Complex;)Lorg/apache/commons/math/complex/Complex;#421#42 prob_bp = 0.50000001167070980000
org.apache.commons.math.complex.Complex:multiply:(Lorg/apache/commons/math/complex/Complex;)Lorg/apache/commons/math/complex/Complex;#421#36 prob_bp = 0.50000001332908630000
org.apache.commons.math.complex.Complex:divide:(Lorg/apache/commons/math/complex/Complex;)Lorg/apache/commons/math/complex/Complex;#269#93 prob_bp = 0.50000001347571320000
org.apache.commons.math.util.FastMath:log:(D[D)D#1272#28 prob_bp = 0.50000001434586150000
org.apache.commons.math.complex.Complex:divide:(Lorg/apache/commons/math/complex/Complex;)Lorg/apache/commons/math/complex/Complex;#269#95 prob_bp = 0.50000001453273150000
org.apache.commons.math.complex.Complex:<clinit>:()V#58#9 prob_bp = 0.50000001588084000000
org.apache.commons.math.complex.Complex:multiply:(Lorg/apache/commons/math/complex/Complex;)Lorg/apache/commons/math/complex/Complex;#421#43 prob_bp = 0.50000002171076510000
org.apache.commons.math.complex.Complex:divide:(Lorg/apache/commons/math/complex/Complex;)Lorg/apache/commons/math/complex/Complex;#274#147 prob_bp = 0.50000002325409370000
org.apache.commons.math.complex.Complex:abs:()D#116#4 prob_bp = 0.50000004360613040000
org.apache.commons.math.complex.Complex:divide:(Lorg/apache/commons/math/complex/Complex;)Lorg/apache/commons/math/complex/Complex;#274#148 prob_bp = 0.50000005134980160000
org.apache.commons.math.complex.Complex:abs:()D#129#84 prob_bp = 0.50000005485773500000
org.apache.commons.math.complex.Complex:divide:(Lorg/apache/commons/math/complex/Complex;)Lorg/apache/commons/math/complex/Complex;#269#96 prob_bp = 0.50000006074948760000
org.apache.commons.math.complex.Complex:multiply:(Lorg/apache/commons/math/complex/Complex;)Lorg/apache/commons/math/complex/Complex;#421#39 prob_bp = 0.50000006661427200000
org.apache.commons.math.complex.Complex:divide:(Lorg/apache/commons/math/complex/Complex;)Lorg/apache/commons/math/complex/Complex;#264#62 prob_bp = 0.50000006812794360000
org.apache.commons.math.complex.Complex:divide:(Lorg/apache/commons/math/complex/Complex;)Lorg/apache/commons/math/complex/Complex;#264#63 prob_bp = 0.50000007260162690000
org.apache.commons.math.util.FastMath:atan2:(DD)D#2973#0 prob_bp = 0.50000007298390100000
org.apache.commons.math.util.FastMath:atan2:(DD)D#2973#1 prob_bp = 0.50000007298390100000
org.apache.commons.math.util.FastMath:atan2:(DD)D#2973#2 prob_bp = 0.50000007556419800000
org.apache.commons.math.complex.Complex:divide:(Lorg/apache/commons/math/complex/Complex;)Lorg/apache/commons/math/complex/Complex;#265#67 prob_bp = 0.50000008093845320000
org.apache.commons.math.complex.Complex:divide:(Lorg/apache/commons/math/complex/Complex;)Lorg/apache/commons/math/complex/Complex;#265#68 prob_bp = 0.50000008380214920000
org.apache.commons.math.complex.Complex:abs:()D#129#85 prob_bp = 0.50000008849240010000
org.apache.commons.math.complex.Complex:log:()Lorg/apache/commons/math/complex/Complex;#746#4 prob_bp = 0.50000009519210600000
org.apache.commons.math.util.FastMath:log:(D[D)D#1283#56 prob_bp = 0.50000011414864310000
org.apache.commons.math.util.FastMath:atan2:(DD)D#2977#16 prob_bp = 0.50000011460601170000
org.apache.commons.math.complex.Complex:<init>:(DD)V#102#33 prob_bp = 0.50000011745588370000
org.apache.commons.math.complex.Complex:<init>:(DD)V#102#14 prob_bp = 0.50000012284638560000
org.apache.commons.math.complex.Complex:<init>:(DD)V#102#34 prob_bp = 0.50000012545199090000
org.apache.commons.math.complex.Complex:divide:(Lorg/apache/commons/math/complex/Complex;)Lorg/apache/commons/math/complex/Complex;#269#98 prob_bp = 0.50000012937433200000
org.apache.commons.math.complex.Complex:subtract:(Lorg/apache/commons/math/complex/Complex;)Lorg/apache/commons/math/complex/Complex;#493#44 prob_bp = 0.50000013734203660000
org.apache.commons.math.complex.Complex:divide:(Lorg/apache/commons/math/complex/Complex;)Lorg/apache/commons/math/complex/Complex;#275#171 prob_bp = 0.50000015736659710000
org.apache.commons.math.complex.Complex:divide:(Lorg/apache/commons/math/complex/Complex;)Lorg/apache/commons/math/complex/Complex;#275#172 prob_bp = 0.50000018011481850000
org.apache.commons.math.complex.Complex:log:()Lorg/apache/commons/math/complex/Complex;#750#19 prob_bp = 0.50000019799561910000
org.apache.commons.math.complex.Complex:<init>:(DD)V#103#52 prob_bp = 0.50000019934445770000
org.apache.commons.math.complex.Complex:<init>:(DD)V#103#53 prob_bp = 0.50000020948323810000
org.apache.commons.math.complex.Complex:divide:(Lorg/apache/commons/math/complex/Complex;)Lorg/apache/commons/math/complex/Complex;#265#71 prob_bp = 0.50000021150010150000
org.apache.commons.math.complex.Complex:divide:(Lorg/apache/commons/math/complex/Complex;)Lorg/apache/commons/math/complex/Complex;#273#140 prob_bp = 0.50000021700898640000
org.apache.commons.math.complex.Complex:abs:()D#129#88 prob_bp = 0.50000021911763760000
org.apache.commons.math.complex.Complex:divide:(Lorg/apache/commons/math/complex/Complex;)Lorg/apache/commons/math/complex/Complex;#275#175 prob_bp = 0.50000022050814450000
org.apache.commons.math.complex.Complex:abs:()D#129#89 prob_bp = 0.50000022697711410000
org.apache.commons.math.complex.Complex:log:()Lorg/apache/commons/math/complex/Complex;#750#20 prob_bp = 0.50000022736575400000
org.apache.commons.math.complex.Complex:divide:(Lorg/apache/commons/math/complex/Complex;)Lorg/apache/commons/math/complex/Complex;#275#177 prob_bp = 0.50000023780521210000
org.apache.commons.math.complex.Complex:<init>:(DD)V#103#56 prob_bp = 0.50000024981962030000
org.apache.commons.math.util.FastMath:atan2:(DD)D#2977#17 prob_bp = 0.50000026967196890000
org.apache.commons.math.complex.Complex:divide:(Lorg/apache/commons/math/complex/Complex;)Lorg/apache/commons/math/complex/Complex;#264#66 prob_bp = 0.50000027328687590000
org.apache.commons.math.util.FastMath:atan2:(DD)D#2977#18 prob_bp = 0.50000027919972190000
org.apache.commons.math.complex.Complex:log:()Lorg/apache/commons/math/complex/Complex;#750#27 prob_bp = 0.50000033118406530000
org.apache.commons.math.complex.Complex:divide:(Lorg/apache/commons/math/complex/Complex;)Lorg/apache/commons/math/complex/Complex;#267#77 prob_bp = 0.50000037055110920000
org.apache.commons.math.util.FastMath:log:(D[D)D#1266#3 prob_bp = 0.50000040327576680000
org.apache.commons.math.complex.Complex:abs:()D#122#36 prob_bp = 0.50000043679799560000
org.apache.commons.math.complex.Complex:divide:(Lorg/apache/commons/math/complex/Complex;)Lorg/apache/commons/math/complex/Complex;#267#73 prob_bp = 0.50000059392222020000
org.apache.commons.math.complex.Complex:divide:(Lorg/apache/commons/math/complex/Complex;)Lorg/apache/commons/math/complex/Complex;#275#167 prob_bp = 0.50000075561898170000
org.apache.commons.math.complex.Complex:divide:(Lorg/apache/commons/math/complex/Complex;)Lorg/apache/commons/math/complex/Complex;#275#168 prob_bp = 0.50000086484875830000
org.apache.commons.math.complex.Complex:divide:(Lorg/apache/commons/math/complex/Complex;)Lorg/apache/commons/math/complex/Complex;#267#79 prob_bp = 0.50000102558762600000
org.apache.commons.math.complex.Complex:multiply:(Lorg/apache/commons/math/complex/Complex;)Lorg/apache/commons/math/complex/Complex;#417#0 prob_bp = 0.50000103542211250000
org.apache.commons.math.complex.Complex:divide:(Lorg/apache/commons/math/complex/Complex;)Lorg/apache/commons/math/complex/Complex;#275#178 prob_bp = 0.50000108551948700000
org.apache.commons.math.complex.Complex:divide:(Lorg/apache/commons/math/complex/Complex;)Lorg/apache/commons/math/complex/Complex;#267#74 prob_bp = 0.50000176020979240000
org.apache.commons.math.complex.Complex:multiply:(Lorg/apache/commons/math/complex/Complex;)Lorg/apache/commons/math/complex/Complex;#417#1 prob_bp = 0.50000177628869210000
org.apache.commons.math.util.FastMath:atan2:(DD)D#2973#3 prob_bp = 0.50000315947080410000
org.apache.commons.math.complex.Complex:multiply:(Lorg/apache/commons/math/complex/Complex;)Lorg/apache/commons/math/complex/Complex;#421#46 prob_bp = 0.50000354499035800000
org.apache.commons.math.complex.Complex:multiply:(Lorg/apache/commons/math/complex/Complex;)Lorg/apache/commons/math/complex/Complex;#421#52 prob_bp = 0.50000360844279370000
org.apache.commons.math.util.FastMath:atan2:(DD)D#2982#37 prob_bp = 0.50000406167080160000
org.apache.commons.math.util.MathUtils:checkNotNull:(Ljava/lang/Object;)V#2334#0 prob_bp = 0.50000454692286060000
org.apache.commons.math.util.FastMath:atan2:(DD)D#2982#39 prob_bp = 0.50000481195858610000
org.apache.commons.math.util.FastMath:atan2:(DD)D#2982#40 prob_bp = 0.50000498167827740000
org.apache.commons.math.complex.Complex:divide:(Lorg/apache/commons/math/complex/Complex;)Lorg/apache/commons/math/complex/Complex;#274#149 prob_bp = 0.50000509935050040000
org.apache.commons.math.complex.Complex:divide:(Lorg/apache/commons/math/complex/Complex;)Lorg/apache/commons/math/complex/Complex;#268#90 prob_bp = 0.50000626219552860000
org.apache.commons.math.complex.Complex:divide:(Lorg/apache/commons/math/complex/Complex;)Lorg/apache/commons/math/complex/Complex;#270#121 prob_bp = 0.50000650168865820000
org.apache.commons.math.complex.Complex:multiply:(Lorg/apache/commons/math/complex/Complex;)Lorg/apache/commons/math/complex/Complex;#421#53 prob_bp = 0.50000656468983680000
org.apache.commons.math.complex.Complex:divide:(Lorg/apache/commons/math/complex/Complex;)Lorg/apache/commons/math/complex/Complex;#270#117 prob_bp = 0.50000659505775610000
org.apache.commons.math.util.FastMath:atan2:(DD)D#2979#27 prob_bp = 0.50000671028663850000
org.apache.commons.math.util.FastMath:atan2:(DD)D#2979#28 prob_bp = 0.50000671028663850000
org.apache.commons.math.complex.Complex:divide:(Lorg/apache/commons/math/complex/Complex;)Lorg/apache/commons/math/complex/Complex;#270#118 prob_bp = 0.50000672842216360000
org.apache.commons.math.util.FastMath:atan2:(DD)D#2979#29 prob_bp = 0.50000694696178450000
org.apache.commons.math.complex.Complex:divide:(Lorg/apache/commons/math/complex/Complex;)Lorg/apache/commons/math/complex/Complex;#270#123 prob_bp = 0.50000701167865000000
org.apache.commons.math.complex.Complex:multiply:(Lorg/apache/commons/math/complex/Complex;)Lorg/apache/commons/math/complex/Complex;#418#11 prob_bp = 0.50000768913627580000
org.apache.commons.math.complex.Complex:divide:(Lorg/apache/commons/math/complex/Complex;)Lorg/apache/commons/math/complex/Complex;#270#124 prob_bp = 0.50001023815271680000
org.apache.commons.math.complex.Complex:atan:()Lorg/apache/commons/math/complex/Complex;#583#45 prob_bp = 0.50001034267459810000
org.apache.commons.math.complex.Complex:divide:(Lorg/apache/commons/math/complex/Complex;)Lorg/apache/commons/math/complex/Complex;#270#125 prob_bp = 0.50001044713321810000
org.apache.commons.math.complex.Complex:multiply:(Lorg/apache/commons/math/complex/Complex;)Lorg/apache/commons/math/complex/Complex;#418#12 prob_bp = 0.50001093423089100000
org.apache.commons.math.complex.Complex:divide:(Lorg/apache/commons/math/complex/Complex;)Lorg/apache/commons/math/complex/Complex;#270#128 prob_bp = 0.50001117379366490000
org.apache.commons.math.complex.Complex:<init>:(DD)V#103#63 prob_bp = 0.50001131401593480000
org.apache.commons.math.complex.Complex:abs:()D#119#15 prob_bp = 0.50001216460904350000
org.apache.commons.math.complex.Complex:divide:(Lorg/apache/commons/math/complex/Complex;)Lorg/apache/commons/math/complex/Complex;#269#99 prob_bp = 0.50001244215848960000
org.apache.commons.math.complex.Complex:divide:(Lorg/apache/commons/math/complex/Complex;)Lorg/apache/commons/math/complex/Complex;#260#44 prob_bp = 0.50001335043052610000
org.apache.commons.math.complex.Complex:divide:(Lorg/apache/commons/math/complex/Complex;)Lorg/apache/commons/math/complex/Complex;#260#45 prob_bp = 0.50001493437730440000
org.apache.commons.math.util.MathUtils:checkNotNull:(Ljava/lang/Object;)V#2334#1 prob_bp = 0.50001498900481980000
org.apache.commons.math.complex.Complex:divide:(Lorg/apache/commons/math/complex/Complex;)Lorg/apache/commons/math/complex/Complex;#275#179 prob_bp = 0.50001529733531960000
org.apache.commons.math.complex.Complex:<init>:(DD)V#103#37 prob_bp = 0.50001544672660310000
org.apache.commons.math.complex.Complex:<init>:(DD)V#103#64 prob_bp = 0.50001678524882920000
org.apache.commons.math.complex.Complex:log:()Lorg/apache/commons/math/complex/Complex;#747#7 prob_bp = 0.50001708042530040000
org.apache.commons.math.complex.Complex:multiply:(Lorg/apache/commons/math/complex/Complex;)Lorg/apache/commons/math/complex/Complex;#421#49 prob_bp = 0.50001773540323400000
org.apache.commons.math.complex.Complex:log:()Lorg/apache/commons/math/complex/Complex;#747#10 prob_bp = 0.50001776862720590000
org.apache.commons.math.complex.Complex:multiply:(Lorg/apache/commons/math/complex/Complex;)Lorg/apache/commons/math/complex/Complex;#418#15 prob_bp = 0.50002401150674090000
org.apache.commons.math.util.FastMath:atan2:(DD)D#2973#9 prob_bp = 0.50002474345525520000
org.apache.commons.math.complex.Complex:multiply:(Lorg/apache/commons/math/complex/Complex;)Lorg/apache/commons/math/complex/Complex;#418#4 prob_bp = 0.50003105900628930000
org.apache.commons.math.complex.Complex:divide:(Lorg/apache/commons/math/complex/Complex;)Lorg/apache/commons/math/complex/Complex;#275#181 prob_bp = 0.50003589933716100000
org.apache.commons.math.complex.Complex:divide:(Lorg/apache/commons/math/complex/Complex;)Lorg/apache/commons/math/complex/Complex;#270#129 prob_bp = 0.50003731525406570000
org.apache.commons.math.util.FastMath:abs:(D)D#3410#11 prob_bp = 0.50004135299772330000
org.apache.commons.math.util.FastMath:abs:(D)D#3410#12 prob_bp = 0.50004136170521570000
org.apache.commons.math.util.FastMath:abs:(D)D#3410#13 prob_bp = 0.50004266367161350000
org.apache.commons.math.complex.Complex:multiply:(Lorg/apache/commons/math/complex/Complex;)Lorg/apache/commons/math/complex/Complex;#418#5 prob_bp = 0.50007327473385690000
org.apache.commons.math.util.FastMath:abs:(D)D#3410#17 prob_bp = 0.50007762944498870000
org.apache.commons.math.complex.Complex:divide:(Lorg/apache/commons/math/complex/Complex;)Lorg/apache/commons/math/complex/Complex;#270#131 prob_bp = 0.50008755836795500000
org.apache.commons.math.complex.Complex:divide:(Lorg/apache/commons/math/complex/Complex;)Lorg/apache/commons/math/complex/Complex;#267#82 prob_bp = 0.50009812992280560000
org.apache.commons.math.complex.Complex:abs:()D#129#90 prob_bp = 0.50017048198738190000
org.apache.commons.math.util.FastMath:abs:(D)D#3410#0 prob_bp = 0.50019264299842260000
org.apache.commons.math.util.FastMath:abs:(D)D#3410#1 prob_bp = 0.50019264412120450000
org.apache.commons.math.util.FastMath:atan2:(DD)D#2990#60 prob_bp = 0.50019635513714280000
org.apache.commons.math.util.FastMath:atan2:(DD)D#2990#61 prob_bp = 0.50019635513714280000
org.apache.commons.math.util.FastMath:abs:(D)D#3410#2 prob_bp = 0.50019653363111750000
org.apache.commons.math.util.FastMath:atan2:(DD)D#2977#19 prob_bp = 0.50019672876005110000
org.apache.commons.math.util.FastMath:atan2:(DD)D#2990#62 prob_bp = 0.50020320458110300000
org.apache.commons.math.util.FastMath:atan2:(DD)D#2979#30 prob_bp = 0.50028849812574870000
org.apache.commons.math.util.FastMath:atan2:(DD)D#2990#66 prob_bp = 0.50030432158660100000
org.apache.commons.math.util.FastMath:atan2:(DD)D#2990#68 prob_bp = 0.50035597315026060000
org.apache.commons.math.util.FastMath:atan2:(DD)D#2990#69 prob_bp = 0.50036743126111620000
org.apache.commons.math.complex.Complex:isInfinite:()Z#388#4 prob_bp = 0.50048440992438480000
org.apache.commons.math.complex.Complex:multiply:(Lorg/apache/commons/math/complex/Complex;)Lorg/apache/commons/math/complex/Complex;#421#56 prob_bp = 0.50094692552277780000
org.apache.commons.math.util.FastMath:atan2:(DD)D#2982#41 prob_bp = 0.50109942573867380000
org.apache.commons.math.complex.Complex:divide:(Lorg/apache/commons/math/complex/Complex;)Lorg/apache/commons/math/complex/Complex;#260#48 prob_bp = 0.50113775689701480000
org.apache.commons.math.util.FastMath:abs:(D)D#3410#14 prob_bp = 0.50128925680850100000
org.apache.commons.math.util.FastMath:abs:(D)D#3410#3 prob_bp = 0.50173376248650140000
org.apache.commons.math.util.FastMath:abs:(D)D#3410#6 prob_bp = 0.50318016577263640000
org.apache.commons.math.util.FastMath:abs:(D)D#3410#7 prob_bp = 0.50327937520861430000
org.apache.commons.math.complex.Complex:abs:()D#122#37 prob_bp = 0.50339382508711650000
org.apache.commons.math.complex.Complex:multiply:(Lorg/apache/commons/math/complex/Complex;)Lorg/apache/commons/math/complex/Complex;#418#8 prob_bp = 0.50381280495346740000
org.apache.commons.math.complex.Complex:multiply:(Lorg/apache/commons/math/complex/Complex;)Lorg/apache/commons/math/complex/Complex;#421#59 prob_bp = 0.50469447155725160000
org.apache.commons.math.util.FastMath:atan2:(DD)D#2990#63 prob_bp = 0.50817635041201860000
org.apache.commons.math.util.FastMath:abs:(D)D#3410#21 prob_bp = 0.50889040439554050000
org.apache.commons.math.util.FastMath:abs:(D)D#3410#22 prob_bp = 0.51275073100108340000
org.apache.commons.math.util.FastMath:atan2:(DD)D#2990#70 prob_bp = 0.56308218743330880000
org.apache.commons.math.complex.Complex:divide:(Lorg/apache/commons/math/complex/Complex;)Lorg/apache/commons/math/complex/Complex;#267#83 prob_bp = 0.75472910793645450000
org.apache.commons.math.complex.Complex:divide:(Lorg/apache/commons/math/complex/Complex;)Lorg/apache/commons/math/complex/Complex;#275#182 prob_bp = 0.89961623580682570000
org.apache.commons.math.complex.Complex:<init>:(DD)V#99#5 prob_bp = 0.92285623567390680000
org.apache.commons.math.complex.Complex:<init>:(DD)V#99#4 prob_bp = 0.92285623686709210000
org.apache.commons.math.complex.Complex:<init>:(DD)V#99#6 prob_bp = 0.93137233328552930000
org.apache.commons.math.complex.Complex:divide:(Lorg/apache/commons/math/complex/Complex;)Lorg/apache/commons/math/complex/Complex;#270#132 prob_bp = 0.98756889334222630000
org.apache.commons.math.complex.Complex:createComplex:(DD)Lorg/apache/commons/math/complex/Complex;#1127#5 prob_bp = 0.99826601490950640000
org.apache.commons.math.complex.Complex:getReal:()D#364#1 prob_bp = 0.99931273897821220000
org.apache.commons.math.complex.Complex:divide:(Lorg/apache/commons/math/complex/Complex;)Lorg/apache/commons/math/complex/Complex;#275#185 prob_bp = 0.99950975838599930000
org.apache.commons.math.complex.Complex:createComplex:(DD)Lorg/apache/commons/math/complex/Complex;#1127#3 prob_bp = 0.99953271044385880000
org.apache.commons.math.complex.Complex:atan:()Lorg/apache/commons/math/complex/Complex;#583#48 prob_bp = 0.99989969016128990000
org.apache.commons.math.util.FastMath:sqrt:(D)D#302#0 prob_bp = 0.99990000999900010000
org.apache.commons.math.util.FastMath:sqrt:(D)D#302#1 prob_bp = 0.99990000999900010000
org.apache.commons.math.util.FastMath:sqrt:(D)D#302#4 prob_bp = 0.99990000999900010000
org.apache.commons.math.complex.Complex:getReal:()D#364#0 prob_bp = 0.99990001000963810000
org.apache.commons.math.complex.Complex:getReal:()D#364#4 prob_bp = 0.99990001001670090000
org.apache.commons.math.complex.Complex:multiply:(Lorg/apache/commons/math/complex/Complex;)Lorg/apache/commons/math/complex/Complex;#419#18 prob_bp = 0.99997349279283220000
org.apache.commons.math.complex.Complex:divide:(Lorg/apache/commons/math/complex/Complex;)Lorg/apache/commons/math/complex/Complex;#270#135 prob_bp = 0.99997596285979120000
org.apache.commons.math.complex.Complex:<init>:(DD)V#100#10 prob_bp = 0.99998803417178330000
org.apache.commons.math.complex.Complex:multiply:(Lorg/apache/commons/math/complex/Complex;)Lorg/apache/commons/math/complex/Complex;#419#21 prob_bp = 0.99999196834504270000
org.apache.commons.math.complex.Complex:<init>:(DD)V#100#9 prob_bp = 0.99999378956469510000
org.apache.commons.math.complex.Complex:<init>:(DD)V#100#11 prob_bp = 0.99999757256745760000
org.apache.commons.math.complex.Complex:log:()Lorg/apache/commons/math/complex/Complex;#750#33 prob_bp = 0.99999899760406850000
org.apache.commons.math.complex.Complex:createComplex:(DD)Lorg/apache/commons/math/complex/Complex;#1127#6 prob_bp = 0.99999969627371000000
org.apache.commons.math.complex.Complex:<clinit>:()V#61#25 prob_bp = 0.99999999454399670000
org.apache.commons.math.complex.Complex:getImaginary:()D#355#1 prob_bp = 0.99999999999902830000
org.apache.commons.math.complex.Complex:getImaginary:()D#355#0 prob_bp = 0.99999999999999960000
org.apache.commons.math.complex.ComplexTest:testDivideZero:()V#230#0 prob_bp = 1.00000000000000000000
org.apache.commons.math.complex.ComplexTest:testDivideZero:()V#230#3 prob_bp = 1.00000000000000000000
org.apache.commons.math.complex.ComplexTest:testDivideZero:()V#230#4 prob_bp = 1.00000000000000000000
org.apache.commons.math.complex.ComplexTest:testDivideZero:()V#230#7 prob_bp = 1.00000000000000000000
org.apache.commons.math.complex.ComplexTest:testDivideZero:()V#230#10 prob_bp = 1.00000000000000000000
org.apache.commons.math.complex.ComplexTest:testDivideZero:()V#230#13 prob_bp = 1.00000000000000000000
org.apache.commons.math.complex.ComplexTest:testDivideZero:()V#231#14 prob_bp = 1.00000000000000000000
org.apache.commons.math.complex.ComplexTest:testDivideZero:()V#231#15 prob_bp = 1.00000000000000000000
org.apache.commons.math.complex.ComplexTest:testDivideZero:()V#231#18 prob_bp = 1.00000000000000000000
org.apache.commons.math.complex.Complex:getImaginary:()D#355#4 prob_bp = 1.00000000000000000000
org.apache.commons.math.complex.ComplexTest:testDivideZero:()V#231#21 prob_bp = 1.00000000000000000000
org.apache.commons.math.complex.ComplexTest:testDivideZero:()V#232#22 prob_bp = 1.00000000000000000000
org.apache.commons.math.complex.ComplexTest:testDivideZero:()V#232#23 prob_bp = 1.00000000000000000000
org.apache.commons.math.complex.ComplexTest:testDivideZero:()V#232#26 prob_bp = 1.00000000000000000000
org.apache.commons.math.complex.ComplexTest:testAtanI:()V#576#0 prob_bp = 1.00000000000000000000
org.apache.commons.math.complex.ComplexTest:testAtanI:()V#576#2 prob_bp = 1.00000000000000000000
org.apache.commons.math.complex.ComplexTest:testAtanI:()V#576#3 prob_bp = 1.00000000000000000000
org.apache.commons.math.complex.ComplexTest:testAtanI:()V#576#4 prob_bp = 1.00000000000000000000
org.apache.commons.math.complex.ComplexTest:testAtanI:()V#576#6 prob_bp = 1.00000000000000000000
org.apache.commons.math.complex.ComplexTest:testAtanI:()V#577#9 prob_bp = 1.00000000000000000000
org.apache.commons.math.complex.ComplexTest:testAtanI:()V#577#12 prob_bp = 1.00000000000000000000
org.apache.commons.math.complex.ComplexTest:testAtanI:()V#577#15 prob_bp = 1.00000000000000000000
org.apache.commons.math.complex.ComplexTest:testAtanI:()V#577#16 prob_bp = 1.00000000000000000000
org.apache.commons.math.complex.ComplexTest:testAtanI:()V#577#17 prob_bp = 1.00000000000000000000
org.apache.commons.math.complex.ComplexTest:testAtanI:()V#577#18 prob_bp = 1.00000000000000000000
org.apache.commons.math.complex.ComplexTest:testAtanI:()V#577#21 prob_bp = 1.00000000000000000000
org.apache.commons.math.complex.ComplexTest:testAtanI:()V#577#22 prob_bp = 1.00000000000000000000
org.apache.commons.math.complex.ComplexTest:testAtanI:()V#577#23 prob_bp = 1.00000000000000000000
org.apache.commons.math.complex.ComplexTest:testAtanI:()V#577#24 prob_bp = 1.00000000000000000000
org.apache.commons.math.complex.ComplexTest:testAtanI:()V#577#25 prob_bp = 1.00000000000000000000
org.apache.commons.math.complex.ComplexTest:testAtanI:()V#577#28 prob_bp = 1.00000000000000000000
org.apache.commons.math.complex.Complex:createComplex:(DD)Lorg/apache/commons/math/complex/Complex;#1127#0 prob_bp = 1.00000000000000000000
org.apache.commons.math.complex.Complex:createComplex:(DD)Lorg/apache/commons/math/complex/Complex;#1127#9 prob_bp = 1.00000000000000000000
org.apache.commons.math.complex.ComplexTest:testAtanI:()V#577#31 prob_bp = 1.00000000000000000000
org.apache.commons.math.complex.ComplexTest:testAtanI:()V#576#34 prob_bp = 1.00000000000000000000
org.apache.commons.math.complex.ComplexTest:testAtanI:()V#579#40 prob_bp = 1.00000000000000000000
org.apache.commons.math.complex.ComplexTest:testAtanI:()V#579#43 prob_bp = 1.00000000000000000000
org.apache.commons.math.complex.ComplexTest:testAtanI:()V#579#46 prob_bp = 1.00000000000000000000
org.apache.commons.math.complex.ComplexTest:testAtanI:()V#579#49 prob_bp = 1.00000000000000000000
Belief propagation time : 53.327000s
