Belief propagation time: 100

Probabilities: 
Vars:47799
Stmts:7072
org.jfree.chart.plot.XYPlot:removeDomainMarker:(ILorg/jfree/chart/plot/Marker;Lorg/jfree/chart/util/Layer;Z)Z#2293#56 prob_bp = 0.49832139783707396000
org.jfree.chart.plot.CategoryPlot:removeRangeMarker:(ILorg/jfree/chart/plot/Marker;Lorg/jfree/chart/util/Layer;Z)Z#2448#70 prob_bp = 0.49832308323230350000
org.jfree.chart.plot.XYPlot:removeRangeMarker:(ILorg/jfree/chart/plot/Marker;Lorg/jfree/chart/util/Layer;Z)Z#2529#70 prob_bp = 0.49832311041939870000
org.jfree.chart.plot.CategoryPlot:removeDomainMarker:(ILorg/jfree/chart/plot/Marker;Lorg/jfree/chart/util/Layer;Z)Z#2166#56 prob_bp = 0.49832585138790780000
org.jfree.chart.plot.XYPlot:removeDomainMarker:(ILorg/jfree/chart/plot/Marker;Lorg/jfree/chart/util/Layer;Z)Z#2293#54 prob_bp = 0.49833371438254986000
org.jfree.chart.plot.CategoryPlot:removeDomainMarker:(ILorg/jfree/chart/plot/Marker;Lorg/jfree/chart/util/Layer;Z)Z#2166#54 prob_bp = 0.49833698776278630000
org.jfree.chart.plot.XYPlot:removeRangeMarker:(ILorg/jfree/chart/plot/Marker;Lorg/jfree/chart/util/Layer;Z)Z#2529#68 prob_bp = 0.49833870604863840000
org.jfree.chart.plot.CategoryPlot:removeRangeMarker:(ILorg/jfree/chart/plot/Marker;Lorg/jfree/chart/util/Layer;Z)Z#2448#68 prob_bp = 0.49833870612438630000
org.jfree.chart.plot.CategoryPlot:removeRangeMarker:(ILorg/jfree/chart/plot/Marker;Lorg/jfree/chart/util/Layer;)Z#2415#5 prob_bp = 0.49957581000771967000
org.jfree.chart.plot.XYPlot:removeRangeMarker:(ILorg/jfree/chart/plot/Marker;Lorg/jfree/chart/util/Layer;)Z#2498#5 prob_bp = 0.49957583717012360000
org.jfree.chart.plot.XYPlot:removeDomainMarker:(ILorg/jfree/chart/plot/Marker;Lorg/jfree/chart/util/Layer;)Z#2265#5 prob_bp = 0.49957910160919430000
org.jfree.chart.plot.CategoryPlot:removeDomainMarker:(ILorg/jfree/chart/plot/Marker;Lorg/jfree/chart/util/Layer;)Z#2139#5 prob_bp = 0.49958107927155930000
org.jfree.chart.plot.XYPlot:removeDomainMarker:(ILorg/jfree/chart/plot/Marker;Lorg/jfree/chart/util/Layer;Z)Z#2285#4#unexe#5 prob_bp = 0.49959137181825675000
org.jfree.chart.plot.CategoryPlot:removeDomainMarker:(ILorg/jfree/chart/plot/Marker;Lorg/jfree/chart/util/Layer;Z)Z#2158#4#unexe#5 prob_bp = 0.49959217505104150000
org.jfree.chart.plot.XYPlot:removeRangeMarker:(ILorg/jfree/chart/plot/Marker;Lorg/jfree/chart/util/Layer;Z)Z#2521#18#unexe#5 prob_bp = 0.49959259652567495000
org.jfree.chart.plot.CategoryPlot:removeRangeMarker:(ILorg/jfree/chart/plot/Marker;Lorg/jfree/chart/util/Layer;Z)Z#2440#18#unexe#5 prob_bp = 0.49959259654425280000
org.jfree.chart.plot.CategoryPlot:removeRangeMarker:(ILorg/jfree/chart/plot/Marker;Lorg/jfree/chart/util/Layer;)Z#2415#2 prob_bp = 0.49988873147129340000
org.jfree.chart.plot.XYPlot:removeRangeMarker:(ILorg/jfree/chart/plot/Marker;Lorg/jfree/chart/util/Layer;)Z#2498#2 prob_bp = 0.49988875870161940000
org.jfree.chart.plot.XYPlot:removeDomainMarker:(ILorg/jfree/chart/plot/Marker;Lorg/jfree/chart/util/Layer;)Z#2265#2 prob_bp = 0.49989049641025074000
org.jfree.chart.plot.CategoryPlot:removeDomainMarker:(ILorg/jfree/chart/plot/Marker;Lorg/jfree/chart/util/Layer;)Z#2139#2 prob_bp = 0.49989125033092413000
org.jfree.chart.plot.XYPlot:removeDomainMarker:(ILorg/jfree/chart/plot/Marker;Lorg/jfree/chart/util/Layer;Z)Z#2286#27 prob_bp = 0.49990270707258200000
org.jfree.chart.plot.CategoryPlot:removeDomainMarker:(ILorg/jfree/chart/plot/Marker;Lorg/jfree/chart/util/Layer;Z)Z#2159#27 prob_bp = 0.49990289834226360000
org.jfree.chart.plot.XYPlot:removeRangeMarker:(ILorg/jfree/chart/plot/Marker;Lorg/jfree/chart/util/Layer;Z)Z#2522#41 prob_bp = 0.49990299866649934000
org.jfree.chart.plot.CategoryPlot:removeRangeMarker:(ILorg/jfree/chart/plot/Marker;Lorg/jfree/chart/util/Layer;Z)Z#2441#41 prob_bp = 0.49990299867090915000
org.jfree.chart.plot.CategoryPlot:removeRangeMarker:(Lorg/jfree/chart/plot/Marker;Lorg/jfree/chart/util/Layer;)Z#2396#4 prob_bp = 0.49996666397064427000
org.jfree.chart.plot.XYPlot:removeRangeMarker:(Lorg/jfree/chart/plot/Marker;Lorg/jfree/chart/util/Layer;)Z#2481#4 prob_bp = 0.49996669124049240000
org.jfree.chart.plot.XYPlot:removeDomainMarker:(Lorg/jfree/chart/plot/Marker;Lorg/jfree/chart/util/Layer;)Z#2248#4 prob_bp = 0.49996753678029165000
org.jfree.chart.plot.CategoryPlot:removeDomainMarker:(Lorg/jfree/chart/plot/Marker;Lorg/jfree/chart/util/Layer;)Z#2122#4 prob_bp = 0.49996783721184940000
org.jfree.chart.plot.XYPlot:removeDomainMarker:(ILorg/jfree/chart/plot/Marker;Lorg/jfree/chart/util/Layer;Z)Z#2286#24 prob_bp = 0.49997973068772610000
org.jfree.chart.plot.CategoryPlot:removeDomainMarker:(ILorg/jfree/chart/plot/Marker;Lorg/jfree/chart/util/Layer;Z)Z#2159#24 prob_bp = 0.49997977053585400000
org.jfree.chart.plot.XYPlot:removeRangeMarker:(ILorg/jfree/chart/plot/Marker;Lorg/jfree/chart/util/Layer;Z)Z#2522#38 prob_bp = 0.49997979142709080000
org.jfree.chart.plot.CategoryPlot:removeRangeMarker:(ILorg/jfree/chart/plot/Marker;Lorg/jfree/chart/util/Layer;Z)Z#2441#38 prob_bp = 0.49997979142799380000
org.jfree.chart.plot.CategoryPlot:removeRangeMarker:(Lorg/jfree/chart/plot/Marker;Lorg/jfree/chart/util/Layer;)Z#2396#2 prob_bp = 0.49998607300103420000
org.jfree.chart.plot.XYPlot:removeRangeMarker:(Lorg/jfree/chart/plot/Marker;Lorg/jfree/chart/util/Layer;)Z#2481#2 prob_bp = 0.49998610028633245000
org.jfree.chart.plot.XYPlot:removeDomainMarker:(Lorg/jfree/chart/plot/Marker;Lorg/jfree/chart/util/Layer;)Z#2248#2 prob_bp = 0.49998659697499065000
org.jfree.chart.plot.CategoryPlot:removeDomainMarker:(Lorg/jfree/chart/plot/Marker;Lorg/jfree/chart/util/Layer;)Z#2122#2 prob_bp = 0.49998674797414560000
org.jfree.chart.plot.CategoryPlot:removeRangeMarker:(ILorg/jfree/chart/plot/Marker;Lorg/jfree/chart/util/Layer;Z)Z#2436#1 prob_bp = 0.49998949453767694000
org.jfree.chart.plot.XYPlot:removeRangeMarker:(ILorg/jfree/chart/plot/Marker;Lorg/jfree/chart/util/Layer;Z)Z#2517#1 prob_bp = 0.49998949465296366000
org.jfree.chart.plot.CategoryPlot:removeRangeMarker:(Lorg/jfree/chart/plot/Marker;)Z#2378#5 prob_bp = 0.49999090525397890000
org.jfree.chart.plot.XYPlot:removeRangeMarker:(Lorg/jfree/chart/plot/Marker;)Z#2465#5 prob_bp = 0.49999093254454374000
org.jfree.chart.plot.XYPlot:removeDomainMarker:(Lorg/jfree/chart/plot/Marker;)Z#2232#5 prob_bp = 0.49999131105623273000
org.jfree.chart.plot.CategoryPlot:removeDomainMarker:(Lorg/jfree/chart/plot/Marker;)Z#2106#5 prob_bp = 0.49999141591764895000
org.jfree.chart.plot.CategoryPlot:removeRangeMarker:(Lorg/jfree/chart/plot/Marker;)Z#2378#1 prob_bp = 0.49999210926597310000
org.jfree.chart.plot.XYPlot:removeRangeMarker:(Lorg/jfree/chart/plot/Marker;)Z#2465#1 prob_bp = 0.49999213655817965000
org.jfree.chart.plot.XYPlot:removeDomainMarker:(Lorg/jfree/chart/plot/Marker;)Z#2232#1 prob_bp = 0.49999247787316126000
org.jfree.chart.plot.CategoryPlot:removeDomainMarker:(Lorg/jfree/chart/plot/Marker;)Z#2106#1 prob_bp = 0.49999256903985606000
org.jfree.chart.plot.CategoryPlot:removeRangeMarker:(ILorg/jfree/chart/plot/Marker;Lorg/jfree/chart/util/Layer;Z)Z#2436#0 prob_bp = 0.49999789416383067000
org.jfree.chart.plot.XYPlot:removeRangeMarker:(ILorg/jfree/chart/plot/Marker;Lorg/jfree/chart/util/Layer;Z)Z#2517#0 prob_bp = 0.49999789421364360000
org.jfree.chart.plot.XYPlot:removeDomainMarker:(ILorg/jfree/chart/plot/Marker;Lorg/jfree/chart/util/Layer;Z)Z#2286#19 prob_bp = 0.49999878321255950000
org.jfree.chart.plot.CategoryPlot:removeDomainMarker:(ILorg/jfree/chart/plot/Marker;Lorg/jfree/chart/util/Layer;Z)Z#2159#19 prob_bp = 0.49999878560511973000
org.jfree.chart.plot.XYPlot:removeRangeMarker:(ILorg/jfree/chart/plot/Marker;Lorg/jfree/chart/util/Layer;Z)Z#2522#33 prob_bp = 0.49999878685552873000
org.jfree.chart.plot.CategoryPlot:removeRangeMarker:(ILorg/jfree/chart/plot/Marker;Lorg/jfree/chart/util/Layer;Z)Z#2441#33 prob_bp = 0.49999878685556400000
org.jfree.chart.plot.XYPlot:removeDomainMarker:(ILorg/jfree/chart/plot/Marker;Lorg/jfree/chart/util/Layer;Z)Z#2286#11 prob_bp = 0.49999883049397130000
org.jfree.chart.plot.CategoryPlot:removeDomainMarker:(ILorg/jfree/chart/plot/Marker;Lorg/jfree/chart/util/Layer;Z)Z#2159#11 prob_bp = 0.49999883279355910000
org.jfree.chart.plot.XYPlot:removeRangeMarker:(ILorg/jfree/chart/plot/Marker;Lorg/jfree/chart/util/Layer;Z)Z#2522#25 prob_bp = 0.49999883399536005000
org.jfree.chart.plot.CategoryPlot:removeRangeMarker:(ILorg/jfree/chart/plot/Marker;Lorg/jfree/chart/util/Layer;Z)Z#2441#25 prob_bp = 0.49999883399539400000
org.jfree.chart.plot.XYPlot:removeDomainMarker:(ILorg/jfree/chart/plot/Marker;Lorg/jfree/chart/util/Layer;Z)Z#2285#4 prob_bp = 0.49999976270212454000
org.jfree.chart.plot.CategoryPlot:removeDomainMarker:(ILorg/jfree/chart/plot/Marker;Lorg/jfree/chart/util/Layer;Z)Z#2158#4 prob_bp = 0.49999976422181870000
org.jfree.chart.plot.XYPlot:removeRangeMarker:(ILorg/jfree/chart/plot/Marker;Lorg/jfree/chart/util/Layer;Z)Z#2521#18 prob_bp = 0.49999976480477315000
org.jfree.chart.plot.CategoryPlot:removeRangeMarker:(ILorg/jfree/chart/plot/Marker;Lorg/jfree/chart/util/Layer;Z)Z#2440#18 prob_bp = 0.49999976480481580000
org.jfree.chart.plot.XYPlot:removeDomainMarker:(ILorg/jfree/chart/plot/Marker;Lorg/jfree/chart/util/Layer;Z)Z#2285#1 prob_bp = 0.49999978028521430000
org.jfree.chart.plot.CategoryPlot:removeDomainMarker:(ILorg/jfree/chart/plot/Marker;Lorg/jfree/chart/util/Layer;Z)Z#2158#1 prob_bp = 0.49999978172413230000
org.jfree.chart.plot.XYPlot:removeRangeMarker:(ILorg/jfree/chart/plot/Marker;Lorg/jfree/chart/util/Layer;Z)Z#2521#15 prob_bp = 0.49999978228052794000
org.jfree.chart.plot.CategoryPlot:removeRangeMarker:(ILorg/jfree/chart/plot/Marker;Lorg/jfree/chart/util/Layer;Z)Z#2440#15 prob_bp = 0.49999978228056813000
org.jfree.chart.plot.XYPlot:removeDomainMarker:(ILorg/jfree/chart/plot/Marker;Lorg/jfree/chart/util/Layer;Z)Z#2285#0 prob_bp = 0.49999994093606270000
org.jfree.chart.plot.CategoryPlot:removeDomainMarker:(ILorg/jfree/chart/plot/Marker;Lorg/jfree/chart/util/Layer;Z)Z#2158#0 prob_bp = 0.49999994143337995000
org.jfree.chart.plot.XYPlot:removeRangeMarker:(ILorg/jfree/chart/plot/Marker;Lorg/jfree/chart/util/Layer;Z)Z#2521#14 prob_bp = 0.49999994148120820000
org.jfree.chart.plot.CategoryPlot:removeRangeMarker:(ILorg/jfree/chart/plot/Marker;Lorg/jfree/chart/util/Layer;Z)Z#2440#14 prob_bp = 0.49999994148122710000
org.jfree.chart.plot.Marker:<init>:(Ljava/awt/Paint;)V#153#25 prob_bp = 0.49999997884507313000
org.jfree.chart.plot.Marker:<init>:(Ljava/awt/Paint;)V#153#23 prob_bp = 0.49999998420159410000
org.jfree.chart.plot.Marker:<init>:(Ljava/awt/Paint;)V#153#2 prob_bp = 0.49999999550340070000
org.jfree.chart.plot.XYPlot:removeRangeMarker:(ILorg/jfree/chart/plot/Marker;Lorg/jfree/chart/util/Layer;)Z#2498#3 prob_bp = 0.49999999589505120000
org.jfree.chart.plot.CategoryPlot:removeRangeMarker:(ILorg/jfree/chart/plot/Marker;Lorg/jfree/chart/util/Layer;)Z#2415#3 prob_bp = 0.49999999589505617000
org.jfree.chart.plot.XYPlot:removeDomainMarker:(ILorg/jfree/chart/plot/Marker;Lorg/jfree/chart/util/Layer;)Z#2265#3 prob_bp = 0.49999999592217560000
org.jfree.chart.plot.CategoryPlot:removeDomainMarker:(ILorg/jfree/chart/plot/Marker;Lorg/jfree/chart/util/Layer;)Z#2139#3 prob_bp = 0.49999999597551104000
org.jfree.chart.plot.XYPlot:removeDomainMarker:(ILorg/jfree/chart/plot/Marker;Lorg/jfree/chart/util/Layer;Z)Z#2286#8 prob_bp = 0.49999999601172220000
org.jfree.chart.plot.CategoryPlot:removeDomainMarker:(ILorg/jfree/chart/plot/Marker;Lorg/jfree/chart/util/Layer;Z)Z#2159#8 prob_bp = 0.49999999602020500000
org.jfree.chart.plot.CategoryPlot:removeRangeMarker:(ILorg/jfree/chart/plot/Marker;Lorg/jfree/chart/util/Layer;Z)Z#2441#22 prob_bp = 0.49999999602139810000
org.jfree.chart.plot.XYPlot:removeRangeMarker:(ILorg/jfree/chart/plot/Marker;Lorg/jfree/chart/util/Layer;Z)Z#2522#22 prob_bp = 0.49999999602141810000
org.jfree.chart.plot.XYPlot:<init>:(Lorg/jfree/data/xy/XYDataset;Lorg/jfree/chart/axis/ValueAxis;Lorg/jfree/chart/axis/ValueAxis;Lorg/jfree/chart/renderer/xy/XYItemRenderer;)V#568#360 prob_bp = 0.49999999632690820000
org.jfree.chart.plot.XYPlot:<init>:(Lorg/jfree/data/xy/XYDataset;Lorg/jfree/chart/axis/ValueAxis;Lorg/jfree/chart/axis/ValueAxis;Lorg/jfree/chart/renderer/xy/XYItemRenderer;)V#568#356 prob_bp = 0.49999999646905620000
org.jfree.chart.plot.XYPlot:removeDomainMarker:(ILorg/jfree/chart/plot/Marker;Lorg/jfree/chart/util/Layer;Z)Z#2286#7 prob_bp = 0.49999999901202624000
org.jfree.chart.plot.CategoryPlot:removeRangeMarker:(ILorg/jfree/chart/plot/Marker;Lorg/jfree/chart/util/Layer;Z)Z#2441#21 prob_bp = 0.49999999901271860000
org.jfree.chart.plot.XYPlot:removeRangeMarker:(ILorg/jfree/chart/plot/Marker;Lorg/jfree/chart/util/Layer;Z)Z#2522#21 prob_bp = 0.49999999901273556000
org.jfree.chart.plot.CategoryPlot:removeDomainMarker:(ILorg/jfree/chart/plot/Marker;Lorg/jfree/chart/util/Layer;Z)Z#2159#7 prob_bp = 0.49999999901461450000
org.jfree.chart.plot.XYPlot:removeRangeMarker:(Lorg/jfree/chart/plot/Marker;Lorg/jfree/chart/util/Layer;)Z#2481#3 prob_bp = 0.49999999926670174000
org.jfree.chart.plot.CategoryPlot:removeRangeMarker:(Lorg/jfree/chart/plot/Marker;Lorg/jfree/chart/util/Layer;)Z#2396#3 prob_bp = 0.49999999926670330000
org.jfree.chart.plot.XYPlot:removeDomainMarker:(Lorg/jfree/chart/plot/Marker;Lorg/jfree/chart/util/Layer;)Z#2248#3 prob_bp = 0.49999999928447330000
org.jfree.chart.plot.CategoryPlot:removeDomainMarker:(Lorg/jfree/chart/plot/Marker;Lorg/jfree/chart/util/Layer;)Z#2122#3 prob_bp = 0.49999999929758193000
org.jfree.chart.plot.XYPlot:removeRangeMarker:(Lorg/jfree/chart/plot/Marker;)Z#2465#2 prob_bp = 0.49999999947575247000
org.jfree.chart.plot.CategoryPlot:removeRangeMarker:(Lorg/jfree/chart/plot/Marker;)Z#2378#2 prob_bp = 0.49999999947575380000
org.jfree.chart.plot.XYPlot:removeDomainMarker:(Lorg/jfree/chart/plot/Marker;)Z#2232#2 prob_bp = 0.49999999949020160000
org.jfree.chart.plot.CategoryPlot:removeDomainMarker:(Lorg/jfree/chart/plot/Marker;)Z#2106#2 prob_bp = 0.49999999950005125000
org.jfree.chart.plot.CategoryPlot:removeRangeMarker:(ILorg/jfree/chart/plot/Marker;Lorg/jfree/chart/util/Layer;)Z#2415#0 prob_bp = 0.49999999993670720000
org.jfree.chart.plot.XYPlot:removeRangeMarker:(ILorg/jfree/chart/plot/Marker;Lorg/jfree/chart/util/Layer;)Z#2498#0 prob_bp = 0.49999999993672340000
org.jfree.chart.plot.XYPlot:removeDomainMarker:(ILorg/jfree/chart/plot/Marker;Lorg/jfree/chart/util/Layer;)Z#2265#0 prob_bp = 0.49999999993757194000
org.jfree.chart.plot.CategoryPlot:removeDomainMarker:(ILorg/jfree/chart/plot/Marker;Lorg/jfree/chart/util/Layer;)Z#2139#0 prob_bp = 0.49999999993798305000
org.jfree.chart.plot.XYPlot:<init>:(Lorg/jfree/data/xy/XYDataset;Lorg/jfree/chart/axis/ValueAxis;Lorg/jfree/chart/axis/ValueAxis;Lorg/jfree/chart/renderer/xy/XYItemRenderer;)V#562#329 prob_bp = 0.49999999997818280000
org.jfree.chart.plot.XYPlot:<init>:(Lorg/jfree/data/xy/XYDataset;Lorg/jfree/chart/axis/ValueAxis;Lorg/jfree/chart/axis/ValueAxis;Lorg/jfree/chart/renderer/xy/XYItemRenderer;)V#562#327 prob_bp = 0.49999999997902720000
org.jfree.chart.plot.CategoryPlot:removeRangeMarker:(Lorg/jfree/chart/plot/Marker;Lorg/jfree/chart/util/Layer;)Z#2396#0 prob_bp = 0.49999999999396050000
org.jfree.chart.plot.XYPlot:removeRangeMarker:(Lorg/jfree/chart/plot/Marker;Lorg/jfree/chart/util/Layer;)Z#2481#0 prob_bp = 0.49999999999397660000
org.jfree.chart.plot.XYPlot:removeDomainMarker:(Lorg/jfree/chart/plot/Marker;Lorg/jfree/chart/util/Layer;)Z#2248#0 prob_bp = 0.49999999999416733000
org.jfree.chart.plot.CategoryPlot:removeDomainMarker:(Lorg/jfree/chart/plot/Marker;Lorg/jfree/chart/util/Layer;)Z#2122#0 prob_bp = 0.49999999999422395000
org.jfree.chart.plot.CategoryPlot:removeRangeMarker:(Lorg/jfree/chart/plot/Marker;)Z#2378#0 prob_bp = 0.49999999999751020000
org.jfree.chart.plot.XYPlot:removeRangeMarker:(Lorg/jfree/chart/plot/Marker;)Z#2465#0 prob_bp = 0.49999999999752640000
org.jfree.chart.plot.XYPlot:removeDomainMarker:(Lorg/jfree/chart/plot/Marker;)Z#2232#0 prob_bp = 0.49999999999763023000
org.jfree.chart.plot.CategoryPlot:removeDomainMarker:(Lorg/jfree/chart/plot/Marker;)Z#2106#0 prob_bp = 0.49999999999765155000
org.jfree.chart.plot.Plot:<init>:()V#284#1 prob_bp = 0.49999999999829870000
org.jfree.chart.plot.Plot:<init>:()V#284#0 prob_bp = 0.49999999999864553000
org.jfree.chart.plot.CategoryPlot:<init>:(Lorg/jfree/data/category/CategoryDataset;Lorg/jfree/chart/axis/CategoryAxis;Lorg/jfree/chart/axis/ValueAxis;Lorg/jfree/chart/renderer/category/CategoryItemRenderer;)V#447#1 prob_bp = 0.49999999999940703000
org.jfree.chart.plot.XYPlot:<init>:(Lorg/jfree/data/xy/XYDataset;Lorg/jfree/chart/axis/ValueAxis;Lorg/jfree/chart/axis/ValueAxis;Lorg/jfree/chart/renderer/xy/XYItemRenderer;)V#520#1 prob_bp = 0.49999999999941047000
org.jfree.chart.plot.CategoryPlot:<init>:(Lorg/jfree/data/category/CategoryDataset;Lorg/jfree/chart/axis/CategoryAxis;Lorg/jfree/chart/axis/ValueAxis;Lorg/jfree/chart/renderer/category/CategoryItemRenderer;)V#447#0 prob_bp = 0.49999999999945055000
org.jfree.chart.plot.XYPlot:<init>:(Lorg/jfree/data/xy/XYDataset;Lorg/jfree/chart/axis/ValueAxis;Lorg/jfree/chart/axis/ValueAxis;Lorg/jfree/chart/renderer/xy/XYItemRenderer;)V#520#0 prob_bp = 0.49999999999945320000
org.jfree.chart.plot.CategoryPlot:<init>:()V#430#5 prob_bp = 0.49999999999947170000
org.jfree.chart.plot.XYPlot:<init>:()V#501#5 prob_bp = 0.49999999999947464000
org.jfree.chart.plot.CategoryPlot:<init>:()V#430#0 prob_bp = 0.49999999999948314000
org.jfree.chart.plot.XYPlot:<init>:()V#501#0 prob_bp = 0.49999999999948597000
org.jfree.chart.plot.XYPlot:<init>:(Lorg/jfree/data/xy/XYDataset;Lorg/jfree/chart/axis/ValueAxis;Lorg/jfree/chart/axis/ValueAxis;Lorg/jfree/chart/renderer/xy/XYItemRenderer;)V#560#320 prob_bp = 0.49999999999987055000
org.jfree.chart.plot.XYPlot:<init>:(Lorg/jfree/data/xy/XYDataset;Lorg/jfree/chart/axis/ValueAxis;Lorg/jfree/chart/axis/ValueAxis;Lorg/jfree/chart/renderer/xy/XYItemRenderer;)V#560#316 prob_bp = 0.49999999999987550000
org.jfree.chart.plot.XYPlot:<init>:(Lorg/jfree/data/xy/XYDataset;Lorg/jfree/chart/axis/ValueAxis;Lorg/jfree/chart/axis/ValueAxis;Lorg/jfree/chart/renderer/xy/XYItemRenderer;)V#554#287 prob_bp = 0.49999999999999933000
org.jfree.chart.plot.XYPlot:<init>:(Lorg/jfree/data/xy/XYDataset;Lorg/jfree/chart/axis/ValueAxis;Lorg/jfree/chart/axis/ValueAxis;Lorg/jfree/chart/renderer/xy/XYItemRenderer;)V#554#289 prob_bp = 0.49999999999999933000
org.jfree.chart.plot.XYPlot:<init>:(Lorg/jfree/data/xy/XYDataset;Lorg/jfree/chart/axis/ValueAxis;Lorg/jfree/chart/axis/ValueAxis;Lorg/jfree/chart/renderer/xy/XYItemRenderer;)V#543#238 prob_bp = 0.49999999999999994000
org.jfree.chart.plot.CategoryPlot:setDomainAxisLocation:(Lorg/jfree/chart/axis/AxisLocation;Z)V#767#4 prob_bp = 0.49999999999999994000
org.jfree.chart.plot.CategoryPlot:<init>:(Lorg/jfree/data/category/CategoryDataset;Lorg/jfree/chart/axis/CategoryAxis;Lorg/jfree/chart/axis/ValueAxis;Lorg/jfree/chart/renderer/category/CategoryItemRenderer;)V#471#181 prob_bp = 0.49999999999999994000
org.jfree.chart.plot.CategoryPlot:setRangeAxisLocation:(ILorg/jfree/chart/axis/AxisLocation;Z)V#1081#1 prob_bp = 0.49999999999999994000
org.jfree.chart.plot.XYPlot:<init>:(Lorg/jfree/data/xy/XYDataset;Lorg/jfree/chart/axis/ValueAxis;Lorg/jfree/chart/axis/ValueAxis;Lorg/jfree/chart/renderer/xy/XYItemRenderer;)V#548#256 prob_bp = 0.50000000000000000000
org.jfree.chart.plot.XYPlot:<init>:(Lorg/jfree/data/xy/XYDataset;Lorg/jfree/chart/axis/ValueAxis;Lorg/jfree/chart/axis/ValueAxis;Lorg/jfree/chart/renderer/xy/XYItemRenderer;)V#563#332 prob_bp = 0.50000000000000000000
org.jfree.chart.plot.XYPlot:<init>:(Lorg/jfree/data/xy/XYDataset;Lorg/jfree/chart/axis/ValueAxis;Lorg/jfree/chart/axis/ValueAxis;Lorg/jfree/chart/renderer/xy/XYItemRenderer;)V#563#335 prob_bp = 0.50000000000000000000
org.jfree.chart.plot.XYPlot:mapDatasetToRangeAxis:(II)V#1373#26 prob_bp = 0.50000000000000000000
org.jfree.chart.plot.XYPlot:mapDatasetToRangeAxis:(II)V#1373#27 prob_bp = 0.50000000000000000000
org.jfree.chart.plot.XYPlot:mapDatasetToRangeAxis:(II)V#1373#30 prob_bp = 0.50000000000000000000
org.jfree.chart.plot.XYPlot:mapDatasetToRangeAxis:(II)V#1373#31 prob_bp = 0.50000000000000000000
org.jfree.chart.plot.XYPlot:mapDatasetToRangeAxis:(II)V#1373#37 prob_bp = 0.50000000000000000000
org.jfree.chart.plot.XYPlot:mapDatasetToRangeAxis:(II)V#1373#40 prob_bp = 0.50000000000000000000
org.jfree.chart.plot.XYPlot:removeDomainMarker:(ILorg/jfree/chart/plot/Marker;Lorg/jfree/chart/util/Layer;Z)Z#2293#57 prob_bp = 0.50000000000000000000
org.jfree.chart.plot.XYPlot:removeRangeMarker:(ILorg/jfree/chart/plot/Marker;Lorg/jfree/chart/util/Layer;Z)Z#2529#71 prob_bp = 0.50000000000000000000
org.jfree.chart.plot.CategoryPlot:<init>:(Lorg/jfree/data/category/CategoryDataset;Lorg/jfree/chart/axis/CategoryAxis;Lorg/jfree/chart/axis/ValueAxis;Lorg/jfree/chart/renderer/category/CategoryItemRenderer;)V#470#169 prob_bp = 0.50000000000000000000
org.jfree.chart.plot.CategoryPlot:<init>:(Lorg/jfree/data/category/CategoryDataset;Lorg/jfree/chart/axis/CategoryAxis;Lorg/jfree/chart/axis/ValueAxis;Lorg/jfree/chart/renderer/category/CategoryItemRenderer;)V#470#173 prob_bp = 0.50000000000000000000
org.jfree.chart.plot.CategoryPlot:setDomainAxisLocation:(Lorg/jfree/chart/axis/AxisLocation;Z)V#767#1 prob_bp = 0.50000000000000000000
org.jfree.chart.plot.CategoryPlot:setDomainAxisLocation:(Lorg/jfree/chart/axis/AxisLocation;Z)V#767#2 prob_bp = 0.50000000000000000000
org.jfree.chart.plot.CategoryPlot:setDomainAxisLocation:(ILorg/jfree/chart/axis/AxisLocation;Z)V#800#4 prob_bp = 0.50000000000000000000
org.jfree.chart.plot.CategoryPlot:setDomainAxisLocation:(ILorg/jfree/chart/axis/AxisLocation;Z)V#800#5 prob_bp = 0.50000000000000000000
org.jfree.chart.plot.CategoryPlot:setDomainAxisLocation:(ILorg/jfree/chart/axis/AxisLocation;Z)V#804#22 prob_bp = 0.50000000000000000000
org.jfree.chart.plot.CategoryPlot:setRangeAxisLocation:(Lorg/jfree/chart/axis/AxisLocation;Z)V#1051#1 prob_bp = 0.50000000000000000000
org.jfree.chart.plot.CategoryPlot:setRangeAxisLocation:(Lorg/jfree/chart/axis/AxisLocation;Z)V#1051#2 prob_bp = 0.50000000000000000000
org.jfree.chart.plot.CategoryPlot:setRangeAxisLocation:(Lorg/jfree/chart/axis/AxisLocation;Z)V#1051#4 prob_bp = 0.50000000000000000000
org.jfree.chart.plot.CategoryPlot:setRangeAxisLocation:(ILorg/jfree/chart/axis/AxisLocation;Z)V#1081#0 prob_bp = 0.50000000000000000000
org.jfree.chart.plot.CategoryPlot:setRangeAxisLocation:(ILorg/jfree/chart/axis/AxisLocation;Z)V#1081#4 prob_bp = 0.50000000000000000000
org.jfree.chart.plot.CategoryPlot:setRangeAxisLocation:(ILorg/jfree/chart/axis/AxisLocation;Z)V#1085#22 prob_bp = 0.50000000000000000000
org.jfree.chart.plot.CategoryPlot:setRangeAxisLocation:(ILorg/jfree/chart/axis/AxisLocation;Z)V#1085#24 prob_bp = 0.50000000000000000000
org.jfree.chart.plot.CategoryPlot:<init>:(Lorg/jfree/data/category/CategoryDataset;Lorg/jfree/chart/axis/CategoryAxis;Lorg/jfree/chart/axis/ValueAxis;Lorg/jfree/chart/renderer/category/CategoryItemRenderer;)V#479#221 prob_bp = 0.50000000000000000000
org.jfree.chart.plot.CategoryPlot:<init>:(Lorg/jfree/data/category/CategoryDataset;Lorg/jfree/chart/axis/CategoryAxis;Lorg/jfree/chart/axis/ValueAxis;Lorg/jfree/chart/renderer/category/CategoryItemRenderer;)V#514#433 prob_bp = 0.50000000000000000000
org.jfree.chart.plot.CategoryPlot:removeRangeMarker:(ILorg/jfree/chart/plot/Marker;Lorg/jfree/chart/util/Layer;Z)Z#2448#71 prob_bp = 0.50000000000000000000
org.jfree.chart.plot.CategoryPlot:removeDomainMarker:(ILorg/jfree/chart/plot/Marker;Lorg/jfree/chart/util/Layer;Z)Z#2166#57 prob_bp = 0.50000000000000000000
org.jfree.chart.axis.AxisLocation:<clinit>:()V#61#9 prob_bp = 0.50000000000000010000
org.jfree.chart.axis.AxisLocation:<clinit>:()V#69#33 prob_bp = 0.50000000000000010000
org.jfree.chart.plot.XYPlot:<init>:(Lorg/jfree/data/xy/XYDataset;Lorg/jfree/chart/axis/ValueAxis;Lorg/jfree/chart/axis/ValueAxis;Lorg/jfree/chart/renderer/xy/XYItemRenderer;)V#543#236 prob_bp = 0.50000000000000010000
org.jfree.chart.plot.XYPlot:<init>:(Lorg/jfree/data/xy/XYDataset;Lorg/jfree/chart/axis/ValueAxis;Lorg/jfree/chart/axis/ValueAxis;Lorg/jfree/chart/renderer/xy/XYItemRenderer;)V#548#259 prob_bp = 0.50000000000000010000
org.jfree.data.general.DatasetChangeEvent:<init>:(Ljava/lang/Object;Lorg/jfree/data/general/Dataset;)V#71#0 prob_bp = 0.50000000000000010000
org.jfree.chart.plot.CategoryPlot:<init>:(Lorg/jfree/data/category/CategoryDataset;Lorg/jfree/chart/axis/CategoryAxis;Lorg/jfree/chart/axis/ValueAxis;Lorg/jfree/chart/renderer/category/CategoryItemRenderer;)V#463#131 prob_bp = 0.50000000000000010000
org.jfree.chart.plot.CategoryPlot:setDomainAxisLocation:(ILorg/jfree/chart/axis/AxisLocation;Z)V#800#1 prob_bp = 0.50000000000000010000
org.jfree.chart.plot.CategoryPlot:setDomainAxisLocation:(ILorg/jfree/chart/axis/AxisLocation;Z)V#804#24 prob_bp = 0.50000000000000010000
org.jfree.chart.plot.CategoryPlot:setRangeAxisLocation:(ILorg/jfree/chart/axis/AxisLocation;Z)V#1081#5 prob_bp = 0.50000000000000010000
org.jfree.chart.plot.CategoryPlot:<init>:(Lorg/jfree/data/category/CategoryDataset;Lorg/jfree/chart/axis/CategoryAxis;Lorg/jfree/chart/axis/ValueAxis;Lorg/jfree/chart/renderer/category/CategoryItemRenderer;)V#473#188 prob_bp = 0.50000000000000010000
org.jfree.chart.plot.CategoryPlot:<init>:(Lorg/jfree/data/category/CategoryDataset;Lorg/jfree/chart/axis/CategoryAxis;Lorg/jfree/chart/axis/ValueAxis;Lorg/jfree/chart/renderer/category/CategoryItemRenderer;)V#473#191 prob_bp = 0.50000000000000010000
org.jfree.data.general.DatasetChangeEvent:<init>:(Ljava/lang/Object;Lorg/jfree/data/general/Dataset;)V#71#2 prob_bp = 0.50000000000000020000
org.jfree.chart.plot.CategoryPlot:setDomainAxisLocation:(ILorg/jfree/chart/axis/AxisLocation;Z)V#800#0 prob_bp = 0.50000000000000020000
org.jfree.chart.plot.CategoryPlot:<init>:(Lorg/jfree/data/category/CategoryDataset;Lorg/jfree/chart/axis/CategoryAxis;Lorg/jfree/chart/axis/ValueAxis;Lorg/jfree/chart/renderer/category/CategoryItemRenderer;)V#471#177 prob_bp = 0.50000000000000020000
org.jfree.chart.plot.CategoryPlot:<init>:(Lorg/jfree/data/category/CategoryDataset;Lorg/jfree/chart/axis/CategoryAxis;Lorg/jfree/chart/axis/ValueAxis;Lorg/jfree/chart/renderer/category/CategoryItemRenderer;)V#479#219 prob_bp = 0.50000000000000020000
org.jfree.chart.plot.CategoryPlot:<init>:(Lorg/jfree/data/category/CategoryDataset;Lorg/jfree/chart/axis/CategoryAxis;Lorg/jfree/chart/axis/ValueAxis;Lorg/jfree/chart/renderer/category/CategoryItemRenderer;)V#514#439 prob_bp = 0.50000000000000020000
org.jfree.data.general.DatasetChangeEvent:<init>:(Ljava/lang/Object;Lorg/jfree/data/general/Dataset;)V#71#1 prob_bp = 0.50000000000000030000
org.jfree.chart.plot.CategoryPlot:<init>:(Lorg/jfree/data/category/CategoryDataset;Lorg/jfree/chart/axis/CategoryAxis;Lorg/jfree/chart/axis/ValueAxis;Lorg/jfree/chart/renderer/category/CategoryItemRenderer;)V#463#129 prob_bp = 0.50000000000000030000
org.jfree.chart.plot.CategoryPlot:<init>:(Lorg/jfree/data/category/CategoryDataset;Lorg/jfree/chart/axis/CategoryAxis;Lorg/jfree/chart/axis/ValueAxis;Lorg/jfree/chart/renderer/category/CategoryItemRenderer;)V#480#227 prob_bp = 0.50000000000000060000
org.jfree.chart.plot.CategoryPlot:mapDatasetToDomainAxis:(II)V#1241#4 prob_bp = 0.50000000000000070000
org.jfree.chart.plot.CategoryPlot:<init>:(Lorg/jfree/data/category/CategoryDataset;Lorg/jfree/chart/axis/CategoryAxis;Lorg/jfree/chart/axis/ValueAxis;Lorg/jfree/chart/renderer/category/CategoryItemRenderer;)V#480#225 prob_bp = 0.50000000000000080000
org.jfree.chart.plot.CategoryPlot:mapDatasetToDomainAxis:(II)V#1241#13 prob_bp = 0.50000000000000100000
org.jfree.chart.plot.XYPlot:datasetChanged:(Lorg/jfree/data/general/DatasetChangeEvent;)V#4039#30 prob_bp = 0.50000000000000340000
org.jfree.chart.plot.XYPlot:datasetChanged:(Lorg/jfree/data/general/DatasetChangeEvent;)V#4035#8 prob_bp = 0.50000000000001890000
org.jfree.chart.plot.XYPlot:datasetChanged:(Lorg/jfree/data/general/DatasetChangeEvent;)V#4039#26 prob_bp = 0.50000000000003220000
org.jfree.chart.plot.XYPlot:datasetChanged:(Lorg/jfree/data/general/DatasetChangeEvent;)V#4039#29 prob_bp = 0.50000000000003330000
org.jfree.chart.plot.XYPlot:datasetChanged:(Lorg/jfree/data/general/DatasetChangeEvent;)V#4035#9 prob_bp = 0.50000000000003340000
org.jfree.chart.plot.XYPlot:datasetChanged:(Lorg/jfree/data/general/DatasetChangeEvent;)V#4039#31 prob_bp = 0.50000000000004700000
org.jfree.chart.plot.XYPlot:datasetChanged:(Lorg/jfree/data/general/DatasetChangeEvent;)V#4035#12 prob_bp = 0.50000000000047660000
org.jfree.chart.plot.CategoryPlot:<init>:(Lorg/jfree/data/category/CategoryDataset;Lorg/jfree/chart/axis/CategoryAxis;Lorg/jfree/chart/axis/ValueAxis;Lorg/jfree/chart/renderer/category/CategoryItemRenderer;)V#487#253 prob_bp = 0.50000000000141680000
org.jfree.chart.plot.CategoryPlot:<init>:(Lorg/jfree/data/category/CategoryDataset;Lorg/jfree/chart/axis/CategoryAxis;Lorg/jfree/chart/axis/ValueAxis;Lorg/jfree/chart/renderer/category/CategoryItemRenderer;)V#487#255 prob_bp = 0.50000000000147390000
org.jfree.chart.plot.Plot:fireChangeEvent:()V#902#5 prob_bp = 0.50000000000556940000
org.jfree.chart.plot.Marker:<init>:()V#144#1 prob_bp = 0.50000000001736080000
org.jfree.chart.plot.Marker:<init>:()V#144#4 prob_bp = 0.50000000001764430000
org.jfree.chart.plot.Marker:<init>:(Ljava/awt/Paint;)V#153#1 prob_bp = 0.50000000001793190000
org.jfree.chart.plot.CategoryPlot:<init>:(Lorg/jfree/data/category/CategoryDataset;Lorg/jfree/chart/axis/CategoryAxis;Lorg/jfree/chart/axis/ValueAxis;Lorg/jfree/chart/renderer/category/CategoryItemRenderer;)V#488#259 prob_bp = 0.50000000001893820000
org.jfree.chart.plot.CategoryPlot:<init>:(Lorg/jfree/data/category/CategoryDataset;Lorg/jfree/chart/axis/CategoryAxis;Lorg/jfree/chart/axis/ValueAxis;Lorg/jfree/chart/renderer/category/CategoryItemRenderer;)V#488#261 prob_bp = 0.50000000001970070000
org.jfree.chart.plot.CategoryPlot:mapDatasetToRangeAxis:(II)V#1274#4 prob_bp = 0.50000000002276990000
org.jfree.chart.plot.CategoryPlot:mapDatasetToRangeAxis:(II)V#1274#13 prob_bp = 0.50000000003512630000
org.jfree.chart.plot.CategoryMarker:<init>:(Ljava/lang/Comparable;)V#80#2 prob_bp = 0.50000000004417410000
org.jfree.chart.event.PlotChangeEvent:<init>:(Lorg/jfree/chart/plot/Plot;)V#64#1 prob_bp = 0.50000000004500540000
org.jfree.chart.plot.CategoryMarker:<init>:(Ljava/lang/Comparable;Ljava/awt/Paint;Ljava/awt/Stroke;)V#91#2 prob_bp = 0.50000000004709750000
org.jfree.chart.plot.CategoryMarker:<init>:(Ljava/lang/Comparable;Ljava/awt/Paint;Ljava/awt/Stroke;Ljava/awt/Paint;Ljava/awt/Stroke;F)V#107#1 prob_bp = 0.50000000006027030000
org.jfree.chart.plot.Plot:fireChangeEvent:()V#902#1 prob_bp = 0.50000000012720370000
org.jfree.chart.plot.Plot:fireChangeEvent:()V#902#4 prob_bp = 0.50000000013078520000
org.jfree.chart.plot.Plot:fireChangeEvent:()V#902#6 prob_bp = 0.50000000015668210000
org.jfree.chart.event.PlotChangeEvent:<init>:(Lorg/jfree/chart/plot/Plot;)V#64#0 prob_bp = 0.50000000016995240000
org.jfree.chart.plot.CategoryPlot:addRangeMarker:(Lorg/jfree/chart/plot/Marker;Lorg/jfree/chart/util/Layer;)V#2200#0 prob_bp = 0.50000000019959400000
org.jfree.chart.plot.CategoryPlot:<init>:(Lorg/jfree/data/category/CategoryDataset;Lorg/jfree/chart/axis/CategoryAxis;Lorg/jfree/chart/axis/ValueAxis;Lorg/jfree/chart/renderer/category/CategoryItemRenderer;)V#511#380 prob_bp = 0.50000000025207440000
org.jfree.chart.plot.CategoryPlot:addRangeMarker:(Lorg/jfree/chart/plot/Marker;Lorg/jfree/chart/util/Layer;)V#2200#4 prob_bp = 0.50000000025268920000
org.jfree.chart.plot.ValueMarker:<init>:(DLjava/awt/Paint;Ljava/awt/Stroke;Ljava/awt/Paint;Ljava/awt/Stroke;F)V#95#1 prob_bp = 0.50000000030309600000
org.jfree.chart.event.ChartChangeEvent:<init>:(Ljava/lang/Object;)V#69#1 prob_bp = 0.50000000035968940000
org.jfree.chart.event.PlotChangeEvent:<init>:(Lorg/jfree/chart/plot/Plot;)V#64#2 prob_bp = 0.50000000037802330000
org.jfree.chart.plot.CategoryPlot:addRangeMarker:(ILorg/jfree/chart/plot/Marker;Lorg/jfree/chart/util/Layer;)V#2217#0 prob_bp = 0.50000000046428150000
org.jfree.chart.event.ChartChangeEvent:<init>:(Ljava/lang/Object;)V#69#0 prob_bp = 0.50000000047972480000
org.jfree.chart.plot.Marker:<init>:(Ljava/awt/Paint;Ljava/awt/Stroke;Ljava/awt/Paint;Ljava/awt/Stroke;F)V#175#9 prob_bp = 0.50000000126143140000
org.jfree.chart.plot.CategoryMarker:<init>:(Ljava/lang/Comparable;)V#80#5 prob_bp = 0.50000000200220980000
org.jfree.chart.plot.CategoryMarker:<init>:(Ljava/lang/Comparable;Ljava/awt/Paint;Ljava/awt/Stroke;)V#91#3 prob_bp = 0.50000000213515800000
org.jfree.chart.event.ChartChangeEvent:<init>:(Ljava/lang/Object;)V#69#6 prob_bp = 0.50000000214758910000
org.jfree.chart.plot.CategoryMarker:<init>:(Ljava/lang/Comparable;Ljava/awt/Paint;Ljava/awt/Stroke;Ljava/awt/Paint;Ljava/awt/Stroke;F)V#107#2 prob_bp = 0.50000000273642890000
org.jfree.chart.event.ChartChangeEvent:<init>:(Ljava/lang/Object;Lorg/jfree/chart/JFreeChart;Lorg/jfree/chart/event/ChartChangeEventType;)V#93#1 prob_bp = 0.50000000289313030000
org.jfree.chart.event.ChartChangeEvent:<init>:(Ljava/lang/Object;Lorg/jfree/chart/JFreeChart;Lorg/jfree/chart/event/ChartChangeEventType;)V#93#0 prob_bp = 0.50000000297419140000
org.jfree.chart.plot.Marker:<init>:(Ljava/awt/Paint;Ljava/awt/Stroke;Ljava/awt/Paint;Ljava/awt/Stroke;F)V#175#10 prob_bp = 0.50000000398409890000
org.jfree.chart.plot.CategoryPlot:addRangeMarker:(ILorg/jfree/chart/plot/Marker;Lorg/jfree/chart/util/Layer;Z)V#2259#157 prob_bp = 0.50000000466198470000
org.jfree.chart.event.ChartChangeEvent:<init>:(Ljava/lang/Object;Lorg/jfree/chart/JFreeChart;Lorg/jfree/chart/event/ChartChangeEventType;)V#93#2 prob_bp = 0.50000000824334290000
org.jfree.chart.plot.CategoryPlot:addRangeMarker:(ILorg/jfree/chart/plot/Marker;Lorg/jfree/chart/util/Layer;Z)V#2259#158 prob_bp = 0.50000001410619020000
org.jfree.chart.plot.CategoryMarker:<init>:(Ljava/lang/Comparable;Ljava/awt/Paint;Ljava/awt/Stroke;)V#91#6 prob_bp = 0.50000003099222790000
org.jfree.chart.plot.CategoryMarker:<init>:(Ljava/lang/Comparable;Ljava/awt/Paint;Ljava/awt/Stroke;Ljava/awt/Paint;Ljava/awt/Stroke;F)V#107#7 prob_bp = 0.50000003305348120000
org.jfree.chart.plot.CategoryPlot:<init>:(Lorg/jfree/data/category/CategoryDataset;Lorg/jfree/chart/axis/CategoryAxis;Lorg/jfree/chart/axis/ValueAxis;Lorg/jfree/chart/renderer/category/CategoryItemRenderer;)V#511#395 prob_bp = 0.50000005459874560000
org.jfree.chart.plot.Marker:<init>:(Ljava/awt/Paint;Ljava/awt/Stroke;Ljava/awt/Paint;Ljava/awt/Stroke;F)V#181#37 prob_bp = 0.50000006505572870000
org.jfree.chart.plot.ValueMarker:<init>:(DLjava/awt/Paint;Ljava/awt/Stroke;Ljava/awt/Paint;Ljava/awt/Stroke;F)V#95#2 prob_bp = 0.50000006564998860000
org.jfree.chart.plot.CategoryPlot:<init>:(Lorg/jfree/data/category/CategoryDataset;Lorg/jfree/chart/axis/CategoryAxis;Lorg/jfree/chart/axis/ValueAxis;Lorg/jfree/chart/renderer/category/CategoryItemRenderer;)V#511#426 prob_bp = 0.50000019217800030000
org.jfree.chart.plot.Marker:<init>:(Ljava/awt/Paint;Ljava/awt/Stroke;Ljava/awt/Paint;Ljava/awt/Stroke;F)V#181#39 prob_bp = 0.50000020723470020000
org.jfree.chart.plot.Marker:<init>:(Ljava/awt/Paint;Ljava/awt/Stroke;Ljava/awt/Paint;Ljava/awt/Stroke;F)V#181#40 prob_bp = 0.50000021557617200000
org.jfree.chart.plot.ValueMarker:<init>:(DLjava/awt/Paint;Ljava/awt/Stroke;Ljava/awt/Paint;Ljava/awt/Stroke;F)V#95#8 prob_bp = 0.50000023107643800000
org.jfree.chart.plot.Marker:<init>:(Ljava/awt/Paint;Ljava/awt/Stroke;Ljava/awt/Paint;Ljava/awt/Stroke;F)V#178#23 prob_bp = 0.50000024480278470000
org.jfree.chart.plot.CategoryPlot:<init>:(Lorg/jfree/data/category/CategoryDataset;Lorg/jfree/chart/axis/CategoryAxis;Lorg/jfree/chart/axis/ValueAxis;Lorg/jfree/chart/renderer/category/CategoryItemRenderer;)V#511#428 prob_bp = 0.50000025697583570000
org.jfree.chart.plot.ValueMarker:<init>:(DLjava/awt/Paint;Ljava/awt/Stroke;Ljava/awt/Paint;Ljava/awt/Stroke;F)V#95#10 prob_bp = 0.50000045831260640000
org.jfree.chart.plot.Marker:<init>:(Ljava/awt/Paint;Ljava/awt/Stroke;Ljava/awt/Paint;Ljava/awt/Stroke;F)V#181#44 prob_bp = 0.50000081983923420000
org.jfree.chart.plot.Marker:<init>:(Ljava/awt/Paint;Ljava/awt/Stroke;Ljava/awt/Paint;Ljava/awt/Stroke;F)V#178#24 prob_bp = 0.50000082684408580000
org.jfree.chart.plot.Marker:<init>:(Ljava/awt/Paint;Ljava/awt/Stroke;Ljava/awt/Paint;Ljava/awt/Stroke;F)V#181#46 prob_bp = 0.50000242234063230000
org.jfree.chart.plot.Marker:<init>:(Ljava/awt/Paint;Ljava/awt/Stroke;Ljava/awt/Paint;Ljava/awt/Stroke;F)V#181#47 prob_bp = 0.50000250915414980000
org.jfree.chart.plot.CategoryMarker:<init>:(Ljava/lang/Comparable;)V#80#13 prob_bp = 0.50001015858753320000
org.jfree.chart.plot.CategoryMarker:<init>:(Ljava/lang/Comparable;Ljava/awt/Paint;Ljava/awt/Stroke;)V#91#7 prob_bp = 0.50001174912568650000
org.jfree.chart.plot.Plot:getParent:()Lorg/jfree/chart/plot/Plot;#433#0 prob_bp = 0.50001185703617910000
org.jfree.chart.plot.CategoryMarker:<init>:(Ljava/lang/Comparable;Ljava/awt/Paint;Ljava/awt/Stroke;Ljava/awt/Paint;Ljava/awt/Stroke;F)V#107#9 prob_bp = 0.50001874117373510000
org.jfree.chart.plot.Plot:getParent:()Lorg/jfree/chart/plot/Plot;#433#1 prob_bp = 0.50004520583028330000
org.jfree.chart.util.Layer:<clinit>:()V#56#9 prob_bp = 0.50015432204851810000
org.jfree.chart.plot.Plot:getParent:()Lorg/jfree/chart/plot/Plot;#433#4 prob_bp = 0.50017916103186310000
org.jfree.chart.plot.Marker:<init>:(Ljava/awt/Paint;Ljava/awt/Stroke;Ljava/awt/Paint;Ljava/awt/Stroke;F)V#181#41 prob_bp = 0.50023224920990980000
org.jfree.chart.plot.CategoryPlot:addRangeMarker:(ILorg/jfree/chart/plot/Marker;Lorg/jfree/chart/util/Layer;)V#2217#4 prob_bp = 0.50084952843973380000
org.jfree.chart.plot.CategoryPlot:addRangeMarker:(ILorg/jfree/chart/plot/Marker;Lorg/jfree/chart/util/Layer;)V#2217#5 prob_bp = 0.50088344092890520000
org.jfree.chart.plot.CategoryPlot:addRangeMarker:(ILorg/jfree/chart/plot/Marker;Lorg/jfree/chart/util/Layer;Z)V#2258#152 prob_bp = 0.50101881411473400000
org.jfree.chart.util.ObjectList:set:(ILjava/lang/Object;)V#95#1 prob_bp = 0.50107155033369320000
org.jfree.chart.plot.CategoryPlot:addRangeMarker:(ILorg/jfree/chart/plot/Marker;Lorg/jfree/chart/util/Layer;Z)V#2258#154 prob_bp = 0.50155937634709300000
org.jfree.chart.util.ObjectList:set:(ILjava/lang/Object;)V#95#3 prob_bp = 0.50176377498157600000
org.jfree.chart.util.LengthAdjustmentType:<clinit>:()V#61#21 prob_bp = 0.50182146145433420000
org.jfree.chart.plot.CategoryMarker:<init>:(Ljava/lang/Comparable;Ljava/awt/Paint;Ljava/awt/Stroke;Ljava/awt/Paint;Ljava/awt/Stroke;F)V#109#23 prob_bp = 0.50185812530601910000
org.jfree.chart.plot.CategoryMarker:<init>:(Ljava/lang/Comparable;Ljava/awt/Paint;Ljava/awt/Stroke;Ljava/awt/Paint;Ljava/awt/Stroke;F)V#109#26 prob_bp = 0.50200352470372410000
org.jfree.chart.plot.Marker:<init>:(Ljava/awt/Paint;Ljava/awt/Stroke;Ljava/awt/Paint;Ljava/awt/Stroke;F)V#181#48 prob_bp = 0.50207190903445460000
org.jfree.chart.plot.Marker:setLabelOffsetType:(Lorg/jfree/chart/util/LengthAdjustmentType;)V#490#0 prob_bp = 0.50259163263106670000
org.jfree.chart.util.UnitType:<clinit>:()V#56#9 prob_bp = 0.50299710201038380000
org.jfree.chart.util.RectangleInsets:<init>:(DDDD)V#102#1 prob_bp = 0.50305728812381190000
org.jfree.chart.util.RectangleInsets:<init>:(DDDD)V#102#10 prob_bp = 0.50326749170853220000
org.jfree.chart.util.AbstractObjectList:set:(ILjava/lang/Object;)V#123#0 prob_bp = 0.50331677842038200000
org.jfree.chart.util.RectangleInsets:<init>:(Lorg/jfree/chart/util/UnitType;DDDD)V#117#4 prob_bp = 0.50400118442980430000
org.jfree.chart.plot.Marker:setLabelOffsetType:(Lorg/jfree/chart/util/LengthAdjustmentType;)V#490#1 prob_bp = 0.50488160180198880000
org.jfree.chart.util.RectangleInsets:<init>:(Lorg/jfree/chart/util/UnitType;DDDD)V#117#5 prob_bp = 0.50655554830331230000
org.jfree.chart.util.AbstractObjectList:set:(ILjava/lang/Object;)V#123#1 prob_bp = 0.50705307223870830000
org.jfree.chart.plot.junit.XYPlotTests:testRemoveDomainMarker:()V#1027#0 prob_bp = 1.00000000000000000000
org.jfree.chart.plot.junit.XYPlotTests:testRemoveDomainMarker:()V#1027#3 prob_bp = 1.00000000000000000000
org.jfree.chart.plot.junit.XYPlotTests:testRemoveDomainMarker:()V#1027#4 prob_bp = 1.00000000000000000000
org.jfree.chart.plot.junit.XYPlotTests:testRemoveDomainMarker:()V#1027#7 prob_bp = 1.00000000000000000000
org.jfree.chart.plot.junit.XYPlotTests:testRemoveDomainMarker:()V#1028#8 prob_bp = 1.00000000000000000000
org.jfree.chart.plot.junit.XYPlotTests:testRemoveDomainMarker:()V#1028#9 prob_bp = 1.00000000000000000000
org.jfree.chart.plot.junit.XYPlotTests:testRemoveDomainMarker:()V#1028#19 prob_bp = 1.00000000000000000000
org.jfree.chart.plot.junit.XYPlotTests:testRemoveRangeMarker:()V#1036#0 prob_bp = 1.00000000000000000000
org.jfree.chart.plot.junit.XYPlotTests:testRemoveRangeMarker:()V#1036#3 prob_bp = 1.00000000000000000000
org.jfree.chart.plot.junit.XYPlotTests:testRemoveRangeMarker:()V#1036#4 prob_bp = 1.00000000000000000000
org.jfree.chart.plot.junit.XYPlotTests:testRemoveRangeMarker:()V#1036#7 prob_bp = 1.00000000000000000000
org.jfree.chart.plot.junit.XYPlotTests:testRemoveRangeMarker:()V#1037#8 prob_bp = 1.00000000000000000000
org.jfree.chart.plot.junit.XYPlotTests:testRemoveRangeMarker:()V#1037#9 prob_bp = 1.00000000000000000000
org.jfree.chart.plot.junit.XYPlotTests:testRemoveRangeMarker:()V#1037#19 prob_bp = 1.00000000000000000000
org.jfree.chart.plot.junit.CategoryPlotTests:testRemoveRangeMarker:()V#779#0 prob_bp = 1.00000000000000000000
org.jfree.chart.plot.junit.CategoryPlotTests:testRemoveRangeMarker:()V#779#3 prob_bp = 1.00000000000000000000
org.jfree.chart.plot.junit.CategoryPlotTests:testRemoveRangeMarker:()V#779#4 prob_bp = 1.00000000000000000000
org.jfree.chart.plot.junit.CategoryPlotTests:testRemoveRangeMarker:()V#779#7 prob_bp = 1.00000000000000000000
org.jfree.chart.plot.junit.CategoryPlotTests:testRemoveRangeMarker:()V#780#8 prob_bp = 1.00000000000000000000
org.jfree.chart.plot.junit.CategoryPlotTests:testRemoveRangeMarker:()V#780#9 prob_bp = 1.00000000000000000000
org.jfree.chart.plot.junit.CategoryPlotTests:testRemoveRangeMarker:()V#780#19 prob_bp = 1.00000000000000000000
org.jfree.chart.plot.junit.CategoryPlotTests:testRemoveDomainMarker:()V#770#0 prob_bp = 1.00000000000000000000
org.jfree.chart.plot.junit.CategoryPlotTests:testRemoveDomainMarker:()V#770#3 prob_bp = 1.00000000000000000000
org.jfree.chart.plot.junit.CategoryPlotTests:testRemoveDomainMarker:()V#770#4 prob_bp = 1.00000000000000000000
org.jfree.chart.plot.junit.CategoryPlotTests:testRemoveDomainMarker:()V#770#7 prob_bp = 1.00000000000000000000
org.jfree.chart.plot.junit.CategoryPlotTests:testRemoveDomainMarker:()V#771#8 prob_bp = 1.00000000000000000000
org.jfree.chart.plot.junit.CategoryPlotTests:testRemoveDomainMarker:()V#771#9 prob_bp = 1.00000000000000000000
org.jfree.chart.plot.junit.CategoryPlotTests:testRemoveDomainMarker:()V#771#18 prob_bp = 1.00000000000000000000
Belief propagation time : 13.140000s
