Belief propagation time: 30

Probabilities: 
Vars:11088
Stmts:878
org.apache.commons.lang.StringEscapeUtils:escapeJavaScript:(Ljava/lang/String;)Ljava/lang/String;#122#5 prob_bp = 0.49960600958712176000
org.apache.commons.lang.StringEscapeUtils:escapeJavaStyleString:(Ljava/lang/String;Z)Ljava/lang/String;#155#30 prob_bp = 0.49992143160116910000
org.apache.commons.lang.StringEscapeUtils:escapeJavaStyleString:(Ljava/lang/String;Z)Ljava/lang/String;#155#27 prob_bp = 0.49999945263636040000
org.apache.commons.lang.StringEscapeUtils:escapeJavaStyleString:(Ljava/lang/String;Z)Ljava/lang/String;#155#26 prob_bp = 0.49999964559483345000
org.apache.commons.lang.StringEscapeUtils:escapeJavaScript:(Ljava/lang/String;)Ljava/lang/String;#122#2 prob_bp = 0.49999971264670590000
org.apache.commons.lang.StringEscapeUtils:escapeJavaScript:(Ljava/lang/String;)Ljava/lang/String;#122#0 prob_bp = 0.49999975110186606000
org.apache.commons.lang.StringEscapeUtils:escapeJavaScript:(Ljava/io/Writer;Ljava/lang/String;)V#138#3 prob_bp = 0.49999999947216356000
org.apache.commons.lang.StringEscapeUtils:escapeJavaScript:(Ljava/io/Writer;Ljava/lang/String;)V#138#0 prob_bp = 0.49999999954212480000
org.apache.commons.lang.StringEscapeUtils:escapeJavaStyleString:(Ljava/io/Writer;Ljava/lang/String;Z)V#237#432 prob_bp = 0.49999999999963457000
org.apache.commons.lang.StringEscapeUtils:escapeJavaStyleString:(Ljava/io/Writer;Ljava/lang/String;Z)V#221#344 prob_bp = 0.49999999999990890000
org.apache.commons.lang.StringEscapeUtils:escapeJavaStyleString:(Ljava/io/Writer;Ljava/lang/String;Z)V#221#342 prob_bp = 0.49999999999997880000
org.apache.commons.lang.StringEscapeUtils:escapeJavaStyleString:(Ljava/io/Writer;Ljava/lang/String;Z)V#237#429 prob_bp = 0.49999999999999630000
org.apache.commons.lang.StringEscapeUtils:escapeJavaStyleString:(Ljava/io/Writer;Ljava/lang/String;Z)V#237#430 prob_bp = 0.49999999999999717000
org.apache.commons.lang.StringEscapeUtils:escapeJavaStyleString:(Ljava/lang/String;Z)Ljava/lang/String;#153#10 prob_bp = 0.49999999999999994000
org.apache.commons.lang.StringEscapeUtils:escapeJavaScript:(Ljava/lang/String;)Ljava/lang/String;#122#1 prob_bp = 0.50000000000000000000
org.apache.commons.lang.StringEscapeUtils:escapeJavaStyleString:(Ljava/io/Writer;Ljava/lang/String;Z)V#223#381 prob_bp = 0.50000000000000000000
org.apache.commons.lang.StringEscapeUtils:escapeJavaStyleString:(Ljava/io/Writer;Ljava/lang/String;Z)V#224#384 prob_bp = 0.50000000000000000000
org.apache.commons.lang.StringEscapeUtils:escapeJavaStyleString:(Ljava/io/Writer;Ljava/lang/String;Z)V#224#387 prob_bp = 0.50000000000000000000
org.apache.commons.lang.StringEscapeUtils:escapeJavaStyleString:(Ljava/io/Writer;Ljava/lang/String;Z)V#229#399 prob_bp = 0.50000000000000000000
org.apache.commons.lang.StringEscapeUtils:escapeJavaStyleString:(Ljava/io/Writer;Ljava/lang/String;Z)V#229#400 prob_bp = 0.50000000000000000000
org.apache.commons.lang.StringEscapeUtils:escapeJavaStyleString:(Ljava/io/Writer;Ljava/lang/String;Z)V#229#402 prob_bp = 0.50000000000000000000
org.apache.commons.lang.StringEscapeUtils:escapeJavaStyleString:(Ljava/io/Writer;Ljava/lang/String;Z)V#230#405 prob_bp = 0.50000000000000000000
org.apache.commons.lang.StringEscapeUtils:escapeJavaStyleString:(Ljava/io/Writer;Ljava/lang/String;Z)V#230#406 prob_bp = 0.50000000000000000000
org.apache.commons.lang.StringEscapeUtils:escapeJavaStyleString:(Ljava/io/Writer;Ljava/lang/String;Z)V#230#408 prob_bp = 0.50000000000000000000
org.apache.commons.lang.StringEscapeUtils:escapeJavaStyleString:(Ljava/lang/String;Z)Ljava/lang/String;#154#22 prob_bp = 0.50000000000000010000
org.apache.commons.lang.StringEscapeUtils:escapeJavaStyleString:(Ljava/io/Writer;Ljava/lang/String;Z)V#190#154 prob_bp = 0.50000000000000010000
org.apache.commons.lang.StringEscapeUtils:escapeJavaStyleString:(Ljava/io/Writer;Ljava/lang/String;Z)V#223#380 prob_bp = 0.50000000000000010000
org.apache.commons.lang.StringEscapeUtils:escapeJavaStyleString:(Ljava/io/Writer;Ljava/lang/String;Z)V#224#385 prob_bp = 0.50000000000000010000
org.apache.commons.lang.StringEscapeUtils:escapeJavaStyleString:(Ljava/io/Writer;Ljava/lang/String;Z)V#226#390 prob_bp = 0.50000000000000010000
org.apache.commons.lang.StringEscapeUtils:escapeJavaStyleString:(Ljava/io/Writer;Ljava/lang/String;Z)V#226#391 prob_bp = 0.50000000000000010000
org.apache.commons.lang.StringEscapeUtils:escapeJavaStyleString:(Ljava/io/Writer;Ljava/lang/String;Z)V#226#393 prob_bp = 0.50000000000000010000
org.apache.commons.lang.StringEscapeUtils:escapeJavaStyleString:(Ljava/lang/String;Z)Ljava/lang/String;#153#11 prob_bp = 0.50000000000000020000
org.apache.commons.lang.StringEscapeUtils:escapeJavaStyleString:(Ljava/io/Writer;Ljava/lang/String;Z)V#188#117 prob_bp = 0.50000000000000030000
org.apache.commons.lang.StringEscapeUtils:escapeJavaStyleString:(Ljava/io/Writer;Ljava/lang/String;Z)V#188#121 prob_bp = 0.50000000000000040000
org.apache.commons.lang.StringEscapeUtils:escapeJavaStyleString:(Ljava/io/Writer;Ljava/lang/String;Z)V#190#156 prob_bp = 0.50000000000000060000
org.apache.commons.lang.StringEscapeUtils:escapeJavaStyleString:(Ljava/io/Writer;Ljava/lang/String;Z)V#188#119 prob_bp = 0.50000000000000080000
org.apache.commons.lang.StringEscapeUtils:escapeJavaStyleString:(Ljava/io/Writer;Ljava/lang/String;Z)V#190#158 prob_bp = 0.50000000000000080000
org.apache.commons.lang.StringEscapeUtils:escapeJavaStyleString:(Ljava/io/Writer;Ljava/lang/String;Z)V#179#19 prob_bp = 0.50000000000000390000
org.apache.commons.lang.StringEscapeUtils:escapeJavaStyleString:(Ljava/io/Writer;Ljava/lang/String;Z)V#179#20 prob_bp = 0.50000000000000430000
org.apache.commons.lang.StringEscapeUtils:escapeJavaStyleString:(Ljava/io/Writer;Ljava/lang/String;Z)V#179#23 prob_bp = 0.50000000000006000000
org.apache.commons.lang.StringEscapeUtils:escapeJavaStyleString:(Ljava/io/Writer;Ljava/lang/String;Z)V#180#29 prob_bp = 0.50000000000017260000
org.apache.commons.lang.StringEscapeUtils:escapeJavaStyleString:(Ljava/io/Writer;Ljava/lang/String;Z)V#180#27 prob_bp = 0.50000000000026280000
org.apache.commons.lang.StringEscapeUtils:escapeJavaStyleString:(Ljava/io/Writer;Ljava/lang/String;Z)V#180#30 prob_bp = 0.50000000000062600000
org.apache.commons.lang.StringEscapeUtils:escapeJavaStyleString:(Ljava/io/Writer;Ljava/lang/String;Z)V#180#24 prob_bp = 0.50000000000083060000
org.apache.commons.lang.StringEscapeUtils:escapeJavaStyleString:(Ljava/io/Writer;Ljava/lang/String;Z)V#180#25 prob_bp = 0.50000000000084650000
org.apache.commons.lang.StringEscapeUtils:escapeJavaStyleString:(Ljava/io/Writer;Ljava/lang/String;Z)V#181#34 prob_bp = 0.50000000000129790000
org.apache.commons.lang.StringEscapeUtils:escapeJavaStyleString:(Ljava/io/Writer;Ljava/lang/String;Z)V#180#435 prob_bp = 0.50000000000187940000
org.apache.commons.lang.StringEscapeUtils:escapeJavaStyleString:(Ljava/io/Writer;Ljava/lang/String;Z)V#181#33 prob_bp = 0.50000000000273810000
org.apache.commons.lang.StringEscapeUtils:escapeJavaStyleString:(Ljava/io/Writer;Ljava/lang/String;Z)V#181#36 prob_bp = 0.50000000000314050000
org.apache.commons.lang.StringEscapeUtils:escapeJavaStyleString:(Ljava/io/Writer;Ljava/lang/String;Z)V#184#41 prob_bp = 0.50000000010052930000
org.apache.commons.lang.StringEscapeUtils:escapeJavaStyleString:(Ljava/io/Writer;Ljava/lang/String;Z)V#184#43 prob_bp = 0.50000000040952700000
org.apache.commons.lang.StringEscapeUtils:escapeJavaStyleString:(Ljava/io/Writer;Ljava/lang/String;Z)V#184#46 prob_bp = 0.50000000042607220000
org.apache.commons.lang.StringEscapeUtils:escapeJavaStyleString:(Ljava/io/Writer;Ljava/lang/String;Z)V#181#39 prob_bp = 0.50000000955498620000
org.apache.commons.lang.StringEscapeUtils:escapeJavaStyleString:(Ljava/io/Writer;Ljava/lang/String;Z)V#186#79 prob_bp = 0.50000004800179910000
org.apache.commons.lang.StringEscapeUtils:escapeJavaStyleString:(Ljava/io/Writer;Ljava/lang/String;Z)V#186#81 prob_bp = 0.50000019543730700000
org.apache.commons.lang.StringEscapeUtils:escapeJavaStyleString:(Ljava/io/Writer;Ljava/lang/String;Z)V#186#84 prob_bp = 0.50000020332711730000
org.apache.commons.lang.StringEscapeUtils:escapeJavaStyleString:(Ljava/lang/String;Z)Ljava/lang/String;#153#6 prob_bp = 0.50000138852683780000
org.apache.commons.lang.StringEscapeUtils:escapeJavaStyleString:(Ljava/lang/String;Z)Ljava/lang/String;#153#19 prob_bp = 0.50000144143737120000
org.apache.commons.lang.StringEscapeUtils:escapeJavaStyleString:(Ljava/lang/String;Z)Ljava/lang/String;#154#20 prob_bp = 0.50000199758072320000
org.apache.commons.lang.StringEscapeUtils:escapeJavaStyleString:(Ljava/lang/String;Z)Ljava/lang/String;#149#0 prob_bp = 0.50007896784395830000
org.apache.commons.lang.StringEscapeUtils:escapeJavaStyleString:(Ljava/lang/String;Z)Ljava/lang/String;#149#1 prob_bp = 0.50008544688524770000
org.apache.commons.lang.StringEscapeUtils:escapeJavaStyleString:(Ljava/lang/String;Z)Ljava/lang/String;#154#21 prob_bp = 0.50062635801544130000
org.apache.commons.lang.StringEscapeUtils:escapeJavaStyleString:(Ljava/lang/String;Z)Ljava/lang/String;#154#23 prob_bp = 0.50079789102060030000
org.apache.commons.lang.StringEscapeUtils:escapeJavaStyleString:(Ljava/io/Writer;Ljava/lang/String;Z)V#172#0 prob_bp = 0.50122608633882340000
org.apache.commons.lang.StringEscapeUtils:escapeJavaStyleString:(Ljava/io/Writer;Ljava/lang/String;Z)V#172#1 prob_bp = 0.50133950079444090000
org.apache.commons.lang.StringEscapeUtils:escapeJavaStyleString:(Ljava/io/Writer;Ljava/lang/String;Z)V#175#14 prob_bp = 0.51143582950940130000
org.apache.commons.lang.StringEscapeUtils:escapeJavaStyleString:(Ljava/io/Writer;Ljava/lang/String;Z)V#175#15 prob_bp = 0.51643947020428970000
org.apache.commons.lang.StringEscapeUtilsTest:testEscapeJavaScript:()V#170#1 prob_bp = 1.00000000000000000000
org.apache.commons.lang.StringEscapeUtilsTest:testEscapeJavaScript:()V#170#2 prob_bp = 1.00000000000000000000
org.apache.commons.lang.StringEscapeUtilsTest:testEscapeJavaScript:()V#172#8 prob_bp = 1.00000000000000000000
org.apache.commons.lang.StringEscapeUtilsTest:testEscapeJavaScript:()V#172#10 prob_bp = 1.00000000000000000000
org.apache.commons.lang.StringEscapeUtilsTest:testEscapeJavaScript:()V#179#27 prob_bp = 1.00000000000000000000
org.apache.commons.lang.StringEscapeUtilsTest:testEscapeJavaScript:()V#179#30 prob_bp = 1.00000000000000000000
org.apache.commons.lang.StringEscapeUtilsTest:testEscapeJavaScript:()V#186#49 prob_bp = 1.00000000000000000000
org.apache.commons.lang.StringEscapeUtilsTest:testEscapeJavaScript:()V#186#51 prob_bp = 1.00000000000000000000
org.apache.commons.lang.StringEscapeUtilsTest:testEscapeJavaScript:()V#187#57 prob_bp = 1.00000000000000000000
org.apache.commons.lang.StringEscapeUtilsTest:testEscapeJavaScript:()V#187#59 prob_bp = 1.00000000000000000000
org.apache.commons.lang.StringEscapeUtilsTest:testEscapeJavaScript:()V#187#61 prob_bp = 1.00000000000000000000
org.apache.commons.lang.StringEscapeUtilsTest:testEscapeJavaScript:()V#187#64 prob_bp = 1.00000000000000000000
Belief propagation time : 0.757000s
