Belief propagation time: 100

Probabilities: 
Vars:44902
Stmts:3469
org.joda.time.field.FieldUtils:safeMultiply:(JI)J#136#1 prob_bp = 0.49997461579959795000
org.joda.time.field.FieldUtils:safeMultiply:(JI)J#136#0 prob_bp = 0.49999987141055474000
org.joda.time.field.FieldUtils:safeMultiply:(JI)J#145#46 prob_bp = 0.49999999996868080000
org.joda.time.field.FieldUtils:safeMultiply:(JI)J#145#45 prob_bp = 0.49999999999999706000
org.joda.time.field.FieldUtils:safeMultiply:(JI)J#145#44 prob_bp = 0.49999999999999910000
org.joda.time.field.FieldUtils:safeMultiply:(JI)J#144#36 prob_bp = 0.49999999999999994000
org.joda.time.field.FieldUtils:safeMultiply:(JI)J#144#38 prob_bp = 0.49999999999999994000
org.joda.time.field.FieldUtils:safeMultiply:(JI)J#144#39 prob_bp = 0.49999999999999994000
org.joda.time.field.FieldUtils:safeMultiply:(JI)J#145#41 prob_bp = 0.49999999999999994000
org.joda.time.field.FieldUtils:safeMultiply:(JI)J#145#43 prob_bp = 0.49999999999999994000
org.joda.time.field.FieldUtils:verifyValueBounds:(Lorg/joda/time/DateTimeFieldType;III)V#232#5 prob_bp = 0.50000000000000000000
org.joda.time.field.FieldUtils:verifyValueBounds:(Lorg/joda/time/DateTimeFieldType;III)V#232#6 prob_bp = 0.50000000000000000000
org.joda.time.field.FieldUtils:safeMultiply:(JI)J#144#35 prob_bp = 0.50000000000000000000
org.joda.time.field.FieldUtils:safeMultiply:(JI)J#145#40 prob_bp = 0.50000000000000000000
org.joda.time.field.FieldUtils:safeMultiply:(JI)J#144#37 prob_bp = 0.50000000000000010000
org.joda.time.field.FieldUtils:safeMultiply:(JI)J#145#42 prob_bp = 0.50000000000000010000
org.joda.time.field.FieldUtils:verifyValueBounds:(Lorg/joda/time/DateTimeField;III)V#214#0 prob_bp = 0.50000043509796600000
org.joda.time.field.FieldUtils:verifyValueBounds:(Lorg/joda/time/DateTimeField;III)V#214#1 prob_bp = 0.50000043509796600000
org.joda.time.field.FieldUtils:verifyValueBounds:(Lorg/joda/time/DateTimeField;III)V#214#2 prob_bp = 0.50000057772301510000
org.joda.time.field.FieldUtils:verifyValueBounds:(Lorg/joda/time/DateTimeField;III)V#214#7 prob_bp = 0.50000959452560890000
org.joda.time.field.FieldUtils:verifyValueBounds:(Lorg/joda/time/DateTimeField;III)V#214#5 prob_bp = 0.50001326626534630000
org.joda.time.field.FieldUtils:verifyValueBounds:(Lorg/joda/time/DateTimeField;III)V#214#6 prob_bp = 0.50001326626534630000
org.joda.time.field.FieldUtils:verifyValueBounds:(Lorg/joda/time/DateTimeFieldType;III)V#232#0 prob_bp = 1.00000000000000000000
org.joda.time.field.FieldUtils:verifyValueBounds:(Lorg/joda/time/DateTimeFieldType;III)V#232#1 prob_bp = 1.00000000000000000000
org.joda.time.field.FieldUtils:verifyValueBounds:(Lorg/joda/time/DateTimeFieldType;III)V#232#2 prob_bp = 1.00000000000000000000
org.joda.time.field.FieldUtils:verifyValueBounds:(Lorg/joda/time/DateTimeFieldType;III)V#232#7 prob_bp = 1.00000000000000000000
org.joda.time.field.TestFieldUtils:testSafeMultiplyLongInt:()V#242#2 prob_bp = 1.00000000000000000000
org.joda.time.field.TestFieldUtils:testSafeMultiplyLongInt:()V#242#3 prob_bp = 1.00000000000000000000
org.joda.time.field.TestFieldUtils:testSafeMultiplyLongInt:()V#244#11 prob_bp = 1.00000000000000000000
org.joda.time.field.TestFieldUtils:testSafeMultiplyLongInt:()V#244#12 prob_bp = 1.00000000000000000000
org.joda.time.field.TestFieldUtils:testSafeMultiplyLongInt:()V#245#21 prob_bp = 1.00000000000000000000
org.joda.time.field.TestFieldUtils:testSafeMultiplyLongInt:()V#245#22 prob_bp = 1.00000000000000000000
org.joda.time.field.TestFieldUtils:testSafeMultiplyLongInt:()V#245#23 prob_bp = 1.00000000000000000000
org.joda.time.field.TestFieldUtils:testSafeMultiplyLongInt:()V#246#35 prob_bp = 1.00000000000000000000
org.joda.time.field.TestFieldUtils:testSafeMultiplyLongInt:()V#246#36 prob_bp = 1.00000000000000000000
org.joda.time.field.TestFieldUtils:testSafeMultiplyLongInt:()V#248#45 prob_bp = 1.00000000000000000000
org.joda.time.field.TestFieldUtils:testSafeMultiplyLongInt:()V#248#48 prob_bp = 1.00000000000000000000
org.joda.time.field.TestFieldUtils:testSafeMultiplyLongInt:()V#248#49 prob_bp = 1.00000000000000000000
org.joda.time.field.TestFieldUtils:testSafeMultiplyLongInt:()V#249#58 prob_bp = 1.00000000000000000000
org.joda.time.field.TestFieldUtils:testSafeMultiplyLongInt:()V#249#61 prob_bp = 1.00000000000000000000
org.joda.time.field.TestFieldUtils:testSafeMultiplyLongInt:()V#249#63 prob_bp = 1.00000000000000000000
org.joda.time.field.TestFieldUtils:testSafeMultiplyLongInt:()V#250#72 prob_bp = 1.00000000000000000000
org.joda.time.field.TestFieldUtils:testSafeMultiplyLongInt:()V#250#75 prob_bp = 1.00000000000000000000
org.joda.time.field.TestFieldUtils:testSafeMultiplyLongInt:()V#250#76 prob_bp = 1.00000000000000000000
org.joda.time.field.TestFieldUtils:testSafeMultiplyLongInt:()V#251#85 prob_bp = 1.00000000000000000000
org.joda.time.field.TestFieldUtils:testSafeMultiplyLongInt:()V#251#88 prob_bp = 1.00000000000000000000
org.joda.time.field.TestFieldUtils:testSafeMultiplyLongInt:()V#251#90 prob_bp = 1.00000000000000000000
org.joda.time.field.TestFieldUtils:testSafeMultiplyLongInt:()V#253#99 prob_bp = 1.00000000000000000000
org.joda.time.field.TestFieldUtils:testSafeMultiplyLongInt:()V#253#102 prob_bp = 1.00000000000000000000
org.joda.time.field.TestFieldUtils:testSafeMultiplyLongInt:()V#253#104 prob_bp = 1.00000000000000000000
org.joda.time.field.TestFieldUtils:testSafeMultiplyLongInt:()V#255#116 prob_bp = 1.00000000000000000000
org.joda.time.field.TestFieldUtils:testSafeMultiplyLongInt:()V#255#117 prob_bp = 1.00000000000000000000
org.joda.time.field.TestFieldUtils:testSafeMultiplyLongInt:()V#256#129 prob_bp = 1.00000000000000000000
org.joda.time.field.TestFieldUtils:testSafeMultiplyLongInt:()V#256#130 prob_bp = 1.00000000000000000000
org.joda.time.field.TestFieldUtils:testSafeMultiplyLongInt:()V#257#142 prob_bp = 1.00000000000000000000
org.joda.time.field.TestFieldUtils:testSafeMultiplyLongInt:()V#257#143 prob_bp = 1.00000000000000000000
org.joda.time.field.TestFieldUtils:testSafeMultiplyLongInt:()V#260#152 prob_bp = 1.00000000000000000000
org.joda.time.field.TestFieldUtils:testSafeMultiplyLongInt:()V#260#153 prob_bp = 1.00000000000000000000
org.joda.time.field.TestFieldUtils:testSafeMultiplyLongInt:()V#261#157 prob_bp = 1.00000000000000000000
Belief propagation time : 50.625000s
