Belief propagation time: 100

Probabilities: 
Vars:114651
Stmts:5975
org.apache.commons.math.complex.Complex:<clinit>:()V#64#41 prob_bp = 0.49888475274463350000
org.apache.commons.math.complex.Complex:divide:(Lorg/apache/commons/math/complex/Complex;)Lorg/apache/commons/math/complex/Complex;#260#45 prob_bp = 0.49898621003776800000
org.apache.commons.math.complex.Complex:divide:(Lorg/apache/commons/math/complex/Complex;)Lorg/apache/commons/math/complex/Complex;#260#42 prob_bp = 0.49906106913192730000
org.apache.commons.math.complex.Complex:multiply:(Lorg/apache/commons/math/complex/Complex;)Lorg/apache/commons/math/complex/Complex;#430#65 prob_bp = 0.49978568350868080000
org.apache.commons.math.complex.Complex:multiply:(Lorg/apache/commons/math/complex/Complex;)Lorg/apache/commons/math/complex/Complex;#430#62 prob_bp = 0.49980185472907640000
org.apache.commons.math.complex.Complex:divide:(Lorg/apache/commons/math/complex/Complex;)Lorg/apache/commons/math/complex/Complex;#258#26 prob_bp = 0.49988479799404106000
org.apache.commons.math.complex.Complex:divide:(Lorg/apache/commons/math/complex/Complex;)Lorg/apache/commons/math/complex/Complex;#258#23 prob_bp = 0.49990864550252906000
org.apache.commons.math.complex.Complex:divide:(Lorg/apache/commons/math/complex/Complex;)Lorg/apache/commons/math/complex/Complex;#258#22 prob_bp = 0.49991512238185326000
org.apache.commons.math.complex.Complex:<clinit>:()V#68#65 prob_bp = 0.49991595407248850000
org.apache.commons.math.complex.Complex:multiply:(Lorg/apache/commons/math/complex/Complex;)Lorg/apache/commons/math/complex/Complex;#425#29 prob_bp = 0.49996643998749350000
org.apache.commons.math.complex.Complex:multiply:(Lorg/apache/commons/math/complex/Complex;)Lorg/apache/commons/math/complex/Complex;#425#26 prob_bp = 0.49999329154948830000
org.apache.commons.math.complex.Complex:divide:(Lorg/apache/commons/math/complex/Complex;)Lorg/apache/commons/math/complex/Complex;#260#33 prob_bp = 0.49999635736986275000
org.apache.commons.math.complex.Complex:divide:(Lorg/apache/commons/math/complex/Complex;)Lorg/apache/commons/math/complex/Complex;#254#15 prob_bp = 0.49999675403268270000
org.apache.commons.math.complex.Complex:divide:(Lorg/apache/commons/math/complex/Complex;)Lorg/apache/commons/math/complex/Complex;#254#12 prob_bp = 0.49999745797547060000
org.apache.commons.math.complex.Complex:divide:(Lorg/apache/commons/math/complex/Complex;)Lorg/apache/commons/math/complex/Complex;#254#11 prob_bp = 0.49999764085647347000
org.apache.commons.math.complex.Complex:divide:(Lorg/apache/commons/math/complex/Complex;)Lorg/apache/commons/math/complex/Complex;#260#30 prob_bp = 0.49999867213683563000
org.apache.commons.math.complex.Complex:divide:(Lorg/apache/commons/math/complex/Complex;)Lorg/apache/commons/math/complex/Complex;#260#29 prob_bp = 0.49999872420658130000
org.apache.commons.math.complex.Complex:<init>:(DD)V#106#71 prob_bp = 0.49999992558546110000
org.apache.commons.math.complex.Complex:<init>:(DD)V#106#85 prob_bp = 0.49999995055361895000
org.apache.commons.math.complex.Complex:<init>:(DD)V#106#84 prob_bp = 0.49999995101968550000
org.apache.commons.math.complex.Complex:<init>:(DD)V#106#67 prob_bp = 0.49999995143978926000
org.apache.commons.math.complex.Complex:multiply:(Lorg/apache/commons/math/complex/Complex;)Lorg/apache/commons/math/complex/Complex;#425#23 prob_bp = 0.49999995371044564000
org.apache.commons.math.complex.Complex:divide:(Lorg/apache/commons/math/complex/Complex;)Lorg/apache/commons/math/complex/Complex;#254#8 prob_bp = 0.49999996780598255000
org.apache.commons.math.complex.Complex:multiply:(Lorg/apache/commons/math/complex/Complex;)Lorg/apache/commons/math/complex/Complex;#425#22 prob_bp = 0.49999997072462443000
org.apache.commons.math.complex.Complex:divide:(Lorg/apache/commons/math/complex/Complex;)Lorg/apache/commons/math/complex/Complex;#254#5 prob_bp = 0.49999998890625830000
org.apache.commons.math.complex.Complex:divide:(Lorg/apache/commons/math/complex/Complex;)Lorg/apache/commons/math/complex/Complex;#254#4 prob_bp = 0.49999998931883716000
org.apache.commons.math.complex.Complex:<init>:(DD)V#106#70 prob_bp = 0.49999999155670560000
org.apache.commons.math.complex.Complex:<init>:(DD)V#106#68 prob_bp = 0.49999999172328796000
org.apache.commons.math.complex.Complex:<init>:(DD)V#106#69 prob_bp = 0.49999999172390164000
org.apache.commons.math.util.FastMath:atan2:(DD)D#3004#110 prob_bp = 0.49999999750600566000
org.apache.commons.math.complex.Complex:divide:(Lorg/apache/commons/math/complex/Complex;)Lorg/apache/commons/math/complex/Complex;#253#1 prob_bp = 0.49999999831707860000
org.apache.commons.math.complex.Complex:divide:(Lorg/apache/commons/math/complex/Complex;)Lorg/apache/commons/math/complex/Complex;#253#0 prob_bp = 0.49999999838086845000
org.apache.commons.math.util.FastMath:atan2:(DD)D#3004#109 prob_bp = 0.49999999994031824000
org.apache.commons.math.util.FastMath:atan2:(DD)D#3004#105 prob_bp = 0.49999999994235583000
org.apache.commons.math.util.FastMath:atan2:(DD)D#3004#106 prob_bp = 0.49999999994235583000
org.apache.commons.math.complex.Complex:log:()Lorg/apache/commons/math/complex/Complex;#754#30 prob_bp = 0.49999999996089560000
org.apache.commons.math.util.FastMath:log:(D)D#1256#5 prob_bp = 0.49999999997077270000
org.apache.commons.math.util.FastMath:log:(D[D)D#1288#72 prob_bp = 0.49999999997391940000
org.apache.commons.math.util.FastMath:log:(D[D)D#1288#69 prob_bp = 0.49999999997481037000
org.apache.commons.math.util.FastMath:atan2:(DD)D#3005#113 prob_bp = 0.49999999999999990000
org.apache.commons.math.util.FastMath:atan2:(DD)D#3005#116 prob_bp = 0.49999999999999990000
org.apache.commons.math.complex.Complex:divide:(Lorg/apache/commons/math/complex/Complex;)Lorg/apache/commons/math/complex/Complex;#278#160 prob_bp = 0.49999999999999990000
org.apache.commons.math.complex.Complex:atan:()Lorg/apache/commons/math/complex/Complex;#587#11 prob_bp = 0.49999999999999994000
org.apache.commons.math.complex.Complex:atan:()Lorg/apache/commons/math/complex/Complex;#587#15 prob_bp = 0.49999999999999994000
org.apache.commons.math.complex.Complex:add:(Lorg/apache/commons/math/complex/Complex;)Lorg/apache/commons/math/complex/Complex;#164#24 prob_bp = 0.49999999999999994000
org.apache.commons.math.complex.Complex:add:(Lorg/apache/commons/math/complex/Complex;)Lorg/apache/commons/math/complex/Complex;#164#28 prob_bp = 0.49999999999999994000
org.apache.commons.math.complex.Complex:add:(Lorg/apache/commons/math/complex/Complex;)Lorg/apache/commons/math/complex/Complex;#164#31 prob_bp = 0.49999999999999994000
org.apache.commons.math.complex.Complex:add:(Lorg/apache/commons/math/complex/Complex;)Lorg/apache/commons/math/complex/Complex;#164#37 prob_bp = 0.49999999999999994000
org.apache.commons.math.complex.Complex:atan:()Lorg/apache/commons/math/complex/Complex;#587#21 prob_bp = 0.49999999999999994000
org.apache.commons.math.complex.Complex:divide:(Lorg/apache/commons/math/complex/Complex;)Lorg/apache/commons/math/complex/Complex;#278#155 prob_bp = 0.49999999999999994000
org.apache.commons.math.complex.Complex:divide:(Lorg/apache/commons/math/complex/Complex;)Lorg/apache/commons/math/complex/Complex;#278#158 prob_bp = 0.49999999999999994000
org.apache.commons.math.complex.Complex:atan:()Lorg/apache/commons/math/complex/Complex;#583#1 prob_bp = 0.50000000000000000000
org.apache.commons.math.complex.Complex:atan:()Lorg/apache/commons/math/complex/Complex;#583#4 prob_bp = 0.50000000000000000000
org.apache.commons.math.complex.Complex:add:(Lorg/apache/commons/math/complex/Complex;)Lorg/apache/commons/math/complex/Complex;#164#27 prob_bp = 0.50000000000000000000
org.apache.commons.math.complex.Complex:add:(Lorg/apache/commons/math/complex/Complex;)Lorg/apache/commons/math/complex/Complex;#164#33 prob_bp = 0.50000000000000000000
org.apache.commons.math.complex.Complex:add:(Lorg/apache/commons/math/complex/Complex;)Lorg/apache/commons/math/complex/Complex;#164#36 prob_bp = 0.50000000000000000000
org.apache.commons.math.complex.Complex:add:(Lorg/apache/commons/math/complex/Complex;)Lorg/apache/commons/math/complex/Complex;#164#40 prob_bp = 0.50000000000000000000
org.apache.commons.math.complex.Complex:atan:()Lorg/apache/commons/math/complex/Complex;#587#22 prob_bp = 0.50000000000000000000
org.apache.commons.math.complex.Complex:divide:(Lorg/apache/commons/math/complex/Complex;)Lorg/apache/commons/math/complex/Complex;#278#154 prob_bp = 0.50000000000000000000
org.apache.commons.math.complex.Complex:add:(Lorg/apache/commons/math/complex/Complex;)Lorg/apache/commons/math/complex/Complex;#164#32 prob_bp = 0.50000000000000010000
org.apache.commons.math.complex.Complex:add:(Lorg/apache/commons/math/complex/Complex;)Lorg/apache/commons/math/complex/Complex;#164#41 prob_bp = 0.50000000000000010000
org.apache.commons.math.complex.Complex:atan:()Lorg/apache/commons/math/complex/Complex;#587#18 prob_bp = 0.50000000000000010000
org.apache.commons.math.complex.Complex:subtract:(Lorg/apache/commons/math/complex/Complex;)Lorg/apache/commons/math/complex/Complex;#497#27 prob_bp = 0.50000000000000010000
org.apache.commons.math.complex.Complex:subtract:(Lorg/apache/commons/math/complex/Complex;)Lorg/apache/commons/math/complex/Complex;#497#28 prob_bp = 0.50000000000000010000
org.apache.commons.math.complex.Complex:subtract:(Lorg/apache/commons/math/complex/Complex;)Lorg/apache/commons/math/complex/Complex;#497#36 prob_bp = 0.50000000000000010000
org.apache.commons.math.complex.Complex:subtract:(Lorg/apache/commons/math/complex/Complex;)Lorg/apache/commons/math/complex/Complex;#497#37 prob_bp = 0.50000000000000010000
org.apache.commons.math.complex.Complex:<init>:(DD)V#106#80 prob_bp = 0.50000000000000010000
org.apache.commons.math.complex.Complex:atan:()Lorg/apache/commons/math/complex/Complex;#587#35 prob_bp = 0.50000000000000010000
org.apache.commons.math.complex.Complex:divide:(Lorg/apache/commons/math/complex/Complex;)Lorg/apache/commons/math/complex/Complex;#278#161 prob_bp = 0.50000000000000010000
org.apache.commons.math.complex.Complex:divide:(Lorg/apache/commons/math/complex/Complex;)Lorg/apache/commons/math/complex/Complex;#278#162 prob_bp = 0.50000000000000010000
org.apache.commons.math.complex.Complex:divide:(Lorg/apache/commons/math/complex/Complex;)Lorg/apache/commons/math/complex/Complex;#278#165 prob_bp = 0.50000000000000010000
org.apache.commons.math.complex.Complex:atan:()Lorg/apache/commons/math/complex/Complex;#583#0 prob_bp = 0.50000000000000020000
org.apache.commons.math.complex.Complex:atan:()Lorg/apache/commons/math/complex/Complex;#587#12 prob_bp = 0.50000000000000030000
org.apache.commons.math.complex.Complex:add:(Lorg/apache/commons/math/complex/Complex;)Lorg/apache/commons/math/complex/Complex;#164#23 prob_bp = 0.50000000000000030000
org.apache.commons.math.util.FastMath:log:(D[D)D#1269#10 prob_bp = 0.50000000000000060000
org.apache.commons.math.complex.Complex:atan:()Lorg/apache/commons/math/complex/Complex;#587#25 prob_bp = 0.50000000000000070000
org.apache.commons.math.complex.Complex:add:(Lorg/apache/commons/math/complex/Complex;)Lorg/apache/commons/math/complex/Complex;#164#44 prob_bp = 0.50000000000000080000
org.apache.commons.math.util.FastMath:log:(D[D)D#1269#11 prob_bp = 0.50000000000000170000
org.apache.commons.math.complex.Complex:atan:()Lorg/apache/commons/math/complex/Complex;#587#38 prob_bp = 0.50000000000000210000
org.apache.commons.math.complex.Complex:atan:()Lorg/apache/commons/math/complex/Complex;#587#39 prob_bp = 0.50000000000000240000
org.apache.commons.math.complex.Complex:divide:(Lorg/apache/commons/math/complex/Complex;)Lorg/apache/commons/math/complex/Complex;#278#166 prob_bp = 0.50000000000000300000
org.apache.commons.math.complex.Complex:subtract:(Lorg/apache/commons/math/complex/Complex;)Lorg/apache/commons/math/complex/Complex;#497#23 prob_bp = 0.50000000000000610000
org.apache.commons.math.util.FastMath:log:(D[D)D#1269#14 prob_bp = 0.50000000000000630000
org.apache.commons.math.complex.Complex:subtract:(Lorg/apache/commons/math/complex/Complex;)Lorg/apache/commons/math/complex/Complex;#497#24 prob_bp = 0.50000000000000720000
org.apache.commons.math.complex.Complex:divide:(Lorg/apache/commons/math/complex/Complex;)Lorg/apache/commons/math/complex/Complex;#278#168 prob_bp = 0.50000000000001030000
org.apache.commons.math.util.FastMath:log:(D[D)D#1272#15 prob_bp = 0.50000000000002280000
org.apache.commons.math.complex.Complex:atan:()Lorg/apache/commons/math/complex/Complex;#587#31 prob_bp = 0.50000000000004720000
org.apache.commons.math.complex.Complex:subtract:(Lorg/apache/commons/math/complex/Complex;)Lorg/apache/commons/math/complex/Complex;#497#32 prob_bp = 0.50000000000006680000
org.apache.commons.math.complex.Complex:subtract:(Lorg/apache/commons/math/complex/Complex;)Lorg/apache/commons/math/complex/Complex;#497#33 prob_bp = 0.50000000000007740000
org.apache.commons.math.util.FastMath:log:(D[D)D#1272#16 prob_bp = 0.50000000000007780000
org.apache.commons.math.util.FastMath:log:(D[D)D#1272#19 prob_bp = 0.50000000000008070000
org.apache.commons.math.complex.Complex:subtract:(Lorg/apache/commons/math/complex/Complex;)Lorg/apache/commons/math/complex/Complex;#497#31 prob_bp = 0.50000000000013080000
org.apache.commons.math.complex.Complex:subtract:(Lorg/apache/commons/math/complex/Complex;)Lorg/apache/commons/math/complex/Complex;#497#40 prob_bp = 0.50000000000022220000
org.apache.commons.math.util.FastMath:log:(D[D)D#1272#25 prob_bp = 0.50000000000023310000
org.apache.commons.math.util.FastMath:log:(D[D)D#1272#26 prob_bp = 0.50000000000023310000
org.apache.commons.math.util.FastMath:log:(D[D)D#1272#27 prob_bp = 0.50000000000080990000
org.apache.commons.math.complex.Complex:atan:()Lorg/apache/commons/math/complex/Complex;#587#42 prob_bp = 0.50000000000219560000
org.apache.commons.math.complex.Complex:abs:()D#122#18 prob_bp = 0.50000000000258370000
org.apache.commons.math.complex.Complex:abs:()D#122#21 prob_bp = 0.50000000000268690000
org.apache.commons.math.complex.Complex:divide:(Lorg/apache/commons/math/complex/Complex;)Lorg/apache/commons/math/complex/Complex;#276#140 prob_bp = 0.50000000000531650000
org.apache.commons.math.complex.Complex:divide:(Lorg/apache/commons/math/complex/Complex;)Lorg/apache/commons/math/complex/Complex;#276#138 prob_bp = 0.50000000000586390000
org.apache.commons.math.complex.Complex:log:()Lorg/apache/commons/math/complex/Complex;#754#16 prob_bp = 0.50000000001096450000
org.apache.commons.math.complex.Complex:log:()Lorg/apache/commons/math/complex/Complex;#754#12 prob_bp = 0.50000000001146530000
org.apache.commons.math.complex.Complex:log:()Lorg/apache/commons/math/complex/Complex;#754#13 prob_bp = 0.50000000001230600000
org.apache.commons.math.complex.Complex:divide:(Lorg/apache/commons/math/complex/Complex;)Lorg/apache/commons/math/complex/Complex;#276#141 prob_bp = 0.50000000001295100000
org.apache.commons.math.util.FastMath:log:(D)D#1256#0 prob_bp = 0.50000000002021550000
org.apache.commons.math.complex.Complex:subtract:(Lorg/apache/commons/math/complex/Complex;)Lorg/apache/commons/math/complex/Complex;#492#0 prob_bp = 0.50000000003002340000
org.apache.commons.math.complex.Complex:subtract:(Lorg/apache/commons/math/complex/Complex;)Lorg/apache/commons/math/complex/Complex;#492#1 prob_bp = 0.50000000003459120000
org.apache.commons.math.util.FastMath:log:(D[D)D#1283#51 prob_bp = 0.50000000003845050000
org.apache.commons.math.util.FastMath:log:(D)D#1256#2 prob_bp = 0.50000000005379640000
org.apache.commons.math.util.FastMath:log:(D[D)D#1272#20 prob_bp = 0.50000000006907360000
org.apache.commons.math.util.FastMath:log:(D[D)D#1272#21 prob_bp = 0.50000000007155280000
org.apache.commons.math.complex.Complex:subtract:(Lorg/apache/commons/math/complex/Complex;)Lorg/apache/commons/math/complex/Complex;#497#41 prob_bp = 0.50000000007931640000
org.apache.commons.math.util.FastMath:log:(D[D)D#1283#52 prob_bp = 0.50000000012934490000
org.apache.commons.math.util.FastMath:log:(D[D)D#1283#55 prob_bp = 0.50000000013391630000
org.apache.commons.math.util.FastMath:log:(D[D)D#1266#0 prob_bp = 0.50000000013708820000
org.apache.commons.math.complex.Complex:<init>:(DD)V#104#38 prob_bp = 0.50000000015280020000
org.apache.commons.math.complex.Complex:<init>:(DD)V#104#39 prob_bp = 0.50000000015589640000
org.apache.commons.math.complex.Complex:subtract:(Lorg/apache/commons/math/complex/Complex;)Lorg/apache/commons/math/complex/Complex;#493#4 prob_bp = 0.50000000018464170000
org.apache.commons.math.complex.Complex:<init>:(DD)V#104#42 prob_bp = 0.50000000024107130000
org.apache.commons.math.complex.Complex:subtract:(Lorg/apache/commons/math/complex/Complex;)Lorg/apache/commons/math/complex/Complex;#493#5 prob_bp = 0.50000000027672840000
org.apache.commons.math.complex.Complex:atan:()Lorg/apache/commons/math/complex/Complex;#587#28 prob_bp = 0.50000000034772740000
org.apache.commons.math.complex.Complex:createComplex:(DD)Lorg/apache/commons/math/complex/Complex;#1131#4 prob_bp = 0.50000000039010100000
org.apache.commons.math.util.FastMath:log:(D[D)D#1266#1 prob_bp = 0.50000000045685570000
org.apache.commons.math.util.FastMath:log:(D[D)D#1266#2 prob_bp = 0.50000000047303270000
org.apache.commons.math.complex.Complex:log:()Lorg/apache/commons/math/complex/Complex;#750#0 prob_bp = 0.50000000083830440000
org.apache.commons.math.util.FastMath:atan2:(DD)D#2973#6 prob_bp = 0.50000000084281930000
org.apache.commons.math.util.FastMath:atan2:(DD)D#2973#7 prob_bp = 0.50000000084281930000
org.apache.commons.math.complex.Complex:abs:()D#118#0 prob_bp = 0.50000000133966670000
org.apache.commons.math.complex.Complex:<init>:(DD)V#106#74 prob_bp = 0.50000000156784820000
org.apache.commons.math.complex.Complex:<init>:(DD)V#106#75 prob_bp = 0.50000000156784820000
org.apache.commons.math.complex.Complex:<init>:(DD)V#106#76 prob_bp = 0.50000000161726550000
org.apache.commons.math.complex.Complex:log:()Lorg/apache/commons/math/complex/Complex;#750#1 prob_bp = 0.50000000163774490000
org.apache.commons.math.util.FastMath:log:(D[D)D#1272#22 prob_bp = 0.50000000183208500000
org.apache.commons.math.complex.Complex:abs:()D#118#1 prob_bp = 0.50000000191481620000
org.apache.commons.math.util.FastMath:atan2:(DD)D#2973#8 prob_bp = 0.50000000204682030000
org.apache.commons.math.complex.Complex:divide:(Lorg/apache/commons/math/complex/Complex;)Lorg/apache/commons/math/complex/Complex;#277#144 prob_bp = 0.50000000237676600000
org.apache.commons.math.complex.Complex:divide:(Lorg/apache/commons/math/complex/Complex;)Lorg/apache/commons/math/complex/Complex;#267#64 prob_bp = 0.50000000244218430000
org.apache.commons.math.complex.Complex:divide:(Lorg/apache/commons/math/complex/Complex;)Lorg/apache/commons/math/complex/Complex;#267#65 prob_bp = 0.50000000278717480000
org.apache.commons.math.complex.Complex:abs:()D#121#11 prob_bp = 0.50000000371448300000
org.apache.commons.math.complex.Complex:getReal:()D#368#0 prob_bp = 0.50000000399471870000
org.apache.commons.math.complex.Complex:divide:(Lorg/apache/commons/math/complex/Complex;)Lorg/apache/commons/math/complex/Complex;#277#146 prob_bp = 0.50000000486763120000
org.apache.commons.math.complex.Complex:divide:(Lorg/apache/commons/math/complex/Complex;)Lorg/apache/commons/math/complex/Complex;#277#148 prob_bp = 0.50000000524946190000
org.apache.commons.math.complex.Complex:<init>:(DD)V#104#45 prob_bp = 0.50000000545599880000
org.apache.commons.math.complex.Complex:abs:()D#121#12 prob_bp = 0.50000000551438430000
org.apache.commons.math.complex.Complex:<init>:(DD)V#104#46 prob_bp = 0.50000000570856340000
org.apache.commons.math.complex.Complex:add:(Lorg/apache/commons/math/complex/Complex;)Lorg/apache/commons/math/complex/Complex;#159#0 prob_bp = 0.50000000621331890000
org.apache.commons.math.complex.Complex:add:(Lorg/apache/commons/math/complex/Complex;)Lorg/apache/commons/math/complex/Complex;#159#1 prob_bp = 0.50000000634288040000
org.apache.commons.math.complex.Complex:<init>:(DD)V#104#49 prob_bp = 0.50000000671671250000
org.apache.commons.math.complex.Complex:getReal:()D#368#1 prob_bp = 0.50000000822139560000
org.apache.commons.math.util.FastMath:log:(D[D)D#1272#28 prob_bp = 0.50000001434454680000
org.apache.commons.math.complex.Complex:<clinit>:()V#58#9 prob_bp = 0.50000001587844370000
org.apache.commons.math.complex.Complex:divide:(Lorg/apache/commons/math/complex/Complex;)Lorg/apache/commons/math/complex/Complex;#277#149 prob_bp = 0.50000001948368020000
org.apache.commons.math.complex.Complex:<init>:(DD)V#103#15 prob_bp = 0.50000002003403240000
org.apache.commons.math.complex.Complex:<init>:(DD)V#103#16 prob_bp = 0.50000002049481180000
org.apache.commons.math.complex.Complex:<init>:(DD)V#103#19 prob_bp = 0.50000002143134700000
org.apache.commons.math.complex.Complex:add:(Lorg/apache/commons/math/complex/Complex;)Lorg/apache/commons/math/complex/Complex;#160#4 prob_bp = 0.50000002218980400000
org.apache.commons.math.complex.Complex:add:(Lorg/apache/commons/math/complex/Complex;)Lorg/apache/commons/math/complex/Complex;#160#5 prob_bp = 0.50000002311496690000
org.apache.commons.math.complex.Complex:divide:(Lorg/apache/commons/math/complex/Complex;)Lorg/apache/commons/math/complex/Complex;#278#173 prob_bp = 0.50000002693997050000
org.apache.commons.math.complex.Complex:subtract:(Lorg/apache/commons/math/complex/Complex;)Lorg/apache/commons/math/complex/Complex;#493#8 prob_bp = 0.50000002884870740000
org.apache.commons.math.complex.Complex:divide:(Lorg/apache/commons/math/complex/Complex;)Lorg/apache/commons/math/complex/Complex;#278#174 prob_bp = 0.50000003083437780000
org.apache.commons.math.complex.Complex:getReal:()D#368#4 prob_bp = 0.50000003672802210000
org.apache.commons.math.complex.Complex:abs:()D#118#4 prob_bp = 0.50000003738005480000
org.apache.commons.math.complex.Complex:divide:(Lorg/apache/commons/math/complex/Complex;)Lorg/apache/commons/math/complex/Complex;#277#150 prob_bp = 0.50000004746186310000
org.apache.commons.math.complex.Complex:<init>:(DD)V#106#77 prob_bp = 0.50000004873625260000
org.apache.commons.math.complex.Complex:<init>:(DD)V#103#22 prob_bp = 0.50000006419990960000
org.apache.commons.math.util.FastMath:atan2:(DD)D#3003#97 prob_bp = 0.50000006464183610000
org.apache.commons.math.complex.Complex:<init>:(DD)V#103#23 prob_bp = 0.50000006738922380000
org.apache.commons.math.util.FastMath:atan2:(DD)D#2973#0 prob_bp = 0.50000007298370300000
org.apache.commons.math.util.FastMath:atan2:(DD)D#2973#1 prob_bp = 0.50000007298370300000
org.apache.commons.math.util.FastMath:atan2:(DD)D#2973#2 prob_bp = 0.50000007556399570000
org.apache.commons.math.complex.Complex:divide:(Lorg/apache/commons/math/complex/Complex;)Lorg/apache/commons/math/complex/Complex;#268#69 prob_bp = 0.50000007879345400000
org.apache.commons.math.complex.Complex:<init>:(DD)V#103#26 prob_bp = 0.50000007918090070000
org.apache.commons.math.complex.Complex:divide:(Lorg/apache/commons/math/complex/Complex;)Lorg/apache/commons/math/complex/Complex;#268#70 prob_bp = 0.50000008158168440000
org.apache.commons.math.complex.Complex:divide:(Lorg/apache/commons/math/complex/Complex;)Lorg/apache/commons/math/complex/Complex;#278#177 prob_bp = 0.50000008207887000000
org.apache.commons.math.complex.Complex:divide:(Lorg/apache/commons/math/complex/Complex;)Lorg/apache/commons/math/complex/Complex;#276#142 prob_bp = 0.50000008357043800000
org.apache.commons.math.complex.Complex:divide:(Lorg/apache/commons/math/complex/Complex;)Lorg/apache/commons/math/complex/Complex;#278#179 prob_bp = 0.50000008851736410000
org.apache.commons.math.complex.Complex:add:(Lorg/apache/commons/math/complex/Complex;)Lorg/apache/commons/math/complex/Complex;#160#8 prob_bp = 0.50000009359264640000
org.apache.commons.math.complex.Complex:log:()Lorg/apache/commons/math/complex/Complex;#750#4 prob_bp = 0.50000009568534230000
org.apache.commons.math.util.FastMath:log:(D[D)D#1283#56 prob_bp = 0.50000011413818910000
org.apache.commons.math.util.FastMath:atan2:(DD)D#2977#16 prob_bp = 0.50000011459835350000
org.apache.commons.math.complex.Complex:<init>:(DD)V#104#52 prob_bp = 0.50000012100210380000
org.apache.commons.math.complex.Complex:<init>:(DD)V#104#53 prob_bp = 0.50000012803850510000
org.apache.commons.math.complex.Complex:subtract:(Lorg/apache/commons/math/complex/Complex;)Lorg/apache/commons/math/complex/Complex;#497#44 prob_bp = 0.50000012990212000000
org.apache.commons.math.complex.Complex:divide:(Lorg/apache/commons/math/complex/Complex;)Lorg/apache/commons/math/complex/Complex;#267#68 prob_bp = 0.50000013655822360000
org.apache.commons.math.complex.Complex:<init>:(DD)V#104#56 prob_bp = 0.50000015607594020000
org.apache.commons.math.util.FastMath:atan2:(DD)D#3003#98 prob_bp = 0.50000018365089640000
org.apache.commons.math.util.FastMath:atan2:(DD)D#3003#101 prob_bp = 0.50000019014049910000
org.apache.commons.math.complex.Complex:log:()Lorg/apache/commons/math/complex/Complex;#754#19 prob_bp = 0.50000019798787150000
org.apache.commons.math.complex.Complex:divide:(Lorg/apache/commons/math/complex/Complex;)Lorg/apache/commons/math/complex/Complex;#268#73 prob_bp = 0.50000020646495410000
org.apache.commons.math.complex.Complex:log:()Lorg/apache/commons/math/complex/Complex;#754#20 prob_bp = 0.50000022735797380000
org.apache.commons.math.util.FastMath:atan2:(DD)D#2977#17 prob_bp = 0.50000026966443510000
org.apache.commons.math.util.FastMath:atan2:(DD)D#2977#18 prob_bp = 0.50000027919192110000
org.apache.commons.math.complex.Complex:log:()Lorg/apache/commons/math/complex/Complex;#754#27 prob_bp = 0.50000033117617700000
org.apache.commons.math.complex.Complex:divide:(Lorg/apache/commons/math/complex/Complex;)Lorg/apache/commons/math/complex/Complex;#270#79 prob_bp = 0.50000036916175420000
org.apache.commons.math.util.FastMath:log:(D[D)D#1266#3 prob_bp = 0.50000040327120050000
org.apache.commons.math.complex.Complex:subtract:(Lorg/apache/commons/math/complex/Complex;)Lorg/apache/commons/math/complex/Complex;#493#11 prob_bp = 0.50000044798109840000
org.apache.commons.math.complex.Complex:divide:(Lorg/apache/commons/math/complex/Complex;)Lorg/apache/commons/math/complex/Complex;#270#75 prob_bp = 0.50000046185271760000
org.apache.commons.math.complex.Complex:subtract:(Lorg/apache/commons/math/complex/Complex;)Lorg/apache/commons/math/complex/Complex;#493#12 prob_bp = 0.50000051647951890000
org.apache.commons.math.complex.Complex:divide:(Lorg/apache/commons/math/complex/Complex;)Lorg/apache/commons/math/complex/Complex;#278#169 prob_bp = 0.50000065162746820000
org.apache.commons.math.complex.Complex:divide:(Lorg/apache/commons/math/complex/Complex;)Lorg/apache/commons/math/complex/Complex;#278#170 prob_bp = 0.50000074582663000000
org.apache.commons.math.complex.Complex:divide:(Lorg/apache/commons/math/complex/Complex;)Lorg/apache/commons/math/complex/Complex;#278#180 prob_bp = 0.50000093613186890000
org.apache.commons.math.complex.Complex:divide:(Lorg/apache/commons/math/complex/Complex;)Lorg/apache/commons/math/complex/Complex;#270#81 prob_bp = 0.50000102258906600000
org.apache.commons.math.complex.Complex:multiply:(Lorg/apache/commons/math/complex/Complex;)Lorg/apache/commons/math/complex/Complex;#421#0 prob_bp = 0.50000104450177820000
org.apache.commons.math.complex.Complex:divide:(Lorg/apache/commons/math/complex/Complex;)Lorg/apache/commons/math/complex/Complex;#270#76 prob_bp = 0.50000162558102690000
org.apache.commons.math.complex.Complex:multiply:(Lorg/apache/commons/math/complex/Complex;)Lorg/apache/commons/math/complex/Complex;#421#1 prob_bp = 0.50000178958222310000
org.apache.commons.math.complex.Complex:add:(Lorg/apache/commons/math/complex/Complex;)Lorg/apache/commons/math/complex/Complex;#160#11 prob_bp = 0.50000220037956220000
org.apache.commons.math.complex.Complex:add:(Lorg/apache/commons/math/complex/Complex;)Lorg/apache/commons/math/complex/Complex;#160#12 prob_bp = 0.50000234023940300000
org.apache.commons.math.util.FastMath:atan2:(DD)D#2973#3 prob_bp = 0.50000315946618980000
org.apache.commons.math.complex.Complex:<init>:(DD)V#103#14 prob_bp = 0.50000437294416700000
org.apache.commons.math.complex.Complex:<init>:(DD)V#103#33 prob_bp = 0.50000440083147380000
org.apache.commons.math.complex.Complex:<init>:(DD)V#103#34 prob_bp = 0.50000457776062720000
org.apache.commons.math.util.MathUtils:checkNotNull:(Ljava/lang/Object;)V#2334#0 prob_bp = 0.50000458065170760000
org.apache.commons.math.complex.Complex:divide:(Lorg/apache/commons/math/complex/Complex;)Lorg/apache/commons/math/complex/Complex;#277#151 prob_bp = 0.50000507447109310000
org.apache.commons.math.complex.Complex:<init>:(DD)V#104#63 prob_bp = 0.50000637867940180000
org.apache.commons.math.complex.Complex:divide:(Lorg/apache/commons/math/complex/Complex;)Lorg/apache/commons/math/complex/Complex;#263#46 prob_bp = 0.50000664863426960000
org.apache.commons.math.complex.Complex:divide:(Lorg/apache/commons/math/complex/Complex;)Lorg/apache/commons/math/complex/Complex;#263#47 prob_bp = 0.50000754621031130000
org.apache.commons.math.complex.Complex:multiply:(Lorg/apache/commons/math/complex/Complex;)Lorg/apache/commons/math/complex/Complex;#422#11 prob_bp = 0.50000768839511640000
org.apache.commons.math.complex.Complex:abs:()D#121#15 prob_bp = 0.50001040386081950000
org.apache.commons.math.complex.Complex:atan:()Lorg/apache/commons/math/complex/Complex;#587#45 prob_bp = 0.50001042154627820000
org.apache.commons.math.complex.Complex:<init>:(DD)V#104#37 prob_bp = 0.50001042345465430000
org.apache.commons.math.complex.Complex:subtract:(Lorg/apache/commons/math/complex/Complex;)Lorg/apache/commons/math/complex/Complex;#493#15 prob_bp = 0.50001044393554750000
org.apache.commons.math.complex.Complex:multiply:(Lorg/apache/commons/math/complex/Complex;)Lorg/apache/commons/math/complex/Complex;#422#12 prob_bp = 0.50001093309500700000
org.apache.commons.math.complex.Complex:<init>:(DD)V#104#64 prob_bp = 0.50001166330735410000
org.apache.commons.math.util.MathUtils:checkNotNull:(Ljava/lang/Object;)V#2334#1 prob_bp = 0.50001507270380600000
org.apache.commons.math.complex.Complex:divide:(Lorg/apache/commons/math/complex/Complex;)Lorg/apache/commons/math/complex/Complex;#278#181 prob_bp = 0.50001523004891100000
org.apache.commons.math.complex.Complex:add:(Lorg/apache/commons/math/complex/Complex;)Lorg/apache/commons/math/complex/Complex;#160#15 prob_bp = 0.50002259163651350000
org.apache.commons.math.complex.Complex:multiply:(Lorg/apache/commons/math/complex/Complex;)Lorg/apache/commons/math/complex/Complex;#422#15 prob_bp = 0.50002390950848030000
org.apache.commons.math.util.FastMath:atan2:(DD)D#2973#9 prob_bp = 0.50002474342935380000
org.apache.commons.math.complex.Complex:isInfinite:()Z#392#0 prob_bp = 0.50002573267200620000
org.apache.commons.math.complex.Complex:multiply:(Lorg/apache/commons/math/complex/Complex;)Lorg/apache/commons/math/complex/Complex;#422#4 prob_bp = 0.50003120473563430000
org.apache.commons.math.complex.Complex:divide:(Lorg/apache/commons/math/complex/Complex;)Lorg/apache/commons/math/complex/Complex;#278#183 prob_bp = 0.50003574638002380000
org.apache.commons.math.util.FastMath:abs:(D)D#3410#11 prob_bp = 0.50004135288402510000
org.apache.commons.math.util.FastMath:abs:(D)D#3410#12 prob_bp = 0.50004136155256410000
org.apache.commons.math.util.FastMath:abs:(D)D#3410#13 prob_bp = 0.50004266351381530000
org.apache.commons.math.complex.Complex:isInfinite:()Z#392#1 prob_bp = 0.50004784401131700000
org.apache.commons.math.complex.Complex:multiply:(Lorg/apache/commons/math/complex/Complex;)Lorg/apache/commons/math/complex/Complex;#422#5 prob_bp = 0.50007360559162900000
org.apache.commons.math.util.FastMath:abs:(D)D#3410#17 prob_bp = 0.50007739220007070000
org.apache.commons.math.complex.Complex:divide:(Lorg/apache/commons/math/complex/Complex;)Lorg/apache/commons/math/complex/Complex;#270#84 prob_bp = 0.50009785141865770000
org.apache.commons.math.util.FastMath:atan2:(DD)D#3003#102 prob_bp = 0.50015003533129940000
org.apache.commons.math.util.FastMath:abs:(D)D#3410#0 prob_bp = 0.50019264279399510000
org.apache.commons.math.util.FastMath:abs:(D)D#3410#1 prob_bp = 0.50019264391040020000
org.apache.commons.math.util.FastMath:abs:(D)D#3410#2 prob_bp = 0.50019653341586670000
org.apache.commons.math.util.FastMath:atan2:(DD)D#2977#19 prob_bp = 0.50019672858747520000
org.apache.commons.math.complex.Complex:<init>:(DD)V#100#5 prob_bp = 0.50020519435702040000
org.apache.commons.math.complex.Complex:<init>:(DD)V#100#4 prob_bp = 0.50020519739577020000
org.apache.commons.math.complex.Complex:<init>:(DD)V#100#6 prob_bp = 0.50020934273545710000
org.apache.commons.math.complex.Complex:divide:(Lorg/apache/commons/math/complex/Complex;)Lorg/apache/commons/math/complex/Complex;#263#50 prob_bp = 0.50097770784040740000
org.apache.commons.math.util.FastMath:abs:(D)D#3410#14 prob_bp = 0.50128920604002400000
org.apache.commons.math.complex.Complex:isInfinite:()Z#392#4 prob_bp = 0.50146886480361230000
org.apache.commons.math.util.FastMath:abs:(D)D#3410#3 prob_bp = 0.50173375393069370000
org.apache.commons.math.complex.Complex:multiply:(Lorg/apache/commons/math/complex/Complex;)Lorg/apache/commons/math/complex/Complex;#422#8 prob_bp = 0.50382890403705270000
org.apache.commons.math.util.FastMath:abs:(D)D#3410#21 prob_bp = 0.50889024799190720000
org.apache.commons.math.util.FastMath:abs:(D)D#3410#22 prob_bp = 0.51275029791293420000
org.apache.commons.math.complex.Complex:divide:(Lorg/apache/commons/math/complex/Complex;)Lorg/apache/commons/math/complex/Complex;#270#85 prob_bp = 0.75465016701420980000
org.apache.commons.math.complex.Complex:divide:(Lorg/apache/commons/math/complex/Complex;)Lorg/apache/commons/math/complex/Complex;#278#184 prob_bp = 0.89961618253978340000
org.apache.commons.math.complex.Complex:isNaN:()Z#379#0 prob_bp = 0.98959527652721310000
org.apache.commons.math.complex.Complex:isNaN:()Z#379#4 prob_bp = 0.99004961599305240000
org.apache.commons.math.complex.Complex:isNaN:()Z#379#1 prob_bp = 0.99007359778127340000
org.apache.commons.math.complex.Complex:createComplex:(DD)Lorg/apache/commons/math/complex/Complex;#1131#5 prob_bp = 0.99826598082428450000
org.apache.commons.math.complex.Complex:divide:(Lorg/apache/commons/math/complex/Complex;)Lorg/apache/commons/math/complex/Complex;#278#187 prob_bp = 0.99950975830720430000
org.apache.commons.math.complex.Complex:createComplex:(DD)Lorg/apache/commons/math/complex/Complex;#1131#3 prob_bp = 0.99953270483366730000
org.apache.commons.math.complex.Complex:atan:()Lorg/apache/commons/math/complex/Complex;#587#48 prob_bp = 0.99989967970310380000
org.apache.commons.math.complex.Complex:<init>:(DD)V#101#10 prob_bp = 0.99998802320354650000
org.apache.commons.math.complex.Complex:<init>:(DD)V#101#9 prob_bp = 0.99999378389342260000
org.apache.commons.math.complex.Complex:<init>:(DD)V#101#11 prob_bp = 0.99999757031841190000
org.apache.commons.math.complex.Complex:log:()Lorg/apache/commons/math/complex/Complex;#754#33 prob_bp = 0.99999899760402080000
org.apache.commons.math.complex.Complex:createComplex:(DD)Lorg/apache/commons/math/complex/Complex;#1131#6 prob_bp = 0.99999969626327670000
org.apache.commons.math.complex.Complex:<clinit>:()V#61#25 prob_bp = 0.99999999453200250000
org.apache.commons.math.complex.Complex:getImaginary:()D#359#1 prob_bp = 0.99999999999902830000
org.apache.commons.math.complex.Complex:getImaginary:()D#359#0 prob_bp = 0.99999999999999960000
org.apache.commons.math.complex.ComplexTest:testDivideZero:()V#230#0 prob_bp = 1.00000000000000000000
org.apache.commons.math.complex.ComplexTest:testDivideZero:()V#230#3 prob_bp = 1.00000000000000000000
org.apache.commons.math.complex.ComplexTest:testDivideZero:()V#230#4 prob_bp = 1.00000000000000000000
org.apache.commons.math.complex.ComplexTest:testDivideZero:()V#230#7 prob_bp = 1.00000000000000000000
org.apache.commons.math.complex.ComplexTest:testDivideZero:()V#230#10 prob_bp = 1.00000000000000000000
org.apache.commons.math.complex.ComplexTest:testDivideZero:()V#230#13 prob_bp = 1.00000000000000000000
org.apache.commons.math.complex.ComplexTest:testDivideZero:()V#231#14 prob_bp = 1.00000000000000000000
org.apache.commons.math.complex.ComplexTest:testDivideZero:()V#231#15 prob_bp = 1.00000000000000000000
org.apache.commons.math.complex.ComplexTest:testDivideZero:()V#231#18 prob_bp = 1.00000000000000000000
org.apache.commons.math.complex.ComplexTest:testDivideZero:()V#231#21 prob_bp = 1.00000000000000000000
org.apache.commons.math.complex.ComplexTest:testDivideZero:()V#233#22 prob_bp = 1.00000000000000000000
org.apache.commons.math.complex.ComplexTest:testDivideZero:()V#233#23 prob_bp = 1.00000000000000000000
org.apache.commons.math.complex.ComplexTest:testDivideZero:()V#233#26 prob_bp = 1.00000000000000000000
org.apache.commons.math.complex.ComplexTest:testAtanI:()V#577#0 prob_bp = 1.00000000000000000000
org.apache.commons.math.complex.ComplexTest:testAtanI:()V#577#3 prob_bp = 1.00000000000000000000
org.apache.commons.math.complex.Complex:getImaginary:()D#359#4 prob_bp = 1.00000000000000000000
org.apache.commons.math.complex.Complex:createComplex:(DD)Lorg/apache/commons/math/complex/Complex;#1131#0 prob_bp = 1.00000000000000000000
org.apache.commons.math.complex.Complex:createComplex:(DD)Lorg/apache/commons/math/complex/Complex;#1131#9 prob_bp = 1.00000000000000000000
org.apache.commons.math.complex.ComplexTest:testAtanI:()V#577#6 prob_bp = 1.00000000000000000000
org.apache.commons.math.complex.ComplexTest:testAtanI:()V#577#9 prob_bp = 1.00000000000000000000
Belief propagation time : 52.586000s
