Belief propagation time: 100

Probabilities: 
Vars:10720
Stmts:7340
org.jfree.chart.util.ShapeUtilities:equal:(Ljava/awt/geom/GeneralPath;Ljava/awt/geom/GeneralPath;)Z#295#186 prob_bp = 0.48606221940324046000
org.jfree.chart.util.ShapeUtilities:equal:(Ljava/awt/geom/GeneralPath;Ljava/awt/geom/GeneralPath;)Z#295#185 prob_bp = 0.48663488350606177000
org.jfree.chart.util.ShapeUtilities:equal:(Ljava/awt/geom/GeneralPath;Ljava/awt/geom/GeneralPath;)Z#279#84 prob_bp = 0.49967219285849540000
org.jfree.chart.util.ShapeUtilities:equal:(Ljava/awt/geom/GeneralPath;Ljava/awt/geom/GeneralPath;)Z#279#82 prob_bp = 0.49978787540850110000
org.jfree.chart.util.ShapeUtilities:equal:(Ljava/awt/geom/GeneralPath;Ljava/awt/geom/GeneralPath;)Z#293#180 prob_bp = 0.49981654970431630000
org.jfree.chart.util.ShapeUtilities:equal:(Ljava/awt/geom/GeneralPath;Ljava/awt/geom/GeneralPath;)Z#293#175 prob_bp = 0.49982365681118580000
org.jfree.chart.util.ShapeUtilities:equal:(Ljava/awt/geom/GeneralPath;Ljava/awt/geom/GeneralPath;)Z#288#140 prob_bp = 0.49999818142273810000
org.jfree.chart.util.ShapeUtilities:equal:(Ljava/awt/geom/GeneralPath;Ljava/awt/geom/GeneralPath;)Z#293#172 prob_bp = 0.49999955770620590000
org.jfree.chart.util.ShapeUtilities:equal:(Ljava/awt/geom/GeneralPath;Ljava/awt/geom/GeneralPath;)Z#288#137 prob_bp = 0.49999998709598403000
org.jfree.chart.util.ShapeUtilities:equal:(Ljava/awt/geom/GeneralPath;Ljava/awt/geom/GeneralPath;)Z#288#133 prob_bp = 0.49999999469011586000
org.jfree.chart.util.ShapeUtilities:equal:(Ljava/awt/geom/GeneralPath;Ljava/awt/geom/GeneralPath;)Z#288#135 prob_bp = 0.49999999469011590000
org.jfree.chart.util.ShapeUtilities:equal:(Ljava/awt/geom/GeneralPath;Ljava/awt/geom/GeneralPath;)Z#276#49 prob_bp = 0.49999999656973710000
org.jfree.chart.util.ShapeUtilities:equal:(Ljava/awt/geom/GeneralPath;Ljava/awt/geom/GeneralPath;)Z#277#55 prob_bp = 0.49999999656973710000
org.jfree.chart.util.ShapeUtilities:equal:(Ljava/awt/geom/GeneralPath;Ljava/awt/geom/GeneralPath;)Z#277#53 prob_bp = 0.49999999703495540000
org.jfree.chart.util.ShapeUtilities:equal:(Ljava/awt/geom/GeneralPath;Ljava/awt/geom/GeneralPath;)Z#276#47 prob_bp = 0.49999999703495550000
org.jfree.chart.util.ShapeUtilities:equal:(Ljava/awt/geom/GeneralPath;Ljava/awt/geom/GeneralPath;)Z#276#45 prob_bp = 0.49999999715009996000
org.jfree.chart.util.ShapeUtilities:equal:(Ljava/awt/geom/GeneralPath;Ljava/awt/geom/GeneralPath;)Z#277#51 prob_bp = 0.49999999715009996000
org.jfree.chart.util.ShapeUtilities:equal:(Ljava/awt/geom/GeneralPath;Ljava/awt/geom/GeneralPath;)Z#293#167 prob_bp = 0.49999999856258476000
org.jfree.chart.util.ShapeUtilities:equal:(Ljava/awt/geom/GeneralPath;Ljava/awt/geom/GeneralPath;)Z#293#163 prob_bp = 0.49999999888780550000
org.jfree.chart.util.ShapeUtilities:equal:(Ljava/awt/geom/GeneralPath;Ljava/awt/geom/GeneralPath;)Z#293#166 prob_bp = 0.49999999965999176000
org.jfree.chart.util.ShapeUtilities:equal:(Ljava/awt/geom/GeneralPath;Ljava/awt/geom/GeneralPath;)Z#285#128 prob_bp = 0.49999999992111910000
org.jfree.chart.util.ShapeUtilities:equal:(Ljava/awt/geom/GeneralPath;Ljava/awt/geom/GeneralPath;)Z#275#44 prob_bp = 0.49999999993206300000
org.jfree.chart.util.ShapeUtilities:equal:(Ljava/awt/geom/GeneralPath;Ljava/awt/geom/GeneralPath;)Z#285#124 prob_bp = 0.49999999998139016000
org.jfree.chart.util.ShapeUtilities:equal:(Ljava/awt/geom/GeneralPath;Ljava/awt/geom/GeneralPath;)Z#285#126 prob_bp = 0.49999999998139020000
org.jfree.chart.util.ShapeUtilities:equal:(Ljava/awt/geom/GeneralPath;Ljava/awt/geom/GeneralPath;)Z#292#152 prob_bp = 0.49999999999535140000
org.jfree.chart.util.ShapeUtilities:equal:(Ljava/awt/geom/GeneralPath;Ljava/awt/geom/GeneralPath;)Z#283#112 prob_bp = 0.49999999999630760000
org.jfree.chart.util.ShapeUtilities:equal:(Ljava/awt/geom/GeneralPath;Ljava/awt/geom/GeneralPath;)Z#284#122 prob_bp = 0.49999999999630760000
org.jfree.chart.util.ShapeUtilities:equal:(Ljava/awt/geom/GeneralPath;Ljava/awt/geom/GeneralPath;)Z#293#158 prob_bp = 0.49999999999639183000
org.jfree.chart.util.ShapeUtilities:equal:(Ljava/awt/geom/GeneralPath;Ljava/awt/geom/GeneralPath;)Z#292#151 prob_bp = 0.49999999999890166000
org.jfree.chart.util.ShapeUtilities:equal:(Ljava/awt/geom/GeneralPath;Ljava/awt/geom/GeneralPath;)Z#293#157 prob_bp = 0.49999999999914746000
org.jfree.chart.util.ShapeUtilities:equal:(Ljava/awt/geom/GeneralPath;Ljava/awt/geom/GeneralPath;)Z#271#28 prob_bp = 0.49999999999951955000
org.jfree.chart.util.ShapeUtilities:equal:(Ljava/awt/geom/GeneralPath;Ljava/awt/geom/GeneralPath;)Z#275#41 prob_bp = 0.49999999999967404000
org.jfree.chart.util.ShapeUtilities:equal:(Ljava/awt/geom/GeneralPath;Ljava/awt/geom/GeneralPath;)Z#275#40 prob_bp = 0.49999999999968680000
org.jfree.chart.util.ShapeUtilities:equal:(Ljava/awt/geom/GeneralPath;Ljava/awt/geom/GeneralPath;)Z#275#39 prob_bp = 0.49999999999971750000
org.jfree.chart.util.ShapeUtilities:equal:(Ljava/awt/geom/GeneralPath;Ljava/awt/geom/GeneralPath;)Z#274#38 prob_bp = 0.49999999999982970000
org.jfree.chart.util.ShapeUtilities:equal:(Ljava/awt/geom/GeneralPath;Ljava/awt/geom/GeneralPath;)Z#291#146 prob_bp = 0.49999999999998834000
org.jfree.chart.util.ShapeUtilities:equal:(Ljava/awt/geom/GeneralPath;Ljava/awt/geom/GeneralPath;)Z#271#21 prob_bp = 0.49999999999999070000
org.jfree.chart.util.ShapeUtilities:equal:(Ljava/awt/geom/GeneralPath;Ljava/awt/geom/GeneralPath;)Z#271#20 prob_bp = 0.49999999999999200000
org.jfree.chart.util.ShapeUtilities:equal:(Ljava/awt/geom/GeneralPath;Ljava/awt/geom/GeneralPath;)Z#271#25 prob_bp = 0.49999999999999610000
org.jfree.chart.util.ShapeUtilities:equal:(Ljava/awt/geom/GeneralPath;Ljava/awt/geom/GeneralPath;)Z#268#15 prob_bp = 0.49999999999999617000
org.jfree.chart.util.ShapeUtilities:equal:(Ljava/awt/geom/GeneralPath;Ljava/awt/geom/GeneralPath;)Z#280#99 prob_bp = 0.49999999999999700000
org.jfree.chart.util.ShapeUtilities:equal:(Ljava/awt/geom/GeneralPath;Ljava/awt/geom/GeneralPath;)Z#268#14 prob_bp = 0.49999999999999734000
org.jfree.chart.util.ShapeUtilities:equal:(Ljava/awt/geom/GeneralPath;Ljava/awt/geom/GeneralPath;)Z#291#145 prob_bp = 0.49999999999999734000
org.jfree.chart.util.ShapeUtilities:equal:(Ljava/awt/geom/GeneralPath;Ljava/awt/geom/GeneralPath;)Z#271#24 prob_bp = 0.49999999999999745000
org.jfree.chart.util.ShapeUtilities:equal:(Ljava/awt/geom/GeneralPath;Ljava/awt/geom/GeneralPath;)Z#274#35 prob_bp = 0.49999999999999767000
org.jfree.chart.util.ShapeUtilities:equal:(Ljava/awt/geom/GeneralPath;Ljava/awt/geom/GeneralPath;)Z#274#34 prob_bp = 0.49999999999999780000
org.jfree.chart.util.ShapeUtilities:equal:(Ljava/awt/geom/GeneralPath;Ljava/awt/geom/GeneralPath;)Z#274#33 prob_bp = 0.49999999999999784000
org.jfree.chart.util.ShapeUtilities:equal:(Ljava/awt/geom/GeneralPath;Ljava/awt/geom/GeneralPath;)Z#284#117 prob_bp = 0.49999999999999967000
org.jfree.chart.util.ShapeUtilities:equal:(Ljava/awt/geom/GeneralPath;Ljava/awt/geom/GeneralPath;)Z#265#1 prob_bp = 0.49999999999999983000
org.jfree.chart.util.ShapeUtilities:equal:(Ljava/awt/geom/GeneralPath;Ljava/awt/geom/GeneralPath;)Z#280#87 prob_bp = 0.49999999999999990000
org.jfree.chart.util.ShapeUtilities:equal:(Ljava/awt/geom/GeneralPath;Ljava/awt/geom/GeneralPath;)Z#283#105 prob_bp = 0.49999999999999990000
org.jfree.chart.util.ShapeUtilities:equal:(Ljava/awt/geom/GeneralPath;Ljava/awt/geom/GeneralPath;)Z#283#107 prob_bp = 0.49999999999999990000
org.jfree.chart.util.ShapeUtilities:equal:(Ljava/awt/geom/GeneralPath;Ljava/awt/geom/GeneralPath;)Z#284#114 prob_bp = 0.49999999999999990000
org.jfree.chart.util.ShapeUtilities:equal:(Ljava/awt/geom/GeneralPath;Ljava/awt/geom/GeneralPath;)Z#278#63 prob_bp = 0.49999999999999994000
org.jfree.chart.util.ShapeUtilities:equal:(Ljava/awt/geom/GeneralPath;Ljava/awt/geom/GeneralPath;)Z#280#88 prob_bp = 0.49999999999999994000
org.jfree.chart.util.ShapeUtilities:equal:(Ljava/awt/geom/GeneralPath;Ljava/awt/geom/GeneralPath;)Z#265#0 prob_bp = 0.50000000000000000000
org.jfree.chart.util.ShapeUtilities:equal:(Ljava/awt/geom/GeneralPath;Ljava/awt/geom/GeneralPath;)Z#278#57 prob_bp = 0.50000000000000000000
org.jfree.chart.util.ShapeUtilities:equal:(Ljava/awt/geom/GeneralPath;Ljava/awt/geom/GeneralPath;)Z#278#79 prob_bp = 0.50000000000000000000
org.jfree.chart.util.ShapeUtilities:equal:(Ljava/awt/geom/GeneralPath;Ljava/awt/geom/GeneralPath;)Z#278#80 prob_bp = 0.50000000000000000000
org.jfree.chart.util.ShapeUtilities:equal:(Ljava/awt/geom/GeneralPath;Ljava/awt/geom/GeneralPath;)Z#283#104 prob_bp = 0.50000000000000000000
org.jfree.chart.util.ShapeUtilities:equal:(Ljava/awt/geom/GeneralPath;Ljava/awt/geom/GeneralPath;)Z#284#115 prob_bp = 0.50000000000000000000
org.jfree.chart.util.ShapeUtilities:equal:(Ljava/awt/geom/GeneralPath;Ljava/awt/geom/GeneralPath;)Z#293#179 prob_bp = 0.50000000000000000000
org.jfree.chart.util.ShapeUtilities:equal:(Ljava/awt/geom/GeneralPath;Ljava/awt/geom/GeneralPath;)Z#280#93 prob_bp = 0.50000000000000010000
org.jfree.chart.util.ShapeUtilities:equal:(Ljava/awt/geom/GeneralPath;Ljava/awt/geom/GeneralPath;)Z#278#58 prob_bp = 0.50000000000000020000
org.jfree.chart.util.ShapeUtilities:equal:(Ljava/awt/geom/GeneralPath;Ljava/awt/geom/GeneralPath;)Z#280#94 prob_bp = 0.50000000000000040000
org.jfree.chart.util.junit.ShapeUtilitiesTests:testEqualGeneralPaths:()V#192#0 prob_bp = 1.00000000000000000000
org.jfree.chart.util.junit.ShapeUtilitiesTests:testEqualGeneralPaths:()V#192#7 prob_bp = 1.00000000000000000000
org.jfree.chart.util.junit.ShapeUtilitiesTests:testEqualGeneralPaths:()V#193#8 prob_bp = 1.00000000000000000000
org.jfree.chart.util.junit.ShapeUtilitiesTests:testEqualGeneralPaths:()V#193#9 prob_bp = 1.00000000000000000000
org.jfree.chart.util.junit.ShapeUtilitiesTests:testEqualGeneralPaths:()V#193#10 prob_bp = 1.00000000000000000000
org.jfree.chart.util.junit.ShapeUtilitiesTests:testEqualGeneralPaths:()V#193#11 prob_bp = 1.00000000000000000000
org.jfree.chart.util.junit.ShapeUtilitiesTests:testEqualGeneralPaths:()V#194#14 prob_bp = 1.00000000000000000000
org.jfree.chart.util.junit.ShapeUtilitiesTests:testEqualGeneralPaths:()V#194#15 prob_bp = 1.00000000000000000000
org.jfree.chart.util.junit.ShapeUtilitiesTests:testEqualGeneralPaths:()V#194#17 prob_bp = 1.00000000000000000000
org.jfree.chart.util.junit.ShapeUtilitiesTests:testEqualGeneralPaths:()V#194#19 prob_bp = 1.00000000000000000000
org.jfree.chart.util.junit.ShapeUtilitiesTests:testEqualGeneralPaths:()V#195#22 prob_bp = 1.00000000000000000000
org.jfree.chart.util.junit.ShapeUtilitiesTests:testEqualGeneralPaths:()V#195#23 prob_bp = 1.00000000000000000000
org.jfree.chart.util.junit.ShapeUtilitiesTests:testEqualGeneralPaths:()V#195#25 prob_bp = 1.00000000000000000000
org.jfree.chart.util.junit.ShapeUtilitiesTests:testEqualGeneralPaths:()V#195#27 prob_bp = 1.00000000000000000000
org.jfree.chart.util.junit.ShapeUtilitiesTests:testEqualGeneralPaths:()V#195#29 prob_bp = 1.00000000000000000000
org.jfree.chart.util.junit.ShapeUtilitiesTests:testEqualGeneralPaths:()V#195#31 prob_bp = 1.00000000000000000000
org.jfree.chart.util.junit.ShapeUtilitiesTests:testEqualGeneralPaths:()V#195#33 prob_bp = 1.00000000000000000000
org.jfree.chart.util.junit.ShapeUtilitiesTests:testEqualGeneralPaths:()V#195#35 prob_bp = 1.00000000000000000000
org.jfree.chart.util.junit.ShapeUtilitiesTests:testEqualGeneralPaths:()V#196#38 prob_bp = 1.00000000000000000000
org.jfree.chart.util.junit.ShapeUtilitiesTests:testEqualGeneralPaths:()V#196#39 prob_bp = 1.00000000000000000000
org.jfree.chart.util.junit.ShapeUtilitiesTests:testEqualGeneralPaths:()V#196#40 prob_bp = 1.00000000000000000000
org.jfree.chart.util.junit.ShapeUtilitiesTests:testEqualGeneralPaths:()V#196#41 prob_bp = 1.00000000000000000000
org.jfree.chart.util.junit.ShapeUtilitiesTests:testEqualGeneralPaths:()V#196#43 prob_bp = 1.00000000000000000000
org.jfree.chart.util.junit.ShapeUtilitiesTests:testEqualGeneralPaths:()V#196#45 prob_bp = 1.00000000000000000000
org.jfree.chart.util.junit.ShapeUtilitiesTests:testEqualGeneralPaths:()V#197#48 prob_bp = 1.00000000000000000000
org.jfree.chart.util.junit.ShapeUtilitiesTests:testEqualGeneralPaths:()V#197#49 prob_bp = 1.00000000000000000000
org.jfree.chart.util.junit.ShapeUtilitiesTests:testEqualGeneralPaths:()V#198#52 prob_bp = 1.00000000000000000000
org.jfree.chart.util.junit.ShapeUtilitiesTests:testEqualGeneralPaths:()V#198#59 prob_bp = 1.00000000000000000000
org.jfree.chart.util.junit.ShapeUtilitiesTests:testEqualGeneralPaths:()V#199#60 prob_bp = 1.00000000000000000000
org.jfree.chart.util.junit.ShapeUtilitiesTests:testEqualGeneralPaths:()V#199#61 prob_bp = 1.00000000000000000000
org.jfree.chart.util.junit.ShapeUtilitiesTests:testEqualGeneralPaths:()V#199#62 prob_bp = 1.00000000000000000000
org.jfree.chart.util.junit.ShapeUtilitiesTests:testEqualGeneralPaths:()V#199#63 prob_bp = 1.00000000000000000000
org.jfree.chart.util.junit.ShapeUtilitiesTests:testEqualGeneralPaths:()V#200#66 prob_bp = 1.00000000000000000000
org.jfree.chart.util.junit.ShapeUtilitiesTests:testEqualGeneralPaths:()V#200#67 prob_bp = 1.00000000000000000000
org.jfree.chart.util.junit.ShapeUtilitiesTests:testEqualGeneralPaths:()V#200#69 prob_bp = 1.00000000000000000000
org.jfree.chart.util.junit.ShapeUtilitiesTests:testEqualGeneralPaths:()V#200#71 prob_bp = 1.00000000000000000000
org.jfree.chart.util.junit.ShapeUtilitiesTests:testEqualGeneralPaths:()V#201#74 prob_bp = 1.00000000000000000000
org.jfree.chart.util.junit.ShapeUtilitiesTests:testEqualGeneralPaths:()V#201#75 prob_bp = 1.00000000000000000000
org.jfree.chart.util.junit.ShapeUtilitiesTests:testEqualGeneralPaths:()V#201#77 prob_bp = 1.00000000000000000000
org.jfree.chart.util.junit.ShapeUtilitiesTests:testEqualGeneralPaths:()V#201#79 prob_bp = 1.00000000000000000000
org.jfree.chart.util.junit.ShapeUtilitiesTests:testEqualGeneralPaths:()V#201#81 prob_bp = 1.00000000000000000000
org.jfree.chart.util.junit.ShapeUtilitiesTests:testEqualGeneralPaths:()V#201#83 prob_bp = 1.00000000000000000000
org.jfree.chart.util.junit.ShapeUtilitiesTests:testEqualGeneralPaths:()V#201#85 prob_bp = 1.00000000000000000000
org.jfree.chart.util.junit.ShapeUtilitiesTests:testEqualGeneralPaths:()V#201#87 prob_bp = 1.00000000000000000000
org.jfree.chart.util.junit.ShapeUtilitiesTests:testEqualGeneralPaths:()V#202#90 prob_bp = 1.00000000000000000000
org.jfree.chart.util.junit.ShapeUtilitiesTests:testEqualGeneralPaths:()V#202#91 prob_bp = 1.00000000000000000000
org.jfree.chart.util.junit.ShapeUtilitiesTests:testEqualGeneralPaths:()V#202#92 prob_bp = 1.00000000000000000000
org.jfree.chart.util.junit.ShapeUtilitiesTests:testEqualGeneralPaths:()V#202#93 prob_bp = 1.00000000000000000000
org.jfree.chart.util.junit.ShapeUtilitiesTests:testEqualGeneralPaths:()V#202#95 prob_bp = 1.00000000000000000000
org.jfree.chart.util.junit.ShapeUtilitiesTests:testEqualGeneralPaths:()V#202#97 prob_bp = 1.00000000000000000000
org.jfree.chart.util.junit.ShapeUtilitiesTests:testEqualGeneralPaths:()V#203#100 prob_bp = 1.00000000000000000000
org.jfree.chart.util.junit.ShapeUtilitiesTests:testEqualGeneralPaths:()V#203#101 prob_bp = 1.00000000000000000000
org.jfree.chart.util.junit.ShapeUtilitiesTests:testEqualGeneralPaths:()V#204#104 prob_bp = 1.00000000000000000000
org.jfree.chart.util.junit.ShapeUtilitiesTests:testEqualGeneralPaths:()V#204#105 prob_bp = 1.00000000000000000000
org.jfree.chart.util.junit.ShapeUtilitiesTests:testEqualGeneralPaths:()V#204#106 prob_bp = 1.00000000000000000000
org.jfree.chart.util.junit.ShapeUtilitiesTests:testEqualGeneralPaths:()V#206#112 prob_bp = 1.00000000000000000000
org.jfree.chart.util.junit.ShapeUtilitiesTests:testEqualGeneralPaths:()V#206#119 prob_bp = 1.00000000000000000000
org.jfree.chart.util.junit.ShapeUtilitiesTests:testEqualGeneralPaths:()V#207#120 prob_bp = 1.00000000000000000000
org.jfree.chart.util.junit.ShapeUtilitiesTests:testEqualGeneralPaths:()V#207#121 prob_bp = 1.00000000000000000000
org.jfree.chart.util.junit.ShapeUtilitiesTests:testEqualGeneralPaths:()V#207#123 prob_bp = 1.00000000000000000000
org.jfree.chart.util.junit.ShapeUtilitiesTests:testEqualGeneralPaths:()V#207#125 prob_bp = 1.00000000000000000000
org.jfree.chart.util.junit.ShapeUtilitiesTests:testEqualGeneralPaths:()V#208#128 prob_bp = 1.00000000000000000000
org.jfree.chart.util.junit.ShapeUtilitiesTests:testEqualGeneralPaths:()V#208#129 prob_bp = 1.00000000000000000000
org.jfree.chart.util.junit.ShapeUtilitiesTests:testEqualGeneralPaths:()V#208#131 prob_bp = 1.00000000000000000000
org.jfree.chart.util.junit.ShapeUtilitiesTests:testEqualGeneralPaths:()V#208#133 prob_bp = 1.00000000000000000000
org.jfree.chart.util.junit.ShapeUtilitiesTests:testEqualGeneralPaths:()V#209#136 prob_bp = 1.00000000000000000000
org.jfree.chart.util.junit.ShapeUtilitiesTests:testEqualGeneralPaths:()V#209#137 prob_bp = 1.00000000000000000000
org.jfree.chart.util.junit.ShapeUtilitiesTests:testEqualGeneralPaths:()V#209#139 prob_bp = 1.00000000000000000000
org.jfree.chart.util.junit.ShapeUtilitiesTests:testEqualGeneralPaths:()V#209#141 prob_bp = 1.00000000000000000000
org.jfree.chart.util.junit.ShapeUtilitiesTests:testEqualGeneralPaths:()V#209#143 prob_bp = 1.00000000000000000000
org.jfree.chart.util.junit.ShapeUtilitiesTests:testEqualGeneralPaths:()V#209#145 prob_bp = 1.00000000000000000000
org.jfree.chart.util.junit.ShapeUtilitiesTests:testEqualGeneralPaths:()V#209#147 prob_bp = 1.00000000000000000000
org.jfree.chart.util.junit.ShapeUtilitiesTests:testEqualGeneralPaths:()V#209#149 prob_bp = 1.00000000000000000000
org.jfree.chart.util.junit.ShapeUtilitiesTests:testEqualGeneralPaths:()V#210#152 prob_bp = 1.00000000000000000000
org.jfree.chart.util.junit.ShapeUtilitiesTests:testEqualGeneralPaths:()V#210#153 prob_bp = 1.00000000000000000000
org.jfree.chart.util.junit.ShapeUtilitiesTests:testEqualGeneralPaths:()V#210#154 prob_bp = 1.00000000000000000000
org.jfree.chart.util.junit.ShapeUtilitiesTests:testEqualGeneralPaths:()V#210#155 prob_bp = 1.00000000000000000000
org.jfree.chart.util.junit.ShapeUtilitiesTests:testEqualGeneralPaths:()V#210#157 prob_bp = 1.00000000000000000000
org.jfree.chart.util.junit.ShapeUtilitiesTests:testEqualGeneralPaths:()V#210#159 prob_bp = 1.00000000000000000000
org.jfree.chart.util.junit.ShapeUtilitiesTests:testEqualGeneralPaths:()V#211#162 prob_bp = 1.00000000000000000000
org.jfree.chart.util.junit.ShapeUtilitiesTests:testEqualGeneralPaths:()V#211#163 prob_bp = 1.00000000000000000000
org.jfree.chart.util.junit.ShapeUtilitiesTests:testEqualGeneralPaths:()V#212#166 prob_bp = 1.00000000000000000000
org.jfree.chart.util.junit.ShapeUtilitiesTests:testEqualGeneralPaths:()V#212#167 prob_bp = 1.00000000000000000000
org.jfree.chart.util.junit.ShapeUtilitiesTests:testEqualGeneralPaths:()V#212#168 prob_bp = 1.00000000000000000000
org.jfree.chart.util.junit.ShapeUtilitiesTests:testEqualGeneralPaths:()V#212#171 prob_bp = 1.00000000000000000000
Belief propagation time : 2.200000s
