Belief propagation time: 93

Probabilities: 
Vars:28774
Stmts:3054
org.apache.commons.lang3.text.ExtendedMessageFormat:parseFormatDescription:(Ljava/lang/String;Ljava/text/ParsePosition;)Ljava/lang/String;#347#21 prob_bp = 0.49999999999999970000
org.apache.commons.lang3.text.ExtendedMessageFormat:applyPattern:(Ljava/lang/String;)V#181#257 prob_bp = 0.49999999999999980000
org.apache.commons.lang3.text.ExtendedMessageFormat:insertFormats:(Ljava/lang/String;Ljava/util/ArrayList;)Ljava/lang/String;#383#53 prob_bp = 0.49999999999999983000
org.apache.commons.lang3.text.ExtendedMessageFormatTest$UpperCaseFormatFactory:<clinit>:()V#423#8 prob_bp = 0.49999999999999990000
org.apache.commons.lang3.text.ExtendedMessageFormat:applyPattern:(Ljava/lang/String;)V#167#155 prob_bp = 0.49999999999999990000
org.apache.commons.lang3.text.ExtendedMessageFormat:readArgumentIndex:(Ljava/lang/String;Ljava/text/ParsePosition;)I#305#29 prob_bp = 0.49999999999999990000
org.apache.commons.lang3.text.ExtendedMessageFormat:applyPattern:(Ljava/lang/String;)V#190#340 prob_bp = 0.49999999999999994000
org.apache.commons.lang3.text.ExtendedMessageFormat:applyPattern:(Ljava/lang/String;)V#191#351 prob_bp = 0.49999999999999994000
org.apache.commons.lang3.text.ExtendedMessageFormat:applyPattern:(Ljava/lang/String;)V#164#130 prob_bp = 0.49999999999999994000
org.apache.commons.lang3.text.ExtendedMessageFormat:seekNonWs:(Ljava/lang/String;Ljava/text/ParsePosition;)V#422#21 prob_bp = 0.49999999999999994000
org.apache.commons.lang3.text.ExtendedMessageFormat:seekNonWs:(Ljava/lang/String;Ljava/text/ParsePosition;)V#422#22 prob_bp = 0.49999999999999994000
org.apache.commons.lang3.text.ExtendedMessageFormat:readArgumentIndex:(Ljava/lang/String;Ljava/text/ParsePosition;)I#305#23 prob_bp = 0.49999999999999994000
org.apache.commons.lang3.text.ExtendedMessageFormat:readArgumentIndex:(Ljava/lang/String;Ljava/text/ParsePosition;)I#305#36 prob_bp = 0.49999999999999994000
org.apache.commons.lang3.text.ExtendedMessageFormat:readArgumentIndex:(Ljava/lang/String;Ljava/text/ParsePosition;)I#306#40 prob_bp = 0.49999999999999994000
org.apache.commons.lang3.text.ExtendedMessageFormat:readArgumentIndex:(Ljava/lang/String;Ljava/text/ParsePosition;)I#307#49 prob_bp = 0.49999999999999994000
org.apache.commons.lang3.text.ExtendedMessageFormat:readArgumentIndex:(Ljava/lang/String;Ljava/text/ParsePosition;)I#315#93 prob_bp = 0.49999999999999994000
org.apache.commons.lang3.text.ExtendedMessageFormat:readArgumentIndex:(Ljava/lang/String;Ljava/text/ParsePosition;)I#323#128 prob_bp = 0.49999999999999994000
org.apache.commons.lang3.text.ExtendedMessageFormat:readArgumentIndex:(Ljava/lang/String;Ljava/text/ParsePosition;)I#323#131 prob_bp = 0.49999999999999994000
org.apache.commons.lang3.text.ExtendedMessageFormat:readArgumentIndex:(Ljava/lang/String;Ljava/text/ParsePosition;)I#305#150 prob_bp = 0.49999999999999994000
org.apache.commons.lang3.text.ExtendedMessageFormat:applyPattern:(Ljava/lang/String;)V#168#160 prob_bp = 0.49999999999999994000
org.apache.commons.lang3.text.ExtendedMessageFormat:applyPattern:(Ljava/lang/String;)V#172#188 prob_bp = 0.49999999999999994000
org.apache.commons.lang3.text.ExtendedMessageFormat:applyPattern:(Ljava/lang/String;)V#172#193 prob_bp = 0.49999999999999994000
org.apache.commons.lang3.text.ExtendedMessageFormat:applyPattern:(Ljava/lang/String;)V#173#202 prob_bp = 0.49999999999999994000
org.apache.commons.lang3.text.ExtendedMessageFormat:parseFormatDescription:(Ljava/lang/String;Ljava/text/ParsePosition;)Ljava/lang/String;#347#28 prob_bp = 0.49999999999999994000
org.apache.commons.lang3.text.ExtendedMessageFormat:parseFormatDescription:(Ljava/lang/String;Ljava/text/ParsePosition;)Ljava/lang/String;#347#106 prob_bp = 0.49999999999999994000
org.apache.commons.lang3.text.ExtendedMessageFormat:parseFormatDescription:(Ljava/lang/String;Ljava/text/ParsePosition;)Ljava/lang/String;#355#93 prob_bp = 0.49999999999999994000
org.apache.commons.lang3.text.ExtendedMessageFormat:applyPattern:(Ljava/lang/String;)V#175#213 prob_bp = 0.49999999999999994000
org.apache.commons.lang3.text.ExtendedMessageFormat:getFormat:(Ljava/lang/String;)Ljava/text/Format;#278#8 prob_bp = 0.49999999999999994000
org.apache.commons.lang3.text.ExtendedMessageFormat:getFormat:(Ljava/lang/String;)Ljava/text/Format;#285#47 prob_bp = 0.49999999999999994000
org.apache.commons.lang3.text.ExtendedMessageFormat:applyPattern:(Ljava/lang/String;)V#181#255 prob_bp = 0.49999999999999994000
org.apache.commons.lang3.text.ExtendedMessageFormat:applyPattern:(Ljava/lang/String;)V#183#278 prob_bp = 0.49999999999999994000
org.apache.commons.lang3.text.ExtendedMessageFormat:applyPattern:(Ljava/lang/String;)V#183#284 prob_bp = 0.49999999999999994000
org.apache.commons.lang3.text.ExtendedMessageFormat:applyPattern:(Ljava/lang/String;)V#195#376 prob_bp = 0.49999999999999994000
org.apache.commons.lang3.text.ExtendedMessageFormat:insertFormats:(Ljava/lang/String;Ljava/util/ArrayList;)Ljava/lang/String;#375#1 prob_bp = 0.49999999999999994000
org.apache.commons.lang3.text.ExtendedMessageFormat:insertFormats:(Ljava/lang/String;Ljava/util/ArrayList;)Ljava/lang/String;#382#46 prob_bp = 0.49999999999999994000
org.apache.commons.lang3.text.ExtendedMessageFormat:insertFormats:(Ljava/lang/String;Ljava/util/ArrayList;)Ljava/lang/String;#383#61 prob_bp = 0.49999999999999994000
org.apache.commons.lang3.text.ExtendedMessageFormat:insertFormats:(Ljava/lang/String;Ljava/util/ArrayList;)Ljava/lang/String;#384#63 prob_bp = 0.49999999999999994000
org.apache.commons.lang3.text.ExtendedMessageFormat:insertFormats:(Ljava/lang/String;Ljava/util/ArrayList;)Ljava/lang/String;#405#188 prob_bp = 0.49999999999999994000
org.apache.commons.lang3.text.ExtendedMessageFormat:insertFormats:(Ljava/lang/String;Ljava/util/ArrayList;)Ljava/lang/String;#389#113 prob_bp = 0.49999999999999994000
org.apache.commons.lang3.text.ExtendedMessageFormat:insertFormats:(Ljava/lang/String;Ljava/util/ArrayList;)Ljava/lang/String;#390#119 prob_bp = 0.49999999999999994000
org.apache.commons.lang3.text.ExtendedMessageFormat:insertFormats:(Ljava/lang/String;Ljava/util/ArrayList;)Ljava/lang/String;#392#134 prob_bp = 0.49999999999999994000
org.apache.commons.lang3.text.ExtendedMessageFormat:applyPattern:(Ljava/lang/String;)V#157#66 prob_bp = 0.50000000000000000000
org.apache.commons.lang3.text.ExtendedMessageFormat:applyPattern:(Ljava/lang/String;)V#190#345 prob_bp = 0.50000000000000000000
org.apache.commons.lang3.text.ExtendedMessageFormat:applyPattern:(Ljava/lang/String;)V#165#134 prob_bp = 0.50000000000000000000
org.apache.commons.lang3.text.ExtendedMessageFormat:applyPattern:(Ljava/lang/String;)V#165#135 prob_bp = 0.50000000000000000000
org.apache.commons.lang3.text.ExtendedMessageFormat:seekNonWs:(Ljava/lang/String;Ljava/text/ParsePosition;)V#419#2 prob_bp = 0.50000000000000000000
org.apache.commons.lang3.text.ExtendedMessageFormat:seekNonWs:(Ljava/lang/String;Ljava/text/ParsePosition;)V#422#28 prob_bp = 0.50000000000000000000
org.apache.commons.lang3.text.ExtendedMessageFormat:applyPattern:(Ljava/lang/String;)V#166#140 prob_bp = 0.50000000000000000000
org.apache.commons.lang3.text.ExtendedMessageFormat:applyPattern:(Ljava/lang/String;)V#166#142 prob_bp = 0.50000000000000000000
org.apache.commons.lang3.text.ExtendedMessageFormat:applyPattern:(Ljava/lang/String;)V#167#148 prob_bp = 0.50000000000000000000
org.apache.commons.lang3.text.ExtendedMessageFormat:applyPattern:(Ljava/lang/String;)V#167#150 prob_bp = 0.50000000000000000000
org.apache.commons.lang3.text.ExtendedMessageFormat:readArgumentIndex:(Ljava/lang/String;Ljava/text/ParsePosition;)I#301#1 prob_bp = 0.50000000000000000000
org.apache.commons.lang3.text.ExtendedMessageFormat:readArgumentIndex:(Ljava/lang/String;Ljava/text/ParsePosition;)I#302#6 prob_bp = 0.50000000000000000000
org.apache.commons.lang3.text.ExtendedMessageFormat:readArgumentIndex:(Ljava/lang/String;Ljava/text/ParsePosition;)I#302#8 prob_bp = 0.50000000000000000000
org.apache.commons.lang3.text.ExtendedMessageFormat:readArgumentIndex:(Ljava/lang/String;Ljava/text/ParsePosition;)I#306#39 prob_bp = 0.50000000000000000000
org.apache.commons.lang3.text.ExtendedMessageFormat:readArgumentIndex:(Ljava/lang/String;Ljava/text/ParsePosition;)I#323#139 prob_bp = 0.50000000000000000000
org.apache.commons.lang3.text.ExtendedMessageFormat:applyPattern:(Ljava/lang/String;)V#168#164 prob_bp = 0.50000000000000000000
org.apache.commons.lang3.text.ExtendedMessageFormat:applyPattern:(Ljava/lang/String;)V#169#175 prob_bp = 0.50000000000000000000
org.apache.commons.lang3.text.ExtendedMessageFormat:applyPattern:(Ljava/lang/String;)V#173#200 prob_bp = 0.50000000000000000000
org.apache.commons.lang3.text.ExtendedMessageFormat:applyPattern:(Ljava/lang/String;)V#173#204 prob_bp = 0.50000000000000000000
org.apache.commons.lang3.text.ExtendedMessageFormat:parseFormatDescription:(Ljava/lang/String;Ljava/text/ParsePosition;)Ljava/lang/String;#343#1 prob_bp = 0.50000000000000000000
org.apache.commons.lang3.text.ExtendedMessageFormat:parseFormatDescription:(Ljava/lang/String;Ljava/text/ParsePosition;)Ljava/lang/String;#344#6 prob_bp = 0.50000000000000000000
org.apache.commons.lang3.text.ExtendedMessageFormat:parseFormatDescription:(Ljava/lang/String;Ljava/text/ParsePosition;)Ljava/lang/String;#345#12 prob_bp = 0.50000000000000000000
org.apache.commons.lang3.text.ExtendedMessageFormat:parseFormatDescription:(Ljava/lang/String;Ljava/text/ParsePosition;)Ljava/lang/String;#347#105 prob_bp = 0.50000000000000000000
org.apache.commons.lang3.text.ExtendedMessageFormat:parseFormatDescription:(Ljava/lang/String;Ljava/text/ParsePosition;)Ljava/lang/String;#355#86 prob_bp = 0.50000000000000000000
org.apache.commons.lang3.text.ExtendedMessageFormat:parseFormatDescription:(Ljava/lang/String;Ljava/text/ParsePosition;)Ljava/lang/String;#355#87 prob_bp = 0.50000000000000000000
org.apache.commons.lang3.text.ExtendedMessageFormat:parseFormatDescription:(Ljava/lang/String;Ljava/text/ParsePosition;)Ljava/lang/String;#355#89 prob_bp = 0.50000000000000000000
org.apache.commons.lang3.text.ExtendedMessageFormat:parseFormatDescription:(Ljava/lang/String;Ljava/text/ParsePosition;)Ljava/lang/String;#355#90 prob_bp = 0.50000000000000000000
org.apache.commons.lang3.text.ExtendedMessageFormat:getFormat:(Ljava/lang/String;)Ljava/text/Format;#278#7 prob_bp = 0.50000000000000000000
org.apache.commons.lang3.text.ExtendedMessageFormat:getFormat:(Ljava/lang/String;)Ljava/text/Format;#280#17 prob_bp = 0.50000000000000000000
org.apache.commons.lang3.text.ExtendedMessageFormat:getFormat:(Ljava/lang/String;)Ljava/text/Format;#281#19 prob_bp = 0.50000000000000000000
org.apache.commons.lang3.text.ExtendedMessageFormat:applyPattern:(Ljava/lang/String;)V#181#245 prob_bp = 0.50000000000000000000
org.apache.commons.lang3.text.ExtendedMessageFormat:applyPattern:(Ljava/lang/String;)V#181#246 prob_bp = 0.50000000000000000000
org.apache.commons.lang3.text.ExtendedMessageFormat:applyPattern:(Ljava/lang/String;)V#182#267 prob_bp = 0.50000000000000000000
org.apache.commons.lang3.text.ExtendedMessageFormat:applyPattern:(Ljava/lang/String;)V#183#279 prob_bp = 0.50000000000000000000
org.apache.commons.lang3.text.ExtendedMessageFormat:applyPattern:(Ljava/lang/String;)V#183#282 prob_bp = 0.50000000000000000000
org.apache.commons.lang3.text.ExtendedMessageFormat:applyPattern:(Ljava/lang/String;)V#184#297 prob_bp = 0.50000000000000000000
org.apache.commons.lang3.text.ExtendedMessageFormat:applyPattern:(Ljava/lang/String;)V#195#375 prob_bp = 0.50000000000000000000
org.apache.commons.lang3.text.ExtendedMessageFormat:insertFormats:(Ljava/lang/String;Ljava/util/ArrayList;)Ljava/lang/String;#378#14 prob_bp = 0.50000000000000000000
org.apache.commons.lang3.text.ExtendedMessageFormat:insertFormats:(Ljava/lang/String;Ljava/util/ArrayList;)Ljava/lang/String;#381#37 prob_bp = 0.50000000000000000000
org.apache.commons.lang3.text.ExtendedMessageFormat:insertFormats:(Ljava/lang/String;Ljava/util/ArrayList;)Ljava/lang/String;#381#38 prob_bp = 0.50000000000000000000
org.apache.commons.lang3.text.ExtendedMessageFormat:insertFormats:(Ljava/lang/String;Ljava/util/ArrayList;)Ljava/lang/String;#390#118 prob_bp = 0.50000000000000000000
org.apache.commons.lang3.text.ExtendedMessageFormat:insertFormats:(Ljava/lang/String;Ljava/util/ArrayList;)Ljava/lang/String;#392#132 prob_bp = 0.50000000000000000000
org.apache.commons.lang3.text.ExtendedMessageFormatTest$OtherExtendedMessageFormat:<init>:(Ljava/lang/String;Ljava/util/Locale;Ljava/util/Map;)V#446#0 prob_bp = 0.50000000000000000000
org.apache.commons.lang3.text.ExtendedMessageFormatTest$OtherExtendedMessageFormat:<init>:(Ljava/lang/String;Ljava/util/Locale;Ljava/util/Map;)V#446#1 prob_bp = 0.50000000000000000000
org.apache.commons.lang3.text.ExtendedMessageFormatTest$OtherExtendedMessageFormat:<init>:(Ljava/lang/String;Ljava/util/Locale;Ljava/util/Map;)V#446#2 prob_bp = 0.50000000000000000000
org.apache.commons.lang3.text.ExtendedMessageFormatTest$OtherExtendedMessageFormat:<init>:(Ljava/lang/String;Ljava/util/Locale;Ljava/util/Map;)V#446#3 prob_bp = 0.50000000000000000000
org.apache.commons.lang3.text.ExtendedMessageFormatTest$OtherExtendedMessageFormat:<init>:(Ljava/lang/String;Ljava/util/Locale;Ljava/util/Map;)V#446#4 prob_bp = 0.50000000000000000000
org.apache.commons.lang3.text.ExtendedMessageFormatTest$UpperCaseFormatFactory:getFormat:(Ljava/lang/String;Ljava/lang/String;Ljava/util/Locale;)Ljava/text/Format;#425#0 prob_bp = 0.50000000000000000000
org.apache.commons.lang3.text.ExtendedMessageFormatTest$UpperCaseFormatFactory:getFormat:(Ljava/lang/String;Ljava/lang/String;Ljava/util/Locale;)Ljava/text/Format;#425#3 prob_bp = 0.50000000000000000000
org.apache.commons.lang3.text.ExtendedMessageFormatTest$LowerCaseFormatFactory:<clinit>:()V#414#8 prob_bp = 0.50000000000000010000
org.apache.commons.lang3.text.ExtendedMessageFormat:applyPattern:(Ljava/lang/String;)V#152#29 prob_bp = 0.50000000000000010000
org.apache.commons.lang3.text.ExtendedMessageFormat:applyPattern:(Ljava/lang/String;)V#152#36 prob_bp = 0.50000000000000010000
org.apache.commons.lang3.text.ExtendedMessageFormat:applyPattern:(Ljava/lang/String;)V#157#67 prob_bp = 0.50000000000000010000
org.apache.commons.lang3.text.ExtendedMessageFormat:applyPattern:(Ljava/lang/String;)V#190#338 prob_bp = 0.50000000000000010000
org.apache.commons.lang3.text.ExtendedMessageFormat:next:(Ljava/text/ParsePosition;)Ljava/text/ParsePosition;#433#7 prob_bp = 0.50000000000000010000
org.apache.commons.lang3.text.ExtendedMessageFormat:applyPattern:(Ljava/lang/String;)V#165#137 prob_bp = 0.50000000000000010000
org.apache.commons.lang3.text.ExtendedMessageFormat:seekNonWs:(Ljava/lang/String;Ljava/text/ParsePosition;)V#419#3 prob_bp = 0.50000000000000010000
org.apache.commons.lang3.text.ExtendedMessageFormat:seekNonWs:(Ljava/lang/String;Ljava/text/ParsePosition;)V#419#6 prob_bp = 0.50000000000000010000
org.apache.commons.lang3.text.ExtendedMessageFormat:seekNonWs:(Ljava/lang/String;Ljava/text/ParsePosition;)V#421#13 prob_bp = 0.50000000000000010000
org.apache.commons.lang3.text.ExtendedMessageFormat:applyPattern:(Ljava/lang/String;)V#167#152 prob_bp = 0.50000000000000010000
org.apache.commons.lang3.text.ExtendedMessageFormat:readArgumentIndex:(Ljava/lang/String;Ljava/text/ParsePosition;)I#301#0 prob_bp = 0.50000000000000010000
org.apache.commons.lang3.text.ExtendedMessageFormat:readArgumentIndex:(Ljava/lang/String;Ljava/text/ParsePosition;)I#302#7 prob_bp = 0.50000000000000010000
org.apache.commons.lang3.text.ExtendedMessageFormat:readArgumentIndex:(Ljava/lang/String;Ljava/text/ParsePosition;)I#304#20 prob_bp = 0.50000000000000010000
org.apache.commons.lang3.text.ExtendedMessageFormat:readArgumentIndex:(Ljava/lang/String;Ljava/text/ParsePosition;)I#304#21 prob_bp = 0.50000000000000010000
org.apache.commons.lang3.text.ExtendedMessageFormat:readArgumentIndex:(Ljava/lang/String;Ljava/text/ParsePosition;)I#305#28 prob_bp = 0.50000000000000010000
org.apache.commons.lang3.text.ExtendedMessageFormat:readArgumentIndex:(Ljava/lang/String;Ljava/text/ParsePosition;)I#305#32 prob_bp = 0.50000000000000010000
org.apache.commons.lang3.text.ExtendedMessageFormat:readArgumentIndex:(Ljava/lang/String;Ljava/text/ParsePosition;)I#307#51 prob_bp = 0.50000000000000010000
org.apache.commons.lang3.text.ExtendedMessageFormat:readArgumentIndex:(Ljava/lang/String;Ljava/text/ParsePosition;)I#307#54 prob_bp = 0.50000000000000010000
org.apache.commons.lang3.text.ExtendedMessageFormat:readArgumentIndex:(Ljava/lang/String;Ljava/text/ParsePosition;)I#315#95 prob_bp = 0.50000000000000010000
org.apache.commons.lang3.text.ExtendedMessageFormat:readArgumentIndex:(Ljava/lang/String;Ljava/text/ParsePosition;)I#315#97 prob_bp = 0.50000000000000010000
org.apache.commons.lang3.text.ExtendedMessageFormat:readArgumentIndex:(Ljava/lang/String;Ljava/text/ParsePosition;)I#323#126 prob_bp = 0.50000000000000010000
org.apache.commons.lang3.text.ExtendedMessageFormat:readArgumentIndex:(Ljava/lang/String;Ljava/text/ParsePosition;)I#324#143 prob_bp = 0.50000000000000010000
org.apache.commons.lang3.text.ExtendedMessageFormat:readArgumentIndex:(Ljava/lang/String;Ljava/text/ParsePosition;)I#324#145 prob_bp = 0.50000000000000010000
org.apache.commons.lang3.text.ExtendedMessageFormat:applyPattern:(Ljava/lang/String;)V#168#162 prob_bp = 0.50000000000000010000
org.apache.commons.lang3.text.ExtendedMessageFormat:applyPattern:(Ljava/lang/String;)V#169#174 prob_bp = 0.50000000000000010000
org.apache.commons.lang3.text.ExtendedMessageFormat:applyPattern:(Ljava/lang/String;)V#169#177 prob_bp = 0.50000000000000010000
org.apache.commons.lang3.text.ExtendedMessageFormat:applyPattern:(Ljava/lang/String;)V#172#186 prob_bp = 0.50000000000000010000
org.apache.commons.lang3.text.ExtendedMessageFormat:applyPattern:(Ljava/lang/String;)V#172#194 prob_bp = 0.50000000000000010000
org.apache.commons.lang3.text.ExtendedMessageFormat:applyPattern:(Ljava/lang/String;)V#172#196 prob_bp = 0.50000000000000010000
org.apache.commons.lang3.text.ExtendedMessageFormat:parseFormatDescription:(Ljava/lang/String;Ljava/text/ParsePosition;)Ljava/lang/String;#343#0 prob_bp = 0.50000000000000010000
org.apache.commons.lang3.text.ExtendedMessageFormat:parseFormatDescription:(Ljava/lang/String;Ljava/text/ParsePosition;)Ljava/lang/String;#344#7 prob_bp = 0.50000000000000010000
org.apache.commons.lang3.text.ExtendedMessageFormat:parseFormatDescription:(Ljava/lang/String;Ljava/text/ParsePosition;)Ljava/lang/String;#344#8 prob_bp = 0.50000000000000010000
org.apache.commons.lang3.text.ExtendedMessageFormat:parseFormatDescription:(Ljava/lang/String;Ljava/text/ParsePosition;)Ljava/lang/String;#345#11 prob_bp = 0.50000000000000010000
org.apache.commons.lang3.text.ExtendedMessageFormat:parseFormatDescription:(Ljava/lang/String;Ljava/text/ParsePosition;)Ljava/lang/String;#345#15 prob_bp = 0.50000000000000010000
org.apache.commons.lang3.text.ExtendedMessageFormat:parseFormatDescription:(Ljava/lang/String;Ljava/text/ParsePosition;)Ljava/lang/String;#347#20 prob_bp = 0.50000000000000010000
org.apache.commons.lang3.text.ExtendedMessageFormat:parseFormatDescription:(Ljava/lang/String;Ljava/text/ParsePosition;)Ljava/lang/String;#347#24 prob_bp = 0.50000000000000010000
org.apache.commons.lang3.text.ExtendedMessageFormat:parseFormatDescription:(Ljava/lang/String;Ljava/text/ParsePosition;)Ljava/lang/String;#347#25 prob_bp = 0.50000000000000010000
org.apache.commons.lang3.text.ExtendedMessageFormat:parseFormatDescription:(Ljava/lang/String;Ljava/text/ParsePosition;)Ljava/lang/String;#348#33 prob_bp = 0.50000000000000010000
org.apache.commons.lang3.text.ExtendedMessageFormat:parseFormatDescription:(Ljava/lang/String;Ljava/text/ParsePosition;)Ljava/lang/String;#348#36 prob_bp = 0.50000000000000010000
org.apache.commons.lang3.text.ExtendedMessageFormat:parseFormatDescription:(Ljava/lang/String;Ljava/text/ParsePosition;)Ljava/lang/String;#355#96 prob_bp = 0.50000000000000010000
org.apache.commons.lang3.text.ExtendedMessageFormat:applyPattern:(Ljava/lang/String;)V#173#210 prob_bp = 0.50000000000000010000
org.apache.commons.lang3.text.ExtendedMessageFormat:getFormat:(Ljava/lang/String;)Ljava/text/Format;#280#11 prob_bp = 0.50000000000000010000
org.apache.commons.lang3.text.ExtendedMessageFormat:getFormat:(Ljava/lang/String;)Ljava/text/Format;#280#12 prob_bp = 0.50000000000000010000
org.apache.commons.lang3.text.ExtendedMessageFormat:getFormat:(Ljava/lang/String;)Ljava/text/Format;#280#14 prob_bp = 0.50000000000000010000
org.apache.commons.lang3.text.ExtendedMessageFormat:getFormat:(Ljava/lang/String;)Ljava/text/Format;#285#48 prob_bp = 0.50000000000000010000
org.apache.commons.lang3.text.ExtendedMessageFormat:getFormat:(Ljava/lang/String;)Ljava/text/Format;#285#51 prob_bp = 0.50000000000000010000
org.apache.commons.lang3.text.ExtendedMessageFormatTest$LowerCaseFormatFactory:getFormat:(Ljava/lang/String;Ljava/lang/String;Ljava/util/Locale;)Ljava/text/Format;#416#0 prob_bp = 0.50000000000000010000
org.apache.commons.lang3.text.ExtendedMessageFormatTest$LowerCaseFormatFactory:getFormat:(Ljava/lang/String;Ljava/lang/String;Ljava/util/Locale;)Ljava/text/Format;#416#3 prob_bp = 0.50000000000000010000
org.apache.commons.lang3.text.ExtendedMessageFormat:getFormat:(Ljava/lang/String;)Ljava/text/Format;#287#80 prob_bp = 0.50000000000000010000
org.apache.commons.lang3.text.ExtendedMessageFormat:applyPattern:(Ljava/lang/String;)V#181#248 prob_bp = 0.50000000000000010000
org.apache.commons.lang3.text.ExtendedMessageFormat:applyPattern:(Ljava/lang/String;)V#182#270 prob_bp = 0.50000000000000010000
org.apache.commons.lang3.text.ExtendedMessageFormat:applyPattern:(Ljava/lang/String;)V#182#275 prob_bp = 0.50000000000000010000
org.apache.commons.lang3.text.ExtendedMessageFormat:insertFormats:(Ljava/lang/String;Ljava/util/ArrayList;)Ljava/lang/String;#375#2 prob_bp = 0.50000000000000010000
org.apache.commons.lang3.text.ExtendedMessageFormat:insertFormats:(Ljava/lang/String;Ljava/util/ArrayList;)Ljava/lang/String;#375#5 prob_bp = 0.50000000000000010000
org.apache.commons.lang3.text.ExtendedMessageFormat:insertFormats:(Ljava/lang/String;Ljava/util/ArrayList;)Ljava/lang/String;#378#15 prob_bp = 0.50000000000000010000
org.apache.commons.lang3.text.ExtendedMessageFormat:insertFormats:(Ljava/lang/String;Ljava/util/ArrayList;)Ljava/lang/String;#382#45 prob_bp = 0.50000000000000010000
org.apache.commons.lang3.text.ExtendedMessageFormat:insertFormats:(Ljava/lang/String;Ljava/util/ArrayList;)Ljava/lang/String;#382#49 prob_bp = 0.50000000000000010000
org.apache.commons.lang3.text.ExtendedMessageFormat:insertFormats:(Ljava/lang/String;Ljava/util/ArrayList;)Ljava/lang/String;#383#52 prob_bp = 0.50000000000000010000
org.apache.commons.lang3.text.ExtendedMessageFormat:insertFormats:(Ljava/lang/String;Ljava/util/ArrayList;)Ljava/lang/String;#383#55 prob_bp = 0.50000000000000010000
org.apache.commons.lang3.text.ExtendedMessageFormat:insertFormats:(Ljava/lang/String;Ljava/util/ArrayList;)Ljava/lang/String;#384#65#unexe#6 prob_bp = 0.50000000000000010000
org.apache.commons.lang3.text.ExtendedMessageFormat:insertFormats:(Ljava/lang/String;Ljava/util/ArrayList;)Ljava/lang/String;#390#116 prob_bp = 0.50000000000000010000
org.apache.commons.lang3.text.ExtendedMessageFormat:insertFormats:(Ljava/lang/String;Ljava/util/ArrayList;)Ljava/lang/String;#392#136 prob_bp = 0.50000000000000010000
org.apache.commons.lang3.text.ExtendedMessageFormat:insertFormats:(Ljava/lang/String;Ljava/util/ArrayList;)Ljava/lang/String;#392#139 prob_bp = 0.50000000000000010000
org.apache.commons.lang3.text.ExtendedMessageFormat:seekNonWs:(Ljava/lang/String;Ljava/text/ParsePosition;)V#421#17 prob_bp = 0.50000000000000020000
org.apache.commons.lang3.text.ExtendedMessageFormat:seekNonWs:(Ljava/lang/String;Ljava/text/ParsePosition;)V#421#20 prob_bp = 0.50000000000000020000
org.apache.commons.lang3.text.ExtendedMessageFormat:seekNonWs:(Ljava/lang/String;Ljava/text/ParsePosition;)V#422#23 prob_bp = 0.50000000000000020000
org.apache.commons.lang3.text.ExtendedMessageFormat:seekNonWs:(Ljava/lang/String;Ljava/text/ParsePosition;)V#422#27 prob_bp = 0.50000000000000020000
org.apache.commons.lang3.text.ExtendedMessageFormat:readArgumentIndex:(Ljava/lang/String;Ljava/text/ParsePosition;)I#305#25 prob_bp = 0.50000000000000020000
org.apache.commons.lang3.text.ExtendedMessageFormat:readArgumentIndex:(Ljava/lang/String;Ljava/text/ParsePosition;)I#306#41 prob_bp = 0.50000000000000020000
org.apache.commons.lang3.text.ExtendedMessageFormat:readArgumentIndex:(Ljava/lang/String;Ljava/text/ParsePosition;)I#306#47 prob_bp = 0.50000000000000020000
org.apache.commons.lang3.text.ExtendedMessageFormat:applyPattern:(Ljava/lang/String;)V#172#190 prob_bp = 0.50000000000000020000
org.apache.commons.lang3.text.ExtendedMessageFormat:getFormat:(Ljava/lang/String;)Ljava/text/Format;#281#21 prob_bp = 0.50000000000000020000
org.apache.commons.lang3.text.ExtendedMessageFormat:getFormat:(Ljava/lang/String;)Ljava/text/Format;#281#21#unexe#2 prob_bp = 0.50000000000000020000
org.apache.commons.lang3.text.ExtendedMessageFormat:applyPattern:(Ljava/lang/String;)V#175#218 prob_bp = 0.50000000000000020000
org.apache.commons.lang3.text.ExtendedMessageFormat:applyPattern:(Ljava/lang/String;)V#184#295 prob_bp = 0.50000000000000020000
org.apache.commons.lang3.text.ExtendedMessageFormat:insertFormats:(Ljava/lang/String;Ljava/util/ArrayList;)Ljava/lang/String;#382#40 prob_bp = 0.50000000000000020000
org.apache.commons.lang3.text.ExtendedMessageFormat:insertFormats:(Ljava/lang/String;Ljava/util/ArrayList;)Ljava/lang/String;#405#190 prob_bp = 0.50000000000000020000
org.apache.commons.lang3.text.ExtendedMessageFormat:applyPattern:(Ljava/lang/String;)V#191#353 prob_bp = 0.50000000000000030000
org.apache.commons.lang3.text.ExtendedMessageFormat:next:(Ljava/text/ParsePosition;)Ljava/text/ParsePosition;#433#1 prob_bp = 0.50000000000000030000
org.apache.commons.lang3.text.ExtendedMessageFormat:next:(Ljava/text/ParsePosition;)Ljava/text/ParsePosition;#434#10 prob_bp = 0.50000000000000030000
org.apache.commons.lang3.text.ExtendedMessageFormat:next:(Ljava/text/ParsePosition;)Ljava/text/ParsePosition;#434#11 prob_bp = 0.50000000000000030000
org.apache.commons.lang3.text.ExtendedMessageFormat:seekNonWs:(Ljava/lang/String;Ljava/text/ParsePosition;)V#421#11 prob_bp = 0.50000000000000030000
org.apache.commons.lang3.text.ExtendedMessageFormat:readArgumentIndex:(Ljava/lang/String;Ljava/text/ParsePosition;)I#315#100 prob_bp = 0.50000000000000030000
org.apache.commons.lang3.text.ExtendedMessageFormat:readArgumentIndex:(Ljava/lang/String;Ljava/text/ParsePosition;)I#324#141 prob_bp = 0.50000000000000030000
org.apache.commons.lang3.text.ExtendedMessageFormat:readArgumentIndex:(Ljava/lang/String;Ljava/text/ParsePosition;)I#305#151 prob_bp = 0.50000000000000030000
org.apache.commons.lang3.text.ExtendedMessageFormat:applyPattern:(Ljava/lang/String;)V#173#207 prob_bp = 0.50000000000000030000
org.apache.commons.lang3.text.ExtendedMessageFormat:parseFormatDescription:(Ljava/lang/String;Ljava/text/ParsePosition;)Ljava/lang/String;#348#31 prob_bp = 0.50000000000000030000
org.apache.commons.lang3.text.ExtendedMessageFormat:parseFormatDescription:(Ljava/lang/String;Ljava/text/ParsePosition;)Ljava/lang/String;#348#32 prob_bp = 0.50000000000000030000
org.apache.commons.lang3.text.ExtendedMessageFormat:applyPattern:(Ljava/lang/String;)V#182#265 prob_bp = 0.50000000000000030000
org.apache.commons.lang3.text.ExtendedMessageFormat:applyPattern:(Ljava/lang/String;)V#184#299 prob_bp = 0.50000000000000030000
org.apache.commons.lang3.text.ExtendedMessageFormat:insertFormats:(Ljava/lang/String;Ljava/util/ArrayList;)Ljava/lang/String;#383#58 prob_bp = 0.50000000000000030000
org.apache.commons.lang3.text.ExtendedMessageFormat:insertFormats:(Ljava/lang/String;Ljava/util/ArrayList;)Ljava/lang/String;#384#65 prob_bp = 0.50000000000000030000
org.apache.commons.lang3.text.ExtendedMessageFormat:seekNonWs:(Ljava/lang/String;Ljava/text/ParsePosition;)V#422#26 prob_bp = 0.50000000000000040000
org.apache.commons.lang3.text.ExtendedMessageFormat:readArgumentIndex:(Ljava/lang/String;Ljava/text/ParsePosition;)I#323#138 prob_bp = 0.50000000000000040000
org.apache.commons.lang3.text.ExtendedMessageFormat:insertFormats:(Ljava/lang/String;Ljava/util/ArrayList;)Ljava/lang/String;#379#24 prob_bp = 0.50000000000000040000
org.apache.commons.lang3.text.ExtendedMessageFormat:insertFormats:(Ljava/lang/String;Ljava/util/ArrayList;)Ljava/lang/String;#379#32 prob_bp = 0.50000000000000040000
org.apache.commons.lang3.text.ExtendedMessageFormat:next:(Ljava/text/ParsePosition;)Ljava/text/ParsePosition;#433#0 prob_bp = 0.50000000000000060000
org.apache.commons.lang3.text.ExtendedMessageFormat:seekNonWs:(Ljava/lang/String;Ljava/text/ParsePosition;)V#421#14 prob_bp = 0.50000000000000060000
org.apache.commons.lang3.text.ExtendedMessageFormat:readArgumentIndex:(Ljava/lang/String;Ljava/text/ParsePosition;)I#305#33 prob_bp = 0.50000000000000060000
org.apache.commons.lang3.text.ExtendedMessageFormat:applyPattern:(Ljava/lang/String;)V#184#302 prob_bp = 0.50000000000000060000
org.apache.commons.lang3.text.ExtendedMessageFormat:applyPattern:(Ljava/lang/String;)V#190#342 prob_bp = 0.50000000000000070000
org.apache.commons.lang3.text.ExtendedMessageFormat:getFormat:(Ljava/lang/String;)Ljava/text/Format;#285#52 prob_bp = 0.50000000000000070000
org.apache.commons.lang3.text.ExtendedMessageFormat:readArgumentIndex:(Ljava/lang/String;Ljava/text/ParsePosition;)I#306#44 prob_bp = 0.50000000000000080000
org.apache.commons.lang3.text.ExtendedMessageFormat:insertFormats:(Ljava/lang/String;Ljava/util/ArrayList;)Ljava/lang/String;#382#42 prob_bp = 0.50000000000000080000
org.apache.commons.lang3.text.ExtendedMessageFormat:next:(Ljava/text/ParsePosition;)Ljava/text/ParsePosition;#433#6 prob_bp = 0.50000000000000100000
org.apache.commons.lang3.text.ExtendedMessageFormat:applyPattern:(Ljava/lang/String;)V#180#239 prob_bp = 0.50000000000000110000
org.apache.commons.lang3.text.ExtendedMessageFormat:next:(Ljava/text/ParsePosition;)Ljava/text/ParsePosition;#433#5 prob_bp = 0.50000000000000130000
org.apache.commons.lang3.text.ExtendedMessageFormat:next:(Ljava/text/ParsePosition;)Ljava/text/ParsePosition;#433#2 prob_bp = 0.50000000000000140000
org.apache.commons.lang3.text.ExtendedMessageFormat:applyPattern:(Ljava/lang/String;)V#183#287 prob_bp = 0.50000000000000160000
org.apache.commons.lang3.text.ExtendedMessageFormat:readArgumentIndex:(Ljava/lang/String;Ljava/text/ParsePosition;)I#315#102 prob_bp = 0.50000000000000170000
org.apache.commons.lang3.text.ExtendedMessageFormat:applyPattern:(Ljava/lang/String;)V#183#292 prob_bp = 0.50000000000000170000
org.apache.commons.lang3.text.ExtendedMessageFormat:readArgumentIndex:(Ljava/lang/String;Ljava/text/ParsePosition;)I#315#104 prob_bp = 0.50000000000000230000
org.apache.commons.lang3.text.ExtendedMessageFormat:applyPattern:(Ljava/lang/String;)V#180#238 prob_bp = 0.50000000000000300000
org.apache.commons.lang3.text.ExtendedMessageFormat:parseFormatDescription:(Ljava/lang/String;Ljava/text/ParsePosition;)Ljava/lang/String;#346#17 prob_bp = 0.50000000000000420000
org.apache.commons.lang3.text.ExtendedMessageFormat:parseFormatDescription:(Ljava/lang/String;Ljava/text/ParsePosition;)Ljava/lang/String;#346#18 prob_bp = 0.50000000000000430000
org.apache.commons.lang3.text.ExtendedMessageFormat:applyPattern:(Ljava/lang/String;)V#180#241 prob_bp = 0.50000000000000430000
org.apache.commons.lang3.text.ExtendedMessageFormat:parseFormatDescription:(Ljava/lang/String;Ljava/text/ParsePosition;)Ljava/lang/String;#353#78 prob_bp = 0.50000000000000500000
org.apache.commons.lang3.text.ExtendedMessageFormat:applyPattern:(Ljava/lang/String;)V#190#336 prob_bp = 0.50000000000000660000
org.apache.commons.lang3.text.ExtendedMessageFormat:readArgumentIndex:(Ljava/lang/String;Ljava/text/ParsePosition;)I#303#11 prob_bp = 0.50000000000000720000
org.apache.commons.lang3.text.ExtendedMessageFormat:readArgumentIndex:(Ljava/lang/String;Ljava/text/ParsePosition;)I#303#18 prob_bp = 0.50000000000000720000
org.apache.commons.lang3.text.ExtendedMessageFormat:readArgumentIndex:(Ljava/lang/String;Ljava/text/ParsePosition;)I#315#107 prob_bp = 0.50000000000000790000
org.apache.commons.lang3.text.ExtendedMessageFormat:readArgumentIndex:(Ljava/lang/String;Ljava/text/ParsePosition;)I#315#109 prob_bp = 0.50000000000001250000
org.apache.commons.lang3.text.ExtendedMessageFormat:applyPattern:(Ljava/lang/String;)V#153#41 prob_bp = 0.50000000000002500000
org.apache.commons.lang3.text.ExtendedMessageFormat:applyPattern:(Ljava/lang/String;)V#153#42 prob_bp = 0.50000000000002960000
org.apache.commons.lang3.text.ExtendedMessageFormat:applyPattern:(Ljava/lang/String;)V#156#60 prob_bp = 0.50000000000004010000
org.apache.commons.lang3.text.ExtendedMessageFormat:applyPattern:(Ljava/lang/String;)V#156#61 prob_bp = 0.50000000000004720000
org.apache.commons.lang3.text.ExtendedMessageFormat:applyPattern:(Ljava/lang/String;)V#159#83 prob_bp = 0.50000000000010360000
org.apache.commons.lang3.text.ExtendedMessageFormat:parseFormatDescription:(Ljava/lang/String;Ljava/text/ParsePosition;)Ljava/lang/String;#354#81 prob_bp = 0.50000000000011340000
org.apache.commons.lang3.text.ExtendedMessageFormat:getFormat:(Ljava/lang/String;)Ljava/text/Format;#277#0 prob_bp = 0.50000000000012400000
org.apache.commons.lang3.text.ExtendedMessageFormat:applyPattern:(Ljava/lang/String;)V#190#346 prob_bp = 0.50000000000012800000
org.apache.commons.lang3.text.ExtendedMessageFormat:applyPattern:(Ljava/lang/String;)V#184#303 prob_bp = 0.50000000000014680000
org.apache.commons.lang3.text.ExtendedMessageFormat:applyPattern:(Ljava/lang/String;)V#184#305 prob_bp = 0.50000000000015280000
org.apache.commons.lang3.text.ExtendedMessageFormat:applyPattern:(Ljava/lang/String;)V#159#85 prob_bp = 0.50000000000015870000
org.apache.commons.lang3.text.ExtendedMessageFormat:getFormat:(Ljava/lang/String;)Ljava/text/Format;#277#1 prob_bp = 0.50000000000019270000
org.apache.commons.lang3.text.ExtendedMessageFormat:applyPattern:(Ljava/lang/String;)V#182#261 prob_bp = 0.50000000000061210000
org.apache.commons.lang3.text.ExtendedMessageFormat:applyPattern:(Ljava/lang/String;)V#182#262 prob_bp = 0.50000000000093960000
org.apache.commons.lang3.text.ExtendedMessageFormat:applyPattern:(Ljava/lang/String;)V#155#50 prob_bp = 0.50000000000102090000
org.apache.commons.lang3.text.ExtendedMessageFormat:applyPattern:(Ljava/lang/String;)V#155#58 prob_bp = 0.50000000000106150000
org.apache.commons.lang3.text.ExtendedMessageFormat:applyPattern:(Ljava/lang/String;)V#156#64 prob_bp = 0.50000000000110380000
org.apache.commons.lang3.text.ExtendedMessageFormat:applyPattern:(Ljava/lang/String;)V#158#69 prob_bp = 0.50000000000112120000
org.apache.commons.lang3.text.ExtendedMessageFormat:readArgumentIndex:(Ljava/lang/String;Ljava/text/ParsePosition;)I#315#112 prob_bp = 0.50000000000177780000
org.apache.commons.lang3.text.ExtendedMessageFormat:<init>:(Ljava/lang/String;Ljava/util/Locale;Ljava/util/Map;)V#128#17 prob_bp = 0.50000000000315760000
org.apache.commons.lang3.text.ExtendedMessageFormat:applyPattern:(Ljava/lang/String;)V#158#74 prob_bp = 0.50000000000338510000
org.apache.commons.lang3.text.ExtendedMessageFormat:parseFormatDescription:(Ljava/lang/String;Ljava/text/ParsePosition;)Ljava/lang/String;#348#39 prob_bp = 0.50000000000352640000
org.apache.commons.lang3.text.ExtendedMessageFormat:applyPattern:(Ljava/lang/String;)V#158#71 prob_bp = 0.50000000000379910000
org.apache.commons.lang3.text.ExtendedMessageFormat:getFormat:(Ljava/lang/String;)Ljava/text/Format;#277#4 prob_bp = 0.50000000000479230000
org.apache.commons.lang3.text.ExtendedMessageFormat:applyPattern:(Ljava/lang/String;)V#159#81 prob_bp = 0.50000000000531710000
org.apache.commons.lang3.text.ExtendedMessageFormat:applyPattern:(Ljava/lang/String;)V#158#75 prob_bp = 0.50000000000609830000
org.apache.commons.lang3.text.ExtendedMessageFormat:getFormat:(Ljava/lang/String;)Ljava/text/Format;#285#57 prob_bp = 0.50000000001617840000
org.apache.commons.lang3.text.ExtendedMessageFormat:parseFormatDescription:(Ljava/lang/String;Ljava/text/ParsePosition;)Ljava/lang/String;#354#83 prob_bp = 0.50000000001765530000
org.apache.commons.lang3.text.ExtendedMessageFormat:applyPattern:(Ljava/lang/String;)V#159#88 prob_bp = 0.50000000002233870000
org.apache.commons.lang3.text.ExtendedMessageFormat:containsElements:(Ljava/util/Collection;)Z#495#0 prob_bp = 0.50000000003710310000
org.apache.commons.lang3.text.ExtendedMessageFormat:containsElements:(Ljava/util/Collection;)Z#495#4 prob_bp = 0.50000000003944510000
org.apache.commons.lang3.text.ExtendedMessageFormat:getFormat:(Ljava/lang/String;)Ljava/text/Format;#285#60 prob_bp = 0.50000000008137340000
org.apache.commons.lang3.text.ExtendedMessageFormat:containsElements:(Ljava/util/Collection;)Z#495#1 prob_bp = 0.50000000012448030000
org.apache.commons.lang3.text.ExtendedMessageFormat:containsElements:(Ljava/util/Collection;)Z#495#5 prob_bp = 0.50000000013224030000
org.apache.commons.lang3.text.ExtendedMessageFormat:applyPattern:(Ljava/lang/String;)V#151#21 prob_bp = 0.50000000017996040000
org.apache.commons.lang3.text.ExtendedMessageFormat:applyPattern:(Ljava/lang/String;)V#151#28 prob_bp = 0.50000000018714520000
org.apache.commons.lang3.text.ExtendedMessageFormat:applyPattern:(Ljava/lang/String;)V#196#383 prob_bp = 0.50000000021521440000
org.apache.commons.lang3.text.ExtendedMessageFormat:applyPattern:(Ljava/lang/String;)V#196#384 prob_bp = 0.50000000033048830000
org.apache.commons.lang3.text.ExtendedMessageFormat:getFormat:(Ljava/lang/String;)Ljava/text/Format;#286#62 prob_bp = 0.50000000034410290000
org.apache.commons.lang3.text.ExtendedMessageFormat:containsElements:(Ljava/util/Collection;)Z#498#15 prob_bp = 0.50000000071852240000
org.apache.commons.lang3.text.ExtendedMessageFormat:getFormat:(Ljava/lang/String;)Ljava/text/Format;#286#64 prob_bp = 0.50000000140287750000
org.apache.commons.lang3.text.ExtendedMessageFormat:containsElements:(Ljava/util/Collection;)Z#498#16 prob_bp = 0.50000000241061000000
org.apache.commons.lang3.text.ExtendedMessageFormat:applyPattern:(Ljava/lang/String;)V#159#89 prob_bp = 0.50000000685099800000
org.apache.commons.lang3.text.ExtendedMessageFormat:applyPattern:(Ljava/lang/String;)V#158#78 prob_bp = 0.50000003465916170000
org.apache.commons.lang3.text.ExtendedMessageFormat:containsElements:(Ljava/util/Collection;)Z#495#10 prob_bp = 0.50000003481580440000
org.apache.commons.lang3.text.ExtendedMessageFormat:<init>:(Ljava/lang/String;Ljava/util/Locale;Ljava/util/Map;)V#125#0 prob_bp = 0.50000008563997220000
org.apache.commons.lang3.text.ExtendedMessageFormat:<init>:(Ljava/lang/String;Ljava/util/Locale;Ljava/util/Map;)V#125#1 prob_bp = 0.50000008593142010000
org.apache.commons.lang3.text.ExtendedMessageFormat:<init>:(Ljava/lang/String;Ljava/util/Locale;Ljava/util/Map;)V#125#3 prob_bp = 0.50000008766740820000
org.apache.commons.lang3.text.ExtendedMessageFormat:<init>:(Ljava/lang/String;Ljava/util/Locale;Ljava/util/Map;)V#126#7 prob_bp = 0.50000009168661410000
org.apache.commons.lang3.text.ExtendedMessageFormat:<init>:(Ljava/lang/String;Ljava/util/Locale;Ljava/util/Map;)V#126#6 prob_bp = 0.50000009356295730000
org.apache.commons.lang3.text.ExtendedMessageFormat:<init>:(Ljava/lang/String;Ljava/util/Locale;Ljava/util/Map;)V#126#8 prob_bp = 0.50000009577796180000
org.apache.commons.lang3.text.ExtendedMessageFormat:applyPattern:(Ljava/lang/String;)V#153#37 prob_bp = 0.50000011020760930000
org.apache.commons.lang3.text.ExtendedMessageFormat:applyPattern:(Ljava/lang/String;)V#153#48 prob_bp = 0.50000011460284120000
org.apache.commons.lang3.text.ExtendedMessageFormat:applyPattern:(Ljava/lang/String;)V#194#361 prob_bp = 0.50000013213162900000
org.apache.commons.lang3.text.ExtendedMessageFormat:applyPattern:(Ljava/lang/String;)V#175#212 prob_bp = 0.50000013781119660000
org.apache.commons.lang3.text.ExtendedMessageFormat:applyPattern:(Ljava/lang/String;)V#175#215 prob_bp = 0.50000014343505040000
org.apache.commons.lang3.text.ExtendedMessageFormat:getFormat:(Ljava/lang/String;)Ljava/text/Format;#287#71 prob_bp = 0.50000016615613660000
org.apache.commons.lang3.text.ExtendedMessageFormat:applyPattern:(Ljava/lang/String;)V#194#363 prob_bp = 0.50000019591813080000
org.apache.commons.lang3.text.ExtendedMessageFormat:getFormat:(Ljava/lang/String;)Ljava/text/Format;#287#72 prob_bp = 0.50000025765500940000
org.apache.commons.lang3.text.ExtendedMessageFormat:containsElements:(Ljava/util/Collection;)Z#498#21 prob_bp = 0.50000068193108450000
org.apache.commons.lang3.text.ExtendedMessageFormat:containsElements:(Ljava/util/Collection;)Z#498#22 prob_bp = 0.50000103478819480000
org.apache.commons.lang3.text.ExtendedMessageFormat:containsElements:(Ljava/util/Collection;)Z#499#31 prob_bp = 0.50000238597374380000
org.apache.commons.lang3.text.ExtendedMessageFormat:containsElements:(Ljava/util/Collection;)Z#498#23 prob_bp = 0.50000437340700880000
org.apache.commons.lang3.text.ExtendedMessageFormat:containsElements:(Ljava/util/Collection;)Z#498#28 prob_bp = 0.50000776910815810000
org.apache.commons.lang3.text.ExtendedMessageFormat:containsElements:(Ljava/util/Collection;)Z#499#32 prob_bp = 0.50001005649123910000
org.apache.commons.lang3.text.StrMatcher:<clinit>:()V#50#48 prob_bp = 0.50001514520526070000
org.apache.commons.lang3.text.StrMatcher:splitMatcher:()Lorg/apache/commons/lang3/text/StrMatcher;#108#0 prob_bp = 0.50001545116900300000
org.apache.commons.lang3.text.StrMatcher:splitMatcher:()Lorg/apache/commons/lang3/text/StrMatcher;#108#3 prob_bp = 0.50001606927757450000
org.apache.commons.lang3.text.ExtendedMessageFormat:applyPattern:(Ljava/lang/String;)V#194#360 prob_bp = 0.50002257763107720000
org.apache.commons.lang3.text.ExtendedMessageFormat:applyPattern:(Ljava/lang/String;)V#194#366 prob_bp = 0.50002340754968740000
org.apache.commons.lang3.text.StrMatcher:isMatch:([CI)I#267#1 prob_bp = 0.50009782577819860000
org.apache.commons.lang3.text.StrMatcher:isMatch:([CI)I#267#2 prob_bp = 0.50009782577819880000
org.apache.commons.lang3.text.StrMatcher$CharSetMatcher:isMatch:([CIII)I#300#4 prob_bp = 0.50010379125729290000
org.apache.commons.lang3.text.StrMatcher$CharSetMatcher:isMatch:([CIII)I#300#5 prob_bp = 0.50010379125729290000
org.apache.commons.lang3.text.StrMatcher$CharSetMatcher:isMatch:([CIII)I#300#6 prob_bp = 0.50011185013575370000
org.apache.commons.lang3.text.StrMatcher:isMatch:([CI)I#267#0 prob_bp = 0.50014951773728540000
org.apache.commons.lang3.text.StrMatcher$CharSetMatcher:isMatch:([CIII)I#300#0 prob_bp = 0.50016519471302890000
org.apache.commons.lang3.text.StrMatcher$CharSetMatcher:isMatch:([CIII)I#300#1 prob_bp = 0.50018637093729090000
org.apache.commons.lang3.text.StrMatcher$CharSetMatcher:isMatch:([CIII)I#300#7 prob_bp = 0.50022914048167490000
org.apache.commons.lang3.text.StrMatcher:isMatch:([CI)I#267#6 prob_bp = 0.50035415070969150000
org.apache.commons.lang3.text.ExtendedMessageFormat:<init>:(Ljava/lang/String;Ljava/util/Locale;Ljava/util/Map;)V#127#11 prob_bp = 0.50038322320237080000
org.apache.commons.lang3.text.ExtendedMessageFormat:<init>:(Ljava/lang/String;Ljava/util/Locale;Ljava/util/Map;)V#127#12 prob_bp = 0.50039540670219780000
org.apache.commons.lang3.text.ExtendedMessageFormat:<init>:(Ljava/lang/String;Ljava/util/Locale;Ljava/util/Map;)V#127#13 prob_bp = 0.50042920497615520000
org.apache.commons.lang3.text.ExtendedMessageFormat:applyPattern:(Ljava/lang/String;)V#146#0 prob_bp = 0.50103852160191810000
org.apache.commons.lang3.text.ExtendedMessageFormat:applyPattern:(Ljava/lang/String;)V#146#1 prob_bp = 0.50119938685414780000
org.apache.commons.lang3.text.ExtendedMessageFormat:containsElements:(Ljava/util/Collection;)Z#499#37 prob_bp = 0.50233033908795210000
org.apache.commons.lang3.text.StrMatcher$CharSetMatcher:isMatch:([CIII)I#300#10 prob_bp = 0.50463136885088940000
org.apache.commons.lang3.text.ExtendedMessageFormat:containsElements:(Ljava/util/Collection;)Z#500#40 prob_bp = 0.50853925715252270000
org.apache.commons.lang3.text.ExtendedMessageFormat:containsElements:(Ljava/util/Collection;)Z#500#41 prob_bp = 0.50886820666304260000
org.apache.commons.lang3.text.ExtendedMessageFormat:applyPattern:(Ljava/lang/String;)V#196#387 prob_bp = 0.51014239056386760000
org.apache.commons.lang3.text.ExtendedMessageFormat:applyPattern:(Ljava/lang/String;)V#146#4 prob_bp = 0.52475301323640070000
org.apache.commons.lang3.text.ExtendedMessageFormat:applyPattern:(Ljava/lang/String;)V#195#371 prob_bp = 0.52853906147685370000
org.apache.commons.lang3.text.ExtendedMessageFormat:applyPattern:(Ljava/lang/String;)V#195#372 prob_bp = 0.52964219864336860000
org.apache.commons.lang3.Validate:isTrue:(Z)V#176#0 prob_bp = 0.55205693545760490000
org.apache.commons.lang3.Validate:isTrue:(Z)V#176#1 prob_bp = 0.55402915674893790000
org.apache.commons.lang3.text.ExtendedMessageFormat:<init>:(Ljava/lang/String;Ljava/util/Locale;Ljava/util/Map;)V#128#16 prob_bp = 0.90102984803784550000
org.apache.commons.lang3.text.ExtendedMessageFormat:applyPattern:(Ljava/lang/String;)V#197#394 prob_bp = 0.92761695471134380000
org.apache.commons.lang3.text.ExtendedMessageFormat:<init>:(Ljava/lang/String;Ljava/util/Locale;Ljava/util/Map;)V#128#18 prob_bp = 0.93204832270217730000
org.apache.commons.lang3.text.StrMatcher$CharSetMatcher:isMatch:([CIII)I#300#17 prob_bp = 0.94264386553602940000
org.apache.commons.lang3.text.ExtendedMessageFormat:applyPattern:(Ljava/lang/String;)V#207#446 prob_bp = 0.95159351072415220000
org.apache.commons.lang3.text.ExtendedMessageFormat:applyPattern:(Ljava/lang/String;)V#197#390 prob_bp = 0.97215847244286400000
org.apache.commons.lang3.text.ExtendedMessageFormat:applyPattern:(Ljava/lang/String;)V#207#445 prob_bp = 0.98523195869698620000
org.apache.commons.lang3.text.ExtendedMessageFormat:applyPattern:(Ljava/lang/String;)V#197#391 prob_bp = 0.98545785720943260000
org.apache.commons.lang3.text.StrMatcher$CharSetMatcher:isMatch:([CIII)I#300#18 prob_bp = 0.99454399642940560000
org.apache.commons.lang3.text.StrMatcher:isMatch:([CI)I#267#9 prob_bp = 0.99847722154216180000
org.apache.commons.lang3.text.ExtendedMessageFormat:applyPattern:(Ljava/lang/String;)V#207#448 prob_bp = 0.99999999999900090000
org.apache.commons.lang3.text.ExtendedMessageFormatTest:testEqualsHashcode:()V#271#0 prob_bp = 1.00000000000000000000
org.apache.commons.lang3.text.ExtendedMessageFormatTest:testEqualsHashcode:()V#271#2 prob_bp = 1.00000000000000000000
org.apache.commons.lang3.text.ExtendedMessageFormatTest:testEqualsHashcode:()V#271#10 prob_bp = 1.00000000000000000000
org.apache.commons.lang3.text.ExtendedMessageFormatTest:testEqualsHashcode:()V#271#13 prob_bp = 1.00000000000000000000
org.apache.commons.lang3.text.ExtendedMessageFormatTest:testEqualsHashcode:()V#272#14 prob_bp = 1.00000000000000000000
org.apache.commons.lang3.text.ExtendedMessageFormatTest:testEqualsHashcode:()V#272#16 prob_bp = 1.00000000000000000000
org.apache.commons.lang3.text.ExtendedMessageFormatTest:testEqualsHashcode:()V#272#24 prob_bp = 1.00000000000000000000
org.apache.commons.lang3.text.ExtendedMessageFormatTest:testEqualsHashcode:()V#272#27 prob_bp = 1.00000000000000000000
org.apache.commons.lang3.text.ExtendedMessageFormatTest:testEqualsHashcode:()V#274#28 prob_bp = 1.00000000000000000000
org.apache.commons.lang3.text.ExtendedMessageFormatTest:testEqualsHashcode:()V#274#30 prob_bp = 1.00000000000000000000
org.apache.commons.lang3.text.ExtendedMessageFormatTest:testEqualsHashcode:()V#275#31 prob_bp = 1.00000000000000000000
org.apache.commons.lang3.text.ExtendedMessageFormatTest:testEqualsHashcode:()V#275#34 prob_bp = 1.00000000000000000000
org.apache.commons.lang3.text.ExtendedMessageFormatTest:testEqualsHashcode:()V#275#35 prob_bp = 1.00000000000000000000
org.apache.commons.lang3.text.ExtendedMessageFormatTest:testEqualsHashcode:()V#275#36 prob_bp = 1.00000000000000000000
org.apache.commons.lang3.text.ExtendedMessageFormatTest:testEqualsHashcode:()V#275#39 prob_bp = 1.00000000000000000000
org.apache.commons.lang3.text.ExtendedMessageFormatTest:testEqualsHashcode:()V#275#40 prob_bp = 1.00000000000000000000
org.apache.commons.lang3.text.ExtendedMessageFormatTest:testEqualsHashcode:()V#275#43 prob_bp = 1.00000000000000000000
org.apache.commons.lang3.text.ExtendedMessageFormatTest:testEqualsHashcode:()V#280#50 prob_bp = 1.00000000000000000000
org.apache.commons.lang3.text.ExtendedMessageFormatTest:testEqualsHashcode:()V#280#52 prob_bp = 1.00000000000000000000
org.apache.commons.lang3.text.ExtendedMessageFormatTest:testEqualsHashcode:()V#280#54 prob_bp = 1.00000000000000000000
org.apache.commons.lang3.text.ExtendedMessageFormatTest:testEqualsHashcode:()V#281#62 prob_bp = 1.00000000000000000000
org.apache.commons.lang3.text.ExtendedMessageFormatTest:testEqualsHashcode:()V#281#64 prob_bp = 1.00000000000000000000
org.apache.commons.lang3.text.ExtendedMessageFormatTest:testEqualsHashcode:()V#281#67 prob_bp = 1.00000000000000000000
org.apache.commons.lang3.text.ExtendedMessageFormatTest:testEqualsHashcode:()V#281#69 prob_bp = 1.00000000000000000000
org.apache.commons.lang3.text.ExtendedMessageFormatTest:testEqualsHashcode:()V#284#83 prob_bp = 1.00000000000000000000
org.apache.commons.lang3.text.ExtendedMessageFormatTest:testEqualsHashcode:()V#284#86 prob_bp = 1.00000000000000000000
org.apache.commons.lang3.text.ExtendedMessageFormatTest:testEqualsHashcode:()V#284#87 prob_bp = 1.00000000000000000000
org.apache.commons.lang3.text.ExtendedMessageFormatTest:testEqualsHashcode:()V#284#88 prob_bp = 1.00000000000000000000
org.apache.commons.lang3.text.ExtendedMessageFormatTest:testEqualsHashcode:()V#284#91 prob_bp = 1.00000000000000000000
org.apache.commons.lang3.text.ExtendedMessageFormatTest:testEqualsHashcode:()V#284#92 prob_bp = 1.00000000000000000000
org.apache.commons.lang3.text.ExtendedMessageFormatTest:testEqualsHashcode:()V#284#95 prob_bp = 1.00000000000000000000
org.apache.commons.lang3.text.ExtendedMessageFormatTest:testEqualsHashcode:()V#285#99 prob_bp = 1.00000000000000000000
org.apache.commons.lang3.text.ExtendedMessageFormatTest:testEqualsHashcode:()V#285#101 prob_bp = 1.00000000000000000000
org.apache.commons.lang3.text.ExtendedMessageFormatTest:testEqualsHashcode:()V#285#103 prob_bp = 1.00000000000000000000
org.apache.commons.lang3.text.ExtendedMessageFormatTest:testEqualsHashcode:()V#286#111 prob_bp = 1.00000000000000000000
org.apache.commons.lang3.text.ExtendedMessageFormatTest:testEqualsHashcode:()V#286#113 prob_bp = 1.00000000000000000000
org.apache.commons.lang3.text.ExtendedMessageFormatTest:testEqualsHashcode:()V#289#132 prob_bp = 1.00000000000000000000
org.apache.commons.lang3.text.ExtendedMessageFormatTest:testEqualsHashcode:()V#289#135 prob_bp = 1.00000000000000000000
org.apache.commons.lang3.text.ExtendedMessageFormatTest:testEqualsHashcode:()V#289#136 prob_bp = 1.00000000000000000000
org.apache.commons.lang3.text.ExtendedMessageFormatTest:testEqualsHashcode:()V#289#137 prob_bp = 1.00000000000000000000
org.apache.commons.lang3.text.ExtendedMessageFormatTest:testEqualsHashcode:()V#289#140 prob_bp = 1.00000000000000000000
org.apache.commons.lang3.text.ExtendedMessageFormatTest:testEqualsHashcode:()V#289#141 prob_bp = 1.00000000000000000000
org.apache.commons.lang3.text.ExtendedMessageFormatTest:testEqualsHashcode:()V#289#144 prob_bp = 1.00000000000000000000
org.apache.commons.lang3.text.ExtendedMessageFormatTest:testEqualsHashcode:()V#290#148 prob_bp = 1.00000000000000000000
org.apache.commons.lang3.text.ExtendedMessageFormatTest:testEqualsHashcode:()V#290#150 prob_bp = 1.00000000000000000000
org.apache.commons.lang3.text.ExtendedMessageFormatTest:testEqualsHashcode:()V#290#152 prob_bp = 1.00000000000000000000
org.apache.commons.lang3.text.ExtendedMessageFormatTest:testEqualsHashcode:()V#291#160 prob_bp = 1.00000000000000000000
org.apache.commons.lang3.text.ExtendedMessageFormatTest:testEqualsHashcode:()V#291#162 prob_bp = 1.00000000000000000000
org.apache.commons.lang3.text.ExtendedMessageFormatTest:testEqualsHashcode:()V#294#181 prob_bp = 1.00000000000000000000
org.apache.commons.lang3.text.ExtendedMessageFormatTest:testEqualsHashcode:()V#294#184 prob_bp = 1.00000000000000000000
org.apache.commons.lang3.text.ExtendedMessageFormatTest:testEqualsHashcode:()V#294#185 prob_bp = 1.00000000000000000000
org.apache.commons.lang3.text.ExtendedMessageFormatTest:testEqualsHashcode:()V#294#192 prob_bp = 1.00000000000000000000
org.apache.commons.lang3.text.ExtendedMessageFormatTest:testEqualsHashcode:()V#294#194 prob_bp = 1.00000000000000000000
org.apache.commons.lang3.text.ExtendedMessageFormatTest:testEqualsHashcode:()V#294#197 prob_bp = 1.00000000000000000000
org.apache.commons.lang3.text.ExtendedMessageFormatTest:testEqualsHashcode:()V#294#198 prob_bp = 1.00000000000000000000
org.apache.commons.lang3.text.ExtendedMessageFormatTest:testEqualsHashcode:()V#294#201 prob_bp = 1.00000000000000000000
org.apache.commons.lang3.text.ExtendedMessageFormatTest:testEqualsHashcode:()V#294#204 prob_bp = 1.00000000000000000000
org.apache.commons.lang3.text.ExtendedMessageFormatTest:testEqualsHashcode:()V#294#207 prob_bp = 1.00000000000000000000
org.apache.commons.lang3.text.ExtendedMessageFormatTest:testEqualsHashcode:()V#294#208 prob_bp = 1.00000000000000000000
org.apache.commons.lang3.text.ExtendedMessageFormatTest:testEqualsHashcode:()V#294#211 prob_bp = 1.00000000000000000000
org.apache.commons.lang3.text.ExtendedMessageFormatTest:testEqualsHashcode:()V#295#215 prob_bp = 1.00000000000000000000
org.apache.commons.lang3.text.ExtendedMessageFormatTest:testEqualsHashcode:()V#295#217 prob_bp = 1.00000000000000000000
org.apache.commons.lang3.text.ExtendedMessageFormatTest:testEqualsHashcode:()V#295#219 prob_bp = 1.00000000000000000000
org.apache.commons.lang3.text.ExtendedMessageFormatTest:testEqualsHashcode:()V#296#227 prob_bp = 1.00000000000000000000
org.apache.commons.lang3.text.ExtendedMessageFormatTest:testEqualsHashcode:()V#296#229 prob_bp = 1.00000000000000000000
org.apache.commons.lang3.text.ExtendedMessageFormatTest:testEqualsHashcode:()V#299#248 prob_bp = 1.00000000000000000000
org.apache.commons.lang3.text.ExtendedMessageFormatTest:testEqualsHashcode:()V#299#251 prob_bp = 1.00000000000000000000
org.apache.commons.lang3.text.ExtendedMessageFormatTest:testEqualsHashcode:()V#299#252 prob_bp = 1.00000000000000000000
org.apache.commons.lang3.text.ExtendedMessageFormatTest:testEqualsHashcode:()V#299#253 prob_bp = 1.00000000000000000000
org.apache.commons.lang3.text.ExtendedMessageFormatTest:testEqualsHashcode:()V#299#256 prob_bp = 1.00000000000000000000
org.apache.commons.lang3.text.ExtendedMessageFormatTest:testEqualsHashcode:()V#299#257 prob_bp = 1.00000000000000000000
org.apache.commons.lang3.text.ExtendedMessageFormatTest:testEqualsHashcode:()V#299#260 prob_bp = 1.00000000000000000000
org.apache.commons.lang3.text.ExtendedMessageFormatTest:testEqualsHashcode:()V#300#264 prob_bp = 1.00000000000000000000
org.apache.commons.lang3.text.ExtendedMessageFormatTest:testEqualsHashcode:()V#300#266 prob_bp = 1.00000000000000000000
org.apache.commons.lang3.text.ExtendedMessageFormatTest:testEqualsHashcode:()V#300#268 prob_bp = 1.00000000000000000000
org.apache.commons.lang3.text.ExtendedMessageFormatTest:testEqualsHashcode:()V#301#274 prob_bp = 1.00000000000000000000
org.apache.commons.lang3.text.ExtendedMessageFormatTest:testEqualsHashcode:()V#301#276 prob_bp = 1.00000000000000000000
org.apache.commons.lang3.text.ExtendedMessageFormatTest:testEqualsHashcode:()V#301#278 prob_bp = 1.00000000000000000000
org.apache.commons.lang3.text.ExtendedMessageFormatTest:testEqualsHashcode:()V#301#281 prob_bp = 1.00000000000000000000
org.apache.commons.lang3.text.ExtendedMessageFormatTest:testEqualsHashcode:()V#301#283 prob_bp = 1.00000000000000000000
org.apache.commons.lang3.text.ExtendedMessageFormatTest:testEqualsHashcode:()V#301#286 prob_bp = 1.00000000000000000000
org.apache.commons.lang3.text.ExtendedMessageFormatTest:testEqualsHashcode:()V#301#289 prob_bp = 1.00000000000000000000
org.apache.commons.lang3.text.ExtendedMessageFormatTest:testEqualsHashcode:()V#301#294 prob_bp = 1.00000000000000000000
Belief propagation time : 9.970000s
