Belief propagation time: 100

Probabilities: 
Vars:30444
Stmts:4454
org.apache.commons.lang3.math.NumberUtils:createNumber:(Ljava/lang/String;)Ljava/lang/Number;#499#327 prob_bp = 0.49853971774130806000
org.apache.commons.lang3.math.NumberUtils:createNumber:(Ljava/lang/String;)Ljava/lang/Number;#545#550 prob_bp = 0.49927272404744966000
org.apache.commons.lang3.math.NumberUtils:createNumber:(Ljava/lang/String;)Ljava/lang/Number;#545#565 prob_bp = 0.49927272404744966000
org.apache.commons.lang3.math.NumberUtils:createNumber:(Ljava/lang/String;)Ljava/lang/Number;#545#554 prob_bp = 0.49927272404744977000
org.apache.commons.lang3.math.NumberUtils:createNumber:(Ljava/lang/String;)Ljava/lang/Number;#499#326 prob_bp = 0.49965595302024010000
org.apache.commons.lang3.math.NumberUtils:createNumber:(Ljava/lang/String;)Ljava/lang/Number;#545#561 prob_bp = 0.49989003931223960000
org.apache.commons.lang3.math.NumberUtils:createNumber:(Ljava/lang/String;)Ljava/lang/Number;#461#67 prob_bp = 0.49993159353312020000
org.apache.commons.lang3.math.NumberUtils:isAllZeros:(Ljava/lang/String;)Z#609#24 prob_bp = 0.49999883032527137000
org.apache.commons.lang3.math.NumberUtils:isAllZeros:(Ljava/lang/String;)Z#609#22 prob_bp = 0.49999887560605220000
org.apache.commons.lang3.math.NumberUtils:createNumber:(Ljava/lang/String;)Ljava/lang/Number;#459#53 prob_bp = 0.49999964597026353000
org.apache.commons.lang3.math.NumberUtils:createNumber:(Ljava/lang/String;)Ljava/lang/Number;#459#52 prob_bp = 0.49999969301885850000
org.apache.commons.lang3.math.NumberUtils:createNumber:(Ljava/lang/String;)Ljava/lang/Number;#458#49 prob_bp = 0.49999982808653130000
org.apache.commons.lang3.math.NumberUtils:createNumber:(Ljava/lang/String;)Ljava/lang/Number;#461#64 prob_bp = 0.49999998616690544000
org.apache.commons.lang3.math.NumberUtils:createNumber:(Ljava/lang/String;)Ljava/lang/Number;#461#57 prob_bp = 0.49999998800818220000
org.apache.commons.lang3.math.NumberUtils:isAllZeros:(Ljava/lang/String;)Z#608#14 prob_bp = 0.49999999245630470000
org.apache.commons.lang3.math.NumberUtils:createNumber:(Ljava/lang/String;)Ljava/lang/Number;#458#40 prob_bp = 0.49999999357902150000
org.apache.commons.lang3.math.NumberUtils:isAllZeros:(Ljava/lang/String;)Z#608#13 prob_bp = 0.49999999819187650000
org.apache.commons.lang3.math.NumberUtils:createNumber:(Ljava/lang/String;)Ljava/lang/Number;#559#624 prob_bp = 0.49999999879878250000
org.apache.commons.lang3.math.NumberUtils:createNumber:(Ljava/lang/String;)Ljava/lang/Number;#559#623 prob_bp = 0.49999999893075453000
org.apache.commons.lang3.math.NumberUtils:createNumber:(Ljava/lang/String;)Ljava/lang/Number;#461#63 prob_bp = 0.49999999915294100000
org.apache.commons.lang3.math.NumberUtils:createNumber:(Ljava/lang/String;)Ljava/lang/Number;#458#46 prob_bp = 0.49999999917141330000
org.apache.commons.lang3.math.NumberUtils:createNumber:(Ljava/lang/String;)Ljava/lang/Number;#461#62 prob_bp = 0.49999999918576116000
org.apache.commons.lang3.math.NumberUtils:createNumber:(Ljava/lang/String;)Ljava/lang/Number;#458#44 prob_bp = 0.49999999920351407000
org.apache.commons.lang3.math.NumberUtils:createNumber:(Ljava/lang/String;)Ljava/lang/Number;#458#43 prob_bp = 0.49999999928169064000
org.apache.commons.lang3.math.NumberUtils:isAllZeros:(Ljava/lang/String;)Z#608#12 prob_bp = 0.49999999961271250000
org.apache.commons.lang3.math.NumberUtils:createNumber:(Ljava/lang/String;)Ljava/lang/Number;#461#59 prob_bp = 0.49999999973012000000
org.apache.commons.lang3.math.NumberUtils:createNumber:(Ljava/lang/String;)Ljava/lang/Number;#461#58 prob_bp = 0.49999999976604265000
org.apache.commons.lang3.math.NumberUtils:createNumber:(Ljava/lang/String;)Ljava/lang/Number;#575#685 prob_bp = 0.49999999977089943000
org.apache.commons.lang3.math.NumberUtils:isAllZeros:(Ljava/lang/String;)Z#609#19 prob_bp = 0.49999999993249040000
org.apache.commons.lang3.math.NumberUtils:createNumber:(Ljava/lang/String;)Ljava/lang/Number;#458#37 prob_bp = 0.49999999996506017000
org.apache.commons.lang3.math.NumberUtils:createNumber:(Ljava/lang/String;)Ljava/lang/Number;#458#35 prob_bp = 0.49999999996641326000
org.apache.commons.lang3.math.NumberUtils:isAllZeros:(Ljava/lang/String;)Z#605#1 prob_bp = 0.49999999996744765000
org.apache.commons.lang3.math.NumberUtils:createNumber:(Ljava/lang/String;)Ljava/lang/Number;#556#620 prob_bp = 0.49999999996791740000
org.apache.commons.lang3.math.NumberUtils:isAllZeros:(Ljava/lang/String;)Z#608#11 prob_bp = 0.49999999996955590000
org.apache.commons.lang3.math.NumberUtils:createNumber:(Ljava/lang/String;)Ljava/lang/Number;#458#34 prob_bp = 0.49999999996970357000
org.apache.commons.lang3.math.NumberUtils:isAllZeros:(Ljava/lang/String;)Z#608#10 prob_bp = 0.49999999997073450000
org.apache.commons.lang3.math.NumberUtils:isAllZeros:(Ljava/lang/String;)Z#608#7 prob_bp = 0.49999999997569644000
org.apache.commons.lang3.math.NumberUtils:isAllZeros:(Ljava/lang/String;)Z#609#17 prob_bp = 0.49999999998329425000
org.apache.commons.lang3.math.NumberUtils:createNumber:(Ljava/lang/String;)Ljava/lang/Number;#451#29 prob_bp = 0.49999999998333744000
org.apache.commons.lang3.math.NumberUtils:isAllZeros:(Ljava/lang/String;)Z#609#18 prob_bp = 0.49999999998381900000
org.apache.commons.lang3.math.NumberUtils:createNumber:(Ljava/lang/String;)Ljava/lang/Number;#556#618 prob_bp = 0.49999999998673270000
org.apache.commons.lang3.math.NumberUtils:createNumber:(Ljava/lang/String;)Ljava/lang/Number;#551#580#unexe#4 prob_bp = 0.49999999999142220000
org.apache.commons.lang3.math.NumberUtils:isAllZeros:(Ljava/lang/String;)Z#605#0 prob_bp = 0.49999999999195940000
org.apache.commons.lang3.math.NumberUtils:createNumber:(Ljava/lang/String;)Ljava/lang/Number;#498#305 prob_bp = 0.49999999999246800000
org.apache.commons.lang3.math.NumberUtils:createNumber:(Ljava/lang/String;)Ljava/lang/Number;#554#612 prob_bp = 0.49999999999258404000
org.apache.commons.lang3.math.NumberUtils:createNumber:(Ljava/lang/String;)Ljava/lang/Number;#554#611 prob_bp = 0.49999999999287176000
org.apache.commons.lang3.math.NumberUtils:isAllZeros:(Ljava/lang/String;)Z#608#6 prob_bp = 0.49999999999398600000
org.apache.commons.lang3.math.NumberUtils:createNumber:(Ljava/lang/String;)Ljava/lang/Number;#498#304 prob_bp = 0.49999999999822210000
org.apache.commons.lang3.math.NumberUtils:createNumber:(Ljava/lang/String;)Ljava/lang/Number;#575#675 prob_bp = 0.49999999999923556000
org.apache.commons.lang3.math.NumberUtils:createNumber:(Ljava/lang/String;)Ljava/lang/Number;#484#231 prob_bp = 0.49999999999964710000
org.apache.commons.lang3.math.NumberUtils:createNumber:(Ljava/lang/String;)Ljava/lang/Number;#448#10 prob_bp = 0.49999999999966310000
org.apache.commons.lang3.math.NumberUtils:createNumber:(Ljava/lang/String;)Ljava/lang/Number;#556#615 prob_bp = 0.49999999999967987000
org.apache.commons.lang3.math.NumberUtils:createNumber:(Ljava/lang/String;)Ljava/lang/Number;#451#26 prob_bp = 0.49999999999974026000
org.apache.commons.lang3.math.NumberUtils:createNumber:(Ljava/lang/String;)Ljava/lang/Number;#451#24 prob_bp = 0.49999999999975087000
org.apache.commons.lang3.math.NumberUtils:createNumber:(Ljava/lang/String;)Ljava/lang/Number;#451#23 prob_bp = 0.49999999999977474000
org.apache.commons.lang3.math.NumberUtils:createNumber:(Ljava/lang/String;)Ljava/lang/Number;#556#614 prob_bp = 0.49999999999979280000
org.apache.commons.lang3.math.NumberUtils:createNumber:(Ljava/lang/String;)Ljava/lang/Number;#575#672 prob_bp = 0.49999999999980990000
org.apache.commons.lang3.math.NumberUtils:createNumber:(Ljava/lang/String;)Ljava/lang/Number;#488#238 prob_bp = 0.49999999999982110000
org.apache.commons.lang3.math.NumberUtils:createNumber:(Ljava/lang/String;)Ljava/lang/Number;#488#237 prob_bp = 0.49999999999982790000
org.apache.commons.lang3.math.NumberUtils:createNumber:(Ljava/lang/String;)Ljava/lang/Number;#575#684 prob_bp = 0.49999999999985095000
org.apache.commons.lang3.math.NumberUtils:createNumber:(Ljava/lang/String;)Ljava/lang/Number;#575#683 prob_bp = 0.49999999999985667000
org.apache.commons.lang3.math.NumberUtils:createNumber:(Ljava/lang/String;)Ljava/lang/Number;#575#670 prob_bp = 0.49999999999995337000
org.apache.commons.lang3.math.NumberUtils:createNumber:(Ljava/lang/String;)Ljava/lang/Number;#551#580 prob_bp = 0.49999999999998040000
org.apache.commons.lang3.math.NumberUtils:createNumber:(Ljava/lang/String;)Ljava/lang/Number;#551#579 prob_bp = 0.49999999999998107000
org.apache.commons.lang3.math.NumberUtils:createNumber:(Ljava/lang/String;)Ljava/lang/Number;#574#668 prob_bp = 0.49999999999998910000
org.apache.commons.lang3.math.NumberUtils:createNumber:(Ljava/lang/String;)Ljava/lang/Number;#551#577 prob_bp = 0.49999999999999534000
org.apache.commons.lang3.math.NumberUtils:createFloat:(Ljava/lang/String;)Ljava/lang/Float;#630#10 prob_bp = 0.49999999999999780000
org.apache.commons.lang3.math.NumberUtils:createNumber:(Ljava/lang/String;)Ljava/lang/Number;#574#665 prob_bp = 0.49999999999999845000
org.apache.commons.lang3.math.NumberUtils:createNumber:(Ljava/lang/String;)Ljava/lang/Number;#574#664 prob_bp = 0.49999999999999856000
org.apache.commons.lang3.math.NumberUtils:createNumber:(Ljava/lang/String;)Ljava/lang/Number;#575#680 prob_bp = 0.49999999999999933000
org.apache.commons.lang3.math.NumberUtils:createNumber:(Ljava/lang/String;)Ljava/lang/Number;#575#678 prob_bp = 0.49999999999999970000
org.apache.commons.lang3.math.NumberUtils:createNumber:(Ljava/lang/String;)Ljava/lang/Number;#478#175 prob_bp = 0.49999999999999990000
org.apache.commons.lang3.math.NumberUtils:createNumber:(Ljava/lang/String;)Ljava/lang/Number;#445#0 prob_bp = 0.49999999999999994000
org.apache.commons.lang3.math.NumberUtils:createNumber:(Ljava/lang/String;)Ljava/lang/Number;#448#7 prob_bp = 0.49999999999999994000
org.apache.commons.lang3.math.NumberUtils:createNumber:(Ljava/lang/String;)Ljava/lang/Number;#476#166 prob_bp = 0.49999999999999994000
org.apache.commons.lang3.math.NumberUtils:createNumber:(Ljava/lang/String;)Ljava/lang/Number;#478#178 prob_bp = 0.49999999999999994000
org.apache.commons.lang3.math.NumberUtils:createNumber:(Ljava/lang/String;)Ljava/lang/Number;#572#642 prob_bp = 0.49999999999999994000
org.apache.commons.lang3.math.NumberUtils:createNumber:(Ljava/lang/String;)Ljava/lang/Number;#486#235 prob_bp = 0.49999999999999994000
org.apache.commons.lang3.math.NumberUtils:createNumber:(Ljava/lang/String;)Ljava/lang/Number;#486#236 prob_bp = 0.49999999999999994000
org.apache.commons.lang3.math.NumberUtils:createNumber:(Ljava/lang/String;)Ljava/lang/Number;#531#508 prob_bp = 0.49999999999999994000
org.apache.commons.lang3.math.NumberUtils:createNumber:(Ljava/lang/String;)Ljava/lang/Number;#532#525 prob_bp = 0.49999999999999994000
org.apache.commons.lang3.math.NumberUtils:createNumber:(Ljava/lang/String;)Ljava/lang/Number;#517#470 prob_bp = 0.49999999999999994000
org.apache.commons.lang3.math.NumberUtils:createNumber:(Ljava/lang/String;)Ljava/lang/Number;#481#194 prob_bp = 0.49999999999999994000
org.apache.commons.lang3.math.NumberUtils:createNumber:(Ljava/lang/String;)Ljava/lang/Number;#545#562 prob_bp = 0.49999999999999994000
org.apache.commons.lang3.math.NumberUtils:createNumber:(Ljava/lang/String;)Ljava/lang/Number;#476#162 prob_bp = 0.50000000000000000000
org.apache.commons.lang3.math.NumberUtils:createNumber:(Ljava/lang/String;)Ljava/lang/Number;#572#643 prob_bp = 0.50000000000000000000
org.apache.commons.lang3.math.NumberUtils:createNumber:(Ljava/lang/String;)Ljava/lang/Number;#531#505 prob_bp = 0.50000000000000000000
org.apache.commons.lang3.math.NumberUtils:createDouble:(Ljava/lang/String;)Ljava/lang/Double;#646#10 prob_bp = 0.50000000000000000000
org.apache.commons.lang3.math.NumberUtils:createNumber:(Ljava/lang/String;)Ljava/lang/Number;#532#510 prob_bp = 0.50000000000000000000
org.apache.commons.lang3.math.NumberUtils:createNumber:(Ljava/lang/String;)Ljava/lang/Number;#532#512 prob_bp = 0.50000000000000000000
org.apache.commons.lang3.math.NumberUtils:createNumber:(Ljava/lang/String;)Ljava/lang/Number;#532#515 prob_bp = 0.50000000000000000000
org.apache.commons.lang3.math.NumberUtils:createNumber:(Ljava/lang/String;)Ljava/lang/Number;#532#518 prob_bp = 0.50000000000000000000
org.apache.commons.lang3.math.NumberUtils:createNumber:(Ljava/lang/String;)Ljava/lang/Number;#532#520 prob_bp = 0.50000000000000000000
org.apache.commons.lang3.math.NumberUtils:createNumber:(Ljava/lang/String;)Ljava/lang/Number;#532#523 prob_bp = 0.50000000000000000000
org.apache.commons.lang3.math.NumberUtils:createNumber:(Ljava/lang/String;)Ljava/lang/Number;#532#524 prob_bp = 0.50000000000000000000
org.apache.commons.lang3.math.NumberUtils:createNumber:(Ljava/lang/String;)Ljava/lang/Number;#517#465 prob_bp = 0.50000000000000000000
org.apache.commons.lang3.math.NumberUtils:createNumber:(Ljava/lang/String;)Ljava/lang/Number;#517#467 prob_bp = 0.50000000000000000000
org.apache.commons.lang3.math.NumberUtils:createNumber:(Ljava/lang/String;)Ljava/lang/Number;#518#472 prob_bp = 0.50000000000000000000
org.apache.commons.lang3.math.NumberUtils:createNumber:(Ljava/lang/String;)Ljava/lang/Number;#518#474 prob_bp = 0.50000000000000000000
org.apache.commons.lang3.math.NumberUtils:createNumber:(Ljava/lang/String;)Ljava/lang/Number;#518#477 prob_bp = 0.50000000000000000000
org.apache.commons.lang3.math.NumberUtils:createNumber:(Ljava/lang/String;)Ljava/lang/Number;#518#480 prob_bp = 0.50000000000000000000
org.apache.commons.lang3.math.NumberUtils:createNumber:(Ljava/lang/String;)Ljava/lang/Number;#518#482 prob_bp = 0.50000000000000000000
org.apache.commons.lang3.math.NumberUtils:createNumber:(Ljava/lang/String;)Ljava/lang/Number;#518#485 prob_bp = 0.50000000000000000000
org.apache.commons.lang3.math.NumberUtils:createNumber:(Ljava/lang/String;)Ljava/lang/Number;#518#486 prob_bp = 0.50000000000000000000
org.apache.commons.lang3.math.NumberUtils:createNumber:(Ljava/lang/String;)Ljava/lang/Number;#518#487 prob_bp = 0.50000000000000000000
org.apache.commons.lang3.math.NumberUtils:createNumber:(Ljava/lang/String;)Ljava/lang/Number;#564#630 prob_bp = 0.50000000000000000000
org.apache.commons.lang3.math.NumberUtils:createNumber:(Ljava/lang/String;)Ljava/lang/Number;#502#384 prob_bp = 0.50000000000000000000
org.apache.commons.lang3.math.NumberUtils:createNumber:(Ljava/lang/String;)Ljava/lang/Number;#481#188 prob_bp = 0.50000000000000000000
org.apache.commons.lang3.math.NumberUtils:createNumber:(Ljava/lang/String;)Ljava/lang/Number;#481#190 prob_bp = 0.50000000000000000000
org.apache.commons.lang3.math.NumberUtils:createNumber:(Ljava/lang/String;)Ljava/lang/Number;#484#225 prob_bp = 0.50000000000000000000
org.apache.commons.lang3.math.NumberUtils:createNumber:(Ljava/lang/String;)Ljava/lang/Number;#484#226 prob_bp = 0.50000000000000000000
org.apache.commons.lang3.math.NumberUtils:createNumber:(Ljava/lang/String;)Ljava/lang/Number;#484#228 prob_bp = 0.50000000000000000000
org.apache.commons.lang3.math.NumberUtils:createNumber:(Ljava/lang/String;)Ljava/lang/Number;#491#260 prob_bp = 0.50000000000000000000
org.apache.commons.lang3.math.NumberUtils:createNumber:(Ljava/lang/String;)Ljava/lang/Number;#491#261 prob_bp = 0.50000000000000000000
org.apache.commons.lang3.math.NumberUtils:createNumber:(Ljava/lang/String;)Ljava/lang/Number;#545#567 prob_bp = 0.50000000000000000000
org.apache.commons.lang3.math.NumberUtils:createNumber:(Ljava/lang/String;)Ljava/lang/Number;#545#570 prob_bp = 0.50000000000000000000
org.apache.commons.lang3.math.NumberUtils:createNumber:(Ljava/lang/String;)Ljava/lang/Number;#445#1 prob_bp = 0.50000000000000010000
org.apache.commons.lang3.math.NumberUtils:createNumber:(Ljava/lang/String;)Ljava/lang/Number;#448#6 prob_bp = 0.50000000000000010000
org.apache.commons.lang3.math.NumberUtils:createNumber:(Ljava/lang/String;)Ljava/lang/Number;#465#68 prob_bp = 0.50000000000000010000
org.apache.commons.lang3.math.NumberUtils:createNumber:(Ljava/lang/String;)Ljava/lang/Number;#466#88 prob_bp = 0.50000000000000010000
org.apache.commons.lang3.math.NumberUtils:createNumber:(Ljava/lang/String;)Ljava/lang/Number;#470#99 prob_bp = 0.50000000000000010000
org.apache.commons.lang3.math.NumberUtils:createNumber:(Ljava/lang/String;)Ljava/lang/Number;#476#163 prob_bp = 0.50000000000000010000
org.apache.commons.lang3.math.NumberUtils:createNumber:(Ljava/lang/String;)Ljava/lang/Number;#476#170 prob_bp = 0.50000000000000010000
org.apache.commons.lang3.math.NumberUtils:createNumber:(Ljava/lang/String;)Ljava/lang/Number;#478#171 prob_bp = 0.50000000000000010000
org.apache.commons.lang3.math.NumberUtils:createNumber:(Ljava/lang/String;)Ljava/lang/Number;#478#173 prob_bp = 0.50000000000000010000
org.apache.commons.lang3.math.NumberUtils:createNumber:(Ljava/lang/String;)Ljava/lang/Number;#491#252 prob_bp = 0.50000000000000010000
org.apache.commons.lang3.math.NumberUtils:createNumber:(Ljava/lang/String;)Ljava/lang/Number;#531#503 prob_bp = 0.50000000000000010000
org.apache.commons.lang3.math.NumberUtils:createNumber:(Ljava/lang/String;)Ljava/lang/Number;#564#631 prob_bp = 0.50000000000000010000
org.apache.commons.lang3.math.NumberUtils:createNumber:(Ljava/lang/String;)Ljava/lang/Number;#502#385 prob_bp = 0.50000000000000010000
org.apache.commons.lang3.math.NumberUtils:createNumber:(Ljava/lang/String;)Ljava/lang/Number;#481#191 prob_bp = 0.50000000000000010000
org.apache.commons.lang3.math.NumberUtils:createNumber:(Ljava/lang/String;)Ljava/lang/Number;#484#224 prob_bp = 0.50000000000000010000
org.apache.commons.lang3.math.NumberUtils:createNumber:(Ljava/lang/String;)Ljava/lang/Number;#545#553 prob_bp = 0.50000000000000010000
org.apache.commons.lang3.math.NumberUtils:createNumber:(Ljava/lang/String;)Ljava/lang/Number;#476#165 prob_bp = 0.50000000000000020000
org.apache.commons.lang3.math.NumberUtils:createNumber:(Ljava/lang/String;)Ljava/lang/Number;#476#167 prob_bp = 0.50000000000000020000
org.apache.commons.lang3.math.NumberUtils:createNumber:(Ljava/lang/String;)Ljava/lang/Number;#478#172 prob_bp = 0.50000000000000020000
org.apache.commons.lang3.math.NumberUtils:createNumber:(Ljava/lang/String;)Ljava/lang/Number;#532#526 prob_bp = 0.50000000000000020000
org.apache.commons.lang3.math.NumberUtils:createNumber:(Ljava/lang/String;)Ljava/lang/Number;#545#557 prob_bp = 0.50000000000000020000
org.apache.commons.lang3.math.NumberUtils:createNumber:(Ljava/lang/String;)Ljava/lang/Number;#545#576 prob_bp = 0.50000000000000020000
org.apache.commons.lang3.math.NumberUtils:createNumber:(Ljava/lang/String;)Ljava/lang/Number;#465#74 prob_bp = 0.50000000000000030000
org.apache.commons.lang3.math.NumberUtils:createNumber:(Ljava/lang/String;)Ljava/lang/Number;#466#76 prob_bp = 0.50000000000000030000
org.apache.commons.lang3.math.NumberUtils:createNumber:(Ljava/lang/String;)Ljava/lang/Number;#466#90 prob_bp = 0.50000000000000030000
org.apache.commons.lang3.math.NumberUtils:createNumber:(Ljava/lang/String;)Ljava/lang/Number;#468#95 prob_bp = 0.50000000000000030000
org.apache.commons.lang3.math.NumberUtils:createNumber:(Ljava/lang/String;)Ljava/lang/Number;#468#96 prob_bp = 0.50000000000000030000
org.apache.commons.lang3.math.NumberUtils:createNumber:(Ljava/lang/String;)Ljava/lang/Number;#466#79 prob_bp = 0.50000000000000040000
org.apache.commons.lang3.math.NumberUtils:createNumber:(Ljava/lang/String;)Ljava/lang/Number;#468#93 prob_bp = 0.50000000000000040000
org.apache.commons.lang3.math.NumberUtils:createNumber:(Ljava/lang/String;)Ljava/lang/Number;#470#101 prob_bp = 0.50000000000000040000
org.apache.commons.lang3.math.NumberUtils:createNumber:(Ljava/lang/String;)Ljava/lang/Number;#466#77 prob_bp = 0.50000000000000060000
org.apache.commons.lang3.math.NumberUtils:createNumber:(Ljava/lang/String;)Ljava/lang/Number;#466#91 prob_bp = 0.50000000000000060000
org.apache.commons.lang3.math.NumberUtils:createNumber:(Ljava/lang/String;)Ljava/lang/Number;#491#254 prob_bp = 0.50000000000000060000
org.apache.commons.lang3.math.NumberUtils:createNumber:(Ljava/lang/String;)Ljava/lang/Number;#491#255 prob_bp = 0.50000000000000060000
org.apache.commons.lang3.math.NumberUtils:createNumber:(Ljava/lang/String;)Ljava/lang/Number;#465#69 prob_bp = 0.50000000000000080000
org.apache.commons.lang3.math.NumberUtils:createNumber:(Ljava/lang/String;)Ljava/lang/Number;#465#71 prob_bp = 0.50000000000000080000
org.apache.commons.lang3.math.NumberUtils:createNumber:(Ljava/lang/String;)Ljava/lang/Number;#466#89 prob_bp = 0.50000000000000080000
org.apache.commons.lang3.math.NumberUtils:createNumber:(Ljava/lang/String;)Ljava/lang/Number;#470#102 prob_bp = 0.50000000000000080000
org.apache.commons.lang3.math.NumberUtils:createNumber:(Ljava/lang/String;)Ljava/lang/Number;#480#182 prob_bp = 0.50000000000000630000
org.apache.commons.lang3.math.NumberUtils:createNumber:(Ljava/lang/String;)Ljava/lang/Number;#466#82 prob_bp = 0.50000000000001680000
org.apache.commons.lang3.math.NumberUtils:createNumber:(Ljava/lang/String;)Ljava/lang/Number;#466#83 prob_bp = 0.50000000000001930000
org.apache.commons.lang3.math.NumberUtils:createNumber:(Ljava/lang/String;)Ljava/lang/Number;#466#85 prob_bp = 0.50000000000001930000
org.apache.commons.lang3.math.NumberUtils:createNumber:(Ljava/lang/String;)Ljava/lang/Number;#480#184 prob_bp = 0.50000000000002590000
org.apache.commons.lang3.math.NumberUtils:createNumber:(Ljava/lang/String;)Ljava/lang/Number;#480#185 prob_bp = 0.50000000000002690000
org.apache.commons.lang3.JavaVersion:get:(Ljava/lang/String;)Lorg/apache/commons/lang3/JavaVersion;#132#0 prob_bp = 0.50000000000004830000
org.apache.commons.lang3.JavaVersion:get:(Ljava/lang/String;)Lorg/apache/commons/lang3/JavaVersion;#132#2 prob_bp = 0.50000000000004830000
org.apache.commons.lang3.JavaVersion:get:(Ljava/lang/String;)Lorg/apache/commons/lang3/JavaVersion;#132#3 prob_bp = 0.50000000000005150000
org.apache.commons.lang3.JavaVersion:get:(Ljava/lang/String;)Lorg/apache/commons/lang3/JavaVersion;#132#6 prob_bp = 0.50000000000005470000
org.apache.commons.lang3.math.NumberUtils:createNumber:(Ljava/lang/String;)Ljava/lang/Number;#494#288 prob_bp = 0.50000000000011850000
org.apache.commons.lang3.math.NumberUtils:createNumber:(Ljava/lang/String;)Ljava/lang/Number;#494#289 prob_bp = 0.50000000000012350000
org.apache.commons.lang3.math.NumberUtils:createNumber:(Ljava/lang/String;)Ljava/lang/Number;#491#255#unexe#4 prob_bp = 0.50000000000014270000
org.apache.commons.lang3.JavaVersion:get:(Ljava/lang/String;)Lorg/apache/commons/lang3/JavaVersion;#134#13 prob_bp = 0.50000000000018670000
org.apache.commons.lang3.JavaVersion:get:(Ljava/lang/String;)Lorg/apache/commons/lang3/JavaVersion;#134#15 prob_bp = 0.50000000000018670000
org.apache.commons.lang3.JavaVersion:get:(Ljava/lang/String;)Lorg/apache/commons/lang3/JavaVersion;#134#16 prob_bp = 0.50000000000019580000
org.apache.commons.lang3.math.NumberUtils:createNumber:(Ljava/lang/String;)Ljava/lang/Number;#502#388 prob_bp = 0.50000000000022070000
org.apache.commons.lang3.JavaVersion:get:(Ljava/lang/String;)Lorg/apache/commons/lang3/JavaVersion;#134#19 prob_bp = 0.50000000000028980000
org.apache.commons.lang3.math.NumberUtils:createNumber:(Ljava/lang/String;)Ljava/lang/Number;#502#390 prob_bp = 0.50000000000053550000
org.apache.commons.lang3.math.NumberUtils:createNumber:(Ljava/lang/String;)Ljava/lang/Number;#502#393 prob_bp = 0.50000000000109410000
org.apache.commons.lang3.math.NumberUtils:createNumber:(Ljava/lang/String;)Ljava/lang/Number;#490#239 prob_bp = 0.50000000000142920000
org.apache.commons.lang3.math.NumberUtils:createNumber:(Ljava/lang/String;)Ljava/lang/Number;#497#293 prob_bp = 0.50000000000350660000
org.apache.commons.lang3.math.NumberUtils:createNumber:(Ljava/lang/String;)Ljava/lang/Number;#497#294 prob_bp = 0.50000000000404650000
org.apache.commons.lang3.math.NumberUtils:createNumber:(Ljava/lang/String;)Ljava/lang/Number;#502#395 prob_bp = 0.50000000000443290000
org.apache.commons.lang3.math.NumberUtils:createNumber:(Ljava/lang/String;)Ljava/lang/Number;#502#396 prob_bp = 0.50000000000461130000
org.apache.commons.lang3.math.NumberUtils:createNumber:(Ljava/lang/String;)Ljava/lang/Number;#490#240 prob_bp = 0.50000000000605080000
org.apache.commons.lang3.JavaVersion:get:(Ljava/lang/String;)Lorg/apache/commons/lang3/JavaVersion;#136#26 prob_bp = 0.50000000000781410000
org.apache.commons.lang3.JavaVersion:get:(Ljava/lang/String;)Lorg/apache/commons/lang3/JavaVersion;#136#28 prob_bp = 0.50000000000781410000
org.apache.commons.lang3.JavaVersion:get:(Ljava/lang/String;)Lorg/apache/commons/lang3/JavaVersion;#136#29 prob_bp = 0.50000000000812900000
org.apache.commons.lang3.math.NumberUtils:createNumber:(Ljava/lang/String;)Ljava/lang/Number;#497#297 prob_bp = 0.50000000001222420000
org.apache.commons.lang3.math.NumberUtils:createNumber:(Ljava/lang/String;)Ljava/lang/Number;#497#298 prob_bp = 0.50000000001271780000
org.apache.commons.lang3.JavaVersion:get:(Ljava/lang/String;)Lorg/apache/commons/lang3/JavaVersion;#136#32 prob_bp = 0.50000000001296440000
org.apache.commons.lang3.math.NumberUtils:createNumber:(Ljava/lang/String;)Ljava/lang/Number;#490#243 prob_bp = 0.50000000002470910000
org.apache.commons.lang3.math.NumberUtils:createNumber:(Ljava/lang/String;)Ljava/lang/Number;#502#399 prob_bp = 0.50000000005703780000
org.apache.commons.lang3.math.NumberUtils:createNumber:(Ljava/lang/String;)Ljava/lang/Number;#502#401 prob_bp = 0.50000000005933260000
org.apache.commons.lang3.StringUtils:isBlank:(Ljava/lang/CharSequence;)Z#223#0 prob_bp = 0.50000000008478560000
org.apache.commons.lang3.StringUtils:isBlank:(Ljava/lang/CharSequence;)Z#223#1 prob_bp = 0.50000000011459510000
org.apache.commons.lang3.math.NumberUtils:createNumber:(Ljava/lang/String;)Ljava/lang/Number;#497#291 prob_bp = 0.50000000018049000000
org.apache.commons.lang3.math.NumberUtils:createNumber:(Ljava/lang/String;)Ljava/lang/Number;#497#292 prob_bp = 0.50000000020020410000
org.apache.commons.lang3.math.NumberUtils:createNumber:(Ljava/lang/String;)Ljava/lang/Number;#497#299 prob_bp = 0.50000000020828620000
org.apache.commons.lang3.StringUtils:isBlank:(Ljava/lang/CharSequence;)Z#223#12 prob_bp = 0.50000000029452880000
org.apache.commons.lang3.StringUtils:isBlank:(Ljava/lang/CharSequence;)Z#223#10 prob_bp = 0.50000000037190210000
org.apache.commons.lang3.JavaVersion:get:(Ljava/lang/String;)Lorg/apache/commons/lang3/JavaVersion;#138#39 prob_bp = 0.50000000041117780000
org.apache.commons.lang3.JavaVersion:get:(Ljava/lang/String;)Lorg/apache/commons/lang3/JavaVersion;#138#41 prob_bp = 0.50000000041117780000
org.apache.commons.lang3.JavaVersion:get:(Ljava/lang/String;)Lorg/apache/commons/lang3/JavaVersion;#138#42 prob_bp = 0.50000000042768270000
org.apache.commons.lang3.math.NumberUtils:isDigits:(Ljava/lang/String;)Z#1290#32 prob_bp = 0.50000000054908500000
org.apache.commons.lang3.JavaVersion:get:(Ljava/lang/String;)Lorg/apache/commons/lang3/JavaVersion;#138#45 prob_bp = 0.50000000068321500000
org.apache.commons.lang3.math.NumberUtils:createNumber:(Ljava/lang/String;)Ljava/lang/Number;#490#246 prob_bp = 0.50000000080546580000
org.apache.commons.lang3.StringUtils:isBlank:(Ljava/lang/CharSequence;)Z#223#11 prob_bp = 0.50000000127938800000
org.apache.commons.lang3.math.NumberUtils:isDigits:(Ljava/lang/String;)Z#1287#0 prob_bp = 0.50000000247724210000
org.apache.commons.lang3.math.NumberUtils:isDigits:(Ljava/lang/String;)Z#1287#1 prob_bp = 0.50000000285876470000
org.apache.commons.lang3.StringUtils:isBlank:(Ljava/lang/CharSequence;)Z#223#4 prob_bp = 0.50000000323560320000
org.apache.commons.lang3.math.NumberUtils:createNumber:(Ljava/lang/String;)Ljava/lang/Number;#490#247 prob_bp = 0.50000000327247600000
org.apache.commons.lang3.math.NumberUtils:createNumber:(Ljava/lang/String;)Ljava/lang/Number;#490#249 prob_bp = 0.50000000340426040000
org.apache.commons.lang3.StringUtils:isBlank:(Ljava/lang/CharSequence;)Z#223#5 prob_bp = 0.50000000484750160000
org.apache.commons.lang3.StringUtils:isBlank:(Ljava/lang/CharSequence;)Z#226#20 prob_bp = 0.50000000491517720000
org.apache.commons.lang3.StringUtils:isBlank:(Ljava/lang/CharSequence;)Z#227#24 prob_bp = 0.50000000672181110000
org.apache.commons.lang3.StringUtils:isBlank:(Ljava/lang/CharSequence;)Z#227#25 prob_bp = 0.50000000688417010000
org.apache.commons.lang3.StringUtils:isBlank:(Ljava/lang/CharSequence;)Z#227#26 prob_bp = 0.50000001062663810000
org.apache.commons.lang3.StringUtils:isBlank:(Ljava/lang/CharSequence;)Z#226#19 prob_bp = 0.50000001267555270000
org.apache.commons.lang3.math.NumberUtils:createNumber:(Ljava/lang/String;)Ljava/lang/Number;#502#416 prob_bp = 0.50000001613000290000
org.apache.commons.lang3.StringUtils:isBlank:(Ljava/lang/CharSequence;)Z#226#17 prob_bp = 0.50000001627139800000
org.apache.commons.lang3.StringUtils:isBlank:(Ljava/lang/CharSequence;)Z#226#18 prob_bp = 0.50000001692602590000
org.apache.commons.lang3.StringUtils:isBlank:(Ljava/lang/CharSequence;)Z#226#21 prob_bp = 0.50000001954473140000
org.apache.commons.lang3.JavaVersion:get:(Ljava/lang/String;)Lorg/apache/commons/lang3/JavaVersion;#140#52 prob_bp = 0.50000002173886560000
org.apache.commons.lang3.JavaVersion:get:(Ljava/lang/String;)Lorg/apache/commons/lang3/JavaVersion;#140#54 prob_bp = 0.50000002173886560000
org.apache.commons.lang3.math.NumberUtils:isDigits:(Ljava/lang/String;)Z#1287#4 prob_bp = 0.50000002255709090000
org.apache.commons.lang3.JavaVersion:get:(Ljava/lang/String;)Lorg/apache/commons/lang3/JavaVersion;#140#55 prob_bp = 0.50000002261138280000
org.apache.commons.lang3.JavaVersion:get:(Ljava/lang/String;)Lorg/apache/commons/lang3/JavaVersion;#140#58 prob_bp = 0.50000003612236940000
org.apache.commons.lang3.math.NumberUtils:createNumber:(Ljava/lang/String;)Ljava/lang/Number;#502#418 prob_bp = 0.50000006815942910000
org.apache.commons.lang3.math.NumberUtils:isDigits:(Ljava/lang/String;)Z#1290#11 prob_bp = 0.50000010187282240000
org.apache.commons.lang3.math.NumberUtils:isDigits:(Ljava/lang/String;)Z#1291#20 prob_bp = 0.50000011700027070000
org.apache.commons.lang3.math.NumberUtils:isDigits:(Ljava/lang/String;)Z#1290#16 prob_bp = 0.50000015335321880000
org.apache.commons.lang3.math.NumberUtils:isDigits:(Ljava/lang/String;)Z#1291#19 prob_bp = 0.50000015345771150000
org.apache.commons.lang3.math.NumberUtils:isDigits:(Ljava/lang/String;)Z#1291#21 prob_bp = 0.50000017715385110000
org.apache.commons.lang3.math.NumberUtils:isDigits:(Ljava/lang/String;)Z#1290#9 prob_bp = 0.50000018351106300000
org.apache.commons.lang3.math.NumberUtils:isDigits:(Ljava/lang/String;)Z#1290#10 prob_bp = 0.50000019066914710000
org.apache.commons.lang3.math.NumberUtils:isDigits:(Ljava/lang/String;)Z#1290#12 prob_bp = 0.50000029004541320000
org.apache.commons.lang3.math.NumberUtils:isDigits:(Ljava/lang/String;)Z#1290#13 prob_bp = 0.50000113785590400000
org.apache.commons.lang3.JavaVersion:get:(Ljava/lang/String;)Lorg/apache/commons/lang3/JavaVersion;#142#65 prob_bp = 0.50000114943139380000
org.apache.commons.lang3.JavaVersion:get:(Ljava/lang/String;)Lorg/apache/commons/lang3/JavaVersion;#142#67 prob_bp = 0.50000114943139380000
org.apache.commons.lang3.JavaVersion:get:(Ljava/lang/String;)Lorg/apache/commons/lang3/JavaVersion;#142#68 prob_bp = 0.50000119556455740000
org.apache.commons.lang3.JavaVersion:get:(Ljava/lang/String;)Lorg/apache/commons/lang3/JavaVersion;#142#71 prob_bp = 0.50000190994288280000
org.apache.commons.lang3.math.NumberUtils:createNumber:(Ljava/lang/String;)Ljava/lang/Number;#497#302 prob_bp = 0.50000401368828150000
org.apache.commons.lang3.math.NumberUtils:isDigits:(Ljava/lang/String;)Z#1295#38 prob_bp = 0.50001394668194330000
org.apache.commons.lang3.math.NumberUtils:isDigits:(Ljava/lang/String;)Z#1295#39 prob_bp = 0.50001451012444520000
org.apache.commons.lang3.math.NumberUtils:createNumber:(Ljava/lang/String;)Ljava/lang/Number;#502#421 prob_bp = 0.50001678642078460000
org.apache.commons.lang3.math.NumberUtils:createNumber:(Ljava/lang/String;)Ljava/lang/Number;#506#424 prob_bp = 0.50002019993810420000
org.apache.commons.lang3.StringUtils:isBlank:(Ljava/lang/CharSequence;)Z#227#31 prob_bp = 0.50003392255604150000
org.apache.commons.lang3.JavaVersion:get:(Ljava/lang/String;)Lorg/apache/commons/lang3/JavaVersion;#144#78 prob_bp = 0.50006077222831420000
org.apache.commons.lang3.JavaVersion:get:(Ljava/lang/String;)Lorg/apache/commons/lang3/JavaVersion;#144#80 prob_bp = 0.50006077222831420000
org.apache.commons.lang3.JavaVersion:get:(Ljava/lang/String;)Lorg/apache/commons/lang3/JavaVersion;#144#81 prob_bp = 0.50006321072652740000
org.apache.commons.lang3.math.NumberUtils:createNumber:(Ljava/lang/String;)Ljava/lang/Number;#506#426 prob_bp = 0.50008431533458450000
org.apache.commons.lang3.JavaVersion:get:(Ljava/lang/String;)Lorg/apache/commons/lang3/JavaVersion;#144#84 prob_bp = 0.50010095884988390000
org.apache.commons.lang3.StringUtils:isBlank:(Ljava/lang/CharSequence;)Z#227#34 prob_bp = 0.50017087592409000000
org.apache.commons.lang3.math.NumberUtils:isDigits:(Ljava/lang/String;)Z#1291#24 prob_bp = 0.50030954844502320000
org.apache.commons.lang3.math.NumberUtils:isDigits:(Ljava/lang/String;)Z#1291#27 prob_bp = 0.50155555778390220000
org.apache.commons.lang3.JavaVersion:get:(Ljava/lang/String;)Lorg/apache/commons/lang3/JavaVersion;#146#91 prob_bp = 0.50320353203517140000
org.apache.commons.lang3.JavaVersion:get:(Ljava/lang/String;)Lorg/apache/commons/lang3/JavaVersion;#146#93 prob_bp = 0.50320353203517140000
org.apache.commons.lang3.JavaVersion:get:(Ljava/lang/String;)Lorg/apache/commons/lang3/JavaVersion;#146#94 prob_bp = 0.50333039786305940000
org.apache.commons.lang3.JavaVersion:get:(Ljava/lang/String;)Lorg/apache/commons/lang3/JavaVersion;#146#97 prob_bp = 0.50526018886540800000
org.apache.commons.lang3.StringUtils:isBlank:(Ljava/lang/CharSequence;)Z#228#37 prob_bp = 0.51737779033016130000
org.apache.commons.lang3.StringUtils:isBlank:(Ljava/lang/CharSequence;)Z#228#38 prob_bp = 0.51802922879611070000
org.apache.commons.lang3.StringUtils:isEmpty:(Ljava/lang/CharSequence;)Z#183#10 prob_bp = 0.54510799101342620000
org.apache.commons.lang3.math.NumberUtils:createInteger:(Ljava/lang/String;)Ljava/lang/Integer;#660#0 prob_bp = 0.60333168935938230000
org.apache.commons.lang3.math.NumberUtils:createFloat:(Ljava/lang/String;)Ljava/lang/Float;#627#0 prob_bp = 0.60333228528091410000
org.apache.commons.lang3.math.NumberUtils:createDouble:(Ljava/lang/String;)Ljava/lang/Double;#643#0 prob_bp = 0.60333228528091710000
org.apache.commons.lang3.math.NumberUtils:createLong:(Ljava/lang/String;)Ljava/lang/Long;#677#0 prob_bp = 0.60356812549556440000
org.apache.commons.lang3.math.NumberUtils:createInteger:(Ljava/lang/String;)Ljava/lang/Integer;#660#1 prob_bp = 0.60639876460533250000
org.apache.commons.lang3.math.NumberUtils:createFloat:(Ljava/lang/String;)Ljava/lang/Float;#627#1 prob_bp = 0.60639977366555240000
org.apache.commons.lang3.math.NumberUtils:createDouble:(Ljava/lang/String;)Ljava/lang/Double;#643#1 prob_bp = 0.60639977366555780000
org.apache.commons.lang3.math.NumberUtils:createLong:(Ljava/lang/String;)Ljava/lang/Long;#677#1 prob_bp = 0.60692940304764660000
org.apache.commons.lang3.JavaVersion:get:(Ljava/lang/String;)Lorg/apache/commons/lang3/JavaVersion;#148#104 prob_bp = 0.64262508437954350000
org.apache.commons.lang3.JavaVersion:get:(Ljava/lang/String;)Lorg/apache/commons/lang3/JavaVersion;#148#106 prob_bp = 0.64262508437954350000
org.apache.commons.lang3.JavaVersion:get:(Ljava/lang/String;)Lorg/apache/commons/lang3/JavaVersion;#148#107 prob_bp = 0.64600017123380380000
org.apache.commons.lang3.JavaVersion:get:(Ljava/lang/String;)Lorg/apache/commons/lang3/JavaVersion;#148#110 prob_bp = 0.67417173653175910000
org.apache.commons.lang3.StringUtils:isEmpty:(Ljava/lang/CharSequence;)Z#183#0 prob_bp = 0.69739166185104010000
org.apache.commons.lang3.StringUtils:isEmpty:(Ljava/lang/CharSequence;)Z#183#1 prob_bp = 0.70059573211037660000
org.apache.commons.lang3.StringUtils:isEmpty:(Ljava/lang/CharSequence;)Z#183#17 prob_bp = 0.72111629479773330000
org.apache.commons.lang3.StringUtils:isEmpty:(Ljava/lang/CharSequence;)Z#183#18 prob_bp = 0.72508203281070980000
org.apache.commons.lang3.math.NumberUtils:createFloat:(Ljava/lang/String;)Ljava/lang/Float;#630#6 prob_bp = 0.95333706630847680000
org.apache.commons.lang3.math.NumberUtils:createDouble:(Ljava/lang/String;)Ljava/lang/Double;#646#6 prob_bp = 0.95333706630847680000
org.apache.commons.lang3.math.NumberUtils:createFloat:(Ljava/lang/String;)Ljava/lang/Float;#630#7 prob_bp = 0.96252694995134410000
org.apache.commons.lang3.math.NumberUtils:createDouble:(Ljava/lang/String;)Ljava/lang/Double;#646#7 prob_bp = 0.96252694995134410000
org.apache.commons.lang3.StringUtils:isEmpty:(Ljava/lang/CharSequence;)Z#183#4 prob_bp = 0.98508871419007670000
org.apache.commons.lang3.StringUtils:isEmpty:(Ljava/lang/CharSequence;)Z#183#5 prob_bp = 0.99128805339737320000
org.apache.commons.lang3.math.NumberUtilsTest:testCreateNumber:()V#184#7 prob_bp = 1.00000000000000000000
org.apache.commons.lang3.math.NumberUtilsTest:testCreateNumber:()V#184#9 prob_bp = 1.00000000000000000000
org.apache.commons.lang3.math.NumberUtilsTest:testCreateNumber:()V#185#22 prob_bp = 1.00000000000000000000
org.apache.commons.lang3.math.NumberUtilsTest:testCreateNumber:()V#185#24 prob_bp = 1.00000000000000000000
org.apache.commons.lang3.math.NumberUtilsTest:testCreateNumber:()V#186#37 prob_bp = 1.00000000000000000000
org.apache.commons.lang3.math.NumberUtilsTest:testCreateNumber:()V#186#39 prob_bp = 1.00000000000000000000
org.apache.commons.lang3.math.NumberUtilsTest:testCreateNumber:()V#187#52 prob_bp = 1.00000000000000000000
org.apache.commons.lang3.math.NumberUtilsTest:testCreateNumber:()V#187#54 prob_bp = 1.00000000000000000000
org.apache.commons.lang3.math.NumberUtilsTest:testCreateNumber:()V#188#67 prob_bp = 1.00000000000000000000
org.apache.commons.lang3.math.NumberUtilsTest:testCreateNumber:()V#188#69 prob_bp = 1.00000000000000000000
org.apache.commons.lang3.math.NumberUtilsTest:testCreateNumber:()V#189#82 prob_bp = 1.00000000000000000000
org.apache.commons.lang3.math.NumberUtilsTest:testCreateNumber:()V#189#84 prob_bp = 1.00000000000000000000
org.apache.commons.lang3.math.NumberUtilsTest:testCreateNumber:()V#190#98 prob_bp = 1.00000000000000000000
org.apache.commons.lang3.math.NumberUtilsTest:testCreateNumber:()V#190#100 prob_bp = 1.00000000000000000000
org.apache.commons.lang3.math.NumberUtilsTest:testCreateNumber:()V#192#114 prob_bp = 1.00000000000000000000
org.apache.commons.lang3.math.NumberUtilsTest:testCreateNumber:()V#192#116 prob_bp = 1.00000000000000000000
org.apache.commons.lang3.math.NumberUtilsTest:testCreateNumber:()V#193#130 prob_bp = 1.00000000000000000000
org.apache.commons.lang3.math.NumberUtilsTest:testCreateNumber:()V#193#132 prob_bp = 1.00000000000000000000
org.apache.commons.lang3.math.NumberUtilsTest:testCreateNumber:()V#194#145 prob_bp = 1.00000000000000000000
org.apache.commons.lang3.math.NumberUtilsTest:testCreateNumber:()V#194#147 prob_bp = 1.00000000000000000000
org.apache.commons.lang3.math.NumberUtilsTest:testCreateNumber:()V#195#160 prob_bp = 1.00000000000000000000
org.apache.commons.lang3.math.NumberUtilsTest:testCreateNumber:()V#195#162 prob_bp = 1.00000000000000000000
org.apache.commons.lang3.math.NumberUtilsTest:testCreateNumber:()V#196#172 prob_bp = 1.00000000000000000000
org.apache.commons.lang3.math.NumberUtilsTest:testCreateNumber:()V#196#174 prob_bp = 1.00000000000000000000
org.apache.commons.lang3.math.NumberUtilsTest:testCreateNumber:()V#197#195 prob_bp = 1.00000000000000000000
org.apache.commons.lang3.math.NumberUtilsTest:testCreateNumber:()V#197#197 prob_bp = 1.00000000000000000000
Belief propagation time : 13.141000s
