Belief propagation time: 86

Probabilities: 
Vars:140813
Stmts:4173
org.apache.commons.lang3.time.FastDateFormat:format:(Ljava/util/Date;)Ljava/lang/String;#822#36 prob_bp = 0.49968835313907134000
org.apache.commons.lang3.time.FastDateFormat:format:(Ljava/util/Date;)Ljava/lang/String;#822#33 prob_bp = 0.49999752791821206000
org.apache.commons.lang3.time.FastDateFormat:format:(Ljava/util/Date;)Ljava/lang/String;#822#30 prob_bp = 0.49999884519736690000
org.apache.commons.lang3.time.FastDateFormat:format:(Ljava/util/Date;)Ljava/lang/String;#822#19 prob_bp = 0.49999889034242107000
org.apache.commons.lang3.time.FastDateFormat:selectNumberRule:(II)Lorg/apache/commons/lang3/time/FastDateFormat$NumberRule;#771#42 prob_bp = 0.49999999999999940000
org.apache.commons.lang3.time.FastDateFormat:parsePattern:()Ljava/util/List;#654#725 prob_bp = 0.49999999999999950000
org.apache.commons.lang3.time.FastDateFormat:parseToken:(Ljava/lang/String;[I)Ljava/lang/String;#737#130#unexe#4 prob_bp = 0.49999999999999983000
org.apache.commons.lang3.time.FastDateFormat:parsePattern:()Ljava/util/List;#684#880 prob_bp = 0.49999999999999983000
org.apache.commons.lang3.time.FastDateFormat:parseToken:(Ljava/lang/String;[I)Ljava/lang/String;#730#102 prob_bp = 0.49999999999999990000
org.apache.commons.lang3.time.FastDateFormat:parseToken:(Ljava/lang/String;[I)Ljava/lang/String;#738#142 prob_bp = 0.49999999999999990000
org.apache.commons.lang3.time.FastDateFormat:parsePattern:()Ljava/util/List;#684#886 prob_bp = 0.49999999999999990000
org.apache.commons.lang3.time.FastDateFormat:parseToken:(Ljava/lang/String;[I)Ljava/lang/String;#714#48 prob_bp = 0.49999999999999990000
org.apache.commons.lang3.time.FastDateFormat:parseToken:(Ljava/lang/String;[I)Ljava/lang/String;#713#19 prob_bp = 0.49999999999999994000
org.apache.commons.lang3.time.FastDateFormat:parseToken:(Ljava/lang/String;[I)Ljava/lang/String;#714#31 prob_bp = 0.49999999999999994000
org.apache.commons.lang3.time.FastDateFormat:parseToken:(Ljava/lang/String;[I)Ljava/lang/String;#721#81 prob_bp = 0.49999999999999994000
org.apache.commons.lang3.time.FastDateFormat:parseToken:(Ljava/lang/String;[I)Ljava/lang/String;#721#83 prob_bp = 0.49999999999999994000
org.apache.commons.lang3.time.FastDateFormat:parsePattern:()Ljava/util/List;#645#671 prob_bp = 0.49999999999999994000
org.apache.commons.lang3.time.FastDateFormat:parsePattern:()Ljava/util/List;#645#687 prob_bp = 0.49999999999999994000
org.apache.commons.lang3.time.FastDateFormat:parsePattern:()Ljava/util/List;#645#690 prob_bp = 0.49999999999999994000
org.apache.commons.lang3.time.FastDateFormat:parseToken:(Ljava/lang/String;[I)Ljava/lang/String;#734#113 prob_bp = 0.49999999999999994000
org.apache.commons.lang3.time.FastDateFormat:parseToken:(Ljava/lang/String;[I)Ljava/lang/String;#735#118 prob_bp = 0.49999999999999994000
org.apache.commons.lang3.time.FastDateFormat:parseToken:(Ljava/lang/String;[I)Ljava/lang/String;#737#126 prob_bp = 0.49999999999999994000
org.apache.commons.lang3.time.FastDateFormat:parseToken:(Ljava/lang/String;[I)Ljava/lang/String;#743#170 prob_bp = 0.49999999999999994000
org.apache.commons.lang3.time.FastDateFormat:parseToken:(Ljava/lang/String;[I)Ljava/lang/String;#743#178 prob_bp = 0.49999999999999994000
org.apache.commons.lang3.time.FastDateFormat:parseToken:(Ljava/lang/String;[I)Ljava/lang/String;#738#152#unexe#7 prob_bp = 0.49999999999999994000
org.apache.commons.lang3.time.FastDateFormat:parseToken:(Ljava/lang/String;[I)Ljava/lang/String;#745#183 prob_bp = 0.49999999999999994000
org.apache.commons.lang3.time.FastDateFormat:parseToken:(Ljava/lang/String;[I)Ljava/lang/String;#750#222 prob_bp = 0.49999999999999994000
org.apache.commons.lang3.time.FastDateFormat:parseToken:(Ljava/lang/String;[I)Ljava/lang/String;#745#188 prob_bp = 0.49999999999999994000
org.apache.commons.lang3.time.FastDateFormat:parseToken:(Ljava/lang/String;[I)Ljava/lang/String;#745#195 prob_bp = 0.49999999999999994000
org.apache.commons.lang3.time.FastDateFormat:parseToken:(Ljava/lang/String;[I)Ljava/lang/String;#745#209 prob_bp = 0.49999999999999994000
org.apache.commons.lang3.time.FastDateFormat:parseToken:(Ljava/lang/String;[I)Ljava/lang/String;#745#199#unexe#4 prob_bp = 0.49999999999999994000
org.apache.commons.lang3.time.FastDateFormat:parsePattern:()Ljava/util/List;#591#70 prob_bp = 0.50000000000000000000
org.apache.commons.lang3.time.FastDateFormat:parseToken:(Ljava/lang/String;[I)Ljava/lang/String;#717#56 prob_bp = 0.50000000000000000000
org.apache.commons.lang3.time.FastDateFormat:parseToken:(Ljava/lang/String;[I)Ljava/lang/String;#722#88 prob_bp = 0.50000000000000000000
org.apache.commons.lang3.time.FastDateFormat:parseToken:(Ljava/lang/String;[I)Ljava/lang/String;#723#95 prob_bp = 0.50000000000000000000
org.apache.commons.lang3.time.FastDateFormat:parsePattern:()Ljava/util/List;#645#668 prob_bp = 0.50000000000000000000
org.apache.commons.lang3.time.FastDateFormat$TextField:<init>:(I[Ljava/lang/String;)V#1148#0 prob_bp = 0.50000000000000000000
org.apache.commons.lang3.time.FastDateFormat:parseToken:(Ljava/lang/String;[I)Ljava/lang/String;#735#124 prob_bp = 0.50000000000000000000
org.apache.commons.lang3.time.FastDateFormat:parseToken:(Ljava/lang/String;[I)Ljava/lang/String;#738#133 prob_bp = 0.50000000000000000000
org.apache.commons.lang3.time.FastDateFormat:parseToken:(Ljava/lang/String;[I)Ljava/lang/String;#738#135 prob_bp = 0.50000000000000000000
org.apache.commons.lang3.time.FastDateFormat:parseToken:(Ljava/lang/String;[I)Ljava/lang/String;#738#136 prob_bp = 0.50000000000000000000
org.apache.commons.lang3.time.FastDateFormat:parseToken:(Ljava/lang/String;[I)Ljava/lang/String;#738#137 prob_bp = 0.50000000000000000000
org.apache.commons.lang3.time.FastDateFormat:parseToken:(Ljava/lang/String;[I)Ljava/lang/String;#738#143 prob_bp = 0.50000000000000000000
org.apache.commons.lang3.time.FastDateFormat:parseToken:(Ljava/lang/String;[I)Ljava/lang/String;#738#145 prob_bp = 0.50000000000000000000
org.apache.commons.lang3.time.FastDateFormat:parseToken:(Ljava/lang/String;[I)Ljava/lang/String;#738#147 prob_bp = 0.50000000000000000000
org.apache.commons.lang3.time.FastDateFormat:parseToken:(Ljava/lang/String;[I)Ljava/lang/String;#738#150 prob_bp = 0.50000000000000000000
org.apache.commons.lang3.time.FastDateFormat:parseToken:(Ljava/lang/String;[I)Ljava/lang/String;#738#152 prob_bp = 0.50000000000000000000
org.apache.commons.lang3.time.FastDateFormat:parseToken:(Ljava/lang/String;[I)Ljava/lang/String;#738#152#unexe#4 prob_bp = 0.50000000000000000000
org.apache.commons.lang3.time.FastDateFormat:parseToken:(Ljava/lang/String;[I)Ljava/lang/String;#738#139#unexe#7 prob_bp = 0.50000000000000000000
org.apache.commons.lang3.time.FastDateFormat:parseToken:(Ljava/lang/String;[I)Ljava/lang/String;#743#177 prob_bp = 0.50000000000000000000
org.apache.commons.lang3.time.FastDateFormat:parsePattern:()Ljava/util/List;#687#907 prob_bp = 0.50000000000000000000
org.apache.commons.lang3.time.FastDateFormat:parsePattern:()Ljava/util/List;#687#910 prob_bp = 0.50000000000000000000
org.apache.commons.lang3.time.FastDateFormat:parsePattern:()Ljava/util/List;#687#913 prob_bp = 0.50000000000000000000
org.apache.commons.lang3.time.FastDateFormat$StringLiteral:<init>:(Ljava/lang/String;)V#1115#0 prob_bp = 0.50000000000000000000
org.apache.commons.lang3.time.FastDateFormat$StringLiteral:<init>:(Ljava/lang/String;)V#1115#1 prob_bp = 0.50000000000000000000
org.apache.commons.lang3.time.FastDateFormat:parsePattern:()Ljava/util/List;#687#916 prob_bp = 0.50000000000000000000
org.apache.commons.lang3.time.FastDateFormat:parsePattern:()Ljava/util/List;#654#723 prob_bp = 0.50000000000000000000
org.apache.commons.lang3.time.FastDateFormat:selectNumberRule:(II)Lorg/apache/commons/lang3/time/FastDateFormat$NumberRule;#771#37 prob_bp = 0.50000000000000000000
org.apache.commons.lang3.time.FastDateFormat$TwoDigitNumberField:<init>:(I)V#1333#0 prob_bp = 0.50000000000000000000
org.apache.commons.lang3.time.FastDateFormat$TwoDigitNumberField:<init>:(I)V#1333#1 prob_bp = 0.50000000000000000000
org.apache.commons.lang3.time.FastDateFormat:parsePattern:()Ljava/util/List;#654#728 prob_bp = 0.50000000000000000000
org.apache.commons.lang3.time.FastDateFormat:format:(Ljava/util/Date;)Ljava/lang/String;#821#13 prob_bp = 0.50000000000000000000
org.apache.commons.lang3.time.FastDateFormat:format:(Ljava/util/Date;)Ljava/lang/String;#821#14 prob_bp = 0.50000000000000000000
org.apache.commons.lang3.time.FastDateFormat$TextField:appendTo:(Ljava/lang/StringBuffer;Ljava/util/Calendar;)V#1171#0 prob_bp = 0.50000000000000000000
org.apache.commons.lang3.time.FastDateFormat$TextField:appendTo:(Ljava/lang/StringBuffer;Ljava/util/Calendar;)V#1171#1 prob_bp = 0.50000000000000000000
org.apache.commons.lang3.time.FastDateFormat$TextField:appendTo:(Ljava/lang/StringBuffer;Ljava/util/Calendar;)V#1171#2 prob_bp = 0.50000000000000000000
org.apache.commons.lang3.time.FastDateFormat$TextField:appendTo:(Ljava/lang/StringBuffer;Ljava/util/Calendar;)V#1171#5 prob_bp = 0.50000000000000000000
org.apache.commons.lang3.time.FastDateFormat$TextField:appendTo:(Ljava/lang/StringBuffer;Ljava/util/Calendar;)V#1171#6 prob_bp = 0.50000000000000000000
org.apache.commons.lang3.time.FastDateFormat$TextField:appendTo:(Ljava/lang/StringBuffer;Ljava/util/Calendar;)V#1171#7 prob_bp = 0.50000000000000000000
org.apache.commons.lang3.time.FastDateFormat$TextField:appendTo:(Ljava/lang/StringBuffer;Ljava/util/Calendar;)V#1171#10 prob_bp = 0.50000000000000000000
org.apache.commons.lang3.time.FastDateFormat$TextField:appendTo:(Ljava/lang/StringBuffer;Ljava/util/Calendar;)V#1171#13 prob_bp = 0.50000000000000000000
org.apache.commons.lang3.time.FastDateFormat$TextField:appendTo:(Ljava/lang/StringBuffer;Ljava/util/Calendar;)V#1171#14 prob_bp = 0.50000000000000000000
org.apache.commons.lang3.time.FastDateFormat$StringLiteral:appendTo:(Ljava/lang/StringBuffer;Ljava/util/Calendar;)V#1130#0 prob_bp = 0.50000000000000000000
org.apache.commons.lang3.time.FastDateFormat$StringLiteral:appendTo:(Ljava/lang/StringBuffer;Ljava/util/Calendar;)V#1130#1 prob_bp = 0.50000000000000000000
org.apache.commons.lang3.time.FastDateFormat$StringLiteral:appendTo:(Ljava/lang/StringBuffer;Ljava/util/Calendar;)V#1130#2 prob_bp = 0.50000000000000000000
org.apache.commons.lang3.time.FastDateFormat$StringLiteral:appendTo:(Ljava/lang/StringBuffer;Ljava/util/Calendar;)V#1130#5 prob_bp = 0.50000000000000000000
org.apache.commons.lang3.time.FastDateFormat:parsePattern:()Ljava/util/List;#592#79 prob_bp = 0.50000000000000010000
org.apache.commons.lang3.time.FastDateFormat:parsePattern:()Ljava/util/List;#593#87 prob_bp = 0.50000000000000010000
org.apache.commons.lang3.time.FastDateFormat:parseToken:(Ljava/lang/String;[I)Ljava/lang/String;#710#8 prob_bp = 0.50000000000000010000
org.apache.commons.lang3.time.FastDateFormat:parseToken:(Ljava/lang/String;[I)Ljava/lang/String;#711#13 prob_bp = 0.50000000000000010000
org.apache.commons.lang3.time.FastDateFormat:parseToken:(Ljava/lang/String;[I)Ljava/lang/String;#714#27 prob_bp = 0.50000000000000010000
org.apache.commons.lang3.time.FastDateFormat:parseToken:(Ljava/lang/String;[I)Ljava/lang/String;#719#65 prob_bp = 0.50000000000000010000
org.apache.commons.lang3.time.FastDateFormat:parseToken:(Ljava/lang/String;[I)Ljava/lang/String;#720#72 prob_bp = 0.50000000000000010000
org.apache.commons.lang3.time.FastDateFormat:parseToken:(Ljava/lang/String;[I)Ljava/lang/String;#738#139 prob_bp = 0.50000000000000010000
org.apache.commons.lang3.time.FastDateFormat:parseToken:(Ljava/lang/String;[I)Ljava/lang/String;#738#146 prob_bp = 0.50000000000000010000
org.apache.commons.lang3.time.FastDateFormat:parseToken:(Ljava/lang/String;[I)Ljava/lang/String;#743#168 prob_bp = 0.50000000000000010000
org.apache.commons.lang3.time.FastDateFormat:parseToken:(Ljava/lang/String;[I)Ljava/lang/String;#743#173 prob_bp = 0.50000000000000010000
org.apache.commons.lang3.time.FastDateFormat:parseToken:(Ljava/lang/String;[I)Ljava/lang/String;#738#139#unexe#4 prob_bp = 0.50000000000000010000
org.apache.commons.lang3.time.FastDateFormat:parseToken:(Ljava/lang/String;[I)Ljava/lang/String;#734#229 prob_bp = 0.50000000000000010000
org.apache.commons.lang3.time.FastDateFormat:parseToken:(Ljava/lang/String;[I)Ljava/lang/String;#745#202 prob_bp = 0.50000000000000010000
org.apache.commons.lang3.time.FastDateFormat:parseToken:(Ljava/lang/String;[I)Ljava/lang/String;#745#211 prob_bp = 0.50000000000000010000
org.apache.commons.lang3.time.FastDateFormat:parseToken:(Ljava/lang/String;[I)Ljava/lang/String;#745#213 prob_bp = 0.50000000000000010000
org.apache.commons.lang3.time.FastDateFormat:parseToken:(Ljava/lang/String;[I)Ljava/lang/String;#745#206#unexe#4 prob_bp = 0.50000000000000010000
org.apache.commons.lang3.time.FastDateFormat:parsePattern:()Ljava/util/List;#683#878 prob_bp = 0.50000000000000010000
org.apache.commons.lang3.time.FastDateFormat:parsePattern:()Ljava/util/List;#684#886#unexe#14 prob_bp = 0.50000000000000010000
org.apache.commons.lang3.time.FastDateFormat:parseToken:(Ljava/lang/String;[I)Ljava/lang/String;#714#52 prob_bp = 0.50000000000000010000
org.apache.commons.lang3.time.FastDateFormat:selectNumberRule:(II)Lorg/apache/commons/lang3/time/FastDateFormat$NumberRule;#771#40 prob_bp = 0.50000000000000010000
org.apache.commons.lang3.time.FastDateFormat:selectNumberRule:(II)Lorg/apache/commons/lang3/time/FastDateFormat$NumberRule;#771#45 prob_bp = 0.50000000000000010000
org.apache.commons.lang3.time.FastDateFormat:format:(Ljava/util/Date;)Ljava/lang/String;#821#12 prob_bp = 0.50000000000000010000
org.apache.commons.lang3.time.FastDateFormat:format:(Ljava/util/Date;)Ljava/lang/String;#822#18 prob_bp = 0.50000000000000010000
org.apache.commons.lang3.time.FastDateFormat:parseToken:(Ljava/lang/String;[I)Ljava/lang/String;#714#38 prob_bp = 0.50000000000000020000
org.apache.commons.lang3.time.FastDateFormat:parseToken:(Ljava/lang/String;[I)Ljava/lang/String;#730#101 prob_bp = 0.50000000000000020000
org.apache.commons.lang3.time.FastDateFormat:parseToken:(Ljava/lang/String;[I)Ljava/lang/String;#730#104 prob_bp = 0.50000000000000020000
org.apache.commons.lang3.time.FastDateFormat:parsePattern:()Ljava/util/List;#683#875 prob_bp = 0.50000000000000020000
org.apache.commons.lang3.time.FastDateFormat:parseToken:(Ljava/lang/String;[I)Ljava/lang/String;#714#50 prob_bp = 0.50000000000000020000
org.apache.commons.lang3.time.FastDateFormat:parsePattern:()Ljava/util/List;#591#69 prob_bp = 0.50000000000000030000
org.apache.commons.lang3.time.FastDateFormat:parseToken:(Ljava/lang/String;[I)Ljava/lang/String;#710#11 prob_bp = 0.50000000000000030000
org.apache.commons.lang3.time.FastDateFormat:parseToken:(Ljava/lang/String;[I)Ljava/lang/String;#713#25 prob_bp = 0.50000000000000030000
org.apache.commons.lang3.time.FastDateFormat:parseToken:(Ljava/lang/String;[I)Ljava/lang/String;#714#34 prob_bp = 0.50000000000000030000
org.apache.commons.lang3.time.FastDateFormat:parseToken:(Ljava/lang/String;[I)Ljava/lang/String;#719#62 prob_bp = 0.50000000000000030000
org.apache.commons.lang3.time.FastDateFormat:parseToken:(Ljava/lang/String;[I)Ljava/lang/String;#720#75 prob_bp = 0.50000000000000030000
org.apache.commons.lang3.time.FastDateFormat:parseToken:(Ljava/lang/String;[I)Ljava/lang/String;#720#79 prob_bp = 0.50000000000000030000
org.apache.commons.lang3.time.FastDateFormat:parseToken:(Ljava/lang/String;[I)Ljava/lang/String;#722#89 prob_bp = 0.50000000000000030000
org.apache.commons.lang3.time.FastDateFormat$TextField:<init>:(I[Ljava/lang/String;)V#1148#1 prob_bp = 0.50000000000000030000
org.apache.commons.lang3.time.FastDateFormat:parseToken:(Ljava/lang/String;[I)Ljava/lang/String;#714#41 prob_bp = 0.50000000000000030000
org.apache.commons.lang3.time.FastDateFormat:parseToken:(Ljava/lang/String;[I)Ljava/lang/String;#745#206 prob_bp = 0.50000000000000030000
org.apache.commons.lang3.time.FastDateFormat:parseToken:(Ljava/lang/String;[I)Ljava/lang/String;#747#216 prob_bp = 0.50000000000000030000
org.apache.commons.lang3.time.FastDateFormat:parseToken:(Ljava/lang/String;[I)Ljava/lang/String;#745#213#unexe#4 prob_bp = 0.50000000000000030000
org.apache.commons.lang3.time.FastDateFormat:parseToken:(Ljava/lang/String;[I)Ljava/lang/String;#745#185#unexe#4 prob_bp = 0.50000000000000030000
org.apache.commons.lang3.time.FastDateFormat:parseToken:(Ljava/lang/String;[I)Ljava/lang/String;#734#115#unexe#4 prob_bp = 0.50000000000000030000
org.apache.commons.lang3.time.FastDateFormat:parseToken:(Ljava/lang/String;[I)Ljava/lang/String;#710#9 prob_bp = 0.50000000000000040000
org.apache.commons.lang3.time.FastDateFormat:parseToken:(Ljava/lang/String;[I)Ljava/lang/String;#719#66 prob_bp = 0.50000000000000040000
org.apache.commons.lang3.time.FastDateFormat:parseToken:(Ljava/lang/String;[I)Ljava/lang/String;#734#111 prob_bp = 0.50000000000000040000
org.apache.commons.lang3.time.FastDateFormat:parseToken:(Ljava/lang/String;[I)Ljava/lang/String;#735#119 prob_bp = 0.50000000000000040000
org.apache.commons.lang3.time.FastDateFormat:parseToken:(Ljava/lang/String;[I)Ljava/lang/String;#750#223 prob_bp = 0.50000000000000040000
org.apache.commons.lang3.time.FastDateFormat:parsePattern:()Ljava/util/List;#592#82 prob_bp = 0.50000000000000060000
org.apache.commons.lang3.time.FastDateFormat:parsePattern:()Ljava/util/List;#592#84 prob_bp = 0.50000000000000060000
org.apache.commons.lang3.time.FastDateFormat:parseToken:(Ljava/lang/String;[I)Ljava/lang/String;#710#10 prob_bp = 0.50000000000000060000
org.apache.commons.lang3.time.FastDateFormat:parseToken:(Ljava/lang/String;[I)Ljava/lang/String;#711#17 prob_bp = 0.50000000000000060000
org.apache.commons.lang3.time.FastDateFormat:parseToken:(Ljava/lang/String;[I)Ljava/lang/String;#714#36 prob_bp = 0.50000000000000060000
org.apache.commons.lang3.time.FastDateFormat:parseToken:(Ljava/lang/String;[I)Ljava/lang/String;#717#55 prob_bp = 0.50000000000000060000
org.apache.commons.lang3.time.FastDateFormat:parseToken:(Ljava/lang/String;[I)Ljava/lang/String;#719#64 prob_bp = 0.50000000000000060000
org.apache.commons.lang3.time.FastDateFormat:parseToken:(Ljava/lang/String;[I)Ljava/lang/String;#722#91 prob_bp = 0.50000000000000060000
org.apache.commons.lang3.time.FastDateFormat:parseToken:(Ljava/lang/String;[I)Ljava/lang/String;#721#85#unexe#4 prob_bp = 0.50000000000000060000
org.apache.commons.lang3.time.FastDateFormat:parseToken:(Ljava/lang/String;[I)Ljava/lang/String;#714#45 prob_bp = 0.50000000000000060000
org.apache.commons.lang3.time.FastDateFormat:parseToken:(Ljava/lang/String;[I)Ljava/lang/String;#745#192 prob_bp = 0.50000000000000060000
org.apache.commons.lang3.time.FastDateFormat:parseToken:(Ljava/lang/String;[I)Ljava/lang/String;#745#197 prob_bp = 0.50000000000000060000
org.apache.commons.lang3.time.FastDateFormat:parseToken:(Ljava/lang/String;[I)Ljava/lang/String;#745#192#unexe#4 prob_bp = 0.50000000000000060000
org.apache.commons.lang3.time.FastDateFormat:parseToken:(Ljava/lang/String;[I)Ljava/lang/String;#713#22 prob_bp = 0.50000000000000070000
org.apache.commons.lang3.time.FastDateFormat:parseToken:(Ljava/lang/String;[I)Ljava/lang/String;#737#130 prob_bp = 0.50000000000000070000
org.apache.commons.lang3.time.FastDateFormat:parseToken:(Ljava/lang/String;[I)Ljava/lang/String;#745#185 prob_bp = 0.50000000000000070000
org.apache.commons.lang3.time.FastDateFormat:parseToken:(Ljava/lang/String;[I)Ljava/lang/String;#745#199 prob_bp = 0.50000000000000070000
org.apache.commons.lang3.time.FastDateFormat:parsePattern:()Ljava/util/List;#683#872 prob_bp = 0.50000000000000070000
org.apache.commons.lang3.time.FastDateFormat:parsePattern:()Ljava/util/List;#683#874 prob_bp = 0.50000000000000070000
org.apache.commons.lang3.time.FastDateFormat:parsePattern:()Ljava/util/List;#684#885 prob_bp = 0.50000000000000070000
org.apache.commons.lang3.time.FastDateFormat:parsePattern:()Ljava/util/List;#592#81 prob_bp = 0.50000000000000080000
org.apache.commons.lang3.time.FastDateFormat:parsePattern:()Ljava/util/List;#593#86 prob_bp = 0.50000000000000080000
org.apache.commons.lang3.time.FastDateFormat:parseToken:(Ljava/lang/String;[I)Ljava/lang/String;#713#20 prob_bp = 0.50000000000000080000
org.apache.commons.lang3.time.FastDateFormat:parseToken:(Ljava/lang/String;[I)Ljava/lang/String;#720#76 prob_bp = 0.50000000000000080000
org.apache.commons.lang3.time.FastDateFormat:parseToken:(Ljava/lang/String;[I)Ljava/lang/String;#732#109 prob_bp = 0.50000000000000080000
org.apache.commons.lang3.time.FastDateFormat:parseToken:(Ljava/lang/String;[I)Ljava/lang/String;#734#115 prob_bp = 0.50000000000000080000
org.apache.commons.lang3.time.FastDateFormat:parseToken:(Ljava/lang/String;[I)Ljava/lang/String;#721#85 prob_bp = 0.50000000000000090000
org.apache.commons.lang3.time.FastDateFormat:parseToken:(Ljava/lang/String;[I)Ljava/lang/String;#750#225 prob_bp = 0.50000000000000090000
org.apache.commons.lang3.time.FastDateFormat:parseToken:(Ljava/lang/String;[I)Ljava/lang/String;#720#71 prob_bp = 0.50000000000000100000
org.apache.commons.lang3.time.FastDateFormat:parsePattern:()Ljava/util/List;#694#950 prob_bp = 0.50000000000000100000
org.apache.commons.lang3.time.FastDateFormat:parseToken:(Ljava/lang/String;[I)Ljava/lang/String;#735#121 prob_bp = 0.50000000000000100000
org.apache.commons.lang3.time.FastDateFormat:parseToken:(Ljava/lang/String;[I)Ljava/lang/String;#745#204 prob_bp = 0.50000000000000110000
org.apache.commons.lang3.time.FastDateFormat:parseToken:(Ljava/lang/String;[I)Ljava/lang/String;#708#7 prob_bp = 0.50000000000000120000
org.apache.commons.lang3.time.FastDateFormat:parseToken:(Ljava/lang/String;[I)Ljava/lang/String;#719#68#unexe#4 prob_bp = 0.50000000000000120000
org.apache.commons.lang3.time.FastDateFormat:parseToken:(Ljava/lang/String;[I)Ljava/lang/String;#756#240 prob_bp = 0.50000000000000120000
org.apache.commons.lang3.time.FastDateFormat:parseToken:(Ljava/lang/String;[I)Ljava/lang/String;#717#58 prob_bp = 0.50000000000000130000
org.apache.commons.lang3.time.FastDateFormat:parseToken:(Ljava/lang/String;[I)Ljava/lang/String;#732#108 prob_bp = 0.50000000000000130000
org.apache.commons.lang3.time.FastDateFormat:parseToken:(Ljava/lang/String;[I)Ljava/lang/String;#719#68 prob_bp = 0.50000000000000140000
org.apache.commons.lang3.time.FastDateFormat:parseToken:(Ljava/lang/String;[I)Ljava/lang/String;#714#43 prob_bp = 0.50000000000000140000
org.apache.commons.lang3.time.FastDateFormat:parseToken:(Ljava/lang/String;[I)Ljava/lang/String;#720#74 prob_bp = 0.50000000000000160000
org.apache.commons.lang3.time.FastDateFormat:parsePattern:()Ljava/util/List;#684#882 prob_bp = 0.50000000000000160000
org.apache.commons.lang3.time.FastDateFormat:parseToken:(Ljava/lang/String;[I)Ljava/lang/String;#714#52#unexe#4 prob_bp = 0.50000000000000190000
org.apache.commons.lang3.time.FastDateFormat:parseToken:(Ljava/lang/String;[I)Ljava/lang/String;#756#241 prob_bp = 0.50000000000000210000
org.apache.commons.lang3.time.FastDateFormat:parseToken:(Ljava/lang/String;[I)Ljava/lang/String;#737#128 prob_bp = 0.50000000000000210000
org.apache.commons.lang3.time.FastDateFormat:parseToken:(Ljava/lang/String;[I)Ljava/lang/String;#711#14 prob_bp = 0.50000000000000230000
org.apache.commons.lang3.time.FastDateFormat:parseToken:(Ljava/lang/String;[I)Ljava/lang/String;#745#190 prob_bp = 0.50000000000000260000
org.apache.commons.lang3.time.FastDateFormat:parsePattern:()Ljava/util/List;#579#19 prob_bp = 0.50000000000000270000
org.apache.commons.lang3.time.FastDateFormat:parsePattern:()Ljava/util/List;#579#12 prob_bp = 0.50000000000000300000
org.apache.commons.lang3.time.FastDateFormat:parseToken:(Ljava/lang/String;[I)Ljava/lang/String;#714#29 prob_bp = 0.50000000000000340000
org.apache.commons.lang3.time.FastDateFormat:parsePattern:()Ljava/util/List;#694#949 prob_bp = 0.50000000000000340000
org.apache.commons.lang3.time.FastDateFormat:parseToken:(Ljava/lang/String;[I)Ljava/lang/String;#708#0 prob_bp = 0.50000000000000390000
org.apache.commons.lang3.time.FastDateFormat:parseToken:(Ljava/lang/String;[I)Ljava/lang/String;#714#45#unexe#4 prob_bp = 0.50000000000000780000
org.apache.commons.lang3.time.FastDateFormat:format:(Ljava/util/Date;)Ljava/lang/String;#820#0 prob_bp = 0.50000000000001080000
org.apache.commons.lang3.time.FastDateFormat:format:(Ljava/util/Date;)Ljava/lang/String;#820#11 prob_bp = 0.50000000000001190000
org.apache.commons.lang3.time.FastDateFormat:format:(Ljava/util/Date;)Ljava/lang/String;#822#17 prob_bp = 0.50000000000001200000
org.apache.commons.lang3.time.FastDateFormat:applyRules:(Ljava/util/Calendar;Ljava/lang/StringBuffer;)Ljava/lang/StringBuffer;#888#0 prob_bp = 0.50000000000002430000
org.apache.commons.lang3.time.FastDateFormat:parseToken:(Ljava/lang/String;[I)Ljava/lang/String;#714#38#unexe#4 prob_bp = 0.50000000000002850000
org.apache.commons.lang3.time.FastDateFormat:applyRules:(Ljava/util/Calendar;Ljava/lang/StringBuffer;)Ljava/lang/StringBuffer;#888#1 prob_bp = 0.50000000000004390000
org.apache.commons.lang3.time.FastDateFormat:parsePattern:()Ljava/util/List;#694#952 prob_bp = 0.50000000000005140000
org.apache.commons.lang3.time.FastDateFormat:parsePattern:()Ljava/util/List;#593#90 prob_bp = 0.50000000000006230000
org.apache.commons.lang3.time.FastDateFormat$TwoDigitNumberField:appendTo:(Ljava/lang/StringBuffer;Ljava/util/Calendar;)V#1348#3 prob_bp = 0.50000000000008660000
org.apache.commons.lang3.time.FastDateFormat:parseToken:(Ljava/lang/String;[I)Ljava/lang/String;#714#31#unexe#4 prob_bp = 0.50000000000011400000
org.apache.commons.lang3.time.FastDateFormat:parsePattern:()Ljava/util/List;#593#92 prob_bp = 0.50000000000014600000
org.apache.commons.lang3.time.FastDateFormat:parseToken:(Ljava/lang/String;[I)Ljava/lang/String;#756#244 prob_bp = 0.50000000000016380000
org.apache.commons.lang3.time.FastDateFormat$TwoDigitNumberField:appendTo:(Ljava/lang/StringBuffer;Ljava/util/Calendar;)V#1348#4 prob_bp = 0.50000000000030180000
org.apache.commons.lang3.time.FastDateFormat:parseToken:(Ljava/lang/String;[I)Ljava/lang/String;#755#237 prob_bp = 0.50000000000045730000
org.apache.commons.lang3.time.FastDateFormat:parseToken:(Ljava/lang/String;[I)Ljava/lang/String;#755#235 prob_bp = 0.50000000000048330000
org.apache.commons.lang3.time.FastDateFormat$TwoDigitNumberField:appendTo:(Ljava/lang/StringBuffer;Ljava/util/Calendar;)V#1348#2 prob_bp = 0.50000000000052010000
org.apache.commons.lang3.time.FastDateFormat:parsePattern:()Ljava/util/List;#593#95 prob_bp = 0.50000000000081630000
org.apache.commons.lang3.time.FastDateFormat:applyRules:(Ljava/util/Calendar;Ljava/lang/StringBuffer;)Ljava/lang/StringBuffer;#891#27 prob_bp = 0.50000000000104340000
org.apache.commons.lang3.time.FastDateFormat:parsePattern:()Ljava/util/List;#602#118 prob_bp = 0.50000000000140020000
org.apache.commons.lang3.time.FastDateFormat$TwoDigitNumberField:appendTo:(Ljava/lang/StringBuffer;Ljava/util/Calendar;)V#1348#7 prob_bp = 0.50000000000168770000
org.apache.commons.lang3.time.FastDateFormat:parseToken:(Ljava/lang/String;[I)Ljava/lang/String;#755#236 prob_bp = 0.50000000000177760000
org.apache.commons.lang3.time.FastDateFormat$TwoDigitNumberField:appendTo:(Ljava/lang/StringBuffer;I)V#1356#7 prob_bp = 0.50000000000183000000
org.apache.commons.lang3.time.FastDateFormat:parseToken:(Ljava/lang/String;[I)Ljava/lang/String;#755#239 prob_bp = 0.50000000000184860000
org.apache.commons.lang3.time.FastDateFormat:parsePattern:()Ljava/util/List;#596#103 prob_bp = 0.50000000000205220000
org.apache.commons.lang3.time.FastDateFormat:applyRules:(Ljava/util/Calendar;Ljava/lang/StringBuffer;)Ljava/lang/StringBuffer;#888#4 prob_bp = 0.50000000000215330000
org.apache.commons.lang3.time.FastDateFormat:parsePattern:()Ljava/util/List;#602#120 prob_bp = 0.50000000000548760000
org.apache.commons.lang3.time.FastDateFormat:parsePattern:()Ljava/util/List;#602#121 prob_bp = 0.50000000000570870000
org.apache.commons.lang3.time.FastDateFormat:applyRules:(Ljava/util/Calendar;Ljava/lang/StringBuffer;)Ljava/lang/StringBuffer;#891#23 prob_bp = 0.50000000000586280000
org.apache.commons.lang3.time.FastDateFormat:applyRules:(Ljava/util/Calendar;Ljava/lang/StringBuffer;)Ljava/lang/StringBuffer;#891#22 prob_bp = 0.50000000000644160000
org.apache.commons.lang3.time.FastDateFormat$TwoDigitNumberField:appendTo:(Ljava/lang/StringBuffer;I)V#1356#8 prob_bp = 0.50000000000742710000
org.apache.commons.lang3.time.FastDateFormat$TwoDigitNumberField:appendTo:(Ljava/lang/StringBuffer;I)V#1356#10 prob_bp = 0.50000000000772250000
org.apache.commons.lang3.time.FastDateFormat:parsePattern:()Ljava/util/List;#596#105 prob_bp = 0.50000000000838100000
org.apache.commons.lang3.time.FastDateFormat:applyRules:(Ljava/util/Calendar;Ljava/lang/StringBuffer;)Ljava/lang/StringBuffer;#891#25 prob_bp = 0.50000000002374730000
org.apache.commons.lang3.time.FastDateFormat:getInstance:(Ljava/lang/String;Ljava/util/TimeZone;Ljava/util/Locale;)Lorg/apache/commons/lang3/time/FastDateFormat;#217#33 prob_bp = 0.50000000002535020000
org.apache.commons.lang3.time.FastDateFormat:parsePattern:()Ljava/util/List;#596#108 prob_bp = 0.50000000002824680000
org.apache.commons.lang3.time.FastDateFormat:getInstance:(Ljava/lang/String;Ljava/util/TimeZone;Ljava/util/Locale;)Lorg/apache/commons/lang3/time/FastDateFormat;#217#35 prob_bp = 0.50000000004220100000
org.apache.commons.lang3.time.FastDateFormat:selectNumberRule:(II)Lorg/apache/commons/lang3/time/FastDateFormat$NumberRule;#767#0 prob_bp = 0.50000000006306190000
org.apache.commons.lang3.time.FastDateFormat:init:()V#558#0 prob_bp = 0.50000000010735020000
org.apache.commons.lang3.time.FastDateFormat:parsePattern:()Ljava/util/List;#597#110 prob_bp = 0.50000000011304580000
org.apache.commons.lang3.time.FastDateFormat:applyRules:(Ljava/util/Calendar;Ljava/lang/StringBuffer;)Ljava/lang/StringBuffer;#890#12 prob_bp = 0.50000000021483440000
org.apache.commons.lang3.time.FastDateFormat:applyRules:(Ljava/util/Calendar;Ljava/lang/StringBuffer;)Ljava/lang/StringBuffer;#890#13 prob_bp = 0.50000000021916990000
org.apache.commons.lang3.time.FastDateFormat:init:()V#558#1 prob_bp = 0.50000000036313370000
org.apache.commons.lang3.time.FastDateFormat:parsePattern:()Ljava/util/List;#589#64 prob_bp = 0.50000000037888660000
org.apache.commons.lang3.time.FastDateFormat:parsePattern:()Ljava/util/List;#589#65 prob_bp = 0.50000000039376760000
org.apache.commons.lang3.time.FastDateFormat:parsePattern:()Ljava/util/List;#589#67 prob_bp = 0.50000000045228320000
org.apache.commons.lang3.time.FastDateFormat:parsePattern:()Ljava/util/List;#597#112 prob_bp = 0.50000000045681190000
org.apache.commons.lang3.time.FastDateFormat:parsePattern:()Ljava/util/List;#594#97 prob_bp = 0.50000000068257420000
org.apache.commons.lang3.time.FastDateFormat:parsePattern:()Ljava/util/List;#588#55 prob_bp = 0.50000000136539570000
org.apache.commons.lang3.time.FastDateFormat:parsePattern:()Ljava/util/List;#594#99 prob_bp = 0.50000000155055780000
org.apache.commons.lang3.time.FastDateFormat:parsePattern:()Ljava/util/List;#594#100 prob_bp = 0.50000000161320460000
org.apache.commons.lang3.time.FastDateFormat:parsePattern:()Ljava/util/List;#602#124 prob_bp = 0.50000000506341870000
org.apache.commons.lang3.time.FastDateFormat:parsePattern:()Ljava/util/List;#588#56 prob_bp = 0.50000000529759690000
org.apache.commons.lang3.time.FastDateFormat:selectNumberRule:(II)Lorg/apache/commons/lang3/time/FastDateFormat$NumberRule;#767#1 prob_bp = 0.50000000682301120000
org.apache.commons.lang3.time.FastDateFormat$TwoDigitNumberField:appendTo:(Ljava/lang/StringBuffer;I)V#1356#6 prob_bp = 0.50000000698482980000
org.apache.commons.lang3.time.FastDateFormat$TwoDigitNumberField:appendTo:(Ljava/lang/StringBuffer;I)V#1356#11 prob_bp = 0.50000000879051630000
org.apache.commons.lang3.time.FastDateFormat:applyRules:(Ljava/util/Calendar;Ljava/lang/StringBuffer;)Ljava/lang/StringBuffer;#890#33 prob_bp = 0.50000000910816970000
org.apache.commons.lang3.time.FastDateFormat$TwoDigitNumberField:appendTo:(Ljava/lang/StringBuffer;I)V#1356#13 prob_bp = 0.50000000914534850000
org.apache.commons.lang3.time.FastDateFormat$TwoDigitNumberField:appendTo:(Ljava/lang/StringBuffer;I)V#1356#14 prob_bp = 0.50000001200759210000
org.apache.commons.lang3.time.FastDateFormat:applyRules:(Ljava/util/Calendar;Ljava/lang/StringBuffer;)Ljava/lang/StringBuffer;#889#5 prob_bp = 0.50000001982015770000
org.apache.commons.lang3.time.FastDateFormat:applyRules:(Ljava/util/Calendar;Ljava/lang/StringBuffer;)Ljava/lang/StringBuffer;#889#6 prob_bp = 0.50000002131565710000
org.apache.commons.lang3.time.FastDateFormat$TwoDigitNumberField:appendTo:(Ljava/lang/StringBuffer;I)V#1356#15 prob_bp = 0.50000002356121910000
org.apache.commons.lang3.time.FastDateFormat:applyRules:(Ljava/util/Calendar;Ljava/lang/StringBuffer;)Ljava/lang/StringBuffer;#889#9 prob_bp = 0.50000002461713140000
org.apache.commons.lang3.time.FastDateFormat:applyRules:(Ljava/util/Calendar;Ljava/lang/StringBuffer;)Ljava/lang/StringBuffer;#890#15 prob_bp = 0.50000002471573500000
org.apache.commons.lang3.time.FastDateFormat$TwoDigitNumberField:appendTo:(Ljava/lang/StringBuffer;I)V#1357#20 prob_bp = 0.50000002537459650000
org.apache.commons.lang3.time.FastDateFormat:parsePattern:()Ljava/util/List;#604#126 prob_bp = 0.50000002543093520000
org.apache.commons.lang3.time.FastDateFormat:applyRules:(Ljava/util/Calendar;Ljava/lang/StringBuffer;)Ljava/lang/StringBuffer;#889#10 prob_bp = 0.50000003128677240000
org.apache.commons.lang3.time.FastDateFormat:applyRules:(Ljava/util/Calendar;Ljava/lang/StringBuffer;)Ljava/lang/StringBuffer;#890#17 prob_bp = 0.50000004476079440000
org.apache.commons.lang3.time.FastDateFormat:applyRules:(Ljava/util/Calendar;Ljava/lang/StringBuffer;)Ljava/lang/StringBuffer;#890#19 prob_bp = 0.50000009919779000000
org.apache.commons.lang3.time.FastDateFormat$TwoDigitNumberField:appendTo:(Ljava/lang/StringBuffer;I)V#1357#21 prob_bp = 0.50000010330670040000
org.apache.commons.lang3.time.FastDateFormat:parsePattern:()Ljava/util/List;#604#128 prob_bp = 0.50000010745142700000
org.apache.commons.lang3.time.FastDateFormat$TwoDigitNumberField:appendTo:(Ljava/lang/StringBuffer;I)V#1357#23 prob_bp = 0.50000010747675230000
org.apache.commons.lang3.time.FastDateFormat$TwoDigitNumberField:appendTo:(Ljava/lang/StringBuffer;I)V#1355#0 prob_bp = 0.50000016739964170000
org.apache.commons.lang3.time.FastDateFormat$TwoDigitNumberField:appendTo:(Ljava/lang/StringBuffer;I)V#1355#1 prob_bp = 0.50000068196178660000
org.apache.commons.lang3.time.FastDateFormat$TwoDigitNumberField:appendTo:(Ljava/lang/StringBuffer;I)V#1355#3 prob_bp = 0.50000070951377740000
org.apache.commons.lang3.time.FastDateFormat:parsePattern:()Ljava/util/List;#594#101 prob_bp = 0.50000146017765370000
org.apache.commons.lang3.time.FastDateFormat:parsePattern:()Ljava/util/List;#588#59 prob_bp = 0.50000154079800460000
org.apache.commons.lang3.time.FastDateFormat:getInstance:(Ljava/lang/String;Ljava/util/TimeZone;Ljava/util/Locale;)Lorg/apache/commons/lang3/time/FastDateFormat;#214#14 prob_bp = 0.50000367324916400000
org.apache.commons.lang3.time.FastDateFormat:getInstance:(Ljava/lang/String;Ljava/util/TimeZone;Ljava/util/Locale;)Lorg/apache/commons/lang3/time/FastDateFormat;#214#11 prob_bp = 0.50000390544430840000
org.apache.commons.lang3.time.FastDateFormat:getInstance:(Ljava/lang/String;Ljava/util/TimeZone;Ljava/util/Locale;)Lorg/apache/commons/lang3/time/FastDateFormat;#214#15 prob_bp = 0.50000406312410820000
org.apache.commons.lang3.time.FastDateFormat:parsePattern:()Ljava/util/List;#591#958 prob_bp = 0.50000735327338930000
org.apache.commons.lang3.time.FastDateFormat:parsePattern:()Ljava/util/List;#588#62 prob_bp = 0.50000757914644910000
org.apache.commons.lang3.time.FastDateFormat$TwoDigitNumberField:appendTo:(Ljava/lang/StringBuffer;Ljava/util/Calendar;)V#1348#1 prob_bp = 0.50002586770630460000
org.apache.commons.lang3.time.FastDateFormat:parsePattern:()Ljava/util/List;#591#72 prob_bp = 0.50003116863814670000
org.apache.commons.lang3.time.FastDateFormat:parsePattern:()Ljava/util/List;#591#74 prob_bp = 0.50003135014190090000
org.apache.commons.lang3.time.FastDateFormat$TwoDigitNumberField:appendTo:(Ljava/lang/StringBuffer;Ljava/util/Calendar;)V#1348#10 prob_bp = 0.50004006559625160000
org.apache.commons.lang3.time.FastDateFormat:getInstance:(Ljava/lang/String;Ljava/util/Locale;)Lorg/apache/commons/lang3/time/FastDateFormat;#196#0 prob_bp = 0.50009251502797360000
org.apache.commons.lang3.time.FastDateFormat$TwoDigitNumberField:appendTo:(Ljava/lang/StringBuffer;I)V#1357#19 prob_bp = 0.50009721537105400000
org.apache.commons.lang3.time.FastDateFormat:getInstance:(Ljava/lang/String;Ljava/util/Locale;)Lorg/apache/commons/lang3/time/FastDateFormat;#196#3 prob_bp = 0.50009894475893630000
org.apache.commons.lang3.time.FastDateFormat:getInstance:(Ljava/lang/String;Ljava/util/TimeZone;Ljava/util/Locale;)Lorg/apache/commons/lang3/time/FastDateFormat;#215#25 prob_bp = 0.50011207756780870000
org.apache.commons.lang3.time.FastDateFormat$TwoDigitNumberField:appendTo:(Ljava/lang/StringBuffer;I)V#1357#24 prob_bp = 0.50012243761611990000
org.apache.commons.lang3.time.FastDateFormat$TwoDigitNumberField:appendTo:(Ljava/lang/StringBuffer;I)V#1357#26 prob_bp = 0.50012737766804120000
org.apache.commons.lang3.time.FastDateFormat:parsePattern:()Ljava/util/List;#591#76 prob_bp = 0.50012876392418080000
org.apache.commons.lang3.time.FastDateFormat$TwoDigitNumberField:appendTo:(Ljava/lang/StringBuffer;I)V#1357#27 prob_bp = 0.50016721361617960000
org.apache.commons.lang3.time.FastDateFormat:getInstance:(Ljava/lang/String;Ljava/util/TimeZone;Ljava/util/Locale;)Lorg/apache/commons/lang3/time/FastDateFormat;#214#20 prob_bp = 0.50017889935774610000
org.apache.commons.lang3.time.FastDateFormat:applyRules:(Ljava/util/Calendar;Ljava/lang/StringBuffer;)Ljava/lang/StringBuffer;#891#26 prob_bp = 0.50023171710153960000
org.apache.commons.lang3.time.FastDateFormat:applyRules:(Ljava/util/Calendar;Ljava/lang/StringBuffer;)Ljava/lang/StringBuffer;#891#28 prob_bp = 0.50024107263272450000
org.apache.commons.lang3.time.FastDateFormat$TwoDigitNumberField:appendTo:(Ljava/lang/StringBuffer;I)V#1357#28 prob_bp = 0.50032790708590170000
org.apache.commons.lang3.time.FastDateFormat:getInstance:(Ljava/lang/String;Ljava/util/TimeZone;Ljava/util/Locale;)Lorg/apache/commons/lang3/time/FastDateFormat;#218#41 prob_bp = 0.50038256319632570000
org.apache.commons.lang3.time.FastDateFormat:getInstance:(Ljava/lang/String;Ljava/util/TimeZone;Ljava/util/Locale;)Lorg/apache/commons/lang3/time/FastDateFormat;#218#43 prob_bp = 0.50038256319632570000
org.apache.commons.lang3.time.FastDateFormat:getInstance:(Ljava/lang/String;Ljava/util/TimeZone;Ljava/util/Locale;)Lorg/apache/commons/lang3/time/FastDateFormat;#215#27 prob_bp = 0.50042863724175860000
org.apache.commons.lang3.time.FastDateFormat:<clinit>:()V#111#9 prob_bp = 0.50045530308234210000
org.apache.commons.lang3.time.FastDateFormat:getInstance:(Ljava/lang/String;Ljava/util/TimeZone;Ljava/util/Locale;)Lorg/apache/commons/lang3/time/FastDateFormat;#218#38 prob_bp = 0.50046059863213950000
org.apache.commons.lang3.time.FastDateFormat:getInstance:(Ljava/lang/String;Ljava/util/TimeZone;Ljava/util/Locale;)Lorg/apache/commons/lang3/time/FastDateFormat;#218#45 prob_bp = 0.50048200568924430000
org.apache.commons.lang3.time.FastDateFormat:getInstance:(Ljava/lang/String;Ljava/util/TimeZone;Ljava/util/Locale;)Lorg/apache/commons/lang3/time/FastDateFormat;#214#23 prob_bp = 0.50054175451401970000
org.apache.commons.lang3.time.FastDateFormat:getInstance:(Ljava/lang/String;Ljava/util/TimeZone;Ljava/util/Locale;)Lorg/apache/commons/lang3/time/FastDateFormat;#213#4 prob_bp = 0.50123402878905790000
org.apache.commons.lang3.time.FastDateFormat:<init>:(Ljava/lang/String;Ljava/util/TimeZone;Ljava/util/Locale;)V#536#4 prob_bp = 0.50304585610076350000
org.apache.commons.lang3.time.FastDateFormat:<init>:(Ljava/lang/String;Ljava/util/TimeZone;Ljava/util/Locale;)V#536#5 prob_bp = 0.50757926585712480000
org.apache.commons.lang3.time.FastDateFormat:getInstance:(Ljava/lang/String;Ljava/util/TimeZone;Ljava/util/Locale;)Lorg/apache/commons/lang3/time/FastDateFormat;#213#3 prob_bp = 0.53099450909278900000
org.apache.commons.lang3.time.FastDateFormat:getInstance:(Ljava/lang/String;Ljava/util/TimeZone;Ljava/util/Locale;)Lorg/apache/commons/lang3/time/FastDateFormat;#213#7 prob_bp = 0.53358975456177700000
org.apache.commons.lang3.time.FastDateFormat:<init>:(Ljava/lang/String;Ljava/util/TimeZone;Ljava/util/Locale;)V#535#0 prob_bp = 0.53440673607018970000
org.apache.commons.lang3.time.FastDateFormat:<init>:(Ljava/lang/String;Ljava/util/TimeZone;Ljava/util/Locale;)V#535#1 prob_bp = 0.53923189978740120000
org.apache.commons.lang3.time.FastDateFormat:getInstance:(Ljava/lang/String;Ljava/util/TimeZone;Ljava/util/Locale;)Lorg/apache/commons/lang3/time/FastDateFormat;#213#10 prob_bp = 0.54554039238436210000
org.apache.commons.lang3.time.FastDateFormat:getInstance:(Ljava/lang/String;Ljava/util/TimeZone;Ljava/util/Locale;)Lorg/apache/commons/lang3/time/FastDateFormat;#216#30 prob_bp = 0.54936815438231850000
org.apache.commons.lang3.time.FastDateFormat:getInstance:(Ljava/lang/String;Ljava/util/TimeZone;Ljava/util/Locale;)Lorg/apache/commons/lang3/time/FastDateFormat;#216#31 prob_bp = 0.56294880339765450000
org.apache.commons.lang3.time.FastDateFormat:getInstance:(Ljava/lang/String;Ljava/util/Locale;)Lorg/apache/commons/lang3/time/FastDateFormat;#196#6 prob_bp = 0.56814266411966210000
org.apache.commons.lang3.time.FastDateFormat:getInstance:(Ljava/lang/String;Ljava/util/TimeZone;Ljava/util/Locale;)Lorg/apache/commons/lang3/time/FastDateFormat;#213#0 prob_bp = 0.57036252010756230000
org.apache.commons.lang3.time.FastDateFormat:getInstance:(Ljava/lang/String;Ljava/util/TimeZone;Ljava/util/Locale;)Lorg/apache/commons/lang3/time/FastDateFormat;#220#51 prob_bp = 0.61060829585013880000
org.apache.commons.lang3.time.FastDateFormat:getInstance:(Ljava/lang/String;Ljava/util/TimeZone;Ljava/util/Locale;)Lorg/apache/commons/lang3/time/FastDateFormat;#220#53 prob_bp = 0.69363899114179900000
org.apache.commons.lang3.time.FastDateFormatTest:testLang645:()V#331#12 prob_bp = 1.00000000000000000000
org.apache.commons.lang3.time.FastDateFormatTest:testLang645:()V#331#15 prob_bp = 1.00000000000000000000
org.apache.commons.lang3.time.FastDateFormatTest:testLang645:()V#332#16 prob_bp = 1.00000000000000000000
org.apache.commons.lang3.time.FastDateFormatTest:testLang645:()V#332#17 prob_bp = 1.00000000000000000000
org.apache.commons.lang3.time.FastDateFormatTest:testLang645:()V#332#20 prob_bp = 1.00000000000000000000
org.apache.commons.lang3.time.FastDateFormatTest:testLang645:()V#332#21 prob_bp = 1.00000000000000000000
org.apache.commons.lang3.time.FastDateFormatTest:testLang645:()V#332#22 prob_bp = 1.00000000000000000000
org.apache.commons.lang3.time.FastDateFormatTest:testLang645:()V#332#24 prob_bp = 1.00000000000000000000
org.apache.commons.lang3.time.FastDateFormatTest:testLang645:()V#332#25 prob_bp = 1.00000000000000000000
org.apache.commons.lang3.time.FastDateFormatTest:testLang645:()V#332#26 prob_bp = 1.00000000000000000000
org.apache.commons.lang3.time.FastDateFormatTest:testLang645:()V#333#29 prob_bp = 1.00000000000000000000
org.apache.commons.lang3.time.FastDateFormatTest:testLang645:()V#333#30 prob_bp = 1.00000000000000000000
org.apache.commons.lang3.time.FastDateFormatTest:testLang645:()V#333#33 prob_bp = 1.00000000000000000000
org.apache.commons.lang3.time.FastDateFormatTest:testLang645:()V#335#34 prob_bp = 1.00000000000000000000
org.apache.commons.lang3.time.FastDateFormatTest:testLang645:()V#335#37 prob_bp = 1.00000000000000000000
org.apache.commons.lang3.time.FastDateFormatTest:testLang645:()V#335#40 prob_bp = 1.00000000000000000000
org.apache.commons.lang3.time.FastDateFormatTest:testLang645:()V#337#42 prob_bp = 1.00000000000000000000
org.apache.commons.lang3.time.FastDateFormatTest:testLang645:()V#337#44 prob_bp = 1.00000000000000000000
org.apache.commons.lang3.time.FastDateFormatTest:testLang645:()V#337#46 prob_bp = 1.00000000000000000000
org.apache.commons.lang3.time.FastDateFormatTest:testLang645:()V#337#47 prob_bp = 1.00000000000000000000
org.apache.commons.lang3.time.FastDateFormat:applyRules:(Ljava/util/Calendar;Ljava/lang/StringBuffer;)Ljava/lang/StringBuffer;#893#39 prob_bp = 1.00000000000000000000
org.apache.commons.lang3.time.FastDateFormat:applyRules:(Ljava/util/Calendar;Ljava/lang/StringBuffer;)Ljava/lang/StringBuffer;#893#40 prob_bp = 1.00000000000000000000
org.apache.commons.lang3.time.FastDateFormatTest:testLang645:()V#337#50 prob_bp = 1.00000000000000000000
Belief propagation time : 41.715000s
