Belief propagation time: 41

Probabilities: 
Vars:15989
Stmts:4123
org.apache.commons.lang3.StringUtils:containsNone:(Ljava/lang/CharSequence;[C)Z#1685#58 prob_bp = 0.48171655633489830000
org.apache.commons.lang3.StringUtils:containsNone:(Ljava/lang/CharSequence;[C)Z#1685#57 prob_bp = 0.48248122536084714000
org.apache.commons.lang3.StringUtils:containsAny:(Ljava/lang/CharSequence;[C)Z#1462#123 prob_bp = 0.48901617283633360000
org.apache.commons.lang3.StringUtils:containsAny:(Ljava/lang/CharSequence;[C)Z#1462#122 prob_bp = 0.48946389371455190000
org.apache.commons.lang3.StringUtils:containsNone:(Ljava/lang/CharSequence;Ljava/lang/String;)Z#1718#18 prob_bp = 0.49582300092605075000
org.apache.commons.lang3.StringUtils:indexOfAnyBut:(Ljava/lang/String;Ljava/lang/String;)I#1574#46 prob_bp = 0.49822512114718570000
org.apache.commons.lang3.StringUtils:indexOfAny:(Ljava/lang/CharSequence;[C)I#1382#65 prob_bp = 0.49867454740241324000
org.apache.commons.lang3.StringUtils:indexOfAny:(Ljava/lang/CharSequence;[C)I#1382#63 prob_bp = 0.49913734313676394000
org.apache.commons.lang3.StringUtils:indexOfAnyBut:(Ljava/lang/CharSequence;[C)I#1535#75 prob_bp = 0.49925225232219334000
org.apache.commons.lang3.StringUtils:indexOfAny:(Ljava/lang/CharSequence;[C)I#1377#27 prob_bp = 0.49925427577461060000
org.apache.commons.lang3.StringUtils:indexOfAny:(Ljava/lang/CharSequence;[C)I#1377#26 prob_bp = 0.49928277028563100000
org.apache.commons.lang3.StringUtils:indexOfAny:(Ljava/lang/CharSequence;[C)I#1372#11 prob_bp = 0.49997258433086920000
org.apache.commons.lang3.StringUtils:containsAny:(Ljava/lang/CharSequence;[C)Z#1455#77 prob_bp = 0.49999614988919980000
org.apache.commons.lang3.StringUtils:containsNone:(Ljava/lang/CharSequence;[C)Z#1682#54 prob_bp = 0.49999746198048817000
org.apache.commons.lang3.StringUtils:containsAny:(Ljava/lang/CharSequence;[C)Z#1455#73 prob_bp = 0.49999748458331650000
org.apache.commons.lang3.StringUtils:containsAny:(Ljava/lang/CharSequence;[C)Z#1455#75 prob_bp = 0.49999907690054470000
org.apache.commons.lang3.StringUtils:containsNone:(Ljava/lang/CharSequence;[C)Z#1679#26 prob_bp = 0.49999913995843920000
org.apache.commons.lang3.StringUtils:containsNone:(Ljava/lang/CharSequence;[C)Z#1682#52 prob_bp = 0.49999940111743270000
org.apache.commons.lang3.StringUtils:indexOfAny:(Ljava/lang/CharSequence;[C)I#1380#60 prob_bp = 0.49999958551514273000
org.apache.commons.lang3.StringUtils:containsNone:(Ljava/lang/CharSequence;[C)Z#1679#23 prob_bp = 0.49999962800043370000
org.apache.commons.lang3.StringUtils:containsNone:(Ljava/lang/CharSequence;[C)Z#1679#25 prob_bp = 0.49999964528234875000
org.apache.commons.lang3.StringUtils:containsNone:(Ljava/lang/CharSequence;[C)Z#1679#65 prob_bp = 0.49999974880830820000
org.apache.commons.lang3.StringUtils:containsNone:(Ljava/lang/CharSequence;[C)Z#1677#16 prob_bp = 0.49999977035725685000
org.apache.commons.lang3.StringUtils:containsNone:(Ljava/lang/CharSequence;[C)Z#1679#21 prob_bp = 0.49999977864243210000
org.apache.commons.lang3.StringUtils:containsNone:(Ljava/lang/CharSequence;[C)Z#1679#20 prob_bp = 0.49999978662550890000
org.apache.commons.lang3.StringUtils:containsAny:(Ljava/lang/CharSequence;[C)Z#1449#29 prob_bp = 0.49999980135210240000
org.apache.commons.lang3.StringUtils:containsNone:(Ljava/lang/CharSequence;[C)Z#1677#11 prob_bp = 0.49999980355194810000
org.apache.commons.lang3.StringUtils:containsNone:(Ljava/lang/CharSequence;[C)Z#1677#10 prob_bp = 0.49999981240801267000
org.apache.commons.lang3.StringUtils:containsNone:(Ljava/lang/CharSequence;[C)Z#1680#37 prob_bp = 0.49999988109722915000
org.apache.commons.lang3.StringUtils:indexOfAny:(Ljava/lang/CharSequence;[C)I#1380#58 prob_bp = 0.49999990219766930000
org.apache.commons.lang3.StringUtils:containsNone:(Ljava/lang/CharSequence;[C)Z#1674#5 prob_bp = 0.49999991424369616000
org.apache.commons.lang3.StringUtils:containsNone:(Ljava/lang/CharSequence;[C)Z#1674#4 prob_bp = 0.49999991719034415000
org.apache.commons.lang3.StringUtils:containsNone:(Ljava/lang/CharSequence;[C)Z#1682#51 prob_bp = 0.49999993993988995000
org.apache.commons.lang3.StringUtils:containsNone:(Ljava/lang/CharSequence;[C)Z#1682#48 prob_bp = 0.49999995726904830000
org.apache.commons.lang3.StringUtils:containsNone:(Ljava/lang/CharSequence;[C)Z#1682#49 prob_bp = 0.49999996119762110000
org.apache.commons.lang3.StringUtils:containsNone:(Ljava/lang/CharSequence;[C)Z#1674#1 prob_bp = 0.49999996616430215000
org.apache.commons.lang3.StringUtils:containsNone:(Ljava/lang/CharSequence;[C)Z#1681#40 prob_bp = 0.49999996627531860000
org.apache.commons.lang3.StringUtils:containsNone:(Ljava/lang/CharSequence;[C)Z#1674#0 prob_bp = 0.49999996683625286000
org.apache.commons.lang3.StringUtils:containsNone:(Ljava/lang/CharSequence;[C)Z#1681#39 prob_bp = 0.49999996758488985000
org.apache.commons.lang3.StringUtils:indexOfAny:(Ljava/lang/CharSequence;[C)I#1378#43 prob_bp = 0.49999998058439480000
org.apache.commons.lang3.StringUtils:indexOfAnyBut:(Ljava/lang/CharSequence;[C)I#1538#60 prob_bp = 0.49999998144643437000
org.apache.commons.lang3.StringUtils:indexOfAny:(Ljava/lang/CharSequence;[C)I#1380#57 prob_bp = 0.49999998196912540000
org.apache.commons.lang3.StringUtils:containsAny:(Ljava/lang/CharSequence;[C)Z#1449#28 prob_bp = 0.49999998408232940000
org.apache.commons.lang3.StringUtils:containsAny:(Ljava/lang/CharSequence;[C)Z#1449#27 prob_bp = 0.49999998468933504000
org.apache.commons.lang3.StringUtils:indexOfAny:(Ljava/lang/CharSequence;[C)I#1380#54 prob_bp = 0.49999998474168180000
org.apache.commons.lang3.StringUtils:indexOfAny:(Ljava/lang/CharSequence;[C)I#1380#55 prob_bp = 0.49999998835092463000
org.apache.commons.lang3.StringUtils:indexOfAny:(Ljava/lang/CharSequence;[C)I#1372#8 prob_bp = 0.49999998988352706000
org.apache.commons.lang3.StringUtils:indexOfAny:(Ljava/lang/CharSequence;[C)I#1379#46 prob_bp = 0.49999999097341885000
org.apache.commons.lang3.StringUtils:indexOfAny:(Ljava/lang/CharSequence;[C)I#1379#45 prob_bp = 0.49999999132393136000
org.apache.commons.lang3.StringUtils:indexOfAny:(Ljava/lang/CharSequence;[C)I#1372#7 prob_bp = 0.49999999282602500000
org.apache.commons.lang3.StringUtils:containsNone:(Ljava/lang/CharSequence;Ljava/lang/String;)Z#1718#15 prob_bp = 0.49999999541515194000
org.apache.commons.lang3.StringUtils:indexOfAnyBut:(Ljava/lang/CharSequence;[C)I#1538#58 prob_bp = 0.49999999562085530000
org.apache.commons.lang3.StringUtils:indexOfAnyBut:(Ljava/lang/CharSequence;[C)I#1538#57 prob_bp = 0.49999999594016786000
org.apache.commons.lang3.StringUtils:indexOfAnyBut:(Ljava/lang/CharSequence;[C)I#1538#54 prob_bp = 0.49999999602931180000
org.apache.commons.lang3.StringUtils:containsNone:(Ljava/lang/CharSequence;Ljava/lang/String;)Z#1718#10 prob_bp = 0.49999999606677950000
org.apache.commons.lang3.StringUtils:containsAny:(Ljava/lang/CharSequence;[C)Z#1449#26 prob_bp = 0.49999999616877555000
org.apache.commons.lang3.StringUtils:indexOfAnyBut:(Ljava/lang/CharSequence;[C)I#1538#55 prob_bp = 0.49999999756814880000
org.apache.commons.lang3.StringUtils:indexOfAnyBut:(Ljava/lang/CharSequence;[C)I#1536#43 prob_bp = 0.49999999912944193000
org.apache.commons.lang3.StringUtils:containsNone:(Ljava/lang/CharSequence;Ljava/lang/String;)Z#1715#5 prob_bp = 0.49999999921557060000
org.apache.commons.lang3.StringUtils:containsNone:(Ljava/lang/CharSequence;Ljava/lang/String;)Z#1715#4 prob_bp = 0.49999999924088545000
org.apache.commons.lang3.StringUtils:containsNone:(Ljava/lang/CharSequence;[C)Z#1681#45 prob_bp = 0.49999999957096900000
org.apache.commons.lang3.StringUtils:indexOfAny:(Ljava/lang/CharSequence;[C)I#1372#4 prob_bp = 0.49999999964732830000
org.apache.commons.lang3.StringUtils:containsNone:(Ljava/lang/CharSequence;Ljava/lang/String;)Z#1715#1 prob_bp = 0.49999999969150950000
org.apache.commons.lang3.StringUtils:containsNone:(Ljava/lang/CharSequence;Ljava/lang/String;)Z#1715#0 prob_bp = 0.49999999969764897000
org.apache.commons.lang3.StringUtils:containsAny:(Ljava/lang/CharSequence;[C)Z#1454#70 prob_bp = 0.49999999975693790000
org.apache.commons.lang3.StringUtils:containsNone:(Ljava/lang/CharSequence;[C)Z#1681#42 prob_bp = 0.49999999976243030000
org.apache.commons.lang3.StringUtils:containsNone:(Ljava/lang/CharSequence;Ljava/lang/String;)Z#1718#12 prob_bp = 0.49999999978627630000
org.apache.commons.lang3.StringUtils:containsNone:(Ljava/lang/CharSequence;Ljava/lang/String;)Z#1718#11 prob_bp = 0.49999999979781345000
org.apache.commons.lang3.StringUtils:containsNone:(Ljava/lang/CharSequence;[C)Z#1681#44 prob_bp = 0.49999999986781170000
org.apache.commons.lang3.StringUtils:containsNone:(Ljava/lang/CharSequence;[C)Z#1680#32 prob_bp = 0.49999999990381830000
org.apache.commons.lang3.StringUtils:containsNone:(Ljava/lang/CharSequence;[C)Z#1680#29 prob_bp = 0.49999999991912270000
org.apache.commons.lang3.StringUtils:containsNone:(Ljava/lang/CharSequence;[C)Z#1680#30 prob_bp = 0.49999999993746670000
org.apache.commons.lang3.StringUtils:containsNone:(Ljava/lang/CharSequence;[C)Z#1678#19 prob_bp = 0.49999999994128650000
org.apache.commons.lang3.StringUtils:containsAny:(Ljava/lang/CharSequence;[C)Z#1454#68 prob_bp = 0.49999999994264980000
org.apache.commons.lang3.StringUtils:containsNone:(Ljava/lang/CharSequence;[C)Z#1678#18 prob_bp = 0.49999999995992406000
org.apache.commons.lang3.StringUtils:containsNone:(Ljava/lang/CharSequence;[C)Z#1678#17 prob_bp = 0.49999999996465627000
org.apache.commons.lang3.StringUtils:containsNone:(Ljava/lang/CharSequence;[C)Z#1681#59 prob_bp = 0.49999999997730160000
org.apache.commons.lang3.StringUtils:indexOfAny:(Ljava/lang/CharSequence;[C)I#1378#38 prob_bp = 0.49999999998699640000
org.apache.commons.lang3.StringUtils:indexOfAny:(Ljava/lang/CharSequence;[C)I#1378#35 prob_bp = 0.49999999998844080000
org.apache.commons.lang3.StringUtils:containsAny:(Ljava/lang/CharSequence;[C)Z#1452#53 prob_bp = 0.49999999999103590000
org.apache.commons.lang3.StringUtils:indexOfAny:(Ljava/lang/CharSequence;[C)I#1378#36 prob_bp = 0.49999999999152200000
org.apache.commons.lang3.StringUtils:indexOfAny:(Ljava/lang/CharSequence;Ljava/lang/String;)I#1415#18 prob_bp = 0.49999999999300854000
org.apache.commons.lang3.StringUtils:indexOfAny:(Ljava/lang/CharSequence;Ljava/lang/String;)I#1415#17 prob_bp = 0.49999999999357736000
org.apache.commons.lang3.StringUtils:containsAny:(Ljava/lang/CharSequence;[C)Z#1454#67 prob_bp = 0.49999999999492090000
org.apache.commons.lang3.StringUtils:containsAny:(Ljava/lang/CharSequence;[C)Z#1454#64 prob_bp = 0.49999999999658534000
org.apache.commons.lang3.StringUtils:containsAny:(Ljava/lang/CharSequence;[C)Z#1454#65 prob_bp = 0.49999999999671810000
org.apache.commons.lang3.StringUtils:indexOfAnyBut:(Ljava/lang/CharSequence;[C)I#1536#38 prob_bp = 0.49999999999740136000
org.apache.commons.lang3.StringUtils:indexOfAnyBut:(Ljava/lang/CharSequence;[C)I#1536#35 prob_bp = 0.49999999999740910000
org.apache.commons.lang3.StringUtils:indexOfAnyBut:(Ljava/lang/CharSequence;[C)I#1536#36 prob_bp = 0.49999999999832740000
org.apache.commons.lang3.StringUtils:indexOfAny:(Ljava/lang/CharSequence;Ljava/lang/String;)I#1412#8 prob_bp = 0.49999999999875344000
org.apache.commons.lang3.StringUtils:indexOfAny:(Ljava/lang/CharSequence;Ljava/lang/String;)I#1412#7 prob_bp = 0.49999999999882294000
org.apache.commons.lang3.StringUtils:containsAny:(Ljava/lang/CharSequence;[C)Z#1452#48 prob_bp = 0.49999999999999680000
org.apache.commons.lang3.StringUtils:containsAny:(Ljava/lang/CharSequence;[C)Z#1452#46 prob_bp = 0.49999999999999750000
org.apache.commons.lang3.StringUtils:containsAny:(Ljava/lang/CharSequence;[C)Z#1452#45 prob_bp = 0.49999999999999760000
org.apache.commons.lang3.StringUtils:indexOfAny:(Ljava/lang/CharSequence;Ljava/lang/String;)I#1412#4 prob_bp = 0.50000000000131600000
org.apache.commons.lang3.StringUtils:indexOfAny:(Ljava/lang/CharSequence;Ljava/lang/String;)I#1412#0 prob_bp = 0.50000000000162060000
org.apache.commons.lang3.StringUtils:indexOfAny:(Ljava/lang/CharSequence;Ljava/lang/String;)I#1412#1 prob_bp = 0.50000000000187240000
org.apache.commons.lang3.StringUtils:containsAny:(Ljava/lang/CharSequence;[C)Z#1444#4 prob_bp = 0.50000000000268490000
org.apache.commons.lang3.StringUtils:containsAny:(Ljava/lang/CharSequence;Ljava/lang/String;)Z#1501#7 prob_bp = 0.50000000000593040000
org.apache.commons.lang3.StringUtils:containsAny:(Ljava/lang/CharSequence;Ljava/lang/String;)Z#1501#8 prob_bp = 0.50000000000688930000
org.apache.commons.lang3.StringUtils:containsAny:(Ljava/lang/CharSequence;Ljava/lang/String;)Z#1498#0 prob_bp = 0.50000000002451450000
org.apache.commons.lang3.StringUtils:containsAny:(Ljava/lang/CharSequence;Ljava/lang/String;)Z#1498#1 prob_bp = 0.50000000003586380000
org.apache.commons.lang3.StringUtils:indexOfAny:(Ljava/lang/CharSequence;Ljava/lang/String;)I#1412#11 prob_bp = 0.50000000004417060000
org.apache.commons.lang3.StringUtils:containsAny:(Ljava/lang/CharSequence;[C)Z#1444#7 prob_bp = 0.50000000004950030000
org.apache.commons.lang3.StringUtils:containsAny:(Ljava/lang/CharSequence;[C)Z#1444#8 prob_bp = 0.50000000007535900000
org.apache.commons.lang3.StringUtils:indexOfAnyBut:(Ljava/lang/CharSequence;[C)I#1529#0 prob_bp = 0.50000000008156230000
org.apache.commons.lang3.StringUtils:indexOfAnyBut:(Ljava/lang/String;Ljava/lang/String;)I#1575#28 prob_bp = 0.50000000008773880000
org.apache.commons.lang3.StringUtils:indexOfAnyBut:(Ljava/lang/String;Ljava/lang/String;)I#1575#29 prob_bp = 0.50000000009787910000
org.apache.commons.lang3.StringUtils:indexOfAny:(Ljava/lang/CharSequence;[C)I#1376#23 prob_bp = 0.50000000009923800000
org.apache.commons.lang3.StringUtils:indexOfAnyBut:(Ljava/lang/CharSequence;[C)I#1529#1 prob_bp = 0.50000000009979630000
org.apache.commons.lang3.StringUtils:indexOfAnyBut:(Ljava/lang/String;Ljava/lang/String;)I#1575#30 prob_bp = 0.50000000010139230000
org.apache.commons.lang3.StringUtils:indexOfAny:(Ljava/lang/CharSequence;[C)I#1376#24 prob_bp = 0.50000000015292890000
org.apache.commons.lang3.StringUtils:containsAny:(Ljava/lang/CharSequence;[C)Z#1448#23 prob_bp = 0.50000000019238980000
org.apache.commons.lang3.StringUtils:containsAny:(Ljava/lang/CharSequence;[C)Z#1448#24 prob_bp = 0.50000000029150670000
org.apache.commons.lang3.StringUtils:indexOfAny:(Ljava/lang/CharSequence;[C)I#1376#25 prob_bp = 0.50000000036578710000
org.apache.commons.lang3.StringUtils:containsAny:(Ljava/lang/CharSequence;[C)Z#1448#25 prob_bp = 0.50000000068446060000
org.apache.commons.lang3.StringUtils:indexOfAny:(Ljava/lang/CharSequence;Ljava/lang/String;)I#1415#16 prob_bp = 0.50000000117641400000
org.apache.commons.lang3.StringUtils:indexOfAny:(Ljava/lang/CharSequence;Ljava/lang/String;)I#1415#21 prob_bp = 0.50000000119863890000
org.apache.commons.lang3.StringUtils:indexOfAny:(Ljava/lang/CharSequence;[C)I#1379#50 prob_bp = 0.50000000120966470000
org.apache.commons.lang3.StringUtils:containsAny:(Ljava/lang/CharSequence;[C)Z#1453#55 prob_bp = 0.50000000128344480000
org.apache.commons.lang3.StringUtils:containsAny:(Ljava/lang/CharSequence;[C)Z#1453#56 prob_bp = 0.50000000133529740000
org.apache.commons.lang3.StringUtils:indexOfAny:(Ljava/lang/CharSequence;[C)I#1379#48 prob_bp = 0.50000000188749900000
org.apache.commons.lang3.StringUtils:containsAny:(Ljava/lang/CharSequence;[C)Z#1453#124 prob_bp = 0.50000000201766080000
org.apache.commons.lang3.StringUtils:indexOfAny:(Ljava/lang/CharSequence;[C)I#1372#0 prob_bp = 0.50000000209689190000
org.apache.commons.lang3.StringUtils:containsAny:(Ljava/lang/CharSequence;Ljava/lang/String;)Z#1501#6 prob_bp = 0.50000000221999200000
org.apache.commons.lang3.StringUtils:containsAny:(Ljava/lang/CharSequence;[C)Z#1453#60 prob_bp = 0.50000000224234130000
org.apache.commons.lang3.StringUtils:indexOfAny:(Ljava/lang/CharSequence;[C)I#1372#1 prob_bp = 0.50000000242383010000
org.apache.commons.lang3.StringUtils:containsAny:(Ljava/lang/CharSequence;Ljava/lang/String;)Z#1501#11 prob_bp = 0.50000000258161770000
org.apache.commons.lang3.StringUtils:containsAny:(Ljava/lang/CharSequence;[C)Z#1453#58 prob_bp = 0.50000000306784810000
org.apache.commons.lang3.StringUtils:containsAny:(Ljava/lang/CharSequence;[C)Z#1444#0 prob_bp = 0.50000000416318300000
org.apache.commons.lang3.StringUtils:indexOfAny:(Ljava/lang/CharSequence;[C)I#1379#51 prob_bp = 0.50000000461916090000
org.apache.commons.lang3.StringUtils:containsAny:(Ljava/lang/CharSequence;[C)Z#1444#1 prob_bp = 0.50000000480953090000
org.apache.commons.lang3.StringUtils:indexOfAnyBut:(Ljava/lang/CharSequence;[C)I#1532#16 prob_bp = 0.50000000774428680000
org.apache.commons.lang3.StringUtils:containsAny:(Ljava/lang/CharSequence;[C)Z#1453#61 prob_bp = 0.50000000853660100000
org.apache.commons.lang3.StringUtils:indexOfAnyBut:(Ljava/lang/String;Ljava/lang/String;)I#1575#33 prob_bp = 0.50000001979174160000
org.apache.commons.lang3.StringUtils:indexOfAnyBut:(Ljava/lang/CharSequence;[C)I#1532#17 prob_bp = 0.50000002424730220000
org.apache.commons.lang3.StringUtils:indexOfAny:(Ljava/lang/CharSequence;[C)I#1375#16 prob_bp = 0.50000002824088550000
org.apache.commons.lang3.StringUtils:indexOfAny:(Ljava/lang/CharSequence;[C)I#1375#17 prob_bp = 0.50000003504913460000
org.apache.commons.lang3.StringUtils:indexOfAnyBut:(Ljava/lang/String;Ljava/lang/String;)I#1570#0 prob_bp = 0.50000005237472030000
org.apache.commons.lang3.StringUtils:containsAny:(Ljava/lang/CharSequence;[C)Z#1447#16 prob_bp = 0.50000005597591590000
org.apache.commons.lang3.StringUtils:indexOfAnyBut:(Ljava/lang/String;Ljava/lang/String;)I#1573#16 prob_bp = 0.50000005945718220000
org.apache.commons.lang3.StringUtils:indexOfAnyBut:(Ljava/lang/String;Ljava/lang/String;)I#1570#1 prob_bp = 0.50000006322563400000
org.apache.commons.lang3.StringUtils:indexOfAnyBut:(Ljava/lang/String;Ljava/lang/String;)I#1573#17 prob_bp = 0.50000006411960760000
org.apache.commons.lang3.StringUtils:containsAny:(Ljava/lang/CharSequence;[C)Z#1447#17 prob_bp = 0.50000006947505260000
org.apache.commons.lang3.StringUtils:isEmpty:(Ljava/lang/CharSequence;)Z#194#0 prob_bp = 0.50000008135749090000
org.apache.commons.lang3.StringUtils:indexOfAnyBut:(Ljava/lang/String;Ljava/lang/String;)I#1576#36 prob_bp = 0.50000009880825480000
org.apache.commons.lang3.StringUtils:indexOfAnyBut:(Ljava/lang/CharSequence;[C)I#1529#4 prob_bp = 0.50000015860843150000
org.apache.commons.lang3.ArrayUtils:isEmpty:([C)Z#3279#0 prob_bp = 0.50000016248919350000
org.apache.commons.lang3.StringUtils:isEmpty:(Ljava/lang/CharSequence;)Z#194#1 prob_bp = 0.50000019041506820000
org.apache.commons.lang3.StringUtils:containsAny:(Ljava/lang/CharSequence;[C)Z#1444#11 prob_bp = 0.50000024098736720000
org.apache.commons.lang3.StringUtils:indexOfAnyBut:(Ljava/lang/String;Ljava/lang/String;)I#1576#35 prob_bp = 0.50000035824342690000
org.apache.commons.lang3.StringUtils:indexOfAnyBut:(Ljava/lang/String;Ljava/lang/String;)I#1576#38 prob_bp = 0.50000041589739740000
org.apache.commons.lang3.ArrayUtils:isEmpty:([C)Z#3279#1 prob_bp = 0.50000046520948220000
org.apache.commons.lang3.StringUtils:indexOfAnyBut:(Ljava/lang/String;Ljava/lang/String;)I#1573#20 prob_bp = 0.50000073542761260000
org.apache.commons.lang3.StringUtils:indexOfAnyBut:(Ljava/lang/String;Ljava/lang/String;)I#1574#24 prob_bp = 0.50000211335303510000
org.apache.commons.lang3.StringUtils:indexOfAnyBut:(Ljava/lang/String;Ljava/lang/String;)I#1570#7 prob_bp = 0.50000220617795130000
org.apache.commons.lang3.StringUtils:indexOfAny:(Ljava/lang/CharSequence;[C)I#1375#22 prob_bp = 0.50000225769949120000
org.apache.commons.lang3.StringUtils:indexOfAnyBut:(Ljava/lang/String;Ljava/lang/String;)I#1570#8 prob_bp = 0.50000253309328120000
org.apache.commons.lang3.StringUtils:indexOfAnyBut:(Ljava/lang/CharSequence;[C)I#1529#7 prob_bp = 0.50000349514496640000
org.apache.commons.lang3.StringUtils:isEmpty:(Ljava/lang/CharSequence;)Z#194#4 prob_bp = 0.50000382542008250000
org.apache.commons.lang3.StringUtils:containsAny:(Ljava/lang/CharSequence;[C)Z#1451#36 prob_bp = 0.50000414987738800000
org.apache.commons.lang3.StringUtils:containsAny:(Ljava/lang/CharSequence;[C)Z#1451#37 prob_bp = 0.50000431440010010000
org.apache.commons.lang3.StringUtils:containsAny:(Ljava/lang/CharSequence;[C)Z#1447#22 prob_bp = 0.50000448363612640000
org.apache.commons.lang3.StringUtils:indexOfAnyBut:(Ljava/lang/CharSequence;[C)I#1529#8 prob_bp = 0.50000449970035800000
org.apache.commons.lang3.StringUtils:indexOfAnyBut:(Ljava/lang/String;Ljava/lang/String;)I#1574#23 prob_bp = 0.50000483531202390000
org.apache.commons.lang3.StringUtils:indexOfAnyBut:(Ljava/lang/String;Ljava/lang/String;)I#1574#25 prob_bp = 0.50000494134573110000
org.apache.commons.lang3.StringUtils:indexOfAnyBut:(Ljava/lang/CharSequence;[C)I#1532#22 prob_bp = 0.50000652620386330000
org.apache.commons.lang3.ArrayUtils:isEmpty:([C)Z#3279#4 prob_bp = 0.50000829895123090000
org.apache.commons.lang3.StringUtils:indexOfAnyBut:(Ljava/lang/CharSequence;[C)I#1533#23 prob_bp = 0.50000831025343250000
org.apache.commons.lang3.StringUtils:indexOfAnyBut:(Ljava/lang/CharSequence;[C)I#1537#45 prob_bp = 0.50000856354297190000
org.apache.commons.lang3.StringUtils:indexOfAnyBut:(Ljava/lang/CharSequence;[C)I#1537#46 prob_bp = 0.50000890816289000000
org.apache.commons.lang3.StringUtils:isEmpty:(Ljava/lang/CharSequence;)Z#194#5 prob_bp = 0.50000895202610720000
org.apache.commons.lang3.StringUtils:indexOfAnyBut:(Ljava/lang/CharSequence;[C)I#1533#24 prob_bp = 0.50000955180564040000
org.apache.commons.lang3.StringUtils:indexOfAnyBut:(Ljava/lang/CharSequence;[C)I#1537#66 prob_bp = 0.50001023896935500000
org.apache.commons.lang3.StringUtils:indexOfAny:(Ljava/lang/CharSequence;[C)I#1377#31 prob_bp = 0.50001106939746820000
org.apache.commons.lang3.StringUtils:indexOfAnyBut:(Ljava/lang/CharSequence;[C)I#1533#25 prob_bp = 0.50001209193494580000
org.apache.commons.lang3.StringUtils:indexOfAny:(Ljava/lang/CharSequence;[C)I#1377#29 prob_bp = 0.50001389536296670000
org.apache.commons.lang3.StringUtils:indexOfAnyBut:(Ljava/lang/CharSequence;[C)I#1537#48 prob_bp = 0.50001581786184750000
org.apache.commons.lang3.StringUtils:indexOfAnyBut:(Ljava/lang/CharSequence;[C)I#1537#50 prob_bp = 0.50001727286549000000
org.apache.commons.lang3.StringUtils:containsAny:(Ljava/lang/CharSequence;[C)Z#1451#130 prob_bp = 0.50001902782858710000
org.apache.commons.lang3.StringUtils:containsAny:(Ljava/lang/CharSequence;[C)Z#1451#41 prob_bp = 0.50002198694447330000
org.apache.commons.lang3.ArrayUtils:isEmpty:([C)Z#3279#5 prob_bp = 0.50002397246506940000
org.apache.commons.lang3.StringUtils:containsAny:(Ljava/lang/CharSequence;[C)Z#1451#39 prob_bp = 0.50002759228234150000
org.apache.commons.lang3.StringUtils:isEmpty:(Ljava/lang/CharSequence;)Z#194#10 prob_bp = 0.50002897398554580000
org.apache.commons.lang3.StringUtils:indexOfAnyBut:(Ljava/lang/CharSequence;[C)I#1535#31 prob_bp = 0.50003227428499730000
org.apache.commons.lang3.StringUtils:indexOfAnyBut:(Ljava/lang/CharSequence;[C)I#1537#51 prob_bp = 0.50003820250411750000
org.apache.commons.lang3.StringUtils:indexOfAny:(Ljava/lang/CharSequence;[C)I#1377#32 prob_bp = 0.50004666583095190000
org.apache.commons.lang3.StringUtils:indexOfAnyBut:(Ljava/lang/CharSequence;[C)I#1535#29 prob_bp = 0.50005434807160460000
org.apache.commons.lang3.ArrayUtils:isEmpty:([C)Z#3279#6 prob_bp = 0.50008704078276290000
org.apache.commons.lang3.StringUtils:containsAny:(Ljava/lang/CharSequence;[C)Z#1451#42 prob_bp = 0.50009268412171590000
org.apache.commons.lang3.StringUtils:indexOfAnyBut:(Ljava/lang/CharSequence;[C)I#1535#32 prob_bp = 0.50013622871603130000
org.apache.commons.lang3.StringUtils:indexOfAnyBut:(Ljava/lang/String;Ljava/lang/String;)I#1570#4 prob_bp = 0.50031894542940840000
org.apache.commons.lang3.StringUtils:indexOfAnyBut:(Ljava/lang/String;Ljava/lang/String;)I#1576#41 prob_bp = 0.50122095874976660000
org.apache.commons.lang3.StringUtils:isEmpty:(Ljava/lang/CharSequence;)Z#194#17 prob_bp = 0.50806442586513270000
org.apache.commons.lang3.ArrayUtils:isEmpty:([C)Z#3282#11 prob_bp = 0.50807313033214270000
org.apache.commons.lang3.ArrayUtils:isEmpty:([C)Z#3282#12 prob_bp = 0.50838731316109780000
org.apache.commons.lang3.StringUtils:isEmpty:(Ljava/lang/CharSequence;)Z#194#18 prob_bp = 0.50838850054286910000
org.apache.commons.lang3.StringUtils:indexOfAnyBut:(Ljava/lang/String;Ljava/lang/String;)I#1570#11 prob_bp = 0.50934385136882190000
org.apache.commons.lang3.StringUtils:indexOfAnyBut:(Ljava/lang/CharSequence;[C)I#1529#11 prob_bp = 0.50963678979938950000
org.apache.commons.lang3.StringUtils:indexOfAnyBut:(Ljava/lang/String;Ljava/lang/String;)I#1574#21 prob_bp = 0.92330628265468930000
org.apache.commons.lang3.StringUtils:indexOfAnyBut:(Ljava/lang/CharSequence;[C)I#1535#26 prob_bp = 0.92349373894889740000
org.apache.commons.lang3.StringUtils:indexOfAnyBut:(Ljava/lang/String;Ljava/lang/String;)I#1574#22 prob_bp = 0.93286256469051980000
org.apache.commons.lang3.StringUtils:indexOfAnyBut:(Ljava/lang/CharSequence;[C)I#1535#27 prob_bp = 0.93303826618501530000
org.apache.commons.lang3.StringUtils:indexOfAnyBut:(Ljava/lang/String;Ljava/lang/String;)I#1577#44 prob_bp = 0.95474444586750780000
org.apache.commons.lang3.StringUtils:indexOfAnyBut:(Ljava/lang/CharSequence;[C)I#1542#72 prob_bp = 0.95486817341201040000
org.apache.commons.lang3.StringUtils:indexOfAnyBut:(Ljava/lang/String;Ljava/lang/String;)I#1577#45 prob_bp = 0.98918437821913160000
org.apache.commons.lang3.StringUtils:indexOfAnyBut:(Ljava/lang/CharSequence;[C)I#1542#74 prob_bp = 0.98919465103516160000
org.apache.commons.lang3.StringUtils:indexOfAny:(Ljava/lang/CharSequence;Ljava/lang/String;)I#1415#24 prob_bp = 0.98985793370817680000
org.apache.commons.lang3.StringUtils:containsAny:(Ljava/lang/CharSequence;Ljava/lang/String;)Z#1501#14 prob_bp = 0.99989896325428650000
org.apache.commons.lang3.StringUtilsEqualsIndexOfTest:testIndexOfAnyBut_StringStringWithSupplementaryChars:()V#616#0 prob_bp = 1.00000000000000000000
org.apache.commons.lang3.StringUtilsEqualsIndexOfTest:testIndexOfAnyBut_StringStringWithSupplementaryChars:()V#616#1 prob_bp = 1.00000000000000000000
org.apache.commons.lang3.StringUtilsEqualsIndexOfTest:testIndexOfAnyBut_StringStringWithSupplementaryChars:()V#616#3 prob_bp = 1.00000000000000000000
org.apache.commons.lang3.StringUtilsEqualsIndexOfTest:testIndexOfAnyBut_StringStringWithSupplementaryChars:()V#616#5 prob_bp = 1.00000000000000000000
org.apache.commons.lang3.StringUtilsEqualsIndexOfTest:testIndexOfAnyBut_StringStringWithSupplementaryChars:()V#616#8 prob_bp = 1.00000000000000000000
org.apache.commons.lang3.StringUtilsEqualsIndexOfTest:testContainsNone_CharArrayWithBadSupplementaryChars:()V#306#1 prob_bp = 1.00000000000000000000
org.apache.commons.lang3.StringUtilsEqualsIndexOfTest:testContainsNone_CharArrayWithBadSupplementaryChars:()V#306#3 prob_bp = 1.00000000000000000000
org.apache.commons.lang3.StringUtilsEqualsIndexOfTest:testContainsNone_CharArrayWithBadSupplementaryChars:()V#306#5 prob_bp = 1.00000000000000000000
org.apache.commons.lang3.StringUtilsEqualsIndexOfTest:testContainsNone_CharArrayWithBadSupplementaryChars:()V#306#8 prob_bp = 1.00000000000000000000
org.apache.commons.lang3.StringUtilsEqualsIndexOfTest:testContainsNone_CharArrayWithBadSupplementaryChars:()V#308#25 prob_bp = 1.00000000000000000000
org.apache.commons.lang3.StringUtilsEqualsIndexOfTest:testContainsNone_CharArrayWithBadSupplementaryChars:()V#308#26 prob_bp = 1.00000000000000000000
org.apache.commons.lang3.StringUtilsEqualsIndexOfTest:testContainsNone_CharArrayWithBadSupplementaryChars:()V#308#28 prob_bp = 1.00000000000000000000
org.apache.commons.lang3.StringUtilsEqualsIndexOfTest:testContainsNone_CharArrayWithBadSupplementaryChars:()V#308#30 prob_bp = 1.00000000000000000000
org.apache.commons.lang3.StringUtilsEqualsIndexOfTest:testContainsNone_CharArrayWithBadSupplementaryChars:()V#308#33 prob_bp = 1.00000000000000000000
org.apache.commons.lang3.StringUtilsEqualsIndexOfTest:testContainsNone_CharArrayWithBadSupplementaryChars:()V#308#36 prob_bp = 1.00000000000000000000
org.apache.commons.lang3.StringUtilsEqualsIndexOfTest:testIndexOfAny_StringCharArrayWithSupplementaryChars:()V#527#1 prob_bp = 1.00000000000000000000
org.apache.commons.lang3.StringUtilsEqualsIndexOfTest:testIndexOfAny_StringCharArrayWithSupplementaryChars:()V#527#3 prob_bp = 1.00000000000000000000
org.apache.commons.lang3.StringUtilsEqualsIndexOfTest:testIndexOfAny_StringCharArrayWithSupplementaryChars:()V#527#5 prob_bp = 1.00000000000000000000
org.apache.commons.lang3.StringUtilsEqualsIndexOfTest:testIndexOfAny_StringCharArrayWithSupplementaryChars:()V#527#8 prob_bp = 1.00000000000000000000
org.apache.commons.lang3.StringUtilsEqualsIndexOfTest:testIndexOfAny_StringCharArrayWithSupplementaryChars:()V#528#14 prob_bp = 1.00000000000000000000
org.apache.commons.lang3.StringUtilsEqualsIndexOfTest:testIndexOfAny_StringCharArrayWithSupplementaryChars:()V#528#15 prob_bp = 1.00000000000000000000
org.apache.commons.lang3.StringUtilsEqualsIndexOfTest:testIndexOfAny_StringCharArrayWithSupplementaryChars:()V#528#17 prob_bp = 1.00000000000000000000
org.apache.commons.lang3.StringUtilsEqualsIndexOfTest:testIndexOfAny_StringCharArrayWithSupplementaryChars:()V#528#19 prob_bp = 1.00000000000000000000
org.apache.commons.lang3.StringUtilsEqualsIndexOfTest:testIndexOfAny_StringCharArrayWithSupplementaryChars:()V#528#22 prob_bp = 1.00000000000000000000
org.apache.commons.lang3.StringUtilsEqualsIndexOfTest:testIndexOfAny_StringCharArrayWithSupplementaryChars:()V#528#25 prob_bp = 1.00000000000000000000
org.apache.commons.lang3.StringUtilsEqualsIndexOfTest:testContainsNone_StringWithBadSupplementaryChars:()V#360#1 prob_bp = 1.00000000000000000000
org.apache.commons.lang3.StringUtilsEqualsIndexOfTest:testContainsNone_StringWithBadSupplementaryChars:()V#360#3 prob_bp = 1.00000000000000000000
org.apache.commons.lang3.StringUtilsEqualsIndexOfTest:testContainsNone_StringWithBadSupplementaryChars:()V#360#5 prob_bp = 1.00000000000000000000
org.apache.commons.lang3.StringUtilsEqualsIndexOfTest:testContainsNone_StringWithBadSupplementaryChars:()V#362#22 prob_bp = 1.00000000000000000000
org.apache.commons.lang3.StringUtilsEqualsIndexOfTest:testContainsNone_StringWithBadSupplementaryChars:()V#362#23 prob_bp = 1.00000000000000000000
org.apache.commons.lang3.StringUtilsEqualsIndexOfTest:testContainsNone_StringWithBadSupplementaryChars:()V#362#25 prob_bp = 1.00000000000000000000
org.apache.commons.lang3.StringUtilsEqualsIndexOfTest:testContainsNone_StringWithBadSupplementaryChars:()V#362#27 prob_bp = 1.00000000000000000000
org.apache.commons.lang3.StringUtilsEqualsIndexOfTest:testContainsNone_StringWithBadSupplementaryChars:()V#362#30 prob_bp = 1.00000000000000000000
org.apache.commons.lang3.StringUtilsEqualsIndexOfTest:testIndexOfAnyBut_StringCharArrayWithSupplementaryChars:()V#593#0 prob_bp = 1.00000000000000000000
org.apache.commons.lang3.StringUtilsEqualsIndexOfTest:testIndexOfAnyBut_StringCharArrayWithSupplementaryChars:()V#593#1 prob_bp = 1.00000000000000000000
org.apache.commons.lang3.StringUtilsEqualsIndexOfTest:testIndexOfAnyBut_StringCharArrayWithSupplementaryChars:()V#593#3 prob_bp = 1.00000000000000000000
org.apache.commons.lang3.StringUtilsEqualsIndexOfTest:testIndexOfAnyBut_StringCharArrayWithSupplementaryChars:()V#593#5 prob_bp = 1.00000000000000000000
org.apache.commons.lang3.StringUtilsEqualsIndexOfTest:testIndexOfAnyBut_StringCharArrayWithSupplementaryChars:()V#593#8 prob_bp = 1.00000000000000000000
org.apache.commons.lang3.StringUtilsEqualsIndexOfTest:testIndexOfAnyBut_StringCharArrayWithSupplementaryChars:()V#593#11 prob_bp = 1.00000000000000000000
org.apache.commons.lang3.StringUtilsEqualsIndexOfTest:testIndexOfAny_StringStringWithSupplementaryChars:()V#570#1 prob_bp = 1.00000000000000000000
org.apache.commons.lang3.StringUtilsEqualsIndexOfTest:testIndexOfAny_StringStringWithSupplementaryChars:()V#570#3 prob_bp = 1.00000000000000000000
org.apache.commons.lang3.StringUtilsEqualsIndexOfTest:testIndexOfAny_StringStringWithSupplementaryChars:()V#570#5 prob_bp = 1.00000000000000000000
org.apache.commons.lang3.StringUtilsEqualsIndexOfTest:testIndexOfAny_StringStringWithSupplementaryChars:()V#571#11 prob_bp = 1.00000000000000000000
org.apache.commons.lang3.StringUtilsEqualsIndexOfTest:testIndexOfAny_StringStringWithSupplementaryChars:()V#571#12 prob_bp = 1.00000000000000000000
org.apache.commons.lang3.StringUtilsEqualsIndexOfTest:testIndexOfAny_StringStringWithSupplementaryChars:()V#571#14 prob_bp = 1.00000000000000000000
org.apache.commons.lang3.StringUtilsEqualsIndexOfTest:testIndexOfAny_StringStringWithSupplementaryChars:()V#571#16 prob_bp = 1.00000000000000000000
org.apache.commons.lang3.StringUtilsEqualsIndexOfTest:testIndexOfAny_StringStringWithSupplementaryChars:()V#571#19 prob_bp = 1.00000000000000000000
org.apache.commons.lang3.StringUtilsEqualsIndexOfTest:testContainsAny_StringWithBadSupplementaryChars:()V#184#1 prob_bp = 1.00000000000000000000
org.apache.commons.lang3.StringUtilsEqualsIndexOfTest:testContainsAny_StringWithBadSupplementaryChars:()V#184#3 prob_bp = 1.00000000000000000000
org.apache.commons.lang3.StringUtilsEqualsIndexOfTest:testContainsAny_StringWithBadSupplementaryChars:()V#184#5 prob_bp = 1.00000000000000000000
org.apache.commons.lang3.StringUtilsEqualsIndexOfTest:testContainsAny_StringWithBadSupplementaryChars:()V#186#22 prob_bp = 1.00000000000000000000
org.apache.commons.lang3.StringUtilsEqualsIndexOfTest:testContainsAny_StringWithBadSupplementaryChars:()V#186#23 prob_bp = 1.00000000000000000000
org.apache.commons.lang3.StringUtilsEqualsIndexOfTest:testContainsAny_StringWithBadSupplementaryChars:()V#186#25 prob_bp = 1.00000000000000000000
org.apache.commons.lang3.StringUtilsEqualsIndexOfTest:testContainsAny_StringWithBadSupplementaryChars:()V#186#27 prob_bp = 1.00000000000000000000
org.apache.commons.lang3.StringUtilsEqualsIndexOfTest:testContainsAny_StringWithBadSupplementaryChars:()V#186#30 prob_bp = 1.00000000000000000000
org.apache.commons.lang3.StringUtilsEqualsIndexOfTest:testContainsNone_CharArrayWithSupplementaryChars:()V#319#1 prob_bp = 1.00000000000000000000
org.apache.commons.lang3.StringUtilsEqualsIndexOfTest:testContainsNone_CharArrayWithSupplementaryChars:()V#319#3 prob_bp = 1.00000000000000000000
org.apache.commons.lang3.StringUtilsEqualsIndexOfTest:testContainsNone_CharArrayWithSupplementaryChars:()V#319#5 prob_bp = 1.00000000000000000000
org.apache.commons.lang3.StringUtilsEqualsIndexOfTest:testContainsNone_CharArrayWithSupplementaryChars:()V#319#8 prob_bp = 1.00000000000000000000
org.apache.commons.lang3.StringUtilsEqualsIndexOfTest:testContainsNone_CharArrayWithSupplementaryChars:()V#320#15 prob_bp = 1.00000000000000000000
org.apache.commons.lang3.StringUtilsEqualsIndexOfTest:testContainsNone_CharArrayWithSupplementaryChars:()V#320#17 prob_bp = 1.00000000000000000000
org.apache.commons.lang3.StringUtilsEqualsIndexOfTest:testContainsNone_CharArrayWithSupplementaryChars:()V#320#19 prob_bp = 1.00000000000000000000
org.apache.commons.lang3.StringUtilsEqualsIndexOfTest:testContainsNone_CharArrayWithSupplementaryChars:()V#320#22 prob_bp = 1.00000000000000000000
org.apache.commons.lang3.StringUtilsEqualsIndexOfTest:testContainsNone_CharArrayWithSupplementaryChars:()V#321#29 prob_bp = 1.00000000000000000000
org.apache.commons.lang3.StringUtilsEqualsIndexOfTest:testContainsNone_CharArrayWithSupplementaryChars:()V#321#31 prob_bp = 1.00000000000000000000
org.apache.commons.lang3.StringUtilsEqualsIndexOfTest:testContainsNone_CharArrayWithSupplementaryChars:()V#321#33 prob_bp = 1.00000000000000000000
org.apache.commons.lang3.StringUtilsEqualsIndexOfTest:testContainsNone_CharArrayWithSupplementaryChars:()V#321#36 prob_bp = 1.00000000000000000000
org.apache.commons.lang3.StringUtilsEqualsIndexOfTest:testContainsNone_CharArrayWithSupplementaryChars:()V#327#83 prob_bp = 1.00000000000000000000
org.apache.commons.lang3.StringUtilsEqualsIndexOfTest:testContainsNone_CharArrayWithSupplementaryChars:()V#327#84 prob_bp = 1.00000000000000000000
org.apache.commons.lang3.StringUtilsEqualsIndexOfTest:testContainsNone_CharArrayWithSupplementaryChars:()V#327#86 prob_bp = 1.00000000000000000000
org.apache.commons.lang3.StringUtilsEqualsIndexOfTest:testContainsNone_CharArrayWithSupplementaryChars:()V#327#88 prob_bp = 1.00000000000000000000
org.apache.commons.lang3.StringUtilsEqualsIndexOfTest:testContainsNone_CharArrayWithSupplementaryChars:()V#327#91 prob_bp = 1.00000000000000000000
org.apache.commons.lang3.StringUtilsEqualsIndexOfTest:testContainsNone_CharArrayWithSupplementaryChars:()V#327#94 prob_bp = 1.00000000000000000000
org.apache.commons.lang3.StringUtilsEqualsIndexOfTest:testContainsNone_StringWithSupplementaryChars:()V#373#1 prob_bp = 1.00000000000000000000
org.apache.commons.lang3.StringUtilsEqualsIndexOfTest:testContainsNone_StringWithSupplementaryChars:()V#373#3 prob_bp = 1.00000000000000000000
org.apache.commons.lang3.StringUtilsEqualsIndexOfTest:testContainsNone_StringWithSupplementaryChars:()V#373#5 prob_bp = 1.00000000000000000000
org.apache.commons.lang3.StringUtilsEqualsIndexOfTest:testContainsNone_StringWithSupplementaryChars:()V#374#12 prob_bp = 1.00000000000000000000
org.apache.commons.lang3.StringUtilsEqualsIndexOfTest:testContainsNone_StringWithSupplementaryChars:()V#374#14 prob_bp = 1.00000000000000000000
org.apache.commons.lang3.StringUtilsEqualsIndexOfTest:testContainsNone_StringWithSupplementaryChars:()V#374#16 prob_bp = 1.00000000000000000000
org.apache.commons.lang3.StringUtilsEqualsIndexOfTest:testContainsNone_StringWithSupplementaryChars:()V#375#23 prob_bp = 1.00000000000000000000
org.apache.commons.lang3.StringUtilsEqualsIndexOfTest:testContainsNone_StringWithSupplementaryChars:()V#375#25 prob_bp = 1.00000000000000000000
org.apache.commons.lang3.StringUtilsEqualsIndexOfTest:testContainsNone_StringWithSupplementaryChars:()V#375#27 prob_bp = 1.00000000000000000000
org.apache.commons.lang3.StringUtilsEqualsIndexOfTest:testContainsNone_StringWithSupplementaryChars:()V#381#74 prob_bp = 1.00000000000000000000
org.apache.commons.lang3.StringUtilsEqualsIndexOfTest:testContainsNone_StringWithSupplementaryChars:()V#381#75 prob_bp = 1.00000000000000000000
org.apache.commons.lang3.StringUtilsEqualsIndexOfTest:testContainsNone_StringWithSupplementaryChars:()V#381#77 prob_bp = 1.00000000000000000000
org.apache.commons.lang3.StringUtilsEqualsIndexOfTest:testContainsNone_StringWithSupplementaryChars:()V#381#79 prob_bp = 1.00000000000000000000
org.apache.commons.lang3.StringUtilsEqualsIndexOfTest:testContainsNone_StringWithSupplementaryChars:()V#381#82 prob_bp = 1.00000000000000000000
org.apache.commons.lang3.StringUtilsEqualsIndexOfTest:testContainsAny_StringCharArrayWithBadSupplementaryChars:()V#135#1 prob_bp = 1.00000000000000000000
org.apache.commons.lang3.StringUtilsEqualsIndexOfTest:testContainsAny_StringCharArrayWithBadSupplementaryChars:()V#135#3 prob_bp = 1.00000000000000000000
org.apache.commons.lang3.StringUtilsEqualsIndexOfTest:testContainsAny_StringCharArrayWithBadSupplementaryChars:()V#135#5 prob_bp = 1.00000000000000000000
org.apache.commons.lang3.StringUtilsEqualsIndexOfTest:testContainsAny_StringCharArrayWithBadSupplementaryChars:()V#135#8 prob_bp = 1.00000000000000000000
org.apache.commons.lang3.StringUtilsEqualsIndexOfTest:testContainsAny_StringCharArrayWithBadSupplementaryChars:()V#136#15 prob_bp = 1.00000000000000000000
org.apache.commons.lang3.StringUtilsEqualsIndexOfTest:testContainsAny_StringCharArrayWithBadSupplementaryChars:()V#136#17 prob_bp = 1.00000000000000000000
org.apache.commons.lang3.StringUtilsEqualsIndexOfTest:testContainsAny_StringCharArrayWithBadSupplementaryChars:()V#136#19 prob_bp = 1.00000000000000000000
org.apache.commons.lang3.StringUtilsEqualsIndexOfTest:testContainsAny_StringCharArrayWithBadSupplementaryChars:()V#136#22 prob_bp = 1.00000000000000000000
org.apache.commons.lang3.StringUtilsEqualsIndexOfTest:testContainsAny_StringCharArrayWithBadSupplementaryChars:()V#138#39 prob_bp = 1.00000000000000000000
org.apache.commons.lang3.StringUtilsEqualsIndexOfTest:testContainsAny_StringCharArrayWithBadSupplementaryChars:()V#138#40 prob_bp = 1.00000000000000000000
org.apache.commons.lang3.StringUtilsEqualsIndexOfTest:testContainsAny_StringCharArrayWithBadSupplementaryChars:()V#138#42 prob_bp = 1.00000000000000000000
org.apache.commons.lang3.StringUtilsEqualsIndexOfTest:testContainsAny_StringCharArrayWithBadSupplementaryChars:()V#138#44 prob_bp = 1.00000000000000000000
org.apache.commons.lang3.StringUtilsEqualsIndexOfTest:testContainsAny_StringCharArrayWithBadSupplementaryChars:()V#138#47 prob_bp = 1.00000000000000000000
org.apache.commons.lang3.StringUtilsEqualsIndexOfTest:testContainsAny_StringCharArrayWithBadSupplementaryChars:()V#138#50 prob_bp = 1.00000000000000000000
Belief propagation time : 2.220000s
