Belief propagation time: 76

Probabilities: 
Vars:58435
Stmts:6158
org.apache.commons.math.analysis.solvers.BrentSolver:solve:(Lorg/apache/commons/math/analysis/UnivariateRealFunction;DDD)D#116#81 prob_bp = 0.49999742021233096000
org.apache.commons.math.analysis.solvers.UnivariateRealSolverImpl:<init>:(ID)V#93#3 prob_bp = 0.49999964639340520000
org.apache.commons.math.ConvergingAlgorithmImpl:<init>:(ID)V#64#18 prob_bp = 0.49999974434485240000
org.apache.commons.math.ConvergingAlgorithmImpl:<init>:(ID)V#64#16 prob_bp = 0.49999979659191190000
org.apache.commons.math.ConvergingAlgorithmImpl:<init>:(ID)V#64#17 prob_bp = 0.49999979659194055000
org.apache.commons.math.analysis.solvers.UnivariateRealSolverImpl:<init>:(ID)V#93#2 prob_bp = 0.49999983525566520000
org.apache.commons.math.analysis.solvers.UnivariateRealSolverImpl:<init>:(ID)V#93#0 prob_bp = 0.49999983594503480000
org.apache.commons.math.analysis.solvers.BrentSolver:<init>:()V#61#3 prob_bp = 0.49999984472937140000
org.apache.commons.math.analysis.solvers.BrentSolver:solve:(Lorg/apache/commons/math/analysis/UnivariateRealFunction;DDD)D#116#78 prob_bp = 0.49999992230313980000
org.apache.commons.math.analysis.solvers.BrentSolver:solve:(Lorg/apache/commons/math/analysis/UnivariateRealFunction;DDD)D#116#77 prob_bp = 0.49999992947496110000
org.apache.commons.math.analysis.solvers.BrentSolver:solve:(Lorg/apache/commons/math/analysis/UnivariateRealFunction;DDD)D#115#74 prob_bp = 0.49999999966849320000
org.apache.commons.math.analysis.solvers.BrentSolver:solve:(Lorg/apache/commons/math/analysis/UnivariateRealFunction;DDD)D#115#70 prob_bp = 0.49999999975435183000
org.apache.commons.math.analysis.solvers.BrentSolver:solve:(Lorg/apache/commons/math/analysis/UnivariateRealFunction;DDD)D#115#71 prob_bp = 0.49999999997729205000
org.apache.commons.math.analysis.solvers.BrentSolver:solve:(Lorg/apache/commons/math/analysis/UnivariateRealFunction;DD)D#193#156 prob_bp = 0.50000000000000000000
org.apache.commons.math.analysis.solvers.BrentSolver:solve:(Lorg/apache/commons/math/analysis/UnivariateRealFunction;DD)D#193#159 prob_bp = 0.50000000000000010000
org.apache.commons.math.analysis.solvers.BrentSolver:solve:(Lorg/apache/commons/math/analysis/UnivariateRealFunction;DDDDDD)D#234#27 prob_bp = 0.50000000000059560000
org.apache.commons.math.analysis.solvers.BrentSolver:solve:(Lorg/apache/commons/math/analysis/UnivariateRealFunction;DDDDDD)D#234#22 prob_bp = 0.50000000000061180000
org.apache.commons.math.analysis.solvers.BrentSolver:solve:(Lorg/apache/commons/math/analysis/UnivariateRealFunction;DDDDDD)D#234#29 prob_bp = 0.50000000000240450000
org.apache.commons.math.analysis.solvers.BrentSolver:solve:(Lorg/apache/commons/math/analysis/UnivariateRealFunction;DDDDDD)D#234#24 prob_bp = 0.50000000000241770000
org.apache.commons.math.analysis.solvers.BrentSolver:solve:(Lorg/apache/commons/math/analysis/UnivariateRealFunction;DDDDDD)D#234#32 prob_bp = 0.50000000000957600000
org.apache.commons.math.analysis.solvers.BrentSolver:solve:(Lorg/apache/commons/math/analysis/UnivariateRealFunction;DD)D#177#35 prob_bp = 0.50000000021709800000
org.apache.commons.math.analysis.solvers.BrentSolver:solve:(Lorg/apache/commons/math/analysis/UnivariateRealFunction;DD)D#177#37 prob_bp = 0.50000000021710070000
org.apache.commons.math.analysis.solvers.BrentSolver:<init>:()V#61#1 prob_bp = 0.50000000064977310000
org.apache.commons.math.analysis.solvers.BrentSolver:solve:(Lorg/apache/commons/math/analysis/UnivariateRealFunction;DD)D#177#39 prob_bp = 0.50000000065495750000
org.apache.commons.math.analysis.solvers.UnivariateRealSolverImpl:<init>:(ID)V#93#1 prob_bp = 0.50000000068941830000
org.apache.commons.math.ConvergingAlgorithmImpl:<init>:(ID)V#67#34 prob_bp = 0.50000000102335220000
org.apache.commons.math.ConvergingAlgorithmImpl:<init>:(ID)V#67#35 prob_bp = 0.50000000102335220000
org.apache.commons.math.ConvergingAlgorithmImpl:<init>:(ID)V#67#36 prob_bp = 0.50000000128620870000
org.apache.commons.math.analysis.solvers.BrentSolver:solve:(Lorg/apache/commons/math/analysis/UnivariateRealFunction;DD)D#173#16 prob_bp = 0.50000000232905680000
org.apache.commons.math.analysis.solvers.BrentSolver:solve:(Lorg/apache/commons/math/analysis/UnivariateRealFunction;DD)D#173#17 prob_bp = 0.50000000232918660000
org.apache.commons.math.analysis.solvers.BrentSolver:solve:(Lorg/apache/commons/math/analysis/UnivariateRealFunction;DDDDDD)D#240#50 prob_bp = 0.50000000246545570000
org.apache.commons.math.analysis.solvers.BrentSolver:solve:(Lorg/apache/commons/math/analysis/UnivariateRealFunction;DD)D#173#18 prob_bp = 0.50000000252980340000
org.apache.commons.math.analysis.solvers.BrentSolver:solve:(Lorg/apache/commons/math/analysis/UnivariateRealFunction;DD)D#173#23 prob_bp = 0.50000000811303950000
org.apache.commons.math.analysis.solvers.BrentSolver:solve:(Lorg/apache/commons/math/analysis/UnivariateRealFunction;DDDDDD)D#240#52 prob_bp = 0.50000000905031190000
org.apache.commons.math.analysis.solvers.BrentSolver:solve:(Lorg/apache/commons/math/analysis/UnivariateRealFunction;DD)D#180#54 prob_bp = 0.50000001141323090000
org.apache.commons.math.analysis.solvers.BrentSolver:solve:(Lorg/apache/commons/math/analysis/UnivariateRealFunction;DD)D#180#55 prob_bp = 0.50000001240693170000
org.apache.commons.math.analysis.solvers.BrentSolver:solve:(Lorg/apache/commons/math/analysis/UnivariateRealFunction;DD)D#174#25 prob_bp = 0.50000002309877260000
org.apache.commons.math.analysis.solvers.BrentSolver:solve:(Lorg/apache/commons/math/analysis/UnivariateRealFunction;DD)D#174#26 prob_bp = 0.50000002309890270000
org.apache.commons.math.analysis.solvers.BrentSolver:solve:(Lorg/apache/commons/math/analysis/UnivariateRealFunction;DD)D#174#28 prob_bp = 0.50000002510764600000
org.apache.commons.math.analysis.solvers.BrentSolver:solve:(Lorg/apache/commons/math/analysis/UnivariateRealFunction;DD)D#180#49 prob_bp = 0.50000002736875150000
org.apache.commons.math.analysis.solvers.BrentSolver:solve:(Lorg/apache/commons/math/analysis/UnivariateRealFunction;DDDDDD)D#234#33#unexe#8 prob_bp = 0.50000004407836750000
org.apache.commons.math.analysis.solvers.UnivariateRealSolverImpl:<init>:(ID)V#94#11 prob_bp = 0.50000006142249230000
org.apache.commons.math.analysis.solvers.UnivariateRealSolverImpl:<init>:(ID)V#94#12 prob_bp = 0.50000006488467520000
org.apache.commons.math.analysis.solvers.UnivariateRealSolverImpl:<init>:(ID)V#94#15 prob_bp = 0.50000006619547690000
org.apache.commons.math.analysis.solvers.UnivariateRealSolverImpl:<init>:(ID)V#95#19 prob_bp = 0.50000007913958850000
org.apache.commons.math.analysis.solvers.BrentSolver:solve:(Lorg/apache/commons/math/analysis/UnivariateRealFunction;DD)D#174#33 prob_bp = 0.50000008120199470000
org.apache.commons.math.analysis.solvers.BrentSolver:solve:(Lorg/apache/commons/math/analysis/UnivariateRealFunction;DDD)D#103#5 prob_bp = 0.50000008340865690000
org.apache.commons.math.analysis.solvers.UnivariateRealSolverImpl:<init>:(ID)V#95#20 prob_bp = 0.50000008528932370000
org.apache.commons.math.analysis.solvers.UnivariateRealSolverImpl:verifySequence:(DDD)V#225#1 prob_bp = 0.50000008860267900000
org.apache.commons.math.analysis.solvers.BrentSolver:solve:(Lorg/apache/commons/math/analysis/UnivariateRealFunction;DD)D#180#51 prob_bp = 0.50000009485518760000
org.apache.commons.math.analysis.solvers.BrentSolver:solve:(Lorg/apache/commons/math/analysis/UnivariateRealFunction;DD)D#177#40 prob_bp = 0.50000010168187840000
org.apache.commons.math.analysis.solvers.UnivariateRealSolverImpl:isSequence:(DDD)Z#196#0 prob_bp = 0.50000011040887720000
org.apache.commons.math.analysis.solvers.UnivariateRealSolverImpl:isSequence:(DDD)Z#196#1 prob_bp = 0.50000011040894630000
org.apache.commons.math.analysis.solvers.BrentSolver:solve:(Lorg/apache/commons/math/analysis/UnivariateRealFunction;DD)D#191#142 prob_bp = 0.50000011581377620000
org.apache.commons.math.analysis.solvers.BrentSolver:solve:(Lorg/apache/commons/math/analysis/UnivariateRealFunction;DDD)D#103#8 prob_bp = 0.50000011640166910000
org.apache.commons.math.analysis.solvers.BrentSolver:solve:(Lorg/apache/commons/math/analysis/UnivariateRealFunction;DD)D#183#79 prob_bp = 0.50000011811954410000
org.apache.commons.math.analysis.solvers.UnivariateRealSolverImpl:verifySequence:(DDD)V#225#3 prob_bp = 0.50000012396327760000
org.apache.commons.math.analysis.solvers.BrentSolver:solve:(Lorg/apache/commons/math/analysis/UnivariateRealFunction;DDDDDD)D#232#10 prob_bp = 0.50000012662720360000
org.apache.commons.math.analysis.solvers.BrentSolver:solve:(Lorg/apache/commons/math/analysis/UnivariateRealFunction;DD)D#183#80 prob_bp = 0.50000012764614730000
org.apache.commons.math.analysis.solvers.BrentSolver:solve:(Lorg/apache/commons/math/analysis/UnivariateRealFunction;DDDDDD)D#232#11 prob_bp = 0.50000013109231110000
org.apache.commons.math.analysis.solvers.UnivariateRealSolverImpl:isSequence:(DDD)Z#196#2 prob_bp = 0.50000014081804790000
org.apache.commons.math.analysis.solvers.BrentSolver:<init>:()V#61#6 prob_bp = 0.50000014391166310000
org.apache.commons.math.analysis.solvers.UnivariateRealSolverImpl:isSequence:(DDD)Z#196#7 prob_bp = 0.50000015748775010000
org.apache.commons.math.analysis.solvers.UnivariateRealSolverImpl:isSequence:(DDD)Z#196#6 prob_bp = 0.50000015748784870000
org.apache.commons.math.analysis.solvers.BrentSolver:solve:(Lorg/apache/commons/math/analysis/UnivariateRealFunction;DDDDDD)D#243#58 prob_bp = 0.50000016004884860000
org.apache.commons.math.analysis.solvers.BrentSolver:solve:(Lorg/apache/commons/math/analysis/UnivariateRealFunction;DDD)D#103#6 prob_bp = 0.50000019981012500000
org.apache.commons.math.analysis.solvers.BrentSolver:solve:(Lorg/apache/commons/math/analysis/UnivariateRealFunction;DDDDDD)D#234#33 prob_bp = 0.50000021034296400000
org.apache.commons.math.analysis.solvers.UnivariateRealSolverImpl:verifySequence:(DDD)V#225#2 prob_bp = 0.50000021256574470000
org.apache.commons.math.analysis.solvers.UnivariateRealSolverImpl:isSequence:(DDD)Z#196#9 prob_bp = 0.50000023195088580000
org.apache.commons.math.analysis.solvers.BrentSolver:solve:(Lorg/apache/commons/math/analysis/UnivariateRealFunction;DD)D#183#74 prob_bp = 0.50000027665483580000
org.apache.commons.math.analysis.solvers.BrentSolver:<init>:()V#61#0 prob_bp = 0.50000029568258550000
org.apache.commons.math.analysis.solvers.BrentSolver:solve:(Lorg/apache/commons/math/analysis/UnivariateRealFunction;DDDDDD)D#243#63 prob_bp = 0.50000029585977880000
org.apache.commons.math.analysis.solvers.BrentSolver:solve:(Lorg/apache/commons/math/analysis/UnivariateRealFunction;DD)D#169#5 prob_bp = 0.50000030085731360000
org.apache.commons.math.analysis.solvers.BrentSolver:solve:(Lorg/apache/commons/math/analysis/UnivariateRealFunction;DD)D#169#6 prob_bp = 0.50000030085731400000
org.apache.commons.math.analysis.solvers.UnivariateRealSolverImpl:verifyInterval:(DD)V#208#0 prob_bp = 0.50000032290702770000
org.apache.commons.math.analysis.solvers.UnivariateRealSolverImpl:verifyInterval:(DD)V#208#1 prob_bp = 0.50000032290702770000
org.apache.commons.math.analysis.solvers.BrentSolver:solve:(Lorg/apache/commons/math/analysis/UnivariateRealFunction;DD)D#180#58 prob_bp = 0.50000033029358070000
org.apache.commons.math.analysis.solvers.BrentSolver:solve:(Lorg/apache/commons/math/analysis/UnivariateRealFunction;DD)D#178#42 prob_bp = 0.50000033224792300000
org.apache.commons.math.analysis.solvers.UnivariateRealSolverImpl:<init>:(ID)V#95#18 prob_bp = 0.50000033721642450000
org.apache.commons.math.analysis.solvers.UnivariateRealSolverImpl:verifyInterval:(DD)V#208#2 prob_bp = 0.50000035773671710000
org.apache.commons.math.analysis.solvers.UnivariateRealSolverImpl:<init>:(ID)V#95#23 prob_bp = 0.50000036342068520000
org.apache.commons.math.analysis.solvers.BrentSolver:solve:(Lorg/apache/commons/math/analysis/UnivariateRealFunction;DDD)D#107#28 prob_bp = 0.50000038872693100000
org.apache.commons.math.analysis.solvers.BrentSolver:solve:(Lorg/apache/commons/math/analysis/UnivariateRealFunction;DDD)D#107#29 prob_bp = 0.50000040587589830000
org.apache.commons.math.analysis.solvers.BrentSolver:solve:(Lorg/apache/commons/math/analysis/UnivariateRealFunction;DDD)D#103#10 prob_bp = 0.50000040795320870000
org.apache.commons.math.analysis.solvers.BrentSolver:solve:(Lorg/apache/commons/math/analysis/UnivariateRealFunction;DD)D#191#144 prob_bp = 0.50000041191137260000
org.apache.commons.math.analysis.solvers.BrentSolver:solve:(Lorg/apache/commons/math/analysis/UnivariateRealFunction;DD)D#191#145 prob_bp = 0.50000042633296850000
org.apache.commons.math.analysis.solvers.UnivariateRealSolverImpl:verifySequence:(DDD)V#225#5 prob_bp = 0.50000046082624330000
org.apache.commons.math.analysis.solvers.BrentSolver:solve:(Lorg/apache/commons/math/analysis/UnivariateRealFunction;DDDDDD)D#243#64 prob_bp = 0.50000046555323610000
org.apache.commons.math.analysis.solvers.BrentSolver:solve:(Lorg/apache/commons/math/analysis/UnivariateRealFunction;DDDDDD)D#233#15 prob_bp = 0.50000052583988430000
org.apache.commons.math.analysis.solvers.BrentSolver:solve:(Lorg/apache/commons/math/analysis/UnivariateRealFunction;DD)D#169#8 prob_bp = 0.50000061546024640000
org.apache.commons.math.analysis.solvers.BrentSolver:solve:(Lorg/apache/commons/math/analysis/UnivariateRealFunction;DDDDDD)D#243#60 prob_bp = 0.50000061764701880000
org.apache.commons.math.analysis.solvers.BrentSolver:solve:(Lorg/apache/commons/math/analysis/UnivariateRealFunction;DDD)D#107#23 prob_bp = 0.50000062113404550000
org.apache.commons.math.analysis.solvers.BrentSolver:solve:(Lorg/apache/commons/math/analysis/UnivariateRealFunction;DDDDDD)D#233#16 prob_bp = 0.50000078044990860000
org.apache.commons.math.analysis.solvers.BrentSolver:solve:(Lorg/apache/commons/math/analysis/UnivariateRealFunction;DD)D#183#76 prob_bp = 0.50000090858488560000
org.apache.commons.math.analysis.solvers.BrentSolver:solve:(Lorg/apache/commons/math/analysis/UnivariateRealFunction;DDDDDD)D#233#13 prob_bp = 0.50000108987633240000
org.apache.commons.math.analysis.solvers.BrentSolver:solve:(Lorg/apache/commons/math/analysis/UnivariateRealFunction;DD)D#178#44 prob_bp = 0.50000118699078300000
org.apache.commons.math.analysis.solvers.BrentSolver:solve:(Lorg/apache/commons/math/analysis/UnivariateRealFunction;DD)D#178#45 prob_bp = 0.50000122827054460000
org.apache.commons.math.analysis.solvers.BrentSolver:solve:(Lorg/apache/commons/math/analysis/UnivariateRealFunction;DDD)D#107#25 prob_bp = 0.50000179017656890000
org.apache.commons.math.analysis.solvers.BrentSolver:solve:(Lorg/apache/commons/math/analysis/UnivariateRealFunction;DDD)D#106#14 prob_bp = 0.50000214156149540000
org.apache.commons.math.analysis.solvers.BrentSolver:solve:(Lorg/apache/commons/math/analysis/UnivariateRealFunction;DDD)D#106#13 prob_bp = 0.50000214156149560000
org.apache.commons.math.analysis.solvers.BrentSolver:solve:(Lorg/apache/commons/math/analysis/UnivariateRealFunction;DDD)D#106#16 prob_bp = 0.50000221496999740000
org.apache.commons.math.analysis.solvers.BrentSolver:solve:(Lorg/apache/commons/math/analysis/UnivariateRealFunction;DDDDDD)D#243#67 prob_bp = 0.50000242332452380000
org.apache.commons.math.analysis.solvers.BrentSolver:solve:(Lorg/apache/commons/math/analysis/UnivariateRealFunction;DD)D#183#83 prob_bp = 0.50000295078969790000
org.apache.commons.math.analysis.solvers.BrentSolver:solve:(Lorg/apache/commons/math/analysis/UnivariateRealFunction;DDD)D#106#21 prob_bp = 0.50000304930470510000
org.apache.commons.math.analysis.solvers.BrentSolver:solve:(Lorg/apache/commons/math/analysis/UnivariateRealFunction;DDD)D#114#62 prob_bp = 0.50000334367528920000
org.apache.commons.math.analysis.solvers.BrentSolver:solve:(Lorg/apache/commons/math/analysis/UnivariateRealFunction;DDDDDD)D#233#19 prob_bp = 0.50000335390505050000
org.apache.commons.math.analysis.solvers.BrentSolver:solve:(Lorg/apache/commons/math/analysis/UnivariateRealFunction;DDD)D#114#63 prob_bp = 0.50000341219927100000
org.apache.commons.math.analysis.solvers.BrentSolver:solve:(Lorg/apache/commons/math/analysis/UnivariateRealFunction;DDD)D#107#32 prob_bp = 0.50000579548792490000
org.apache.commons.math.analysis.solvers.BrentSolver:solve:(Lorg/apache/commons/math/analysis/UnivariateRealFunction;DDD)D#114#57 prob_bp = 0.50001510053839340000
org.apache.commons.math.analysis.solvers.BrentSolver:solve:(Lorg/apache/commons/math/analysis/UnivariateRealFunction;DDD)D#114#59 prob_bp = 0.50001549307493740000
org.apache.commons.math.analysis.solvers.BrentSolver:solve:(Lorg/apache/commons/math/analysis/UnivariateRealFunction;DDD)D#114#66 prob_bp = 0.50001629726756040000
org.apache.commons.math.analysis.solvers.UnivariateRealSolverImpl:setResult:(DI)V#141#1 prob_bp = 0.50002593432721270000
org.apache.commons.math.analysis.solvers.UnivariateRealSolverImpl:setResult:(DI)V#141#0 prob_bp = 0.50003412608186630000
org.apache.commons.math.analysis.solvers.UnivariateRealSolverImpl:setResult:(DI)V#141#2 prob_bp = 0.50005457251382310000
org.apache.commons.math.analysis.solvers.UnivariateRealSolverImpl:isSequence:(DDD)Z#196#3 prob_bp = 0.50015507748016040000
org.apache.commons.math.analysis.solvers.UnivariateRealSolverImpl:verifyInterval:(DD)V#208#3 prob_bp = 0.50017052352278430000
org.apache.commons.math.analysis.solvers.BrentSolver:solve:(Lorg/apache/commons/math/analysis/UnivariateRealFunction;DD)D#191#146 prob_bp = 0.50036442434062230000
org.apache.commons.math.analysis.solvers.UnivariateRealSolverImpl:isSequence:(DDD)Z#196#10 prob_bp = 0.50084377019817470000
org.apache.commons.math.analysis.solvers.BrentSolver:solve:(Lorg/apache/commons/math/analysis/UnivariateRealFunction;DD)D#178#46 prob_bp = 0.50103820995957290000
org.apache.commons.math.analysis.solvers.BrentSolver:solve:(Lorg/apache/commons/math/analysis/UnivariateRealFunction;DD)D#193#149 prob_bp = 0.50140893422705930000
org.apache.commons.math.analysis.solvers.BrentSolver:solve:(Lorg/apache/commons/math/analysis/UnivariateRealFunction;DD)D#193#161 prob_bp = 0.50148092794900500000
org.apache.commons.math.analysis.solvers.UnivariateRealSolverImpl:isSequence:(DDD)Z#196#13 prob_bp = 0.50631832737943070000
org.apache.commons.math.analysis.solvers.UnivariateRealSolverImpl:isSequence:(DDD)Z#196#18 prob_bp = 0.50653717051152060000
org.apache.commons.math.analysis.solvers.UnivariateRealSolverImpl:verifySequence:(DDD)V#225#8 prob_bp = 0.50703978041347690000
org.apache.commons.math.analysis.solvers.BrentSolver:solve:(Lorg/apache/commons/math/analysis/UnivariateRealFunction;DD)D#180#59 prob_bp = 0.50782643371911350000
org.apache.commons.math.analysis.solvers.BrentSolver:solve:(Lorg/apache/commons/math/analysis/UnivariateRealFunction;DDD)D#114#67 prob_bp = 0.51290597552979930000
org.apache.commons.math.analysis.solvers.BrentSolver:solve:(Lorg/apache/commons/math/analysis/UnivariateRealFunction;DDDDDD)D#243#68 prob_bp = 0.55251449127106290000
org.apache.commons.math.analysis.solvers.BrentSolver:solve:(Lorg/apache/commons/math/analysis/UnivariateRealFunction;DD)D#183#84 prob_bp = 0.56251454960234080000
org.apache.commons.math.analysis.solvers.BrentSolver:solve:(Lorg/apache/commons/math/analysis/UnivariateRealFunction;DDD)D#107#33 prob_bp = 0.61344719710941430000
org.apache.commons.math.analysis.solvers.BrentSolver:solve:(Lorg/apache/commons/math/analysis/UnivariateRealFunction;DDD)D#113#48 prob_bp = 0.79691843428162970000
org.apache.commons.math.analysis.solvers.BrentSolver:solve:(Lorg/apache/commons/math/analysis/UnivariateRealFunction;DDD)D#113#49 prob_bp = 0.79691843437750950000
org.apache.commons.math.analysis.solvers.BrentSolver:solve:(Lorg/apache/commons/math/analysis/UnivariateRealFunction;DDD)D#113#50 prob_bp = 0.80313509620885740000
org.apache.commons.math.analysis.solvers.BrentSolver:solve:(Lorg/apache/commons/math/analysis/UnivariateRealFunction;DDD)D#113#55 prob_bp = 0.82985886882287470000
org.apache.commons.math.analysis.solvers.BrentSolverTest:testRootEndpoints:()V#306#0 prob_bp = 1.00000000000000000000
org.apache.commons.math.analysis.solvers.BrentSolverTest:testRootEndpoints:()V#306#7 prob_bp = 1.00000000000000000000
org.apache.commons.math.analysis.solvers.BrentSolverTest:testRootEndpoints:()V#307#8 prob_bp = 1.00000000000000000000
org.apache.commons.math.analysis.solvers.BrentSolverTest:testRootEndpoints:()V#307#11 prob_bp = 1.00000000000000000000
org.apache.commons.math.analysis.solvers.BrentSolverTest:testRootEndpoints:()V#307#12 prob_bp = 1.00000000000000000000
org.apache.commons.math.analysis.solvers.BrentSolverTest:testRootEndpoints:()V#307#15 prob_bp = 1.00000000000000000000
org.apache.commons.math.analysis.solvers.BrentSolverTest:testRootEndpoints:()V#310#16 prob_bp = 1.00000000000000000000
org.apache.commons.math.analysis.solvers.BrentSolverTest:testRootEndpoints:()V#310#17 prob_bp = 1.00000000000000000000
org.apache.commons.math.analysis.solvers.BrentSolverTest:testRootEndpoints:()V#310#18 prob_bp = 1.00000000000000000000
org.apache.commons.math.analysis.solvers.BrentSolverTest:testRootEndpoints:()V#310#21 prob_bp = 1.00000000000000000000
org.apache.commons.math.analysis.solvers.BrentSolverTest:testRootEndpoints:()V#310#24 prob_bp = 1.00000000000000000000
org.apache.commons.math.ConvergingAlgorithmImpl:getAbsoluteAccuracy:()D#83#0 prob_bp = 1.00000000000000000000
org.apache.commons.math.ConvergingAlgorithmImpl:getAbsoluteAccuracy:()D#83#1 prob_bp = 1.00000000000000000000
org.apache.commons.math.ConvergingAlgorithmImpl:getAbsoluteAccuracy:()D#83#4 prob_bp = 1.00000000000000000000
org.apache.commons.math.analysis.solvers.BrentSolverTest:testRootEndpoints:()V#313#43 prob_bp = 1.00000000000000000000
org.apache.commons.math.analysis.solvers.BrentSolverTest:testRootEndpoints:()V#313#44 prob_bp = 1.00000000000000000000
org.apache.commons.math.analysis.solvers.BrentSolverTest:testRootEndpoints:()V#313#45 prob_bp = 1.00000000000000000000
org.apache.commons.math.analysis.solvers.BrentSolverTest:testRootEndpoints:()V#313#48 prob_bp = 1.00000000000000000000
org.apache.commons.math.analysis.solvers.BrentSolverTest:testRootEndpoints:()V#313#51 prob_bp = 1.00000000000000000000
org.apache.commons.math.analysis.solvers.BrentSolverTest:testRootEndpoints:()V#316#70 prob_bp = 1.00000000000000000000
org.apache.commons.math.analysis.solvers.BrentSolverTest:testRootEndpoints:()V#316#71 prob_bp = 1.00000000000000000000
org.apache.commons.math.analysis.solvers.BrentSolverTest:testRootEndpoints:()V#316#72 prob_bp = 1.00000000000000000000
org.apache.commons.math.analysis.solvers.BrentSolverTest:testRootEndpoints:()V#316#75 prob_bp = 1.00000000000000000000
org.apache.commons.math.analysis.solvers.BrentSolverTest:testRootEndpoints:()V#316#78 prob_bp = 1.00000000000000000000
org.apache.commons.math.analysis.solvers.BrentSolverTest:testRootEndpoints:()V#316#81 prob_bp = 1.00000000000000000000
org.apache.commons.math.analysis.solvers.BrentSolverTest:testRootEndpoints:()V#316#86 prob_bp = 1.00000000000000000000
org.apache.commons.math.analysis.solvers.BrentSolverTest:testRootEndpoints:()V#317#87 prob_bp = 1.00000000000000000000
org.apache.commons.math.analysis.solvers.BrentSolverTest:testRootEndpoints:()V#317#90 prob_bp = 1.00000000000000000000
org.apache.commons.math.analysis.solvers.BrentSolverTest:testRootEndpoints:()V#317#91 prob_bp = 1.00000000000000000000
org.apache.commons.math.analysis.solvers.BrentSolverTest:testRootEndpoints:()V#317#92 prob_bp = 1.00000000000000000000
org.apache.commons.math.analysis.solvers.BrentSolverTest:testRootEndpoints:()V#317#97 prob_bp = 1.00000000000000000000
Belief propagation time : 28.932000s
