Belief propagation time: 91

Probabilities: 
Vars:47240
Stmts:4565
org.apache.commons.lang3.builder.HashCodeBuilder:getRegistry:()Ljava/util/Set;#137#9 prob_bp = 0.49873524526495233000
org.apache.commons.lang3.builder.HashCodeBuilder:getRegistry:()Ljava/util/Set;#137#6 prob_bp = 0.49935211399479600000
org.apache.commons.lang3.builder.HashCodeBuilder:getRegistry:()Ljava/util/Set;#137#3 prob_bp = 0.49950342917698030000
org.apache.commons.lang3.builder.HashCodeBuilder:getRegistry:()Ljava/util/Set;#137#0 prob_bp = 0.49954053466941460000
org.apache.commons.lang3.builder.HashCodeBuilder:<clinit>:()V#104#7 prob_bp = 0.49954963298488170000
org.apache.commons.lang3.builder.HashCodeBuilder:reflectionHashCode:(IILjava/lang/Object;ZLjava/lang/Class;[Ljava/lang/String;)I#362#47#unexe#7 prob_bp = 0.49999999986198800000
org.apache.commons.lang3.builder.HashCodeBuilderTest$ReflectionTestCycleA:<init>:()V#33#0 prob_bp = 0.49999999999999856000
org.apache.commons.lang3.builder.HashCodeBuilderTest$ReflectionTestCycleA:<init>:()V#33#1 prob_bp = 0.49999999999999856000
org.apache.commons.lang3.builder.HashCodeBuilderTest$ReflectionTestCycleA:hashCode:()I#38#0 prob_bp = 0.49999999999999910000
org.apache.commons.lang3.builder.HashCodeBuilderTest$ReflectionTestCycleA:hashCode:()I#38#1 prob_bp = 0.49999999999999910000
org.apache.commons.lang3.builder.HashCodeBuilderTest$ReflectionTestCycleB:<init>:()V#45#0 prob_bp = 0.50000000000000000000
org.apache.commons.lang3.builder.HashCodeBuilderTest$ReflectionTestCycleB:<init>:()V#45#1 prob_bp = 0.50000000000000000000
org.apache.commons.lang3.builder.HashCodeBuilderTest$ReflectionTestCycleB:hashCode:()I#50#0 prob_bp = 0.50000000000000000000
org.apache.commons.lang3.builder.HashCodeBuilderTest$ReflectionTestCycleB:hashCode:()I#50#1 prob_bp = 0.50000000000000000000
org.apache.commons.lang3.builder.HashCodeBuilder:reflectionAppend:(Ljava/lang/Object;Ljava/lang/Class;Lorg/apache/commons/lang3/builder/HashCodeBuilder;Z[Ljava/lang/String;)V#180#24 prob_bp = 0.50000000000000010000
org.apache.commons.lang3.builder.HashCodeBuilder:reflectionAppend:(Ljava/lang/Object;Ljava/lang/Class;Lorg/apache/commons/lang3/builder/HashCodeBuilder;Z[Ljava/lang/String;)V#180#26 prob_bp = 0.50000000000000010000
org.apache.commons.lang3.builder.HashCodeBuilder:reflectionAppend:(Ljava/lang/Object;Ljava/lang/Class;Lorg/apache/commons/lang3/builder/HashCodeBuilder;Z[Ljava/lang/String;)V#180#28 prob_bp = 0.50000000000000010000
org.apache.commons.lang3.builder.HashCodeBuilder:reflectionAppend:(Ljava/lang/Object;Ljava/lang/Class;Lorg/apache/commons/lang3/builder/HashCodeBuilder;Z[Ljava/lang/String;)V#180#30 prob_bp = 0.50000000000000010000
org.apache.commons.lang3.builder.HashCodeBuilder:reflectionAppend:(Ljava/lang/Object;Ljava/lang/Class;Lorg/apache/commons/lang3/builder/HashCodeBuilder;Z[Ljava/lang/String;)V#180#45 prob_bp = 0.50000000000000010000
org.apache.commons.lang3.ArrayUtils:indexOf:([Ljava/lang/Object;Ljava/lang/Object;I)I#1646#4 prob_bp = 0.50000000000000010000
org.apache.commons.lang3.builder.HashCodeBuilder:reflectionAppend:(Ljava/lang/Object;Ljava/lang/Class;Lorg/apache/commons/lang3/builder/HashCodeBuilder;Z[Ljava/lang/String;)V#186#103 prob_bp = 0.50000000000000010000
org.apache.commons.lang3.builder.HashCodeBuilder:reflectionHashCode:(IILjava/lang/Object;ZLjava/lang/Class;[Ljava/lang/String;)I#361#32 prob_bp = 0.50000000000000020000
org.apache.commons.lang3.builder.HashCodeBuilder:reflectionAppend:(Ljava/lang/Object;Ljava/lang/Class;Lorg/apache/commons/lang3/builder/HashCodeBuilder;Z[Ljava/lang/String;)V#180#31 prob_bp = 0.50000000000000020000
org.apache.commons.lang3.builder.HashCodeBuilder:reflectionHashCode:(IILjava/lang/Object;ZLjava/lang/Class;[Ljava/lang/String;)I#361#31 prob_bp = 0.50000000000000030000
org.apache.commons.lang3.builder.HashCodeBuilder:reflectionHashCode:(IILjava/lang/Object;ZLjava/lang/Class;[Ljava/lang/String;)I#361#37 prob_bp = 0.50000000000000030000
org.apache.commons.lang3.builder.HashCodeBuilder:reflectionAppend:(Ljava/lang/Object;Ljava/lang/Class;Lorg/apache/commons/lang3/builder/HashCodeBuilder;Z[Ljava/lang/String;)V#178#16 prob_bp = 0.50000000000000030000
org.apache.commons.lang3.builder.HashCodeBuilder:reflectionAppend:(Ljava/lang/Object;Ljava/lang/Class;Lorg/apache/commons/lang3/builder/HashCodeBuilder;Z[Ljava/lang/String;)V#180#38 prob_bp = 0.50000000000000030000
org.apache.commons.lang3.builder.HashCodeBuilder:reflectionAppend:(Ljava/lang/Object;Ljava/lang/Class;Lorg/apache/commons/lang3/builder/HashCodeBuilder;Z[Ljava/lang/String;)V#180#43 prob_bp = 0.50000000000000030000
org.apache.commons.lang3.ArrayUtils:indexOf:([Ljava/lang/Object;Ljava/lang/Object;I)I#1646#5 prob_bp = 0.50000000000000030000
org.apache.commons.lang3.builder.HashCodeBuilder:reflectionAppend:(Ljava/lang/Object;Ljava/lang/Class;Lorg/apache/commons/lang3/builder/HashCodeBuilder;Z[Ljava/lang/String;)V#186#105 prob_bp = 0.50000000000000030000
org.apache.commons.lang3.builder.HashCodeBuilder:reflectionHashCode:(IILjava/lang/Object;ZLjava/lang/Class;[Ljava/lang/String;)I#364#65 prob_bp = 0.50000000000000030000
org.apache.commons.lang3.builder.HashCodeBuilder:reflectionAppend:(Ljava/lang/Object;Ljava/lang/Class;Lorg/apache/commons/lang3/builder/HashCodeBuilder;Z[Ljava/lang/String;)V#181#70 prob_bp = 0.50000000000000060000
org.apache.commons.lang3.builder.HashCodeBuilder:reflectionHashCode:(Ljava/lang/Object;)I#400#7 prob_bp = 0.50000000000000070000
org.apache.commons.lang3.builder.HashCodeBuilder:reflectionAppend:(Ljava/lang/Object;Ljava/lang/Class;Lorg/apache/commons/lang3/builder/HashCodeBuilder;Z[Ljava/lang/String;)V#180#47 prob_bp = 0.50000000000000080000
org.apache.commons.lang3.builder.HashCodeBuilder:reflectionAppend:(Ljava/lang/Object;Ljava/lang/Class;Lorg/apache/commons/lang3/builder/HashCodeBuilder;Z[Ljava/lang/String;)V#181#52 prob_bp = 0.50000000000000120000
org.apache.commons.lang3.builder.HashCodeBuilder:reflectionAppend:(Ljava/lang/Object;Ljava/lang/Class;Lorg/apache/commons/lang3/builder/HashCodeBuilder;Z[Ljava/lang/String;)V#181#68 prob_bp = 0.50000000000000130000
org.apache.commons.lang3.builder.HashCodeBuilder:reflectionHashCode:(Ljava/lang/Object;)I#400#5 prob_bp = 0.50000000000000140000
org.apache.commons.lang3.builder.HashCodeBuilder:reflectionAppend:(Ljava/lang/Object;Ljava/lang/Class;Lorg/apache/commons/lang3/builder/HashCodeBuilder;Z[Ljava/lang/String;)V#181#50 prob_bp = 0.50000000000000140000
org.apache.commons.lang3.builder.HashCodeBuilder:reflectionAppend:(Ljava/lang/Object;Ljava/lang/Class;Lorg/apache/commons/lang3/builder/HashCodeBuilder;Z[Ljava/lang/String;)V#180#33 prob_bp = 0.50000000000000170000
org.apache.commons.lang3.builder.HashCodeBuilder:reflectionAppend:(Ljava/lang/Object;Ljava/lang/Class;Lorg/apache/commons/lang3/builder/HashCodeBuilder;Z[Ljava/lang/String;)V#181#60 prob_bp = 0.50000000000000170000
org.apache.commons.lang3.builder.HashCodeBuilder:reflectionAppend:(Ljava/lang/Object;Ljava/lang/Class;Lorg/apache/commons/lang3/builder/HashCodeBuilder;Z[Ljava/lang/String;)V#181#63 prob_bp = 0.50000000000000200000
org.apache.commons.lang3.builder.HashCodeBuilder:reflectionAppend:(Ljava/lang/Object;Ljava/lang/Class;Lorg/apache/commons/lang3/builder/HashCodeBuilder;Z[Ljava/lang/String;)V#180#34 prob_bp = 0.50000000000000210000
org.apache.commons.lang3.builder.HashCodeBuilder:reflectionAppend:(Ljava/lang/Object;Ljava/lang/Class;Lorg/apache/commons/lang3/builder/HashCodeBuilder;Z[Ljava/lang/String;)V#180#36 prob_bp = 0.50000000000000210000
org.apache.commons.lang3.builder.HashCodeBuilder:reflectionAppend:(Ljava/lang/Object;Ljava/lang/Class;Lorg/apache/commons/lang3/builder/HashCodeBuilder;Z[Ljava/lang/String;)V#180#40 prob_bp = 0.50000000000000220000
org.apache.commons.lang3.builder.HashCodeBuilder:reflectionAppend:(Ljava/lang/Object;Ljava/lang/Class;Lorg/apache/commons/lang3/builder/HashCodeBuilder;Z[Ljava/lang/String;)V#181#81 prob_bp = 0.50000000000000290000
org.apache.commons.lang3.builder.HashCodeBuilder:reflectionHashCode:(IILjava/lang/Object;ZLjava/lang/Class;[Ljava/lang/String;)I#361#36 prob_bp = 0.50000000000000320000
org.apache.commons.lang3.builder.HashCodeBuilder:reflectionAppend:(Ljava/lang/Object;Ljava/lang/Class;Lorg/apache/commons/lang3/builder/HashCodeBuilder;Z[Ljava/lang/String;)V#181#57 prob_bp = 0.50000000000000320000
org.apache.commons.lang3.builder.HashCodeBuilder:reflectionAppend:(Ljava/lang/Object;Ljava/lang/Class;Lorg/apache/commons/lang3/builder/HashCodeBuilder;Z[Ljava/lang/String;)V#181#54 prob_bp = 0.50000000000000330000
org.apache.commons.lang3.builder.HashCodeBuilder:reflectionAppend:(Ljava/lang/Object;Ljava/lang/Class;Lorg/apache/commons/lang3/builder/HashCodeBuilder;Z[Ljava/lang/String;)V#186#106 prob_bp = 0.50000000000000440000
org.apache.commons.lang3.builder.HashCodeBuilder:reflectionAppend:(Ljava/lang/Object;Ljava/lang/Class;Lorg/apache/commons/lang3/builder/HashCodeBuilder;Z[Ljava/lang/String;)V#181#65 prob_bp = 0.50000000000000680000
org.apache.commons.lang3.builder.HashCodeBuilder:reflectionAppend:(Ljava/lang/Object;Ljava/lang/Class;Lorg/apache/commons/lang3/builder/HashCodeBuilder;Z[Ljava/lang/String;)V#181#74 prob_bp = 0.50000000000000720000
org.apache.commons.lang3.builder.HashCodeBuilder:reflectionAppend:(Ljava/lang/Object;Ljava/lang/Class;Lorg/apache/commons/lang3/builder/HashCodeBuilder;Z[Ljava/lang/String;)V#181#73 prob_bp = 0.50000000000000730000
org.apache.commons.lang3.builder.HashCodeBuilder:reflectionAppend:(Ljava/lang/Object;Ljava/lang/Class;Lorg/apache/commons/lang3/builder/HashCodeBuilder;Z[Ljava/lang/String;)V#178#12 prob_bp = 0.50000000000000750000
org.apache.commons.lang3.builder.HashCodeBuilder:reflectionAppend:(Ljava/lang/Object;Ljava/lang/Class;Lorg/apache/commons/lang3/builder/HashCodeBuilder;Z[Ljava/lang/String;)V#181#83 prob_bp = 0.50000000000001300000
org.apache.commons.lang3.builder.HashCodeBuilder:reflectionAppend:(Ljava/lang/Object;Ljava/lang/Class;Lorg/apache/commons/lang3/builder/HashCodeBuilder;Z[Ljava/lang/String;)V#178#13 prob_bp = 0.50000000000002830000
org.apache.commons.lang3.builder.HashCodeBuilder:reflectionAppend:(Ljava/lang/Object;Ljava/lang/Class;Lorg/apache/commons/lang3/builder/HashCodeBuilder;Z[Ljava/lang/String;)V#180#48 prob_bp = 0.50000000000013520000
org.apache.commons.lang3.builder.HashCodeBuilder:reflectionAppend:(Ljava/lang/Object;Ljava/lang/Class;Lorg/apache/commons/lang3/builder/HashCodeBuilder;Z[Ljava/lang/String;)V#181#92 prob_bp = 0.50000000000067490000
org.apache.commons.lang3.builder.HashCodeBuilder:register:(Ljava/lang/Object;)V#522#3 prob_bp = 0.50000000000081070000
org.apache.commons.lang3.builder.HashCodeBuilder:register:(Ljava/lang/Object;)V#522#11 prob_bp = 0.50000000000084250000
org.apache.commons.lang3.builder.HashCodeBuilder:reflectionAppend:(Ljava/lang/Object;Ljava/lang/Class;Lorg/apache/commons/lang3/builder/HashCodeBuilder;Z[Ljava/lang/String;)V#181#77 prob_bp = 0.50000000000177910000
org.apache.commons.lang3.builder.HashCodeBuilder:reflectionHashCode:(IILjava/lang/Object;ZLjava/lang/Class;[Ljava/lang/String;)I#362#42 prob_bp = 0.50000000000195390000
org.apache.commons.lang3.builder.HashCodeBuilder:reflectionAppend:(Ljava/lang/Object;Ljava/lang/Class;Lorg/apache/commons/lang3/builder/HashCodeBuilder;Z[Ljava/lang/String;)V#181#86 prob_bp = 0.50000000000203030000
org.apache.commons.lang3.builder.HashCodeBuilder:reflectionAppend:(Ljava/lang/Object;Ljava/lang/Class;Lorg/apache/commons/lang3/builder/HashCodeBuilder;Z[Ljava/lang/String;)V#181#94 prob_bp = 0.50000000000284850000
org.apache.commons.lang3.builder.HashCodeBuilder:reflectionAppend:(Ljava/lang/Object;Ljava/lang/Class;Lorg/apache/commons/lang3/builder/HashCodeBuilder;Z[Ljava/lang/String;)V#181#78 prob_bp = 0.50000000000681830000
org.apache.commons.lang3.builder.HashCodeBuilder:reflectionHashCode:(IILjava/lang/Object;ZLjava/lang/Class;[Ljava/lang/String;)I#362#44 prob_bp = 0.50000000000814600000
org.apache.commons.lang3.builder.HashCodeBuilder:reflectionAppend:(Ljava/lang/Object;Ljava/lang/Class;Lorg/apache/commons/lang3/builder/HashCodeBuilder;Z[Ljava/lang/String;)V#181#89 prob_bp = 0.50000000001017810000
org.apache.commons.lang3.builder.HashCodeBuilder:reflectionAppend:(Ljava/lang/Object;Ljava/lang/Class;Lorg/apache/commons/lang3/builder/HashCodeBuilder;Z[Ljava/lang/String;)V#186#109 prob_bp = 0.50000000001226390000
org.apache.commons.lang3.builder.HashCodeBuilder:reflectionHashCode:(IILjava/lang/Object;ZLjava/lang/Class;[Ljava/lang/String;)I#363#57 prob_bp = 0.50000000001303720000
org.apache.commons.lang3.builder.HashCodeBuilder:reflectionHashCode:(IILjava/lang/Object;ZLjava/lang/Class;[Ljava/lang/String;)I#360#25 prob_bp = 0.50000000004328190000
org.apache.commons.lang3.builder.HashCodeBuilder:reflectionHashCode:(IILjava/lang/Object;ZLjava/lang/Class;[Ljava/lang/String;)I#363#59 prob_bp = 0.50000000005316200000
org.apache.commons.lang3.builder.HashCodeBuilder:reflectionAppend:(Ljava/lang/Object;Ljava/lang/Class;Lorg/apache/commons/lang3/builder/HashCodeBuilder;Z[Ljava/lang/String;)V#187#112 prob_bp = 0.50000000006166080000
org.apache.commons.lang3.builder.HashCodeBuilder:reflectionHashCode:(IILjava/lang/Object;ZLjava/lang/Class;[Ljava/lang/String;)I#360#26 prob_bp = 0.50000000009192150000
org.apache.commons.lang3.builder.HashCodeBuilder:reflectionHashCode:(Ljava/lang/Object;)I#400#0 prob_bp = 0.50000000025573550000
org.apache.commons.lang3.ArrayUtils:indexOf:([Ljava/lang/Object;Ljava/lang/Object;I)I#1645#0 prob_bp = 0.50000000037688690000
org.apache.commons.lang3.builder.HashCodeBuilder:unregister:(Ljava/lang/Object;)V#538#3 prob_bp = 0.50000000082795350000
org.apache.commons.lang3.builder.HashCodeBuilder:unregister:(Ljava/lang/Object;)V#538#11 prob_bp = 0.50000000086129980000
org.apache.commons.lang3.builder.HashCodeBuilder:reflectionAppend:(Ljava/lang/Object;Ljava/lang/Class;Lorg/apache/commons/lang3/builder/HashCodeBuilder;Z[Ljava/lang/String;)V#181#97 prob_bp = 0.50000000087510900000
org.apache.commons.lang3.ArrayUtils:indexOf:([Ljava/lang/Object;Ljava/lang/Object;I)I#1645#1 prob_bp = 0.50000000151543740000
org.apache.commons.lang3.builder.HashCodeBuilder:reflectionHashCode:(IILjava/lang/Object;ZLjava/lang/Class;[Ljava/lang/String;)I#362#47 prob_bp = 0.50000000244060930000
org.apache.commons.lang3.builder.HashCodeBuilder:reflectionAppend:(Ljava/lang/Object;Ljava/lang/Class;Lorg/apache/commons/lang3/builder/HashCodeBuilder;Z[Ljava/lang/String;)V#181#100 prob_bp = 0.50000000438804910000
org.apache.commons.lang3.builder.HashCodeBuilder:reflectionHashCode:(IILjava/lang/Object;ZLjava/lang/Class;[Ljava/lang/String;)I#360#29 prob_bp = 0.50000001012232780000
org.apache.commons.lang3.builder.HashCodeBuilder:reflectionHashCode:(IILjava/lang/Object;ZLjava/lang/Class;[Ljava/lang/String;)I#363#62 prob_bp = 0.50000001621014230000
org.apache.commons.lang3.builder.HashCodeBuilder:reflectionHashCode:(Ljava/lang/Object;)I#400#6 prob_bp = 0.50000004519782190000
org.apache.commons.lang3.builder.HashCodeBuilder:reflectionHashCode:(IILjava/lang/Object;ZLjava/lang/Class;[Ljava/lang/String;)I#364#72 prob_bp = 0.50000005675003100000
org.apache.commons.lang3.builder.HashCodeBuilder:reflectionHashCode:(Ljava/lang/Object;)I#400#2 prob_bp = 0.50000008864687350000
org.apache.commons.lang3.ArrayUtils:contains:([Ljava/lang/Object;Ljava/lang/Object;)Z#1730#0 prob_bp = 0.50000010175238210000
org.apache.commons.lang3.builder.HashCodeBuilder:reflectionHashCode:(IILjava/lang/Object;ZLjava/lang/Class;[Ljava/lang/String;)I#361#39 prob_bp = 0.50000012337158260000
org.apache.commons.lang3.builder.HashCodeBuilder:reflectionHashCode:(IILjava/lang/Object;ZLjava/lang/Class;[Ljava/lang/String;)I#362#50 prob_bp = 0.50000012344488410000
org.apache.commons.lang3.ArrayUtils:contains:([Ljava/lang/Object;Ljava/lang/Object;)Z#1730#2 prob_bp = 0.50000015220476880000
org.apache.commons.lang3.ArrayUtils:indexOf:([Ljava/lang/Object;Ljava/lang/Object;)I#1627#0 prob_bp = 0.50000018117954740000
org.apache.commons.lang3.builder.HashCodeBuilder:reflectionHashCode:(Ljava/lang/Object;)I#400#4 prob_bp = 0.50000021306249850000
org.apache.commons.lang3.builder.HashCodeBuilder:reflectionHashCode:(IILjava/lang/Object;ZLjava/lang/Class;[Ljava/lang/String;)I#362#52 prob_bp = 0.50000033380516620000
org.apache.commons.lang3.builder.HashCodeBuilder:reflectionHashCode:(Ljava/lang/Object;)I#400#8 prob_bp = 0.50000038537552140000
org.apache.commons.lang3.builder.HashCodeBuilder:reflectionHashCode:(IILjava/lang/Object;ZLjava/lang/Class;[Ljava/lang/String;)I#362#54 prob_bp = 0.50000051529272060000
org.apache.commons.lang3.builder.HashCodeBuilder:isRegistered:(Ljava/lang/Object;)Z#152#3 prob_bp = 0.50000085217206600000
org.apache.commons.lang3.builder.HashCodeBuilder:isRegistered:(Ljava/lang/Object;)Z#152#11 prob_bp = 0.50000088652206390000
org.apache.commons.lang3.builder.HashCodeBuilder:reflectionHashCode:(IILjava/lang/Object;ZLjava/lang/Class;[Ljava/lang/String;)I#359#19 prob_bp = 0.50000103120448860000
org.apache.commons.lang3.builder.HashCodeBuilder:reflectionAppend:(Ljava/lang/Object;Ljava/lang/Class;Lorg/apache/commons/lang3/builder/HashCodeBuilder;Z[Ljava/lang/String;)V#187#114 prob_bp = 0.50000105128641230000
org.apache.commons.lang3.builder.HashCodeBuilder:reflectionHashCode:(IILjava/lang/Object;ZLjava/lang/Class;[Ljava/lang/String;)I#359#18 prob_bp = 0.50000213786951100000
org.apache.commons.lang3.builder.HashCodeBuilder:reflectionHashCode:(IILjava/lang/Object;ZLjava/lang/Class;[Ljava/lang/String;)I#356#0 prob_bp = 0.50000324528933650000
org.apache.commons.lang3.builder.HashCodeBuilder:reflectionHashCode:(IILjava/lang/Object;ZLjava/lang/Class;[Ljava/lang/String;)I#356#1 prob_bp = 0.50000835335140740000
org.apache.commons.lang3.builder.HashCodeBuilder:reflectionHashCode:(IILjava/lang/Object;ZLjava/lang/Class;[Ljava/lang/String;)I#359#20 prob_bp = 0.50001188380924680000
org.apache.commons.lang3.ArrayUtils:indexOf:([Ljava/lang/Object;Ljava/lang/Object;)I#1627#3 prob_bp = 0.50003421473135620000
org.apache.commons.lang3.builder.HashCodeBuilder:append:(Ljava/lang/Object;)Lorg/apache/commons/lang3/builder/HashCodeBuilder;#883#231 prob_bp = 0.50003645389333230000
org.apache.commons.lang3.builder.HashCodeBuilder:append:(Ljava/lang/Object;)Lorg/apache/commons/lang3/builder/HashCodeBuilder;#883#232 prob_bp = 0.50003789075790210000
org.apache.commons.lang3.builder.HashCodeBuilder:append:(Ljava/lang/Object;)Lorg/apache/commons/lang3/builder/HashCodeBuilder;#855#0 prob_bp = 0.50029364316775870000
org.apache.commons.lang3.builder.HashCodeBuilder:append:(Ljava/lang/Object;)Lorg/apache/commons/lang3/builder/HashCodeBuilder;#855#1 prob_bp = 0.50029977777943170000
org.apache.commons.lang3.builder.HashCodeBuilder:append:(Ljava/lang/Object;)Lorg/apache/commons/lang3/builder/HashCodeBuilder;#859#20 prob_bp = 0.50034030749595540000
org.apache.commons.lang3.builder.HashCodeBuilder:append:(Ljava/lang/Object;)Lorg/apache/commons/lang3/builder/HashCodeBuilder;#859#21 prob_bp = 0.50035369668798080000
org.apache.commons.lang3.builder.HashCodeBuilder:append:(Ljava/lang/Object;)Lorg/apache/commons/lang3/builder/HashCodeBuilder;#859#24 prob_bp = 0.50036084429207080000
org.apache.commons.lang3.builder.HashCodeBuilder:append:(Ljava/lang/Object;)Lorg/apache/commons/lang3/builder/HashCodeBuilder;#859#27 prob_bp = 0.50050218564785280000
org.apache.commons.lang3.builder.HashCodeBuilder:isRegistered:(Ljava/lang/Object;)Z#152#16 prob_bp = 0.50091321903318280000
org.apache.commons.lang3.builder.HashCodeBuilder:reflectionAppend:(Ljava/lang/Object;Ljava/lang/Class;Lorg/apache/commons/lang3/builder/HashCodeBuilder;Z[Ljava/lang/String;)V#173#4 prob_bp = 0.50456035057525920000
org.apache.commons.lang3.ArrayUtils:indexOf:([Ljava/lang/Object;Ljava/lang/Object;)I#1627#6 prob_bp = 0.53274569971924720000
org.apache.commons.lang3.ArrayUtils:contains:([Ljava/lang/Object;Ljava/lang/Object;)Z#1730#6 prob_bp = 0.53739695310314810000
org.apache.commons.lang3.ArrayUtils:contains:([Ljava/lang/Object;Ljava/lang/Object;)Z#1730#13 prob_bp = 0.99009900990099020000
org.apache.commons.lang3.ArrayUtils:contains:([Ljava/lang/Object;Ljava/lang/Object;)Z#1730#5 prob_bp = 0.99989824833929920000
org.apache.commons.lang3.ArrayUtils:contains:([Ljava/lang/Object;Ljava/lang/Object;)Z#1730#14 prob_bp = 0.99989824833929920000
org.apache.commons.lang3.builder.HashCodeBuilder:<init>:(II)V#582#23 prob_bp = 0.99999973343287740000
org.apache.commons.lang3.builder.HashCodeBuilder:<init>:(II)V#582#24 prob_bp = 0.99999973343287970000
org.apache.commons.lang3.builder.HashCodeBuilder:<init>:(II)V#582#25 prob_bp = 0.99999977436400820000
org.apache.commons.lang3.builder.HashCodeBuilder:<init>:(II)V#588#53 prob_bp = 0.99999999998711690000
org.apache.commons.lang3.builder.HashCodeBuilder:<init>:(II)V#588#54 prob_bp = 0.99999999998711700000
org.apache.commons.lang3.builder.HashCodeBuilder:<init>:(II)V#588#55 prob_bp = 0.99999999999038520000
org.apache.commons.lang3.builder.HashCodeBuilder:<init>:(II)V#579#9 prob_bp = 0.99999999999995890000
org.apache.commons.lang3.builder.HashCodeBuilder:<init>:(II)V#579#10 prob_bp = 0.99999999999997170000
org.apache.commons.lang3.builder.HashCodeBuilder:<init>:(II)V#582#26 prob_bp = 0.99999999999999780000
org.apache.commons.lang3.builder.HashCodeBuilderTest:testReflectionObjectCycle:()V#501#0 prob_bp = 1.00000000000000000000
org.apache.commons.lang3.builder.HashCodeBuilderTest:testReflectionObjectCycle:()V#501#3 prob_bp = 1.00000000000000000000
org.apache.commons.lang3.builder.HashCodeBuilderTest:testReflectionObjectCycle:()V#501#4 prob_bp = 1.00000000000000000000
org.apache.commons.lang3.builder.HashCodeBuilderTest:testReflectionObjectCycle:()V#501#7 prob_bp = 1.00000000000000000000
org.apache.commons.lang3.builder.HashCodeBuilderTest:testReflectionObjectCycle:()V#502#8 prob_bp = 1.00000000000000000000
org.apache.commons.lang3.builder.HashCodeBuilderTest:testReflectionObjectCycle:()V#502#11 prob_bp = 1.00000000000000000000
org.apache.commons.lang3.builder.HashCodeBuilderTest:testReflectionObjectCycle:()V#502#12 prob_bp = 1.00000000000000000000
org.apache.commons.lang3.builder.HashCodeBuilderTest:testReflectionObjectCycle:()V#523#26 prob_bp = 1.00000000000000000000
org.apache.commons.lang3.builder.HashCodeBuilderTest:testReflectionObjectCycle:()V#523#27 prob_bp = 1.00000000000000000000
org.apache.commons.lang3.builder.HashCodeBuilder:<init>:(II)V#585#39 prob_bp = 1.00000000000000000000
org.apache.commons.lang3.builder.HashCodeBuilder:<init>:(II)V#585#40 prob_bp = 1.00000000000000000000
org.apache.commons.lang3.builder.HashCodeBuilder:<init>:(II)V#588#56 prob_bp = 1.00000000000000000000
org.apache.commons.lang3.builder.HashCodeBuilderTest:testReflectionObjectCycle:()V#524#34 prob_bp = 1.00000000000000000000
Belief propagation time : 18.086000s
