Belief propagation time: 19

Probabilities: 
Vars:1004
Stmts:216
org.apache.commons.math.complex.ComplexFormat:parse:(Ljava/lang/String;Ljava/text/ParsePosition;)Lorg/apache/commons/math/complex/Complex;#377#179 prob_bp = 0.20223640190600264000
org.apache.commons.math.complex.ComplexFormat:parse:(Ljava/lang/String;Ljava/text/ParsePosition;)Lorg/apache/commons/math/complex/Complex;#377#180 prob_bp = 0.49760107273594484000
org.apache.commons.math.complex.ComplexFormat:parse:(Ljava/lang/String;Ljava/text/ParsePosition;)Lorg/apache/commons/math/complex/Complex;#377#182 prob_bp = 0.49761578249698620000
org.apache.commons.math.complex.ComplexFormat:parse:(Ljava/lang/String;Ljava/text/ParsePosition;)Lorg/apache/commons/math/complex/Complex;#375#170 prob_bp = 0.49959425505148500000
org.apache.commons.math.complex.ComplexFormat:parse:(Ljava/lang/String;Ljava/text/ParsePosition;)Lorg/apache/commons/math/complex/Complex;#376#177 prob_bp = 0.49960893660227610000
org.apache.commons.math.complex.ComplexFormat:parse:(Ljava/lang/String;Ljava/text/ParsePosition;)Lorg/apache/commons/math/complex/Complex;#375#167 prob_bp = 0.49998424815162760000
org.apache.commons.math.complex.ComplexFormat:parse:(Ljava/lang/String;Ljava/text/ParsePosition;)Lorg/apache/commons/math/complex/Complex;#375#166 prob_bp = 0.49998501255960903000
org.apache.commons.math.complex.ComplexFormat:parse:(Ljava/lang/String;Ljava/text/ParsePosition;)Lorg/apache/commons/math/complex/Complex;#365#147 prob_bp = 0.49998608110388454000
org.apache.commons.math.complex.ComplexFormat:parse:(Ljava/lang/String;Ljava/text/ParsePosition;)Lorg/apache/commons/math/complex/Complex;#340#54 prob_bp = 0.49999652046767060000
org.apache.commons.math.complex.ComplexFormat:parse:(Ljava/lang/String;Ljava/text/ParsePosition;)Lorg/apache/commons/math/complex/Complex;#376#176 prob_bp = 0.49999887745515690000
org.apache.commons.math.complex.ComplexFormat:parse:(Ljava/lang/String;Ljava/text/ParsePosition;)Lorg/apache/commons/math/complex/Complex;#340#52 prob_bp = 0.49999913595913940000
org.apache.commons.math.complex.ComplexFormat:parse:(Ljava/lang/String;Ljava/text/ParsePosition;)Lorg/apache/commons/math/complex/Complex;#338#47 prob_bp = 0.49999978544819795000
org.apache.commons.math.complex.ComplexFormat:parse:(Ljava/lang/String;Ljava/text/ParsePosition;)Lorg/apache/commons/math/complex/Complex;#376#174 prob_bp = 0.49999978669263090000
org.apache.commons.math.complex.ComplexFormat:parse:(Ljava/lang/String;Ljava/text/ParsePosition;)Lorg/apache/commons/math/complex/Complex;#376#172 prob_bp = 0.49999982099739926000
org.apache.commons.math.complex.ComplexFormat:parse:(Ljava/lang/String;Ljava/text/ParsePosition;)Lorg/apache/commons/math/complex/Complex;#365#145 prob_bp = 0.49999990843602780000
org.apache.commons.math.complex.ComplexFormat:parseNextCharacter:(Ljava/lang/String;Ljava/text/ParsePosition;)C#427#61 prob_bp = 0.49999994673225470000
org.apache.commons.math.complex.ComplexFormat:parse:(Ljava/lang/String;Ljava/text/ParsePosition;)Lorg/apache/commons/math/complex/Complex;#374#164 prob_bp = 0.49999996496440470000
org.apache.commons.math.complex.ComplexFormat:parse:(Ljava/lang/String;Ljava/text/ParsePosition;)Lorg/apache/commons/math/complex/Complex;#328#25 prob_bp = 0.49999998461991213000
org.apache.commons.math.complex.ComplexFormat:parseNextCharacter:(Ljava/lang/String;Ljava/text/ParsePosition;)C#427#59 prob_bp = 0.49999998678306445000
org.apache.commons.math.complex.ComplexFormat:parse:(Ljava/lang/String;Ljava/text/ParsePosition;)Lorg/apache/commons/math/complex/Complex;#328#23 prob_bp = 0.49999999618143140000
org.apache.commons.math.complex.ComplexFormat:parseNextCharacter:(Ljava/lang/String;Ljava/text/ParsePosition;)C#415#17#unexe#5 prob_bp = 0.49999999672867010000
org.apache.commons.math.complex.ComplexFormat:parseNumber:(Ljava/lang/String;Ljava/text/NumberFormat;Ljava/text/ParsePosition;)Ljava/lang/Number;#473#15 prob_bp = 0.49999999895689934000
org.apache.commons.math.complex.ComplexFormat:parse:(Ljava/lang/String;Ljava/text/ParsePosition;)Lorg/apache/commons/math/complex/Complex;#327#21 prob_bp = 0.49999999905245710000
org.apache.commons.math.complex.ComplexFormat:parseNextCharacter:(Ljava/lang/String;Ljava/text/ParsePosition;)C#422#52#unexe#5 prob_bp = 0.49999999919031340000
org.apache.commons.math.complex.ComplexFormat:parse:(Ljava/lang/String;Ljava/text/ParsePosition;)Lorg/apache/commons/math/complex/Complex;#364#143 prob_bp = 0.49999999939764560000
org.apache.commons.math.complex.ComplexFormat:parseNumber:(Ljava/lang/String;Ljava/text/NumberFormat;Ljava/text/ParsePosition;)Ljava/lang/Number;#487#90 prob_bp = 0.49999999976143860000
org.apache.commons.math.complex.ComplexFormat:parseNextCharacter:(Ljava/lang/String;Ljava/text/ParsePosition;)C#423#57 prob_bp = 0.49999999979959675000
org.apache.commons.math.complex.ComplexFormat:parse:(Ljava/lang/String;Ljava/text/ParsePosition;)Lorg/apache/commons/math/complex/Complex;#374#161 prob_bp = 0.49999999991770410000
org.apache.commons.math.complex.ComplexFormat:setRealFormat:(Ljava/text/NumberFormat;)V#536#1 prob_bp = 0.49999999993200900000
org.apache.commons.math.complex.ComplexFormat:parseNumber:(Ljava/lang/String;Ljava/text/NumberFormat;Ljava/text/ParsePosition;)Ljava/lang/Number;#487#88 prob_bp = 0.49999999994241895000
org.apache.commons.math.complex.ComplexFormat:parseNextCharacter:(Ljava/lang/String;Ljava/text/ParsePosition;)C#423#55 prob_bp = 0.49999999995040080000
org.apache.commons.math.complex.ComplexFormat:setRealFormat:(Ljava/text/NumberFormat;)V#536#0 prob_bp = 0.49999999998311130000
org.apache.commons.math.complex.ComplexFormat:parseNumber:(Ljava/lang/String;Ljava/text/NumberFormat;Ljava/text/ParsePosition;)Ljava/lang/Number;#476#24#unexe#5 prob_bp = 0.49999999998640954000
org.apache.commons.math.complex.ComplexFormat:getImaginaryCharacter:()Ljava/lang/String;#258#4 prob_bp = 0.49999999998646527000
org.apache.commons.math.complex.ComplexFormat:parseNextCharacter:(Ljava/lang/String;Ljava/text/ParsePosition;)C#419#35#unexe#6 prob_bp = 0.49999999998701550000
org.apache.commons.math.complex.ComplexFormat:parseNumber:(Ljava/lang/String;Ljava/text/NumberFormat;Ljava/text/ParsePosition;)Ljava/lang/Number;#473#14 prob_bp = 0.49999999999310907000
org.apache.commons.math.complex.ComplexFormat:<init>:(Ljava/lang/String;Ljava/text/NumberFormat;Ljava/text/NumberFormat;)V#113#16 prob_bp = 0.49999999999580136000
org.apache.commons.math.complex.ComplexFormat:parseNextCharacter:(Ljava/lang/String;Ljava/text/ParsePosition;)C#419#41#unexe#6 prob_bp = 0.49999999999699530000
org.apache.commons.math.complex.ComplexFormat:parseNumber:(Ljava/lang/String;Ljava/text/NumberFormat;Ljava/text/ParsePosition;)Ljava/lang/Number;#472#12 prob_bp = 0.49999999999729750000
org.apache.commons.math.complex.ComplexFormat:<init>:(Ljava/lang/String;Ljava/text/NumberFormat;Ljava/text/NumberFormat;)V#113#15 prob_bp = 0.49999999999895240000
org.apache.commons.math.complex.ComplexFormat:setImaginaryFormat:(Ljava/text/NumberFormat;)V#522#1 prob_bp = 0.49999999999970063000
org.apache.commons.math.complex.ComplexFormat:setImaginaryCharacter:(Ljava/lang/String;)V#508#5 prob_bp = 0.49999999999971667000
org.apache.commons.math.complex.ComplexFormat:<init>:(Ljava/lang/String;Ljava/text/NumberFormat;)V#97#10 prob_bp = 0.49999999999973130000
org.apache.commons.math.complex.ComplexFormat:parseNextCharacter:(Ljava/lang/String;Ljava/text/ParsePosition;)C#418#28 prob_bp = 0.49999999999985880000
org.apache.commons.math.complex.ComplexFormat:parseNextCharacter:(Ljava/lang/String;Ljava/text/ParsePosition;)C#415#17 prob_bp = 0.49999999999985920000
org.apache.commons.math.complex.ComplexFormat:setImaginaryCharacter:(Ljava/lang/String;)V#508#4 prob_bp = 0.49999999999992300000
org.apache.commons.math.complex.ComplexFormat:setImaginaryFormat:(Ljava/text/NumberFormat;)V#522#0 prob_bp = 0.49999999999992560000
org.apache.commons.math.complex.ComplexFormat:parse:(Ljava/lang/String;Ljava/text/ParsePosition;)Lorg/apache/commons/math/complex/Complex;#364#140 prob_bp = 0.49999999999992560000
org.apache.commons.math.complex.ComplexFormat:parseNumber:(Ljava/lang/String;Ljava/text/NumberFormat;Ljava/text/ParsePosition;)Ljava/lang/Number;#471#1 prob_bp = 0.49999999999993094000
org.apache.commons.math.complex.ComplexFormat:<init>:(Ljava/lang/String;Ljava/text/NumberFormat;)V#97#2 prob_bp = 0.49999999999993316000
org.apache.commons.math.complex.ComplexFormat:getImaginaryCharacter:()Ljava/lang/String;#258#1 prob_bp = 0.49999999999994715000
org.apache.commons.math.complex.ComplexFormat:parseNextCharacter:(Ljava/lang/String;Ljava/text/ParsePosition;)C#422#52 prob_bp = 0.49999999999995387000
org.apache.commons.math.complex.ComplexFormat:parseNextCharacter:(Ljava/lang/String;Ljava/text/ParsePosition;)C#419#35 prob_bp = 0.49999999999995730000
org.apache.commons.math.complex.ComplexFormat:parseNextCharacter:(Ljava/lang/String;Ljava/text/ParsePosition;)C#415#14 prob_bp = 0.49999999999996647000
org.apache.commons.math.complex.ComplexFormat:parseNextCharacter:(Ljava/lang/String;Ljava/text/ParsePosition;)C#415#15 prob_bp = 0.49999999999996647000
org.apache.commons.math.complex.ComplexFormat:parse:(Ljava/lang/String;Ljava/text/ParsePosition;)Lorg/apache/commons/math/complex/Complex;#364#139 prob_bp = 0.49999999999997047000
org.apache.commons.math.complex.ComplexFormat:getImaginaryCharacter:()Ljava/lang/String;#258#0 prob_bp = 0.49999999999997360000
org.apache.commons.math.complex.ComplexFormat:parse:(Ljava/lang/String;Ljava/text/ParsePosition;)Lorg/apache/commons/math/complex/Complex;#374#158 prob_bp = 0.49999999999997890000
org.apache.commons.math.complex.ComplexFormat:parse:(Ljava/lang/String;Ljava/text/ParsePosition;)Lorg/apache/commons/math/complex/Complex;#374#157 prob_bp = 0.49999999999998000000
org.apache.commons.math.complex.ComplexFormat:<init>:(Ljava/lang/String;Ljava/text/NumberFormat;Ljava/text/NumberFormat;)V#111#6 prob_bp = 0.49999999999998110000
org.apache.commons.math.complex.ComplexFormat:<init>:(Ljava/lang/String;Ljava/text/NumberFormat;Ljava/text/NumberFormat;)V#112#11 prob_bp = 0.49999999999998150000
org.apache.commons.math.complex.ComplexFormat:<init>:()V#58#6 prob_bp = 0.49999999999998157000
org.apache.commons.math.complex.ComplexFormat:parseNextCharacter:(Ljava/lang/String;Ljava/text/ParsePosition;)C#422#49 prob_bp = 0.49999999999998870000
org.apache.commons.math.complex.ComplexFormat:parseNextCharacter:(Ljava/lang/String;Ljava/text/ParsePosition;)C#422#50 prob_bp = 0.49999999999998910000
org.apache.commons.math.complex.ComplexFormat:parseNextCharacter:(Ljava/lang/String;Ljava/text/ParsePosition;)C#419#32 prob_bp = 0.49999999999998934000
org.apache.commons.math.complex.ComplexFormat:setImaginaryCharacter:(Ljava/lang/String;)V#508#8 prob_bp = 0.49999999999999070000
org.apache.commons.math.complex.ComplexFormat:parseNextCharacter:(Ljava/lang/String;Ljava/text/ParsePosition;)C#412#9 prob_bp = 0.49999999999999110000
org.apache.commons.math.complex.ComplexFormat:parseNextCharacter:(Ljava/lang/String;Ljava/text/ParsePosition;)C#411#4 prob_bp = 0.49999999999999330000
org.apache.commons.math.complex.ComplexFormat:<init>:(Ljava/lang/String;Ljava/text/NumberFormat;Ljava/text/NumberFormat;)V#111#5 prob_bp = 0.49999999999999420000
org.apache.commons.math.complex.ComplexFormat:<init>:(Ljava/lang/String;Ljava/text/NumberFormat;Ljava/text/NumberFormat;)V#112#10 prob_bp = 0.49999999999999556000
org.apache.commons.math.complex.ComplexFormat:getDefaultNumberFormat:()Ljava/text/NumberFormat;#237#6 prob_bp = 0.49999999999999556000
org.apache.commons.math.complex.ComplexFormat:parseNextCharacter:(Ljava/lang/String;Ljava/text/ParsePosition;)C#419#35#unexe#3 prob_bp = 0.49999999999999710000
org.apache.commons.math.complex.ComplexFormat:parseNextCharacter:(Ljava/lang/String;Ljava/text/ParsePosition;)C#419#30 prob_bp = 0.49999999999999734000
org.apache.commons.math.complex.ComplexFormat:setImaginaryCharacter:(Ljava/lang/String;)V#508#1 prob_bp = 0.49999999999999780000
org.apache.commons.math.complex.ComplexFormat:<init>:(Ljava/lang/String;Ljava/text/NumberFormat;)V#97#1 prob_bp = 0.49999999999999820000
org.apache.commons.math.complex.ComplexFormat:setImaginaryCharacter:(Ljava/lang/String;)V#508#0 prob_bp = 0.49999999999999845000
org.apache.commons.math.complex.ComplexFormat:<init>:()V#58#1 prob_bp = 0.49999999999999867000
org.apache.commons.math.complex.ComplexFormat:getDefaultNumberFormat:(Ljava/util/Locale;)Ljava/text/NumberFormat;#250#11 prob_bp = 0.49999999999999890000
org.apache.commons.math.complex.ComplexFormat:parseNextCharacter:(Ljava/lang/String;Ljava/text/ParsePosition;)C#419#41#unexe#3 prob_bp = 0.49999999999999933000
org.apache.commons.math.complex.ComplexFormat:parseNumber:(Ljava/lang/String;Ljava/text/NumberFormat;Ljava/text/ParsePosition;)Ljava/lang/Number;#476#24 prob_bp = 0.49999999999999950000
org.apache.commons.math.complex.ComplexFormat:getDefaultNumberFormat:(Ljava/util/Locale;)Ljava/text/NumberFormat;#250#10 prob_bp = 0.49999999999999956000
org.apache.commons.math.complex.ComplexFormat:parseNumber:(Ljava/lang/String;Ljava/text/NumberFormat;Ljava/text/ParsePosition;)Ljava/lang/Number;#471#0 prob_bp = 0.49999999999999956000
org.apache.commons.math.complex.ComplexFormat:<init>:(Ljava/text/NumberFormat;)V#67#4 prob_bp = 0.49999999999999970000
org.apache.commons.math.complex.ComplexFormat:getDefaultNumberFormat:(Ljava/util/Locale;)Ljava/text/NumberFormat;#248#0 prob_bp = 0.49999999999999980000
org.apache.commons.math.complex.ComplexFormat:<init>:(Ljava/text/NumberFormat;)V#67#1 prob_bp = 0.49999999999999980000
org.apache.commons.math.complex.ComplexFormat:<init>:(Ljava/lang/String;Ljava/text/NumberFormat;)V#97#7 prob_bp = 0.49999999999999980000
org.apache.commons.math.complex.ComplexFormat:setImaginaryCharacter:(Ljava/lang/String;)V#512#23 prob_bp = 0.49999999999999980000
org.apache.commons.math.complex.ComplexFormat:getDefaultNumberFormat:()Ljava/text/NumberFormat;#237#3 prob_bp = 0.49999999999999980000
org.apache.commons.math.complex.ComplexFormat:parseNextCharacter:(Ljava/lang/String;Ljava/text/ParsePosition;)C#418#22 prob_bp = 0.49999999999999980000
org.apache.commons.math.complex.ComplexFormat:parseNumber:(Ljava/lang/String;Ljava/text/NumberFormat;Ljava/text/ParsePosition;)Ljava/lang/Number;#471#4 prob_bp = 0.49999999999999980000
org.apache.commons.math.complex.ComplexFormat:parseNumber:(Ljava/lang/String;Ljava/text/NumberFormat;Ljava/text/ParsePosition;)Ljava/lang/Number;#476#20 prob_bp = 0.49999999999999980000
org.apache.commons.math.complex.ComplexFormat:parse:(Ljava/lang/String;Ljava/text/ParsePosition;)Lorg/apache/commons/math/complex/Complex;#337#36 prob_bp = 0.49999999999999980000
org.apache.commons.math.complex.ComplexFormat:parseAndIgnoreWhitespace:(Ljava/lang/String;Ljava/text/ParsePosition;)V#399#1 prob_bp = 0.49999999999999994000
org.apache.commons.math.complex.ComplexFormat:parseAndIgnoreWhitespace:(Ljava/lang/String;Ljava/text/ParsePosition;)V#399#2 prob_bp = 0.49999999999999994000
org.apache.commons.math.complex.ComplexFormat:parseNextCharacter:(Ljava/lang/String;Ljava/text/ParsePosition;)C#412#6 prob_bp = 0.49999999999999994000
org.apache.commons.math.complex.ComplexFormat:parseAndIgnoreWhitespace:(Ljava/lang/String;Ljava/text/ParsePosition;)V#400#7 prob_bp = 0.49999999999999994000
org.apache.commons.math.complex.ComplexFormat:parseAndIgnoreWhitespace:(Ljava/lang/String;Ljava/text/ParsePosition;)V#400#8 prob_bp = 0.49999999999999994000
org.apache.commons.math.complex.ComplexFormat:parseAndIgnoreWhitespace:(Ljava/lang/String;Ljava/text/ParsePosition;)V#400#13 prob_bp = 0.49999999999999994000
org.apache.commons.math.complex.ComplexFormat:getRealFormat:()Ljava/text/NumberFormat;#292#0 prob_bp = 0.49999999999999994000
org.apache.commons.math.complex.ComplexFormat:parseNextCharacter:(Ljava/lang/String;Ljava/text/ParsePosition;)C#419#41 prob_bp = 0.49999999999999994000
org.apache.commons.math.complex.ComplexFormat:getDefaultNumberFormat:(Ljava/util/Locale;)Ljava/text/NumberFormat;#248#4 prob_bp = 0.50000000000000000000
org.apache.commons.math.complex.ComplexFormat:getDefaultNumberFormat:(Ljava/util/Locale;)Ljava/text/NumberFormat;#249#5 prob_bp = 0.50000000000000000000
org.apache.commons.math.complex.ComplexFormat:getDefaultNumberFormat:(Ljava/util/Locale;)Ljava/text/NumberFormat;#249#6 prob_bp = 0.50000000000000000000
org.apache.commons.math.complex.ComplexFormat:getInstance:(Ljava/util/Locale;)Lorg/apache/commons/math/complex/ComplexFormat;#283#4 prob_bp = 0.50000000000000000000
org.apache.commons.math.complex.ComplexFormat:getInstance:(Ljava/util/Locale;)Lorg/apache/commons/math/complex/ComplexFormat;#284#9 prob_bp = 0.50000000000000000000
org.apache.commons.math.complex.ComplexFormat:<init>:(Ljava/text/NumberFormat;)V#67#3 prob_bp = 0.50000000000000000000
org.apache.commons.math.complex.ComplexFormat:<init>:(Ljava/lang/String;Ljava/text/NumberFormat;)V#97#0 prob_bp = 0.50000000000000000000
org.apache.commons.math.complex.ComplexFormat:<init>:(Ljava/lang/String;Ljava/text/NumberFormat;)V#97#3 prob_bp = 0.50000000000000000000
org.apache.commons.math.complex.ComplexFormat:<init>:(Ljava/lang/String;Ljava/text/NumberFormat;)V#97#4 prob_bp = 0.50000000000000000000
org.apache.commons.math.complex.ComplexFormat:<init>:(Ljava/lang/String;Ljava/text/NumberFormat;Ljava/text/NumberFormat;)V#111#4 prob_bp = 0.50000000000000000000
org.apache.commons.math.complex.ComplexFormat:setImaginaryCharacter:(Ljava/lang/String;)V#512#21 prob_bp = 0.50000000000000000000
org.apache.commons.math.complex.ComplexFormat:setImaginaryCharacter:(Ljava/lang/String;)V#512#22 prob_bp = 0.50000000000000000000
org.apache.commons.math.complex.ComplexFormat:<init>:(Ljava/lang/String;Ljava/text/NumberFormat;Ljava/text/NumberFormat;)V#113#14 prob_bp = 0.50000000000000000000
org.apache.commons.math.complex.ComplexFormat:setRealFormat:(Ljava/text/NumberFormat;)V#540#14 prob_bp = 0.50000000000000000000
org.apache.commons.math.complex.ComplexFormat:setRealFormat:(Ljava/text/NumberFormat;)V#540#15 prob_bp = 0.50000000000000000000
org.apache.commons.math.complex.ComplexFormat:setRealFormat:(Ljava/text/NumberFormat;)V#540#16 prob_bp = 0.50000000000000000000
org.apache.commons.math.complex.ComplexFormat:<init>:()V#58#0 prob_bp = 0.50000000000000000000
org.apache.commons.math.complex.ComplexFormat:getDefaultNumberFormat:()Ljava/text/NumberFormat;#237#0 prob_bp = 0.50000000000000000000
org.apache.commons.math.complex.ComplexFormat:parse:(Ljava/lang/String;Ljava/text/ParsePosition;)Lorg/apache/commons/math/complex/Complex;#321#0 prob_bp = 0.50000000000000000000
org.apache.commons.math.complex.ComplexFormat:parse:(Ljava/lang/String;Ljava/text/ParsePosition;)Lorg/apache/commons/math/complex/Complex;#321#1 prob_bp = 0.50000000000000000000
org.apache.commons.math.complex.ComplexFormat:parse:(Ljava/lang/String;Ljava/text/ParsePosition;)Lorg/apache/commons/math/complex/Complex;#324#6 prob_bp = 0.50000000000000000000
org.apache.commons.math.complex.ComplexFormat:parse:(Ljava/lang/String;Ljava/text/ParsePosition;)Lorg/apache/commons/math/complex/Complex;#324#8 prob_bp = 0.50000000000000000000
org.apache.commons.math.complex.ComplexFormat:parseAndIgnoreWhitespace:(Ljava/lang/String;Ljava/text/ParsePosition;)V#399#3 prob_bp = 0.50000000000000000000
org.apache.commons.math.complex.ComplexFormat:parseNextCharacter:(Ljava/lang/String;Ljava/text/ParsePosition;)C#411#0 prob_bp = 0.50000000000000000000
org.apache.commons.math.complex.ComplexFormat:parseNextCharacter:(Ljava/lang/String;Ljava/text/ParsePosition;)C#411#1 prob_bp = 0.50000000000000000000
org.apache.commons.math.complex.ComplexFormat:parseNextCharacter:(Ljava/lang/String;Ljava/text/ParsePosition;)C#412#5 prob_bp = 0.50000000000000000000
org.apache.commons.math.complex.ComplexFormat:parseNextCharacter:(Ljava/lang/String;Ljava/text/ParsePosition;)C#418#21 prob_bp = 0.50000000000000000000
org.apache.commons.math.complex.ComplexFormat:parseNextCharacter:(Ljava/lang/String;Ljava/text/ParsePosition;)C#418#25 prob_bp = 0.50000000000000000000
org.apache.commons.math.complex.ComplexFormat:parseNextCharacter:(Ljava/lang/String;Ljava/text/ParsePosition;)C#420#44 prob_bp = 0.50000000000000000000
org.apache.commons.math.complex.ComplexFormat:parseNextCharacter:(Ljava/lang/String;Ljava/text/ParsePosition;)C#420#45 prob_bp = 0.50000000000000000000
org.apache.commons.math.complex.ComplexFormat:parseNextCharacter:(Ljava/lang/String;Ljava/text/ParsePosition;)C#420#46 prob_bp = 0.50000000000000000000
org.apache.commons.math.complex.ComplexFormat:parseAndIgnoreWhitespace:(Ljava/lang/String;Ljava/text/ParsePosition;)V#400#9 prob_bp = 0.50000000000000000000
org.apache.commons.math.complex.ComplexFormat:parseAndIgnoreWhitespace:(Ljava/lang/String;Ljava/text/ParsePosition;)V#400#12 prob_bp = 0.50000000000000000000
org.apache.commons.math.complex.ComplexFormat:parseAndIgnoreWhitespace:(Ljava/lang/String;Ljava/text/ParsePosition;)V#400#14 prob_bp = 0.50000000000000000000
org.apache.commons.math.complex.ComplexFormat:parse:(Ljava/lang/String;Ljava/text/ParsePosition;)Lorg/apache/commons/math/complex/Complex;#327#12 prob_bp = 0.50000000000000000000
org.apache.commons.math.complex.ComplexFormat:parse:(Ljava/lang/String;Ljava/text/ParsePosition;)Lorg/apache/commons/math/complex/Complex;#327#13 prob_bp = 0.50000000000000000000
org.apache.commons.math.complex.ComplexFormat:parse:(Ljava/lang/String;Ljava/text/ParsePosition;)Lorg/apache/commons/math/complex/Complex;#327#14 prob_bp = 0.50000000000000000000
org.apache.commons.math.complex.ComplexFormat:getRealFormat:()Ljava/text/NumberFormat;#292#1 prob_bp = 0.50000000000000000000
org.apache.commons.math.complex.ComplexFormat:getRealFormat:()Ljava/text/NumberFormat;#292#4 prob_bp = 0.50000000000000000000
org.apache.commons.math.complex.ComplexFormat:parse:(Ljava/lang/String;Ljava/text/ParsePosition;)Lorg/apache/commons/math/complex/Complex;#327#17 prob_bp = 0.50000000000000000000
org.apache.commons.math.complex.ComplexFormat:parse:(Ljava/lang/String;Ljava/text/ParsePosition;)Lorg/apache/commons/math/complex/Complex;#327#18 prob_bp = 0.50000000000000000000
org.apache.commons.math.complex.ComplexFormat:parseNumber:(Ljava/lang/String;Ljava/text/NumberFormat;Ljava/text/ParsePosition;)Ljava/lang/Number;#472#6 prob_bp = 0.50000000000000000000
org.apache.commons.math.complex.ComplexFormat:parseNumber:(Ljava/lang/String;Ljava/text/NumberFormat;Ljava/text/ParsePosition;)Ljava/lang/Number;#472#7 prob_bp = 0.50000000000000000000
org.apache.commons.math.complex.ComplexFormat:parseNumber:(Ljava/lang/String;Ljava/text/NumberFormat;Ljava/text/ParsePosition;)Ljava/lang/Number;#472#8 prob_bp = 0.50000000000000000000
org.apache.commons.math.complex.ComplexFormat:parseNumber:(Ljava/lang/String;Ljava/text/NumberFormat;Ljava/text/ParsePosition;)Ljava/lang/Number;#472#9 prob_bp = 0.50000000000000000000
org.apache.commons.math.complex.ComplexFormat:parseNumber:(Ljava/lang/String;Ljava/text/NumberFormat;Ljava/text/ParsePosition;)Ljava/lang/Number;#473#18 prob_bp = 0.50000000000000000000
org.apache.commons.math.complex.ComplexFormat:parseNumber:(Ljava/lang/String;Ljava/text/NumberFormat;Ljava/text/ParsePosition;)Ljava/lang/Number;#476#22 prob_bp = 0.50000000000000000000
org.apache.commons.math.complex.ComplexFormat:parse:(Ljava/lang/String;Ljava/text/ParsePosition;)Lorg/apache/commons/math/complex/Complex;#337#35 prob_bp = 0.50000000000000000000
org.apache.commons.math.complex.ComplexFormat:parse:(Ljava/lang/String;Ljava/text/ParsePosition;)Lorg/apache/commons/math/complex/Complex;#338#42 prob_bp = 0.50000000000000000000
org.apache.commons.math.complex.ComplexFormat:parse:(Ljava/lang/String;Ljava/text/ParsePosition;)Lorg/apache/commons/math/complex/Complex;#338#43 prob_bp = 0.50000000000000000000
org.apache.commons.math.complex.ComplexFormat:parse:(Ljava/lang/String;Ljava/text/ParsePosition;)Lorg/apache/commons/math/complex/Complex;#338#44 prob_bp = 0.50000000000000000000
org.apache.commons.math.complex.ComplexFormat:parseNextCharacter:(Ljava/lang/String;Ljava/text/ParsePosition;)C#419#38 prob_bp = 0.50000000000000000000
org.apache.commons.math.complex.ComplexFormat:parseNextCharacter:(Ljava/lang/String;Ljava/text/ParsePosition;)C#419#39 prob_bp = 0.50000000000000000000
org.apache.commons.math.complex.ComplexFormat:parse:(Ljava/lang/String;Ljava/text/ParsePosition;)Lorg/apache/commons/math/complex/Complex;#361#128 prob_bp = 0.50000000000000000000
org.apache.commons.math.complex.ComplexFormat:parse:(Ljava/lang/String;Ljava/text/ParsePosition;)Lorg/apache/commons/math/complex/Complex;#361#129 prob_bp = 0.50000000000000000000
org.apache.commons.math.complex.ComplexFormat:parse:(Ljava/lang/String;Ljava/text/ParsePosition;)Lorg/apache/commons/math/complex/Complex;#361#130 prob_bp = 0.50000000000000000000
org.apache.commons.math.complex.ComplexFormat:parse:(Ljava/lang/String;Ljava/text/ParsePosition;)Lorg/apache/commons/math/complex/Complex;#364#134 prob_bp = 0.50000000000000000000
org.apache.commons.math.complex.ComplexFormat:parse:(Ljava/lang/String;Ljava/text/ParsePosition;)Lorg/apache/commons/math/complex/Complex;#364#135 prob_bp = 0.50000000000000000000
org.apache.commons.math.complex.ComplexFormat:parse:(Ljava/lang/String;Ljava/text/ParsePosition;)Lorg/apache/commons/math/complex/Complex;#364#136 prob_bp = 0.50000000000000000000
org.apache.commons.math.complex.ComplexFormat:parse:(Ljava/lang/String;Ljava/text/ParsePosition;)Lorg/apache/commons/math/complex/Complex;#377#184 prob_bp = 0.50000000000000000000
org.apache.commons.math.complex.ComplexFormat:getInstance:(Ljava/util/Locale;)Lorg/apache/commons/math/complex/ComplexFormat;#283#1 prob_bp = 0.50000000000000010000
org.apache.commons.math.complex.ComplexFormat:getInstance:(Ljava/util/Locale;)Lorg/apache/commons/math/complex/ComplexFormat;#283#0 prob_bp = 0.50000000000000020000
org.apache.commons.math.complex.ComplexFormat:getDefaultNumberFormat:(Ljava/util/Locale;)Ljava/text/NumberFormat;#248#1 prob_bp = 0.50000000000000020000
org.apache.commons.math.complex.ComplexFormat:getDefaultNumberFormat:(Ljava/util/Locale;)Ljava/text/NumberFormat;#249#7 prob_bp = 0.50000000000000020000
org.apache.commons.math.complex.ComplexFormat:getInstance:(Ljava/util/Locale;)Lorg/apache/commons/math/complex/ComplexFormat;#284#10 prob_bp = 0.50000000000000020000
org.apache.commons.math.complex.ComplexFormat:parse:(Ljava/lang/String;Ljava/text/ParsePosition;)Lorg/apache/commons/math/complex/Complex;#324#7 prob_bp = 0.50000000000000020000
org.apache.commons.math.complex.ComplexFormat:parseNextCharacter:(Ljava/lang/String;Ljava/text/ParsePosition;)C#418#20 prob_bp = 0.50000000000000020000
Belief propagation time : 0.366000s
