Belief propagation time: 40

Probabilities: 
Vars:1307181
Stmts:6582
org.joda.time.tz.DateTimeZoneBuilder:readMillis:(Ljava/io/DataInput;)J#184#11 prob_bp = 0.49999999999997550000
org.joda.time.tz.DateTimeZoneBuilder:readMillis:(Ljava/io/DataInput;)J#183#1 prob_bp = 0.49999999999998096000
org.joda.time.tz.ZoneInfoProvider:getZone:(Ljava/lang/String;)Lorg/joda/time/DateTimeZone;#144#25 prob_bp = 0.49999999999998873000
org.joda.time.tz.DateTimeZoneBuilder$PrecalculatedZone:readFrom:(Ljava/io/DataInput;Ljava/lang/String;)Lorg/joda/time/tz/DateTimeZoneBuilder$PrecalculatedZone;#1346#15 prob_bp = 0.49999999999999730000
org.joda.time.tz.DateTimeZoneBuilder$PrecalculatedZone:readFrom:(Ljava/io/DataInput;Ljava/lang/String;)Lorg/joda/time/tz/DateTimeZoneBuilder$PrecalculatedZone;#1346#18 prob_bp = 0.49999999999999730000
org.joda.time.tz.DateTimeZoneBuilder$PrecalculatedZone:readFrom:(Ljava/io/DataInput;Ljava/lang/String;)Lorg/joda/time/tz/DateTimeZoneBuilder$PrecalculatedZone;#1347#24 prob_bp = 0.49999999999999730000
org.joda.time.tz.DateTimeZoneBuilder$Recurrence:readFrom:(Ljava/io/DataInput;)Lorg/joda/time/tz/DateTimeZoneBuilder$Recurrence;#740#4 prob_bp = 0.49999999999999730000
org.joda.time.tz.DateTimeZoneBuilder$OfYear:readFrom:(Ljava/io/DataInput;)Lorg/joda/time/tz/DateTimeZoneBuilder$OfYear;#482#10 prob_bp = 0.49999999999999730000
org.joda.time.tz.DateTimeZoneBuilder$OfYear:readFrom:(Ljava/io/DataInput;)Lorg/joda/time/tz/DateTimeZoneBuilder$OfYear;#482#36 prob_bp = 0.49999999999999730000
org.joda.time.tz.DateTimeZoneBuilder$OfYear:readFrom:(Ljava/io/DataInput;)Lorg/joda/time/tz/DateTimeZoneBuilder$OfYear;#482#40 prob_bp = 0.49999999999999730000
org.joda.time.tz.DateTimeZoneBuilder$Recurrence:readFrom:(Ljava/io/DataInput;)Lorg/joda/time/tz/DateTimeZoneBuilder$Recurrence;#740#15 prob_bp = 0.49999999999999730000
org.joda.time.DateTimeZone:getConvertedId:(Ljava/lang/String;)Ljava/lang/String;#587#21 prob_bp = 0.49999999999999745000
org.joda.time.tz.ZoneInfoProvider:getZone:(Ljava/lang/String;)Lorg/joda/time/DateTimeZone;#139#6 prob_bp = 0.49999999999999840000
org.joda.time.DateTimeZone:forID:(Ljava/lang/String;)Lorg/joda/time/DateTimeZone;#208#14 prob_bp = 0.49999999999999850000
org.joda.time.tz.ZoneInfoProvider:openResource:(Ljava/lang/String;)Ljava/io/InputStream;#200#47 prob_bp = 0.49999999999999860000
org.joda.time.tz.ZoneInfoProvider:openResource:(Ljava/lang/String;)Ljava/io/InputStream;#200#51 prob_bp = 0.49999999999999860000
org.joda.time.tz.ZoneInfoProvider:openResource:(Ljava/lang/String;)Ljava/io/InputStream;#204#64 prob_bp = 0.49999999999999860000
org.joda.time.tz.DateTimeZoneBuilder:readFrom:(Ljava/io/InputStream;Ljava/lang/String;)Lorg/joda/time/DateTimeZone;#95#4 prob_bp = 0.49999999999999860000
org.joda.time.tz.DateTimeZoneBuilder:readMillis:(Ljava/io/DataInput;)J#183#6 prob_bp = 0.49999999999999860000
org.joda.time.tz.ZoneInfoProvider:loadZoneData:(Ljava/lang/String;)Lorg/joda/time/DateTimeZone;#226#8 prob_bp = 0.49999999999999870000
org.joda.time.DateTimeZone:getDefault:()Lorg/joda/time/DateTimeZone;#142#29 prob_bp = 0.49999999999999883000
org.joda.time.DateTimeZone:getDefault:()Lorg/joda/time/DateTimeZone;#149#44 prob_bp = 0.49999999999999883000
org.joda.time.DateTimeZone:forTimeZone:(Ljava/util/TimeZone;)Lorg/joda/time/DateTimeZone;#341#34 prob_bp = 0.49999999999999906000
org.joda.time.DateTimeZone:forTimeZone:(Ljava/util/TimeZone;)Lorg/joda/time/DateTimeZone;#345#54 prob_bp = 0.49999999999999933000
org.joda.time.DateTimeZone:forTimeZone:(Ljava/util/TimeZone;)Lorg/joda/time/DateTimeZone;#341#34#unexe#2 prob_bp = 0.49999999999999970000
org.joda.time.DateTimeZone:forTimeZone:(Ljava/util/TimeZone;)Lorg/joda/time/DateTimeZone;#333#12 prob_bp = 0.49999999999999980000
org.joda.time.DateTimeZone:forTimeZone:(Ljava/util/TimeZone;)Lorg/joda/time/DateTimeZone;#345#51 prob_bp = 0.49999999999999980000
org.joda.time.tz.DateTimeZoneBuilder$OfYear:<init>:(CIIIZI)V#505#5 prob_bp = 0.49999999999999983000
org.joda.time.DateTimeZone:forID:(Ljava/lang/String;)Lorg/joda/time/DateTimeZone;#215#40 prob_bp = 0.49999999999999983000
org.joda.time.DateTimeZone:forTimeZone:(Ljava/util/TimeZone;)Lorg/joda/time/DateTimeZone;#334#16 prob_bp = 0.49999999999999983000
org.joda.time.DateTimeZone:forID:(Ljava/lang/String;)Lorg/joda/time/DateTimeZone;#215#38 prob_bp = 0.49999999999999990000
org.joda.time.DateTimeZone:forID:(Ljava/lang/String;)Lorg/joda/time/DateTimeZone;#208#9 prob_bp = 0.49999999999999994000
org.joda.time.DateTimeZone:getDefault:()Lorg/joda/time/DateTimeZone;#137#14 prob_bp = 0.49999999999999994000
org.joda.time.DateTimeZone:getDefault:()Lorg/joda/time/DateTimeZone;#143#30 prob_bp = 0.49999999999999994000
org.joda.time.DateTimeZone:forID:(Ljava/lang/String;)Lorg/joda/time/DateTimeZone;#215#43 prob_bp = 0.49999999999999994000
org.joda.time.DateTimeZone:forID:(Ljava/lang/String;)Lorg/joda/time/DateTimeZone;#215#52 prob_bp = 0.49999999999999994000
org.joda.time.DateTimeZone:forTimeZone:(Ljava/util/TimeZone;)Lorg/joda/time/DateTimeZone;#330#1 prob_bp = 0.49999999999999994000
org.joda.time.DateTimeZone:forTimeZone:(Ljava/util/TimeZone;)Lorg/joda/time/DateTimeZone;#334#19 prob_bp = 0.49999999999999994000
org.joda.time.DateTimeZone:forTimeZone:(Ljava/util/TimeZone;)Lorg/joda/time/DateTimeZone;#340#29 prob_bp = 0.49999999999999994000
org.joda.time.DateTimeZone:getConvertedId:(Ljava/lang/String;)Ljava/lang/String;#584#5 prob_bp = 0.49999999999999994000
org.joda.time.DateTimeZone:forTimeZone:(Ljava/util/TimeZone;)Lorg/joda/time/DateTimeZone;#344#48 prob_bp = 0.49999999999999994000
org.joda.time.DateTimeZone:forID:(Ljava/lang/String;)Lorg/joda/time/DateTimeZone;#205#1 prob_bp = 0.50000000000000000000
org.joda.time.tz.ZoneInfoProvider:getZone:(Ljava/lang/String;)Lorg/joda/time/DateTimeZone;#139#7 prob_bp = 0.50000000000000000000
org.joda.time.tz.ZoneInfoProvider:getZone:(Ljava/lang/String;)Lorg/joda/time/DateTimeZone;#146#31 prob_bp = 0.50000000000000000000
org.joda.time.tz.ZoneInfoProvider:getZone:(Ljava/lang/String;)Lorg/joda/time/DateTimeZone;#146#32 prob_bp = 0.50000000000000000000
org.joda.time.tz.ZoneInfoProvider:getZone:(Ljava/lang/String;)Lorg/joda/time/DateTimeZone;#146#33 prob_bp = 0.50000000000000000000
org.joda.time.tz.ZoneInfoProvider:loadZoneData:(Ljava/lang/String;)Lorg/joda/time/DateTimeZone;#225#2 prob_bp = 0.50000000000000000000
org.joda.time.tz.ZoneInfoProvider:loadZoneData:(Ljava/lang/String;)Lorg/joda/time/DateTimeZone;#225#4 prob_bp = 0.50000000000000000000
org.joda.time.tz.ZoneInfoProvider:openResource:(Ljava/lang/String;)Ljava/io/InputStream;#195#0 prob_bp = 0.50000000000000000000
org.joda.time.tz.ZoneInfoProvider:openResource:(Ljava/lang/String;)Ljava/io/InputStream;#195#1 prob_bp = 0.50000000000000000000
org.joda.time.tz.ZoneInfoProvider:openResource:(Ljava/lang/String;)Ljava/io/InputStream;#195#4 prob_bp = 0.50000000000000000000
org.joda.time.tz.ZoneInfoProvider:openResource:(Ljava/lang/String;)Ljava/io/InputStream;#198#30 prob_bp = 0.50000000000000000000
org.joda.time.tz.ZoneInfoProvider:openResource:(Ljava/lang/String;)Ljava/io/InputStream;#198#31 prob_bp = 0.50000000000000000000
org.joda.time.tz.ZoneInfoProvider:openResource:(Ljava/lang/String;)Ljava/io/InputStream;#198#34 prob_bp = 0.50000000000000000000
org.joda.time.tz.ZoneInfoProvider:openResource:(Ljava/lang/String;)Ljava/io/InputStream;#198#35 prob_bp = 0.50000000000000000000
org.joda.time.tz.ZoneInfoProvider:openResource:(Ljava/lang/String;)Ljava/io/InputStream;#198#38 prob_bp = 0.50000000000000000000
org.joda.time.tz.ZoneInfoProvider:openResource:(Ljava/lang/String;)Ljava/io/InputStream;#199#39 prob_bp = 0.50000000000000000000
org.joda.time.tz.ZoneInfoProvider:openResource:(Ljava/lang/String;)Ljava/io/InputStream;#199#40 prob_bp = 0.50000000000000000000
org.joda.time.tz.ZoneInfoProvider:openResource:(Ljava/lang/String;)Ljava/io/InputStream;#199#43 prob_bp = 0.50000000000000000000
org.joda.time.tz.ZoneInfoProvider:openResource:(Ljava/lang/String;)Ljava/io/InputStream;#200#46 prob_bp = 0.50000000000000000000
org.joda.time.tz.ZoneInfoProvider:openResource:(Ljava/lang/String;)Ljava/io/InputStream;#200#50 prob_bp = 0.50000000000000000000
org.joda.time.tz.ZoneInfoProvider:openResource:(Ljava/lang/String;)Ljava/io/InputStream;#200#54 prob_bp = 0.50000000000000000000
org.joda.time.tz.ZoneInfoProvider:openResource:(Ljava/lang/String;)Ljava/io/InputStream;#199#43#unexe#2 prob_bp = 0.50000000000000000000
org.joda.time.tz.ZoneInfoProvider:openResource:(Ljava/lang/String;)Ljava/io/InputStream;#213#127 prob_bp = 0.50000000000000000000
org.joda.time.tz.ZoneInfoProvider:openResource:(Ljava/lang/String;)Ljava/io/InputStream;#213#128 prob_bp = 0.50000000000000000000
org.joda.time.tz.ZoneInfoProvider:loadZoneData:(Ljava/lang/String;)Lorg/joda/time/DateTimeZone;#225#7 prob_bp = 0.50000000000000000000
org.joda.time.tz.ZoneInfoProvider:loadZoneData:(Ljava/lang/String;)Lorg/joda/time/DateTimeZone;#226#10 prob_bp = 0.50000000000000000000
org.joda.time.tz.DateTimeZoneBuilder:readFrom:(Ljava/io/InputStream;Ljava/lang/String;)Lorg/joda/time/DateTimeZone;#95#1 prob_bp = 0.50000000000000000000
org.joda.time.tz.DateTimeZoneBuilder:readFrom:(Ljava/io/InputStream;Ljava/lang/String;)Lorg/joda/time/DateTimeZone;#98#24 prob_bp = 0.50000000000000000000
org.joda.time.tz.DateTimeZoneBuilder:readFrom:(Ljava/io/DataInput;Ljava/lang/String;)Lorg/joda/time/DateTimeZone;#110#0 prob_bp = 0.50000000000000000000
org.joda.time.tz.DateTimeZoneBuilder:readFrom:(Ljava/io/DataInput;Ljava/lang/String;)Lorg/joda/time/DateTimeZone;#110#1 prob_bp = 0.50000000000000000000
org.joda.time.tz.DateTimeZoneBuilder:readFrom:(Ljava/io/DataInput;Ljava/lang/String;)Lorg/joda/time/DateTimeZone;#110#6 prob_bp = 0.50000000000000000000
org.joda.time.tz.DateTimeZoneBuilder:readFrom:(Ljava/io/DataInput;Ljava/lang/String;)Lorg/joda/time/DateTimeZone;#119#81 prob_bp = 0.50000000000000000000
org.joda.time.tz.DateTimeZoneBuilder:readFrom:(Ljava/io/DataInput;Ljava/lang/String;)Lorg/joda/time/DateTimeZone;#119#82 prob_bp = 0.50000000000000000000
org.joda.time.tz.DateTimeZoneBuilder:readFrom:(Ljava/io/DataInput;Ljava/lang/String;)Lorg/joda/time/DateTimeZone;#119#83 prob_bp = 0.50000000000000000000
org.joda.time.tz.DateTimeZoneBuilder$PrecalculatedZone:readFrom:(Ljava/io/DataInput;Ljava/lang/String;)Lorg/joda/time/tz/DateTimeZoneBuilder$PrecalculatedZone;#1344#0 prob_bp = 0.50000000000000000000
org.joda.time.tz.DateTimeZoneBuilder$PrecalculatedZone:readFrom:(Ljava/io/DataInput;Ljava/lang/String;)Lorg/joda/time/tz/DateTimeZoneBuilder$PrecalculatedZone;#1344#1 prob_bp = 0.50000000000000000000
org.joda.time.tz.DateTimeZoneBuilder$PrecalculatedZone:readFrom:(Ljava/io/DataInput;Ljava/lang/String;)Lorg/joda/time/tz/DateTimeZoneBuilder$PrecalculatedZone;#1346#12 prob_bp = 0.50000000000000000000
org.joda.time.tz.DateTimeZoneBuilder$PrecalculatedZone:readFrom:(Ljava/io/DataInput;Ljava/lang/String;)Lorg/joda/time/tz/DateTimeZoneBuilder$PrecalculatedZone;#1346#13 prob_bp = 0.50000000000000000000
org.joda.time.tz.DateTimeZoneBuilder$PrecalculatedZone:readFrom:(Ljava/io/DataInput;Ljava/lang/String;)Lorg/joda/time/tz/DateTimeZoneBuilder$PrecalculatedZone;#1346#17 prob_bp = 0.50000000000000000000
org.joda.time.tz.DateTimeZoneBuilder$PrecalculatedZone:readFrom:(Ljava/io/DataInput;Ljava/lang/String;)Lorg/joda/time/tz/DateTimeZoneBuilder$PrecalculatedZone;#1347#25 prob_bp = 0.50000000000000000000
org.joda.time.tz.DateTimeZoneBuilder$PrecalculatedZone:readFrom:(Ljava/io/DataInput;Ljava/lang/String;)Lorg/joda/time/tz/DateTimeZoneBuilder$PrecalculatedZone;#1346#31 prob_bp = 0.50000000000000000000
org.joda.time.tz.DateTimeZoneBuilder$PrecalculatedZone:readFrom:(Ljava/io/DataInput;Ljava/lang/String;)Lorg/joda/time/tz/DateTimeZoneBuilder$PrecalculatedZone;#1350#37 prob_bp = 0.50000000000000000000
org.joda.time.tz.DateTimeZoneBuilder$PrecalculatedZone:readFrom:(Ljava/io/DataInput;Ljava/lang/String;)Lorg/joda/time/tz/DateTimeZoneBuilder$PrecalculatedZone;#1350#38 prob_bp = 0.50000000000000000000
org.joda.time.tz.DateTimeZoneBuilder$PrecalculatedZone:readFrom:(Ljava/io/DataInput;Ljava/lang/String;)Lorg/joda/time/tz/DateTimeZoneBuilder$PrecalculatedZone;#1350#43 prob_bp = 0.50000000000000000000
org.joda.time.tz.DateTimeZoneBuilder$PrecalculatedZone:readFrom:(Ljava/io/DataInput;Ljava/lang/String;)Lorg/joda/time/tz/DateTimeZoneBuilder$PrecalculatedZone;#1356#70 prob_bp = 0.50000000000000000000
org.joda.time.tz.DateTimeZoneBuilder$PrecalculatedZone:readFrom:(Ljava/io/DataInput;Ljava/lang/String;)Lorg/joda/time/tz/DateTimeZoneBuilder$PrecalculatedZone;#1356#71 prob_bp = 0.50000000000000000000
org.joda.time.tz.DateTimeZoneBuilder$PrecalculatedZone:readFrom:(Ljava/io/DataInput;Ljava/lang/String;)Lorg/joda/time/tz/DateTimeZoneBuilder$PrecalculatedZone;#1356#73 prob_bp = 0.50000000000000000000
org.joda.time.tz.DateTimeZoneBuilder$PrecalculatedZone:readFrom:(Ljava/io/DataInput;Ljava/lang/String;)Lorg/joda/time/tz/DateTimeZoneBuilder$PrecalculatedZone;#1356#75 prob_bp = 0.50000000000000000000
org.joda.time.tz.DateTimeZoneBuilder$PrecalculatedZone:readFrom:(Ljava/io/DataInput;Ljava/lang/String;)Lorg/joda/time/tz/DateTimeZoneBuilder$PrecalculatedZone;#1356#77 prob_bp = 0.50000000000000000000
org.joda.time.tz.DateTimeZoneBuilder$PrecalculatedZone:readFrom:(Ljava/io/DataInput;Ljava/lang/String;)Lorg/joda/time/tz/DateTimeZoneBuilder$PrecalculatedZone;#1357#84 prob_bp = 0.50000000000000000000
org.joda.time.tz.DateTimeZoneBuilder$PrecalculatedZone:readFrom:(Ljava/io/DataInput;Ljava/lang/String;)Lorg/joda/time/tz/DateTimeZoneBuilder$PrecalculatedZone;#1357#85 prob_bp = 0.50000000000000000000
org.joda.time.tz.DateTimeZoneBuilder:readMillis:(Ljava/io/DataInput;)J#184#7 prob_bp = 0.50000000000000000000
org.joda.time.tz.DateTimeZoneBuilder:readMillis:(Ljava/io/DataInput;)J#209#166 prob_bp = 0.50000000000000000000
org.joda.time.tz.DateTimeZoneBuilder:readMillis:(Ljava/io/DataInput;)J#209#167 prob_bp = 0.50000000000000000000
org.joda.time.tz.DateTimeZoneBuilder$PrecalculatedZone:readFrom:(Ljava/io/DataInput;Ljava/lang/String;)Lorg/joda/time/tz/DateTimeZoneBuilder$PrecalculatedZone;#1358#93 prob_bp = 0.50000000000000000000
org.joda.time.tz.DateTimeZoneBuilder:readMillis:(Ljava/io/DataInput;)J#201#112 prob_bp = 0.50000000000000000000
org.joda.time.tz.DateTimeZoneBuilder:readMillis:(Ljava/io/DataInput;)J#202#125 prob_bp = 0.50000000000000000000
org.joda.time.tz.DateTimeZoneBuilder:readMillis:(Ljava/io/DataInput;)J#203#138 prob_bp = 0.50000000000000000000
org.joda.time.tz.DateTimeZoneBuilder:readMillis:(Ljava/io/DataInput;)J#203#139 prob_bp = 0.50000000000000000000
org.joda.time.tz.DateTimeZoneBuilder:readMillis:(Ljava/io/DataInput;)J#204#151 prob_bp = 0.50000000000000000000
org.joda.time.tz.DateTimeZoneBuilder:readMillis:(Ljava/io/DataInput;)J#204#152 prob_bp = 0.50000000000000000000
org.joda.time.tz.DateTimeZoneBuilder$PrecalculatedZone:readFrom:(Ljava/io/DataInput;Ljava/lang/String;)Lorg/joda/time/tz/DateTimeZoneBuilder$PrecalculatedZone;#1359#103 prob_bp = 0.50000000000000000000
org.joda.time.tz.DateTimeZoneBuilder$PrecalculatedZone:readFrom:(Ljava/io/DataInput;Ljava/lang/String;)Lorg/joda/time/tz/DateTimeZoneBuilder$PrecalculatedZone;#1359#104 prob_bp = 0.50000000000000000000
org.joda.time.tz.DateTimeZoneBuilder$PrecalculatedZone:readFrom:(Ljava/io/DataInput;Ljava/lang/String;)Lorg/joda/time/tz/DateTimeZoneBuilder$PrecalculatedZone;#1362#109 prob_bp = 0.50000000000000000000
org.joda.time.tz.DateTimeZoneBuilder$PrecalculatedZone:readFrom:(Ljava/io/DataInput;Ljava/lang/String;)Lorg/joda/time/tz/DateTimeZoneBuilder$PrecalculatedZone;#1362#113 prob_bp = 0.50000000000000000000
org.joda.time.tz.DateTimeZoneBuilder$PrecalculatedZone:readFrom:(Ljava/io/DataInput;Ljava/lang/String;)Lorg/joda/time/tz/DateTimeZoneBuilder$PrecalculatedZone;#1363#116 prob_bp = 0.50000000000000000000
org.joda.time.tz.DateTimeZoneBuilder$PrecalculatedZone:readFrom:(Ljava/io/DataInput;Ljava/lang/String;)Lorg/joda/time/tz/DateTimeZoneBuilder$PrecalculatedZone;#1363#117 prob_bp = 0.50000000000000000000
org.joda.time.tz.DateTimeZoneBuilder:readMillis:(Ljava/io/DataInput;)J#193#63 prob_bp = 0.50000000000000000000
org.joda.time.tz.DateTimeZoneBuilder:readMillis:(Ljava/io/DataInput;)J#193#64 prob_bp = 0.50000000000000000000
org.joda.time.tz.DateTimeZoneBuilder:readMillis:(Ljava/io/DataInput;)J#194#75 prob_bp = 0.50000000000000000000
org.joda.time.tz.DateTimeZoneBuilder:readMillis:(Ljava/io/DataInput;)J#195#87 prob_bp = 0.50000000000000000000
org.joda.time.tz.DateTimeZoneBuilder:readMillis:(Ljava/io/DataInput;)J#195#88 prob_bp = 0.50000000000000000000
org.joda.time.tz.DateTimeZoneBuilder$PrecalculatedZone:readFrom:(Ljava/io/DataInput;Ljava/lang/String;)Lorg/joda/time/tz/DateTimeZoneBuilder$PrecalculatedZone;#1374#168 prob_bp = 0.50000000000000000000
org.joda.time.tz.DateTimeZoneBuilder$PrecalculatedZone:readFrom:(Ljava/io/DataInput;Ljava/lang/String;)Lorg/joda/time/tz/DateTimeZoneBuilder$PrecalculatedZone;#1374#169 prob_bp = 0.50000000000000000000
org.joda.time.tz.DateTimeZoneBuilder$PrecalculatedZone:readFrom:(Ljava/io/DataInput;Ljava/lang/String;)Lorg/joda/time/tz/DateTimeZoneBuilder$PrecalculatedZone;#1374#174 prob_bp = 0.50000000000000000000
org.joda.time.tz.DateTimeZoneBuilder$PrecalculatedZone:readFrom:(Ljava/io/DataInput;Ljava/lang/String;)Lorg/joda/time/tz/DateTimeZoneBuilder$PrecalculatedZone;#1375#177 prob_bp = 0.50000000000000000000
org.joda.time.tz.DateTimeZoneBuilder$PrecalculatedZone:readFrom:(Ljava/io/DataInput;Ljava/lang/String;)Lorg/joda/time/tz/DateTimeZoneBuilder$PrecalculatedZone;#1375#178 prob_bp = 0.50000000000000000000
org.joda.time.tz.DateTimeZoneBuilder$PrecalculatedZone:readFrom:(Ljava/io/DataInput;Ljava/lang/String;)Lorg/joda/time/tz/DateTimeZoneBuilder$PrecalculatedZone;#1375#179 prob_bp = 0.50000000000000000000
org.joda.time.tz.DateTimeZoneBuilder$DSTZone:readFrom:(Ljava/io/DataInput;Ljava/lang/String;)Lorg/joda/time/tz/DateTimeZoneBuilder$DSTZone;#1169#4 prob_bp = 0.50000000000000000000
org.joda.time.tz.DateTimeZoneBuilder$DSTZone:readFrom:(Ljava/io/DataInput;Ljava/lang/String;)Lorg/joda/time/tz/DateTimeZoneBuilder$DSTZone;#1169#5 prob_bp = 0.50000000000000000000
org.joda.time.tz.DateTimeZoneBuilder$DSTZone:readFrom:(Ljava/io/DataInput;Ljava/lang/String;)Lorg/joda/time/tz/DateTimeZoneBuilder$DSTZone;#1169#6 prob_bp = 0.50000000000000000000
org.joda.time.tz.DateTimeZoneBuilder$DSTZone:readFrom:(Ljava/io/DataInput;Ljava/lang/String;)Lorg/joda/time/tz/DateTimeZoneBuilder$DSTZone;#1169#10 prob_bp = 0.50000000000000000000
org.joda.time.tz.DateTimeZoneBuilder$DSTZone:readFrom:(Ljava/io/DataInput;Ljava/lang/String;)Lorg/joda/time/tz/DateTimeZoneBuilder$DSTZone;#1169#11 prob_bp = 0.50000000000000000000
org.joda.time.tz.DateTimeZoneBuilder$Recurrence:readFrom:(Ljava/io/DataInput;)Lorg/joda/time/tz/DateTimeZoneBuilder$Recurrence;#740#5 prob_bp = 0.50000000000000000000
org.joda.time.tz.DateTimeZoneBuilder$OfYear:readFrom:(Ljava/io/DataInput;)Lorg/joda/time/tz/DateTimeZoneBuilder$OfYear;#482#4 prob_bp = 0.50000000000000000000
org.joda.time.tz.DateTimeZoneBuilder$OfYear:readFrom:(Ljava/io/DataInput;)Lorg/joda/time/tz/DateTimeZoneBuilder$OfYear;#482#5 prob_bp = 0.50000000000000000000
org.joda.time.tz.DateTimeZoneBuilder$OfYear:readFrom:(Ljava/io/DataInput;)Lorg/joda/time/tz/DateTimeZoneBuilder$OfYear;#482#11 prob_bp = 0.50000000000000000000
org.joda.time.tz.DateTimeZoneBuilder$OfYear:readFrom:(Ljava/io/DataInput;)Lorg/joda/time/tz/DateTimeZoneBuilder$OfYear;#482#12 prob_bp = 0.50000000000000000000
org.joda.time.tz.DateTimeZoneBuilder$OfYear:readFrom:(Ljava/io/DataInput;)Lorg/joda/time/tz/DateTimeZoneBuilder$OfYear;#482#17 prob_bp = 0.50000000000000000000
org.joda.time.tz.DateTimeZoneBuilder$OfYear:readFrom:(Ljava/io/DataInput;)Lorg/joda/time/tz/DateTimeZoneBuilder$OfYear;#482#18 prob_bp = 0.50000000000000000000
org.joda.time.tz.DateTimeZoneBuilder$OfYear:readFrom:(Ljava/io/DataInput;)Lorg/joda/time/tz/DateTimeZoneBuilder$OfYear;#482#23 prob_bp = 0.50000000000000000000
org.joda.time.tz.DateTimeZoneBuilder$OfYear:readFrom:(Ljava/io/DataInput;)Lorg/joda/time/tz/DateTimeZoneBuilder$OfYear;#482#24 prob_bp = 0.50000000000000000000
org.joda.time.tz.DateTimeZoneBuilder$OfYear:readFrom:(Ljava/io/DataInput;)Lorg/joda/time/tz/DateTimeZoneBuilder$OfYear;#482#29 prob_bp = 0.50000000000000000000
org.joda.time.tz.DateTimeZoneBuilder$OfYear:readFrom:(Ljava/io/DataInput;)Lorg/joda/time/tz/DateTimeZoneBuilder$OfYear;#482#30 prob_bp = 0.50000000000000000000
org.joda.time.tz.DateTimeZoneBuilder$OfYear:readFrom:(Ljava/io/DataInput;)Lorg/joda/time/tz/DateTimeZoneBuilder$OfYear;#482#35 prob_bp = 0.50000000000000000000
org.joda.time.tz.DateTimeZoneBuilder$Recurrence:readFrom:(Ljava/io/DataInput;)Lorg/joda/time/tz/DateTimeZoneBuilder$Recurrence;#740#8 prob_bp = 0.50000000000000000000
org.joda.time.tz.DateTimeZoneBuilder$Recurrence:readFrom:(Ljava/io/DataInput;)Lorg/joda/time/tz/DateTimeZoneBuilder$Recurrence;#740#9 prob_bp = 0.50000000000000000000
org.joda.time.tz.DateTimeZoneBuilder$Recurrence:readFrom:(Ljava/io/DataInput;)Lorg/joda/time/tz/DateTimeZoneBuilder$Recurrence;#740#14 prob_bp = 0.50000000000000000000
org.joda.time.tz.DateTimeZoneBuilder$DSTZone:readFrom:(Ljava/io/DataInput;Ljava/lang/String;)Lorg/joda/time/tz/DateTimeZoneBuilder$DSTZone;#1169#14 prob_bp = 0.50000000000000000000
org.joda.time.tz.DateTimeZoneBuilder$DSTZone:readFrom:(Ljava/io/DataInput;Ljava/lang/String;)Lorg/joda/time/tz/DateTimeZoneBuilder$DSTZone;#1169#15 prob_bp = 0.50000000000000000000
org.joda.time.tz.DateTimeZoneBuilder$DSTZone:readFrom:(Ljava/io/DataInput;Ljava/lang/String;)Lorg/joda/time/tz/DateTimeZoneBuilder$DSTZone;#1169#18 prob_bp = 0.50000000000000000000
org.joda.time.tz.DateTimeZoneBuilder$DSTZone:<init>:(Ljava/lang/String;ILorg/joda/time/tz/DateTimeZoneBuilder$Recurrence;Lorg/joda/time/tz/DateTimeZoneBuilder$Recurrence;)V#1179#1 prob_bp = 0.50000000000000000000
org.joda.time.tz.DateTimeZoneBuilder$DSTZone:<init>:(Ljava/lang/String;ILorg/joda/time/tz/DateTimeZoneBuilder$Recurrence;Lorg/joda/time/tz/DateTimeZoneBuilder$Recurrence;)V#1179#2 prob_bp = 0.50000000000000000000
org.joda.time.tz.DateTimeZoneBuilder$PrecalculatedZone:readFrom:(Ljava/io/DataInput;Ljava/lang/String;)Lorg/joda/time/tz/DateTimeZoneBuilder$PrecalculatedZone;#1378#187 prob_bp = 0.50000000000000000000
org.joda.time.tz.DateTimeZoneBuilder$PrecalculatedZone:readFrom:(Ljava/io/DataInput;Ljava/lang/String;)Lorg/joda/time/tz/DateTimeZoneBuilder$PrecalculatedZone;#1378#188 prob_bp = 0.50000000000000000000
org.joda.time.tz.DateTimeZoneBuilder$PrecalculatedZone:readFrom:(Ljava/io/DataInput;Ljava/lang/String;)Lorg/joda/time/tz/DateTimeZoneBuilder$PrecalculatedZone;#1378#199 prob_bp = 0.50000000000000000000
org.joda.time.tz.DateTimeZoneBuilder$PrecalculatedZone:<init>:(Ljava/lang/String;[J[I[I[Ljava/lang/String;Lorg/joda/time/tz/DateTimeZoneBuilder$DSTZone;)V#1503#0 prob_bp = 0.50000000000000000000
org.joda.time.tz.DateTimeZoneBuilder:readFrom:(Ljava/io/DataInput;Ljava/lang/String;)Lorg/joda/time/DateTimeZone;#119#86 prob_bp = 0.50000000000000000000
org.joda.time.tz.CachedDateTimeZone:forZone:(Lorg/joda/time/DateTimeZone;)Lorg/joda/time/tz/CachedDateTimeZone;#68#0 prob_bp = 0.50000000000000000000
org.joda.time.tz.CachedDateTimeZone:forZone:(Lorg/joda/time/DateTimeZone;)Lorg/joda/time/tz/CachedDateTimeZone;#71#16 prob_bp = 0.50000000000000000000
org.joda.time.tz.CachedDateTimeZone:<init>:(Lorg/joda/time/DateTimeZone;)V#87#1 prob_bp = 0.50000000000000000000
org.joda.time.tz.CachedDateTimeZone:<init>:(Lorg/joda/time/DateTimeZone;)V#87#2 prob_bp = 0.50000000000000000000
org.joda.time.DateTimeZone:getID:()Ljava/lang/String;#731#0 prob_bp = 0.50000000000000000000
org.joda.time.DateTimeZone:getID:()Ljava/lang/String;#731#4 prob_bp = 0.50000000000000000000
org.joda.time.tz.CachedDateTimeZone:forZone:(Lorg/joda/time/DateTimeZone;)Lorg/joda/time/tz/CachedDateTimeZone;#71#20 prob_bp = 0.50000000000000000000
org.joda.time.tz.DateTimeZoneBuilder:readFrom:(Ljava/io/DataInput;Ljava/lang/String;)Lorg/joda/time/DateTimeZone;#119#89 prob_bp = 0.50000000000000000000
org.joda.time.tz.DateTimeZoneBuilder:readFrom:(Ljava/io/InputStream;Ljava/lang/String;)Lorg/joda/time/DateTimeZone;#98#28 prob_bp = 0.50000000000000000000
org.joda.time.tz.ZoneInfoProvider:loadZoneData:(Ljava/lang/String;)Lorg/joda/time/DateTimeZone;#226#13 prob_bp = 0.50000000000000000000
org.joda.time.tz.ZoneInfoProvider:loadZoneData:(Ljava/lang/String;)Lorg/joda/time/DateTimeZone;#228#33 prob_bp = 0.50000000000000000000
org.joda.time.tz.ZoneInfoProvider:loadZoneData:(Ljava/lang/String;)Lorg/joda/time/DateTimeZone;#239#49 prob_bp = 0.50000000000000000000
org.joda.time.tz.ZoneInfoProvider:loadZoneData:(Ljava/lang/String;)Lorg/joda/time/DateTimeZone;#239#51 prob_bp = 0.50000000000000000000
org.joda.time.DateTimeZone:getDefault:()Lorg/joda/time/DateTimeZone;#134#0 prob_bp = 0.50000000000000000000
org.joda.time.DateTimeZone:getDefault:()Lorg/joda/time/DateTimeZone;#135#4 prob_bp = 0.50000000000000000000
org.joda.time.DateTimeZone:getDefault:()Lorg/joda/time/DateTimeZone;#135#5 prob_bp = 0.50000000000000000000
org.joda.time.DateTimeZone:getDefault:()Lorg/joda/time/DateTimeZone;#138#18 prob_bp = 0.50000000000000000000
org.joda.time.DateTimeZone:getDefault:()Lorg/joda/time/DateTimeZone;#139#22 prob_bp = 0.50000000000000000000
org.joda.time.DateTimeZone:getDefault:()Lorg/joda/time/DateTimeZone;#139#23 prob_bp = 0.50000000000000000000
org.joda.time.DateTimeZone:getDefault:()Lorg/joda/time/DateTimeZone;#142#26 prob_bp = 0.50000000000000000000
org.joda.time.DateTimeZone:getDefault:()Lorg/joda/time/DateTimeZone;#144#34 prob_bp = 0.50000000000000000000
org.joda.time.DateTimeZone:getDefault:()Lorg/joda/time/DateTimeZone;#144#35 prob_bp = 0.50000000000000000000
org.joda.time.tz.ZoneInfoProvider:getZone:(Ljava/lang/String;)Lorg/joda/time/DateTimeZone;#141#21 prob_bp = 0.50000000000000000000
org.joda.time.tz.ZoneInfoProvider:getZone:(Ljava/lang/String;)Lorg/joda/time/DateTimeZone;#141#22 prob_bp = 0.50000000000000000000
org.joda.time.DateTimeZone:forID:(Ljava/lang/String;)Lorg/joda/time/DateTimeZone;#215#37 prob_bp = 0.50000000000000000000
org.joda.time.DateTimeZone:forID:(Ljava/lang/String;)Lorg/joda/time/DateTimeZone;#215#47 prob_bp = 0.50000000000000000000
org.joda.time.DateTimeZone:forID:(Ljava/lang/String;)Lorg/joda/time/DateTimeZone;#215#49 prob_bp = 0.50000000000000000000
org.joda.time.DateTimeZone:forTimeZone:(Ljava/util/TimeZone;)Lorg/joda/time/DateTimeZone;#330#0 prob_bp = 0.50000000000000000000
org.joda.time.DateTimeZone:forTimeZone:(Ljava/util/TimeZone;)Lorg/joda/time/DateTimeZone;#333#8 prob_bp = 0.50000000000000000000
org.joda.time.DateTimeZone:forTimeZone:(Ljava/util/TimeZone;)Lorg/joda/time/DateTimeZone;#334#13 prob_bp = 0.50000000000000000000
org.joda.time.DateTimeZone:forTimeZone:(Ljava/util/TimeZone;)Lorg/joda/time/DateTimeZone;#334#14 prob_bp = 0.50000000000000000000
org.joda.time.DateTimeZone:forTimeZone:(Ljava/util/TimeZone;)Lorg/joda/time/DateTimeZone;#339#26 prob_bp = 0.50000000000000000000
org.joda.time.DateTimeZone:forTimeZone:(Ljava/util/TimeZone;)Lorg/joda/time/DateTimeZone;#339#27 prob_bp = 0.50000000000000000000
org.joda.time.DateTimeZone:forTimeZone:(Ljava/util/TimeZone;)Lorg/joda/time/DateTimeZone;#340#28 prob_bp = 0.50000000000000000000
org.joda.time.DateTimeZone:getConvertedId:(Ljava/lang/String;)Ljava/lang/String;#583#0 prob_bp = 0.50000000000000000000
org.joda.time.DateTimeZone:getConvertedId:(Ljava/lang/String;)Ljava/lang/String;#583#3 prob_bp = 0.50000000000000000000
org.joda.time.DateTimeZone:getConvertedId:(Ljava/lang/String;)Ljava/lang/String;#584#4 prob_bp = 0.50000000000000000000
org.joda.time.DateTimeZone:getConvertedId:(Ljava/lang/String;)Ljava/lang/String;#587#16 prob_bp = 0.50000000000000000000
org.joda.time.DateTimeZone:getConvertedId:(Ljava/lang/String;)Ljava/lang/String;#587#17 prob_bp = 0.50000000000000000000
org.joda.time.DateTimeZone:getConvertedId:(Ljava/lang/String;)Ljava/lang/String;#587#19 prob_bp = 0.50000000000000000000
org.joda.time.DateTimeZone:getConvertedId:(Ljava/lang/String;)Ljava/lang/String;#588#27 prob_bp = 0.50000000000000000000
org.joda.time.DateTimeZone:getConvertedId:(Ljava/lang/String;)Ljava/lang/String;#588#28 prob_bp = 0.50000000000000000000
org.joda.time.DateTimeZone:getConvertedId:(Ljava/lang/String;)Ljava/lang/String;#588#30 prob_bp = 0.50000000000000000000
org.joda.time.DateTimeZone:getConvertedId:(Ljava/lang/String;)Ljava/lang/String;#588#32 prob_bp = 0.50000000000000000000
org.joda.time.DateTimeZone:getConvertedId:(Ljava/lang/String;)Ljava/lang/String;#589#38 prob_bp = 0.50000000000000000000
org.joda.time.DateTimeZone:getConvertedId:(Ljava/lang/String;)Ljava/lang/String;#589#39 prob_bp = 0.50000000000000000000
org.joda.time.DateTimeZone:getConvertedId:(Ljava/lang/String;)Ljava/lang/String;#589#41 prob_bp = 0.50000000000000000000
org.joda.time.DateTimeZone:getConvertedId:(Ljava/lang/String;)Ljava/lang/String;#589#43 prob_bp = 0.50000000000000000000
org.joda.time.DateTimeZone:getConvertedId:(Ljava/lang/String;)Ljava/lang/String;#590#49 prob_bp = 0.50000000000000000000
org.joda.time.DateTimeZone:getConvertedId:(Ljava/lang/String;)Ljava/lang/String;#590#50 prob_bp = 0.50000000000000000000
org.joda.time.DateTimeZone:getConvertedId:(Ljava/lang/String;)Ljava/lang/String;#590#52 prob_bp = 0.50000000000000000000
org.joda.time.DateTimeZone:getConvertedId:(Ljava/lang/String;)Ljava/lang/String;#590#54 prob_bp = 0.50000000000000000000
org.joda.time.DateTimeZone:getConvertedId:(Ljava/lang/String;)Ljava/lang/String;#591#61 prob_bp = 0.50000000000000000000
org.joda.time.DateTimeZone:getConvertedId:(Ljava/lang/String;)Ljava/lang/String;#591#63 prob_bp = 0.50000000000000000000
org.joda.time.DateTimeZone:getConvertedId:(Ljava/lang/String;)Ljava/lang/String;#591#65 prob_bp = 0.50000000000000000000
org.joda.time.DateTimeZone:getConvertedId:(Ljava/lang/String;)Ljava/lang/String;#592#71 prob_bp = 0.50000000000000000000
org.joda.time.DateTimeZone:getConvertedId:(Ljava/lang/String;)Ljava/lang/String;#592#72 prob_bp = 0.50000000000000000000
org.joda.time.DateTimeZone:getConvertedId:(Ljava/lang/String;)Ljava/lang/String;#592#74 prob_bp = 0.50000000000000000000
org.joda.time.DateTimeZone:getConvertedId:(Ljava/lang/String;)Ljava/lang/String;#592#76 prob_bp = 0.50000000000000000000
org.joda.time.DateTimeZone:getConvertedId:(Ljava/lang/String;)Ljava/lang/String;#593#82 prob_bp = 0.50000000000000000000
org.joda.time.DateTimeZone:getConvertedId:(Ljava/lang/String;)Ljava/lang/String;#593#83 prob_bp = 0.50000000000000000000
org.joda.time.DateTimeZone:getConvertedId:(Ljava/lang/String;)Ljava/lang/String;#593#85 prob_bp = 0.50000000000000000000
org.joda.time.DateTimeZone:getConvertedId:(Ljava/lang/String;)Ljava/lang/String;#593#87 prob_bp = 0.50000000000000000000
org.joda.time.DateTimeZone:getConvertedId:(Ljava/lang/String;)Ljava/lang/String;#594#93 prob_bp = 0.50000000000000000000
org.joda.time.DateTimeZone:getConvertedId:(Ljava/lang/String;)Ljava/lang/String;#594#94 prob_bp = 0.50000000000000000000
org.joda.time.DateTimeZone:getConvertedId:(Ljava/lang/String;)Ljava/lang/String;#594#96 prob_bp = 0.50000000000000000000
org.joda.time.DateTimeZone:getConvertedId:(Ljava/lang/String;)Ljava/lang/String;#594#98 prob_bp = 0.50000000000000000000
org.joda.time.DateTimeZone:getConvertedId:(Ljava/lang/String;)Ljava/lang/String;#595#104 prob_bp = 0.50000000000000000000
org.joda.time.DateTimeZone:getConvertedId:(Ljava/lang/String;)Ljava/lang/String;#595#105 prob_bp = 0.50000000000000000000
org.joda.time.DateTimeZone:getConvertedId:(Ljava/lang/String;)Ljava/lang/String;#595#107 prob_bp = 0.50000000000000000000
org.joda.time.DateTimeZone:getConvertedId:(Ljava/lang/String;)Ljava/lang/String;#595#109 prob_bp = 0.50000000000000000000
org.joda.time.DateTimeZone:getConvertedId:(Ljava/lang/String;)Ljava/lang/String;#596#115 prob_bp = 0.50000000000000000000
org.joda.time.DateTimeZone:getConvertedId:(Ljava/lang/String;)Ljava/lang/String;#596#116 prob_bp = 0.50000000000000000000
org.joda.time.DateTimeZone:getConvertedId:(Ljava/lang/String;)Ljava/lang/String;#596#118 prob_bp = 0.50000000000000000000
org.joda.time.DateTimeZone:getConvertedId:(Ljava/lang/String;)Ljava/lang/String;#596#120 prob_bp = 0.50000000000000000000
org.joda.time.DateTimeZone:getConvertedId:(Ljava/lang/String;)Ljava/lang/String;#597#126 prob_bp = 0.50000000000000000000
org.joda.time.DateTimeZone:getConvertedId:(Ljava/lang/String;)Ljava/lang/String;#597#127 prob_bp = 0.50000000000000000000
org.joda.time.DateTimeZone:getConvertedId:(Ljava/lang/String;)Ljava/lang/String;#597#129 prob_bp = 0.50000000000000000000
org.joda.time.DateTimeZone:getConvertedId:(Ljava/lang/String;)Ljava/lang/String;#597#131 prob_bp = 0.50000000000000000000
org.joda.time.DateTimeZone:getConvertedId:(Ljava/lang/String;)Ljava/lang/String;#598#137 prob_bp = 0.50000000000000000000
org.joda.time.DateTimeZone:getConvertedId:(Ljava/lang/String;)Ljava/lang/String;#598#138 prob_bp = 0.50000000000000000000
org.joda.time.DateTimeZone:getConvertedId:(Ljava/lang/String;)Ljava/lang/String;#598#140 prob_bp = 0.50000000000000000000
org.joda.time.DateTimeZone:getConvertedId:(Ljava/lang/String;)Ljava/lang/String;#598#142 prob_bp = 0.50000000000000000000
org.joda.time.DateTimeZone:getConvertedId:(Ljava/lang/String;)Ljava/lang/String;#599#148 prob_bp = 0.50000000000000000000
org.joda.time.DateTimeZone:getConvertedId:(Ljava/lang/String;)Ljava/lang/String;#599#149 prob_bp = 0.50000000000000000000
org.joda.time.DateTimeZone:getConvertedId:(Ljava/lang/String;)Ljava/lang/String;#599#151 prob_bp = 0.50000000000000000000
org.joda.time.DateTimeZone:getConvertedId:(Ljava/lang/String;)Ljava/lang/String;#599#153 prob_bp = 0.50000000000000000000
org.joda.time.DateTimeZone:getConvertedId:(Ljava/lang/String;)Ljava/lang/String;#600#159 prob_bp = 0.50000000000000000000
org.joda.time.DateTimeZone:getConvertedId:(Ljava/lang/String;)Ljava/lang/String;#600#160 prob_bp = 0.50000000000000000000
org.joda.time.DateTimeZone:getConvertedId:(Ljava/lang/String;)Ljava/lang/String;#600#162 prob_bp = 0.50000000000000000000
org.joda.time.DateTimeZone:getConvertedId:(Ljava/lang/String;)Ljava/lang/String;#600#164 prob_bp = 0.50000000000000000000
org.joda.time.DateTimeZone:getConvertedId:(Ljava/lang/String;)Ljava/lang/String;#601#170 prob_bp = 0.50000000000000000000
org.joda.time.DateTimeZone:getConvertedId:(Ljava/lang/String;)Ljava/lang/String;#601#171 prob_bp = 0.50000000000000000000
org.joda.time.DateTimeZone:getConvertedId:(Ljava/lang/String;)Ljava/lang/String;#601#173 prob_bp = 0.50000000000000000000
org.joda.time.DateTimeZone:getConvertedId:(Ljava/lang/String;)Ljava/lang/String;#601#175 prob_bp = 0.50000000000000000000
org.joda.time.DateTimeZone:getConvertedId:(Ljava/lang/String;)Ljava/lang/String;#602#181 prob_bp = 0.50000000000000000000
org.joda.time.DateTimeZone:getConvertedId:(Ljava/lang/String;)Ljava/lang/String;#602#182 prob_bp = 0.50000000000000000000
org.joda.time.DateTimeZone:getConvertedId:(Ljava/lang/String;)Ljava/lang/String;#602#184 prob_bp = 0.50000000000000000000
org.joda.time.DateTimeZone:getConvertedId:(Ljava/lang/String;)Ljava/lang/String;#602#186 prob_bp = 0.50000000000000000000
org.joda.time.DateTimeZone:getConvertedId:(Ljava/lang/String;)Ljava/lang/String;#603#192 prob_bp = 0.50000000000000000000
org.joda.time.DateTimeZone:getConvertedId:(Ljava/lang/String;)Ljava/lang/String;#603#193 prob_bp = 0.50000000000000000000
org.joda.time.DateTimeZone:getConvertedId:(Ljava/lang/String;)Ljava/lang/String;#603#195 prob_bp = 0.50000000000000000000
org.joda.time.DateTimeZone:getConvertedId:(Ljava/lang/String;)Ljava/lang/String;#603#197 prob_bp = 0.50000000000000000000
org.joda.time.DateTimeZone:getConvertedId:(Ljava/lang/String;)Ljava/lang/String;#604#203 prob_bp = 0.50000000000000000000
org.joda.time.DateTimeZone:getConvertedId:(Ljava/lang/String;)Ljava/lang/String;#604#204 prob_bp = 0.50000000000000000000
org.joda.time.DateTimeZone:getConvertedId:(Ljava/lang/String;)Ljava/lang/String;#604#206 prob_bp = 0.50000000000000000000
org.joda.time.DateTimeZone:getConvertedId:(Ljava/lang/String;)Ljava/lang/String;#604#208 prob_bp = 0.50000000000000000000
org.joda.time.DateTimeZone:getConvertedId:(Ljava/lang/String;)Ljava/lang/String;#605#214 prob_bp = 0.50000000000000000000
org.joda.time.DateTimeZone:getConvertedId:(Ljava/lang/String;)Ljava/lang/String;#605#215 prob_bp = 0.50000000000000000000
org.joda.time.DateTimeZone:getConvertedId:(Ljava/lang/String;)Ljava/lang/String;#605#217 prob_bp = 0.50000000000000000000
org.joda.time.DateTimeZone:getConvertedId:(Ljava/lang/String;)Ljava/lang/String;#605#219 prob_bp = 0.50000000000000000000
org.joda.time.DateTimeZone:getConvertedId:(Ljava/lang/String;)Ljava/lang/String;#606#225 prob_bp = 0.50000000000000000000
org.joda.time.DateTimeZone:getConvertedId:(Ljava/lang/String;)Ljava/lang/String;#606#226 prob_bp = 0.50000000000000000000
org.joda.time.DateTimeZone:getConvertedId:(Ljava/lang/String;)Ljava/lang/String;#606#228 prob_bp = 0.50000000000000000000
org.joda.time.DateTimeZone:getConvertedId:(Ljava/lang/String;)Ljava/lang/String;#606#230 prob_bp = 0.50000000000000000000
org.joda.time.DateTimeZone:getConvertedId:(Ljava/lang/String;)Ljava/lang/String;#607#236 prob_bp = 0.50000000000000000000
org.joda.time.DateTimeZone:getConvertedId:(Ljava/lang/String;)Ljava/lang/String;#607#237 prob_bp = 0.50000000000000000000
org.joda.time.DateTimeZone:getConvertedId:(Ljava/lang/String;)Ljava/lang/String;#607#239 prob_bp = 0.50000000000000000000
org.joda.time.DateTimeZone:getConvertedId:(Ljava/lang/String;)Ljava/lang/String;#607#241 prob_bp = 0.50000000000000000000
org.joda.time.DateTimeZone:getConvertedId:(Ljava/lang/String;)Ljava/lang/String;#608#247 prob_bp = 0.50000000000000000000
org.joda.time.DateTimeZone:getConvertedId:(Ljava/lang/String;)Ljava/lang/String;#608#248 prob_bp = 0.50000000000000000000
org.joda.time.DateTimeZone:getConvertedId:(Ljava/lang/String;)Ljava/lang/String;#608#250 prob_bp = 0.50000000000000000000
org.joda.time.DateTimeZone:getConvertedId:(Ljava/lang/String;)Ljava/lang/String;#608#252 prob_bp = 0.50000000000000000000
org.joda.time.DateTimeZone:getConvertedId:(Ljava/lang/String;)Ljava/lang/String;#609#258 prob_bp = 0.50000000000000000000
org.joda.time.DateTimeZone:getConvertedId:(Ljava/lang/String;)Ljava/lang/String;#609#259 prob_bp = 0.50000000000000000000
org.joda.time.DateTimeZone:getConvertedId:(Ljava/lang/String;)Ljava/lang/String;#609#261 prob_bp = 0.50000000000000000000
org.joda.time.DateTimeZone:getConvertedId:(Ljava/lang/String;)Ljava/lang/String;#609#263 prob_bp = 0.50000000000000000000
org.joda.time.DateTimeZone:getConvertedId:(Ljava/lang/String;)Ljava/lang/String;#610#269 prob_bp = 0.50000000000000000000
org.joda.time.DateTimeZone:getConvertedId:(Ljava/lang/String;)Ljava/lang/String;#610#270 prob_bp = 0.50000000000000000000
org.joda.time.DateTimeZone:getConvertedId:(Ljava/lang/String;)Ljava/lang/String;#610#272 prob_bp = 0.50000000000000000000
org.joda.time.DateTimeZone:getConvertedId:(Ljava/lang/String;)Ljava/lang/String;#610#274 prob_bp = 0.50000000000000000000
org.joda.time.DateTimeZone:getConvertedId:(Ljava/lang/String;)Ljava/lang/String;#611#280 prob_bp = 0.50000000000000000000
org.joda.time.DateTimeZone:getConvertedId:(Ljava/lang/String;)Ljava/lang/String;#611#281 prob_bp = 0.50000000000000000000
org.joda.time.DateTimeZone:getConvertedId:(Ljava/lang/String;)Ljava/lang/String;#611#283 prob_bp = 0.50000000000000000000
org.joda.time.DateTimeZone:getConvertedId:(Ljava/lang/String;)Ljava/lang/String;#611#285 prob_bp = 0.50000000000000000000
org.joda.time.DateTimeZone:getConvertedId:(Ljava/lang/String;)Ljava/lang/String;#612#291 prob_bp = 0.50000000000000000000
org.joda.time.DateTimeZone:getConvertedId:(Ljava/lang/String;)Ljava/lang/String;#612#292 prob_bp = 0.50000000000000000000
org.joda.time.DateTimeZone:getConvertedId:(Ljava/lang/String;)Ljava/lang/String;#612#294 prob_bp = 0.50000000000000000000
org.joda.time.DateTimeZone:getConvertedId:(Ljava/lang/String;)Ljava/lang/String;#612#296 prob_bp = 0.50000000000000000000
org.joda.time.DateTimeZone:getConvertedId:(Ljava/lang/String;)Ljava/lang/String;#613#302 prob_bp = 0.50000000000000000000
org.joda.time.DateTimeZone:getConvertedId:(Ljava/lang/String;)Ljava/lang/String;#613#303 prob_bp = 0.50000000000000000000
org.joda.time.DateTimeZone:getConvertedId:(Ljava/lang/String;)Ljava/lang/String;#613#305 prob_bp = 0.50000000000000000000
org.joda.time.DateTimeZone:getConvertedId:(Ljava/lang/String;)Ljava/lang/String;#613#307 prob_bp = 0.50000000000000000000
org.joda.time.DateTimeZone:getConvertedId:(Ljava/lang/String;)Ljava/lang/String;#614#313 prob_bp = 0.50000000000000000000
org.joda.time.DateTimeZone:getConvertedId:(Ljava/lang/String;)Ljava/lang/String;#614#314 prob_bp = 0.50000000000000000000
org.joda.time.DateTimeZone:getConvertedId:(Ljava/lang/String;)Ljava/lang/String;#614#316 prob_bp = 0.50000000000000000000
org.joda.time.DateTimeZone:getConvertedId:(Ljava/lang/String;)Ljava/lang/String;#614#318 prob_bp = 0.50000000000000000000
org.joda.time.DateTimeZone:getConvertedId:(Ljava/lang/String;)Ljava/lang/String;#615#324 prob_bp = 0.50000000000000000000
org.joda.time.DateTimeZone:getConvertedId:(Ljava/lang/String;)Ljava/lang/String;#615#325 prob_bp = 0.50000000000000000000
org.joda.time.DateTimeZone:getConvertedId:(Ljava/lang/String;)Ljava/lang/String;#615#327 prob_bp = 0.50000000000000000000
org.joda.time.DateTimeZone:getConvertedId:(Ljava/lang/String;)Ljava/lang/String;#615#329 prob_bp = 0.50000000000000000000
org.joda.time.DateTimeZone:getConvertedId:(Ljava/lang/String;)Ljava/lang/String;#616#335 prob_bp = 0.50000000000000000000
org.joda.time.DateTimeZone:getConvertedId:(Ljava/lang/String;)Ljava/lang/String;#616#336 prob_bp = 0.50000000000000000000
org.joda.time.DateTimeZone:getConvertedId:(Ljava/lang/String;)Ljava/lang/String;#616#338 prob_bp = 0.50000000000000000000
org.joda.time.DateTimeZone:getConvertedId:(Ljava/lang/String;)Ljava/lang/String;#616#340 prob_bp = 0.50000000000000000000
org.joda.time.DateTimeZone:getConvertedId:(Ljava/lang/String;)Ljava/lang/String;#617#346 prob_bp = 0.50000000000000000000
org.joda.time.DateTimeZone:getConvertedId:(Ljava/lang/String;)Ljava/lang/String;#617#347 prob_bp = 0.50000000000000000000
org.joda.time.DateTimeZone:getConvertedId:(Ljava/lang/String;)Ljava/lang/String;#617#349 prob_bp = 0.50000000000000000000
org.joda.time.DateTimeZone:getConvertedId:(Ljava/lang/String;)Ljava/lang/String;#617#351 prob_bp = 0.50000000000000000000
org.joda.time.DateTimeZone:getConvertedId:(Ljava/lang/String;)Ljava/lang/String;#618#357 prob_bp = 0.50000000000000000000
org.joda.time.DateTimeZone:getConvertedId:(Ljava/lang/String;)Ljava/lang/String;#618#358 prob_bp = 0.50000000000000000000
org.joda.time.DateTimeZone:getConvertedId:(Ljava/lang/String;)Ljava/lang/String;#618#360 prob_bp = 0.50000000000000000000
org.joda.time.DateTimeZone:getConvertedId:(Ljava/lang/String;)Ljava/lang/String;#618#362 prob_bp = 0.50000000000000000000
org.joda.time.DateTimeZone:getConvertedId:(Ljava/lang/String;)Ljava/lang/String;#619#368 prob_bp = 0.50000000000000000000
org.joda.time.DateTimeZone:getConvertedId:(Ljava/lang/String;)Ljava/lang/String;#619#369 prob_bp = 0.50000000000000000000
org.joda.time.DateTimeZone:getConvertedId:(Ljava/lang/String;)Ljava/lang/String;#619#371 prob_bp = 0.50000000000000000000
org.joda.time.DateTimeZone:getConvertedId:(Ljava/lang/String;)Ljava/lang/String;#619#373 prob_bp = 0.50000000000000000000
org.joda.time.DateTimeZone:getConvertedId:(Ljava/lang/String;)Ljava/lang/String;#584#5#unexe#1 prob_bp = 0.50000000000000000000
org.joda.time.DateTimeZone:getConvertedId:(Ljava/lang/String;)Ljava/lang/String;#622#384 prob_bp = 0.50000000000000000000
org.joda.time.DateTimeZone:getConvertedId:(Ljava/lang/String;)Ljava/lang/String;#622#390 prob_bp = 0.50000000000000000000
org.joda.time.DateTimeZone:getConvertedId:(Ljava/lang/String;)Ljava/lang/String;#622#393 prob_bp = 0.50000000000000000000
org.joda.time.DateTimeZone:forTimeZone:(Ljava/util/TimeZone;)Lorg/joda/time/DateTimeZone;#340#32 prob_bp = 0.50000000000000000000
org.joda.time.tz.DateTimeZoneBuilder:readMillis:(Ljava/io/DataInput;)J#201#113 prob_bp = 0.50000000000000010000
org.joda.time.tz.DateTimeZoneBuilder$OfYear:<init>:(CIIIZI)V#505#4 prob_bp = 0.50000000000000010000
org.joda.time.tz.DateTimeZoneBuilder$OfYear:<init>:(CIIIZI)V#505#7 prob_bp = 0.50000000000000010000
org.joda.time.DateTimeZone:<init>:(Ljava/lang/String;)V#718#18 prob_bp = 0.50000000000000010000
org.joda.time.DateTimeZone:<init>:(Ljava/lang/String;)V#718#19 prob_bp = 0.50000000000000010000
org.joda.time.tz.CachedDateTimeZone:forZone:(Lorg/joda/time/DateTimeZone;)Lorg/joda/time/tz/CachedDateTimeZone;#68#1 prob_bp = 0.50000000000000010000
org.joda.time.DateTimeZone:getID:()Ljava/lang/String;#731#1 prob_bp = 0.50000000000000010000
org.joda.time.DateTimeZone:getDefault:()Lorg/joda/time/DateTimeZone;#137#17 prob_bp = 0.50000000000000010000
org.joda.time.DateTimeZone:getDefault:()Lorg/joda/time/DateTimeZone;#138#19 prob_bp = 0.50000000000000010000
org.joda.time.DateTimeZone:forID:(Ljava/lang/String;)Lorg/joda/time/DateTimeZone;#215#46 prob_bp = 0.50000000000000010000
org.joda.time.DateTimeZone:getDefault:()Lorg/joda/time/DateTimeZone;#149#43 prob_bp = 0.50000000000000010000
org.joda.time.DateTimeZone:forTimeZone:(Ljava/util/TimeZone;)Lorg/joda/time/DateTimeZone;#333#9 prob_bp = 0.50000000000000010000
org.joda.time.DateTimeZone:getConvertedId:(Ljava/lang/String;)Ljava/lang/String;#622#385 prob_bp = 0.50000000000000010000
org.joda.time.DateTimeZone:forID:(Ljava/lang/String;)Lorg/joda/time/DateTimeZone;#208#11 prob_bp = 0.50000000000000020000
org.joda.time.DateTimeZone:<init>:(Ljava/lang/String;)V#718#20 prob_bp = 0.50000000000000020000
org.joda.time.tz.ZoneInfoProvider:getZone:(Ljava/lang/String;)Lorg/joda/time/DateTimeZone;#139#10 prob_bp = 0.50000000000000030000
org.joda.time.DateTimeZone:getDefault:()Lorg/joda/time/DateTimeZone;#142#24 prob_bp = 0.50000000000000030000
org.joda.time.DateTimeZone:getDefault:()Lorg/joda/time/DateTimeZone;#143#31 prob_bp = 0.50000000000000030000
org.joda.time.DateTimeZone:getConvertedId:(Ljava/lang/String;)Ljava/lang/String;#622#383 prob_bp = 0.50000000000000030000
org.joda.time.DateTimeZone:forTimeZone:(Ljava/util/TimeZone;)Lorg/joda/time/DateTimeZone;#341#33 prob_bp = 0.50000000000000030000
org.joda.time.tz.CachedDateTimeZone:forZone:(Lorg/joda/time/DateTimeZone;)Lorg/joda/time/tz/CachedDateTimeZone;#71#12 prob_bp = 0.50000000000000100000
org.joda.time.tz.CachedDateTimeZone:forZone:(Lorg/joda/time/DateTimeZone;)Lorg/joda/time/tz/CachedDateTimeZone;#71#17 prob_bp = 0.50000000000000100000
org.joda.time.DateTimeZone:getDefault:()Lorg/joda/time/DateTimeZone;#134#3 prob_bp = 0.50000000000000180000
org.joda.time.tz.ZoneInfoProvider:getZone:(Ljava/lang/String;)Lorg/joda/time/DateTimeZone;#144#24 prob_bp = 0.50000000000000190000
org.joda.time.DateTimeZone:forTimeZone:(Ljava/util/TimeZone;)Lorg/joda/time/DateTimeZone;#345#55 prob_bp = 0.50000000000000190000
org.joda.time.tz.ZoneInfoProvider:getZone:(Ljava/lang/String;)Lorg/joda/time/DateTimeZone;#139#11 prob_bp = 0.50000000000000380000
org.joda.time.DateTimeZone:getDefault:()Lorg/joda/time/DateTimeZone;#150#50 prob_bp = 0.50000000000000460000
org.joda.time.DateTimeZone:getConvertedId:(Ljava/lang/String;)Ljava/lang/String;#591#60 prob_bp = 0.50000000000000460000
org.joda.time.tz.ZoneInfoProvider:getZone:(Ljava/lang/String;)Lorg/joda/time/DateTimeZone;#135#0 prob_bp = 0.50000000000000470000
org.joda.time.DateTimeZone:getDefault:()Lorg/joda/time/DateTimeZone;#150#47 prob_bp = 0.50000000000000470000
org.joda.time.DateTimeZone:forTimeZone:(Ljava/util/TimeZone;)Lorg/joda/time/DateTimeZone;#344#47 prob_bp = 0.50000000000000470000
org.joda.time.tz.ZoneInfoProvider:getZone:(Ljava/lang/String;)Lorg/joda/time/DateTimeZone;#140#18 prob_bp = 0.50000000000000520000
org.joda.time.DateTimeZone:forID:(Ljava/lang/String;)Lorg/joda/time/DateTimeZone;#205#0 prob_bp = 0.50000000000000540000
org.joda.time.tz.ZoneInfoProvider:loadZoneData:(Ljava/lang/String;)Lorg/joda/time/DateTimeZone;#225#3 prob_bp = 0.50000000000000540000
org.joda.time.tz.ZoneInfoProvider:openResource:(Ljava/lang/String;)Ljava/io/InputStream;#204#63 prob_bp = 0.50000000000000540000
org.joda.time.tz.ZoneInfoProvider:loadZoneData:(Ljava/lang/String;)Lorg/joda/time/DateTimeZone;#226#9 prob_bp = 0.50000000000000540000
org.joda.time.tz.DateTimeZoneBuilder:readFrom:(Ljava/io/InputStream;Ljava/lang/String;)Lorg/joda/time/DateTimeZone;#95#0 prob_bp = 0.50000000000000540000
org.joda.time.tz.DateTimeZoneBuilder:readFrom:(Ljava/io/InputStream;Ljava/lang/String;)Lorg/joda/time/DateTimeZone;#98#16 prob_bp = 0.50000000000000540000
org.joda.time.tz.DateTimeZoneBuilder:readFrom:(Ljava/io/InputStream;Ljava/lang/String;)Lorg/joda/time/DateTimeZone;#98#25 prob_bp = 0.50000000000000540000
org.joda.time.DateTimeZone:getConvertedId:(Ljava/lang/String;)Ljava/lang/String;#586#15 prob_bp = 0.50000000000000570000
org.joda.time.tz.ZoneInfoProvider:getZone:(Ljava/lang/String;)Lorg/joda/time/DateTimeZone;#140#17 prob_bp = 0.50000000000000770000
org.joda.time.tz.ZoneInfoProvider:getZone:(Ljava/lang/String;)Lorg/joda/time/DateTimeZone;#144#23 prob_bp = 0.50000000000001040000
org.joda.time.DateTimeZone:forID:(Ljava/lang/String;)Lorg/joda/time/DateTimeZone;#211#24 prob_bp = 0.50000000000001080000
org.joda.time.tz.ZoneInfoProvider:loadZoneData:(Ljava/lang/String;)Lorg/joda/time/DateTimeZone;#228#34 prob_bp = 0.50000000000001080000
org.joda.time.tz.DateTimeZoneBuilder$PrecalculatedZone:readFrom:(Ljava/io/DataInput;Ljava/lang/String;)Lorg/joda/time/tz/DateTimeZoneBuilder$PrecalculatedZone;#1344#6 prob_bp = 0.50000000000001090000
org.joda.time.tz.DateTimeZoneBuilder$PrecalculatedZone:readFrom:(Ljava/io/DataInput;Ljava/lang/String;)Lorg/joda/time/tz/DateTimeZoneBuilder$PrecalculatedZone;#1356#159 prob_bp = 0.50000000000001090000
org.joda.time.tz.DateTimeZoneBuilder$PrecalculatedZone:readFrom:(Ljava/io/DataInput;Ljava/lang/String;)Lorg/joda/time/tz/DateTimeZoneBuilder$PrecalculatedZone;#1378#184 prob_bp = 0.50000000000001090000
org.joda.time.tz.DateTimeZoneBuilder$PrecalculatedZone:readFrom:(Ljava/io/DataInput;Ljava/lang/String;)Lorg/joda/time/tz/DateTimeZoneBuilder$PrecalculatedZone;#1378#202 prob_bp = 0.50000000000001090000
org.joda.time.tz.ZoneInfoProvider:getZone:(Ljava/lang/String;)Lorg/joda/time/DateTimeZone;#146#36 prob_bp = 0.50000000000001090000
org.joda.time.DateTimeZone:forID:(Ljava/lang/String;)Lorg/joda/time/DateTimeZone;#211#21 prob_bp = 0.50000000000001100000
org.joda.time.tz.DateTimeZoneBuilder$PrecalculatedZone:<init>:(Ljava/lang/String;[J[I[I[Ljava/lang/String;Lorg/joda/time/tz/DateTimeZoneBuilder$DSTZone;)V#1503#1 prob_bp = 0.50000000000001120000
org.joda.time.tz.CachedDateTimeZone:forZone:(Lorg/joda/time/DateTimeZone;)Lorg/joda/time/tz/CachedDateTimeZone;#68#4 prob_bp = 0.50000000000001120000
org.joda.time.tz.ZoneInfoProvider:getZone:(Ljava/lang/String;)Lorg/joda/time/DateTimeZone;#135#1 prob_bp = 0.50000000000001210000
org.joda.time.tz.CachedDateTimeZone:<init>:(Lorg/joda/time/DateTimeZone;)V#87#5 prob_bp = 0.50000000000001440000
org.joda.time.DateTimeZone:getConvertedId:(Ljava/lang/String;)Ljava/lang/String;#586#8 prob_bp = 0.50000000000001490000
org.joda.time.DateTimeZone:forID:(Ljava/lang/String;)Lorg/joda/time/DateTimeZone;#211#25 prob_bp = 0.50000000000002160000
org.joda.time.tz.DateTimeZoneBuilder:readMillis:(Ljava/io/DataInput;)J#183#0 prob_bp = 0.50000000000002180000
org.joda.time.DateTimeZone:forID:(Ljava/lang/String;)Lorg/joda/time/DateTimeZone;#208#8 prob_bp = 0.50000000000002500000
org.joda.time.tz.DateTimeZoneBuilder:readMillis:(Ljava/io/DataInput;)J#184#8 prob_bp = 0.50000000000003260000
org.joda.time.tz.DateTimeZoneBuilder$PrecalculatedZone:readFrom:(Ljava/io/DataInput;Ljava/lang/String;)Lorg/joda/time/tz/DateTimeZoneBuilder$PrecalculatedZone;#1358#94 prob_bp = 0.50000000000003260000
org.joda.time.tz.DateTimeZoneBuilder:readMillis:(Ljava/io/DataInput;)J#202#126 prob_bp = 0.50000000000003260000
org.joda.time.tz.DateTimeZoneBuilder$PrecalculatedZone:readFrom:(Ljava/io/DataInput;Ljava/lang/String;)Lorg/joda/time/tz/DateTimeZoneBuilder$PrecalculatedZone;#1362#110 prob_bp = 0.50000000000003260000
org.joda.time.tz.DateTimeZoneBuilder:readMillis:(Ljava/io/DataInput;)J#194#76 prob_bp = 0.50000000000003260000
org.joda.time.tz.DateTimeZoneBuilder:readMillis:(Ljava/io/DataInput;)J#184#10 prob_bp = 0.50000000000003810000
org.joda.time.tz.DateTimeZoneBuilder$PrecalculatedZone:<init>:(Ljava/lang/String;[J[I[I[Ljava/lang/String;Lorg/joda/time/tz/DateTimeZoneBuilder$DSTZone;)V#1503#2 prob_bp = 0.50000000000004850000
org.joda.time.DateTimeZone:<init>:(Ljava/lang/String;)V#715#4 prob_bp = 0.50000000000019340000
org.joda.time.tz.ZoneInfoProvider:getZone:(Ljava/lang/String;)Lorg/joda/time/DateTimeZone;#144#28 prob_bp = 0.50000000000039830000
org.joda.time.tz.ZoneInfoProvider:getZone:(Ljava/lang/String;)Lorg/joda/time/DateTimeZone;#151#44 prob_bp = 0.50000000000072020000
org.joda.time.DateTimeZone:<init>:(Ljava/lang/String;)V#715#5 prob_bp = 0.50000000000077870000
org.joda.time.tz.ZoneInfoProvider:getZone:(Ljava/lang/String;)Lorg/joda/time/DateTimeZone;#139#16 prob_bp = 0.50000000000157870000
org.joda.time.tz.ZoneInfoProvider:getZone:(Ljava/lang/String;)Lorg/joda/time/DateTimeZone;#151#45 prob_bp = 0.50000000000305080000
org.joda.time.tz.ZoneInfoProvider:getZone:(Ljava/lang/String;)Lorg/joda/time/DateTimeZone;#149#37 prob_bp = 0.50000000000717990000
org.joda.time.tz.ZoneInfoProvider:getZone:(Ljava/lang/String;)Lorg/joda/time/DateTimeZone;#151#48 prob_bp = 0.50000000001243170000
org.joda.time.tz.ZoneInfoProvider:getZone:(Ljava/lang/String;)Lorg/joda/time/DateTimeZone;#149#38 prob_bp = 0.50000000003033560000
org.joda.time.tz.ZoneInfoProvider:getZone:(Ljava/lang/String;)Lorg/joda/time/DateTimeZone;#152#49 prob_bp = 0.50000000005021390000
org.joda.time.tz.ZoneInfoProvider:getZone:(Ljava/lang/String;)Lorg/joda/time/DateTimeZone;#149#41 prob_bp = 0.50000000012366690000
org.joda.time.tz.ZoneInfoProvider:getZone:(Ljava/lang/String;)Lorg/joda/time/DateTimeZone;#152#50 prob_bp = 0.50000000020231870000
org.joda.time.tz.ZoneInfoProvider:getZone:(Ljava/lang/String;)Lorg/joda/time/DateTimeZone;#152#53 prob_bp = 0.50000000141768270000
org.joda.time.tz.ZoneInfoProvider:getZone:(Ljava/lang/String;)Lorg/joda/time/DateTimeZone;#153#58 prob_bp = 0.50000000581477730000
org.joda.time.tz.ZoneInfoProvider:getZone:(Ljava/lang/String;)Lorg/joda/time/DateTimeZone;#152#56 prob_bp = 0.50000000631208840000
org.joda.time.tz.ZoneInfoProvider:getZone:(Ljava/lang/String;)Lorg/joda/time/DateTimeZone;#154#63 prob_bp = 0.50000002020766200000
org.joda.time.tz.ZoneInfoProvider:getZone:(Ljava/lang/String;)Lorg/joda/time/DateTimeZone;#153#60 prob_bp = 0.50000002355017970000
org.joda.time.tz.ZoneInfoProvider:getZone:(Ljava/lang/String;)Lorg/joda/time/DateTimeZone;#154#65 prob_bp = 0.50000008182562780000
org.joda.time.DateTimeZone:forTimeZone:(Ljava/util/TimeZone;)Lorg/joda/time/DateTimeZone;#345#60 prob_bp = 0.50000016471382170000
org.joda.time.DateTimeZone:forID:(Ljava/lang/String;)Lorg/joda/time/DateTimeZone;#211#30 prob_bp = 0.50000016517837560000
org.joda.time.DateTimeZone:forTimeZone:(Ljava/util/TimeZone;)Lorg/joda/time/DateTimeZone;#347#61 prob_bp = 0.50000066002487600000
org.joda.time.DateTimeZone:forID:(Ljava/lang/String;)Lorg/joda/time/DateTimeZone;#212#31 prob_bp = 0.50000066564302940000
org.joda.time.DateTimeZone:forTimeZone:(Ljava/util/TimeZone;)Lorg/joda/time/DateTimeZone;#347#62 prob_bp = 0.50000265767750090000
org.joda.time.DateTimeZone:forID:(Ljava/lang/String;)Lorg/joda/time/DateTimeZone;#212#32 prob_bp = 0.50000268100974200000
org.joda.time.DateTimeZone:setDefault:(Lorg/joda/time/DateTimeZone;)V#179#21 prob_bp = 0.52916192063866570000
org.joda.time.DateTimeZone:setDefault:(Lorg/joda/time/DateTimeZone;)V#179#22 prob_bp = 0.58429033920001070000
org.joda.time.TestPeriod_Basics:<clinit>:()V#44#5 prob_bp = 1.00000000000000000000
org.joda.time.TestPeriod_Basics:setUp:()V#92#28 prob_bp = 1.00000000000000000000
org.joda.time.TestPeriod_Basics:setUp:()V#92#31 prob_bp = 1.00000000000000000000
org.joda.time.TestPeriod_Basics:testNormalizedStandard_periodType_months1:()V#1521#0 prob_bp = 1.00000000000000000000
org.joda.time.TestPeriod_Basics:testNormalizedStandard_periodType_months1:()V#1521#16 prob_bp = 1.00000000000000000000
org.joda.time.TestPeriod_Basics:testNormalizedStandard_periodType_months1:()V#1522#17 prob_bp = 1.00000000000000000000
org.joda.time.TestPeriod_Basics:testNormalizedStandard_periodType_months1:()V#1522#18 prob_bp = 1.00000000000000000000
org.joda.time.TestPeriod_Basics:testNormalizedStandard_periodType_months1:()V#1522#21 prob_bp = 1.00000000000000000000
org.joda.time.TestPeriod_Basics:testNormalizedStandard_periodType_months2:()V#1528#0 prob_bp = 1.00000000000000000000
org.joda.time.TestPeriod_Basics:testNormalizedStandard_periodType_months2:()V#1528#17 prob_bp = 1.00000000000000000000
org.joda.time.TestPeriod_Basics:testNormalizedStandard_periodType_months2:()V#1529#18 prob_bp = 1.00000000000000000000
org.joda.time.TestPeriod_Basics:testNormalizedStandard_periodType_months2:()V#1529#19 prob_bp = 1.00000000000000000000
org.joda.time.TestPeriod_Basics:testNormalizedStandard_periodType_months2:()V#1529#22 prob_bp = 1.00000000000000000000
org.joda.time.TestPeriod_Basics:testNormalizedStandard_periodType_monthsWeeks:()V#1552#0 prob_bp = 1.00000000000000000000
org.joda.time.TestPeriod_Basics:testNormalizedStandard_periodType_monthsWeeks:()V#1552#1 prob_bp = 1.00000000000000000000
org.joda.time.TestPeriod_Basics:testNormalizedStandard_periodType_monthsWeeks:()V#1552#22 prob_bp = 1.00000000000000000000
org.joda.time.TestPeriod_Basics:testNormalizedStandard_periodType_monthsWeeks:()V#1552#25 prob_bp = 1.00000000000000000000
org.joda.time.TestPeriod_Basics:testNormalizedStandard_periodType_monthsWeeks:()V#1556#26 prob_bp = 1.00000000000000000000
org.joda.time.TestPeriod_Basics:testNormalizedStandard_periodType_monthsWeeks:()V#1556#42 prob_bp = 1.00000000000000000000
org.joda.time.TestPeriod_Basics:testNormalizedStandard_periodType_monthsWeeks:()V#1557#43 prob_bp = 1.00000000000000000000
org.joda.time.TestPeriod_Basics:testNormalizedStandard_periodType_monthsWeeks:()V#1557#44 prob_bp = 1.00000000000000000000
org.joda.time.TestPeriod_Basics:testNormalizedStandard_periodType_monthsWeeks:()V#1557#45 prob_bp = 1.00000000000000000000
Belief propagation time : 223.709000s
