Belief propagation time: 48

Probabilities: 
Vars:55916
Stmts:3586
org.apache.commons.math.complex.Complex:add:(Lorg/apache/commons/math/complex/Complex;)Lorg/apache/commons/math/complex/Complex;#153#5 prob_bp = 0.50006221113270420000
org.apache.commons.math.complex.Complex:add:(Lorg/apache/commons/math/complex/Complex;)Lorg/apache/commons/math/complex/Complex;#153#6 prob_bp = 0.50007357081731480000
org.apache.commons.math.complex.Complex:add:(Lorg/apache/commons/math/complex/Complex;)Lorg/apache/commons/math/complex/Complex;#153#9 prob_bp = 0.50092005570562150000
org.apache.commons.math.complex.Complex:add:(Lorg/apache/commons/math/complex/Complex;)Lorg/apache/commons/math/complex/Complex;#153#10 prob_bp = 0.50097887923483140000
org.apache.commons.math.complex.Complex:add:(Lorg/apache/commons/math/complex/Complex;)Lorg/apache/commons/math/complex/Complex;#153#13 prob_bp = 0.50147551383550600000
org.apache.commons.math.complex.Complex:add:(Lorg/apache/commons/math/complex/Complex;)Lorg/apache/commons/math/complex/Complex;#152#0 prob_bp = 0.53060442449831580000
org.apache.commons.math.complex.Complex:add:(Lorg/apache/commons/math/complex/Complex;)Lorg/apache/commons/math/complex/Complex;#152#1 prob_bp = 0.53130336831698940000
org.apache.commons.math.util.MathUtils:checkNotNull:(Ljava/lang/Object;)V#2331#0 prob_bp = 0.53287129011361800000
org.apache.commons.math.util.MathUtils:checkNotNull:(Ljava/lang/Object;)V#2331#1 prob_bp = 0.53652947560024370000
org.apache.commons.math.complex.Complex:createComplex:(DD)Lorg/apache/commons/math/complex/Complex;#997#4 prob_bp = 0.56584950628879260000
org.apache.commons.math.complex.Complex:add:(Lorg/apache/commons/math/complex/Complex;)Lorg/apache/commons/math/complex/Complex;#153#23 prob_bp = 0.65481125563154110000
org.apache.commons.math.complex.Complex:<init>:(DD)V#91#5 prob_bp = 0.97623162241653200000
org.apache.commons.math.complex.Complex:<init>:(DD)V#91#4 prob_bp = 0.98195047538312770000
org.apache.commons.math.complex.Complex:<init>:(DD)V#91#6 prob_bp = 0.98553806630203860000
org.apache.commons.math.complex.Complex:add:(Lorg/apache/commons/math/complex/Complex;)Lorg/apache/commons/math/complex/Complex;#153#26 prob_bp = 0.99854641727378960000
org.apache.commons.math.complex.Complex:getReal:()D#308#1 prob_bp = 0.99994847296763220000
org.apache.commons.math.complex.Complex:createComplex:(DD)Lorg/apache/commons/math/complex/Complex;#997#3 prob_bp = 0.99999895479115960000
org.apache.commons.math.complex.Complex:getReal:()D#308#0 prob_bp = 0.99999895480490240000
org.apache.commons.math.complex.Complex:getReal:()D#308#4 prob_bp = 0.99999900146121570000
org.apache.commons.math.complex.Complex:<clinit>:()V#56#25 prob_bp = 0.99999939730494300000
org.apache.commons.math.complex.Complex:createComplex:(DD)Lorg/apache/commons/math/complex/Complex;#997#6 prob_bp = 0.99999999997531800000
org.apache.commons.math.complex.ComplexTest:testAddNaN:()V#111#0 prob_bp = 1.00000000000000000000
org.apache.commons.math.complex.ComplexTest:testAddNaN:()V#111#3 prob_bp = 1.00000000000000000000
org.apache.commons.math.complex.ComplexTest:testAddNaN:()V#111#4 prob_bp = 1.00000000000000000000
org.apache.commons.math.complex.ComplexTest:testAddNaN:()V#111#10 prob_bp = 1.00000000000000000000
org.apache.commons.math.complex.ComplexTest:testAddNaN:()V#111#13 prob_bp = 1.00000000000000000000
org.apache.commons.math.complex.ComplexTest:testAddNaN:()V#112#15 prob_bp = 1.00000000000000000000
org.apache.commons.math.complex.ComplexTest:testAddNaN:()V#112#18 prob_bp = 1.00000000000000000000
org.apache.commons.math.complex.Complex:createComplex:(DD)Lorg/apache/commons/math/complex/Complex;#997#0 prob_bp = 1.00000000000000000000
org.apache.commons.math.complex.Complex:createComplex:(DD)Lorg/apache/commons/math/complex/Complex;#997#9 prob_bp = 1.00000000000000000000
org.apache.commons.math.complex.ComplexTest:testAddNaN:()V#114#29 prob_bp = 1.00000000000000000000
org.apache.commons.math.complex.ComplexTest:testAddNaN:()V#114#32 prob_bp = 1.00000000000000000000
org.apache.commons.math.complex.ComplexTest:testAddNaN:()V#114#33 prob_bp = 1.00000000000000000000
org.apache.commons.math.complex.ComplexTest:testAddNaN:()V#114#38 prob_bp = 1.00000000000000000000
org.apache.commons.math.complex.ComplexTest:testAddNaN:()V#114#41 prob_bp = 1.00000000000000000000
org.apache.commons.math.complex.ComplexTest:testAddNaN:()V#115#42 prob_bp = 1.00000000000000000000
org.apache.commons.math.complex.ComplexTest:testAddNaN:()V#115#43 prob_bp = 1.00000000000000000000
org.apache.commons.math.complex.ComplexTest:testAddNaN:()V#115#44 prob_bp = 1.00000000000000000000
org.apache.commons.math.complex.ComplexTest:testAddNaN:()V#115#47 prob_bp = 1.00000000000000000000
org.apache.commons.math.complex.ComplexTest:testAddNaN:()V#116#48 prob_bp = 1.00000000000000000000
org.apache.commons.math.complex.ComplexTest:testAddNaN:()V#116#49 prob_bp = 1.00000000000000000000
org.apache.commons.math.complex.ComplexTest:testAddNaN:()V#116#52 prob_bp = 1.00000000000000000000
org.apache.commons.math.complex.ComplexTest:testAddNaN:()V#116#55 prob_bp = 1.00000000000000000000
Belief propagation time : 9.221000s
