Belief propagation time: 100

Probabilities: 
Vars:888859
Stmts:7271
org.apache.commons.math3.optimization.direct.BaseAbstractMultivariateOptimizer:computeObjectiveValue:([D)D#99#27 prob_bp = 0.49833884933613853000
org.apache.commons.math3.optimization.direct.BaseAbstractMultivariateOptimizer:computeObjectiveValue:([D)D#99#23 prob_bp = 0.49843881765514330000
org.apache.commons.math3.optimization.direct.CMAESOptimizer$FitnessFunction:value:([D)D#958#34 prob_bp = 0.49928067450550523000
org.apache.commons.math3.optimization.direct.CMAESOptimizer$FitnessFunction:decode:([D)[D#947#78 prob_bp = 0.49989923065681446000
org.apache.commons.math3.optimization.direct.CMAESOptimizer$FitnessFunction:decode:([D)[D#947#77 prob_bp = 0.49997518408497754000
org.apache.commons.math3.optimization.direct.CMAESOptimizer$FitnessFunction:decode:([D)[D#939#7 prob_bp = 0.49998721488331593000
org.apache.commons.math3.optimization.direct.CMAESOptimizer$FitnessFunction:decode:([D)[D#942#16 prob_bp = 0.49999388877724915000
org.apache.commons.math3.optimization.direct.CMAESOptimizer:access$100:(Lorg/apache/commons/math3/optimization/direct/CMAESOptimizer;)[[D#91#4 prob_bp = 0.49999745161226500000
org.apache.commons.math3.optimization.direct.CMAESOptimizer$FitnessFunction:value:([D)D#958#25 prob_bp = 0.49999845286967230000
org.apache.commons.math3.optimization.direct.CMAESOptimizer$FitnessFunction:decode:([D)[D#942#14 prob_bp = 0.49999849491948800000
org.apache.commons.math3.optimization.direct.CMAESOptimizer$FitnessFunction:<init>:(Lorg/apache/commons/math3/optimization/direct/CMAESOptimizer;)V#903#6 prob_bp = 0.49999954025468550000
org.apache.commons.math3.optimization.direct.CMAESOptimizer$FitnessFunction:value:([D)D#958#24 prob_bp = 0.49999954061565830000
org.apache.commons.math3.optimization.direct.CMAESOptimizer$FitnessFunction:decode:([D)[D#942#13 prob_bp = 0.49999962919898250000
org.apache.commons.math3.optimization.direct.CMAESOptimizer:doOptimize:()Lorg/apache/commons/math3/optimization/PointValuePair;#359#18 prob_bp = 0.49999979575427256000
org.apache.commons.math3.optimization.direct.CMAESOptimizer$FitnessFunction:<init>:(Lorg/apache/commons/math3/optimization/direct/CMAESOptimizer;)V#903#5 prob_bp = 0.49999981006031924000
org.apache.commons.math3.optimization.direct.CMAESOptimizer:doOptimize:()Lorg/apache/commons/math3/optimization/PointValuePair;#365#54 prob_bp = 0.49999981048059877000
org.apache.commons.math3.optimization.direct.CMAESOptimizer:doOptimize:()Lorg/apache/commons/math3/optimization/PointValuePair;#359#23 prob_bp = 0.49999987700076720000
org.apache.commons.math3.optimization.direct.CMAESOptimizer:doOptimize:()Lorg/apache/commons/math3/optimization/PointValuePair;#365#52 prob_bp = 0.49999987734628090000
org.apache.commons.math3.optimization.direct.CMAESOptimizer:doOptimize:()Lorg/apache/commons/math3/optimization/PointValuePair;#359#21 prob_bp = 0.49999989361193510000
org.apache.commons.math3.optimization.direct.CMAESOptimizer:doOptimize:()Lorg/apache/commons/math3/optimization/PointValuePair;#359#26 prob_bp = 0.49999989391078660000
org.apache.commons.math3.optimization.direct.CMAESOptimizer$FitnessFunction:decode:([D)[D#942#12 prob_bp = 0.49999990851884650000
org.apache.commons.math3.optimization.direct.CMAESOptimizer$FitnessFunction:value:([D)D#956#14 prob_bp = 0.49999995635013283000
org.apache.commons.math3.optimization.direct.CMAESOptimizer$FitnessFunction:value:([D)D#958#31 prob_bp = 0.49999997730207280000
org.apache.commons.math3.optimization.direct.CMAESOptimizer:access$100:(Lorg/apache/commons/math3/optimization/direct/CMAESOptimizer;)[[D#91#1 prob_bp = 0.49999999154080066000
org.apache.commons.math3.optimization.direct.CMAESOptimizer$FitnessFunction:value:([D)D#958#29 prob_bp = 0.49999999436834486000
org.apache.commons.math3.optimization.direct.CMAESOptimizer:access$100:(Lorg/apache/commons/math3/optimization/direct/CMAESOptimizer;)[[D#91#0 prob_bp = 0.49999999799837475000
org.apache.commons.math3.optimization.direct.CMAESOptimizer$FitnessFunction:value:([D)D#957#22 prob_bp = 0.49999999860270450000
org.apache.commons.math3.optimization.direct.CMAESOptimizer$FitnessFunction:decode:([D)[D#939#4 prob_bp = 0.49999999960059677000
org.apache.commons.math3.optimization.direct.CMAESOptimizer$FitnessFunction:repair:([D)[D#1009#56 prob_bp = 0.49999999965331070000
org.apache.commons.math3.optimization.direct.CMAESOptimizer:diag:(Lorg/apache/commons/math3/linear/RealMatrix;)Lorg/apache/commons/math3/linear/RealMatrix;#1155#7 prob_bp = 0.49999999971231660000
org.apache.commons.math3.optimization.direct.CMAESOptimizer:diag:(Lorg/apache/commons/math3/linear/RealMatrix;)Lorg/apache/commons/math3/linear/RealMatrix;#1155#6 prob_bp = 0.49999999972345540000
org.apache.commons.math3.optimization.direct.CMAESOptimizer$FitnessFunction:value:([D)D#956#11 prob_bp = 0.49999999982967697000
org.apache.commons.math3.optimization.direct.CMAESOptimizer$FitnessFunction:value:([D)D#956#7 prob_bp = 0.49999999986336360000
org.apache.commons.math3.optimization.direct.CMAESOptimizer$FitnessFunction:repair:([D)[D#1009#55 prob_bp = 0.49999999991398136000
org.apache.commons.math3.optimization.direct.CMAESOptimizer:diag:(Lorg/apache/commons/math3/linear/RealMatrix;)Lorg/apache/commons/math3/linear/RealMatrix;#1155#1 prob_bp = 0.49999999991443356000
org.apache.commons.math3.optimization.direct.CMAESOptimizer$FitnessFunction:value:([D)D#956#10 prob_bp = 0.49999999994940570000
org.apache.commons.math3.optimization.direct.CMAESOptimizer:diag:(Lorg/apache/commons/math3/linear/RealMatrix;)Lorg/apache/commons/math3/linear/RealMatrix;#1155#0 prob_bp = 0.49999999996461420000
org.apache.commons.math3.optimization.direct.CMAESOptimizer:initializeCMA:([D)V#629#778 prob_bp = 0.49999999997707270000
org.apache.commons.math3.optimization.direct.CMAESOptimizer$FitnessFunction:repair:([D)[D#999#4 prob_bp = 0.49999999997865750000
org.apache.commons.math3.optimization.direct.CMAESOptimizer:square:(Lorg/apache/commons/math3/linear/RealMatrix;)Lorg/apache/commons/math3/linear/RealMatrix;#1070#82 prob_bp = 0.49999999998016575000
org.apache.commons.math3.optimization.direct.CMAESOptimizer:square:(Lorg/apache/commons/math3/linear/RealMatrix;)Lorg/apache/commons/math3/linear/RealMatrix;#1070#73 prob_bp = 0.49999999998093375000
org.apache.commons.math3.optimization.direct.CMAESOptimizer$FitnessFunction:<init>:(Lorg/apache/commons/math3/optimization/direct/CMAESOptimizer;)V#905#16 prob_bp = 0.49999999998324110000
org.apache.commons.math3.optimization.direct.CMAESOptimizer$FitnessFunction:<init>:(Lorg/apache/commons/math3/optimization/direct/CMAESOptimizer;)V#905#15 prob_bp = 0.49999999998389030000
org.apache.commons.math3.optimization.direct.CMAESOptimizer$FitnessFunction:<init>:(Lorg/apache/commons/math3/optimization/direct/CMAESOptimizer;)V#905#14 prob_bp = 0.49999999999307630000
org.apache.commons.math3.optimization.direct.CMAESOptimizer$FitnessFunction:repair:([D)[D#999#2 prob_bp = 0.49999999999470470000
org.apache.commons.math3.optimization.direct.CMAESOptimizer$FitnessFunction:encode:([D)[D#913#7 prob_bp = 0.49999999999766890000
org.apache.commons.math3.optimization.direct.CMAESOptimizer$FitnessFunction:decode:([D)[D#939#1 prob_bp = 0.49999999999812605000
org.apache.commons.math3.optimization.direct.CMAESOptimizer:<init>:(I[DIDZIILorg/apache/commons/math3/random/RandomGenerator;ZLorg/apache/commons/math3/optimization/ConvergenceChecker;)V#315#75 prob_bp = 0.49999999999817600000
org.apache.commons.math3.optimization.direct.CMAESOptimizer$FitnessFunction:repair:([D)[D#999#1 prob_bp = 0.49999999999868616000
org.apache.commons.math3.optimization.direct.CMAESOptimizer:<init>:(I)V#253#14 prob_bp = 0.49999999999948680000
org.apache.commons.math3.optimization.direct.CMAESOptimizer$FitnessFunction:decode:([D)[D#939#0 prob_bp = 0.49999999999952904000
org.apache.commons.math3.optimization.direct.CMAESOptimizer:<init>:(I)V#253#0 prob_bp = 0.49999999999953504000
org.apache.commons.math3.optimization.direct.CMAESOptimizer:<init>:()V#246#2 prob_bp = 0.49999999999955297000
org.apache.commons.math3.optimization.direct.CMAESOptimizer:<init>:()V#246#0 prob_bp = 0.49999999999956180000
org.apache.commons.math3.optimization.direct.CMAESOptimizer$FitnessFunction:repair:([D)[D#999#0 prob_bp = 0.49999999999967404000
org.apache.commons.math3.optimization.direct.CMAESOptimizer$FitnessFunction:value:([D)D#957#19 prob_bp = 0.49999999999991920000
org.apache.commons.math3.util.FastMath:nextAfter:(DD)D#3235#109 prob_bp = 0.49999999999994804000
org.apache.commons.math3.optimization.direct.CMAESOptimizer:checkParameters:()V#519#61 prob_bp = 0.49999999999995560000
org.apache.commons.math3.optimization.direct.CMAESOptimizer:checkParameters:()V#519#60 prob_bp = 0.49999999999995730000
org.apache.commons.math3.optimization.direct.CMAESOptimizer$FitnessFunction:value:([D)D#958#28 prob_bp = 0.49999999999996350000
org.apache.commons.math3.optimization.direct.CMAESOptimizer$FitnessFunction:value:([D)D#957#18 prob_bp = 0.49999999999997990000
org.apache.commons.math3.optimization.direct.CMAESOptimizer:<init>:(I)V#253#2 prob_bp = 0.49999999999998745000
org.apache.commons.math3.util.FastMath:nextAfter:(DD)D#3227#52 prob_bp = 0.49999999999999406000
org.apache.commons.math3.optimization.direct.CMAESOptimizer$FitnessFunction:value:([D)D#956#4 prob_bp = 0.49999999999999580000
org.apache.commons.math3.util.FastMath:nextAfter:(DD)D#3235#103 prob_bp = 0.49999999999999880000
org.apache.commons.math3.util.FastMath:nextAfter:(DD)D#3235#108 prob_bp = 0.49999999999999880000
org.apache.commons.math3.optimization.direct.CMAESOptimizer:doOptimize:()Lorg/apache/commons/math3/optimization/PointValuePair;#365#53 prob_bp = 0.49999999999999880000
org.apache.commons.math3.util.FastMath:nextAfter:(DD)D#3235#95 prob_bp = 0.49999999999999890000
org.apache.commons.math3.optimization.direct.CMAESOptimizer:doOptimize:()Lorg/apache/commons/math3/optimization/PointValuePair;#360#35 prob_bp = 0.49999999999999980000
org.apache.commons.math3.util.FastMath:nextAfter:(DD)D#3235#88 prob_bp = 0.49999999999999983000
org.apache.commons.math3.util.FastMath:nextAfter:(DD)D#3235#100 prob_bp = 0.49999999999999983000
org.apache.commons.math3.util.FastMath:nextAfter:(DD)D#3225#27 prob_bp = 0.49999999999999990000
org.apache.commons.math3.optimization.direct.CMAESOptimizer$FitnessFunction:encode:([D)[D#913#4 prob_bp = 0.49999999999999990000
org.apache.commons.math3.optimization.direct.CMAESOptimizer$FitnessFunction:encode:([D)[D#921#78 prob_bp = 0.49999999999999990000
org.apache.commons.math3.util.FastMath:nextAfter:(DD)D#3221#1 prob_bp = 0.49999999999999994000
org.apache.commons.math3.optimization.direct.BaseAbstractMultivariateSimpleBoundsOptimizer:optimize:(ILorg/apache/commons/math3/analysis/MultivariateFunction;Lorg/apache/commons/math3/optimization/GoalType;[D[D[D)Lorg/apache/commons/math3/optimization/PointValuePair;#97#15 prob_bp = 0.49999999999999994000
org.apache.commons.math3.optimization.direct.BaseAbstractMultivariateSimpleBoundsOptimizer:optimize:(ILorg/apache/commons/math3/analysis/MultivariateFunction;Lorg/apache/commons/math3/optimization/GoalType;[D[D[D)Lorg/apache/commons/math3/optimization/PointValuePair;#101#45 prob_bp = 0.49999999999999994000
org.apache.commons.math3.optimization.direct.BaseAbstractMultivariateSimpleBoundsOptimizer:optimize:(ILorg/apache/commons/math3/analysis/MultivariateFunction;Lorg/apache/commons/math3/optimization/GoalType;[D[D[D)Lorg/apache/commons/math3/optimization/PointValuePair;#103#57 prob_bp = 0.49999999999999994000
org.apache.commons.math3.optimization.direct.BaseAbstractMultivariateSimpleBoundsOptimizer:optimize:(ILorg/apache/commons/math3/analysis/MultivariateFunction;Lorg/apache/commons/math3/optimization/GoalType;[D[D[D)Lorg/apache/commons/math3/optimization/PointValuePair;#113#124 prob_bp = 0.49999999999999994000
org.apache.commons.math3.optimization.direct.BaseAbstractMultivariateSimpleBoundsOptimizer:optimize:(ILorg/apache/commons/math3/analysis/MultivariateFunction;Lorg/apache/commons/math3/optimization/GoalType;[D[D[D)Lorg/apache/commons/math3/optimization/PointValuePair;#115#140 prob_bp = 0.49999999999999994000
org.apache.commons.math3.optimization.direct.BaseAbstractMultivariateOptimizer:optimizeInternal:(ILorg/apache/commons/math3/analysis/MultivariateFunction;Lorg/apache/commons/math3/optimization/GoalType;[D)Lorg/apache/commons/math3/optimization/PointValuePair;#143#52 prob_bp = 0.49999999999999994000
org.apache.commons.math3.optimization.direct.BaseAbstractMultivariateOptimizer:optimizeInternal:(ILorg/apache/commons/math3/analysis/MultivariateFunction;Lorg/apache/commons/math3/optimization/GoalType;[D)Lorg/apache/commons/math3/optimization/PointValuePair;#143#53 prob_bp = 0.49999999999999994000
org.apache.commons.math3.optimization.direct.CMAESOptimizer:doOptimize:()Lorg/apache/commons/math3/optimization/PointValuePair;#360#32 prob_bp = 0.49999999999999994000
org.apache.commons.math3.util.FastMath:nextUp:(D)D#767#0 prob_bp = 0.50000000000000000000
org.apache.commons.math3.util.FastMath:nextUp:(D)D#767#4 prob_bp = 0.50000000000000000000
org.apache.commons.math3.util.FastMath:nextAfter:(DD)D#3221#0 prob_bp = 0.50000000000000000000
org.apache.commons.math3.util.FastMath:nextAfter:(DD)D#3221#4 prob_bp = 0.50000000000000000000
org.apache.commons.math3.util.FastMath:nextAfter:(DD)D#3221#7 prob_bp = 0.50000000000000000000
org.apache.commons.math3.util.FastMath:nextAfter:(DD)D#3221#8 prob_bp = 0.50000000000000000000
org.apache.commons.math3.util.FastMath:nextAfter:(DD)D#3221#11 prob_bp = 0.50000000000000000000
org.apache.commons.math3.util.FastMath:nextAfter:(DD)D#3223#18 prob_bp = 0.50000000000000000000
org.apache.commons.math3.util.FastMath:nextAfter:(DD)D#3223#19 prob_bp = 0.50000000000000000000
org.apache.commons.math3.util.FastMath:nextAfter:(DD)D#3223#20 prob_bp = 0.50000000000000000000
org.apache.commons.math3.util.FastMath:nextAfter:(DD)D#3223#21 prob_bp = 0.50000000000000000000
org.apache.commons.math3.util.FastMath:nextAfter:(DD)D#3225#26 prob_bp = 0.50000000000000000000
org.apache.commons.math3.util.FastMath:nextAfter:(DD)D#3225#30 prob_bp = 0.50000000000000000000
org.apache.commons.math3.util.FastMath:nextAfter:(DD)D#3227#49 prob_bp = 0.50000000000000000000
org.apache.commons.math3.util.FastMath:nextAfter:(DD)D#3227#50 prob_bp = 0.50000000000000000000
org.apache.commons.math3.util.FastMath:nextAfter:(DD)D#3227#51 prob_bp = 0.50000000000000000000
org.apache.commons.math3.util.FastMath:nextAfter:(DD)D#3233#71 prob_bp = 0.50000000000000000000
org.apache.commons.math3.util.FastMath:nextAfter:(DD)D#3233#75 prob_bp = 0.50000000000000000000
org.apache.commons.math3.util.FastMath:nextAfter:(DD)D#3234#77 prob_bp = 0.50000000000000000000
org.apache.commons.math3.util.FastMath:nextAfter:(DD)D#3234#79 prob_bp = 0.50000000000000000000
org.apache.commons.math3.util.FastMath:nextAfter:(DD)D#3234#82 prob_bp = 0.50000000000000000000
org.apache.commons.math3.util.FastMath:nextAfter:(DD)D#3234#83 prob_bp = 0.50000000000000000000
org.apache.commons.math3.util.FastMath:nextAfter:(DD)D#3235#85 prob_bp = 0.50000000000000000000
org.apache.commons.math3.util.FastMath:nextAfter:(DD)D#3235#86 prob_bp = 0.50000000000000000000
org.apache.commons.math3.util.FastMath:nextAfter:(DD)D#3235#87 prob_bp = 0.50000000000000000000
org.apache.commons.math3.util.FastMath:nextAfter:(DD)D#3235#96 prob_bp = 0.50000000000000000000
org.apache.commons.math3.util.FastMath:nextAfter:(DD)D#3235#98 prob_bp = 0.50000000000000000000
org.apache.commons.math3.util.FastMath:nextAfter:(DD)D#3235#99 prob_bp = 0.50000000000000000000
org.apache.commons.math3.optimization.direct.BaseAbstractMultivariateSimpleBoundsOptimizer:optimize:(ILorg/apache/commons/math3/analysis/MultivariateFunction;Lorg/apache/commons/math3/optimization/GoalType;[D[D[D)Lorg/apache/commons/math3/optimization/PointValuePair;#97#10 prob_bp = 0.50000000000000000000
org.apache.commons.math3.optimization.direct.BaseAbstractMultivariateSimpleBoundsOptimizer:optimize:(ILorg/apache/commons/math3/analysis/MultivariateFunction;Lorg/apache/commons/math3/optimization/GoalType;[D[D[D)Lorg/apache/commons/math3/optimization/PointValuePair;#97#12 prob_bp = 0.50000000000000000000
org.apache.commons.math3.optimization.direct.BaseAbstractMultivariateSimpleBoundsOptimizer:optimize:(ILorg/apache/commons/math3/analysis/MultivariateFunction;Lorg/apache/commons/math3/optimization/GoalType;[D[D[D)Lorg/apache/commons/math3/optimization/PointValuePair;#97#13 prob_bp = 0.50000000000000000000
org.apache.commons.math3.optimization.direct.BaseAbstractMultivariateSimpleBoundsOptimizer:optimize:(ILorg/apache/commons/math3/analysis/MultivariateFunction;Lorg/apache/commons/math3/optimization/GoalType;[D[D[D)Lorg/apache/commons/math3/optimization/PointValuePair;#100#32 prob_bp = 0.50000000000000000000
org.apache.commons.math3.optimization.direct.BaseAbstractMultivariateSimpleBoundsOptimizer:optimize:(ILorg/apache/commons/math3/analysis/MultivariateFunction;Lorg/apache/commons/math3/optimization/GoalType;[D[D[D)Lorg/apache/commons/math3/optimization/PointValuePair;#100#34 prob_bp = 0.50000000000000000000
org.apache.commons.math3.optimization.direct.BaseAbstractMultivariateSimpleBoundsOptimizer:optimize:(ILorg/apache/commons/math3/analysis/MultivariateFunction;Lorg/apache/commons/math3/optimization/GoalType;[D[D[D)Lorg/apache/commons/math3/optimization/PointValuePair;#101#46 prob_bp = 0.50000000000000000000
org.apache.commons.math3.optimization.direct.BaseAbstractMultivariateSimpleBoundsOptimizer:optimize:(ILorg/apache/commons/math3/analysis/MultivariateFunction;Lorg/apache/commons/math3/optimization/GoalType;[D[D[D)Lorg/apache/commons/math3/optimization/PointValuePair;#102#48 prob_bp = 0.50000000000000000000
org.apache.commons.math3.optimization.direct.BaseAbstractMultivariateSimpleBoundsOptimizer:optimize:(ILorg/apache/commons/math3/analysis/MultivariateFunction;Lorg/apache/commons/math3/optimization/GoalType;[D[D[D)Lorg/apache/commons/math3/optimization/PointValuePair;#102#50 prob_bp = 0.50000000000000000000
org.apache.commons.math3.optimization.direct.BaseAbstractMultivariateSimpleBoundsOptimizer:optimize:(ILorg/apache/commons/math3/analysis/MultivariateFunction;Lorg/apache/commons/math3/optimization/GoalType;[D[D[D)Lorg/apache/commons/math3/optimization/PointValuePair;#102#52 prob_bp = 0.50000000000000000000
org.apache.commons.math3.optimization.direct.BaseAbstractMultivariateSimpleBoundsOptimizer:optimize:(ILorg/apache/commons/math3/analysis/MultivariateFunction;Lorg/apache/commons/math3/optimization/GoalType;[D[D[D)Lorg/apache/commons/math3/optimization/PointValuePair;#102#53 prob_bp = 0.50000000000000000000
org.apache.commons.math3.optimization.direct.BaseAbstractMultivariateSimpleBoundsOptimizer:optimize:(ILorg/apache/commons/math3/analysis/MultivariateFunction;Lorg/apache/commons/math3/optimization/GoalType;[D[D[D)Lorg/apache/commons/math3/optimization/PointValuePair;#103#55 prob_bp = 0.50000000000000000000
org.apache.commons.math3.optimization.direct.BaseAbstractMultivariateSimpleBoundsOptimizer:optimize:(ILorg/apache/commons/math3/analysis/MultivariateFunction;Lorg/apache/commons/math3/optimization/GoalType;[D[D[D)Lorg/apache/commons/math3/optimization/PointValuePair;#103#59 prob_bp = 0.50000000000000000000
org.apache.commons.math3.optimization.direct.BaseAbstractMultivariateSimpleBoundsOptimizer:optimize:(ILorg/apache/commons/math3/analysis/MultivariateFunction;Lorg/apache/commons/math3/optimization/GoalType;[D[D[D)Lorg/apache/commons/math3/optimization/PointValuePair;#103#60 prob_bp = 0.50000000000000000000
org.apache.commons.math3.optimization.direct.BaseAbstractMultivariateSimpleBoundsOptimizer:optimize:(ILorg/apache/commons/math3/analysis/MultivariateFunction;Lorg/apache/commons/math3/optimization/GoalType;[D[D[D)Lorg/apache/commons/math3/optimization/PointValuePair;#100#82 prob_bp = 0.50000000000000000000
org.apache.commons.math3.optimization.direct.BaseAbstractMultivariateSimpleBoundsOptimizer:optimize:(ILorg/apache/commons/math3/analysis/MultivariateFunction;Lorg/apache/commons/math3/optimization/GoalType;[D[D[D)Lorg/apache/commons/math3/optimization/PointValuePair;#109#93 prob_bp = 0.50000000000000000000
org.apache.commons.math3.optimization.direct.BaseAbstractMultivariateSimpleBoundsOptimizer:optimize:(ILorg/apache/commons/math3/analysis/MultivariateFunction;Lorg/apache/commons/math3/optimization/GoalType;[D[D[D)Lorg/apache/commons/math3/optimization/PointValuePair;#109#95 prob_bp = 0.50000000000000000000
org.apache.commons.math3.optimization.direct.BaseAbstractMultivariateSimpleBoundsOptimizer:optimize:(ILorg/apache/commons/math3/analysis/MultivariateFunction;Lorg/apache/commons/math3/optimization/GoalType;[D[D[D)Lorg/apache/commons/math3/optimization/PointValuePair;#109#96 prob_bp = 0.50000000000000000000
org.apache.commons.math3.optimization.direct.BaseAbstractMultivariateSimpleBoundsOptimizer:optimize:(ILorg/apache/commons/math3/analysis/MultivariateFunction;Lorg/apache/commons/math3/optimization/GoalType;[D[D[D)Lorg/apache/commons/math3/optimization/PointValuePair;#109#98 prob_bp = 0.50000000000000000000
org.apache.commons.math3.optimization.direct.BaseAbstractMultivariateSimpleBoundsOptimizer:optimize:(ILorg/apache/commons/math3/analysis/MultivariateFunction;Lorg/apache/commons/math3/optimization/GoalType;[D[D[D)Lorg/apache/commons/math3/optimization/PointValuePair;#113#128 prob_bp = 0.50000000000000000000
org.apache.commons.math3.optimization.direct.BaseAbstractMultivariateSimpleBoundsOptimizer:optimize:(ILorg/apache/commons/math3/analysis/MultivariateFunction;Lorg/apache/commons/math3/optimization/GoalType;[D[D[D)Lorg/apache/commons/math3/optimization/PointValuePair;#114#131 prob_bp = 0.50000000000000000000
org.apache.commons.math3.optimization.direct.BaseAbstractMultivariateSimpleBoundsOptimizer:optimize:(ILorg/apache/commons/math3/analysis/MultivariateFunction;Lorg/apache/commons/math3/optimization/GoalType;[D[D[D)Lorg/apache/commons/math3/optimization/PointValuePair;#114#136 prob_bp = 0.50000000000000000000
org.apache.commons.math3.optimization.direct.BaseAbstractMultivariateSimpleBoundsOptimizer:optimize:(ILorg/apache/commons/math3/analysis/MultivariateFunction;Lorg/apache/commons/math3/optimization/GoalType;[D[D[D)Lorg/apache/commons/math3/optimization/PointValuePair;#115#138 prob_bp = 0.50000000000000000000
org.apache.commons.math3.optimization.direct.BaseAbstractMultivariateSimpleBoundsOptimizer:optimize:(ILorg/apache/commons/math3/analysis/MultivariateFunction;Lorg/apache/commons/math3/optimization/GoalType;[D[D[D)Lorg/apache/commons/math3/optimization/PointValuePair;#115#142 prob_bp = 0.50000000000000000000
org.apache.commons.math3.optimization.direct.BaseAbstractMultivariateSimpleBoundsOptimizer:optimize:(ILorg/apache/commons/math3/analysis/MultivariateFunction;Lorg/apache/commons/math3/optimization/GoalType;[D[D[D)Lorg/apache/commons/math3/optimization/PointValuePair;#122#171 prob_bp = 0.50000000000000000000
org.apache.commons.math3.optimization.direct.BaseAbstractMultivariateSimpleBoundsOptimizer:optimize:(ILorg/apache/commons/math3/analysis/MultivariateFunction;Lorg/apache/commons/math3/optimization/GoalType;[D[D[D)Lorg/apache/commons/math3/optimization/PointValuePair;#136#268 prob_bp = 0.50000000000000000000
org.apache.commons.math3.optimization.direct.BaseAbstractMultivariateSimpleBoundsOptimizer:optimize:(ILorg/apache/commons/math3/analysis/MultivariateFunction;Lorg/apache/commons/math3/optimization/GoalType;[D[D[D)Lorg/apache/commons/math3/optimization/PointValuePair;#136#270 prob_bp = 0.50000000000000000000
org.apache.commons.math3.optimization.direct.BaseAbstractMultivariateSimpleBoundsOptimizer:optimize:(ILorg/apache/commons/math3/analysis/MultivariateFunction;Lorg/apache/commons/math3/optimization/GoalType;[D[D[D)Lorg/apache/commons/math3/optimization/PointValuePair;#136#273 prob_bp = 0.50000000000000000000
org.apache.commons.math3.optimization.direct.BaseAbstractMultivariateSimpleBoundsOptimizer:optimize:(ILorg/apache/commons/math3/analysis/MultivariateFunction;Lorg/apache/commons/math3/optimization/GoalType;[D[D[D)Lorg/apache/commons/math3/optimization/PointValuePair;#136#276 prob_bp = 0.50000000000000000000
org.apache.commons.math3.optimization.direct.CMAESOptimizer:checkParameters:()V#507#10 prob_bp = 0.50000000000000000000
org.apache.commons.math3.optimization.direct.CMAESOptimizer:doOptimize:()Lorg/apache/commons/math3/optimization/PointValuePair;#360#27 prob_bp = 0.50000000000000000000
org.apache.commons.math3.optimization.direct.CMAESOptimizer:doOptimize:()Lorg/apache/commons/math3/optimization/PointValuePair;#360#28 prob_bp = 0.50000000000000000000
org.apache.commons.math3.optimization.direct.CMAESOptimizer:doOptimize:()Lorg/apache/commons/math3/optimization/PointValuePair;#360#29 prob_bp = 0.50000000000000000000
org.apache.commons.math3.optimization.direct.CMAESOptimizer$FitnessFunction:encode:([D)[D#913#0 prob_bp = 0.50000000000000000000
org.apache.commons.math3.optimization.direct.CMAESOptimizer$FitnessFunction:encode:([D)[D#913#1 prob_bp = 0.50000000000000000000
org.apache.commons.math3.optimization.direct.CMAESOptimizer$FitnessFunction:encode:([D)[D#916#12 prob_bp = 0.50000000000000000000
org.apache.commons.math3.optimization.direct.CMAESOptimizer$FitnessFunction:encode:([D)[D#916#13 prob_bp = 0.50000000000000000000
org.apache.commons.math3.optimization.direct.CMAESOptimizer$FitnessFunction:encode:([D)[D#916#14 prob_bp = 0.50000000000000000000
org.apache.commons.math3.optimization.direct.CMAESOptimizer$FitnessFunction:encode:([D)[D#916#16 prob_bp = 0.50000000000000000000
org.apache.commons.math3.optimization.direct.CMAESOptimizer$FitnessFunction:encode:([D)[D#921#77 prob_bp = 0.50000000000000000000
org.apache.commons.math3.optimization.direct.CMAESOptimizer$FitnessFunction:value:([D)D#956#0 prob_bp = 0.50000000000000000000
org.apache.commons.math3.optimization.direct.CMAESOptimizer$FitnessFunction:value:([D)D#956#1 prob_bp = 0.50000000000000000000
org.apache.commons.math3.optimization.direct.BaseAbstractMultivariateOptimizer:computeObjectiveValue:([D)D#99#24 prob_bp = 0.50000000000000000000
org.apache.commons.math3.optimization.direct.BaseAbstractMultivariateOptimizer:computeObjectiveValue:([D)D#99#28 prob_bp = 0.50000000000000000000
org.apache.commons.math3.util.FastMath:nextUp:(D)D#767#1 prob_bp = 0.50000000000000010000
org.apache.commons.math3.util.FastMath:nextAfter:(DD)D#3233#72 prob_bp = 0.50000000000000010000
org.apache.commons.math3.optimization.direct.BaseAbstractMultivariateSimpleBoundsOptimizer:optimize:(ILorg/apache/commons/math3/analysis/MultivariateFunction;Lorg/apache/commons/math3/optimization/GoalType;[D[D[D)Lorg/apache/commons/math3/optimization/PointValuePair;#100#36 prob_bp = 0.50000000000000010000
org.apache.commons.math3.optimization.direct.BaseAbstractMultivariateSimpleBoundsOptimizer:optimize:(ILorg/apache/commons/math3/analysis/MultivariateFunction;Lorg/apache/commons/math3/optimization/GoalType;[D[D[D)Lorg/apache/commons/math3/optimization/PointValuePair;#100#38 prob_bp = 0.50000000000000010000
org.apache.commons.math3.optimization.direct.BaseAbstractMultivariateSimpleBoundsOptimizer:optimize:(ILorg/apache/commons/math3/analysis/MultivariateFunction;Lorg/apache/commons/math3/optimization/GoalType;[D[D[D)Lorg/apache/commons/math3/optimization/PointValuePair;#101#41 prob_bp = 0.50000000000000010000
org.apache.commons.math3.optimization.direct.BaseAbstractMultivariateSimpleBoundsOptimizer:optimize:(ILorg/apache/commons/math3/analysis/MultivariateFunction;Lorg/apache/commons/math3/optimization/GoalType;[D[D[D)Lorg/apache/commons/math3/optimization/PointValuePair;#101#43 prob_bp = 0.50000000000000010000
org.apache.commons.math3.optimization.direct.BaseAbstractMultivariateSimpleBoundsOptimizer:optimize:(ILorg/apache/commons/math3/analysis/MultivariateFunction;Lorg/apache/commons/math3/optimization/GoalType;[D[D[D)Lorg/apache/commons/math3/optimization/PointValuePair;#113#126 prob_bp = 0.50000000000000010000
org.apache.commons.math3.optimization.direct.BaseAbstractMultivariateSimpleBoundsOptimizer:optimize:(ILorg/apache/commons/math3/analysis/MultivariateFunction;Lorg/apache/commons/math3/optimization/GoalType;[D[D[D)Lorg/apache/commons/math3/optimization/PointValuePair;#113#129 prob_bp = 0.50000000000000010000
org.apache.commons.math3.optimization.direct.BaseAbstractMultivariateSimpleBoundsOptimizer:optimize:(ILorg/apache/commons/math3/analysis/MultivariateFunction;Lorg/apache/commons/math3/optimization/GoalType;[D[D[D)Lorg/apache/commons/math3/optimization/PointValuePair;#114#133 prob_bp = 0.50000000000000010000
org.apache.commons.math3.optimization.direct.BaseAbstractMultivariateSimpleBoundsOptimizer:optimize:(ILorg/apache/commons/math3/analysis/MultivariateFunction;Lorg/apache/commons/math3/optimization/GoalType;[D[D[D)Lorg/apache/commons/math3/optimization/PointValuePair;#114#135 prob_bp = 0.50000000000000010000
org.apache.commons.math3.optimization.direct.BaseAbstractMultivariateSimpleBoundsOptimizer:optimize:(ILorg/apache/commons/math3/analysis/MultivariateFunction;Lorg/apache/commons/math3/optimization/GoalType;[D[D[D)Lorg/apache/commons/math3/optimization/PointValuePair;#122#173 prob_bp = 0.50000000000000010000
org.apache.commons.math3.optimization.direct.BaseAbstractMultivariateSimpleBoundsOptimizer:optimize:(ILorg/apache/commons/math3/analysis/MultivariateFunction;Lorg/apache/commons/math3/optimization/GoalType;[D[D[D)Lorg/apache/commons/math3/optimization/PointValuePair;#128#214 prob_bp = 0.50000000000000010000
org.apache.commons.math3.optimization.direct.BaseAbstractMultivariateSimpleBoundsOptimizer:optimize:(ILorg/apache/commons/math3/analysis/MultivariateFunction;Lorg/apache/commons/math3/optimization/GoalType;[D[D[D)Lorg/apache/commons/math3/optimization/PointValuePair;#128#219 prob_bp = 0.50000000000000010000
org.apache.commons.math3.optimization.direct.BaseAbstractMultivariateSimpleBoundsOptimizer:optimize:(ILorg/apache/commons/math3/analysis/MultivariateFunction;Lorg/apache/commons/math3/optimization/GoalType;[D[D[D)Lorg/apache/commons/math3/optimization/PointValuePair;#136#267 prob_bp = 0.50000000000000010000
org.apache.commons.math3.optimization.direct.BaseAbstractMultivariateOptimizer:optimizeInternal:(ILorg/apache/commons/math3/analysis/MultivariateFunction;Lorg/apache/commons/math3/optimization/GoalType;[D)Lorg/apache/commons/math3/optimization/PointValuePair;#143#54 prob_bp = 0.50000000000000010000
org.apache.commons.math3.optimization.direct.CMAESOptimizer:checkParameters:()V#507#11 prob_bp = 0.50000000000000010000
org.apache.commons.math3.optimization.direct.BaseAbstractMultivariateSimpleBoundsOptimizer:optimize:(ILorg/apache/commons/math3/analysis/MultivariateFunction;Lorg/apache/commons/math3/optimization/GoalType;[D[D[D)Lorg/apache/commons/math3/optimization/PointValuePair;#100#31 prob_bp = 0.50000000000000020000
org.apache.commons.math3.optimization.direct.BaseAbstractMultivariateSimpleBoundsOptimizer:optimize:(ILorg/apache/commons/math3/analysis/MultivariateFunction;Lorg/apache/commons/math3/optimization/GoalType;[D[D[D)Lorg/apache/commons/math3/optimization/PointValuePair;#128#213 prob_bp = 0.50000000000000020000
org.apache.commons.math3.optimization.direct.BaseAbstractMultivariateSimpleBoundsOptimizer:optimize:(ILorg/apache/commons/math3/analysis/MultivariateFunction;Lorg/apache/commons/math3/optimization/GoalType;[D[D[D)Lorg/apache/commons/math3/optimization/PointValuePair;#128#216 prob_bp = 0.50000000000000020000
org.apache.commons.math3.optimization.direct.CMAESOptimizer:checkParameters:()V#506#5 prob_bp = 0.50000000000000020000
org.apache.commons.math3.optimization.direct.BaseAbstractMultivariateSimpleBoundsOptimizer:optimize:(ILorg/apache/commons/math3/analysis/MultivariateFunction;Lorg/apache/commons/math3/optimization/GoalType;[D[D[D)Lorg/apache/commons/math3/optimization/PointValuePair;#128#222 prob_bp = 0.50000000000000030000
org.apache.commons.math3.optimization.direct.BaseAbstractMultivariateSimpleBoundsOptimizer:getUpperBound:()[D#80#0 prob_bp = 0.50000000000000060000
org.apache.commons.math3.optimization.direct.CMAESOptimizer:checkParameters:()V#506#6 prob_bp = 0.50000000000000100000
org.apache.commons.math3.optimization.direct.BaseAbstractMultivariateOptimizer:optimizeInternal:(ILorg/apache/commons/math3/analysis/MultivariateFunction;Lorg/apache/commons/math3/optimization/GoalType;[D)Lorg/apache/commons/math3/optimization/PointValuePair;#145#63 prob_bp = 0.50000000000000170000
org.apache.commons.math3.optimization.direct.BaseAbstractMultivariateSimpleBoundsOptimizer:getUpperBound:()[D#80#1 prob_bp = 0.50000000000000170000
org.apache.commons.math3.optimization.direct.BaseAbstractMultivariateSimpleBoundsOptimizer:getLowerBound:()[D#73#0 prob_bp = 0.50000000000000390000
org.apache.commons.math3.optimization.direct.BaseAbstractMultivariateOptimizer:optimizeInternal:(ILorg/apache/commons/math3/analysis/MultivariateFunction;Lorg/apache/commons/math3/optimization/GoalType;[D)Lorg/apache/commons/math3/optimization/PointValuePair;#145#65 prob_bp = 0.50000000000000560000
org.apache.commons.math3.optimization.direct.BaseAbstractMultivariateSimpleBoundsOptimizer:optimize:(ILorg/apache/commons/math3/analysis/MultivariateFunction;Lorg/apache/commons/math3/optimization/GoalType;[D[D[D)Lorg/apache/commons/math3/optimization/PointValuePair;#130#225 prob_bp = 0.50000000000001200000
org.apache.commons.math3.optimization.direct.BaseAbstractMultivariateSimpleBoundsOptimizer:getLowerBound:()[D#73#1 prob_bp = 0.50000000000001500000
org.apache.commons.math3.optimization.direct.BaseAbstractMultivariateSimpleBoundsOptimizer:optimize:(ILorg/apache/commons/math3/analysis/MultivariateFunction;Lorg/apache/commons/math3/optimization/GoalType;[D[D[D)Lorg/apache/commons/math3/optimization/PointValuePair;#130#227 prob_bp = 0.50000000000001640000
org.apache.commons.math3.optimization.direct.BaseAbstractMultivariateOptimizer:optimizeInternal:(ILorg/apache/commons/math3/analysis/MultivariateFunction;Lorg/apache/commons/math3/optimization/GoalType;[D)Lorg/apache/commons/math3/optimization/PointValuePair;#145#68 prob_bp = 0.50000000000001940000
org.apache.commons.math3.optimization.direct.BaseAbstractMultivariateOptimizer:optimizeInternal:(ILorg/apache/commons/math3/analysis/MultivariateFunction;Lorg/apache/commons/math3/optimization/GoalType;[D)Lorg/apache/commons/math3/optimization/PointValuePair;#145#62 prob_bp = 0.50000000000002560000
org.apache.commons.math3.optimization.direct.BaseAbstractMultivariateSimpleBoundsOptimizer:optimize:(ILorg/apache/commons/math3/analysis/MultivariateFunction;Lorg/apache/commons/math3/optimization/GoalType;[D[D[D)Lorg/apache/commons/math3/optimization/PointValuePair;#140#281 prob_bp = 0.50000000000007390000
org.apache.commons.math3.optimization.direct.BaseAbstractMultivariateOptimizer:optimizeInternal:(ILorg/apache/commons/math3/analysis/MultivariateFunction;Lorg/apache/commons/math3/optimization/GoalType;[D)Lorg/apache/commons/math3/optimization/PointValuePair;#145#71 prob_bp = 0.50000000000007640000
org.apache.commons.math3.optimization.direct.BaseAbstractMultivariateSimpleBoundsOptimizer:optimize:(ILorg/apache/commons/math3/analysis/MultivariateFunction;Lorg/apache/commons/math3/optimization/GoalType;[D[D[D)Lorg/apache/commons/math3/optimization/PointValuePair;#96#5 prob_bp = 0.50000000000008730000
org.apache.commons.math3.optimization.direct.CMAESOptimizer:<init>:(I[DIDZIILorg/apache/commons/math3/random/RandomGenerator;ZLorg/apache/commons/math3/optimization/ConvergenceChecker;)V#315#71 prob_bp = 0.50000000000010370000
org.apache.commons.math3.optimization.direct.BaseAbstractMultivariateSimpleBoundsOptimizer:optimize:(ILorg/apache/commons/math3/analysis/MultivariateFunction;Lorg/apache/commons/math3/optimization/GoalType;[D[D[D)Lorg/apache/commons/math3/optimization/PointValuePair;#96#7 prob_bp = 0.50000000000012030000
org.apache.commons.math3.optimization.direct.BaseAbstractMultivariateSimpleBoundsOptimizer:optimize:(ILorg/apache/commons/math3/analysis/MultivariateFunction;Lorg/apache/commons/math3/optimization/GoalType;[D[D[D)Lorg/apache/commons/math3/optimization/PointValuePair;#95#0 prob_bp = 0.50000000000017550000
org.apache.commons.math3.optimization.direct.BaseAbstractMultivariateSimpleBoundsOptimizer:optimize:(ILorg/apache/commons/math3/analysis/MultivariateFunction;Lorg/apache/commons/math3/optimization/GoalType;[D[D[D)Lorg/apache/commons/math3/optimization/PointValuePair;#112#114 prob_bp = 0.50000000000017850000
org.apache.commons.math3.optimization.direct.BaseAbstractMultivariateSimpleBoundsOptimizer:optimize:(ILorg/apache/commons/math3/analysis/MultivariateFunction;Lorg/apache/commons/math3/optimization/GoalType;[D[D[D)Lorg/apache/commons/math3/optimization/PointValuePair;#112#115 prob_bp = 0.50000000000018590000
org.apache.commons.math3.optimization.direct.CMAESOptimizer:<init>:(I[DIDZIILorg/apache/commons/math3/random/RandomGenerator;ZLorg/apache/commons/math3/optimization/ConvergenceChecker;)V#315#72 prob_bp = 0.50000000000019680000
org.apache.commons.math3.optimization.direct.BaseAbstractMultivariateSimpleBoundsOptimizer:optimize:(ILorg/apache/commons/math3/analysis/MultivariateFunction;Lorg/apache/commons/math3/optimization/GoalType;[D[D[D)Lorg/apache/commons/math3/optimization/PointValuePair;#95#2 prob_bp = 0.50000000000020030000
org.apache.commons.math3.optimization.direct.BaseAbstractMultivariateSimpleBoundsOptimizer:optimize:(ILorg/apache/commons/math3/analysis/MultivariateFunction;Lorg/apache/commons/math3/optimization/GoalType;[D[D[D)Lorg/apache/commons/math3/optimization/PointValuePair;#95#3 prob_bp = 0.50000000000029750000
org.apache.commons.math3.optimization.direct.BaseAbstractMultivariateSimpleBoundsOptimizer:getUpperBound:()[D#80#4 prob_bp = 0.50000000000042700000
org.apache.commons.math3.optimization.direct.BaseAbstractMultivariateSimpleBoundsOptimizer:optimize:(ILorg/apache/commons/math3/analysis/MultivariateFunction;Lorg/apache/commons/math3/optimization/GoalType;[D[D[D)Lorg/apache/commons/math3/optimization/PointValuePair;#115#143 prob_bp = 0.50000000000043920000
org.apache.commons.math3.optimization.direct.BaseAbstractMultivariateSimpleBoundsOptimizer:optimize:(ILorg/apache/commons/math3/analysis/MultivariateFunction;Lorg/apache/commons/math3/optimization/GoalType;[D[D[D)Lorg/apache/commons/math3/optimization/PointValuePair;#112#165 prob_bp = 0.50000000000053480000
org.apache.commons.math3.optimization.direct.BaseAbstractMultivariateSimpleBoundsOptimizer:optimize:(ILorg/apache/commons/math3/analysis/MultivariateFunction;Lorg/apache/commons/math3/optimization/GoalType;[D[D[D)Lorg/apache/commons/math3/optimization/PointValuePair;#112#119 prob_bp = 0.50000000000067820000
org.apache.commons.math3.optimization.direct.BaseAbstractMultivariateSimpleBoundsOptimizer:optimize:(ILorg/apache/commons/math3/analysis/MultivariateFunction;Lorg/apache/commons/math3/optimization/GoalType;[D[D[D)Lorg/apache/commons/math3/optimization/PointValuePair;#112#117 prob_bp = 0.50000000000069560000
org.apache.commons.math3.optimization.direct.CMAESOptimizer:<init>:(I[DIDZIILorg/apache/commons/math3/random/RandomGenerator;Z)V#288#2 prob_bp = 0.50000000000112410000
org.apache.commons.math3.optimization.direct.BaseAbstractMultivariateSimpleBoundsOptimizer:optimize:(ILorg/apache/commons/math3/analysis/MultivariateFunction;Lorg/apache/commons/math3/optimization/GoalType;[D[D[D)Lorg/apache/commons/math3/optimization/PointValuePair;#112#121 prob_bp = 0.50000000000204540000
org.apache.commons.math3.optimization.direct.BaseAbstractMultivariateSimpleBoundsOptimizer:getUpperBound:()[D#80#7 prob_bp = 0.50000000000213860000
org.apache.commons.math3.optimization.direct.BaseAbstractMultivariateOptimizer:getStartPoint:()[D#162#0 prob_bp = 0.50000000000379120000
org.apache.commons.math3.optimization.direct.BaseAbstractMultivariateSimpleBoundsOptimizer:getLowerBound:()[D#73#4 prob_bp = 0.50000000000444570000
org.apache.commons.math3.optimization.direct.CMAESOptimizer:checkParameters:()V#512#28 prob_bp = 0.50000000000460680000
org.apache.commons.math3.optimization.direct.BaseAbstractMultivariateSimpleBoundsOptimizer:optimize:(ILorg/apache/commons/math3/analysis/MultivariateFunction;Lorg/apache/commons/math3/optimization/GoalType;[D[D[D)Lorg/apache/commons/math3/optimization/PointValuePair;#108#88 prob_bp = 0.50000000000544050000
org.apache.commons.math3.optimization.direct.BaseAbstractMultivariateSimpleBoundsOptimizer:optimize:(ILorg/apache/commons/math3/analysis/MultivariateFunction;Lorg/apache/commons/math3/optimization/GoalType;[D[D[D)Lorg/apache/commons/math3/optimization/PointValuePair;#108#90 prob_bp = 0.50000000000755870000
org.apache.commons.math3.optimization.direct.BaseAbstractMultivariateSimpleBoundsOptimizer:getUpperBound:()[D#80#10 prob_bp = 0.50000000000902370000
org.apache.commons.math3.optimization.direct.CMAESOptimizer:checkParameters:()V#511#23 prob_bp = 0.50000000001092230000
org.apache.commons.math3.optimization.direct.CMAESOptimizer:checkParameters:()V#512#29 prob_bp = 0.50000000001205010000
org.apache.commons.math3.optimization.direct.BaseAbstractMultivariateOptimizer:getStartPoint:()[D#162#1 prob_bp = 0.50000000001522920000
org.apache.commons.math3.optimization.direct.BaseAbstractMultivariateSimpleBoundsOptimizer:optimize:(ILorg/apache/commons/math3/analysis/MultivariateFunction;Lorg/apache/commons/math3/optimization/GoalType;[D[D[D)Lorg/apache/commons/math3/optimization/PointValuePair;#140#282 prob_bp = 0.50000000001557610000
org.apache.commons.math3.optimization.direct.CMAESOptimizer:checkParameters:()V#512#31 prob_bp = 0.50000000001860410000
org.apache.commons.math3.optimization.direct.BaseAbstractMultivariateSimpleBoundsOptimizer:getLowerBound:()[D#73#7 prob_bp = 0.50000000002226920000
org.apache.commons.math3.optimization.direct.CMAESOptimizer:checkParameters:()V#521#104 prob_bp = 0.50000000002509400000
org.apache.commons.math3.optimization.direct.CMAESOptimizer:checkParameters:()V#507#14 prob_bp = 0.50000000003672230000
org.apache.commons.math3.optimization.direct.CMAESOptimizer:<init>:(I[DIDZIILorg/apache/commons/math3/random/RandomGenerator;Z)V#288#0 prob_bp = 0.50000000004194760000
org.apache.commons.math3.optimization.direct.CMAESOptimizer:checkParameters:()V#511#24 prob_bp = 0.50000000004396890000
org.apache.commons.math3.optimization.direct.CMAESOptimizer:<init>:(I[DIDZIILorg/apache/commons/math3/random/RandomGenerator;Z)V#288#23 prob_bp = 0.50000000004615960000
org.apache.commons.math3.optimization.direct.CMAESOptimizer:<init>:(I[DIDZIILorg/apache/commons/math3/random/RandomGenerator;ZLorg/apache/commons/math3/optimization/ConvergenceChecker;)V#315#70 prob_bp = 0.50000000005690650000
org.apache.commons.math3.optimization.direct.CMAESOptimizer:checkParameters:()V#546#156 prob_bp = 0.50000000006372250000
org.apache.commons.math3.optimization.direct.BaseAbstractMultivariateSimpleBoundsOptimizer:getLowerBound:()[D#73#10 prob_bp = 0.50000000009397130000
org.apache.commons.math3.optimization.direct.CMAESOptimizer:<init>:(I[DIDZIILorg/apache/commons/math3/random/RandomGenerator;ZLorg/apache/commons/math3/optimization/ConvergenceChecker;)V#315#89 prob_bp = 0.50000000010399430000
org.apache.commons.math3.optimization.direct.CMAESOptimizer:checkParameters:()V#511#18 prob_bp = 0.50000000010549250000
org.apache.commons.math3.optimization.direct.CMAESOptimizer:checkParameters:()V#511#19 prob_bp = 0.50000000010973640000
org.apache.commons.math3.optimization.direct.CMAESOptimizer:checkParameters:()V#511#21 prob_bp = 0.50000000011475860000
org.apache.commons.math3.optimization.direct.CMAESOptimizer:checkParameters:()V#522#78 prob_bp = 0.50000000011596780000
org.apache.commons.math3.optimization.direct.CMAESOptimizer:checkParameters:()V#522#88 prob_bp = 0.50000000014812140000
org.apache.commons.math3.optimization.direct.CMAESOptimizer:checkParameters:()V#511#25 prob_bp = 0.50000000017691160000
org.apache.commons.math3.optimization.direct.CMAESOptimizer:checkParameters:()V#546#157 prob_bp = 0.50000000025073950000
org.apache.commons.math3.optimization.direct.CMAESOptimizer:checkParameters:()V#522#79 prob_bp = 0.50000000030360650000
org.apache.commons.math3.optimization.direct.CMAESOptimizer:checkParameters:()V#506#9 prob_bp = 0.50000000038241910000
org.apache.commons.math3.optimization.direct.CMAESOptimizer:checkParameters:()V#522#89 prob_bp = 0.50000000038766480000
org.apache.commons.math3.optimization.direct.BaseAbstractMultivariateSimpleBoundsOptimizer:optimize:(ILorg/apache/commons/math3/analysis/MultivariateFunction;Lorg/apache/commons/math3/optimization/GoalType;[D[D[D)Lorg/apache/commons/math3/optimization/PointValuePair;#140#279 prob_bp = 0.50000000046192660000
org.apache.commons.math3.optimization.direct.CMAESOptimizer:checkParameters:()V#522#81 prob_bp = 0.50000000046826190000
org.apache.commons.math3.optimization.direct.CMAESOptimizer:checkParameters:()V#522#91 prob_bp = 0.50000000059679720000
org.apache.commons.math3.optimization.direct.CMAESOptimizer:checkParameters:()V#521#73 prob_bp = 0.50000000141130840000
org.apache.commons.math3.optimization.direct.CMAESOptimizer:checkParameters:()V#512#32 prob_bp = 0.50000000201083950000
org.apache.commons.math3.optimization.direct.BaseAbstractMultivariateSimpleBoundsOptimizer:optimize:(ILorg/apache/commons/math3/analysis/MultivariateFunction;Lorg/apache/commons/math3/optimization/GoalType;[D[D[D)Lorg/apache/commons/math3/optimization/PointValuePair;#140#283 prob_bp = 0.50000000368720190000
org.apache.commons.math3.optimization.direct.CMAESOptimizer:checkParameters:()V#535#123 prob_bp = 0.50000000381149770000
org.apache.commons.math3.optimization.direct.BaseAbstractMultivariateOptimizer:getStartPoint:()[D#162#4 prob_bp = 0.50000000459360090000
org.apache.commons.math3.optimization.direct.BaseAbstractMultivariateSimpleBoundsOptimizer:optimize:(ILorg/apache/commons/math3/analysis/MultivariateFunction;Lorg/apache/commons/math3/optimization/GoalType;[D[D[D)Lorg/apache/commons/math3/optimization/PointValuePair;#140#285 prob_bp = 0.50000000482993930000
org.apache.commons.math3.optimization.direct.CMAESOptimizer:checkParameters:()V#521#74 prob_bp = 0.50000000566704550000
org.apache.commons.math3.optimization.direct.CMAESOptimizer:checkParameters:()V#512#35 prob_bp = 0.50000001005949420000
org.apache.commons.math3.optimization.direct.CMAESOptimizer:checkParameters:()V#535#124 prob_bp = 0.50000001247414230000
org.apache.commons.math3.optimization.direct.CMAESOptimizer:checkParameters:()V#521#68 prob_bp = 0.50000001286395250000
org.apache.commons.math3.optimization.direct.CMAESOptimizer:checkParameters:()V#535#125 prob_bp = 0.50000001297645960000
org.apache.commons.math3.optimization.direct.CMAESOptimizer:checkParameters:()V#521#69 prob_bp = 0.50000001337968850000
org.apache.commons.math3.optimization.direct.CMAESOptimizer:checkParameters:()V#521#71 prob_bp = 0.50000001476978310000
org.apache.commons.math3.optimization.direct.CMAESOptimizer:checkParameters:()V#535#128 prob_bp = 0.50000001499922510000
org.apache.commons.math3.optimization.direct.CMAESOptimizer:doOptimize:()Lorg/apache/commons/math3/optimization/PointValuePair;#356#0 prob_bp = 0.50000001648438320000
org.apache.commons.math3.optimization.direct.CMAESOptimizer:checkParameters:()V#521#75 prob_bp = 0.50000002272930120000
org.apache.commons.math3.optimization.direct.BaseAbstractMultivariateOptimizer:getStartPoint:()[D#162#7 prob_bp = 0.50000002301186700000
org.apache.commons.math3.optimization.direct.CMAESOptimizer:doOptimize:()Lorg/apache/commons/math3/optimization/PointValuePair;#356#1 prob_bp = 0.50000004971249750000
org.apache.commons.math3.optimization.direct.CMAESOptimizer:checkParameters:()V#522#82 prob_bp = 0.50000005050270120000
org.apache.commons.math3.optimization.direct.CMAESOptimizer:checkParameters:()V#522#92 prob_bp = 0.50000006391822060000
org.apache.commons.math3.optimization.direct.CMAESOptimizer:checkParameters:()V#546#160 prob_bp = 0.50000007553756600000
org.apache.commons.math3.optimization.direct.BaseAbstractMultivariateOptimizer:getStartPoint:()[D#162#10 prob_bp = 0.50000009710643660000
org.apache.commons.math3.optimization.direct.CMAESOptimizer:checkParameters:()V#522#85 prob_bp = 0.50000025259312820000
org.apache.commons.math3.optimization.direct.CMAESOptimizer:checkParameters:()V#522#95 prob_bp = 0.50000031893818770000
org.apache.commons.math3.optimization.direct.CMAESOptimizer:checkParameters:()V#514#48 prob_bp = 0.50000099581244810000
org.apache.commons.math3.optimization.direct.CMAESOptimizer:checkParameters:()V#514#49 prob_bp = 0.50000103592178620000
org.apache.commons.math3.optimization.direct.CMAESOptimizer:checkParameters:()V#512#35#unexe#4 prob_bp = 0.50000119747843490000
org.apache.commons.math3.optimization.direct.CMAESOptimizer:checkParameters:()V#511#25#unexe#4 prob_bp = 0.50000184819233110000
org.apache.commons.math3.optimization.direct.CMAESOptimizer:checkParameters:()V#520#63 prob_bp = 0.50000447707473030000
org.apache.commons.math3.optimization.direct.CMAESOptimizer:checkParameters:()V#520#65 prob_bp = 0.50001505256697500000
org.apache.commons.math3.optimization.direct.CMAESOptimizer:checkParameters:()V#522#95#unexe#5 prob_bp = 0.50004189253790580000
org.apache.commons.math3.optimization.direct.CMAESOptimizer:checkParameters:()V#522#85#unexe#5 prob_bp = 0.50008067160924800000
org.apache.commons.math3.optimization.direct.CMAESOptimizer:checkParameters:()V#521#75#unexe#5 prob_bp = 0.50023682278069230000
org.apache.commons.math3.optimization.direct.CMAESOptimizer:checkParameters:()V#529#110 prob_bp = 0.50086058087076070000
org.apache.commons.math3.optimization.direct.BaseAbstractMultivariateOptimizer:optimize:(ILorg/apache/commons/math3/analysis/MultivariateFunction;Lorg/apache/commons/math3/optimization/GoalType;[D)Lorg/apache/commons/math3/optimization/PointValuePair;#105#2 prob_bp = 0.50116830593698550000
org.apache.commons.math3.optimization.direct.BaseAbstractMultivariateOptimizer:optimizeInternal:(ILorg/apache/commons/math3/analysis/MultivariateFunction;Lorg/apache/commons/math3/optimization/GoalType;[D)Lorg/apache/commons/math3/optimization/PointValuePair;#128#0 prob_bp = 0.50121560155201170000
org.apache.commons.math3.optimization.direct.BaseAbstractMultivariateOptimizer:optimizeInternal:(ILorg/apache/commons/math3/analysis/MultivariateFunction;Lorg/apache/commons/math3/optimization/GoalType;[D)Lorg/apache/commons/math3/optimization/PointValuePair;#128#1 prob_bp = 0.50126353434427810000
org.apache.commons.math3.optimization.direct.CMAESOptimizer:checkParameters:()V#529#112 prob_bp = 0.50335997136527160000
org.apache.commons.math3.optimization.direct.BaseAbstractMultivariateOptimizer:optimize:(ILorg/apache/commons/math3/analysis/MultivariateFunction;Lorg/apache/commons/math3/optimization/GoalType;[D)Lorg/apache/commons/math3/optimization/PointValuePair;#105#3 prob_bp = 0.50503163196705550000
org.apache.commons.math3.optimization.direct.BaseAbstractMultivariateOptimizer:optimizeInternal:(ILorg/apache/commons/math3/analysis/MultivariateFunction;Lorg/apache/commons/math3/optimization/GoalType;[D)Lorg/apache/commons/math3/optimization/PointValuePair;#131#12 prob_bp = 0.50523320920878380000
org.apache.commons.math3.optimization.direct.BaseAbstractMultivariateOptimizer:optimizeInternal:(ILorg/apache/commons/math3/analysis/MultivariateFunction;Lorg/apache/commons/math3/optimization/GoalType;[D)Lorg/apache/commons/math3/optimization/PointValuePair;#131#13 prob_bp = 0.50559104256817740000
org.apache.commons.math3.optimization.direct.BaseAbstractMultivariateOptimizer:optimize:(ILorg/apache/commons/math3/analysis/MultivariateFunction;Lorg/apache/commons/math3/optimization/GoalType;[D)Lorg/apache/commons/math3/optimization/PointValuePair;#105#4 prob_bp = 0.55976939962160120000
org.apache.commons.math3.optimization.direct.BaseAbstractMultivariateOptimizer:optimizeInternal:(ILorg/apache/commons/math3/analysis/MultivariateFunction;Lorg/apache/commons/math3/optimization/GoalType;[D)Lorg/apache/commons/math3/optimization/PointValuePair;#134#24 prob_bp = 0.56185204127721590000
org.apache.commons.math3.optimization.direct.BaseAbstractMultivariateOptimizer:optimizeInternal:(ILorg/apache/commons/math3/analysis/MultivariateFunction;Lorg/apache/commons/math3/optimization/GoalType;[D)Lorg/apache/commons/math3/optimization/PointValuePair;#134#26 prob_bp = 0.56541703150665520000
org.apache.commons.math3.util.Incrementor:<init>:(I)V#62#2 prob_bp = 0.77182760313980860000
org.apache.commons.math3.util.Incrementor:<init>:(I)V#62#9 prob_bp = 0.77449562495533400000
org.apache.commons.math3.util.Incrementor:<init>:(ILorg/apache/commons/math3/util/Incrementor$MaxCountExceededCallback;)V#81#9 prob_bp = 0.77821985280918150000
org.apache.commons.math3.util.Incrementor:<init>:(ILorg/apache/commons/math3/util/Incrementor$MaxCountExceededCallback;)V#81#10 prob_bp = 0.78337328782331980000
org.apache.commons.math3.optimization.direct.BaseAbstractMultivariateOptimizer:optimizeInternal:(ILorg/apache/commons/math3/analysis/MultivariateFunction;Lorg/apache/commons/math3/optimization/GoalType;[D)Lorg/apache/commons/math3/optimization/PointValuePair;#148#75 prob_bp = 0.99751053102175050000
org.apache.commons.math3.optimization.direct.BaseAbstractMultivariateOptimizer:optimize:(ILorg/apache/commons/math3/analysis/MultivariateFunction;Lorg/apache/commons/math3/optimization/GoalType;[D)Lorg/apache/commons/math3/optimization/PointValuePair;#105#0 prob_bp = 0.99975080114937190000
org.apache.commons.math3.optimization.direct.BaseAbstractMultivariateOptimizer:optimize:(ILorg/apache/commons/math3/analysis/MultivariateFunction;Lorg/apache/commons/math3/optimization/GoalType;[D)Lorg/apache/commons/math3/optimization/PointValuePair;#105#6 prob_bp = 0.99987355999373750000
org.apache.commons.math3.optimization.direct.BaseAbstractMultivariateOptimizer:optimizeInternal:(ILorg/apache/commons/math3/analysis/MultivariateFunction;Lorg/apache/commons/math3/optimization/GoalType;[D)Lorg/apache/commons/math3/optimization/PointValuePair;#148#74 prob_bp = 0.99992719728657890000
org.apache.commons.math3.optimization.GoalType:<clinit>:()V#34#23 prob_bp = 1.00000000000000000000
org.apache.commons.math3.optimization.direct.CMAESOptimizerTest:testBoundaryRangeTooLarge:()V#410#0 prob_bp = 1.00000000000000000000
org.apache.commons.math3.optimization.direct.CMAESOptimizerTest:testBoundaryRangeTooLarge:()V#410#3 prob_bp = 1.00000000000000000000
org.apache.commons.math3.optimization.direct.CMAESOptimizerTest:testBoundaryRangeTooLarge:()V#410#4 prob_bp = 1.00000000000000000000
org.apache.commons.math3.optimization.direct.CMAESOptimizerTest:testBoundaryRangeTooLarge:()V#410#7 prob_bp = 1.00000000000000000000
org.apache.commons.math3.optimization.direct.CMAESOptimizerTest:testBoundaryRangeTooLarge:()V#411#8 prob_bp = 1.00000000000000000000
org.apache.commons.math3.optimization.direct.CMAESOptimizerTest:testBoundaryRangeTooLarge:()V#411#16 prob_bp = 1.00000000000000000000
org.apache.commons.math3.optimization.direct.CMAESOptimizerTest:testBoundaryRangeTooLarge:()V#422#17 prob_bp = 1.00000000000000000000
org.apache.commons.math3.optimization.direct.CMAESOptimizerTest:testBoundaryRangeTooLarge:()V#422#18 prob_bp = 1.00000000000000000000
org.apache.commons.math3.optimization.direct.CMAESOptimizerTest:testBoundaryRangeTooLarge:()V#422#24 prob_bp = 1.00000000000000000000
org.apache.commons.math3.optimization.direct.CMAESOptimizerTest:testBoundaryRangeTooLarge:()V#427#30 prob_bp = 1.00000000000000000000
org.apache.commons.math3.optimization.direct.CMAESOptimizerTest:testBoundaryRangeTooLarge:()V#427#33 prob_bp = 1.00000000000000000000
org.apache.commons.math3.optimization.direct.CMAESOptimizerTest:testBoundaryRangeTooLarge:()V#428#38 prob_bp = 1.00000000000000000000
org.apache.commons.math3.optimization.direct.CMAESOptimizerTest:testBoundaryRangeTooLarge:()V#428#39 prob_bp = 1.00000000000000000000
org.apache.commons.math3.optimization.direct.CMAESOptimizerTest:testBoundaryRangeTooLarge:()V#428#47 prob_bp = 1.00000000000000000000
org.apache.commons.math3.optimization.direct.CMAESOptimizerTest:testBoundaryRangeTooLarge:()V#429#49 prob_bp = 1.00000000000000000000
org.apache.commons.math3.optimization.direct.CMAESOptimizerTest:testBoundaryRangeTooLarge:()V#429#50 prob_bp = 1.00000000000000000000
org.apache.commons.math3.optimization.direct.CMAESOptimizerTest:testBoundaryRangeTooLarge:()V#429#57 prob_bp = 1.00000000000000000000
org.apache.commons.math3.optimization.direct.CMAESOptimizerTest:testBoundaryRangeTooLarge:()V#430#59 prob_bp = 1.00000000000000000000
org.apache.commons.math3.optimization.direct.CMAESOptimizerTest:testBoundaryRangeTooLarge:()V#430#63 prob_bp = 1.00000000000000000000
org.apache.commons.math3.optimization.direct.CMAESOptimizerTest:testBoundaryRangeTooLarge:()V#430#64 prob_bp = 1.00000000000000000000
org.apache.commons.math3.optimization.direct.CMAESOptimizerTest:testBoundaryRangeTooLarge:()V#430#67 prob_bp = 1.00000000000000000000
org.apache.commons.math3.optimization.direct.CMAESOptimizerTest:testBoundaryRangeTooLarge:()V#430#68 prob_bp = 1.00000000000000000000
org.apache.commons.math3.optimization.direct.CMAESOptimizerTest:testBoundaryRangeTooLarge:()V#430#70 prob_bp = 1.00000000000000000000
org.apache.commons.math3.optimization.direct.CMAESOptimizerTest:testBoundaryRangeTooLarge:()V#430#72 prob_bp = 1.00000000000000000000
Belief propagation time : 438.331000s
