Belief propagation time: 99

Probabilities: 
Vars:151150
Stmts:8317
org.apache.commons.math.MathException:getLocalizedMessage:()Ljava/lang/String;#172#7 prob_bp = 0.49710421668097443000
org.apache.commons.math.distribution.AbstractContinuousDistribution:inverseCumulativeProbability:(D)D#100#126 prob_bp = 0.49936392036438630000
org.apache.commons.math.distribution.AbstractContinuousDistribution:inverseCumulativeProbability:(D)D#97#105 prob_bp = 0.49992021914633990000
org.apache.commons.math.MathException:getLocalizedMessage:()Ljava/lang/String;#172#4 prob_bp = 0.49999917619363190000
org.apache.commons.math.MathException:getLocalizedMessage:()Ljava/lang/String;#172#0 prob_bp = 0.49999920452801844000
org.apache.commons.math.distribution.AbstractContinuousDistribution:inverseCumulativeProbability:(D)D#100#125 prob_bp = 0.49999931699207870000
org.apache.commons.math.distribution.AbstractContinuousDistribution:inverseCumulativeProbability:(D)D#100#122 prob_bp = 0.49999934033247630000
org.apache.commons.math.distribution.AbstractContinuousDistribution:inverseCumulativeProbability:(D)D#100#119 prob_bp = 0.49999984780816503000
org.apache.commons.math.distribution.AbstractContinuousDistribution:inverseCumulativeProbability:(D)D#97#104 prob_bp = 0.49999991418514990000
org.apache.commons.math.distribution.AbstractContinuousDistribution:inverseCumulativeProbability:(D)D#97#101 prob_bp = 0.49999991711542700000
org.apache.commons.math.distribution.AbstractContinuousDistribution:inverseCumulativeProbability:(D)D#97#98 prob_bp = 0.49999998086810526000
org.apache.commons.math.distribution.AbstractContinuousDistribution:inverseCumulativeProbability:(D)D#100#114 prob_bp = 0.49999999783211670000
org.apache.commons.math.distribution.AbstractContinuousDistribution:inverseCumulativeProbability:(D)D#100#111 prob_bp = 0.49999999842932885000
org.apache.commons.math.distribution.AbstractContinuousDistribution:inverseCumulativeProbability:(D)D#100#112 prob_bp = 0.49999999937127870000
org.apache.commons.math.distribution.AbstractContinuousDistribution:inverseCumulativeProbability:(D)D#97#93 prob_bp = 0.49999999972976034000
org.apache.commons.math.distribution.AbstractContinuousDistribution:inverseCumulativeProbability:(D)D#97#90 prob_bp = 0.49999999980416310000
org.apache.commons.math.distribution.AbstractContinuousDistribution:inverseCumulativeProbability:(D)D#82#65 prob_bp = 0.49999999980624550000
org.apache.commons.math.distribution.AbstractContinuousDistribution:inverseCumulativeProbability:(D)D#97#91 prob_bp = 0.49999999992353830000
org.apache.commons.math.distribution.NormalDistributionImpl:getDomainUpperBound:(D)D#206#21 prob_bp = 0.49999999992938040000
org.apache.commons.math.distribution.AbstractContinuousDistribution:inverseCumulativeProbability:(D)D#104#138 prob_bp = 0.49999999995700370000
org.apache.commons.math.distribution.NormalDistributionImpl:getDomainUpperBound:(D)D#206#20 prob_bp = 0.49999999996422706000
org.apache.commons.math.distribution.AbstractContinuousDistribution:inverseCumulativeProbability:(D)D#104#135 prob_bp = 0.49999999997068634000
org.apache.commons.math.distribution.AbstractContinuousDistribution:inverseCumulativeProbability:(D)D#104#132 prob_bp = 0.49999999997169470000
org.apache.commons.math.distribution.NormalDistributionImpl:getDomainUpperBound:(D)D#200#5#unexe#3 prob_bp = 0.49999999997408850000
org.apache.commons.math.distribution.NormalDistributionImpl:getDomainUpperBound:(D)D#203#19 prob_bp = 0.49999999997687850000
org.apache.commons.math.distribution.NormalDistributionImpl:getDomainUpperBound:(D)D#203#16 prob_bp = 0.49999999997766790000
org.apache.commons.math.distribution.AbstractContinuousDistribution:inverseCumulativeProbability:(D)D#81#58 prob_bp = 0.49999999997831385000
org.apache.commons.math.distribution.NormalDistributionImpl:getDomainUpperBound:(D)D#200#5 prob_bp = 0.49999999999106570000
org.apache.commons.math.distribution.NormalDistributionImpl:inverseCumulativeProbability:(D)D#159#13 prob_bp = 0.49999999999211980000
org.apache.commons.math.distribution.NormalDistributionImpl:getDomainLowerBound:(D)D#184#21 prob_bp = 0.49999999999385070000
org.apache.commons.math.distribution.AbstractContinuousDistribution:inverseCumulativeProbability:(D)D#104#136 prob_bp = 0.49999999999490940000
org.apache.commons.math.distribution.AbstractContinuousDistribution:inverseCumulativeProbability:(D)D#88#88 prob_bp = 0.49999999999631330000
org.apache.commons.math.analysis.solvers.UnivariateRealSolverUtils:bracket:(Lorg/apache/commons/math/analysis/UnivariateRealFunction;DDDI)[D#199#271 prob_bp = 0.49999999999671040000
org.apache.commons.math.analysis.solvers.UnivariateRealSolverUtils:bracket:(Lorg/apache/commons/math/analysis/UnivariateRealFunction;DDDI)[D#199#184 prob_bp = 0.49999999999679670000
org.apache.commons.math.distribution.NormalDistributionImpl:getDomainLowerBound:(D)D#184#20 prob_bp = 0.49999999999824760000
org.apache.commons.math.distribution.NormalDistributionImpl:inverseCumulativeProbability:(D)D#156#3 prob_bp = 0.49999999999861167000
org.apache.commons.math.distribution.NormalDistributionImpl:inverseCumulativeProbability:(D)D#162#22 prob_bp = 0.49999999999935920000
org.apache.commons.math.distribution.NormalDistributionImpl:inverseCumulativeProbability:(D)D#162#21 prob_bp = 0.49999999999939404000
org.apache.commons.math.distribution.NormalDistributionImpl:getDomainLowerBound:(D)D#178#5#unexe#3 prob_bp = 0.49999999999949210000
org.apache.commons.math.distribution.NormalDistributionImpl:getDomainLowerBound:(D)D#181#19 prob_bp = 0.49999999999984400000
org.apache.commons.math.distribution.AbstractContinuousDistribution:inverseCumulativeProbability:(D)D#85#78 prob_bp = 0.49999999999985430000
org.apache.commons.math.distribution.NormalDistributionImpl:inverseCumulativeProbability:(D)D#159#12 prob_bp = 0.49999999999986333000
org.apache.commons.math.distribution.NormalDistributionImpl:inverseCumulativeProbability:(D)D#159#11 prob_bp = 0.49999999999986780000
org.apache.commons.math.distribution.NormalDistributionImpl:inverseCumulativeProbability:(D)D#159#10 prob_bp = 0.49999999999987044000
org.apache.commons.math.distribution.AbstractContinuousDistribution:inverseCumulativeProbability:(D)D#85#76 prob_bp = 0.49999999999987340000
org.apache.commons.math.distribution.NormalDistributionImpl:getDomainLowerBound:(D)D#178#5 prob_bp = 0.49999999999990974000
org.apache.commons.math.distribution.NormalDistributionImpl:inverseCumulativeProbability:(D)D#156#2 prob_bp = 0.49999999999994990000
org.apache.commons.math.distribution.NormalDistributionImpl:inverseCumulativeProbability:(D)D#156#1 prob_bp = 0.49999999999995104000
org.apache.commons.math.distribution.NormalDistributionImpl:inverseCumulativeProbability:(D)D#156#0 prob_bp = 0.49999999999995190000
org.apache.commons.math.analysis.solvers.UnivariateRealSolverUtils:bracket:(Lorg/apache/commons/math/analysis/UnivariateRealFunction;DDDI)[D#199#268 prob_bp = 0.49999999999996925000
org.apache.commons.math.analysis.solvers.UnivariateRealSolverUtils:bracket:(Lorg/apache/commons/math/analysis/UnivariateRealFunction;DDDI)[D#199#187 prob_bp = 0.49999999999997290000
org.apache.commons.math.distribution.NormalDistributionImpl:getInitialDomain:(D)D#229#48 prob_bp = 0.49999999999998370000
org.apache.commons.math.distribution.NormalDistributionImpl:getDomainUpperBound:(D)D#200#4 prob_bp = 0.49999999999998880000
org.apache.commons.math.distribution.NormalDistributionImpl:getDomainUpperBound:(D)D#200#1 prob_bp = 0.49999999999998910000
org.apache.commons.math.distribution.NormalDistributionImpl:getInitialDomain:(D)D#229#47 prob_bp = 0.49999999999999534000
org.apache.commons.math.distribution.NormalDistributionImpl:getDomainUpperBound:(D)D#200#0 prob_bp = 0.49999999999999634000
org.apache.commons.math.distribution.AbstractContinuousDistribution:inverseCumulativeProbability:(D)D#82#62 prob_bp = 0.49999999999999870000
org.apache.commons.math.distribution.NormalDistributionImpl:getInitialDomain:(D)D#221#5#unexe#3 prob_bp = 0.49999999999999880000
org.apache.commons.math.distribution.AbstractContinuousDistribution:inverseCumulativeProbability:(D)D#82#61 prob_bp = 0.49999999999999906000
org.apache.commons.math.analysis.solvers.UnivariateRealSolverUtils:bracket:(Lorg/apache/commons/math/analysis/UnivariateRealFunction;DDDI)[D#199#190 prob_bp = 0.49999999999999956000
org.apache.commons.math.analysis.solvers.UnivariateRealSolverUtils:bracket:(Lorg/apache/commons/math/analysis/UnivariateRealFunction;DDDI)[D#199#192 prob_bp = 0.49999999999999956000
org.apache.commons.math.distribution.NormalDistributionImpl:getInitialDomain:(D)D#223#26#unexe#3 prob_bp = 0.49999999999999967000
org.apache.commons.math.distribution.NormalDistributionImpl:getInitialDomain:(D)D#221#5 prob_bp = 0.49999999999999983000
org.apache.commons.math.analysis.solvers.UnivariateRealSolverUtils:bracket:(Lorg/apache/commons/math/analysis/UnivariateRealFunction;DDDI)[D#195#142 prob_bp = 0.49999999999999983000
org.apache.commons.math.analysis.solvers.UnivariateRealSolverUtils:bracket:(Lorg/apache/commons/math/analysis/UnivariateRealFunction;DDDI)[D#195#144 prob_bp = 0.49999999999999983000
org.apache.commons.math.distribution.NormalDistributionImpl:getDomainLowerBound:(D)D#178#1 prob_bp = 0.49999999999999990000
org.apache.commons.math.distribution.NormalDistributionImpl:getDomainLowerBound:(D)D#178#4 prob_bp = 0.49999999999999990000
org.apache.commons.math.distribution.NormalDistributionImpl:getDomainLowerBound:(D)D#181#15 prob_bp = 0.49999999999999990000
org.apache.commons.math.distribution.NormalDistributionImpl:getDomainLowerBound:(D)D#181#16 prob_bp = 0.49999999999999990000
org.apache.commons.math.distribution.NormalDistributionImpl:getInitialDomain:(D)D#224#38 prob_bp = 0.49999999999999990000
org.apache.commons.math.distribution.NormalDistributionImpl:getInitialDomain:(D)D#223#21 prob_bp = 0.49999999999999994000
org.apache.commons.math.distribution.NormalDistributionImpl:getInitialDomain:(D)D#223#26 prob_bp = 0.49999999999999994000
org.apache.commons.math.distribution.NormalDistributionImpl:<init>:(DD)V#54#0 prob_bp = 0.50000000000000000000
org.apache.commons.math.distribution.NormalDistributionImpl:<init>:(DD)V#54#1 prob_bp = 0.50000000000000000000
org.apache.commons.math.distribution.AbstractContinuousDistribution:inverseCumulativeProbability:(D)D#69#47 prob_bp = 0.50000000000000000000
org.apache.commons.math.distribution.AbstractContinuousDistribution:inverseCumulativeProbability:(D)D#69#49 prob_bp = 0.50000000000000000000
org.apache.commons.math.distribution.AbstractContinuousDistribution:inverseCumulativeProbability:(D)D#81#53 prob_bp = 0.50000000000000000000
org.apache.commons.math.distribution.NormalDistributionImpl:getDomainLowerBound:(D)D#178#0 prob_bp = 0.50000000000000000000
org.apache.commons.math.distribution.NormalDistributionImpl:getInitialDomain:(D)D#221#0 prob_bp = 0.50000000000000000000
org.apache.commons.math.distribution.NormalDistributionImpl:getInitialDomain:(D)D#221#1 prob_bp = 0.50000000000000000000
org.apache.commons.math.distribution.NormalDistributionImpl:getInitialDomain:(D)D#223#22 prob_bp = 0.50000000000000000000
org.apache.commons.math.distribution.NormalDistributionImpl:getInitialDomain:(D)D#223#25 prob_bp = 0.50000000000000000000
org.apache.commons.math.distribution.NormalDistributionImpl:getInitialDomain:(D)D#224#29 prob_bp = 0.50000000000000000000
org.apache.commons.math.distribution.NormalDistributionImpl:getInitialDomain:(D)D#224#30 prob_bp = 0.50000000000000000000
org.apache.commons.math.distribution.NormalDistributionImpl:getInitialDomain:(D)D#224#33 prob_bp = 0.50000000000000000000
org.apache.commons.math.distribution.NormalDistributionImpl:getInitialDomain:(D)D#224#34 prob_bp = 0.50000000000000000000
org.apache.commons.math.distribution.NormalDistributionImpl:getInitialDomain:(D)D#224#37 prob_bp = 0.50000000000000000000
org.apache.commons.math.analysis.solvers.UnivariateRealSolverUtils:bracket:(Lorg/apache/commons/math/analysis/UnivariateRealFunction;DDDI)[D#199#188 prob_bp = 0.50000000000000000000
org.apache.commons.math.distribution.NormalDistributionImpl:inverseCumulativeProbability:(D)D#162#20 prob_bp = 0.50000000000000010000
org.apache.commons.math.distribution.AbstractContinuousDistribution:inverseCumulativeProbability:(D)D#69#46 prob_bp = 0.50000000000000010000
org.apache.commons.math.distribution.AbstractContinuousDistribution:inverseCumulativeProbability:(D)D#81#54 prob_bp = 0.50000000000000010000
org.apache.commons.math.distribution.NormalDistributionImpl:getInitialDomain:(D)D#221#4 prob_bp = 0.50000000000000010000
org.apache.commons.math.analysis.solvers.UnivariateRealSolverUtils:bracket:(Lorg/apache/commons/math/analysis/UnivariateRealFunction;DDDI)[D#182#89 prob_bp = 0.50000000000000010000
org.apache.commons.math.analysis.solvers.UnivariateRealSolverUtils:bracket:(Lorg/apache/commons/math/analysis/UnivariateRealFunction;DDDI)[D#182#90 prob_bp = 0.50000000000000010000
org.apache.commons.math.analysis.solvers.UnivariateRealSolverUtils:bracket:(Lorg/apache/commons/math/analysis/UnivariateRealFunction;DDDI)[D#183#92 prob_bp = 0.50000000000000010000
org.apache.commons.math.analysis.solvers.UnivariateRealSolverUtils:bracket:(Lorg/apache/commons/math/analysis/UnivariateRealFunction;DDDI)[D#183#93 prob_bp = 0.50000000000000010000
org.apache.commons.math.analysis.solvers.UnivariateRealSolverUtils:bracket:(Lorg/apache/commons/math/analysis/UnivariateRealFunction;DDDI)[D#189#101 prob_bp = 0.50000000000000010000
org.apache.commons.math.analysis.solvers.UnivariateRealSolverUtils:bracket:(Lorg/apache/commons/math/analysis/UnivariateRealFunction;DDDI)[D#190#111 prob_bp = 0.50000000000000010000
org.apache.commons.math.analysis.solvers.UnivariateRealSolverUtils:bracket:(Lorg/apache/commons/math/analysis/UnivariateRealFunction;DDDI)[D#190#112 prob_bp = 0.50000000000000010000
org.apache.commons.math.analysis.solvers.UnivariateRealSolverUtils:bracket:(Lorg/apache/commons/math/analysis/UnivariateRealFunction;DDDI)[D#190#114 prob_bp = 0.50000000000000010000
org.apache.commons.math.analysis.solvers.UnivariateRealSolverUtils:bracket:(Lorg/apache/commons/math/analysis/UnivariateRealFunction;DDDI)[D#189#102 prob_bp = 0.50000000000000020000
org.apache.commons.math.distribution.AbstractContinuousDistribution:inverseCumulativeProbability:(D)D#69#48 prob_bp = 0.50000000000000030000
org.apache.commons.math.distribution.AbstractContinuousDistribution:inverseCumulativeProbability:(D)D#81#55 prob_bp = 0.50000000000000030000
org.apache.commons.math.analysis.solvers.UnivariateRealSolverUtils:bracket:(Lorg/apache/commons/math/analysis/UnivariateRealFunction;DDDI)[D#189#100 prob_bp = 0.50000000000000040000
org.apache.commons.math.analysis.solvers.UnivariateRealSolverUtils:bracket:(Lorg/apache/commons/math/analysis/UnivariateRealFunction;DDDI)[D#190#110 prob_bp = 0.50000000000000040000
org.apache.commons.math.analysis.solvers.UnivariateRealSolverUtils:bracket:(Lorg/apache/commons/math/analysis/UnivariateRealFunction;DDDI)[D#189#103 prob_bp = 0.50000000000000060000
org.apache.commons.math.analysis.solvers.UnivariateRealSolverUtils:bracket:(Lorg/apache/commons/math/analysis/UnivariateRealFunction;DDDI)[D#190#108 prob_bp = 0.50000000000000070000
org.apache.commons.math.analysis.solvers.UnivariateRealSolverUtils:bracket:(Lorg/apache/commons/math/analysis/UnivariateRealFunction;DDDI)[D#189#98 prob_bp = 0.50000000000000080000
org.apache.commons.math.analysis.solvers.UnivariateRealSolverUtils:bracket:(Lorg/apache/commons/math/analysis/UnivariateRealFunction;DDDI)[D#195#146 prob_bp = 0.50000000000000130000
org.apache.commons.math.analysis.solvers.UnivariateRealSolverUtils:bracket:(Lorg/apache/commons/math/analysis/UnivariateRealFunction;DDDI)[D#189#106 prob_bp = 0.50000000000000340000
org.apache.commons.math.analysis.solvers.UnivariateRealSolverUtils:bracket:(Lorg/apache/commons/math/analysis/UnivariateRealFunction;DDDI)[D#190#117 prob_bp = 0.50000000000000410000
org.apache.commons.math.distribution.AbstractContinuousDistribution:inverseCumulativeProbability:(D)D#85#72 prob_bp = 0.50000000000000770000
org.apache.commons.math.analysis.solvers.UnivariateRealSolverUtils:bracket:(Lorg/apache/commons/math/analysis/UnivariateRealFunction;DDDI)[D#195#147 prob_bp = 0.50000000000001030000
org.apache.commons.math.analysis.solvers.UnivariateRealSolverUtils:bracket:(Lorg/apache/commons/math/analysis/UnivariateRealFunction;DDDI)[D#195#148 prob_bp = 0.50000000000001030000
org.apache.commons.math.analysis.solvers.UnivariateRealSolverUtils:bracket:(Lorg/apache/commons/math/analysis/UnivariateRealFunction;DDDI)[D#193#130 prob_bp = 0.50000000000001500000
org.apache.commons.math.analysis.solvers.UnivariateRealSolverUtils:bracket:(Lorg/apache/commons/math/analysis/UnivariateRealFunction;DDDI)[D#191#120 prob_bp = 0.50000000000001530000
org.apache.commons.math.analysis.solvers.UnivariateRealSolverUtils:bracket:(Lorg/apache/commons/math/analysis/UnivariateRealFunction;DDDI)[D#191#119 prob_bp = 0.50000000000001650000
org.apache.commons.math.analysis.solvers.UnivariateRealSolverUtils:bracket:(Lorg/apache/commons/math/analysis/UnivariateRealFunction;DDDI)[D#193#129 prob_bp = 0.50000000000001680000
org.apache.commons.math.distribution.AbstractContinuousDistribution:inverseCumulativeProbability:(D)D#85#71 prob_bp = 0.50000000000001790000
org.apache.commons.math.distribution.AbstractContinuousDistribution:inverseCumulativeProbability:(D)D#85#73 prob_bp = 0.50000000000002410000
org.apache.commons.math.analysis.solvers.UnivariateRealSolverUtils:bracket:(Lorg/apache/commons/math/analysis/UnivariateRealFunction;DDDI)[D#191#122 prob_bp = 0.50000000000005530000
org.apache.commons.math.analysis.solvers.UnivariateRealSolverUtils:bracket:(Lorg/apache/commons/math/analysis/UnivariateRealFunction;DDDI)[D#193#132 prob_bp = 0.50000000000005620000
org.apache.commons.math.distribution.AbstractContinuousDistribution:inverseCumulativeProbability:(D)D#85#70 prob_bp = 0.50000000000016130000
org.apache.commons.math.analysis.solvers.UnivariateRealSolverUtils:bracket:(Lorg/apache/commons/math/analysis/UnivariateRealFunction;DDD)[D#127#0 prob_bp = 0.50000000000043800000
org.apache.commons.math.distribution.AbstractContinuousDistribution:inverseCumulativeProbability:(D)D#85#80 prob_bp = 0.50000000000080950000
org.apache.commons.math.analysis.solvers.UnivariateRealSolverUtils:bracket:(Lorg/apache/commons/math/analysis/UnivariateRealFunction;DDDI)[D#170#0 prob_bp = 0.50000000000386590000
org.apache.commons.math.analysis.solvers.UnivariateRealSolverUtils:bracket:(Lorg/apache/commons/math/analysis/UnivariateRealFunction;DDD)[D#127#1 prob_bp = 0.50000000000694520000
org.apache.commons.math.analysis.solvers.UnivariateRealSolverUtils:bracket:(Lorg/apache/commons/math/analysis/UnivariateRealFunction;DDDI)[D#177#37 prob_bp = 0.50000000000717660000
org.apache.commons.math.analysis.solvers.UnivariateRealSolverUtils:bracket:(Lorg/apache/commons/math/analysis/UnivariateRealFunction;DDDI)[D#193#137 prob_bp = 0.50000000001027390000
org.apache.commons.math.analysis.solvers.UnivariateRealSolverUtils:bracket:(Lorg/apache/commons/math/analysis/UnivariateRealFunction;DDDI)[D#191#127 prob_bp = 0.50000000001027410000
org.apache.commons.math.analysis.solvers.UnivariateRealSolverUtils:bracket:(Lorg/apache/commons/math/analysis/UnivariateRealFunction;DDDI)[D#195#149 prob_bp = 0.50000000001160790000
org.apache.commons.math.analysis.solvers.UnivariateRealSolverUtils:bracket:(Lorg/apache/commons/math/analysis/UnivariateRealFunction;DDDI)[D#170#1 prob_bp = 0.50000000001332830000
org.apache.commons.math.analysis.solvers.UnivariateRealSolverUtils:bracket:(Lorg/apache/commons/math/analysis/UnivariateRealFunction;DDDI)[D#177#38 prob_bp = 0.50000000001985560000
org.apache.commons.math.analysis.solvers.UnivariateRealSolverUtils:bracket:(Lorg/apache/commons/math/analysis/UnivariateRealFunction;DDDI)[D#177#39 prob_bp = 0.50000000002793450000
org.apache.commons.math.analysis.solvers.UnivariateRealSolverUtils:bracket:(Lorg/apache/commons/math/analysis/UnivariateRealFunction;DDDI)[D#195#149#unexe#12 prob_bp = 0.50000000004639240000
org.apache.commons.math.analysis.solvers.UnivariateRealSolverUtils:bracket:(Lorg/apache/commons/math/analysis/UnivariateRealFunction;DDDI)[D#195#149#unexe#14 prob_bp = 0.50000000004639240000
org.apache.commons.math.analysis.solvers.UnivariateRealSolverUtils:bracket:(Lorg/apache/commons/math/analysis/UnivariateRealFunction;DDDI)[D#177#43 prob_bp = 0.50000000008656820000
org.apache.commons.math.analysis.solvers.UnivariateRealSolverUtils:bracket:(Lorg/apache/commons/math/analysis/UnivariateRealFunction;DDDI)[D#198#174 prob_bp = 0.50000000017407330000
org.apache.commons.math.analysis.solvers.UnivariateRealSolverUtils:bracket:(Lorg/apache/commons/math/analysis/UnivariateRealFunction;DDDI)[D#198#176 prob_bp = 0.50000000017407330000
org.apache.commons.math.analysis.solvers.UnivariateRealSolverUtils:bracket:(Lorg/apache/commons/math/analysis/UnivariateRealFunction;DDDI)[D#177#44 prob_bp = 0.50000000022779210000
org.apache.commons.math.analysis.solvers.UnivariateRealSolverUtils:bracket:(Lorg/apache/commons/math/analysis/UnivariateRealFunction;DDDI)[D#177#46 prob_bp = 0.50000000031078510000
org.apache.commons.math.analysis.solvers.UnivariateRealSolverUtils:bracket:(Lorg/apache/commons/math/analysis/UnivariateRealFunction;DDDI)[D#198#178 prob_bp = 0.50000000062544380000
org.apache.commons.math.analysis.solvers.UnivariateRealSolverUtils:bracket:(Lorg/apache/commons/math/analysis/UnivariateRealFunction;DDD)[D#127#5 prob_bp = 0.50000000117790950000
org.apache.commons.math.analysis.solvers.UnivariateRealSolverUtils:bracket:(Lorg/apache/commons/math/analysis/UnivariateRealFunction;DDDI)[D#173#14 prob_bp = 0.50000000136697220000
org.apache.commons.math.analysis.solvers.UnivariateRealSolverUtils:bracket:(Lorg/apache/commons/math/analysis/UnivariateRealFunction;DDDI)[D#173#16 prob_bp = 0.50000000196012040000
org.apache.commons.math.distribution.AbstractContinuousDistribution:inverseCumulativeProbability:(D)D#62#0 prob_bp = 0.50000000291746580000
org.apache.commons.math.analysis.solvers.UnivariateRealSolverUtils:bracket:(Lorg/apache/commons/math/analysis/UnivariateRealFunction;DDD)[D#127#2 prob_bp = 0.50000000431691560000
org.apache.commons.math.analysis.solvers.UnivariateRealSolverUtils:bracket:(Lorg/apache/commons/math/analysis/UnivariateRealFunction;DDD)[D#127#3 prob_bp = 0.50000000449776490000
org.apache.commons.math.analysis.solvers.UnivariateRealSolverUtils:bracket:(Lorg/apache/commons/math/analysis/UnivariateRealFunction;DDDI)[D#177#51 prob_bp = 0.50000000497191740000
org.apache.commons.math.analysis.solvers.UnivariateRealSolverUtils:bracket:(Lorg/apache/commons/math/analysis/UnivariateRealFunction;DDDI)[D#177#50 prob_bp = 0.50000000497192100000
org.apache.commons.math.analysis.solvers.UnivariateRealSolverUtils:bracket:(Lorg/apache/commons/math/analysis/UnivariateRealFunction;DDDI)[D#177#53 prob_bp = 0.50000000682815120000
org.apache.commons.math.distribution.AbstractContinuousDistribution:inverseCumulativeProbability:(D)D#62#1 prob_bp = 0.50000001003861840000
org.apache.commons.math.analysis.solvers.UnivariateRealSolverUtils:bracket:(Lorg/apache/commons/math/analysis/UnivariateRealFunction;DDD)[D#127#7 prob_bp = 0.50000001036497940000
org.apache.commons.math.distribution.AbstractContinuousDistribution:inverseCumulativeProbability:(D)D#62#2 prob_bp = 0.50000001044375250000
org.apache.commons.math.distribution.AbstractContinuousDistribution:inverseCumulativeProbability:(D)D#62#6 prob_bp = 0.50000003695988960000
org.apache.commons.math.analysis.solvers.UnivariateRealSolverUtils:bracket:(Lorg/apache/commons/math/analysis/UnivariateRealFunction;DDDI)[D#198#179 prob_bp = 0.50000011182755370000
org.apache.commons.math.analysis.solvers.UnivariateRealSolverUtils:bracket:(Lorg/apache/commons/math/analysis/UnivariateRealFunction;DDDI)[D#198#180 prob_bp = 0.50000011578081490000
org.apache.commons.math.distribution.AbstractContinuousDistribution:inverseCumulativeProbability:(D)D#62#7 prob_bp = 0.50000011758381540000
org.apache.commons.math.distribution.AbstractContinuousDistribution:inverseCumulativeProbability:(D)D#62#8 prob_bp = 0.50000012180518840000
org.apache.commons.math.analysis.solvers.UnivariateRealSolverUtils:bracket:(Lorg/apache/commons/math/analysis/UnivariateRealFunction;DDDI)[D#177#40 prob_bp = 0.50000023821417470000
org.apache.commons.math.analysis.solvers.UnivariateRealSolverUtils:bracket:(Lorg/apache/commons/math/analysis/UnivariateRealFunction;DDDI)[D#177#47 prob_bp = 0.50000212740483570000
org.apache.commons.math.distribution.AbstractContinuousDistribution:inverseCumulativeProbability:(D)D#62#3 prob_bp = 0.50001167679601250000
org.apache.commons.math.analysis.solvers.UnivariateRealSolverUtils:bracket:(Lorg/apache/commons/math/analysis/UnivariateRealFunction;DDDI)[D#177#54 prob_bp = 0.50001722260093180000
org.apache.commons.math.distribution.AbstractContinuousDistribution:inverseCumulativeProbability:(D)D#62#9 prob_bp = 0.50010463192705760000
org.apache.commons.math.analysis.solvers.UnivariateRealSolverUtils:bracket:(Lorg/apache/commons/math/analysis/UnivariateRealFunction;DDDI)[D#198#181 prob_bp = 0.50013773008695350000
org.apache.commons.math.ConvergenceException:<init>:(Ljava/lang/String;[Ljava/lang/Object;)V#45#1 prob_bp = 0.50026839172230420000
org.apache.commons.math.MathException:<init>:(Ljava/lang/String;[Ljava/lang/Object;)V#106#4 prob_bp = 0.50029029912218640000
org.apache.commons.math.distribution.AbstractContinuousDistribution:inverseCumulativeProbability:(D)D#69#43 prob_bp = 0.50041675594574130000
org.apache.commons.math.distribution.AbstractContinuousDistribution:inverseCumulativeProbability:(D)D#69#52 prob_bp = 0.50043150647450330000
org.apache.commons.math.MathException:<init>:(Ljava/lang/Throwable;)V#119#1 prob_bp = 0.50256716207532260000
org.apache.commons.math.MathException:<init>:(Ljava/lang/Throwable;)V#119#0 prob_bp = 0.50257061729875120000
org.apache.commons.math.ConvergenceException:<init>:(Ljava/lang/String;[Ljava/lang/Object;)V#45#2 prob_bp = 0.50260431741039110000
org.apache.commons.math.MathException:<init>:(Ljava/lang/Throwable;)V#119#2 prob_bp = 0.50276388942385920000
org.apache.commons.math.MathException:<init>:(Ljava/lang/String;[Ljava/lang/Object;)V#106#5 prob_bp = 0.50284749280923990000
org.apache.commons.math.MathException:<init>:(Ljava/lang/String;[Ljava/lang/Object;)V#106#6 prob_bp = 0.50346294770359690000
org.apache.commons.math.ConvergenceException:<init>:(Ljava/lang/String;[Ljava/lang/Object;)V#45#0 prob_bp = 0.51086624850369360000
org.apache.commons.math.MathException:<init>:(Ljava/lang/String;[Ljava/lang/Object;)V#106#0 prob_bp = 0.51210868855941240000
org.apache.commons.math.MathException:<init>:(Ljava/lang/String;[Ljava/lang/Object;)V#106#9 prob_bp = 0.51361823352127570000
org.apache.commons.math.ConvergenceException:<init>:(Ljava/lang/String;[Ljava/lang/Object;)V#45#3 prob_bp = 0.51407254799834820000
org.apache.commons.math.distribution.NormalDistributionImpl:<init>:(DD)V#56#20 prob_bp = 0.55767848880152020000
org.apache.commons.math.distribution.NormalDistributionImpl:<init>:(DD)V#56#21 prob_bp = 0.55866687260909810000
org.apache.commons.math.MathException:getMessage:(Ljava/util/Locale;)Ljava/lang/String;#166#1 prob_bp = 0.62210324554120340000
org.apache.commons.math.MathException:getMessage:(Ljava/util/Locale;)Ljava/lang/String;#166#2 prob_bp = 0.62387358997032400000
org.apache.commons.math.MathException:buildMessage:(Ljava/util/Locale;Ljava/lang/String;[Ljava/lang/Object;)Ljava/lang/String;#85#0 prob_bp = 0.63480373089083380000
org.apache.commons.math.MathException:buildMessage:(Ljava/util/Locale;Ljava/lang/String;[Ljava/lang/Object;)Ljava/lang/String;#85#1 prob_bp = 0.64352844015069070000
org.apache.commons.math.distribution.NormalDistributionImpl:setStandardDeviation:(D)V#97#0 prob_bp = 0.70830181131640200000
org.apache.commons.math.distribution.NormalDistributionImpl:setStandardDeviation:(D)V#97#1 prob_bp = 0.70933595004019970000
org.apache.commons.math.distribution.NormalDistributionImpl:setStandardDeviation:(D)V#97#2 prob_bp = 0.71166006374524270000
org.apache.commons.math.distribution.NormalDistributionImpl:setStandardDeviation:(D)V#97#3 prob_bp = 0.98961508509342260000
org.apache.commons.math.distribution.NormalDistributionImpl:getMean:()D#72#4 prob_bp = 0.99009900990098900000
org.apache.commons.math.distribution.NormalDistributionImpl:getMean:()D#72#0 prob_bp = 0.99009900990099010000
org.apache.commons.math.distribution.NormalDistributionImpl:getMean:()D#72#1 prob_bp = 0.99009900990099010000
org.apache.commons.math.distribution.NormalDistributionImpl:getStandardDeviation:()D#88#0 prob_bp = 0.99009900990099010000
org.apache.commons.math.distribution.NormalDistributionImpl:getStandardDeviation:()D#88#1 prob_bp = 0.99009900990099010000
org.apache.commons.math.distribution.NormalDistributionImpl:getStandardDeviation:()D#88#4 prob_bp = 0.99009900990099010000
org.apache.commons.math.MathException:getMessage:(Ljava/util/Locale;)Ljava/lang/String;#166#5 prob_bp = 0.99886746827147740000
org.apache.commons.math.MathException:getMessage:(Ljava/util/Locale;)Ljava/lang/String;#166#6 prob_bp = 0.99910752343450250000
org.apache.commons.math.MathException:getMessage:(Ljava/util/Locale;)Ljava/lang/String;#166#9 prob_bp = 0.99971961035740580000
org.apache.commons.math.MathException:buildMessage:(Ljava/util/Locale;Ljava/lang/String;[Ljava/lang/Object;)Ljava/lang/String;#85#22 prob_bp = 0.99985981268537670000
org.apache.commons.math.MathException:buildMessage:(Ljava/util/Locale;Ljava/lang/String;[Ljava/lang/Object;)Ljava/lang/String;#85#9 prob_bp = 0.99991798821570370000
org.apache.commons.math.MathException:buildMessage:(Ljava/util/Locale;Ljava/lang/String;[Ljava/lang/Object;)Ljava/lang/String;#85#23 prob_bp = 0.99995787821625210000
org.apache.commons.math.MathException:buildMessage:(Ljava/util/Locale;Ljava/lang/String;[Ljava/lang/Object;)Ljava/lang/String;#85#26 prob_bp = 0.99999790435680560000
org.apache.commons.math.distribution.AbstractContinuousDistribution:<init>:()V#46#0 prob_bp = 0.99999997688703950000
org.apache.commons.math.MathException:getMessage:(Ljava/util/Locale;)Ljava/lang/String;#166#12 prob_bp = 0.99999998804101660000
org.apache.commons.math.distribution.AbstractContinuousDistribution:<init>:()V#46#1 prob_bp = 0.99999999687919220000
org.apache.commons.math.distribution.AbstractDistribution:<init>:()V#39#0 prob_bp = 0.99999999989999950000
org.apache.commons.math.distribution.AbstractDistribution:<init>:()V#39#1 prob_bp = 0.99999999990000000000
org.apache.commons.math.distribution.NormalDistributionTest:testMath280:()V#168#0 prob_bp = 1.00000000000000000000
org.apache.commons.math.distribution.NormalDistributionTest:testMath280:()V#168#3 prob_bp = 1.00000000000000000000
org.apache.commons.math.distribution.NormalDistributionTest:testMath280:()V#168#5 prob_bp = 1.00000000000000000000
org.apache.commons.math.distribution.NormalDistributionTest:testMath280:()V#168#6 prob_bp = 1.00000000000000000000
org.apache.commons.math.distribution.NormalDistributionTest:testMath280:()V#168#9 prob_bp = 1.00000000000000000000
org.apache.commons.math.distribution.NormalDistributionTest:testMath280:()V#169#10 prob_bp = 1.00000000000000000000
org.apache.commons.math.distribution.NormalDistributionTest:testMath280:()V#169#11 prob_bp = 1.00000000000000000000
org.apache.commons.math.distribution.NormalDistributionTest:testMath280:()V#169#14 prob_bp = 1.00000000000000000000
Belief propagation time : 52.604000s
