Belief propagation time: 100

Probabilities: 
Vars:30627
Stmts:4769
org.apache.commons.math.exception.MathIllegalStateException:getLocalizedMessage:()Ljava/lang/String;#84#7 prob_bp = 0.49834305411311086000
org.apache.commons.math.exception.util.ExceptionContext:getLocalizedMessage:()Ljava/lang/String;#116#7 prob_bp = 0.49959593845358350000
org.apache.commons.math.exception.util.ExceptionContext:getMessage:(Ljava/util/Locale;)Ljava/lang/String;#126#7 prob_bp = 0.49990493911681220000
org.apache.commons.math.exception.util.ExceptionContext:buildMessage:(Ljava/util/Locale;Ljava/lang/String;)Ljava/lang/String;#165#120 prob_bp = 0.49998110097376510000
org.apache.commons.math.exception.util.ExceptionContext:buildMessage:(Ljava/util/Locale;Ljava/lang/String;)Ljava/lang/String;#165#117 prob_bp = 0.49999987031078440000
org.apache.commons.math.exception.util.ExceptionContext:buildMessage:(Ljava/util/Locale;Ljava/lang/String;)Ljava/lang/String;#165#116 prob_bp = 0.49999991656745890000
org.apache.commons.math.util.Incrementor:incrementCount:()V#84#15 prob_bp = 0.49999991838178176000
org.apache.commons.math.exception.util.ExceptionContext:buildMessage:(Ljava/util/Locale;Ljava/lang/String;)Ljava/lang/String;#150#7 prob_bp = 0.49999992796145754000
org.apache.commons.math.exception.util.ExceptionContext:buildMessage:(Ljava/util/Locale;Ljava/lang/String;)Ljava/lang/String;#150#0 prob_bp = 0.49999993077073607000
org.apache.commons.math.util.Incrementor:incrementCount:()V#84#7 prob_bp = 0.49999998086229560000
org.apache.commons.math.analysis.solvers.BaseSecantSolver:doSolve:()D#233#333 prob_bp = 0.49999998701244414000
org.apache.commons.math.util.FastMath:max:(DD)D#3928#11 prob_bp = 0.49999999839809320000
org.apache.commons.math.util.Incrementor:incrementCount:()V#84#6 prob_bp = 0.49999999853126703000
org.apache.commons.math.util.Incrementor:incrementCount:()V#84#5 prob_bp = 0.49999999858143020000
org.apache.commons.math.util.Incrementor:incrementCount:()V#84#12 prob_bp = 0.49999999968512060000
org.apache.commons.math.util.FastMath:max:(DD)D#3925#3 prob_bp = 0.49999999982147610000
org.apache.commons.math.util.Incrementor:incrementCount:()V#84#11 prob_bp = 0.49999999991605780000
org.apache.commons.math.analysis.solvers.BaseAbstractUnivariateRealSolver:incrementEvaluationCount:()V#294#4 prob_bp = 0.49999999998126890000
org.apache.commons.math.exception.util.ExceptionContext:buildMessage:(Ljava/util/Locale;Ljava/lang/String;)Ljava/lang/String;#158#90 prob_bp = 0.49999999999089020000
org.apache.commons.math.exception.util.ExceptionContext:buildMessage:(Ljava/util/Locale;Ljava/lang/String;)Ljava/lang/String;#158#82 prob_bp = 0.49999999999413025000
org.apache.commons.math.util.Incrementor:incrementCount:()V#84#2 prob_bp = 0.49999999999424370000
org.apache.commons.math.util.Incrementor:incrementCount:()V#84#1 prob_bp = 0.49999999999839806000
org.apache.commons.math.util.Incrementor:setMaximalCount:(I)V#44#2 prob_bp = 0.49999999999861150000
org.apache.commons.math.analysis.solvers.BaseSecantSolver:doSolve:()D#233#332 prob_bp = 0.49999999999931016000
org.apache.commons.math.analysis.solvers.BaseSecantSolver:doSolve:()D#202#225 prob_bp = 0.49999999999942185000
org.apache.commons.math.util.Incrementor:incrementCount:()V#84#0 prob_bp = 0.49999999999956657000
org.apache.commons.math.util.Incrementor:setMaximalCount:(I)V#44#1 prob_bp = 0.49999999999964084000
org.apache.commons.math.util.Incrementor:setMaximalCount:(I)V#44#0 prob_bp = 0.49999999999966893000
org.apache.commons.math.util.FastMath:max:(DD)D#3929#15 prob_bp = 0.49999999999980704000
org.apache.commons.math.util.FastMath:abs:(D)D#3410#22 prob_bp = 0.49999999999982464000
org.apache.commons.math.analysis.solvers.BaseAbstractUnivariateRealSolver:setup:(ILorg/apache/commons/math/analysis/UnivariateRealFunction;DDD)V#180#31 prob_bp = 0.49999999999983147000
org.apache.commons.math.analysis.solvers.BaseAbstractUnivariateRealSolver:incrementEvaluationCount:()V#294#1 prob_bp = 0.49999999999983260000
org.apache.commons.math.analysis.solvers.BaseSecantSolver:doSolve:()D#179#145 prob_bp = 0.49999999999986733000
org.apache.commons.math.analysis.solvers.BaseAbstractUnivariateRealSolver:<init>:(DDD)V#49#12 prob_bp = 0.49999999999990550000
org.apache.commons.math.analysis.solvers.BaseAbstractUnivariateRealSolver:<init>:(DDD)V#49#5 prob_bp = 0.49999999999990735000
org.apache.commons.math.exception.util.ExceptionContext:buildMessage:(Ljava/util/Locale;Ljava/lang/String;)Ljava/lang/String;#158#87 prob_bp = 0.49999999999991650000
org.apache.commons.math.util.FastMath:max:(DD)D#3928#10 prob_bp = 0.49999999999991673000
org.apache.commons.math.analysis.solvers.BaseAbstractUnivariateRealSolver:<init>:(DDD)V#49#4 prob_bp = 0.49999999999992384000
org.apache.commons.math.exception.util.ExceptionContext:buildMessage:(Ljava/util/Locale;Ljava/lang/String;)Ljava/lang/String;#158#83 prob_bp = 0.49999999999994593000
org.apache.commons.math.util.FastMath:max:(DD)D#3929#14 prob_bp = 0.49999999999994740000
org.apache.commons.math.util.FastMath:abs:(D)D#3410#7 prob_bp = 0.49999999999995204000
org.apache.commons.math.analysis.solvers.BaseAbstractUnivariateRealSolver:incrementEvaluationCount:()V#294#0 prob_bp = 0.49999999999995260000
org.apache.commons.math.exception.util.ExceptionContext:buildMessage:(Ljava/util/Locale;Ljava/lang/String;)Ljava/lang/String;#156#80 prob_bp = 0.49999999999995350000
org.apache.commons.math.exception.util.ExceptionContext:buildMessage:(Ljava/util/Locale;Ljava/lang/String;)Ljava/lang/String;#156#64 prob_bp = 0.49999999999995515000
org.apache.commons.math.analysis.solvers.BaseSecantSolver:<init>:(DLorg/apache/commons/math/analysis/solvers/BaseSecantSolver$Method;)V#69#2 prob_bp = 0.49999999999996160000
org.apache.commons.math.analysis.solvers.BaseAbstractUnivariateRealSolver:setup:(ILorg/apache/commons/math/analysis/UnivariateRealFunction;DDD)V#180#30 prob_bp = 0.49999999999996236000
org.apache.commons.math.analysis.solvers.BaseSecantSolver:<init>:(DLorg/apache/commons/math/analysis/solvers/BaseSecantSolver$Method;)V#69#0 prob_bp = 0.49999999999996450000
org.apache.commons.math.analysis.solvers.RegulaFalsiSolver:<init>:()V#60#7 prob_bp = 0.49999999999996580000
org.apache.commons.math.analysis.solvers.RegulaFalsiSolver:<init>:()V#60#0 prob_bp = 0.49999999999996647000
org.apache.commons.math.util.Incrementor:incrementCount:()V#84#8 prob_bp = 0.49999999999997600000
org.apache.commons.math.analysis.solvers.BaseSecantSolver:doSolve:()D#233#329 prob_bp = 0.49999999999997620000
org.apache.commons.math.util.FastMath:max:(DD)D#3928#9 prob_bp = 0.49999999999997746000
org.apache.commons.math.util.FastMath:max:(DD)D#3928#8 prob_bp = 0.49999999999997840000
org.apache.commons.math.exception.util.ExceptionContext:buildMessage:(Ljava/util/Locale;Ljava/lang/String;)Ljava/lang/String;#158#85 prob_bp = 0.49999999999997950000
org.apache.commons.math.analysis.solvers.BaseSecantSolver:doSolve:()D#172#110 prob_bp = 0.49999999999998180000
org.apache.commons.math.analysis.solvers.BaseAbstractUnivariateRealSolver:computeObjectiveValue:(D)D#153#1 prob_bp = 0.49999999999998657000
org.apache.commons.math.analysis.solvers.BaseAbstractUnivariateRealSolver:solve:(ILorg/apache/commons/math/analysis/UnivariateRealFunction;DDD)D#187#1 prob_bp = 0.49999999999998670000
org.apache.commons.math.util.FastMath:abs:(D)D#3410#6 prob_bp = 0.49999999999998750000
org.apache.commons.math.analysis.solvers.BaseSecantSolver:solve:(ILorg/apache/commons/math/analysis/UnivariateRealFunction;DDDLorg/apache/commons/math/analysis/solvers/AllowedSolution;)D#118#14 prob_bp = 0.49999999999998934000
org.apache.commons.math.util.FastMath:max:(DD)D#3925#2 prob_bp = 0.49999999999999220000
org.apache.commons.math.analysis.solvers.BaseSecantSolver:solve:(ILorg/apache/commons/math/analysis/UnivariateRealFunction;DDDLorg/apache/commons/math/analysis/solvers/AllowedSolution;)D#118#7 prob_bp = 0.49999999999999234000
org.apache.commons.math.analysis.solvers.BaseSecantSolver:solve:(ILorg/apache/commons/math/analysis/UnivariateRealFunction;DDD)D#125#11 prob_bp = 0.49999999999999270000
org.apache.commons.math.analysis.solvers.BaseSecantSolver:doSolve:()D#179#144 prob_bp = 0.49999999999999300000
org.apache.commons.math.util.FastMath:abs:(D)D#3410#3 prob_bp = 0.49999999999999330000
org.apache.commons.math.analysis.solvers.BaseSecantSolver:doSolve:()D#179#134 prob_bp = 0.49999999999999356000
org.apache.commons.math.analysis.solvers.BaseSecantSolver$1:<clinit>:()V#179#90 prob_bp = 0.49999999999999360000
org.apache.commons.math.analysis.solvers.BaseSecantSolver:solve:(ILorg/apache/commons/math/analysis/UnivariateRealFunction;DDD)D#125#1 prob_bp = 0.49999999999999380000
org.apache.commons.math.analysis.solvers.BaseAbstractUnivariateRealSolver:solve:(ILorg/apache/commons/math/analysis/UnivariateRealFunction;DD)D#195#1 prob_bp = 0.49999999999999417000
org.apache.commons.math.exception.util.ExceptionContext:buildMessage:(Ljava/util/Locale;Ljava/lang/String;)Ljava/lang/String;#155#62 prob_bp = 0.49999999999999520000
org.apache.commons.math.analysis.solvers.BaseSecantSolver:doSolve:()D#233#327 prob_bp = 0.49999999999999534000
org.apache.commons.math.analysis.solvers.BaseAbstractUnivariateRealSolver:computeObjectiveValue:(D)D#153#0 prob_bp = 0.49999999999999630000
org.apache.commons.math.analysis.solvers.BaseSecantSolver:doSolve:()D#233#317 prob_bp = 0.49999999999999756000
org.apache.commons.math.analysis.solvers.BaseSecantSolver:doSolve:()D#167#97 prob_bp = 0.49999999999999800000
org.apache.commons.math.util.FastMath:max:(DD)D#3925#1 prob_bp = 0.49999999999999800000
org.apache.commons.math.util.FastMath:max:(DD)D#3925#0 prob_bp = 0.49999999999999820000
org.apache.commons.math.exception.util.ExceptionContext:buildMessage:(Ljava/util/Locale;Ljava/lang/String;)Ljava/lang/String;#161#106 prob_bp = 0.49999999999999820000
org.apache.commons.math.analysis.solvers.BaseSecantSolver:doSolve:()D#179#141 prob_bp = 0.49999999999999845000
org.apache.commons.math.analysis.solvers.BaseSecantSolver:doSolve:()D#151#58 prob_bp = 0.49999999999999880000
org.apache.commons.math.analysis.solvers.BaseSecantSolver:doSolve:()D#162#88 prob_bp = 0.49999999999999883000
org.apache.commons.math.exception.util.ExceptionContext:buildMessage:(Ljava/util/Locale;Ljava/lang/String;)Ljava/lang/String;#161#104 prob_bp = 0.49999999999999890000
org.apache.commons.math.exception.util.ExceptionContext:buildMessage:(Ljava/util/Locale;Ljava/lang/String;)Ljava/lang/String;#161#105 prob_bp = 0.49999999999999890000
org.apache.commons.math.exception.util.ExceptionContext:getMessage:(Ljava/util/Locale;)Ljava/lang/String;#126#2 prob_bp = 0.49999999999999900000
org.apache.commons.math.exception.util.ExceptionContext:getMessage:(Ljava/util/Locale;)Ljava/lang/String;#126#4 prob_bp = 0.49999999999999900000
org.apache.commons.math.exception.util.ExceptionContext:buildMessage:(Ljava/util/Locale;Ljava/lang/String;)Ljava/lang/String;#155#59 prob_bp = 0.49999999999999910000
org.apache.commons.math.analysis.solvers.BaseSecantSolver:solve:(ILorg/apache/commons/math/analysis/UnivariateRealFunction;DDDLorg/apache/commons/math/analysis/solvers/AllowedSolution;)D#118#8 prob_bp = 0.49999999999999933000
org.apache.commons.math.analysis.solvers.BaseAbstractUnivariateRealSolver:setup:(ILorg/apache/commons/math/analysis/UnivariateRealFunction;DDD)V#180#27 prob_bp = 0.49999999999999940000
org.apache.commons.math.exception.util.ExceptionContext:buildMessage:(Ljava/util/Locale;Ljava/lang/String;)Ljava/lang/String;#153#29 prob_bp = 0.49999999999999940000
org.apache.commons.math.analysis.solvers.BaseSecantSolver:solve:(ILorg/apache/commons/math/analysis/UnivariateRealFunction;DDD)D#125#2 prob_bp = 0.49999999999999944000
org.apache.commons.math.analysis.solvers.BaseSecantSolver:doSolve:()D#162#85 prob_bp = 0.49999999999999967000
org.apache.commons.math.analysis.solvers.BaseAbstractUnivariateRealSolver:setup:(ILorg/apache/commons/math/analysis/UnivariateRealFunction;DDD)V#180#26 prob_bp = 0.49999999999999970000
org.apache.commons.math.exception.util.ExceptionContext:buildMessage:(Ljava/util/Locale;Ljava/lang/String;)Ljava/lang/String;#153#25 prob_bp = 0.49999999999999970000
org.apache.commons.math.exception.util.ExceptionContext:buildMessage:(Ljava/util/Locale;Ljava/lang/String;)Ljava/lang/String;#153#27 prob_bp = 0.49999999999999980000
org.apache.commons.math.analysis.solvers.BaseAbstractUnivariateRealSolver:getAbsoluteAccuracy:()D#128#4 prob_bp = 0.49999999999999983000
org.apache.commons.math.analysis.solvers.BaseSecantSolver:solve:(ILorg/apache/commons/math/analysis/UnivariateRealFunction;DDD)D#125#0 prob_bp = 0.49999999999999990000
org.apache.commons.math.analysis.solvers.BaseSecantSolver:solve:(ILorg/apache/commons/math/analysis/UnivariateRealFunction;DDDLorg/apache/commons/math/analysis/solvers/AllowedSolution;)D#118#6 prob_bp = 0.49999999999999990000
org.apache.commons.math.analysis.solvers.UnivariateRealSolverUtils:isBracketing:(Lorg/apache/commons/math/analysis/UnivariateRealFunction;DD)Z#310#65 prob_bp = 0.49999999999999990000
org.apache.commons.math.analysis.solvers.BaseAbstractUnivariateRealSolver:getRelativeAccuracy:()D#134#4 prob_bp = 0.49999999999999990000
org.apache.commons.math.analysis.solvers.BaseSecantSolver:doSolve:()D#233#316 prob_bp = 0.49999999999999990000
org.apache.commons.math.analysis.solvers.BaseSecantSolver:doSolve:()D#233#326 prob_bp = 0.49999999999999990000
org.apache.commons.math.analysis.solvers.BaseSecantSolver:doSolve:()D#179#137 prob_bp = 0.49999999999999990000
org.apache.commons.math.exception.util.ExceptionContext:buildMessage:(Ljava/util/Locale;Ljava/lang/String;)Ljava/lang/String;#152#12 prob_bp = 0.49999999999999990000
org.apache.commons.math.exception.util.ExceptionContext:buildMessage:(Ljava/util/Locale;Ljava/lang/String;)Ljava/lang/String;#152#20 prob_bp = 0.49999999999999990000
org.apache.commons.math.exception.util.ExceptionContext:buildMessage:(Ljava/util/Locale;Ljava/lang/String;)Ljava/lang/String;#153#22 prob_bp = 0.49999999999999990000
org.apache.commons.math.exception.util.ExceptionContext:buildMessage:(Ljava/util/Locale;Ljava/lang/String;)Ljava/lang/String;#153#23 prob_bp = 0.49999999999999990000
org.apache.commons.math.exception.util.ExceptionContext:buildMessage:(Ljava/util/Locale;Ljava/lang/String;)Ljava/lang/String;#153#110 prob_bp = 0.49999999999999990000
org.apache.commons.math.analysis.solvers.BaseAbstractUnivariateRealSolver:solve:(ILorg/apache/commons/math/analysis/UnivariateRealFunction;DDD)D#187#3 prob_bp = 0.49999999999999994000
org.apache.commons.math.analysis.solvers.BaseAbstractUnivariateRealSolver:setup:(ILorg/apache/commons/math/analysis/UnivariateRealFunction;DDD)V#176#4 prob_bp = 0.49999999999999994000
org.apache.commons.math.analysis.solvers.BaseAbstractUnivariateRealSolver:setup:(ILorg/apache/commons/math/analysis/UnivariateRealFunction;DDD)V#176#6 prob_bp = 0.49999999999999994000
org.apache.commons.math.analysis.solvers.BaseAbstractUnivariateRealSolver:setup:(ILorg/apache/commons/math/analysis/UnivariateRealFunction;DDD)V#177#9 prob_bp = 0.49999999999999994000
org.apache.commons.math.analysis.solvers.BaseAbstractUnivariateRealSolver:setup:(ILorg/apache/commons/math/analysis/UnivariateRealFunction;DDD)V#177#12 prob_bp = 0.49999999999999994000
org.apache.commons.math.analysis.solvers.BaseAbstractUnivariateRealSolver:setup:(ILorg/apache/commons/math/analysis/UnivariateRealFunction;DDD)V#179#21 prob_bp = 0.49999999999999994000
org.apache.commons.math.analysis.solvers.BaseAbstractUnivariateRealSolver:getMin:()D#110#0 prob_bp = 0.49999999999999994000
org.apache.commons.math.analysis.solvers.BaseAbstractUnivariateRealSolver:getMax:()D#116#0 prob_bp = 0.49999999999999994000
org.apache.commons.math.analysis.solvers.BaseAbstractUnivariateRealSolver:computeObjectiveValue:(D)D#154#5 prob_bp = 0.49999999999999994000
org.apache.commons.math.analysis.solvers.UnivariateRealSolverUtils:isBracketing:(Lorg/apache/commons/math/analysis/UnivariateRealFunction;DD)Z#310#62 prob_bp = 0.49999999999999994000
org.apache.commons.math.analysis.solvers.BaseSecantSolver:doSolve:()D#161#74 prob_bp = 0.49999999999999994000
org.apache.commons.math.analysis.solvers.BaseSecantSolver:doSolve:()D#161#81 prob_bp = 0.49999999999999994000
org.apache.commons.math.analysis.solvers.BaseSecantSolver:doSolve:()D#162#86 prob_bp = 0.49999999999999994000
org.apache.commons.math.analysis.solvers.BaseSecantSolver:doSolve:()D#162#91 prob_bp = 0.49999999999999994000
org.apache.commons.math.analysis.solvers.BaseSecantSolver:doSolve:()D#167#95 prob_bp = 0.49999999999999994000
org.apache.commons.math.analysis.solvers.BaseSecantSolver:doSolve:()D#172#107 prob_bp = 0.49999999999999994000
org.apache.commons.math.analysis.solvers.BaseSecantSolver:doSolve:()D#196#212 prob_bp = 0.49999999999999994000
org.apache.commons.math.analysis.solvers.BaseSecantSolver:doSolve:()D#197#215 prob_bp = 0.49999999999999994000
org.apache.commons.math.exception.util.ExceptionContext:buildMessage:(Ljava/util/Locale;Ljava/lang/String;)Ljava/lang/String;#155#54 prob_bp = 0.49999999999999994000
org.apache.commons.math.exception.util.ExceptionContext:buildMessage:(Ljava/util/Locale;Ljava/lang/String;)Ljava/lang/String;#159#97 prob_bp = 0.49999999999999994000
org.apache.commons.math.exception.util.ExceptionContext:buildMessage:(Ljava/util/Locale;Ljava/lang/String;)Ljava/lang/String;#159#99 prob_bp = 0.49999999999999994000
org.apache.commons.math.analysis.solvers.BaseSecantSolver$Method:<clinit>:()V#260#10 prob_bp = 0.50000000000000000000
org.apache.commons.math.analysis.solvers.RegulaFalsiSolver:<init>:()V#60#1 prob_bp = 0.50000000000000000000
org.apache.commons.math.analysis.solvers.RegulaFalsiSolver:<init>:()V#60#4 prob_bp = 0.50000000000000000000
org.apache.commons.math.analysis.solvers.BaseSecantSolver:<init>:(DLorg/apache/commons/math/analysis/solvers/BaseSecantSolver$Method;)V#69#1 prob_bp = 0.50000000000000000000
org.apache.commons.math.analysis.solvers.AbstractUnivariateRealSolver:<init>:(D)V#37#1 prob_bp = 0.50000000000000000000
org.apache.commons.math.analysis.solvers.BaseAbstractUnivariateRealSolver:<init>:(D)V#65#1 prob_bp = 0.50000000000000000000
org.apache.commons.math.analysis.solvers.BaseAbstractUnivariateRealSolver:<init>:(DDD)V#93#15 prob_bp = 0.50000000000000000000
org.apache.commons.math.analysis.solvers.BaseAbstractUnivariateRealSolver:<init>:(DDD)V#93#16 prob_bp = 0.50000000000000000000
org.apache.commons.math.analysis.solvers.BaseAbstractUnivariateRealSolver:<init>:(DDD)V#93#17 prob_bp = 0.50000000000000000000
org.apache.commons.math.analysis.solvers.BaseAbstractUnivariateRealSolver:<init>:(DDD)V#94#20 prob_bp = 0.50000000000000000000
org.apache.commons.math.analysis.solvers.BaseSecantSolver:<init>:(DLorg/apache/commons/math/analysis/solvers/BaseSecantSolver$Method;)V#71#12 prob_bp = 0.50000000000000000000
org.apache.commons.math.analysis.solvers.BaseSecantSolver:<init>:(DLorg/apache/commons/math/analysis/solvers/BaseSecantSolver$Method;)V#71#13 prob_bp = 0.50000000000000000000
org.apache.commons.math.analysis.solvers.BaseSecantSolver:<init>:(DLorg/apache/commons/math/analysis/solvers/BaseSecantSolver$Method;)V#71#14 prob_bp = 0.50000000000000000000
org.apache.commons.math.analysis.solvers.BaseAbstractUnivariateRealSolver:solve:(ILorg/apache/commons/math/analysis/UnivariateRealFunction;DD)D#195#3 prob_bp = 0.50000000000000000000
org.apache.commons.math.analysis.solvers.BaseSecantSolver:solve:(ILorg/apache/commons/math/analysis/UnivariateRealFunction;DDD)D#125#3 prob_bp = 0.50000000000000000000
org.apache.commons.math.analysis.solvers.BaseSecantSolver:solve:(ILorg/apache/commons/math/analysis/UnivariateRealFunction;DDD)D#125#4 prob_bp = 0.50000000000000000000
org.apache.commons.math.analysis.solvers.BaseSecantSolver:solve:(ILorg/apache/commons/math/analysis/UnivariateRealFunction;DDDLorg/apache/commons/math/analysis/solvers/AllowedSolution;)D#118#10 prob_bp = 0.50000000000000000000
org.apache.commons.math.analysis.solvers.BaseAbstractUnivariateRealSolver:solve:(ILorg/apache/commons/math/analysis/UnivariateRealFunction;DDD)D#187#4 prob_bp = 0.50000000000000000000
org.apache.commons.math.analysis.solvers.BaseAbstractUnivariateRealSolver:setup:(ILorg/apache/commons/math/analysis/UnivariateRealFunction;DDD)V#177#10 prob_bp = 0.50000000000000000000
org.apache.commons.math.analysis.solvers.BaseAbstractUnivariateRealSolver:setup:(ILorg/apache/commons/math/analysis/UnivariateRealFunction;DDD)V#179#22 prob_bp = 0.50000000000000000000
org.apache.commons.math.analysis.solvers.BaseAbstractUnivariateRealSolver:setup:(ILorg/apache/commons/math/analysis/UnivariateRealFunction;DDD)V#179#23 prob_bp = 0.50000000000000000000
org.apache.commons.math.analysis.solvers.BaseSecantSolver:doSolve:()D#131#0 prob_bp = 0.50000000000000000000
org.apache.commons.math.analysis.solvers.BaseSecantSolver:doSolve:()D#131#1 prob_bp = 0.50000000000000000000
org.apache.commons.math.analysis.solvers.BaseAbstractUnivariateRealSolver:getMin:()D#110#1 prob_bp = 0.50000000000000000000
org.apache.commons.math.analysis.solvers.BaseAbstractUnivariateRealSolver:getMin:()D#110#4 prob_bp = 0.50000000000000000000
org.apache.commons.math.analysis.solvers.BaseSecantSolver:doSolve:()D#131#4 prob_bp = 0.50000000000000000000
org.apache.commons.math.analysis.solvers.BaseSecantSolver:doSolve:()D#132#5 prob_bp = 0.50000000000000000000
org.apache.commons.math.analysis.solvers.BaseSecantSolver:doSolve:()D#132#6 prob_bp = 0.50000000000000000000
org.apache.commons.math.analysis.solvers.BaseAbstractUnivariateRealSolver:getMax:()D#116#1 prob_bp = 0.50000000000000000000
org.apache.commons.math.analysis.solvers.BaseAbstractUnivariateRealSolver:getMax:()D#116#4 prob_bp = 0.50000000000000000000
org.apache.commons.math.analysis.solvers.BaseSecantSolver:doSolve:()D#132#9 prob_bp = 0.50000000000000000000
org.apache.commons.math.analysis.solvers.BaseSecantSolver:doSolve:()D#133#10 prob_bp = 0.50000000000000000000
org.apache.commons.math.analysis.solvers.BaseSecantSolver:doSolve:()D#133#11 prob_bp = 0.50000000000000000000
org.apache.commons.math.analysis.solvers.BaseSecantSolver:doSolve:()D#133#12 prob_bp = 0.50000000000000000000
org.apache.commons.math.analysis.solvers.BaseAbstractUnivariateRealSolver:computeObjectiveValue:(D)D#154#4 prob_bp = 0.50000000000000000000
org.apache.commons.math.analysis.solvers.BaseAbstractUnivariateRealSolver:computeObjectiveValue:(D)D#154#8 prob_bp = 0.50000000000000000000
org.apache.commons.math.analysis.solvers.BaseAbstractUnivariateRealSolver:computeObjectiveValue:(D)D#154#9 prob_bp = 0.50000000000000000000
org.apache.commons.math.analysis.solvers.BaseAbstractUnivariateRealSolver:computeObjectiveValue:(D)D#154#14 prob_bp = 0.50000000000000000000
org.apache.commons.math.analysis.solvers.BaseSecantSolver:doSolve:()D#133#15 prob_bp = 0.50000000000000000000
org.apache.commons.math.analysis.solvers.BaseSecantSolver:doSolve:()D#134#17 prob_bp = 0.50000000000000000000
org.apache.commons.math.analysis.solvers.BaseSecantSolver:doSolve:()D#134#18 prob_bp = 0.50000000000000000000
org.apache.commons.math.analysis.solvers.BaseSecantSolver:doSolve:()D#134#19 prob_bp = 0.50000000000000000000
org.apache.commons.math.analysis.solvers.BaseSecantSolver:doSolve:()D#134#22 prob_bp = 0.50000000000000000000
org.apache.commons.math.analysis.solvers.BaseSecantSolver:doSolve:()D#139#24 prob_bp = 0.50000000000000000000
org.apache.commons.math.analysis.solvers.BaseSecantSolver:doSolve:()D#139#26 prob_bp = 0.50000000000000000000
org.apache.commons.math.analysis.solvers.BaseSecantSolver:doSolve:()D#139#27 prob_bp = 0.50000000000000000000
org.apache.commons.math.analysis.solvers.BaseSecantSolver:doSolve:()D#139#28 prob_bp = 0.50000000000000000000
org.apache.commons.math.analysis.solvers.BaseSecantSolver:doSolve:()D#142#33 prob_bp = 0.50000000000000000000
org.apache.commons.math.analysis.solvers.BaseSecantSolver:doSolve:()D#142#35 prob_bp = 0.50000000000000000000
org.apache.commons.math.analysis.solvers.BaseSecantSolver:doSolve:()D#142#37 prob_bp = 0.50000000000000000000
org.apache.commons.math.analysis.solvers.BaseSecantSolver:doSolve:()D#147#42 prob_bp = 0.50000000000000000000
org.apache.commons.math.analysis.solvers.BaseSecantSolver:doSolve:()D#147#43 prob_bp = 0.50000000000000000000
org.apache.commons.math.analysis.solvers.BaseSecantSolver:doSolve:()D#147#44 prob_bp = 0.50000000000000000000
org.apache.commons.math.analysis.solvers.BaseSecantSolver:doSolve:()D#147#45 prob_bp = 0.50000000000000000000
org.apache.commons.math.analysis.solvers.BaseAbstractUnivariateRealSolver:verifyBracketing:(DD)V#282#0 prob_bp = 0.50000000000000000000
org.apache.commons.math.analysis.solvers.BaseAbstractUnivariateRealSolver:verifyBracketing:(DD)V#282#1 prob_bp = 0.50000000000000000000
org.apache.commons.math.analysis.solvers.BaseAbstractUnivariateRealSolver:verifyBracketing:(DD)V#282#4 prob_bp = 0.50000000000000000000
org.apache.commons.math.analysis.solvers.BaseAbstractUnivariateRealSolver:verifyBracketing:(DD)V#282#5 prob_bp = 0.50000000000000000000
org.apache.commons.math.analysis.solvers.BaseAbstractUnivariateRealSolver:verifyBracketing:(DD)V#282#6 prob_bp = 0.50000000000000000000
org.apache.commons.math.analysis.solvers.UnivariateRealSolverUtils:verifyBracketing:(Lorg/apache/commons/math/analysis/UnivariateRealFunction;DD)V#371#0 prob_bp = 0.50000000000000000000
org.apache.commons.math.analysis.solvers.UnivariateRealSolverUtils:verifyBracketing:(Lorg/apache/commons/math/analysis/UnivariateRealFunction;DD)V#371#1 prob_bp = 0.50000000000000000000
org.apache.commons.math.analysis.solvers.UnivariateRealSolverUtils:verifyBracketing:(Lorg/apache/commons/math/analysis/UnivariateRealFunction;DD)V#374#19 prob_bp = 0.50000000000000000000
org.apache.commons.math.analysis.solvers.UnivariateRealSolverUtils:verifyBracketing:(Lorg/apache/commons/math/analysis/UnivariateRealFunction;DD)V#374#20 prob_bp = 0.50000000000000000000
org.apache.commons.math.analysis.solvers.UnivariateRealSolverUtils:verifyBracketing:(Lorg/apache/commons/math/analysis/UnivariateRealFunction;DD)V#374#21 prob_bp = 0.50000000000000000000
org.apache.commons.math.analysis.solvers.UnivariateRealSolverUtils:verifyInterval:(DD)V#336#0 prob_bp = 0.50000000000000000000
org.apache.commons.math.analysis.solvers.UnivariateRealSolverUtils:verifyInterval:(DD)V#336#1 prob_bp = 0.50000000000000000000
org.apache.commons.math.analysis.solvers.UnivariateRealSolverUtils:verifyInterval:(DD)V#336#2 prob_bp = 0.50000000000000000000
org.apache.commons.math.analysis.solvers.UnivariateRealSolverUtils:verifyInterval:(DD)V#336#3 prob_bp = 0.50000000000000000000
org.apache.commons.math.analysis.solvers.UnivariateRealSolverUtils:verifyBracketing:(Lorg/apache/commons/math/analysis/UnivariateRealFunction;DD)V#375#24 prob_bp = 0.50000000000000000000
org.apache.commons.math.analysis.solvers.UnivariateRealSolverUtils:verifyBracketing:(Lorg/apache/commons/math/analysis/UnivariateRealFunction;DD)V#375#25 prob_bp = 0.50000000000000000000
org.apache.commons.math.analysis.solvers.UnivariateRealSolverUtils:verifyBracketing:(Lorg/apache/commons/math/analysis/UnivariateRealFunction;DD)V#375#26 prob_bp = 0.50000000000000000000
org.apache.commons.math.analysis.solvers.UnivariateRealSolverUtils:verifyBracketing:(Lorg/apache/commons/math/analysis/UnivariateRealFunction;DD)V#375#27 prob_bp = 0.50000000000000000000
org.apache.commons.math.analysis.solvers.UnivariateRealSolverUtils:isBracketing:(Lorg/apache/commons/math/analysis/UnivariateRealFunction;DD)Z#308#19 prob_bp = 0.50000000000000000000
org.apache.commons.math.analysis.solvers.UnivariateRealSolverUtils:isBracketing:(Lorg/apache/commons/math/analysis/UnivariateRealFunction;DD)Z#308#20 prob_bp = 0.50000000000000000000
org.apache.commons.math.analysis.solvers.UnivariateRealSolverUtils:isBracketing:(Lorg/apache/commons/math/analysis/UnivariateRealFunction;DD)Z#308#21 prob_bp = 0.50000000000000000000
org.apache.commons.math.analysis.solvers.UnivariateRealSolverUtils:isBracketing:(Lorg/apache/commons/math/analysis/UnivariateRealFunction;DD)Z#308#26 prob_bp = 0.50000000000000000000
org.apache.commons.math.analysis.solvers.UnivariateRealSolverUtils:isBracketing:(Lorg/apache/commons/math/analysis/UnivariateRealFunction;DD)Z#309#28 prob_bp = 0.50000000000000000000
org.apache.commons.math.analysis.solvers.UnivariateRealSolverUtils:isBracketing:(Lorg/apache/commons/math/analysis/UnivariateRealFunction;DD)Z#309#29 prob_bp = 0.50000000000000000000
org.apache.commons.math.analysis.solvers.UnivariateRealSolverUtils:isBracketing:(Lorg/apache/commons/math/analysis/UnivariateRealFunction;DD)Z#309#30 prob_bp = 0.50000000000000000000
org.apache.commons.math.analysis.solvers.UnivariateRealSolverUtils:isBracketing:(Lorg/apache/commons/math/analysis/UnivariateRealFunction;DD)Z#309#35 prob_bp = 0.50000000000000000000
org.apache.commons.math.analysis.solvers.UnivariateRealSolverUtils:isBracketing:(Lorg/apache/commons/math/analysis/UnivariateRealFunction;DD)Z#310#37 prob_bp = 0.50000000000000000000
org.apache.commons.math.analysis.solvers.UnivariateRealSolverUtils:isBracketing:(Lorg/apache/commons/math/analysis/UnivariateRealFunction;DD)Z#310#39 prob_bp = 0.50000000000000000000
org.apache.commons.math.analysis.solvers.UnivariateRealSolverUtils:isBracketing:(Lorg/apache/commons/math/analysis/UnivariateRealFunction;DD)Z#310#40 prob_bp = 0.50000000000000000000
org.apache.commons.math.analysis.solvers.UnivariateRealSolverUtils:isBracketing:(Lorg/apache/commons/math/analysis/UnivariateRealFunction;DD)Z#310#41 prob_bp = 0.50000000000000000000
org.apache.commons.math.analysis.solvers.UnivariateRealSolverUtils:isBracketing:(Lorg/apache/commons/math/analysis/UnivariateRealFunction;DD)Z#310#51 prob_bp = 0.50000000000000000000
org.apache.commons.math.analysis.solvers.UnivariateRealSolverUtils:isBracketing:(Lorg/apache/commons/math/analysis/UnivariateRealFunction;DD)Z#310#53 prob_bp = 0.50000000000000000000
org.apache.commons.math.analysis.solvers.UnivariateRealSolverUtils:isBracketing:(Lorg/apache/commons/math/analysis/UnivariateRealFunction;DD)Z#310#54 prob_bp = 0.50000000000000000000
org.apache.commons.math.analysis.solvers.UnivariateRealSolverUtils:isBracketing:(Lorg/apache/commons/math/analysis/UnivariateRealFunction;DD)Z#310#55 prob_bp = 0.50000000000000000000
org.apache.commons.math.analysis.solvers.UnivariateRealSolverUtils:isBracketing:(Lorg/apache/commons/math/analysis/UnivariateRealFunction;DD)Z#310#58 prob_bp = 0.50000000000000000000
org.apache.commons.math.analysis.solvers.UnivariateRealSolverUtils:isBracketing:(Lorg/apache/commons/math/analysis/UnivariateRealFunction;DD)Z#310#60 prob_bp = 0.50000000000000000000
org.apache.commons.math.analysis.solvers.UnivariateRealSolverUtils:isBracketing:(Lorg/apache/commons/math/analysis/UnivariateRealFunction;DD)Z#310#61 prob_bp = 0.50000000000000000000
org.apache.commons.math.analysis.solvers.UnivariateRealSolverUtils:isBracketing:(Lorg/apache/commons/math/analysis/UnivariateRealFunction;DD)Z#310#70 prob_bp = 0.50000000000000000000
org.apache.commons.math.analysis.solvers.UnivariateRealSolverUtils:verifyBracketing:(Lorg/apache/commons/math/analysis/UnivariateRealFunction;DD)V#375#30 prob_bp = 0.50000000000000000000
org.apache.commons.math.analysis.solvers.BaseSecantSolver:doSolve:()D#150#48 prob_bp = 0.50000000000000000000
org.apache.commons.math.analysis.solvers.BaseSecantSolver:doSolve:()D#150#49 prob_bp = 0.50000000000000000000
org.apache.commons.math.analysis.solvers.BaseAbstractUnivariateRealSolver:getFunctionValueAccuracy:()D#140#0 prob_bp = 0.50000000000000000000
org.apache.commons.math.analysis.solvers.BaseAbstractUnivariateRealSolver:getFunctionValueAccuracy:()D#140#1 prob_bp = 0.50000000000000000000
org.apache.commons.math.analysis.solvers.BaseAbstractUnivariateRealSolver:getFunctionValueAccuracy:()D#140#4 prob_bp = 0.50000000000000000000
org.apache.commons.math.analysis.solvers.BaseSecantSolver:doSolve:()D#150#52 prob_bp = 0.50000000000000000000
org.apache.commons.math.analysis.solvers.BaseSecantSolver:doSolve:()D#151#54 prob_bp = 0.50000000000000000000
org.apache.commons.math.analysis.solvers.BaseSecantSolver:doSolve:()D#151#55 prob_bp = 0.50000000000000000000
org.apache.commons.math.analysis.solvers.BaseAbstractUnivariateRealSolver:getAbsoluteAccuracy:()D#128#0 prob_bp = 0.50000000000000000000
org.apache.commons.math.analysis.solvers.BaseSecantSolver:doSolve:()D#152#60 prob_bp = 0.50000000000000000000
org.apache.commons.math.analysis.solvers.BaseSecantSolver:doSolve:()D#152#61 prob_bp = 0.50000000000000000000
org.apache.commons.math.analysis.solvers.BaseAbstractUnivariateRealSolver:getRelativeAccuracy:()D#134#0 prob_bp = 0.50000000000000000000
org.apache.commons.math.analysis.solvers.BaseAbstractUnivariateRealSolver:getRelativeAccuracy:()D#134#1 prob_bp = 0.50000000000000000000
org.apache.commons.math.analysis.solvers.BaseSecantSolver:doSolve:()D#152#64 prob_bp = 0.50000000000000000000
org.apache.commons.math.analysis.solvers.BaseSecantSolver:doSolve:()D#161#69 prob_bp = 0.50000000000000000000
org.apache.commons.math.analysis.solvers.BaseSecantSolver:doSolve:()D#161#72 prob_bp = 0.50000000000000000000
org.apache.commons.math.analysis.solvers.BaseSecantSolver:doSolve:()D#161#73 prob_bp = 0.50000000000000000000
org.apache.commons.math.analysis.solvers.BaseSecantSolver:doSolve:()D#161#75 prob_bp = 0.50000000000000000000
org.apache.commons.math.analysis.solvers.BaseSecantSolver:doSolve:()D#161#83 prob_bp = 0.50000000000000000000
org.apache.commons.math.analysis.solvers.BaseSecantSolver:doSolve:()D#167#93 prob_bp = 0.50000000000000000000
org.apache.commons.math.analysis.solvers.BaseSecantSolver:doSolve:()D#167#96 prob_bp = 0.50000000000000000000
org.apache.commons.math.analysis.solvers.BaseSecantSolver:doSolve:()D#172#103 prob_bp = 0.50000000000000000000
org.apache.commons.math.analysis.solvers.BaseSecantSolver:doSolve:()D#172#105 prob_bp = 0.50000000000000000000
org.apache.commons.math.analysis.solvers.BaseSecantSolver:doSolve:()D#172#109 prob_bp = 0.50000000000000000000
org.apache.commons.math.analysis.solvers.BaseSecantSolver:doSolve:()D#175#113 prob_bp = 0.50000000000000000000
org.apache.commons.math.analysis.solvers.BaseSecantSolver:doSolve:()D#175#114 prob_bp = 0.50000000000000000000
org.apache.commons.math.analysis.solvers.BaseSecantSolver:doSolve:()D#176#115 prob_bp = 0.50000000000000000000
org.apache.commons.math.analysis.solvers.BaseSecantSolver:doSolve:()D#176#117 prob_bp = 0.50000000000000000000
org.apache.commons.math.analysis.solvers.BaseSecantSolver:doSolve:()D#197#213 prob_bp = 0.50000000000000000000
org.apache.commons.math.analysis.solvers.BaseSecantSolver:doSolve:()D#202#217 prob_bp = 0.50000000000000000000
org.apache.commons.math.analysis.solvers.BaseSecantSolver:doSolve:()D#202#219 prob_bp = 0.50000000000000000000
org.apache.commons.math.util.FastMath:abs:(D)D#3410#0 prob_bp = 0.50000000000000000000
org.apache.commons.math.util.FastMath:abs:(D)D#3410#2 prob_bp = 0.50000000000000000000
org.apache.commons.math.analysis.solvers.BaseSecantSolver:doSolve:()D#202#224 prob_bp = 0.50000000000000000000
org.apache.commons.math.analysis.solvers.BaseSecantSolver:doSolve:()D#233#315 prob_bp = 0.50000000000000000000
org.apache.commons.math.analysis.solvers.BaseSecantSolver:doSolve:()D#233#320 prob_bp = 0.50000000000000000000
org.apache.commons.math.util.FastMath:abs:(D)D#3410#11 prob_bp = 0.50000000000000000000
org.apache.commons.math.util.FastMath:abs:(D)D#3410#12 prob_bp = 0.50000000000000000000
org.apache.commons.math.util.FastMath:abs:(D)D#3410#14 prob_bp = 0.50000000000000000000
org.apache.commons.math.util.FastMath:abs:(D)D#3410#21 prob_bp = 0.50000000000000000000
org.apache.commons.math.analysis.solvers.BaseSecantSolver:doSolve:()D#179#138 prob_bp = 0.50000000000000000000
org.apache.commons.math.exception.MaxCountExceededException:<init>:(Ljava/lang/Number;)V#42#0 prob_bp = 0.50000000000000000000
org.apache.commons.math.exception.MaxCountExceededException:<init>:(Ljava/lang/Number;)V#42#9 prob_bp = 0.50000000000000000000
org.apache.commons.math.exception.MaxCountExceededException:<init>:(Lorg/apache/commons/math/exception/util/Localizable;Ljava/lang/Number;[Ljava/lang/Object;)V#53#0 prob_bp = 0.50000000000000000000
org.apache.commons.math.exception.MaxCountExceededException:<init>:(Lorg/apache/commons/math/exception/util/Localizable;Ljava/lang/Number;[Ljava/lang/Object;)V#53#1 prob_bp = 0.50000000000000000000
org.apache.commons.math.exception.MathIllegalStateException:<init>:()V#67#8 prob_bp = 0.50000000000000000000
org.apache.commons.math.exception.MathIllegalStateException:<init>:(Lorg/apache/commons/math/exception/util/Localizable;[Ljava/lang/Object;)V#36#5 prob_bp = 0.50000000000000000000
org.apache.commons.math.exception.MathIllegalStateException:<init>:(Lorg/apache/commons/math/exception/util/Localizable;[Ljava/lang/Object;)V#36#8 prob_bp = 0.50000000000000000000
org.apache.commons.math.exception.MathIllegalStateException:<init>:(Lorg/apache/commons/math/exception/util/Localizable;[Ljava/lang/Object;)V#36#9 prob_bp = 0.50000000000000000000
org.apache.commons.math.exception.util.ExceptionContext:<init>:()V#45#4 prob_bp = 0.50000000000000000000
org.apache.commons.math.exception.util.ExceptionContext:<init>:()V#45#5 prob_bp = 0.50000000000000000000
org.apache.commons.math.exception.util.ExceptionContext:<init>:()V#45#12 prob_bp = 0.50000000000000000000
org.apache.commons.math.exception.util.ExceptionContext:<init>:()V#51#15 prob_bp = 0.50000000000000000000
org.apache.commons.math.exception.util.ExceptionContext:<init>:()V#51#16 prob_bp = 0.50000000000000000000
org.apache.commons.math.exception.util.ExceptionContext:<init>:()V#51#23 prob_bp = 0.50000000000000000000
org.apache.commons.math.exception.MathIllegalStateException:<init>:(Lorg/apache/commons/math/exception/util/Localizable;[Ljava/lang/Object;)V#36#12 prob_bp = 0.50000000000000000000
org.apache.commons.math.analysis.solvers.BaseAbstractUnivariateRealSolver:incrementEvaluationCount:()V#296#11 prob_bp = 0.50000000000000000000
org.apache.commons.math.analysis.solvers.BaseAbstractUnivariateRealSolver:incrementEvaluationCount:()V#296#14 prob_bp = 0.50000000000000000000
org.apache.commons.math.analysis.solvers.BaseAbstractUnivariateRealSolver:incrementEvaluationCount:()V#296#19 prob_bp = 0.50000000000000000000
org.apache.commons.math.exception.TooManyEvaluationsException:<init>:(Ljava/lang/Number;)V#37#0 prob_bp = 0.50000000000000000000
org.apache.commons.math.exception.TooManyEvaluationsException:<init>:(Ljava/lang/Number;)V#37#2 prob_bp = 0.50000000000000000000
org.apache.commons.math.exception.MathIllegalStateException:getLocalizedMessage:()Ljava/lang/String;#84#0 prob_bp = 0.50000000000000000000
org.apache.commons.math.exception.MathIllegalStateException:getLocalizedMessage:()Ljava/lang/String;#84#1 prob_bp = 0.50000000000000000000
org.apache.commons.math.exception.MathIllegalStateException:getLocalizedMessage:()Ljava/lang/String;#84#4 prob_bp = 0.50000000000000000000
org.apache.commons.math.exception.util.ExceptionContext:getLocalizedMessage:()Ljava/lang/String;#116#0 prob_bp = 0.50000000000000000000
org.apache.commons.math.exception.util.ExceptionContext:getLocalizedMessage:()Ljava/lang/String;#116#4 prob_bp = 0.50000000000000000000
org.apache.commons.math.exception.util.ExceptionContext:getMessage:(Ljava/util/Locale;)Ljava/lang/String;#126#0 prob_bp = 0.50000000000000000000
org.apache.commons.math.exception.util.ExceptionContext:buildMessage:(Ljava/util/Locale;Ljava/lang/String;)Ljava/lang/String;#151#8 prob_bp = 0.50000000000000000000
org.apache.commons.math.exception.util.ExceptionContext:buildMessage:(Ljava/util/Locale;Ljava/lang/String;)Ljava/lang/String;#151#9 prob_bp = 0.50000000000000000000
org.apache.commons.math.exception.util.ExceptionContext:buildMessage:(Ljava/util/Locale;Ljava/lang/String;)Ljava/lang/String;#152#11 prob_bp = 0.50000000000000000000
org.apache.commons.math.exception.util.ExceptionContext:buildMessage:(Ljava/util/Locale;Ljava/lang/String;)Ljava/lang/String;#152#15 prob_bp = 0.50000000000000000000
org.apache.commons.math.exception.util.ExceptionContext:buildMessage:(Ljava/util/Locale;Ljava/lang/String;)Ljava/lang/String;#155#48 prob_bp = 0.50000000000000000000
org.apache.commons.math.exception.util.ExceptionContext:buildMessage:(Ljava/util/Locale;Ljava/lang/String;)Ljava/lang/String;#155#52 prob_bp = 0.50000000000000000000
org.apache.commons.math.exception.util.ExceptionContext:buildMessage:(Ljava/util/Locale;Ljava/lang/String;)Ljava/lang/String;#159#94 prob_bp = 0.50000000000000000000
org.apache.commons.math.analysis.solvers.BaseAbstractUnivariateRealSolver:<init>:(D)V#65#4 prob_bp = 0.50000000000000010000
org.apache.commons.math.analysis.solvers.BaseAbstractUnivariateRealSolver:<init>:(DDD)V#94#21 prob_bp = 0.50000000000000010000
org.apache.commons.math.analysis.solvers.BaseAbstractUnivariateRealSolver:solve:(ILorg/apache/commons/math/analysis/UnivariateRealFunction;DD)D#195#4 prob_bp = 0.50000000000000010000
org.apache.commons.math.analysis.solvers.BaseSecantSolver:solve:(ILorg/apache/commons/math/analysis/UnivariateRealFunction;DDDLorg/apache/commons/math/analysis/solvers/AllowedSolution;)D#118#9 prob_bp = 0.50000000000000010000
org.apache.commons.math.analysis.solvers.BaseAbstractUnivariateRealSolver:setup:(ILorg/apache/commons/math/analysis/UnivariateRealFunction;DDD)V#176#5 prob_bp = 0.50000000000000010000
org.apache.commons.math.analysis.solvers.BaseSecantSolver:doSolve:()D#142#36 prob_bp = 0.50000000000000010000
org.apache.commons.math.analysis.solvers.UnivariateRealSolverUtils:isBracketing:(Lorg/apache/commons/math/analysis/UnivariateRealFunction;DD)Z#305#0 prob_bp = 0.50000000000000010000
org.apache.commons.math.analysis.solvers.UnivariateRealSolverUtils:isBracketing:(Lorg/apache/commons/math/analysis/UnivariateRealFunction;DD)Z#305#1 prob_bp = 0.50000000000000010000
org.apache.commons.math.analysis.solvers.BaseAbstractUnivariateRealSolver:getAbsoluteAccuracy:()D#128#1 prob_bp = 0.50000000000000010000
org.apache.commons.math.analysis.solvers.BaseSecantSolver:doSolve:()D#161#70 prob_bp = 0.50000000000000010000
org.apache.commons.math.analysis.solvers.BaseSecantSolver:doSolve:()D#161#76 prob_bp = 0.50000000000000010000
org.apache.commons.math.analysis.solvers.BaseSecantSolver:doSolve:()D#161#78 prob_bp = 0.50000000000000010000
org.apache.commons.math.analysis.solvers.BaseSecantSolver:doSolve:()D#161#80 prob_bp = 0.50000000000000010000
org.apache.commons.math.analysis.solvers.BaseSecantSolver:doSolve:()D#161#82 prob_bp = 0.50000000000000010000
org.apache.commons.math.analysis.solvers.BaseSecantSolver:doSolve:()D#172#108 prob_bp = 0.50000000000000010000
org.apache.commons.math.analysis.solvers.BaseSecantSolver:doSolve:()D#196#210 prob_bp = 0.50000000000000010000
org.apache.commons.math.util.FastMath:abs:(D)D#3410#1 prob_bp = 0.50000000000000010000
org.apache.commons.math.analysis.solvers.BaseSecantSolver:doSolve:()D#202#222 prob_bp = 0.50000000000000010000
org.apache.commons.math.analysis.solvers.BaseSecantSolver:doSolve:()D#233#314 prob_bp = 0.50000000000000010000
org.apache.commons.math.analysis.solvers.BaseSecantSolver:doSolve:()D#233#322 prob_bp = 0.50000000000000010000
org.apache.commons.math.analysis.solvers.BaseSecantSolver:doSolve:()D#233#323 prob_bp = 0.50000000000000010000
org.apache.commons.math.util.FastMath:abs:(D)D#3410#13 prob_bp = 0.50000000000000010000
org.apache.commons.math.exception.MathIllegalStateException:<init>:()V#67#0 prob_bp = 0.50000000000000010000
org.apache.commons.math.exception.MathIllegalStateException:<init>:(Lorg/apache/commons/math/exception/util/Localizable;[Ljava/lang/Object;)V#36#4 prob_bp = 0.50000000000000010000
org.apache.commons.math.exception.util.ExceptionContext:buildMessage:(Ljava/util/Locale;Ljava/lang/String;)Ljava/lang/String;#155#49 prob_bp = 0.50000000000000010000
org.apache.commons.math.exception.util.ExceptionContext:buildMessage:(Ljava/util/Locale;Ljava/lang/String;)Ljava/lang/String;#159#101 prob_bp = 0.50000000000000010000
org.apache.commons.math.analysis.solvers.BaseAbstractUnivariateRealSolver:<init>:(DDD)V#94#22 prob_bp = 0.50000000000000020000
org.apache.commons.math.analysis.solvers.BaseAbstractUnivariateRealSolver:solve:(ILorg/apache/commons/math/analysis/UnivariateRealFunction;DDD)D#187#0 prob_bp = 0.50000000000018190000
org.apache.commons.math.analysis.solvers.BaseAbstractUnivariateRealSolver:setup:(ILorg/apache/commons/math/analysis/UnivariateRealFunction;DDD)V#181#34 prob_bp = 0.50000000000229400000
org.apache.commons.math.analysis.solvers.BaseAbstractUnivariateRealSolver:setup:(ILorg/apache/commons/math/analysis/UnivariateRealFunction;DDD)V#181#35 prob_bp = 0.50000000000910600000
org.apache.commons.math.analysis.solvers.BaseAbstractUnivariateRealSolver:setup:(ILorg/apache/commons/math/analysis/UnivariateRealFunction;DDD)V#181#38 prob_bp = 0.50000000003653360000
org.apache.commons.math.util.Incrementor:resetCount:()V#93#0 prob_bp = 0.50000000014696660000
org.apache.commons.math.util.Incrementor:resetCount:()V#93#1 prob_bp = 0.50000000056870830000
org.apache.commons.math.util.Incrementor:resetCount:()V#93#2 prob_bp = 0.50000000059160650000
org.apache.commons.math.analysis.solvers.BaseAbstractUnivariateRealSolver:solve:(ILorg/apache/commons/math/analysis/UnivariateRealFunction;DD)D#195#2 prob_bp = 0.50000489798096560000
org.apache.commons.math.analysis.solvers.BaseAbstractUnivariateRealSolver:solve:(ILorg/apache/commons/math/analysis/UnivariateRealFunction;DDD)D#187#2 prob_bp = 0.50001084918781120000
org.apache.commons.math.analysis.solvers.BaseAbstractUnivariateRealSolver:solve:(ILorg/apache/commons/math/analysis/UnivariateRealFunction;DDD)D#187#8 prob_bp = 0.50002537434804450000
org.apache.commons.math.analysis.solvers.BaseAbstractUnivariateRealSolver:setup:(ILorg/apache/commons/math/analysis/UnivariateRealFunction;DDD)V#173#0 prob_bp = 0.50007194042428490000
org.apache.commons.math.analysis.solvers.BaseAbstractUnivariateRealSolver:setup:(ILorg/apache/commons/math/analysis/UnivariateRealFunction;DDD)V#173#1 prob_bp = 0.50022120365942390000
org.apache.commons.math.util.MathUtils:checkNotNull:(Ljava/lang/Object;)V#2334#0 prob_bp = 0.50069941911706640000
org.apache.commons.math.analysis.solvers.BaseAbstractUnivariateRealSolver:solve:(ILorg/apache/commons/math/analysis/UnivariateRealFunction;DD)D#195#0 prob_bp = 0.50113831373367520000
org.apache.commons.math.util.MathUtils:checkNotNull:(Ljava/lang/Object;)V#2334#1 prob_bp = 0.50222914210198770000
org.apache.commons.math.analysis.solvers.BaseAbstractUnivariateRealSolver:solve:(ILorg/apache/commons/math/analysis/UnivariateRealFunction;DD)D#195#16 prob_bp = 0.50266872959890470000
org.apache.commons.math.analysis.solvers.BaseAbstractUnivariateRealSolver:solve:(ILorg/apache/commons/math/analysis/UnivariateRealFunction;DDD)D#190#11 prob_bp = 0.50751290035077660000
org.apache.commons.math.analysis.solvers.BaseAbstractUnivariateRealSolver:solve:(ILorg/apache/commons/math/analysis/UnivariateRealFunction;DDD)D#190#12 prob_bp = 0.52036710334271430000
org.apache.commons.math.analysis.solvers.AbstractUnivariateRealSolver:<init>:(D)V#37#0 prob_bp = 0.85478115543853330000
org.apache.commons.math.analysis.solvers.AbstractUnivariateRealSolver:<init>:(D)V#37#2 prob_bp = 0.86194845150799860000
org.apache.commons.math.analysis.solvers.BaseAbstractUnivariateRealSolver:<init>:(D)V#65#0 prob_bp = 0.87642783750691990000
org.apache.commons.math.analysis.solvers.BaseAbstractUnivariateRealSolver:<init>:(DDD)V#95#25 prob_bp = 0.93690911194196420000
org.apache.commons.math.analysis.solvers.BaseAbstractUnivariateRealSolver:<init>:(D)V#65#5 prob_bp = 0.95747958229417750000
org.apache.commons.math.analysis.solvers.BaseAbstractUnivariateRealSolver:<init>:(DDD)V#95#26 prob_bp = 0.97774019669411140000
org.apache.commons.math.analysis.solvers.BaseAbstractUnivariateRealSolver:<init>:(D)V#65#8 prob_bp = 0.98983256710309020000
org.apache.commons.math.analysis.solvers.BaseAbstractUnivariateRealSolver:<init>:(DDD)V#95#28 prob_bp = 0.99009900990099010000
org.apache.commons.math.analysis.solvers.RegulaFalsiSolverTest:testIssue631:()V#46#0 prob_bp = 1.00000000000000000000
org.apache.commons.math.analysis.solvers.RegulaFalsiSolverTest:testIssue631:()V#46#8 prob_bp = 1.00000000000000000000
org.apache.commons.math.analysis.solvers.RegulaFalsiSolverTest:testIssue631:()V#53#9 prob_bp = 1.00000000000000000000
org.apache.commons.math.analysis.solvers.RegulaFalsiSolverTest:testIssue631:()V#53#12 prob_bp = 1.00000000000000000000
org.apache.commons.math.analysis.solvers.RegulaFalsiSolverTest:testIssue631:()V#53#13 prob_bp = 1.00000000000000000000
org.apache.commons.math.analysis.solvers.RegulaFalsiSolverTest:testIssue631:()V#53#16 prob_bp = 1.00000000000000000000
org.apache.commons.math.analysis.solvers.RegulaFalsiSolverTest:testIssue631:()V#54#17 prob_bp = 1.00000000000000000000
org.apache.commons.math.analysis.solvers.RegulaFalsiSolverTest:testIssue631:()V#54#18 prob_bp = 1.00000000000000000000
org.apache.commons.math.analysis.solvers.RegulaFalsiSolverTest:testIssue631:()V#54#21 prob_bp = 1.00000000000000000000
org.apache.commons.math.analysis.solvers.RegulaFalsiSolverTest:testIssue631:()V#54#22 prob_bp = 1.00000000000000000000
org.apache.commons.math.analysis.solvers.RegulaFalsiSolverTest:testIssue631:()V#54#23 prob_bp = 1.00000000000000000000
org.apache.commons.math.analysis.solvers.RegulaFalsiSolverTest:testIssue631:()V#54#26 prob_bp = 1.00000000000000000000
Belief propagation time : 11.001000s
