Belief propagation time: 100

Probabilities: 
Vars:15781
Stmts:3632
org.apache.commons.math.exception.MathIllegalStateException:getLocalizedMessage:()Ljava/lang/String;#84#0 prob_bp = 0.49567082864991640000
org.apache.commons.math.analysis.solvers.BaseSecantSolver:solve:(ILorg/apache/commons/math/analysis/UnivariateRealFunction;DDDLorg/apache/commons/math/analysis/solvers/AllowedSolution;)D#117#14 prob_bp = 0.49693169882123480000
org.apache.commons.math.analysis.solvers.BaseSecantSolver:solve:(ILorg/apache/commons/math/analysis/UnivariateRealFunction;DDDLorg/apache/commons/math/analysis/solvers/AllowedSolution;)D#117#6 prob_bp = 0.49755582955606830000
org.apache.commons.math.analysis.solvers.BaseSecantSolver:solve:(ILorg/apache/commons/math/analysis/UnivariateRealFunction;DDD)D#124#11 prob_bp = 0.49786477426978660000
org.apache.commons.math.analysis.solvers.BaseSecantSolver:solve:(ILorg/apache/commons/math/analysis/UnivariateRealFunction;DDD)D#124#0 prob_bp = 0.49801770190309846000
org.apache.commons.math.analysis.solvers.BaseAbstractUnivariateRealSolver:solve:(ILorg/apache/commons/math/analysis/UnivariateRealFunction;DD)D#195#0 prob_bp = 0.49926893080660420000
org.apache.commons.math.util.Incrementor:incrementCount:()V#84#15 prob_bp = 0.49999983779227114000
org.apache.commons.math.util.Incrementor:incrementCount:()V#84#7 prob_bp = 0.49999996195791974000
org.apache.commons.math.analysis.solvers.BaseSecantSolver:doSolve:()D#229#325 prob_bp = 0.49999997414452320000
org.apache.commons.math.util.FastMath:max:(DD)D#3928#11 prob_bp = 0.49999999676833310000
org.apache.commons.math.util.Incrementor:incrementCount:()V#84#6 prob_bp = 0.49999999707919200000
org.apache.commons.math.util.Incrementor:incrementCount:()V#84#5 prob_bp = 0.49999999717892635000
org.apache.commons.math.util.Incrementor:incrementCount:()V#84#12 prob_bp = 0.49999999937401570000
org.apache.commons.math.util.FastMath:max:(DD)D#3925#3 prob_bp = 0.49999999959667270000
org.apache.commons.math.util.Incrementor:incrementCount:()V#84#11 prob_bp = 0.49999999983308674000
org.apache.commons.math.analysis.solvers.BaseSecantSolver:doSolve:()D#198#214 prob_bp = 0.49999999995020240000
org.apache.commons.math.analysis.solvers.BaseAbstractUnivariateRealSolver:incrementEvaluationCount:()V#294#4 prob_bp = 0.49999999996274735000
org.apache.commons.math.util.Incrementor:incrementCount:()V#84#2 prob_bp = 0.49999999998854894000
org.apache.commons.math.analysis.solvers.BaseSecantSolver:doSolve:()D#166#97 prob_bp = 0.49999999999446210000
org.apache.commons.math.util.Incrementor:incrementCount:()V#84#1 prob_bp = 0.49999999999681270000
org.apache.commons.math.util.Incrementor:setMaximalCount:(I)V#44#2 prob_bp = 0.49999999999724004000
org.apache.commons.math.analysis.solvers.BaseSecantSolver:doSolve:()D#229#324 prob_bp = 0.49999999999856780000
org.apache.commons.math.util.Incrementor:incrementCount:()V#84#0 prob_bp = 0.49999999999913736000
org.apache.commons.math.util.Incrementor:setMaximalCount:(I)V#44#1 prob_bp = 0.49999999999928610000
org.apache.commons.math.util.Incrementor:setMaximalCount:(I)V#44#0 prob_bp = 0.49999999999934197000
org.apache.commons.math.util.FastMath:max:(DD)D#3929#15 prob_bp = 0.49999999999959527000
org.apache.commons.math.util.FastMath:abs:(D)D#3410#22 prob_bp = 0.49999999999959660000
org.apache.commons.math.analysis.solvers.BaseAbstractUnivariateRealSolver:setup:(ILorg/apache/commons/math/analysis/UnivariateRealFunction;DDD)V#180#31 prob_bp = 0.49999999999966540000
org.apache.commons.math.analysis.solvers.BaseAbstractUnivariateRealSolver:incrementEvaluationCount:()V#294#1 prob_bp = 0.49999999999966693000
org.apache.commons.math.analysis.solvers.BaseAbstractUnivariateRealSolver:<init>:(DDD)V#49#12 prob_bp = 0.49999999999981190000
org.apache.commons.math.analysis.solvers.BaseAbstractUnivariateRealSolver:<init>:(DDD)V#49#5 prob_bp = 0.49999999999981580000
org.apache.commons.math.util.FastMath:max:(DD)D#3928#10 prob_bp = 0.49999999999982480000
org.apache.commons.math.analysis.solvers.BaseAbstractUnivariateRealSolver:<init>:(DDD)V#49#4 prob_bp = 0.49999999999984845000
org.apache.commons.math.util.FastMath:max:(DD)D#3929#14 prob_bp = 0.49999999999988600000
org.apache.commons.math.util.FastMath:abs:(D)D#3410#7 prob_bp = 0.49999999999988760000
org.apache.commons.math.analysis.solvers.BaseAbstractUnivariateRealSolver:incrementEvaluationCount:()V#294#0 prob_bp = 0.49999999999990574000
org.apache.commons.math.analysis.solvers.BaseSecantSolver:<init>:(DLorg/apache/commons/math/analysis/solvers/BaseSecantSolver$Method;)V#68#2 prob_bp = 0.49999999999992384000
org.apache.commons.math.analysis.solvers.BaseAbstractUnivariateRealSolver:setup:(ILorg/apache/commons/math/analysis/UnivariateRealFunction;DDD)V#180#30 prob_bp = 0.49999999999992550000
org.apache.commons.math.analysis.solvers.BaseSecantSolver:<init>:(DLorg/apache/commons/math/analysis/solvers/BaseSecantSolver$Method;)V#68#0 prob_bp = 0.49999999999992930000
org.apache.commons.math.analysis.solvers.RegulaFalsiSolver:<init>:()V#43#7 prob_bp = 0.49999999999993210000
org.apache.commons.math.analysis.solvers.RegulaFalsiSolver:<init>:()V#43#0 prob_bp = 0.49999999999993340000
org.apache.commons.math.analysis.solvers.BaseSecantSolver:doSolve:()D#229#321 prob_bp = 0.49999999999994100000
org.apache.commons.math.util.FastMath:max:(DD)D#3928#9 prob_bp = 0.49999999999995060000
org.apache.commons.math.util.Incrementor:incrementCount:()V#84#8 prob_bp = 0.49999999999995260000
org.apache.commons.math.util.FastMath:max:(DD)D#3928#8 prob_bp = 0.49999999999995330000
org.apache.commons.math.util.FastMath:abs:(D)D#3410#6 prob_bp = 0.49999999999997014000
org.apache.commons.math.analysis.solvers.BaseAbstractUnivariateRealSolver:computeObjectiveValue:(D)D#153#1 prob_bp = 0.49999999999997335000
org.apache.commons.math.analysis.solvers.BaseAbstractUnivariateRealSolver:solve:(ILorg/apache/commons/math/analysis/UnivariateRealFunction;DDD)D#187#1 prob_bp = 0.49999999999997347000
org.apache.commons.math.util.FastMath:max:(DD)D#3925#2 prob_bp = 0.49999999999997820000
org.apache.commons.math.util.FastMath:abs:(D)D#3410#3 prob_bp = 0.49999999999998230000
org.apache.commons.math.analysis.solvers.BaseSecantSolver:solve:(ILorg/apache/commons/math/analysis/UnivariateRealFunction;DDDLorg/apache/commons/math/analysis/solvers/AllowedSolution;)D#117#7 prob_bp = 0.49999999999998500000
org.apache.commons.math.analysis.solvers.BaseSecantSolver:doSolve:()D#229#319 prob_bp = 0.49999999999998710000
org.apache.commons.math.analysis.solvers.BaseSecantSolver:solve:(ILorg/apache/commons/math/analysis/UnivariateRealFunction;DDD)D#124#1 prob_bp = 0.49999999999998790000
org.apache.commons.math.analysis.solvers.BaseAbstractUnivariateRealSolver:solve:(ILorg/apache/commons/math/analysis/UnivariateRealFunction;DD)D#195#1 prob_bp = 0.49999999999998845000
org.apache.commons.math.analysis.solvers.BaseAbstractUnivariateRealSolver:computeObjectiveValue:(D)D#153#0 prob_bp = 0.49999999999999245000
org.apache.commons.math.analysis.solvers.BaseSecantSolver:doSolve:()D#229#309 prob_bp = 0.49999999999999345000
org.apache.commons.math.util.FastMath:max:(DD)D#3925#1 prob_bp = 0.49999999999999384000
org.apache.commons.math.util.FastMath:max:(DD)D#3925#0 prob_bp = 0.49999999999999406000
org.apache.commons.math.analysis.solvers.BaseSecantSolver:doSolve:()D#166#96 prob_bp = 0.49999999999999530000
org.apache.commons.math.analysis.solvers.BaseSecantSolver:doSolve:()D#166#95 prob_bp = 0.49999999999999545000
org.apache.commons.math.analysis.solvers.BaseSecantSolver:doSolve:()D#150#58 prob_bp = 0.49999999999999690000
org.apache.commons.math.analysis.solvers.BaseSecantSolver:doSolve:()D#198#213 prob_bp = 0.49999999999999745000
org.apache.commons.math.analysis.solvers.BaseSecantSolver:doSolve:()D#161#88 prob_bp = 0.49999999999999800000
org.apache.commons.math.analysis.solvers.BaseAbstractUnivariateRealSolver:setup:(ILorg/apache/commons/math/analysis/UnivariateRealFunction;DDD)V#180#27 prob_bp = 0.49999999999999870000
org.apache.commons.math.analysis.solvers.BaseSecantSolver:solve:(ILorg/apache/commons/math/analysis/UnivariateRealFunction;DDDLorg/apache/commons/math/analysis/solvers/AllowedSolution;)D#117#8 prob_bp = 0.49999999999999880000
org.apache.commons.math.analysis.solvers.BaseSecantSolver:doSolve:()D#166#93 prob_bp = 0.49999999999999880000
org.apache.commons.math.analysis.solvers.BaseSecantSolver:solve:(ILorg/apache/commons/math/analysis/UnivariateRealFunction;DDD)D#124#2 prob_bp = 0.49999999999999900000
org.apache.commons.math.analysis.solvers.BaseSecantSolver:doSolve:()D#198#211 prob_bp = 0.49999999999999933000
org.apache.commons.math.analysis.solvers.BaseAbstractUnivariateRealSolver:getAbsoluteAccuracy:()D#128#4 prob_bp = 0.49999999999999940000
org.apache.commons.math.analysis.solvers.BaseSecantSolver:doSolve:()D#161#85 prob_bp = 0.49999999999999944000
org.apache.commons.math.analysis.solvers.BaseAbstractUnivariateRealSolver:setup:(ILorg/apache/commons/math/analysis/UnivariateRealFunction;DDD)V#180#26 prob_bp = 0.49999999999999956000
org.apache.commons.math.analysis.solvers.BaseSecantSolver:doSolve:()D#149#52 prob_bp = 0.49999999999999980000
org.apache.commons.math.analysis.solvers.BaseSecantSolver:doSolve:()D#161#91 prob_bp = 0.49999999999999980000
org.apache.commons.math.analysis.solvers.BaseAbstractUnivariateRealSolver:computeObjectiveValue:(D)D#154#14 prob_bp = 0.49999999999999990000
org.apache.commons.math.analysis.solvers.UnivariateRealSolverUtils:isBracketing:(Lorg/apache/commons/math/analysis/UnivariateRealFunction;DD)Z#310#65 prob_bp = 0.49999999999999990000
org.apache.commons.math.analysis.solvers.UnivariateRealSolverUtils:isBracketing:(Lorg/apache/commons/math/analysis/UnivariateRealFunction;DD)Z#310#70 prob_bp = 0.49999999999999990000
org.apache.commons.math.analysis.solvers.UnivariateRealSolverUtils:verifyBracketing:(Lorg/apache/commons/math/analysis/UnivariateRealFunction;DD)V#375#30 prob_bp = 0.49999999999999990000
org.apache.commons.math.analysis.solvers.BaseSecantSolver:doSolve:()D#192#201 prob_bp = 0.49999999999999990000
org.apache.commons.math.analysis.solvers.BaseSecantSolver:doSolve:()D#193#202 prob_bp = 0.49999999999999990000
org.apache.commons.math.analysis.solvers.BaseSecantSolver:doSolve:()D#229#307 prob_bp = 0.49999999999999990000
org.apache.commons.math.analysis.solvers.BaseSecantSolver:doSolve:()D#229#315 prob_bp = 0.49999999999999990000
org.apache.commons.math.analysis.solvers.BaseSecantSolver:doSolve:()D#229#318 prob_bp = 0.49999999999999990000
org.apache.commons.math.analysis.solvers.BaseAbstractUnivariateRealSolver:<init>:(DDD)V#93#16 prob_bp = 0.49999999999999994000
org.apache.commons.math.analysis.solvers.BaseAbstractUnivariateRealSolver:solve:(ILorg/apache/commons/math/analysis/UnivariateRealFunction;DD)D#195#4 prob_bp = 0.49999999999999994000
org.apache.commons.math.analysis.solvers.BaseAbstractUnivariateRealSolver:solve:(ILorg/apache/commons/math/analysis/UnivariateRealFunction;DDD)D#187#4 prob_bp = 0.49999999999999994000
org.apache.commons.math.analysis.solvers.BaseSecantSolver:doSolve:()D#146#45 prob_bp = 0.49999999999999994000
org.apache.commons.math.analysis.solvers.UnivariateRealSolverUtils:isBracketing:(Lorg/apache/commons/math/analysis/UnivariateRealFunction;DD)Z#305#1 prob_bp = 0.49999999999999994000
org.apache.commons.math.analysis.solvers.UnivariateRealSolverUtils:isBracketing:(Lorg/apache/commons/math/analysis/UnivariateRealFunction;DD)Z#308#20 prob_bp = 0.49999999999999994000
org.apache.commons.math.analysis.solvers.UnivariateRealSolverUtils:isBracketing:(Lorg/apache/commons/math/analysis/UnivariateRealFunction;DD)Z#309#29 prob_bp = 0.49999999999999994000
org.apache.commons.math.analysis.solvers.UnivariateRealSolverUtils:isBracketing:(Lorg/apache/commons/math/analysis/UnivariateRealFunction;DD)Z#310#40 prob_bp = 0.49999999999999994000
org.apache.commons.math.analysis.solvers.UnivariateRealSolverUtils:isBracketing:(Lorg/apache/commons/math/analysis/UnivariateRealFunction;DD)Z#310#62 prob_bp = 0.49999999999999994000
org.apache.commons.math.analysis.solvers.BaseSecantSolver:doSolve:()D#160#73 prob_bp = 0.49999999999999994000
org.apache.commons.math.analysis.solvers.BaseSecantSolver:doSolve:()D#160#74 prob_bp = 0.49999999999999994000
org.apache.commons.math.analysis.solvers.BaseSecantSolver:doSolve:()D#160#78 prob_bp = 0.49999999999999994000
org.apache.commons.math.analysis.solvers.BaseSecantSolver:doSolve:()D#171#107 prob_bp = 0.49999999999999994000
org.apache.commons.math.analysis.solvers.BaseSecantSolver:doSolve:()D#174#114 prob_bp = 0.49999999999999994000
org.apache.commons.math.analysis.solvers.BaseSecantSolver:doSolve:()D#171#110#unexe#5 prob_bp = 0.49999999999999994000
org.apache.commons.math.analysis.solvers.BaseSecantSolver:doSolve:()D#192#199 prob_bp = 0.49999999999999994000
org.apache.commons.math.util.FastMath:abs:(D)D#3410#0 prob_bp = 0.49999999999999994000
org.apache.commons.math.analysis.solvers.BaseSecantSolver:doSolve:()D#178#137 prob_bp = 0.49999999999999994000
org.apache.commons.math.exception.MathIllegalStateException:<init>:()V#67#0 prob_bp = 0.49999999999999994000
org.apache.commons.math.analysis.solvers.BaseSecantSolver$1:<clinit>:()V#178#90 prob_bp = 0.50000000000000000000
org.apache.commons.math.analysis.solvers.BaseSecantSolver:<init>:(DLorg/apache/commons/math/analysis/solvers/BaseSecantSolver$Method;)V#68#1 prob_bp = 0.50000000000000000000
org.apache.commons.math.analysis.solvers.AbstractUnivariateRealSolver:<init>:(D)V#37#1 prob_bp = 0.50000000000000000000
org.apache.commons.math.analysis.solvers.BaseAbstractUnivariateRealSolver:<init>:(D)V#65#1 prob_bp = 0.50000000000000000000
org.apache.commons.math.analysis.solvers.BaseAbstractUnivariateRealSolver:<init>:(D)V#65#4 prob_bp = 0.50000000000000000000
org.apache.commons.math.analysis.solvers.BaseAbstractUnivariateRealSolver:<init>:(DDD)V#93#15 prob_bp = 0.50000000000000000000
org.apache.commons.math.analysis.solvers.BaseAbstractUnivariateRealSolver:<init>:(DDD)V#94#20 prob_bp = 0.50000000000000000000
org.apache.commons.math.analysis.solvers.BaseAbstractUnivariateRealSolver:<init>:(DDD)V#94#22 prob_bp = 0.50000000000000000000
org.apache.commons.math.analysis.solvers.BaseSecantSolver:<init>:(DLorg/apache/commons/math/analysis/solvers/BaseSecantSolver$Method;)V#70#12 prob_bp = 0.50000000000000000000
org.apache.commons.math.analysis.solvers.BaseSecantSolver:<init>:(DLorg/apache/commons/math/analysis/solvers/BaseSecantSolver$Method;)V#70#13 prob_bp = 0.50000000000000000000
org.apache.commons.math.analysis.solvers.BaseSecantSolver:<init>:(DLorg/apache/commons/math/analysis/solvers/BaseSecantSolver$Method;)V#70#14 prob_bp = 0.50000000000000000000
org.apache.commons.math.analysis.solvers.BaseSecantSolver:solve:(ILorg/apache/commons/math/analysis/UnivariateRealFunction;DDD)D#124#4 prob_bp = 0.50000000000000000000
org.apache.commons.math.analysis.solvers.BaseSecantSolver:solve:(ILorg/apache/commons/math/analysis/UnivariateRealFunction;DDDLorg/apache/commons/math/analysis/solvers/AllowedSolution;)D#117#9 prob_bp = 0.50000000000000000000
org.apache.commons.math.analysis.solvers.BaseSecantSolver:solve:(ILorg/apache/commons/math/analysis/UnivariateRealFunction;DDDLorg/apache/commons/math/analysis/solvers/AllowedSolution;)D#117#10 prob_bp = 0.50000000000000000000
org.apache.commons.math.analysis.solvers.BaseAbstractUnivariateRealSolver:solve:(ILorg/apache/commons/math/analysis/UnivariateRealFunction;DDD)D#187#3 prob_bp = 0.50000000000000000000
org.apache.commons.math.analysis.solvers.BaseAbstractUnivariateRealSolver:setup:(ILorg/apache/commons/math/analysis/UnivariateRealFunction;DDD)V#176#4 prob_bp = 0.50000000000000000000
org.apache.commons.math.analysis.solvers.BaseAbstractUnivariateRealSolver:setup:(ILorg/apache/commons/math/analysis/UnivariateRealFunction;DDD)V#176#5 prob_bp = 0.50000000000000000000
org.apache.commons.math.analysis.solvers.BaseAbstractUnivariateRealSolver:setup:(ILorg/apache/commons/math/analysis/UnivariateRealFunction;DDD)V#176#6 prob_bp = 0.50000000000000000000
org.apache.commons.math.analysis.solvers.BaseAbstractUnivariateRealSolver:setup:(ILorg/apache/commons/math/analysis/UnivariateRealFunction;DDD)V#177#9 prob_bp = 0.50000000000000000000
org.apache.commons.math.analysis.solvers.BaseAbstractUnivariateRealSolver:setup:(ILorg/apache/commons/math/analysis/UnivariateRealFunction;DDD)V#177#10 prob_bp = 0.50000000000000000000
org.apache.commons.math.analysis.solvers.BaseAbstractUnivariateRealSolver:setup:(ILorg/apache/commons/math/analysis/UnivariateRealFunction;DDD)V#177#12 prob_bp = 0.50000000000000000000
org.apache.commons.math.analysis.solvers.BaseAbstractUnivariateRealSolver:setup:(ILorg/apache/commons/math/analysis/UnivariateRealFunction;DDD)V#179#21 prob_bp = 0.50000000000000000000
org.apache.commons.math.analysis.solvers.BaseAbstractUnivariateRealSolver:setup:(ILorg/apache/commons/math/analysis/UnivariateRealFunction;DDD)V#179#22 prob_bp = 0.50000000000000000000
org.apache.commons.math.analysis.solvers.BaseAbstractUnivariateRealSolver:setup:(ILorg/apache/commons/math/analysis/UnivariateRealFunction;DDD)V#179#23 prob_bp = 0.50000000000000000000
org.apache.commons.math.analysis.solvers.BaseSecantSolver:doSolve:()D#130#0 prob_bp = 0.50000000000000000000
org.apache.commons.math.analysis.solvers.BaseSecantSolver:doSolve:()D#130#1 prob_bp = 0.50000000000000000000
org.apache.commons.math.analysis.solvers.BaseAbstractUnivariateRealSolver:getMin:()D#110#0 prob_bp = 0.50000000000000000000
org.apache.commons.math.analysis.solvers.BaseAbstractUnivariateRealSolver:getMin:()D#110#1 prob_bp = 0.50000000000000000000
org.apache.commons.math.analysis.solvers.BaseAbstractUnivariateRealSolver:getMin:()D#110#4 prob_bp = 0.50000000000000000000
org.apache.commons.math.analysis.solvers.BaseSecantSolver:doSolve:()D#130#4 prob_bp = 0.50000000000000000000
org.apache.commons.math.analysis.solvers.BaseSecantSolver:doSolve:()D#131#5 prob_bp = 0.50000000000000000000
org.apache.commons.math.analysis.solvers.BaseSecantSolver:doSolve:()D#131#6 prob_bp = 0.50000000000000000000
org.apache.commons.math.analysis.solvers.BaseAbstractUnivariateRealSolver:getMax:()D#116#0 prob_bp = 0.50000000000000000000
org.apache.commons.math.analysis.solvers.BaseAbstractUnivariateRealSolver:getMax:()D#116#1 prob_bp = 0.50000000000000000000
org.apache.commons.math.analysis.solvers.BaseAbstractUnivariateRealSolver:getMax:()D#116#4 prob_bp = 0.50000000000000000000
org.apache.commons.math.analysis.solvers.BaseSecantSolver:doSolve:()D#131#9 prob_bp = 0.50000000000000000000
org.apache.commons.math.analysis.solvers.BaseSecantSolver:doSolve:()D#132#10 prob_bp = 0.50000000000000000000
org.apache.commons.math.analysis.solvers.BaseSecantSolver:doSolve:()D#132#11 prob_bp = 0.50000000000000000000
org.apache.commons.math.analysis.solvers.BaseSecantSolver:doSolve:()D#132#12 prob_bp = 0.50000000000000000000
org.apache.commons.math.analysis.solvers.BaseAbstractUnivariateRealSolver:computeObjectiveValue:(D)D#154#4 prob_bp = 0.50000000000000000000
org.apache.commons.math.analysis.solvers.BaseAbstractUnivariateRealSolver:computeObjectiveValue:(D)D#154#5 prob_bp = 0.50000000000000000000
org.apache.commons.math.analysis.solvers.BaseAbstractUnivariateRealSolver:computeObjectiveValue:(D)D#154#8 prob_bp = 0.50000000000000000000
org.apache.commons.math.analysis.solvers.BaseAbstractUnivariateRealSolver:computeObjectiveValue:(D)D#154#9 prob_bp = 0.50000000000000000000
org.apache.commons.math.analysis.solvers.BaseSecantSolver:doSolve:()D#132#15 prob_bp = 0.50000000000000000000
org.apache.commons.math.analysis.solvers.BaseSecantSolver:doSolve:()D#133#17 prob_bp = 0.50000000000000000000
org.apache.commons.math.analysis.solvers.BaseSecantSolver:doSolve:()D#133#18 prob_bp = 0.50000000000000000000
org.apache.commons.math.analysis.solvers.BaseSecantSolver:doSolve:()D#133#22 prob_bp = 0.50000000000000000000
org.apache.commons.math.analysis.solvers.BaseSecantSolver:doSolve:()D#138#24 prob_bp = 0.50000000000000000000
org.apache.commons.math.analysis.solvers.BaseSecantSolver:doSolve:()D#138#26 prob_bp = 0.50000000000000000000
org.apache.commons.math.analysis.solvers.BaseSecantSolver:doSolve:()D#138#27 prob_bp = 0.50000000000000000000
org.apache.commons.math.analysis.solvers.BaseSecantSolver:doSolve:()D#138#28 prob_bp = 0.50000000000000000000
org.apache.commons.math.analysis.solvers.BaseSecantSolver:doSolve:()D#141#33 prob_bp = 0.50000000000000000000
org.apache.commons.math.analysis.solvers.BaseSecantSolver:doSolve:()D#141#35 prob_bp = 0.50000000000000000000
org.apache.commons.math.analysis.solvers.BaseSecantSolver:doSolve:()D#141#36 prob_bp = 0.50000000000000000000
org.apache.commons.math.analysis.solvers.BaseSecantSolver:doSolve:()D#141#37 prob_bp = 0.50000000000000000000
org.apache.commons.math.analysis.solvers.BaseSecantSolver:doSolve:()D#146#42 prob_bp = 0.50000000000000000000
org.apache.commons.math.analysis.solvers.BaseSecantSolver:doSolve:()D#146#43 prob_bp = 0.50000000000000000000
org.apache.commons.math.analysis.solvers.BaseSecantSolver:doSolve:()D#146#44 prob_bp = 0.50000000000000000000
org.apache.commons.math.analysis.solvers.BaseAbstractUnivariateRealSolver:verifyBracketing:(DD)V#282#0 prob_bp = 0.50000000000000000000
org.apache.commons.math.analysis.solvers.BaseAbstractUnivariateRealSolver:verifyBracketing:(DD)V#282#1 prob_bp = 0.50000000000000000000
org.apache.commons.math.analysis.solvers.BaseAbstractUnivariateRealSolver:verifyBracketing:(DD)V#282#4 prob_bp = 0.50000000000000000000
org.apache.commons.math.analysis.solvers.BaseAbstractUnivariateRealSolver:verifyBracketing:(DD)V#282#5 prob_bp = 0.50000000000000000000
org.apache.commons.math.analysis.solvers.BaseAbstractUnivariateRealSolver:verifyBracketing:(DD)V#282#6 prob_bp = 0.50000000000000000000
org.apache.commons.math.analysis.solvers.UnivariateRealSolverUtils:verifyBracketing:(Lorg/apache/commons/math/analysis/UnivariateRealFunction;DD)V#371#1 prob_bp = 0.50000000000000000000
org.apache.commons.math.analysis.solvers.UnivariateRealSolverUtils:verifyBracketing:(Lorg/apache/commons/math/analysis/UnivariateRealFunction;DD)V#374#19 prob_bp = 0.50000000000000000000
org.apache.commons.math.analysis.solvers.UnivariateRealSolverUtils:verifyBracketing:(Lorg/apache/commons/math/analysis/UnivariateRealFunction;DD)V#374#20 prob_bp = 0.50000000000000000000
org.apache.commons.math.analysis.solvers.UnivariateRealSolverUtils:verifyBracketing:(Lorg/apache/commons/math/analysis/UnivariateRealFunction;DD)V#374#21 prob_bp = 0.50000000000000000000
org.apache.commons.math.analysis.solvers.UnivariateRealSolverUtils:verifyInterval:(DD)V#336#0 prob_bp = 0.50000000000000000000
org.apache.commons.math.analysis.solvers.UnivariateRealSolverUtils:verifyInterval:(DD)V#336#1 prob_bp = 0.50000000000000000000
org.apache.commons.math.analysis.solvers.UnivariateRealSolverUtils:verifyInterval:(DD)V#336#2 prob_bp = 0.50000000000000000000
org.apache.commons.math.analysis.solvers.UnivariateRealSolverUtils:verifyInterval:(DD)V#336#3 prob_bp = 0.50000000000000000000
org.apache.commons.math.analysis.solvers.UnivariateRealSolverUtils:verifyBracketing:(Lorg/apache/commons/math/analysis/UnivariateRealFunction;DD)V#375#24 prob_bp = 0.50000000000000000000
org.apache.commons.math.analysis.solvers.UnivariateRealSolverUtils:verifyBracketing:(Lorg/apache/commons/math/analysis/UnivariateRealFunction;DD)V#375#25 prob_bp = 0.50000000000000000000
org.apache.commons.math.analysis.solvers.UnivariateRealSolverUtils:verifyBracketing:(Lorg/apache/commons/math/analysis/UnivariateRealFunction;DD)V#375#26 prob_bp = 0.50000000000000000000
org.apache.commons.math.analysis.solvers.UnivariateRealSolverUtils:verifyBracketing:(Lorg/apache/commons/math/analysis/UnivariateRealFunction;DD)V#375#27 prob_bp = 0.50000000000000000000
org.apache.commons.math.analysis.solvers.UnivariateRealSolverUtils:isBracketing:(Lorg/apache/commons/math/analysis/UnivariateRealFunction;DD)Z#305#0 prob_bp = 0.50000000000000000000
org.apache.commons.math.analysis.solvers.UnivariateRealSolverUtils:isBracketing:(Lorg/apache/commons/math/analysis/UnivariateRealFunction;DD)Z#308#19 prob_bp = 0.50000000000000000000
org.apache.commons.math.analysis.solvers.UnivariateRealSolverUtils:isBracketing:(Lorg/apache/commons/math/analysis/UnivariateRealFunction;DD)Z#308#21 prob_bp = 0.50000000000000000000
org.apache.commons.math.analysis.solvers.UnivariateRealSolverUtils:isBracketing:(Lorg/apache/commons/math/analysis/UnivariateRealFunction;DD)Z#308#26 prob_bp = 0.50000000000000000000
org.apache.commons.math.analysis.solvers.UnivariateRealSolverUtils:isBracketing:(Lorg/apache/commons/math/analysis/UnivariateRealFunction;DD)Z#309#28 prob_bp = 0.50000000000000000000
org.apache.commons.math.analysis.solvers.UnivariateRealSolverUtils:isBracketing:(Lorg/apache/commons/math/analysis/UnivariateRealFunction;DD)Z#309#30 prob_bp = 0.50000000000000000000
org.apache.commons.math.analysis.solvers.UnivariateRealSolverUtils:isBracketing:(Lorg/apache/commons/math/analysis/UnivariateRealFunction;DD)Z#309#35 prob_bp = 0.50000000000000000000
org.apache.commons.math.analysis.solvers.UnivariateRealSolverUtils:isBracketing:(Lorg/apache/commons/math/analysis/UnivariateRealFunction;DD)Z#310#37 prob_bp = 0.50000000000000000000
org.apache.commons.math.analysis.solvers.UnivariateRealSolverUtils:isBracketing:(Lorg/apache/commons/math/analysis/UnivariateRealFunction;DD)Z#310#39 prob_bp = 0.50000000000000000000
org.apache.commons.math.analysis.solvers.UnivariateRealSolverUtils:isBracketing:(Lorg/apache/commons/math/analysis/UnivariateRealFunction;DD)Z#310#41 prob_bp = 0.50000000000000000000
org.apache.commons.math.analysis.solvers.UnivariateRealSolverUtils:isBracketing:(Lorg/apache/commons/math/analysis/UnivariateRealFunction;DD)Z#310#51 prob_bp = 0.50000000000000000000
org.apache.commons.math.analysis.solvers.UnivariateRealSolverUtils:isBracketing:(Lorg/apache/commons/math/analysis/UnivariateRealFunction;DD)Z#310#54 prob_bp = 0.50000000000000000000
org.apache.commons.math.analysis.solvers.UnivariateRealSolverUtils:isBracketing:(Lorg/apache/commons/math/analysis/UnivariateRealFunction;DD)Z#310#55 prob_bp = 0.50000000000000000000
org.apache.commons.math.analysis.solvers.UnivariateRealSolverUtils:isBracketing:(Lorg/apache/commons/math/analysis/UnivariateRealFunction;DD)Z#310#58 prob_bp = 0.50000000000000000000
org.apache.commons.math.analysis.solvers.UnivariateRealSolverUtils:isBracketing:(Lorg/apache/commons/math/analysis/UnivariateRealFunction;DD)Z#310#60 prob_bp = 0.50000000000000000000
org.apache.commons.math.analysis.solvers.UnivariateRealSolverUtils:isBracketing:(Lorg/apache/commons/math/analysis/UnivariateRealFunction;DD)Z#310#61 prob_bp = 0.50000000000000000000
org.apache.commons.math.analysis.solvers.BaseSecantSolver:doSolve:()D#149#48 prob_bp = 0.50000000000000000000
org.apache.commons.math.analysis.solvers.BaseSecantSolver:doSolve:()D#149#49 prob_bp = 0.50000000000000000000
org.apache.commons.math.analysis.solvers.BaseAbstractUnivariateRealSolver:getFunctionValueAccuracy:()D#140#0 prob_bp = 0.50000000000000000000
org.apache.commons.math.analysis.solvers.BaseAbstractUnivariateRealSolver:getFunctionValueAccuracy:()D#140#1 prob_bp = 0.50000000000000000000
org.apache.commons.math.analysis.solvers.BaseAbstractUnivariateRealSolver:getFunctionValueAccuracy:()D#140#4 prob_bp = 0.50000000000000000000
org.apache.commons.math.analysis.solvers.BaseSecantSolver:doSolve:()D#150#54 prob_bp = 0.50000000000000000000
org.apache.commons.math.analysis.solvers.BaseSecantSolver:doSolve:()D#150#55 prob_bp = 0.50000000000000000000
org.apache.commons.math.analysis.solvers.BaseAbstractUnivariateRealSolver:getAbsoluteAccuracy:()D#128#0 prob_bp = 0.50000000000000000000
org.apache.commons.math.analysis.solvers.BaseSecantSolver:doSolve:()D#151#60 prob_bp = 0.50000000000000000000
org.apache.commons.math.analysis.solvers.BaseSecantSolver:doSolve:()D#151#61 prob_bp = 0.50000000000000000000
org.apache.commons.math.analysis.solvers.BaseAbstractUnivariateRealSolver:getRelativeAccuracy:()D#134#0 prob_bp = 0.50000000000000000000
org.apache.commons.math.analysis.solvers.BaseAbstractUnivariateRealSolver:getRelativeAccuracy:()D#134#1 prob_bp = 0.50000000000000000000
org.apache.commons.math.analysis.solvers.BaseAbstractUnivariateRealSolver:getRelativeAccuracy:()D#134#4 prob_bp = 0.50000000000000000000
org.apache.commons.math.analysis.solvers.BaseSecantSolver:doSolve:()D#151#64 prob_bp = 0.50000000000000000000
org.apache.commons.math.analysis.solvers.BaseSecantSolver:doSolve:()D#160#69 prob_bp = 0.50000000000000000000
org.apache.commons.math.analysis.solvers.BaseSecantSolver:doSolve:()D#160#70 prob_bp = 0.50000000000000000000
org.apache.commons.math.analysis.solvers.BaseSecantSolver:doSolve:()D#160#72 prob_bp = 0.50000000000000000000
org.apache.commons.math.analysis.solvers.BaseSecantSolver:doSolve:()D#160#75 prob_bp = 0.50000000000000000000
org.apache.commons.math.analysis.solvers.BaseSecantSolver:doSolve:()D#160#76 prob_bp = 0.50000000000000000000
org.apache.commons.math.analysis.solvers.BaseSecantSolver:doSolve:()D#160#80 prob_bp = 0.50000000000000000000
org.apache.commons.math.analysis.solvers.BaseSecantSolver:doSolve:()D#160#81 prob_bp = 0.50000000000000000000
org.apache.commons.math.analysis.solvers.BaseSecantSolver:doSolve:()D#160#82 prob_bp = 0.50000000000000000000
org.apache.commons.math.analysis.solvers.BaseSecantSolver:doSolve:()D#160#83 prob_bp = 0.50000000000000000000
org.apache.commons.math.analysis.solvers.BaseSecantSolver:doSolve:()D#161#86 prob_bp = 0.50000000000000000000
org.apache.commons.math.analysis.solvers.BaseSecantSolver:doSolve:()D#171#103 prob_bp = 0.50000000000000000000
org.apache.commons.math.analysis.solvers.BaseSecantSolver:doSolve:()D#171#105 prob_bp = 0.50000000000000000000
org.apache.commons.math.analysis.solvers.BaseSecantSolver:doSolve:()D#171#108 prob_bp = 0.50000000000000000000
org.apache.commons.math.analysis.solvers.BaseSecantSolver:doSolve:()D#171#109 prob_bp = 0.50000000000000000000
org.apache.commons.math.analysis.solvers.BaseSecantSolver:doSolve:()D#171#110 prob_bp = 0.50000000000000000000
org.apache.commons.math.analysis.solvers.BaseSecantSolver:doSolve:()D#174#113 prob_bp = 0.50000000000000000000
org.apache.commons.math.analysis.solvers.BaseSecantSolver:doSolve:()D#175#115 prob_bp = 0.50000000000000000000
org.apache.commons.math.analysis.solvers.BaseSecantSolver:doSolve:()D#175#117 prob_bp = 0.50000000000000000000
org.apache.commons.math.analysis.solvers.BaseSecantSolver:doSolve:()D#171#110#unexe#1 prob_bp = 0.50000000000000000000
org.apache.commons.math.analysis.solvers.BaseSecantSolver:doSolve:()D#193#204 prob_bp = 0.50000000000000000000
org.apache.commons.math.analysis.solvers.BaseSecantSolver:doSolve:()D#198#208 prob_bp = 0.50000000000000000000
org.apache.commons.math.util.FastMath:abs:(D)D#3410#1 prob_bp = 0.50000000000000000000
org.apache.commons.math.analysis.solvers.BaseSecantSolver:doSolve:()D#229#306 prob_bp = 0.50000000000000000000
org.apache.commons.math.analysis.solvers.BaseSecantSolver:doSolve:()D#229#312 prob_bp = 0.50000000000000000000
org.apache.commons.math.analysis.solvers.BaseSecantSolver:doSolve:()D#229#314 prob_bp = 0.50000000000000000000
org.apache.commons.math.util.FastMath:abs:(D)D#3410#11 prob_bp = 0.50000000000000000000
org.apache.commons.math.util.FastMath:abs:(D)D#3410#13 prob_bp = 0.50000000000000000000
org.apache.commons.math.util.FastMath:abs:(D)D#3410#14 prob_bp = 0.50000000000000000000
org.apache.commons.math.analysis.solvers.BaseSecantSolver:doSolve:()D#178#134 prob_bp = 0.50000000000000000000
org.apache.commons.math.analysis.solvers.BaseSecantSolver:doSolve:()D#178#138 prob_bp = 0.50000000000000000000
org.apache.commons.math.analysis.solvers.BaseSecantSolver:doSolve:()D#178#141 prob_bp = 0.50000000000000000000
org.apache.commons.math.analysis.solvers.BaseSecantSolver:doSolve:()D#178#144 prob_bp = 0.50000000000000000000
org.apache.commons.math.analysis.solvers.BaseSecantSolver:doSolve:()D#178#145 prob_bp = 0.50000000000000000000
org.apache.commons.math.analysis.solvers.BaseSecantSolver:doSolve:()D#178#145#unexe#5 prob_bp = 0.50000000000000000000
org.apache.commons.math.exception.MaxCountExceededException:<init>:(Ljava/lang/Number;)V#42#0 prob_bp = 0.50000000000000000000
org.apache.commons.math.exception.MaxCountExceededException:<init>:(Lorg/apache/commons/math/exception/util/Localizable;Ljava/lang/Number;[Ljava/lang/Object;)V#53#0 prob_bp = 0.50000000000000000000
org.apache.commons.math.exception.MaxCountExceededException:<init>:(Lorg/apache/commons/math/exception/util/Localizable;Ljava/lang/Number;[Ljava/lang/Object;)V#53#1 prob_bp = 0.50000000000000000000
org.apache.commons.math.exception.MathIllegalStateException:<init>:(Lorg/apache/commons/math/exception/util/Localizable;[Ljava/lang/Object;)V#36#4 prob_bp = 0.50000000000000000000
org.apache.commons.math.exception.MathIllegalStateException:<init>:(Lorg/apache/commons/math/exception/util/Localizable;[Ljava/lang/Object;)V#36#5 prob_bp = 0.50000000000000000000
org.apache.commons.math.exception.MathIllegalStateException:<init>:(Lorg/apache/commons/math/exception/util/Localizable;[Ljava/lang/Object;)V#36#12 prob_bp = 0.50000000000000000000
org.apache.commons.math.analysis.solvers.BaseAbstractUnivariateRealSolver:incrementEvaluationCount:()V#296#14 prob_bp = 0.50000000000000000000
org.apache.commons.math.exception.TooManyEvaluationsException:<init>:(Ljava/lang/Number;)V#37#0 prob_bp = 0.50000000000000000000
org.apache.commons.math.exception.TooManyEvaluationsException:<init>:(Ljava/lang/Number;)V#37#2 prob_bp = 0.50000000000000000000
org.apache.commons.math.exception.MathIllegalStateException:getLocalizedMessage:()Ljava/lang/String;#84#1 prob_bp = 0.50000000000000000000
org.apache.commons.math.exception.MathIllegalStateException:getLocalizedMessage:()Ljava/lang/String;#84#4 prob_bp = 0.50000000000000000000
org.apache.commons.math.exception.MathIllegalStateException:getLocalizedMessage:()Ljava/lang/String;#84#7 prob_bp = 0.50000000000000000000
org.apache.commons.math.analysis.solvers.BaseSecantSolver$Method:<clinit>:()V#256#10 prob_bp = 0.50000000000000010000
org.apache.commons.math.analysis.solvers.RegulaFalsiSolver:<init>:()V#43#1 prob_bp = 0.50000000000000010000
org.apache.commons.math.analysis.solvers.RegulaFalsiSolver:<init>:()V#43#4 prob_bp = 0.50000000000000010000
org.apache.commons.math.analysis.solvers.BaseAbstractUnivariateRealSolver:<init>:(DDD)V#93#17 prob_bp = 0.50000000000000010000
org.apache.commons.math.analysis.solvers.BaseAbstractUnivariateRealSolver:<init>:(DDD)V#94#21 prob_bp = 0.50000000000000010000
org.apache.commons.math.analysis.solvers.BaseSecantSolver:solve:(ILorg/apache/commons/math/analysis/UnivariateRealFunction;DDD)D#124#3 prob_bp = 0.50000000000000010000
org.apache.commons.math.analysis.solvers.BaseSecantSolver:doSolve:()D#133#19 prob_bp = 0.50000000000000010000
org.apache.commons.math.analysis.solvers.UnivariateRealSolverUtils:verifyBracketing:(Lorg/apache/commons/math/analysis/UnivariateRealFunction;DD)V#371#0 prob_bp = 0.50000000000000010000
org.apache.commons.math.analysis.solvers.UnivariateRealSolverUtils:isBracketing:(Lorg/apache/commons/math/analysis/UnivariateRealFunction;DD)Z#310#53 prob_bp = 0.50000000000000010000
org.apache.commons.math.analysis.solvers.BaseSecantSolver:doSolve:()D#198#206 prob_bp = 0.50000000000000010000
org.apache.commons.math.util.FastMath:abs:(D)D#3410#2 prob_bp = 0.50000000000000010000
org.apache.commons.math.analysis.solvers.BaseSecantSolver:doSolve:()D#229#308 prob_bp = 0.50000000000000010000
org.apache.commons.math.util.FastMath:abs:(D)D#3410#21 prob_bp = 0.50000000000000010000
org.apache.commons.math.analysis.solvers.BaseAbstractUnivariateRealSolver:incrementEvaluationCount:()V#296#11 prob_bp = 0.50000000000000010000
org.apache.commons.math.analysis.solvers.BaseAbstractUnivariateRealSolver:incrementEvaluationCount:()V#296#19 prob_bp = 0.50000000000000010000
org.apache.commons.math.analysis.solvers.BaseAbstractUnivariateRealSolver:getAbsoluteAccuracy:()D#128#1 prob_bp = 0.50000000000000020000
org.apache.commons.math.util.FastMath:abs:(D)D#3410#12 prob_bp = 0.50000000000000020000
org.apache.commons.math.exception.MaxCountExceededException:<init>:(Ljava/lang/Number;)V#42#9 prob_bp = 0.50000000000000020000
org.apache.commons.math.analysis.solvers.BaseAbstractUnivariateRealSolver:solve:(ILorg/apache/commons/math/analysis/UnivariateRealFunction;DD)D#195#3 prob_bp = 0.50000000000000030000
org.apache.commons.math.exception.MathIllegalStateException:<init>:()V#67#8 prob_bp = 0.50000000000000030000
org.apache.commons.math.analysis.solvers.BaseAbstractUnivariateRealSolver:solve:(ILorg/apache/commons/math/analysis/UnivariateRealFunction;DDD)D#187#0 prob_bp = 0.50000000000018160000
org.apache.commons.math.analysis.solvers.BaseAbstractUnivariateRealSolver:setup:(ILorg/apache/commons/math/analysis/UnivariateRealFunction;DDD)V#181#34 prob_bp = 0.50000000000229350000
org.apache.commons.math.analysis.solvers.BaseAbstractUnivariateRealSolver:setup:(ILorg/apache/commons/math/analysis/UnivariateRealFunction;DDD)V#181#35 prob_bp = 0.50000000000910560000
org.apache.commons.math.analysis.solvers.BaseAbstractUnivariateRealSolver:setup:(ILorg/apache/commons/math/analysis/UnivariateRealFunction;DDD)V#181#38 prob_bp = 0.50000000003653320000
org.apache.commons.math.util.Incrementor:resetCount:()V#93#0 prob_bp = 0.50000000014696610000
org.apache.commons.math.util.Incrementor:resetCount:()V#93#1 prob_bp = 0.50000000056870790000
org.apache.commons.math.util.Incrementor:resetCount:()V#93#2 prob_bp = 0.50000000059160600000
org.apache.commons.math.analysis.solvers.BaseAbstractUnivariateRealSolver:solve:(ILorg/apache/commons/math/analysis/UnivariateRealFunction;DD)D#195#2 prob_bp = 0.50000487746904780000
org.apache.commons.math.analysis.solvers.BaseAbstractUnivariateRealSolver:solve:(ILorg/apache/commons/math/analysis/UnivariateRealFunction;DDD)D#187#2 prob_bp = 0.50001082152021280000
org.apache.commons.math.analysis.solvers.BaseAbstractUnivariateRealSolver:solve:(ILorg/apache/commons/math/analysis/UnivariateRealFunction;DDD)D#187#8 prob_bp = 0.50002534282130370000
org.apache.commons.math.analysis.solvers.BaseAbstractUnivariateRealSolver:setup:(ILorg/apache/commons/math/analysis/UnivariateRealFunction;DDD)V#173#0 prob_bp = 0.50007189780421800000
org.apache.commons.math.analysis.solvers.BaseAbstractUnivariateRealSolver:setup:(ILorg/apache/commons/math/analysis/UnivariateRealFunction;DDD)V#173#1 prob_bp = 0.50022112958421960000
org.apache.commons.math.util.MathUtils:checkNotNull:(Ljava/lang/Object;)V#2334#0 prob_bp = 0.50069925745788700000
org.apache.commons.math.analysis.solvers.BaseAbstractUnivariateRealSolver:solve:(ILorg/apache/commons/math/analysis/UnivariateRealFunction;DD)D#195#16 prob_bp = 0.50076725501002800000
org.apache.commons.math.util.MathUtils:checkNotNull:(Ljava/lang/Object;)V#2334#1 prob_bp = 0.50222874288134960000
org.apache.commons.math.analysis.solvers.BaseAbstractUnivariateRealSolver:solve:(ILorg/apache/commons/math/analysis/UnivariateRealFunction;DDD)D#190#11 prob_bp = 0.50749687156772880000
org.apache.commons.math.analysis.solvers.BaseAbstractUnivariateRealSolver:solve:(ILorg/apache/commons/math/analysis/UnivariateRealFunction;DDD)D#190#12 prob_bp = 0.52034913516522780000
org.apache.commons.math.analysis.solvers.AbstractUnivariateRealSolver:<init>:(D)V#37#0 prob_bp = 0.85478115543850890000
org.apache.commons.math.analysis.solvers.AbstractUnivariateRealSolver:<init>:(D)V#37#2 prob_bp = 0.86194845150797350000
org.apache.commons.math.analysis.solvers.BaseAbstractUnivariateRealSolver:<init>:(D)V#65#0 prob_bp = 0.87642783750689590000
org.apache.commons.math.analysis.solvers.BaseAbstractUnivariateRealSolver:<init>:(DDD)V#95#25 prob_bp = 0.93690911194195580000
org.apache.commons.math.analysis.solvers.BaseAbstractUnivariateRealSolver:<init>:(D)V#65#5 prob_bp = 0.95747958229417670000
org.apache.commons.math.analysis.solvers.BaseAbstractUnivariateRealSolver:<init>:(DDD)V#95#26 prob_bp = 0.97774019669411050000
org.apache.commons.math.analysis.solvers.BaseAbstractUnivariateRealSolver:<init>:(D)V#65#8 prob_bp = 0.98983256710308760000
org.apache.commons.math.analysis.solvers.BaseAbstractUnivariateRealSolver:<init>:(DDD)V#95#28 prob_bp = 0.99009900990099010000
org.apache.commons.math.analysis.solvers.RegulaFalsiSolverTest:testIssue631:()V#45#0 prob_bp = 1.00000000000000000000
org.apache.commons.math.analysis.solvers.RegulaFalsiSolverTest:testIssue631:()V#45#8 prob_bp = 1.00000000000000000000
org.apache.commons.math.analysis.solvers.RegulaFalsiSolverTest:testIssue631:()V#52#9 prob_bp = 1.00000000000000000000
org.apache.commons.math.analysis.solvers.RegulaFalsiSolverTest:testIssue631:()V#52#12 prob_bp = 1.00000000000000000000
org.apache.commons.math.analysis.solvers.RegulaFalsiSolverTest:testIssue631:()V#52#13 prob_bp = 1.00000000000000000000
org.apache.commons.math.analysis.solvers.RegulaFalsiSolverTest:testIssue631:()V#52#16 prob_bp = 1.00000000000000000000
org.apache.commons.math.analysis.solvers.RegulaFalsiSolverTest:testIssue631:()V#53#17 prob_bp = 1.00000000000000000000
org.apache.commons.math.analysis.solvers.RegulaFalsiSolverTest:testIssue631:()V#53#18 prob_bp = 1.00000000000000000000
org.apache.commons.math.analysis.solvers.RegulaFalsiSolverTest:testIssue631:()V#53#21 prob_bp = 1.00000000000000000000
org.apache.commons.math.analysis.solvers.RegulaFalsiSolverTest:testIssue631:()V#53#22 prob_bp = 1.00000000000000000000
org.apache.commons.math.analysis.solvers.RegulaFalsiSolverTest:testIssue631:()V#53#23 prob_bp = 1.00000000000000000000
org.apache.commons.math.analysis.solvers.RegulaFalsiSolverTest:testIssue631:()V#53#26 prob_bp = 1.00000000000000000000
Belief propagation time : 9.844000s
