Belief propagation time: 31

Probabilities: 
Vars:39643
Stmts:2161
org.apache.commons.lang.time.FastDateFormat$TimeZoneNameRule:estimateLength:()I#1559#29 prob_bp = 0.49873963760176010000
org.apache.commons.lang.time.FastDateFormat$TimeZoneNameRule:estimateLength:()I#1559#26 prob_bp = 0.49999592939718540000
org.apache.commons.lang.time.FastDateFormat$TimeZoneNameRule:estimateLength:()I#1557#4 prob_bp = 0.49999682361863806000
org.apache.commons.lang.time.FastDateFormat$TimeZoneNameRule:estimateLength:()I#1559#25 prob_bp = 0.49999903871980790000
org.apache.commons.lang.time.FastDateFormat:init:()V#566#52 prob_bp = 0.49999980778577480000
org.apache.commons.lang.time.FastDateFormat:init:()V#565#42 prob_bp = 0.49999998881114416000
org.apache.commons.lang.time.FastDateFormat$TimeZoneNameRule:estimateLength:()I#1557#1 prob_bp = 0.49999998969967280000
org.apache.commons.lang.time.FastDateFormat:init:()V#565#41 prob_bp = 0.49999999723850440000
org.apache.commons.lang.time.FastDateFormat$TimeZoneNameRule:estimateLength:()I#1557#0 prob_bp = 0.49999999756168023000
org.apache.commons.lang.time.FastDateFormat:init:()V#565#38 prob_bp = 0.49999999928587824000
org.apache.commons.lang.time.FastDateFormat:init:()V#566#51 prob_bp = 0.49999999936575860000
org.apache.commons.lang.time.FastDateFormat:init:()V#565#37 prob_bp = 0.49999999983144244000
org.apache.commons.lang.time.FastDateFormat:init:()V#566#50 prob_bp = 0.49999999984307414000
org.apache.commons.lang.time.FastDateFormat:init:()V#565#36 prob_bp = 0.49999999996646980000
org.apache.commons.lang.time.FastDateFormat:init:()V#566#47 prob_bp = 0.49999999999789374000
org.apache.commons.lang.time.FastDateFormat:init:()V#566#46 prob_bp = 0.49999999999947040000
org.apache.commons.lang.time.FastDateFormat:init:()V#565#33 prob_bp = 0.49999999999988920000
org.apache.commons.lang.time.FastDateFormat:getDateInstance:(ILjava/util/TimeZone;Ljava/util/Locale;)Lorg/apache/commons/lang/time/FastDateFormat;#291#53 prob_bp = 0.49999999999989636000
org.apache.commons.lang.time.FastDateFormat:getDateInstance:(ILjava/util/TimeZone;Ljava/util/Locale;)Lorg/apache/commons/lang/time/FastDateFormat;#298#85 prob_bp = 0.49999999999991470000
org.apache.commons.lang.time.FastDateFormat:parsePattern:()Ljava/util/List;#697#952 prob_bp = 0.49999999999996175000
org.apache.commons.lang.time.FastDateFormat:init:()V#565#32 prob_bp = 0.49999999999997224000
org.apache.commons.lang.time.FastDateFormat:getDateInstance:(ILjava/util/TimeZone;Ljava/util/Locale;)Lorg/apache/commons/lang/time/FastDateFormat;#291#51 prob_bp = 0.49999999999997460000
org.apache.commons.lang.time.FastDateFormat:getDateInstance:(ILjava/util/TimeZone;Ljava/util/Locale;)Lorg/apache/commons/lang/time/FastDateFormat;#298#81 prob_bp = 0.49999999999997890000
org.apache.commons.lang.time.FastDateFormat$TimeZoneNameRule:<init>:(Ljava/util/TimeZone;ZLjava/util/Locale;I)V#1538#1 prob_bp = 0.49999999999998790000
org.apache.commons.lang.time.FastDateFormat:init:()V#562#27 prob_bp = 0.49999999999999050000
org.apache.commons.lang.time.FastDateFormat:getDateInstance:(ILjava/util/TimeZone;Ljava/util/Locale;)Lorg/apache/commons/lang/time/FastDateFormat;#290#49 prob_bp = 0.49999999999999400000
org.apache.commons.lang.time.FastDateFormat:getDateInstance:(ILjava/util/TimeZone;Ljava/util/Locale;)Lorg/apache/commons/lang/time/FastDateFormat;#297#79 prob_bp = 0.49999999999999467000
org.apache.commons.lang.time.FastDateFormat$TimeZoneNameRule:<init>:(Ljava/util/TimeZone;ZLjava/util/Locale;I)V#1538#0 prob_bp = 0.49999999999999510000
org.apache.commons.lang.time.FastDateFormat:parsePattern:()Ljava/util/List;#675#842 prob_bp = 0.49999999999999690000
org.apache.commons.lang.time.FastDateFormat:parsePattern:()Ljava/util/List;#675#825 prob_bp = 0.49999999999999695000
org.apache.commons.lang.time.FastDateFormat:parsePattern:()Ljava/util/List;#675#828 prob_bp = 0.49999999999999734000
org.apache.commons.lang.time.FastDateFormat:init:()V#562#24 prob_bp = 0.49999999999999760000
org.apache.commons.lang.time.FastDateFormat:init:()V#562#5 prob_bp = 0.49999999999999780000
org.apache.commons.lang.time.FastDateFormat:parsePattern:()Ljava/util/List;#582#19 prob_bp = 0.49999999999999840000
org.apache.commons.lang.time.FastDateFormat:getDateInstance:(ILjava/util/TimeZone;Ljava/util/Locale;)Lorg/apache/commons/lang/time/FastDateFormat;#290#46 prob_bp = 0.49999999999999867000
org.apache.commons.lang.time.FastDateFormat:getDateInstance:(ILjava/util/TimeZone;Ljava/util/Locale;)Lorg/apache/commons/lang/time/FastDateFormat;#297#76 prob_bp = 0.49999999999999880000
org.apache.commons.lang.time.FastDateFormat:parsePattern:()Ljava/util/List;#697#950 prob_bp = 0.49999999999999906000
org.apache.commons.lang.time.FastDateFormat:parsePattern:()Ljava/util/List;#697#949 prob_bp = 0.49999999999999933000
org.apache.commons.lang.time.FastDateFormat:parsePattern:()Ljava/util/List;#582#12 prob_bp = 0.49999999999999940000
org.apache.commons.lang.time.FastDateFormat:parsePattern:()Ljava/util/List;#672#797#unexe#14 prob_bp = 0.49999999999999944000
org.apache.commons.lang.time.FastDateFormat:parsePattern:()Ljava/util/List;#686#875 prob_bp = 0.49999999999999956000
org.apache.commons.lang.time.FastDateFormat:parseToken:(Ljava/lang/String;[I)Ljava/lang/String;#717#41 prob_bp = 0.49999999999999960000
org.apache.commons.lang.time.FastDateFormat:init:()V#562#21 prob_bp = 0.49999999999999960000
org.apache.commons.lang.time.FastDateFormat:getDateInstance:(ILjava/util/TimeZone;Ljava/util/Locale;)Lorg/apache/commons/lang/time/FastDateFormat;#290#37 prob_bp = 0.49999999999999967000
org.apache.commons.lang.time.FastDateFormat:getDateInstance:(ILjava/util/TimeZone;Ljava/util/Locale;)Lorg/apache/commons/lang/time/FastDateFormat;#297#74 prob_bp = 0.49999999999999967000
org.apache.commons.lang.time.FastDateFormat:parsePattern:()Ljava/util/List;#675#845 prob_bp = 0.49999999999999967000
org.apache.commons.lang.time.FastDateFormat:getDateInstance:(ILjava/util/TimeZone;Ljava/util/Locale;)Lorg/apache/commons/lang/time/FastDateFormat;#290#41 prob_bp = 0.49999999999999970000
org.apache.commons.lang.time.FastDateFormat:parseToken:(Ljava/lang/String;[I)Ljava/lang/String;#748#197 prob_bp = 0.49999999999999970000
org.apache.commons.lang.time.FastDateFormat:parsePattern:()Ljava/util/List;#619#523#unexe#14 prob_bp = 0.49999999999999970000
org.apache.commons.lang.time.FastDateFormat:parseToken:(Ljava/lang/String;[I)Ljava/lang/String;#717#31 prob_bp = 0.49999999999999980000
org.apache.commons.lang.time.FastDateFormat:parseToken:(Ljava/lang/String;[I)Ljava/lang/String;#748#183 prob_bp = 0.49999999999999980000
org.apache.commons.lang.time.FastDateFormat:parseToken:(Ljava/lang/String;[I)Ljava/lang/String;#748#185 prob_bp = 0.49999999999999980000
org.apache.commons.lang.time.FastDateFormat:parseToken:(Ljava/lang/String;[I)Ljava/lang/String;#737#115#unexe#4 prob_bp = 0.49999999999999980000
org.apache.commons.lang.time.FastDateFormat:parseToken:(Ljava/lang/String;[I)Ljava/lang/String;#717#34 prob_bp = 0.49999999999999983000
org.apache.commons.lang.time.FastDateFormat:parseToken:(Ljava/lang/String;[I)Ljava/lang/String;#720#56 prob_bp = 0.49999999999999983000
org.apache.commons.lang.time.FastDateFormat:parseToken:(Ljava/lang/String;[I)Ljava/lang/String;#724#83 prob_bp = 0.49999999999999983000
org.apache.commons.lang.time.FastDateFormat:parseToken:(Ljava/lang/String;[I)Ljava/lang/String;#737#111 prob_bp = 0.49999999999999983000
org.apache.commons.lang.time.FastDateFormat:parseToken:(Ljava/lang/String;[I)Ljava/lang/String;#737#113 prob_bp = 0.49999999999999983000
org.apache.commons.lang.time.FastDateFormat:parseToken:(Ljava/lang/String;[I)Ljava/lang/String;#748#188 prob_bp = 0.49999999999999983000
org.apache.commons.lang.time.FastDateFormat:parseToken:(Ljava/lang/String;[I)Ljava/lang/String;#740#130#unexe#4 prob_bp = 0.49999999999999983000
org.apache.commons.lang.time.FastDateFormat:parsePattern:()Ljava/util/List;#619#520 prob_bp = 0.49999999999999983000
org.apache.commons.lang.time.FastDateFormat:selectNumberRule:(II)Lorg/apache/commons/lang/time/FastDateFormat$NumberRule;#774#42 prob_bp = 0.49999999999999983000
org.apache.commons.lang.time.FastDateFormat:getDateInstance:(ILjava/util/TimeZone;Ljava/util/Locale;)Lorg/apache/commons/lang/time/FastDateFormat;#296#72 prob_bp = 0.49999999999999990000
org.apache.commons.lang.time.FastDateFormat:parsePattern:()Ljava/util/List;#612#496 prob_bp = 0.49999999999999990000
org.apache.commons.lang.time.FastDateFormat:getDateInstance:(ILjava/util/TimeZone;Ljava/util/Locale;)Lorg/apache/commons/lang/time/FastDateFormat;#292#57 prob_bp = 0.49999999999999994000
org.apache.commons.lang.time.FastDateFormat:parseToken:(Ljava/lang/String;[I)Ljava/lang/String;#722#66 prob_bp = 0.49999999999999994000
org.apache.commons.lang.time.FastDateFormat:parseToken:(Ljava/lang/String;[I)Ljava/lang/String;#724#85 prob_bp = 0.49999999999999994000
org.apache.commons.lang.time.FastDateFormat:parseToken:(Ljava/lang/String;[I)Ljava/lang/String;#753#222 prob_bp = 0.49999999999999994000
org.apache.commons.lang.time.FastDateFormat:parseToken:(Ljava/lang/String;[I)Ljava/lang/String;#748#211 prob_bp = 0.49999999999999994000
org.apache.commons.lang.time.FastDateFormat:parseToken:(Ljava/lang/String;[I)Ljava/lang/String;#748#185#unexe#4 prob_bp = 0.49999999999999994000
org.apache.commons.lang.time.FastDateFormat:parsePattern:()Ljava/util/List;#612#494 prob_bp = 0.49999999999999994000
org.apache.commons.lang.time.FastDateFormat:selectNumberRule:(II)Lorg/apache/commons/lang/time/FastDateFormat$NumberRule;#776#51 prob_bp = 0.49999999999999994000
org.apache.commons.lang.time.FastDateFormat:init:()V#562#7 prob_bp = 0.49999999999999994000
org.apache.commons.lang.time.FastDateFormat:init:()V#562#13 prob_bp = 0.49999999999999994000
org.apache.commons.lang.time.FastDateFormat:getDateTimeInstance:(IILjava/util/TimeZone;Ljava/util/Locale;)Lorg/apache/commons/lang/time/FastDateFormat;#469#62 prob_bp = 0.49999999999999994000
org.apache.commons.lang.time.FastDateFormat:getDateTimeInstance:(IILjava/util/TimeZone;Ljava/util/Locale;)Lorg/apache/commons/lang/time/FastDateFormat;#470#74 prob_bp = 0.49999999999999994000
org.apache.commons.lang.time.FastDateFormat:getDateTimeInstance:(IILjava/util/TimeZone;Ljava/util/Locale;)Lorg/apache/commons/lang/time/FastDateFormat;#471#78 prob_bp = 0.49999999999999994000
org.apache.commons.lang.time.FastDateFormat$TwoDigitNumberField:<init>:(I)V#1332#0 prob_bp = 0.49999999999999994000
org.apache.commons.lang.time.FastDateFormat:parsePattern:()Ljava/util/List;#672#797 prob_bp = 0.49999999999999994000
org.apache.commons.lang.time.FastDateFormat:parsePattern:()Ljava/util/List;#633#611 prob_bp = 0.49999999999999994000
org.apache.commons.lang.time.FastDateFormat:parsePattern:()Ljava/util/List;#663#748 prob_bp = 0.49999999999999994000
org.apache.commons.lang.time.FastDateFormat:parsePattern:()Ljava/util/List;#663#753 prob_bp = 0.49999999999999994000
org.apache.commons.lang.time.FastDateFormat:parsePattern:()Ljava/util/List;#663#756 prob_bp = 0.49999999999999994000
org.apache.commons.lang.time.FastDateFormat:<clinit>:()V#113#45 prob_bp = 0.50000000000000000000
org.apache.commons.lang.time.FastDateFormat:getDateInstance:(ILjava/util/Locale;)Lorg/apache/commons/lang/time/FastDateFormat;#249#0 prob_bp = 0.50000000000000000000
org.apache.commons.lang.time.FastDateFormat:getDateInstance:(ILjava/util/Locale;)Lorg/apache/commons/lang/time/FastDateFormat;#249#2 prob_bp = 0.50000000000000000000
org.apache.commons.lang.time.FastDateFormat:getDateInstance:(ILjava/util/Locale;)Lorg/apache/commons/lang/time/FastDateFormat;#249#3 prob_bp = 0.50000000000000000000
org.apache.commons.lang.time.FastDateFormat:getDateInstance:(ILjava/util/TimeZone;Ljava/util/Locale;)Lorg/apache/commons/lang/time/FastDateFormat;#280#0 prob_bp = 0.50000000000000000000
org.apache.commons.lang.time.FastDateFormat:getDateInstance:(ILjava/util/TimeZone;Ljava/util/Locale;)Lorg/apache/commons/lang/time/FastDateFormat;#280#8 prob_bp = 0.50000000000000000000
org.apache.commons.lang.time.FastDateFormat:getDateInstance:(ILjava/util/TimeZone;Ljava/util/Locale;)Lorg/apache/commons/lang/time/FastDateFormat;#281#9 prob_bp = 0.50000000000000000000
org.apache.commons.lang.time.FastDateFormat:getDateInstance:(ILjava/util/TimeZone;Ljava/util/Locale;)Lorg/apache/commons/lang/time/FastDateFormat;#281#10 prob_bp = 0.50000000000000000000
org.apache.commons.lang.time.FastDateFormat:getDateInstance:(ILjava/util/TimeZone;Ljava/util/Locale;)Lorg/apache/commons/lang/time/FastDateFormat;#281#10#unexe#3 prob_bp = 0.50000000000000000000
org.apache.commons.lang.time.FastDateFormat:getDateInstance:(ILjava/util/TimeZone;Ljava/util/Locale;)Lorg/apache/commons/lang/time/FastDateFormat;#285#23 prob_bp = 0.50000000000000000000
org.apache.commons.lang.time.FastDateFormat:getDateInstance:(ILjava/util/TimeZone;Ljava/util/Locale;)Lorg/apache/commons/lang/time/FastDateFormat;#285#24 prob_bp = 0.50000000000000000000
org.apache.commons.lang.time.FastDateFormat:getDateInstance:(ILjava/util/TimeZone;Ljava/util/Locale;)Lorg/apache/commons/lang/time/FastDateFormat;#286#30 prob_bp = 0.50000000000000000000
org.apache.commons.lang.time.FastDateFormat$Pair:<init>:(Ljava/lang/Object;Ljava/lang/Object;)V#1708#1 prob_bp = 0.50000000000000000000
org.apache.commons.lang.time.FastDateFormat:getDateInstance:(ILjava/util/TimeZone;Ljava/util/Locale;)Lorg/apache/commons/lang/time/FastDateFormat;#286#36 prob_bp = 0.50000000000000000000
org.apache.commons.lang.time.FastDateFormat:getDateInstance:(ILjava/util/TimeZone;Ljava/util/Locale;)Lorg/apache/commons/lang/time/FastDateFormat;#290#40 prob_bp = 0.50000000000000000000
org.apache.commons.lang.time.FastDateFormat:getDateInstance:(ILjava/util/TimeZone;Ljava/util/Locale;)Lorg/apache/commons/lang/time/FastDateFormat;#292#57#unexe#2 prob_bp = 0.50000000000000000000
org.apache.commons.lang.time.FastDateFormat:getDateInstance:(ILjava/util/TimeZone;Ljava/util/Locale;)Lorg/apache/commons/lang/time/FastDateFormat;#296#65 prob_bp = 0.50000000000000000000
org.apache.commons.lang.time.FastDateFormat:getDateInstance:(ILjava/util/TimeZone;Ljava/util/Locale;)Lorg/apache/commons/lang/time/FastDateFormat;#296#69 prob_bp = 0.50000000000000000000
org.apache.commons.lang.time.FastDateFormat:parsePattern:()Ljava/util/List;#594#70 prob_bp = 0.50000000000000000000
org.apache.commons.lang.time.FastDateFormat:parseToken:(Ljava/lang/String;[I)Ljava/lang/String;#713#10 prob_bp = 0.50000000000000000000
org.apache.commons.lang.time.FastDateFormat:parsePattern:()Ljava/util/List;#648#668 prob_bp = 0.50000000000000000000
org.apache.commons.lang.time.FastDateFormat:parsePattern:()Ljava/util/List;#648#671 prob_bp = 0.50000000000000000000
org.apache.commons.lang.time.FastDateFormat:parsePattern:()Ljava/util/List;#648#687 prob_bp = 0.50000000000000000000
org.apache.commons.lang.time.FastDateFormat$TextField:<init>:(I[Ljava/lang/String;)V#1145#0 prob_bp = 0.50000000000000000000
org.apache.commons.lang.time.FastDateFormat$TextField:<init>:(I[Ljava/lang/String;)V#1145#1 prob_bp = 0.50000000000000000000
org.apache.commons.lang.time.FastDateFormat:parsePattern:()Ljava/util/List;#648#690 prob_bp = 0.50000000000000000000
org.apache.commons.lang.time.FastDateFormat:parseToken:(Ljava/lang/String;[I)Ljava/lang/String;#738#118 prob_bp = 0.50000000000000000000
org.apache.commons.lang.time.FastDateFormat:parseToken:(Ljava/lang/String;[I)Ljava/lang/String;#748#206 prob_bp = 0.50000000000000000000
org.apache.commons.lang.time.FastDateFormat:parseToken:(Ljava/lang/String;[I)Ljava/lang/String;#748#213#unexe#4 prob_bp = 0.50000000000000000000
org.apache.commons.lang.time.FastDateFormat:parsePattern:()Ljava/util/List;#686#878 prob_bp = 0.50000000000000000000
org.apache.commons.lang.time.FastDateFormat:parsePattern:()Ljava/util/List;#687#880 prob_bp = 0.50000000000000000000
org.apache.commons.lang.time.FastDateFormat:parsePattern:()Ljava/util/List;#687#882 prob_bp = 0.50000000000000000000
org.apache.commons.lang.time.FastDateFormat:parsePattern:()Ljava/util/List;#690#907 prob_bp = 0.50000000000000000000
org.apache.commons.lang.time.FastDateFormat:parsePattern:()Ljava/util/List;#690#910 prob_bp = 0.50000000000000000000
org.apache.commons.lang.time.FastDateFormat:parsePattern:()Ljava/util/List;#690#913 prob_bp = 0.50000000000000000000
org.apache.commons.lang.time.FastDateFormat$StringLiteral:<init>:(Ljava/lang/String;)V#1112#0 prob_bp = 0.50000000000000000000
org.apache.commons.lang.time.FastDateFormat:parsePattern:()Ljava/util/List;#690#916 prob_bp = 0.50000000000000000000
org.apache.commons.lang.time.FastDateFormat:parsePattern:()Ljava/util/List;#687#886#unexe#14 prob_bp = 0.50000000000000000000
org.apache.commons.lang.time.FastDateFormat:parseToken:(Ljava/lang/String;[I)Ljava/lang/String;#717#48 prob_bp = 0.50000000000000000000
org.apache.commons.lang.time.FastDateFormat:selectNumberRule:(II)Lorg/apache/commons/lang/time/FastDateFormat$NumberRule;#772#28 prob_bp = 0.50000000000000000000
org.apache.commons.lang.time.FastDateFormat:selectNumberRule:(II)Lorg/apache/commons/lang/time/FastDateFormat$NumberRule;#772#31 prob_bp = 0.50000000000000000000
org.apache.commons.lang.time.FastDateFormat:selectNumberRule:(II)Lorg/apache/commons/lang/time/FastDateFormat$NumberRule;#772#33 prob_bp = 0.50000000000000000000
org.apache.commons.lang.time.FastDateFormat$UnpaddedNumberField:<init>:(I)V#1185#0 prob_bp = 0.50000000000000000000
org.apache.commons.lang.time.FastDateFormat$UnpaddedNumberField:<init>:(I)V#1185#1 prob_bp = 0.50000000000000000000
org.apache.commons.lang.time.FastDateFormat:selectNumberRule:(II)Lorg/apache/commons/lang/time/FastDateFormat$NumberRule;#772#36 prob_bp = 0.50000000000000000000
org.apache.commons.lang.time.FastDateFormat:parsePattern:()Ljava/util/List;#619#522 prob_bp = 0.50000000000000000000
org.apache.commons.lang.time.FastDateFormat:parsePattern:()Ljava/util/List;#620#526 prob_bp = 0.50000000000000000000
org.apache.commons.lang.time.FastDateFormat:parsePattern:()Ljava/util/List;#620#529 prob_bp = 0.50000000000000000000
org.apache.commons.lang.time.FastDateFormat:parsePattern:()Ljava/util/List;#620#533 prob_bp = 0.50000000000000000000
org.apache.commons.lang.time.FastDateFormat:parsePattern:()Ljava/util/List;#620#536 prob_bp = 0.50000000000000000000
org.apache.commons.lang.time.FastDateFormat:parsePattern:()Ljava/util/List;#688#892 prob_bp = 0.50000000000000000000
org.apache.commons.lang.time.FastDateFormat:parsePattern:()Ljava/util/List;#688#899 prob_bp = 0.50000000000000000000
org.apache.commons.lang.time.FastDateFormat$CharacterLiteral:<init>:(C)V#1081#0 prob_bp = 0.50000000000000000000
org.apache.commons.lang.time.FastDateFormat:parsePattern:()Ljava/util/List;#612#497 prob_bp = 0.50000000000000000000
org.apache.commons.lang.time.FastDateFormat:selectNumberRule:(II)Lorg/apache/commons/lang/time/FastDateFormat$NumberRule;#776#49 prob_bp = 0.50000000000000000000
org.apache.commons.lang.time.FastDateFormat$PaddedNumberField:<init>:(II)V#1272#0 prob_bp = 0.50000000000000000000
org.apache.commons.lang.time.FastDateFormat:parsePattern:()Ljava/util/List;#613#507 prob_bp = 0.50000000000000000000
org.apache.commons.lang.time.FastDateFormat:init:()V#561#4 prob_bp = 0.50000000000000000000
org.apache.commons.lang.time.FastDateFormat:init:()V#562#6 prob_bp = 0.50000000000000000000
org.apache.commons.lang.time.FastDateFormat:getDateInstance:(I)Lorg/apache/commons/lang/time/FastDateFormat;#234#0 prob_bp = 0.50000000000000000000
org.apache.commons.lang.time.FastDateFormat:getDateInstance:(I)Lorg/apache/commons/lang/time/FastDateFormat;#234#2 prob_bp = 0.50000000000000000000
org.apache.commons.lang.time.FastDateFormat:getDateInstance:(I)Lorg/apache/commons/lang/time/FastDateFormat;#234#3 prob_bp = 0.50000000000000000000
org.apache.commons.lang.time.FastDateFormat:getDateInstance:(ILjava/util/TimeZone;Ljava/util/Locale;)Lorg/apache/commons/lang/time/FastDateFormat;#293#60 prob_bp = 0.50000000000000000000
org.apache.commons.lang.time.FastDateFormat:getDateInstance:(ILjava/util/TimeZone;Ljava/util/Locale;)Lorg/apache/commons/lang/time/FastDateFormat;#293#63 prob_bp = 0.50000000000000000000
org.apache.commons.lang.time.FastDateFormat:getDateTimeInstance:(IILjava/util/Locale;)Lorg/apache/commons/lang/time/FastDateFormat;#425#0 prob_bp = 0.50000000000000000000
org.apache.commons.lang.time.FastDateFormat:getDateTimeInstance:(IILjava/util/Locale;)Lorg/apache/commons/lang/time/FastDateFormat;#425#1 prob_bp = 0.50000000000000000000
org.apache.commons.lang.time.FastDateFormat:getDateTimeInstance:(IILjava/util/TimeZone;Ljava/util/Locale;)Lorg/apache/commons/lang/time/FastDateFormat;#461#0 prob_bp = 0.50000000000000000000
org.apache.commons.lang.time.FastDateFormat:getDateTimeInstance:(IILjava/util/TimeZone;Ljava/util/Locale;)Lorg/apache/commons/lang/time/FastDateFormat;#461#3 prob_bp = 0.50000000000000000000
org.apache.commons.lang.time.FastDateFormat:getDateTimeInstance:(IILjava/util/TimeZone;Ljava/util/Locale;)Lorg/apache/commons/lang/time/FastDateFormat;#461#20 prob_bp = 0.50000000000000000000
org.apache.commons.lang.time.FastDateFormat:getDateTimeInstance:(IILjava/util/TimeZone;Ljava/util/Locale;)Lorg/apache/commons/lang/time/FastDateFormat;#461#23 prob_bp = 0.50000000000000000000
org.apache.commons.lang.time.FastDateFormat:getDateTimeInstance:(IILjava/util/TimeZone;Ljava/util/Locale;)Lorg/apache/commons/lang/time/FastDateFormat;#462#25 prob_bp = 0.50000000000000000000
org.apache.commons.lang.time.FastDateFormat:getDateTimeInstance:(IILjava/util/TimeZone;Ljava/util/Locale;)Lorg/apache/commons/lang/time/FastDateFormat;#462#26 prob_bp = 0.50000000000000000000
org.apache.commons.lang.time.FastDateFormat:getDateTimeInstance:(IILjava/util/TimeZone;Ljava/util/Locale;)Lorg/apache/commons/lang/time/FastDateFormat;#462#26#unexe#4 prob_bp = 0.50000000000000000000
org.apache.commons.lang.time.FastDateFormat:getDateTimeInstance:(IILjava/util/TimeZone;Ljava/util/Locale;)Lorg/apache/commons/lang/time/FastDateFormat;#465#41 prob_bp = 0.50000000000000000000
org.apache.commons.lang.time.FastDateFormat:getDateTimeInstance:(IILjava/util/TimeZone;Ljava/util/Locale;)Lorg/apache/commons/lang/time/FastDateFormat;#465#42 prob_bp = 0.50000000000000000000
org.apache.commons.lang.time.FastDateFormat:getDateTimeInstance:(IILjava/util/TimeZone;Ljava/util/Locale;)Lorg/apache/commons/lang/time/FastDateFormat;#466#45 prob_bp = 0.50000000000000000000
org.apache.commons.lang.time.FastDateFormat:getDateTimeInstance:(IILjava/util/TimeZone;Ljava/util/Locale;)Lorg/apache/commons/lang/time/FastDateFormat;#466#48 prob_bp = 0.50000000000000000000
org.apache.commons.lang.time.FastDateFormat:getDateTimeInstance:(IILjava/util/TimeZone;Ljava/util/Locale;)Lorg/apache/commons/lang/time/FastDateFormat;#466#52 prob_bp = 0.50000000000000000000
org.apache.commons.lang.time.FastDateFormat:getDateTimeInstance:(IILjava/util/TimeZone;Ljava/util/Locale;)Lorg/apache/commons/lang/time/FastDateFormat;#466#55 prob_bp = 0.50000000000000000000
org.apache.commons.lang.time.FastDateFormat:getDateTimeInstance:(IILjava/util/TimeZone;Ljava/util/Locale;)Lorg/apache/commons/lang/time/FastDateFormat;#469#60 prob_bp = 0.50000000000000000000
org.apache.commons.lang.time.FastDateFormat:getDateTimeInstance:(IILjava/util/TimeZone;Ljava/util/Locale;)Lorg/apache/commons/lang/time/FastDateFormat;#469#67 prob_bp = 0.50000000000000000000
org.apache.commons.lang.time.FastDateFormat:getDateTimeInstance:(IILjava/util/TimeZone;Ljava/util/Locale;)Lorg/apache/commons/lang/time/FastDateFormat;#469#70 prob_bp = 0.50000000000000000000
org.apache.commons.lang.time.FastDateFormat:getDateTimeInstance:(IILjava/util/TimeZone;Ljava/util/Locale;)Lorg/apache/commons/lang/time/FastDateFormat;#470#72 prob_bp = 0.50000000000000000000
org.apache.commons.lang.time.FastDateFormat:getDateTimeInstance:(IILjava/util/TimeZone;Ljava/util/Locale;)Lorg/apache/commons/lang/time/FastDateFormat;#471#77 prob_bp = 0.50000000000000000000
org.apache.commons.lang.time.FastDateFormat:getDateTimeInstance:(IILjava/util/TimeZone;Ljava/util/Locale;)Lorg/apache/commons/lang/time/FastDateFormat;#471#78#unexe#3 prob_bp = 0.50000000000000000000
org.apache.commons.lang.time.FastDateFormat:getDateTimeInstance:(IILjava/util/TimeZone;Ljava/util/Locale;)Lorg/apache/commons/lang/time/FastDateFormat;#475#85 prob_bp = 0.50000000000000000000
org.apache.commons.lang.time.FastDateFormat:getDateTimeInstance:(IILjava/util/TimeZone;Ljava/util/Locale;)Lorg/apache/commons/lang/time/FastDateFormat;#475#86 prob_bp = 0.50000000000000000000
org.apache.commons.lang.time.FastDateFormat:getDateTimeInstance:(IILjava/util/TimeZone;Ljava/util/Locale;)Lorg/apache/commons/lang/time/FastDateFormat;#475#87 prob_bp = 0.50000000000000000000
org.apache.commons.lang.time.FastDateFormat:getDateTimeInstance:(IILjava/util/TimeZone;Ljava/util/Locale;)Lorg/apache/commons/lang/time/FastDateFormat;#475#88 prob_bp = 0.50000000000000000000
org.apache.commons.lang.time.FastDateFormat:getDateTimeInstance:(IILjava/util/TimeZone;Ljava/util/Locale;)Lorg/apache/commons/lang/time/FastDateFormat;#475#94 prob_bp = 0.50000000000000000000
org.apache.commons.lang.time.FastDateFormat:getDateTimeInstance:(IILjava/util/TimeZone;Ljava/util/Locale;)Lorg/apache/commons/lang/time/FastDateFormat;#477#96 prob_bp = 0.50000000000000000000
org.apache.commons.lang.time.FastDateFormat:getDateTimeInstance:(IILjava/util/TimeZone;Ljava/util/Locale;)Lorg/apache/commons/lang/time/FastDateFormat;#477#98 prob_bp = 0.50000000000000000000
org.apache.commons.lang.time.FastDateFormat:getDateTimeInstance:(IILjava/util/TimeZone;Ljava/util/Locale;)Lorg/apache/commons/lang/time/FastDateFormat;#478#103 prob_bp = 0.50000000000000000000
org.apache.commons.lang.time.FastDateFormat:getDateTimeInstance:(IILjava/util/TimeZone;Ljava/util/Locale;)Lorg/apache/commons/lang/time/FastDateFormat;#478#107 prob_bp = 0.50000000000000000000
org.apache.commons.lang.time.FastDateFormat:parsePattern:()Ljava/util/List;#636#619 prob_bp = 0.50000000000000000000
org.apache.commons.lang.time.FastDateFormat:parsePattern:()Ljava/util/List;#636#621 prob_bp = 0.50000000000000000000
org.apache.commons.lang.time.FastDateFormat:selectNumberRule:(II)Lorg/apache/commons/lang/time/FastDateFormat$NumberRule;#774#37 prob_bp = 0.50000000000000000000
org.apache.commons.lang.time.FastDateFormat:selectNumberRule:(II)Lorg/apache/commons/lang/time/FastDateFormat$NumberRule;#774#40 prob_bp = 0.50000000000000000000
org.apache.commons.lang.time.FastDateFormat$TwoDigitNumberField:<init>:(I)V#1332#1 prob_bp = 0.50000000000000000000
org.apache.commons.lang.time.FastDateFormat:selectNumberRule:(II)Lorg/apache/commons/lang/time/FastDateFormat$NumberRule;#774#45 prob_bp = 0.50000000000000000000
org.apache.commons.lang.time.FastDateFormat:parsePattern:()Ljava/util/List;#636#624 prob_bp = 0.50000000000000000000
org.apache.commons.lang.time.FastDateFormat:parsePattern:()Ljava/util/List;#639#632 prob_bp = 0.50000000000000000000
org.apache.commons.lang.time.FastDateFormat:parsePattern:()Ljava/util/List;#639#634 prob_bp = 0.50000000000000000000
org.apache.commons.lang.time.FastDateFormat:parsePattern:()Ljava/util/List;#639#637 prob_bp = 0.50000000000000000000
org.apache.commons.lang.time.FastDateFormat:parseToken:(Ljava/lang/String;[I)Ljava/lang/String;#741#133 prob_bp = 0.50000000000000000000
org.apache.commons.lang.time.FastDateFormat:parseToken:(Ljava/lang/String;[I)Ljava/lang/String;#741#135 prob_bp = 0.50000000000000000000
org.apache.commons.lang.time.FastDateFormat:parseToken:(Ljava/lang/String;[I)Ljava/lang/String;#741#136 prob_bp = 0.50000000000000000000
org.apache.commons.lang.time.FastDateFormat:parseToken:(Ljava/lang/String;[I)Ljava/lang/String;#741#137 prob_bp = 0.50000000000000000000
org.apache.commons.lang.time.FastDateFormat:parseToken:(Ljava/lang/String;[I)Ljava/lang/String;#741#142 prob_bp = 0.50000000000000000000
org.apache.commons.lang.time.FastDateFormat:parseToken:(Ljava/lang/String;[I)Ljava/lang/String;#741#143 prob_bp = 0.50000000000000000000
org.apache.commons.lang.time.FastDateFormat:parseToken:(Ljava/lang/String;[I)Ljava/lang/String;#741#145 prob_bp = 0.50000000000000000000
org.apache.commons.lang.time.FastDateFormat:parseToken:(Ljava/lang/String;[I)Ljava/lang/String;#741#146 prob_bp = 0.50000000000000000000
org.apache.commons.lang.time.FastDateFormat:parseToken:(Ljava/lang/String;[I)Ljava/lang/String;#741#147 prob_bp = 0.50000000000000000000
org.apache.commons.lang.time.FastDateFormat:parseToken:(Ljava/lang/String;[I)Ljava/lang/String;#741#150 prob_bp = 0.50000000000000000000
org.apache.commons.lang.time.FastDateFormat:parseToken:(Ljava/lang/String;[I)Ljava/lang/String;#741#152 prob_bp = 0.50000000000000000000
org.apache.commons.lang.time.FastDateFormat:parseToken:(Ljava/lang/String;[I)Ljava/lang/String;#746#168 prob_bp = 0.50000000000000000000
org.apache.commons.lang.time.FastDateFormat:parseToken:(Ljava/lang/String;[I)Ljava/lang/String;#746#170 prob_bp = 0.50000000000000000000
org.apache.commons.lang.time.FastDateFormat:parseToken:(Ljava/lang/String;[I)Ljava/lang/String;#746#173 prob_bp = 0.50000000000000000000
org.apache.commons.lang.time.FastDateFormat:parseToken:(Ljava/lang/String;[I)Ljava/lang/String;#741#152#unexe#4 prob_bp = 0.50000000000000000000
org.apache.commons.lang.time.FastDateFormat:parseToken:(Ljava/lang/String;[I)Ljava/lang/String;#741#152#unexe#7 prob_bp = 0.50000000000000000000
org.apache.commons.lang.time.FastDateFormat:parseToken:(Ljava/lang/String;[I)Ljava/lang/String;#741#139#unexe#4 prob_bp = 0.50000000000000000000
org.apache.commons.lang.time.FastDateFormat:parseToken:(Ljava/lang/String;[I)Ljava/lang/String;#741#139#unexe#7 prob_bp = 0.50000000000000000000
org.apache.commons.lang.time.FastDateFormat:parseToken:(Ljava/lang/String;[I)Ljava/lang/String;#746#177 prob_bp = 0.50000000000000000000
org.apache.commons.lang.time.FastDateFormat:parsePattern:()Ljava/util/List;#672#794 prob_bp = 0.50000000000000000000
org.apache.commons.lang.time.FastDateFormat:parsePattern:()Ljava/util/List;#672#796 prob_bp = 0.50000000000000000000
org.apache.commons.lang.time.FastDateFormat:getDateTimeInstance:(II)Lorg/apache/commons/lang/time/FastDateFormat;#408#0 prob_bp = 0.50000000000000000000
org.apache.commons.lang.time.FastDateFormat:getDateTimeInstance:(II)Lorg/apache/commons/lang/time/FastDateFormat;#408#1 prob_bp = 0.50000000000000000000
org.apache.commons.lang.time.FastDateFormat:getDateTimeInstance:(II)Lorg/apache/commons/lang/time/FastDateFormat;#408#2 prob_bp = 0.50000000000000000000
org.apache.commons.lang.time.FastDateFormat:getDateTimeInstance:(II)Lorg/apache/commons/lang/time/FastDateFormat;#408#3 prob_bp = 0.50000000000000000000
org.apache.commons.lang.time.FastDateFormat:getDateTimeInstance:(II)Lorg/apache/commons/lang/time/FastDateFormat;#408#4 prob_bp = 0.50000000000000000000
org.apache.commons.lang.time.FastDateFormat:getDateTimeInstance:(IILjava/util/TimeZone;Ljava/util/Locale;)Lorg/apache/commons/lang/time/FastDateFormat;#472#81 prob_bp = 0.50000000000000000000
org.apache.commons.lang.time.FastDateFormat:getDateTimeInstance:(IILjava/util/TimeZone;Ljava/util/Locale;)Lorg/apache/commons/lang/time/FastDateFormat;#472#84 prob_bp = 0.50000000000000000000
org.apache.commons.lang.time.FastDateFormat:parsePattern:()Ljava/util/List;#633#596 prob_bp = 0.50000000000000000000
org.apache.commons.lang.time.FastDateFormat:parsePattern:()Ljava/util/List;#633#599 prob_bp = 0.50000000000000000000
org.apache.commons.lang.time.FastDateFormat:parsePattern:()Ljava/util/List;#633#603 prob_bp = 0.50000000000000000000
org.apache.commons.lang.time.FastDateFormat:parsePattern:()Ljava/util/List;#633#605 prob_bp = 0.50000000000000000000
org.apache.commons.lang.time.FastDateFormat:parsePattern:()Ljava/util/List;#633#608 prob_bp = 0.50000000000000000000
org.apache.commons.lang.time.FastDateFormat$TwelveHourField:<init>:(Lorg/apache/commons/lang/time/FastDateFormat$NumberRule;)V#1447#0 prob_bp = 0.50000000000000000000
org.apache.commons.lang.time.FastDateFormat$TwelveHourField:<init>:(Lorg/apache/commons/lang/time/FastDateFormat$NumberRule;)V#1447#1 prob_bp = 0.50000000000000000000
org.apache.commons.lang.time.FastDateFormat:parsePattern:()Ljava/util/List;#642#645 prob_bp = 0.50000000000000000000
org.apache.commons.lang.time.FastDateFormat:parsePattern:()Ljava/util/List;#642#647 prob_bp = 0.50000000000000000000
org.apache.commons.lang.time.FastDateFormat:parsePattern:()Ljava/util/List;#642#650 prob_bp = 0.50000000000000000000
org.apache.commons.lang.time.FastDateFormat:parsePattern:()Ljava/util/List;#663#745 prob_bp = 0.50000000000000000000
org.apache.commons.lang.time.FastDateFormat:getDateInstance:(ILjava/util/TimeZone;Ljava/util/Locale;)Lorg/apache/commons/lang/time/FastDateFormat;#286#27 prob_bp = 0.50000000000000010000
org.apache.commons.lang.time.FastDateFormat:getDateInstance:(ILjava/util/TimeZone;Ljava/util/Locale;)Lorg/apache/commons/lang/time/FastDateFormat;#286#33 prob_bp = 0.50000000000000010000
org.apache.commons.lang.time.FastDateFormat$Pair:<init>:(Ljava/lang/Object;Ljava/lang/Object;)V#1708#0 prob_bp = 0.50000000000000010000
org.apache.commons.lang.time.FastDateFormat:getDateInstance:(ILjava/util/TimeZone;Ljava/util/Locale;)Lorg/apache/commons/lang/time/FastDateFormat;#292#56 prob_bp = 0.50000000000000010000
org.apache.commons.lang.time.FastDateFormat:getDateInstance:(ILjava/util/TimeZone;Ljava/util/Locale;)Lorg/apache/commons/lang/time/FastDateFormat;#296#64 prob_bp = 0.50000000000000010000
org.apache.commons.lang.time.FastDateFormat:getDateInstance:(ILjava/util/TimeZone;Ljava/util/Locale;)Lorg/apache/commons/lang/time/FastDateFormat;#296#66 prob_bp = 0.50000000000000010000
org.apache.commons.lang.time.FastDateFormat:parsePattern:()Ljava/util/List;#594#69 prob_bp = 0.50000000000000010000
org.apache.commons.lang.time.FastDateFormat:parsePattern:()Ljava/util/List;#595#82 prob_bp = 0.50000000000000010000
org.apache.commons.lang.time.FastDateFormat:parseToken:(Ljava/lang/String;[I)Ljava/lang/String;#714#13 prob_bp = 0.50000000000000010000
org.apache.commons.lang.time.FastDateFormat:parseToken:(Ljava/lang/String;[I)Ljava/lang/String;#716#19 prob_bp = 0.50000000000000010000
org.apache.commons.lang.time.FastDateFormat:parseToken:(Ljava/lang/String;[I)Ljava/lang/String;#716#20 prob_bp = 0.50000000000000010000
org.apache.commons.lang.time.FastDateFormat:parseToken:(Ljava/lang/String;[I)Ljava/lang/String;#720#55 prob_bp = 0.50000000000000010000
org.apache.commons.lang.time.FastDateFormat:parseToken:(Ljava/lang/String;[I)Ljava/lang/String;#724#81 prob_bp = 0.50000000000000010000
org.apache.commons.lang.time.FastDateFormat:parseToken:(Ljava/lang/String;[I)Ljava/lang/String;#725#91 prob_bp = 0.50000000000000010000
org.apache.commons.lang.time.FastDateFormat:parseToken:(Ljava/lang/String;[I)Ljava/lang/String;#733#101 prob_bp = 0.50000000000000010000
org.apache.commons.lang.time.FastDateFormat:parseToken:(Ljava/lang/String;[I)Ljava/lang/String;#738#119 prob_bp = 0.50000000000000010000
org.apache.commons.lang.time.FastDateFormat:parseToken:(Ljava/lang/String;[I)Ljava/lang/String;#738#124 prob_bp = 0.50000000000000010000
org.apache.commons.lang.time.FastDateFormat:parseToken:(Ljava/lang/String;[I)Ljava/lang/String;#740#126 prob_bp = 0.50000000000000010000
org.apache.commons.lang.time.FastDateFormat:parseToken:(Ljava/lang/String;[I)Ljava/lang/String;#748#209 prob_bp = 0.50000000000000010000
org.apache.commons.lang.time.FastDateFormat:parseToken:(Ljava/lang/String;[I)Ljava/lang/String;#748#213 prob_bp = 0.50000000000000010000
org.apache.commons.lang.time.FastDateFormat:parseToken:(Ljava/lang/String;[I)Ljava/lang/String;#748#199#unexe#4 prob_bp = 0.50000000000000010000
org.apache.commons.lang.time.FastDateFormat:parseToken:(Ljava/lang/String;[I)Ljava/lang/String;#748#192#unexe#4 prob_bp = 0.50000000000000010000
org.apache.commons.lang.time.FastDateFormat:parsePattern:()Ljava/util/List;#687#886 prob_bp = 0.50000000000000010000
org.apache.commons.lang.time.FastDateFormat:parseToken:(Ljava/lang/String;[I)Ljava/lang/String;#717#50 prob_bp = 0.50000000000000010000
org.apache.commons.lang.time.FastDateFormat:parsePattern:()Ljava/util/List;#688#902 prob_bp = 0.50000000000000010000
org.apache.commons.lang.time.FastDateFormat:selectNumberRule:(II)Lorg/apache/commons/lang/time/FastDateFormat$NumberRule;#776#46 prob_bp = 0.50000000000000010000
org.apache.commons.lang.time.FastDateFormat$PaddedNumberField:<init>:(II)V#1272#1 prob_bp = 0.50000000000000010000
org.apache.commons.lang.time.FastDateFormat:selectNumberRule:(II)Lorg/apache/commons/lang/time/FastDateFormat$NumberRule;#776#55 prob_bp = 0.50000000000000010000
org.apache.commons.lang.time.FastDateFormat:parsePattern:()Ljava/util/List;#700#964 prob_bp = 0.50000000000000010000
org.apache.commons.lang.time.FastDateFormat:parsePattern:()Ljava/util/List;#700#965 prob_bp = 0.50000000000000010000
org.apache.commons.lang.time.FastDateFormat:init:()V#562#8 prob_bp = 0.50000000000000010000
org.apache.commons.lang.time.FastDateFormat:getDateInstance:(I)Lorg/apache/commons/lang/time/FastDateFormat;#234#1 prob_bp = 0.50000000000000010000
org.apache.commons.lang.time.FastDateFormat:getDateTimeInstance:(IILjava/util/Locale;)Lorg/apache/commons/lang/time/FastDateFormat;#425#3 prob_bp = 0.50000000000000010000
org.apache.commons.lang.time.FastDateFormat:getDateTimeInstance:(IILjava/util/Locale;)Lorg/apache/commons/lang/time/FastDateFormat;#425#4 prob_bp = 0.50000000000000010000
org.apache.commons.lang.time.FastDateFormat:getDateTimeInstance:(IILjava/util/TimeZone;Ljava/util/Locale;)Lorg/apache/commons/lang/time/FastDateFormat;#469#57 prob_bp = 0.50000000000000010000
org.apache.commons.lang.time.FastDateFormat:getDateTimeInstance:(IILjava/util/TimeZone;Ljava/util/Locale;)Lorg/apache/commons/lang/time/FastDateFormat;#477#101 prob_bp = 0.50000000000000010000
org.apache.commons.lang.time.FastDateFormat:parseToken:(Ljava/lang/String;[I)Ljava/lang/String;#741#139 prob_bp = 0.50000000000000010000
org.apache.commons.lang.time.FastDateFormat:parseToken:(Ljava/lang/String;[I)Ljava/lang/String;#746#178 prob_bp = 0.50000000000000010000
org.apache.commons.lang.time.FastDateFormat:getDateInstance:(ILjava/util/TimeZone;Ljava/util/Locale;)Lorg/apache/commons/lang/time/FastDateFormat;#285#24#unexe#3 prob_bp = 0.50000000000000020000
org.apache.commons.lang.time.FastDateFormat:parseToken:(Ljava/lang/String;[I)Ljava/lang/String;#713#11 prob_bp = 0.50000000000000020000
org.apache.commons.lang.time.FastDateFormat:parseToken:(Ljava/lang/String;[I)Ljava/lang/String;#733#102 prob_bp = 0.50000000000000020000
org.apache.commons.lang.time.FastDateFormat:parseToken:(Ljava/lang/String;[I)Ljava/lang/String;#748#195 prob_bp = 0.50000000000000020000
org.apache.commons.lang.time.FastDateFormat:parseToken:(Ljava/lang/String;[I)Ljava/lang/String;#748#199 prob_bp = 0.50000000000000020000
org.apache.commons.lang.time.FastDateFormat:parsePattern:()Ljava/util/List;#630#591 prob_bp = 0.50000000000000020000
org.apache.commons.lang.time.FastDateFormat:parsePattern:()Ljava/util/List;#688#889 prob_bp = 0.50000000000000020000
org.apache.commons.lang.time.FastDateFormat:getDateTimeInstance:(IILjava/util/TimeZone;Ljava/util/Locale;)Lorg/apache/commons/lang/time/FastDateFormat;#465#42#unexe#4 prob_bp = 0.50000000000000020000
org.apache.commons.lang.time.FastDateFormat:getDateTimeInstance:(IILjava/util/TimeZone;Ljava/util/Locale;)Lorg/apache/commons/lang/time/FastDateFormat;#475#91 prob_bp = 0.50000000000000020000
org.apache.commons.lang.time.FastDateFormat:parsePattern:()Ljava/util/List;#596#86 prob_bp = 0.50000000000000030000
org.apache.commons.lang.time.FastDateFormat:parseToken:(Ljava/lang/String;[I)Ljava/lang/String;#714#14 prob_bp = 0.50000000000000030000
org.apache.commons.lang.time.FastDateFormat:parseToken:(Ljava/lang/String;[I)Ljava/lang/String;#716#25 prob_bp = 0.50000000000000030000
org.apache.commons.lang.time.FastDateFormat:parseToken:(Ljava/lang/String;[I)Ljava/lang/String;#717#27 prob_bp = 0.50000000000000030000
org.apache.commons.lang.time.FastDateFormat:parseToken:(Ljava/lang/String;[I)Ljava/lang/String;#717#38 prob_bp = 0.50000000000000030000
org.apache.commons.lang.time.FastDateFormat:parseToken:(Ljava/lang/String;[I)Ljava/lang/String;#722#65 prob_bp = 0.50000000000000030000
org.apache.commons.lang.time.FastDateFormat:parseToken:(Ljava/lang/String;[I)Ljava/lang/String;#723#72 prob_bp = 0.50000000000000030000
org.apache.commons.lang.time.FastDateFormat:parseToken:(Ljava/lang/String;[I)Ljava/lang/String;#723#74 prob_bp = 0.50000000000000030000
org.apache.commons.lang.time.FastDateFormat:parseToken:(Ljava/lang/String;[I)Ljava/lang/String;#725#89 prob_bp = 0.50000000000000030000
org.apache.commons.lang.time.FastDateFormat:parseToken:(Ljava/lang/String;[I)Ljava/lang/String;#724#85#unexe#4 prob_bp = 0.50000000000000030000
org.apache.commons.lang.time.FastDateFormat:parseToken:(Ljava/lang/String;[I)Ljava/lang/String;#737#115 prob_bp = 0.50000000000000030000
org.apache.commons.lang.time.FastDateFormat:parseToken:(Ljava/lang/String;[I)Ljava/lang/String;#738#121 prob_bp = 0.50000000000000030000
org.apache.commons.lang.time.FastDateFormat:parsePattern:()Ljava/util/List;#619#523 prob_bp = 0.50000000000000030000
org.apache.commons.lang.time.FastDateFormat:parseToken:(Ljava/lang/String;[I)Ljava/lang/String;#714#17 prob_bp = 0.50000000000000040000
org.apache.commons.lang.time.FastDateFormat:parseToken:(Ljava/lang/String;[I)Ljava/lang/String;#723#79 prob_bp = 0.50000000000000040000
org.apache.commons.lang.time.FastDateFormat:parseToken:(Ljava/lang/String;[I)Ljava/lang/String;#725#88 prob_bp = 0.50000000000000040000
org.apache.commons.lang.time.FastDateFormat:parseToken:(Ljava/lang/String;[I)Ljava/lang/String;#722#68#unexe#4 prob_bp = 0.50000000000000040000
org.apache.commons.lang.time.FastDateFormat:parseToken:(Ljava/lang/String;[I)Ljava/lang/String;#759#240 prob_bp = 0.50000000000000040000
org.apache.commons.lang.time.FastDateFormat:parseToken:(Ljava/lang/String;[I)Ljava/lang/String;#748#192 prob_bp = 0.50000000000000040000
org.apache.commons.lang.time.FastDateFormat:parseToken:(Ljava/lang/String;[I)Ljava/lang/String;#717#52 prob_bp = 0.50000000000000040000
org.apache.commons.lang.time.FastDateFormat:parsePattern:()Ljava/util/List;#595#79 prob_bp = 0.50000000000000060000
org.apache.commons.lang.time.FastDateFormat:parsePattern:()Ljava/util/List;#595#81 prob_bp = 0.50000000000000060000
org.apache.commons.lang.time.FastDateFormat:parsePattern:()Ljava/util/List;#595#84 prob_bp = 0.50000000000000060000
org.apache.commons.lang.time.FastDateFormat:parseToken:(Ljava/lang/String;[I)Ljava/lang/String;#722#62 prob_bp = 0.50000000000000060000
org.apache.commons.lang.time.FastDateFormat:parseToken:(Ljava/lang/String;[I)Ljava/lang/String;#723#71 prob_bp = 0.50000000000000060000
org.apache.commons.lang.time.FastDateFormat:parseToken:(Ljava/lang/String;[I)Ljava/lang/String;#717#45 prob_bp = 0.50000000000000060000
org.apache.commons.lang.time.FastDateFormat:parseToken:(Ljava/lang/String;[I)Ljava/lang/String;#748#204 prob_bp = 0.50000000000000060000
org.apache.commons.lang.time.FastDateFormat:parseToken:(Ljava/lang/String;[I)Ljava/lang/String;#737#229 prob_bp = 0.50000000000000060000
org.apache.commons.lang.time.FastDateFormat:parseToken:(Ljava/lang/String;[I)Ljava/lang/String;#750#216 prob_bp = 0.50000000000000060000
org.apache.commons.lang.time.FastDateFormat:parseToken:(Ljava/lang/String;[I)Ljava/lang/String;#748#206#unexe#4 prob_bp = 0.50000000000000060000
org.apache.commons.lang.time.FastDateFormat:<clinit>:()V#111#21 prob_bp = 0.50000000000000070000
org.apache.commons.lang.time.FastDateFormat:parseToken:(Ljava/lang/String;[I)Ljava/lang/String;#713#9 prob_bp = 0.50000000000000070000
org.apache.commons.lang.time.FastDateFormat:parsePattern:()Ljava/util/List;#686#872 prob_bp = 0.50000000000000070000
org.apache.commons.lang.time.FastDateFormat:init:()V#562#16 prob_bp = 0.50000000000000070000
org.apache.commons.lang.time.FastDateFormat:parsePattern:()Ljava/util/List;#596#87 prob_bp = 0.50000000000000080000
org.apache.commons.lang.time.FastDateFormat:parseToken:(Ljava/lang/String;[I)Ljava/lang/String;#713#8 prob_bp = 0.50000000000000080000
org.apache.commons.lang.time.FastDateFormat:parseToken:(Ljava/lang/String;[I)Ljava/lang/String;#726#95 prob_bp = 0.50000000000000080000
org.apache.commons.lang.time.FastDateFormat:parseToken:(Ljava/lang/String;[I)Ljava/lang/String;#753#223 prob_bp = 0.50000000000000080000
org.apache.commons.lang.time.FastDateFormat:parseToken:(Ljava/lang/String;[I)Ljava/lang/String;#717#52#unexe#4 prob_bp = 0.50000000000000080000
org.apache.commons.lang.time.FastDateFormat$StringLiteral:<init>:(Ljava/lang/String;)V#1112#1 prob_bp = 0.50000000000000090000
org.apache.commons.lang.time.FastDateFormat:parseToken:(Ljava/lang/String;[I)Ljava/lang/String;#711#7 prob_bp = 0.50000000000000100000
org.apache.commons.lang.time.FastDateFormat:parseToken:(Ljava/lang/String;[I)Ljava/lang/String;#723#75 prob_bp = 0.50000000000000100000
org.apache.commons.lang.time.FastDateFormat:parseToken:(Ljava/lang/String;[I)Ljava/lang/String;#740#128 prob_bp = 0.50000000000000100000
org.apache.commons.lang.time.FastDateFormat:parseToken:(Ljava/lang/String;[I)Ljava/lang/String;#748#202 prob_bp = 0.50000000000000100000
org.apache.commons.lang.time.FastDateFormat:parseToken:(Ljava/lang/String;[I)Ljava/lang/String;#753#225 prob_bp = 0.50000000000000100000
org.apache.commons.lang.time.FastDateFormat:parseToken:(Ljava/lang/String;[I)Ljava/lang/String;#717#36 prob_bp = 0.50000000000000110000
org.apache.commons.lang.time.FastDateFormat:parseToken:(Ljava/lang/String;[I)Ljava/lang/String;#759#241 prob_bp = 0.50000000000000120000
org.apache.commons.lang.time.FastDateFormat:parseToken:(Ljava/lang/String;[I)Ljava/lang/String;#735#108 prob_bp = 0.50000000000000130000
org.apache.commons.lang.time.FastDateFormat:parseToken:(Ljava/lang/String;[I)Ljava/lang/String;#720#58 prob_bp = 0.50000000000000140000
org.apache.commons.lang.time.FastDateFormat:parseToken:(Ljava/lang/String;[I)Ljava/lang/String;#733#104 prob_bp = 0.50000000000000140000
org.apache.commons.lang.time.FastDateFormat:parseToken:(Ljava/lang/String;[I)Ljava/lang/String;#740#130 prob_bp = 0.50000000000000140000
org.apache.commons.lang.time.FastDateFormat:parseToken:(Ljava/lang/String;[I)Ljava/lang/String;#716#22 prob_bp = 0.50000000000000170000
org.apache.commons.lang.time.FastDateFormat:parseToken:(Ljava/lang/String;[I)Ljava/lang/String;#717#43 prob_bp = 0.50000000000000170000
org.apache.commons.lang.time.FastDateFormat:parsePattern:()Ljava/util/List;#686#874 prob_bp = 0.50000000000000170000
org.apache.commons.lang.time.FastDateFormat:parsePattern:()Ljava/util/List;#687#885 prob_bp = 0.50000000000000170000
org.apache.commons.lang.time.FastDateFormat:parseToken:(Ljava/lang/String;[I)Ljava/lang/String;#722#68 prob_bp = 0.50000000000000180000
org.apache.commons.lang.time.FastDateFormat:parseToken:(Ljava/lang/String;[I)Ljava/lang/String;#735#109 prob_bp = 0.50000000000000180000
org.apache.commons.lang.time.FastDateFormat:parsePattern:()Ljava/util/List;#630#586 prob_bp = 0.50000000000000200000
org.apache.commons.lang.time.FastDateFormat:parseToken:(Ljava/lang/String;[I)Ljava/lang/String;#722#64 prob_bp = 0.50000000000000210000
org.apache.commons.lang.time.FastDateFormat:parseToken:(Ljava/lang/String;[I)Ljava/lang/String;#748#190 prob_bp = 0.50000000000000220000
org.apache.commons.lang.time.FastDateFormat:parseToken:(Ljava/lang/String;[I)Ljava/lang/String;#717#45#unexe#4 prob_bp = 0.50000000000000230000
org.apache.commons.lang.time.FastDateFormat:parseToken:(Ljava/lang/String;[I)Ljava/lang/String;#711#0 prob_bp = 0.50000000000000260000
org.apache.commons.lang.time.FastDateFormat:parseToken:(Ljava/lang/String;[I)Ljava/lang/String;#723#76 prob_bp = 0.50000000000000270000
org.apache.commons.lang.time.FastDateFormat:parseToken:(Ljava/lang/String;[I)Ljava/lang/String;#717#29 prob_bp = 0.50000000000000280000
org.apache.commons.lang.time.FastDateFormat:selectNumberRule:(II)Lorg/apache/commons/lang/time/FastDateFormat$NumberRule;#776#52 prob_bp = 0.50000000000000370000
org.apache.commons.lang.time.FastDateFormat:parseToken:(Ljava/lang/String;[I)Ljava/lang/String;#759#244 prob_bp = 0.50000000000000480000
org.apache.commons.lang.time.FastDateFormat$CharacterLiteral:<init>:(C)V#1081#1 prob_bp = 0.50000000000000490000
org.apache.commons.lang.time.FastDateFormat:parseToken:(Ljava/lang/String;[I)Ljava/lang/String;#717#38#unexe#4 prob_bp = 0.50000000000000940000
org.apache.commons.lang.time.FastDateFormat:parsePattern:()Ljava/util/List;#596#95 prob_bp = 0.50000000000001850000
org.apache.commons.lang.time.FastDateFormat:parsePattern:()Ljava/util/List;#596#90 prob_bp = 0.50000000000002070000
org.apache.commons.lang.time.FastDateFormat:parsePattern:()Ljava/util/List;#605#118 prob_bp = 0.50000000000002760000
org.apache.commons.lang.time.FastDateFormat:parseToken:(Ljava/lang/String;[I)Ljava/lang/String;#717#31#unexe#4 prob_bp = 0.50000000000003820000
org.apache.commons.lang.time.FastDateFormat:parsePattern:()Ljava/util/List;#599#103 prob_bp = 0.50000000000004540000
org.apache.commons.lang.time.FastDateFormat:parsePattern:()Ljava/util/List;#596#92 prob_bp = 0.50000000000004870000
org.apache.commons.lang.time.FastDateFormat:parsePattern:()Ljava/util/List;#605#120 prob_bp = 0.50000000000010390000
org.apache.commons.lang.time.FastDateFormat:parsePattern:()Ljava/util/List;#605#121 prob_bp = 0.50000000000010870000
org.apache.commons.lang.time.FastDateFormat:parseToken:(Ljava/lang/String;[I)Ljava/lang/String;#758#237 prob_bp = 0.50000000000015510000
org.apache.commons.lang.time.FastDateFormat:parseToken:(Ljava/lang/String;[I)Ljava/lang/String;#758#235 prob_bp = 0.50000000000016400000
org.apache.commons.lang.time.FastDateFormat:parsePattern:()Ljava/util/List;#599#105 prob_bp = 0.50000000000018230000
org.apache.commons.lang.time.FastDateFormat:parsePattern:()Ljava/util/List;#630#588 prob_bp = 0.50000000000021860000
org.apache.commons.lang.time.FastDateFormat:parsePattern:()Ljava/util/List;#613#502 prob_bp = 0.50000000000039780000
org.apache.commons.lang.time.FastDateFormat$PaddedNumberField:<init>:(II)V#1273#4 prob_bp = 0.50000000000049700000
org.apache.commons.lang.time.FastDateFormat:parseToken:(Ljava/lang/String;[I)Ljava/lang/String;#758#236 prob_bp = 0.50000000000060270000
org.apache.commons.lang.time.FastDateFormat:parseToken:(Ljava/lang/String;[I)Ljava/lang/String;#758#239 prob_bp = 0.50000000000062780000
org.apache.commons.lang.time.FastDateFormat:parsePattern:()Ljava/util/List;#599#108 prob_bp = 0.50000000000063150000
org.apache.commons.lang.time.FastDateFormat:getInstance:(Ljava/lang/String;Ljava/util/TimeZone;Ljava/util/Locale;)Lorg/apache/commons/lang/time/FastDateFormat;#215#30 prob_bp = 0.50000000000077050000
org.apache.commons.lang.time.FastDateFormat:getInstance:(Ljava/lang/String;Ljava/util/TimeZone;Ljava/util/Locale;)Lorg/apache/commons/lang/time/FastDateFormat;#215#31 prob_bp = 0.50000000000106080000
org.apache.commons.lang.time.FastDateFormat:parsePattern:()Ljava/util/List;#613#504 prob_bp = 0.50000000000160750000
org.apache.commons.lang.time.FastDateFormat:parsePattern:()Ljava/util/List;#600#110 prob_bp = 0.50000000000214950000
org.apache.commons.lang.time.FastDateFormat:getInstance:(Ljava/lang/String;Ljava/util/TimeZone;Ljava/util/Locale;)Lorg/apache/commons/lang/time/FastDateFormat;#216#33 prob_bp = 0.50000000000223210000
org.apache.commons.lang.time.FastDateFormat:getInstance:(Ljava/lang/String;Ljava/util/TimeZone;Ljava/util/Locale;)Lorg/apache/commons/lang/time/FastDateFormat;#212#3 prob_bp = 0.50000000000438550000
org.apache.commons.lang.time.FastDateFormat:<init>:(Ljava/lang/String;Ljava/util/TimeZone;Ljava/util/Locale;)V#538#0 prob_bp = 0.50000000000497050000
org.apache.commons.lang.time.FastDateFormat:<init>:(Ljava/lang/String;Ljava/util/TimeZone;Ljava/util/Locale;)V#538#1 prob_bp = 0.50000000000588540000
org.apache.commons.lang.time.FastDateFormat:getInstance:(Ljava/lang/String;Ljava/util/TimeZone;Ljava/util/Locale;)Lorg/apache/commons/lang/time/FastDateFormat;#213#14 prob_bp = 0.50000000000619160000
org.apache.commons.lang.time.FastDateFormat:getInstance:(Ljava/lang/String;Ljava/util/TimeZone;Ljava/util/Locale;)Lorg/apache/commons/lang/time/FastDateFormat;#212#10 prob_bp = 0.50000000000639160000
org.apache.commons.lang.time.FastDateFormat:getInstance:(Ljava/lang/String;Ljava/util/TimeZone;Ljava/util/Locale;)Lorg/apache/commons/lang/time/FastDateFormat;#216#35 prob_bp = 0.50000000000694830000
org.apache.commons.lang.time.FastDateFormat:<clinit>:()V#110#9 prob_bp = 0.50000000000742140000
org.apache.commons.lang.time.FastDateFormat:getInstance:(Ljava/lang/String;Ljava/util/TimeZone;Ljava/util/Locale;)Lorg/apache/commons/lang/time/FastDateFormat;#213#11 prob_bp = 0.50000000000757190000
org.apache.commons.lang.time.FastDateFormat:getInstance:(Ljava/lang/String;Ljava/util/TimeZone;Ljava/util/Locale;)Lorg/apache/commons/lang/time/FastDateFormat;#213#15 prob_bp = 0.50000000000816600000
org.apache.commons.lang.time.FastDateFormat:parsePattern:()Ljava/util/List;#600#112 prob_bp = 0.50000000000868390000
org.apache.commons.lang.time.FastDateFormat:getInstance:(Ljava/lang/String;Ljava/util/TimeZone;Ljava/util/Locale;)Lorg/apache/commons/lang/time/FastDateFormat;#212#0 prob_bp = 0.50000000001054460000
org.apache.commons.lang.time.FastDateFormat:init:()V#561#0 prob_bp = 0.50000000002649870000
org.apache.commons.lang.time.FastDateFormat$PaddedNumberField:<init>:(II)V#1273#5 prob_bp = 0.50000000002997660000
org.apache.commons.lang.time.FastDateFormat:selectNumberRule:(II)Lorg/apache/commons/lang/time/FastDateFormat$NumberRule;#770#0 prob_bp = 0.50000000005081810000
org.apache.commons.lang.time.FastDateFormat$PaddedNumberField:<init>:(II)V#1273#6 prob_bp = 0.50000000007554660000
org.apache.commons.lang.time.FastDateFormat:parsePattern:()Ljava/util/List;#605#124 prob_bp = 0.50000000009626060000
org.apache.commons.lang.time.FastDateFormat:init:()V#561#1 prob_bp = 0.50000000010463600000
org.apache.commons.lang.time.FastDateFormat:parsePattern:()Ljava/util/List;#592#64 prob_bp = 0.50000000012199470000
org.apache.commons.lang.time.FastDateFormat:getInstance:(Ljava/lang/String;Ljava/util/TimeZone;Ljava/util/Locale;)Lorg/apache/commons/lang/time/FastDateFormat;#213#20 prob_bp = 0.50000000012337710000
org.apache.commons.lang.time.FastDateFormat:parsePattern:()Ljava/util/List;#592#65 prob_bp = 0.50000000012690780000
org.apache.commons.lang.time.FastDateFormat:parsePattern:()Ljava/util/List;#592#67 prob_bp = 0.50000000014668920000
org.apache.commons.lang.time.FastDateFormat:parsePattern:()Ljava/util/List;#597#97 prob_bp = 0.50000000022632540000
org.apache.commons.lang.time.FastDateFormat:parsePattern:()Ljava/util/List;#591#55 prob_bp = 0.50000000041927820000
org.apache.commons.lang.time.FastDateFormat:parsePattern:()Ljava/util/List;#607#126 prob_bp = 0.50000000048346740000
org.apache.commons.lang.time.FastDateFormat:parsePattern:()Ljava/util/List;#597#99 prob_bp = 0.50000000052685270000
org.apache.commons.lang.time.FastDateFormat:parsePattern:()Ljava/util/List;#597#100 prob_bp = 0.50000000054813850000
org.apache.commons.lang.time.FastDateFormat:getInstance:(Ljava/lang/String;Ljava/util/TimeZone;Ljava/util/Locale;)Lorg/apache/commons/lang/time/FastDateFormat;#213#23 prob_bp = 0.50000000061231320000
org.apache.commons.lang.time.FastDateFormat:parsePattern:()Ljava/util/List;#591#56 prob_bp = 0.50000000168627790000
org.apache.commons.lang.time.FastDateFormat:parsePattern:()Ljava/util/List;#607#128 prob_bp = 0.50000000204275960000
org.apache.commons.lang.time.FastDateFormat:getInstance:(Ljava/lang/String;Ljava/util/TimeZone;Ljava/util/Locale;)Lorg/apache/commons/lang/time/FastDateFormat;#214#25 prob_bp = 0.50000000255915080000
org.apache.commons.lang.time.FastDateFormat:selectNumberRule:(II)Lorg/apache/commons/lang/time/FastDateFormat$NumberRule;#770#1 prob_bp = 0.50000000678243370000
org.apache.commons.lang.time.FastDateFormat:getInstance:(Ljava/lang/String;Ljava/util/TimeZone;Ljava/util/Locale;)Lorg/apache/commons/lang/time/FastDateFormat;#214#27 prob_bp = 0.50000001031182320000
org.apache.commons.lang.time.FastDateFormat:parsePattern:()Ljava/util/List;#597#101 prob_bp = 0.50000050492360190000
org.apache.commons.lang.time.FastDateFormat:parsePattern:()Ljava/util/List;#591#59 prob_bp = 0.50000050958402130000
org.apache.commons.lang.time.FastDateFormat:parsePattern:()Ljava/util/List;#594#958 prob_bp = 0.50000254280276550000
org.apache.commons.lang.time.FastDateFormat:parsePattern:()Ljava/util/List;#591#62 prob_bp = 0.50000255478613600000
org.apache.commons.lang.time.FastDateFormat:parsePattern:()Ljava/util/List;#594#72 prob_bp = 0.50001078053278950000
org.apache.commons.lang.time.FastDateFormat:parsePattern:()Ljava/util/List;#594#74 prob_bp = 0.50001079043532930000
org.apache.commons.lang.time.FastDateFormat:parsePattern:()Ljava/util/List;#594#76 prob_bp = 0.50004505437712020000
org.apache.commons.lang.time.FastDateFormat:getInstance:(Ljava/lang/String;Ljava/util/TimeZone;Ljava/util/Locale;)Lorg/apache/commons/lang/time/FastDateFormat;#212#4 prob_bp = 0.50013770320081660000
org.apache.commons.lang.time.FastDateFormat:getInstance:(Ljava/lang/String;Ljava/util/TimeZone;Ljava/util/Locale;)Lorg/apache/commons/lang/time/FastDateFormat;#212#7 prob_bp = 0.50037077578672840000
org.apache.commons.lang.time.FastDateFormat:<init>:(Ljava/lang/String;Ljava/util/TimeZone;Ljava/util/Locale;)V#539#4 prob_bp = 0.50130630175599660000
org.apache.commons.lang.time.FastDateFormat:<init>:(Ljava/lang/String;Ljava/util/TimeZone;Ljava/util/Locale;)V#539#5 prob_bp = 0.50504164306140630000
org.apache.commons.lang.time.FastDateFormatTest:<init>:(Ljava/lang/String;)V#45#0 prob_bp = 1.00000000000000000000
org.apache.commons.lang.time.FastDateFormatTest:<init>:(Ljava/lang/String;)V#45#1 prob_bp = 1.00000000000000000000
org.apache.commons.lang.time.FastDateFormatTest:<init>:(Ljava/lang/String;)V#45#2 prob_bp = 1.00000000000000000000
org.apache.commons.lang.time.FastDateFormatTest:setUp:()V#60#0 prob_bp = 1.00000000000000000000
org.apache.commons.lang.time.FastDateFormatTest:setUp:()V#60#1 prob_bp = 1.00000000000000000000
org.apache.commons.lang.time.FastDateFormatTest:test_changeDefault_Locale_DateInstance:()V#139#10 prob_bp = 1.00000000000000000000
org.apache.commons.lang.time.FastDateFormatTest:test_changeDefault_Locale_DateInstance:()V#139#11 prob_bp = 1.00000000000000000000
org.apache.commons.lang.time.FastDateFormatTest:test_changeDefault_Locale_DateInstance:()V#139#14 prob_bp = 1.00000000000000000000
org.apache.commons.lang.time.FastDateFormatTest:test_changeDefault_Locale_DateInstance:()V#140#18 prob_bp = 1.00000000000000000000
org.apache.commons.lang.time.FastDateFormatTest:test_changeDefault_Locale_DateInstance:()V#140#19 prob_bp = 1.00000000000000000000
org.apache.commons.lang.time.FastDateFormatTest:tearDown:()V#64#0 prob_bp = 1.00000000000000000000
org.apache.commons.lang.time.FastDateFormatTest:tearDown:()V#64#1 prob_bp = 1.00000000000000000000
org.apache.commons.lang.time.FastDateFormatTest:test_changeDefault_Locale_DateTimeInstance:()V#159#10 prob_bp = 1.00000000000000000000
org.apache.commons.lang.time.FastDateFormatTest:test_changeDefault_Locale_DateTimeInstance:()V#159#11 prob_bp = 1.00000000000000000000
org.apache.commons.lang.time.FastDateFormatTest:test_changeDefault_Locale_DateTimeInstance:()V#159#12 prob_bp = 1.00000000000000000000
org.apache.commons.lang.time.FastDateFormatTest:test_changeDefault_Locale_DateTimeInstance:()V#159#15 prob_bp = 1.00000000000000000000
org.apache.commons.lang.time.FastDateFormatTest:test_changeDefault_Locale_DateTimeInstance:()V#160#19 prob_bp = 1.00000000000000000000
org.apache.commons.lang.time.FastDateFormatTest:test_changeDefault_Locale_DateTimeInstance:()V#160#20 prob_bp = 1.00000000000000000000
org.apache.commons.lang.time.FastDateFormatTest:test_changeDefault_Locale_DateTimeInstance:()V#160#21 prob_bp = 1.00000000000000000000
Belief propagation time : 6.979000s
