Belief propagation time: 100

Probabilities: 
Vars:151575
Stmts:12029
org.apache.commons.math3.distribution.AbstractIntegerDistribution:inverseCumulativeProbability:(D)I#119#75 prob_bp = 0.49953893583041110000
org.apache.commons.math3.distribution.AbstractIntegerDistribution:sample:()I#193#13 prob_bp = 0.49998958788296155000
org.apache.commons.math3.distribution.AbstractIntegerDistribution:inverseCumulativeProbability:(D)I#142#227 prob_bp = 0.49999712346787645000
org.apache.commons.math3.distribution.AbstractIntegerDistribution:solveInverseCumulativeProbability:(DII)I#176#69 prob_bp = 0.49999920862735103000
org.apache.commons.math3.distribution.AbstractIntegerDistribution:inverseCumulativeProbability:(D)I#109#48 prob_bp = 0.49999945708040930000
org.apache.commons.math3.distribution.AbstractIntegerDistribution:inverseCumulativeProbability:(D)I#109#46 prob_bp = 0.49999947561950810000
org.apache.commons.math3.distribution.AbstractIntegerDistribution:inverseCumulativeProbability:(D)I#119#74 prob_bp = 0.49999960167067930000
org.apache.commons.math3.distribution.AbstractIntegerDistribution:inverseCumulativeProbability:(D)I#119#73 prob_bp = 0.49999961713599430000
org.apache.commons.math3.distribution.AbstractIntegerDistribution:solveInverseCumulativeProbability:(DII)I#176#67 prob_bp = 0.49999978560654780000
org.apache.commons.math3.distribution.AbstractIntegerDistribution:inverseCumulativeProbability:(D)I#109#45 prob_bp = 0.49999984313842760000
org.apache.commons.math3.distribution.AbstractIntegerDistribution:inverseCumulativeProbability:(D)I#106#40 prob_bp = 0.49999984700126330000
org.apache.commons.math3.distribution.AbstractIntegerDistribution:inverseCumulativeProbability:(D)I#119#72 prob_bp = 0.49999989837242610000
org.apache.commons.math3.distribution.AbstractIntegerDistribution:solveInverseCumulativeProbability:(DII)I#158#5#unexe#4 prob_bp = 0.49999994526085450000
org.apache.commons.math3.distribution.AbstractIntegerDistribution:inverseCumulativeProbability:(D)I#105#36 prob_bp = 0.49999995233531197000
org.apache.commons.math3.distribution.AbstractIntegerDistribution:inverseCumulativeProbability:(D)I#101#9 prob_bp = 0.49999997078750913000
org.apache.commons.math3.distribution.AbstractIntegerDistribution:sample:()I#193#10 prob_bp = 0.49999997180815920000
org.apache.commons.math3.distribution.HypergeometricDistribution:getSupportLowerBound:()I#308#18 prob_bp = 0.49999998318162300000
org.apache.commons.math3.distribution.AbstractIntegerDistribution:inverseCumulativeProbability:(D)I#142#224 prob_bp = 0.49999998477679214000
org.apache.commons.math3.util.FastMath:max:(II)I#3497#10 prob_bp = 0.49999999189519423000
org.apache.commons.math3.util.FastMath:max:(II)I#3497#9 prob_bp = 0.49999999435663395000
org.apache.commons.math3.distribution.HypergeometricDistribution:getSupportLowerBound:()I#308#15 prob_bp = 0.49999999496536707000
org.apache.commons.math3.distribution.HypergeometricDistribution:getSupportLowerBound:()I#308#0 prob_bp = 0.49999999513754620000
org.apache.commons.math3.distribution.AbstractIntegerDistribution:inverseCumulativeProbability:(D)I#142#222 prob_bp = 0.49999999571133624000
org.apache.commons.math3.distribution.AbstractIntegerDistribution:inverseCumulativeProbability:(D)I#101#3 prob_bp = 0.49999999664221100000
org.apache.commons.math3.distribution.AbstractIntegerDistribution:inverseCumulativeProbability:(D)I#129#144#unexe#4 prob_bp = 0.49999999873699760000
org.apache.commons.math3.distribution.AbstractIntegerDistribution:inverseCumulativeProbability:(D)I#137#206#unexe#4 prob_bp = 0.49999999949314560000
org.apache.commons.math3.distribution.AbstractIntegerDistribution:inverseCumulativeProbability:(D)I#138#217 prob_bp = 0.49999999970391450000
org.apache.commons.math3.distribution.AbstractIntegerDistribution:inverseCumulativeProbability:(D)I#138#216 prob_bp = 0.49999999976266440000
org.apache.commons.math3.distribution.AbstractIntegerDistribution:inverseCumulativeProbability:(D)I#138#215 prob_bp = 0.49999999977088405000
org.apache.commons.math3.distribution.AbstractIntegerDistribution:inverseCumulativeProbability:(D)I#106#39 prob_bp = 0.49999999982261440000
org.apache.commons.math3.distribution.AbstractIntegerDistribution:inverseCumulativeProbability:(D)I#106#38 prob_bp = 0.49999999982867915000
org.apache.commons.math3.distribution.AbstractIntegerDistribution:inverseCumulativeProbability:(D)I#137#206 prob_bp = 0.49999999985759264000
org.apache.commons.math3.distribution.AbstractIntegerDistribution:inverseCumulativeProbability:(D)I#106#37 prob_bp = 0.49999999995015343000
org.apache.commons.math3.distribution.AbstractIntegerDistribution:inverseCumulativeProbability:(D)I#101#8 prob_bp = 0.49999999996691474000
org.apache.commons.math3.distribution.AbstractIntegerDistribution:inverseCumulativeProbability:(D)I#101#7 prob_bp = 0.49999999996805733000
org.apache.commons.math3.distribution.AbstractIntegerDistribution:inverseCumulativeProbability:(D)I#129#144 prob_bp = 0.49999999998643757000
org.apache.commons.math3.distribution.AbstractIntegerDistribution:inverseCumulativeProbability:(D)I#129#142 prob_bp = 0.49999999999032796000
org.apache.commons.math3.distribution.AbstractIntegerDistribution:inverseCumulativeProbability:(D)I#101#6 prob_bp = 0.49999999999077250000
org.apache.commons.math3.distribution.AbstractIntegerDistribution:inverseCumulativeProbability:(D)I#127#140 prob_bp = 0.49999999999140443000
org.apache.commons.math3.distribution.AbstractIntegerDistribution:inverseCumulativeProbability:(D)I#127#135 prob_bp = 0.49999999999170230000
org.apache.commons.math3.distribution.AbstractIntegerDistribution:inverseCumulativeProbability:(D)I#101#2 prob_bp = 0.49999999999687067000
org.apache.commons.math3.distribution.AbstractIntegerDistribution:inverseCumulativeProbability:(D)I#101#1 prob_bp = 0.49999999999698820000
org.apache.commons.math3.distribution.AbstractIntegerDistribution:solveInverseCumulativeProbability:(DII)I#158#5 prob_bp = 0.49999999999765170000
org.apache.commons.math3.distribution.AbstractIntegerDistribution:inverseCumulativeProbability:(D)I#127#132 prob_bp = 0.49999999999907450000
org.apache.commons.math3.distribution.AbstractIntegerDistribution:inverseCumulativeProbability:(D)I#138#214 prob_bp = 0.49999999999908407000
org.apache.commons.math3.distribution.AbstractIntegerDistribution:inverseCumulativeProbability:(D)I#101#0 prob_bp = 0.49999999999918110000
org.apache.commons.math3.util.FastMath:max:(II)I#3497#2 prob_bp = 0.49999999999920760000
org.apache.commons.math3.distribution.AbstractIntegerDistribution:solveInverseCumulativeProbability:(DII)I#158#3 prob_bp = 0.49999999999934930000
org.apache.commons.math3.util.FastMath:max:(II)I#3497#0 prob_bp = 0.49999999999942610000
org.apache.commons.math3.distribution.AbstractIntegerDistribution:inverseCumulativeProbability:(D)I#138#211 prob_bp = 0.49999999999974964000
org.apache.commons.math3.distribution.AbstractIntegerDistribution:solveInverseCumulativeProbability:(DII)I#158#2 prob_bp = 0.49999999999976796000
org.apache.commons.math3.distribution.AbstractIntegerDistribution:solveInverseCumulativeProbability:(DII)I#158#1 prob_bp = 0.49999999999977610000
org.apache.commons.math3.util.FastMath:max:(II)I#3497#1 prob_bp = 0.49999999999978917000
org.apache.commons.math3.distribution.AbstractIntegerDistribution:inverseCumulativeProbability:(D)I#138#209 prob_bp = 0.49999999999993530000
org.apache.commons.math3.distribution.AbstractIntegerDistribution:solveInverseCumulativeProbability:(DII)I#158#0 prob_bp = 0.49999999999993594000
org.apache.commons.math3.distribution.AbstractIntegerDistribution:inverseCumulativeProbability:(D)I#136#198 prob_bp = 0.49999999999998670000
org.apache.commons.math3.distribution.AbstractIntegerDistribution:inverseCumulativeProbability:(D)I#137#205 prob_bp = 0.49999999999999367000
org.apache.commons.math3.distribution.AbstractIntegerDistribution:inverseCumulativeProbability:(D)I#142#221 prob_bp = 0.49999999999999520000
org.apache.commons.math3.distribution.AbstractIntegerDistribution:inverseCumulativeProbability:(D)I#127#125 prob_bp = 0.49999999999999690000
org.apache.commons.math3.distribution.AbstractIntegerDistribution:inverseCumulativeProbability:(D)I#137#200 prob_bp = 0.49999999999999845000
org.apache.commons.math3.distribution.AbstractIntegerDistribution:inverseCumulativeProbability:(D)I#137#204 prob_bp = 0.49999999999999845000
org.apache.commons.math3.distribution.AbstractIntegerDistribution:inverseCumulativeProbability:(D)I#129#144#unexe#3 prob_bp = 0.49999999999999880000
org.apache.commons.math3.distribution.AbstractIntegerDistribution:inverseCumulativeProbability:(D)I#127#130 prob_bp = 0.49999999999999910000
org.apache.commons.math3.distribution.AbstractIntegerDistribution:inverseCumulativeProbability:(D)I#127#131 prob_bp = 0.49999999999999917000
org.apache.commons.math3.distribution.AbstractIntegerDistribution:inverseCumulativeProbability:(D)I#127#122 prob_bp = 0.49999999999999920000
org.apache.commons.math3.random.Well19937c:next:(I)I#111#240 prob_bp = 0.49999999999999944000
org.apache.commons.math3.distribution.AbstractIntegerDistribution:inverseCumulativeProbability:(D)I#137#202 prob_bp = 0.49999999999999956000
org.apache.commons.math3.distribution.AbstractIntegerDistribution:inverseCumulativeProbability:(D)I#132#172#unexe#3 prob_bp = 0.49999999999999967000
org.apache.commons.math3.random.AbstractWell:setSeed:([I)V#162#52 prob_bp = 0.49999999999999980000
org.apache.commons.math3.random.AbstractWell:setSeed:([I)V#163#60 prob_bp = 0.49999999999999980000
org.apache.commons.math3.random.AbstractWell:setSeed:([I)V#164#71 prob_bp = 0.49999999999999980000
org.apache.commons.math3.distribution.AbstractIntegerDistribution:inverseCumulativeProbability:(D)I#126#94 prob_bp = 0.49999999999999980000
org.apache.commons.math3.distribution.AbstractIntegerDistribution:inverseCumulativeProbability:(D)I#127#120 prob_bp = 0.49999999999999980000
org.apache.commons.math3.distribution.AbstractIntegerDistribution:inverseCumulativeProbability:(D)I#127#128 prob_bp = 0.49999999999999980000
org.apache.commons.math3.random.AbstractWell:setSeed:([I)V#163#70 prob_bp = 0.49999999999999983000
org.apache.commons.math3.random.AbstractWell:setSeed:([I)V#164#84 prob_bp = 0.49999999999999983000
org.apache.commons.math3.distribution.HypergeometricDistribution:getSupportLowerBound:()I#308#14 prob_bp = 0.49999999999999990000
org.apache.commons.math3.distribution.AbstractIntegerDistribution:inverseCumulativeProbability:(D)I#114#63 prob_bp = 0.49999999999999990000
org.apache.commons.math3.distribution.AbstractIntegerDistribution:inverseCumulativeProbability:(D)I#118#70 prob_bp = 0.49999999999999990000
org.apache.commons.math3.distribution.AbstractIntegerDistribution:inverseCumulativeProbability:(D)I#136#190 prob_bp = 0.49999999999999990000
org.apache.commons.math3.distribution.HypergeometricDistribution:<init>:(III)V#63#5 prob_bp = 0.49999999999999994000
org.apache.commons.math3.random.Well19937c:<init>:()V#57#0 prob_bp = 0.49999999999999994000
org.apache.commons.math3.random.AbstractWell:setSeed:([I)V#155#8 prob_bp = 0.49999999999999994000
org.apache.commons.math3.random.AbstractWell:setSeed:([I)V#155#9 prob_bp = 0.49999999999999994000
org.apache.commons.math3.random.AbstractWell:setSeed:(J)V#179#19 prob_bp = 0.49999999999999994000
org.apache.commons.math3.random.AbstractWell:setSeed:(J)V#179#20 prob_bp = 0.49999999999999994000
org.apache.commons.math3.random.AbstractWell:setSeed:([I)V#161#41 prob_bp = 0.49999999999999994000
org.apache.commons.math3.random.AbstractWell:setSeed:([I)V#162#51 prob_bp = 0.49999999999999994000
org.apache.commons.math3.random.AbstractWell:setSeed:([I)V#164#79 prob_bp = 0.49999999999999994000
org.apache.commons.math3.random.AbstractWell:setSeed:([I)V#164#80 prob_bp = 0.49999999999999994000
org.apache.commons.math3.random.AbstractWell:setSeed:([I)V#164#87 prob_bp = 0.49999999999999994000
org.apache.commons.math3.random.AbstractWell:setSeed:([I)V#164#94 prob_bp = 0.49999999999999994000
org.apache.commons.math3.random.Well19937c:next:(I)I#101#188 prob_bp = 0.49999999999999994000
org.apache.commons.math3.random.Well19937c:next:(I)I#108#207 prob_bp = 0.49999999999999994000
org.apache.commons.math3.random.Well19937c:next:(I)I#108#209 prob_bp = 0.49999999999999994000
org.apache.commons.math3.random.Well19937c:next:(I)I#108#216 prob_bp = 0.49999999999999994000
org.apache.commons.math3.distribution.HypergeometricDistribution:getNumericalMean:()D#268#8 prob_bp = 0.49999999999999994000
org.apache.commons.math3.distribution.AbstractIntegerDistribution:inverseCumulativeProbability:(D)I#127#101 prob_bp = 0.49999999999999994000
org.apache.commons.math3.distribution.AbstractIntegerDistribution:inverseCumulativeProbability:(D)I#127#117 prob_bp = 0.49999999999999994000
org.apache.commons.math3.distribution.AbstractIntegerDistribution:inverseCumulativeProbability:(D)I#130#151 prob_bp = 0.49999999999999994000
org.apache.commons.math3.distribution.AbstractIntegerDistribution:inverseCumulativeProbability:(D)I#131#159 prob_bp = 0.49999999999999994000
org.apache.commons.math3.distribution.AbstractIntegerDistribution:inverseCumulativeProbability:(D)I#132#172 prob_bp = 0.49999999999999994000
org.apache.commons.math3.distribution.AbstractIntegerDistribution:inverseCumulativeProbability:(D)I#135#185 prob_bp = 0.49999999999999994000
org.apache.commons.math3.distribution.AbstractIntegerDistribution:inverseCumulativeProbability:(D)I#135#187 prob_bp = 0.49999999999999994000
org.apache.commons.math3.random.AbstractWell:<init>:(IIII[I)V#94#0 prob_bp = 0.50000000000000000000
org.apache.commons.math3.random.AbstractWell:setSeed:([I)V#155#4 prob_bp = 0.50000000000000000000
org.apache.commons.math3.random.AbstractWell:setSeed:([I)V#155#5 prob_bp = 0.50000000000000000000
org.apache.commons.math3.random.AbstractWell:setSeed:([I)V#155#12 prob_bp = 0.50000000000000000000
org.apache.commons.math3.random.AbstractWell:setSeed:([I)V#155#13 prob_bp = 0.50000000000000000000
org.apache.commons.math3.random.AbstractWell:setSeed:([I)V#161#39 prob_bp = 0.50000000000000000000
org.apache.commons.math3.random.AbstractWell:setSeed:([I)V#161#44 prob_bp = 0.50000000000000000000
org.apache.commons.math3.random.AbstractWell:setSeed:([I)V#163#65 prob_bp = 0.50000000000000000000
org.apache.commons.math3.random.AbstractWell:setSeed:([I)V#164#72 prob_bp = 0.50000000000000000000
org.apache.commons.math3.random.AbstractWell:setSeed:([I)V#164#81 prob_bp = 0.50000000000000000000
org.apache.commons.math3.random.AbstractWell:setSeed:([I)V#168#103 prob_bp = 0.50000000000000000000
org.apache.commons.math3.distribution.HypergeometricDistribution:<init>:(Lorg/apache/commons/math3/random/RandomGenerator;III)V#84#1 prob_bp = 0.50000000000000000000
org.apache.commons.math3.distribution.AbstractIntegerDistribution:sample:()I#193#2 prob_bp = 0.50000000000000000000
org.apache.commons.math3.random.Well19937c:next:(I)I#86#0 prob_bp = 0.50000000000000000000
org.apache.commons.math3.random.Well19937c:next:(I)I#86#1 prob_bp = 0.50000000000000000000
org.apache.commons.math3.random.Well19937c:next:(I)I#86#4 prob_bp = 0.50000000000000000000
org.apache.commons.math3.random.Well19937c:next:(I)I#86#5 prob_bp = 0.50000000000000000000
org.apache.commons.math3.random.Well19937c:next:(I)I#86#8 prob_bp = 0.50000000000000000000
org.apache.commons.math3.random.Well19937c:next:(I)I#86#9 prob_bp = 0.50000000000000000000
org.apache.commons.math3.random.Well19937c:next:(I)I#87#10 prob_bp = 0.50000000000000000000
org.apache.commons.math3.random.Well19937c:next:(I)I#87#11 prob_bp = 0.50000000000000000000
org.apache.commons.math3.random.Well19937c:next:(I)I#87#14 prob_bp = 0.50000000000000000000
org.apache.commons.math3.random.Well19937c:next:(I)I#87#15 prob_bp = 0.50000000000000000000
org.apache.commons.math3.random.Well19937c:next:(I)I#87#18 prob_bp = 0.50000000000000000000
org.apache.commons.math3.random.Well19937c:next:(I)I#87#19 prob_bp = 0.50000000000000000000
org.apache.commons.math3.random.Well19937c:next:(I)I#89#20 prob_bp = 0.50000000000000000000
org.apache.commons.math3.random.Well19937c:next:(I)I#89#21 prob_bp = 0.50000000000000000000
org.apache.commons.math3.random.Well19937c:next:(I)I#89#24 prob_bp = 0.50000000000000000000
org.apache.commons.math3.random.Well19937c:next:(I)I#89#25 prob_bp = 0.50000000000000000000
org.apache.commons.math3.random.Well19937c:next:(I)I#89#28 prob_bp = 0.50000000000000000000
org.apache.commons.math3.random.Well19937c:next:(I)I#89#29 prob_bp = 0.50000000000000000000
org.apache.commons.math3.random.Well19937c:next:(I)I#90#31 prob_bp = 0.50000000000000000000
org.apache.commons.math3.random.Well19937c:next:(I)I#90#32 prob_bp = 0.50000000000000000000
org.apache.commons.math3.random.Well19937c:next:(I)I#90#35 prob_bp = 0.50000000000000000000
org.apache.commons.math3.random.Well19937c:next:(I)I#90#36 prob_bp = 0.50000000000000000000
org.apache.commons.math3.random.Well19937c:next:(I)I#90#39 prob_bp = 0.50000000000000000000
org.apache.commons.math3.random.Well19937c:next:(I)I#90#40 prob_bp = 0.50000000000000000000
org.apache.commons.math3.random.Well19937c:next:(I)I#90#43 prob_bp = 0.50000000000000000000
org.apache.commons.math3.random.Well19937c:next:(I)I#90#45 prob_bp = 0.50000000000000000000
org.apache.commons.math3.random.Well19937c:next:(I)I#91#47 prob_bp = 0.50000000000000000000
org.apache.commons.math3.random.Well19937c:next:(I)I#91#48 prob_bp = 0.50000000000000000000
org.apache.commons.math3.random.Well19937c:next:(I)I#91#51 prob_bp = 0.50000000000000000000
org.apache.commons.math3.random.Well19937c:next:(I)I#91#52 prob_bp = 0.50000000000000000000
org.apache.commons.math3.random.Well19937c:next:(I)I#91#55 prob_bp = 0.50000000000000000000
org.apache.commons.math3.random.Well19937c:next:(I)I#91#56 prob_bp = 0.50000000000000000000
org.apache.commons.math3.random.Well19937c:next:(I)I#91#59 prob_bp = 0.50000000000000000000
org.apache.commons.math3.random.Well19937c:next:(I)I#91#61 prob_bp = 0.50000000000000000000
org.apache.commons.math3.random.Well19937c:next:(I)I#92#63 prob_bp = 0.50000000000000000000
org.apache.commons.math3.random.Well19937c:next:(I)I#92#64 prob_bp = 0.50000000000000000000
org.apache.commons.math3.random.Well19937c:next:(I)I#92#67 prob_bp = 0.50000000000000000000
org.apache.commons.math3.random.Well19937c:next:(I)I#92#68 prob_bp = 0.50000000000000000000
org.apache.commons.math3.random.Well19937c:next:(I)I#92#71 prob_bp = 0.50000000000000000000
org.apache.commons.math3.random.Well19937c:next:(I)I#92#72 prob_bp = 0.50000000000000000000
org.apache.commons.math3.random.Well19937c:next:(I)I#92#75 prob_bp = 0.50000000000000000000
org.apache.commons.math3.random.Well19937c:next:(I)I#92#77 prob_bp = 0.50000000000000000000
org.apache.commons.math3.random.Well19937c:next:(I)I#94#79 prob_bp = 0.50000000000000000000
org.apache.commons.math3.random.Well19937c:next:(I)I#94#81 prob_bp = 0.50000000000000000000
org.apache.commons.math3.random.Well19937c:next:(I)I#94#82 prob_bp = 0.50000000000000000000
org.apache.commons.math3.random.Well19937c:next:(I)I#94#85 prob_bp = 0.50000000000000000000
org.apache.commons.math3.random.Well19937c:next:(I)I#94#86 prob_bp = 0.50000000000000000000
org.apache.commons.math3.random.Well19937c:next:(I)I#94#87 prob_bp = 0.50000000000000000000
org.apache.commons.math3.random.Well19937c:next:(I)I#94#88 prob_bp = 0.50000000000000000000
org.apache.commons.math3.random.Well19937c:next:(I)I#94#90 prob_bp = 0.50000000000000000000
org.apache.commons.math3.random.Well19937c:next:(I)I#94#91 prob_bp = 0.50000000000000000000
org.apache.commons.math3.random.Well19937c:next:(I)I#94#94 prob_bp = 0.50000000000000000000
org.apache.commons.math3.random.Well19937c:next:(I)I#94#95 prob_bp = 0.50000000000000000000
org.apache.commons.math3.random.Well19937c:next:(I)I#94#96 prob_bp = 0.50000000000000000000
org.apache.commons.math3.random.Well19937c:next:(I)I#94#97 prob_bp = 0.50000000000000000000
org.apache.commons.math3.random.Well19937c:next:(I)I#94#98 prob_bp = 0.50000000000000000000
org.apache.commons.math3.random.Well19937c:next:(I)I#95#100 prob_bp = 0.50000000000000000000
org.apache.commons.math3.random.Well19937c:next:(I)I#95#104 prob_bp = 0.50000000000000000000
org.apache.commons.math3.random.Well19937c:next:(I)I#95#106 prob_bp = 0.50000000000000000000
org.apache.commons.math3.random.Well19937c:next:(I)I#95#107 prob_bp = 0.50000000000000000000
org.apache.commons.math3.random.Well19937c:next:(I)I#95#108 prob_bp = 0.50000000000000000000
org.apache.commons.math3.random.Well19937c:next:(I)I#95#110 prob_bp = 0.50000000000000000000
org.apache.commons.math3.random.Well19937c:next:(I)I#95#114 prob_bp = 0.50000000000000000000
org.apache.commons.math3.random.Well19937c:next:(I)I#95#115 prob_bp = 0.50000000000000000000
org.apache.commons.math3.random.Well19937c:next:(I)I#95#116 prob_bp = 0.50000000000000000000
org.apache.commons.math3.random.Well19937c:next:(I)I#95#117 prob_bp = 0.50000000000000000000
org.apache.commons.math3.random.Well19937c:next:(I)I#96#119 prob_bp = 0.50000000000000000000
org.apache.commons.math3.random.Well19937c:next:(I)I#96#123 prob_bp = 0.50000000000000000000
org.apache.commons.math3.random.Well19937c:next:(I)I#96#124 prob_bp = 0.50000000000000000000
org.apache.commons.math3.random.Well19937c:next:(I)I#96#126 prob_bp = 0.50000000000000000000
org.apache.commons.math3.random.Well19937c:next:(I)I#96#129 prob_bp = 0.50000000000000000000
org.apache.commons.math3.random.Well19937c:next:(I)I#96#130 prob_bp = 0.50000000000000000000
org.apache.commons.math3.random.Well19937c:next:(I)I#96#131 prob_bp = 0.50000000000000000000
org.apache.commons.math3.random.Well19937c:next:(I)I#96#132 prob_bp = 0.50000000000000000000
org.apache.commons.math3.random.Well19937c:next:(I)I#97#134 prob_bp = 0.50000000000000000000
org.apache.commons.math3.random.Well19937c:next:(I)I#97#136 prob_bp = 0.50000000000000000000
org.apache.commons.math3.random.Well19937c:next:(I)I#97#138 prob_bp = 0.50000000000000000000
org.apache.commons.math3.random.Well19937c:next:(I)I#97#139 prob_bp = 0.50000000000000000000
org.apache.commons.math3.random.Well19937c:next:(I)I#98#141 prob_bp = 0.50000000000000000000
org.apache.commons.math3.random.Well19937c:next:(I)I#98#143 prob_bp = 0.50000000000000000000
org.apache.commons.math3.random.Well19937c:next:(I)I#98#145 prob_bp = 0.50000000000000000000
org.apache.commons.math3.random.Well19937c:next:(I)I#98#147 prob_bp = 0.50000000000000000000
org.apache.commons.math3.random.Well19937c:next:(I)I#98#149 prob_bp = 0.50000000000000000000
org.apache.commons.math3.random.Well19937c:next:(I)I#98#150 prob_bp = 0.50000000000000000000
org.apache.commons.math3.random.Well19937c:next:(I)I#98#151 prob_bp = 0.50000000000000000000
org.apache.commons.math3.random.Well19937c:next:(I)I#98#152 prob_bp = 0.50000000000000000000
org.apache.commons.math3.random.Well19937c:next:(I)I#98#154 prob_bp = 0.50000000000000000000
org.apache.commons.math3.random.Well19937c:next:(I)I#98#158 prob_bp = 0.50000000000000000000
org.apache.commons.math3.random.Well19937c:next:(I)I#98#160 prob_bp = 0.50000000000000000000
org.apache.commons.math3.random.Well19937c:next:(I)I#98#165 prob_bp = 0.50000000000000000000
org.apache.commons.math3.random.Well19937c:next:(I)I#98#167 prob_bp = 0.50000000000000000000
org.apache.commons.math3.random.Well19937c:next:(I)I#98#168 prob_bp = 0.50000000000000000000
org.apache.commons.math3.random.Well19937c:next:(I)I#98#169 prob_bp = 0.50000000000000000000
org.apache.commons.math3.random.Well19937c:next:(I)I#98#170 prob_bp = 0.50000000000000000000
org.apache.commons.math3.random.Well19937c:next:(I)I#101#183 prob_bp = 0.50000000000000000000
org.apache.commons.math3.random.Well19937c:next:(I)I#101#184 prob_bp = 0.50000000000000000000
org.apache.commons.math3.random.Well19937c:next:(I)I#101#187 prob_bp = 0.50000000000000000000
org.apache.commons.math3.random.Well19937c:next:(I)I#101#190 prob_bp = 0.50000000000000000000
org.apache.commons.math3.random.Well19937c:next:(I)I#102#191 prob_bp = 0.50000000000000000000
org.apache.commons.math3.random.Well19937c:next:(I)I#102#192 prob_bp = 0.50000000000000000000
org.apache.commons.math3.random.Well19937c:next:(I)I#102#195 prob_bp = 0.50000000000000000000
org.apache.commons.math3.random.Well19937c:next:(I)I#102#196 prob_bp = 0.50000000000000000000
org.apache.commons.math3.random.Well19937c:next:(I)I#102#197 prob_bp = 0.50000000000000000000
org.apache.commons.math3.random.Well19937c:next:(I)I#102#200 prob_bp = 0.50000000000000000000
org.apache.commons.math3.random.Well19937c:next:(I)I#102#201 prob_bp = 0.50000000000000000000
org.apache.commons.math3.random.Well19937c:next:(I)I#103#202 prob_bp = 0.50000000000000000000
org.apache.commons.math3.random.Well19937c:next:(I)I#103#203 prob_bp = 0.50000000000000000000
org.apache.commons.math3.random.Well19937c:next:(I)I#103#204 prob_bp = 0.50000000000000000000
org.apache.commons.math3.random.Well19937c:next:(I)I#108#211 prob_bp = 0.50000000000000000000
org.apache.commons.math3.random.Well19937c:next:(I)I#108#213 prob_bp = 0.50000000000000000000
org.apache.commons.math3.random.Well19937c:next:(I)I#108#217 prob_bp = 0.50000000000000000000
org.apache.commons.math3.random.Well19937c:next:(I)I#108#218 prob_bp = 0.50000000000000000000
org.apache.commons.math3.random.Well19937c:next:(I)I#109#220 prob_bp = 0.50000000000000000000
org.apache.commons.math3.random.Well19937c:next:(I)I#109#222 prob_bp = 0.50000000000000000000
org.apache.commons.math3.random.Well19937c:next:(I)I#109#226 prob_bp = 0.50000000000000000000
org.apache.commons.math3.random.Well19937c:next:(I)I#109#227 prob_bp = 0.50000000000000000000
org.apache.commons.math3.random.Well19937c:next:(I)I#109#229 prob_bp = 0.50000000000000000000
org.apache.commons.math3.random.Well19937c:next:(I)I#109#230 prob_bp = 0.50000000000000000000
org.apache.commons.math3.random.Well19937c:next:(I)I#109#231 prob_bp = 0.50000000000000000000
org.apache.commons.math3.random.Well19937c:next:(I)I#111#233 prob_bp = 0.50000000000000000000
org.apache.commons.math3.random.Well19937c:next:(I)I#111#235 prob_bp = 0.50000000000000000000
org.apache.commons.math3.random.Well19937c:next:(I)I#111#237 prob_bp = 0.50000000000000000000
org.apache.commons.math3.random.Well19937c:next:(I)I#111#238 prob_bp = 0.50000000000000000000
org.apache.commons.math3.random.Well19937c:next:(I)I#111#239 prob_bp = 0.50000000000000000000
org.apache.commons.math3.distribution.AbstractIntegerDistribution:inverseCumulativeProbability:(D)I#105#32 prob_bp = 0.50000000000000000000
org.apache.commons.math3.distribution.AbstractIntegerDistribution:inverseCumulativeProbability:(D)I#105#33 prob_bp = 0.50000000000000000000
org.apache.commons.math3.distribution.HypergeometricDistribution:getSupportLowerBound:()I#308#1 prob_bp = 0.50000000000000000000
org.apache.commons.math3.distribution.HypergeometricDistribution:getSupportLowerBound:()I#308#5 prob_bp = 0.50000000000000000000
org.apache.commons.math3.distribution.HypergeometricDistribution:getSupportLowerBound:()I#308#9 prob_bp = 0.50000000000000000000
org.apache.commons.math3.distribution.HypergeometricDistribution:getSupportLowerBound:()I#308#10 prob_bp = 0.50000000000000000000
org.apache.commons.math3.distribution.AbstractIntegerDistribution:inverseCumulativeProbability:(D)I#118#66 prob_bp = 0.50000000000000000000
org.apache.commons.math3.distribution.AbstractIntegerDistribution:inverseCumulativeProbability:(D)I#118#67 prob_bp = 0.50000000000000000000
org.apache.commons.math3.distribution.AbstractIntegerDistribution:inverseCumulativeProbability:(D)I#125#81 prob_bp = 0.50000000000000000000
org.apache.commons.math3.distribution.AbstractIntegerDistribution:inverseCumulativeProbability:(D)I#125#82 prob_bp = 0.50000000000000000000
org.apache.commons.math3.distribution.HypergeometricDistribution:getNumericalMean:()D#268#1 prob_bp = 0.50000000000000000000
org.apache.commons.math3.distribution.HypergeometricDistribution:getNumericalMean:()D#268#5 prob_bp = 0.50000000000000000000
org.apache.commons.math3.distribution.HypergeometricDistribution:getNumericalMean:()D#268#9 prob_bp = 0.50000000000000000000
org.apache.commons.math3.distribution.HypergeometricDistribution:getNumericalMean:()D#268#11 prob_bp = 0.50000000000000000000
org.apache.commons.math3.distribution.HypergeometricDistribution:getNumericalMean:()D#268#14 prob_bp = 0.50000000000000000000
org.apache.commons.math3.distribution.HypergeometricDistribution:getNumericalMean:()D#268#15 prob_bp = 0.50000000000000000000
org.apache.commons.math3.distribution.HypergeometricDistribution:getNumericalMean:()D#268#16 prob_bp = 0.50000000000000000000
org.apache.commons.math3.distribution.AbstractIntegerDistribution:inverseCumulativeProbability:(D)I#125#85 prob_bp = 0.50000000000000000000
org.apache.commons.math3.distribution.AbstractIntegerDistribution:inverseCumulativeProbability:(D)I#126#87 prob_bp = 0.50000000000000000000
org.apache.commons.math3.distribution.AbstractIntegerDistribution:inverseCumulativeProbability:(D)I#126#88 prob_bp = 0.50000000000000000000
org.apache.commons.math3.distribution.AbstractIntegerDistribution:inverseCumulativeProbability:(D)I#126#91 prob_bp = 0.50000000000000000000
org.apache.commons.math3.distribution.AbstractIntegerDistribution:inverseCumulativeProbability:(D)I#127#96 prob_bp = 0.50000000000000000000
org.apache.commons.math3.distribution.AbstractIntegerDistribution:inverseCumulativeProbability:(D)I#127#98 prob_bp = 0.50000000000000000000
org.apache.commons.math3.distribution.AbstractIntegerDistribution:inverseCumulativeProbability:(D)I#127#104 prob_bp = 0.50000000000000000000
org.apache.commons.math3.distribution.AbstractIntegerDistribution:inverseCumulativeProbability:(D)I#127#109 prob_bp = 0.50000000000000000000
org.apache.commons.math3.distribution.AbstractIntegerDistribution:inverseCumulativeProbability:(D)I#127#112 prob_bp = 0.50000000000000000000
org.apache.commons.math3.distribution.AbstractIntegerDistribution:inverseCumulativeProbability:(D)I#127#114 prob_bp = 0.50000000000000000000
org.apache.commons.math3.distribution.AbstractIntegerDistribution:inverseCumulativeProbability:(D)I#130#147 prob_bp = 0.50000000000000000000
org.apache.commons.math3.distribution.AbstractIntegerDistribution:inverseCumulativeProbability:(D)I#130#148 prob_bp = 0.50000000000000000000
org.apache.commons.math3.distribution.AbstractIntegerDistribution:inverseCumulativeProbability:(D)I#130#149 prob_bp = 0.50000000000000000000
org.apache.commons.math3.distribution.AbstractIntegerDistribution:inverseCumulativeProbability:(D)I#130#150 prob_bp = 0.50000000000000000000
org.apache.commons.math3.distribution.AbstractIntegerDistribution:inverseCumulativeProbability:(D)I#130#152 prob_bp = 0.50000000000000000000
org.apache.commons.math3.distribution.AbstractIntegerDistribution:inverseCumulativeProbability:(D)I#130#155 prob_bp = 0.50000000000000000000
org.apache.commons.math3.distribution.AbstractIntegerDistribution:inverseCumulativeProbability:(D)I#131#157 prob_bp = 0.50000000000000000000
org.apache.commons.math3.distribution.AbstractIntegerDistribution:inverseCumulativeProbability:(D)I#131#161 prob_bp = 0.50000000000000000000
org.apache.commons.math3.distribution.AbstractIntegerDistribution:inverseCumulativeProbability:(D)I#131#163 prob_bp = 0.50000000000000000000
org.apache.commons.math3.distribution.AbstractIntegerDistribution:inverseCumulativeProbability:(D)I#131#164 prob_bp = 0.50000000000000000000
org.apache.commons.math3.distribution.AbstractIntegerDistribution:inverseCumulativeProbability:(D)I#131#165 prob_bp = 0.50000000000000000000
org.apache.commons.math3.distribution.AbstractIntegerDistribution:inverseCumulativeProbability:(D)I#132#167 prob_bp = 0.50000000000000000000
org.apache.commons.math3.distribution.AbstractIntegerDistribution:inverseCumulativeProbability:(D)I#132#169 prob_bp = 0.50000000000000000000
org.apache.commons.math3.distribution.AbstractIntegerDistribution:inverseCumulativeProbability:(D)I#132#170 prob_bp = 0.50000000000000000000
org.apache.commons.math3.distribution.AbstractIntegerDistribution:inverseCumulativeProbability:(D)I#132#171 prob_bp = 0.50000000000000000000
org.apache.commons.math3.distribution.AbstractIntegerDistribution:inverseCumulativeProbability:(D)I#135#184 prob_bp = 0.50000000000000000000
org.apache.commons.math3.distribution.AbstractIntegerDistribution:inverseCumulativeProbability:(D)I#135#188 prob_bp = 0.50000000000000000000
org.apache.commons.math3.distribution.AbstractIntegerDistribution:inverseCumulativeProbability:(D)I#136#192 prob_bp = 0.50000000000000000000
org.apache.commons.math3.distribution.AbstractIntegerDistribution:inverseCumulativeProbability:(D)I#136#194 prob_bp = 0.50000000000000000000
org.apache.commons.math3.distribution.AbstractIntegerDistribution:inverseCumulativeProbability:(D)I#136#196 prob_bp = 0.50000000000000000000
org.apache.commons.math3.distribution.AbstractIntegerDistribution:inverseCumulativeProbability:(D)I#136#197 prob_bp = 0.50000000000000000000
org.apache.commons.math3.distribution.HypergeometricDistribution:<init>:(III)V#63#4 prob_bp = 0.50000000000000010000
org.apache.commons.math3.random.AbstractWell:<init>:(IIII[I)V#94#1 prob_bp = 0.50000000000000010000
org.apache.commons.math3.random.BitsStreamGenerator:<init>:()V#40#0 prob_bp = 0.50000000000000010000
org.apache.commons.math3.random.AbstractWell:<init>:(IIII[I)V#120#165 prob_bp = 0.50000000000000010000
org.apache.commons.math3.random.AbstractWell:setSeed:(J)V#179#0 prob_bp = 0.50000000000000010000
org.apache.commons.math3.random.AbstractWell:setSeed:(J)V#179#15 prob_bp = 0.50000000000000010000
org.apache.commons.math3.random.AbstractWell:setSeed:(J)V#179#18 prob_bp = 0.50000000000000010000
org.apache.commons.math3.random.AbstractWell:setSeed:([I)V#161#38 prob_bp = 0.50000000000000010000
org.apache.commons.math3.random.AbstractWell:setSeed:([I)V#161#40 prob_bp = 0.50000000000000010000
org.apache.commons.math3.random.AbstractWell:setSeed:([I)V#162#49 prob_bp = 0.50000000000000010000
org.apache.commons.math3.random.AbstractWell:setSeed:([I)V#162#50 prob_bp = 0.50000000000000010000
org.apache.commons.math3.random.AbstractWell:setSeed:([I)V#162#53 prob_bp = 0.50000000000000010000
org.apache.commons.math3.random.AbstractWell:setSeed:([I)V#162#56 prob_bp = 0.50000000000000010000
org.apache.commons.math3.random.AbstractWell:setSeed:([I)V#163#61 prob_bp = 0.50000000000000010000
org.apache.commons.math3.random.AbstractWell:setSeed:([I)V#163#66 prob_bp = 0.50000000000000010000
org.apache.commons.math3.random.AbstractWell:setSeed:([I)V#163#67 prob_bp = 0.50000000000000010000
org.apache.commons.math3.random.AbstractWell:setSeed:([I)V#164#86 prob_bp = 0.50000000000000010000
org.apache.commons.math3.random.AbstractWell:setSeed:([I)V#164#93 prob_bp = 0.50000000000000010000
org.apache.commons.math3.random.AbstractWell:setSeed:([I)V#168#101 prob_bp = 0.50000000000000010000
org.apache.commons.math3.random.AbstractWell:setSeed:([I)V#168#102 prob_bp = 0.50000000000000010000
org.apache.commons.math3.distribution.AbstractIntegerDistribution:<init>:(Lorg/apache/commons/math3/random/RandomGenerator;)V#72#15 prob_bp = 0.50000000000000010000
org.apache.commons.math3.distribution.AbstractIntegerDistribution:<init>:(Lorg/apache/commons/math3/random/RandomGenerator;)V#72#16 prob_bp = 0.50000000000000010000
org.apache.commons.math3.distribution.AbstractIntegerDistribution:<init>:(Lorg/apache/commons/math3/random/RandomGenerator;)V#72#17 prob_bp = 0.50000000000000010000
org.apache.commons.math3.distribution.AbstractIntegerDistribution:sample:()I#193#0 prob_bp = 0.50000000000000010000
org.apache.commons.math3.distribution.AbstractIntegerDistribution:sample:()I#193#1 prob_bp = 0.50000000000000010000
org.apache.commons.math3.distribution.AbstractIntegerDistribution:sample:()I#193#5 prob_bp = 0.50000000000000010000
org.apache.commons.math3.random.Well19937c:next:(I)I#90#44 prob_bp = 0.50000000000000010000
org.apache.commons.math3.random.Well19937c:next:(I)I#91#60 prob_bp = 0.50000000000000010000
org.apache.commons.math3.random.Well19937c:next:(I)I#92#76 prob_bp = 0.50000000000000010000
org.apache.commons.math3.random.Well19937c:next:(I)I#95#102 prob_bp = 0.50000000000000010000
org.apache.commons.math3.random.Well19937c:next:(I)I#95#112 prob_bp = 0.50000000000000010000
org.apache.commons.math3.random.Well19937c:next:(I)I#96#121 prob_bp = 0.50000000000000010000
org.apache.commons.math3.random.Well19937c:next:(I)I#96#128 prob_bp = 0.50000000000000010000
org.apache.commons.math3.random.Well19937c:next:(I)I#98#156 prob_bp = 0.50000000000000010000
org.apache.commons.math3.random.Well19937c:next:(I)I#98#159 prob_bp = 0.50000000000000010000
org.apache.commons.math3.random.Well19937c:next:(I)I#98#161 prob_bp = 0.50000000000000010000
org.apache.commons.math3.random.Well19937c:next:(I)I#98#163 prob_bp = 0.50000000000000010000
org.apache.commons.math3.random.Well19937c:next:(I)I#102#198 prob_bp = 0.50000000000000010000
org.apache.commons.math3.distribution.HypergeometricDistribution:getSupportLowerBound:()I#308#2 prob_bp = 0.50000000000000010000
org.apache.commons.math3.distribution.HypergeometricDistribution:getSupportLowerBound:()I#308#6 prob_bp = 0.50000000000000010000
org.apache.commons.math3.distribution.HypergeometricDistribution:getSupportLowerBound:()I#308#11 prob_bp = 0.50000000000000010000
org.apache.commons.math3.distribution.HypergeometricDistribution:getNumericalMean:()D#268#0 prob_bp = 0.50000000000000010000
org.apache.commons.math3.distribution.HypergeometricDistribution:getNumericalMean:()D#268#4 prob_bp = 0.50000000000000010000
org.apache.commons.math3.distribution.HypergeometricDistribution:getNumericalMean:()D#268#10 prob_bp = 0.50000000000000010000
org.apache.commons.math3.distribution.AbstractIntegerDistribution:inverseCumulativeProbability:(D)I#127#106 prob_bp = 0.50000000000000010000
org.apache.commons.math3.random.AbstractWell:<init>:(IIII)V#72#0 prob_bp = 0.50000000000000020000
org.apache.commons.math3.random.BitsStreamGenerator:<init>:()V#40#1 prob_bp = 0.50000000000000020000
org.apache.commons.math3.random.AbstractWell:setSeed:(J)V#179#12 prob_bp = 0.50000000000000020000
org.apache.commons.math3.random.AbstractWell:setSeed:(J)V#179#13 prob_bp = 0.50000000000000020000
org.apache.commons.math3.random.AbstractWell:setSeed:(J)V#179#14 prob_bp = 0.50000000000000020000
org.apache.commons.math3.random.AbstractWell:setSeed:([I)V#162#48 prob_bp = 0.50000000000000020000
org.apache.commons.math3.random.AbstractWell:setSeed:([I)V#163#69 prob_bp = 0.50000000000000020000
org.apache.commons.math3.random.AbstractWell:setSeed:([I)V#164#85 prob_bp = 0.50000000000000020000
org.apache.commons.math3.random.Well19937c:next:(I)I#108#214 prob_bp = 0.50000000000000020000
org.apache.commons.math3.random.Well19937c:next:(I)I#109#224 prob_bp = 0.50000000000000020000
org.apache.commons.math3.distribution.HypergeometricDistribution:<init>:(III)V#63#1 prob_bp = 0.50000000000000030000
org.apache.commons.math3.random.AbstractWell:setSeed:([I)V#155#14 prob_bp = 0.50000000000000030000
org.apache.commons.math3.random.AbstractWell:setSeed:([I)V#161#45 prob_bp = 0.50000000000000030000
org.apache.commons.math3.random.AbstractWell:setSeed:([I)V#163#64 prob_bp = 0.50000000000000030000
org.apache.commons.math3.random.AbstractWell:setSeed:([I)V#163#68 prob_bp = 0.50000000000000030000
org.apache.commons.math3.random.AbstractWell:setSeed:([I)V#164#75 prob_bp = 0.50000000000000030000
org.apache.commons.math3.random.AbstractWell:setSeed:([I)V#164#83 prob_bp = 0.50000000000000030000
org.apache.commons.math3.random.AbstractWell:setSeed:([I)V#164#88 prob_bp = 0.50000000000000040000
org.apache.commons.math3.random.AbstractWell:setSeed:([I)V#162#95 prob_bp = 0.50000000000000040000
org.apache.commons.math3.random.AbstractWell:setSeed:([I)V#164#89 prob_bp = 0.50000000000000060000
org.apache.commons.math3.random.AbstractWell:setSeed:([I)V#164#76 prob_bp = 0.50000000000000070000
org.apache.commons.math3.random.AbstractWell:setSeed:([I)V#162#57 prob_bp = 0.50000000000000090000
org.apache.commons.math3.random.AbstractWell:setSeed:([I)V#164#92 prob_bp = 0.50000000000000100000
org.apache.commons.math3.random.Well19937c:<init>:()V#57#12 prob_bp = 0.50000000000000130000
org.apache.commons.math3.distribution.HypergeometricDistribution:calculateNumericalVariance:()D#294#12 prob_bp = 0.50000000000001610000
org.apache.commons.math3.distribution.HypergeometricDistribution:calculateNumericalVariance:()D#294#13 prob_bp = 0.50000000000001750000
org.apache.commons.math3.distribution.HypergeometricDistribution:<init>:(Lorg/apache/commons/math3/random/RandomGenerator;III)V#108#129 prob_bp = 0.50000000000009710000
org.apache.commons.math3.distribution.HypergeometricDistribution:<init>:(Lorg/apache/commons/math3/random/RandomGenerator;III)V#108#128 prob_bp = 0.50000000000011490000
org.apache.commons.math3.distribution.HypergeometricDistribution:<init>:(Lorg/apache/commons/math3/random/RandomGenerator;III)V#108#130 prob_bp = 0.50000000000020950000
org.apache.commons.math3.distribution.HypergeometricDistribution:calculateNumericalVariance:()D#293#6 prob_bp = 0.50000000000031080000
org.apache.commons.math3.distribution.HypergeometricDistribution:calculateNumericalVariance:()D#293#7 prob_bp = 0.50000000000033980000
org.apache.commons.math3.distribution.HypergeometricDistribution:<init>:(Lorg/apache/commons/math3/random/RandomGenerator;III)V#86#17 prob_bp = 0.50000000000049950000
org.apache.commons.math3.distribution.HypergeometricDistribution:<init>:(Lorg/apache/commons/math3/random/RandomGenerator;III)V#86#18 prob_bp = 0.50000000000071330000
org.apache.commons.math3.distribution.HypergeometricDistribution:calculateNumericalVariance:()D#294#16 prob_bp = 0.50000000000098420000
org.apache.commons.math3.distribution.HypergeometricDistribution:calculateNumericalVariance:()D#294#17 prob_bp = 0.50000000000205760000
org.apache.commons.math3.distribution.HypergeometricDistribution:calculateNumericalVariance:()D#295#23 prob_bp = 0.50000000000211440000
org.apache.commons.math3.distribution.HypergeometricDistribution:calculateNumericalVariance:()D#295#21 prob_bp = 0.50000000000211530000
org.apache.commons.math3.distribution.HypergeometricDistribution:calculateNumericalVariance:()D#295#24 prob_bp = 0.50000000000218180000
org.apache.commons.math3.distribution.HypergeometricDistribution:calculateNumericalVariance:()D#295#19 prob_bp = 0.50000000000218240000
org.apache.commons.math3.distribution.HypergeometricDistribution:calculateNumericalVariance:()D#295#26 prob_bp = 0.50000000000465990000
org.apache.commons.math3.distribution.HypergeometricDistribution:calculateNumericalVariance:()D#295#22 prob_bp = 0.50000000000466090000
org.apache.commons.math3.distribution.HypergeometricDistribution:<init>:(Lorg/apache/commons/math3/random/RandomGenerator;III)V#109#134 prob_bp = 0.50000000000629800000
org.apache.commons.math3.distribution.HypergeometricDistribution:<init>:(Lorg/apache/commons/math3/random/RandomGenerator;III)V#109#133 prob_bp = 0.50000000000789780000
org.apache.commons.math3.distribution.HypergeometricDistribution:getNumericalVariance:()D#280#8 prob_bp = 0.50000000000891820000
org.apache.commons.math3.distribution.HypergeometricDistribution:getNumericalVariance:()D#280#9 prob_bp = 0.50000000000911140000
org.apache.commons.math3.distribution.HypergeometricDistribution:calculateNumericalVariance:()D#292#0 prob_bp = 0.50000000000919980000
org.apache.commons.math3.distribution.HypergeometricDistribution:calculateNumericalVariance:()D#292#1 prob_bp = 0.50000000001006120000
org.apache.commons.math3.distribution.HypergeometricDistribution:getPopulationSize:()I#170#0 prob_bp = 0.50000000001191220000
org.apache.commons.math3.distribution.HypergeometricDistribution:getPopulationSize:()I#170#1 prob_bp = 0.50000000001588950000
org.apache.commons.math3.distribution.HypergeometricDistribution:<init>:(Lorg/apache/commons/math3/random/RandomGenerator;III)V#109#135 prob_bp = 0.50000000001884040000
org.apache.commons.math3.distribution.HypergeometricDistribution:<init>:(Lorg/apache/commons/math3/random/RandomGenerator;III)V#90#36 prob_bp = 0.50000000003186860000
org.apache.commons.math3.distribution.HypergeometricDistribution:<init>:(Lorg/apache/commons/math3/random/RandomGenerator;III)V#90#37 prob_bp = 0.50000000004727460000
org.apache.commons.math3.distribution.HypergeometricDistribution:calculateNumericalVariance:()D#293#10 prob_bp = 0.50000000007768450000
org.apache.commons.math3.distribution.HypergeometricDistribution:calculateNumericalVariance:()D#293#11 prob_bp = 0.50000000019052930000
org.apache.commons.math3.random.BitsStreamGenerator:nextDouble:()D#90#0 prob_bp = 0.50000000028011930000
org.apache.commons.math3.random.BitsStreamGenerator:nextDouble:()D#90#1 prob_bp = 0.50000000028011950000
org.apache.commons.math3.random.BitsStreamGenerator:nextDouble:()D#90#3 prob_bp = 0.50000000028577910000
org.apache.commons.math3.distribution.HypergeometricDistribution:calculateNumericalVariance:()D#295#27 prob_bp = 0.50000000029554860000
org.apache.commons.math3.random.BitsStreamGenerator:nextDouble:()D#90#6 prob_bp = 0.50000000030841750000
org.apache.commons.math3.random.BitsStreamGenerator:nextDouble:()D#90#7 prob_bp = 0.50000000034713780000
org.apache.commons.math3.random.BitsStreamGenerator:nextDouble:()D#90#9 prob_bp = 0.50000000035415130000
org.apache.commons.math3.distribution.HypergeometricDistribution:calculateNumericalVariance:()D#295#28 prob_bp = 0.50000000043079470000
org.apache.commons.math3.distribution.HypergeometricDistribution:calculateNumericalVariance:()D#295#29 prob_bp = 0.50000000043090390000
org.apache.commons.math3.random.BitsStreamGenerator:nextDouble:()D#90#10 prob_bp = 0.50000000053709650000
org.apache.commons.math3.distribution.HypergeometricDistribution:calculateNumericalVariance:()D#295#32 prob_bp = 0.50000000060109480000
org.apache.commons.math3.distribution.HypergeometricDistribution:calculateNumericalVariance:()D#295#33 prob_bp = 0.50000000060109480000
org.apache.commons.math3.random.BitsStreamGenerator:nextDouble:()D#91#11 prob_bp = 0.50000000073144470000
org.apache.commons.math3.random.BitsStreamGenerator:nextDouble:()D#91#12 prob_bp = 0.50000000073144470000
org.apache.commons.math3.distribution.HypergeometricDistribution:getPopulationSize:()I#170#4 prob_bp = 0.50000000074526370000
org.apache.commons.math3.random.BitsStreamGenerator:nextDouble:()D#91#14 prob_bp = 0.50000000074622230000
org.apache.commons.math3.random.BitsStreamGenerator:nextDouble:()D#91#17 prob_bp = 0.50000000080533300000
org.apache.commons.math3.random.BitsStreamGenerator:nextDouble:()D#92#18 prob_bp = 0.50000000090666400000
org.apache.commons.math3.random.BitsStreamGenerator:nextDouble:()D#92#19 prob_bp = 0.50000000092474420000
org.apache.commons.math3.distribution.HypergeometricDistribution:calculateNumericalVariance:()D#295#30 prob_bp = 0.50000000094944060000
org.apache.commons.math3.util.FastMath:log:(D[D)D#1162#84 prob_bp = 0.50000000107277140000
org.apache.commons.math3.random.BitsStreamGenerator:nextDouble:()D#92#20 prob_bp = 0.50000000116596070000
org.apache.commons.math3.distribution.HypergeometricDistribution:calculateNumericalVariance:()D#295#34 prob_bp = 0.50000000132476980000
org.apache.commons.math3.random.BitsStreamGenerator:nextDouble:()D#92#21 prob_bp = 0.50000000165319520000
org.apache.commons.math3.distribution.HypergeometricDistribution:calculateNumericalVariance:()D#292#4 prob_bp = 0.50000000231260240000
org.apache.commons.math3.util.FastMath:log:(D[D)D#1162#85 prob_bp = 0.50000000235465490000
org.apache.commons.math3.distribution.HypergeometricDistribution:<init>:(Lorg/apache/commons/math3/random/RandomGenerator;III)V#94#55 prob_bp = 0.50000000255905200000
org.apache.commons.math3.util.FastMath:log:(D[D)D#1162#88 prob_bp = 0.50000000261888940000
org.apache.commons.math3.distribution.HypergeometricDistribution:<init>:(Lorg/apache/commons/math3/random/RandomGenerator;III)V#94#57 prob_bp = 0.50000000359060200000
org.apache.commons.math3.util.FastMath:log:(D[D)D#1142#15 prob_bp = 0.50000000436379570000
org.apache.commons.math3.distribution.HypergeometricDistribution:calculateNumericalVariance:()D#292#5 prob_bp = 0.50000000568062770000
org.apache.commons.math3.util.FastMath:log:(D[D)D#1142#16 prob_bp = 0.50000000910387750000
org.apache.commons.math3.util.FastMath:log:(D[D)D#1142#19 prob_bp = 0.50000000915078290000
org.apache.commons.math3.distribution.HypergeometricDistribution:calculateNumericalVariance:()D#295#35 prob_bp = 0.50000001128301820000
org.apache.commons.math3.distribution.HypergeometricDistribution:calculateNumericalVariance:()D#295#36 prob_bp = 0.50000002434385560000
org.apache.commons.math3.distribution.HypergeometricDistribution:calculateNumericalVariance:()D#295#37 prob_bp = 0.50000002486697630000
org.apache.commons.math3.distribution.HypergeometricDistribution:<init>:(Lorg/apache/commons/math3/random/RandomGenerator;III)V#84#0 prob_bp = 0.50000004385264980000
org.apache.commons.math3.distribution.HypergeometricDistribution:calculateNumericalVariance:()D#295#31 prob_bp = 0.50000006181829540000
org.apache.commons.math3.distribution.HypergeometricDistribution:calculateNumericalVariance:()D#295#38 prob_bp = 0.50000008627394300000
org.apache.commons.math3.distribution.HypergeometricDistribution:<init>:(III)V#63#9 prob_bp = 0.50000009459134480000
org.apache.commons.math3.distribution.HypergeometricDistribution:<init>:(Lorg/apache/commons/math3/random/RandomGenerator;III)V#99#76 prob_bp = 0.50000011527562770000
org.apache.commons.math3.distribution.HypergeometricDistribution:<init>:(Lorg/apache/commons/math3/random/RandomGenerator;III)V#99#77 prob_bp = 0.50000011534462970000
org.apache.commons.math3.distribution.HypergeometricDistribution:<init>:(Lorg/apache/commons/math3/random/RandomGenerator;III)V#84#2 prob_bp = 0.50000012276050270000
org.apache.commons.math3.distribution.HypergeometricDistribution:<init>:(Lorg/apache/commons/math3/random/RandomGenerator;III)V#99#78 prob_bp = 0.50000017986782170000
org.apache.commons.math3.util.FastMath:log:(D[D)D#1139#10 prob_bp = 0.50000120409365880000
org.apache.commons.math3.util.FastMath:log:(D[D)D#1136#0 prob_bp = 0.50000126343758680000
org.apache.commons.math3.util.FastMath:log:(D[D)D#1136#2 prob_bp = 0.50000128950543090000
org.apache.commons.math3.util.FastMath:log:(D[D)D#1139#11 prob_bp = 0.50000128975808710000
org.apache.commons.math3.util.FastMath:log:(D[D)D#1136#1 prob_bp = 0.50000129473182300000
org.apache.commons.math3.util.FastMath:log:(D[D)D#1139#14 prob_bp = 0.50000145425321310000
org.apache.commons.math3.util.FastMath:log:(D[D)D#1162#89 prob_bp = 0.50000167772480020000
org.apache.commons.math3.util.FastMath:log:(D[D)D#1162#90 prob_bp = 0.50000173582601680000
org.apache.commons.math3.util.FastMath:log:(D[D)D#1160#73 prob_bp = 0.50000215174026820000
org.apache.commons.math3.util.FastMath:log:(D[D)D#1142#25 prob_bp = 0.50000340585228780000
org.apache.commons.math3.util.FastMath:log:(D[D)D#1142#26 prob_bp = 0.50000340585228780000
org.apache.commons.math3.util.FastMath:log:(D[D)D#1142#27 prob_bp = 0.50000371919974200000
org.apache.commons.math3.random.BitsStreamGenerator:nextDouble:()D#92#22 prob_bp = 0.50000439947412180000
org.apache.commons.math3.random.BitsStreamGenerator:nextDouble:()D#92#23 prob_bp = 0.50000448645166270000
org.apache.commons.math3.random.BitsStreamGenerator:nextDouble:()D#92#26 prob_bp = 0.50000457700717870000
org.apache.commons.math3.util.FastMath:log:(D[D)D#1142#21 prob_bp = 0.50000461583102180000
org.apache.commons.math3.util.FastMath:log:(D[D)D#1142#20 prob_bp = 0.50000466255943830000
org.apache.commons.math3.util.FastMath:log:(D[D)D#1160#74 prob_bp = 0.50000472495421210000
org.apache.commons.math3.random.BitsStreamGenerator:nextDouble:()D#92#27 prob_bp = 0.50000528369054130000
org.apache.commons.math3.util.FastMath:log:(D[D)D#1160#76 prob_bp = 0.50000563189410020000
org.apache.commons.math3.util.FastMath:min:(II)I#3429#1 prob_bp = 0.50000619854283010000
org.apache.commons.math3.random.AbstractWell:<init>:(IIII)V#72#6 prob_bp = 0.50000645433976510000
org.apache.commons.math3.random.AbstractWell:<init>:(IIII)V#72#7 prob_bp = 0.50000659060766330000
org.apache.commons.math3.util.FastMath:min:(II)I#3429#0 prob_bp = 0.50000720328977840000
org.apache.commons.math3.util.FastMath:min:(II)I#3429#2 prob_bp = 0.50001263354547220000
org.apache.commons.math3.distribution.HypergeometricDistribution:calculateNumericalVariance:()D#295#39 prob_bp = 0.50001307927938300000
org.apache.commons.math3.distribution.HypergeometricDistribution:getSupportUpperBound:()I#321#0 prob_bp = 0.50001748951577520000
org.apache.commons.math3.distribution.HypergeometricDistribution:getSupportUpperBound:()I#321#1 prob_bp = 0.50001960371619370000
org.apache.commons.math3.util.FastMath:log:(D[D)D#1136#3 prob_bp = 0.50002269123097100000
org.apache.commons.math3.random.AbstractWell:<init>:(IIII[I)V#120#166 prob_bp = 0.50002341434201690000
org.apache.commons.math3.distribution.HypergeometricDistribution:getNumberOfSuccesses:()I#161#0 prob_bp = 0.50002534450853700000
org.apache.commons.math3.util.FastMath:log:(D[D)D#1162#91 prob_bp = 0.50004082509751820000
org.apache.commons.math3.distribution.HypergeometricDistribution:getNumberOfSuccesses:()I#161#1 prob_bp = 0.50004093199093870000
org.apache.commons.math3.util.FastMath:log:(D[D)D#1160#77 prob_bp = 0.50004444991142550000
org.apache.commons.math3.distribution.HypergeometricDistribution:getSupportUpperBound:()I#321#4 prob_bp = 0.50004610428869570000
org.apache.commons.math3.random.AbstractWell:<init>:(IIII[I)V#120#168 prob_bp = 0.50004742150039570000
org.apache.commons.math3.distribution.HypergeometricDistribution:getSupportUpperBound:()I#321#5 prob_bp = 0.50005159215489180000
org.apache.commons.math3.util.FastMath:log:(D[D)D#1151#51 prob_bp = 0.50005246814847500000
org.apache.commons.math3.util.FastMath:log:(D[D)D#1151#52 prob_bp = 0.50005472554233800000
org.apache.commons.math3.util.FastMath:log:(D[D)D#1182#138 prob_bp = 0.50005693491672010000
org.apache.commons.math3.util.FastMath:log:(D[D)D#1151#55 prob_bp = 0.50005882777297330000
org.apache.commons.math3.util.FastMath:log:(D)D#1126#0 prob_bp = 0.50006105076690020000
org.apache.commons.math3.util.FastMath:log:(D[D)D#1142#22 prob_bp = 0.50009611049812710000
org.apache.commons.math3.distribution.HypergeometricDistribution:<init>:(Lorg/apache/commons/math3/random/RandomGenerator;III)V#47#12 prob_bp = 0.50011284543925770000
org.apache.commons.math3.util.FastMath:log:(D[D)D#1182#140 prob_bp = 0.50012504008528420000
org.apache.commons.math3.util.FastMath:log:(D[D)D#1182#141 prob_bp = 0.50014079398005200000
org.apache.commons.math3.distribution.HypergeometricDistribution:<init>:(Lorg/apache/commons/math3/random/RandomGenerator;III)V#47#13 prob_bp = 0.50014205093578170000
org.apache.commons.math3.distribution.HypergeometricDistribution:<init>:(Lorg/apache/commons/math3/random/RandomGenerator;III)V#47#14 prob_bp = 0.50014775814743480000
org.apache.commons.math3.distribution.HypergeometricDistribution:<init>:(III)V#63#8 prob_bp = 0.50019189005043090000
org.apache.commons.math3.distribution.HypergeometricDistribution:<init>:(Lorg/apache/commons/math3/random/RandomGenerator;III)V#103#103 prob_bp = 0.50024923746232420000
org.apache.commons.math3.distribution.HypergeometricDistribution:<init>:(Lorg/apache/commons/math3/random/RandomGenerator;III)V#103#101 prob_bp = 0.50026147371163390000
org.apache.commons.math3.distribution.HypergeometricDistribution:<init>:(Lorg/apache/commons/math3/random/RandomGenerator;III)V#103#104 prob_bp = 0.50043061813726970000
org.apache.commons.math3.random.AbstractWell:setSeed:(J)V#179#1 prob_bp = 0.50055572814145240000
org.apache.commons.math3.random.AbstractWell:setSeed:(J)V#179#2 prob_bp = 0.50057788899189560000
org.apache.commons.math3.random.AbstractWell:setSeed:(J)V#179#21 prob_bp = 0.50066627990228920000
org.apache.commons.math3.distribution.HypergeometricDistribution:getNumericalVariance:()D#279#0 prob_bp = 0.50067579990786660000
org.apache.commons.math3.util.FastMath:log:(D[D)D#1142#28 prob_bp = 0.50068672334497420000
org.apache.commons.math3.distribution.HypergeometricDistribution:getNumericalVariance:()D#279#1 prob_bp = 0.50068956048436010000
org.apache.commons.math3.random.AbstractWell:setSeed:([I)V#154#0 prob_bp = 0.50116113445192390000
org.apache.commons.math3.distribution.HypergeometricDistribution:getNumericalVariance:()D#279#4 prob_bp = 0.50287379841887720000
org.apache.commons.math3.random.AbstractWell:setSeed:([I)V#154#1 prob_bp = 0.50294337603883430000
org.apache.commons.math3.distribution.HypergeometricDistribution:getNumberOfSuccesses:()I#161#4 prob_bp = 0.50403257488164530000
org.apache.commons.math3.util.FastMath:log:(D[D)D#1151#56 prob_bp = 0.50519819423823350000
org.apache.commons.math3.util.FastMath:log:(D[D)D#1160#81 prob_bp = 0.51181980118406150000
org.apache.commons.math3.util.FastMath:log:(D[D)D#1160#78 prob_bp = 0.51277555790329340000
org.apache.commons.math3.util.FastMath:log:(D[D)D#1160#82 prob_bp = 0.51475606326445920000
org.apache.commons.math3.distribution.HypergeometricDistribution:<init>:(III)V#63#10 prob_bp = 0.51948916813374280000
org.apache.commons.math3.distribution.HypergeometricDistribution:<init>:(III)V#63#0 prob_bp = 0.52234647957367440000
org.apache.commons.math3.util.FastMath:min:(II)I#3429#9 prob_bp = 0.52292565644564430000
org.apache.commons.math3.distribution.HypergeometricDistribution:<init>:(Lorg/apache/commons/math3/random/RandomGenerator;III)V#110#139 prob_bp = 0.52293586910387350000
org.apache.commons.math3.distribution.HypergeometricDistribution:getSupportUpperBound:()I#321#8 prob_bp = 0.52329950512164720000
org.apache.commons.math3.distribution.HypergeometricDistribution:<init>:(Lorg/apache/commons/math3/random/RandomGenerator;III)V#110#138 prob_bp = 0.52471615248726990000
org.apache.commons.math3.util.FastMath:log:(D[D)D#1182#144 prob_bp = 0.52645258978676570000
org.apache.commons.math3.distribution.HypergeometricDistribution:<init>:(Lorg/apache/commons/math3/random/RandomGenerator;III)V#110#141 prob_bp = 0.52861129984205160000
org.apache.commons.math3.distribution.HypergeometricDistribution:<init>:(III)V#63#11 prob_bp = 0.54163027032878120000
org.apache.commons.math3.util.FastMath:log:(D[D)D#1182#146 prob_bp = 0.55986367203016780000
org.apache.commons.math3.util.FastMath:min:(II)I#3429#10 prob_bp = 0.68446008347928790000
org.apache.commons.math3.distribution.HypergeometricDistribution:getSampleSize:()I#179#1 prob_bp = 0.68474305032796130000
org.apache.commons.math3.distribution.HypergeometricDistribution:calculateNumericalVariance:()D#295#40 prob_bp = 0.77511933886162090000
org.apache.commons.math3.distribution.HypergeometricDistribution:getNumericalVariance:()D#280#7 prob_bp = 0.78123930956198780000
org.apache.commons.math3.distribution.HypergeometricDistribution:getNumericalVariance:()D#280#12 prob_bp = 0.78794197272802980000
org.apache.commons.math3.distribution.HypergeometricDistribution:getNumericalVariance:()D#283#21 prob_bp = 0.85815516220786460000
org.apache.commons.math3.distribution.HypergeometricDistribution:getSupportUpperBound:()I#321#11 prob_bp = 0.87254869400391040000
org.apache.commons.math3.util.FastMath:log:(D)D#1126#2 prob_bp = 0.88784984237618970000
org.apache.commons.math3.distribution.HypergeometricDistribution:getSampleSize:()I#179#0 prob_bp = 0.98328727534579030000
org.apache.commons.math3.distribution.HypergeometricDistribution:getNumericalVariance:()D#283#20 prob_bp = 0.98625577855268430000
org.apache.commons.math3.distribution.HypergeometricDistribution:getNumericalVariance:()D#283#24 prob_bp = 0.99009899954995430000
org.apache.commons.math3.util.FastMath:sqrt:(D)D#385#0 prob_bp = 0.99009900044207100000
org.apache.commons.math3.util.FastMath:sqrt:(D)D#385#1 prob_bp = 0.99009900551362870000
org.apache.commons.math3.util.FastMath:sqrt:(D)D#385#4 prob_bp = 0.99009900551362870000
org.apache.commons.math3.distribution.HypergeometricDistribution:getSampleSize:()I#179#4 prob_bp = 0.99017618753973020000
org.apache.commons.math3.distribution.HypergeometricDistributionTest:makeDistribution:()Lorg/apache/commons/math3/distribution/IntegerDistribution;#42#4 prob_bp = 1.00000000000000000000
org.apache.commons.math3.distribution.HypergeometricDistributionTest:makeDistribution:()Lorg/apache/commons/math3/distribution/IntegerDistribution;#42#6 prob_bp = 1.00000000000000000000
org.apache.commons.math3.distribution.HypergeometricDistributionTest:makeDistribution:()Lorg/apache/commons/math3/distribution/IntegerDistribution;#42#7 prob_bp = 1.00000000000000000000
org.apache.commons.math3.distribution.HypergeometricDistributionTest:makeDistribution:()Lorg/apache/commons/math3/distribution/IntegerDistribution;#42#8 prob_bp = 1.00000000000000000000
org.apache.commons.math3.distribution.HypergeometricDistributionTest:testMath1021:()V#293#11 prob_bp = 1.00000000000000000000
org.apache.commons.math3.distribution.HypergeometricDistributionTest:testMath1021:()V#293#14 prob_bp = 1.00000000000000000000
org.apache.commons.math3.distribution.HypergeometricDistributionTest:testMath1021:()V#293#15 prob_bp = 1.00000000000000000000
org.apache.commons.math3.distribution.HypergeometricDistributionTest:testMath1021:()V#293#18 prob_bp = 1.00000000000000000000
org.apache.commons.math3.distribution.HypergeometricDistributionTest:testMath1021:()V#293#21 prob_bp = 1.00000000000000000000
org.apache.commons.math3.distribution.HypergeometricDistributionTest:testMath1021:()V#293#23 prob_bp = 1.00000000000000000000
org.apache.commons.math3.distribution.HypergeometricDistributionTest:testMath1021:()V#293#26 prob_bp = 1.00000000000000000000
org.apache.commons.math3.distribution.HypergeometricDistributionTest:testMath1021:()V#295#28 prob_bp = 1.00000000000000000000
org.apache.commons.math3.distribution.HypergeometricDistributionTest:testMath1021:()V#295#29 prob_bp = 1.00000000000000000000
org.apache.commons.math3.distribution.HypergeometricDistributionTest:testMath1021:()V#295#31 prob_bp = 1.00000000000000000000
org.apache.commons.math3.distribution.HypergeometricDistributionTest:testMath1021:()V#295#33 prob_bp = 1.00000000000000000000
org.apache.commons.math3.distribution.HypergeometricDistributionTest:testMath1021:()V#295#35 prob_bp = 1.00000000000000000000
org.apache.commons.math3.distribution.HypergeometricDistributionTest:testMath1021:()V#296#38 prob_bp = 1.00000000000000000000
org.apache.commons.math3.distribution.HypergeometricDistributionTest:testMath1021:()V#296#40 prob_bp = 1.00000000000000000000
org.apache.commons.math3.distribution.HypergeometricDistributionTest:testMath1021:()V#296#43 prob_bp = 1.00000000000000000000
org.apache.commons.math3.distribution.HypergeometricDistributionTest:testMath1021:()V#297#45 prob_bp = 1.00000000000000000000
org.apache.commons.math3.distribution.HypergeometricDistributionTest:testMath1021:()V#297#52 prob_bp = 1.00000000000000000000
org.apache.commons.math3.distribution.HypergeometricDistributionTest:testMath1021:()V#297#55 prob_bp = 1.00000000000000000000
org.apache.commons.math3.distribution.HypergeometricDistributionTest:testMath1021:()V#297#58 prob_bp = 1.00000000000000000000
org.apache.commons.math3.distribution.HypergeometricDistributionTest:testMath1021:()V#297#60 prob_bp = 1.00000000000000000000
org.apache.commons.math3.distribution.HypergeometricDistributionTest:testMath1021:()V#297#63 prob_bp = 1.00000000000000000000
org.apache.commons.math3.distribution.HypergeometricDistributionTest:testMath1021:()V#297#66 prob_bp = 1.00000000000000000000
org.apache.commons.math3.distribution.HypergeometricDistributionTest:testMath1021:()V#297#67 prob_bp = 1.00000000000000000000
org.apache.commons.math3.distribution.HypergeometricDistributionTest:testMath1021:()V#297#69 prob_bp = 1.00000000000000000000
org.apache.commons.math3.distribution.HypergeometricDistributionTest:testMath1021:()V#297#76 prob_bp = 1.00000000000000000000
org.apache.commons.math3.distribution.HypergeometricDistributionTest:testMath1021:()V#297#77 prob_bp = 1.00000000000000000000
Belief propagation time : 55.636000s
