Belief propagation time: 100

Probabilities: 
Vars:35171
Stmts:5725
org.apache.commons.math.analysis.BrentSolver:solve:(DD)D#138#50 prob_bp = 0.49205399261728083000
org.apache.commons.math.analysis.BrentSolver:solve:(DDDDDD)D#178#11 prob_bp = 0.49999998939219353000
org.apache.commons.math.analysis.BrentSolver:solve:(DDDDDD)D#178#10 prob_bp = 0.49999998975521390000
org.apache.commons.math.analysis.BrentSolver:solve:(DDDDDD)D#186#51 prob_bp = 0.49999999973943900000
org.apache.commons.math.analysis.BrentSolver:solve:(DDDDDD)D#186#49 prob_bp = 0.49999999992722993000
org.apache.commons.math.analysis.BrentSolver:solve:(DD)D#147#127 prob_bp = 0.49999999999410205000
org.apache.commons.math.analysis.BrentSolver:solve:(DD)D#147#124 prob_bp = 0.50000000000000010000
org.apache.commons.math.analysis.BrentSolver:solve:(DDDDDD)D#180#27 prob_bp = 0.50000000000000370000
org.apache.commons.math.analysis.BrentSolver:solve:(DDDDDD)D#180#22 prob_bp = 0.50000000000000410000
org.apache.commons.math.analysis.BrentSolver:solve:(DDDDDD)D#180#29 prob_bp = 0.50000000000001470000
org.apache.commons.math.analysis.BrentSolver:solve:(DDDDDD)D#180#24 prob_bp = 0.50000000000001540000
org.apache.commons.math.analysis.BrentSolver:solve:(DDDDDD)D#180#32 prob_bp = 0.50000000000005810000
org.apache.commons.math.analysis.BrentSolver:solve:(DDDDDD)D#180#33 prob_bp = 0.50000000121477260000
org.apache.commons.math.analysis.BrentSolver:solve:(DDDDDD)D#189#61 prob_bp = 0.50000000178772710000
org.apache.commons.math.analysis.UnivariateRealSolverImpl:<init>:(Lorg/apache/commons/math/analysis/UnivariateRealFunction;ID)V#96#40 prob_bp = 0.50000000256610560000
org.apache.commons.math.analysis.UnivariateRealSolverImpl:<init>:(Lorg/apache/commons/math/analysis/UnivariateRealFunction;ID)V#96#41 prob_bp = 0.50000000270275850000
org.apache.commons.math.analysis.UnivariateRealSolverImpl:<init>:(Lorg/apache/commons/math/analysis/UnivariateRealFunction;ID)V#96#44 prob_bp = 0.50000000275894650000
org.apache.commons.math.analysis.UnivariateRealSolverImpl:<init>:(Lorg/apache/commons/math/analysis/UnivariateRealFunction;ID)V#99#61 prob_bp = 0.50000000332545370000
org.apache.commons.math.analysis.BrentSolver:solve:(DDDDDD)D#189#62 prob_bp = 0.50000000352088280000
org.apache.commons.math.analysis.UnivariateRealSolverImpl:<init>:(Lorg/apache/commons/math/analysis/UnivariateRealFunction;ID)V#99#62 prob_bp = 0.50000000357535460000
org.apache.commons.math.analysis.BrentSolver:<init>:(Lorg/apache/commons/math/analysis/UnivariateRealFunction;)V#42#2 prob_bp = 0.50000000426198130000
org.apache.commons.math.analysis.UnivariateRealSolverImpl:<init>:(Lorg/apache/commons/math/analysis/UnivariateRealFunction;ID)V#101#74 prob_bp = 0.50000000451126870000
org.apache.commons.math.analysis.UnivariateRealSolverImpl:<init>:(Lorg/apache/commons/math/analysis/UnivariateRealFunction;ID)V#101#73 prob_bp = 0.50000000451147460000
org.apache.commons.math.analysis.UnivariateRealSolverImpl:<init>:(Lorg/apache/commons/math/analysis/UnivariateRealFunction;ID)V#101#75 prob_bp = 0.50000000484200400000
org.apache.commons.math.analysis.BrentSolver:solve:(DDDDDD)D#179#15 prob_bp = 0.50000000486102520000
org.apache.commons.math.analysis.BrentSolver:solve:(DDDDDD)D#179#16 prob_bp = 0.50000000907906460000
org.apache.commons.math.analysis.BrentSolver:solve:(DDDDDD)D#180#33#unexe#7 prob_bp = 0.50000001086230010000
org.apache.commons.math.analysis.UnivariateRealSolverImpl:<init>:(Lorg/apache/commons/math/analysis/UnivariateRealFunction;ID)V#99#60 prob_bp = 0.50000001435689840000
org.apache.commons.math.analysis.UnivariateRealSolverImpl:<init>:(Lorg/apache/commons/math/analysis/UnivariateRealFunction;ID)V#99#65 prob_bp = 0.50000001543556380000
org.apache.commons.math.analysis.BrentSolver:solve:(DDDDDD)D#189#56 prob_bp = 0.50000004130709740000
org.apache.commons.math.analysis.BrentSolver:solve:(DDDDDD)D#189#58 prob_bp = 0.50000015939670000000
org.apache.commons.math.analysis.BrentSolver:solve:(DDDDDD)D#179#13 prob_bp = 0.50000018868333000000
org.apache.commons.math.analysis.BrentSolver:solve:(DDDDDD)D#189#65 prob_bp = 0.50000061737482650000
org.apache.commons.math.analysis.BrentSolver:solve:(DD)D#147#119 prob_bp = 0.50000068252806550000
org.apache.commons.math.analysis.BrentSolver:solve:(DDDDDD)D#179#19 prob_bp = 0.50000069361590690000
org.apache.commons.math.analysis.BrentSolver:solve:(DD)D#147#129 prob_bp = 0.50000084262607300000
org.apache.commons.math.analysis.BrentSolver:solve:(DD)D#137#39 prob_bp = 0.50001521574183760000
org.apache.commons.math.analysis.BrentSolver:solve:(DD)D#137#41 prob_bp = 0.50001521574183760000
org.apache.commons.math.analysis.BrentSolver:solve:(DD)D#137#43 prob_bp = 0.50001614784631610000
org.apache.commons.math.analysis.BrentSolver:solve:(DD)D#137#44 prob_bp = 0.50002664815960420000
org.apache.commons.math.analysis.BrentSolver:solve:(DD)D#138#46 prob_bp = 0.50004850966149520000
org.apache.commons.math.analysis.BrentSolver:solve:(DD)D#138#48 prob_bp = 0.50008194399789850000
org.apache.commons.math.analysis.BrentSolver:solve:(DD)D#138#49 prob_bp = 0.50008292961019650000
org.apache.commons.math.analysis.BrentSolver:solve:(DD)D#129#5 prob_bp = 0.50033414935846240000
org.apache.commons.math.analysis.BrentSolver:solve:(DD)D#129#6 prob_bp = 0.50033414935846240000
org.apache.commons.math.analysis.BrentSolver:<init>:(Lorg/apache/commons/math/analysis/UnivariateRealFunction;)V#42#0 prob_bp = 0.50035368166501810000
org.apache.commons.math.analysis.UnivariateRealSolverImpl:verifyInterval:(DD)V#295#1 prob_bp = 0.50035574046400880000
org.apache.commons.math.analysis.UnivariateRealSolverImpl:verifyInterval:(DD)V#295#0 prob_bp = 0.50035574046400890000
org.apache.commons.math.analysis.UnivariateRealSolverImpl:<init>:(Lorg/apache/commons/math/analysis/UnivariateRealFunction;ID)V#93#23 prob_bp = 0.50037435251692660000
org.apache.commons.math.analysis.UnivariateRealSolverImpl:<init>:(Lorg/apache/commons/math/analysis/UnivariateRealFunction;ID)V#93#24 prob_bp = 0.50037695660945170000
org.apache.commons.math.analysis.UnivariateRealSolverImpl:verifyInterval:(DD)V#295#2 prob_bp = 0.50038661246630180000
org.apache.commons.math.analysis.UnivariateRealSolverImpl:<init>:(Lorg/apache/commons/math/analysis/UnivariateRealFunction;ID)V#93#25 prob_bp = 0.50041982280025310000
org.apache.commons.math.analysis.BrentSolver:solve:(DD)D#129#7 prob_bp = 0.50068185262747660000
org.apache.commons.math.analysis.BrentSolver:solve:(DD)D#133#15 prob_bp = 0.50101285468302190000
org.apache.commons.math.analysis.BrentSolver:solve:(DD)D#134#27 prob_bp = 0.50101285468302480000
org.apache.commons.math.analysis.BrentSolver:solve:(DD)D#133#16 prob_bp = 0.50105617556782610000
org.apache.commons.math.analysis.BrentSolver:solve:(DD)D#134#28 prob_bp = 0.50105617556782910000
org.apache.commons.math.analysis.BrentSolver:solve:(DD)D#133#19 prob_bp = 0.50865656809056090000
org.apache.commons.math.analysis.BrentSolver:solve:(DD)D#134#31 prob_bp = 0.50865656809061720000
org.apache.commons.math.analysis.BrentSolver:solve:(DD)D#133#20 prob_bp = 0.50888473946962320000
org.apache.commons.math.analysis.BrentSolver:solve:(DD)D#134#32 prob_bp = 0.50888473946968450000
org.apache.commons.math.analysis.BrentSolver:solve:(DDDDDD)D#189#66 prob_bp = 0.51759921237930850000
org.apache.commons.math.analysis.BrentSolver:<init>:(Lorg/apache/commons/math/analysis/UnivariateRealFunction;)V#42#1 prob_bp = 0.53201263733314460000
org.apache.commons.math.analysis.BrentSolver:<init>:(Lorg/apache/commons/math/analysis/UnivariateRealFunction;)V#42#7 prob_bp = 0.53295672037189820000
org.apache.commons.math.analysis.UnivariateRealSolverImpl:<init>:(Lorg/apache/commons/math/analysis/UnivariateRealFunction;ID)V#89#9 prob_bp = 0.53356052583264310000
org.apache.commons.math.analysis.UnivariateRealSolverImpl:<init>:(Lorg/apache/commons/math/analysis/UnivariateRealFunction;ID)V#89#10 prob_bp = 0.53601668939213210000
org.apache.commons.math.analysis.BrentSolver:solve:(DD)D#133#25 prob_bp = 0.56188463686974620000
org.apache.commons.math.analysis.BrentSolver:solve:(DD)D#134#37 prob_bp = 0.56188463687102850000
org.apache.commons.math.analysis.UnivariateRealSolverImpl:verifyInterval:(DD)V#295#3 prob_bp = 0.58369170220055970000
org.apache.commons.math.analysis.BrentSolver:solve:(DD)D#141#92 prob_bp = 0.70695308075465240000
org.apache.commons.math.analysis.BrentSolver:solve:(DD)D#141#102 prob_bp = 0.70695308075474360000
org.apache.commons.math.analysis.BrentSolver:solve:(DD)D#141#69 prob_bp = 0.99009851200061300000
org.apache.commons.math.analysis.BrentSolver:solve:(DD)D#141#78 prob_bp = 0.99009851200061300000
org.apache.commons.math.analysis.BrentSolver:solve:(DD)D#141#53 prob_bp = 0.99009900990099000000
org.apache.commons.math.analysis.BrentSolver:solve:(DD)D#141#57 prob_bp = 0.99009900990099000000
org.apache.commons.math.analysis.BrentSolver:solve:(DD)D#141#64 prob_bp = 0.99009900990099000000
org.apache.commons.math.analysis.BrentSolver:solve:(DD)D#141#73 prob_bp = 0.99009900990099000000
org.apache.commons.math.analysis.BrentSolver:solve:(DD)D#141#82 prob_bp = 0.99009900990099000000
org.apache.commons.math.analysis.BrentSolver:solve:(DD)D#141#87 prob_bp = 0.99009900990099000000
org.apache.commons.math.analysis.BrentSolver:solve:(DD)D#141#97 prob_bp = 0.99009900990099000000
org.apache.commons.math.analysis.BrentSolver:solve:(DD)D#141#107 prob_bp = 0.99009900990099000000
org.apache.commons.math.analysis.BrentSolver:solve:(DD)D#141#56 prob_bp = 0.99009900990099010000
org.apache.commons.math.analysis.BrentSolver:solve:(DD)D#141#60 prob_bp = 0.99009900990099010000
org.apache.commons.math.analysis.BrentSolver:solve:(DD)D#141#66 prob_bp = 0.99009900990099010000
org.apache.commons.math.analysis.BrentSolver:solve:(DD)D#141#70 prob_bp = 0.99009900990099010000
org.apache.commons.math.analysis.BrentSolver:solve:(DD)D#141#75 prob_bp = 0.99009900990099010000
org.apache.commons.math.analysis.BrentSolver:solve:(DD)D#141#79 prob_bp = 0.99009900990099010000
org.apache.commons.math.analysis.BrentSolver:solve:(DD)D#141#84 prob_bp = 0.99009900990099010000
org.apache.commons.math.analysis.BrentSolver:solve:(DD)D#141#89 prob_bp = 0.99009900990099010000
org.apache.commons.math.analysis.BrentSolver:solve:(DD)D#141#94 prob_bp = 0.99009900990099010000
org.apache.commons.math.analysis.BrentSolver:solve:(DD)D#141#99 prob_bp = 0.99009900990099010000
org.apache.commons.math.analysis.BrentSolver:solve:(DD)D#141#104 prob_bp = 0.99009900990099010000
org.apache.commons.math.analysis.BrentSolver:solve:(DD)D#141#109 prob_bp = 0.99009900990099010000
org.apache.commons.math.analysis.BrentSolver:solve:(DD)D#141#112 prob_bp = 0.99009900990099010000
org.apache.commons.math.analysis.BrentSolver:solve:(DD)D#141#118 prob_bp = 0.99990000999900010000
org.apache.commons.math.analysis.BrentSolverTest:testRootEndpoints:()V#272#0 prob_bp = 1.00000000000000000000
org.apache.commons.math.analysis.BrentSolverTest:testRootEndpoints:()V#272#7 prob_bp = 1.00000000000000000000
org.apache.commons.math.analysis.BrentSolverTest:testRootEndpoints:()V#273#8 prob_bp = 1.00000000000000000000
org.apache.commons.math.analysis.BrentSolverTest:testRootEndpoints:()V#273#11 prob_bp = 1.00000000000000000000
org.apache.commons.math.analysis.BrentSolverTest:testRootEndpoints:()V#273#12 prob_bp = 1.00000000000000000000
org.apache.commons.math.analysis.BrentSolverTest:testRootEndpoints:()V#273#13 prob_bp = 1.00000000000000000000
org.apache.commons.math.analysis.BrentSolverTest:testRootEndpoints:()V#273#16 prob_bp = 1.00000000000000000000
org.apache.commons.math.analysis.BrentSolverTest:testRootEndpoints:()V#276#17 prob_bp = 1.00000000000000000000
org.apache.commons.math.analysis.BrentSolverTest:testRootEndpoints:()V#276#18 prob_bp = 1.00000000000000000000
org.apache.commons.math.analysis.BrentSolverTest:testRootEndpoints:()V#276#21 prob_bp = 1.00000000000000000000
org.apache.commons.math.analysis.BrentSolverTest:testRootEndpoints:()V#276#24 prob_bp = 1.00000000000000000000
org.apache.commons.math.analysis.BrentSolverTest:testRootEndpoints:()V#279#43 prob_bp = 1.00000000000000000000
org.apache.commons.math.analysis.BrentSolverTest:testRootEndpoints:()V#279#44 prob_bp = 1.00000000000000000000
org.apache.commons.math.analysis.BrentSolverTest:testRootEndpoints:()V#279#47 prob_bp = 1.00000000000000000000
org.apache.commons.math.analysis.BrentSolverTest:testRootEndpoints:()V#279#50 prob_bp = 1.00000000000000000000
Belief propagation time : 35.247000s
