Belief propagation time: 45

Probabilities: 
Vars:73468
Stmts:4874
org.apache.commons.math.util.MathUtils:addAndCheck:(JJ)J#95#7 prob_bp = 0.49999995351627610000
org.apache.commons.math.util.MathUtils:addAndCheck:(JJLjava/lang/String;)J#141#96 prob_bp = 0.49999998706524135000
org.apache.commons.math.util.MathUtils:addAndCheck:(JJLjava/lang/String;)J#141#94 prob_bp = 0.49999999655348810000
org.apache.commons.math.util.MathUtils:addAndCheck:(JJLjava/lang/String;)J#135#79 prob_bp = 0.49999999923693633000
org.apache.commons.math.util.MathUtilsTest:binomialCoefficient:(II)J#60#56#unexe#3 prob_bp = 0.49999999990222760000
org.apache.commons.math.util.MathUtilsTest:binomialCoefficient:(II)J#60#60#unexe#3 prob_bp = 0.49999999998807670000
org.apache.commons.math.util.MathUtils:addAndCheck:(JJLjava/lang/String;)J#135#78 prob_bp = 0.49999999999586464000
org.apache.commons.math.util.MathUtils:addAndCheck:(JJLjava/lang/String;)J#135#77 prob_bp = 0.49999999999884270000
org.apache.commons.math.util.MathUtils:addAndCheck:(JJLjava/lang/String;)J#135#76 prob_bp = 0.49999999999884354000
org.apache.commons.math.util.MathUtilsTest:binomialCoefficient:(II)J#62#70#unexe#3 prob_bp = 0.49999999999977190000
org.apache.commons.math.util.MathUtilsTest:binomialCoefficient:(II)J#62#77#unexe#3 prob_bp = 0.50000000000000000000
org.apache.commons.math.util.MathUtils:binomialCoefficientLog:(II)D#286#59 prob_bp = 0.50000000000000000000
org.apache.commons.math.util.MathUtils:binomialCoefficientLog:(II)D#290#71 prob_bp = 0.50000000000000010000
org.apache.commons.math.util.MathUtils:binomialCoefficientLog:(II)D#290#72 prob_bp = 0.50000000000000010000
org.apache.commons.math.util.MathUtils:binomialCoefficientLog:(II)D#290#74 prob_bp = 0.50000000000000020000
org.apache.commons.math.util.MathUtils:binomialCoefficientLog:(II)D#286#58 prob_bp = 0.50000000000000030000
org.apache.commons.math.util.MathUtils:binomialCoefficientLog:(II)D#289#62 prob_bp = 0.50000000000000030000
org.apache.commons.math.util.MathUtils:binomialCoefficientLog:(II)D#289#80 prob_bp = 0.50000000000000030000
org.apache.commons.math.util.MathUtils:addAndCheck:(JJLjava/lang/String;)J#113#13 prob_bp = 0.50000000000000060000
org.apache.commons.math.util.MathUtils:binomialCoefficientLog:(II)D#289#60 prob_bp = 0.50000000000000080000
org.apache.commons.math.util.MathUtils:binomialCoefficientLog:(II)D#290#75 prob_bp = 0.50000000000000090000
org.apache.commons.math.util.MathUtils:binomialCoefficientLog:(II)D#290#78 prob_bp = 0.50000000000000130000
org.apache.commons.math.util.MathUtils:binomialCoefficientLog:(II)D#289#61 prob_bp = 0.50000000000000140000
org.apache.commons.math.util.MathUtils:binomialCoefficientLog:(II)D#289#63 prob_bp = 0.50000000000000140000
org.apache.commons.math.util.MathUtils:binomialCoefficientLog:(II)D#289#65 prob_bp = 0.50000000000000180000
org.apache.commons.math.util.MathUtils:binomialCoefficientLog:(II)D#289#67 prob_bp = 0.50000000000000210000
org.apache.commons.math.util.MathUtils:binomialCoefficientLog:(II)D#289#68 prob_bp = 0.50000000000000430000
org.apache.commons.math.util.MathUtils:binomialCoefficientLog:(II)D#290#79 prob_bp = 0.50000000000011990000
org.apache.commons.math.util.MathUtils:binomialCoefficient:(II)J#178#35 prob_bp = 0.50000000000087810000
org.apache.commons.math.util.MathUtils:binomialCoefficient:(II)J#178#34 prob_bp = 0.50000000000091520000
org.apache.commons.math.util.MathUtils:addAndCheck:(JJLjava/lang/String;)J#134#70 prob_bp = 0.50000000001051460000
org.apache.commons.math.util.MathUtils:binomialCoefficientLog:(II)D#289#68#unexe#2 prob_bp = 0.50000000001355230000
org.apache.commons.math.util.MathUtils:binomialCoefficient:(II)J#181#40 prob_bp = 0.50000000001517060000
org.apache.commons.math.util.MathUtils:binomialCoefficient:(II)J#181#41 prob_bp = 0.50000000001595290000
org.apache.commons.math.util.MathUtils:binomialCoefficient:(II)J#181#42 prob_bp = 0.50000000001657930000
org.apache.commons.math.util.MathUtils:addAndCheck:(JJLjava/lang/String;)J#134#67 prob_bp = 0.50000000002822690000
org.apache.commons.math.util.MathUtils:addAndCheck:(JJLjava/lang/String;)J#134#71 prob_bp = 0.50000000002922430000
org.apache.commons.math.util.MathUtils:addAndCheck:(JJLjava/lang/String;)J#134#66 prob_bp = 0.50000000008945390000
org.apache.commons.math.util.MathUtils:addAndCheck:(JJLjava/lang/String;)J#134#72 prob_bp = 0.50000000025457500000
org.apache.commons.math.util.MathUtils:binomialCoefficient:(II)J#181#46 prob_bp = 0.50000000025946170000
org.apache.commons.math.util.MathUtils:binomialCoefficient:(II)J#181#47 prob_bp = 0.50000000027311970000
org.apache.commons.math.util.MathUtils:binomialCoefficient:(II)J#181#48 prob_bp = 0.50000000028406780000
org.apache.commons.math.util.MathUtils:binomialCoefficientLog:(II)D#266#34 prob_bp = 0.50000000039910610000
org.apache.commons.math.util.MathUtils:binomialCoefficientLog:(II)D#258#0 prob_bp = 0.50000000042901230000
org.apache.commons.math.util.MathUtils:binomialCoefficientLog:(II)D#258#1 prob_bp = 0.50000000042901250000
org.apache.commons.math.util.MathUtils:binomialCoefficientLog:(II)D#258#2 prob_bp = 0.50000000049423540000
org.apache.commons.math.util.MathUtils:binomialCoefficient:(II)J#181#45 prob_bp = 0.50000000060662960000
org.apache.commons.math.util.MathUtils:binomialCoefficient:(II)J#181#49 prob_bp = 0.50000000066415910000
org.apache.commons.math.util.MathUtils:binomialCoefficientLog:(II)D#266#35 prob_bp = 0.50000000083434450000
org.apache.commons.math.util.MathUtils:addAndCheck:(JJLjava/lang/String;)J#111#1 prob_bp = 0.50000000590392870000
org.apache.commons.math.util.MathUtils:addAndCheck:(JJLjava/lang/String;)J#111#0 prob_bp = 0.50000000660977380000
org.apache.commons.math.util.MathUtils:binomialCoefficient:(II)J#184#55 prob_bp = 0.50000001466774580000
org.apache.commons.math.util.MathUtils:addAndCheck:(JJLjava/lang/String;)J#111#2 prob_bp = 0.50000001889223710000
org.apache.commons.math.util.MathUtils:binomialCoefficientLog:(II)D#269#40 prob_bp = 0.50000003385001860000
org.apache.commons.math.util.MathUtils:binomialCoefficientLog:(II)D#295#98 prob_bp = 0.50000004874162760000
org.apache.commons.math.util.MathUtils:binomialCoefficientLog:(II)D#269#41 prob_bp = 0.50000006914157990000
org.apache.commons.math.util.MathUtils:binomialCoefficientLog:(II)D#269#42 prob_bp = 0.50000007192189310000
org.apache.commons.math.util.MathUtils:binomialCoefficientLog:(II)D#295#100 prob_bp = 0.50000007460140540000
org.apache.commons.math.util.MathUtils:addAndCheck:(JJ)J#95#1 prob_bp = 0.50000008328419510000
org.apache.commons.math.util.MathUtils:binomialCoefficient:(II)J#170#1 prob_bp = 0.50000008754924690000
org.apache.commons.math.util.MathUtils:binomialCoefficient:(II)J#170#0 prob_bp = 0.50000008755000450000
org.apache.commons.math.util.MathUtils:binomialCoefficient:(II)J#170#2 prob_bp = 0.50000010088537630000
org.apache.commons.math.util.MathUtils:binomialCoefficientLog:(II)D#295#97 prob_bp = 0.50000014179893500000
org.apache.commons.math.util.MathUtils:binomialCoefficientLog:(II)D#262#15 prob_bp = 0.50000016011345180000
org.apache.commons.math.util.MathUtils:binomialCoefficientLog:(II)D#294#106 prob_bp = 0.50000017651687840000
org.apache.commons.math.util.MathUtils:binomialCoefficientLog:(II)D#295#101 prob_bp = 0.50000017849886180000
org.apache.commons.math.util.MathUtils:addAndCheck:(JJ)J#95#0 prob_bp = 0.50000017974830640000
org.apache.commons.math.util.MathUtils:binomialCoefficient:(II)J#184#56 prob_bp = 0.50000018289031870000
org.apache.commons.math.util.MathUtils:binomialCoefficientLog:(II)D#262#16 prob_bp = 0.50000018489219320000
org.apache.commons.math.util.MathUtils:addAndCheck:(JJLjava/lang/String;)J#113#6 prob_bp = 0.50000019113964670000
org.apache.commons.math.util.MathUtils:binomialCoefficientLog:(II)D#294#91 prob_bp = 0.50000021289812160000
org.apache.commons.math.util.MathUtils:binomialCoefficientLog:(II)D#294#92 prob_bp = 0.50000021293772810000
org.apache.commons.math.util.MathUtils:binomialCoefficient:(II)J#184#57 prob_bp = 0.50000021643350180000
org.apache.commons.math.util.MathUtils:binomialCoefficientLog:(II)D#294#93 prob_bp = 0.50000032213273140000
org.apache.commons.math.util.MathUtils:addAndCheck:(JJ)J#95#4 prob_bp = 0.50000033850867190000
org.apache.commons.math.util.MathUtils:addAndCheck:(JJLjava/lang/String;)J#113#7 prob_bp = 0.50000041287783370000
org.apache.commons.math.util.MathUtils:binomialCoefficientLog:(II)D#295#104 prob_bp = 0.50000059593031620000
org.apache.commons.math.util.MathUtils:addAndCheck:(JJLjava/lang/String;)J#117#18 prob_bp = 0.50000098436436440000
org.apache.commons.math.util.MathUtils:binomialCoefficientDouble:(II)D#236#0 prob_bp = 0.50000123260835820000
org.apache.commons.math.util.MathUtils:addAndCheck:(JJLjava/lang/String;)J#113#10 prob_bp = 0.50000154496056880000
org.apache.commons.math.util.MathUtils:binomialCoefficientLog:(II)D#269#46 prob_bp = 0.50000169207126580000
org.apache.commons.math.util.MathUtils:addAndCheck:(JJLjava/lang/String;)J#117#19 prob_bp = 0.50000274761110670000
org.apache.commons.math.util.MathUtils:addAndCheck:(JJLjava/lang/String;)J#117#20 prob_bp = 0.50000284457840180000
org.apache.commons.math.util.MathUtils:binomialCoefficientLog:(II)D#266#30 prob_bp = 0.50000319856536110000
org.apache.commons.math.util.MathUtils:binomialCoefficientLog:(II)D#266#29 prob_bp = 0.50000319856546470000
org.apache.commons.math.util.MathUtils:binomialCoefficientLog:(II)D#269#47 prob_bp = 0.50000350773891220000
org.apache.commons.math.util.MathUtils:binomialCoefficientLog:(II)D#269#48 prob_bp = 0.50000364927892760000
org.apache.commons.math.util.MathUtils:binomialCoefficientLog:(II)D#266#31 prob_bp = 0.50000368518868720000
org.apache.commons.math.util.MathUtils:addAndCheck:(JJLjava/lang/String;)J#134#73 prob_bp = 0.50000511541609660000
org.apache.commons.math.util.MathUtils:binomialCoefficientLog:(II)D#294#86 prob_bp = 0.50000688912918600000
org.apache.commons.math.util.MathUtils:binomialCoefficientLog:(II)D#294#87 prob_bp = 0.50000702837965500000
org.apache.commons.math.util.MathUtils:binomialCoefficientLog:(II)D#294#89 prob_bp = 0.50000729100810670000
org.apache.commons.math.util.MathUtils:binomialCoefficientLog:(II)D#294#94 prob_bp = 0.50000793599837970000
org.apache.commons.math.util.MathUtils:binomialCoefficientDouble:(II)D#236#1 prob_bp = 0.50000980616784190000
org.apache.commons.math.util.MathUtils:binomialCoefficientDouble:(II)D#236#2 prob_bp = 0.50001247848874310000
org.apache.commons.math.util.MathUtils:binomialCoefficientLog:(II)D#269#45 prob_bp = 0.50001554177660070000
org.apache.commons.math.util.MathUtils:binomialCoefficient:(II)J#174#15 prob_bp = 0.50003258753060900000
org.apache.commons.math.util.MathUtils:binomialCoefficientLog:(II)D#269#49 prob_bp = 0.50003428120270670000
org.apache.commons.math.util.MathUtils:binomialCoefficient:(II)J#174#16 prob_bp = 0.50003757669063500000
org.apache.commons.math.util.MathUtils:binomialCoefficientLog:(II)D#295#105 prob_bp = 0.50012840215545060000
org.apache.commons.math.util.MathUtils:addAndCheck:(JJLjava/lang/String;)J#111#3 prob_bp = 0.50029585064644460000
org.apache.commons.math.util.MathUtils:binomialCoefficient:(II)J#178#30 prob_bp = 0.50064610142323730000
org.apache.commons.math.util.MathUtils:binomialCoefficient:(II)J#178#29 prob_bp = 0.50064610698507690000
org.apache.commons.math.util.MathUtils:binomialCoefficient:(II)J#178#31 prob_bp = 0.50074341770368410000
org.apache.commons.math.util.MathUtils:binomialCoefficient:(II)J#185#64 prob_bp = 0.50108772661904730000
org.apache.commons.math.util.MathUtils:binomialCoefficient:(II)J#185#65 prob_bp = 0.50112874364937000000
org.apache.commons.math.util.MathUtils:binomialCoefficient:(II)J#185#68 prob_bp = 0.50116278946685270000
org.apache.commons.math.util.MathUtils:addAndCheck:(JJLjava/lang/String;)J#117#21 prob_bp = 0.50221349052111870000
org.apache.commons.math.util.MathUtils:binomialCoefficientLog:(II)D#294#94#unexe#2 prob_bp = 0.51386425678953400000
org.apache.commons.math.util.MathUtils:binomialCoefficient:(II)J#184#60 prob_bp = 0.53247344578650440000
org.apache.commons.math.util.MathUtils:binomialCoefficientLog:(II)D#298#112 prob_bp = 0.54280676081304610000
org.apache.commons.math.util.MathUtils:binomialCoefficient:(II)J#185#69 prob_bp = 0.56679412849731870000
org.apache.commons.math.util.MathUtils:binomialCoefficient:(II)J#184#63 prob_bp = 0.57488477159467310000
org.apache.commons.math.util.MathUtils:binomialCoefficientLog:(II)D#298#113 prob_bp = 0.60764778859931390000
org.apache.commons.math.util.MathUtils:binomialCoefficient:(II)J#208#82 prob_bp = 0.71475263176737070000
org.apache.commons.math.util.MathUtils:binomialCoefficientDouble:(II)D#236#5 prob_bp = 0.73816181812731760000
org.apache.commons.math.util.MathUtils:binomialCoefficient:(II)J#208#83 prob_bp = 0.98612778497662690000
org.apache.commons.math.util.MathUtils:binomialCoefficientDouble:(II)D#236#8 prob_bp = 0.99018503926611410000
org.apache.commons.math.util.MathUtils:binomialCoefficientDouble:(II)D#236#11 prob_bp = 0.99018635430060310000
org.apache.commons.math.util.MathUtils:binomialCoefficientDouble:(II)D#236#12 prob_bp = 0.99029925325519430000
org.apache.commons.math.util.MathUtils:binomialCoefficientDouble:(II)D#236#15 prob_bp = 0.99047279104865580000
org.apache.commons.math.util.MathUtilsTest:<clinit>:()V#47#7 prob_bp = 1.00000000000000000000
org.apache.commons.math.util.MathUtilsTest:testBinomialCoefficientLarge:()V#178#0 prob_bp = 1.00000000000000000000
org.apache.commons.math.util.MathUtilsTest:testBinomialCoefficientLarge:()V#178#1 prob_bp = 1.00000000000000000000
org.apache.commons.math.util.MathUtilsTest:testBinomialCoefficientLarge:()V#178#2 prob_bp = 1.00000000000000000000
org.apache.commons.math.util.MathUtilsTest:testBinomialCoefficientLarge:()V#178#3 prob_bp = 1.00000000000000000000
org.apache.commons.math.util.MathUtilsTest:testBinomialCoefficientLarge:()V#178#6 prob_bp = 1.00000000000000000000
org.apache.commons.math.util.MathUtilsTest:testBinomialCoefficientLarge:()V#179#9 prob_bp = 1.00000000000000000000
org.apache.commons.math.util.MathUtilsTest:testBinomialCoefficientLarge:()V#179#10 prob_bp = 1.00000000000000000000
org.apache.commons.math.util.MathUtilsTest:testBinomialCoefficientLarge:()V#179#11 prob_bp = 1.00000000000000000000
org.apache.commons.math.util.MathUtilsTest:testBinomialCoefficientLarge:()V#179#12 prob_bp = 1.00000000000000000000
org.apache.commons.math.util.MathUtilsTest:testBinomialCoefficientLarge:()V#179#13 prob_bp = 1.00000000000000000000
org.apache.commons.math.util.MathUtilsTest:testBinomialCoefficientLarge:()V#185#31 prob_bp = 1.00000000000000000000
org.apache.commons.math.util.MathUtilsTest:testBinomialCoefficientLarge:()V#185#32 prob_bp = 1.00000000000000000000
org.apache.commons.math.util.MathUtilsTest:testBinomialCoefficientLarge:()V#185#33 prob_bp = 1.00000000000000000000
org.apache.commons.math.util.MathUtilsTest:testBinomialCoefficientLarge:()V#185#36 prob_bp = 1.00000000000000000000
org.apache.commons.math.util.MathUtilsTest:testBinomialCoefficientLarge:()V#190#46 prob_bp = 1.00000000000000000000
org.apache.commons.math.util.MathUtilsTest:testBinomialCoefficientLarge:()V#190#47 prob_bp = 1.00000000000000000000
org.apache.commons.math.util.MathUtilsTest:testBinomialCoefficientLarge:()V#190#48 prob_bp = 1.00000000000000000000
org.apache.commons.math.util.MathUtilsTest:binomialCoefficient:(II)J#53#0 prob_bp = 1.00000000000000000000
org.apache.commons.math.util.MathUtilsTest:binomialCoefficient:(II)J#53#3 prob_bp = 1.00000000000000000000
org.apache.commons.math.util.MathUtilsTest:binomialCoefficient:(II)J#53#8 prob_bp = 1.00000000000000000000
org.apache.commons.math.util.MathUtilsTest:binomialCoefficient:(II)J#53#9 prob_bp = 1.00000000000000000000
org.apache.commons.math.util.MathUtilsTest:binomialCoefficient:(II)J#60#54 prob_bp = 1.00000000000000000000
org.apache.commons.math.util.MathUtilsTest:binomialCoefficient:(II)J#60#55 prob_bp = 1.00000000000000000000
org.apache.commons.math.util.MathUtilsTest:binomialCoefficient:(II)J#60#56 prob_bp = 1.00000000000000000000
org.apache.commons.math.util.MathUtilsTest:binomialCoefficient:(II)J#61#63 prob_bp = 1.00000000000000000000
org.apache.commons.math.util.MathUtilsTest:binomialCoefficient:(II)J#61#64 prob_bp = 1.00000000000000000000
org.apache.commons.math.util.MathUtilsTest:binomialCoefficient:(II)J#68#108 prob_bp = 1.00000000000000000000
org.apache.commons.math.util.MathUtilsTest:binomialCoefficient:(II)J#68#109 prob_bp = 1.00000000000000000000
org.apache.commons.math.util.MathUtilsTest:binomialCoefficient:(II)J#68#112 prob_bp = 1.00000000000000000000
org.apache.commons.math.util.MathUtilsTest:binomialCoefficient:(II)J#68#113 prob_bp = 1.00000000000000000000
org.apache.commons.math.util.MathUtilsTest:binomialCoefficient:(II)J#76#200 prob_bp = 1.00000000000000000000
org.apache.commons.math.util.MathUtilsTest:binomialCoefficient:(II)J#76#201 prob_bp = 1.00000000000000000000
org.apache.commons.math.util.MathUtilsTest:testBinomialCoefficientLarge:()V#190#51 prob_bp = 1.00000000000000000000
org.apache.commons.math.util.MathUtilsTest:testBinomialCoefficientLarge:()V#195#91 prob_bp = 1.00000000000000000000
org.apache.commons.math.util.MathUtilsTest:testBinomialCoefficientLarge:()V#195#98 prob_bp = 1.00000000000000000000
org.apache.commons.math.util.MathUtilsTest:testBinomialCoefficientLarge:()V#195#99 prob_bp = 1.00000000000000000000
org.apache.commons.math.util.MathUtilsTest:testBinomialCoefficientLarge:()V#195#102 prob_bp = 1.00000000000000000000
org.apache.commons.math.util.MathUtilsTest:testBinomialCoefficientLarge:()V#195#104 prob_bp = 1.00000000000000000000
org.apache.commons.math.util.MathUtilsTest:testBinomialCoefficientLarge:()V#195#107 prob_bp = 1.00000000000000000000
org.apache.commons.math.util.MathUtilsTest:testBinomialCoefficientLarge:()V#195#108 prob_bp = 1.00000000000000000000
org.apache.commons.math.util.MathUtilsTest:testBinomialCoefficientLarge:()V#195#111 prob_bp = 1.00000000000000000000
org.apache.commons.math.util.MathUtilsTest:testBinomialCoefficientLarge:()V#195#114 prob_bp = 1.00000000000000000000
org.apache.commons.math.util.MathUtilsTest:testBinomialCoefficientLarge:()V#195#116 prob_bp = 1.00000000000000000000
org.apache.commons.math.util.MathUtilsTest:testBinomialCoefficientLarge:()V#195#117 prob_bp = 1.00000000000000000000
org.apache.commons.math.util.MathUtilsTest:testBinomialCoefficientLarge:()V#179#162 prob_bp = 1.00000000000000000000
org.apache.commons.math.util.MathUtilsTest:testBinomialCoefficientLarge:()V#178#168 prob_bp = 1.00000000000000000000
org.apache.commons.math.util.MathUtilsTest:binomialCoefficient:(II)J#60#59 prob_bp = 1.00000000000000000000
org.apache.commons.math.util.MathUtilsTest:binomialCoefficient:(II)J#60#60 prob_bp = 1.00000000000000000000
org.apache.commons.math.util.MathUtilsTest:binomialCoefficient:(II)J#54#12 prob_bp = 1.00000000000000000000
org.apache.commons.math.util.MathUtilsTest:binomialCoefficient:(II)J#54#15 prob_bp = 1.00000000000000000000
org.apache.commons.math.util.MathUtilsTest:binomialCoefficient:(II)J#54#16 prob_bp = 1.00000000000000000000
org.apache.commons.math.util.MathUtilsTest:binomialCoefficient:(II)J#54#21 prob_bp = 1.00000000000000000000
org.apache.commons.math.util.MathUtilsTest:binomialCoefficient:(II)J#54#24 prob_bp = 1.00000000000000000000
org.apache.commons.math.util.MathUtilsTest:binomialCoefficient:(II)J#54#32 prob_bp = 1.00000000000000000000
org.apache.commons.math.util.MathUtilsTest:binomialCoefficient:(II)J#54#37 prob_bp = 1.00000000000000000000
org.apache.commons.math.util.MathUtilsTest:binomialCoefficient:(II)J#54#40 prob_bp = 1.00000000000000000000
org.apache.commons.math.util.MathUtilsTest:binomialCoefficient:(II)J#55#41 prob_bp = 1.00000000000000000000
org.apache.commons.math.util.MathUtilsTest:binomialCoefficient:(II)J#55#42 prob_bp = 1.00000000000000000000
org.apache.commons.math.util.MathUtilsTest:binomialCoefficient:(II)J#62#68 prob_bp = 1.00000000000000000000
org.apache.commons.math.util.MathUtilsTest:binomialCoefficient:(II)J#62#69 prob_bp = 1.00000000000000000000
org.apache.commons.math.util.MathUtilsTest:binomialCoefficient:(II)J#62#70 prob_bp = 1.00000000000000000000
org.apache.commons.math.util.MathUtilsTest:binomialCoefficient:(II)J#63#80 prob_bp = 1.00000000000000000000
org.apache.commons.math.util.MathUtilsTest:binomialCoefficient:(II)J#63#81 prob_bp = 1.00000000000000000000
org.apache.commons.math.util.MathUtilsTest:binomialCoefficient:(II)J#63#82 prob_bp = 1.00000000000000000000
org.apache.commons.math.util.MathUtilsTest:binomialCoefficient:(II)J#62#73 prob_bp = 1.00000000000000000000
org.apache.commons.math.util.MathUtilsTest:binomialCoefficient:(II)J#62#74 prob_bp = 1.00000000000000000000
org.apache.commons.math.util.MathUtilsTest:binomialCoefficient:(II)J#62#75 prob_bp = 1.00000000000000000000
org.apache.commons.math.util.MathUtilsTest:binomialCoefficient:(II)J#62#76 prob_bp = 1.00000000000000000000
org.apache.commons.math.util.MathUtilsTest:binomialCoefficient:(II)J#62#77 prob_bp = 1.00000000000000000000
org.apache.commons.math.util.MathUtilsTest:binomialCoefficient:(II)J#65#87 prob_bp = 1.00000000000000000000
org.apache.commons.math.util.MathUtilsTest:binomialCoefficient:(II)J#65#88 prob_bp = 1.00000000000000000000
org.apache.commons.math.util.MathUtilsTest:binomialCoefficient:(II)J#65#89 prob_bp = 1.00000000000000000000
org.apache.commons.math.util.MathUtilsTest:binomialCoefficient:(II)J#65#93 prob_bp = 1.00000000000000000000
org.apache.commons.math.util.MathUtilsTest:binomialCoefficient:(II)J#56#45 prob_bp = 1.00000000000000000000
org.apache.commons.math.util.MathUtilsTest:binomialCoefficient:(II)J#56#46 prob_bp = 1.00000000000000000000
org.apache.commons.math.util.MathUtilsTest:binomialCoefficient:(II)J#56#49 prob_bp = 1.00000000000000000000
org.apache.commons.math.util.MathUtilsTest:binomialCoefficient:(II)J#65#97 prob_bp = 1.00000000000000000000
org.apache.commons.math.util.MathUtilsTest:binomialCoefficient:(II)J#65#98 prob_bp = 1.00000000000000000000
org.apache.commons.math.util.MathUtilsTest:binomialCoefficient:(II)J#65#99 prob_bp = 1.00000000000000000000
org.apache.commons.math.util.MathUtilsTest:binomialCoefficient:(II)J#65#101 prob_bp = 1.00000000000000000000
org.apache.commons.math.util.MathUtilsTest:binomialCoefficient:(II)J#65#104 prob_bp = 1.00000000000000000000
org.apache.commons.math.util.MathUtilsTest:binomialCoefficient:(II)J#65#107 prob_bp = 1.00000000000000000000
Belief propagation time : 22.232000s
