Belief propagation time: 100

Probabilities: 
Vars:31103
Stmts:2810
org.apache.commons.lang3.math.NumberUtils:createNumber:(Ljava/lang/String;)Ljava/lang/Number;#594#796 prob_bp = 0.49911661790309030000
org.apache.commons.lang3.math.NumberUtils:createNumber:(Ljava/lang/String;)Ljava/lang/Number;#595#806 prob_bp = 0.49941458915973290000
org.apache.commons.lang3.math.NumberUtils:createNumber:(Ljava/lang/String;)Ljava/lang/Number;#595#804 prob_bp = 0.49984473039278100000
org.apache.commons.lang3.math.NumberUtils:createNumber:(Ljava/lang/String;)Ljava/lang/Number;#593#779 prob_bp = 0.49996305894530396000
org.apache.commons.lang3.math.NumberUtils:createFloat:(Ljava/lang/String;)Ljava/lang/Float;#646#10 prob_bp = 0.49999256477790730000
org.apache.commons.lang3.math.NumberUtils:createNumber:(Ljava/lang/String;)Ljava/lang/Number;#594#786 prob_bp = 0.49999705517264800000
org.apache.commons.lang3.math.NumberUtils:createNumber:(Ljava/lang/String;)Ljava/lang/Number;#594#783 prob_bp = 0.49999927145768350000
org.apache.commons.lang3.math.NumberUtils:createNumber:(Ljava/lang/String;)Ljava/lang/Number;#594#795 prob_bp = 0.49999942745747444000
org.apache.commons.lang3.math.NumberUtils:createNumber:(Ljava/lang/String;)Ljava/lang/Number;#594#794 prob_bp = 0.49999944965845170000
org.apache.commons.lang3.math.NumberUtils:createNumber:(Ljava/lang/String;)Ljava/lang/Number;#594#781 prob_bp = 0.49999982383163527000
org.apache.commons.lang3.math.NumberUtils:createNumber:(Ljava/lang/String;)Ljava/lang/Number;#594#791 prob_bp = 0.49999999752680250000
org.apache.commons.lang3.math.NumberUtils:createNumber:(Ljava/lang/String;)Ljava/lang/Number;#594#789 prob_bp = 0.49999999940391276000
org.apache.commons.lang3.math.NumberUtils:createNumber:(Ljava/lang/String;)Ljava/lang/Number;#571#712 prob_bp = 0.49999999999977274000
org.apache.commons.lang3.math.NumberUtils:createNumber:(Ljava/lang/String;)Ljava/lang/Number;#571#703 prob_bp = 0.49999999999979755000
org.apache.commons.lang3.math.NumberUtils:createNumber:(Ljava/lang/String;)Ljava/lang/Number;#571#707 prob_bp = 0.49999999999998250000
org.apache.commons.lang3.math.NumberUtils:createNumber:(Ljava/lang/String;)Ljava/lang/Number;#571#706 prob_bp = 0.49999999999998310000
org.apache.commons.lang3.math.NumberUtils:createNumber:(Ljava/lang/String;)Ljava/lang/Number;#571#709 prob_bp = 0.49999999999998995000
org.apache.commons.lang3.math.NumberUtils:createNumber:(Ljava/lang/String;)Ljava/lang/Number;#571#708 prob_bp = 0.49999999999999095000
org.apache.commons.lang3.math.NumberUtils:createNumber:(Ljava/lang/String;)Ljava/lang/Number;#571#704 prob_bp = 0.49999999999999570000
org.apache.commons.lang3.math.NumberUtils:createNumber:(Ljava/lang/String;)Ljava/lang/Number;#570#695 prob_bp = 0.49999999999999970000
org.apache.commons.lang3.math.NumberUtils:createNumber:(Ljava/lang/String;)Ljava/lang/Number;#570#694 prob_bp = 0.49999999999999980000
org.apache.commons.lang3.math.NumberUtils:createNumber:(Ljava/lang/String;)Ljava/lang/Number;#460#77 prob_bp = 0.49999999999999983000
org.apache.commons.lang3.math.NumberUtils:createNumber:(Ljava/lang/String;)Ljava/lang/Number;#494#261 prob_bp = 0.49999999999999990000
org.apache.commons.lang3.math.NumberUtils:createNumber:(Ljava/lang/String;)Ljava/lang/Number;#492#242 prob_bp = 0.49999999999999994000
org.apache.commons.lang3.math.NumberUtils:createNumber:(Ljava/lang/String;)Ljava/lang/Number;#492#246 prob_bp = 0.49999999999999994000
org.apache.commons.lang3.math.NumberUtils:createNumber:(Ljava/lang/String;)Ljava/lang/Number;#494#256 prob_bp = 0.50000000000000000000
org.apache.commons.lang3.math.NumberUtils:createNumber:(Ljava/lang/String;)Ljava/lang/Number;#492#245 prob_bp = 0.50000000000000000000
org.apache.commons.lang3.math.NumberUtils:createNumber:(Ljava/lang/String;)Ljava/lang/Number;#492#248 prob_bp = 0.50000000000000000000
org.apache.commons.lang3.math.NumberUtils:createNumber:(Ljava/lang/String;)Ljava/lang/Number;#492#251 prob_bp = 0.50000000000000000000
org.apache.commons.lang3.math.NumberUtils:createNumber:(Ljava/lang/String;)Ljava/lang/Number;#570#692 prob_bp = 0.50000000000000000000
org.apache.commons.lang3.math.NumberUtils:createNumber:(Ljava/lang/String;)Ljava/lang/Number;#570#700 prob_bp = 0.50000000000000000000
org.apache.commons.lang3.math.NumberUtils:createNumber:(Ljava/lang/String;)Ljava/lang/Number;#494#257 prob_bp = 0.50000000000000010000
org.apache.commons.lang3.math.NumberUtils:createNumber:(Ljava/lang/String;)Ljava/lang/Number;#494#259 prob_bp = 0.50000000000000010000
org.apache.commons.lang3.math.NumberUtils:createNumber:(Ljava/lang/String;)Ljava/lang/Number;#494#264 prob_bp = 0.50000000000000010000
org.apache.commons.lang3.math.NumberUtils:createNumber:(Ljava/lang/String;)Ljava/lang/Number;#496#266 prob_bp = 0.50000000000000010000
org.apache.commons.lang3.math.NumberUtils:createNumber:(Ljava/lang/String;)Ljava/lang/Number;#496#268 prob_bp = 0.50000000000000010000
org.apache.commons.lang3.math.NumberUtils:createNumber:(Ljava/lang/String;)Ljava/lang/Number;#496#270 prob_bp = 0.50000000000000010000
org.apache.commons.lang3.math.NumberUtils:createNumber:(Ljava/lang/String;)Ljava/lang/Number;#496#273 prob_bp = 0.50000000000000010000
org.apache.commons.lang3.math.NumberUtils:createNumber:(Ljava/lang/String;)Ljava/lang/Number;#492#241 prob_bp = 0.50000000000000010000
org.apache.commons.lang3.math.NumberUtils:createNumber:(Ljava/lang/String;)Ljava/lang/Number;#492#244 prob_bp = 0.50000000000000010000
org.apache.commons.lang3.math.NumberUtils:createNumber:(Ljava/lang/String;)Ljava/lang/Number;#570#698 prob_bp = 0.50000000000000010000
org.apache.commons.lang3.math.NumberUtils:createNumber:(Ljava/lang/String;)Ljava/lang/Number;#570#699 prob_bp = 0.50000000000000010000
org.apache.commons.lang3.math.NumberUtils:createNumber:(Ljava/lang/String;)Ljava/lang/Number;#494#260 prob_bp = 0.50000000000000020000
org.apache.commons.lang3.math.NumberUtils:createNumber:(Ljava/lang/String;)Ljava/lang/Number;#460#78 prob_bp = 0.50000000000000030000
org.apache.commons.lang3.math.NumberUtils:createNumber:(Ljava/lang/String;)Ljava/lang/Number;#496#267 prob_bp = 0.50000000000000030000
org.apache.commons.lang3.math.NumberUtils:createNumber:(Ljava/lang/String;)Ljava/lang/Number;#460#80 prob_bp = 0.50000000000000080000
org.apache.commons.lang3.math.NumberUtils:createNumber:(Ljava/lang/String;)Ljava/lang/Number;#460#81 prob_bp = 0.50000000000000710000
org.apache.commons.lang3.math.NumberUtils:createNumber:(Ljava/lang/String;)Ljava/lang/Number;#458#23 prob_bp = 0.50000000000001490000
org.apache.commons.lang3.math.NumberUtils:createNumber:(Ljava/lang/String;)Ljava/lang/Number;#458#25 prob_bp = 0.50000000000001550000
org.apache.commons.lang3.math.NumberUtils:createNumber:(Ljava/lang/String;)Ljava/lang/Number;#458#58 prob_bp = 0.50000000000001650000
org.apache.commons.lang3.math.NumberUtils:createNumber:(Ljava/lang/String;)Ljava/lang/Number;#460#61 prob_bp = 0.50000000000002450000
org.apache.commons.lang3.math.NumberUtils:createNumber:(Ljava/lang/String;)Ljava/lang/Number;#461#84 prob_bp = 0.50000000000003870000
org.apache.commons.lang3.math.NumberUtils:createNumber:(Ljava/lang/String;)Ljava/lang/Number;#460#62 prob_bp = 0.50000000000005360000
org.apache.commons.lang3.math.NumberUtils:createNumber:(Ljava/lang/String;)Ljava/lang/Number;#451#0 prob_bp = 0.50000000000011250000
org.apache.commons.lang3.math.NumberUtils:createNumber:(Ljava/lang/String;)Ljava/lang/Number;#451#1 prob_bp = 0.50000000000011490000
org.apache.commons.lang3.math.NumberUtils:createNumber:(Ljava/lang/String;)Ljava/lang/Number;#461#83 prob_bp = 0.50000000000015620000
org.apache.commons.lang3.math.NumberUtils:createNumber:(Ljava/lang/String;)Ljava/lang/Number;#460#63 prob_bp = 0.50000000000016210000
org.apache.commons.lang3.math.NumberUtils:createNumber:(Ljava/lang/String;)Ljava/lang/Number;#461#86 prob_bp = 0.50000000000016300000
org.apache.commons.lang3.math.NumberUtils:createNumber:(Ljava/lang/String;)Ljava/lang/Number;#570#686 prob_bp = 0.50000000000019240000
org.apache.commons.lang3.math.NumberUtils:createNumber:(Ljava/lang/String;)Ljava/lang/Number;#454#6 prob_bp = 0.50000000000027520000
org.apache.commons.lang3.math.NumberUtils:createNumber:(Ljava/lang/String;)Ljava/lang/Number;#591#752 prob_bp = 0.50000000000027570000
org.apache.commons.lang3.math.NumberUtils:createNumber:(Ljava/lang/String;)Ljava/lang/Number;#454#7 prob_bp = 0.50000000000028420000
org.apache.commons.lang3.math.NumberUtils:createNumber:(Ljava/lang/String;)Ljava/lang/Number;#460#103 prob_bp = 0.50000000000040530000
org.apache.commons.lang3.math.NumberUtils:createNumber:(Ljava/lang/String;)Ljava/lang/Number;#460#64 prob_bp = 0.50000000000057540000
org.apache.commons.lang3.math.NumberUtils:createNumber:(Ljava/lang/String;)Ljava/lang/Number;#570#688 prob_bp = 0.50000000000077330000
org.apache.commons.lang3.math.NumberUtils:createNumber:(Ljava/lang/String;)Ljava/lang/Number;#570#689 prob_bp = 0.50000000000080410000
org.apache.commons.lang3.math.NumberUtils:isAllZeros:(Ljava/lang/String;)Z#624#6 prob_bp = 0.50000000000092760000
org.apache.commons.lang3.math.NumberUtils:createNumber:(Ljava/lang/String;)Ljava/lang/Number;#591#754 prob_bp = 0.50000000000116580000
org.apache.commons.lang3.math.NumberUtils:isAllZeros:(Ljava/lang/String;)Z#621#0 prob_bp = 0.50000000000124640000
org.apache.commons.lang3.math.NumberUtils:createNumber:(Ljava/lang/String;)Ljava/lang/Number;#460#65 prob_bp = 0.50000000000214460000
org.apache.commons.lang3.math.NumberUtils:isAllZeros:(Ljava/lang/String;)Z#625#18 prob_bp = 0.50000000000249390000
org.apache.commons.lang3.math.NumberUtils:isAllZeros:(Ljava/lang/String;)Z#625#17 prob_bp = 0.50000000000257640000
org.apache.commons.lang3.math.NumberUtils:isAllZeros:(Ljava/lang/String;)Z#624#7 prob_bp = 0.50000000000374700000
org.apache.commons.lang3.math.NumberUtils:isAllZeros:(Ljava/lang/String;)Z#624#10 prob_bp = 0.50000000000451060000
org.apache.commons.lang3.math.NumberUtils:createNumber:(Ljava/lang/String;)Ljava/lang/Number;#476#152 prob_bp = 0.50000000000467810000
org.apache.commons.lang3.math.NumberUtils:isAllZeros:(Ljava/lang/String;)Z#624#11 prob_bp = 0.50000000000469190000
org.apache.commons.lang3.math.NumberUtils:createNumber:(Ljava/lang/String;)Ljava/lang/Number;#476#148 prob_bp = 0.50000000000469700000
org.apache.commons.lang3.math.NumberUtils:createNumber:(Ljava/lang/String;)Ljava/lang/Number;#476#153 prob_bp = 0.50000000000486600000
org.apache.commons.lang3.math.NumberUtils:createNumber:(Ljava/lang/String;)Ljava/lang/Number;#476#149 prob_bp = 0.50000000000488640000
org.apache.commons.lang3.math.NumberUtils:isAllZeros:(Ljava/lang/String;)Z#621#1 prob_bp = 0.50000000000503300000
org.apache.commons.lang3.math.NumberUtils:createNumber:(Ljava/lang/String;)Ljava/lang/Number;#460#72 prob_bp = 0.50000000000809520000
org.apache.commons.lang3.math.NumberUtils:createNumber:(Ljava/lang/String;)Ljava/lang/Number;#575#723 prob_bp = 0.50000000000846780000
org.apache.commons.lang3.math.NumberUtils:isAllZeros:(Ljava/lang/String;)Z#625#19 prob_bp = 0.50000000001040620000
org.apache.commons.lang3.math.NumberUtils:createNumber:(Ljava/lang/String;)Ljava/lang/Number;#575#725 prob_bp = 0.50000000001308610000
org.apache.commons.lang3.math.NumberUtils:createNumber:(Ljava/lang/String;)Ljava/lang/Number;#460#67 prob_bp = 0.50000000001724830000
org.apache.commons.lang3.math.NumberUtils:createNumber:(Ljava/lang/String;)Ljava/lang/Number;#460#68 prob_bp = 0.50000000001790100000
org.apache.commons.lang3.math.NumberUtils:createNumber:(Ljava/lang/String;)Ljava/lang/Number;#460#70 prob_bp = 0.50000000002060970000
org.apache.commons.lang3.math.NumberUtils:createNumber:(Ljava/lang/String;)Ljava/lang/Number;#460#74 prob_bp = 0.50000000003071710000
org.apache.commons.lang3.math.NumberUtils:createNumber:(Ljava/lang/String;)Ljava/lang/Number;#509#345 prob_bp = 0.50000000003559080000
org.apache.commons.lang3.math.NumberUtils:isAllZeros:(Ljava/lang/String;)Z#624#12 prob_bp = 0.50000000005968310000
org.apache.commons.lang3.math.NumberUtils:createNumber:(Ljava/lang/String;)Ljava/lang/Number;#476#147 prob_bp = 0.50000000007300350000
org.apache.commons.lang3.math.NumberUtils:createNumber:(Ljava/lang/String;)Ljava/lang/Number;#476#154 prob_bp = 0.50000000007595290000
org.apache.commons.lang3.math.NumberUtils:createNumber:(Ljava/lang/String;)Ljava/lang/Number;#509#346 prob_bp = 0.50000000015075730000
org.apache.commons.lang3.math.NumberUtils:createNumber:(Ljava/lang/String;)Ljava/lang/Number;#461#89 prob_bp = 0.50000000018870540000
org.apache.commons.lang3.math.NumberUtils:createNumber:(Ljava/lang/String;)Ljava/lang/Number;#488#192 prob_bp = 0.50000000027016980000
org.apache.commons.lang3.math.NumberUtils:isAllZeros:(Ljava/lang/String;)Z#624#13 prob_bp = 0.50000000027863730000
org.apache.commons.lang3.math.NumberUtils:createNumber:(Ljava/lang/String;)Ljava/lang/Number;#481#178 prob_bp = 0.50000000048718770000
org.apache.commons.lang3.math.NumberUtils:createNumber:(Ljava/lang/String;)Ljava/lang/Number;#509#349 prob_bp = 0.50000000061605150000
org.apache.commons.lang3.math.NumberUtils:createNumber:(Ljava/lang/String;)Ljava/lang/Number;#488#194 prob_bp = 0.50000000108791160000
org.apache.commons.lang3.math.NumberUtils:createNumber:(Ljava/lang/String;)Ljava/lang/Number;#488#195 prob_bp = 0.50000000113183010000
org.apache.commons.lang3.math.NumberUtils:isAllZeros:(Ljava/lang/String;)Z#624#14 prob_bp = 0.50000000116249440000
org.apache.commons.lang3.math.NumberUtils:createNumber:(Ljava/lang/String;)Ljava/lang/Number;#476#157 prob_bp = 0.50000000449328870000
org.apache.commons.lang3.math.NumberUtils:createNumber:(Ljava/lang/String;)Ljava/lang/Number;#459#59 prob_bp = 0.50000000493260230000
org.apache.commons.lang3.math.NumberUtils:createNumber:(Ljava/lang/String;)Ljava/lang/Number;#459#60 prob_bp = 0.50000000511964250000
org.apache.commons.lang3.math.NumberUtils:createNumber:(Ljava/lang/String;)Ljava/lang/Number;#486#186 prob_bp = 0.50000000793706430000
org.apache.commons.lang3.StringUtils:isBlank:(Ljava/lang/CharSequence;)Z#257#10 prob_bp = 0.50000002917483930000
org.apache.commons.lang3.math.NumberUtils:createNumber:(Ljava/lang/String;)Ljava/lang/Number;#486#188 prob_bp = 0.50000003212364660000
org.apache.commons.lang3.math.NumberUtils:createNumber:(Ljava/lang/String;)Ljava/lang/Number;#486#189 prob_bp = 0.50000003341551800000
org.apache.commons.lang3.math.NumberUtils:createNumber:(Ljava/lang/String;)Ljava/lang/Number;#480#164 prob_bp = 0.50000004491790010000
org.apache.commons.lang3.StringUtils:isBlank:(Ljava/lang/CharSequence;)Z#257#11 prob_bp = 0.50000007350358090000
org.apache.commons.lang3.math.NumberUtils:createNumber:(Ljava/lang/String;)Ljava/lang/Number;#461#89#unexe#2 prob_bp = 0.50000007559683950000
org.apache.commons.lang3.math.NumberUtils:createNumber:(Ljava/lang/String;)Ljava/lang/Number;#480#158 prob_bp = 0.50000009607506140000
org.apache.commons.lang3.math.NumberUtils:createNumber:(Ljava/lang/String;)Ljava/lang/Number;#480#159 prob_bp = 0.50000009607506210000
org.apache.commons.lang3.math.NumberUtils:createNumber:(Ljava/lang/String;)Ljava/lang/Number;#480#161 prob_bp = 0.50000009993878690000
org.apache.commons.lang3.math.NumberUtils:isAllZeros:(Ljava/lang/String;)Z#625#22 prob_bp = 0.50000017326868350000
org.apache.commons.lang3.math.NumberUtils:isAllZeros:(Ljava/lang/String;)Z#625#24 prob_bp = 0.50000018024641670000
org.apache.commons.lang3.math.NumberUtils:createNumber:(Ljava/lang/String;)Ljava/lang/Number;#481#179 prob_bp = 0.50000018248691150000
org.apache.commons.lang3.math.NumberUtils:createNumber:(Ljava/lang/String;)Ljava/lang/Number;#481#180 prob_bp = 0.50000018982574420000
org.apache.commons.lang3.math.NumberUtils:createNumber:(Ljava/lang/String;)Ljava/lang/Number;#489#200 prob_bp = 0.50000021466340540000
org.apache.commons.lang3.math.NumberUtils:createNumber:(Ljava/lang/String;)Ljava/lang/Number;#489#198 prob_bp = 0.50000021635013140000
org.apache.commons.lang3.StringUtils:isBlank:(Ljava/lang/CharSequence;)Z#260#20 prob_bp = 0.50000024281629170000
org.apache.commons.lang3.math.NumberUtils:createNumber:(Ljava/lang/String;)Ljava/lang/Number;#460#74#unexe#2 prob_bp = 0.50000028102608340000
org.apache.commons.lang3.math.NumberUtils:createNumber:(Ljava/lang/String;)Ljava/lang/Number;#454#10 prob_bp = 0.50000030256910320000
org.apache.commons.lang3.StringUtils:isBlank:(Ljava/lang/CharSequence;)Z#260#19 prob_bp = 0.50000053623301610000
org.apache.commons.lang3.math.NumberUtils:createNumber:(Ljava/lang/String;)Ljava/lang/Number;#489#202 prob_bp = 0.50000090638750000000
org.apache.commons.lang3.StringUtils:isBlank:(Ljava/lang/CharSequence;)Z#260#21 prob_bp = 0.50000092266613450000
org.apache.commons.lang3.math.NumberUtils:createNumber:(Ljava/lang/String;)Ljava/lang/Number;#466#109 prob_bp = 0.50000101467013290000
org.apache.commons.lang3.StringUtils:isBlank:(Ljava/lang/CharSequence;)Z#261#25 prob_bp = 0.50000114955066280000
org.apache.commons.lang3.StringUtils:isBlank:(Ljava/lang/CharSequence;)Z#260#17 prob_bp = 0.50000135236884710000
org.apache.commons.lang3.StringUtils:isBlank:(Ljava/lang/CharSequence;)Z#260#18 prob_bp = 0.50000140659997300000
org.apache.commons.lang3.StringUtils:isBlank:(Ljava/lang/CharSequence;)Z#261#24 prob_bp = 0.50000157042135230000
org.apache.commons.lang3.StringUtils:isBlank:(Ljava/lang/CharSequence;)Z#261#26 prob_bp = 0.50000182437597250000
org.apache.commons.lang3.math.NumberUtils:createNumber:(Ljava/lang/String;)Ljava/lang/Number;#481#181 prob_bp = 0.50000313360376790000
org.apache.commons.lang3.math.NumberUtils:createNumber:(Ljava/lang/String;)Ljava/lang/Number;#466#110 prob_bp = 0.50000389544623970000
org.apache.commons.lang3.math.NumberUtils:createNumber:(Ljava/lang/String;)Ljava/lang/Number;#489#205 prob_bp = 0.50000524301301390000
org.apache.commons.lang3.math.NumberUtils:createNumber:(Ljava/lang/String;)Ljava/lang/Number;#481#166 prob_bp = 0.50000582361897900000
org.apache.commons.lang3.math.NumberUtils:createNumber:(Ljava/lang/String;)Ljava/lang/Number;#481#167 prob_bp = 0.50000582361910760000
org.apache.commons.lang3.math.NumberUtils:createNumber:(Ljava/lang/String;)Ljava/lang/Number;#481#169 prob_bp = 0.50000605781853770000
org.apache.commons.lang3.StringUtils:isBlank:(Ljava/lang/CharSequence;)Z#257#0 prob_bp = 0.50001507273796870000
org.apache.commons.lang3.math.NumberUtils:createNumber:(Ljava/lang/String;)Ljava/lang/Number;#489#211 prob_bp = 0.50002131558510270000
org.apache.commons.lang3.StringUtils:isBlank:(Ljava/lang/CharSequence;)Z#257#1 prob_bp = 0.50003713022601340000
org.apache.commons.lang3.math.NumberUtils:createNumber:(Ljava/lang/String;)Ljava/lang/Number;#593#775 prob_bp = 0.50005580091003740000
org.apache.commons.lang3.math.NumberUtils:createNumber:(Ljava/lang/String;)Ljava/lang/Number;#593#776 prob_bp = 0.50005804295841300000
org.apache.commons.lang3.math.NumberUtils:createNumber:(Ljava/lang/String;)Ljava/lang/Number;#481#172 prob_bp = 0.50035002252027760000
org.apache.commons.lang3.math.NumberUtils:createNumber:(Ljava/lang/String;)Ljava/lang/Number;#481#173 prob_bp = 0.50035002254676390000
org.apache.commons.lang3.math.NumberUtils:createNumber:(Ljava/lang/String;)Ljava/lang/Number;#481#175 prob_bp = 0.50036409378274220000
org.apache.commons.lang3.StringUtils:isBlank:(Ljava/lang/CharSequence;)Z#257#4 prob_bp = 0.50062469204025920000
org.apache.commons.lang3.StringUtils:isBlank:(Ljava/lang/CharSequence;)Z#257#5 prob_bp = 0.50157573608874310000
org.apache.commons.lang3.StringUtils:isBlank:(Ljava/lang/CharSequence;)Z#261#31 prob_bp = 0.50188246874295400000
org.apache.commons.lang3.StringUtils:isBlank:(Ljava/lang/CharSequence;)Z#257#12 prob_bp = 0.50656552872923640000
org.apache.commons.lang3.StringUtils:isBlank:(Ljava/lang/CharSequence;)Z#261#34 prob_bp = 0.50931720170656460000
org.apache.commons.lang3.math.NumberUtils:createNumber:(Ljava/lang/String;)Ljava/lang/Number;#489#207 prob_bp = 0.51052435825342590000
org.apache.commons.lang3.math.NumberUtils:createNumber:(Ljava/lang/String;)Ljava/lang/Number;#489#208 prob_bp = 0.51094076200481800000
org.apache.commons.lang3.math.NumberUtils:createFloat:(Ljava/lang/String;)Ljava/lang/Float;#643#0 prob_bp = 0.60341586481255240000
org.apache.commons.lang3.math.NumberUtils:createFloat:(Ljava/lang/String;)Ljava/lang/Float;#643#1 prob_bp = 0.60650334459143950000
org.apache.commons.lang3.math.NumberUtils:createFloat:(Ljava/lang/String;)Ljava/lang/Float;#646#6 prob_bp = 0.95333712522636970000
org.apache.commons.lang3.math.NumberUtils:createFloat:(Ljava/lang/String;)Ljava/lang/Float;#646#7 prob_bp = 0.96252700084509080000
org.apache.commons.lang3.StringUtils:isBlank:(Ljava/lang/CharSequence;)Z#262#37 prob_bp = 0.99941044625295330000
org.apache.commons.lang3.StringUtils:isBlank:(Ljava/lang/CharSequence;)Z#262#38 prob_bp = 0.99943310709126530000
org.apache.commons.lang3.math.NumberUtilsTest:testStringCreateNumberEnsureNoPrecisionLoss:()V#124#0 prob_bp = 1.00000000000000000000
org.apache.commons.lang3.math.NumberUtilsTest:testStringCreateNumberEnsureNoPrecisionLoss:()V#124#2 prob_bp = 1.00000000000000000000
org.apache.commons.lang3.math.NumberUtilsTest:testStringCreateNumberEnsureNoPrecisionLoss:()V#125#3 prob_bp = 1.00000000000000000000
org.apache.commons.lang3.math.NumberUtilsTest:testStringCreateNumberEnsureNoPrecisionLoss:()V#125#5 prob_bp = 1.00000000000000000000
org.apache.commons.lang3.math.NumberUtilsTest:testStringCreateNumberEnsureNoPrecisionLoss:()V#128#9 prob_bp = 1.00000000000000000000
org.apache.commons.lang3.math.NumberUtilsTest:testStringCreateNumberEnsureNoPrecisionLoss:()V#128#10 prob_bp = 1.00000000000000000000
org.apache.commons.lang3.math.NumberUtilsTest:testStringCreateNumberEnsureNoPrecisionLoss:()V#129#19 prob_bp = 1.00000000000000000000
org.apache.commons.lang3.math.NumberUtilsTest:testStringCreateNumberEnsureNoPrecisionLoss:()V#129#20 prob_bp = 1.00000000000000000000
org.apache.commons.lang3.math.NumberUtilsTest:testStringCreateNumberEnsureNoPrecisionLoss:()V#129#23 prob_bp = 1.00000000000000000000
org.apache.commons.lang3.math.NumberUtilsTest:testStringCreateNumberEnsureNoPrecisionLoss:()V#129#26 prob_bp = 1.00000000000000000000
Belief propagation time : 17.306000s
