Belief propagation time: 100

Probabilities: 
Vars:15363
Stmts:7209
org.apache.commons.math.util.ContinuedFraction:evaluate:(DDI)D#172#255 prob_bp = 0.49995344355305865000
org.apache.commons.math.util.ContinuedFraction:evaluate:(DDI)D#172#251 prob_bp = 0.49997674001434380000
org.apache.commons.math.util.ContinuedFraction:evaluate:(DDI)D#172#253 prob_bp = 0.49998154674429220000
org.apache.commons.math.util.ContinuedFraction:evaluate:(DDI)D#141#46 prob_bp = 0.49998322606080210000
org.apache.commons.math.util.ContinuedFraction:evaluate:(DDI)D#138#25 prob_bp = 0.49998503250578846000
org.apache.commons.math.util.ContinuedFraction:evaluate:(DDI)D#138#24 prob_bp = 0.49998554435612363000
org.apache.commons.math.util.ContinuedFraction:evaluate:(DDI)D#140#43 prob_bp = 0.49998832677090566000
org.apache.commons.math.special.Gamma:regularizedGammaQ:(DDDI)D#256#92 prob_bp = 0.49998936880951955000
org.apache.commons.math.special.Gamma:regularizedGammaQ:(DDDI)D#256#90 prob_bp = 0.49999158071316880000
org.apache.commons.math.special.Gamma:regularizedGammaQ:(DD)D#200#5 prob_bp = 0.49999247328902800000
org.apache.commons.math.special.Gamma:regularizedGammaQ:(DDDI)D#237#55 prob_bp = 0.49999392429654900000
org.apache.commons.math.special.Gamma:regularizedGammaP:(DDDI)D#179#139 prob_bp = 0.49999807960852494000
org.apache.commons.math.special.Gamma:regularizedGammaQ:(DDDI)D#237#49 prob_bp = 0.49999923213164643000
org.apache.commons.math.special.Gamma:regularizedGammaP:(DDDI)D#162#55 prob_bp = 0.49999975873457270000
org.apache.commons.math.special.Gamma:regularizedGammaP:(DDDI)D#162#49 prob_bp = 0.49999996892292950000
org.apache.commons.math.special.Gamma:regularizedGammaQ:(DDDI)D#237#54 prob_bp = 0.49999998468898650000
org.apache.commons.math.special.Gamma:regularizedGammaQ:(DDDI)D#237#53 prob_bp = 0.49999998521927040000
org.apache.commons.math.special.Gamma:regularizedGammaQ:(DDDI)D#237#52 prob_bp = 0.49999998976162050000
org.apache.commons.math.util.ContinuedFraction:evaluate:(DDI)D#140#36 prob_bp = 0.49999999894132235000
org.apache.commons.math.util.ContinuedFraction:evaluate:(DDI)D#140#42 prob_bp = 0.49999999922326580000
org.apache.commons.math.util.ContinuedFraction:evaluate:(DDI)D#140#32 prob_bp = 0.49999999942003337000
org.apache.commons.math.special.Gamma:regularizedGammaP:(DDDI)D#162#54 prob_bp = 0.49999999946499300000
org.apache.commons.math.special.Gamma:regularizedGammaP:(DDDI)D#162#53 prob_bp = 0.49999999952532836000
org.apache.commons.math.special.Gamma:regularizedGammaP:(DDDI)D#162#52 prob_bp = 0.49999999952650230000
org.apache.commons.math.util.ContinuedFraction:evaluate:(DDI)D#140#34 prob_bp = 0.49999999959944363000
org.apache.commons.math.util.ContinuedFraction:evaluate:(DDI)D#140#39 prob_bp = 0.49999999968541586000
org.apache.commons.math.util.ContinuedFraction:evaluate:(DDI)D#140#41 prob_bp = 0.49999999971372900000
org.apache.commons.math.special.Gamma:regularizedGammaP:(DDDI)D#179#138 prob_bp = 0.49999999973622916000
org.apache.commons.math.special.Gamma:regularizedGammaP:(DDDI)D#162#48 prob_bp = 0.49999999975803110000
org.apache.commons.math.special.Gamma:regularizedGammaP:(DDDI)D#162#47 prob_bp = 0.49999999976621895000
org.apache.commons.math.special.Gamma:regularizedGammaP:(DDDI)D#162#46 prob_bp = 0.49999999978492850000
org.apache.commons.math.special.Gamma:regularizedGammaP:(DDDI)D#179#137 prob_bp = 0.49999999981283460000
org.apache.commons.math.special.Gamma:regularizedGammaQ:(DDDI)D#237#48 prob_bp = 0.49999999981730500000
org.apache.commons.math.special.Gamma:regularizedGammaP:(DDDI)D#179#135 prob_bp = 0.49999999983455057000
org.apache.commons.math.special.Gamma:regularizedGammaP:(DD)D#120#5 prob_bp = 0.49999999984394666000
org.apache.commons.math.util.ContinuedFraction:evaluate:(DDI)D#139#30 prob_bp = 0.49999999984860666000
org.apache.commons.math.util.ContinuedFraction:evaluate:(DDI)D#139#27 prob_bp = 0.49999999985379373000
org.apache.commons.math.special.Gamma:regularizedGammaQ:(DDDI)D#256#88 prob_bp = 0.49999999986941810000
org.apache.commons.math.special.Gamma:regularizedGammaQ:(DDDI)D#237#47 prob_bp = 0.49999999987768950000
org.apache.commons.math.special.Gamma:regularizedGammaQ:(DD)D#200#2 prob_bp = 0.49999999988328264000
org.apache.commons.math.special.Gamma:regularizedGammaQ:(DDDI)D#237#46 prob_bp = 0.49999999988398780000
org.apache.commons.math.special.Gamma:regularizedGammaP:(DDDI)D#179#133 prob_bp = 0.49999999992537947000
org.apache.commons.math.util.ContinuedFraction:evaluate:(DDI)D#162#223 prob_bp = 0.49999999995120060000
org.apache.commons.math.util.ContinuedFraction:evaluate:(DDI)D#162#220 prob_bp = 0.49999999997506450000
org.apache.commons.math.special.Gamma:regularizedGammaP:(DDDI)D#171#94#unexe#9 prob_bp = 0.49999999997709577000
org.apache.commons.math.util.ContinuedFraction:evaluate:(DDI)D#162#219 prob_bp = 0.49999999998099165000
org.apache.commons.math.util.ContinuedFraction:evaluate:(DDI)D#162#218 prob_bp = 0.49999999998173040000
org.apache.commons.math.special.Gamma:regularizedGammaP:(DDDI)D#171#103#unexe#9 prob_bp = 0.49999999999357025000
org.apache.commons.math.util.ContinuedFraction:evaluate:(DDI)D#146#106 prob_bp = 0.49999999999513230000
org.apache.commons.math.special.Gamma:regularizedGammaP:(DDDI)D#171#94 prob_bp = 0.49999999999702993000
org.apache.commons.math.util.ContinuedFraction:evaluate:(DDI)D#146#103 prob_bp = 0.49999999999879950000
org.apache.commons.math.special.Gamma:regularizedGammaP:(DDDI)D#171#103 prob_bp = 0.49999999999916230000
org.apache.commons.math.util.ContinuedFraction:evaluate:(DDI)D#146#101 prob_bp = 0.49999999999971045000
org.apache.commons.math.util.ContinuedFraction:evaluate:(DDI)D#145#91 prob_bp = 0.49999999999993683000
org.apache.commons.math.special.Gamma:regularizedGammaP:(DDDI)D#173#110 prob_bp = 0.49999999999996925000
org.apache.commons.math.util.ContinuedFraction:evaluate:(DDI)D#146#98 prob_bp = 0.49999999999997546000
org.apache.commons.math.util.ContinuedFraction:evaluate:(DDI)D#162#217 prob_bp = 0.49999999999999020000
org.apache.commons.math.util.ContinuedFraction:evaluate:(DDI)D#162#215 prob_bp = 0.49999999999999223000
org.apache.commons.math.util.ContinuedFraction:evaluate:(DDI)D#162#213 prob_bp = 0.49999999999999234000
org.apache.commons.math.util.ContinuedFraction:evaluate:(DDI)D#137#22 prob_bp = 0.49999999999999280000
org.apache.commons.math.util.ContinuedFraction:evaluate:(DDI)D#161#211 prob_bp = 0.49999999999999290000
org.apache.commons.math.util.ContinuedFraction:evaluate:(DDI)D#146#95 prob_bp = 0.49999999999999320000
org.apache.commons.math.special.Gamma:regularizedGammaP:(DDDI)D#173#109 prob_bp = 0.49999999999999680000
org.apache.commons.math.special.Gamma:regularizedGammaP:(DDDI)D#173#108 prob_bp = 0.49999999999999690000
org.apache.commons.math.util.ContinuedFraction:evaluate:(DDI)D#146#93 prob_bp = 0.49999999999999820000
org.apache.commons.math.special.Gamma:regularizedGammaP:(DDDI)D#171#93 prob_bp = 0.49999999999999830000
org.apache.commons.math.special.Gamma:regularizedGammaP:(DDDI)D#171#91 prob_bp = 0.49999999999999845000
org.apache.commons.math.special.Gamma:regularizedGammaP:(DD)D#120#2 prob_bp = 0.49999999999999856000
org.apache.commons.math.special.Gamma:regularizedGammaP:(DDDI)D#171#88 prob_bp = 0.49999999999999890000
org.apache.commons.math.special.Gamma:regularizedGammaP:(DDDI)D#173#106 prob_bp = 0.49999999999999900000
org.apache.commons.math.special.Gamma:regularizedGammaP:(DDDI)D#169#80 prob_bp = 0.49999999999999920000
org.apache.commons.math.special.Gamma:regularizedGammaP:(DDDI)D#171#86 prob_bp = 0.49999999999999920000
org.apache.commons.math.util.ContinuedFraction:evaluate:(DDI)D#144#78 prob_bp = 0.49999999999999967000
org.apache.commons.math.special.Gamma:regularizedGammaP:(DDDI)D#168#74 prob_bp = 0.49999999999999980000
org.apache.commons.math.special.Gamma:regularizedGammaP:(DDDI)D#168#75 prob_bp = 0.49999999999999980000
org.apache.commons.math.special.Gamma:regularizedGammaP:(DDDI)D#171#97 prob_bp = 0.49999999999999980000
org.apache.commons.math.special.Gamma:regularizedGammaP:(DDDI)D#171#99 prob_bp = 0.49999999999999980000
org.apache.commons.math.special.Gamma:regularizedGammaP:(DDDI)D#171#101 prob_bp = 0.49999999999999980000
org.apache.commons.math.special.Gamma:regularizedGammaP:(DDDI)D#171#102 prob_bp = 0.49999999999999980000
org.apache.commons.math.util.ContinuedFraction:evaluate:(DDI)D#145#90 prob_bp = 0.49999999999999980000
org.apache.commons.math.util.ContinuedFraction:evaluate:(DDI)D#145#80 prob_bp = 0.49999999999999990000
org.apache.commons.math.util.ContinuedFraction:evaluate:(DDI)D#145#85 prob_bp = 0.49999999999999990000
org.apache.commons.math.special.Gamma:regularizedGammaP:(DDDI)D#174#121 prob_bp = 0.49999999999999994000
org.apache.commons.math.special.Gamma:regularizedGammaP:(DDDI)D#182#156 prob_bp = 0.49999999999999994000
org.apache.commons.math.special.Gamma:logGamma:(D)D#90#4 prob_bp = 0.49999999999999994000
org.apache.commons.math.special.Gamma:logGamma:(D)D#97#49 prob_bp = 0.49999999999999994000
org.apache.commons.math.special.Gamma:logGamma:(D)D#97#53 prob_bp = 0.49999999999999994000
org.apache.commons.math.special.Gamma:logGamma:(D)D#96#38#unexe#6 prob_bp = 0.49999999999999994000
org.apache.commons.math.special.Gamma:logGamma:(D)D#101#74 prob_bp = 0.49999999999999994000
org.apache.commons.math.special.Gamma:logGamma:(D)D#102#84 prob_bp = 0.49999999999999994000
org.apache.commons.math.special.Gamma:logGamma:(D)D#102#102 prob_bp = 0.49999999999999994000
org.apache.commons.math.special.Gamma:logGamma:(D)D#102#104 prob_bp = 0.49999999999999994000
org.apache.commons.math.util.ContinuedFraction:evaluate:(DDI)D#142#49 prob_bp = 0.49999999999999994000
org.apache.commons.math.util.ContinuedFraction:evaluate:(DDI)D#143#58 prob_bp = 0.49999999999999994000
org.apache.commons.math.special.Gamma:<clinit>:()V#40#103 prob_bp = 0.50000000000000000000
org.apache.commons.math.special.Gamma:<clinit>:()V#60#116 prob_bp = 0.50000000000000000000
org.apache.commons.math.special.Gamma:regularizedGammaP:(DDDI)D#169#77 prob_bp = 0.50000000000000000000
org.apache.commons.math.special.Gamma:regularizedGammaP:(DDDI)D#169#78 prob_bp = 0.50000000000000000000
org.apache.commons.math.special.Gamma:regularizedGammaP:(DDDI)D#169#79 prob_bp = 0.50000000000000000000
org.apache.commons.math.special.Gamma:regularizedGammaP:(DDDI)D#170#82 prob_bp = 0.50000000000000000000
org.apache.commons.math.special.Gamma:regularizedGammaP:(DDDI)D#170#84 prob_bp = 0.50000000000000000000
org.apache.commons.math.special.Gamma:regularizedGammaP:(DDDI)D#174#112 prob_bp = 0.50000000000000000000
org.apache.commons.math.special.Gamma:regularizedGammaP:(DDDI)D#174#114 prob_bp = 0.50000000000000000000
org.apache.commons.math.special.Gamma:regularizedGammaP:(DDDI)D#174#115 prob_bp = 0.50000000000000000000
org.apache.commons.math.special.Gamma:regularizedGammaP:(DDDI)D#174#116 prob_bp = 0.50000000000000000000
org.apache.commons.math.special.Gamma:regularizedGammaP:(DDDI)D#174#118 prob_bp = 0.50000000000000000000
org.apache.commons.math.special.Gamma:regularizedGammaP:(DDDI)D#174#119 prob_bp = 0.50000000000000000000
org.apache.commons.math.special.Gamma:regularizedGammaP:(DDDI)D#174#120 prob_bp = 0.50000000000000000000
org.apache.commons.math.special.Gamma:regularizedGammaP:(DDDI)D#177#123 prob_bp = 0.50000000000000000000
org.apache.commons.math.special.Gamma:regularizedGammaP:(DDDI)D#177#125 prob_bp = 0.50000000000000000000
org.apache.commons.math.special.Gamma:regularizedGammaP:(DDDI)D#177#127 prob_bp = 0.50000000000000000000
org.apache.commons.math.special.Gamma:regularizedGammaP:(DDDI)D#177#128 prob_bp = 0.50000000000000000000
org.apache.commons.math.special.Gamma:regularizedGammaP:(DDDI)D#171#94#unexe#13 prob_bp = 0.50000000000000000000
org.apache.commons.math.special.Gamma:regularizedGammaP:(DDDI)D#171#103#unexe#13 prob_bp = 0.50000000000000000000
org.apache.commons.math.special.Gamma:regularizedGammaP:(DDDI)D#182#152 prob_bp = 0.50000000000000000000
org.apache.commons.math.special.Gamma:regularizedGammaP:(DDDI)D#182#153 prob_bp = 0.50000000000000000000
org.apache.commons.math.special.Gamma:regularizedGammaP:(DDDI)D#182#154 prob_bp = 0.50000000000000000000
org.apache.commons.math.special.Gamma:regularizedGammaP:(DDDI)D#182#155 prob_bp = 0.50000000000000000000
org.apache.commons.math.special.Gamma:regularizedGammaP:(DDDI)D#182#159 prob_bp = 0.50000000000000000000
org.apache.commons.math.special.Gamma:regularizedGammaP:(DDDI)D#182#160 prob_bp = 0.50000000000000000000
org.apache.commons.math.special.Gamma:regularizedGammaP:(DDDI)D#182#161 prob_bp = 0.50000000000000000000
org.apache.commons.math.special.Gamma:regularizedGammaP:(DDDI)D#182#162 prob_bp = 0.50000000000000000000
org.apache.commons.math.special.Gamma:logGamma:(D)D#90#0 prob_bp = 0.50000000000000000000
org.apache.commons.math.special.Gamma:logGamma:(D)D#90#1 prob_bp = 0.50000000000000000000
org.apache.commons.math.special.Gamma:logGamma:(D)D#90#7 prob_bp = 0.50000000000000000000
org.apache.commons.math.special.Gamma:logGamma:(D)D#90#8 prob_bp = 0.50000000000000000000
org.apache.commons.math.special.Gamma:logGamma:(D)D#90#9 prob_bp = 0.50000000000000000000
org.apache.commons.math.special.Gamma:logGamma:(D)D#90#10 prob_bp = 0.50000000000000000000
org.apache.commons.math.special.Gamma:logGamma:(D)D#93#23 prob_bp = 0.50000000000000000000
org.apache.commons.math.special.Gamma:logGamma:(D)D#95#26 prob_bp = 0.50000000000000000000
org.apache.commons.math.special.Gamma:logGamma:(D)D#96#28 prob_bp = 0.50000000000000000000
org.apache.commons.math.special.Gamma:logGamma:(D)D#96#31 prob_bp = 0.50000000000000000000
org.apache.commons.math.special.Gamma:logGamma:(D)D#96#33 prob_bp = 0.50000000000000000000
org.apache.commons.math.special.Gamma:logGamma:(D)D#96#34 prob_bp = 0.50000000000000000000
org.apache.commons.math.special.Gamma:logGamma:(D)D#96#36 prob_bp = 0.50000000000000000000
org.apache.commons.math.special.Gamma:logGamma:(D)D#97#41 prob_bp = 0.50000000000000000000
org.apache.commons.math.special.Gamma:logGamma:(D)D#97#43 prob_bp = 0.50000000000000000000
org.apache.commons.math.special.Gamma:logGamma:(D)D#97#46 prob_bp = 0.50000000000000000000
org.apache.commons.math.special.Gamma:logGamma:(D)D#97#48 prob_bp = 0.50000000000000000000
org.apache.commons.math.special.Gamma:logGamma:(D)D#97#50 prob_bp = 0.50000000000000000000
org.apache.commons.math.special.Gamma:logGamma:(D)D#97#52 prob_bp = 0.50000000000000000000
org.apache.commons.math.special.Gamma:logGamma:(D)D#97#54 prob_bp = 0.50000000000000000000
org.apache.commons.math.special.Gamma:logGamma:(D)D#97#55 prob_bp = 0.50000000000000000000
org.apache.commons.math.special.Gamma:logGamma:(D)D#97#56 prob_bp = 0.50000000000000000000
org.apache.commons.math.special.Gamma:logGamma:(D)D#96#58 prob_bp = 0.50000000000000000000
org.apache.commons.math.special.Gamma:logGamma:(D)D#99#64 prob_bp = 0.50000000000000000000
org.apache.commons.math.special.Gamma:logGamma:(D)D#99#66 prob_bp = 0.50000000000000000000
org.apache.commons.math.special.Gamma:logGamma:(D)D#99#69 prob_bp = 0.50000000000000000000
org.apache.commons.math.special.Gamma:logGamma:(D)D#99#70 prob_bp = 0.50000000000000000000
org.apache.commons.math.special.Gamma:logGamma:(D)D#99#71 prob_bp = 0.50000000000000000000
org.apache.commons.math.special.Gamma:logGamma:(D)D#99#72 prob_bp = 0.50000000000000000000
org.apache.commons.math.special.Gamma:logGamma:(D)D#101#75 prob_bp = 0.50000000000000000000
org.apache.commons.math.special.Gamma:logGamma:(D)D#101#77 prob_bp = 0.50000000000000000000
org.apache.commons.math.special.Gamma:logGamma:(D)D#101#78 prob_bp = 0.50000000000000000000
org.apache.commons.math.special.Gamma:logGamma:(D)D#101#81 prob_bp = 0.50000000000000000000
org.apache.commons.math.special.Gamma:logGamma:(D)D#102#85 prob_bp = 0.50000000000000000000
org.apache.commons.math.special.Gamma:logGamma:(D)D#102#88 prob_bp = 0.50000000000000000000
org.apache.commons.math.special.Gamma:logGamma:(D)D#102#89 prob_bp = 0.50000000000000000000
org.apache.commons.math.special.Gamma:logGamma:(D)D#102#94 prob_bp = 0.50000000000000000000
org.apache.commons.math.special.Gamma:logGamma:(D)D#102#95 prob_bp = 0.50000000000000000000
org.apache.commons.math.special.Gamma:logGamma:(D)D#102#97 prob_bp = 0.50000000000000000000
org.apache.commons.math.special.Gamma:logGamma:(D)D#102#98 prob_bp = 0.50000000000000000000
org.apache.commons.math.special.Gamma:logGamma:(D)D#102#101 prob_bp = 0.50000000000000000000
org.apache.commons.math.special.Gamma:logGamma:(D)D#102#105 prob_bp = 0.50000000000000000000
org.apache.commons.math.special.Gamma:logGamma:(D)D#102#106 prob_bp = 0.50000000000000000000
org.apache.commons.math.special.Gamma:logGamma:(D)D#102#109 prob_bp = 0.50000000000000000000
org.apache.commons.math.special.Gamma:logGamma:(D)D#102#110 prob_bp = 0.50000000000000000000
org.apache.commons.math.special.Gamma:logGamma:(D)D#90#10#unexe#2 prob_bp = 0.50000000000000000000
org.apache.commons.math.special.Gamma:logGamma:(D)D#90#4#unexe#2 prob_bp = 0.50000000000000000000
org.apache.commons.math.special.Gamma:logGamma:(D)D#106#111 prob_bp = 0.50000000000000000000
org.apache.commons.math.special.Gamma:regularizedGammaP:(DDDI)D#182#165 prob_bp = 0.50000000000000000000
org.apache.commons.math.special.Gamma:regularizedGammaP:(DDDI)D#182#166 prob_bp = 0.50000000000000000000
org.apache.commons.math.special.Gamma:regularizedGammaP:(DDDI)D#182#169 prob_bp = 0.50000000000000000000
org.apache.commons.math.special.Gamma:regularizedGammaP:(DDDI)D#182#171 prob_bp = 0.50000000000000000000
org.apache.commons.math.special.Gamma:regularizedGammaP:(DDDI)D#182#172 prob_bp = 0.50000000000000000000
org.apache.commons.math.special.Gamma:regularizedGammaQ:(DDDI)D#256#85 prob_bp = 0.50000000000000000000
org.apache.commons.math.special.Gamma:regularizedGammaQ:(DDDI)D#256#87 prob_bp = 0.50000000000000000000
org.apache.commons.math.util.ContinuedFraction:evaluate:(DDI)D#133#1 prob_bp = 0.50000000000000000000
org.apache.commons.math.util.ContinuedFraction:evaluate:(DDI)D#134#3 prob_bp = 0.50000000000000000000
org.apache.commons.math.util.ContinuedFraction:evaluate:(DDI)D#134#4 prob_bp = 0.50000000000000000000
org.apache.commons.math.util.ContinuedFraction:evaluate:(DDI)D#134#5 prob_bp = 0.50000000000000000000
org.apache.commons.math.util.ContinuedFraction:evaluate:(DDI)D#134#6 prob_bp = 0.50000000000000000000
org.apache.commons.math.util.ContinuedFraction:evaluate:(DDI)D#134#9 prob_bp = 0.50000000000000000000
org.apache.commons.math.util.ContinuedFraction:evaluate:(DDI)D#135#12 prob_bp = 0.50000000000000000000
org.apache.commons.math.util.ContinuedFraction:evaluate:(DDI)D#136#15 prob_bp = 0.50000000000000000000
org.apache.commons.math.util.ContinuedFraction:evaluate:(DDI)D#137#17 prob_bp = 0.50000000000000000000
org.apache.commons.math.util.ContinuedFraction:evaluate:(DDI)D#137#19 prob_bp = 0.50000000000000000000
org.apache.commons.math.util.ContinuedFraction:evaluate:(DDI)D#137#21 prob_bp = 0.50000000000000000000
org.apache.commons.math.util.ContinuedFraction:evaluate:(DDI)D#142#50 prob_bp = 0.50000000000000000000
org.apache.commons.math.util.ContinuedFraction:evaluate:(DDI)D#142#52 prob_bp = 0.50000000000000000000
org.apache.commons.math.util.ContinuedFraction:evaluate:(DDI)D#142#53 prob_bp = 0.50000000000000000000
org.apache.commons.math.util.ContinuedFraction:evaluate:(DDI)D#142#56 prob_bp = 0.50000000000000000000
org.apache.commons.math.util.ContinuedFraction:evaluate:(DDI)D#143#59 prob_bp = 0.50000000000000000000
org.apache.commons.math.util.ContinuedFraction:evaluate:(DDI)D#143#61 prob_bp = 0.50000000000000000000
org.apache.commons.math.util.ContinuedFraction:evaluate:(DDI)D#143#62 prob_bp = 0.50000000000000000000
org.apache.commons.math.util.ContinuedFraction:evaluate:(DDI)D#143#65 prob_bp = 0.50000000000000000000
org.apache.commons.math.util.ContinuedFraction:evaluate:(DDI)D#144#67 prob_bp = 0.50000000000000000000
org.apache.commons.math.util.ContinuedFraction:evaluate:(DDI)D#144#69 prob_bp = 0.50000000000000000000
org.apache.commons.math.util.ContinuedFraction:evaluate:(DDI)D#144#71 prob_bp = 0.50000000000000000000
org.apache.commons.math.util.ContinuedFraction:evaluate:(DDI)D#144#72 prob_bp = 0.50000000000000000000
org.apache.commons.math.util.ContinuedFraction:evaluate:(DDI)D#144#74 prob_bp = 0.50000000000000000000
org.apache.commons.math.util.ContinuedFraction:evaluate:(DDI)D#144#76 prob_bp = 0.50000000000000000000
org.apache.commons.math.util.ContinuedFraction:evaluate:(DDI)D#144#77 prob_bp = 0.50000000000000000000
org.apache.commons.math.util.ContinuedFraction:evaluate:(DDI)D#145#82 prob_bp = 0.50000000000000000000
org.apache.commons.math.util.ContinuedFraction:evaluate:(DDI)D#145#84 prob_bp = 0.50000000000000000000
org.apache.commons.math.util.ContinuedFraction:evaluate:(DDI)D#145#87 prob_bp = 0.50000000000000000000
org.apache.commons.math.util.ContinuedFraction:evaluate:(DDI)D#145#89 prob_bp = 0.50000000000000000000
org.apache.commons.math.util.ContinuedFraction:evaluate:(DDI)D#161#206 prob_bp = 0.50000000000000000000
org.apache.commons.math.util.ContinuedFraction:evaluate:(DDI)D#161#208 prob_bp = 0.50000000000000000000
org.apache.commons.math.util.ContinuedFraction:evaluate:(DDI)D#161#210 prob_bp = 0.50000000000000000000
org.apache.commons.math.special.Gamma:logGamma:(D)D#93#20 prob_bp = 0.50000000000000010000
org.apache.commons.math.special.Gamma:logGamma:(D)D#95#25 prob_bp = 0.50000000000000010000
org.apache.commons.math.special.Gamma:logGamma:(D)D#96#32 prob_bp = 0.50000000000000010000
org.apache.commons.math.special.Gamma:logGamma:(D)D#96#38 prob_bp = 0.50000000000000010000
org.apache.commons.math.special.Gamma:logGamma:(D)D#101#82 prob_bp = 0.50000000000000010000
org.apache.commons.math.special.Gamma:logGamma:(D)D#102#91 prob_bp = 0.50000000000000010000
org.apache.commons.math.special.Gamma:logGamma:(D)D#106#112 prob_bp = 0.50000000000000010000
org.apache.commons.math.special.Gamma:regularizedGammaQ:(DDDI)D#243#82 prob_bp = 0.50000000000000010000
org.apache.commons.math.util.ContinuedFraction:evaluate:(DDI)D#133#0 prob_bp = 0.50000000000000010000
org.apache.commons.math.util.ContinuedFraction:evaluate:(DDI)D#135#11 prob_bp = 0.50000000000000010000
org.apache.commons.math.util.ContinuedFraction:evaluate:(DDI)D#136#14 prob_bp = 0.50000000000000010000
org.apache.commons.math.special.Gamma:regularizedGammaQ:(DDDI)D#243#74 prob_bp = 0.50000000000000020000
org.apache.commons.math.special.Gamma:regularizedGammaQ:(DDDI)D#235#34 prob_bp = 0.50007422177150210000
org.apache.commons.math.special.Gamma:regularizedGammaQ:(DDDI)D#235#35 prob_bp = 0.50007708761869040000
org.apache.commons.math.special.Gamma:regularizedGammaQ:(DDDI)D#235#36 prob_bp = 0.50007970586749200000
org.apache.commons.math.special.Gamma:regularizedGammaP:(DDDI)D#160#34 prob_bp = 0.50056288582004990000
org.apache.commons.math.special.Gamma:regularizedGammaP:(DDDI)D#160#35 prob_bp = 0.50060933693044910000
org.apache.commons.math.special.Gamma:regularizedGammaP:(DDDI)D#158#20 prob_bp = 0.50062189681083360000
org.apache.commons.math.special.Gamma:regularizedGammaP:(DDDI)D#160#36 prob_bp = 0.50062867419944950000
org.apache.commons.math.special.Gamma:regularizedGammaP:(DDDI)D#158#21 prob_bp = 0.50067386469098960000
org.apache.commons.math.special.Gamma:regularizedGammaP:(DDDI)D#158#22 prob_bp = 0.50069553655813700000
org.apache.commons.math.special.Gamma:regularizedGammaP:(DDDI)D#158#14 prob_bp = 0.50085074571703700000
org.apache.commons.math.special.Gamma:regularizedGammaP:(DDDI)D#158#15 prob_bp = 0.50092718002676620000
org.apache.commons.math.special.Gamma:regularizedGammaP:(DDDI)D#158#16 prob_bp = 0.50096034693761000000
org.apache.commons.math.special.Gamma:regularizedGammaQ:(DDDI)D#233#20 prob_bp = 0.50263790531658710000
org.apache.commons.math.special.Gamma:regularizedGammaQ:(DDDI)D#233#21 prob_bp = 0.50271145631013450000
org.apache.commons.math.special.Gamma:regularizedGammaQ:(DDDI)D#233#22 prob_bp = 0.50277812338570470000
org.apache.commons.math.special.Gamma:regularizedGammaP:(DDDI)D#158#7 prob_bp = 0.50309335471289270000
org.apache.commons.math.special.Gamma:regularizedGammaP:(DDDI)D#158#8 prob_bp = 0.50352936501389860000
org.apache.commons.math.special.Gamma:regularizedGammaP:(DD)D#120#1 prob_bp = 0.50402477159027080000
org.apache.commons.math.special.Gamma:regularizedGammaP:(DDDI)D#158#11 prob_bp = 0.50519158575023160000
org.apache.commons.math.special.Gamma:regularizedGammaQ:(DDDI)D#235#37 prob_bp = 0.50575077391942040000
org.apache.commons.math.special.Gamma:regularizedGammaQ:(DDDI)D#233#14 prob_bp = 0.51530692422506330000
org.apache.commons.math.special.Gamma:regularizedGammaQ:(DDDI)D#233#15 prob_bp = 0.51555868629097550000
org.apache.commons.math.special.Gamma:regularizedGammaP:(DD)D#120#0 prob_bp = 0.51579172448587230000
org.apache.commons.math.special.Gamma:regularizedGammaQ:(DDDI)D#233#16 prob_bp = 0.51590377233848130000
org.apache.commons.math.special.Gamma:regularizedGammaP:(DDDI)D#158#0 prob_bp = 0.51594074330632480000
org.apache.commons.math.special.Gamma:regularizedGammaP:(DDDI)D#158#1 prob_bp = 0.51715908509802540000
org.apache.commons.math.special.Gamma:regularizedGammaP:(DDDI)D#158#4 prob_bp = 0.51961566960360120000
org.apache.commons.math.special.Gamma:regularizedGammaP:(DD)D#120#7 prob_bp = 0.51996001579836270000
org.apache.commons.math.special.Gamma:regularizedGammaP:(DDDI)D#160#37 prob_bp = 0.56420583510369140000
org.apache.commons.math.special.Gamma:regularizedGammaP:(DDDI)D#158#23 prob_bp = 0.57184452609239370000
org.apache.commons.math.special.Gamma:regularizedGammaQ:(DDDI)D#233#23 prob_bp = 0.57933799687873000000
org.apache.commons.math.special.Gamma:regularizedGammaQ:(DD)D#200#1 prob_bp = 0.58294298532344110000
org.apache.commons.math.special.Gamma:regularizedGammaQ:(DDDI)D#233#7 prob_bp = 0.58421722857840050000
org.apache.commons.math.special.Gamma:regularizedGammaQ:(DDDI)D#233#8 prob_bp = 0.58763257511861660000
org.apache.commons.math.special.Gamma:regularizedGammaQ:(DDDI)D#233#11 prob_bp = 0.59414542711065190000
org.apache.commons.math.special.Gamma:regularizedGammaP:(DDDI)D#158#17 prob_bp = 0.61931919187117920000
org.apache.commons.math.special.Gamma:regularizedGammaQ:(DDDI)D#233#0 prob_bp = 0.70648223869518720000
org.apache.commons.math.special.Gamma:regularizedGammaQ:(DD)D#200#0 prob_bp = 0.70748986125788700000
org.apache.commons.math.special.Gamma:regularizedGammaQ:(DDDI)D#233#1 prob_bp = 0.71113812137163110000
org.apache.commons.math.special.Gamma:regularizedGammaQ:(DDDI)D#233#4 prob_bp = 0.71792383786558630000
org.apache.commons.math.special.Gamma:regularizedGammaQ:(DDDI)D#233#17 prob_bp = 0.73086941479365650000
org.apache.commons.math.special.Gamma:regularizedGammaQ:(DD)D#200#7 prob_bp = 0.75108742907160100000
org.apache.commons.math.special.Gamma:regularizedGammaP:(DDDI)D#186#174 prob_bp = 0.99999995321309330000
org.apache.commons.math.special.Gamma:regularizedGammaP:(DDDI)D#186#176 prob_bp = 0.99999998736248950000
org.apache.commons.math.special.Gamma:regularizedGammaP:(DD)D#120#10 prob_bp = 0.99999999768235270000
org.apache.commons.math.special.GammaTest:testRegularizedGammaPositivePositive:()V#77#1 prob_bp = 1.00000000000000000000
org.apache.commons.math.special.GammaTest:testRegularizedGammaPositivePositive:()V#77#4 prob_bp = 1.00000000000000000000
org.apache.commons.math.special.GammaTest:testRegularizedGammaPositivePositive:()V#77#5 prob_bp = 1.00000000000000000000
org.apache.commons.math.special.GammaTest:testRegularizedGammaPositivePositive:()V#77#6 prob_bp = 1.00000000000000000000
org.apache.commons.math.special.GammaTest:testRegularizedGamma:(DDD)V#38#0 prob_bp = 1.00000000000000000000
org.apache.commons.math.special.GammaTest:testRegularizedGamma:(DDD)V#38#1 prob_bp = 1.00000000000000000000
org.apache.commons.math.special.GammaTest:testRegularizedGamma:(DDD)V#38#3 prob_bp = 1.00000000000000000000
org.apache.commons.math.special.GammaTest:testRegularizedGamma:(DDD)V#38#6 prob_bp = 1.00000000000000000000
org.apache.commons.math.special.GammaTest:testRegularizedGamma:(DDD)V#39#8 prob_bp = 1.00000000000000000000
org.apache.commons.math.special.GammaTest:testRegularizedGamma:(DDD)V#39#9 prob_bp = 1.00000000000000000000
org.apache.commons.math.special.GammaTest:testRegularizedGamma:(DDD)V#39#11 prob_bp = 1.00000000000000000000
org.apache.commons.math.special.GammaTest:testRegularizedGamma:(DDD)V#40#16 prob_bp = 1.00000000000000000000
org.apache.commons.math.special.GammaTest:testRegularizedGamma:(DDD)V#40#17 prob_bp = 1.00000000000000000000
org.apache.commons.math.special.GammaTest:testRegularizedGamma:(DDD)V#40#19 prob_bp = 1.00000000000000000000
org.apache.commons.math.special.GammaTest:testRegularizedGamma:(DDD)V#40#22 prob_bp = 1.00000000000000000000
Belief propagation time : 6.381000s
