Belief propagation time: 31

Probabilities: 
Vars:12652
Stmts:1413
org.apache.commons.lang.NumberUtils:createNumber:(Ljava/lang/String;)Ljava/lang/Number;#193#336 prob_bp = 0.49975559269748526000
org.apache.commons.lang.NumberUtils:createNumber:(Ljava/lang/String;)Ljava/lang/Number;#179#193 prob_bp = 0.49981273021542400000
org.apache.commons.lang.NumberUtils:createNumber:(Ljava/lang/String;)Ljava/lang/Number;#179#192 prob_bp = 0.49981999881105726000
org.apache.commons.lang.NumberUtils:createNumber:(Ljava/lang/String;)Ljava/lang/Number;#190#276 prob_bp = 0.49994016135487060000
org.apache.commons.lang.NumberUtils:createNumber:(Ljava/lang/String;)Ljava/lang/Number;#190#275 prob_bp = 0.49998587040603870000
org.apache.commons.lang.NumberUtils:createNumber:(Ljava/lang/String;)Ljava/lang/Number;#155#67 prob_bp = 0.49999719227928320000
org.apache.commons.lang.NumberUtils:createNumber:(Ljava/lang/String;)Ljava/lang/Number;#162#96 prob_bp = 0.49999968889558233000
org.apache.commons.lang.NumberUtils:createNumber:(Ljava/lang/String;)Ljava/lang/Number;#162#95 prob_bp = 0.49999970094781115000
org.apache.commons.lang.NumberUtils:createNumber:(Ljava/lang/String;)Ljava/lang/Number;#162#93 prob_bp = 0.49999992623026140000
org.apache.commons.lang.NumberUtils:isAllZeros:(Ljava/lang/String;)Z#301#24 prob_bp = 0.49999995210137316000
org.apache.commons.lang.NumberUtils:isAllZeros:(Ljava/lang/String;)Z#301#22 prob_bp = 0.49999995395564084000
org.apache.commons.lang.NumberUtils:createNumber:(Ljava/lang/String;)Ljava/lang/Number;#159#74 prob_bp = 0.49999998512011484000
org.apache.commons.lang.NumberUtils:createNumber:(Ljava/lang/String;)Ljava/lang/Number;#152#49 prob_bp = 0.49999999144140683000
org.apache.commons.lang.NumberUtils:createNumber:(Ljava/lang/String;)Ljava/lang/Number;#155#64 prob_bp = 0.49999999795340390000
org.apache.commons.lang.NumberUtils:createNumber:(Ljava/lang/String;)Ljava/lang/Number;#155#57 prob_bp = 0.49999999803262490000
org.apache.commons.lang.NumberUtils:isAllZeros:(Ljava/lang/String;)Z#300#14 prob_bp = 0.49999999969136050000
org.apache.commons.lang.NumberUtils:createNumber:(Ljava/lang/String;)Ljava/lang/Number;#159#71 prob_bp = 0.49999999973245040000
org.apache.commons.lang.NumberUtils:createNumber:(Ljava/lang/String;)Ljava/lang/Number;#159#68 prob_bp = 0.49999999974181600000
org.apache.commons.lang.NumberUtils:createNumber:(Ljava/lang/String;)Ljava/lang/Number;#159#69 prob_bp = 0.49999999974281480000
org.apache.commons.lang.NumberUtils:createNumber:(Ljava/lang/String;)Ljava/lang/Number;#152#46 prob_bp = 0.49999999984757210000
org.apache.commons.lang.NumberUtils:createNumber:(Ljava/lang/String;)Ljava/lang/Number;#152#43 prob_bp = 0.49999999985315590000
org.apache.commons.lang.NumberUtils:createNumber:(Ljava/lang/String;)Ljava/lang/Number;#152#44 prob_bp = 0.49999999985347690000
org.apache.commons.lang.NumberUtils:createNumber:(Ljava/lang/String;)Ljava/lang/Number;#155#59 prob_bp = 0.49999999986684907000
org.apache.commons.lang.NumberUtils:createNumber:(Ljava/lang/String;)Ljava/lang/Number;#155#63 prob_bp = 0.49999999986929540000
org.apache.commons.lang.NumberUtils:createNumber:(Ljava/lang/String;)Ljava/lang/Number;#155#58 prob_bp = 0.49999999987200590000
org.apache.commons.lang.NumberUtils:createNumber:(Ljava/lang/String;)Ljava/lang/Number;#155#62 prob_bp = 0.49999999987435950000
org.apache.commons.lang.NumberUtils:isAllZeros:(Ljava/lang/String;)Z#300#13 prob_bp = 0.49999999992624905000
org.apache.commons.lang.NumberUtils:createNumber:(Ljava/lang/String;)Ljava/lang/Number;#152#40 prob_bp = 0.49999999997700434000
org.apache.commons.lang.NumberUtils:isAllZeros:(Ljava/lang/String;)Z#300#12 prob_bp = 0.49999999998447525000
org.apache.commons.lang.NumberUtils:createNumber:(Ljava/lang/String;)Ljava/lang/Number;#152#37 prob_bp = 0.49999999999653694000
org.apache.commons.lang.NumberUtils:createNumber:(Ljava/lang/String;)Ljava/lang/Number;#152#34 prob_bp = 0.49999999999666955000
org.apache.commons.lang.NumberUtils:createNumber:(Ljava/lang/String;)Ljava/lang/Number;#152#35 prob_bp = 0.49999999999667083000
org.apache.commons.lang.NumberUtils:isAllZeros:(Ljava/lang/String;)Z#301#19 prob_bp = 0.49999999999787850000
org.apache.commons.lang.NumberUtils:isAllZeros:(Ljava/lang/String;)Z#297#1 prob_bp = 0.49999999999864764000
org.apache.commons.lang.NumberUtils:isAllZeros:(Ljava/lang/String;)Z#300#11 prob_bp = 0.49999999999906125000
org.apache.commons.lang.NumberUtils:isAllZeros:(Ljava/lang/String;)Z#300#10 prob_bp = 0.49999999999909750000
org.apache.commons.lang.NumberUtils:createNumber:(Ljava/lang/String;)Ljava/lang/Number;#142#7 prob_bp = 0.49999999999940770000
org.apache.commons.lang.NumberUtils:createNumber:(Ljava/lang/String;)Ljava/lang/Number;#145#26 prob_bp = 0.49999999999941140000
org.apache.commons.lang.NumberUtils:createNumber:(Ljava/lang/String;)Ljava/lang/Number;#142#6 prob_bp = 0.49999999999942620000
org.apache.commons.lang.NumberUtils:createNumber:(Ljava/lang/String;)Ljava/lang/Number;#145#23 prob_bp = 0.49999999999943120000
org.apache.commons.lang.NumberUtils:createNumber:(Ljava/lang/String;)Ljava/lang/Number;#145#24 prob_bp = 0.49999999999943150000
org.apache.commons.lang.NumberUtils:isAllZeros:(Ljava/lang/String;)Z#301#17 prob_bp = 0.49999999999944605000
org.apache.commons.lang.NumberUtils:isAllZeros:(Ljava/lang/String;)Z#301#18 prob_bp = 0.49999999999949280000
org.apache.commons.lang.NumberUtils:isAllZeros:(Ljava/lang/String;)Z#297#0 prob_bp = 0.49999999999964706000
org.apache.commons.lang.NumberUtils:createNumber:(Ljava/lang/String;)Ljava/lang/Number;#189#254 prob_bp = 0.49999999999972980000
org.apache.commons.lang.NumberUtils:createNumber:(Ljava/lang/String;)Ljava/lang/Number;#139#1 prob_bp = 0.49999999999975314000
org.apache.commons.lang.NumberUtils:createNumber:(Ljava/lang/String;)Ljava/lang/Number;#139#0 prob_bp = 0.49999999999975770000
org.apache.commons.lang.NumberUtils:createNumber:(Ljava/lang/String;)Ljava/lang/Number;#189#253 prob_bp = 0.49999999999988860000
org.apache.commons.lang.NumberUtils:createNumber:(Ljava/lang/String;)Ljava/lang/Number;#145#29 prob_bp = 0.49999999999989750000
org.apache.commons.lang.NumberUtils:createNumber:(Ljava/lang/String;)Ljava/lang/Number;#174#176#unexe#2 prob_bp = 0.49999999999992790000
org.apache.commons.lang.NumberUtils:createNumber:(Ljava/lang/String;)Ljava/lang/Number;#177#191 prob_bp = 0.49999999999993766000
org.apache.commons.lang.NumberUtils:createNumber:(Ljava/lang/String;)Ljava/lang/Number;#142#10 prob_bp = 0.49999999999993950000
org.apache.commons.lang.NumberUtils:createNumber:(Ljava/lang/String;)Ljava/lang/Number;#177#190 prob_bp = 0.49999999999994020000
org.apache.commons.lang.NumberUtils:isAllZeros:(Ljava/lang/String;)Z#300#7 prob_bp = 0.49999999999999006000
org.apache.commons.lang.NumberUtils:isAllZeros:(Ljava/lang/String;)Z#300#6 prob_bp = 0.49999999999999740000
org.apache.commons.lang.NumberUtils:createNumber:(Ljava/lang/String;)Ljava/lang/Number;#182#204#unexe#4 prob_bp = 0.49999999999999990000
org.apache.commons.lang.NumberUtils:createNumber:(Ljava/lang/String;)Ljava/lang/Number;#188#241 prob_bp = 0.49999999999999990000
org.apache.commons.lang.NumberUtils:createNumber:(Ljava/lang/String;)Ljava/lang/Number;#188#243 prob_bp = 0.49999999999999990000
org.apache.commons.lang.NumberUtils:createNumber:(Ljava/lang/String;)Ljava/lang/Number;#174#173 prob_bp = 0.49999999999999994000
org.apache.commons.lang.NumberUtils:createNumber:(Ljava/lang/String;)Ljava/lang/Number;#182#204 prob_bp = 0.49999999999999994000
org.apache.commons.lang.NumberUtils:createNumber:(Ljava/lang/String;)Ljava/lang/Number;#188#248 prob_bp = 0.49999999999999994000
org.apache.commons.lang.NumberUtils:createNumber:(Ljava/lang/String;)Ljava/lang/Number;#174#175 prob_bp = 0.50000000000000000000
org.apache.commons.lang.NumberUtils:createNumber:(Ljava/lang/String;)Ljava/lang/Number;#182#201 prob_bp = 0.50000000000000000000
org.apache.commons.lang.NumberUtils:createNumber:(Ljava/lang/String;)Ljava/lang/Number;#185#237 prob_bp = 0.50000000000000000000
org.apache.commons.lang.NumberUtils:createNumber:(Ljava/lang/String;)Ljava/lang/Number;#185#238 prob_bp = 0.50000000000000000000
org.apache.commons.lang.NumberUtils:createNumber:(Ljava/lang/String;)Ljava/lang/Number;#188#247 prob_bp = 0.50000000000000000000
org.apache.commons.lang.NumberUtils:createNumber:(Ljava/lang/String;)Ljava/lang/Number;#193#337 prob_bp = 0.50000000000000000000
org.apache.commons.lang.NumberUtils:createNumber:(Ljava/lang/String;)Ljava/lang/Number;#193#340 prob_bp = 0.50000000000000000000
org.apache.commons.lang.NumberUtils:createNumber:(Ljava/lang/String;)Ljava/lang/Number;#193#342 prob_bp = 0.50000000000000000000
org.apache.commons.lang.NumberUtils:createNumber:(Ljava/lang/String;)Ljava/lang/Number;#193#345 prob_bp = 0.50000000000000000000
org.apache.commons.lang.NumberUtils:createNumber:(Ljava/lang/String;)Ljava/lang/Number;#193#347 prob_bp = 0.50000000000000000000
org.apache.commons.lang.NumberUtils:createNumber:(Ljava/lang/String;)Ljava/lang/Number;#193#348 prob_bp = 0.50000000000000000000
org.apache.commons.lang.NumberUtils:createNumber:(Ljava/lang/String;)Ljava/lang/Number;#188#240 prob_bp = 0.50000000000000010000
org.apache.commons.lang.NumberUtils:createNumber:(Ljava/lang/String;)Ljava/lang/Number;#188#242 prob_bp = 0.50000000000000010000
org.apache.commons.lang.NumberUtils:createNumber:(Ljava/lang/String;)Ljava/lang/Number;#188#246 prob_bp = 0.50000000000000010000
org.apache.commons.lang.NumberUtils:createNumber:(Ljava/lang/String;)Ljava/lang/Number;#188#251 prob_bp = 0.50000000000000010000
org.apache.commons.lang.NumberUtils:createNumber:(Ljava/lang/String;)Ljava/lang/Number;#174#176 prob_bp = 0.50000000000000020000
org.apache.commons.lang.NumberUtils:createNumber:(Ljava/lang/String;)Ljava/lang/Number;#182#203 prob_bp = 0.50000000000000030000
org.apache.commons.lang.NumberUtils:createNumber:(Ljava/lang/String;)Ljava/lang/Number;#160#76 prob_bp = 0.50000000000004470000
org.apache.commons.lang.NumberUtils:createNumber:(Ljava/lang/String;)Ljava/lang/Number;#160#82 prob_bp = 0.50000000000004470000
org.apache.commons.lang.NumberUtils:createNumber:(Ljava/lang/String;)Ljava/lang/Number;#160#83 prob_bp = 0.50000000000005530000
org.apache.commons.lang.NumberUtils:createNumber:(Ljava/lang/String;)Ljava/lang/Number;#160#77 prob_bp = 0.50000000000005610000
org.apache.commons.lang.NumberUtils:createNumber:(Ljava/lang/String;)Ljava/lang/Number;#160#79 prob_bp = 0.50000000000005740000
org.apache.commons.lang.NumberUtils:createNumber:(Ljava/lang/String;)Ljava/lang/Number;#160#85 prob_bp = 0.50000000000005810000
org.apache.commons.lang.NumberUtils:createNumber:(Ljava/lang/String;)Ljava/lang/Number;#160#88 prob_bp = 0.50000000001994500000
org.apache.commons.lang.NumberUtils:createNumber:(Ljava/lang/String;)Ljava/lang/Number;#160#89 prob_bp = 0.50000000770168620000
org.apache.commons.lang.NumberUtils:createNumber:(Ljava/lang/String;)Ljava/lang/Number;#160#90 prob_bp = 0.50000000801208590000
org.apache.commons.lang.NumberUtils:createNumber:(Ljava/lang/String;)Ljava/lang/Number;#181#194 prob_bp = 0.50000001461614200000
org.apache.commons.lang.NumberUtils:createNumber:(Ljava/lang/String;)Ljava/lang/Number;#181#195 prob_bp = 0.50000006188793980000
org.apache.commons.lang.NumberUtils:createNumber:(Ljava/lang/String;)Ljava/lang/Number;#160#91 prob_bp = 0.50000013279993380000
org.apache.commons.lang.NumberUtils:createNumber:(Ljava/lang/String;)Ljava/lang/Number;#181#198 prob_bp = 0.50000025271432070000
org.apache.commons.lang.NumberUtilsTest:testLang457:()V#525#0 prob_bp = 1.00000000000000000000
org.apache.commons.lang.NumberUtilsTest:testLang457:()V#525#2 prob_bp = 1.00000000000000000000
org.apache.commons.lang.NumberUtilsTest:testLang457:()V#525#41 prob_bp = 1.00000000000000000000
org.apache.commons.lang.NumberUtilsTest:testLang457:()V#526#42 prob_bp = 1.00000000000000000000
org.apache.commons.lang.NumberUtilsTest:testLang457:()V#526#43 prob_bp = 1.00000000000000000000
org.apache.commons.lang.NumberUtilsTest:testLang457:()V#526#44 prob_bp = 1.00000000000000000000
org.apache.commons.lang.NumberUtilsTest:testLang457:()V#526#45 prob_bp = 1.00000000000000000000
org.apache.commons.lang.NumberUtilsTest:testLang457:()V#526#46 prob_bp = 1.00000000000000000000
org.apache.commons.lang.NumberUtilsTest:testLang457:()V#526#47 prob_bp = 1.00000000000000000000
org.apache.commons.lang.NumberUtilsTest:testLang457:()V#528#50 prob_bp = 1.00000000000000000000
org.apache.commons.lang.NumberUtilsTest:testLang457:()V#528#51 prob_bp = 1.00000000000000000000
org.apache.commons.lang.NumberUtilsTest:testLang457:()V#528#52 prob_bp = 1.00000000000000000000
org.apache.commons.lang.NumberUtilsTest:testLang457:()V#528#53 prob_bp = 1.00000000000000000000
Belief propagation time : 1.953000s
