Belief propagation time: 21

Probabilities: 
Vars:27708
Stmts:5712
org.jfree.data.Range:<init>:(DD)V#87#45 prob_bp = 0.29845793363059890000
org.jfree.data.Range:<init>:(DD)V#87#49 prob_bp = 0.49874143361523865000
org.jfree.data.Range:<init>:(DD)V#85#43 prob_bp = 0.49975543677900940000
org.jfree.chart.block.BorderArrangement:arrangeFF:(Lorg/jfree/chart/block/BlockContainer;Ljava/awt/Graphics2D;Lorg/jfree/chart/block/RectangleConstraint;)Lorg/jfree/chart/util/Size2D;#453#250 prob_bp = 0.49993168428729470000
org.jfree.data.Range:<init>:(DD)V#85#40 prob_bp = 0.49995790390498770000
org.jfree.data.Range:<init>:(DD)V#85#37 prob_bp = 0.49999830652775910000
org.jfree.data.Range:<init>:(DD)V#85#35 prob_bp = 0.49999838735110885000
org.jfree.chart.block.BorderArrangement:arrangeFF:(Lorg/jfree/chart/block/BlockContainer;Ljava/awt/Graphics2D;Lorg/jfree/chart/block/RectangleConstraint;)Lorg/jfree/chart/util/Size2D;#454#272 prob_bp = 0.49999872321948980000
org.jfree.chart.block.BorderArrangement:arrangeFF:(Lorg/jfree/chart/block/BlockContainer;Ljava/awt/Graphics2D;Lorg/jfree/chart/block/RectangleConstraint;)Lorg/jfree/chart/util/Size2D;#454#262 prob_bp = 0.49999886918704295000
org.jfree.chart.block.RectangleConstraint:<init>:(DLorg/jfree/data/Range;Lorg/jfree/chart/block/LengthConstraintType;DLorg/jfree/data/Range;Lorg/jfree/chart/block/LengthConstraintType;)V#153#21 prob_bp = 0.49999959889406300000
org.jfree.chart.block.RectangleConstraint:<init>:(DLorg/jfree/data/Range;Lorg/jfree/chart/block/LengthConstraintType;DLorg/jfree/data/Range;Lorg/jfree/chart/block/LengthConstraintType;)V#153#19 prob_bp = 0.49999977062493310000
org.jfree.chart.block.BorderArrangement:arrangeFF:(Lorg/jfree/chart/block/BlockContainer;Ljava/awt/Graphics2D;Lorg/jfree/chart/block/RectangleConstraint;)Lorg/jfree/chart/util/Size2D;#453#247 prob_bp = 0.49999977317901940000
org.jfree.chart.block.BorderArrangement:arrangeFF:(Lorg/jfree/chart/block/BlockContainer;Ljava/awt/Graphics2D;Lorg/jfree/chart/block/RectangleConstraint;)Lorg/jfree/chart/util/Size2D;#445#210 prob_bp = 0.49999981121545080000
org.jfree.chart.block.BorderArrangement:arrangeFF:(Lorg/jfree/chart/block/BlockContainer;Ljava/awt/Graphics2D;Lorg/jfree/chart/block/RectangleConstraint;)Lorg/jfree/chart/util/Size2D;#445#207 prob_bp = 0.49999982559737993000
org.jfree.chart.block.LengthConstraintType:<clinit>:()V#63#33 prob_bp = 0.49999982904212060000
org.jfree.chart.block.BorderArrangement:arrangeFF:(Lorg/jfree/chart/block/BlockContainer;Ljava/awt/Graphics2D;Lorg/jfree/chart/block/RectangleConstraint;)Lorg/jfree/chart/util/Size2D;#453#246 prob_bp = 0.49999994360984010000
org.jfree.chart.block.BorderArrangement:arrange:(Lorg/jfree/chart/block/BlockContainer;Ljava/awt/Graphics2D;Lorg/jfree/chart/block/RectangleConstraint;)Lorg/jfree/chart/util/Size2D;#152#130 prob_bp = 0.49999998603378226000
org.jfree.chart.block.RectangleConstraint:<init>:(DLorg/jfree/data/Range;Lorg/jfree/chart/block/LengthConstraintType;DLorg/jfree/data/Range;Lorg/jfree/chart/block/LengthConstraintType;)V#150#6 prob_bp = 0.49999999547135510000
org.jfree.data.Range:<init>:(DD)V#85#32 prob_bp = 0.49999999562197295000
org.jfree.chart.block.BorderArrangement:arrange:(Lorg/jfree/chart/block/BlockContainer;Ljava/awt/Graphics2D;Lorg/jfree/chart/block/RectangleConstraint;)Lorg/jfree/chart/util/Size2D;#152#126 prob_bp = 0.49999999653843036000
org.jfree.chart.block.RectangleConstraint:<init>:(DLorg/jfree/data/Range;Lorg/jfree/chart/block/LengthConstraintType;DLorg/jfree/data/Range;Lorg/jfree/chart/block/LengthConstraintType;)V#150#4 prob_bp = 0.49999999726717550000
org.jfree.chart.block.BorderArrangement:arrangeFF:(Lorg/jfree/chart/block/BlockContainer;Ljava/awt/Graphics2D;Lorg/jfree/chart/block/RectangleConstraint;)Lorg/jfree/chart/util/Size2D;#445#199 prob_bp = 0.49999999792212246000
org.jfree.chart.block.LengthConstraintType:<clinit>:()V#59#21 prob_bp = 0.49999999796326200000
org.jfree.chart.block.BorderArrangement:add:(Lorg/jfree/chart/block/Block;Ljava/lang/Object;)V#113#71 prob_bp = 0.49999999874554180000
org.jfree.data.Range:<init>:(DD)V#85#31 prob_bp = 0.49999999913429777000
org.jfree.chart.block.BorderArrangement:arrangeFN:(Lorg/jfree/chart/block/BlockContainer;Ljava/awt/Graphics2D;D)Lorg/jfree/chart/util/Size2D;#323#394 prob_bp = 0.49999999913949295000
org.jfree.chart.block.BorderArrangement:add:(Lorg/jfree/chart/block/Block;Ljava/lang/Object;)V#113#70 prob_bp = 0.49999999947712510000
org.jfree.chart.block.BlockContainer:add:(Lorg/jfree/chart/block/Block;Ljava/lang/Object;)V#161#17 prob_bp = 0.49999999959867130000
org.jfree.chart.block.BorderArrangement:add:(Lorg/jfree/chart/block/Block;Ljava/lang/Object;)V#113#69 prob_bp = 0.49999999970325980000
org.jfree.chart.block.BlockContainer:add:(Lorg/jfree/chart/block/Block;Ljava/lang/Object;)V#161#15 prob_bp = 0.49999999970342600000
org.jfree.chart.block.BorderArrangement:arrangeFF:(Lorg/jfree/chart/block/BlockContainer;Ljava/awt/Graphics2D;Lorg/jfree/chart/block/RectangleConstraint;)Lorg/jfree/chart/util/Size2D;#454#271 prob_bp = 0.49999999971697180000
org.jfree.chart.block.BorderArrangement:arrangeFN:(Lorg/jfree/chart/block/BlockContainer;Ljava/awt/Graphics2D;D)Lorg/jfree/chart/util/Size2D;#323#381 prob_bp = 0.49999999978663695000
org.jfree.data.Range:<init>:(DD)V#85#28 prob_bp = 0.49999999982283610000
org.jfree.data.Range:<init>:(DD)V#85#26 prob_bp = 0.49999999983129160000
org.jfree.chart.block.BorderArrangement:arrangeFF:(Lorg/jfree/chart/block/BlockContainer;Ljava/awt/Graphics2D;Lorg/jfree/chart/block/RectangleConstraint;)Lorg/jfree/chart/util/Size2D;#444#179 prob_bp = 0.49999999988004770000
org.jfree.chart.block.RectangleConstraint:getWidth:()D#170#4 prob_bp = 0.49999999994600640000
org.jfree.chart.block.BorderArrangement:arrange:(Lorg/jfree/chart/block/BlockContainer;Ljava/awt/Graphics2D;Lorg/jfree/chart/block/RectangleConstraint;)Lorg/jfree/chart/util/Size2D;#149#110 prob_bp = 0.49999999994774713000
org.jfree.chart.block.BorderArrangement:arrange:(Lorg/jfree/chart/block/BlockContainer;Ljava/awt/Graphics2D;Lorg/jfree/chart/block/RectangleConstraint;)Lorg/jfree/chart/util/Size2D;#149#103 prob_bp = 0.49999999998763967000
org.jfree.chart.block.AbstractBlock:setBounds:(Ljava/awt/geom/Rectangle2D;)V#365#1 prob_bp = 0.49999999999105454000
org.jfree.chart.block.BorderArrangement:arrange:(Lorg/jfree/chart/block/BlockContainer;Ljava/awt/Graphics2D;Lorg/jfree/chart/block/RectangleConstraint;)Lorg/jfree/chart/util/Size2D;#151#123 prob_bp = 0.49999999999215344000
org.jfree.chart.block.BorderArrangement:arrange:(Lorg/jfree/chart/block/BlockContainer;Ljava/awt/Graphics2D;Lorg/jfree/chart/block/RectangleConstraint;)Lorg/jfree/chart/util/Size2D;#151#120 prob_bp = 0.49999999999273450000
org.jfree.chart.block.AbstractBlock:setBounds:(Ljava/awt/geom/Rectangle2D;)V#365#0 prob_bp = 0.49999999999420720000
org.jfree.chart.block.BorderArrangement:arrangeFF:(Lorg/jfree/chart/block/BlockContainer;Ljava/awt/Graphics2D;Lorg/jfree/chart/block/RectangleConstraint;)Lorg/jfree/chart/util/Size2D;#485#565 prob_bp = 0.49999999999498990000
org.jfree.chart.block.BorderArrangement:arrangeFF:(Lorg/jfree/chart/block/BlockContainer;Ljava/awt/Graphics2D;Lorg/jfree/chart/block/RectangleConstraint;)Lorg/jfree/chart/util/Size2D;#485#542 prob_bp = 0.49999999999518396000
org.jfree.chart.block.BorderArrangement:arrangeFF:(Lorg/jfree/chart/block/BlockContainer;Ljava/awt/Graphics2D;Lorg/jfree/chart/block/RectangleConstraint;)Lorg/jfree/chart/util/Size2D;#445#196 prob_bp = 0.49999999999705670000
org.jfree.chart.block.BorderArrangement:arrangeFF:(Lorg/jfree/chart/block/BlockContainer;Ljava/awt/Graphics2D;Lorg/jfree/chart/block/RectangleConstraint;)Lorg/jfree/chart/util/Size2D;#445#191 prob_bp = 0.49999999999743855000
org.jfree.chart.block.BlockContainer:arrange:(Ljava/awt/Graphics2D;Lorg/jfree/chart/block/RectangleConstraint;)Lorg/jfree/chart/util/Size2D;#182#7 prob_bp = 0.49999999999751760000
org.jfree.chart.block.BorderArrangement:arrange:(Lorg/jfree/chart/block/BlockContainer;Ljava/awt/Graphics2D;Lorg/jfree/chart/block/RectangleConstraint;)Lorg/jfree/chart/util/Size2D;#151#118 prob_bp = 0.49999999999807790000
org.jfree.chart.block.RectangleConstraint:<init>:(DD)V#89#11 prob_bp = 0.49999999999817740000
org.jfree.chart.block.RectangleConstraint:<init>:(DD)V#89#8 prob_bp = 0.49999999999832500000
org.jfree.data.Range:<init>:(DD)V#85#23 prob_bp = 0.49999999999845810000
org.jfree.chart.block.BorderArrangement:add:(Lorg/jfree/chart/block/Block;Ljava/lang/Object;)V#112#66 prob_bp = 0.49999999999906710000
org.jfree.data.Range:<init>:(DD)V#85#22 prob_bp = 0.49999999999911550000
org.jfree.chart.block.BorderArrangement:add:(Lorg/jfree/chart/block/Block;Ljava/lang/Object;)V#112#63 prob_bp = 0.49999999999913600000
org.jfree.chart.util.RectangleEdge:<clinit>:()V#69#45 prob_bp = 0.49999999999915110000
org.jfree.data.Range:<init>:(DD)V#85#19 prob_bp = 0.49999999999928000000
org.jfree.data.Range:<init>:(DD)V#85#10 prob_bp = 0.49999999999931444000
org.jfree.data.Range:<init>:(DD)V#85#17 prob_bp = 0.49999999999931444000
org.jfree.chart.block.BorderArrangement:arrangeFN:(Lorg/jfree/chart/block/BlockContainer;Ljava/awt/Graphics2D;D)Lorg/jfree/chart/util/Size2D;#302#223 prob_bp = 0.49999999999940300000
org.jfree.chart.block.LengthConstraintType:<clinit>:()V#55#9 prob_bp = 0.49999999999942163000
org.jfree.chart.block.BorderArrangement:arrangeFN:(Lorg/jfree/chart/block/BlockContainer;Ljava/awt/Graphics2D;D)Lorg/jfree/chart/util/Size2D;#302#220 prob_bp = 0.49999999999944855000
org.jfree.chart.block.BlockContainer:add:(Lorg/jfree/chart/block/Block;Ljava/lang/Object;)V#161#12 prob_bp = 0.49999999999951170000
org.jfree.chart.block.BorderArrangement:arrange:(Lorg/jfree/chart/block/BlockContainer;Ljava/awt/Graphics2D;Lorg/jfree/chart/block/RectangleConstraint;)Lorg/jfree/chart/util/Size2D;#135#22 prob_bp = 0.49999999999954275000
org.jfree.chart.block.BorderArrangement:arrangeFF:(Lorg/jfree/chart/block/BlockContainer;Ljava/awt/Graphics2D;Lorg/jfree/chart/block/RectangleConstraint;)Lorg/jfree/chart/util/Size2D;#444#176 prob_bp = 0.49999999999960426000
org.jfree.chart.block.BlockContainer:add:(Lorg/jfree/chart/block/Block;Ljava/lang/Object;)V#161#11 prob_bp = 0.49999999999967254000
org.jfree.chart.block.BorderArrangement:arrangeFF:(Lorg/jfree/chart/block/BlockContainer;Ljava/awt/Graphics2D;Lorg/jfree/chart/block/RectangleConstraint;)Lorg/jfree/chart/util/Size2D;#454#270 prob_bp = 0.49999999999972955000
org.jfree.chart.block.BorderArrangement:arrangeFF:(Lorg/jfree/chart/block/BlockContainer;Ljava/awt/Graphics2D;Lorg/jfree/chart/block/RectangleConstraint;)Lorg/jfree/chart/util/Size2D;#454#269 prob_bp = 0.49999999999974054000
org.jfree.chart.block.BorderArrangement:add:(Lorg/jfree/chart/block/Block;Ljava/lang/Object;)V#112#62 prob_bp = 0.49999999999976720000
org.jfree.chart.block.RectangleConstraint:getWidth:()D#170#1 prob_bp = 0.49999999999983424000
org.jfree.chart.block.BorderArrangement:arrangeFF:(Lorg/jfree/chart/block/BlockContainer;Ljava/awt/Graphics2D;Lorg/jfree/chart/block/RectangleConstraint;)Lorg/jfree/chart/util/Size2D;#454#267 prob_bp = 0.49999999999989210000
org.jfree.chart.block.BorderArrangement:arrangeFF:(Lorg/jfree/chart/block/BlockContainer;Ljava/awt/Graphics2D;Lorg/jfree/chart/block/RectangleConstraint;)Lorg/jfree/chart/util/Size2D;#444#175 prob_bp = 0.49999999999990210000
org.jfree.chart.block.RectangleConstraint:getHeightConstraintType:()Lorg/jfree/chart/block/LengthConstraintType;#215#4 prob_bp = 0.49999999999990880000
org.jfree.chart.block.BorderArrangement:arrangeFF:(Lorg/jfree/chart/block/BlockContainer;Ljava/awt/Graphics2D;Lorg/jfree/chart/block/RectangleConstraint;)Lorg/jfree/chart/util/Size2D;#424#3 prob_bp = 0.49999999999993040000
org.jfree.chart.block.BorderArrangement:arrangeFF:(Lorg/jfree/chart/block/BlockContainer;Ljava/awt/Graphics2D;Lorg/jfree/chart/block/RectangleConstraint;)Lorg/jfree/chart/util/Size2D;#484#535 prob_bp = 0.49999999999993805000
org.jfree.chart.block.BorderArrangement:arrangeFF:(Lorg/jfree/chart/block/BlockContainer;Ljava/awt/Graphics2D;Lorg/jfree/chart/block/RectangleConstraint;)Lorg/jfree/chart/util/Size2D;#424#1 prob_bp = 0.49999999999993960000
org.jfree.chart.block.BorderArrangement:add:(Lorg/jfree/chart/block/Block;Ljava/lang/Object;)V#102#16 prob_bp = 0.49999999999994055000
org.jfree.chart.block.BorderArrangement:arrangeFF:(Lorg/jfree/chart/block/BlockContainer;Ljava/awt/Graphics2D;Lorg/jfree/chart/block/RectangleConstraint;)Lorg/jfree/chart/util/Size2D;#424#0 prob_bp = 0.49999999999994216000
org.jfree.chart.block.BlockContainer:<init>:(Lorg/jfree/chart/block/Arrangement;)V#99#20 prob_bp = 0.49999999999995770000
org.jfree.chart.block.RectangleConstraint:getWidth:()D#170#0 prob_bp = 0.49999999999996114000
org.jfree.chart.block.BlockContainer:<init>:(Lorg/jfree/chart/block/Arrangement;)V#99#19 prob_bp = 0.49999999999996314000
org.jfree.chart.block.BorderArrangement:arrange:(Lorg/jfree/chart/block/BlockContainer;Ljava/awt/Graphics2D;Lorg/jfree/chart/block/RectangleConstraint;)Lorg/jfree/chart/util/Size2D;#148#100 prob_bp = 0.49999999999996353000
org.jfree.chart.block.BorderArrangement:arrange:(Lorg/jfree/chart/block/BlockContainer;Ljava/awt/Graphics2D;Lorg/jfree/chart/block/RectangleConstraint;)Lorg/jfree/chart/util/Size2D;#148#97 prob_bp = 0.49999999999996614000
org.jfree.chart.block.BlockContainer:<init>:(Lorg/jfree/chart/block/Arrangement;)V#99#18 prob_bp = 0.49999999999996680000
org.jfree.chart.block.BlockContainer:arrange:(Ljava/awt/Graphics2D;Lorg/jfree/chart/block/RectangleConstraint;)Lorg/jfree/chart/util/Size2D;#182#1 prob_bp = 0.49999999999997970000
org.jfree.chart.block.BorderArrangement:add:(Lorg/jfree/chart/block/Block;Ljava/lang/Object;)V#102#13 prob_bp = 0.49999999999998370000
org.jfree.chart.block.BlockContainer:arrange:(Ljava/awt/Graphics2D;Lorg/jfree/chart/block/RectangleConstraint;)Lorg/jfree/chart/util/Size2D;#182#0 prob_bp = 0.49999999999998657000
org.jfree.chart.block.RectangleConstraint:<init>:(DD)V#89#3 prob_bp = 0.49999999999998690000
org.jfree.chart.block.BorderArrangement:arrangeFF:(Lorg/jfree/chart/block/BlockContainer;Ljava/awt/Graphics2D;Lorg/jfree/chart/block/RectangleConstraint;)Lorg/jfree/chart/util/Size2D;#454#264 prob_bp = 0.49999999999999023000
org.jfree.chart.block.BorderArrangement:arrange:(Lorg/jfree/chart/block/BlockContainer;Ljava/awt/Graphics2D;Lorg/jfree/chart/block/RectangleConstraint;)Lorg/jfree/chart/util/Size2D;#148#95 prob_bp = 0.49999999999999100000
org.jfree.chart.block.BlockContainer:<init>:(Lorg/jfree/chart/block/Arrangement;)V#96#5 prob_bp = 0.49999999999999280000
org.jfree.chart.block.BorderArrangement:arrangeFN:(Lorg/jfree/chart/block/BlockContainer;Ljava/awt/Graphics2D;D)Lorg/jfree/chart/util/Size2D;#302#215 prob_bp = 0.49999999999999356000
org.jfree.chart.block.BlockContainer:<init>:(Lorg/jfree/chart/block/Arrangement;)V#96#4 prob_bp = 0.49999999999999367000
org.jfree.chart.block.BorderArrangement:add:(Lorg/jfree/chart/block/Block;Ljava/lang/Object;)V#102#12 prob_bp = 0.49999999999999434000
org.jfree.chart.block.BorderArrangement:arrangeFF:(Lorg/jfree/chart/block/BlockContainer;Ljava/awt/Graphics2D;Lorg/jfree/chart/block/RectangleConstraint;)Lorg/jfree/chart/util/Size2D;#454#263 prob_bp = 0.49999999999999720000
org.jfree.chart.block.BlockContainer:add:(Lorg/jfree/chart/block/Block;Ljava/lang/Object;)V#161#16 prob_bp = 0.49999999999999767000
org.jfree.chart.block.BorderArrangement:add:(Lorg/jfree/chart/block/Block;Ljava/lang/Object;)V#110#56 prob_bp = 0.49999999999999770000
org.jfree.chart.block.BorderArrangement:add:(Lorg/jfree/chart/block/Block;Ljava/lang/Object;)V#109#51 prob_bp = 0.49999999999999906000
org.jfree.chart.block.BorderArrangement:add:(Lorg/jfree/chart/block/Block;Ljava/lang/Object;)V#109#48 prob_bp = 0.49999999999999910000
org.jfree.chart.block.BorderArrangement:add:(Lorg/jfree/chart/block/Block;Ljava/lang/Object;)V#110#55 prob_bp = 0.49999999999999910000
org.jfree.chart.util.RectangleEdge:<clinit>:()V#65#33 prob_bp = 0.49999999999999920000
org.jfree.chart.block.BorderArrangement:arrange:(Lorg/jfree/chart/block/BlockContainer;Ljava/awt/Graphics2D;Lorg/jfree/chart/block/RectangleConstraint;)Lorg/jfree/chart/util/Size2D;#152#129 prob_bp = 0.49999999999999920000
org.jfree.chart.block.BorderArrangement:add:(Lorg/jfree/chart/block/Block;Ljava/lang/Object;)V#110#54 prob_bp = 0.49999999999999944000
org.jfree.chart.block.RectangleConstraint:getHeightConstraintType:()Lorg/jfree/chart/block/LengthConstraintType;#215#1 prob_bp = 0.49999999999999950000
org.jfree.chart.block.BorderArrangement:arrangeFN:(Lorg/jfree/chart/block/BlockContainer;Ljava/awt/Graphics2D;D)Lorg/jfree/chart/util/Size2D;#323#384 prob_bp = 0.49999999999999956000
org.jfree.chart.block.BlockContainer:add:(Lorg/jfree/chart/block/Block;Ljava/lang/Object;)V#160#5 prob_bp = 0.49999999999999960000
org.jfree.chart.block.BorderArrangement:arrangeFN:(Lorg/jfree/chart/block/BlockContainer;Ljava/awt/Graphics2D;D)Lorg/jfree/chart/util/Size2D;#300#177 prob_bp = 0.49999999999999960000
org.jfree.chart.block.BorderArrangement:arrangeFF:(Lorg/jfree/chart/block/BlockContainer;Ljava/awt/Graphics2D;Lorg/jfree/chart/block/RectangleConstraint;)Lorg/jfree/chart/util/Size2D;#450#237 prob_bp = 0.49999999999999967000
org.jfree.chart.block.BorderArrangement:arrangeFF:(Lorg/jfree/chart/block/BlockContainer;Ljava/awt/Graphics2D;Lorg/jfree/chart/block/RectangleConstraint;)Lorg/jfree/chart/util/Size2D;#477#482 prob_bp = 0.49999999999999967000
org.jfree.chart.block.BorderArrangement:add:(Lorg/jfree/chart/block/Block;Ljava/lang/Object;)V#98#1 prob_bp = 0.49999999999999970000
org.jfree.data.Range:<init>:(DD)V#89#57 prob_bp = 0.49999999999999980000
org.jfree.chart.block.BorderArrangement:add:(Lorg/jfree/chart/block/Block;Ljava/lang/Object;)V#109#47 prob_bp = 0.49999999999999980000
org.jfree.chart.block.BorderArrangement:arrangeFF:(Lorg/jfree/chart/block/BlockContainer;Ljava/awt/Graphics2D;Lorg/jfree/chart/block/RectangleConstraint;)Lorg/jfree/chart/util/Size2D;#477#462 prob_bp = 0.49999999999999980000
org.jfree.chart.block.RectangleConstraint:<init>:(DLorg/jfree/data/Range;Lorg/jfree/chart/block/LengthConstraintType;DLorg/jfree/data/Range;Lorg/jfree/chart/block/LengthConstraintType;)V#161#63 prob_bp = 0.49999999999999983000
org.jfree.chart.util.RectangleInsets:trimWidth:(D)D#501#1 prob_bp = 0.49999999999999983000
org.jfree.chart.util.RectangleInsets:calculateLeftInset:(D)D#445#22 prob_bp = 0.49999999999999983000
org.jfree.chart.util.RectangleInsets:calculateLeftInset:(D)D#445#23 prob_bp = 0.49999999999999983000
org.jfree.chart.util.RectangleInsets:trimWidth:(D)D#501#7 prob_bp = 0.49999999999999983000
org.jfree.chart.util.RectangleInsets:calculateRightInset:(D)D#475#22 prob_bp = 0.49999999999999983000
org.jfree.chart.util.RectangleInsets:calculateRightInset:(D)D#475#23 prob_bp = 0.49999999999999983000
org.jfree.chart.block.BlockBorder:getInsets:()Lorg/jfree/chart/util/RectangleInsets;#145#1 prob_bp = 0.49999999999999983000
org.jfree.chart.util.RectangleInsets:calculateTopInset:(D)D#382#12 prob_bp = 0.49999999999999983000
org.jfree.chart.block.AbstractBlock:trimToContentWidth:(Lorg/jfree/data/Range;)Lorg/jfree/data/Range;#446#50 prob_bp = 0.49999999999999983000
org.jfree.chart.block.AbstractBlock:trimToContentHeight:(Lorg/jfree/data/Range;)Lorg/jfree/data/Range;#460#39 prob_bp = 0.49999999999999983000
org.jfree.chart.block.BorderArrangement:arrange:(Lorg/jfree/chart/block/BlockContainer;Ljava/awt/Graphics2D;Lorg/jfree/chart/block/RectangleConstraint;)Lorg/jfree/chart/util/Size2D;#147#92 prob_bp = 0.49999999999999983000
org.jfree.chart.util.RectangleInsets:calculateRightOutset:(D)D#486#4 prob_bp = 0.49999999999999983000
org.jfree.chart.block.BlockBorder:<clinit>:()V#71#13 prob_bp = 0.49999999999999990000
org.jfree.chart.block.AbstractBlock:trimToContentHeight:(D)D#401#4 prob_bp = 0.49999999999999990000
org.jfree.chart.block.AbstractBlock:trimToContentWidth:(Lorg/jfree/data/Range;)Lorg/jfree/data/Range;#437#0 prob_bp = 0.49999999999999990000
org.jfree.chart.block.AbstractBlock:toContentConstraint:(Lorg/jfree/chart/block/RectangleConstraint;)Lorg/jfree/chart/block/RectangleConstraint;#430#100 prob_bp = 0.49999999999999990000
org.jfree.chart.block.BorderArrangement:arrange:(Lorg/jfree/chart/block/BlockContainer;Ljava/awt/Graphics2D;Lorg/jfree/chart/block/RectangleConstraint;)Lorg/jfree/chart/util/Size2D;#147#87 prob_bp = 0.49999999999999990000
org.jfree.chart.block.AbstractBlock:calculateTotalWidth:(D)D#477#33 prob_bp = 0.49999999999999990000
org.jfree.chart.block.AbstractBlock:calculateTotalWidth:(D)D#478#34 prob_bp = 0.49999999999999990000
org.jfree.chart.block.BorderArrangement:arrangeFF:(Lorg/jfree/chart/block/BlockContainer;Ljava/awt/Graphics2D;Lorg/jfree/chart/block/RectangleConstraint;)Lorg/jfree/chart/util/Size2D;#484#532 prob_bp = 0.49999999999999990000
org.jfree.chart.block.BorderArrangement:arrangeFF:(Lorg/jfree/chart/block/BlockContainer;Ljava/awt/Graphics2D;Lorg/jfree/chart/block/RectangleConstraint;)Lorg/jfree/chart/util/Size2D;#450#229 prob_bp = 0.49999999999999990000
org.jfree.chart.block.BorderArrangement:arrangeFF:(Lorg/jfree/chart/block/BlockContainer;Ljava/awt/Graphics2D;Lorg/jfree/chart/block/RectangleConstraint;)Lorg/jfree/chart/util/Size2D;#450#231 prob_bp = 0.49999999999999990000
org.jfree.data.Range:<init>:(DD)V#89#56 prob_bp = 0.49999999999999994000
org.jfree.chart.block.RectangleConstraint:<init>:(DLorg/jfree/data/Range;Lorg/jfree/chart/block/LengthConstraintType;DLorg/jfree/data/Range;Lorg/jfree/chart/block/LengthConstraintType;)V#149#0 prob_bp = 0.49999999999999994000
org.jfree.chart.block.RectangleConstraint:<init>:(DLorg/jfree/data/Range;Lorg/jfree/chart/block/LengthConstraintType;DLorg/jfree/data/Range;Lorg/jfree/chart/block/LengthConstraintType;)V#149#1 prob_bp = 0.49999999999999994000
org.jfree.chart.block.RectangleConstraint:<init>:(DLorg/jfree/data/Range;Lorg/jfree/chart/block/LengthConstraintType;DLorg/jfree/data/Range;Lorg/jfree/chart/block/LengthConstraintType;)V#158#44 prob_bp = 0.49999999999999994000
org.jfree.chart.block.RectangleConstraint:<init>:(DLorg/jfree/data/Range;Lorg/jfree/chart/block/LengthConstraintType;DLorg/jfree/data/Range;Lorg/jfree/chart/block/LengthConstraintType;)V#161#62 prob_bp = 0.49999999999999994000
org.jfree.chart.block.AbstractBlock:<init>:()V#109#0 prob_bp = 0.49999999999999994000
org.jfree.chart.block.AbstractBlock:<init>:()V#115#37 prob_bp = 0.49999999999999994000
org.jfree.chart.block.AbstractBlock:toContentConstraint:(Lorg/jfree/chart/block/RectangleConstraint;)Lorg/jfree/chart/block/RectangleConstraint;#416#0 prob_bp = 0.49999999999999994000
org.jfree.chart.block.AbstractBlock:toContentConstraint:(Lorg/jfree/chart/block/RectangleConstraint;)Lorg/jfree/chart/block/RectangleConstraint;#419#14 prob_bp = 0.49999999999999994000
org.jfree.chart.block.AbstractBlock:toContentConstraint:(Lorg/jfree/chart/block/RectangleConstraint;)Lorg/jfree/chart/block/RectangleConstraint;#419#21 prob_bp = 0.49999999999999994000
org.jfree.chart.block.AbstractBlock:trimToContentWidth:(D)D#383#1 prob_bp = 0.49999999999999994000
org.jfree.chart.block.AbstractBlock:trimToContentWidth:(D)D#383#4 prob_bp = 0.49999999999999994000
org.jfree.chart.util.RectangleInsets:calculateLeftInset:(D)D#442#12 prob_bp = 0.49999999999999994000
org.jfree.chart.util.RectangleInsets:calculateRightInset:(D)D#472#12 prob_bp = 0.49999999999999994000
org.jfree.chart.util.RectangleInsets:trimWidth:(D)D#501#12 prob_bp = 0.49999999999999994000
org.jfree.chart.block.AbstractBlock:trimToContentWidth:(D)D#384#10 prob_bp = 0.49999999999999994000
org.jfree.chart.block.AbstractBlock:trimToContentWidth:(D)D#384#22 prob_bp = 0.49999999999999994000
org.jfree.chart.block.AbstractBlock:trimToContentWidth:(D)D#385#24 prob_bp = 0.49999999999999994000
org.jfree.chart.block.AbstractBlock:trimToContentHeight:(D)D#401#1 prob_bp = 0.49999999999999994000
org.jfree.chart.util.RectangleInsets:calculateTopInset:(D)D#385#23 prob_bp = 0.49999999999999994000
org.jfree.chart.util.RectangleInsets:calculateBottomInset:(D)D#412#12 prob_bp = 0.49999999999999994000
org.jfree.chart.util.RectangleInsets:calculateBottomInset:(D)D#415#23 prob_bp = 0.49999999999999994000
org.jfree.chart.util.RectangleInsets:trimHeight:(D)D#523#12 prob_bp = 0.49999999999999994000
org.jfree.chart.block.AbstractBlock:trimToContentHeight:(D)D#402#10 prob_bp = 0.49999999999999994000
org.jfree.chart.block.AbstractBlock:trimToContentHeight:(D)D#402#22 prob_bp = 0.49999999999999994000
org.jfree.chart.block.AbstractBlock:trimToContentHeight:(D)D#403#24 prob_bp = 0.49999999999999994000
org.jfree.chart.block.AbstractBlock:trimToContentHeight:(D)D#403#27 prob_bp = 0.49999999999999994000
org.jfree.chart.block.AbstractBlock:trimToContentHeight:(D)D#403#31 prob_bp = 0.49999999999999994000
org.jfree.chart.block.AbstractBlock:toContentConstraint:(Lorg/jfree/chart/block/RectangleConstraint;)Lorg/jfree/chart/block/RectangleConstraint;#428#64 prob_bp = 0.49999999999999994000
org.jfree.chart.block.AbstractBlock:trimToContentWidth:(Lorg/jfree/data/Range;)Lorg/jfree/data/Range;#437#1 prob_bp = 0.49999999999999994000
org.jfree.chart.block.AbstractBlock:trimToContentWidth:(Lorg/jfree/data/Range;)Lorg/jfree/data/Range;#442#19#unexe#2 prob_bp = 0.49999999999999994000
org.jfree.chart.block.AbstractBlock:toContentConstraint:(Lorg/jfree/chart/block/RectangleConstraint;)Lorg/jfree/chart/block/RectangleConstraint;#429#75 prob_bp = 0.49999999999999994000
org.jfree.chart.block.AbstractBlock:trimToContentHeight:(Lorg/jfree/data/Range;)Lorg/jfree/data/Range;#457#13 prob_bp = 0.49999999999999994000
org.jfree.chart.block.AbstractBlock:trimToContentHeight:(Lorg/jfree/data/Range;)Lorg/jfree/data/Range;#457#18 prob_bp = 0.49999999999999994000
org.jfree.chart.block.AbstractBlock:trimToContentHeight:(Lorg/jfree/data/Range;)Lorg/jfree/data/Range;#457#19#unexe#2 prob_bp = 0.49999999999999994000
org.jfree.chart.block.AbstractBlock:trimToContentHeight:(Lorg/jfree/data/Range;)Lorg/jfree/data/Range;#460#31 prob_bp = 0.49999999999999994000
org.jfree.chart.block.AbstractBlock:trimToContentHeight:(Lorg/jfree/data/Range;)Lorg/jfree/data/Range;#461#44 prob_bp = 0.49999999999999994000
org.jfree.chart.block.RectangleConstraint:getWidthConstraintType:()Lorg/jfree/chart/block/LengthConstraintType;#188#1 prob_bp = 0.49999999999999994000
org.jfree.chart.block.RectangleConstraint:getHeightConstraintType:()Lorg/jfree/chart/block/LengthConstraintType;#215#0 prob_bp = 0.49999999999999994000
org.jfree.chart.block.BorderArrangement:arrange:(Lorg/jfree/chart/block/BlockContainer;Ljava/awt/Graphics2D;Lorg/jfree/chart/block/RectangleConstraint;)Lorg/jfree/chart/util/Size2D;#131#5 prob_bp = 0.49999999999999994000
org.jfree.chart.block.BorderArrangement:arrange:(Lorg/jfree/chart/block/BlockContainer;Ljava/awt/Graphics2D;Lorg/jfree/chart/block/RectangleConstraint;)Lorg/jfree/chart/util/Size2D;#149#106 prob_bp = 0.49999999999999994000
org.jfree.chart.block.BorderArrangement:arrange:(Lorg/jfree/chart/block/BlockContainer;Ljava/awt/Graphics2D;Lorg/jfree/chart/block/RectangleConstraint;)Lorg/jfree/chart/util/Size2D;#149#107 prob_bp = 0.49999999999999994000
org.jfree.chart.block.BorderArrangement:arrangeFN:(Lorg/jfree/chart/block/BlockContainer;Ljava/awt/Graphics2D;D)Lorg/jfree/chart/util/Size2D;#279#24 prob_bp = 0.49999999999999994000
org.jfree.chart.block.BorderArrangement:arrangeFN:(Lorg/jfree/chart/block/BlockContainer;Ljava/awt/Graphics2D;D)Lorg/jfree/chart/util/Size2D;#292#117 prob_bp = 0.49999999999999994000
org.jfree.chart.block.BorderArrangement:arrangeFN:(Lorg/jfree/chart/block/BlockContainer;Ljava/awt/Graphics2D;D)Lorg/jfree/chart/util/Size2D;#314#287 prob_bp = 0.49999999999999994000
org.jfree.chart.block.EmptyBlock:arrange:(Ljava/awt/Graphics2D;Lorg/jfree/chart/block/RectangleConstraint;)Lorg/jfree/chart/util/Size2D;#85#6 prob_bp = 0.49999999999999994000
org.jfree.chart.block.AbstractBlock:getWidth:()D#151#0 prob_bp = 0.49999999999999994000
org.jfree.chart.block.AbstractBlock:calculateTotalWidth:(D)D#474#0 prob_bp = 0.49999999999999994000
org.jfree.chart.block.AbstractBlock:calculateTotalWidth:(D)D#475#2 prob_bp = 0.49999999999999994000
org.jfree.chart.util.RectangleInsets:extendWidth:(D)D#512#0 prob_bp = 0.49999999999999994000
org.jfree.chart.util.RectangleInsets:extendWidth:(D)D#512#1 prob_bp = 0.49999999999999994000
org.jfree.chart.util.RectangleInsets:calculateLeftOutset:(D)D#456#4 prob_bp = 0.49999999999999994000
org.jfree.chart.util.RectangleInsets:calculateLeftOutset:(D)D#457#12#unexe#3 prob_bp = 0.49999999999999994000
org.jfree.chart.util.RectangleInsets:calculateRightOutset:(D)D#487#5 prob_bp = 0.49999999999999994000
org.jfree.chart.util.RectangleInsets:calculateRightOutset:(D)D#487#6 prob_bp = 0.49999999999999994000
org.jfree.chart.util.RectangleInsets:calculateRightOutset:(D)D#487#12#unexe#3 prob_bp = 0.49999999999999994000
org.jfree.chart.block.AbstractBlock:calculateTotalWidth:(D)D#475#10 prob_bp = 0.49999999999999994000
org.jfree.chart.block.AbstractBlock:calculateTotalWidth:(D)D#476#20 prob_bp = 0.49999999999999994000
org.jfree.chart.block.AbstractBlock:calculateTotalWidth:(D)D#477#25 prob_bp = 0.49999999999999994000
org.jfree.chart.block.AbstractBlock:calculateTotalWidth:(D)D#477#29 prob_bp = 0.49999999999999994000
org.jfree.chart.util.Size2D:<init>:(DD)V#82#6 prob_bp = 0.49999999999999994000
org.jfree.chart.block.BorderArrangement:arrangeFN:(Lorg/jfree/chart/block/BlockContainer;Ljava/awt/Graphics2D;D)Lorg/jfree/chart/util/Size2D;#323#391 prob_bp = 0.49999999999999994000
org.jfree.chart.block.BorderArrangement:arrangeFF:(Lorg/jfree/chart/block/BlockContainer;Ljava/awt/Graphics2D;Lorg/jfree/chart/block/RectangleConstraint;)Lorg/jfree/chart/util/Size2D;#426#17 prob_bp = 0.49999999999999994000
org.jfree.chart.block.BorderArrangement:arrangeFF:(Lorg/jfree/chart/block/BlockContainer;Ljava/awt/Graphics2D;Lorg/jfree/chart/block/RectangleConstraint;)Lorg/jfree/chart/util/Size2D;#435#88 prob_bp = 0.49999999999999994000
org.jfree.chart.block.BorderArrangement:arrangeFF:(Lorg/jfree/chart/block/BlockContainer;Ljava/awt/Graphics2D;Lorg/jfree/chart/block/RectangleConstraint;)Lorg/jfree/chart/util/Size2D;#476#455 prob_bp = 0.49999999999999994000
org.jfree.chart.block.BorderArrangement:add:(Lorg/jfree/chart/block/Block;Ljava/lang/Object;)V#106#33 prob_bp = 0.49999999999999994000
org.jfree.chart.block.BorderArrangement:add:(Lorg/jfree/chart/block/Block;Ljava/lang/Object;)V#106#36 prob_bp = 0.49999999999999994000
org.jfree.chart.block.BorderArrangement:arrangeFN:(Lorg/jfree/chart/block/BlockContainer;Ljava/awt/Graphics2D;D)Lorg/jfree/chart/util/Size2D;#297#158 prob_bp = 0.49999999999999994000
org.jfree.chart.util.RectangleInsets:<clinit>:()V#65#14 prob_bp = 0.50000000000000000000
org.jfree.chart.util.RectangleEdge:<clinit>:()V#61#21 prob_bp = 0.50000000000000000000
org.jfree.chart.block.BlockContainer:<init>:(Lorg/jfree/chart/block/Arrangement;)V#95#0 prob_bp = 0.50000000000000000000
org.jfree.chart.block.BlockContainer:<init>:(Lorg/jfree/chart/block/Arrangement;)V#95#1 prob_bp = 0.50000000000000000000
org.jfree.chart.block.AbstractBlock:<init>:()V#114#34 prob_bp = 0.50000000000000000000
org.jfree.chart.block.AbstractBlock:<init>:()V#116#48 prob_bp = 0.50000000000000000000
org.jfree.chart.block.BlockContainer:<init>:(Lorg/jfree/chart/block/Arrangement;)V#100#23 prob_bp = 0.50000000000000000000
org.jfree.chart.block.BlockContainer:<init>:(Lorg/jfree/chart/block/Arrangement;)V#100#24 prob_bp = 0.50000000000000000000
org.jfree.chart.block.EmptyBlock:<init>:(DD)V#70#0 prob_bp = 0.50000000000000000000
org.jfree.chart.block.EmptyBlock:<init>:(DD)V#70#1 prob_bp = 0.50000000000000000000
org.jfree.chart.block.BlockContainer:add:(Lorg/jfree/chart/block/Block;)V#150#1 prob_bp = 0.50000000000000000000
org.jfree.chart.block.BlockContainer:add:(Lorg/jfree/chart/block/Block;)V#150#2 prob_bp = 0.50000000000000000000
org.jfree.chart.block.BlockContainer:add:(Lorg/jfree/chart/block/Block;Ljava/lang/Object;)V#160#1 prob_bp = 0.50000000000000000000
org.jfree.chart.block.BorderArrangement:add:(Lorg/jfree/chart/block/Block;Ljava/lang/Object;)V#98#0 prob_bp = 0.50000000000000000000
org.jfree.chart.block.BorderArrangement:add:(Lorg/jfree/chart/block/Block;Ljava/lang/Object;)V#99#4 prob_bp = 0.50000000000000000000
org.jfree.chart.block.BorderArrangement:add:(Lorg/jfree/chart/block/Block;Ljava/lang/Object;)V#99#5 prob_bp = 0.50000000000000000000
org.jfree.chart.block.BorderArrangement:add:(Lorg/jfree/chart/block/Block;Ljava/lang/Object;)V#99#6 prob_bp = 0.50000000000000000000
org.jfree.chart.block.BlockContainer:arrange:(Ljava/awt/Graphics2D;Lorg/jfree/chart/block/RectangleConstraint;)Lorg/jfree/chart/util/Size2D;#182#4 prob_bp = 0.50000000000000000000
org.jfree.chart.block.BlockContainer:arrange:(Ljava/awt/Graphics2D;Lorg/jfree/chart/block/RectangleConstraint;)Lorg/jfree/chart/util/Size2D;#182#6 prob_bp = 0.50000000000000000000
org.jfree.chart.block.BorderArrangement:arrange:(Lorg/jfree/chart/block/BlockContainer;Ljava/awt/Graphics2D;Lorg/jfree/chart/block/RectangleConstraint;)Lorg/jfree/chart/util/Size2D;#131#1 prob_bp = 0.50000000000000000000
org.jfree.chart.block.AbstractBlock:toContentConstraint:(Lorg/jfree/chart/block/RectangleConstraint;)Lorg/jfree/chart/block/RectangleConstraint;#416#1 prob_bp = 0.50000000000000000000
org.jfree.chart.block.RectangleConstraint:getWidthRange:()Lorg/jfree/data/Range;#179#1 prob_bp = 0.50000000000000000000
org.jfree.chart.block.RectangleConstraint:getWidthRange:()Lorg/jfree/data/Range;#179#4 prob_bp = 0.50000000000000000000
org.jfree.chart.block.AbstractBlock:toContentConstraint:(Lorg/jfree/chart/block/RectangleConstraint;)Lorg/jfree/chart/block/RectangleConstraint;#423#35 prob_bp = 0.50000000000000000000
org.jfree.chart.block.RectangleConstraint:getHeightRange:()Lorg/jfree/data/Range;#206#1 prob_bp = 0.50000000000000000000
org.jfree.chart.block.RectangleConstraint:getHeightRange:()Lorg/jfree/data/Range;#206#4 prob_bp = 0.50000000000000000000
org.jfree.chart.block.AbstractBlock:toContentConstraint:(Lorg/jfree/chart/block/RectangleConstraint;)Lorg/jfree/chart/block/RectangleConstraint;#425#47 prob_bp = 0.50000000000000000000
org.jfree.chart.util.RectangleInsets:trimWidth:(D)D#501#13 prob_bp = 0.50000000000000000000
org.jfree.chart.block.AbstractBlock:trimToContentWidth:(D)D#384#18 prob_bp = 0.50000000000000000000
org.jfree.chart.block.AbstractBlock:trimToContentWidth:(D)D#386#33 prob_bp = 0.50000000000000000000
org.jfree.chart.util.RectangleInsets:trimHeight:(D)D#523#1 prob_bp = 0.50000000000000000000
org.jfree.chart.util.RectangleInsets:calculateTopInset:(D)D#382#12#unexe#3 prob_bp = 0.50000000000000000000
org.jfree.chart.util.RectangleInsets:calculateTopInset:(D)D#385#22 prob_bp = 0.50000000000000000000
org.jfree.chart.util.RectangleInsets:trimHeight:(D)D#523#7 prob_bp = 0.50000000000000000000
org.jfree.chart.util.RectangleInsets:calculateBottomInset:(D)D#412#12#unexe#3 prob_bp = 0.50000000000000000000
org.jfree.chart.util.RectangleInsets:calculateBottomInset:(D)D#415#22 prob_bp = 0.50000000000000000000
org.jfree.chart.block.AbstractBlock:trimToContentHeight:(D)D#402#18 prob_bp = 0.50000000000000000000
org.jfree.chart.block.AbstractBlock:trimToContentHeight:(D)D#404#33 prob_bp = 0.50000000000000000000
org.jfree.chart.block.AbstractBlock:toContentConstraint:(Lorg/jfree/chart/block/RectangleConstraint;)Lorg/jfree/chart/block/RectangleConstraint;#428#65 prob_bp = 0.50000000000000000000
org.jfree.chart.block.AbstractBlock:trimToContentWidth:(Lorg/jfree/data/Range;)Lorg/jfree/data/Range;#442#13 prob_bp = 0.50000000000000000000
org.jfree.chart.block.AbstractBlock:trimToContentWidth:(Lorg/jfree/data/Range;)Lorg/jfree/data/Range;#442#14 prob_bp = 0.50000000000000000000
org.jfree.chart.block.AbstractBlock:trimToContentWidth:(Lorg/jfree/data/Range;)Lorg/jfree/data/Range;#442#17 prob_bp = 0.50000000000000000000
org.jfree.chart.block.AbstractBlock:trimToContentWidth:(Lorg/jfree/data/Range;)Lorg/jfree/data/Range;#443#22 prob_bp = 0.50000000000000000000
org.jfree.chart.block.AbstractBlock:trimToContentWidth:(Lorg/jfree/data/Range;)Lorg/jfree/data/Range;#443#24 prob_bp = 0.50000000000000000000
org.jfree.chart.block.AbstractBlock:trimToContentWidth:(Lorg/jfree/data/Range;)Lorg/jfree/data/Range;#443#27 prob_bp = 0.50000000000000000000
org.jfree.chart.block.AbstractBlock:trimToContentWidth:(Lorg/jfree/data/Range;)Lorg/jfree/data/Range;#443#30 prob_bp = 0.50000000000000000000
org.jfree.chart.block.AbstractBlock:trimToContentWidth:(Lorg/jfree/data/Range;)Lorg/jfree/data/Range;#445#31 prob_bp = 0.50000000000000000000
org.jfree.chart.block.AbstractBlock:trimToContentWidth:(Lorg/jfree/data/Range;)Lorg/jfree/data/Range;#445#32 prob_bp = 0.50000000000000000000
org.jfree.data.Range:getUpperBound:()D#108#4 prob_bp = 0.50000000000000000000
org.jfree.chart.block.AbstractBlock:trimToContentWidth:(Lorg/jfree/data/Range;)Lorg/jfree/data/Range;#445#35 prob_bp = 0.50000000000000000000
org.jfree.chart.block.AbstractBlock:trimToContentWidth:(Lorg/jfree/data/Range;)Lorg/jfree/data/Range;#446#42 prob_bp = 0.50000000000000000000
org.jfree.chart.block.AbstractBlock:trimToContentWidth:(Lorg/jfree/data/Range;)Lorg/jfree/data/Range;#446#44 prob_bp = 0.50000000000000000000
org.jfree.chart.block.AbstractBlock:trimToContentWidth:(Lorg/jfree/data/Range;)Lorg/jfree/data/Range;#445#39#unexe#4 prob_bp = 0.50000000000000000000
org.jfree.chart.block.AbstractBlock:trimToContentWidth:(Lorg/jfree/data/Range;)Lorg/jfree/data/Range;#448#56 prob_bp = 0.50000000000000000000
org.jfree.chart.block.AbstractBlock:trimToContentWidth:(Lorg/jfree/data/Range;)Lorg/jfree/data/Range;#448#57 prob_bp = 0.50000000000000000000
org.jfree.chart.block.AbstractBlock:trimToContentWidth:(Lorg/jfree/data/Range;)Lorg/jfree/data/Range;#448#59 prob_bp = 0.50000000000000000000
org.jfree.chart.block.AbstractBlock:toContentConstraint:(Lorg/jfree/chart/block/RectangleConstraint;)Lorg/jfree/chart/block/RectangleConstraint;#429#72 prob_bp = 0.50000000000000000000
org.jfree.chart.block.AbstractBlock:toContentConstraint:(Lorg/jfree/chart/block/RectangleConstraint;)Lorg/jfree/chart/block/RectangleConstraint;#429#73 prob_bp = 0.50000000000000000000
org.jfree.chart.block.AbstractBlock:trimToContentHeight:(Lorg/jfree/data/Range;)Lorg/jfree/data/Range;#452#0 prob_bp = 0.50000000000000000000
org.jfree.chart.block.AbstractBlock:trimToContentHeight:(Lorg/jfree/data/Range;)Lorg/jfree/data/Range;#452#1 prob_bp = 0.50000000000000000000
org.jfree.chart.block.AbstractBlock:trimToContentHeight:(Lorg/jfree/data/Range;)Lorg/jfree/data/Range;#455#7 prob_bp = 0.50000000000000000000
org.jfree.chart.block.AbstractBlock:trimToContentHeight:(Lorg/jfree/data/Range;)Lorg/jfree/data/Range;#457#17 prob_bp = 0.50000000000000000000
org.jfree.chart.block.AbstractBlock:trimToContentHeight:(Lorg/jfree/data/Range;)Lorg/jfree/data/Range;#460#32 prob_bp = 0.50000000000000000000
org.jfree.chart.block.AbstractBlock:trimToContentHeight:(Lorg/jfree/data/Range;)Lorg/jfree/data/Range;#460#35 prob_bp = 0.50000000000000000000
org.jfree.chart.block.AbstractBlock:trimToContentHeight:(Lorg/jfree/data/Range;)Lorg/jfree/data/Range;#461#42 prob_bp = 0.50000000000000000000
org.jfree.chart.block.AbstractBlock:trimToContentHeight:(Lorg/jfree/data/Range;)Lorg/jfree/data/Range;#461#43 prob_bp = 0.50000000000000000000
org.jfree.chart.block.AbstractBlock:trimToContentHeight:(Lorg/jfree/data/Range;)Lorg/jfree/data/Range;#461#47 prob_bp = 0.50000000000000000000
org.jfree.chart.block.AbstractBlock:trimToContentHeight:(Lorg/jfree/data/Range;)Lorg/jfree/data/Range;#461#50 prob_bp = 0.50000000000000000000
org.jfree.chart.block.AbstractBlock:trimToContentHeight:(Lorg/jfree/data/Range;)Lorg/jfree/data/Range;#460#39#unexe#4 prob_bp = 0.50000000000000000000
org.jfree.chart.block.AbstractBlock:trimToContentHeight:(Lorg/jfree/data/Range;)Lorg/jfree/data/Range;#463#56 prob_bp = 0.50000000000000000000
org.jfree.chart.block.AbstractBlock:trimToContentHeight:(Lorg/jfree/data/Range;)Lorg/jfree/data/Range;#463#57 prob_bp = 0.50000000000000000000
org.jfree.chart.block.AbstractBlock:trimToContentHeight:(Lorg/jfree/data/Range;)Lorg/jfree/data/Range;#463#59 prob_bp = 0.50000000000000000000
org.jfree.chart.block.AbstractBlock:toContentConstraint:(Lorg/jfree/chart/block/RectangleConstraint;)Lorg/jfree/chart/block/RectangleConstraint;#430#103 prob_bp = 0.50000000000000000000
org.jfree.chart.block.BorderArrangement:arrange:(Lorg/jfree/chart/block/BlockContainer;Ljava/awt/Graphics2D;Lorg/jfree/chart/block/RectangleConstraint;)Lorg/jfree/chart/util/Size2D;#134#15 prob_bp = 0.50000000000000000000
org.jfree.chart.block.BorderArrangement:arrange:(Lorg/jfree/chart/block/BlockContainer;Ljava/awt/Graphics2D;Lorg/jfree/chart/block/RectangleConstraint;)Lorg/jfree/chart/util/Size2D;#136#24 prob_bp = 0.50000000000000000000
org.jfree.chart.block.BorderArrangement:arrange:(Lorg/jfree/chart/block/BlockContainer;Ljava/awt/Graphics2D;Lorg/jfree/chart/block/RectangleConstraint;)Lorg/jfree/chart/util/Size2D;#136#26 prob_bp = 0.50000000000000000000
org.jfree.chart.block.BorderArrangement:arrange:(Lorg/jfree/chart/block/BlockContainer;Ljava/awt/Graphics2D;Lorg/jfree/chart/block/RectangleConstraint;)Lorg/jfree/chart/util/Size2D;#136#29 prob_bp = 0.50000000000000000000
org.jfree.chart.block.BorderArrangement:arrange:(Lorg/jfree/chart/block/BlockContainer;Ljava/awt/Graphics2D;Lorg/jfree/chart/block/RectangleConstraint;)Lorg/jfree/chart/util/Size2D;#147#89 prob_bp = 0.50000000000000000000
org.jfree.chart.block.BorderArrangement:arrangeFN:(Lorg/jfree/chart/block/BlockContainer;Ljava/awt/Graphics2D;D)Lorg/jfree/chart/util/Size2D;#277#3 prob_bp = 0.50000000000000000000
org.jfree.chart.block.BorderArrangement:arrangeFN:(Lorg/jfree/chart/block/BlockContainer;Ljava/awt/Graphics2D;D)Lorg/jfree/chart/util/Size2D;#279#16 prob_bp = 0.50000000000000000000
org.jfree.chart.block.BorderArrangement:arrangeFN:(Lorg/jfree/chart/block/BlockContainer;Ljava/awt/Graphics2D;D)Lorg/jfree/chart/util/Size2D;#279#21 prob_bp = 0.50000000000000000000
org.jfree.chart.block.BorderArrangement:arrangeFN:(Lorg/jfree/chart/block/BlockContainer;Ljava/awt/Graphics2D;D)Lorg/jfree/chart/util/Size2D;#292#116 prob_bp = 0.50000000000000000000
org.jfree.chart.block.BorderArrangement:arrangeFN:(Lorg/jfree/chart/block/BlockContainer;Ljava/awt/Graphics2D;D)Lorg/jfree/chart/util/Size2D;#292#121 prob_bp = 0.50000000000000000000
org.jfree.chart.block.BorderArrangement:arrangeFN:(Lorg/jfree/chart/block/BlockContainer;Ljava/awt/Graphics2D;D)Lorg/jfree/chart/util/Size2D;#292#126 prob_bp = 0.50000000000000000000
org.jfree.chart.block.BorderArrangement:arrangeFN:(Lorg/jfree/chart/block/BlockContainer;Ljava/awt/Graphics2D;D)Lorg/jfree/chart/util/Size2D;#295#134 prob_bp = 0.50000000000000000000
org.jfree.chart.block.BorderArrangement:arrangeFN:(Lorg/jfree/chart/block/BlockContainer;Ljava/awt/Graphics2D;D)Lorg/jfree/chart/util/Size2D;#295#135 prob_bp = 0.50000000000000000000
org.jfree.chart.block.BorderArrangement:arrangeFN:(Lorg/jfree/chart/block/BlockContainer;Ljava/awt/Graphics2D;D)Lorg/jfree/chart/util/Size2D;#300#173 prob_bp = 0.50000000000000000000
org.jfree.chart.block.BorderArrangement:arrangeFN:(Lorg/jfree/chart/block/BlockContainer;Ljava/awt/Graphics2D;D)Lorg/jfree/chart/util/Size2D;#314#283 prob_bp = 0.50000000000000000000
org.jfree.chart.block.BorderArrangement:arrangeFN:(Lorg/jfree/chart/block/BlockContainer;Ljava/awt/Graphics2D;D)Lorg/jfree/chart/util/Size2D;#315#306 prob_bp = 0.50000000000000000000
org.jfree.chart.block.BorderArrangement:arrangeFN:(Lorg/jfree/chart/block/BlockContainer;Ljava/awt/Graphics2D;D)Lorg/jfree/chart/util/Size2D;#315#311 prob_bp = 0.50000000000000000000
org.jfree.chart.block.AbstractBlock:getWidth:()D#151#1 prob_bp = 0.50000000000000000000
org.jfree.chart.block.AbstractBlock:calculateTotalWidth:(D)D#475#6 prob_bp = 0.50000000000000000000
org.jfree.chart.util.RectangleInsets:calculateLeftOutset:(D)D#456#0 prob_bp = 0.50000000000000000000
org.jfree.chart.util.RectangleInsets:calculateLeftOutset:(D)D#457#5 prob_bp = 0.50000000000000000000
org.jfree.chart.util.RectangleInsets:calculateRightOutset:(D)D#486#0 prob_bp = 0.50000000000000000000
org.jfree.chart.block.AbstractBlock:calculateTotalWidth:(D)D#476#11 prob_bp = 0.50000000000000000000
org.jfree.chart.block.AbstractBlock:calculateTotalWidth:(D)D#478#35 prob_bp = 0.50000000000000000000
org.jfree.chart.block.BorderArrangement:arrangeFF:(Lorg/jfree/chart/block/BlockContainer;Ljava/awt/Graphics2D;Lorg/jfree/chart/block/RectangleConstraint;)Lorg/jfree/chart/util/Size2D;#426#10 prob_bp = 0.50000000000000000000
org.jfree.chart.block.BorderArrangement:arrangeFF:(Lorg/jfree/chart/block/BlockContainer;Ljava/awt/Graphics2D;Lorg/jfree/chart/block/RectangleConstraint;)Lorg/jfree/chart/util/Size2D;#426#13 prob_bp = 0.50000000000000000000
org.jfree.chart.block.BorderArrangement:arrangeFF:(Lorg/jfree/chart/block/BlockContainer;Ljava/awt/Graphics2D;Lorg/jfree/chart/block/RectangleConstraint;)Lorg/jfree/chart/util/Size2D;#426#14 prob_bp = 0.50000000000000000000
org.jfree.chart.block.BorderArrangement:arrangeFF:(Lorg/jfree/chart/block/BlockContainer;Ljava/awt/Graphics2D;Lorg/jfree/chart/block/RectangleConstraint;)Lorg/jfree/chart/util/Size2D;#435#81 prob_bp = 0.50000000000000000000
org.jfree.chart.block.BorderArrangement:arrangeFF:(Lorg/jfree/chart/block/BlockContainer;Ljava/awt/Graphics2D;Lorg/jfree/chart/block/RectangleConstraint;)Lorg/jfree/chart/util/Size2D;#435#84 prob_bp = 0.50000000000000000000
org.jfree.chart.block.BorderArrangement:arrangeFF:(Lorg/jfree/chart/block/BlockContainer;Ljava/awt/Graphics2D;Lorg/jfree/chart/block/RectangleConstraint;)Lorg/jfree/chart/util/Size2D;#476#451 prob_bp = 0.50000000000000000000
org.jfree.chart.block.BorderArrangement:arrangeFF:(Lorg/jfree/chart/block/BlockContainer;Ljava/awt/Graphics2D;Lorg/jfree/chart/block/RectangleConstraint;)Lorg/jfree/chart/util/Size2D;#476#452 prob_bp = 0.50000000000000000000
org.jfree.chart.block.BorderArrangement:arrangeFF:(Lorg/jfree/chart/block/BlockContainer;Ljava/awt/Graphics2D;Lorg/jfree/chart/block/RectangleConstraint;)Lorg/jfree/chart/util/Size2D;#480#487 prob_bp = 0.50000000000000000000
org.jfree.chart.block.BorderArrangement:arrangeFF:(Lorg/jfree/chart/block/BlockContainer;Ljava/awt/Graphics2D;Lorg/jfree/chart/block/RectangleConstraint;)Lorg/jfree/chart/util/Size2D;#480#491 prob_bp = 0.50000000000000000000
org.jfree.chart.block.BorderArrangement:arrangeFF:(Lorg/jfree/chart/block/BlockContainer;Ljava/awt/Graphics2D;Lorg/jfree/chart/block/RectangleConstraint;)Lorg/jfree/chart/util/Size2D;#484#531 prob_bp = 0.50000000000000000000
org.jfree.chart.block.BorderArrangement:add:(Lorg/jfree/chart/block/Block;Ljava/lang/Object;)V#103#18 prob_bp = 0.50000000000000000000
org.jfree.chart.block.BorderArrangement:add:(Lorg/jfree/chart/block/Block;Ljava/lang/Object;)V#106#32 prob_bp = 0.50000000000000000000
org.jfree.chart.block.BorderArrangement:arrangeFN:(Lorg/jfree/chart/block/BlockContainer;Ljava/awt/Graphics2D;D)Lorg/jfree/chart/util/Size2D;#301#180 prob_bp = 0.50000000000000000000
org.jfree.chart.block.BorderArrangement:arrangeFN:(Lorg/jfree/chart/block/BlockContainer;Ljava/awt/Graphics2D;D)Lorg/jfree/chart/util/Size2D;#301#184 prob_bp = 0.50000000000000000000
org.jfree.chart.block.BorderArrangement:arrangeFN:(Lorg/jfree/chart/block/BlockContainer;Ljava/awt/Graphics2D;D)Lorg/jfree/chart/util/Size2D;#301#185 prob_bp = 0.50000000000000000000
org.jfree.chart.block.BorderArrangement:arrangeFN:(Lorg/jfree/chart/block/BlockContainer;Ljava/awt/Graphics2D;D)Lorg/jfree/chart/util/Size2D;#301#187 prob_bp = 0.50000000000000000000
org.jfree.chart.block.BorderArrangement:arrangeFN:(Lorg/jfree/chart/block/BlockContainer;Ljava/awt/Graphics2D;D)Lorg/jfree/chart/util/Size2D;#301#190 prob_bp = 0.50000000000000000000
org.jfree.chart.block.BorderArrangement:arrangeFN:(Lorg/jfree/chart/block/BlockContainer;Ljava/awt/Graphics2D;D)Lorg/jfree/chart/util/Size2D;#302#204 prob_bp = 0.50000000000000000000
org.jfree.chart.block.BorderArrangement:arrangeFN:(Lorg/jfree/chart/block/BlockContainer;Ljava/awt/Graphics2D;D)Lorg/jfree/chart/util/Size2D;#302#205 prob_bp = 0.50000000000000000000
org.jfree.chart.block.BorderArrangement:arrangeFN:(Lorg/jfree/chart/block/BlockContainer;Ljava/awt/Graphics2D;D)Lorg/jfree/chart/util/Size2D;#302#210 prob_bp = 0.50000000000000000000
org.jfree.chart.block.BorderArrangement:arrangeFN:(Lorg/jfree/chart/block/BlockContainer;Ljava/awt/Graphics2D;D)Lorg/jfree/chart/util/Size2D;#302#212 prob_bp = 0.50000000000000000000
org.jfree.chart.block.BorderArrangement:arrangeFF:(Lorg/jfree/chart/block/BlockContainer;Ljava/awt/Graphics2D;Lorg/jfree/chart/block/RectangleConstraint;)Lorg/jfree/chart/util/Size2D;#454#275 prob_bp = 0.50000000000000000000
org.jfree.chart.block.BorderArrangement:arrangeFN:(Lorg/jfree/chart/block/BlockContainer;Ljava/awt/Graphics2D;D)Lorg/jfree/chart/util/Size2D;#296#141 prob_bp = 0.50000000000000000000
org.jfree.chart.block.BorderArrangement:arrangeFN:(Lorg/jfree/chart/block/BlockContainer;Ljava/awt/Graphics2D;D)Lorg/jfree/chart/util/Size2D;#296#142 prob_bp = 0.50000000000000000000
org.jfree.chart.block.BorderArrangement:arrangeFN:(Lorg/jfree/chart/block/BlockContainer;Ljava/awt/Graphics2D;D)Lorg/jfree/chart/util/Size2D;#296#153 prob_bp = 0.50000000000000000000
org.jfree.chart.block.BorderArrangement:arrangeFN:(Lorg/jfree/chart/block/BlockContainer;Ljava/awt/Graphics2D;D)Lorg/jfree/chart/util/Size2D;#297#157 prob_bp = 0.50000000000000000000
org.jfree.chart.block.BorderArrangement:arrangeFN:(Lorg/jfree/chart/block/BlockContainer;Ljava/awt/Graphics2D;D)Lorg/jfree/chart/util/Size2D;#297#160 prob_bp = 0.50000000000000000000
org.jfree.chart.block.BorderArrangement:arrangeFN:(Lorg/jfree/chart/block/BlockContainer;Ljava/awt/Graphics2D;D)Lorg/jfree/chart/util/Size2D;#297#163 prob_bp = 0.50000000000000000000
org.jfree.chart.block.BorderArrangement:arrangeFF:(Lorg/jfree/chart/block/BlockContainer;Ljava/awt/Graphics2D;Lorg/jfree/chart/block/RectangleConstraint;)Lorg/jfree/chart/util/Size2D;#445#192 prob_bp = 0.50000000000000000000
org.jfree.chart.block.BorderArrangement:arrangeFF:(Lorg/jfree/chart/block/BlockContainer;Ljava/awt/Graphics2D;Lorg/jfree/chart/block/RectangleConstraint;)Lorg/jfree/chart/util/Size2D;#445#193 prob_bp = 0.50000000000000000000
org.jfree.chart.block.BorderArrangement:arrangeFF:(Lorg/jfree/chart/block/BlockContainer;Ljava/awt/Graphics2D;Lorg/jfree/chart/block/RectangleConstraint;)Lorg/jfree/chart/util/Size2D;#449#215 prob_bp = 0.50000000000000000000
org.jfree.chart.block.BorderArrangement:arrangeFF:(Lorg/jfree/chart/block/BlockContainer;Ljava/awt/Graphics2D;Lorg/jfree/chart/block/RectangleConstraint;)Lorg/jfree/chart/util/Size2D;#449#216 prob_bp = 0.50000000000000000000
org.jfree.chart.block.BorderArrangement:arrangeFF:(Lorg/jfree/chart/block/BlockContainer;Ljava/awt/Graphics2D;Lorg/jfree/chart/block/RectangleConstraint;)Lorg/jfree/chart/util/Size2D;#449#227 prob_bp = 0.50000000000000000000
org.jfree.chart.block.BorderArrangement:arrangeFF:(Lorg/jfree/chart/block/BlockContainer;Ljava/awt/Graphics2D;Lorg/jfree/chart/block/RectangleConstraint;)Lorg/jfree/chart/util/Size2D;#450#232 prob_bp = 0.50000000000000000000
org.jfree.chart.block.BorderArrangement:arrangeFF:(Lorg/jfree/chart/block/BlockContainer;Ljava/awt/Graphics2D;Lorg/jfree/chart/block/RectangleConstraint;)Lorg/jfree/chart/util/Size2D;#450#234 prob_bp = 0.50000000000000000000
org.jfree.data.Range:<init>:(DD)V#87#48 prob_bp = 0.50000000000000000000
org.jfree.data.Range:<init>:(DD)V#87#54 prob_bp = 0.50000000000000000000
org.jfree.chart.util.RectangleEdge:<clinit>:()V#57#9 prob_bp = 0.50000000000000010000
org.jfree.chart.block.AbstractBlock:<init>:()V#109#1 prob_bp = 0.50000000000000010000
org.jfree.chart.block.AbstractBlock:<init>:()V#114#30 prob_bp = 0.50000000000000010000
org.jfree.chart.block.AbstractBlock:<init>:()V#115#41 prob_bp = 0.50000000000000010000
org.jfree.chart.block.AbstractBlock:<init>:()V#116#44 prob_bp = 0.50000000000000010000
org.jfree.chart.block.BlockContainer:<init>:(Lorg/jfree/chart/block/Arrangement;)V#100#31 prob_bp = 0.50000000000000010000
org.jfree.chart.block.BlockContainer:add:(Lorg/jfree/chart/block/Block;)V#150#0 prob_bp = 0.50000000000000010000
org.jfree.chart.block.BlockContainer:add:(Lorg/jfree/chart/block/Block;)V#150#3 prob_bp = 0.50000000000000010000
org.jfree.chart.block.BlockContainer:add:(Lorg/jfree/chart/block/Block;Ljava/lang/Object;)V#160#0 prob_bp = 0.50000000000000010000
org.jfree.chart.block.BlockContainer:add:(Lorg/jfree/chart/block/Block;Ljava/lang/Object;)V#160#4 prob_bp = 0.50000000000000010000
org.jfree.chart.block.BorderArrangement:arrange:(Lorg/jfree/chart/block/BlockContainer;Ljava/awt/Graphics2D;Lorg/jfree/chart/block/RectangleConstraint;)Lorg/jfree/chart/util/Size2D;#131#0 prob_bp = 0.50000000000000010000
org.jfree.chart.block.BorderArrangement:arrange:(Lorg/jfree/chart/block/BlockContainer;Ljava/awt/Graphics2D;Lorg/jfree/chart/block/RectangleConstraint;)Lorg/jfree/chart/util/Size2D;#131#2 prob_bp = 0.50000000000000010000
org.jfree.chart.block.AbstractBlock:toContentConstraint:(Lorg/jfree/chart/block/RectangleConstraint;)Lorg/jfree/chart/block/RectangleConstraint;#419#15 prob_bp = 0.50000000000000010000
org.jfree.chart.block.AbstractBlock:toContentConstraint:(Lorg/jfree/chart/block/RectangleConstraint;)Lorg/jfree/chart/block/RectangleConstraint;#423#31 prob_bp = 0.50000000000000010000
org.jfree.chart.block.AbstractBlock:toContentConstraint:(Lorg/jfree/chart/block/RectangleConstraint;)Lorg/jfree/chart/block/RectangleConstraint;#423#32 prob_bp = 0.50000000000000010000
org.jfree.chart.block.RectangleConstraint:getWidthRange:()Lorg/jfree/data/Range;#179#0 prob_bp = 0.50000000000000010000
org.jfree.chart.block.AbstractBlock:toContentConstraint:(Lorg/jfree/chart/block/RectangleConstraint;)Lorg/jfree/chart/block/RectangleConstraint;#425#43 prob_bp = 0.50000000000000010000
org.jfree.chart.block.AbstractBlock:toContentConstraint:(Lorg/jfree/chart/block/RectangleConstraint;)Lorg/jfree/chart/block/RectangleConstraint;#425#44 prob_bp = 0.50000000000000010000
org.jfree.chart.block.RectangleConstraint:getHeightRange:()Lorg/jfree/data/Range;#206#0 prob_bp = 0.50000000000000010000
org.jfree.chart.block.AbstractBlock:trimToContentWidth:(D)D#383#0 prob_bp = 0.50000000000000010000
org.jfree.chart.util.RectangleInsets:trimWidth:(D)D#501#0 prob_bp = 0.50000000000000010000
org.jfree.chart.util.RectangleInsets:trimWidth:(D)D#501#3 prob_bp = 0.50000000000000010000
org.jfree.chart.util.RectangleInsets:calculateLeftInset:(D)D#441#1 prob_bp = 0.50000000000000010000
org.jfree.chart.util.RectangleInsets:calculateLeftInset:(D)D#442#6 prob_bp = 0.50000000000000010000
org.jfree.chart.util.RectangleInsets:calculateLeftInset:(D)D#442#12#unexe#3 prob_bp = 0.50000000000000010000
org.jfree.chart.util.RectangleInsets:trimWidth:(D)D#501#9 prob_bp = 0.50000000000000010000
org.jfree.chart.util.RectangleInsets:calculateRightInset:(D)D#471#1 prob_bp = 0.50000000000000010000
org.jfree.chart.util.RectangleInsets:calculateRightInset:(D)D#472#6 prob_bp = 0.50000000000000010000
org.jfree.chart.util.RectangleInsets:calculateRightInset:(D)D#472#12#unexe#3 prob_bp = 0.50000000000000010000
org.jfree.chart.block.AbstractBlock:trimToContentWidth:(D)D#383#8 prob_bp = 0.50000000000000010000
org.jfree.chart.block.AbstractBlock:trimToContentWidth:(D)D#384#9 prob_bp = 0.50000000000000010000
org.jfree.chart.block.BlockBorder:getInsets:()Lorg/jfree/chart/util/RectangleInsets;#145#0 prob_bp = 0.50000000000000010000
org.jfree.chart.block.BlockBorder:getInsets:()Lorg/jfree/chart/util/RectangleInsets;#145#4 prob_bp = 0.50000000000000010000
org.jfree.chart.block.AbstractBlock:trimToContentWidth:(D)D#384#19 prob_bp = 0.50000000000000010000
org.jfree.chart.block.AbstractBlock:trimToContentWidth:(D)D#385#23 prob_bp = 0.50000000000000010000
org.jfree.chart.block.AbstractBlock:trimToContentWidth:(D)D#385#27 prob_bp = 0.50000000000000010000
org.jfree.chart.block.AbstractBlock:trimToContentWidth:(D)D#385#31 prob_bp = 0.50000000000000010000
org.jfree.chart.block.AbstractBlock:trimToContentWidth:(D)D#386#34 prob_bp = 0.50000000000000010000
org.jfree.chart.block.AbstractBlock:trimToContentWidth:(D)D#386#37 prob_bp = 0.50000000000000010000
org.jfree.chart.block.AbstractBlock:trimToContentHeight:(D)D#401#0 prob_bp = 0.50000000000000010000
org.jfree.chart.util.RectangleInsets:trimHeight:(D)D#523#6 prob_bp = 0.50000000000000010000
org.jfree.chart.util.RectangleInsets:trimHeight:(D)D#523#13 prob_bp = 0.50000000000000010000
org.jfree.chart.block.AbstractBlock:trimToContentHeight:(D)D#401#8 prob_bp = 0.50000000000000010000
org.jfree.chart.block.AbstractBlock:trimToContentHeight:(D)D#402#9 prob_bp = 0.50000000000000010000
org.jfree.chart.block.AbstractBlock:trimToContentHeight:(D)D#402#13 prob_bp = 0.50000000000000010000
org.jfree.chart.block.AbstractBlock:trimToContentHeight:(D)D#402#19 prob_bp = 0.50000000000000010000
org.jfree.chart.block.AbstractBlock:trimToContentHeight:(D)D#403#23 prob_bp = 0.50000000000000010000
org.jfree.chart.block.AbstractBlock:trimToContentHeight:(D)D#404#34 prob_bp = 0.50000000000000010000
org.jfree.chart.block.AbstractBlock:trimToContentHeight:(D)D#404#37 prob_bp = 0.50000000000000010000
org.jfree.chart.block.AbstractBlock:toContentConstraint:(Lorg/jfree/chart/block/RectangleConstraint;)Lorg/jfree/chart/block/RectangleConstraint;#428#67 prob_bp = 0.50000000000000010000
org.jfree.data.Range:getLowerBound:()D#99#1 prob_bp = 0.50000000000000010000
org.jfree.chart.block.AbstractBlock:trimToContentWidth:(Lorg/jfree/data/Range;)Lorg/jfree/data/Range;#442#18 prob_bp = 0.50000000000000010000
org.jfree.chart.block.AbstractBlock:trimToContentWidth:(Lorg/jfree/data/Range;)Lorg/jfree/data/Range;#443#23 prob_bp = 0.50000000000000010000
org.jfree.data.Range:getUpperBound:()D#108#1 prob_bp = 0.50000000000000010000
org.jfree.chart.block.AbstractBlock:trimToContentWidth:(Lorg/jfree/data/Range;)Lorg/jfree/data/Range;#445#38 prob_bp = 0.50000000000000010000
org.jfree.chart.block.AbstractBlock:trimToContentWidth:(Lorg/jfree/data/Range;)Lorg/jfree/data/Range;#446#43 prob_bp = 0.50000000000000010000
org.jfree.chart.block.AbstractBlock:trimToContentWidth:(Lorg/jfree/data/Range;)Lorg/jfree/data/Range;#446#47 prob_bp = 0.50000000000000010000
org.jfree.chart.block.AbstractBlock:trimToContentHeight:(Lorg/jfree/data/Range;)Lorg/jfree/data/Range;#457#14 prob_bp = 0.50000000000000010000
org.jfree.chart.block.AbstractBlock:trimToContentHeight:(Lorg/jfree/data/Range;)Lorg/jfree/data/Range;#457#19 prob_bp = 0.50000000000000010000
org.jfree.chart.block.AbstractBlock:trimToContentHeight:(Lorg/jfree/data/Range;)Lorg/jfree/data/Range;#460#38 prob_bp = 0.50000000000000010000
org.jfree.chart.block.AbstractBlock:toContentConstraint:(Lorg/jfree/chart/block/RectangleConstraint;)Lorg/jfree/chart/block/RectangleConstraint;#430#83 prob_bp = 0.50000000000000010000
org.jfree.chart.block.AbstractBlock:toContentConstraint:(Lorg/jfree/chart/block/RectangleConstraint;)Lorg/jfree/chart/block/RectangleConstraint;#430#88 prob_bp = 0.50000000000000010000
org.jfree.chart.block.AbstractBlock:toContentConstraint:(Lorg/jfree/chart/block/RectangleConstraint;)Lorg/jfree/chart/block/RectangleConstraint;#430#89 prob_bp = 0.50000000000000010000
org.jfree.chart.block.RectangleConstraint:getWidthConstraintType:()Lorg/jfree/chart/block/LengthConstraintType;#188#0 prob_bp = 0.50000000000000010000
org.jfree.chart.block.RectangleConstraint:getWidthConstraintType:()Lorg/jfree/chart/block/LengthConstraintType;#188#4 prob_bp = 0.50000000000000010000
org.jfree.chart.block.AbstractBlock:toContentConstraint:(Lorg/jfree/chart/block/RectangleConstraint;)Lorg/jfree/chart/block/RectangleConstraint;#430#96 prob_bp = 0.50000000000000010000
org.jfree.chart.block.AbstractBlock:toContentConstraint:(Lorg/jfree/chart/block/RectangleConstraint;)Lorg/jfree/chart/block/RectangleConstraint;#430#97 prob_bp = 0.50000000000000010000
org.jfree.chart.block.BorderArrangement:arrange:(Lorg/jfree/chart/block/BlockContainer;Ljava/awt/Graphics2D;Lorg/jfree/chart/block/RectangleConstraint;)Lorg/jfree/chart/util/Size2D;#135#19 prob_bp = 0.50000000000000010000
org.jfree.chart.block.BorderArrangement:arrangeFN:(Lorg/jfree/chart/block/BlockContainer;Ljava/awt/Graphics2D;D)Lorg/jfree/chart/util/Size2D;#277#0 prob_bp = 0.50000000000000010000
org.jfree.chart.block.BorderArrangement:arrangeFN:(Lorg/jfree/chart/block/BlockContainer;Ljava/awt/Graphics2D;D)Lorg/jfree/chart/util/Size2D;#277#1 prob_bp = 0.50000000000000010000
org.jfree.chart.block.BorderArrangement:arrangeFN:(Lorg/jfree/chart/block/BlockContainer;Ljava/awt/Graphics2D;D)Lorg/jfree/chart/util/Size2D;#295#138 prob_bp = 0.50000000000000010000
org.jfree.chart.block.BorderArrangement:arrangeFN:(Lorg/jfree/chart/block/BlockContainer;Ljava/awt/Graphics2D;D)Lorg/jfree/chart/util/Size2D;#300#174 prob_bp = 0.50000000000000010000
org.jfree.chart.block.BorderArrangement:arrangeFN:(Lorg/jfree/chart/block/BlockContainer;Ljava/awt/Graphics2D;D)Lorg/jfree/chart/util/Size2D;#314#284 prob_bp = 0.50000000000000010000
org.jfree.chart.block.AbstractBlock:getWidth:()D#151#4 prob_bp = 0.50000000000000010000
org.jfree.chart.block.EmptyBlock:arrange:(Ljava/awt/Graphics2D;Lorg/jfree/chart/block/RectangleConstraint;)Lorg/jfree/chart/util/Size2D;#85#9 prob_bp = 0.50000000000000010000
org.jfree.chart.block.AbstractBlock:calculateTotalWidth:(D)D#474#1 prob_bp = 0.50000000000000010000
org.jfree.chart.block.AbstractBlock:calculateTotalWidth:(D)D#475#3 prob_bp = 0.50000000000000010000
org.jfree.chart.util.RectangleInsets:calculateLeftOutset:(D)D#456#1 prob_bp = 0.50000000000000010000
org.jfree.chart.util.RectangleInsets:calculateLeftOutset:(D)D#457#12 prob_bp = 0.50000000000000010000
org.jfree.chart.util.RectangleInsets:calculateLeftOutset:(D)D#460#35 prob_bp = 0.50000000000000010000
org.jfree.chart.util.RectangleInsets:extendWidth:(D)D#512#6 prob_bp = 0.50000000000000010000
org.jfree.chart.util.RectangleInsets:extendWidth:(D)D#512#7 prob_bp = 0.50000000000000010000
org.jfree.chart.util.RectangleInsets:calculateRightOutset:(D)D#486#1 prob_bp = 0.50000000000000010000
org.jfree.chart.util.RectangleInsets:calculateRightOutset:(D)D#487#12 prob_bp = 0.50000000000000010000
org.jfree.chart.util.RectangleInsets:calculateRightOutset:(D)D#490#35 prob_bp = 0.50000000000000010000
org.jfree.chart.block.AbstractBlock:calculateTotalWidth:(D)D#476#21 prob_bp = 0.50000000000000010000
org.jfree.chart.block.AbstractBlock:calculateTotalWidth:(D)D#477#26 prob_bp = 0.50000000000000010000
org.jfree.chart.block.EmptyBlock:arrange:(Ljava/awt/Graphics2D;Lorg/jfree/chart/block/RectangleConstraint;)Lorg/jfree/chart/util/Size2D;#85#20 prob_bp = 0.50000000000000010000
org.jfree.chart.util.Size2D:<init>:(DD)V#82#5 prob_bp = 0.50000000000000010000
org.jfree.chart.block.EmptyBlock:arrange:(Ljava/awt/Graphics2D;Lorg/jfree/chart/block/RectangleConstraint;)Lorg/jfree/chart/util/Size2D;#85#23 prob_bp = 0.50000000000000010000
org.jfree.chart.block.BorderArrangement:arrangeFF:(Lorg/jfree/chart/block/BlockContainer;Ljava/awt/Graphics2D;Lorg/jfree/chart/block/RectangleConstraint;)Lorg/jfree/chart/util/Size2D;#426#12 prob_bp = 0.50000000000000010000
org.jfree.chart.block.BorderArrangement:arrangeFF:(Lorg/jfree/chart/block/BlockContainer;Ljava/awt/Graphics2D;Lorg/jfree/chart/block/RectangleConstraint;)Lorg/jfree/chart/util/Size2D;#435#83 prob_bp = 0.50000000000000010000
org.jfree.chart.block.BorderArrangement:arrangeFF:(Lorg/jfree/chart/block/BlockContainer;Ljava/awt/Graphics2D;Lorg/jfree/chart/block/RectangleConstraint;)Lorg/jfree/chart/util/Size2D;#435#86 prob_bp = 0.50000000000000010000
org.jfree.chart.block.BorderArrangement:arrangeFF:(Lorg/jfree/chart/block/BlockContainer;Ljava/awt/Graphics2D;Lorg/jfree/chart/block/RectangleConstraint;)Lorg/jfree/chart/util/Size2D;#480#488 prob_bp = 0.50000000000000010000
org.jfree.chart.block.BorderArrangement:add:(Lorg/jfree/chart/block/Block;Ljava/lang/Object;)V#103#17 prob_bp = 0.50000000000000010000
org.jfree.chart.block.BorderArrangement:arrangeFN:(Lorg/jfree/chart/block/BlockContainer;Ljava/awt/Graphics2D;D)Lorg/jfree/chart/util/Size2D;#301#181 prob_bp = 0.50000000000000010000
org.jfree.chart.block.BorderArrangement:arrangeFN:(Lorg/jfree/chart/block/BlockContainer;Ljava/awt/Graphics2D;D)Lorg/jfree/chart/util/Size2D;#301#183 prob_bp = 0.50000000000000010000
org.jfree.chart.block.BorderArrangement:arrangeFN:(Lorg/jfree/chart/block/BlockContainer;Ljava/awt/Graphics2D;D)Lorg/jfree/chart/util/Size2D;#301#186 prob_bp = 0.50000000000000010000
org.jfree.chart.block.BorderArrangement:arrangeFN:(Lorg/jfree/chart/block/BlockContainer;Ljava/awt/Graphics2D;D)Lorg/jfree/chart/util/Size2D;#302#201 prob_bp = 0.50000000000000010000
org.jfree.chart.block.BorderArrangement:arrangeFN:(Lorg/jfree/chart/block/BlockContainer;Ljava/awt/Graphics2D;D)Lorg/jfree/chart/util/Size2D;#302#203 prob_bp = 0.50000000000000010000
org.jfree.chart.block.BorderArrangement:arrangeFF:(Lorg/jfree/chart/block/BlockContainer;Ljava/awt/Graphics2D;Lorg/jfree/chart/block/RectangleConstraint;)Lorg/jfree/chart/util/Size2D;#454#283 prob_bp = 0.50000000000000010000
org.jfree.chart.block.BorderArrangement:arrangeFF:(Lorg/jfree/chart/block/BlockContainer;Ljava/awt/Graphics2D;Lorg/jfree/chart/block/RectangleConstraint;)Lorg/jfree/chart/util/Size2D;#481#498 prob_bp = 0.50000000000000010000
org.jfree.chart.block.BorderArrangement:arrangeFN:(Lorg/jfree/chart/block/BlockContainer;Ljava/awt/Graphics2D;D)Lorg/jfree/chart/util/Size2D;#296#148 prob_bp = 0.50000000000000010000
org.jfree.chart.block.BorderArrangement:arrangeFN:(Lorg/jfree/chart/block/BlockContainer;Ljava/awt/Graphics2D;D)Lorg/jfree/chart/util/Size2D;#297#155 prob_bp = 0.50000000000000010000
org.jfree.chart.block.BorderArrangement:arrangeFF:(Lorg/jfree/chart/block/BlockContainer;Ljava/awt/Graphics2D;Lorg/jfree/chart/block/RectangleConstraint;)Lorg/jfree/chart/util/Size2D;#449#222 prob_bp = 0.50000000000000010000
org.jfree.chart.block.RectangleConstraint:<clinit>:()V#60#17 prob_bp = 0.50000000000000020000
org.jfree.chart.block.AbstractBlock:<init>:()V#114#31 prob_bp = 0.50000000000000020000
org.jfree.chart.block.AbstractBlock:<init>:()V#116#45 prob_bp = 0.50000000000000020000
org.jfree.chart.util.RectangleInsets:calculateLeftInset:(D)D#441#0 prob_bp = 0.50000000000000020000
org.jfree.chart.util.RectangleInsets:calculateLeftInset:(D)D#442#5 prob_bp = 0.50000000000000020000
org.jfree.chart.util.RectangleInsets:calculateRightInset:(D)D#471#0 prob_bp = 0.50000000000000020000
org.jfree.chart.util.RectangleInsets:calculateRightInset:(D)D#472#5 prob_bp = 0.50000000000000020000
org.jfree.chart.util.RectangleInsets:calculateTopInset:(D)D#381#0 prob_bp = 0.50000000000000020000
org.jfree.chart.util.RectangleInsets:calculateTopInset:(D)D#381#1 prob_bp = 0.50000000000000020000
org.jfree.chart.util.RectangleInsets:calculateTopInset:(D)D#382#5 prob_bp = 0.50000000000000020000
org.jfree.chart.util.RectangleInsets:calculateTopInset:(D)D#382#6 prob_bp = 0.50000000000000020000
org.jfree.chart.util.RectangleInsets:calculateBottomInset:(D)D#411#0 prob_bp = 0.50000000000000020000
org.jfree.chart.util.RectangleInsets:calculateBottomInset:(D)D#411#1 prob_bp = 0.50000000000000020000
org.jfree.chart.util.RectangleInsets:calculateBottomInset:(D)D#412#5 prob_bp = 0.50000000000000020000
org.jfree.chart.util.RectangleInsets:calculateBottomInset:(D)D#412#6 prob_bp = 0.50000000000000020000
org.jfree.chart.block.AbstractBlock:trimToContentHeight:(D)D#403#28 prob_bp = 0.50000000000000020000
org.jfree.data.Range:getLowerBound:()D#99#0 prob_bp = 0.50000000000000020000
org.jfree.data.Range:getUpperBound:()D#108#0 prob_bp = 0.50000000000000020000
org.jfree.chart.block.AbstractBlock:trimToContentWidth:(Lorg/jfree/data/Range;)Lorg/jfree/data/Range;#445#39 prob_bp = 0.50000000000000020000
org.jfree.chart.block.BorderArrangement:arrangeFN:(Lorg/jfree/chart/block/BlockContainer;Ljava/awt/Graphics2D;D)Lorg/jfree/chart/util/Size2D;#315#314 prob_bp = 0.50000000000000020000
org.jfree.chart.block.EmptyBlock:arrange:(Ljava/awt/Graphics2D;Lorg/jfree/chart/block/RectangleConstraint;)Lorg/jfree/chart/util/Size2D;#85#3 prob_bp = 0.50000000000000020000
org.jfree.chart.block.AbstractBlock:calculateTotalWidth:(D)D#475#7 prob_bp = 0.50000000000000020000
org.jfree.chart.block.AbstractBlock:calculateTotalWidth:(D)D#476#12 prob_bp = 0.50000000000000020000
org.jfree.chart.block.BorderArrangement:arrangeFN:(Lorg/jfree/chart/block/BlockContainer;Ljava/awt/Graphics2D;D)Lorg/jfree/chart/util/Size2D;#323#387 prob_bp = 0.50000000000000020000
org.jfree.chart.block.RectangleConstraint:<init>:(DD)V#89#0 prob_bp = 0.50000000000000020000
org.jfree.chart.block.BorderArrangement:arrangeFF:(Lorg/jfree/chart/block/BlockContainer;Ljava/awt/Graphics2D;Lorg/jfree/chart/block/RectangleConstraint;)Lorg/jfree/chart/util/Size2D;#435#87 prob_bp = 0.50000000000000020000
org.jfree.chart.block.BorderArrangement:add:(Lorg/jfree/chart/block/Block;Ljava/lang/Object;)V#103#21 prob_bp = 0.50000000000000020000
org.jfree.chart.block.BorderArrangement:arrangeFN:(Lorg/jfree/chart/block/BlockContainer;Ljava/awt/Graphics2D;D)Lorg/jfree/chart/util/Size2D;#302#207 prob_bp = 0.50000000000000020000
org.jfree.chart.block.BorderArrangement:arrangeFF:(Lorg/jfree/chart/block/BlockContainer;Ljava/awt/Graphics2D;Lorg/jfree/chart/block/RectangleConstraint;)Lorg/jfree/chart/util/Size2D;#454#286 prob_bp = 0.50000000000000020000
org.jfree.chart.block.BorderArrangement:arrangeFF:(Lorg/jfree/chart/block/BlockContainer;Ljava/awt/Graphics2D;Lorg/jfree/chart/block/RectangleConstraint;)Lorg/jfree/chart/util/Size2D;#481#526 prob_bp = 0.50000000000000020000
org.jfree.data.Range:<init>:(DD)V#89#55 prob_bp = 0.50000000000000030000
org.jfree.chart.block.RectangleConstraint:<init>:(DLorg/jfree/data/Range;Lorg/jfree/chart/block/LengthConstraintType;DLorg/jfree/data/Range;Lorg/jfree/chart/block/LengthConstraintType;)V#158#45 prob_bp = 0.50000000000000030000
org.jfree.chart.block.RectangleConstraint:<init>:(DLorg/jfree/data/Range;Lorg/jfree/chart/block/LengthConstraintType;DLorg/jfree/data/Range;Lorg/jfree/chart/block/LengthConstraintType;)V#161#65 prob_bp = 0.50000000000000030000
org.jfree.chart.block.AbstractBlock:<init>:()V#115#38 prob_bp = 0.50000000000000030000
org.jfree.chart.util.RectangleInsets:calculateLeftInset:(D)D#441#4 prob_bp = 0.50000000000000030000
org.jfree.chart.util.RectangleInsets:calculateRightInset:(D)D#471#4 prob_bp = 0.50000000000000030000
org.jfree.chart.block.AbstractBlock:trimToContentWidth:(D)D#384#13 prob_bp = 0.50000000000000030000
org.jfree.chart.block.AbstractBlock:trimToContentWidth:(D)D#385#28 prob_bp = 0.50000000000000030000
org.jfree.chart.util.RectangleInsets:trimHeight:(D)D#523#0 prob_bp = 0.50000000000000030000
org.jfree.chart.util.RectangleInsets:trimHeight:(D)D#523#9 prob_bp = 0.50000000000000030000
org.jfree.chart.block.AbstractBlock:trimToContentHeight:(D)D#404#32 prob_bp = 0.50000000000000030000
org.jfree.data.Range:getLowerBound:()D#99#4 prob_bp = 0.50000000000000030000
org.jfree.chart.block.AbstractBlock:trimToContentWidth:(Lorg/jfree/data/Range;)Lorg/jfree/data/Range;#442#19 prob_bp = 0.50000000000000030000
org.jfree.chart.block.AbstractBlock:trimToContentHeight:(Lorg/jfree/data/Range;)Lorg/jfree/data/Range;#455#6 prob_bp = 0.50000000000000030000
org.jfree.chart.block.BorderArrangement:arrange:(Lorg/jfree/chart/block/BlockContainer;Ljava/awt/Graphics2D;Lorg/jfree/chart/block/RectangleConstraint;)Lorg/jfree/chart/util/Size2D;#135#17 prob_bp = 0.50000000000000030000
org.jfree.chart.block.BorderArrangement:arrangeFN:(Lorg/jfree/chart/block/BlockContainer;Ljava/awt/Graphics2D;D)Lorg/jfree/chart/util/Size2D;#292#118 prob_bp = 0.50000000000000030000
org.jfree.chart.block.BorderArrangement:arrangeFN:(Lorg/jfree/chart/block/BlockContainer;Ljava/awt/Graphics2D;D)Lorg/jfree/chart/util/Size2D;#292#129 prob_bp = 0.50000000000000030000
org.jfree.chart.block.EmptyBlock:arrange:(Ljava/awt/Graphics2D;Lorg/jfree/chart/block/RectangleConstraint;)Lorg/jfree/chart/util/Size2D;#85#4 prob_bp = 0.50000000000000030000
org.jfree.chart.block.EmptyBlock:arrange:(Ljava/awt/Graphics2D;Lorg/jfree/chart/block/RectangleConstraint;)Lorg/jfree/chart/util/Size2D;#85#5 prob_bp = 0.50000000000000030000
org.jfree.chart.util.RectangleInsets:calculateLeftOutset:(D)D#457#6 prob_bp = 0.50000000000000030000
org.jfree.chart.util.RectangleInsets:calculateLeftOutset:(D)D#460#34 prob_bp = 0.50000000000000030000
org.jfree.chart.util.RectangleInsets:calculateRightOutset:(D)D#487#9 prob_bp = 0.50000000000000030000
org.jfree.chart.block.AbstractBlock:calculateTotalWidth:(D)D#476#15 prob_bp = 0.50000000000000030000
org.jfree.chart.block.AbstractBlock:calculateTotalWidth:(D)D#476#24 prob_bp = 0.50000000000000030000
org.jfree.chart.util.Size2D:<init>:(DD)V#82#4 prob_bp = 0.50000000000000030000
org.jfree.chart.block.AbstractBlock:trimToContentWidth:(D)D#383#5 prob_bp = 0.50000000000000040000
org.jfree.chart.block.AbstractBlock:trimToContentWidth:(D)D#386#32 prob_bp = 0.50000000000000040000
org.jfree.chart.block.AbstractBlock:trimToContentHeight:(D)D#401#5 prob_bp = 0.50000000000000040000
org.jfree.chart.util.RectangleInsets:trimHeight:(D)D#523#3 prob_bp = 0.50000000000000040000
org.jfree.chart.block.BorderArrangement:arrange:(Lorg/jfree/chart/block/BlockContainer;Ljava/awt/Graphics2D;Lorg/jfree/chart/block/RectangleConstraint;)Lorg/jfree/chart/util/Size2D;#134#10 prob_bp = 0.50000000000000040000
org.jfree.chart.block.BorderArrangement:arrange:(Lorg/jfree/chart/block/BlockContainer;Ljava/awt/Graphics2D;Lorg/jfree/chart/block/RectangleConstraint;)Lorg/jfree/chart/util/Size2D;#134#12 prob_bp = 0.50000000000000040000
org.jfree.chart.util.RectangleInsets:calculateRightOutset:(D)D#490#34 prob_bp = 0.50000000000000040000
org.jfree.chart.block.AbstractBlock:calculateTotalWidth:(D)D#477#30 prob_bp = 0.50000000000000040000
org.jfree.chart.block.RectangleConstraint:<init>:(DLorg/jfree/data/Range;Lorg/jfree/chart/block/LengthConstraintType;DLorg/jfree/data/Range;Lorg/jfree/chart/block/LengthConstraintType;)V#158#47 prob_bp = 0.50000000000000060000
org.jfree.chart.block.AbstractBlock:toContentConstraint:(Lorg/jfree/chart/block/RectangleConstraint;)Lorg/jfree/chart/block/RectangleConstraint;#419#18 prob_bp = 0.50000000000000060000
org.jfree.chart.util.RectangleInsets:calculateTopInset:(D)D#381#4 prob_bp = 0.50000000000000060000
org.jfree.chart.util.RectangleInsets:calculateBottomInset:(D)D#411#4 prob_bp = 0.50000000000000060000
org.jfree.chart.block.EmptyBlock:arrange:(Ljava/awt/Graphics2D;Lorg/jfree/chart/block/RectangleConstraint;)Lorg/jfree/chart/util/Size2D;#85#0 prob_bp = 0.50000000000000060000
org.jfree.chart.util.RectangleInsets:calculateBottomInset:(D)D#412#9 prob_bp = 0.50000000000000070000
org.jfree.chart.block.AbstractBlock:toContentConstraint:(Lorg/jfree/chart/block/RectangleConstraint;)Lorg/jfree/chart/block/RectangleConstraint;#430#80 prob_bp = 0.50000000000000070000
org.jfree.chart.util.RectangleInsets:calculateLeftOutset:(D)D#457#9 prob_bp = 0.50000000000000070000
org.jfree.chart.util.RectangleInsets:calculateLeftInset:(D)D#442#9 prob_bp = 0.50000000000000080000
org.jfree.chart.util.RectangleInsets:trimWidth:(D)D#501#6 prob_bp = 0.50000000000000080000
org.jfree.chart.util.RectangleInsets:calculateRightInset:(D)D#472#9 prob_bp = 0.50000000000000080000
org.jfree.chart.util.RectangleInsets:calculateTopInset:(D)D#382#9 prob_bp = 0.50000000000000080000
org.jfree.chart.util.RectangleInsets:extendWidth:(D)D#512#3 prob_bp = 0.50000000000000080000
org.jfree.chart.util.RectangleInsets:extendWidth:(D)D#512#9 prob_bp = 0.50000000000000080000
org.jfree.chart.util.RectangleInsets:extendWidth:(D)D#512#12 prob_bp = 0.50000000000000080000
org.jfree.chart.util.RectangleInsets:extendWidth:(D)D#512#13 prob_bp = 0.50000000000000080000
org.jfree.chart.util.UnitType:<clinit>:()V#59#21 prob_bp = 0.50000000000000510000
org.jfree.data.Range:<init>:(DD)V#84#4 prob_bp = 0.51176335109750780000
org.jfree.data.Range:<init>:(DD)V#84#5 prob_bp = 0.51176418330442830000
org.jfree.data.Range:<init>:(DD)V#84#6 prob_bp = 0.51200020885249860000
org.jfree.data.Range:<init>:(DD)V#84#7 prob_bp = 0.58877580049883140000
org.jfree.data.Range:<init>:(DD)V#90#60 prob_bp = 0.99009681994994600000
org.jfree.data.Range:<init>:(DD)V#90#61 prob_bp = 0.99009681994994600000
org.jfree.data.Range:<init>:(DD)V#90#62 prob_bp = 0.99009681994994600000
org.jfree.chart.block.junit.BorderArrangementTests:testSizingWithWidthConstraint:()V#497#0 prob_bp = 1.00000000000000000000
org.jfree.chart.block.junit.BorderArrangementTests:testSizingWithWidthConstraint:()V#497#3 prob_bp = 1.00000000000000000000
org.jfree.chart.block.junit.BorderArrangementTests:testSizingWithWidthConstraint:()V#497#7 prob_bp = 1.00000000000000000000
org.jfree.chart.block.junit.BorderArrangementTests:testSizingWithWidthConstraint:()V#497#10 prob_bp = 1.00000000000000000000
org.jfree.chart.block.junit.BorderArrangementTests:testSizingWithWidthConstraint:()V#497#11 prob_bp = 1.00000000000000000000
org.jfree.chart.block.junit.BorderArrangementTests:testSizingWithWidthConstraint:()V#497#14 prob_bp = 1.00000000000000000000
org.jfree.chart.block.junit.BorderArrangementTests:testSizingWithWidthConstraint:()V#497#17 prob_bp = 1.00000000000000000000
org.jfree.chart.block.junit.BorderArrangementTests:testSizingWithWidthConstraint:()V#497#20 prob_bp = 1.00000000000000000000
org.jfree.chart.block.junit.BorderArrangementTests:testSizingWithWidthConstraint:()V#497#24 prob_bp = 1.00000000000000000000
org.jfree.chart.block.junit.BorderArrangementTests:testSizingWithWidthConstraint:()V#497#27 prob_bp = 1.00000000000000000000
org.jfree.chart.block.junit.BorderArrangementTests:testSizingWithWidthConstraint:()V#497#28 prob_bp = 1.00000000000000000000
org.jfree.chart.block.junit.BorderArrangementTests:testSizingWithWidthConstraint:()V#497#29 prob_bp = 1.00000000000000000000
org.jfree.chart.block.junit.BorderArrangementTests:testSizingWithWidthConstraint:()V#497#30 prob_bp = 1.00000000000000000000
org.jfree.chart.block.junit.BorderArrangementTests:testSizingWithWidthConstraint:()V#497#33 prob_bp = 1.00000000000000000000
org.jfree.chart.block.junit.BorderArrangementTests:testSizingWithWidthConstraint:()V#497#36 prob_bp = 1.00000000000000000000
org.jfree.chart.block.junit.BorderArrangementTests:testSizingWithWidthConstraint:()V#497#39 prob_bp = 1.00000000000000000000
org.jfree.chart.block.junit.BorderArrangementTests:testSizingWithWidthConstraint:()V#502#40 prob_bp = 1.00000000000000000000
org.jfree.chart.block.junit.BorderArrangementTests:testSizingWithWidthConstraint:()V#502#43 prob_bp = 1.00000000000000000000
org.jfree.chart.block.junit.BorderArrangementTests:testSizingWithWidthConstraint:()V#502#44 prob_bp = 1.00000000000000000000
org.jfree.chart.block.junit.BorderArrangementTests:testSizingWithWidthConstraint:()V#502#51 prob_bp = 1.00000000000000000000
org.jfree.chart.block.junit.BorderArrangementTests:testSizingWithWidthConstraint:()V#502#54 prob_bp = 1.00000000000000000000
org.jfree.chart.block.junit.BorderArrangementTests:testSizingWithWidthConstraint:()V#510#75 prob_bp = 1.00000000000000000000
org.jfree.chart.block.junit.BorderArrangementTests:testSizingWithWidthConstraint:()V#510#76 prob_bp = 1.00000000000000000000
org.jfree.chart.block.junit.BorderArrangementTests:testSizingWithWidthConstraint:()V#510#89 prob_bp = 1.00000000000000000000
org.jfree.chart.block.junit.BorderArrangementTests:testSizingWithWidthConstraint:()V#511#92 prob_bp = 1.00000000000000000000
org.jfree.chart.block.junit.BorderArrangementTests:testSizingWithWidthConstraint:()V#511#95 prob_bp = 1.00000000000000000000
org.jfree.chart.block.junit.BorderArrangementTests:testSizingWithWidthConstraint:()V#511#96 prob_bp = 1.00000000000000000000
org.jfree.chart.block.junit.BorderArrangementTests:testSizingWithWidthConstraint:()V#516#133 prob_bp = 1.00000000000000000000
org.jfree.chart.block.junit.BorderArrangementTests:testSizingWithWidthConstraint:()V#516#134 prob_bp = 1.00000000000000000000
org.jfree.chart.block.junit.BorderArrangementTests:testSizingWithWidthConstraint:()V#516#147 prob_bp = 1.00000000000000000000
org.jfree.chart.block.junit.BorderArrangementTests:testSizingWithWidthConstraint:()V#517#150 prob_bp = 1.00000000000000000000
org.jfree.chart.block.junit.BorderArrangementTests:testSizingWithWidthConstraint:()V#517#153 prob_bp = 1.00000000000000000000
org.jfree.chart.block.junit.BorderArrangementTests:testSizingWithWidthConstraint:()V#517#154 prob_bp = 1.00000000000000000000
org.jfree.chart.block.junit.BorderArrangementTests:testSizingWithWidthConstraint:()V#524#191 prob_bp = 1.00000000000000000000
org.jfree.chart.block.junit.BorderArrangementTests:testSizingWithWidthConstraint:()V#524#192 prob_bp = 1.00000000000000000000
org.jfree.chart.block.junit.BorderArrangementTests:testSizingWithWidthConstraint:()V#524#205 prob_bp = 1.00000000000000000000
org.jfree.chart.block.junit.BorderArrangementTests:testSizingWithWidthConstraint:()V#524#208 prob_bp = 1.00000000000000000000
org.jfree.chart.block.junit.BorderArrangementTests:testSizingWithWidthConstraint:()V#525#211 prob_bp = 1.00000000000000000000
org.jfree.chart.block.junit.BorderArrangementTests:testSizingWithWidthConstraint:()V#525#214 prob_bp = 1.00000000000000000000
org.jfree.chart.block.junit.BorderArrangementTests:testSizingWithWidthConstraint:()V#525#215 prob_bp = 1.00000000000000000000
org.jfree.chart.block.junit.BorderArrangementTests:testSizingWithWidthConstraint:()V#532#252 prob_bp = 1.00000000000000000000
org.jfree.chart.block.junit.BorderArrangementTests:testSizingWithWidthConstraint:()V#532#253 prob_bp = 1.00000000000000000000
org.jfree.chart.block.junit.BorderArrangementTests:testSizingWithWidthConstraint:()V#532#266 prob_bp = 1.00000000000000000000
org.jfree.chart.block.junit.BorderArrangementTests:testSizingWithWidthConstraint:()V#533#269 prob_bp = 1.00000000000000000000
org.jfree.chart.block.junit.BorderArrangementTests:testSizingWithWidthConstraint:()V#533#270 prob_bp = 1.00000000000000000000
org.jfree.chart.block.junit.BorderArrangementTests:testSizingWithWidthConstraint:()V#533#283 prob_bp = 1.00000000000000000000
org.jfree.chart.block.junit.BorderArrangementTests:testSizingWithWidthConstraint:()V#533#286 prob_bp = 1.00000000000000000000
org.jfree.chart.block.junit.BorderArrangementTests:testSizingWithWidthConstraint:()V#534#289 prob_bp = 1.00000000000000000000
org.jfree.chart.block.junit.BorderArrangementTests:testSizingWithWidthConstraint:()V#534#292 prob_bp = 1.00000000000000000000
org.jfree.chart.block.junit.BorderArrangementTests:testSizingWithWidthConstraint:()V#534#293 prob_bp = 1.00000000000000000000
org.jfree.chart.block.junit.BorderArrangementTests:testSizingWithWidthConstraint:()V#541#330 prob_bp = 1.00000000000000000000
org.jfree.chart.block.junit.BorderArrangementTests:testSizingWithWidthConstraint:()V#541#331 prob_bp = 1.00000000000000000000
org.jfree.chart.block.junit.BorderArrangementTests:testSizingWithWidthConstraint:()V#541#344 prob_bp = 1.00000000000000000000
org.jfree.chart.block.junit.BorderArrangementTests:testSizingWithWidthConstraint:()V#541#347 prob_bp = 1.00000000000000000000
org.jfree.chart.block.junit.BorderArrangementTests:testSizingWithWidthConstraint:()V#542#350 prob_bp = 1.00000000000000000000
org.jfree.chart.block.junit.BorderArrangementTests:testSizingWithWidthConstraint:()V#542#353 prob_bp = 1.00000000000000000000
org.jfree.chart.block.junit.BorderArrangementTests:testSizingWithWidthConstraint:()V#542#354 prob_bp = 1.00000000000000000000
org.jfree.chart.block.junit.BorderArrangementTests:testSizingWithWidthConstraint:()V#549#391 prob_bp = 1.00000000000000000000
org.jfree.chart.block.junit.BorderArrangementTests:testSizingWithWidthConstraint:()V#549#392 prob_bp = 1.00000000000000000000
org.jfree.chart.block.junit.BorderArrangementTests:testSizingWithWidthConstraint:()V#549#405 prob_bp = 1.00000000000000000000
org.jfree.chart.block.junit.BorderArrangementTests:testSizingWithWidthConstraint:()V#550#408 prob_bp = 1.00000000000000000000
org.jfree.chart.block.junit.BorderArrangementTests:testSizingWithWidthConstraint:()V#550#409 prob_bp = 1.00000000000000000000
org.jfree.chart.block.junit.BorderArrangementTests:testSizingWithWidthConstraint:()V#550#422 prob_bp = 1.00000000000000000000
org.jfree.chart.block.junit.BorderArrangementTests:testSizingWithWidthConstraint:()V#550#425 prob_bp = 1.00000000000000000000
org.jfree.chart.block.junit.BorderArrangementTests:testSizingWithWidthConstraint:()V#551#428 prob_bp = 1.00000000000000000000
org.jfree.chart.block.junit.BorderArrangementTests:testSizingWithWidthConstraint:()V#551#431 prob_bp = 1.00000000000000000000
org.jfree.chart.block.junit.BorderArrangementTests:testSizingWithWidthConstraint:()V#551#432 prob_bp = 1.00000000000000000000
org.jfree.chart.block.junit.BorderArrangementTests:testSizingWithWidthConstraint:()V#558#469 prob_bp = 1.00000000000000000000
org.jfree.chart.block.junit.BorderArrangementTests:testSizingWithWidthConstraint:()V#558#470 prob_bp = 1.00000000000000000000
org.jfree.chart.block.junit.BorderArrangementTests:testSizingWithWidthConstraint:()V#558#483 prob_bp = 1.00000000000000000000
org.jfree.chart.block.junit.BorderArrangementTests:testSizingWithWidthConstraint:()V#558#486 prob_bp = 1.00000000000000000000
org.jfree.chart.block.junit.BorderArrangementTests:testSizingWithWidthConstraint:()V#559#489 prob_bp = 1.00000000000000000000
org.jfree.chart.block.junit.BorderArrangementTests:testSizingWithWidthConstraint:()V#559#490 prob_bp = 1.00000000000000000000
org.jfree.chart.block.junit.BorderArrangementTests:testSizingWithWidthConstraint:()V#559#493 prob_bp = 1.00000000000000000000
org.jfree.chart.block.junit.BorderArrangementTests:testSizingWithWidthConstraint:()V#559#500 prob_bp = 1.00000000000000000000
org.jfree.chart.block.junit.BorderArrangementTests:testSizingWithWidthConstraint:()V#559#503 prob_bp = 1.00000000000000000000
org.jfree.chart.block.junit.BorderArrangementTests:testSizingWithWidthConstraint:()V#559#506 prob_bp = 1.00000000000000000000
org.jfree.chart.block.junit.BorderArrangementTests:testSizingWithWidthConstraint:()V#560#509 prob_bp = 1.00000000000000000000
org.jfree.chart.block.junit.BorderArrangementTests:testSizingWithWidthConstraint:()V#560#512 prob_bp = 1.00000000000000000000
org.jfree.chart.block.junit.BorderArrangementTests:testSizingWithWidthConstraint:()V#560#513 prob_bp = 1.00000000000000000000
Belief propagation time : 1.269000s
