Belief propagation time: 100

Probabilities: 
Vars:149249
Stmts:3827
org.apache.commons.lang.time.DateUtils:truncate:(Ljava/util/Date;I)Ljava/util/Date;#549#33 prob_bp = 0.49984157622651576000
org.apache.commons.lang.time.DateUtils:truncate:(Ljava/util/Date;I)Ljava/util/Date;#549#30 prob_bp = 0.49999888131514564000
org.apache.commons.lang.time.DateUtils:truncate:(Ljava/util/Date;I)Ljava/util/Date;#549#29 prob_bp = 0.49999926991890326000
org.apache.commons.lang.time.DateUtils:truncate:(Ljava/util/Date;I)Ljava/util/Date;#546#17 prob_bp = 0.49999936591875850000
org.apache.commons.lang.time.DateUtils:truncate:(Ljava/util/Date;I)Ljava/util/Date;#546#14 prob_bp = 0.49999939011562600000
org.apache.commons.lang.time.DateUtils:truncate:(Ljava/util/Date;I)Ljava/util/Date;#548#26 prob_bp = 0.49999989215182716000
org.apache.commons.lang.time.DateUtils:truncate:(Ljava/util/Date;I)Ljava/util/Date;#548#24 prob_bp = 0.49999989667143163000
org.apache.commons.lang.time.DateUtils:truncate:(Ljava/util/Date;I)Ljava/util/Date;#543#1 prob_bp = 0.49999993883271620000
org.apache.commons.lang.time.DateUtils:truncate:(Ljava/util/Date;I)Ljava/util/Date;#543#0 prob_bp = 0.49999994268770490000
org.apache.commons.lang.time.DateUtils:modify:(Ljava/util/Calendar;IZ)V#709#353 prob_bp = 0.49999999999958030000
org.apache.commons.lang.time.DateUtils:modify:(Ljava/util/Calendar;IZ)V#709#329 prob_bp = 0.49999999999987504000
org.apache.commons.lang.time.DateUtils:truncate:(Ljava/util/Date;I)Ljava/util/Date;#548#23 prob_bp = 0.49999999999996450000
org.apache.commons.lang.time.DateUtils:modify:(Ljava/util/Calendar;IZ)V#709#337 prob_bp = 0.49999999999997585000
org.apache.commons.lang.time.DateUtils:modify:(Ljava/util/Calendar;IZ)V#709#336 prob_bp = 0.49999999999997796000
org.apache.commons.lang.time.DateUtils:modify:(Ljava/util/Calendar;IZ)V#704#309 prob_bp = 0.49999999999999950000
org.apache.commons.lang.time.DateUtils:modify:(Ljava/util/Calendar;IZ)V#701#278 prob_bp = 0.49999999999999980000
org.apache.commons.lang.time.DateUtils:modify:(Ljava/util/Calendar;IZ)V#709#352 prob_bp = 0.49999999999999983000
org.apache.commons.lang.time.DateUtils:truncate:(Ljava/util/Date;I)Ljava/util/Date;#547#18 prob_bp = 0.49999999999999994000
org.apache.commons.lang.time.DateUtils:truncate:(Ljava/util/Date;I)Ljava/util/Date;#547#19 prob_bp = 0.49999999999999994000
org.apache.commons.lang.time.DateUtils:truncate:(Ljava/util/Date;I)Ljava/util/Date;#547#20 prob_bp = 0.49999999999999994000
org.apache.commons.lang.time.DateUtils:modify:(Ljava/util/Calendar;IZ)V#704#306 prob_bp = 0.49999999999999994000
org.apache.commons.lang.time.DateUtils:modify:(Ljava/util/Calendar;IZ)V#709#342 prob_bp = 0.49999999999999994000
org.apache.commons.lang.time.DateUtils:modify:(Ljava/util/Calendar;IZ)V#670#138 prob_bp = 0.50000000000000010000
org.apache.commons.lang.time.DateUtils:modify:(Ljava/util/Calendar;IZ)V#709#333 prob_bp = 0.50000000000000010000
org.apache.commons.lang.time.DateUtils:modify:(Ljava/util/Calendar;IZ)V#709#335 prob_bp = 0.50000000000000010000
org.apache.commons.lang.time.DateUtils:modify:(Ljava/util/Calendar;IZ)V#709#346 prob_bp = 0.50000000000000010000
org.apache.commons.lang.time.DateUtils:modify:(Ljava/util/Calendar;IZ)V#709#350 prob_bp = 0.50000000000000010000
org.apache.commons.lang.time.DateUtils:modify:(Ljava/util/Calendar;IZ)V#700#263 prob_bp = 0.50000000000000030000
org.apache.commons.lang.time.DateUtils:modify:(Ljava/util/Calendar;IZ)V#709#330 prob_bp = 0.50000000000000030000
org.apache.commons.lang.time.DateUtils:modify:(Ljava/util/Calendar;IZ)V#700#261 prob_bp = 0.50000000000000070000
org.apache.commons.lang.time.DateUtils:modify:(Ljava/util/Calendar;IZ)V#670#139 prob_bp = 0.50000000000000090000
org.apache.commons.lang.time.DateUtils:modify:(Ljava/util/Calendar;IZ)V#704#303 prob_bp = 0.50000000000000100000
org.apache.commons.lang.time.DateUtils:modify:(Ljava/util/Calendar;IZ)V#701#274 prob_bp = 0.50000000000000110000
org.apache.commons.lang.time.DateUtils:modify:(Ljava/util/Calendar;IZ)V#701#270 prob_bp = 0.50000000000000120000
org.apache.commons.lang.time.DateUtils:modify:(Ljava/util/Calendar;IZ)V#709#344 prob_bp = 0.50000000000000120000
org.apache.commons.lang.time.DateUtils:modify:(Ljava/util/Calendar;IZ)V#702#284 prob_bp = 0.50000000000000140000
org.apache.commons.lang.time.DateUtils:modify:(Ljava/util/Calendar;IZ)V#701#266 prob_bp = 0.50000000000000170000
org.apache.commons.lang.time.DateUtils:modify:(Ljava/util/Calendar;IZ)V#704#294 prob_bp = 0.50000000000000190000
org.apache.commons.lang.time.DateUtils:modify:(Ljava/util/Calendar;IZ)V#702#280 prob_bp = 0.50000000000000210000
org.apache.commons.lang.time.DateUtils:modify:(Ljava/util/Calendar;IZ)V#704#298 prob_bp = 0.50000000000000210000
org.apache.commons.lang.time.DateUtils:modify:(Ljava/util/Calendar;IZ)V#704#308 prob_bp = 0.50000000000000210000
org.apache.commons.lang.time.DateUtils:modify:(Ljava/util/Calendar;IZ)V#709#347 prob_bp = 0.50000000000000220000
org.apache.commons.lang.time.DateUtils:modify:(Ljava/util/Calendar;IZ)V#704#302 prob_bp = 0.50000000000000230000
org.apache.commons.lang.time.DateUtils:modify:(Ljava/util/Calendar;IZ)V#709#338 prob_bp = 0.50000000000000230000
org.apache.commons.lang.time.DateUtils:modify:(Ljava/util/Calendar;IZ)V#702#287 prob_bp = 0.50000000000000300000
org.apache.commons.lang.time.DateUtils:modify:(Ljava/util/Calendar;IZ)V#702#286 prob_bp = 0.50000000000000310000
org.apache.commons.lang.time.DateUtils:modify:(Ljava/util/Calendar;IZ)V#704#300 prob_bp = 0.50000000000000310000
org.apache.commons.lang.time.DateUtils:modify:(Ljava/util/Calendar;IZ)V#668#136 prob_bp = 0.50000000000000320000
org.apache.commons.lang.time.DateUtils:modify:(Ljava/util/Calendar;IZ)V#702#281 prob_bp = 0.50000000000000320000
org.apache.commons.lang.time.DateUtils:modify:(Ljava/util/Calendar;IZ)V#702#288 prob_bp = 0.50000000000000330000
org.apache.commons.lang.time.DateUtils:modify:(Ljava/util/Calendar;IZ)V#701#267 prob_bp = 0.50000000000000370000
org.apache.commons.lang.time.DateUtils:modify:(Ljava/util/Calendar;IZ)V#701#275 prob_bp = 0.50000000000000370000
org.apache.commons.lang.time.DateUtils:modify:(Ljava/util/Calendar;IZ)V#709#339 prob_bp = 0.50000000000000410000
org.apache.commons.lang.time.DateUtils:modify:(Ljava/util/Calendar;IZ)V#701#272 prob_bp = 0.50000000000000430000
org.apache.commons.lang.time.DateUtils:modify:(Ljava/util/Calendar;IZ)V#668#135 prob_bp = 0.50000000000000490000
org.apache.commons.lang.time.DateUtils:modify:(Ljava/util/Calendar;IZ)V#704#301 prob_bp = 0.50000000000000500000
org.apache.commons.lang.time.DateUtils:modify:(Ljava/util/Calendar;IZ)V#670#139#unexe#6 prob_bp = 0.50000000000000540000
org.apache.commons.lang.time.DateUtils:modify:(Ljava/util/Calendar;IZ)V#704#295 prob_bp = 0.50000000000000540000
org.apache.commons.lang.time.DateUtils:modify:(Ljava/util/Calendar;IZ)V#701#273 prob_bp = 0.50000000000000720000
org.apache.commons.lang.time.DateUtils:modify:(Ljava/util/Calendar;IZ)V#700#263#unexe#5 prob_bp = 0.50000000000000770000
org.apache.commons.lang.time.DateUtils:modify:(Ljava/util/Calendar;IZ)V#709#345 prob_bp = 0.50000000000000890000
org.apache.commons.lang.time.DateUtils:modify:(Ljava/util/Calendar;IZ)V#702#289 prob_bp = 0.50000000000001030000
org.apache.commons.lang.time.DateUtils:modify:(Ljava/util/Calendar;IZ)V#643#126 prob_bp = 0.50000000000002790000
org.apache.commons.lang.time.DateUtils:modify:(Ljava/util/Calendar;IZ)V#643#42 prob_bp = 0.50000000001106350000
org.apache.commons.lang.time.DateUtils:modify:(Ljava/util/Calendar;IZ)V#642#25 prob_bp = 0.50000000001269730000
org.apache.commons.lang.time.DateUtils:modify:(Ljava/util/Calendar;IZ)V#642#27 prob_bp = 0.50000000003375000000
org.apache.commons.lang.time.DateUtils:modify:(Ljava/util/Calendar;IZ)V#642#30 prob_bp = 0.50000000003644400000
org.apache.commons.lang.time.DateUtils:modify:(Ljava/util/Calendar;IZ)V#643#39 prob_bp = 0.50000000003848990000
org.apache.commons.lang.time.DateUtils:modify:(Ljava/util/Calendar;IZ)V#643#44 prob_bp = 0.50000000004156260000
org.apache.commons.lang.time.DateUtils:modify:(Ljava/util/Calendar;IZ)V#642#31 prob_bp = 0.50000000004735320000
org.apache.commons.lang.time.DateUtils:modify:(Ljava/util/Calendar;IZ)V#620#0 prob_bp = 0.50000000013760800000
org.apache.commons.lang.time.DateUtils:modify:(Ljava/util/Calendar;IZ)V#642#22 prob_bp = 0.50000000034382740000
org.apache.commons.lang.time.DateUtils:modify:(Ljava/util/Calendar;IZ)V#642#23 prob_bp = 0.50000000035770690000
org.apache.commons.lang.time.DateUtils:modify:(Ljava/util/Calendar;IZ)V#620#1 prob_bp = 0.50000000053100910000
org.apache.commons.lang.time.DateUtils:modify:(Ljava/util/Calendar;IZ)V#620#2 prob_bp = 0.50000000055230740000
org.apache.commons.lang.time.DateUtils:modify:(Ljava/util/Calendar;IZ)V#643#45 prob_bp = 0.50000000095402110000
org.apache.commons.lang.time.DateUtils:modify:(Ljava/util/Calendar;IZ)V#642#356 prob_bp = 0.50000000178837180000
org.apache.commons.lang.time.DateUtils:modify:(Ljava/util/Calendar;IZ)V#643#37 prob_bp = 0.50000000299793180000
org.apache.commons.lang.time.DateUtils:modify:(Ljava/util/Calendar;IZ)V#644#52 prob_bp = 0.50000000326987490000
org.apache.commons.lang.time.DateUtils:modify:(Ljava/util/Calendar;IZ)V#643#46 prob_bp = 0.50000000464016990000
org.apache.commons.lang.time.DateUtils:modify:(Ljava/util/Calendar;IZ)V#620#5 prob_bp = 0.50000000669737970000
org.apache.commons.lang.time.DateUtils:modify:(Ljava/util/Calendar;IZ)V#620#7 prob_bp = 0.50000000696599640000
org.apache.commons.lang.time.DateUtils:<clinit>:()V#72#119 prob_bp = 0.50000001113055390000
org.apache.commons.lang.time.DateUtils:modify:(Ljava/util/Calendar;IZ)V#644#49 prob_bp = 0.50000001128315850000
org.apache.commons.lang.time.DateUtils:modify:(Ljava/util/Calendar;IZ)V#644#54 prob_bp = 0.50000001218576710000
org.apache.commons.lang.time.DateUtils:modify:(Ljava/util/Calendar;IZ)V#643#34 prob_bp = 0.50000015224673950000
org.apache.commons.lang.time.DateUtils:modify:(Ljava/util/Calendar;IZ)V#643#35 prob_bp = 0.50000015839720500000
org.apache.commons.lang.time.DateUtils:modify:(Ljava/util/Calendar;IZ)V#644#55 prob_bp = 0.50000018024597460000
org.apache.commons.lang.time.DateUtils:modify:(Ljava/util/Calendar;IZ)V#644#57 prob_bp = 0.50000027898010360000
org.apache.commons.lang.time.DateUtils:modify:(Ljava/util/Calendar;IZ)V#644#58 prob_bp = 0.50001326957215280000
org.apache.commons.lang.time.DateUtils:modify:(Ljava/util/Calendar;IZ)V#644#59 prob_bp = 0.50003842219304170000
org.apache.commons.lang.time.DateUtilsTest:testTruncateLang59:()V#908#70 prob_bp = 1.00000000000000000000
org.apache.commons.lang.time.DateUtilsTest:testTruncateLang59:()V#908#86 prob_bp = 1.00000000000000000000
org.apache.commons.lang.time.DateUtilsTest:testTruncateLang59:()V#909#88 prob_bp = 1.00000000000000000000
org.apache.commons.lang.time.DateUtilsTest:testTruncateLang59:()V#909#104 prob_bp = 1.00000000000000000000
org.apache.commons.lang.time.DateUtilsTest:testTruncateLang59:()V#924#230 prob_bp = 1.00000000000000000000
org.apache.commons.lang.time.DateUtilsTest:testTruncateLang59:()V#924#232 prob_bp = 1.00000000000000000000
org.apache.commons.lang.time.DateUtilsTest:testTruncateLang59:()V#924#234 prob_bp = 1.00000000000000000000
org.apache.commons.lang.time.DateUtilsTest:testTruncateLang59:()V#927#240 prob_bp = 1.00000000000000000000
org.apache.commons.lang.time.DateUtilsTest:testTruncateLang59:()V#927#242 prob_bp = 1.00000000000000000000
org.apache.commons.lang.time.DateUtilsTest:testTruncateLang59:()V#927#244 prob_bp = 1.00000000000000000000
org.apache.commons.lang.time.DateUtilsTest:testTruncateLang59:()V#927#246 prob_bp = 1.00000000000000000000
org.apache.commons.lang.time.DateUtilsTest:testTruncateLang59:()V#927#248 prob_bp = 1.00000000000000000000
org.apache.commons.lang.time.DateUtilsTest:testTruncateLang59:()V#927#251 prob_bp = 1.00000000000000000000
Belief propagation time : 38.334000s
