Belief propagation time: 38

Probabilities: 
Vars:1204535
Stmts:11257
org.apache.commons.math.linear.ArrayRealVector:getLInfNorm:()D#723#46 prob_bp = 0.49582201388376870000
org.apache.commons.math.linear.ArrayRealVector:getLInfNorm:()D#723#45 prob_bp = 0.49834290381434980000
org.apache.commons.math.linear.ArrayRealVector:getLInfNorm:()D#720#18#unexe#1 prob_bp = 0.49946686402755813000
org.apache.commons.math.linear.OpenMapRealVector:getLInfNorm:()D#505#32 prob_bp = 0.49998719906484220000
org.apache.commons.math.util.OpenIntToDoubleHashMap$Iterator:value:()D#558#28 prob_bp = 0.49999272647695690000
org.apache.commons.math.linear.ArrayRealVector:getLInfNorm:()D#721#38 prob_bp = 0.49999530497142310000
org.apache.commons.math.linear.OpenMapRealVector:getLInfNorm:()D#505#31 prob_bp = 0.49999686552648650000
org.apache.commons.math.linear.OpenMapRealVector:getLInfNorm:()D#501#14#unexe#1 prob_bp = 0.49999925011806523000
org.apache.commons.math.linear.ArrayRealVector:getLInfNorm:()D#720#18 prob_bp = 0.49999942500134986000
org.apache.commons.math.linear.ArrayRealVector:getLInfNorm:()D#720#14 prob_bp = 0.49999947034325800000
org.apache.commons.math.linear.ArrayRealVector:getLInfNorm:()D#720#12 prob_bp = 0.49999949190922144000
org.apache.commons.math.linear.ArrayRealVector:getLInfNorm:()D#720#11 prob_bp = 0.49999950197042514000
org.apache.commons.math.linear.ArrayRealVector:getLInfNorm:()D#720#16 prob_bp = 0.49999971687800620000
org.apache.commons.math.linear.OpenMapRealVector:getLInfNorm:()D#503#27 prob_bp = 0.49999985111088340000
org.apache.commons.math.linear.ArrayRealVector:getLInfNorm:()D#720#9 prob_bp = 0.49999985926570917000
org.apache.commons.math.linear.ArrayRealVector:getLInfNorm:()D#720#8 prob_bp = 0.49999992974767770000
org.apache.commons.math.linear.ArrayRealVector:getLInfNorm:()D#720#7 prob_bp = 0.49999996463625207000
org.apache.commons.math.util.OpenIntToDoubleHashMap$Iterator:value:()D#558#25 prob_bp = 0.49999997566044130000
org.apache.commons.math.linear.ArrayRealVector:getLInfNorm:()D#720#6 prob_bp = 0.49999998190609507000
org.apache.commons.math.linear.ArrayRealVector:getLInfNorm:()D#721#37 prob_bp = 0.49999998475325130000
org.apache.commons.math.linear.OpenMapRealVector:getLInfNorm:()D#501#14 prob_bp = 0.49999998648170607000
org.apache.commons.math.util.OpenIntToDoubleHashMap$Iterator:hasNext:()Z#525#12 prob_bp = 0.49999998831658277000
org.apache.commons.math.util.OpenIntToDoubleHashMap$Iterator:hasNext:()Z#525#11 prob_bp = 0.49999998876935750000
org.apache.commons.math.linear.ArrayRealVector:getLInfNorm:()D#720#3 prob_bp = 0.49999999045466880000
org.apache.commons.math.linear.ArrayRealVector:getLInfNorm:()D#720#2 prob_bp = 0.49999999064368517000
org.apache.commons.math.linear.ArrayRealVector:<init>:([D)V#83#12 prob_bp = 0.49999999259159833000
org.apache.commons.math.linear.ArrayRealVector:<init>:([D)V#83#4 prob_bp = 0.49999999273829950000
org.apache.commons.math.linear.ArrayRealVector:getLInfNorm:()D#720#39 prob_bp = 0.49999999301633175000
org.apache.commons.math.linear.ArrayRealVector:<init>:([D)V#83#9 prob_bp = 0.49999999312577725000
org.apache.commons.math.linear.ArrayRealVector:<init>:([D)V#83#6 prob_bp = 0.49999999339019590000
org.apache.commons.math.linear.ArrayRealVector:<init>:([D)V#83#5 prob_bp = 0.49999999352108304000
org.apache.commons.math.util.OpenIntToDoubleHashMap$Iterator:value:()D#558#24 prob_bp = 0.49999999366282080000
org.apache.commons.math.linear.ArrayRealVector:getLInfNorm:()D#721#27 prob_bp = 0.49999999638425846000
org.apache.commons.math.linear.OpenMapRealVector:getLInfNorm:()D#503#23 prob_bp = 0.49999999811842427000
org.apache.commons.math.linear.OpenMapRealVector:getLInfNorm:()D#503#22 prob_bp = 0.49999999922401100000
org.apache.commons.math.linear.OpenMapRealVector:getLInfNorm:()D#503#26 prob_bp = 0.49999999940223183000
org.apache.commons.math.linear.OpenMapRealVector:getLInfNorm:()D#500#9 prob_bp = 0.49999999949659080000
org.apache.commons.math.util.OpenIntToDoubleHashMap$Iterator:value:()D#554#11 prob_bp = 0.49999999977060144000
org.apache.commons.math.linear.OpenMapRealVector:getLInfNorm:()D#503#21 prob_bp = 0.49999999985856547000
org.apache.commons.math.util.OpenIntToDoubleHashMap$Iterator:value:()D#561#53 prob_bp = 0.49999999988145616000
org.apache.commons.math.linear.ArrayRealVector:getLInfNorm:()D#721#34 prob_bp = 0.49999999993457490000
org.apache.commons.math.util.OpenIntToDoubleHashMap$Iterator:hasNext:()Z#525#4 prob_bp = 0.49999999997198535000
org.apache.commons.math.linear.ArrayRealVector:getLInfNorm:()D#721#31 prob_bp = 0.49999999998398836000
org.apache.commons.math.linear.ArrayRealVector:getLInfNorm:()D#721#28 prob_bp = 0.49999999998431877000
org.apache.commons.math.linear.ArrayRealVector:getLInfNorm:()D#719#1 prob_bp = 0.49999999998849290000
org.apache.commons.math.linear.ArrayRealVector:getLInfNorm:()D#719#0 prob_bp = 0.49999999998872070000
org.apache.commons.math.linear.OpenMapRealVector:getLInfNorm:()D#502#18 prob_bp = 0.49999999999353630000
org.apache.commons.math.linear.ArrayRealVector:getLInfNorm:()D#721#29 prob_bp = 0.49999999999621670000
org.apache.commons.math.linear.OpenMapRealVector:getLInfNorm:()D#502#17 prob_bp = 0.49999999999730926000
org.apache.commons.math.util.OpenIntToDoubleHashMap$Iterator:value:()D#554#1 prob_bp = 0.49999999999923030000
org.apache.commons.math.linear.ArrayRealVector:getLInfNorm:()D#720#25 prob_bp = 0.49999999999924305000
org.apache.commons.math.util.OpenIntToDoubleHashMap$Iterator:value:()D#561#52 prob_bp = 0.49999999999963435000
org.apache.commons.math.util.OpenIntToDoubleHashMap$Iterator:value:()D#554#0 prob_bp = 0.49999999999979905000
org.apache.commons.math.util.OpenIntToDoubleHashMap$Iterator:hasNext:()Z#525#7 prob_bp = 0.49999999999986310000
org.apache.commons.math.util.OpenIntToDoubleHashMap$Iterator:hasNext:()Z#525#1 prob_bp = 0.49999999999990113000
org.apache.commons.math.util.OpenIntToDoubleHashMap:access$300:(Lorg/apache/commons/math/util/OpenIntToDoubleHashMap;)[D#39#4 prob_bp = 0.49999999999992840000
org.apache.commons.math.util.OpenIntToDoubleHashMap$Iterator:hasNext:()Z#525#0 prob_bp = 0.49999999999997274000
org.apache.commons.math.linear.ArrayRealVector:getLInfNorm:()D#720#24 prob_bp = 0.49999999999999190000
org.apache.commons.math.util.OpenIntToDoubleHashMap$Iterator:advance:()V#586#65 prob_bp = 0.49999999999999230000
org.apache.commons.math.util.OpenIntToDoubleHashMap$Iterator:advance:()V#586#63 prob_bp = 0.49999999999999234000
org.apache.commons.math.linear.OpenMapRealVector:getLInfNorm:()D#501#11 prob_bp = 0.49999999999999234000
org.apache.commons.math.util.OpenIntToDoubleHashMap$Iterator:value:()D#554#8 prob_bp = 0.49999999999999280000
org.apache.commons.math.linear.ArrayRealVector:getLInfNorm:()D#720#22 prob_bp = 0.49999999999999480000
org.apache.commons.math.linear.OpenMapRealVector:getLInfNorm:()D#501#10 prob_bp = 0.49999999999999680000
org.apache.commons.math.linear.ArrayRealVector:getLInfNorm:()D#720#21 prob_bp = 0.49999999999999734000
org.apache.commons.math.util.OpenIntToDoubleHashMap$Iterator:advance:()V#586#62 prob_bp = 0.49999999999999784000
org.apache.commons.math.linear.OpenMapRealVector$OpenMapEntry:getValue:()D#832#0 prob_bp = 0.49999999999999906000
org.apache.commons.math.linear.OpenMapRealVector$OpenMapSparseIterator:<init>:(Lorg/apache/commons/math/linear/OpenMapRealVector;)V#865#27 prob_bp = 0.49999999999999930000
org.apache.commons.math.linear.OpenMapRealVector$OpenMapSparseIterator:next:()Lorg/apache/commons/math/linear/RealVector$Entry;#876#7 prob_bp = 0.49999999999999950000
org.apache.commons.math.util.OpenIntToDoubleHashMap$Iterator:value:()D#554#5 prob_bp = 0.49999999999999956000
org.apache.commons.math.linear.OpenMapRealVector$OpenMapSparseIterator:next:()Lorg/apache/commons/math/linear/RealVector$Entry;#876#11 prob_bp = 0.49999999999999960000
org.apache.commons.math.linear.OpenMapRealVector$OpenMapSparseIterator:<init>:(Lorg/apache/commons/math/linear/OpenMapRealVector;)V#865#30 prob_bp = 0.49999999999999967000
org.apache.commons.math.util.OpenIntToDoubleHashMap:access$300:(Lorg/apache/commons/math/util/OpenIntToDoubleHashMap;)[D#39#0 prob_bp = 0.49999999999999970000
org.apache.commons.math.linear.OpenMapRealVector$OpenMapEntry:getValue:()D#832#4 prob_bp = 0.49999999999999980000
org.apache.commons.math.linear.OpenMapRealVector:access$000:(Lorg/apache/commons/math/linear/OpenMapRealVector;)Lorg/apache/commons/math/util/OpenIntToDoubleHashMap;#30#0 prob_bp = 0.49999999999999983000
org.apache.commons.math.linear.OpenMapRealVector:getLInfNorm:()D#499#1 prob_bp = 0.49999999999999990000
org.apache.commons.math.linear.OpenMapRealVector$OpenMapSparseIterator:<init>:(Lorg/apache/commons/math/linear/OpenMapRealVector;)V#864#10 prob_bp = 0.49999999999999994000
org.apache.commons.math.linear.OpenMapRealVector:access$000:(Lorg/apache/commons/math/linear/OpenMapRealVector;)Lorg/apache/commons/math/util/OpenIntToDoubleHashMap;#30#4 prob_bp = 0.49999999999999994000
org.apache.commons.math.linear.OpenMapRealVector$OpenMapSparseIterator:<init>:(Lorg/apache/commons/math/linear/OpenMapRealVector;)V#864#14 prob_bp = 0.49999999999999994000
org.apache.commons.math.linear.OpenMapRealVector$OpenMapSparseIterator:<init>:(Lorg/apache/commons/math/linear/OpenMapRealVector;)V#865#20 prob_bp = 0.49999999999999994000
org.apache.commons.math.linear.OpenMapRealVector$OpenMapSparseIterator:<init>:(Lorg/apache/commons/math/linear/OpenMapRealVector;)V#865#26 prob_bp = 0.49999999999999994000
org.apache.commons.math.linear.OpenMapRealVector$OpenMapEntry:<init>:(Lorg/apache/commons/math/linear/OpenMapRealVector;Lorg/apache/commons/math/util/OpenIntToDoubleHashMap$Iterator;)V#826#11 prob_bp = 0.49999999999999994000
org.apache.commons.math.linear.OpenMapRealVector$OpenMapSparseIterator:<init>:(Lorg/apache/commons/math/linear/OpenMapRealVector;)V#865#33 prob_bp = 0.49999999999999994000
org.apache.commons.math.linear.AbstractRealVector:getNorm:()D#213#8 prob_bp = 0.49999999999999994000
org.apache.commons.math.linear.AbstractRealVector:getNorm:()D#213#13 prob_bp = 0.49999999999999994000
org.apache.commons.math.linear.OpenMapRealVector$OpenMapSparseIterator:next:()Ljava/lang/Object;#854#1 prob_bp = 0.49999999999999994000
org.apache.commons.math.linear.OpenMapRealVector$OpenMapSparseIterator:next:()Lorg/apache/commons/math/linear/RealVector$Entry;#876#8 prob_bp = 0.49999999999999994000
org.apache.commons.math.linear.AbstractRealVector:getNorm:()D#213#26 prob_bp = 0.49999999999999994000
org.apache.commons.math.util.OpenIntToDoubleHashMap$Iterator:value:()D#561#45 prob_bp = 0.49999999999999994000
org.apache.commons.math.util.OpenIntToDoubleHashMap$Iterator:value:()D#561#48 prob_bp = 0.49999999999999994000
org.apache.commons.math.linear.AbstractRealVector:getL1Norm:()D#225#8 prob_bp = 0.49999999999999994000
org.apache.commons.math.linear.OpenMapRealVector:getLInfNorm:()D#499#0 prob_bp = 0.49999999999999994000
org.apache.commons.math.linear.AbstractRealVector:getNorm:()D#211#2 prob_bp = 0.50000000000000000000
org.apache.commons.math.linear.AbstractRealVector:getNorm:()D#211#3 prob_bp = 0.50000000000000000000
org.apache.commons.math.linear.OpenMapRealVector:sparseIterator:()Ljava/util/Iterator;#809#4 prob_bp = 0.50000000000000000000
org.apache.commons.math.linear.OpenMapRealVector$OpenMapSparseIterator:<init>:(Lorg/apache/commons/math/linear/OpenMapRealVector;)V#864#9 prob_bp = 0.50000000000000000000
org.apache.commons.math.linear.OpenMapRealVector$OpenMapSparseIterator:<init>:(Lorg/apache/commons/math/linear/OpenMapRealVector;)V#864#11 prob_bp = 0.50000000000000000000
org.apache.commons.math.linear.OpenMapRealVector$OpenMapSparseIterator:<init>:(Lorg/apache/commons/math/linear/OpenMapRealVector;)V#865#24 prob_bp = 0.50000000000000000000
org.apache.commons.math.linear.OpenMapRealVector$OpenMapEntry:<init>:(Lorg/apache/commons/math/linear/OpenMapRealVector;Lorg/apache/commons/math/util/OpenIntToDoubleHashMap$Iterator;)V#826#9 prob_bp = 0.50000000000000000000
org.apache.commons.math.linear.AbstractRealVector:getNorm:()D#211#6 prob_bp = 0.50000000000000000000
org.apache.commons.math.linear.AbstractRealVector:getNorm:()D#213#7 prob_bp = 0.50000000000000000000
org.apache.commons.math.linear.AbstractRealVector:getNorm:()D#213#16 prob_bp = 0.50000000000000000000
org.apache.commons.math.linear.AbstractRealVector:getNorm:()D#213#17 prob_bp = 0.50000000000000000000
org.apache.commons.math.linear.OpenMapRealVector$OpenMapSparseIterator:next:()Lorg/apache/commons/math/linear/RealVector$Entry;#875#0 prob_bp = 0.50000000000000000000
org.apache.commons.math.linear.OpenMapRealVector$OpenMapSparseIterator:next:()Lorg/apache/commons/math/linear/RealVector$Entry;#875#1 prob_bp = 0.50000000000000000000
org.apache.commons.math.linear.OpenMapRealVector$OpenMapSparseIterator:next:()Lorg/apache/commons/math/linear/RealVector$Entry;#875#4 prob_bp = 0.50000000000000000000
org.apache.commons.math.linear.AbstractRealVector:getNorm:()D#213#22 prob_bp = 0.50000000000000000000
org.apache.commons.math.linear.AbstractRealVector:getNorm:()D#213#25 prob_bp = 0.50000000000000000000
org.apache.commons.math.linear.AbstractRealVector:getNorm:()D#213#28 prob_bp = 0.50000000000000000000
org.apache.commons.math.linear.AbstractRealVector:getNorm:()D#214#31 prob_bp = 0.50000000000000000000
org.apache.commons.math.linear.AbstractRealVector:getNorm:()D#214#33 prob_bp = 0.50000000000000000000
org.apache.commons.math.util.OpenIntToDoubleHashMap$Iterator:value:()D#561#41 prob_bp = 0.50000000000000000000
org.apache.commons.math.linear.AbstractRealVector:getL1Norm:()D#223#2 prob_bp = 0.50000000000000000000
org.apache.commons.math.linear.AbstractRealVector:getL1Norm:()D#223#3 prob_bp = 0.50000000000000000000
org.apache.commons.math.linear.AbstractRealVector:getL1Norm:()D#223#6 prob_bp = 0.50000000000000000000
org.apache.commons.math.linear.AbstractRealVector:getL1Norm:()D#225#13 prob_bp = 0.50000000000000000000
org.apache.commons.math.linear.AbstractRealVector:getL1Norm:()D#225#16 prob_bp = 0.50000000000000000000
org.apache.commons.math.linear.AbstractRealVector:getL1Norm:()D#225#17 prob_bp = 0.50000000000000000000
org.apache.commons.math.linear.AbstractRealVector:getL1Norm:()D#225#22 prob_bp = 0.50000000000000000000
org.apache.commons.math.linear.AbstractRealVector:getL1Norm:()D#225#25 prob_bp = 0.50000000000000000000
org.apache.commons.math.linear.AbstractRealVector:getL1Norm:()D#225#26 prob_bp = 0.50000000000000000000
org.apache.commons.math.linear.AbstractRealVector:getL1Norm:()D#226#32 prob_bp = 0.50000000000000000000
org.apache.commons.math.linear.AbstractRealVector:getL1Norm:()D#226#34 prob_bp = 0.50000000000000000000
org.apache.commons.math.linear.OpenMapRealVector:getLInfNorm:()D#500#2 prob_bp = 0.50000000000000000000
org.apache.commons.math.linear.OpenMapRealVector:getLInfNorm:()D#500#3 prob_bp = 0.50000000000000000000
org.apache.commons.math.linear.OpenMapRealVector:getLInfNorm:()D#500#6 prob_bp = 0.50000000000000000000
org.apache.commons.math.linear.OpenMapRealVector:sparseIterator:()Ljava/util/Iterator;#809#5 prob_bp = 0.50000000000000010000
org.apache.commons.math.linear.OpenMapRealVector:access$000:(Lorg/apache/commons/math/linear/OpenMapRealVector;)Lorg/apache/commons/math/util/OpenIntToDoubleHashMap;#30#1 prob_bp = 0.50000000000000010000
org.apache.commons.math.util.OpenIntToDoubleHashMap:iterator:()Lorg/apache/commons/math/util/OpenIntToDoubleHashMap$Iterator;#248#4 prob_bp = 0.50000000000000010000
org.apache.commons.math.util.OpenIntToDoubleHashMap$Iterator:advance:()V#582#32 prob_bp = 0.50000000000000010000
org.apache.commons.math.linear.OpenMapRealVector$OpenMapSparseIterator:<init>:(Lorg/apache/commons/math/linear/OpenMapRealVector;)V#864#17 prob_bp = 0.50000000000000010000
org.apache.commons.math.linear.OpenMapRealVector:sparseIterator:()Ljava/util/Iterator;#809#8 prob_bp = 0.50000000000000010000
org.apache.commons.math.linear.OpenMapRealVector$OpenMapSparseIterator:hasNext:()Z#870#0 prob_bp = 0.50000000000000010000
org.apache.commons.math.linear.OpenMapRealVector$OpenMapSparseIterator:next:()Ljava/lang/Object;#854#4 prob_bp = 0.50000000000000010000
org.apache.commons.math.util.OpenIntToDoubleHashMap:access$300:(Lorg/apache/commons/math/util/OpenIntToDoubleHashMap;)[D#39#1 prob_bp = 0.50000000000000010000
org.apache.commons.math.linear.AbstractRealVector:getL1Norm:()D#225#7 prob_bp = 0.50000000000000010000
org.apache.commons.math.linear.AbstractRealVector:getL1Norm:()D#225#28 prob_bp = 0.50000000000000010000
org.apache.commons.math.linear.OpenMapRealVector:sparseIterator:()Ljava/util/Iterator;#809#3 prob_bp = 0.50000000000000020000
org.apache.commons.math.linear.OpenMapRealVector$OpenMapEntry:<init>:(Lorg/apache/commons/math/linear/OpenMapRealVector;Lorg/apache/commons/math/util/OpenIntToDoubleHashMap$Iterator;)V#826#10 prob_bp = 0.50000000000000020000
org.apache.commons.math.linear.OpenMapRealVector$OpenMapSparseIterator:next:()Ljava/lang/Object;#854#0 prob_bp = 0.50000000000000020000
org.apache.commons.math.util.OpenIntToDoubleHashMap$Iterator:value:()D#554#4 prob_bp = 0.50000000000000020000
org.apache.commons.math.linear.OpenMapRealVector$OpenMapEntry:getValue:()D#832#1 prob_bp = 0.50000000000000030000
org.apache.commons.math.linear.OpenMapRealVector$OpenMapSparseIterator:hasNext:()Z#870#4 prob_bp = 0.50000000000000040000
org.apache.commons.math.linear.OpenMapRealVector:<init>:([DD)V#133#56 prob_bp = 0.50000000000000060000
org.apache.commons.math.linear.OpenMapRealVector:sparseIterator:()Ljava/util/Iterator;#809#0 prob_bp = 0.50000000000000080000
org.apache.commons.math.util.OpenIntToDoubleHashMap$Iterator:<init>:(Lorg/apache/commons/math/util/OpenIntToDoubleHashMap;Lorg/apache/commons/math/util/OpenIntToDoubleHashMap$1;)V#491#1 prob_bp = 0.50000000000000080000
org.apache.commons.math.linear.OpenMapRealVector$OpenMapSparseIterator:hasNext:()Z#870#7 prob_bp = 0.50000000000000110000
org.apache.commons.math.linear.OpenMapRealVector$OpenMapSparseIterator:<init>:(Lorg/apache/commons/math/linear/OpenMapRealVector;)V#865#21 prob_bp = 0.50000000000000160000
org.apache.commons.math.linear.OpenMapRealVector$OpenMapSparseIterator:hasNext:()Z#870#1 prob_bp = 0.50000000000000180000
org.apache.commons.math.util.OpenIntToDoubleHashMap$Iterator:value:()D#561#49 prob_bp = 0.50000000000000190000
org.apache.commons.math.util.OpenIntToDoubleHashMap:put:(ID)D#433#91 prob_bp = 0.50000000000000200000
org.apache.commons.math.util.OpenIntToDoubleHashMap$Iterator:value:()D#561#42 prob_bp = 0.50000000000000220000
org.apache.commons.math.util.OpenIntToDoubleHashMap$Iterator:<init>:(Lorg/apache/commons/math/util/OpenIntToDoubleHashMap;)V#508#10 prob_bp = 0.50000000000000260000
org.apache.commons.math.util.OpenIntToDoubleHashMap$Iterator:advance:()V#582#47 prob_bp = 0.50000000000000330000
org.apache.commons.math.util.OpenIntToDoubleHashMap$Iterator:advance:()V#582#33 prob_bp = 0.50000000000000540000
org.apache.commons.math.util.OpenIntToDoubleHashMap$Iterator:<init>:(Lorg/apache/commons/math/util/OpenIntToDoubleHashMap;)V#508#11 prob_bp = 0.50000000000001100000
org.apache.commons.math.util.OpenIntToDoubleHashMap:put:(ID)D#433#92 prob_bp = 0.50000000000001340000
org.apache.commons.math.util.OpenIntToDoubleHashMap$Iterator:advance:()V#582#39 prob_bp = 0.50000000000001630000
org.apache.commons.math.util.OpenIntToDoubleHashMap:hashOf:(I)I#485#9 prob_bp = 0.50000000000001710000
org.apache.commons.math.util.OpenIntToDoubleHashMap:hashOf:(I)I#485#1 prob_bp = 0.50000000000002150000
org.apache.commons.math.util.OpenIntToDoubleHashMap:hashOf:(I)I#485#5 prob_bp = 0.50000000000002150000
org.apache.commons.math.util.OpenIntToDoubleHashMap:hashOf:(I)I#485#4 prob_bp = 0.50000000000003630000
org.apache.commons.math.util.OpenIntToDoubleHashMap:hashOf:(I)I#485#8 prob_bp = 0.50000000000003630000
org.apache.commons.math.util.OpenIntToDoubleHashMap$Iterator:advance:()V#582#40 prob_bp = 0.50000000000004070000
org.apache.commons.math.util.OpenIntToDoubleHashMap:hashOf:(I)I#485#2 prob_bp = 0.50000000000005580000
org.apache.commons.math.util.OpenIntToDoubleHashMap:hashOf:(I)I#485#6 prob_bp = 0.50000000000005580000
org.apache.commons.math.util.OpenIntToDoubleHashMap$Iterator:advance:()V#582#36 prob_bp = 0.50000000000009740000
org.apache.commons.math.util.OpenIntToDoubleHashMap$Iterator:advance:()V#582#41 prob_bp = 0.50000000000014510000
org.apache.commons.math.util.OpenIntToDoubleHashMap$Iterator:<init>:(Lorg/apache/commons/math/util/OpenIntToDoubleHashMap;)V#505#5 prob_bp = 0.50000000000017360000
org.apache.commons.math.util.OpenIntToDoubleHashMap:access$400:(Lorg/apache/commons/math/util/OpenIntToDoubleHashMap;)[B#39#0 prob_bp = 0.50000000000048660000
org.apache.commons.math.util.OpenIntToDoubleHashMap:findInsertionIndex:([I[BII)I#279#0 prob_bp = 0.50000000000065890000
org.apache.commons.math.util.OpenIntToDoubleHashMap$Iterator:<init>:(Lorg/apache/commons/math/util/OpenIntToDoubleHashMap;)V#505#6 prob_bp = 0.50000000000066620000
org.apache.commons.math.util.OpenIntToDoubleHashMap$Iterator:advance:()V#572#4 prob_bp = 0.50000000000104260000
org.apache.commons.math.util.OpenIntToDoubleHashMap:findInsertionIndex:(I)I#266#9 prob_bp = 0.50000000000138720000
org.apache.commons.math.util.OpenIntToDoubleHashMap:access$400:(Lorg/apache/commons/math/util/OpenIntToDoubleHashMap;)[B#39#1 prob_bp = 0.50000000000206020000
org.apache.commons.math.util.OpenIntToDoubleHashMap:findInsertionIndex:([I[BII)I#279#1 prob_bp = 0.50000000000208360000
org.apache.commons.math.util.OpenIntToDoubleHashMap$Iterator:advance:()V#572#5 prob_bp = 0.50000000000263200000
org.apache.commons.math.util.OpenIntToDoubleHashMap:put:(ID)D#433#95 prob_bp = 0.50000000000292270000
org.apache.commons.math.util.OpenIntToDoubleHashMap:put:(ID)D#433#96 prob_bp = 0.50000000000301690000
org.apache.commons.math.util.OpenIntToDoubleHashMap:hashOf:(I)I#486#13 prob_bp = 0.50000000000317250000
org.apache.commons.math.util.OpenIntToDoubleHashMap:hashOf:(I)I#486#14 prob_bp = 0.50000000000365730000
org.apache.commons.math.util.OpenIntToDoubleHashMap:hashOf:(I)I#486#16 prob_bp = 0.50000000000377740000
org.apache.commons.math.util.OpenIntToDoubleHashMap:findInsertionIndex:(I)I#266#10 prob_bp = 0.50000000000502850000
org.apache.commons.math.util.OpenIntToDoubleHashMap:hashOf:(I)I#485#0 prob_bp = 0.50000000000660170000
org.apache.commons.math.util.OpenIntToDoubleHashMap:hashOf:(I)I#486#12 prob_bp = 0.50000000000790530000
org.apache.commons.math.util.OpenIntToDoubleHashMap:hashOf:(I)I#486#17 prob_bp = 0.50000000000939880000
org.apache.commons.math.linear.OpenMapRealVector:<init>:([DD)V#128#10 prob_bp = 0.50000000001106380000
org.apache.commons.math.linear.OpenMapRealVector:<init>:([DD)V#128#19 prob_bp = 0.50000000001150550000
org.apache.commons.math.linear.OpenMapRealVector:<init>:([DD)V#133#52 prob_bp = 0.50000000001239560000
org.apache.commons.math.linear.OpenMapRealVector:<init>:([DD)V#133#53 prob_bp = 0.50000000001333660000
org.apache.commons.math.util.OpenIntToDoubleHashMap:hashOf:(I)I#485#10 prob_bp = 0.50000000002049350000
org.apache.commons.math.util.OpenIntToDoubleHashMap:put:(ID)D#433#90 prob_bp = 0.50000000002294090000
org.apache.commons.math.util.OpenIntToDoubleHashMap$Iterator:advance:()V#582#44 prob_bp = 0.50000000003831350000
org.apache.commons.math.util.OpenIntToDoubleHashMap$Iterator:advance:()V#582#45 prob_bp = 0.50000000003985920000
org.apache.commons.math.util.OpenIntToDoubleHashMap:put:(ID)D#433#97 prob_bp = 0.50000000004981270000
org.apache.commons.math.util.OpenIntToDoubleHashMap$Iterator:<init>:(Lorg/apache/commons/math/util/OpenIntToDoubleHashMap;)V#511#17 prob_bp = 0.50000000005328650000
org.apache.commons.math.util.OpenIntToDoubleHashMap$Iterator:advance:()V#578#25 prob_bp = 0.50000000006525840000
org.apache.commons.math.util.OpenIntToDoubleHashMap$Iterator:<init>:(Lorg/apache/commons/math/util/OpenIntToDoubleHashMap;)V#508#9 prob_bp = 0.50000000007038000000
org.apache.commons.math.linear.OpenMapRealVector:<init>:([DD)V#133#60 prob_bp = 0.50000000007074150000
org.apache.commons.math.util.OpenIntToDoubleHashMap$Iterator:<init>:(Lorg/apache/commons/math/util/OpenIntToDoubleHashMap;)V#511#18 prob_bp = 0.50000000007379490000
org.apache.commons.math.util.OpenIntToDoubleHashMap$Iterator:<init>:(Lorg/apache/commons/math/util/OpenIntToDoubleHashMap;)V#511#19 prob_bp = 0.50000000007528500000
org.apache.commons.math.util.OpenIntToDoubleHashMap$Iterator:advance:()V#578#26 prob_bp = 0.50000000016301700000
org.apache.commons.math.linear.OpenMapRealVector:<init>:([DD)V#128#14 prob_bp = 0.50000000019869530000
org.apache.commons.math.linear.OpenMapRealVector:<init>:([DD)V#128#11 prob_bp = 0.50000000020603200000
org.apache.commons.math.linear.OpenMapRealVector:<init>:([DD)V#128#16 prob_bp = 0.50000000020667960000
org.apache.commons.math.util.OpenIntToDoubleHashMap$Iterator:<init>:(Lorg/apache/commons/math/util/OpenIntToDoubleHashMap;)V#508#14 prob_bp = 0.50000000026971440000
org.apache.commons.math.linear.OpenMapRealVector:<init>:([D)V#117#2 prob_bp = 0.50000000044427180000
org.apache.commons.math.linear.OpenMapRealVector:<init>:([DD)V#129#22 prob_bp = 0.50000000046231370000
org.apache.commons.math.linear.OpenMapRealVector:<init>:([DD)V#129#23 prob_bp = 0.50000000046231550000
org.apache.commons.math.linear.OpenMapRealVector:<init>:([DD)V#132#43 prob_bp = 0.50000000047612900000
org.apache.commons.math.linear.OpenMapRealVector:<init>:([DD)V#129#24 prob_bp = 0.50000000048063830000
org.apache.commons.math.util.OpenIntToDoubleHashMap$Iterator:advance:()V#572#8 prob_bp = 0.50000000048211190000
org.apache.commons.math.util.OpenIntToDoubleHashMap:<init>:(D)V#110#0 prob_bp = 0.50000000048966300000
org.apache.commons.math.linear.OpenMapRealVector:isDefaultValue:(D)Z#205#4 prob_bp = 0.50000000053653070000
org.apache.commons.math.linear.OpenMapRealVector:<init>:([DD)V#131#38 prob_bp = 0.50000000059911080000
org.apache.commons.math.linear.OpenMapRealVector:<init>:([DD)V#131#37 prob_bp = 0.50000000059911950000
org.apache.commons.math.linear.OpenMapRealVector:<init>:([DD)V#131#40 prob_bp = 0.50000000061164600000
org.apache.commons.math.linear.OpenMapRealVector:isDefaultValue:(D)Z#205#5 prob_bp = 0.50000000062207650000
org.apache.commons.math.util.OpenIntToDoubleHashMap:access$400:(Lorg/apache/commons/math/util/OpenIntToDoubleHashMap;)[B#39#4 prob_bp = 0.50000000063191730000
org.apache.commons.math.util.OpenIntToDoubleHashMap$Iterator:advance:()V#582#46 prob_bp = 0.50000000066221480000
org.apache.commons.math.linear.OpenMapRealVector:<init>:([DD)V#131#41 prob_bp = 0.50000000066536960000
org.apache.commons.math.linear.OpenMapRealVector:<init>:([DD)V#132#44 prob_bp = 0.50000000077779860000
org.apache.commons.math.linear.OpenMapRealVector:<init>:([D)V#117#0 prob_bp = 0.50000000100685240000
org.apache.commons.math.util.OpenIntToDoubleHashMap:put:(ID)D#417#0 prob_bp = 0.50000000142304930000
org.apache.commons.math.linear.OpenMapRealVector:isDefaultValue:(D)Z#205#0 prob_bp = 0.50000000150807890000
org.apache.commons.math.linear.OpenMapRealVector:<init>:([DD)V#132#46 prob_bp = 0.50000000150900730000
org.apache.commons.math.util.OpenIntToDoubleHashMap:access$100:(Lorg/apache/commons/math/util/OpenIntToDoubleHashMap;)I#39#0 prob_bp = 0.50000000241437290000
org.apache.commons.math.linear.OpenMapRealVector:isDefaultValue:(D)Z#205#1 prob_bp = 0.50000000255121270000
org.apache.commons.math.util.OpenIntToDoubleHashMap$Iterator:advance:()V#582#50 prob_bp = 0.50000000317517400000
org.apache.commons.math.linear.OpenMapRealVector:isDefaultValue:(D)Z#205#8 prob_bp = 0.50000000476840760000
org.apache.commons.math.util.OpenIntToDoubleHashMap:iterator:()Lorg/apache/commons/math/util/OpenIntToDoubleHashMap$Iterator;#248#9 prob_bp = 0.50000000710466200000
org.apache.commons.math.util.OpenIntToDoubleHashMap$Iterator:advance:()V#578#24 prob_bp = 0.50000000857774650000
org.apache.commons.math.util.OpenIntToDoubleHashMap:hashOf:(I)I#485#11 prob_bp = 0.50000000869030980000
org.apache.commons.math.util.OpenIntToDoubleHashMap:hashOf:(I)I#486#18 prob_bp = 0.50000000922586110000
org.apache.commons.math.util.OpenIntToDoubleHashMap:computeCapacity:(I)I#163#6 prob_bp = 0.50000001018473220000
org.apache.commons.math.util.OpenIntToDoubleHashMap:access$100:(Lorg/apache/commons/math/util/OpenIntToDoubleHashMap;)I#39#1 prob_bp = 0.50000001020101080000
org.apache.commons.math.util.OpenIntToDoubleHashMap:hashOf:(I)I#486#19 prob_bp = 0.50000001061315690000
org.apache.commons.math.util.OpenIntToDoubleHashMap:hashOf:(I)I#486#20 prob_bp = 0.50000001094776410000
org.apache.commons.math.util.OpenIntToDoubleHashMap:computeCapacity:(I)I#163#7 prob_bp = 0.50000001527333000000
org.apache.commons.math.util.OpenIntToDoubleHashMap:findInsertionIndex:(I)I#266#4 prob_bp = 0.50000001923107160000
org.apache.commons.math.util.OpenIntToDoubleHashMap$Iterator:advance:()V#578#29 prob_bp = 0.50000002141160030000
org.apache.commons.math.util.OpenIntToDoubleHashMap$Iterator:advance:()V#572#0 prob_bp = 0.50000002558531290000
org.apache.commons.math.util.OpenIntToDoubleHashMap:hashOf:(I)I#486#21 prob_bp = 0.50000002755571090000
org.apache.commons.math.util.OpenIntToDoubleHashMap:<init>:(ID)V#131#27 prob_bp = 0.50000002944723920000
org.apache.commons.math.util.OpenIntToDoubleHashMap:computeCapacity:(I)I#163#8 prob_bp = 0.50000003390561190000
org.apache.commons.math.util.OpenIntToDoubleHashMap:computeCapacity:(I)I#163#10 prob_bp = 0.50000003523539370000
org.apache.commons.math.util.OpenIntToDoubleHashMap:findInsertionIndex:(I)I#266#16 prob_bp = 0.50000003628417510000
org.apache.commons.math.util.OpenIntToDoubleHashMap:<init>:(ID)V#131#29 prob_bp = 0.50000004326436800000
org.apache.commons.math.util.OpenIntToDoubleHashMap$Iterator:advance:()V#572#1 prob_bp = 0.50000006458786550000
org.apache.commons.math.util.OpenIntToDoubleHashMap:<init>:(ID)V#131#26 prob_bp = 0.50000006711278090000
org.apache.commons.math.util.OpenIntToDoubleHashMap:findInsertionIndex:(I)I#266#5 prob_bp = 0.50000006993174500000
org.apache.commons.math.util.OpenIntToDoubleHashMap:<init>:(ID)V#131#31 prob_bp = 0.50000007248699260000
org.apache.commons.math.util.OpenIntToDoubleHashMap:put:(ID)D#417#5 prob_bp = 0.50000007519151690000
org.apache.commons.math.util.OpenIntToDoubleHashMap:put:(ID)D#420#16 prob_bp = 0.50000015450861530000
org.apache.commons.math.util.OpenIntToDoubleHashMap:put:(ID)D#417#1 prob_bp = 0.50000015872782770000
org.apache.commons.math.util.OpenIntToDoubleHashMap:<init>:(ID)V#133#40 prob_bp = 0.50000023128458180000
org.apache.commons.math.util.OpenIntToDoubleHashMap:put:(ID)D#420#18 prob_bp = 0.50000031988574100000
org.apache.commons.math.util.OpenIntToDoubleHashMap:<init>:(ID)V#133#42 prob_bp = 0.50000033208234260000
org.apache.commons.math.util.OpenIntToDoubleHashMap:<init>:(ID)V#133#43 prob_bp = 0.50000033909670850000
org.apache.commons.math.util.OpenIntToDoubleHashMap:put:(ID)D#417#2 prob_bp = 0.50000034631923530000
org.apache.commons.math.util.OpenIntToDoubleHashMap:iterator:()Lorg/apache/commons/math/util/OpenIntToDoubleHashMap$Iterator;#248#0 prob_bp = 0.50000057158922050000
org.apache.commons.math.util.OpenIntToDoubleHashMap:iterator:()Lorg/apache/commons/math/util/OpenIntToDoubleHashMap$Iterator;#248#3 prob_bp = 0.50000057616919400000
org.apache.commons.math.util.OpenIntToDoubleHashMap:iterator:()Lorg/apache/commons/math/util/OpenIntToDoubleHashMap$Iterator;#248#6 prob_bp = 0.50000059921889830000
org.apache.commons.math.util.OpenIntToDoubleHashMap$Iterator:<init>:(Lorg/apache/commons/math/util/OpenIntToDoubleHashMap;Lorg/apache/commons/math/util/OpenIntToDoubleHashMap$1;)V#491#0 prob_bp = 0.50000064578554640000
org.apache.commons.math.util.OpenIntToDoubleHashMap$Iterator:<init>:(Lorg/apache/commons/math/util/OpenIntToDoubleHashMap;Lorg/apache/commons/math/util/OpenIntToDoubleHashMap$1;)V#491#2 prob_bp = 0.50000073986586660000
org.apache.commons.math.util.OpenIntToDoubleHashMap:<init>:(ID)V#133#39 prob_bp = 0.50000075509965320000
org.apache.commons.math.util.OpenIntToDoubleHashMap$Iterator:advance:()V#582#51 prob_bp = 0.50000078424731210000
org.apache.commons.math.util.OpenIntToDoubleHashMap:<init>:(ID)V#133#44 prob_bp = 0.50000081015531670000
org.apache.commons.math.util.OpenIntToDoubleHashMap$Iterator:advance:()V#582#52 prob_bp = 0.50000081591357370000
org.apache.commons.math.util.OpenIntToDoubleHashMap$Iterator:<init>:(Lorg/apache/commons/math/util/OpenIntToDoubleHashMap;)V#513#22 prob_bp = 0.50000092982827820000
org.apache.commons.math.util.OpenIntToDoubleHashMap:findInsertionIndex:(I)I#266#8 prob_bp = 0.50000101182330070000
org.apache.commons.math.util.OpenIntToDoubleHashMap$Iterator:<init>:(Lorg/apache/commons/math/util/OpenIntToDoubleHashMap;)V#513#23 prob_bp = 0.50000131371931180000
org.apache.commons.math.util.OpenIntToDoubleHashMap$Iterator:advance:()V#587#68 prob_bp = 0.50000208059477640000
org.apache.commons.math.util.OpenIntToDoubleHashMap:put:(ID)D#419#13 prob_bp = 0.50000262461444110000
org.apache.commons.math.util.OpenIntToDoubleHashMap:put:(ID)D#419#14 prob_bp = 0.50000273038114780000
org.apache.commons.math.util.OpenIntToDoubleHashMap:access$100:(Lorg/apache/commons/math/util/OpenIntToDoubleHashMap;)I#39#4 prob_bp = 0.50000313279169170000
org.apache.commons.math.util.OpenIntToDoubleHashMap:put:(ID)D#420#18#unexe#7 prob_bp = 0.50000315660002250000
org.apache.commons.math.util.OpenIntToDoubleHashMap:put:(ID)D#428#64 prob_bp = 0.50000487285456520000
org.apache.commons.math.util.OpenIntToDoubleHashMap$Iterator:advance:()V#587#69 prob_bp = 0.50000519125454710000
org.apache.commons.math.util.OpenIntToDoubleHashMap:findInsertionIndex:([I[BII)I#280#8 prob_bp = 0.50000618004886440000
org.apache.commons.math.util.OpenIntToDoubleHashMap:hashOf:(I)I#486#22 prob_bp = 0.50001039790309730000
org.apache.commons.math.util.OpenIntToDoubleHashMap:findInsertionIndex:([I[BII)I#279#4 prob_bp = 0.50001104994258180000
org.apache.commons.math.util.OpenIntToDoubleHashMap:put:(ID)D#428#66 prob_bp = 0.50001178904888720000
org.apache.commons.math.util.OpenIntToDoubleHashMap:findInsertionIndex:([I[BII)I#280#6 prob_bp = 0.50001311431520880000
org.apache.commons.math.util.OpenIntToDoubleHashMap:<init>:(D)V#110#1 prob_bp = 0.50001351023587370000
org.apache.commons.math.util.OpenIntToDoubleHashMap:<init>:(D)V#110#4 prob_bp = 0.50001378703943510000
org.apache.commons.math.util.OpenIntToDoubleHashMap$Iterator:advance:()V#572#11 prob_bp = 0.50001571642290470000
org.apache.commons.math.util.OpenIntToDoubleHashMap:findInsertionIndex:([I[BII)I#280#9 prob_bp = 0.50001962810895620000
org.apache.commons.math.util.OpenIntToDoubleHashMap:findInsertionIndex:(I)I#266#13 prob_bp = 0.50002165539693220000
org.apache.commons.math.util.OpenIntToDoubleHashMap:computeCapacity:(I)I#164#17 prob_bp = 0.50002720469865910000
org.apache.commons.math.util.OpenIntToDoubleHashMap:computeCapacity:(I)I#163#11 prob_bp = 0.50002930215447670000
org.apache.commons.math.util.OpenIntToDoubleHashMap:computeCapacity:(I)I#163#12 prob_bp = 0.50003159862483960000
org.apache.commons.math.util.OpenIntToDoubleHashMap:computeCapacity:(I)I#164#18 prob_bp = 0.50003495986827680000
org.apache.commons.math.util.OpenIntToDoubleHashMap:computeCapacity:(I)I#163#15 prob_bp = 0.50004060880271300000
org.apache.commons.math.linear.OpenMapRealVector:isDefaultValue:(D)Z#205#9 prob_bp = 0.50004144044553410000
org.apache.commons.math.util.OpenIntToDoubleHashMap:computeCapacity:(I)I#164#21 prob_bp = 0.50006570106074670000
org.apache.commons.math.util.OpenIntToDoubleHashMap:<init>:(ID)V#128#4 prob_bp = 0.50007140579405910000
org.apache.commons.math.util.OpenIntToDoubleHashMap:<init>:(ID)V#128#5 prob_bp = 0.50007688379013140000
org.apache.commons.math.util.OpenIntToDoubleHashMap:findInsertionIndex:([I[BII)I#281#12 prob_bp = 0.50008498815263790000
org.apache.commons.math.util.OpenIntToDoubleHashMap:computeCapacity:(I)I#160#0 prob_bp = 0.50008814320129270000
org.apache.commons.math.util.OpenIntToDoubleHashMap:computeCapacity:(I)I#160#1 prob_bp = 0.50011171610948450000
org.apache.commons.math.util.OpenIntToDoubleHashMap:computeCapacity:(I)I#165#22 prob_bp = 0.50018754038235790000
org.apache.commons.math.linear.OpenMapRealVector:isDefaultValue:(D)Z#205#16 prob_bp = 0.50022365573895950000
org.apache.commons.math.linear.OpenMapRealVector:isDefaultValue:(D)Z#205#17 prob_bp = 0.50023195399370560000
org.apache.commons.math.linear.OpenMapRealVector:<init>:([DD)V#132#49 prob_bp = 0.50024824157978820000
org.apache.commons.math.util.OpenIntToDoubleHashMap:findInsertionIndex:([I[BII)I#281#13 prob_bp = 0.50027126603547860000
org.apache.commons.math.util.OpenIntToDoubleHashMap:findInsertionIndex:([I[BII)I#281#15 prob_bp = 0.50032417972184000000
org.apache.commons.math.util.OpenIntToDoubleHashMap:computeCapacity:(I)I#165#23 prob_bp = 0.50052139162614610000
org.apache.commons.math.util.OpenIntToDoubleHashMap:computeCapacity:(I)I#165#24 prob_bp = 0.50067000967332730000
org.apache.commons.math.util.OpenIntToDoubleHashMap$Iterator:advance:()V#587#72 prob_bp = 0.50125288296736560000
org.apache.commons.math.util.OpenIntToDoubleHashMap:computeCapacity:(I)I#166#27 prob_bp = 0.50327013230830540000
org.apache.commons.math.util.OpenIntToDoubleHashMap:computeCapacity:(I)I#163#16 prob_bp = 0.50353480424984180000
org.apache.commons.math.util.OpenIntToDoubleHashMap:computeCapacity:(I)I#166#28 prob_bp = 0.50376859464242240000
org.apache.commons.math.util.OpenIntToDoubleHashMap:<init>:(ID)V#128#8 prob_bp = 0.50482182935324750000
org.apache.commons.math.util.OpenIntToDoubleHashMap:<init>:(ID)V#130#19 prob_bp = 0.50704731773636460000
org.apache.commons.math.util.OpenIntToDoubleHashMap:<init>:(ID)V#130#21 prob_bp = 0.51175134674709340000
org.apache.commons.math.util.OpenIntToDoubleHashMap:findInsertionIndex:([I[BII)I#281#16 prob_bp = 0.51575693629712920000
org.apache.commons.math.util.OpenIntToDoubleHashMap:<init>:(ID)V#130#18 prob_bp = 0.52006509487455090000
org.apache.commons.math.util.OpenIntToDoubleHashMap:<init>:(ID)V#130#23 prob_bp = 0.52169827524799070000
org.apache.commons.math.util.OpenIntToDoubleHashMap:findInsertionIndex:([I[BII)I#280#10 prob_bp = 0.63933033287255150000
org.apache.commons.math.util.OpenIntToDoubleHashMap:findInsertionIndex:([I[BII)I#282#19 prob_bp = 0.65038983477012380000
org.apache.commons.math.util.OpenIntToDoubleHashMap:findInsertionIndex:([I[BII)I#282#21 prob_bp = 0.67306089699613410000
org.apache.commons.math.linear.OpenMapRealVector:<init>:([DD)V#130#34 prob_bp = 0.93878813951048080000
org.apache.commons.math.linear.OpenMapRealVector:<init>:([DD)V#130#27 prob_bp = 0.99899322748152420000
org.apache.commons.math.linear.OpenMapRealVector:<init>:([D)V#117#1 prob_bp = 0.99934799714236620000
org.apache.commons.math.linear.OpenMapRealVector:<init>:([DD)V#130#28 prob_bp = 0.99951003454288940000
org.apache.commons.math.linear.OpenMapRealVector:<init>:([D)V#117#5 prob_bp = 0.99974905606337690000
org.apache.commons.math.linear.OpenMapRealVector:<init>:([DD)V#130#32 prob_bp = 0.99996840919731560000
org.apache.commons.math.linear.OpenMapRealVector:<init>:([DD)V#130#30 prob_bp = 0.99997027351960210000
org.apache.commons.math.linear.OpenMapRealVector:<init>:([DD)V#130#33 prob_bp = 0.99997027384462510000
org.apache.commons.math.linear.OpenMapRealVector:<init>:([DD)V#130#64 prob_bp = 0.99999994349950820000
org.apache.commons.math.linear.ArrayRealVectorTest:<init>:()V#43#218 prob_bp = 1.00000000000000000000
org.apache.commons.math.linear.ArrayRealVectorTest:<init>:()V#43#219 prob_bp = 1.00000000000000000000
org.apache.commons.math.linear.ArrayRealVectorTest:<init>:()V#43#221 prob_bp = 1.00000000000000000000
org.apache.commons.math.linear.ArrayRealVectorTest:<init>:()V#43#255 prob_bp = 1.00000000000000000000
org.apache.commons.math.linear.ArrayRealVectorTest:testBasicFunctions:()V#1083#24 prob_bp = 1.00000000000000000000
org.apache.commons.math.linear.ArrayRealVectorTest:testBasicFunctions:()V#1083#27 prob_bp = 1.00000000000000000000
org.apache.commons.math.linear.ArrayRealVectorTest:testBasicFunctions:()V#1083#28 prob_bp = 1.00000000000000000000
org.apache.commons.math.linear.ArrayRealVectorTest:testBasicFunctions:()V#1083#29 prob_bp = 1.00000000000000000000
org.apache.commons.math.linear.ArrayRealVectorTest:testBasicFunctions:()V#1083#32 prob_bp = 1.00000000000000000000
org.apache.commons.math.linear.ArrayRealVectorTest:testBasicFunctions:()V#1083#35 prob_bp = 1.00000000000000000000
org.apache.commons.math.linear.ArrayRealVectorTest:testBasicFunctions:()V#1097#108 prob_bp = 1.00000000000000000000
org.apache.commons.math.linear.ArrayRealVectorTest:testBasicFunctions:()V#1097#109 prob_bp = 1.00000000000000000000
org.apache.commons.math.linear.ArrayRealVectorTest:testBasicFunctions:()V#1097#112 prob_bp = 1.00000000000000000000
org.apache.commons.math.linear.ArrayRealVectorTest:testBasicFunctions:()V#1098#114 prob_bp = 1.00000000000000000000
org.apache.commons.math.linear.ArrayRealVectorTest:testBasicFunctions:()V#1098#117 prob_bp = 1.00000000000000000000
org.apache.commons.math.linear.ArrayRealVectorTest:testBasicFunctions:()V#1098#120 prob_bp = 1.00000000000000000000
org.apache.commons.math.linear.ArrayRealVectorTest:testBasicFunctions:()V#1098#123 prob_bp = 1.00000000000000000000
org.apache.commons.math.linear.ArrayRealVectorTest:testBasicFunctions:()V#1098#125 prob_bp = 1.00000000000000000000
org.apache.commons.math.linear.ArrayRealVectorTest:testBasicFunctions:()V#1098#128 prob_bp = 1.00000000000000000000
org.apache.commons.math.linear.SparseRealVectorTest:<init>:()V#39#82 prob_bp = 1.00000000000000000000
org.apache.commons.math.linear.SparseRealVectorTest:<init>:()V#39#83 prob_bp = 1.00000000000000000000
org.apache.commons.math.linear.SparseRealVectorTest:<init>:()V#39#84 prob_bp = 1.00000000000000000000
org.apache.commons.math.linear.SparseRealVectorTest:<init>:()V#39#102 prob_bp = 1.00000000000000000000
org.apache.commons.math.linear.SparseRealVectorTest:<init>:()V#40#105 prob_bp = 1.00000000000000000000
org.apache.commons.math.linear.SparseRealVectorTest:<init>:()V#40#106 prob_bp = 1.00000000000000000000
org.apache.commons.math.linear.SparseRealVectorTest:<init>:()V#40#107 prob_bp = 1.00000000000000000000
org.apache.commons.math.linear.SparseRealVectorTest:<init>:()V#40#127 prob_bp = 1.00000000000000000000
org.apache.commons.math.linear.SparseRealVectorTest:<init>:()V#43#218 prob_bp = 1.00000000000000000000
org.apache.commons.math.linear.SparseRealVectorTest:<init>:()V#43#219 prob_bp = 1.00000000000000000000
org.apache.commons.math.linear.SparseRealVectorTest:<init>:()V#43#221 prob_bp = 1.00000000000000000000
org.apache.commons.math.linear.SparseRealVectorTest:<init>:()V#43#255 prob_bp = 1.00000000000000000000
org.apache.commons.math.linear.SparseRealVectorTest:testBasicFunctions:()V#951#0 prob_bp = 1.00000000000000000000
org.apache.commons.math.linear.SparseRealVectorTest:testBasicFunctions:()V#951#3 prob_bp = 1.00000000000000000000
org.apache.commons.math.linear.SparseRealVectorTest:testBasicFunctions:()V#951#4 prob_bp = 1.00000000000000000000
org.apache.commons.math.linear.SparseRealVectorTest:testBasicFunctions:()V#951#5 prob_bp = 1.00000000000000000000
org.apache.commons.math.linear.SparseRealVectorTest:testBasicFunctions:()V#951#8 prob_bp = 1.00000000000000000000
org.apache.commons.math.linear.SparseRealVectorTest:testBasicFunctions:()V#952#12 prob_bp = 1.00000000000000000000
org.apache.commons.math.linear.SparseRealVectorTest:testBasicFunctions:()V#952#15 prob_bp = 1.00000000000000000000
org.apache.commons.math.linear.SparseRealVectorTest:testBasicFunctions:()V#952#16 prob_bp = 1.00000000000000000000
org.apache.commons.math.linear.SparseRealVectorTest:testBasicFunctions:()V#952#17 prob_bp = 1.00000000000000000000
org.apache.commons.math.linear.SparseRealVectorTest:testBasicFunctions:()V#952#20 prob_bp = 1.00000000000000000000
org.apache.commons.math.linear.SparseRealVectorTest:testBasicFunctions:()V#953#24 prob_bp = 1.00000000000000000000
org.apache.commons.math.linear.SparseRealVectorTest:testBasicFunctions:()V#953#27 prob_bp = 1.00000000000000000000
org.apache.commons.math.linear.SparseRealVectorTest:testBasicFunctions:()V#953#28 prob_bp = 1.00000000000000000000
org.apache.commons.math.linear.SparseRealVectorTest:testBasicFunctions:()V#953#29 prob_bp = 1.00000000000000000000
org.apache.commons.math.linear.SparseRealVectorTest:testBasicFunctions:()V#953#32 prob_bp = 1.00000000000000000000
org.apache.commons.math.linear.SparseRealVectorTest:testBasicFunctions:()V#953#35 prob_bp = 1.00000000000000000000
org.apache.commons.math.linear.SparseRealVectorTest:testBasicFunctions:()V#959#62 prob_bp = 1.00000000000000000000
org.apache.commons.math.linear.SparseRealVectorTest:testBasicFunctions:()V#959#63 prob_bp = 1.00000000000000000000
org.apache.commons.math.linear.SparseRealVectorTest:testBasicFunctions:()V#963#84 prob_bp = 1.00000000000000000000
org.apache.commons.math.linear.SparseRealVectorTest:testBasicFunctions:()V#963#85 prob_bp = 1.00000000000000000000
org.apache.commons.math.linear.SparseRealVectorTest:testBasicFunctions:()V#967#106 prob_bp = 1.00000000000000000000
org.apache.commons.math.linear.SparseRealVectorTest:testBasicFunctions:()V#967#107 prob_bp = 1.00000000000000000000
org.apache.commons.math.linear.SparseRealVectorTest:testBasicFunctions:()V#967#110 prob_bp = 1.00000000000000000000
org.apache.commons.math.linear.SparseRealVectorTest:testBasicFunctions:()V#968#112 prob_bp = 1.00000000000000000000
org.apache.commons.math.linear.SparseRealVectorTest:testBasicFunctions:()V#968#114 prob_bp = 1.00000000000000000000
org.apache.commons.math.linear.SparseRealVectorTest:testBasicFunctions:()V#968#117 prob_bp = 1.00000000000000000000
org.apache.commons.math.linear.SparseRealVectorTest:testBasicFunctions:()V#968#120 prob_bp = 1.00000000000000000000
org.apache.commons.math.linear.SparseRealVectorTest:testBasicFunctions:()V#968#122 prob_bp = 1.00000000000000000000
org.apache.commons.math.linear.SparseRealVectorTest:testBasicFunctions:()V#968#125 prob_bp = 1.00000000000000000000
Belief propagation time : 194.365000s
