Belief propagation time: 100

Probabilities: 
Vars:9677
Stmts:1341
org.apache.commons.math.stat.Frequency:getPct:(Ljava/lang/Object;)D#303#8 prob_bp = 0.49902545570658674000
org.apache.commons.math.stat.Frequency:getCount:(Ljava/lang/Comparable;)J#244#4 prob_bp = 0.49999156253448320000
org.apache.commons.math.stat.Frequency:getCount:(Ljava/lang/Comparable;)J#244#1 prob_bp = 0.49999764450692480000
org.apache.commons.math.stat.Frequency:getCount:(Ljava/lang/Comparable;)J#244#0 prob_bp = 0.49999933950365200000
org.apache.commons.math.stat.Frequency:getPct:(Ljava/lang/Comparable;)D#320#17 prob_bp = 0.49999981175591410000
org.apache.commons.math.stat.Frequency:getPct:(Ljava/lang/Comparable;)D#320#16 prob_bp = 0.49999994347803056000
org.apache.commons.math.stat.Frequency:getPct:(J)D#342#5 prob_bp = 0.49999998011758884000
org.apache.commons.math.stat.Frequency:getPct:(J)D#342#2 prob_bp = 0.49999998951999770000
org.apache.commons.math.stat.Frequency:getPct:(J)D#342#1 prob_bp = 0.49999999185666940000
org.apache.commons.math.stat.Frequency:getCumFreq:(Ljava/lang/Comparable;)J#386#29 prob_bp = 0.49999999753855745000
org.apache.commons.math.stat.Frequency:getCumFreq:(J)J#444#8 prob_bp = 0.49999999939514217000
org.apache.commons.math.stat.Frequency:getCumFreq:(J)J#444#2 prob_bp = 0.49999999999837663000
org.apache.commons.math.stat.Frequency:getCumFreq:(J)J#444#1 prob_bp = 0.49999999999959666000
org.apache.commons.math.stat.Frequency:getPct:(I)D#331#6 prob_bp = 0.49999999999962050000
org.apache.commons.math.stat.Frequency:getPct:(I)D#331#3 prob_bp = 0.49999999999964760000
org.apache.commons.math.stat.Frequency:getPct:(I)D#331#2 prob_bp = 0.49999999999966120000
org.apache.commons.math.stat.Frequency:getPct:(I)D#331#1 prob_bp = 0.49999999999966793000
org.apache.commons.math.stat.Frequency:getCumFreq:(Ljava/lang/Comparable;)J#386#23 prob_bp = 0.49999999999997500000
org.apache.commons.math.stat.Frequency:getCumFreq:(Ljava/lang/Comparable;)J#386#20 prob_bp = 0.49999999999999380000
org.apache.commons.math.stat.Frequency:getCumFreq:(Ljava/lang/Comparable;)J#386#19 prob_bp = 0.49999999999999840000
org.apache.commons.math.stat.Frequency:getPct:(Ljava/lang/Object;)D#303#5 prob_bp = 0.49999999999999933000
org.apache.commons.math.stat.Frequency:getPct:(Ljava/lang/Object;)D#303#1 prob_bp = 0.49999999999999967000
org.apache.commons.math.stat.Frequency:getPct:(Ljava/lang/Object;)D#303#2 prob_bp = 0.49999999999999967000
org.apache.commons.math.stat.Frequency:addValue:(J)V#177#0 prob_bp = 0.49999999999999990000
org.apache.commons.math.stat.Frequency:addValue:(J)V#177#2 prob_bp = 0.50000000000000000000
org.apache.commons.math.stat.Frequency:getPct:(J)D#342#0 prob_bp = 0.50000000000000000000
org.apache.commons.math.stat.Frequency:getPct:(Ljava/lang/Object;)D#303#0 prob_bp = 0.50000000000000000000
org.apache.commons.math.stat.Frequency:getPct:(I)D#331#0 prob_bp = 0.50000000000000010000
org.apache.commons.math.stat.Frequency:addValue:(J)V#177#1 prob_bp = 0.50000000000000020000
org.apache.commons.math.stat.Frequency:getCumFreq:(Ljava/lang/Comparable;)J#403#86 prob_bp = 0.50000000000000060000
org.apache.commons.math.stat.Frequency:addValue:(J)V#177#5 prob_bp = 0.50000000000000080000
org.apache.commons.math.stat.Frequency:getCumFreq:(Ljava/lang/Comparable;)J#382#0 prob_bp = 0.50000000000000120000
org.apache.commons.math.stat.Frequency:getCumFreq:(Ljava/lang/Comparable;)J#382#1 prob_bp = 0.50000000000000200000
org.apache.commons.math.stat.Frequency:getCumFreq:(Ljava/lang/Comparable;)J#403#87 prob_bp = 0.50000000000000260000
org.apache.commons.math.stat.Frequency:getSumFreq:()J#218#25 prob_bp = 0.50000000000000680000
org.apache.commons.math.stat.Frequency:getPct:(Ljava/lang/Comparable;)D#316#0 prob_bp = 0.50000000000000990000
org.apache.commons.math.stat.Frequency:getPct:(Ljava/lang/Comparable;)D#316#1 prob_bp = 0.50000000000001150000
org.apache.commons.math.stat.Frequency:getSumFreq:()J#218#26 prob_bp = 0.50000000000002200000
org.apache.commons.math.stat.Frequency:getCumFreq:(Ljava/lang/Comparable;)J#407#105 prob_bp = 0.50000000000007380000
org.apache.commons.math.stat.Frequency:getCumFreq:(Ljava/lang/Comparable;)J#407#106 prob_bp = 0.50000000000023170000
org.apache.commons.math.stat.Frequency:getCumFreq:(Ljava/lang/Comparable;)J#403#90 prob_bp = 0.50000000000025570000
org.apache.commons.math.stat.Frequency:getCumFreq:(Ljava/lang/Comparable;)J#408#120 prob_bp = 0.50000000000025900000
org.apache.commons.math.stat.Frequency:getCumFreq:(Ljava/lang/Comparable;)J#403#85 prob_bp = 0.50000000000035920000
org.apache.commons.math.stat.Frequency:getCumFreq:(Ljava/lang/Comparable;)J#408#121 prob_bp = 0.50000000000063020000
org.apache.commons.math.stat.Frequency:getCumPct:(Ljava/lang/Comparable;)D#495#15 prob_bp = 0.50000000000065850000
org.apache.commons.math.stat.Frequency:getCumFreq:(Ljava/lang/Comparable;)J#386#18 prob_bp = 0.50000000000130800000
org.apache.commons.math.stat.Frequency:getCumFreq:(Ljava/lang/Comparable;)J#407#109 prob_bp = 0.50000000000146450000
org.apache.commons.math.stat.Frequency:getCumFreq:(Ljava/lang/Comparable;)J#407#104 prob_bp = 0.50000000000173150000
org.apache.commons.math.stat.Frequency:getSumFreq:()J#218#31 prob_bp = 0.50000000000186710000
org.apache.commons.math.stat.Frequency:getCumFreq:(Ljava/lang/Comparable;)J#403#93 prob_bp = 0.50000000000265090000
org.apache.commons.math.stat.Frequency:getCumFreq:(Ljava/lang/Comparable;)J#386#26 prob_bp = 0.50000000000339740000
org.apache.commons.math.stat.Frequency:getCumPct:(Ljava/lang/Comparable;)D#491#0 prob_bp = 0.50000000000452820000
org.apache.commons.math.stat.Frequency:getCumPct:(Ljava/lang/Comparable;)D#491#1 prob_bp = 0.50000000000507970000
org.apache.commons.math.stat.Frequency:getSumFreq:()J#216#2 prob_bp = 0.50000000000824780000
org.apache.commons.math.stat.Frequency:getSumFreq:()J#218#34 prob_bp = 0.50000000000936270000
org.apache.commons.math.stat.Frequency:getSumFreq:()J#218#24 prob_bp = 0.50000000000942720000
org.apache.commons.math.stat.Frequency:getCumFreq:(J)J#444#0 prob_bp = 0.50000000001230730000
org.apache.commons.math.stat.Frequency:getCumFreq:(Ljava/lang/Comparable;)J#407#112 prob_bp = 0.50000000001308100000
org.apache.commons.math.stat.Frequency:getSumFreq:()J#216#3 prob_bp = 0.50000000001543750000
org.apache.commons.math.stat.Frequency:getSumFreq:()J#218#37 prob_bp = 0.50000000003957160000
org.apache.commons.math.stat.Frequency:getCumFreq:(J)J#444#5 prob_bp = 0.50000000004121930000
org.apache.commons.math.stat.Frequency$NaturalComparator:compare:(Ljava/lang/Object;Ljava/lang/Object;)I#541#5 prob_bp = 0.50000000004491550000
org.apache.commons.math.stat.Frequency$NaturalComparator:compare:(Ljava/lang/Object;Ljava/lang/Object;)I#541#1 prob_bp = 0.50000000004529700000
org.apache.commons.math.stat.Frequency:getSumFreq:()J#216#6 prob_bp = 0.50000000013888900000
org.apache.commons.math.stat.Frequency$NaturalComparator:compare:(Ljava/lang/Object;Ljava/lang/Object;)I#541#6 prob_bp = 0.50000000018101640000
org.apache.commons.math.stat.Frequency$NaturalComparator:compare:(Ljava/lang/Object;Ljava/lang/Object;)I#541#2 prob_bp = 0.50000000018139410000
org.apache.commons.math.stat.Frequency:getSumFreq:()J#216#9 prob_bp = 0.50000000041171610000
org.apache.commons.math.stat.Frequency:getCumPct:(Ljava/lang/Comparable;)D#495#16 prob_bp = 0.50000000048918000000
org.apache.commons.math.stat.Frequency:getSumFreq:()J#216#14 prob_bp = 0.50000000103583020000
org.apache.commons.math.stat.Frequency$NaturalComparator:compare:(Ljava/lang/Object;Ljava/lang/Object;)I#541#9 prob_bp = 0.50000000145446130000
org.apache.commons.math.stat.Frequency:getCumPct:(Ljava/lang/Comparable;)D#495#17 prob_bp = 0.50000000162845220000
org.apache.commons.math.stat.Frequency:getSumFreq:()J#217#15 prob_bp = 0.50000000252646650000
org.apache.commons.math.stat.Frequency$NaturalComparator:compare:(Ljava/lang/Comparable;Ljava/lang/Comparable;)I#561#1 prob_bp = 0.50000000291773060000
org.apache.commons.math.stat.Frequency$NaturalComparator:compare:(Ljava/lang/Comparable;Ljava/lang/Comparable;)I#561#0 prob_bp = 0.50000000291801770000
org.apache.commons.math.stat.Frequency:getCumFreq:(Ljava/lang/Comparable;)J#385#11 prob_bp = 0.50000000562087310000
org.apache.commons.math.stat.Frequency:getSumFreq:()J#217#16 prob_bp = 0.50000000626862160000
org.apache.commons.math.stat.Frequency:getSumFreq:()J#218#38 prob_bp = 0.50000000931398150000
org.apache.commons.math.stat.Frequency$NaturalComparator:compare:(Ljava/lang/Comparable;Ljava/lang/Comparable;)I#561#2 prob_bp = 0.50000001170670640000
org.apache.commons.math.stat.Frequency:getSumFreq:()J#217#21 prob_bp = 0.50000001679581230000
org.apache.commons.math.stat.Frequency:getCumFreq:(Ljava/lang/Comparable;)J#385#12 prob_bp = 0.50000001976036610000
org.apache.commons.math.stat.Frequency:getCumFreq:(Ljava/lang/Comparable;)J#382#4 prob_bp = 0.50000002268952580000
org.apache.commons.math.stat.Frequency:getCumFreq:(Ljava/lang/Comparable;)J#382#5 prob_bp = 0.50000002351156990000
org.apache.commons.math.stat.Frequency:getCumFreq:(Ljava/lang/Comparable;)J#385#15 prob_bp = 0.50000006973362320000
org.apache.commons.math.stat.Frequency:getPct:(Ljava/lang/Comparable;)D#316#4 prob_bp = 0.50000013181878790000
org.apache.commons.math.stat.Frequency:getPct:(Ljava/lang/Comparable;)D#317#5 prob_bp = 0.50000043212939520000
org.apache.commons.math.stat.Frequency:getPct:(Ljava/lang/Comparable;)D#317#6 prob_bp = 0.50000144124712960000
org.apache.commons.math.stat.Frequency:getPct:(Ljava/lang/Comparable;)D#317#7 prob_bp = 0.50000149211766810000
org.apache.commons.math.stat.Frequency:getSumFreq:()J#215#0 prob_bp = 0.50000170196232500000
org.apache.commons.math.stat.Frequency:getSumFreq:()J#215#1 prob_bp = 0.50000175651349570000
org.apache.commons.math.stat.Frequency:getSumFreq:()J#217#21#unexe#1 prob_bp = 0.50000297971915240000
org.apache.commons.math.stat.Frequency:getSumFreq:()J#220#42 prob_bp = 0.50000586950314000000
org.apache.commons.math.stat.Frequency:getCumPct:(Ljava/lang/Comparable;)D#495#21 prob_bp = 0.50001338174632150000
org.apache.commons.math.stat.Frequency:getSumFreq:()J#220#43 prob_bp = 0.50001338740797000000
org.apache.commons.math.stat.Frequency:getCumFreq:(Ljava/lang/Comparable;)J#403#98 prob_bp = 0.50001366363715380000
org.apache.commons.math.stat.Frequency:getCumPct:(Ljava/lang/Comparable;)D#491#4 prob_bp = 0.50001531429226860000
org.apache.commons.math.stat.Frequency:getCumFreq:(Ljava/lang/Comparable;)J#408#124 prob_bp = 0.50001712560293950000
org.apache.commons.math.stat.Frequency:getCumFreq:(Ljava/lang/Comparable;)J#382#6 prob_bp = 0.50001944571763220000
org.apache.commons.math.stat.Frequency:getCumPct:(Ljava/lang/Comparable;)D#495#22 prob_bp = 0.50003388147349130000
org.apache.commons.math.stat.Frequency:getCumPct:(Ljava/lang/Comparable;)D#492#5 prob_bp = 0.50003495050378510000
org.apache.commons.math.stat.Frequency:getCumPct:(Ljava/lang/Comparable;)D#495#20 prob_bp = 0.50003639157505660000
org.apache.commons.math.stat.Frequency:getCumPct:(Ljava/lang/Comparable;)D#495#23 prob_bp = 0.50007565159973830000
org.apache.commons.math.stat.Frequency:getCumPct:(Ljava/lang/Comparable;)D#492#6 prob_bp = 0.50010531161507280000
org.apache.commons.math.stat.Frequency:getCumPct:(Ljava/lang/Comparable;)D#492#7 prob_bp = 0.50010869561532780000
org.apache.commons.math.stat.Frequency$NaturalComparator:compare:(Ljava/lang/Comparable;Ljava/lang/Comparable;)I#561#7 prob_bp = 0.50023248102317200000
org.apache.commons.math.stat.Frequency$NaturalComparator:compare:(Ljava/lang/Object;Ljava/lang/Object;)I#541#12 prob_bp = 0.50116316886095410000
org.apache.commons.math.stat.Frequency:getPct:(Ljava/lang/Comparable;)D#317#8 prob_bp = 0.50126361496210900000
org.apache.commons.math.stat.Frequency:getCumFreq:(Ljava/lang/Comparable;)J#407#117 prob_bp = 0.50323591916115910000
org.apache.commons.math.stat.Frequency:addValue:(Ljava/lang/Comparable;)V#134#2 prob_bp = 0.52310284024703700000
org.apache.commons.math.stat.Frequency:addValue:(Ljava/lang/Comparable;)V#134#3 prob_bp = 0.52399884894853580000
org.apache.commons.math.stat.Frequency:addValue:(Ljava/lang/Comparable;)V#134#6 prob_bp = 0.52575567291865650000
org.apache.commons.math.stat.Frequency:getCumPct:(Ljava/lang/Comparable;)D#492#8 prob_bp = 0.57125578855294780000
org.apache.commons.math.stat.Frequency:addValue:(Ljava/lang/Comparable;)V#139#32 prob_bp = 0.65464265965767620000
org.apache.commons.math.stat.Frequency:addValue:(Ljava/lang/Comparable;)V#139#33 prob_bp = 0.65785136495800290000
org.apache.commons.math.stat.Frequency:addValue:(I)V#158#1 prob_bp = 0.73344297149154010000
org.apache.commons.math.stat.Frequency:addValue:(I)V#158#2 prob_bp = 0.73786126258676050000
org.apache.commons.math.stat.Frequency:addValue:(I)V#158#3 prob_bp = 0.74464892178420340000
org.apache.commons.math.stat.Frequency:addValue:(Ljava/lang/Comparable;)V#133#0 prob_bp = 0.76285704154839150000
org.apache.commons.math.stat.Frequency:addValue:(Ljava/lang/Comparable;)V#133#1 prob_bp = 0.78117590181362280000
org.apache.commons.math.stat.Frequency:addValue:(Ljava/lang/Comparable;)V#138#24 prob_bp = 0.78622605550240310000
org.apache.commons.math.stat.Frequency:addValue:(Ljava/lang/Comparable;)V#138#20 prob_bp = 0.78689387171055820000
org.apache.commons.math.stat.Frequency:addValue:(Ljava/lang/Comparable;)V#138#21 prob_bp = 0.79176190678354640000
org.apache.commons.math.stat.Frequency:addValue:(Ljava/lang/Comparable;)V#138#25 prob_bp = 0.79891744328346770000
org.apache.commons.math.stat.Frequency:addValue:(Ljava/lang/Comparable;)V#134#6#unexe#2 prob_bp = 0.81296815391405710000
org.apache.commons.math.stat.Frequency:addValue:(Ljava/lang/Comparable;)V#138#28 prob_bp = 0.84142914757237120000
org.apache.commons.math.stat.Frequency:addValue:(Ljava/lang/Comparable;)V#138#31 prob_bp = 0.89712161895399830000
org.apache.commons.math.stat.Frequency:getCumPct:(Ljava/lang/Comparable;)D#495#24 prob_bp = 0.93787390698614200000
org.apache.commons.math.stat.Frequency:addValue:(Ljava/lang/Comparable;)V#142#57 prob_bp = 0.95819146278563890000
org.apache.commons.math.stat.Frequency:addValue:(I)V#158#0 prob_bp = 0.97268811255383510000
org.apache.commons.math.stat.Frequency:addValue:(I)V#158#6 prob_bp = 0.98801967970862100000
org.apache.commons.math.stat.Frequency:<init>:()V#60#4 prob_bp = 0.99883320644497360000
org.apache.commons.math.stat.Frequency:<init>:()V#60#5 prob_bp = 0.99883320644497410000
org.apache.commons.math.stat.Frequency:<init>:()V#60#12 prob_bp = 0.99940594612988450000
org.apache.commons.math.stat.Frequency:addValue:(Ljava/lang/Comparable;)V#142#58 prob_bp = 0.99997139091753530000
org.apache.commons.math.stat.FrequencyTest:<init>:(Ljava/lang/String;)V#39#17 prob_bp = 1.00000000000000000000
org.apache.commons.math.stat.FrequencyTest:<init>:(Ljava/lang/String;)V#39#18 prob_bp = 1.00000000000000000000
org.apache.commons.math.stat.FrequencyTest:<init>:(Ljava/lang/String;)V#39#21 prob_bp = 1.00000000000000000000
org.apache.commons.math.stat.FrequencyTest:<init>:(Ljava/lang/String;)V#40#24 prob_bp = 1.00000000000000000000
org.apache.commons.math.stat.FrequencyTest:<init>:(Ljava/lang/String;)V#40#25 prob_bp = 1.00000000000000000000
org.apache.commons.math.stat.FrequencyTest:<init>:(Ljava/lang/String;)V#40#26 prob_bp = 1.00000000000000000000
org.apache.commons.math.stat.FrequencyTest:<init>:(Ljava/lang/String;)V#41#29 prob_bp = 1.00000000000000000000
org.apache.commons.math.stat.FrequencyTest:<init>:(Ljava/lang/String;)V#41#30 prob_bp = 1.00000000000000000000
org.apache.commons.math.stat.FrequencyTest:<init>:(Ljava/lang/String;)V#41#31 prob_bp = 1.00000000000000000000
org.apache.commons.math.stat.FrequencyTest:<init>:(Ljava/lang/String;)V#42#34 prob_bp = 1.00000000000000000000
org.apache.commons.math.stat.FrequencyTest:<init>:(Ljava/lang/String;)V#42#35 prob_bp = 1.00000000000000000000
org.apache.commons.math.stat.FrequencyTest:<init>:(Ljava/lang/String;)V#42#36 prob_bp = 1.00000000000000000000
org.apache.commons.math.stat.FrequencyTest:<init>:(Ljava/lang/String;)V#43#39 prob_bp = 1.00000000000000000000
org.apache.commons.math.stat.FrequencyTest:<init>:(Ljava/lang/String;)V#43#40 prob_bp = 1.00000000000000000000
org.apache.commons.math.stat.FrequencyTest:<init>:(Ljava/lang/String;)V#43#43 prob_bp = 1.00000000000000000000
org.apache.commons.math.stat.FrequencyTest:setUp:()V#52#0 prob_bp = 1.00000000000000000000
org.apache.commons.math.stat.FrequencyTest:setUp:()V#52#1 prob_bp = 1.00000000000000000000
org.apache.commons.math.stat.FrequencyTest:setUp:()V#52#4 prob_bp = 1.00000000000000000000
org.apache.commons.math.stat.FrequencyTest:setUp:()V#52#5 prob_bp = 1.00000000000000000000
org.apache.commons.math.stat.FrequencyTest:setUp:()V#52#8 prob_bp = 1.00000000000000000000
org.apache.commons.math.stat.FrequencyTest:testPcts:()V#138#22 prob_bp = 1.00000000000000000000
org.apache.commons.math.stat.FrequencyTest:testPcts:()V#138#23 prob_bp = 1.00000000000000000000
org.apache.commons.math.stat.FrequencyTest:testPcts:()V#138#26 prob_bp = 1.00000000000000000000
org.apache.commons.math.stat.FrequencyTest:testPcts:()V#138#27 prob_bp = 1.00000000000000000000
org.apache.commons.math.stat.FrequencyTest:testPcts:()V#138#30 prob_bp = 1.00000000000000000000
org.apache.commons.math.stat.FrequencyTest:testPcts:()V#139#33 prob_bp = 1.00000000000000000000
org.apache.commons.math.stat.FrequencyTest:testPcts:()V#139#34 prob_bp = 1.00000000000000000000
org.apache.commons.math.stat.FrequencyTest:testPcts:()V#139#37 prob_bp = 1.00000000000000000000
org.apache.commons.math.stat.FrequencyTest:testPcts:()V#139#38 prob_bp = 1.00000000000000000000
org.apache.commons.math.stat.FrequencyTest:testPcts:()V#139#41 prob_bp = 1.00000000000000000000
org.apache.commons.math.stat.FrequencyTest:testPcts:()V#141#55 prob_bp = 1.00000000000000000000
org.apache.commons.math.stat.FrequencyTest:testPcts:()V#141#56 prob_bp = 1.00000000000000000000
org.apache.commons.math.stat.FrequencyTest:testPcts:()V#141#59 prob_bp = 1.00000000000000000000
org.apache.commons.math.stat.FrequencyTest:testPcts:()V#141#60 prob_bp = 1.00000000000000000000
org.apache.commons.math.stat.FrequencyTest:testPcts:()V#141#63 prob_bp = 1.00000000000000000000
org.apache.commons.math.stat.FrequencyTest:testPcts:()V#143#74 prob_bp = 1.00000000000000000000
org.apache.commons.math.stat.FrequencyTest:testPcts:()V#143#75 prob_bp = 1.00000000000000000000
org.apache.commons.math.stat.FrequencyTest:testPcts:()V#143#78 prob_bp = 1.00000000000000000000
org.apache.commons.math.stat.FrequencyTest:testPcts:()V#143#79 prob_bp = 1.00000000000000000000
org.apache.commons.math.stat.FrequencyTest:testPcts:()V#143#82 prob_bp = 1.00000000000000000000
org.apache.commons.math.stat.FrequencyTest:testPcts:()V#144#90 prob_bp = 1.00000000000000000000
org.apache.commons.math.stat.FrequencyTest:testPcts:()V#144#91 prob_bp = 1.00000000000000000000
org.apache.commons.math.stat.FrequencyTest:testPcts:()V#144#94 prob_bp = 1.00000000000000000000
org.apache.commons.math.stat.FrequencyTest:testPcts:()V#144#95 prob_bp = 1.00000000000000000000
org.apache.commons.math.stat.FrequencyTest:testPcts:()V#145#110 prob_bp = 1.00000000000000000000
org.apache.commons.math.stat.FrequencyTest:testPcts:()V#145#111 prob_bp = 1.00000000000000000000
org.apache.commons.math.stat.FrequencyTest:testPcts:()V#145#114 prob_bp = 1.00000000000000000000
org.apache.commons.math.stat.FrequencyTest:testPcts:()V#145#117 prob_bp = 1.00000000000000000000
org.apache.commons.math.stat.FrequencyTest:testPcts:()V#145#120 prob_bp = 1.00000000000000000000
org.apache.commons.math.stat.FrequencyTest:testPcts:()V#146#135 prob_bp = 1.00000000000000000000
org.apache.commons.math.stat.FrequencyTest:testPcts:()V#146#136 prob_bp = 1.00000000000000000000
org.apache.commons.math.stat.FrequencyTest:testPcts:()V#146#139 prob_bp = 1.00000000000000000000
org.apache.commons.math.stat.FrequencyTest:testPcts:()V#146#140 prob_bp = 1.00000000000000000000
org.apache.commons.math.stat.FrequencyTest:testPcts:()V#146#143 prob_bp = 1.00000000000000000000
org.apache.commons.math.stat.FrequencyTest:testPcts:()V#148#153 prob_bp = 1.00000000000000000000
org.apache.commons.math.stat.FrequencyTest:testPcts:()V#148#155 prob_bp = 1.00000000000000000000
org.apache.commons.math.stat.FrequencyTest:testPcts:()V#148#158 prob_bp = 1.00000000000000000000
org.apache.commons.math.stat.FrequencyTest:testPcts:()V#148#159 prob_bp = 1.00000000000000000000
org.apache.commons.math.stat.FrequencyTest:testPcts:()V#148#162 prob_bp = 1.00000000000000000000
org.apache.commons.math.stat.FrequencyTest:testPcts:()V#148#163 prob_bp = 1.00000000000000000000
org.apache.commons.math.stat.FrequencyTest:testPcts:()V#148#166 prob_bp = 1.00000000000000000000
org.apache.commons.math.stat.FrequencyTest:testPcts:()V#148#169 prob_bp = 1.00000000000000000000
org.apache.commons.math.stat.FrequencyTest:testPcts:()V#148#170 prob_bp = 1.00000000000000000000
org.apache.commons.math.stat.FrequencyTest:testPcts:()V#148#173 prob_bp = 1.00000000000000000000
Belief propagation time : 6.000000s
