Belief propagation time: 45

Probabilities: 
Vars:6744
Stmts:3060
org.apache.commons.math.util.MathUtils:gcd:(II)I#413#15 prob_bp = 0.49967948521264977000
org.apache.commons.math.util.MathUtils:gcd:(II)I#413#14 prob_bp = 0.49999377716002450000
org.apache.commons.math.util.MathUtils:gcd:(II)I#412#3 prob_bp = 0.49999459519145634000
org.apache.commons.math.util.MathUtils:gcd:(II)I#413#11 prob_bp = 0.49999597617415087000
org.apache.commons.math.util.MathUtils:gcd:(II)I#413#7 prob_bp = 0.49999597617415100000
org.apache.commons.math.util.MathUtils:gcd:(II)I#413#6 prob_bp = 0.49999651987530785000
org.apache.commons.math.util.MathUtils:gcd:(II)I#413#10 prob_bp = 0.49999651987530797000
org.apache.commons.math.util.MathUtils:gcd:(II)I#412#2 prob_bp = 0.49999935084170700000
org.apache.commons.math.util.MathUtils:gcd:(II)I#412#0 prob_bp = 0.49999943839632843000
org.apache.commons.math.util.MathUtils:gcd:(II)I#412#1 prob_bp = 0.49999943839632865000
org.apache.commons.math.util.MathUtils:gcd:(II)I#428#41#unexe#2 prob_bp = 0.49999985213729620000
org.apache.commons.math.util.MathUtils:gcd:(II)I#428#41 prob_bp = 0.49999998173410315000
org.apache.commons.math.util.MathUtils:gcd:(II)I#428#40 prob_bp = 0.49999999996672323000
org.apache.commons.math.util.MathUtils:gcd:(II)I#428#39 prob_bp = 0.49999999996787650000
org.apache.commons.math.util.MathUtils:gcd:(II)I#428#38 prob_bp = 0.49999999998152710000
org.apache.commons.math.util.MathUtils:gcd:(II)I#423#24#unexe#1 prob_bp = 0.49999999998565076000
org.apache.commons.math.util.MathUtils:gcd:(II)I#420#17#unexe#0 prob_bp = 0.49999999999927003000
org.apache.commons.math.util.MathUtils:gcd:(II)I#423#24 prob_bp = 0.49999999999984174000
org.apache.commons.math.util.MathUtils:gcd:(II)I#423#23 prob_bp = 0.49999999999987750000
org.apache.commons.math.util.MathUtils:gcd:(II)I#420#16 prob_bp = 0.49999999999992445000
org.apache.commons.math.util.MathUtils:gcd:(II)I#420#17 prob_bp = 0.49999999999993700000
org.apache.commons.math.util.MathUtils:gcd:(II)I#428#44 prob_bp = 0.49999999999999994000
org.apache.commons.math.util.MathUtils:gcd:(II)I#428#47 prob_bp = 0.49999999999999994000
org.apache.commons.math.util.MathUtils:gcd:(II)I#430#50 prob_bp = 0.49999999999999994000
org.apache.commons.math.util.MathUtils:gcd:(II)I#430#52 prob_bp = 0.49999999999999994000
org.apache.commons.math.util.MathUtils:gcd:(II)I#430#53 prob_bp = 0.49999999999999994000
org.apache.commons.math.util.MathUtils:gcd:(II)I#424#27 prob_bp = 0.50000000000000000000
org.apache.commons.math.util.MathUtils:gcd:(II)I#424#29 prob_bp = 0.50000000000000000000
org.apache.commons.math.util.MathUtils:gcd:(II)I#430#51 prob_bp = 0.50000000000000000000
org.apache.commons.math.util.MathUtils:gcd:(II)I#432#58 prob_bp = 0.50000000000000000000
org.apache.commons.math.util.MathUtils:gcd:(II)I#428#47#unexe#2 prob_bp = 0.50000000000000000000
org.apache.commons.math.util.MathUtils:gcd:(II)I#424#28 prob_bp = 0.50000000000000010000
org.apache.commons.math.util.MathUtils:gcd:(II)I#428#45 prob_bp = 0.50000000000000010000
org.apache.commons.math.util.MathUtils:gcd:(II)I#421#20 prob_bp = 0.50000000000064660000
org.apache.commons.math.util.MathUtils:gcd:(II)I#421#21 prob_bp = 0.50000000000127760000
org.apache.commons.math.util.MathUtils:gcd:(II)I#421#22 prob_bp = 0.50000000000381370000
org.apache.commons.math.util.MathUtils:gcd:(II)I#428#32 prob_bp = 0.50000000003602090000
org.apache.commons.math.util.MathUtils:gcd:(II)I#428#33 prob_bp = 0.50000000017693550000
org.apache.commons.math.util.MathUtils:gcd:(II)I#428#34 prob_bp = 0.50000000018406270000
org.apache.commons.math.util.MathUtils:gcd:(II)I#428#35 prob_bp = 0.50000022879397700000
org.apache.commons.math.util.MathUtils:gcd:(II)I#427#30 prob_bp = 0.50000178055376640000
org.apache.commons.math.util.MathUtils:gcd:(II)I#427#31 prob_bp = 0.50000185228005770000
org.apache.commons.math.util.MathUtils:gcd:(II)I#428#35#unexe#2 prob_bp = 0.50000207051340010000
org.apache.commons.math.util.MathUtils:gcd:(II)I#434#64 prob_bp = 0.50000292563825410000
org.apache.commons.math.util.MathUtils:gcd:(II)I#434#65 prob_bp = 0.50000612344817850000
org.apache.commons.math.util.MathUtils:gcd:(II)I#434#67 prob_bp = 0.50000637011209940000
org.apache.commons.math.util.MathUtilsTest:testGcd:()V#274#0 prob_bp = 1.00000000000000000000
org.apache.commons.math.util.MathUtilsTest:testGcd:()V#274#2 prob_bp = 1.00000000000000000000
org.apache.commons.math.util.MathUtilsTest:testGcd:()V#275#3 prob_bp = 1.00000000000000000000
org.apache.commons.math.util.MathUtilsTest:testGcd:()V#275#5 prob_bp = 1.00000000000000000000
org.apache.commons.math.util.MathUtilsTest:testGcd:()V#276#6 prob_bp = 1.00000000000000000000
org.apache.commons.math.util.MathUtilsTest:testGcd:()V#276#8 prob_bp = 1.00000000000000000000
org.apache.commons.math.util.MathUtilsTest:testGcd:()V#278#10 prob_bp = 1.00000000000000000000
org.apache.commons.math.util.MathUtilsTest:testGcd:()V#278#11 prob_bp = 1.00000000000000000000
org.apache.commons.math.util.MathUtilsTest:testGcd:()V#278#12 prob_bp = 1.00000000000000000000
org.apache.commons.math.util.MathUtilsTest:testGcd:()V#280#19 prob_bp = 1.00000000000000000000
org.apache.commons.math.util.MathUtilsTest:testGcd:()V#280#20 prob_bp = 1.00000000000000000000
org.apache.commons.math.util.MathUtilsTest:testGcd:()V#280#21 prob_bp = 1.00000000000000000000
org.apache.commons.math.util.MathUtilsTest:testGcd:()V#281#28 prob_bp = 1.00000000000000000000
org.apache.commons.math.util.MathUtilsTest:testGcd:()V#281#29 prob_bp = 1.00000000000000000000
org.apache.commons.math.util.MathUtilsTest:testGcd:()V#281#30 prob_bp = 1.00000000000000000000
org.apache.commons.math.util.MathUtilsTest:testGcd:()V#282#37 prob_bp = 1.00000000000000000000
org.apache.commons.math.util.MathUtilsTest:testGcd:()V#282#38 prob_bp = 1.00000000000000000000
org.apache.commons.math.util.MathUtilsTest:testGcd:()V#282#39 prob_bp = 1.00000000000000000000
org.apache.commons.math.util.MathUtilsTest:testGcd:()V#282#40 prob_bp = 1.00000000000000000000
org.apache.commons.math.util.MathUtilsTest:testGcd:()V#283#47 prob_bp = 1.00000000000000000000
org.apache.commons.math.util.MathUtilsTest:testGcd:()V#283#48 prob_bp = 1.00000000000000000000
org.apache.commons.math.util.MathUtilsTest:testGcd:()V#283#49 prob_bp = 1.00000000000000000000
org.apache.commons.math.util.MathUtilsTest:testGcd:()V#283#50 prob_bp = 1.00000000000000000000
org.apache.commons.math.util.MathUtilsTest:testGcd:()V#285#58 prob_bp = 1.00000000000000000000
org.apache.commons.math.util.MathUtilsTest:testGcd:()V#285#59 prob_bp = 1.00000000000000000000
org.apache.commons.math.util.MathUtilsTest:testGcd:()V#285#60 prob_bp = 1.00000000000000000000
org.apache.commons.math.util.MathUtilsTest:testGcd:()V#286#68 prob_bp = 1.00000000000000000000
org.apache.commons.math.util.MathUtilsTest:testGcd:()V#286#69 prob_bp = 1.00000000000000000000
org.apache.commons.math.util.MathUtilsTest:testGcd:()V#286#70 prob_bp = 1.00000000000000000000
org.apache.commons.math.util.MathUtilsTest:testGcd:()V#286#71 prob_bp = 1.00000000000000000000
org.apache.commons.math.util.MathUtilsTest:testGcd:()V#287#79 prob_bp = 1.00000000000000000000
org.apache.commons.math.util.MathUtilsTest:testGcd:()V#287#80 prob_bp = 1.00000000000000000000
org.apache.commons.math.util.MathUtilsTest:testGcd:()V#287#81 prob_bp = 1.00000000000000000000
org.apache.commons.math.util.MathUtilsTest:testGcd:()V#287#82 prob_bp = 1.00000000000000000000
org.apache.commons.math.util.MathUtilsTest:testGcd:()V#288#90 prob_bp = 1.00000000000000000000
org.apache.commons.math.util.MathUtilsTest:testGcd:()V#288#91 prob_bp = 1.00000000000000000000
org.apache.commons.math.util.MathUtilsTest:testGcd:()V#288#92 prob_bp = 1.00000000000000000000
org.apache.commons.math.util.MathUtilsTest:testGcd:()V#288#93 prob_bp = 1.00000000000000000000
org.apache.commons.math.util.MathUtilsTest:testGcd:()V#288#94 prob_bp = 1.00000000000000000000
org.apache.commons.math.util.MathUtilsTest:testGcd:()V#290#101 prob_bp = 1.00000000000000000000
org.apache.commons.math.util.MathUtilsTest:testGcd:()V#290#102 prob_bp = 1.00000000000000000000
org.apache.commons.math.util.MathUtilsTest:testGcd:()V#290#103 prob_bp = 1.00000000000000000000
org.apache.commons.math.util.MathUtilsTest:testGcd:()V#291#110 prob_bp = 1.00000000000000000000
org.apache.commons.math.util.MathUtilsTest:testGcd:()V#291#111 prob_bp = 1.00000000000000000000
org.apache.commons.math.util.MathUtilsTest:testGcd:()V#291#112 prob_bp = 1.00000000000000000000
org.apache.commons.math.util.MathUtilsTest:testGcd:()V#291#113 prob_bp = 1.00000000000000000000
org.apache.commons.math.util.MathUtilsTest:testGcd:()V#292#120 prob_bp = 1.00000000000000000000
org.apache.commons.math.util.MathUtilsTest:testGcd:()V#292#121 prob_bp = 1.00000000000000000000
org.apache.commons.math.util.MathUtilsTest:testGcd:()V#292#122 prob_bp = 1.00000000000000000000
org.apache.commons.math.util.MathUtilsTest:testGcd:()V#292#123 prob_bp = 1.00000000000000000000
org.apache.commons.math.util.MathUtilsTest:testGcd:()V#293#130 prob_bp = 1.00000000000000000000
org.apache.commons.math.util.MathUtilsTest:testGcd:()V#293#131 prob_bp = 1.00000000000000000000
org.apache.commons.math.util.MathUtilsTest:testGcd:()V#293#132 prob_bp = 1.00000000000000000000
org.apache.commons.math.util.MathUtilsTest:testGcd:()V#293#133 prob_bp = 1.00000000000000000000
org.apache.commons.math.util.MathUtilsTest:testGcd:()V#293#134 prob_bp = 1.00000000000000000000
org.apache.commons.math.util.MathUtilsTest:testGcd:()V#295#140 prob_bp = 1.00000000000000000000
org.apache.commons.math.util.MathUtilsTest:testGcd:()V#295#142 prob_bp = 1.00000000000000000000
org.apache.commons.math.util.MathUtilsTest:testGcd:()V#295#144 prob_bp = 1.00000000000000000000
org.apache.commons.math.util.MathUtilsTest:testGcd:()V#295#146 prob_bp = 1.00000000000000000000
org.apache.commons.math.util.MathUtilsTest:testGcd:()V#295#149 prob_bp = 1.00000000000000000000
Belief propagation time : 3.390000s
