Belief propagation time: 100

Probabilities: 
Vars:291593
Stmts:8143
org.apache.commons.math.stat.clustering.KMeansPlusPlusClusterer:getNearestCluster:(Ljava/util/Collection;Lorg/apache/commons/math/stat/clustering/Clusterable;)Lorg/apache/commons/math/stat/clustering/Cluster;#330#67 prob_bp = 0.49832744176886980000
org.apache.commons.math.stat.clustering.KMeansPlusPlusClusterer:getNearestCluster:(Ljava/util/Collection;Lorg/apache/commons/math/stat/clustering/Clusterable;)Lorg/apache/commons/math/stat/clustering/Cluster;#323#22#unexe#4 prob_bp = 0.49947454163212623000
org.apache.commons.math.stat.clustering.KMeansPlusPlusClusterer:getNearestCluster:(Ljava/util/Collection;Lorg/apache/commons/math/stat/clustering/Clusterable;)Lorg/apache/commons/math/stat/clustering/Cluster;#325#54#unexe#4 prob_bp = 0.49997030446722923000
org.apache.commons.math.stat.clustering.KMeansPlusPlusClusterer:getNearestCluster:(Ljava/util/Collection;Lorg/apache/commons/math/stat/clustering/Clusterable;)Lorg/apache/commons/math/stat/clustering/Cluster;#327#62 prob_bp = 0.49999182133668235000
org.apache.commons.math.stat.clustering.KMeansPlusPlusClusterer:getNearestCluster:(Ljava/util/Collection;Lorg/apache/commons/math/stat/clustering/Clusterable;)Lorg/apache/commons/math/stat/clustering/Cluster;#325#54 prob_bp = 0.49999553861980740000
org.apache.commons.math.stat.clustering.KMeansPlusPlusClusterer:getNearestCluster:(Ljava/util/Collection;Lorg/apache/commons/math/stat/clustering/Clusterable;)Lorg/apache/commons/math/stat/clustering/Cluster;#327#60 prob_bp = 0.49999781384292430000
org.apache.commons.math.stat.clustering.KMeansPlusPlusClusterer:getNearestCluster:(Ljava/util/Collection;Lorg/apache/commons/math/stat/clustering/Clusterable;)Lorg/apache/commons/math/stat/clustering/Cluster;#323#22 prob_bp = 0.49999825369867257000
org.apache.commons.math.stat.clustering.KMeansPlusPlusClusterer:getNearestCluster:(Ljava/util/Collection;Lorg/apache/commons/math/stat/clustering/Clusterable;)Lorg/apache/commons/math/stat/clustering/Cluster;#323#35 prob_bp = 0.49999948275654210000
org.apache.commons.math.stat.clustering.KMeansPlusPlusClusterer:getNearestCluster:(Ljava/util/Collection;Lorg/apache/commons/math/stat/clustering/Clusterable;)Lorg/apache/commons/math/stat/clustering/Cluster;#323#17 prob_bp = 0.49999957347294194000
org.apache.commons.math.stat.clustering.KMeansPlusPlusClusterer:getNearestCluster:(Ljava/util/Collection;Lorg/apache/commons/math/stat/clustering/Clusterable;)Lorg/apache/commons/math/stat/clustering/Cluster;#323#32 prob_bp = 0.49999989682533980000
org.apache.commons.math.stat.clustering.KMeansPlusPlusClusterer:getNearestCluster:(Ljava/util/Collection;Lorg/apache/commons/math/stat/clustering/Clusterable;)Lorg/apache/commons/math/stat/clustering/Cluster;#323#15 prob_bp = 0.49999989952661510000
org.apache.commons.math.stat.clustering.KMeansPlusPlusClusterer:chooseInitialCenters:(Ljava/util/Collection;ILjava/util/Random;)Ljava/util/List;#176#91 prob_bp = 0.49999992751967790000
org.apache.commons.math.stat.clustering.KMeansPlusPlusClusterer:chooseInitialCenters:(Ljava/util/Collection;ILjava/util/Random;)Ljava/util/List;#176#83 prob_bp = 0.49999997015489117000
org.apache.commons.math.stat.clustering.KMeansPlusPlusClusterer:getNearestCluster:(Ljava/util/Collection;Lorg/apache/commons/math/stat/clustering/Clusterable;)Lorg/apache/commons/math/stat/clustering/Cluster;#323#13 prob_bp = 0.49999998003138324000
org.apache.commons.math.stat.clustering.KMeansPlusPlusClusterer:chooseInitialCenters:(Ljava/util/Collection;ILjava/util/Random;)Ljava/util/List;#176#150 prob_bp = 0.49999998071287230000
org.apache.commons.math.stat.clustering.KMeansPlusPlusClusterer:chooseInitialCenters:(Ljava/util/Collection;ILjava/util/Random;)Ljava/util/List;#176#81 prob_bp = 0.49999998331933400000
org.apache.commons.math.stat.clustering.KMeansPlusPlusClusterer:chooseInitialCenters:(Ljava/util/Collection;ILjava/util/Random;)Ljava/util/List;#176#80 prob_bp = 0.49999998396656320000
org.apache.commons.math.stat.clustering.KMeansPlusPlusClusterer:chooseInitialCenters:(Ljava/util/Collection;ILjava/util/Random;)Ljava/util/List;#176#86 prob_bp = 0.49999999868957173000
org.apache.commons.math.stat.clustering.KMeansPlusPlusClusterer:chooseInitialCenters:(Ljava/util/Collection;ILjava/util/Random;)Ljava/util/List;#176#85 prob_bp = 0.49999999886582660000
org.apache.commons.math.stat.clustering.KMeansPlusPlusClusterer:chooseInitialCenters:(Ljava/util/Collection;ILjava/util/Random;)Ljava/util/List;#164#8 prob_bp = 0.49999999890886350000
org.apache.commons.math.stat.clustering.KMeansPlusPlusClusterer:chooseInitialCenters:(Ljava/util/Collection;ILjava/util/Random;)Ljava/util/List;#164#0 prob_bp = 0.49999999893047037000
org.apache.commons.math.stat.clustering.KMeansPlusPlusClusterer:getNearestCluster:(Ljava/util/Collection;Lorg/apache/commons/math/stat/clustering/Clusterable;)Lorg/apache/commons/math/stat/clustering/Cluster;#323#27 prob_bp = 0.49999999955853130000
org.apache.commons.math.stat.clustering.KMeansPlusPlusClusterer:getNearestCluster:(Ljava/util/Collection;Lorg/apache/commons/math/stat/clustering/Clusterable;)Lorg/apache/commons/math/stat/clustering/Cluster;#325#53 prob_bp = 0.49999999958109337000
org.apache.commons.math.stat.clustering.KMeansPlusPlusClusterer:getNearestCluster:(Ljava/util/Collection;Lorg/apache/commons/math/stat/clustering/Clusterable;)Lorg/apache/commons/math/stat/clustering/Cluster;#325#52 prob_bp = 0.49999999972968995000
org.apache.commons.math.stat.clustering.KMeansPlusPlusClusterer:getNearestCluster:(Ljava/util/Collection;Lorg/apache/commons/math/stat/clustering/Clusterable;)Lorg/apache/commons/math/stat/clustering/Cluster;#321#3 prob_bp = 0.49999999976655810000
org.apache.commons.math.stat.clustering.KMeansPlusPlusClusterer:getNearestCluster:(Ljava/util/Collection;Lorg/apache/commons/math/stat/clustering/Clusterable;)Lorg/apache/commons/math/stat/clustering/Cluster;#321#0 prob_bp = 0.49999999977565270000
org.apache.commons.math.stat.clustering.KMeansPlusPlusClusterer:getNearestCluster:(Ljava/util/Collection;Lorg/apache/commons/math/stat/clustering/Clusterable;)Lorg/apache/commons/math/stat/clustering/Cluster;#323#25 prob_bp = 0.49999999989564253000
org.apache.commons.math.stat.clustering.KMeansPlusPlusClusterer:getNearestCluster:(Ljava/util/Collection;Lorg/apache/commons/math/stat/clustering/Clusterable;)Lorg/apache/commons/math/stat/clustering/Cluster;#325#50 prob_bp = 0.49999999989625843000
org.apache.commons.math.stat.clustering.KMeansPlusPlusClusterer:chooseInitialCenters:(Ljava/util/Collection;ILjava/util/Random;)Ljava/util/List;#165#16 prob_bp = 0.49999999997025746000
org.apache.commons.math.stat.clustering.KMeansPlusPlusClusterer:chooseInitialCenters:(Ljava/util/Collection;ILjava/util/Random;)Ljava/util/List;#172#74 prob_bp = 0.49999999997037164000
org.apache.commons.math.stat.clustering.KMeansPlusPlusClusterer:chooseInitialCenters:(Ljava/util/Collection;ILjava/util/Random;)Ljava/util/List;#165#9 prob_bp = 0.49999999997084640000
org.apache.commons.math.stat.clustering.KMeansPlusPlusClusterer:chooseInitialCenters:(Ljava/util/Collection;ILjava/util/Random;)Ljava/util/List;#172#73 prob_bp = 0.49999999997250800000
org.apache.commons.math.stat.clustering.KMeansPlusPlusClusterer:cluster:(Ljava/util/Collection;II)Ljava/util/List;#95#6 prob_bp = 0.49999999997356550000
org.apache.commons.math.stat.clustering.KMeansPlusPlusClusterer:cluster:(Ljava/util/Collection;II)Ljava/util/List;#95#1 prob_bp = 0.49999999997408900000
org.apache.commons.math.stat.clustering.KMeansPlusPlusClusterer:getNearestCluster:(Ljava/util/Collection;Lorg/apache/commons/math/stat/clustering/Clusterable;)Lorg/apache/commons/math/stat/clustering/Cluster;#324#48 prob_bp = 0.49999999997445620000
org.apache.commons.math.stat.clustering.KMeansPlusPlusClusterer:chooseInitialCenters:(Ljava/util/Collection;ILjava/util/Random;)Ljava/util/List;#178#111 prob_bp = 0.49999999997762780000
org.apache.commons.math.stat.clustering.KMeansPlusPlusClusterer:chooseInitialCenters:(Ljava/util/Collection;ILjava/util/Random;)Ljava/util/List;#178#107 prob_bp = 0.49999999998064570000
org.apache.commons.math.stat.clustering.KMeansPlusPlusClusterer:chooseInitialCenters:(Ljava/util/Collection;ILjava/util/Random;)Ljava/util/List;#172#68 prob_bp = 0.49999999999293890000
org.apache.commons.math.stat.clustering.KMeansPlusPlusClusterer:chooseInitialCenters:(Ljava/util/Collection;ILjava/util/Random;)Ljava/util/List;#172#66 prob_bp = 0.49999999999344813000
org.apache.commons.math.stat.clustering.KMeansPlusPlusClustererTest$CloseIntegerPoint:distanceFrom:(Ljava/lang/Object;)D#175#8 prob_bp = 0.49999999999385425000
org.apache.commons.math.stat.clustering.KMeansPlusPlusClusterer:chooseInitialCenters:(Ljava/util/Collection;ILjava/util/Random;)Ljava/util/List;#169#50 prob_bp = 0.49999999999451966000
org.apache.commons.math.stat.clustering.KMeansPlusPlusClusterer:chooseInitialCenters:(Ljava/util/Collection;ILjava/util/Random;)Ljava/util/List;#169#41 prob_bp = 0.49999999999463100000
org.apache.commons.math.stat.clustering.KMeansPlusPlusClusterer:chooseInitialCenters:(Ljava/util/Collection;ILjava/util/Random;)Ljava/util/List;#169#39 prob_bp = 0.49999999999491496000
org.apache.commons.math.stat.clustering.KMeansPlusPlusClustererTest$CloseIntegerPoint:distanceFrom:(Lorg/apache/commons/math/stat/clustering/KMeansPlusPlusClustererTest$CloseIntegerPoint;)D#181#15 prob_bp = 0.49999999999866773000
org.apache.commons.math.stat.clustering.KMeansPlusPlusClusterer:chooseInitialCenters:(Ljava/util/Collection;ILjava/util/Random;)Ljava/util/List;#177#97 prob_bp = 0.49999999999930510000
org.apache.commons.math.stat.clustering.KMeansPlusPlusClusterer:chooseInitialCenters:(Ljava/util/Collection;ILjava/util/Random;)Ljava/util/List;#177#94 prob_bp = 0.49999999999939860000
org.apache.commons.math.stat.clustering.KMeansPlusPlusClusterer:chooseInitialCenters:(Ljava/util/Collection;ILjava/util/Random;)Ljava/util/List;#177#95 prob_bp = 0.49999999999955075000
org.apache.commons.math.stat.clustering.KMeansPlusPlusClustererTest$CloseIntegerPoint:distanceFrom:(Lorg/apache/commons/math/stat/clustering/KMeansPlusPlusClustererTest$CloseIntegerPoint;)D#181#14 prob_bp = 0.49999999999986210000
org.apache.commons.math.stat.clustering.KMeansPlusPlusClustererTest$CloseIntegerPoint:distanceFrom:(Lorg/apache/commons/math/stat/clustering/KMeansPlusPlusClustererTest$CloseIntegerPoint;)D#181#11 prob_bp = 0.49999999999986733000
org.apache.commons.math.stat.clustering.KMeansPlusPlusClusterer:chooseInitialCenters:(Ljava/util/Collection;ILjava/util/Random;)Ljava/util/List;#171#57 prob_bp = 0.49999999999998820000
org.apache.commons.math.stat.clustering.KMeansPlusPlusClusterer:chooseInitialCenters:(Ljava/util/Collection;ILjava/util/Random;)Ljava/util/List;#171#56 prob_bp = 0.49999999999998873000
org.apache.commons.math.stat.clustering.KMeansPlusPlusClusterer:getNearestCluster:(Ljava/util/Collection;Lorg/apache/commons/math/stat/clustering/Clusterable;)Lorg/apache/commons/math/stat/clustering/Cluster;#324#37 prob_bp = 0.49999999999999980000
org.apache.commons.math.stat.clustering.KMeansPlusPlusClusterer:getNearestCluster:(Ljava/util/Collection;Lorg/apache/commons/math/stat/clustering/Clusterable;)Lorg/apache/commons/math/stat/clustering/Cluster;#330#69 prob_bp = 0.49999999999999983000
org.apache.commons.math.stat.clustering.KMeansPlusPlusClusterer:chooseInitialCenters:(Ljava/util/Collection;ILjava/util/Random;)Ljava/util/List;#168#18 prob_bp = 0.49999999999999990000
org.apache.commons.math.stat.clustering.KMeansPlusPlusClusterer:chooseInitialCenters:(Ljava/util/Collection;ILjava/util/Random;)Ljava/util/List;#168#21 prob_bp = 0.49999999999999990000
org.apache.commons.math.stat.clustering.KMeansPlusPlusClusterer:chooseInitialCenters:(Ljava/util/Collection;ILjava/util/Random;)Ljava/util/List;#168#29 prob_bp = 0.49999999999999994000
org.apache.commons.math.stat.clustering.KMeansPlusPlusClustererTest$CloseIntegerPoint:distanceFrom:(Lorg/apache/commons/math/stat/clustering/KMeansPlusPlusClustererTest$CloseIntegerPoint;)D#181#0 prob_bp = 0.49999999999999994000
org.apache.commons.math.stat.clustering.KMeansPlusPlusClustererTest$CloseIntegerPoint:<init>:(Lorg/apache/commons/math/stat/clustering/KMeansPlusPlusClustererTest;Lorg/apache/commons/math/stat/clustering/EuclideanIntegerPoint;)V#176#5 prob_bp = 0.50000000000000000000
org.apache.commons.math.stat.clustering.KMeansPlusPlusClustererTest$CloseIntegerPoint:<init>:(Lorg/apache/commons/math/stat/clustering/KMeansPlusPlusClustererTest;Lorg/apache/commons/math/stat/clustering/EuclideanIntegerPoint;)V#176#6 prob_bp = 0.50000000000000000000
org.apache.commons.math.stat.clustering.KMeansPlusPlusClusterer:<init>:(Ljava/util/Random;)V#69#0 prob_bp = 0.50000000000000000000
org.apache.commons.math.stat.clustering.KMeansPlusPlusClusterer:<init>:(Ljava/util/Random;)V#69#1 prob_bp = 0.50000000000000000000
org.apache.commons.math.stat.clustering.KMeansPlusPlusClusterer:<init>:(Ljava/util/Random;)V#69#5 prob_bp = 0.50000000000000000000
org.apache.commons.math.stat.clustering.KMeansPlusPlusClusterer:<init>:(Ljava/util/Random;Lorg/apache/commons/math/stat/clustering/KMeansPlusPlusClusterer$EmptyClusterStrategy;)V#79#4 prob_bp = 0.50000000000000000000
org.apache.commons.math.stat.clustering.KMeansPlusPlusClusterer:<init>:(Ljava/util/Random;Lorg/apache/commons/math/stat/clustering/KMeansPlusPlusClusterer$EmptyClusterStrategy;)V#79#5 prob_bp = 0.50000000000000000000
org.apache.commons.math.stat.clustering.KMeansPlusPlusClusterer:<init>:(Ljava/util/Random;Lorg/apache/commons/math/stat/clustering/KMeansPlusPlusClusterer$EmptyClusterStrategy;)V#79#6 prob_bp = 0.50000000000000000000
org.apache.commons.math.stat.clustering.KMeansPlusPlusClusterer:cluster:(Ljava/util/Collection;II)Ljava/util/List;#95#2 prob_bp = 0.50000000000000000000
org.apache.commons.math.stat.clustering.KMeansPlusPlusClusterer:cluster:(Ljava/util/Collection;II)Ljava/util/List;#95#3 prob_bp = 0.50000000000000000000
org.apache.commons.math.stat.clustering.KMeansPlusPlusClusterer:chooseInitialCenters:(Ljava/util/Collection;ILjava/util/Random;)Ljava/util/List;#168#19 prob_bp = 0.50000000000000000000
org.apache.commons.math.stat.clustering.KMeansPlusPlusClusterer:chooseInitialCenters:(Ljava/util/Collection;ILjava/util/Random;)Ljava/util/List;#168#20 prob_bp = 0.50000000000000000000
org.apache.commons.math.stat.clustering.KMeansPlusPlusClusterer:chooseInitialCenters:(Ljava/util/Collection;ILjava/util/Random;)Ljava/util/List;#168#26 prob_bp = 0.50000000000000000000
org.apache.commons.math.stat.clustering.KMeansPlusPlusClusterer:chooseInitialCenters:(Ljava/util/Collection;ILjava/util/Random;)Ljava/util/List;#168#34 prob_bp = 0.50000000000000000000
org.apache.commons.math.stat.clustering.KMeansPlusPlusClusterer:chooseInitialCenters:(Ljava/util/Collection;ILjava/util/Random;)Ljava/util/List;#168#37 prob_bp = 0.50000000000000000000
org.apache.commons.math.stat.clustering.KMeansPlusPlusClusterer:chooseInitialCenters:(Ljava/util/Collection;ILjava/util/Random;)Ljava/util/List;#169#45 prob_bp = 0.50000000000000000000
org.apache.commons.math.stat.clustering.KMeansPlusPlusClusterer:chooseInitialCenters:(Ljava/util/Collection;ILjava/util/Random;)Ljava/util/List;#177#105 prob_bp = 0.50000000000000000000
org.apache.commons.math.stat.clustering.KMeansPlusPlusClustererTest$CloseIntegerPoint:distanceFrom:(Ljava/lang/Object;)D#175#0 prob_bp = 0.50000000000000000000
org.apache.commons.math.stat.clustering.KMeansPlusPlusClustererTest$CloseIntegerPoint:distanceFrom:(Ljava/lang/Object;)D#175#1 prob_bp = 0.50000000000000000000
org.apache.commons.math.stat.clustering.KMeansPlusPlusClustererTest$CloseIntegerPoint:distanceFrom:(Ljava/lang/Object;)D#175#2 prob_bp = 0.50000000000000000000
org.apache.commons.math.stat.clustering.KMeansPlusPlusClustererTest$CloseIntegerPoint:distanceFrom:(Ljava/lang/Object;)D#175#5 prob_bp = 0.50000000000000000000
org.apache.commons.math.stat.clustering.KMeansPlusPlusClustererTest$CloseIntegerPoint:distanceFrom:(Lorg/apache/commons/math/stat/clustering/KMeansPlusPlusClustererTest$CloseIntegerPoint;)D#181#1 prob_bp = 0.50000000000000000000
org.apache.commons.math.stat.clustering.KMeansPlusPlusClustererTest$CloseIntegerPoint:distanceFrom:(Lorg/apache/commons/math/stat/clustering/KMeansPlusPlusClustererTest$CloseIntegerPoint;)D#181#4 prob_bp = 0.50000000000000000000
org.apache.commons.math.stat.clustering.KMeansPlusPlusClustererTest$CloseIntegerPoint:distanceFrom:(Lorg/apache/commons/math/stat/clustering/KMeansPlusPlusClustererTest$CloseIntegerPoint;)D#181#5 prob_bp = 0.50000000000000000000
org.apache.commons.math.stat.clustering.KMeansPlusPlusClustererTest$CloseIntegerPoint:distanceFrom:(Lorg/apache/commons/math/stat/clustering/KMeansPlusPlusClustererTest$CloseIntegerPoint;)D#181#8 prob_bp = 0.50000000000000000000
org.apache.commons.math.stat.clustering.KMeansPlusPlusClusterer:chooseInitialCenters:(Ljava/util/Collection;ILjava/util/Random;)Ljava/util/List;#177#102 prob_bp = 0.50000000000000010000
org.apache.commons.math.stat.clustering.KMeansPlusPlusClusterer:chooseInitialCenters:(Ljava/util/Collection;ILjava/util/Random;)Ljava/util/List;#178#109 prob_bp = 0.50000000000000010000
org.apache.commons.math.stat.clustering.EuclideanIntegerPoint:distanceFrom:(Lorg/apache/commons/math/stat/clustering/EuclideanIntegerPoint;)D#57#4 prob_bp = 0.50000000000000040000
org.apache.commons.math.stat.clustering.KMeansPlusPlusClusterer:getNearestCluster:(Ljava/util/Collection;Lorg/apache/commons/math/stat/clustering/Clusterable;)Lorg/apache/commons/math/stat/clustering/Cluster;#324#40 prob_bp = 0.50000000000000080000
org.apache.commons.math.stat.clustering.KMeansPlusPlusClusterer:getNearestCluster:(Ljava/util/Collection;Lorg/apache/commons/math/stat/clustering/Clusterable;)Lorg/apache/commons/math/stat/clustering/Cluster;#324#43 prob_bp = 0.50000000000000080000
org.apache.commons.math.stat.clustering.KMeansPlusPlusClusterer:getNearestCluster:(Ljava/util/Collection;Lorg/apache/commons/math/stat/clustering/Clusterable;)Lorg/apache/commons/math/stat/clustering/Cluster;#324#38 prob_bp = 0.50000000000000100000
org.apache.commons.math.stat.clustering.KMeansPlusPlusClusterer:chooseInitialCenters:(Ljava/util/Collection;ILjava/util/Random;)Ljava/util/List;#169#44 prob_bp = 0.50000000000000290000
org.apache.commons.math.stat.clustering.KMeansPlusPlusClusterer:chooseInitialCenters:(Ljava/util/Collection;ILjava/util/Random;)Ljava/util/List;#169#47 prob_bp = 0.50000000000000290000
org.apache.commons.math.stat.clustering.EuclideanIntegerPoint:distanceFrom:(Lorg/apache/commons/math/stat/clustering/EuclideanIntegerPoint;)D#57#5 prob_bp = 0.50000000000000300000
org.apache.commons.math.util.MathUtils:distance:([I[I)D#1875#17 prob_bp = 0.50000000000001190000
org.apache.commons.math.util.MathUtils:distance:([I[I)D#1875#13 prob_bp = 0.50000000000001210000
org.apache.commons.math.util.MathUtils:distance:([I[I)D#1875#12 prob_bp = 0.50000000000001770000
org.apache.commons.math.util.MathUtils:distance:([I[I)D#1875#16 prob_bp = 0.50000000000001770000
org.apache.commons.math.util.MathUtils:distance:([I[I)D#1875#15 prob_bp = 0.50000000000001780000
org.apache.commons.math.util.MathUtils:distance:([I[I)D#1875#19 prob_bp = 0.50000000000001890000
org.apache.commons.math.util.MathUtils:distance:([I[I)D#1875#20 prob_bp = 0.50000000000016650000
org.apache.commons.math.stat.clustering.Cluster:<init>:(Lorg/apache/commons/math/stat/clustering/Clusterable;)V#46#5 prob_bp = 0.50000000000085040000
org.apache.commons.math.stat.clustering.Cluster:<init>:(Lorg/apache/commons/math/stat/clustering/Clusterable;)V#46#4 prob_bp = 0.50000000000191970000
org.apache.commons.math.stat.clustering.Cluster:<init>:(Lorg/apache/commons/math/stat/clustering/Clusterable;)V#46#6 prob_bp = 0.50000000000309500000
org.apache.commons.math.util.MathUtils:distance:([I[I)D#1875#21 prob_bp = 0.50000000005307430000
org.apache.commons.math.stat.clustering.Cluster:getCenter:()Lorg/apache/commons/math/stat/clustering/Clusterable;#71#0 prob_bp = 0.50000000011472740000
org.apache.commons.math.util.MathUtils:distance:([I[I)D#1875#22 prob_bp = 0.50000000026600640000
org.apache.commons.math.stat.clustering.Cluster:getCenter:()Lorg/apache/commons/math/stat/clustering/Clusterable;#71#1 prob_bp = 0.50000000034730070000
org.apache.commons.math.util.MathUtils:distance:([I[I)D#1873#0 prob_bp = 0.50000000039975080000
org.apache.commons.math.util.MathUtils:distance:([I[I)D#1873#1 prob_bp = 0.50000000040782320000
org.apache.commons.math.util.MathUtils:distance:([I[I)D#1876#25 prob_bp = 0.50000000056144780000
org.apache.commons.math.util.MathUtils:distance:([I[I)D#1876#27 prob_bp = 0.50000000056144780000
org.apache.commons.math.util.MathUtils:distance:([I[I)D#1876#29 prob_bp = 0.50000000228569930000
org.apache.commons.math.stat.clustering.KMeansPlusPlusClusterer:getNearestCluster:(Ljava/util/Collection;Lorg/apache/commons/math/stat/clustering/Clusterable;)Lorg/apache/commons/math/stat/clustering/Cluster;#323#7 prob_bp = 0.50000001526247210000
org.apache.commons.math.stat.clustering.KMeansPlusPlusClusterer:getNearestCluster:(Ljava/util/Collection;Lorg/apache/commons/math/stat/clustering/Clusterable;)Lorg/apache/commons/math/stat/clustering/Cluster;#323#8 prob_bp = 0.50000006074992280000
org.apache.commons.math.stat.clustering.Cluster:getCenter:()Lorg/apache/commons/math/stat/clustering/Clusterable;#71#4 prob_bp = 0.50000006946598520000
org.apache.commons.math.util.MathUtils:distance:([I[I)D#1876#24 prob_bp = 0.50000012556299590000
org.apache.commons.math.util.MathUtils:distance:([I[I)D#1876#30 prob_bp = 0.50000052574247440000
org.apache.commons.math.util.MathUtils:distance:([I[I)D#1874#32 prob_bp = 0.50000090233775620000
org.apache.commons.math.stat.clustering.EuclideanIntegerPoint:distanceFrom:(Lorg/apache/commons/math/stat/clustering/EuclideanIntegerPoint;)D#57#0 prob_bp = 0.50001185397172200000
org.apache.commons.math.stat.clustering.EuclideanIntegerPoint:distanceFrom:(Lorg/apache/commons/math/stat/clustering/EuclideanIntegerPoint;)D#57#1 prob_bp = 0.50001209344589990000
org.apache.commons.math.stat.clustering.EuclideanIntegerPoint:distanceFrom:(Lorg/apache/commons/math/stat/clustering/EuclideanIntegerPoint;)D#57#8 prob_bp = 0.50001257736361640000
org.apache.commons.math.util.MathUtils:distance:([I[I)D#1874#2 prob_bp = 0.50013391480840940000
org.apache.commons.math.util.MathUtils:distance:([I[I)D#1874#3 prob_bp = 0.50013661983270890000
org.apache.commons.math.util.MathUtils:distance:([I[I)D#1874#7 prob_bp = 0.50013987264284920000
org.apache.commons.math.util.MathUtils:distance:([I[I)D#1874#5 prob_bp = 0.50014223893205810000
org.apache.commons.math.util.MathUtils:distance:([I[I)D#1874#8 prob_bp = 0.50014443455170880000
org.apache.commons.math.util.MathUtils:distance:([I[I)D#1874#9 prob_bp = 0.50015379404150320000
org.apache.commons.math.util.MathUtils:distance:([I[I)D#1876#31 prob_bp = 0.50016085113859940000
org.apache.commons.math.util.MathUtils:distance:([I[I)D#1874#9#unexe#2 prob_bp = 0.51695394124517000000
org.apache.commons.math.util.MathUtils:distance:([I[I)D#1878#38 prob_bp = 0.54948233515432630000
org.apache.commons.math.util.MathUtils:distance:([I[I)D#1878#39 prob_bp = 0.61361231405526180000
org.apache.commons.math.stat.clustering.EuclideanIntegerPoint:distanceFrom:(Lorg/apache/commons/math/stat/clustering/EuclideanIntegerPoint;)D#57#11 prob_bp = 0.85826686205708760000
org.apache.commons.math.util.MathUtils:distance:([I[I)D#1878#42 prob_bp = 0.93754215389178040000
org.apache.commons.math.stat.clustering.EuclideanIntegerPoint:<init>:([I)V#44#5 prob_bp = 0.99987990693944330000
org.apache.commons.math.stat.clustering.EuclideanIntegerPoint:<init>:([I)V#44#4 prob_bp = 0.99990440158539500000
org.apache.commons.math.stat.clustering.EuclideanIntegerPoint:<init>:([I)V#44#6 prob_bp = 0.99993902614462400000
org.apache.commons.math.stat.clustering.EuclideanIntegerPoint:getPoint:()[I#52#1 prob_bp = 0.99999849523556230000
org.apache.commons.math.stat.clustering.EuclideanIntegerPoint:getPoint:()[I#52#0 prob_bp = 0.99999910354561390000
org.apache.commons.math.stat.clustering.EuclideanIntegerPoint:getPoint:()[I#52#4 prob_bp = 0.99999921305324470000
org.apache.commons.math.util.FastMath:sqrt:(D)D#277#0 prob_bp = 0.99999999999959850000
org.apache.commons.math.util.FastMath:sqrt:(D)D#277#1 prob_bp = 0.99999999999978720000
org.apache.commons.math.util.FastMath:sqrt:(D)D#277#4 prob_bp = 0.99999999999990670000
org.apache.commons.math.stat.clustering.KMeansPlusPlusClustererTest:testSmallDistances:()V#218#0 prob_bp = 1.00000000000000000000
org.apache.commons.math.stat.clustering.KMeansPlusPlusClustererTest:testSmallDistances:()V#218#1 prob_bp = 1.00000000000000000000
org.apache.commons.math.stat.clustering.KMeansPlusPlusClustererTest:testSmallDistances:()V#218#7 prob_bp = 1.00000000000000000000
org.apache.commons.math.stat.clustering.KMeansPlusPlusClustererTest:testSmallDistances:()V#220#16 prob_bp = 1.00000000000000000000
org.apache.commons.math.stat.clustering.KMeansPlusPlusClustererTest:testSmallDistances:()V#220#19 prob_bp = 1.00000000000000000000
org.apache.commons.math.stat.clustering.KMeansPlusPlusClustererTest:testSmallDistances:()V#220#21 prob_bp = 1.00000000000000000000
org.apache.commons.math.stat.clustering.KMeansPlusPlusClustererTest:testSmallDistances:()V#220#24 prob_bp = 1.00000000000000000000
org.apache.commons.math.stat.clustering.KMeansPlusPlusClustererTest:testSmallDistances:()V#220#25 prob_bp = 1.00000000000000000000
org.apache.commons.math.stat.clustering.KMeansPlusPlusClustererTest:testSmallDistances:()V#220#26 prob_bp = 1.00000000000000000000
org.apache.commons.math.stat.clustering.KMeansPlusPlusClustererTest:testSmallDistances:()V#220#29 prob_bp = 1.00000000000000000000
org.apache.commons.math.stat.clustering.KMeansPlusPlusClustererTest:testSmallDistances:()V#220#32 prob_bp = 1.00000000000000000000
org.apache.commons.math.stat.clustering.KMeansPlusPlusClustererTest:testSmallDistances:()V#225#51 prob_bp = 1.00000000000000000000
org.apache.commons.math.stat.clustering.KMeansPlusPlusClustererTest:testSmallDistances:()V#225#58 prob_bp = 1.00000000000000000000
org.apache.commons.math.stat.clustering.KMeansPlusPlusClustererTest:testSmallDistances:()V#227#65 prob_bp = 1.00000000000000000000
org.apache.commons.math.stat.clustering.KMeansPlusPlusClustererTest:testSmallDistances:()V#227#66 prob_bp = 1.00000000000000000000
org.apache.commons.math.stat.clustering.KMeansPlusPlusClustererTest:testSmallDistances:()V#227#68 prob_bp = 1.00000000000000000000
org.apache.commons.math.stat.clustering.KMeansPlusPlusClustererTest:testSmallDistances:()V#227#70 prob_bp = 1.00000000000000000000
org.apache.commons.math.stat.clustering.KMeansPlusPlusClustererTest:testSmallDistances:()V#227#73 prob_bp = 1.00000000000000000000
org.apache.commons.math.stat.clustering.KMeansPlusPlusClustererTest:testSmallDistances:()V#228#76 prob_bp = 1.00000000000000000000
org.apache.commons.math.stat.clustering.KMeansPlusPlusClustererTest:testSmallDistances:()V#228#78 prob_bp = 1.00000000000000000000
org.apache.commons.math.stat.clustering.KMeansPlusPlusClustererTest:testSmallDistances:()V#228#79 prob_bp = 1.00000000000000000000
org.apache.commons.math.stat.clustering.KMeansPlusPlusClustererTest:testSmallDistances:()V#227#85 prob_bp = 1.00000000000000000000
org.apache.commons.math.stat.clustering.KMeansPlusPlusClustererTest:testSmallDistances:()V#237#110 prob_bp = 1.00000000000000000000
org.apache.commons.math.stat.clustering.KMeansPlusPlusClustererTest:testSmallDistances:()V#237#113 prob_bp = 1.00000000000000000000
org.apache.commons.math.stat.clustering.KMeansPlusPlusClustererTest:testSmallDistances:()V#237#114 prob_bp = 1.00000000000000000000
org.apache.commons.math.stat.clustering.KMeansPlusPlusClustererTest:testSmallDistances:()V#237#122 prob_bp = 1.00000000000000000000
org.apache.commons.math.stat.clustering.KMeansPlusPlusClustererTest:testSmallDistances:()V#237#125 prob_bp = 1.00000000000000000000
org.apache.commons.math.stat.clustering.KMeansPlusPlusClustererTest:testSmallDistances:()V#239#127 prob_bp = 1.00000000000000000000
org.apache.commons.math.stat.clustering.KMeansPlusPlusClustererTest:testSmallDistances:()V#239#131 prob_bp = 1.00000000000000000000
org.apache.commons.math.stat.clustering.KMeansPlusPlusClustererTest:testSmallDistances:()V#239#133 prob_bp = 1.00000000000000000000
Belief propagation time : 111.877000s
