Belief propagation time: 100

Probabilities: 
Vars:36485
Stmts:6484
org.apache.commons.lang.text.StrBuilder:contains:(C)Z#1675#21 prob_bp = 0.49256183852442637000
org.apache.commons.lang.text.StrBuilder:contains:(C)Z#1675#20 prob_bp = 0.49286019338981435000
org.apache.commons.lang.text.StrBuilder:contains:(C)Z#1674#17 prob_bp = 0.49999564689788073000
org.apache.commons.lang.text.StrBuilder:contains:(C)Z#1674#16 prob_bp = 0.49999624916689090000
org.apache.commons.lang.text.StrBuilder:contains:(C)Z#1674#15 prob_bp = 0.49999997855157290000
org.apache.commons.lang.text.StrBuilder:contains:(C)Z#1674#14 prob_bp = 0.49999999369038430000
org.apache.commons.lang.text.StrBuilder:contains:(C)Z#1674#13 prob_bp = 0.49999999374121800000
org.apache.commons.lang.text.StrBuilder:indexOf:(Ljava/lang/String;I)I#1780#104 prob_bp = 0.50000000000001570000
org.apache.commons.lang.text.StrBuilder:indexOf:(Ljava/lang/String;I)I#1775#61 prob_bp = 0.50000000000002260000
org.apache.commons.lang.text.StrBuilder:indexOf:(Ljava/lang/String;I)I#1780#106 prob_bp = 0.50000000000003310000
org.apache.commons.lang.text.StrBuilder:indexOf:(Ljava/lang/String;I)I#1775#62 prob_bp = 0.50000000000005500000
org.apache.commons.lang.text.StrBuilder:indexOf:(Ljava/lang/String;I)I#1780#108 prob_bp = 0.50000000000006230000
org.apache.commons.lang.text.StrBuilder:indexOf:(Ljava/lang/String;I)I#1775#65 prob_bp = 0.50000000000047440000
org.apache.commons.lang.text.StrBuilder:indexOf:(Ljava/lang/String;I)I#1780#96 prob_bp = 0.50000000000073590000
org.apache.commons.lang.text.StrBuilder:indexOf:(Ljava/lang/String;I)I#1780#97 prob_bp = 0.50000000000074090000
org.apache.commons.lang.text.StrBuilder:indexOf:(Ljava/lang/String;I)I#1780#99 prob_bp = 0.50000000000172510000
org.apache.commons.lang.text.StrBuilder:indexOf:(Ljava/lang/String;I)I#1769#45 prob_bp = 0.50000000000212260000
org.apache.commons.lang.text.StrBuilder:indexOf:(Ljava/lang/String;I)I#1780#102 prob_bp = 0.50000000000216860000
org.apache.commons.lang.text.StrBuilder:indexOf:(Ljava/lang/String;I)I#1769#46 prob_bp = 0.50000000000898030000
org.apache.commons.lang.text.StrBuilder:indexOf:(Ljava/lang/String;I)I#1780#109 prob_bp = 0.50000000000901280000
org.apache.commons.lang.text.StrBuilder:indexOf:(Ljava/lang/String;I)I#1776#67 prob_bp = 0.50000000004963960000
org.apache.commons.lang.text.StrBuilder:indexOf:(Ljava/lang/String;I)I#1776#68 prob_bp = 0.50000000007696920000
org.apache.commons.lang.text.StrBuilder:indexOf:(Ljava/lang/String;I)I#1776#71 prob_bp = 0.50000000016994620000
org.apache.commons.lang.text.StrBuilder:indexOf:(Ljava/lang/String;I)I#1772#52 prob_bp = 0.50000000027194860000
org.apache.commons.lang.text.StrBuilder:indexOf:(Ljava/lang/String;I)I#1766#29 prob_bp = 0.50000000031104310000
org.apache.commons.lang.text.StrBuilder:indexOf:(Ljava/lang/String;I)I#1772#51 prob_bp = 0.50000000039446660000
org.apache.commons.lang.text.StrBuilder:indexOf:(Ljava/lang/String;I)I#1772#53 prob_bp = 0.50000000041737990000
org.apache.commons.lang.text.StrBuilder:indexOf:(Ljava/lang/String;I)I#1776#72 prob_bp = 0.50000000071961050000
org.apache.commons.lang.text.StrBuilder:indexOf:(Ljava/lang/String;I)I#1766#30 prob_bp = 0.50000000126522900000
org.apache.commons.lang.text.StrBuilder:indexOf:(Ljava/lang/String;I)I#1766#31 prob_bp = 0.50000000131634690000
org.apache.commons.lang.text.StrBuilder:indexOf:(Ljava/lang/String;I)I#1772#56 prob_bp = 0.50000000166610290000
org.apache.commons.lang.text.StrBuilder:indexOf:(Ljava/lang/String;I)I#1780#110 prob_bp = 0.50000000275519110000
org.apache.commons.lang.text.StrBuilder:indexOf:(Ljava/lang/String;I)I#1765#24 prob_bp = 0.50000001048359700000
org.apache.commons.lang.text.StrBuilder:indexOf:(Ljava/lang/String;I)I#1761#0 prob_bp = 0.50000002386478900000
org.apache.commons.lang.text.StrBuilder:indexOf:(Ljava/lang/String;I)I#1765#25 prob_bp = 0.50000002754602420000
org.apache.commons.lang.text.StrBuilder:indexOf:(Ljava/lang/String;I)I#1761#1 prob_bp = 0.50000003735574360000
org.apache.commons.lang.text.StrBuilder:deleteFirst:(Ljava/lang/String;)Lorg/apache/commons/lang/text/StrBuilder;#1202#12 prob_bp = 0.50000003856982740000
org.apache.commons.lang.text.StrBuilder:deleteFirst:(Ljava/lang/String;)Lorg/apache/commons/lang/text/StrBuilder;#1203#13 prob_bp = 0.50000009660492760000
org.apache.commons.lang.text.StrBuilder:indexOf:(Ljava/lang/String;I)I#1776#73 prob_bp = 0.50000019131144000000
org.apache.commons.lang.text.StrBuilder:indexOf:(Ljava/lang/String;I)I#1776#74 prob_bp = 0.50000019904071580000
org.apache.commons.lang.text.StrBuilder:deleteFirst:(Ljava/lang/String;)Lorg/apache/commons/lang/text/StrBuilder;#1203#14 prob_bp = 0.50000021386848940000
org.apache.commons.lang.text.StrBuilder:deleteFirst:(Ljava/lang/String;)Lorg/apache/commons/lang/text/StrBuilder;#1204#18 prob_bp = 0.50000025251025450000
org.apache.commons.lang.text.StrBuilder:indexOf:(Ljava/lang/String;I)I#1778#77 prob_bp = 0.50000038058041920000
org.apache.commons.lang.text.StrBuilder:contains:(C)Z#1672#0 prob_bp = 0.50000042779176450000
org.apache.commons.lang.text.StrBuilder:contains:(C)Z#1672#1 prob_bp = 0.50000049422799800000
org.apache.commons.lang.text.StrBuilder:contains:(C)Z#1672#4 prob_bp = 0.50000076258885210000
org.apache.commons.lang.text.StrBuilder:indexOf:(Ljava/lang/String;I)I#1765#28 prob_bp = 0.50000109801848310000
org.apache.commons.lang.text.StrBuilder:indexOf:(Ljava/lang/String;I)I#1778#78 prob_bp = 0.50000151280687260000
org.apache.commons.lang.text.StrBuilder:indexOf:(Ljava/lang/String;I)I#1779#87 prob_bp = 0.50000151551044240000
org.apache.commons.lang.text.StrBuilder:contains:(C)Z#1673#5 prob_bp = 0.50000156887141720000
org.apache.commons.lang.text.StrBuilder:indexOf:(Ljava/lang/String;I)I#1779#88 prob_bp = 0.50000157674032230000
org.apache.commons.lang.text.StrBuilder:contains:(C)Z#1673#6 prob_bp = 0.50000163224681320000
org.apache.commons.lang.text.StrBuilder:contains:(C)Z#1673#8 prob_bp = 0.50000185285549560000
org.apache.commons.lang.text.StrBuilder:deleteFirst:(Ljava/lang/String;)Lorg/apache/commons/lang/text/StrBuilder;#1204#19 prob_bp = 0.50000210226771220000
org.apache.commons.lang.text.StrBuilder:<init>:(Ljava/lang/String;)V#126#32 prob_bp = 0.50000263492095070000
org.apache.commons.lang.text.StrBuilder:indexOf:(Ljava/lang/String;I)I#1776#75 prob_bp = 0.50000331048431670000
org.apache.commons.lang.text.StrBuilder:indexOf:(Ljava/lang/String;I)I#1778#125 prob_bp = 0.50000346172344450000
org.apache.commons.lang.text.StrBuilder:indexOf:(Ljava/lang/String;I)I#1779#116 prob_bp = 0.50000461833637910000
org.apache.commons.lang.text.StrBuilder:contains:(C)Z#1673#22 prob_bp = 0.50000481063909160000
org.apache.commons.lang.text.StrBuilder:indexOf:(Ljava/lang/String;I)I#1761#8 prob_bp = 0.50000538481176670000
org.apache.commons.lang.text.StrBuilder:indexOf:(Ljava/lang/String;I)I#1779#92 prob_bp = 0.50000542221660330000
org.apache.commons.lang.text.StrBuilder:append:(Ljava/lang/String;)Lorg/apache/commons/lang/text/StrBuilder;#477#43 prob_bp = 0.50000615946778560000
org.apache.commons.lang.text.StrBuilder:contains:(C)Z#1673#9 prob_bp = 0.50000624669967590000
org.apache.commons.lang.text.StrBuilder:indexOf:(Ljava/lang/String;I)I#1779#90 prob_bp = 0.50000679170689730000
org.apache.commons.lang.text.StrBuilder:deleteFirst:(Ljava/lang/String;)Lorg/apache/commons/lang/text/StrBuilder;#1204#17 prob_bp = 0.50000697713842030000
org.apache.commons.lang.text.StrBuilder:contains:(C)Z#1673#7 prob_bp = 0.50000710607278640000
org.apache.commons.lang.text.StrBuilder:append:(Ljava/lang/String;)Lorg/apache/commons/lang/text/StrBuilder;#477#44 prob_bp = 0.50000717051469420000
org.apache.commons.lang.text.StrBuilder:indexOf:(Ljava/lang/String;I)I#1761#9 prob_bp = 0.50000921272618450000
org.apache.commons.lang.text.StrBuilder:deleteFirst:(Ljava/lang/String;)Lorg/apache/commons/lang/text/StrBuilder;#1204#20 prob_bp = 0.50000970630240630000
org.apache.commons.lang.text.StrBuilder:indexOf:(Ljava/lang/String;I)I#1778#82 prob_bp = 0.50001588090151300000
org.apache.commons.lang.text.StrBuilder:indexOf:(Ljava/lang/String;I)I#1778#80 prob_bp = 0.50001650745728980000
org.apache.commons.lang.text.StrBuilder:indexOf:(Ljava/lang/String;I)I#1762#15 prob_bp = 0.50002068657175740000
org.apache.commons.lang.text.StrBuilder:indexOf:(Ljava/lang/String;I)I#1779#93 prob_bp = 0.50002289285368440000
org.apache.commons.lang.text.StrBuilder:contains:(C)Z#1673#10 prob_bp = 0.50002399501235280000
org.apache.commons.lang.text.StrBuilder:indexOf:(Ljava/lang/String;I)I#1762#14 prob_bp = 0.50002415861215390000
org.apache.commons.lang.text.StrBuilder:indexOf:(Ljava/lang/String;I)I#1762#16 prob_bp = 0.50003176592877820000
org.apache.commons.lang.text.StrBuilder:indexOf:(Ljava/lang/String;I)I#1778#84 prob_bp = 0.50006666050611350000
org.apache.commons.lang.text.StrBuilder:indexOf:(Ljava/lang/String;I)I#1762#19 prob_bp = 0.50008448875996000000
org.apache.commons.lang.text.StrBuilder:append:(Ljava/lang/String;)Lorg/apache/commons/lang/text/StrBuilder;#477#47 prob_bp = 0.50021512683076010000
org.apache.commons.lang.text.StrBuilder:append:(Ljava/lang/String;)Lorg/apache/commons/lang/text/StrBuilder;#477#48 prob_bp = 0.50028599518524820000
org.apache.commons.lang.text.StrBuilder:append:(Ljava/lang/String;)Lorg/apache/commons/lang/text/StrBuilder;#472#9 prob_bp = 0.50126996664420910000
org.apache.commons.lang.text.StrBuilder:append:(Ljava/lang/String;)Lorg/apache/commons/lang/text/StrBuilder;#473#14 prob_bp = 0.50127922456818640000
org.apache.commons.lang.text.StrBuilder:append:(Ljava/lang/String;)Lorg/apache/commons/lang/text/StrBuilder;#472#10 prob_bp = 0.50129787327685300000
org.apache.commons.lang.text.StrBuilder:append:(Ljava/lang/String;)Lorg/apache/commons/lang/text/StrBuilder;#472#13 prob_bp = 0.50136139017577490000
org.apache.commons.lang.text.StrBuilder:append:(Ljava/lang/String;)Lorg/apache/commons/lang/text/StrBuilder;#473#15 prob_bp = 0.50150387623881830000
org.apache.commons.lang.text.StrBuilder:indexOf:(Ljava/lang/String;I)I#1762#10 prob_bp = 0.50645630436848630000
org.apache.commons.lang.text.StrBuilder:indexOf:(Ljava/lang/String;I)I#1762#11 prob_bp = 0.51018939826169610000
org.apache.commons.lang.text.StrBuilder:append:(Ljava/lang/String;)Lorg/apache/commons/lang/text/StrBuilder;#477#42 prob_bp = 0.52071847371865380000
org.apache.commons.lang.text.StrBuilder:append:(Ljava/lang/String;)Lorg/apache/commons/lang/text/StrBuilder;#477#49 prob_bp = 0.52558795927318620000
org.apache.commons.lang.text.StrBuilder:deleteFirst:(Ljava/lang/String;)Lorg/apache/commons/lang/text/StrBuilder;#1202#0 prob_bp = 0.59100289110423400000
org.apache.commons.lang.text.StrBuilder:deleteFirst:(Ljava/lang/String;)Lorg/apache/commons/lang/text/StrBuilder;#1202#1 prob_bp = 0.59284133354980470000
org.apache.commons.lang.text.StrBuilder:deleteFirst:(Ljava/lang/String;)Lorg/apache/commons/lang/text/StrBuilder;#1202#8 prob_bp = 0.87140906366900480000
org.apache.commons.lang.text.StrBuilder:deleteFirst:(Ljava/lang/String;)Lorg/apache/commons/lang/text/StrBuilder;#1202#9 prob_bp = 0.87988459287360630000
org.apache.commons.lang.text.StrBuilder:<init>:(Ljava/lang/String;)V#126#33 prob_bp = 0.99999965506902110000
org.apache.commons.lang.text.StrBuilder:<init>:(Ljava/lang/String;)V#126#34 prob_bp = 0.99999972044433650000
org.apache.commons.lang.text.StrBuilder:<init>:(Ljava/lang/String;)V#122#4 prob_bp = 0.99999974550954280000
org.apache.commons.lang.text.StrBuilder:<init>:(Ljava/lang/String;)V#122#5 prob_bp = 0.99999979475658380000
org.apache.commons.lang.text.StrBuilder:append:(Ljava/lang/String;)Lorg/apache/commons/lang/text/StrBuilder;#469#0 prob_bp = 0.99999999087622860000
org.apache.commons.lang.text.StrBuilder:append:(Ljava/lang/String;)Lorg/apache/commons/lang/text/StrBuilder;#469#1 prob_bp = 0.99999999354312340000
org.apache.commons.lang.text.StrBuilder:<init>:(Ljava/lang/String;)V#125#20 prob_bp = 0.99999999852537060000
org.apache.commons.lang.text.StrBuilder:<init>:(Ljava/lang/String;)V#125#21 prob_bp = 0.99999999953020550000
org.apache.commons.lang.text.StrBuilder:<init>:(Ljava/lang/String;)V#125#24 prob_bp = 0.99999999972856330000
org.apache.commons.lang.text.StrBuilder:<init>:(Ljava/lang/String;)V#125#26 prob_bp = 0.99999999993404930000
org.apache.commons.lang.text.StrBuilder:<init>:(Ljava/lang/String;)V#125#27 prob_bp = 0.99999999999482030000
org.apache.commons.lang.text.StrBuilder:<init>:(Ljava/lang/String;)V#125#19 prob_bp = 0.99999999999803460000
org.apache.commons.lang.text.StrBuilder:<init>:(Ljava/lang/String;)V#125#29 prob_bp = 0.99999999999985900000
org.apache.commons.lang.text.StrBuilderTest:testLang295:()V#1746#0 prob_bp = 1.00000000000000000000
org.apache.commons.lang.text.StrBuilderTest:testLang295:()V#1746#3 prob_bp = 1.00000000000000000000
org.apache.commons.lang.text.StrBuilderTest:testLang295:()V#1746#4 prob_bp = 1.00000000000000000000
org.apache.commons.lang.text.StrBuilderTest:testLang295:()V#1746#7 prob_bp = 1.00000000000000000000
org.apache.commons.lang.text.StrBuilderTest:testLang295:()V#1746#10 prob_bp = 1.00000000000000000000
org.apache.commons.lang.text.StrBuilderTest:testLang295:()V#1747#11 prob_bp = 1.00000000000000000000
org.apache.commons.lang.text.StrBuilderTest:testLang295:()V#1747#12 prob_bp = 1.00000000000000000000
org.apache.commons.lang.text.StrBuilderTest:testLang295:()V#1747#15 prob_bp = 1.00000000000000000000
org.apache.commons.lang.text.StrBuilderTest:testLang295:()V#1748#19 prob_bp = 1.00000000000000000000
org.apache.commons.lang.text.StrBuilderTest:testLang295:()V#1748#22 prob_bp = 1.00000000000000000000
org.apache.commons.lang.text.StrBuilderTest:testLang295:()V#1748#23 prob_bp = 1.00000000000000000000
org.apache.commons.lang.text.StrBuilderTest:testLang295:()V#1748#25 prob_bp = 1.00000000000000000000
org.apache.commons.lang.text.StrBuilderTest:testLang295:()V#1748#28 prob_bp = 1.00000000000000000000
Belief propagation time : 11.368000s
