Belief propagation time: 78

Probabilities: 
Vars:131449
Stmts:6840
org.jfree.chart.LegendItemCollection:getItemCount:()I#107#9 prob_bp = 0.49961091794799710000
org.jfree.chart.LegendItemCollection:getItemCount:()I#107#4 prob_bp = 0.49992280672472920000
org.jfree.chart.renderer.category.AbstractCategoryItemRenderer:getLegendItems:()Lorg/jfree/chart/LegendItemCollection;#1797#36 prob_bp = 0.49998755533816996000
org.jfree.chart.renderer.category.AbstractCategoryItemRenderer:getLegendItems:()Lorg/jfree/chart/LegendItemCollection;#1797#35 prob_bp = 0.49999691970001750000
org.jfree.chart.renderer.category.AbstractCategoryItemRenderer:getLegendItems:()Lorg/jfree/chart/LegendItemCollection;#1796#34 prob_bp = 0.49999923739433205000
org.jfree.chart.LegendItemCollection:getItemCount:()I#107#1 prob_bp = 0.49999968936315964000
org.jfree.chart.plot.CategoryPlot:getDataset:(I)Lorg/jfree/data/category/CategoryDataset;#1324#26 prob_bp = 0.49999981102466860000
org.jfree.chart.LegendItemCollection:getItemCount:()I#107#0 prob_bp = 0.49999989954685000000
org.jfree.chart.plot.CategoryPlot:getDataset:(I)Lorg/jfree/data/category/CategoryDataset;#1324#25 prob_bp = 0.49999995299825967000
org.jfree.chart.LegendItemCollection:<init>:()V#69#12 prob_bp = 0.49999996941822690000
org.jfree.chart.LegendItemCollection:<init>:()V#69#5 prob_bp = 0.49999997060278290000
org.jfree.chart.LegendItemCollection:<init>:()V#69#4 prob_bp = 0.49999998736147560000
org.jfree.chart.plot.CategoryPlot:getDataset:(I)Lorg/jfree/data/category/CategoryDataset;#1321#10#unexe#2 prob_bp = 0.49999998813673380000
org.jfree.chart.renderer.category.AbstractCategoryItemRenderer:getLegendItems:()Lorg/jfree/chart/LegendItemCollection;#1791#0 prob_bp = 0.49999999087238867000
org.jfree.chart.renderer.category.AbstractCategoryItemRenderer:getLegendItems:()Lorg/jfree/chart/LegendItemCollection;#1791#4 prob_bp = 0.49999999181446503000
org.jfree.chart.renderer.category.AbstractCategoryItemRenderer:getLegendItems:()Lorg/jfree/chart/LegendItemCollection;#1791#3 prob_bp = 0.49999999291956665000
org.jfree.chart.renderer.category.AbstractCategoryItemRenderer:getLegendItems:()Lorg/jfree/chart/LegendItemCollection;#1798#40 prob_bp = 0.49999999567879766000
org.jfree.chart.plot.CategoryPlot:getDataset:(I)Lorg/jfree/data/category/CategoryDataset;#1322#24 prob_bp = 0.49999999683386670000
org.jfree.chart.renderer.category.AbstractCategoryItemRenderer:getLegendItems:()Lorg/jfree/chart/LegendItemCollection;#1798#39 prob_bp = 0.49999999720810173000
org.jfree.chart.renderer.category.AbstractCategoryItemRenderer:getLegendItems:()Lorg/jfree/chart/LegendItemCollection;#1791#7 prob_bp = 0.49999999758502650000
org.jfree.chart.plot.CategoryPlot:getDataset:(I)Lorg/jfree/data/category/CategoryDataset;#1322#21 prob_bp = 0.49999999898649640000
org.jfree.chart.util.AbstractObjectList:indexOf:(Ljava/lang/Object;)I#162#17 prob_bp = 0.49999999945055223000
org.jfree.chart.util.AbstractObjectList:indexOf:(Ljava/lang/Object;)I#162#16 prob_bp = 0.49999999986369104000
org.jfree.chart.util.ObjectList:indexOf:(Ljava/lang/Object;)I#107#2 prob_bp = 0.49999999996595024000
org.jfree.chart.util.ObjectList:indexOf:(Ljava/lang/Object;)I#107#1 prob_bp = 0.49999999999132350000
org.jfree.chart.plot.CategoryPlot:getIndexOf:(Lorg/jfree/chart/renderer/category/CategoryItemRenderer;)I#1727#5 prob_bp = 0.49999999999761924000
org.jfree.chart.plot.CategoryPlot:getIndexOf:(Lorg/jfree/chart/renderer/category/CategoryItemRenderer;)I#1727#4 prob_bp = 0.49999999999918143000
org.jfree.chart.plot.CategoryPlot:getDataset:(I)Lorg/jfree/data/category/CategoryDataset;#1321#10 prob_bp = 0.49999999999930250000
org.jfree.chart.renderer.category.AbstractCategoryItemRenderer:getLegendItems:()Lorg/jfree/chart/LegendItemCollection;#1795#22 prob_bp = 0.49999999999956910000
org.jfree.chart.renderer.category.AbstractCategoryItemRenderer:getLegendItems:()Lorg/jfree/chart/LegendItemCollection;#1795#21 prob_bp = 0.49999999999966527000
org.jfree.chart.plot.CategoryPlot:getDataset:(I)Lorg/jfree/data/category/CategoryDataset;#1321#9 prob_bp = 0.49999999999982760000
org.jfree.chart.renderer.category.AbstractCategoryItemRenderer:getLegendItems:()Lorg/jfree/chart/LegendItemCollection;#1792#12 prob_bp = 0.49999999999988140000
org.jfree.chart.util.AbstractObjectList:indexOf:(Ljava/lang/Object;)I#161#1 prob_bp = 0.49999999999995093000
org.jfree.chart.util.AbstractObjectList:indexOf:(Ljava/lang/Object;)I#161#7 prob_bp = 0.49999999999995110000
org.jfree.chart.util.AbstractObjectList:indexOf:(Ljava/lang/Object;)I#161#0 prob_bp = 0.49999999999995287000
org.jfree.chart.renderer.category.AbstractCategoryItemRenderer:getLegendItems:()Lorg/jfree/chart/LegendItemCollection;#1796#31 prob_bp = 0.49999999999995726000
org.jfree.chart.util.AbstractObjectList:indexOf:(Ljava/lang/Object;)I#162#15 prob_bp = 0.49999999999996136000
org.jfree.chart.util.AbstractObjectList:indexOf:(Ljava/lang/Object;)I#161#2 prob_bp = 0.49999999999996825000
org.jfree.chart.util.AbstractObjectList:indexOf:(Ljava/lang/Object;)I#162#14 prob_bp = 0.49999999999997500000
org.jfree.chart.renderer.category.AbstractCategoryItemRenderer:getLegendItems:()Lorg/jfree/chart/LegendItemCollection;#1796#30 prob_bp = 0.49999999999998934000
org.jfree.data.general.AbstractDataset:notifyListeners:(Lorg/jfree/data/event/DatasetChangeEvent;)V#192#53 prob_bp = 0.49999999999999670000
org.jfree.chart.renderer.category.AbstractCategoryItemRenderer:getLegendItems:()Lorg/jfree/chart/LegendItemCollection;#1795#25 prob_bp = 0.49999999999999734000
org.jfree.data.KeyedObjects2D:setObject:(Ljava/lang/Object;Ljava/lang/Comparable;Ljava/lang/Comparable;)V#277#33 prob_bp = 0.49999999999999845000
org.jfree.chart.renderer.category.AbstractCategoryItemRenderer:getLegendItems:()Lorg/jfree/chart/LegendItemCollection;#1792#9 prob_bp = 0.49999999999999880000
org.jfree.chart.renderer.category.AbstractCategoryItemRenderer:getLegendItems:()Lorg/jfree/chart/LegendItemCollection;#1792#8 prob_bp = 0.49999999999999910000
org.jfree.data.category.DefaultCategoryDataset:addValue:(Ljava/lang/Number;Ljava/lang/Comparable;Ljava/lang/Comparable;)V#243#1 prob_bp = 0.49999999999999917000
org.jfree.chart.util.AbstractObjectList:<init>:(II)V#68#4 prob_bp = 0.49999999999999930000
org.jfree.chart.util.AbstractObjectList:<init>:(II)V#96#15 prob_bp = 0.49999999999999930000
org.jfree.chart.plot.CategoryPlot:getIndexOf:(Lorg/jfree/chart/renderer/category/CategoryItemRenderer;)I#1727#8 prob_bp = 0.49999999999999930000
org.jfree.chart.util.AbstractObjectList:<init>:(II)V#96#20 prob_bp = 0.49999999999999933000
org.jfree.chart.util.AbstractObjectList:<init>:(II)V#68#6 prob_bp = 0.49999999999999944000
org.jfree.data.general.AbstractDataset:notifyListeners:(Lorg/jfree/data/event/DatasetChangeEvent;)V#192#49 prob_bp = 0.49999999999999944000
org.jfree.chart.util.AbstractObjectList:<init>:()V#77#0 prob_bp = 0.49999999999999950000
org.jfree.chart.plot.CategoryPlot:getDataset:(I)Lorg/jfree/data/category/CategoryDataset;#1322#18 prob_bp = 0.49999999999999956000
org.jfree.data.KeyedObjects2D:setObject:(Ljava/lang/Object;Ljava/lang/Comparable;Ljava/lang/Comparable;)V#277#32 prob_bp = 0.49999999999999960000
org.jfree.chart.util.RectangleInsets:<init>:(DDDD)V#102#10 prob_bp = 0.49999999999999970000
org.jfree.chart.plot.CategoryPlot:checkAxisIndices:(Ljava/util/List;)V#1458#51 prob_bp = 0.49999999999999970000
org.jfree.chart.util.AbstractObjectList:<init>:(II)V#96#17 prob_bp = 0.49999999999999980000
org.jfree.chart.util.ObjectList:indexOf:(Ljava/lang/Object;)I#107#5 prob_bp = 0.49999999999999980000
org.jfree.chart.plot.CategoryPlot:setDomainAxisLocation:(ILorg/jfree/chart/axis/AxisLocation;Z)V#946#5 prob_bp = 0.49999999999999983000
org.jfree.chart.plot.CategoryPlot:checkAxisIndices:(Ljava/util/List;)V#1459#58 prob_bp = 0.49999999999999983000
org.jfree.chart.plot.CategoryPlot:getDataset:(I)Lorg/jfree/data/category/CategoryDataset;#1321#6 prob_bp = 0.49999999999999983000
org.jfree.chart.plot.CategoryPlot:mapDatasetToRangeAxes:(ILjava/util/List;)V#1523#0 prob_bp = 0.49999999999999983000
org.jfree.chart.util.AbstractObjectList:indexOf:(Ljava/lang/Object;)I#163#20 prob_bp = 0.49999999999999983000
org.jfree.data.KeyedObjects2D:setObject:(Ljava/lang/Object;Ljava/lang/Comparable;Ljava/lang/Comparable;)V#278#40 prob_bp = 0.49999999999999983000
org.jfree.chart.util.AbstractObjectList:<init>:(I)V#86#0 prob_bp = 0.49999999999999990000
org.jfree.chart.util.ObjectList:<init>:()V#58#0 prob_bp = 0.49999999999999990000
org.jfree.data.KeyedObjects2D:<init>:()V#76#34 prob_bp = 0.49999999999999990000
org.jfree.chart.plot.CategoryPlot:<init>:(Lorg/jfree/data/category/CategoryDataset;Lorg/jfree/chart/axis/CategoryAxis;Lorg/jfree/chart/axis/ValueAxis;Lorg/jfree/chart/renderer/category/CategoryItemRenderer;)V#607#173 prob_bp = 0.49999999999999990000
org.jfree.chart.plot.CategoryPlot:setDomainAxisLocation:(Lorg/jfree/chart/axis/AxisLocation;Z)V#913#4 prob_bp = 0.49999999999999990000
org.jfree.chart.plot.CategoryPlot:setDomainAxisLocation:(ILorg/jfree/chart/axis/AxisLocation;Z)V#946#4 prob_bp = 0.49999999999999990000
org.jfree.chart.plot.CategoryPlot:setRangeAxisLocation:(ILorg/jfree/chart/axis/AxisLocation;Z)V#1227#0 prob_bp = 0.49999999999999990000
org.jfree.chart.plot.CategoryPlot:getDataset:(I)Lorg/jfree/data/category/CategoryDataset;#1322#17 prob_bp = 0.49999999999999990000
org.jfree.data.general.AbstractDataset:addChangeListener:(Lorg/jfree/data/event/DatasetChangeListener;)V#133#16 prob_bp = 0.49999999999999990000
org.jfree.chart.util.AbstractObjectList:indexOf:(Ljava/lang/Object;)I#161#4 prob_bp = 0.49999999999999990000
org.jfree.chart.util.AbstractObjectList:indexOf:(Ljava/lang/Object;)I#162#10 prob_bp = 0.49999999999999990000
org.jfree.data.KeyedObjects2D:setObject:(Ljava/lang/Object;Ljava/lang/Comparable;Ljava/lang/Comparable;)V#277#38 prob_bp = 0.49999999999999990000
org.jfree.chart.util.AbstractObjectList:<init>:(II)V#96#16 prob_bp = 0.49999999999999994000
org.jfree.data.KeyedObjects2D:<init>:()V#74#4 prob_bp = 0.49999999999999994000
org.jfree.chart.plot.CategoryPlot:<init>:(Lorg/jfree/data/category/CategoryDataset;Lorg/jfree/chart/axis/CategoryAxis;Lorg/jfree/chart/axis/ValueAxis;Lorg/jfree/chart/renderer/category/CategoryItemRenderer;)V#600#125 prob_bp = 0.49999999999999994000
org.jfree.chart.plot.CategoryPlot:setDomainAxisLocation:(Lorg/jfree/chart/axis/AxisLocation;Z)V#913#2 prob_bp = 0.49999999999999994000
org.jfree.chart.plot.CategoryPlot:setDomainAxisLocation:(ILorg/jfree/chart/axis/AxisLocation;Z)V#946#1 prob_bp = 0.49999999999999994000
org.jfree.chart.plot.CategoryPlot:<init>:(Lorg/jfree/data/category/CategoryDataset;Lorg/jfree/chart/axis/CategoryAxis;Lorg/jfree/chart/axis/ValueAxis;Lorg/jfree/chart/renderer/category/CategoryItemRenderer;)V#610#191 prob_bp = 0.49999999999999994000
org.jfree.chart.plot.CategoryPlot:<init>:(Lorg/jfree/data/category/CategoryDataset;Lorg/jfree/chart/axis/CategoryAxis;Lorg/jfree/chart/axis/ValueAxis;Lorg/jfree/chart/renderer/category/CategoryItemRenderer;)V#616#221 prob_bp = 0.49999999999999994000
org.jfree.chart.plot.CategoryPlot:mapDatasetToDomainAxis:(II)V#1412#27 prob_bp = 0.49999999999999994000
org.jfree.chart.plot.CategoryPlot:checkAxisIndices:(Ljava/util/List;)V#1458#46 prob_bp = 0.49999999999999994000
org.jfree.chart.plot.CategoryPlot:setDataset:(ILorg/jfree/data/category/CategoryDataset;)V#1356#23 prob_bp = 0.49999999999999994000
org.jfree.data.general.AbstractDataset:addChangeListener:(Lorg/jfree/data/event/DatasetChangeListener;)V#133#7 prob_bp = 0.49999999999999994000
org.jfree.data.general.AbstractDataset:class$:(Ljava/lang/String;)Ljava/lang/Class;#133#4 prob_bp = 0.49999999999999994000
org.jfree.data.KeyedObjects2D:setObject:(Ljava/lang/Object;Ljava/lang/Comparable;Ljava/lang/Comparable;)V#284#85 prob_bp = 0.49999999999999994000
org.jfree.chart.axis.AxisLocation:<clinit>:()V#69#33 prob_bp = 0.50000000000000000000
org.jfree.chart.util.UnitType:<clinit>:()V#56#9 prob_bp = 0.50000000000000000000
org.jfree.data.KeyedObjects2D:<init>:()V#74#12 prob_bp = 0.50000000000000000000
org.jfree.data.category.AbstractCategoryDataset:setSelectionState:(Lorg/jfree/data/category/CategoryDatasetSelectionState;)V#88#5 prob_bp = 0.50000000000000000000
org.jfree.chart.plot.CategoryPlot:<init>:()V#567#0 prob_bp = 0.50000000000000000000
org.jfree.chart.plot.CategoryPlot:<init>:(Lorg/jfree/data/category/CategoryDataset;Lorg/jfree/chart/axis/CategoryAxis;Lorg/jfree/chart/axis/ValueAxis;Lorg/jfree/chart/renderer/category/CategoryItemRenderer;)V#597#108 prob_bp = 0.50000000000000000000
org.jfree.chart.plot.CategoryPlot:<init>:(Lorg/jfree/data/category/CategoryDataset;Lorg/jfree/chart/axis/CategoryAxis;Lorg/jfree/chart/axis/ValueAxis;Lorg/jfree/chart/renderer/category/CategoryItemRenderer;)V#600#126 prob_bp = 0.50000000000000000000
org.jfree.chart.util.RectangleInsets:<init>:(DDDD)V#102#1 prob_bp = 0.50000000000000000000
org.jfree.chart.util.RectangleInsets:<init>:(Lorg/jfree/chart/util/UnitType;DDDD)V#117#4 prob_bp = 0.50000000000000000000
org.jfree.chart.util.RectangleInsets:<init>:(Lorg/jfree/chart/util/UnitType;DDDD)V#117#5 prob_bp = 0.50000000000000000000
org.jfree.chart.plot.CategoryPlot:<init>:(Lorg/jfree/data/category/CategoryDataset;Lorg/jfree/chart/axis/CategoryAxis;Lorg/jfree/chart/axis/ValueAxis;Lorg/jfree/chart/renderer/category/CategoryItemRenderer;)V#607#169 prob_bp = 0.50000000000000000000
org.jfree.chart.plot.CategoryPlot:setDomainAxisLocation:(ILorg/jfree/chart/axis/AxisLocation;Z)V#946#0 prob_bp = 0.50000000000000000000
org.jfree.chart.plot.CategoryPlot:setDomainAxisLocation:(ILorg/jfree/chart/axis/AxisLocation;Z)V#950#22 prob_bp = 0.50000000000000000000
org.jfree.chart.plot.CategoryPlot:<init>:(Lorg/jfree/data/category/CategoryDataset;Lorg/jfree/chart/axis/CategoryAxis;Lorg/jfree/chart/axis/ValueAxis;Lorg/jfree/chart/renderer/category/CategoryItemRenderer;)V#608#177 prob_bp = 0.50000000000000000000
org.jfree.chart.plot.CategoryPlot:<init>:(Lorg/jfree/data/category/CategoryDataset;Lorg/jfree/chart/axis/CategoryAxis;Lorg/jfree/chart/axis/ValueAxis;Lorg/jfree/chart/renderer/category/CategoryItemRenderer;)V#608#181 prob_bp = 0.50000000000000000000
org.jfree.chart.plot.CategoryPlot:setRangeAxisLocation:(Lorg/jfree/chart/axis/AxisLocation;Z)V#1197#2 prob_bp = 0.50000000000000000000
org.jfree.chart.plot.CategoryPlot:setRangeAxisLocation:(ILorg/jfree/chart/axis/AxisLocation;Z)V#1227#1 prob_bp = 0.50000000000000000000
org.jfree.chart.plot.CategoryPlot:setRangeAxisLocation:(ILorg/jfree/chart/axis/AxisLocation;Z)V#1227#4 prob_bp = 0.50000000000000000000
org.jfree.chart.plot.CategoryPlot:<init>:(Lorg/jfree/data/category/CategoryDataset;Lorg/jfree/chart/axis/CategoryAxis;Lorg/jfree/chart/axis/ValueAxis;Lorg/jfree/chart/renderer/category/CategoryItemRenderer;)V#610#184 prob_bp = 0.50000000000000000000
org.jfree.chart.plot.CategoryPlot:<init>:(Lorg/jfree/data/category/CategoryDataset;Lorg/jfree/chart/axis/CategoryAxis;Lorg/jfree/chart/axis/ValueAxis;Lorg/jfree/chart/renderer/category/CategoryItemRenderer;)V#610#185 prob_bp = 0.50000000000000000000
org.jfree.chart.plot.CategoryPlot:<init>:(Lorg/jfree/data/category/CategoryDataset;Lorg/jfree/chart/axis/CategoryAxis;Lorg/jfree/chart/axis/ValueAxis;Lorg/jfree/chart/renderer/category/CategoryItemRenderer;)V#610#188 prob_bp = 0.50000000000000000000
org.jfree.chart.plot.CategoryPlot:<init>:(Lorg/jfree/data/category/CategoryDataset;Lorg/jfree/chart/axis/CategoryAxis;Lorg/jfree/chart/axis/ValueAxis;Lorg/jfree/chart/renderer/category/CategoryItemRenderer;)V#616#219 prob_bp = 0.50000000000000000000
org.jfree.chart.plot.CategoryPlot:mapDatasetToDomainAxis:(II)V#1410#8 prob_bp = 0.50000000000000000000
org.jfree.chart.plot.CategoryPlot:mapDatasetToDomainAxis:(II)V#1411#9 prob_bp = 0.50000000000000000000
org.jfree.chart.plot.CategoryPlot:mapDatasetToDomainAxis:(II)V#1411#10 prob_bp = 0.50000000000000000000
org.jfree.chart.plot.CategoryPlot:mapDatasetToDomainAxis:(II)V#1411#18 prob_bp = 0.50000000000000000000
org.jfree.chart.plot.CategoryPlot:mapDatasetToDomainAxes:(ILjava/util/List;)V#1426#0 prob_bp = 0.50000000000000000000
org.jfree.chart.plot.CategoryPlot:mapDatasetToDomainAxes:(ILjava/util/List;)V#1426#1 prob_bp = 0.50000000000000000000
org.jfree.chart.plot.CategoryPlot:mapDatasetToDomainAxes:(ILjava/util/List;)V#1429#15 prob_bp = 0.50000000000000000000
org.jfree.chart.plot.CategoryPlot:checkAxisIndices:(Ljava/util/List;)V#1458#43 prob_bp = 0.50000000000000000000
org.jfree.chart.plot.CategoryPlot:mapDatasetToDomainAxes:(ILjava/util/List;)V#1433#45 prob_bp = 0.50000000000000000000
org.jfree.chart.plot.CategoryPlot:mapDatasetToDomainAxes:(ILjava/util/List;)V#1433#49 prob_bp = 0.50000000000000000000
org.jfree.chart.plot.CategoryPlot:mapDatasetToDomainAxes:(ILjava/util/List;)V#1433#50 prob_bp = 0.50000000000000000000
org.jfree.chart.plot.CategoryPlot:getDataset:(I)Lorg/jfree/data/category/CategoryDataset;#1322#13 prob_bp = 0.50000000000000000000
org.jfree.chart.plot.CategoryPlot:mapDatasetToRangeAxis:(II)V#1509#25 prob_bp = 0.50000000000000000000
org.jfree.chart.plot.CategoryPlot:mapDatasetToRangeAxes:(ILjava/util/List;)V#1523#1 prob_bp = 0.50000000000000000000
org.jfree.chart.plot.CategoryPlot:setDataset:(ILorg/jfree/data/category/CategoryDataset;)V#1356#24 prob_bp = 0.50000000000000000000
org.jfree.chart.plot.CategoryPlot:setDataset:(ILorg/jfree/data/category/CategoryDataset;)V#1357#32 prob_bp = 0.50000000000000000000
org.jfree.data.general.AbstractDataset:addChangeListener:(Lorg/jfree/data/event/DatasetChangeListener;)V#133#4 prob_bp = 0.50000000000000000000
org.jfree.data.general.AbstractDataset:addChangeListener:(Lorg/jfree/data/event/DatasetChangeListener;)V#133#12 prob_bp = 0.50000000000000000000
org.jfree.data.general.AbstractDataset:class$:(Ljava/lang/String;)Ljava/lang/Class;#133#0 prob_bp = 0.50000000000000000000
org.jfree.data.general.AbstractDataset:addChangeListener:(Lorg/jfree/data/event/DatasetChangeListener;)V#133#15 prob_bp = 0.50000000000000000000
org.jfree.chart.plot.CategoryPlot:setRenderer:(Lorg/jfree/chart/renderer/category/CategoryItemRenderer;)V#1613#0 prob_bp = 0.50000000000000000000
org.jfree.chart.plot.CategoryPlot:setRenderer:(Lorg/jfree/chart/renderer/category/CategoryItemRenderer;)V#1613#1 prob_bp = 0.50000000000000000000
org.jfree.chart.plot.CategoryPlot:setRenderer:(Lorg/jfree/chart/renderer/category/CategoryItemRenderer;)V#1613#2 prob_bp = 0.50000000000000000000
org.jfree.chart.plot.CategoryPlot:setRenderer:(Lorg/jfree/chart/renderer/category/CategoryItemRenderer;)V#1613#3 prob_bp = 0.50000000000000000000
org.jfree.chart.plot.CategoryPlot:setRenderer:(Lorg/jfree/chart/renderer/category/CategoryItemRenderer;)V#1613#4 prob_bp = 0.50000000000000000000
org.jfree.chart.plot.CategoryPlot:setRenderer:(ILorg/jfree/chart/renderer/category/CategoryItemRenderer;Z)V#1672#26 prob_bp = 0.50000000000000000000
org.jfree.chart.plot.CategoryPlot:setRenderer:(ILorg/jfree/chart/renderer/category/CategoryItemRenderer;Z)V#1672#30 prob_bp = 0.50000000000000000000
org.jfree.chart.plot.CategoryPlot:setRenderer:(ILorg/jfree/chart/renderer/category/CategoryItemRenderer;Z)V#1672#31 prob_bp = 0.50000000000000000000
org.jfree.chart.plot.CategoryPlot:setRenderer:(ILorg/jfree/chart/renderer/category/CategoryItemRenderer;Z)V#1674#39 prob_bp = 0.50000000000000000000
org.jfree.chart.renderer.category.AbstractCategoryItemRenderer:setPlot:(Lorg/jfree/chart/plot/CategoryPlot;)V#296#14 prob_bp = 0.50000000000000000000
org.jfree.chart.renderer.category.AbstractCategoryItemRenderer:setPlot:(Lorg/jfree/chart/plot/CategoryPlot;)V#296#15 prob_bp = 0.50000000000000000000
org.jfree.chart.renderer.category.AbstractCategoryItemRenderer:getLegendItems:()Lorg/jfree/chart/LegendItemCollection;#1795#17 prob_bp = 0.50000000000000000000
org.jfree.chart.renderer.category.AbstractCategoryItemRenderer:getLegendItems:()Lorg/jfree/chart/LegendItemCollection;#1795#18 prob_bp = 0.50000000000000000000
org.jfree.chart.plot.CategoryPlot:getIndexOf:(Lorg/jfree/chart/renderer/category/CategoryItemRenderer;)I#1727#0 prob_bp = 0.50000000000000000000
org.jfree.chart.plot.CategoryPlot:getIndexOf:(Lorg/jfree/chart/renderer/category/CategoryItemRenderer;)I#1727#1 prob_bp = 0.50000000000000000000
org.jfree.chart.util.ObjectList:indexOf:(Ljava/lang/Object;)I#107#0 prob_bp = 0.50000000000000000000
org.jfree.chart.util.AbstractObjectList:indexOf:(Ljava/lang/Object;)I#161#3 prob_bp = 0.50000000000000000000
org.jfree.chart.util.AbstractObjectList:indexOf:(Ljava/lang/Object;)I#162#11 prob_bp = 0.50000000000000000000
org.jfree.chart.util.AbstractObjectList:indexOf:(Ljava/lang/Object;)I#163#21 prob_bp = 0.50000000000000000000
org.jfree.chart.renderer.category.AbstractCategoryItemRenderer:getLegendItems:()Lorg/jfree/chart/LegendItemCollection;#1796#26 prob_bp = 0.50000000000000000000
org.jfree.chart.renderer.category.AbstractCategoryItemRenderer:getLegendItems:()Lorg/jfree/chart/LegendItemCollection;#1796#27 prob_bp = 0.50000000000000000000
org.jfree.data.category.DefaultCategoryDataset:addValue:(Ljava/lang/Number;Ljava/lang/Comparable;Ljava/lang/Comparable;)V#243#0 prob_bp = 0.50000000000000000000
org.jfree.data.KeyedObjects2D:setObject:(Ljava/lang/Object;Ljava/lang/Comparable;Ljava/lang/Comparable;)V#277#28 prob_bp = 0.50000000000000000000
org.jfree.data.general.AbstractDataset:notifyListeners:(Lorg/jfree/data/event/DatasetChangeEvent;)V#191#17 prob_bp = 0.50000000000000000000
org.jfree.data.general.AbstractDataset:notifyListeners:(Lorg/jfree/data/event/DatasetChangeEvent;)V#191#18 prob_bp = 0.50000000000000000000
org.jfree.data.general.AbstractDataset:notifyListeners:(Lorg/jfree/data/event/DatasetChangeEvent;)V#191#19 prob_bp = 0.50000000000000000000
org.jfree.data.general.AbstractDataset:notifyListeners:(Lorg/jfree/data/event/DatasetChangeEvent;)V#191#20 prob_bp = 0.50000000000000000000
org.jfree.data.general.AbstractDataset:notifyListeners:(Lorg/jfree/data/event/DatasetChangeEvent;)V#191#23 prob_bp = 0.50000000000000000000
org.jfree.data.general.AbstractDataset:notifyListeners:(Lorg/jfree/data/event/DatasetChangeEvent;)V#191#38 prob_bp = 0.50000000000000000000
org.jfree.data.general.AbstractDataset:notifyListeners:(Lorg/jfree/data/event/DatasetChangeEvent;)V#191#41 prob_bp = 0.50000000000000000000
org.jfree.data.general.AbstractDataset:notifyListeners:(Lorg/jfree/data/event/DatasetChangeEvent;)V#192#44 prob_bp = 0.50000000000000000000
org.jfree.data.general.AbstractDataset:notifyListeners:(Lorg/jfree/data/event/DatasetChangeEvent;)V#192#45 prob_bp = 0.50000000000000000000
org.jfree.data.general.AbstractDataset:notifyListeners:(Lorg/jfree/data/event/DatasetChangeEvent;)V#192#46 prob_bp = 0.50000000000000000000
org.jfree.data.general.AbstractDataset:notifyListeners:(Lorg/jfree/data/event/DatasetChangeEvent;)V#192#47 prob_bp = 0.50000000000000000000
org.jfree.data.general.AbstractDataset:notifyListeners:(Lorg/jfree/data/event/DatasetChangeEvent;)V#192#48 prob_bp = 0.50000000000000000000
org.jfree.data.KeyedObjects2D:<init>:()V#76#26 prob_bp = 0.50000000000000010000
org.jfree.chart.plot.CategoryPlot:<init>:()V#567#5 prob_bp = 0.50000000000000010000
org.jfree.chart.plot.CategoryPlot:<init>:(Lorg/jfree/data/category/CategoryDataset;Lorg/jfree/chart/axis/CategoryAxis;Lorg/jfree/chart/axis/ValueAxis;Lorg/jfree/chart/renderer/category/CategoryItemRenderer;)V#597#103 prob_bp = 0.50000000000000010000
org.jfree.chart.plot.CategoryPlot:<init>:(Lorg/jfree/data/category/CategoryDataset;Lorg/jfree/chart/axis/CategoryAxis;Lorg/jfree/chart/axis/ValueAxis;Lorg/jfree/chart/renderer/category/CategoryItemRenderer;)V#597#111 prob_bp = 0.50000000000000010000
org.jfree.chart.plot.CategoryPlot:<init>:(Lorg/jfree/data/category/CategoryDataset;Lorg/jfree/chart/axis/CategoryAxis;Lorg/jfree/chart/axis/ValueAxis;Lorg/jfree/chart/renderer/category/CategoryItemRenderer;)V#599#119 prob_bp = 0.50000000000000010000
org.jfree.chart.plot.CategoryPlot:<init>:(Lorg/jfree/data/category/CategoryDataset;Lorg/jfree/chart/axis/CategoryAxis;Lorg/jfree/chart/axis/ValueAxis;Lorg/jfree/chart/renderer/category/CategoryItemRenderer;)V#600#129 prob_bp = 0.50000000000000010000
org.jfree.chart.plot.CategoryPlot:<init>:(Lorg/jfree/data/category/CategoryDataset;Lorg/jfree/chart/axis/CategoryAxis;Lorg/jfree/chart/axis/ValueAxis;Lorg/jfree/chart/renderer/category/CategoryItemRenderer;)V#600#131 prob_bp = 0.50000000000000010000
org.jfree.chart.plot.CategoryPlot:setDomainAxisLocation:(Lorg/jfree/chart/axis/AxisLocation;Z)V#913#1 prob_bp = 0.50000000000000010000
org.jfree.chart.plot.CategoryPlot:setDomainAxisLocation:(ILorg/jfree/chart/axis/AxisLocation;Z)V#950#24 prob_bp = 0.50000000000000010000
org.jfree.chart.plot.CategoryPlot:setRangeAxisLocation:(Lorg/jfree/chart/axis/AxisLocation;Z)V#1197#4 prob_bp = 0.50000000000000010000
org.jfree.chart.plot.CategoryPlot:setRangeAxisLocation:(ILorg/jfree/chart/axis/AxisLocation;Z)V#1227#5 prob_bp = 0.50000000000000010000
org.jfree.chart.plot.CategoryPlot:setRangeAxisLocation:(ILorg/jfree/chart/axis/AxisLocation;Z)V#1231#22 prob_bp = 0.50000000000000010000
org.jfree.chart.plot.CategoryPlot:<init>:(Lorg/jfree/data/category/CategoryDataset;Lorg/jfree/chart/axis/CategoryAxis;Lorg/jfree/chart/axis/ValueAxis;Lorg/jfree/chart/renderer/category/CategoryItemRenderer;)V#617#225 prob_bp = 0.50000000000000010000
org.jfree.chart.plot.CategoryPlot:<init>:(Lorg/jfree/data/category/CategoryDataset;Lorg/jfree/chart/axis/CategoryAxis;Lorg/jfree/chart/axis/ValueAxis;Lorg/jfree/chart/renderer/category/CategoryItemRenderer;)V#617#227 prob_bp = 0.50000000000000010000
org.jfree.chart.plot.CategoryPlot:mapDatasetToDomainAxis:(II)V#1410#0 prob_bp = 0.50000000000000010000
org.jfree.chart.plot.CategoryPlot:mapDatasetToDomainAxes:(ILjava/util/List;)V#1429#16 prob_bp = 0.50000000000000010000
org.jfree.chart.plot.CategoryPlot:mapDatasetToDomainAxes:(ILjava/util/List;)V#1433#46 prob_bp = 0.50000000000000010000
org.jfree.chart.plot.CategoryPlot:mapDatasetToDomainAxes:(ILjava/util/List;)V#1433#66 prob_bp = 0.50000000000000010000
org.jfree.chart.plot.CategoryPlot:<init>:(Lorg/jfree/data/category/CategoryDataset;Lorg/jfree/chart/axis/CategoryAxis;Lorg/jfree/chart/axis/ValueAxis;Lorg/jfree/chart/renderer/category/CategoryItemRenderer;)V#625#259 prob_bp = 0.50000000000000010000
org.jfree.chart.plot.CategoryPlot:setDataset:(ILorg/jfree/data/category/CategoryDataset;)V#1357#33 prob_bp = 0.50000000000000010000
org.jfree.data.general.AbstractDataset:class$:(Ljava/lang/String;)Ljava/lang/Class;#133#1 prob_bp = 0.50000000000000010000
org.jfree.chart.plot.CategoryPlot:setRenderer:(ILorg/jfree/chart/renderer/category/CategoryItemRenderer;Z)V#1672#32 prob_bp = 0.50000000000000010000
org.jfree.data.KeyedObjects2D:setObject:(Ljava/lang/Object;Ljava/lang/Comparable;Ljava/lang/Comparable;)V#284#84 prob_bp = 0.50000000000000010000
org.jfree.data.KeyedObjects2D:<init>:()V#74#5 prob_bp = 0.50000000000000020000
org.jfree.data.category.DefaultCategoryDataset:<init>:()V#83#17 prob_bp = 0.50000000000000020000
org.jfree.chart.plot.CategoryPlot:<init>:(Lorg/jfree/data/category/CategoryDataset;Lorg/jfree/chart/axis/CategoryAxis;Lorg/jfree/chart/axis/ValueAxis;Lorg/jfree/chart/renderer/category/CategoryItemRenderer;)V#597#107 prob_bp = 0.50000000000000020000
org.jfree.chart.plot.CategoryPlot:<init>:(Lorg/jfree/data/category/CategoryDataset;Lorg/jfree/chart/axis/CategoryAxis;Lorg/jfree/chart/axis/ValueAxis;Lorg/jfree/chart/renderer/category/CategoryItemRenderer;)V#599#114 prob_bp = 0.50000000000000020000
org.jfree.chart.plot.CategoryPlot:<init>:(Lorg/jfree/data/category/CategoryDataset;Lorg/jfree/chart/axis/CategoryAxis;Lorg/jfree/chart/axis/ValueAxis;Lorg/jfree/chart/renderer/category/CategoryItemRenderer;)V#599#122 prob_bp = 0.50000000000000020000
org.jfree.chart.plot.CategoryPlot:setRangeAxisLocation:(ILorg/jfree/chart/axis/AxisLocation;Z)V#1231#24 prob_bp = 0.50000000000000020000
org.jfree.chart.plot.CategoryPlot:checkAxisIndices:(Ljava/util/List;)V#1456#33 prob_bp = 0.50000000000000020000
org.jfree.chart.plot.CategoryPlot:checkAxisIndices:(Ljava/util/List;)V#1459#53 prob_bp = 0.50000000000000020000
org.jfree.chart.plot.CategoryPlot:checkAxisIndices:(Ljava/util/List;)V#1463#72 prob_bp = 0.50000000000000020000
org.jfree.chart.plot.CategoryPlot:getDataset:(I)Lorg/jfree/data/category/CategoryDataset;#1321#3 prob_bp = 0.50000000000000020000
org.jfree.chart.plot.CategoryPlot:getDataset:(I)Lorg/jfree/data/category/CategoryDataset;#1322#14 prob_bp = 0.50000000000000020000
org.jfree.chart.plot.CategoryPlot:mapDatasetToDomainAxes:(ILjava/util/List;)V#1433#56 prob_bp = 0.50000000000000020000
org.jfree.chart.plot.CategoryPlot:mapDatasetToDomainAxes:(ILjava/util/List;)V#1433#63 prob_bp = 0.50000000000000020000
org.jfree.chart.plot.CategoryPlot:mapDatasetToRangeAxis:(II)V#1507#8 prob_bp = 0.50000000000000020000
org.jfree.chart.plot.CategoryPlot:mapDatasetToRangeAxis:(II)V#1508#9 prob_bp = 0.50000000000000020000
org.jfree.chart.plot.CategoryPlot:mapDatasetToRangeAxis:(II)V#1509#26 prob_bp = 0.50000000000000020000
org.jfree.chart.plot.CategoryPlot:mapDatasetToRangeAxes:(ILjava/util/List;)V#1526#15 prob_bp = 0.50000000000000020000
org.jfree.data.general.AbstractDataset:addChangeListener:(Lorg/jfree/data/event/DatasetChangeListener;)V#133#10 prob_bp = 0.50000000000000020000
org.jfree.chart.plot.CategoryPlot:setRenderer:(ILorg/jfree/chart/renderer/category/CategoryItemRenderer;Z)V#1672#27 prob_bp = 0.50000000000000020000
org.jfree.chart.renderer.category.AbstractCategoryItemRenderer:setPlot:(Lorg/jfree/chart/plot/CategoryPlot;)V#296#16 prob_bp = 0.50000000000000020000
org.jfree.chart.util.ObjectList:<init>:()V#58#1 prob_bp = 0.50000000000000030000
org.jfree.data.category.DefaultCategoryDataset:<init>:()V#83#15 prob_bp = 0.50000000000000030000
org.jfree.chart.plot.CategoryPlot:getDataset:(I)Lorg/jfree/data/category/CategoryDataset;#1321#2 prob_bp = 0.50000000000000030000
org.jfree.chart.plot.CategoryPlot:mapDatasetToRangeAxis:(II)V#1508#18 prob_bp = 0.50000000000000030000
org.jfree.chart.axis.AxisLocation:<clinit>:()V#61#9 prob_bp = 0.50000000000000040000
org.jfree.data.KeyedObjects2D:<init>:()V#76#27 prob_bp = 0.50000000000000040000
org.jfree.chart.plot.CategoryPlot:<init>:(Lorg/jfree/data/category/CategoryDataset;Lorg/jfree/chart/axis/CategoryAxis;Lorg/jfree/chart/axis/ValueAxis;Lorg/jfree/chart/renderer/category/CategoryItemRenderer;)V#597#104 prob_bp = 0.50000000000000040000
org.jfree.chart.plot.CategoryPlot:<init>:(Lorg/jfree/data/category/CategoryDataset;Lorg/jfree/chart/axis/CategoryAxis;Lorg/jfree/chart/axis/ValueAxis;Lorg/jfree/chart/renderer/category/CategoryItemRenderer;)V#599#115 prob_bp = 0.50000000000000040000
org.jfree.chart.plot.CategoryPlot:<init>:(Lorg/jfree/data/category/CategoryDataset;Lorg/jfree/chart/axis/CategoryAxis;Lorg/jfree/chart/axis/ValueAxis;Lorg/jfree/chart/renderer/category/CategoryItemRenderer;)V#617#224 prob_bp = 0.50000000000000040000
org.jfree.chart.plot.CategoryPlot:mapDatasetToDomainAxis:(II)V#1412#24 prob_bp = 0.50000000000000040000
org.jfree.chart.plot.CategoryPlot:mapDatasetToDomainAxis:(II)V#1412#25 prob_bp = 0.50000000000000040000
org.jfree.chart.plot.CategoryPlot:mapDatasetToDomainAxis:(II)V#1412#26 prob_bp = 0.50000000000000040000
org.jfree.chart.plot.CategoryPlot:checkAxisIndices:(Ljava/util/List;)V#1452#5 prob_bp = 0.50000000000000040000
org.jfree.chart.plot.CategoryPlot:checkAxisIndices:(Ljava/util/List;)V#1458#44 prob_bp = 0.50000000000000040000
org.jfree.chart.plot.CategoryPlot:checkAxisIndices:(Ljava/util/List;)V#1459#55 prob_bp = 0.50000000000000040000
org.jfree.chart.plot.CategoryPlot:checkAxisIndices:(Ljava/util/List;)V#1463#71 prob_bp = 0.50000000000000040000
org.jfree.chart.plot.CategoryPlot:checkAxisIndices:(Ljava/util/List;)V#1463#74 prob_bp = 0.50000000000000040000
org.jfree.chart.plot.CategoryPlot:mapDatasetToRangeAxis:(II)V#1507#0 prob_bp = 0.50000000000000040000
org.jfree.chart.plot.CategoryPlot:mapDatasetToRangeAxis:(II)V#1508#10 prob_bp = 0.50000000000000040000
org.jfree.chart.plot.CategoryPlot:<init>:(Lorg/jfree/data/category/CategoryDataset;Lorg/jfree/chart/axis/CategoryAxis;Lorg/jfree/chart/axis/ValueAxis;Lorg/jfree/chart/renderer/category/CategoryItemRenderer;)V#599#118 prob_bp = 0.50000000000000060000
org.jfree.chart.plot.CategoryPlot:setRangeAxisLocation:(Lorg/jfree/chart/axis/AxisLocation;Z)V#1197#1 prob_bp = 0.50000000000000060000
org.jfree.data.KeyedObjects2D:addObject:(Ljava/lang/Object;Ljava/lang/Comparable;Ljava/lang/Comparable;)V#257#0 prob_bp = 0.50000000000000060000
org.jfree.chart.plot.CategoryPlot:checkAxisIndices:(Ljava/util/List;)V#1449#0 prob_bp = 0.50000000000000070000
org.jfree.data.category.DefaultCategoryDataset:<init>:()V#81#9 prob_bp = 0.50000000000000080000
org.jfree.chart.plot.CategoryPlot:mapDatasetToRangeAxes:(ILjava/util/List;)V#1526#16 prob_bp = 0.50000000000000080000
org.jfree.data.category.DefaultCategoryDataset:<init>:()V#81#5 prob_bp = 0.50000000000000090000
org.jfree.data.category.DefaultCategoryDataset:<init>:()V#81#8 prob_bp = 0.50000000000000090000
org.jfree.chart.util.AbstractObjectList:<init>:(I)V#86#1 prob_bp = 0.50000000000000100000
org.jfree.data.KeyedObjects2D:setObject:(Ljava/lang/Object;Ljava/lang/Comparable;Ljava/lang/Comparable;)V#277#29 prob_bp = 0.50000000000000100000
org.jfree.chart.plot.CategoryPlot:checkAxisIndices:(Ljava/util/List;)V#1449#1 prob_bp = 0.50000000000000120000
org.jfree.chart.plot.CategoryPlot:setDataset:(ILorg/jfree/data/category/CategoryDataset;)V#1362#47 prob_bp = 0.50000000000000140000
org.jfree.data.KeyedObjects2D:setObject:(Ljava/lang/Object;Ljava/lang/Comparable;Ljava/lang/Comparable;)V#283#79 prob_bp = 0.50000000000000170000
org.jfree.chart.plot.CategoryPlot:checkAxisIndices:(Ljava/util/List;)V#1456#26 prob_bp = 0.50000000000000200000
org.jfree.chart.plot.CategoryPlot:checkAxisIndices:(Ljava/util/List;)V#1452#6 prob_bp = 0.50000000000000210000
org.jfree.data.KeyedObjects2D:setObject:(Ljava/lang/Object;Ljava/lang/Comparable;Ljava/lang/Comparable;)V#283#78 prob_bp = 0.50000000000000230000
org.jfree.chart.plot.CategoryPlot:setDataset:(Lorg/jfree/data/category/CategoryDataset;)V#1339#2 prob_bp = 0.50000000000000280000
org.jfree.data.KeyedObjects2D:setObject:(Ljava/lang/Object;Ljava/lang/Comparable;Ljava/lang/Comparable;)V#278#42 prob_bp = 0.50000000000000320000
org.jfree.chart.util.AbstractObjectList:<init>:(II)V#68#5 prob_bp = 0.50000000000000340000
org.jfree.chart.util.AbstractObjectList:<init>:(I)V#86#3 prob_bp = 0.50000000000000360000
org.jfree.chart.plot.CategoryPlot:setDataset:(ILorg/jfree/data/category/CategoryDataset;)V#1362#43 prob_bp = 0.50000000000000390000
org.jfree.chart.plot.CategoryPlot:checkAxisIndices:(Ljava/util/List;)V#1453#12 prob_bp = 0.50000000000000410000
org.jfree.chart.plot.CategoryPlot:setDataset:(ILorg/jfree/data/category/CategoryDataset;)V#1362#46 prob_bp = 0.50000000000000410000
org.jfree.data.category.DefaultCategoryDataset:addValue:(Ljava/lang/Number;Ljava/lang/Comparable;Ljava/lang/Comparable;)V#243#12 prob_bp = 0.50000000000000410000
org.jfree.data.KeyedObjects:<init>:()V#72#0 prob_bp = 0.50000000000000430000
org.jfree.data.category.DefaultCategoryDataset:addValue:(DLjava/lang/Comparable;Ljava/lang/Comparable;)V#259#9 prob_bp = 0.50000000000000470000
org.jfree.chart.util.AbstractObjectList:<init>:()V#77#3 prob_bp = 0.50000000000000590000
org.jfree.data.KeyedObjects:<init>:()V#72#1 prob_bp = 0.50000000000000620000
org.jfree.chart.util.AbstractObjectList:<init>:()V#77#1 prob_bp = 0.50000000000001150000
org.jfree.data.KeyedObjects2D:setObject:(Ljava/lang/Object;Ljava/lang/Comparable;Ljava/lang/Comparable;)V#284#88 prob_bp = 0.50000000000001250000
org.jfree.chart.plot.CategoryPlot:checkAxisIndices:(Ljava/util/List;)V#1453#13 prob_bp = 0.50000000000001770000
org.jfree.data.KeyedObjects2D:setObject:(Ljava/lang/Object;Ljava/lang/Comparable;Ljava/lang/Comparable;)V#284#90 prob_bp = 0.50000000000001940000
org.jfree.chart.plot.Plot:fireChangeEvent:()V#986#5 prob_bp = 0.50000000000001950000
org.jfree.chart.util.AbstractObjectList:set:(ILjava/lang/Object;)V#132#65 prob_bp = 0.50000000000002700000
org.jfree.data.KeyedObjects2D:addObject:(Ljava/lang/Object;Ljava/lang/Comparable;Ljava/lang/Comparable;)V#257#2 prob_bp = 0.50000000000002960000
org.jfree.chart.plot.CategoryPlot:mapDatasetToRangeAxes:(ILjava/util/List;)V#1530#50 prob_bp = 0.50000000000003890000
org.jfree.chart.util.AbstractObjectList:set:(ILjava/lang/Object;)V#132#61 prob_bp = 0.50000000000004210000
org.jfree.chart.plot.CategoryPlot:checkAxisIndices:(Ljava/util/List;)V#1463#77 prob_bp = 0.50000000000005730000
org.jfree.chart.util.AbstractObjectList:set:(ILjava/lang/Object;)V#132#66 prob_bp = 0.50000000000006100000
org.jfree.chart.util.AbstractObjectList:set:(ILjava/lang/Object;)V#132#67 prob_bp = 0.50000000000006350000
org.jfree.chart.util.AbstractObjectList:set:(ILjava/lang/Object;)V#132#62 prob_bp = 0.50000000000012490000
org.jfree.data.KeyedObjects2D:setObject:(Ljava/lang/Object;Ljava/lang/Comparable;Ljava/lang/Comparable;)V#283#75 prob_bp = 0.50000000000021250000
org.jfree.data.KeyedObjects2D:setObject:(Ljava/lang/Object;Ljava/lang/Comparable;Ljava/lang/Comparable;)V#283#82 prob_bp = 0.50000000000021940000
org.jfree.data.KeyedObjects2D:setObject:(Ljava/lang/Object;Ljava/lang/Comparable;Ljava/lang/Comparable;)V#278#42#unexe#4 prob_bp = 0.50000000000024080000
org.jfree.chart.plot.Plot:fireChangeEvent:()V#986#1 prob_bp = 0.50000000000035270000
org.jfree.chart.plot.Plot:fireChangeEvent:()V#986#4 prob_bp = 0.50000000000036670000
org.jfree.data.KeyedObjects2D:setObject:(Ljava/lang/Object;Ljava/lang/Comparable;Ljava/lang/Comparable;)V#286#96 prob_bp = 0.50000000000037290000
org.jfree.data.KeyedObjects2D:setObject:(Ljava/lang/Object;Ljava/lang/Comparable;Ljava/lang/Comparable;)V#270#0 prob_bp = 0.50000000000042310000
org.jfree.chart.plot.CategoryPlot:mapDatasetToRangeAxes:(ILjava/util/List;)V#1530#46 prob_bp = 0.50000000000044740000
org.jfree.chart.plot.CategoryPlot:mapDatasetToRangeAxes:(ILjava/util/List;)V#1530#49 prob_bp = 0.50000000000046560000
org.jfree.chart.plot.Plot:fireChangeEvent:()V#986#6 prob_bp = 0.50000000000049930000
org.jfree.chart.plot.CategoryPlot:checkAxisIndices:(Ljava/util/List;)V#1452#11 prob_bp = 0.50000000000055910000
org.jfree.chart.plot.CategoryPlot:setRenderer:(ILorg/jfree/chart/renderer/category/CategoryItemRenderer;Z)V#1673#35 prob_bp = 0.50000000000058500000
org.jfree.chart.util.AbstractObjectList:set:(ILjava/lang/Object;)V#132#68 prob_bp = 0.50000000000061850000
org.jfree.chart.labels.ItemLabelAnchor:<clinit>:()V#132#225 prob_bp = 0.50000000000078260000
org.jfree.chart.renderer.AbstractRenderer:<init>:()V#442#291 prob_bp = 0.50000000000079830000
org.jfree.chart.labels.ItemLabelAnchor:<clinit>:()V#156#297 prob_bp = 0.50000000000083260000
org.jfree.chart.renderer.AbstractRenderer:<init>:()V#438#263 prob_bp = 0.50000000000084950000
org.jfree.data.category.DefaultCategoryDataset:addValue:(DLjava/lang/Comparable;Ljava/lang/Comparable;)V#259#10 prob_bp = 0.50000000000109910000
org.jfree.chart.plot.CategoryPlot:setRenderer:(ILorg/jfree/chart/renderer/category/CategoryItemRenderer;Z)V#1673#36 prob_bp = 0.50000000000140250000
org.jfree.chart.plot.CategoryPlot:datasetChanged:(Lorg/jfree/data/event/DatasetChangeEvent;)V#2345#60 prob_bp = 0.50000000000140990000
org.jfree.data.KeyedObjects2D:setObject:(Ljava/lang/Object;Ljava/lang/Comparable;Ljava/lang/Comparable;)V#270#1 prob_bp = 0.50000000000166110000
org.jfree.data.category.DefaultCategoryDataset:addValue:(Ljava/lang/Number;Ljava/lang/Comparable;Ljava/lang/Comparable;)V#243#13 prob_bp = 0.50000000000188930000
org.jfree.chart.labels.ItemLabelPosition:<init>:(Lorg/jfree/chart/labels/ItemLabelAnchor;Lorg/jfree/chart/text/TextAnchor;)V#90#1 prob_bp = 0.50000000000206800000
org.jfree.chart.plot.CategoryPlot:checkAxisIndices:(Ljava/util/List;)V#1457#34 prob_bp = 0.50000000000263390000
org.jfree.chart.plot.CategoryPlot:checkAxisIndices:(Ljava/util/List;)V#1457#35 prob_bp = 0.50000000000273970000
org.jfree.chart.plot.CategoryPlot:checkAxisIndices:(Ljava/util/List;)V#1457#39 prob_bp = 0.50000000000279870000
org.jfree.chart.plot.CategoryPlot:<init>:(Lorg/jfree/data/category/CategoryDataset;Lorg/jfree/chart/axis/CategoryAxis;Lorg/jfree/chart/axis/ValueAxis;Lorg/jfree/chart/renderer/category/CategoryItemRenderer;)V#624#253 prob_bp = 0.50000000000286690000
org.jfree.data.KeyedObjects:setObject:(Ljava/lang/Comparable;Ljava/lang/Object;)V#205#0 prob_bp = 0.50000000000304900000
org.jfree.chart.plot.CategoryPlot:<init>:(Lorg/jfree/data/category/CategoryDataset;Lorg/jfree/chart/axis/CategoryAxis;Lorg/jfree/chart/axis/ValueAxis;Lorg/jfree/chart/renderer/category/CategoryItemRenderer;)V#624#255 prob_bp = 0.50000000000316310000
org.jfree.chart.plot.CategoryPlot:checkAxisIndices:(Ljava/util/List;)V#1457#97 prob_bp = 0.50000000000316670000
org.jfree.data.category.DefaultCategoryDataset:addValue:(Ljava/lang/Number;Ljava/lang/Comparable;Ljava/lang/Comparable;)V#243#14 prob_bp = 0.50000000000439700000
org.jfree.chart.plot.CategoryPlot:checkAxisIndices:(Ljava/util/List;)V#1457#37 prob_bp = 0.50000000000488840000
org.jfree.chart.plot.CategoryPlot:setRenderer:(ILorg/jfree/chart/renderer/category/CategoryItemRenderer;Z)V#1674#40 prob_bp = 0.50000000000585660000
org.jfree.chart.labels.ItemLabelPosition:<init>:(Lorg/jfree/chart/labels/ItemLabelAnchor;Lorg/jfree/chart/text/TextAnchor;Lorg/jfree/chart/text/TextAnchor;D)V#111#4 prob_bp = 0.50000000000754620000
org.jfree.chart.plot.CategoryPlot:checkAxisIndices:(Ljava/util/List;)V#1457#40 prob_bp = 0.50000000001182470000
org.jfree.data.KeyedObjects2D:addObject:(Ljava/lang/Object;Ljava/lang/Comparable;Ljava/lang/Comparable;)V#257#3 prob_bp = 0.50000000001425230000
org.jfree.chart.util.ObjectList:set:(ILjava/lang/Object;)V#95#0 prob_bp = 0.50000000001538090000
org.jfree.chart.plot.CategoryPlot:setRenderer:(ILorg/jfree/chart/renderer/category/CategoryItemRenderer;Z)V#1674#41 prob_bp = 0.50000000001701660000
org.jfree.chart.util.AbstractObjectList:set:(ILjava/lang/Object;)V#131#53 prob_bp = 0.50000000001816780000
org.jfree.chart.event.PlotChangeEvent:<init>:(Lorg/jfree/chart/plot/Plot;)V#64#1 prob_bp = 0.50000000002233250000
org.jfree.chart.labels.ItemLabelPosition:<init>:(Lorg/jfree/chart/labels/ItemLabelAnchor;Lorg/jfree/chart/text/TextAnchor;Lorg/jfree/chart/text/TextAnchor;D)V#111#5 prob_bp = 0.50000000002426110000
org.jfree.chart.plot.CategoryPlot:datasetChanged:(Lorg/jfree/data/event/DatasetChangeEvent;)V#2345#56 prob_bp = 0.50000000002546020000
org.jfree.chart.text.TextAnchor:<clinit>:()V#109#165 prob_bp = 0.50000000002598250000
org.jfree.chart.plot.CategoryPlot:datasetChanged:(Lorg/jfree/data/event/DatasetChangeEvent;)V#2345#59 prob_bp = 0.50000000002648280000
org.jfree.chart.renderer.AbstractRenderer:<init>:()V#438#266 prob_bp = 0.50000000002650800000
org.jfree.chart.renderer.AbstractRenderer:<init>:()V#438#269 prob_bp = 0.50000000002846380000
org.jfree.chart.plot.CategoryPlot:datasetChanged:(Lorg/jfree/data/event/DatasetChangeEvent;)V#2345#61 prob_bp = 0.50000000003610940000
org.jfree.data.KeyedObjects:getIndex:(Ljava/lang/Comparable;)I#137#16 prob_bp = 0.50000000004643920000
org.jfree.chart.event.PlotChangeEvent:<init>:(Lorg/jfree/chart/plot/Plot;)V#64#0 prob_bp = 0.50000000004772940000
org.jfree.chart.util.ObjectList:set:(ILjava/lang/Object;)V#95#2 prob_bp = 0.50000000005167860000
org.jfree.data.KeyedObjects2D:addObject:(Ljava/lang/Object;Ljava/lang/Comparable;Ljava/lang/Comparable;)V#257#4 prob_bp = 0.50000000005336120000
org.jfree.chart.util.AbstractObjectList:set:(ILjava/lang/Object;)V#132#60 prob_bp = 0.50000000005431580000
org.jfree.chart.util.AbstractObjectList:set:(ILjava/lang/Object;)V#131#54 prob_bp = 0.50000000005436600000
org.jfree.chart.renderer.category.AbstractCategoryItemRenderer:setPlot:(Lorg/jfree/chart/plot/CategoryPlot;)V#293#0 prob_bp = 0.50000000006191390000
org.jfree.chart.util.AbstractObjectList:set:(ILjava/lang/Object;)V#131#57 prob_bp = 0.50000000009177000000
org.jfree.chart.util.AbstractObjectList:set:(ILjava/lang/Object;)V#131#58 prob_bp = 0.50000000009177040000
org.jfree.data.category.AbstractCategoryDataset:setSelectionState:(Lorg/jfree/data/category/CategoryDatasetSelectionState;)V#88#6 prob_bp = 0.50000000009522000000
org.jfree.data.KeyedObjects2D:setObject:(Ljava/lang/Object;Ljava/lang/Comparable;Ljava/lang/Comparable;)V#273#14 prob_bp = 0.50000000009745300000
org.jfree.data.category.AbstractCategoryDataset:setSelectionState:(Lorg/jfree/data/category/CategoryDatasetSelectionState;)V#88#13 prob_bp = 0.50000000009872760000
org.jfree.data.KeyedObjects2D:setObject:(Ljava/lang/Object;Ljava/lang/Comparable;Ljava/lang/Comparable;)V#286#98 prob_bp = 0.50000000011014000000
org.jfree.chart.text.TextAnchor:<clinit>:()V#62#21 prob_bp = 0.50000000017538730000
org.jfree.chart.util.AbstractObjectList:set:(ILjava/lang/Object;)V#132#71 prob_bp = 0.50000000017842450000
org.jfree.chart.renderer.AbstractRenderer:<init>:()V#442#294 prob_bp = 0.50000000017893040000
org.jfree.data.KeyedObjects:getIndex:(Ljava/lang/Comparable;)I#137#17 prob_bp = 0.50000000018641030000
org.jfree.chart.renderer.AbstractRenderer:<init>:()V#442#297 prob_bp = 0.50000000019395190000
org.jfree.chart.util.AbstractObjectList:set:(ILjava/lang/Object;)V#131#59 prob_bp = 0.50000000019867790000
org.jfree.chart.event.PlotChangeEvent:<init>:(Lorg/jfree/chart/plot/Plot;)V#64#2 prob_bp = 0.50000000020440570000
org.jfree.data.category.DefaultCategoryDataset:<init>:()V#80#0 prob_bp = 0.50000000020947470000
org.jfree.data.category.DefaultCategoryDataset:<init>:()V#80#1 prob_bp = 0.50000000023373930000
org.jfree.chart.renderer.category.AbstractCategoryItemRenderer:setPlot:(Lorg/jfree/chart/plot/CategoryPlot;)V#293#1 prob_bp = 0.50000000024253990000
org.jfree.chart.labels.ItemLabelPosition:<init>:(Lorg/jfree/chart/labels/ItemLabelAnchor;Lorg/jfree/chart/text/TextAnchor;)V#90#2 prob_bp = 0.50000000027945040000
org.jfree.data.category.AbstractCategoryDataset:<init>:()V#64#0 prob_bp = 0.50000000032129210000
org.jfree.chart.event.ChartChangeEvent:<init>:(Ljava/lang/Object;)V#69#1 prob_bp = 0.50000000035945440000
org.jfree.data.general.AbstractDataset:fireDatasetChanged:(Lorg/jfree/chart/event/DatasetChangeInfo;)V#176#5 prob_bp = 0.50000000036542110000
org.jfree.chart.event.ChartChangeEvent:<init>:(Ljava/lang/Object;)V#69#0 prob_bp = 0.50000000038449540000
org.jfree.data.KeyedObjects2D:setObject:(Ljava/lang/Object;Ljava/lang/Comparable;Ljava/lang/Comparable;)V#273#15 prob_bp = 0.50000000038882260000
org.jfree.data.KeyedObjects2D:setObject:(Ljava/lang/Object;Ljava/lang/Comparable;Ljava/lang/Comparable;)V#286#100 prob_bp = 0.50000000044098470000
org.jfree.data.category.AbstractCategoryDataset:<init>:()V#64#1 prob_bp = 0.50000000064349530000
org.jfree.chart.plot.CategoryPlot:setRenderer:(ILorg/jfree/chart/renderer/category/CategoryItemRenderer;Z)V#1675#47 prob_bp = 0.50000000128876700000
org.jfree.chart.labels.ItemLabelPosition:<init>:(Lorg/jfree/chart/labels/ItemLabelAnchor;Lorg/jfree/chart/text/TextAnchor;Lorg/jfree/chart/text/TextAnchor;D)V#115#18 prob_bp = 0.50000000142300320000
org.jfree.data.KeyedObjects:setObject:(Ljava/lang/Comparable;Ljava/lang/Object;)V#205#1 prob_bp = 0.50000000176872150000
org.jfree.data.general.AbstractDataset:<init>:()V#95#0 prob_bp = 0.50000000184251780000
org.jfree.chart.plot.CategoryPlot:<init>:(Lorg/jfree/data/category/CategoryDataset;Lorg/jfree/chart/axis/CategoryAxis;Lorg/jfree/chart/axis/ValueAxis;Lorg/jfree/chart/renderer/category/CategoryItemRenderer;)V#584#0 prob_bp = 0.50000000189527230000
org.jfree.chart.plot.CategoryPlot:<init>:(Lorg/jfree/data/category/CategoryDataset;Lorg/jfree/chart/axis/CategoryAxis;Lorg/jfree/chart/axis/ValueAxis;Lorg/jfree/chart/renderer/category/CategoryItemRenderer;)V#584#1 prob_bp = 0.50000000194006080000
org.jfree.chart.plot.Plot:<init>:()V#306#0 prob_bp = 0.50000000204172400000
org.jfree.chart.plot.Plot:<init>:()V#306#1 prob_bp = 0.50000000228357880000
org.jfree.chart.plot.CategoryPlot:<init>:(Lorg/jfree/data/category/CategoryDataset;Lorg/jfree/chart/axis/CategoryAxis;Lorg/jfree/chart/axis/ValueAxis;Lorg/jfree/chart/renderer/category/CategoryItemRenderer;)V#625#258 prob_bp = 0.50000000235129270000
org.jfree.chart.plot.CategoryPlot:<init>:(Lorg/jfree/data/category/CategoryDataset;Lorg/jfree/chart/axis/CategoryAxis;Lorg/jfree/chart/axis/ValueAxis;Lorg/jfree/chart/renderer/category/CategoryItemRenderer;)V#625#261 prob_bp = 0.50000000245055430000
org.jfree.chart.plot.CategoryPlot:mapDatasetToRangeAxis:(II)V#1509#24 prob_bp = 0.50000000285018820000
org.jfree.chart.event.ChartChangeEvent:<init>:(Ljava/lang/Object;)V#69#6 prob_bp = 0.50000000291061030000
org.jfree.chart.plot.CategoryPlot:setRenderer:(ILorg/jfree/chart/renderer/category/CategoryItemRenderer;Z)V#1675#48 prob_bp = 0.50000000374681100000
org.jfree.chart.plot.CategoryPlot:mapDatasetToRangeAxis:(II)V#1509#27 prob_bp = 0.50000000445913170000
org.jfree.chart.labels.ItemLabelPosition:<init>:(Lorg/jfree/chart/labels/ItemLabelAnchor;Lorg/jfree/chart/text/TextAnchor;Lorg/jfree/chart/text/TextAnchor;D)V#115#19 prob_bp = 0.50000000509828700000
org.jfree.data.general.AbstractDataset:fireDatasetChanged:(Lorg/jfree/chart/event/DatasetChangeInfo;)V#176#1 prob_bp = 0.50000000519884370000
org.jfree.data.general.AbstractDataset:fireDatasetChanged:(Lorg/jfree/chart/event/DatasetChangeInfo;)V#176#4 prob_bp = 0.50000000540712430000
org.jfree.data.event.DatasetChangeEvent:<init>:(Ljava/lang/Object;Lorg/jfree/data/general/Dataset;Lorg/jfree/chart/event/DatasetChangeInfo;)V#87#1 prob_bp = 0.50000000573442450000
org.jfree.chart.event.ChartChangeEvent:<init>:(Ljava/lang/Object;Lorg/jfree/chart/JFreeChart;Lorg/jfree/chart/event/ChartChangeEventType;)V#93#1 prob_bp = 0.50000000579627860000
org.jfree.chart.event.ChartChangeEvent:<init>:(Ljava/lang/Object;Lorg/jfree/chart/JFreeChart;Lorg/jfree/chart/event/ChartChangeEventType;)V#93#0 prob_bp = 0.50000000581537800000
org.jfree.data.general.AbstractDataset:<init>:()V#95#1 prob_bp = 0.50000000633193300000
org.jfree.chart.plot.CategoryPlot:setRenderer:(ILorg/jfree/chart/renderer/category/CategoryItemRenderer;Z)V#1682#65 prob_bp = 0.50000000710180390000
org.jfree.data.KeyedObjects:setObject:(Ljava/lang/Comparable;Ljava/lang/Object;)V#205#2 prob_bp = 0.50000000713075430000
org.jfree.data.event.DatasetChangeEvent:<init>:(Ljava/lang/Object;Lorg/jfree/data/general/Dataset;Lorg/jfree/chart/event/DatasetChangeInfo;)V#87#0 prob_bp = 0.50000000957733680000
org.jfree.chart.util.AbstractObjectList:get:(I)Ljava/lang/Object;#110#7 prob_bp = 0.50000001034626080000
org.jfree.chart.plot.CategoryPlot:setDataset:(Lorg/jfree/data/category/CategoryDataset;)V#1339#1 prob_bp = 0.50000001091482890000
org.jfree.chart.plot.CategoryPlot:mapDatasetToRangeAxes:(ILjava/util/List;)V#1530#45 prob_bp = 0.50000001093676650000
org.jfree.chart.plot.CategoryPlot:setDataset:(ILorg/jfree/data/category/CategoryDataset;)V#1356#27 prob_bp = 0.50000001158201590000
org.jfree.chart.plot.CategoryPlot:setDataset:(ILorg/jfree/data/category/CategoryDataset;)V#1356#29 prob_bp = 0.50000001248507530000
org.jfree.chart.renderer.AbstractRenderer:addChangeListener:(Lorg/jfree/chart/event/RendererChangeListener;)V#2892#0 prob_bp = 0.50000001364492940000
org.jfree.chart.util.ObjectList:set:(ILjava/lang/Object;)V#95#1 prob_bp = 0.50000001437515580000
org.jfree.chart.util.ObjectList:set:(ILjava/lang/Object;)V#95#3 prob_bp = 0.50000001821857850000
org.jfree.chart.plot.CategoryPlot:setRenderer:(ILorg/jfree/chart/renderer/category/CategoryItemRenderer;Z)V#1682#66 prob_bp = 0.50000002055995030000
org.jfree.data.KeyedObjects:getIndex:(Ljava/lang/Comparable;)I#133#0 prob_bp = 0.50000002130294040000
org.jfree.data.event.DatasetChangeEvent:<init>:(Ljava/lang/Object;Lorg/jfree/data/general/Dataset;Lorg/jfree/chart/event/DatasetChangeInfo;)V#87#2 prob_bp = 0.50000002293934750000
org.jfree.chart.event.ChartChangeEvent:<init>:(Ljava/lang/Object;Lorg/jfree/chart/JFreeChart;Lorg/jfree/chart/event/ChartChangeEventType;)V#93#2 prob_bp = 0.50000002327698220000
org.jfree.chart.util.AbstractObjectList:set:(ILjava/lang/Object;)V#123#0 prob_bp = 0.50000002950861140000
org.jfree.chart.util.ObjectList:get:(I)Ljava/lang/Object;#85#0 prob_bp = 0.50000003066415620000
org.jfree.chart.util.AbstractObjectList:get:(I)Ljava/lang/Object;#110#8 prob_bp = 0.50000003122898680000
org.jfree.chart.plot.CategoryPlot:mapDatasetToRangeAxes:(ILjava/util/List;)V#1530#66 prob_bp = 0.50000003710762190000
org.jfree.chart.plot.CategoryPlot:mapDatasetToRangeAxes:(ILjava/util/List;)V#1530#56 prob_bp = 0.50000003926161200000
org.jfree.chart.plot.CategoryPlot:mapDatasetToRangeAxes:(ILjava/util/List;)V#1530#63 prob_bp = 0.50000004084852070000
org.jfree.chart.renderer.AbstractRenderer:addChangeListener:(Lorg/jfree/chart/event/RendererChangeListener;)V#2892#1 prob_bp = 0.50000005350294590000
org.jfree.data.KeyedObjects:getIndex:(Ljava/lang/Comparable;)I#137#20 prob_bp = 0.50000005654491260000
org.jfree.chart.util.AbstractObjectList:set:(ILjava/lang/Object;)V#123#1 prob_bp = 0.50000005695133750000
org.jfree.chart.plot.Plot:fireChangeEvent:()V#986#0 prob_bp = 0.50000007440543260000
org.jfree.data.KeyedObjects:getIndex:(Ljava/lang/Comparable;)I#133#1 prob_bp = 0.50000008578223530000
org.jfree.chart.plot.CategoryPlot:datasetChanged:(Lorg/jfree/data/event/DatasetChangeEvent;)V#2341#38 prob_bp = 0.50000009695532950000
org.jfree.chart.util.AbstractObjectList:get:(I)Ljava/lang/Object;#111#14 prob_bp = 0.50000014400551380000
org.jfree.chart.plot.CategoryPlot:datasetChanged:(Lorg/jfree/data/event/DatasetChangeEvent;)V#2341#39 prob_bp = 0.50000025193725080000
org.jfree.data.KeyedObjects:getIndex:(Ljava/lang/Comparable;)I#137#25 prob_bp = 0.50000028349287260000
org.jfree.chart.plot.Plot:fireChangeEvent:()V#986#9 prob_bp = 0.50000028983908450000
org.jfree.data.category.DefaultCategoryDataset:addValue:(DLjava/lang/Comparable;Ljava/lang/Comparable;)V#259#0 prob_bp = 0.50000031759332430000
org.jfree.chart.text.TextAnchor:<clinit>:()V#86#93 prob_bp = 0.50000035651151530000
org.jfree.chart.labels.ItemLabelPosition:<init>:(Lorg/jfree/chart/labels/ItemLabelAnchor;Lorg/jfree/chart/text/TextAnchor;)V#90#3 prob_bp = 0.50000036371376740000
org.jfree.chart.labels.ItemLabelPosition:<init>:(Lorg/jfree/chart/labels/ItemLabelAnchor;Lorg/jfree/chart/text/TextAnchor;)V#90#7 prob_bp = 0.50000039279416290000
org.jfree.chart.util.AbstractObjectList:get:(I)Ljava/lang/Object;#111#15 prob_bp = 0.50000044995400050000
org.jfree.data.category.DefaultCategoryDataset:addValue:(DLjava/lang/Comparable;Ljava/lang/Comparable;)V#259#12 prob_bp = 0.50000047031982420000
org.jfree.chart.labels.ItemLabelPosition:<init>:(Lorg/jfree/chart/labels/ItemLabelAnchor;Lorg/jfree/chart/text/TextAnchor;Lorg/jfree/chart/text/TextAnchor;D)V#118#32 prob_bp = 0.50000050600491770000
org.jfree.chart.plot.CategoryPlot:setDataset:(ILorg/jfree/data/category/CategoryDataset;)V#1362#49 prob_bp = 0.50000067486572790000
org.jfree.chart.plot.CategoryPlot:setDataset:(ILorg/jfree/data/category/CategoryDataset;)V#1362#56 prob_bp = 0.50000070180094960000
org.jfree.chart.labels.ItemLabelPosition:<init>:(Lorg/jfree/chart/labels/ItemLabelAnchor;Lorg/jfree/chart/text/TextAnchor;Lorg/jfree/chart/text/TextAnchor;D)V#118#33 prob_bp = 0.50000096390695710000
org.jfree.chart.plot.Plot:getParent:()Lorg/jfree/chart/plot/Plot;#456#0 prob_bp = 0.50000097702924050000
org.jfree.chart.util.AbstractObjectList:get:(I)Ljava/lang/Object;#111#18 prob_bp = 0.50000099951108790000
org.jfree.data.category.DefaultCategoryDataset:addValue:(Ljava/lang/Number;Ljava/lang/Comparable;Ljava/lang/Comparable;)V#244#17 prob_bp = 0.50000108514954400000
org.jfree.data.KeyedObjects:getIndex:(Ljava/lang/Comparable;)I#138#26 prob_bp = 0.50000119732231840000
org.jfree.chart.util.AbstractObjectList:get:(I)Ljava/lang/Object;#111#19 prob_bp = 0.50000166609786180000
org.jfree.chart.util.AbstractObjectList:size:()I#149#0 prob_bp = 0.50000304228361360000
org.jfree.chart.plot.Plot:getParent:()Lorg/jfree/chart/plot/Plot;#456#1 prob_bp = 0.50000378439275800000
org.jfree.chart.util.AbstractObjectList:get:(I)Ljava/lang/Object;#110#6 prob_bp = 0.50000480128759180000
org.jfree.data.KeyedObjects:getIndex:(Ljava/lang/Comparable;)I#138#27 prob_bp = 0.50000487726376920000
org.jfree.chart.plot.CategoryPlot:setRenderer:(ILorg/jfree/chart/renderer/category/CategoryItemRenderer;Z)V#1681#61 prob_bp = 0.50000627833154180000
org.jfree.chart.util.AbstractObjectList:size:()I#149#1 prob_bp = 0.50000706887296740000
org.jfree.chart.util.AbstractObjectList:get:(I)Ljava/lang/Object;#110#11 prob_bp = 0.50000782774521290000
org.jfree.chart.plot.CategoryPlot:setRenderer:(ILorg/jfree/chart/renderer/category/CategoryItemRenderer;Z)V#1681#62 prob_bp = 0.50000966504947860000
org.jfree.data.general.AbstractDataset:fireDatasetChanged:(Lorg/jfree/chart/event/DatasetChangeInfo;)V#176#0 prob_bp = 0.50001340658274310000
org.jfree.chart.plot.Plot:getParent:()Lorg/jfree/chart/plot/Plot;#456#4 prob_bp = 0.50001677821971780000
org.jfree.chart.util.AbstractObjectList:size:()I#149#4 prob_bp = 0.50001734405847980000
org.jfree.chart.renderer.AbstractRenderer:<init>:()V#464#403 prob_bp = 0.50003589639993830000
org.jfree.chart.renderer.AbstractRenderer:<init>:()V#464#406 prob_bp = 0.50003733876277000000
org.jfree.data.KeyedObjects:getIndex:(Ljava/lang/Comparable;)I#138#32 prob_bp = 0.50003779975016020000
org.jfree.chart.plot.CategoryPlot:setDataset:(Lorg/jfree/data/category/CategoryDataset;)V#1339#0 prob_bp = 0.50004060914967600000
org.jfree.chart.plot.CategoryPlot:setDataset:(Lorg/jfree/data/category/CategoryDataset;)V#1339#3 prob_bp = 0.50004152263610340000
org.jfree.chart.renderer.RenderAttributes:setDefaultFillPaint:(Ljava/awt/Paint;)V#265#0 prob_bp = 0.50004313438806870000
org.jfree.chart.plot.CategoryPlot:setDataset:(ILorg/jfree/data/category/CategoryDataset;)V#1365#61 prob_bp = 0.50004350274187570000
org.jfree.chart.plot.CategoryPlot:setDataset:(ILorg/jfree/data/category/CategoryDataset;)V#1365#64 prob_bp = 0.50005148084749200000
org.jfree.data.general.AbstractDataset:fireDatasetChanged:(Lorg/jfree/chart/event/DatasetChangeInfo;)V#176#11 prob_bp = 0.50005290325300130000
org.jfree.chart.plot.CategoryPlot:datasetChanged:(Lorg/jfree/data/event/DatasetChangeEvent;)V#2341#42 prob_bp = 0.50006209652997490000
org.jfree.chart.renderer.RenderAttributes:setDefaultFillPaint:(Ljava/awt/Paint;)V#265#1 prob_bp = 0.50006642226721110000
org.jfree.chart.plot.CategoryPlot:datasetChanged:(Lorg/jfree/data/event/DatasetChangeEvent;)V#2347#72 prob_bp = 0.50008351605575520000
org.jfree.data.general.AbstractDataset:notifyListeners:(Lorg/jfree/data/event/DatasetChangeEvent;)V#189#0 prob_bp = 0.50013269450610450000
org.jfree.chart.plot.CategoryPlot:datasetChanged:(Lorg/jfree/data/event/DatasetChangeEvent;)V#2347#74 prob_bp = 0.50021193510208800000
org.jfree.data.general.AbstractDataset:notifyListeners:(Lorg/jfree/data/event/DatasetChangeEvent;)V#189#1 prob_bp = 0.50029388895695680000
org.jfree.data.category.DefaultCategoryDataset:addValue:(Ljava/lang/Number;Ljava/lang/Comparable;Ljava/lang/Comparable;)V#244#18 prob_bp = 0.50048588116323120000
org.jfree.data.category.DefaultCategoryDataset:addValue:(Ljava/lang/Number;Ljava/lang/Comparable;Ljava/lang/Comparable;)V#244#25 prob_bp = 0.50050885911159940000
org.jfree.data.general.AbstractDataset:fireDatasetChanged:(Lorg/jfree/chart/event/DatasetChangeInfo;)V#176#7 prob_bp = 0.50079683050483550000
org.jfree.data.general.AbstractDataset:fireDatasetChanged:(Lorg/jfree/chart/event/DatasetChangeInfo;)V#176#8 prob_bp = 0.50122218071849710000
org.jfree.chart.labels.StandardCategorySeriesLabelGenerator:<init>:()V#75#1 prob_bp = 0.50187139657388270000
org.jfree.chart.labels.StandardCategorySeriesLabelGenerator:<init>:()V#75#3 prob_bp = 0.50194539838151910000
org.jfree.chart.labels.StandardCategorySeriesLabelGenerator:<init>:(Ljava/lang/String;)V#84#4 prob_bp = 0.50223810203154620000
org.jfree.chart.plot.Plot:notifyListeners:(Lorg/jfree/chart/event/PlotChangeEvent;)V#969#0 prob_bp = 0.50230823534642490000
org.jfree.data.event.DatasetChangeEvent:<init>:(Ljava/lang/Object;Lorg/jfree/data/general/Dataset;Lorg/jfree/chart/event/DatasetChangeInfo;)V#88#5 prob_bp = 0.50291861283303190000
org.jfree.chart.labels.StandardCategorySeriesLabelGenerator:<init>:(Ljava/lang/String;)V#84#5 prob_bp = 0.50339635646315670000
org.jfree.chart.util.ObjectList:get:(I)Ljava/lang/Object;#85#1 prob_bp = 0.50382613627305440000
org.jfree.chart.util.ObjectList:get:(I)Ljava/lang/Object;#85#2 prob_bp = 0.50425933090208740000
org.jfree.chart.util.AbstractObjectList:get:(I)Ljava/lang/Object;#110#2 prob_bp = 0.50511974783415230000
org.jfree.chart.util.AbstractObjectList:get:(I)Ljava/lang/Object;#110#3 prob_bp = 0.50684301037500350000
org.jfree.chart.plot.Plot:notifyListeners:(Lorg/jfree/chart/event/PlotChangeEvent;)V#969#1 prob_bp = 0.50899023317352330000
org.jfree.data.event.DatasetChangeEvent:<init>:(Ljava/lang/Object;Lorg/jfree/data/general/Dataset;Lorg/jfree/chart/event/DatasetChangeInfo;)V#88#6 prob_bp = 0.50959492406731330000
org.jfree.chart.util.AbstractObjectList:get:(I)Ljava/lang/Object;#111#20 prob_bp = 0.51869061463881180000
org.jfree.data.general.AbstractDataset:notifyListeners:(Lorg/jfree/data/event/DatasetChangeEvent;)V#189#4 prob_bp = 0.53285588292768120000
org.jfree.chart.plot.Plot:notifyListeners:(Lorg/jfree/chart/event/PlotChangeEvent;)V#969#4 prob_bp = 0.53855170140632290000
org.jfree.chart.util.DefaultShadowGenerator:<init>:()V#78#2 prob_bp = 0.56318633006414360000
org.jfree.chart.util.DefaultShadowGenerator:<init>:()V#78#11 prob_bp = 0.56432167528475600000
org.jfree.chart.util.DefaultShadowGenerator:<init>:(ILjava/awt/Color;FID)V#92#4 prob_bp = 0.56647782595854120000
org.jfree.chart.util.DefaultShadowGenerator:<init>:(ILjava/awt/Color;FID)V#92#5 prob_bp = 0.57055342483667480000
org.jfree.chart.util.AbstractObjectList:get:(I)Ljava/lang/Object;#110#11#unexe#2 prob_bp = 0.58101913438305500000
org.jfree.data.general.AbstractDataset:notifyListeners:(Lorg/jfree/data/event/DatasetChangeEvent;)V#189#7 prob_bp = 0.59863768898622170000
org.jfree.data.general.AbstractDataset:notifyListeners:(Lorg/jfree/data/event/DatasetChangeEvent;)V#190#14 prob_bp = 0.66666666653155810000
org.jfree.data.general.AbstractDataset:notifyListeners:(Lorg/jfree/data/event/DatasetChangeEvent;)V#190#8 prob_bp = 0.73153022661243080000
org.jfree.chart.util.AbstractObjectList:get:(I)Ljava/lang/Object;#110#3#unexe#2 prob_bp = 0.73202532957844300000
org.jfree.chart.util.AbstractObjectList:get:(I)Ljava/lang/Object;#113#21 prob_bp = 0.92675771066146740000
org.jfree.chart.util.AbstractObjectList:get:(I)Ljava/lang/Object;#113#22 prob_bp = 0.98812490291630110000
org.jfree.data.general.AbstractDataset:notifyListeners:(Lorg/jfree/data/event/DatasetChangeEvent;)V#190#9 prob_bp = 0.99009900950368680000
org.jfree.data.general.AbstractDataset:notifyListeners:(Lorg/jfree/data/event/DatasetChangeEvent;)V#190#11 prob_bp = 0.99009900950368680000
org.jfree.data.general.AbstractDataset:notifyListeners:(Lorg/jfree/data/event/DatasetChangeEvent;)V#190#12 prob_bp = 0.99009900950368680000
org.jfree.data.general.AbstractDataset:notifyListeners:(Lorg/jfree/data/event/DatasetChangeEvent;)V#190#13 prob_bp = 0.99009900950368680000
org.jfree.data.general.AbstractDataset:notifyListeners:(Lorg/jfree/data/event/DatasetChangeEvent;)V#190#10 prob_bp = 0.99009900950368690000
org.jfree.chart.util.ObjectList:get:(I)Ljava/lang/Object;#85#5 prob_bp = 0.99889746403568450000
org.jfree.chart.renderer.category.junit.AbstractCategoryItemRendererTests:test2947660:()V#397#0 prob_bp = 1.00000000000000000000
org.jfree.chart.renderer.category.junit.AbstractCategoryItemRendererTests:test2947660:()V#397#7 prob_bp = 1.00000000000000000000
org.jfree.chart.renderer.category.junit.AbstractCategoryItemRendererTests:test2947660:()V#398#8 prob_bp = 1.00000000000000000000
org.jfree.chart.renderer.category.junit.AbstractCategoryItemRendererTests:test2947660:()V#398#9 prob_bp = 1.00000000000000000000
org.jfree.chart.renderer.category.junit.AbstractCategoryItemRendererTests:test2947660:()V#399#16 prob_bp = 1.00000000000000000000
org.jfree.chart.renderer.category.junit.AbstractCategoryItemRendererTests:test2947660:()V#399#17 prob_bp = 1.00000000000000000000
org.jfree.chart.renderer.category.junit.AbstractCategoryItemRendererTests:test2947660:()V#401#26 prob_bp = 1.00000000000000000000
org.jfree.chart.renderer.category.junit.AbstractCategoryItemRendererTests:test2947660:()V#401#29 prob_bp = 1.00000000000000000000
org.jfree.chart.renderer.category.junit.AbstractCategoryItemRendererTests:test2947660:()V#401#30 prob_bp = 1.00000000000000000000
org.jfree.chart.renderer.category.junit.AbstractCategoryItemRendererTests:test2947660:()V#401#33 prob_bp = 1.00000000000000000000
org.jfree.chart.renderer.category.junit.AbstractCategoryItemRendererTests:test2947660:()V#402#34 prob_bp = 1.00000000000000000000
org.jfree.chart.renderer.category.junit.AbstractCategoryItemRendererTests:test2947660:()V#402#37 prob_bp = 1.00000000000000000000
org.jfree.chart.renderer.category.junit.AbstractCategoryItemRendererTests:test2947660:()V#402#38 prob_bp = 1.00000000000000000000
org.jfree.chart.renderer.category.junit.AbstractCategoryItemRendererTests:test2947660:()V#402#41 prob_bp = 1.00000000000000000000
org.jfree.chart.renderer.category.junit.AbstractCategoryItemRendererTests:test2947660:()V#403#42 prob_bp = 1.00000000000000000000
org.jfree.chart.renderer.category.junit.AbstractCategoryItemRendererTests:test2947660:()V#403#43 prob_bp = 1.00000000000000000000
org.jfree.chart.renderer.category.junit.AbstractCategoryItemRendererTests:test2947660:()V#403#44 prob_bp = 1.00000000000000000000
org.jfree.chart.renderer.category.junit.AbstractCategoryItemRendererTests:test2947660:()V#404#47 prob_bp = 1.00000000000000000000
org.jfree.chart.renderer.category.junit.AbstractCategoryItemRendererTests:test2947660:()V#404#48 prob_bp = 1.00000000000000000000
org.jfree.chart.renderer.category.junit.AbstractCategoryItemRendererTests:test2947660:()V#404#49 prob_bp = 1.00000000000000000000
org.jfree.chart.renderer.category.junit.AbstractCategoryItemRendererTests:test2947660:()V#405#53 prob_bp = 1.00000000000000000000
org.jfree.chart.renderer.category.junit.AbstractCategoryItemRendererTests:test2947660:()V#405#54 prob_bp = 1.00000000000000000000
org.jfree.chart.renderer.category.junit.AbstractCategoryItemRendererTests:test2947660:()V#407#63 prob_bp = 1.00000000000000000000
org.jfree.chart.renderer.category.junit.AbstractCategoryItemRendererTests:test2947660:()V#407#65 prob_bp = 1.00000000000000000000
org.jfree.chart.renderer.category.junit.AbstractCategoryItemRendererTests:test2947660:()V#407#67 prob_bp = 1.00000000000000000000
org.jfree.chart.renderer.category.junit.AbstractCategoryItemRendererTests:test2947660:()V#407#69 prob_bp = 1.00000000000000000000
org.jfree.chart.renderer.category.junit.AbstractCategoryItemRendererTests:test2947660:()V#408#72 prob_bp = 1.00000000000000000000
org.jfree.chart.renderer.category.junit.AbstractCategoryItemRendererTests:test2947660:()V#408#73 prob_bp = 1.00000000000000000000
org.jfree.chart.renderer.category.junit.AbstractCategoryItemRendererTests:test2947660:()V#408#76 prob_bp = 1.00000000000000000000
org.jfree.chart.renderer.category.junit.AbstractCategoryItemRendererTests:test2947660:()V#409#78 prob_bp = 1.00000000000000000000
org.jfree.chart.renderer.category.junit.AbstractCategoryItemRendererTests:test2947660:()V#409#79 prob_bp = 1.00000000000000000000
org.jfree.chart.renderer.category.junit.AbstractCategoryItemRendererTests:test2947660:()V#409#81 prob_bp = 1.00000000000000000000
org.jfree.chart.renderer.category.junit.AbstractCategoryItemRendererTests:test2947660:()V#409#84 prob_bp = 1.00000000000000000000
Belief propagation time : 33.543000s
