Belief propagation time: 100

Probabilities: 
Vars:24638
Stmts:6130
org.apache.commons.math.util.MultidimensionalCounter:getDimension:()I#205#4 prob_bp = 0.49999999996658717000
org.apache.commons.math.util.MultidimensionalCounter:getCounts:(I)[I#245#135 prob_bp = 0.49999999999413225000
org.apache.commons.math.util.MultidimensionalCounter:getDimension:()I#205#1 prob_bp = 0.49999999999713196000
org.apache.commons.math.util.MultidimensionalCounter:getDimension:()I#205#0 prob_bp = 0.49999999999776346000
org.apache.commons.math.util.MultidimensionalCounter:getCounts:(I)[I#245#134 prob_bp = 0.49999999999855980000
org.apache.commons.math.util.MultidimensionalCounter:getCounts:(I)[I#222#41 prob_bp = 0.49999999999965516000
org.apache.commons.math.util.MultidimensionalCounter:getCounts:(I)[I#222#39 prob_bp = 0.49999999999992660000
org.apache.commons.math.util.MultidimensionalCounter:getCounts:(I)[I#222#36 prob_bp = 0.49999999999999380000
org.apache.commons.math.util.MultidimensionalCounter:getCounts:(I)[I#243#133 prob_bp = 0.49999999999999410000
org.apache.commons.math.util.MultidimensionalCounter:getCounts:(I)[I#222#35 prob_bp = 0.49999999999999530000
org.apache.commons.math.util.MultidimensionalCounter$Iterator:next:()Ljava/lang/Integer;#110#51 prob_bp = 0.49999999999999710000
org.apache.commons.math.util.MultidimensionalCounter:getCounts:(I)[I#243#131 prob_bp = 0.49999999999999856000
org.apache.commons.math.util.MultidimensionalCounter:getCounts:(I)[I#243#126 prob_bp = 0.49999999999999867000
org.apache.commons.math.util.MultidimensionalCounter$Iterator:next:()Ljava/lang/Integer;#110#46 prob_bp = 0.49999999999999944000
org.apache.commons.math.util.MultidimensionalCounter$Iterator:next:()Ljava/lang/Integer;#115#75 prob_bp = 0.49999999999999944000
org.apache.commons.math.util.MultidimensionalCounter:getCounts:(I)[I#242#123 prob_bp = 0.49999999999999967000
org.apache.commons.math.util.MultidimensionalCounter$Iterator:next:()Ljava/lang/Integer;#106#7 prob_bp = 0.49999999999999980000
org.apache.commons.math.util.MultidimensionalCounter$Iterator:next:()Ljava/lang/Integer;#110#50 prob_bp = 0.49999999999999980000
org.apache.commons.math.util.MultidimensionalCounter$Iterator:next:()Ljava/lang/Integer;#110#49 prob_bp = 0.49999999999999983000
org.apache.commons.math.util.MultidimensionalCounter:getCounts:(I)[I#243#127 prob_bp = 0.49999999999999983000
org.apache.commons.math.util.MultidimensionalCounter$Iterator:next:()Ljava/lang/Integer;#110#43 prob_bp = 0.49999999999999990000
org.apache.commons.math.util.MultidimensionalCounter$Iterator:next:()Ljava/lang/Integer;#115#68 prob_bp = 0.49999999999999990000
org.apache.commons.math.util.MultidimensionalCounter$Iterator:next:()Ljava/lang/Integer;#115#72 prob_bp = 0.49999999999999990000
org.apache.commons.math.util.MultidimensionalCounter:getCounts:(I)[I#243#128 prob_bp = 0.49999999999999990000
org.apache.commons.math.util.MultidimensionalCounter$Iterator:hasNext:()Z#93#0 prob_bp = 0.49999999999999994000
org.apache.commons.math.util.MultidimensionalCounter$Iterator:hasNext:()Z#93#7 prob_bp = 0.49999999999999994000
org.apache.commons.math.util.MultidimensionalCounter$Iterator:hasNext:()Z#94#13 prob_bp = 0.49999999999999994000
org.apache.commons.math.util.MultidimensionalCounter$Iterator:hasNext:()Z#94#19 prob_bp = 0.49999999999999994000
org.apache.commons.math.util.MultidimensionalCounter$Iterator:next:()Ljava/lang/Integer;#106#8 prob_bp = 0.49999999999999994000
org.apache.commons.math.util.MultidimensionalCounter:getCounts:(I)[I#224#42 prob_bp = 0.49999999999999994000
org.apache.commons.math.util.MultidimensionalCounter:getCounts:(I)[I#227#65 prob_bp = 0.49999999999999994000
org.apache.commons.math.util.MultidimensionalCounter:getCounts:(I)[I#228#68 prob_bp = 0.49999999999999994000
org.apache.commons.math.util.MultidimensionalCounter:getCounts:(I)[I#228#69 prob_bp = 0.49999999999999994000
org.apache.commons.math.util.MultidimensionalCounter:getCounts:(I)[I#233#87 prob_bp = 0.49999999999999994000
org.apache.commons.math.util.MultidimensionalCounter:getCounts:(I)[I#233#90 prob_bp = 0.49999999999999994000
org.apache.commons.math.util.MultidimensionalCounter:getCounts:(I)[I#237#104 prob_bp = 0.49999999999999994000
org.apache.commons.math.util.MultidimensionalCounter:getSize:()I#281#0 prob_bp = 0.50000000000000000000
org.apache.commons.math.util.MultidimensionalCounter:getSize:()I#281#1 prob_bp = 0.50000000000000000000
org.apache.commons.math.util.MultidimensionalCounter:getSize:()I#281#4 prob_bp = 0.50000000000000000000
org.apache.commons.math.util.MultidimensionalCounter$Iterator:<init>:(Lorg/apache/commons/math/util/MultidimensionalCounter;)V#79#22 prob_bp = 0.50000000000000000000
org.apache.commons.math.util.MultidimensionalCounter$Iterator:<init>:(Lorg/apache/commons/math/util/MultidimensionalCounter;)V#79#23 prob_bp = 0.50000000000000000000
org.apache.commons.math.util.MultidimensionalCounter$Iterator:<init>:(Lorg/apache/commons/math/util/MultidimensionalCounter;)V#79#24 prob_bp = 0.50000000000000000000
org.apache.commons.math.util.MultidimensionalCounter$Iterator:hasNext:()Z#93#1 prob_bp = 0.50000000000000000000
org.apache.commons.math.util.MultidimensionalCounter$Iterator:hasNext:()Z#93#2 prob_bp = 0.50000000000000000000
org.apache.commons.math.util.MultidimensionalCounter$Iterator:hasNext:()Z#93#3 prob_bp = 0.50000000000000000000
org.apache.commons.math.util.MultidimensionalCounter$Iterator:hasNext:()Z#93#4 prob_bp = 0.50000000000000000000
org.apache.commons.math.util.MultidimensionalCounter$Iterator:hasNext:()Z#93#10 prob_bp = 0.50000000000000000000
org.apache.commons.math.util.MultidimensionalCounter$Iterator:hasNext:()Z#94#14 prob_bp = 0.50000000000000000000
org.apache.commons.math.util.MultidimensionalCounter$Iterator:hasNext:()Z#94#17 prob_bp = 0.50000000000000000000
org.apache.commons.math.util.MultidimensionalCounter$Iterator:hasNext:()Z#94#18 prob_bp = 0.50000000000000000000
org.apache.commons.math.util.MultidimensionalCounter$Iterator:hasNext:()Z#94#20 prob_bp = 0.50000000000000000000
org.apache.commons.math.util.MultidimensionalCounter$Iterator:hasNext:()Z#94#23 prob_bp = 0.50000000000000000000
org.apache.commons.math.util.MultidimensionalCounter:access$200:(Lorg/apache/commons/math/util/MultidimensionalCounter;)[I#46#0 prob_bp = 0.50000000000000000000
org.apache.commons.math.util.MultidimensionalCounter:access$200:(Lorg/apache/commons/math/util/MultidimensionalCounter;)[I#46#4 prob_bp = 0.50000000000000000000
org.apache.commons.math.util.MultidimensionalCounter$Iterator:hasNext:()Z#94#26 prob_bp = 0.50000000000000000000
org.apache.commons.math.util.MultidimensionalCounter$Iterator:hasNext:()Z#94#27 prob_bp = 0.50000000000000000000
org.apache.commons.math.util.MultidimensionalCounter$Iterator:hasNext:()Z#94#28 prob_bp = 0.50000000000000000000
org.apache.commons.math.util.MultidimensionalCounter$Iterator:hasNext:()Z#94#29 prob_bp = 0.50000000000000000000
org.apache.commons.math.util.MultidimensionalCounter$Iterator:hasNext:()Z#94#30 prob_bp = 0.50000000000000000000
org.apache.commons.math.util.MultidimensionalCounter$Iterator:next:()Ljava/lang/Integer;#106#0 prob_bp = 0.50000000000000000000
org.apache.commons.math.util.MultidimensionalCounter$Iterator:next:()Ljava/lang/Integer;#106#1 prob_bp = 0.50000000000000000000
org.apache.commons.math.util.MultidimensionalCounter$Iterator:next:()Ljava/lang/Integer;#106#4 prob_bp = 0.50000000000000000000
org.apache.commons.math.util.MultidimensionalCounter$Iterator:next:()Ljava/lang/Integer;#106#9 prob_bp = 0.50000000000000000000
org.apache.commons.math.util.MultidimensionalCounter$Iterator:next:()Ljava/lang/Integer;#107#12 prob_bp = 0.50000000000000000000
org.apache.commons.math.util.MultidimensionalCounter$Iterator:next:()Ljava/lang/Integer;#107#13 prob_bp = 0.50000000000000000000
org.apache.commons.math.util.MultidimensionalCounter$Iterator:next:()Ljava/lang/Integer;#107#17 prob_bp = 0.50000000000000000000
org.apache.commons.math.util.MultidimensionalCounter$Iterator:next:()Ljava/lang/Integer;#107#18 prob_bp = 0.50000000000000000000
org.apache.commons.math.util.MultidimensionalCounter$Iterator:next:()Ljava/lang/Integer;#107#19 prob_bp = 0.50000000000000000000
org.apache.commons.math.util.MultidimensionalCounter$Iterator:next:()Ljava/lang/Integer;#107#29 prob_bp = 0.50000000000000000000
org.apache.commons.math.util.MultidimensionalCounter$Iterator:next:()Ljava/lang/Integer;#110#42 prob_bp = 0.50000000000000000000
org.apache.commons.math.util.MultidimensionalCounter$Iterator:next:()Ljava/lang/Integer;#110#47 prob_bp = 0.50000000000000000000
org.apache.commons.math.util.MultidimensionalCounter$Iterator:next:()Ljava/lang/Integer;#115#61 prob_bp = 0.50000000000000000000
org.apache.commons.math.util.MultidimensionalCounter$Iterator:next:()Ljava/lang/Integer;#115#62 prob_bp = 0.50000000000000000000
org.apache.commons.math.util.MultidimensionalCounter$Iterator:next:()Ljava/lang/Integer;#115#63 prob_bp = 0.50000000000000000000
org.apache.commons.math.util.MultidimensionalCounter$Iterator:next:()Ljava/lang/Integer;#115#66 prob_bp = 0.50000000000000000000
org.apache.commons.math.util.MultidimensionalCounter$Iterator:next:()Ljava/lang/Integer;#115#67 prob_bp = 0.50000000000000000000
org.apache.commons.math.util.MultidimensionalCounter$Iterator:next:()Ljava/lang/Integer;#115#69 prob_bp = 0.50000000000000000000
org.apache.commons.math.util.MultidimensionalCounter:getCounts:(I)[I#224#43 prob_bp = 0.50000000000000000000
org.apache.commons.math.util.MultidimensionalCounter:getCounts:(I)[I#227#59 prob_bp = 0.50000000000000000000
org.apache.commons.math.util.MultidimensionalCounter:getCounts:(I)[I#227#66 prob_bp = 0.50000000000000000000
org.apache.commons.math.util.MultidimensionalCounter:getCounts:(I)[I#229#73 prob_bp = 0.50000000000000000000
org.apache.commons.math.util.MultidimensionalCounter:getCounts:(I)[I#229#74 prob_bp = 0.50000000000000000000
org.apache.commons.math.util.MultidimensionalCounter:getCounts:(I)[I#229#76 prob_bp = 0.50000000000000000000
org.apache.commons.math.util.MultidimensionalCounter:getCounts:(I)[I#229#77 prob_bp = 0.50000000000000000000
org.apache.commons.math.util.MultidimensionalCounter:getCounts:(I)[I#228#70#unexe#3 prob_bp = 0.50000000000000000000
org.apache.commons.math.util.MultidimensionalCounter:getCounts:(I)[I#233#88 prob_bp = 0.50000000000000000000
org.apache.commons.math.util.MultidimensionalCounter:getCounts:(I)[I#233#91 prob_bp = 0.50000000000000000000
org.apache.commons.math.util.MultidimensionalCounter:getCounts:(I)[I#225#53#unexe#3 prob_bp = 0.50000000000000000000
org.apache.commons.math.util.MultidimensionalCounter:getCounts:(I)[I#237#105 prob_bp = 0.50000000000000000000
org.apache.commons.math.util.MultidimensionalCounter:getCounts:(I)[I#238#109#unexe#4 prob_bp = 0.50000000000000000000
org.apache.commons.math.util.MultidimensionalCounter:getCounts:(I)[I#239#112 prob_bp = 0.50000000000000000000
org.apache.commons.math.util.MultidimensionalCounter:getCounts:(I)[I#239#115 prob_bp = 0.50000000000000000000
org.apache.commons.math.util.MultidimensionalCounter:getCounts:(I)[I#239#116 prob_bp = 0.50000000000000000000
org.apache.commons.math.util.MultidimensionalCounter:access$200:(Lorg/apache/commons/math/util/MultidimensionalCounter;)[I#46#1 prob_bp = 0.50000000000000010000
org.apache.commons.math.util.MultidimensionalCounter$Iterator:next:()Ljava/lang/Integer;#107#16 prob_bp = 0.50000000000000010000
org.apache.commons.math.util.MultidimensionalCounter$Iterator:next:()Ljava/lang/Integer;#107#22 prob_bp = 0.50000000000000010000
org.apache.commons.math.util.MultidimensionalCounter$Iterator:next:()Ljava/lang/Integer;#107#25 prob_bp = 0.50000000000000010000
org.apache.commons.math.util.MultidimensionalCounter$Iterator:next:()Ljava/lang/Integer;#107#26 prob_bp = 0.50000000000000010000
org.apache.commons.math.util.MultidimensionalCounter$Iterator:next:()Ljava/lang/Integer;#107#27 prob_bp = 0.50000000000000010000
org.apache.commons.math.util.MultidimensionalCounter$Iterator:next:()Ljava/lang/Integer;#107#28 prob_bp = 0.50000000000000010000
org.apache.commons.math.util.MultidimensionalCounter$Iterator:next:()Ljava/lang/Integer;#110#48 prob_bp = 0.50000000000000010000
org.apache.commons.math.util.MultidimensionalCounter:getCounts:(I)[I#225#44 prob_bp = 0.50000000000000010000
org.apache.commons.math.util.MultidimensionalCounter:getCounts:(I)[I#225#45 prob_bp = 0.50000000000000010000
org.apache.commons.math.util.MultidimensionalCounter:getCounts:(I)[I#225#47 prob_bp = 0.50000000000000010000
org.apache.commons.math.util.MultidimensionalCounter:getCounts:(I)[I#225#49 prob_bp = 0.50000000000000010000
org.apache.commons.math.util.MultidimensionalCounter:getCounts:(I)[I#225#50 prob_bp = 0.50000000000000010000
org.apache.commons.math.util.MultidimensionalCounter:getCounts:(I)[I#225#53 prob_bp = 0.50000000000000010000
org.apache.commons.math.util.MultidimensionalCounter:getCounts:(I)[I#227#60 prob_bp = 0.50000000000000010000
org.apache.commons.math.util.MultidimensionalCounter:getCounts:(I)[I#227#63 prob_bp = 0.50000000000000010000
org.apache.commons.math.util.MultidimensionalCounter:getCounts:(I)[I#228#70 prob_bp = 0.50000000000000010000
org.apache.commons.math.util.MultidimensionalCounter:getCounts:(I)[I#225#98 prob_bp = 0.50000000000000010000
org.apache.commons.math.util.MultidimensionalCounter:getCounts:(I)[I#238#107 prob_bp = 0.50000000000000010000
org.apache.commons.math.util.MultidimensionalCounter:getCounts:(I)[I#238#108 prob_bp = 0.50000000000000010000
org.apache.commons.math.util.MultidimensionalCounter:getCounts:(I)[I#238#109 prob_bp = 0.50000000000000010000
org.apache.commons.math.util.MultidimensionalCounter:getCounts:(I)[I#239#113 prob_bp = 0.50000000000000010000
org.apache.commons.math.util.MultidimensionalCounter:getCounts:(I)[I#240#117 prob_bp = 0.50000000000000010000
org.apache.commons.math.util.MultidimensionalCounter:<init>:([I)V#169#19 prob_bp = 0.50000000004535820000
org.apache.commons.math.util.MultidimensionalCounter:<init>:([I)V#169#20 prob_bp = 0.50000000004627470000
org.apache.commons.math.util.MultidimensionalCounter:<init>:([I)V#169#23 prob_bp = 0.50000000006360950000
org.apache.commons.math.util.MultidimensionalCounter:<init>:([I)V#169#18 prob_bp = 0.50000000009667640000
org.apache.commons.math.util.MultidimensionalCounter:<init>:([I)V#169#25 prob_bp = 0.50000000009862940000
org.apache.commons.math.util.MultidimensionalCounter:<init>:([I)V#172#39 prob_bp = 0.50000000086689660000
org.apache.commons.math.util.MultidimensionalCounter:<init>:([I)V#172#40 prob_bp = 0.50000000088440970000
org.apache.commons.math.util.MultidimensionalCounter:getCount:([I)I#266#47 prob_bp = 0.50000000241433650000
org.apache.commons.math.util.MultidimensionalCounter:getCount:([I)I#266#48 prob_bp = 0.50000000251156550000
org.apache.commons.math.util.MultidimensionalCounter:getCount:([I)I#265#36 prob_bp = 0.50000000268424400000
org.apache.commons.math.util.MultidimensionalCounter:<init>:([I)V#187#134 prob_bp = 0.50000000281358610000
org.apache.commons.math.util.MultidimensionalCounter:<init>:([I)V#172#38 prob_bp = 0.50000000297999210000
org.apache.commons.math.util.MultidimensionalCounter:<init>:([I)V#172#43 prob_bp = 0.50000000304019400000
org.apache.commons.math.util.MultidimensionalCounter:getCount:([I)I#266#51 prob_bp = 0.50000000325172680000
org.apache.commons.math.util.MultidimensionalCounter:getCount:([I)I#265#35 prob_bp = 0.50000000624160390000
org.apache.commons.math.util.MultidimensionalCounter:getCount:([I)I#265#37 prob_bp = 0.50000000650025300000
org.apache.commons.math.util.MultidimensionalCounter:getCount:([I)I#266#52 prob_bp = 0.50000000785951100000
org.apache.commons.math.util.MultidimensionalCounter:<init>:([I)V#187#133 prob_bp = 0.50000000882385540000
org.apache.commons.math.util.MultidimensionalCounter:getCount:([I)I#266#40 prob_bp = 0.50000001030212100000
org.apache.commons.math.util.MultidimensionalCounter:<init>:([I)V#187#135 prob_bp = 0.50000001136223190000
org.apache.commons.math.util.MultidimensionalCounter:<init>:([I)V#172#44 prob_bp = 0.50000001166420020000
org.apache.commons.math.util.MultidimensionalCounter:getCount:([I)I#260#2 prob_bp = 0.50000001832336790000
org.apache.commons.math.util.MultidimensionalCounter:getCount:([I)I#260#3 prob_bp = 0.50000001869353680000
org.apache.commons.math.util.MultidimensionalCounter:getCount:([I)I#260#0 prob_bp = 0.50000002421865260000
org.apache.commons.math.util.MultidimensionalCounter:getCount:([I)I#260#1 prob_bp = 0.50000002470791850000
org.apache.commons.math.util.MultidimensionalCounter:getCount:([I)I#260#6 prob_bp = 0.50000002569633430000
org.apache.commons.math.util.MultidimensionalCounter:<init>:([I)V#173#101 prob_bp = 0.50000003095546010000
org.apache.commons.math.util.MultidimensionalCounter:<init>:([I)V#179#97 prob_bp = 0.50000003139766970000
org.apache.commons.math.util.MultidimensionalCounter:<init>:([I)V#179#96 prob_bp = 0.50000003621503510000
org.apache.commons.math.util.MultidimensionalCounter:<init>:([I)V#179#98 prob_bp = 0.50000003767590720000
org.apache.commons.math.util.MultidimensionalCounter:<init>:([I)V#179#95 prob_bp = 0.50000003773133280000
org.apache.commons.math.util.MultidimensionalCounter:getCount:([I)I#266#42 prob_bp = 0.50000004347310210000
org.apache.commons.math.util.MultidimensionalCounter:getCount:([I)I#265#38 prob_bp = 0.50000006784950820000
org.apache.commons.math.util.MultidimensionalCounter:<init>:([I)V#179#99 prob_bp = 0.50000013592140600000
org.apache.commons.math.util.MultidimensionalCounter:getCount:([I)I#266#45 prob_bp = 0.50000030540568020000
org.apache.commons.math.util.MultidimensionalCounter:getCounts:(I)[I#217#5 prob_bp = 0.50000052547227940000
org.apache.commons.math.util.MultidimensionalCounter:getCounts:(I)[I#217#6 prob_bp = 0.50000078036728670000
org.apache.commons.math.util.MultidimensionalCounter:getCount:([I)I#266#53 prob_bp = 0.50000127050383340000
org.apache.commons.math.util.MultidimensionalCounter:getCount:([I)I#264#25 prob_bp = 0.50000262587401400000
org.apache.commons.math.util.MultidimensionalCounter:getCount:([I)I#264#26 prob_bp = 0.50000273146569680000
org.apache.commons.math.util.MultidimensionalCounter:<init>:([I)V#173#48 prob_bp = 0.50000322216742090000
org.apache.commons.math.util.MultidimensionalCounter:<init>:([I)V#173#49 prob_bp = 0.50000328775168670000
org.apache.commons.math.util.MultidimensionalCounter:<init>:([I)V#173#45 prob_bp = 0.50000366661312940000
org.apache.commons.math.util.MultidimensionalCounter:<init>:([I)V#173#46 prob_bp = 0.50000374068574220000
org.apache.commons.math.util.MultidimensionalCounter:<init>:([I)V#173#47 prob_bp = 0.50000386422260910000
org.apache.commons.math.util.MultidimensionalCounter:<init>:([I)V#173#52 prob_bp = 0.50000418066029470000
org.apache.commons.math.util.MultidimensionalCounter:getCounts:(I)[I#217#0 prob_bp = 0.50000609727666410000
org.apache.commons.math.util.MultidimensionalCounter:getCounts:(I)[I#217#1 prob_bp = 0.50000701378026390000
org.apache.commons.math.util.MultidimensionalCounter:getCount:([I)I#264#97 prob_bp = 0.50000800050872800000
org.apache.commons.math.util.MultidimensionalCounter:getCount:([I)I#264#27 prob_bp = 0.50001124751838540000
org.apache.commons.math.util.MultidimensionalCounter:getCount:([I)I#264#28 prob_bp = 0.50001496753189680000
org.apache.commons.math.util.MultidimensionalCounter:getCount:([I)I#264#29 prob_bp = 0.50001552932418650000
org.apache.commons.math.util.MultidimensionalCounter:<init>:([I)V#179#100 prob_bp = 0.50002887492134900000
org.apache.commons.math.util.MultidimensionalCounter:getCount:([I)I#264#32 prob_bp = 0.50003528041678070000
org.apache.commons.math.util.MultidimensionalCounter$Iterator:<init>:(Lorg/apache/commons/math/util/MultidimensionalCounter;)V#85#5 prob_bp = 0.50005047837746790000
org.apache.commons.math.util.MultidimensionalCounter$Iterator:<init>:(Lorg/apache/commons/math/util/MultidimensionalCounter;)V#85#6 prob_bp = 0.50005358453662140000
org.apache.commons.math.util.MultidimensionalCounter$Iterator:<init>:(Lorg/apache/commons/math/util/MultidimensionalCounter;)V#75#10 prob_bp = 0.50005638961761580000
org.apache.commons.math.util.MultidimensionalCounter$Iterator:<init>:(Lorg/apache/commons/math/util/MultidimensionalCounter;)V#75#11 prob_bp = 0.50005985960561830000
org.apache.commons.math.util.MultidimensionalCounter:getCounts:(I)[I#217#4 prob_bp = 0.50008740709565710000
org.apache.commons.math.util.MultidimensionalCounter:getCounts:(I)[I#217#9 prob_bp = 0.50010025508997920000
org.apache.commons.math.util.MultidimensionalCounter$Iterator:<init>:(Lorg/apache/commons/math/util/MultidimensionalCounter;)V#75#14 prob_bp = 0.50013334608279710000
org.apache.commons.math.util.MultidimensionalCounter:iterator:()Lorg/apache/commons/math/util/MultidimensionalCounter$Iterator;#196#4 prob_bp = 0.50013926969472480000
org.apache.commons.math.util.MultidimensionalCounter$Iterator:<init>:(Lorg/apache/commons/math/util/MultidimensionalCounter;)V#86#31 prob_bp = 0.50014719454634640000
org.apache.commons.math.util.MultidimensionalCounter$Iterator:<init>:(Lorg/apache/commons/math/util/MultidimensionalCounter;)V#86#32 prob_bp = 0.50015752045025570000
org.apache.commons.math.util.MultidimensionalCounter:access$100:(Lorg/apache/commons/math/util/MultidimensionalCounter;)I#46#0 prob_bp = 0.50017838086219360000
org.apache.commons.math.util.MultidimensionalCounter:access$100:(Lorg/apache/commons/math/util/MultidimensionalCounter;)I#46#1 prob_bp = 0.50022052310853300000
org.apache.commons.math.util.MultidimensionalCounter:access$000:(Lorg/apache/commons/math/util/MultidimensionalCounter;)I#46#0 prob_bp = 0.50028180361245170000
org.apache.commons.math.util.MultidimensionalCounter:access$000:(Lorg/apache/commons/math/util/MultidimensionalCounter;)I#46#1 prob_bp = 0.50058171781377350000
org.apache.commons.math.util.MultidimensionalCounter:<init>:([I)V#173#52#unexe#2 prob_bp = 0.50158145384384970000
org.apache.commons.math.util.MultidimensionalCounter:<init>:([I)V#183#117 prob_bp = 0.50496907863993800000
org.apache.commons.math.util.MultidimensionalCounter:access$100:(Lorg/apache/commons/math/util/MultidimensionalCounter;)I#46#4 prob_bp = 0.50555522287521850000
org.apache.commons.math.util.MultidimensionalCounter:access$000:(Lorg/apache/commons/math/util/MultidimensionalCounter;)I#46#4 prob_bp = 0.50791750431843240000
org.apache.commons.math.util.MultidimensionalCounter:<init>:([I)V#167#11 prob_bp = 0.50973064489654810000
org.apache.commons.math.util.MultidimensionalCounter:<init>:([I)V#167#12 prob_bp = 0.50992722389097530000
org.apache.commons.math.util.MultidimensionalCounter:<init>:([I)V#183#118 prob_bp = 0.51235368342317760000
org.apache.commons.math.util.MultidimensionalCounter$Iterator:<init>:(Lorg/apache/commons/math/util/MultidimensionalCounter;)V#86#27 prob_bp = 0.51362948152462060000
org.apache.commons.math.util.MultidimensionalCounter:<init>:([I)V#166#5 prob_bp = 0.51441784158760730000
org.apache.commons.math.util.MultidimensionalCounter$Iterator:<init>:(Lorg/apache/commons/math/util/MultidimensionalCounter;)V#86#28 prob_bp = 0.51451897291438440000
org.apache.commons.math.util.MultidimensionalCounter:<init>:([I)V#166#6 prob_bp = 0.51470802579938010000
org.apache.commons.math.util.MultidimensionalCounter:<init>:([I)V#166#4 prob_bp = 0.51499141609565270000
org.apache.commons.math.util.MultidimensionalCounter:<init>:([I)V#166#7 prob_bp = 0.51529310420910390000
org.apache.commons.math.util.MultidimensionalCounter:<init>:([I)V#167#10 prob_bp = 0.51573153803779190000
org.apache.commons.math.util.MultidimensionalCounter$Iterator:<init>:(Lorg/apache/commons/math/util/MultidimensionalCounter;)V#86#35 prob_bp = 0.51600898037607670000
org.apache.commons.math.util.MultidimensionalCounter:<init>:([I)V#167#15 prob_bp = 0.51604934699992220000
org.apache.commons.math.util.MultidimensionalCounter$Iterator:<init>:(Lorg/apache/commons/math/util/MultidimensionalCounter;)V#86#36 prob_bp = 0.51633239412104790000
org.apache.commons.math.util.MultidimensionalCounter:<init>:([I)V#171#29 prob_bp = 0.51673260716773630000
org.apache.commons.math.util.MultidimensionalCounter:<init>:([I)V#171#30 prob_bp = 0.51707057242670350000
org.apache.commons.math.util.MultidimensionalCounter$Iterator:<init>:(Lorg/apache/commons/math/util/MultidimensionalCounter;)V#75#17 prob_bp = 0.52273727503491530000
org.apache.commons.math.util.MultidimensionalCounter:<init>:([I)V#171#33 prob_bp = 0.52562217455453930000
org.apache.commons.math.util.MultidimensionalCounter:<init>:([I)V#171#34 prob_bp = 0.52613965020050510000
org.apache.commons.math.util.MultidimensionalCounter$Iterator:<init>:(Lorg/apache/commons/math/util/MultidimensionalCounter;)V#75#9 prob_bp = 0.54881916100571830000
org.apache.commons.math.util.MultidimensionalCounter$Iterator:<init>:(Lorg/apache/commons/math/util/MultidimensionalCounter;)V#75#19 prob_bp = 0.55267620577528450000
org.apache.commons.math.util.MultidimensionalCounter:iterator:()Lorg/apache/commons/math/util/MultidimensionalCounter$Iterator;#196#3 prob_bp = 0.55481418894641950000
org.apache.commons.math.util.MultidimensionalCounter:iterator:()Lorg/apache/commons/math/util/MultidimensionalCounter$Iterator;#196#5 prob_bp = 0.55613661416675920000
org.apache.commons.math.util.MultidimensionalCounter:<init>:([I)V#171#28 prob_bp = 0.56116860865456200000
org.apache.commons.math.util.MultidimensionalCounter:<init>:([I)V#171#35 prob_bp = 0.56240369831208690000
org.apache.commons.math.util.MathUtils:copyOf:([I)[I#2220#1 prob_bp = 0.84747622220629660000
org.apache.commons.math.util.MathUtils:copyOf:([I)[I#2220#2 prob_bp = 0.85915600785374210000
org.apache.commons.math.util.MathUtils:copyOf:([I)[I#2220#3 prob_bp = 0.87606163819575790000
org.apache.commons.math.util.MultidimensionalCounter:iterator:()Lorg/apache/commons/math/util/MultidimensionalCounter$Iterator;#196#0 prob_bp = 0.91600657350793880000
org.apache.commons.math.util.MultidimensionalCounter:iterator:()Lorg/apache/commons/math/util/MultidimensionalCounter$Iterator;#196#8 prob_bp = 0.91927941511404720000
org.apache.commons.math.util.MathUtils:copyOf:([I)[I#2220#6 prob_bp = 0.98919736783507820000
org.apache.commons.math.util.MathUtils:copyOf:([II)[I#2243#0 prob_bp = 0.99972953163982550000
org.apache.commons.math.util.MathUtils:copyOf:([II)[I#2243#1 prob_bp = 0.99988470741067190000
org.apache.commons.math.util.MathUtils:copyOf:([II)[I#2243#3 prob_bp = 0.99996342841194370000
org.apache.commons.math.util.MathUtils:copyOf:([II)[I#2245#17 prob_bp = 0.99999401434433350000
org.apache.commons.math.util.MathUtils:copyOf:([II)[I#2245#18 prob_bp = 0.99999671141172500000
org.apache.commons.math.util.MultidimensionalCounterTest:testIterationConsistency:()V#124#0 prob_bp = 1.00000000000000000000
org.apache.commons.math.util.MultidimensionalCounterTest:testIterationConsistency:()V#124#3 prob_bp = 1.00000000000000000000
org.apache.commons.math.util.MultidimensionalCounterTest:testIterationConsistency:()V#124#4 prob_bp = 1.00000000000000000000
org.apache.commons.math.util.MultidimensionalCounterTest:testIterationConsistency:()V#124#5 prob_bp = 1.00000000000000000000
org.apache.commons.math.util.MultidimensionalCounterTest:testIterationConsistency:()V#124#19 prob_bp = 1.00000000000000000000
org.apache.commons.math.util.MultidimensionalCounterTest:testIterationConsistency:()V#124#22 prob_bp = 1.00000000000000000000
org.apache.commons.math.util.MultidimensionalCounterTest:testIterationConsistency:()V#125#23 prob_bp = 1.00000000000000000000
org.apache.commons.math.util.MultidimensionalCounterTest:testIterationConsistency:()V#125#25 prob_bp = 1.00000000000000000000
org.apache.commons.math.util.MultidimensionalCounterTest:testIterationConsistency:()V#125#478 prob_bp = 1.00000000000000000000
org.apache.commons.math.util.MultidimensionalCounterTest:testIterationConsistency:()V#152#479 prob_bp = 1.00000000000000000000
org.apache.commons.math.util.MultidimensionalCounterTest:testIterationConsistency:()V#152#480 prob_bp = 1.00000000000000000000
org.apache.commons.math.util.MultidimensionalCounterTest:testIterationConsistency:()V#152#483 prob_bp = 1.00000000000000000000
org.apache.commons.math.util.MultidimensionalCounterTest:testIterationConsistency:()V#153#484 prob_bp = 1.00000000000000000000
org.apache.commons.math.util.MultidimensionalCounterTest:testIterationConsistency:()V#153#485 prob_bp = 1.00000000000000000000
org.apache.commons.math.util.MultidimensionalCounterTest:testIterationConsistency:()V#153#488 prob_bp = 1.00000000000000000000
org.apache.commons.math.util.MultidimensionalCounterTest:testIterationConsistency:()V#154#490 prob_bp = 1.00000000000000000000
org.apache.commons.math.util.MultidimensionalCounterTest:testIterationConsistency:()V#154#491 prob_bp = 1.00000000000000000000
org.apache.commons.math.util.MultidimensionalCounterTest:testIterationConsistency:()V#154#494 prob_bp = 1.00000000000000000000
org.apache.commons.math.util.MultidimensionalCounterTest:testIterationConsistency:()V#155#496 prob_bp = 1.00000000000000000000
org.apache.commons.math.util.MultidimensionalCounterTest:testIterationConsistency:()V#155#497 prob_bp = 1.00000000000000000000
org.apache.commons.math.util.MultidimensionalCounterTest:testIterationConsistency:()V#155#499 prob_bp = 1.00000000000000000000
org.apache.commons.math.util.MultidimensionalCounterTest:testIterationConsistency:()V#155#501 prob_bp = 1.00000000000000000000
org.apache.commons.math.util.MultidimensionalCounterTest:testIterationConsistency:()V#155#502 prob_bp = 1.00000000000000000000
org.apache.commons.math.util.MultidimensionalCounterTest:testIterationConsistency:()V#156#505 prob_bp = 1.00000000000000000000
org.apache.commons.math.util.MultidimensionalCounterTest:testIterationConsistency:()V#156#507 prob_bp = 1.00000000000000000000
org.apache.commons.math.util.MultidimensionalCounterTest:testIterationConsistency:()V#159#518 prob_bp = 1.00000000000000000000
org.apache.commons.math.util.MultidimensionalCounterTest:testIterationConsistency:()V#159#520 prob_bp = 1.00000000000000000000
org.apache.commons.math.util.MultidimensionalCounterTest:testIterationConsistency:()V#159#523 prob_bp = 1.00000000000000000000
org.apache.commons.math.util.MultidimensionalCounterTest:testIterationConsistency:()V#159#526 prob_bp = 1.00000000000000000000
org.apache.commons.math.util.MultidimensionalCounterTest:testIterationConsistency:()V#167#652 prob_bp = 1.00000000000000000000
org.apache.commons.math.util.MultidimensionalCounterTest:testIterationConsistency:()V#167#653 prob_bp = 1.00000000000000000000
org.apache.commons.math.util.MultidimensionalCounterTest:testIterationConsistency:()V#167#654 prob_bp = 1.00000000000000000000
org.apache.commons.math.util.MultidimensionalCounterTest:testIterationConsistency:()V#167#656 prob_bp = 1.00000000000000000000
org.apache.commons.math.util.MultidimensionalCounterTest:testIterationConsistency:()V#167#657 prob_bp = 1.00000000000000000000
org.apache.commons.math.util.MultidimensionalCounterTest:testIterationConsistency:()V#170#667 prob_bp = 1.00000000000000000000
org.apache.commons.math.util.MultidimensionalCounterTest:testIterationConsistency:()V#170#668 prob_bp = 1.00000000000000000000
org.apache.commons.math.util.MultidimensionalCounterTest:testIterationConsistency:()V#170#670 prob_bp = 1.00000000000000000000
org.apache.commons.math.util.MultidimensionalCounterTest:testIterationConsistency:()V#170#673 prob_bp = 1.00000000000000000000
org.apache.commons.math.util.MultidimensionalCounterTest:testIterationConsistency:()V#171#675 prob_bp = 1.00000000000000000000
org.apache.commons.math.util.MultidimensionalCounterTest:testIterationConsistency:()V#171#676 prob_bp = 1.00000000000000000000
org.apache.commons.math.util.MultidimensionalCounterTest:testIterationConsistency:()V#171#678 prob_bp = 1.00000000000000000000
org.apache.commons.math.util.MultidimensionalCounterTest:testIterationConsistency:()V#171#680 prob_bp = 1.00000000000000000000
org.apache.commons.math.util.MultidimensionalCounterTest:testIterationConsistency:()V#171#682 prob_bp = 1.00000000000000000000
org.apache.commons.math.util.MultidimensionalCounterTest:testIterationConsistency:()V#172#685 prob_bp = 1.00000000000000000000
org.apache.commons.math.util.MultidimensionalCounterTest:testIterationConsistency:()V#172#692 prob_bp = 1.00000000000000000000
org.apache.commons.math.util.MultidimensionalCounterTest:testIterationConsistency:()V#172#694 prob_bp = 1.00000000000000000000
org.apache.commons.math.util.MultidimensionalCounterTest:testIterationConsistency:()V#172#697 prob_bp = 1.00000000000000000000
org.apache.commons.math.util.MultidimensionalCounterTest:testIterationConsistency:()V#172#699 prob_bp = 1.00000000000000000000
org.apache.commons.math.util.MultidimensionalCounterTest:testIterationConsistency:()V#172#702 prob_bp = 1.00000000000000000000
org.apache.commons.math.util.MultidimensionalCounterTest:testIterationConsistency:()V#172#704 prob_bp = 1.00000000000000000000
org.apache.commons.math.util.MultidimensionalCounterTest:testIterationConsistency:()V#172#707 prob_bp = 1.00000000000000000000
org.apache.commons.math.util.MultidimensionalCounterTest:testIterationConsistency:()V#172#709 prob_bp = 1.00000000000000000000
org.apache.commons.math.util.MultidimensionalCounterTest:testIterationConsistency:()V#172#712 prob_bp = 1.00000000000000000000
org.apache.commons.math.util.MultidimensionalCounterTest:testIterationConsistency:()V#172#714 prob_bp = 1.00000000000000000000
org.apache.commons.math.util.MultidimensionalCounterTest:testIterationConsistency:()V#172#717 prob_bp = 1.00000000000000000000
org.apache.commons.math.util.MultidimensionalCounterTest:testIterationConsistency:()V#172#720 prob_bp = 1.00000000000000000000
org.apache.commons.math.util.MultidimensionalCounterTest:testIterationConsistency:()V#172#721 prob_bp = 1.00000000000000000000
org.apache.commons.math.util.MultidimensionalCounterTest:testIterationConsistency:()V#172#723 prob_bp = 1.00000000000000000000
org.apache.commons.math.util.MultidimensionalCounterTest:testIterationConsistency:()V#172#724 prob_bp = 1.00000000000000000000
org.apache.commons.math.util.MultidimensionalCounterTest:testIterationConsistency:()V#172#726 prob_bp = 1.00000000000000000000
org.apache.commons.math.util.MultidimensionalCounterTest:testIterationConsistency:()V#172#727 prob_bp = 1.00000000000000000000
org.apache.commons.math.util.MultidimensionalCounterTest:testIterationConsistency:()V#172#728 prob_bp = 1.00000000000000000000
org.apache.commons.math.util.MultidimensionalCounterTest:testIterationConsistency:()V#172#730 prob_bp = 1.00000000000000000000
org.apache.commons.math.util.MultidimensionalCounterTest:testIterationConsistency:()V#172#732 prob_bp = 1.00000000000000000000
org.apache.commons.math.util.MultidimensionalCounterTest:testIterationConsistency:()V#172#733 prob_bp = 1.00000000000000000000
org.apache.commons.math.util.MultidimensionalCounterTest:testIterationConsistency:()V#172#734 prob_bp = 1.00000000000000000000
org.apache.commons.math.util.MultidimensionalCounterTest:testIterationConsistency:()V#171#737 prob_bp = 1.00000000000000000000
org.apache.commons.math.util.MultidimensionalCounterTest:testIterationConsistency:()V#155#743 prob_bp = 1.00000000000000000000
Belief propagation time : 11.890000s
