Belief propagation time: 100

Probabilities: 
Vars:15259
Stmts:6009
org.apache.commons.math.special.Gamma:regularizedGammaP:(DDDI)D#179#139 prob_bp = 0.49885935094216300000
org.apache.commons.math.special.Gamma:regularizedGammaP:(DDDI)D#162#49 prob_bp = 0.49985707503750537000
org.apache.commons.math.special.Gamma:regularizedGammaP:(DDDI)D#160#37 prob_bp = 0.49998201757413800000
org.apache.commons.math.special.Gamma:regularizedGammaP:(DDDI)D#158#23 prob_bp = 0.49999777412755690000
org.apache.commons.math.special.Gamma:regularizedGammaP:(DDDI)D#162#48 prob_bp = 0.49999962161698050000
org.apache.commons.math.special.Gamma:regularizedGammaP:(DDDI)D#162#47 prob_bp = 0.49999963453721660000
org.apache.commons.math.special.Gamma:regularizedGammaP:(DDDI)D#162#46 prob_bp = 0.49999974082409115000
org.apache.commons.math.special.Erf:erf:(D)D#56#12 prob_bp = 0.49999974878214704000
org.apache.commons.math.special.Gamma:regularizedGammaP:(DDDI)D#158#17 prob_bp = 0.49999975092611360000
org.apache.commons.math.special.Erf:erf:(D)D#56#0 prob_bp = 0.49999978282233126000
org.apache.commons.math.special.Gamma:regularizedGammaP:(DDDI)D#179#138 prob_bp = 0.49999991400217340000
org.apache.commons.math.special.Gamma:regularizedGammaP:(DDDI)D#179#137 prob_bp = 0.49999995936155700000
org.apache.commons.math.special.Gamma:regularizedGammaP:(DDDI)D#179#135 prob_bp = 0.49999997217406330000
org.apache.commons.math.special.Gamma:regularizedGammaP:(DDDI)D#179#133 prob_bp = 0.49999997570025390000
org.apache.commons.math.special.Erf:erf:(D)D#56#9 prob_bp = 0.49999997671087665000
org.apache.commons.math.special.Gamma:regularizedGammaP:(DDDI)D#160#36 prob_bp = 0.49999997966678190000
org.apache.commons.math.special.Gamma:regularizedGammaP:(DDDI)D#160#35 prob_bp = 0.49999998036227270000
org.apache.commons.math.special.Gamma:regularizedGammaP:(DDDI)D#171#94#unexe#9 prob_bp = 0.49999999253540556000
org.apache.commons.math.special.Gamma:regularizedGammaP:(DDDI)D#160#34 prob_bp = 0.49999999464393785000
org.apache.commons.math.special.Gamma:regularizedGammaP:(DDDI)D#158#22 prob_bp = 0.49999999755706630000
org.apache.commons.math.special.Gamma:regularizedGammaP:(DDDI)D#158#21 prob_bp = 0.49999999764171410000
org.apache.commons.math.special.Gamma:regularizedGammaP:(DDDI)D#171#103#unexe#9 prob_bp = 0.49999999789010136000
org.apache.commons.math.special.Gamma:regularizedGammaP:(DDDI)D#171#94 prob_bp = 0.49999999903359055000
org.apache.commons.math.special.Gamma:regularizedGammaP:(DDDI)D#158#11 prob_bp = 0.49999999916874655000
org.apache.commons.math.special.Gamma:regularizedGammaP:(DDDI)D#158#20 prob_bp = 0.49999999936282624000
org.apache.commons.math.special.Gamma:regularizedGammaP:(DDDI)D#158#16 prob_bp = 0.49999999953134183000
org.apache.commons.math.special.Gamma:regularizedGammaP:(DDDI)D#158#15 prob_bp = 0.49999999954947943000
org.apache.commons.math.special.Gamma:regularizedGammaP:(DDDI)D#158#14 prob_bp = 0.49999999969243114000
org.apache.commons.math.special.Gamma:regularizedGammaP:(DDDI)D#171#103 prob_bp = 0.49999999972620850000
org.apache.commons.math.special.Gamma:regularizedGammaP:(DDDI)D#158#8 prob_bp = 0.49999999979521437000
org.apache.commons.math.distribution.NormalDistributionImpl:cumulativeProbability:(D)D#109#22 prob_bp = 0.49999999991165500000
org.apache.commons.math.special.Erf:erf:(D)D#56#5 prob_bp = 0.49999999993861866000
org.apache.commons.math.special.Gamma:regularizedGammaP:(DDDI)D#158#7 prob_bp = 0.49999999995095980000
org.apache.commons.math.special.Erf:erf:(D)D#56#3 prob_bp = 0.49999999995234590000
org.apache.commons.math.special.Erf:erf:(D)D#56#4 prob_bp = 0.49999999995234590000
org.apache.commons.math.special.Gamma:regularizedGammaP:(DDDI)D#158#4 prob_bp = 0.49999999999516015000
org.apache.commons.math.special.Gamma:regularizedGammaP:(DDDI)D#173#110 prob_bp = 0.49999999999716355000
org.apache.commons.math.special.Gamma:regularizedGammaP:(DDDI)D#158#1 prob_bp = 0.49999999999792810000
org.apache.commons.math.special.Gamma:regularizedGammaP:(DDDI)D#158#0 prob_bp = 0.49999999999863040000
org.apache.commons.math.special.Gamma:regularizedGammaP:(DDDI)D#173#109 prob_bp = 0.49999999999970470000
org.apache.commons.math.special.Gamma:regularizedGammaP:(DDDI)D#173#108 prob_bp = 0.49999999999971500000
org.apache.commons.math.special.Gamma:regularizedGammaP:(DDDI)D#171#93 prob_bp = 0.49999999999978967000
org.apache.commons.math.special.Gamma:regularizedGammaP:(DDDI)D#171#91 prob_bp = 0.49999999999985584000
org.apache.commons.math.special.Gamma:regularizedGammaP:(DDDI)D#171#88 prob_bp = 0.49999999999987704000
org.apache.commons.math.special.Erf:erf:(D)D#56#6 prob_bp = 0.49999999999987954000
org.apache.commons.math.special.Gamma:regularizedGammaP:(DDDI)D#171#86 prob_bp = 0.49999999999990180000
org.apache.commons.math.special.Gamma:regularizedGammaP:(DDDI)D#169#80 prob_bp = 0.49999999999990920000
org.apache.commons.math.special.Gamma:regularizedGammaP:(DDDI)D#173#106 prob_bp = 0.49999999999991523000
org.apache.commons.math.special.Gamma:regularizedGammaP:(DDDI)D#171#102 prob_bp = 0.49999999999994890000
org.apache.commons.math.special.Gamma:regularizedGammaP:(DDDI)D#171#97 prob_bp = 0.49999999999996375000
org.apache.commons.math.special.Gamma:regularizedGammaP:(DDDI)D#168#75 prob_bp = 0.49999999999996503000
org.apache.commons.math.special.Gamma:regularizedGammaP:(DDDI)D#168#74 prob_bp = 0.49999999999996600000
org.apache.commons.math.special.Gamma:regularizedGammaP:(DDDI)D#171#101 prob_bp = 0.49999999999997596000
org.apache.commons.math.special.Gamma:regularizedGammaP:(DDDI)D#171#99 prob_bp = 0.49999999999998335000
org.apache.commons.math.distribution.NormalDistributionImpl:cumulativeProbability:(D)D#109#21 prob_bp = 0.49999999999999750000
org.apache.commons.math.special.Gamma:regularizedGammaP:(DDDI)D#174#121 prob_bp = 0.49999999999999960000
org.apache.commons.math.special.Gamma:regularizedGammaP:(DDDI)D#169#79 prob_bp = 0.49999999999999970000
org.apache.commons.math.special.Gamma:regularizedGammaP:(DDDI)D#169#77 prob_bp = 0.49999999999999980000
org.apache.commons.math.distribution.NormalDistributionImpl:cumulativeProbability:(D)D#109#17 prob_bp = 0.49999999999999990000
org.apache.commons.math.distribution.NormalDistributionImpl:cumulativeProbability:(D)D#109#20 prob_bp = 0.49999999999999990000
org.apache.commons.math.special.Gamma:regularizedGammaP:(DDDI)D#169#78 prob_bp = 0.49999999999999990000
org.apache.commons.math.distribution.NormalDistributionImpl:cumulativeProbability:(D)D#109#9 prob_bp = 0.49999999999999994000
org.apache.commons.math.special.Gamma:regularizedGammaP:(DDDI)D#174#112 prob_bp = 0.49999999999999994000
org.apache.commons.math.special.Gamma:regularizedGammaP:(DDDI)D#174#114 prob_bp = 0.49999999999999994000
org.apache.commons.math.special.Gamma:regularizedGammaP:(DDDI)D#174#118 prob_bp = 0.49999999999999994000
org.apache.commons.math.distribution.NormalDistributionImpl:cumulativeProbability:(D)D#109#4 prob_bp = 0.50000000000000000000
org.apache.commons.math.distribution.NormalDistributionImpl:cumulativeProbability:(D)D#109#6 prob_bp = 0.50000000000000000000
org.apache.commons.math.distribution.NormalDistributionImpl:cumulativeProbability:(D)D#109#10 prob_bp = 0.50000000000000000000
org.apache.commons.math.distribution.NormalDistributionImpl:cumulativeProbability:(D)D#109#11 prob_bp = 0.50000000000000000000
org.apache.commons.math.special.Gamma:regularizedGammaP:(DDDI)D#174#116 prob_bp = 0.50000000000000000000
org.apache.commons.math.special.Gamma:regularizedGammaP:(DDDI)D#174#120 prob_bp = 0.50000000000000000000
org.apache.commons.math.distribution.NormalDistributionImpl:cumulativeProbability:(D)D#109#5 prob_bp = 0.50000000000000010000
org.apache.commons.math.distribution.NormalDistributionImpl:cumulativeProbability:(D)D#109#14 prob_bp = 0.50000000000000010000
org.apache.commons.math.special.Gamma:regularizedGammaP:(DDDI)D#174#115 prob_bp = 0.50000000000000010000
org.apache.commons.math.special.Gamma:regularizedGammaP:(DDDI)D#174#119 prob_bp = 0.50000000000000030000
org.apache.commons.math.MathException:<clinit>:()V#57#28 prob_bp = 0.55898608845698820000
org.apache.commons.math.MathException:translate:(Ljava/lang/String;Ljava/util/Locale;)Ljava/lang/String;#83#0 prob_bp = 0.56005704861076940000
org.apache.commons.math.MathException:translate:(Ljava/lang/String;Ljava/util/Locale;)Ljava/lang/String;#83#3 prob_bp = 0.56296439875388470000
org.apache.commons.math.distribution.NormalDistributionImpl:setMean:(D)V#76#0 prob_bp = 0.65046695296034460000
org.apache.commons.math.distribution.NormalDistributionImpl:setMean:(D)V#76#1 prob_bp = 0.65046695296034460000
org.apache.commons.math.distribution.NormalDistributionImpl:setMean:(D)V#76#2 prob_bp = 0.65990795019856840000
org.apache.commons.math.MathException:printStackTrace:(Ljava/io/PrintWriter;)V#265#0 prob_bp = 0.87342488201435820000
org.apache.commons.math.MathException:printStackTrace:(Ljava/io/PrintWriter;)V#265#1 prob_bp = 0.88127247099702570000
org.apache.commons.math.MathException:printStackTrace:(Ljava/io/PrintWriter;)V#265#2 prob_bp = 0.89743207212393640000
org.apache.commons.math.MathException:printStackTrace:(Ljava/io/PrintWriter;)V#271#36 prob_bp = 0.93078885552412290000
org.apache.commons.math.distribution.NormalDistributionImpl:<init>:(DD)V#52#20 prob_bp = 0.98527676823169400000
org.apache.commons.math.distribution.NormalDistributionImpl:setStandardDeviation:(D)V#93#0 prob_bp = 0.98531034708389630000
org.apache.commons.math.distribution.NormalDistributionImpl:setStandardDeviation:(D)V#93#1 prob_bp = 0.98532253383978270000
org.apache.commons.math.distribution.NormalDistributionImpl:setStandardDeviation:(D)V#93#2 prob_bp = 0.98641707710715890000
org.apache.commons.math.distribution.NormalDistributionImpl:<init>:(DD)V#52#21 prob_bp = 0.99838679608627110000
org.apache.commons.math.distribution.NormalDistributionImpl:setStandardDeviation:(D)V#93#3 prob_bp = 0.99997955128693550000
org.apache.commons.math.distribution.NormalDistributionImpl:setStandardDeviation:(D)V#97#16 prob_bp = 0.99999999916321740000
org.apache.commons.math.distribution.NormalDistributionImpl:setStandardDeviation:(D)V#97#17 prob_bp = 0.99999999924600960000
org.apache.commons.math.distribution.NormalDistributionImpl:setStandardDeviation:(D)V#97#18 prob_bp = 0.99999999935127270000
org.apache.commons.math.distribution.NormalDistributionTest:<init>:(Ljava/lang/String;)V#34#0 prob_bp = 1.00000000000000000000
org.apache.commons.math.distribution.NormalDistributionTest:<init>:(Ljava/lang/String;)V#34#1 prob_bp = 1.00000000000000000000
org.apache.commons.math.distribution.NormalDistributionTest:<init>:(Ljava/lang/String;)V#34#2 prob_bp = 1.00000000000000000000
org.apache.commons.math.distribution.NormalDistributionTest:makeDistribution:()Lorg/apache/commons/math/distribution/ContinuousDistribution;#41#7 prob_bp = 1.00000000000000000000
org.apache.commons.math.distribution.NormalDistributionTest:makeDistribution:()Lorg/apache/commons/math/distribution/ContinuousDistribution;#41#10 prob_bp = 1.00000000000000000000
org.apache.commons.math.distribution.NormalDistributionTest:testExtremeValues:()V#129#0 prob_bp = 1.00000000000000000000
org.apache.commons.math.distribution.NormalDistributionTest:testExtremeValues:()V#129#1 prob_bp = 1.00000000000000000000
org.apache.commons.math.distribution.NormalDistributionTest:testExtremeValues:()V#129#4 prob_bp = 1.00000000000000000000
org.apache.commons.math.distribution.NormalDistributionTest:testExtremeValues:()V#129#7 prob_bp = 1.00000000000000000000
org.apache.commons.math.distribution.NormalDistributionTest:testExtremeValues:()V#130#8 prob_bp = 1.00000000000000000000
org.apache.commons.math.distribution.NormalDistributionTest:testExtremeValues:()V#130#9 prob_bp = 1.00000000000000000000
org.apache.commons.math.distribution.NormalDistributionTest:testExtremeValues:()V#130#10 prob_bp = 1.00000000000000000000
org.apache.commons.math.distribution.NormalDistributionTest:testExtremeValues:()V#131#15 prob_bp = 1.00000000000000000000
org.apache.commons.math.distribution.NormalDistributionTest:testExtremeValues:()V#131#16 prob_bp = 1.00000000000000000000
org.apache.commons.math.distribution.NormalDistributionTest:testExtremeValues:()V#131#17 prob_bp = 1.00000000000000000000
org.apache.commons.math.distribution.NormalDistributionTest:testExtremeValues:()V#132#22 prob_bp = 1.00000000000000000000
org.apache.commons.math.distribution.NormalDistributionTest:testExtremeValues:()V#132#23 prob_bp = 1.00000000000000000000
org.apache.commons.math.distribution.NormalDistributionTest:testExtremeValues:()V#132#24 prob_bp = 1.00000000000000000000
org.apache.commons.math.distribution.NormalDistributionTest:testExtremeValues:()V#132#25 prob_bp = 1.00000000000000000000
org.apache.commons.math.distribution.NormalDistributionTest:testExtremeValues:()V#132#27 prob_bp = 1.00000000000000000000
org.apache.commons.math.distribution.NormalDistributionTest:testExtremeValues:()V#133#30 prob_bp = 1.00000000000000000000
org.apache.commons.math.distribution.NormalDistributionTest:testExtremeValues:()V#133#31 prob_bp = 1.00000000000000000000
org.apache.commons.math.distribution.NormalDistributionTest:testExtremeValues:()V#133#32 prob_bp = 1.00000000000000000000
org.apache.commons.math.distribution.NormalDistributionTest:testExtremeValues:()V#133#33 prob_bp = 1.00000000000000000000
org.apache.commons.math.distribution.NormalDistributionTest:testExtremeValues:()V#133#34 prob_bp = 1.00000000000000000000
org.apache.commons.math.distribution.NormalDistributionTest:testExtremeValues:()V#134#40 prob_bp = 1.00000000000000000000
org.apache.commons.math.distribution.NormalDistributionTest:testExtremeValues:()V#134#41 prob_bp = 1.00000000000000000000
org.apache.commons.math.distribution.NormalDistributionTest:testExtremeValues:()V#134#42 prob_bp = 1.00000000000000000000
org.apache.commons.math.distribution.NormalDistributionTest:testExtremeValues:()V#134#43 prob_bp = 1.00000000000000000000
org.apache.commons.math.distribution.NormalDistributionTest:testExtremeValues:()V#132#121 prob_bp = 1.00000000000000000000
Belief propagation time : 4.958000s
