Belief propagation time: 47

Probabilities: 
Vars:1294
Stmts:681
org.jfree.chart.renderer.GrayPaintScale:getPaint:(D)Ljava/awt/Paint;#128#41 prob_bp = 0.25963997699358020000
org.jfree.chart.renderer.GrayPaintScale:getPaint:(D)Ljava/awt/Paint;#126#39 prob_bp = 0.45974008394419070000
org.jfree.chart.renderer.GrayPaintScale:getPaint:(D)Ljava/awt/Paint;#128#45 prob_bp = 0.48938160458893076000
org.jfree.chart.renderer.GrayPaintScale:getPaint:(D)Ljava/awt/Paint;#128#47 prob_bp = 0.48938160458893076000
org.jfree.chart.renderer.GrayPaintScale:getPaint:(D)Ljava/awt/Paint;#128#49 prob_bp = 0.48938160458893076000
org.jfree.chart.renderer.GrayPaintScale:getPaint:(D)Ljava/awt/Paint;#126#38 prob_bp = 0.49962070134261540000
org.jfree.chart.renderer.GrayPaintScale:getPaint:(D)Ljava/awt/Paint;#126#37 prob_bp = 0.49971663689437973000
org.jfree.chart.renderer.GrayPaintScale:getPaint:(D)Ljava/awt/Paint;#126#34 prob_bp = 0.49972805840020706000
org.jfree.chart.renderer.GrayPaintScale:getPaint:(D)Ljava/awt/Paint;#126#33 prob_bp = 0.49999999305946585000
org.jfree.chart.renderer.GrayPaintScale:getPaint:(D)Ljava/awt/Paint;#126#23 prob_bp = 0.49999999988860205000
org.jfree.chart.renderer.GrayPaintScale:getPaint:(D)Ljava/awt/Paint;#126#18 prob_bp = 0.49999999990512810000
org.jfree.chart.renderer.GrayPaintScale:getPaint:(D)Ljava/awt/Paint;#126#32 prob_bp = 0.49999999998131340000
org.jfree.chart.renderer.GrayPaintScale:getPaint:(D)Ljava/awt/Paint;#126#25 prob_bp = 0.49999999999806377000
org.jfree.chart.renderer.GrayPaintScale:getPaint:(D)Ljava/awt/Paint;#126#20 prob_bp = 0.49999999999814170000
org.jfree.chart.renderer.GrayPaintScale:getPaint:(D)Ljava/awt/Paint;#126#24 prob_bp = 0.49999999999855160000
org.jfree.chart.renderer.GrayPaintScale:getPaint:(D)Ljava/awt/Paint;#126#19 prob_bp = 0.49999999999860980000
org.jfree.chart.renderer.GrayPaintScale:getPaint:(D)Ljava/awt/Paint;#126#29 prob_bp = 0.49999999999968825000
org.jfree.chart.renderer.GrayPaintScale:getPaint:(D)Ljava/awt/Paint;#126#28 prob_bp = 0.49999999999976674000
org.jfree.chart.renderer.GrayPaintScale:getPaint:(D)Ljava/awt/Paint;#128#44 prob_bp = 0.50000000000000000000
org.jfree.chart.renderer.GrayPaintScale:getPaint:(D)Ljava/awt/Paint;#128#51 prob_bp = 0.50000000000000000000
org.jfree.chart.renderer.GrayPaintScale:<init>:(DD)V#89#21 prob_bp = 0.50000004735669000000
org.jfree.chart.renderer.GrayPaintScale:<init>:(DD)V#89#20 prob_bp = 0.50000004762348430000
org.jfree.chart.renderer.GrayPaintScale:<init>:(DD)V#89#22 prob_bp = 0.50000004925689580000
org.jfree.chart.renderer.GrayPaintScale:<init>:()V#72#1 prob_bp = 0.51543461218179820000
org.jfree.chart.renderer.GrayPaintScale:<init>:(DD)V#85#4 prob_bp = 0.51606062275118300000
org.jfree.chart.renderer.GrayPaintScale:<init>:(DD)V#85#5 prob_bp = 0.51636435272128390000
org.jfree.chart.renderer.GrayPaintScale:<init>:(DD)V#85#6 prob_bp = 0.51669411989886720000
org.jfree.chart.renderer.GrayPaintScale:<init>:(DD)V#85#7 prob_bp = 0.73360799476525900000
org.jfree.chart.renderer.GrayPaintScale:<init>:()V#72#0 prob_bp = 0.99994841892397670000
org.jfree.chart.renderer.GrayPaintScale:<init>:()V#72#2 prob_bp = 0.99994870282052440000
org.jfree.chart.renderer.GrayPaintScale:<init>:(DD)V#90#25 prob_bp = 0.99999604938068840000
org.jfree.chart.renderer.GrayPaintScale:<init>:(DD)V#90#26 prob_bp = 0.99999604961033180000
org.jfree.chart.renderer.GrayPaintScale:<init>:(DD)V#90#27 prob_bp = 0.99999703390636750000
org.jfree.chart.renderer.GrayPaintScale:<init>:()V#72#3 prob_bp = 0.99999999963753040000
org.jfree.chart.renderer.junit.GrayPaintScaleTests:testGetPaint:()V#99#0 prob_bp = 1.00000000000000000000
org.jfree.chart.renderer.junit.GrayPaintScaleTests:testGetPaint:()V#99#3 prob_bp = 1.00000000000000000000
org.jfree.chart.renderer.junit.GrayPaintScaleTests:testGetPaint:()V#99#4 prob_bp = 1.00000000000000000000
org.jfree.chart.renderer.junit.GrayPaintScaleTests:testGetPaint:()V#99#7 prob_bp = 1.00000000000000000000
org.jfree.chart.renderer.junit.GrayPaintScaleTests:testGetPaint:()V#107#46 prob_bp = 1.00000000000000000000
org.jfree.chart.renderer.junit.GrayPaintScaleTests:testGetPaint:()V#107#47 prob_bp = 1.00000000000000000000
org.jfree.chart.renderer.junit.GrayPaintScaleTests:testGetPaint:()V#107#50 prob_bp = 1.00000000000000000000
Belief propagation time : 0.294000s
