Belief propagation time: 59

Probabilities: 
Vars:7058
Stmts:913
org.apache.commons.math.fraction.ProperFractionFormat:parse:(Ljava/lang/String;Ljava/text/ParsePosition;)Lorg/apache/commons/math/fraction/Fraction;#143#24 prob_bp = 0.49999999999999994000
org.apache.commons.math.fraction.ProperFractionFormat:parse:(Ljava/lang/String;Ljava/text/ParsePosition;)Lorg/apache/commons/math/fraction/Fraction;#156#54 prob_bp = 0.49999999999999994000
org.apache.commons.math.fraction.ProperFractionFormat:parse:(Ljava/lang/String;Ljava/text/ParsePosition;)Lorg/apache/commons/math/fraction/Fraction;#169#85 prob_bp = 0.49999999999999994000
org.apache.commons.math.fraction.ProperFractionFormat:parse:(Ljava/lang/String;Ljava/text/ParsePosition;)Lorg/apache/commons/math/fraction/Fraction;#188#151 prob_bp = 0.49999999999999994000
org.apache.commons.math.fraction.ProperFractionFormat:parse:(Ljava/lang/String;Ljava/text/ParsePosition;)Lorg/apache/commons/math/fraction/Fraction;#191#160 prob_bp = 0.49999999999999994000
org.apache.commons.math.fraction.ProperFractionFormat:parse:(Ljava/lang/String;Ljava/text/ParsePosition;)Lorg/apache/commons/math/fraction/Fraction;#132#0 prob_bp = 0.50000000000000000000
org.apache.commons.math.fraction.FractionFormat:parse:(Ljava/lang/String;Ljava/text/ParsePosition;)Lorg/apache/commons/math/fraction/Fraction;#290#93 prob_bp = 0.50000000000000000000
org.apache.commons.math.fraction.FractionFormat:parse:(Ljava/lang/String;Ljava/text/ParsePosition;)Lorg/apache/commons/math/fraction/Fraction;#290#94 prob_bp = 0.50000000000000000000
org.apache.commons.math.fraction.FractionFormat:parse:(Ljava/lang/String;Ljava/text/ParsePosition;)Lorg/apache/commons/math/fraction/Fraction;#292#104 prob_bp = 0.50000000000000000000
org.apache.commons.math.fraction.FractionFormat:parse:(Ljava/lang/String;Ljava/text/ParsePosition;)Lorg/apache/commons/math/fraction/Fraction;#292#105 prob_bp = 0.50000000000000000000
org.apache.commons.math.fraction.ProperFractionFormat:parse:(Ljava/lang/String;Ljava/text/ParsePosition;)Lorg/apache/commons/math/fraction/Fraction;#143#25 prob_bp = 0.50000000000000000000
org.apache.commons.math.fraction.ProperFractionFormat:parse:(Ljava/lang/String;Ljava/text/ParsePosition;)Lorg/apache/commons/math/fraction/Fraction;#153#48 prob_bp = 0.50000000000000000000
org.apache.commons.math.fraction.ProperFractionFormat:parse:(Ljava/lang/String;Ljava/text/ParsePosition;)Lorg/apache/commons/math/fraction/Fraction;#156#53 prob_bp = 0.50000000000000000000
org.apache.commons.math.fraction.ProperFractionFormat:parse:(Ljava/lang/String;Ljava/text/ParsePosition;)Lorg/apache/commons/math/fraction/Fraction;#168#77 prob_bp = 0.50000000000000000000
org.apache.commons.math.fraction.ProperFractionFormat:parse:(Ljava/lang/String;Ljava/text/ParsePosition;)Lorg/apache/commons/math/fraction/Fraction;#168#78 prob_bp = 0.50000000000000000000
org.apache.commons.math.fraction.ProperFractionFormat:parse:(Ljava/lang/String;Ljava/text/ParsePosition;)Lorg/apache/commons/math/fraction/Fraction;#169#84 prob_bp = 0.50000000000000000000
org.apache.commons.math.fraction.ProperFractionFormat:parse:(Ljava/lang/String;Ljava/text/ParsePosition;)Lorg/apache/commons/math/fraction/Fraction;#191#156 prob_bp = 0.50000000000000000000
org.apache.commons.math.fraction.ProperFractionFormat:parse:(Ljava/lang/String;Ljava/text/ParsePosition;)Lorg/apache/commons/math/fraction/Fraction;#191#157 prob_bp = 0.50000000000000000000
org.apache.commons.math.fraction.ProperFractionFormat:parse:(Ljava/lang/String;Ljava/text/ParsePosition;)Lorg/apache/commons/math/fraction/Fraction;#191#161 prob_bp = 0.50000000000000000000
org.apache.commons.math.fraction.ProperFractionFormat:parse:(Ljava/lang/String;Ljava/text/ParsePosition;)Lorg/apache/commons/math/fraction/Fraction;#191#162 prob_bp = 0.50000000000000000000
org.apache.commons.math.fraction.ProperFractionFormat:parse:(Ljava/lang/String;Ljava/text/ParsePosition;)Lorg/apache/commons/math/fraction/Fraction;#132#1 prob_bp = 0.50000000000000010000
org.apache.commons.math.fraction.ProperFractionFormat:parse:(Ljava/lang/String;Ljava/text/ParsePosition;)Lorg/apache/commons/math/fraction/Fraction;#169#83 prob_bp = 0.50000000000000010000
org.apache.commons.math.fraction.FractionFormat:parse:(Ljava/lang/String;Ljava/text/ParsePosition;)Lorg/apache/commons/math/fraction/Fraction;#290#95 prob_bp = 0.50000000000000020000
org.apache.commons.math.fraction.ProperFractionFormat:parse:(Ljava/lang/String;Ljava/text/ParsePosition;)Lorg/apache/commons/math/fraction/Fraction;#143#28 prob_bp = 0.50000000000000030000
org.apache.commons.math.fraction.ProperFractionFormat:parse:(Ljava/lang/String;Ljava/text/ParsePosition;)Lorg/apache/commons/math/fraction/Fraction;#156#57 prob_bp = 0.50000000000000030000
org.apache.commons.math.fraction.ProperFractionFormat:parse:(Ljava/lang/String;Ljava/text/ParsePosition;)Lorg/apache/commons/math/fraction/Fraction;#156#58 prob_bp = 0.50000000000000030000
org.apache.commons.math.fraction.ProperFractionFormat:parse:(Ljava/lang/String;Ljava/text/ParsePosition;)Lorg/apache/commons/math/fraction/Fraction;#156#59 prob_bp = 0.50000000000000040000
org.apache.commons.math.fraction.ProperFractionFormat:parse:(Ljava/lang/String;Ljava/text/ParsePosition;)Lorg/apache/commons/math/fraction/Fraction;#143#29 prob_bp = 0.50000000000000070000
org.apache.commons.math.fraction.ProperFractionFormat:parse:(Ljava/lang/String;Ljava/text/ParsePosition;)Lorg/apache/commons/math/fraction/Fraction;#143#30 prob_bp = 0.50000000000000070000
org.apache.commons.math.fraction.ProperFractionFormat:parse:(Ljava/lang/String;Ljava/text/ParsePosition;)Lorg/apache/commons/math/fraction/Fraction;#188#152 prob_bp = 0.50000000000000110000
org.apache.commons.math.fraction.FractionFormat:parseNextCharacter:(Ljava/lang/String;Ljava/text/ParsePosition;)C#379#42 prob_bp = 0.50000000000000390000
org.apache.commons.math.fraction.ProperFractionFormat:parse:(Ljava/lang/String;Ljava/text/ParsePosition;)Lorg/apache/commons/math/fraction/Fraction;#132#2 prob_bp = 0.50000000000000620000
org.apache.commons.math.fraction.ProperFractionFormat:parse:(Ljava/lang/String;Ljava/text/ParsePosition;)Lorg/apache/commons/math/fraction/Fraction;#188#153 prob_bp = 0.50000000000000680000
org.apache.commons.math.fraction.FractionFormat:parseNextCharacter:(Ljava/lang/String;Ljava/text/ParsePosition;)C#379#41 prob_bp = 0.50000000000000730000
org.apache.commons.math.fraction.ProperFractionFormat:parse:(Ljava/lang/String;Ljava/text/ParsePosition;)Lorg/apache/commons/math/fraction/Fraction;#132#3 prob_bp = 0.50000000000000970000
org.apache.commons.math.fraction.FractionFormat:parseNextCharacter:(Ljava/lang/String;Ljava/text/ParsePosition;)C#379#43 prob_bp = 0.50000000000001540000
org.apache.commons.math.fraction.FractionFormat:parseNextCharacter:(Ljava/lang/String;Ljava/text/ParsePosition;)C#378#38#unexe#2 prob_bp = 0.50000000000001720000
org.apache.commons.math.fraction.FractionFormat:parseNextCharacter:(Ljava/lang/String;Ljava/text/ParsePosition;)C#378#33#unexe#2 prob_bp = 0.50000000000007520000
org.apache.commons.math.fraction.ProperFractionFormat:parse:(Ljava/lang/String;Ljava/text/ParsePosition;)Lorg/apache/commons/math/fraction/Fraction;#140#19 prob_bp = 0.50000000000015650000
org.apache.commons.math.fraction.FractionFormat:parse:(Ljava/lang/String;Ljava/text/ParsePosition;)Lorg/apache/commons/math/fraction/Fraction;#276#37 prob_bp = 0.50000000000018390000
org.apache.commons.math.fraction.FractionFormat:parseNextCharacter:(Ljava/lang/String;Ljava/text/ParsePosition;)C#381#47 prob_bp = 0.50000000000026790000
org.apache.commons.math.fraction.FractionFormat:parseNextCharacter:(Ljava/lang/String;Ljava/text/ParsePosition;)C#381#46 prob_bp = 0.50000000000028040000
org.apache.commons.math.fraction.ProperFractionFormat:parse:(Ljava/lang/String;Ljava/text/ParsePosition;)Lorg/apache/commons/math/fraction/Fraction;#153#49 prob_bp = 0.50000000000028260000
org.apache.commons.math.fraction.ProperFractionFormat:parse:(Ljava/lang/String;Ljava/text/ParsePosition;)Lorg/apache/commons/math/fraction/Fraction;#140#20 prob_bp = 0.50000000000028400000
org.apache.commons.math.fraction.ProperFractionFormat:parse:(Ljava/lang/String;Ljava/text/ParsePosition;)Lorg/apache/commons/math/fraction/Fraction;#153#50 prob_bp = 0.50000000000032650000
org.apache.commons.math.fraction.FractionFormat:parse:(Ljava/lang/String;)Lorg/apache/commons/math/fraction/Fraction;#244#9 prob_bp = 0.50000000000035260000
org.apache.commons.math.fraction.FractionFormat:parse:(Ljava/lang/String;Ljava/text/ParsePosition;)Lorg/apache/commons/math/fraction/Fraction;#266#10 prob_bp = 0.50000000000037430000
org.apache.commons.math.fraction.FractionFormat:parse:(Ljava/lang/String;Ljava/text/ParsePosition;)Lorg/apache/commons/math/fraction/Fraction;#266#11 prob_bp = 0.50000000000040380000
org.apache.commons.math.fraction.ProperFractionFormat:parse:(Ljava/lang/String;Ljava/text/ParsePosition;)Lorg/apache/commons/math/fraction/Fraction;#140#21 prob_bp = 0.50000000000050890000
org.apache.commons.math.fraction.FractionFormat:parseNextCharacter:(Ljava/lang/String;Ljava/text/ParsePosition;)C#378#28 prob_bp = 0.50000000000074920000
org.apache.commons.math.fraction.FractionFormat:parse:(Ljava/lang/String;Ljava/text/ParsePosition;)Lorg/apache/commons/math/fraction/Fraction;#291#99 prob_bp = 0.50000000000090620000
org.apache.commons.math.fraction.FractionFormat:parseNextCharacter:(Ljava/lang/String;Ljava/text/ParsePosition;)C#381#48 prob_bp = 0.50000000000113210000
org.apache.commons.math.fraction.FractionFormat:parseNextCharacter:(Ljava/lang/String;Ljava/text/ParsePosition;)C#378#30 prob_bp = 0.50000000000317410000
org.apache.commons.math.fraction.FractionFormat:parseNextCharacter:(Ljava/lang/String;Ljava/text/ParsePosition;)C#377#26 prob_bp = 0.50000000000360970000
org.apache.commons.math.fraction.ProperFractionFormat:parse:(Ljava/lang/String;Ljava/text/ParsePosition;)Lorg/apache/commons/math/fraction/Fraction;#191#165 prob_bp = 0.50000000000747360000
org.apache.commons.math.fraction.FractionFormat:parseNextCharacter:(Ljava/lang/String;Ljava/text/ParsePosition;)C#378#33 prob_bp = 0.50000000001297020000
org.apache.commons.math.fraction.ProperFractionFormat:<init>:(Ljava/text/NumberFormat;)V#58#9 prob_bp = 0.50000000001583390000
org.apache.commons.math.fraction.ProperFractionFormat:<init>:(Ljava/text/NumberFormat;)V#58#2 prob_bp = 0.50000000001608500000
org.apache.commons.math.fraction.FractionFormat:parse:(Ljava/lang/String;Ljava/text/ParsePosition;)Lorg/apache/commons/math/fraction/Fraction;#291#98 prob_bp = 0.50000000001612110000
org.apache.commons.math.fraction.FractionFormat:parse:(Ljava/lang/String;Ljava/text/ParsePosition;)Lorg/apache/commons/math/fraction/Fraction;#276#33 prob_bp = 0.50000000002110810000
org.apache.commons.math.fraction.FractionFormat:parse:(Ljava/lang/String;Ljava/text/ParsePosition;)Lorg/apache/commons/math/fraction/Fraction;#276#34 prob_bp = 0.50000000002441970000
org.apache.commons.math.fraction.ProperFractionFormat:<init>:(Ljava/text/NumberFormat;)V#58#10 prob_bp = 0.50000000003071000000
org.apache.commons.math.fraction.ProperFractionFormat:<init>:(Ljava/text/NumberFormat;)V#58#3 prob_bp = 0.50000000003119780000
org.apache.commons.math.fraction.ProperFractionFormat:parse:(Ljava/lang/String;Ljava/text/ParsePosition;)Lorg/apache/commons/math/fraction/Fraction;#137#13 prob_bp = 0.50000000004036220000
org.apache.commons.math.fraction.ProperFractionFormat:parse:(Ljava/lang/String;Ljava/text/ParsePosition;)Lorg/apache/commons/math/fraction/Fraction;#137#14 prob_bp = 0.50000000004665350000
org.apache.commons.math.fraction.FractionFormat:parse:(Ljava/lang/String;Ljava/text/ParsePosition;)Lorg/apache/commons/math/fraction/Fraction;#266#14 prob_bp = 0.50000000006367050000
org.apache.commons.math.fraction.FractionFormat:parse:(Ljava/lang/String;Ljava/text/ParsePosition;)Lorg/apache/commons/math/fraction/Fraction;#266#15 prob_bp = 0.50000000006367470000
org.apache.commons.math.fraction.FractionFormat:getDefaultNumberFormat:(Ljava/util/Locale;)Ljava/text/NumberFormat;#154#5 prob_bp = 0.50000000006512170000
org.apache.commons.math.fraction.FractionFormat:parse:(Ljava/lang/String;Ljava/text/ParsePosition;)Lorg/apache/commons/math/fraction/Fraction;#266#16 prob_bp = 0.50000000006862140000
org.apache.commons.math.fraction.FractionFormat:parseNextCharacter:(Ljava/lang/String;Ljava/text/ParsePosition;)C#378#38#unexe#5 prob_bp = 0.50000000007374120000
org.apache.commons.math.fraction.FractionFormat:getDefaultNumberFormat:(Ljava/util/Locale;)Ljava/text/NumberFormat;#154#6 prob_bp = 0.50000000009016010000
org.apache.commons.math.fraction.FractionFormat:getDefaultNumberFormat:(Ljava/util/Locale;)Ljava/text/NumberFormat;#154#7 prob_bp = 0.50000000009198180000
org.apache.commons.math.fraction.FractionFormat:parse:(Ljava/lang/String;Ljava/text/ParsePosition;)Lorg/apache/commons/math/fraction/Fraction;#291#101 prob_bp = 0.50000000010825390000
org.apache.commons.math.fraction.FractionFormat:getDefaultNumberFormat:(Ljava/util/Locale;)Ljava/text/NumberFormat;#155#10 prob_bp = 0.50000000014119730000
org.apache.commons.math.fraction.FractionFormat:parseAndIgnoreWhitespace:(Ljava/lang/String;Ljava/text/ParsePosition;)V#360#7 prob_bp = 0.50000000017696170000
org.apache.commons.math.fraction.FractionFormat:getDefaultNumberFormat:(Ljava/util/Locale;)Ljava/text/NumberFormat;#155#11 prob_bp = 0.50000000019548730000
org.apache.commons.math.fraction.FractionFormat:getDefaultNumberFormat:(Ljava/util/Locale;)Ljava/text/NumberFormat;#155#12 prob_bp = 0.50000000019943640000
org.apache.commons.math.fraction.FractionFormat:parseAndIgnoreWhitespace:(Ljava/lang/String;Ljava/text/ParsePosition;)V#360#8 prob_bp = 0.50000000022244060000
org.apache.commons.math.fraction.FractionFormat:parse:(Ljava/lang/String;Ljava/text/ParsePosition;)Lorg/apache/commons/math/fraction/Fraction;#277#40 prob_bp = 0.50000000031276790000
org.apache.commons.math.fraction.FractionFormat:parseNextCharacter:(Ljava/lang/String;Ljava/text/ParsePosition;)C#378#33#unexe#5 prob_bp = 0.50000000031863900000
org.apache.commons.math.fraction.FractionFormat:parseNextCharacter:(Ljava/lang/String;Ljava/text/ParsePosition;)C#378#37 prob_bp = 0.50000000056096650000
org.apache.commons.math.fraction.FractionFormat:parseNextCharacter:(Ljava/lang/String;Ljava/text/ParsePosition;)C#378#36 prob_bp = 0.50000000059764940000
org.apache.commons.math.fraction.FractionFormat:parseNextCharacter:(Ljava/lang/String;Ljava/text/ParsePosition;)C#371#9 prob_bp = 0.50000000067350400000
org.apache.commons.math.fraction.ProperFractionFormat:parse:(Ljava/lang/String;Ljava/text/ParsePosition;)Lorg/apache/commons/math/fraction/Fraction;#192#167 prob_bp = 0.50000000114234820000
org.apache.commons.math.fraction.FractionFormat:parseNextCharacter:(Ljava/lang/String;Ljava/text/ParsePosition;)C#382#51 prob_bp = 0.50000000121718160000
org.apache.commons.math.fraction.FractionFormat:parseAndIgnoreWhitespace:(Ljava/lang/String;Ljava/text/ParsePosition;)V#360#11 prob_bp = 0.50000000156061490000
org.apache.commons.math.fraction.FractionFormat:parseAndIgnoreWhitespace:(Ljava/lang/String;Ljava/text/ParsePosition;)V#360#12 prob_bp = 0.50000000159217520000
org.apache.commons.math.fraction.FractionFormat:parseNextCharacter:(Ljava/lang/String;Ljava/text/ParsePosition;)C#374#14 prob_bp = 0.50000000176953980000
org.apache.commons.math.fraction.FractionFormat:parseNextCharacter:(Ljava/lang/String;Ljava/text/ParsePosition;)C#374#13 prob_bp = 0.50000000179923850000
org.apache.commons.math.fraction.FractionFormat:parseNextCharacter:(Ljava/lang/String;Ljava/text/ParsePosition;)C#378#38 prob_bp = 0.50000000245430180000
org.apache.commons.math.fraction.ProperFractionFormat:parse:(Ljava/lang/String;Ljava/text/ParsePosition;)Lorg/apache/commons/math/fraction/Fraction;#169#88 prob_bp = 0.50000000267561510000
org.apache.commons.math.fraction.ProperFractionFormat:<init>:(Ljava/text/NumberFormat;)V#58#13 prob_bp = 0.50000000300508380000
org.apache.commons.math.fraction.ProperFractionFormat:<init>:(Ljava/text/NumberFormat;)V#58#6 prob_bp = 0.50000000300557200000
org.apache.commons.math.fraction.FractionFormat:parseNextCharacter:(Ljava/lang/String;Ljava/text/ParsePosition;)C#374#15 prob_bp = 0.50000000426841530000
org.apache.commons.math.fraction.FractionFormat:parseNextCharacter:(Ljava/lang/String;Ljava/text/ParsePosition;)C#382#53 prob_bp = 0.50000000491796710000
org.apache.commons.math.fraction.FractionFormat:parseAndIgnoreWhitespace:(Ljava/lang/String;Ljava/text/ParsePosition;)V#360#6 prob_bp = 0.50000000621820180000
org.apache.commons.math.fraction.FractionFormat:parseAndIgnoreWhitespace:(Ljava/lang/String;Ljava/text/ParsePosition;)V#360#13 prob_bp = 0.50000000827558310000
org.apache.commons.math.fraction.ProperFractionFormat:parse:(Ljava/lang/String;Ljava/text/ParsePosition;)Lorg/apache/commons/math/fraction/Fraction;#170#90 prob_bp = 0.50000001077561300000
org.apache.commons.math.fraction.ProperFractionFormat:parse:(Ljava/lang/String;Ljava/text/ParsePosition;)Lorg/apache/commons/math/fraction/Fraction;#132#6 prob_bp = 0.50000001714911860000
org.apache.commons.math.fraction.FractionFormat:parseNextCharacter:(Ljava/lang/String;Ljava/text/ParsePosition;)C#381#48#unexe#4 prob_bp = 0.50000001986998390000
org.apache.commons.math.fraction.ProperFractionFormat:<init>:(Ljava/text/NumberFormat;Ljava/text/NumberFormat;Ljava/text/NumberFormat;)V#72#2 prob_bp = 0.50000002092481000000
org.apache.commons.math.fraction.ProperFractionFormat:<init>:(Ljava/text/NumberFormat;Ljava/text/NumberFormat;Ljava/text/NumberFormat;)V#72#1 prob_bp = 0.50000002092720660000
org.apache.commons.math.fraction.ProperFractionFormat:parse:(Ljava/lang/String;Ljava/text/ParsePosition;)Lorg/apache/commons/math/fraction/Fraction;#133#7 prob_bp = 0.50000002285681240000
org.apache.commons.math.fraction.ProperFractionFormat:parse:(Ljava/lang/String;Ljava/text/ParsePosition;)Lorg/apache/commons/math/fraction/Fraction;#170#92 prob_bp = 0.50000004339569400000
org.apache.commons.math.fraction.FractionFormat:parse:(Ljava/lang/String;Ljava/text/ParsePosition;)Lorg/apache/commons/math/fraction/Fraction;#263#6 prob_bp = 0.50000004515195020000
org.apache.commons.math.fraction.ProperFractionFormat:parse:(Ljava/lang/String;Ljava/text/ParsePosition;)Lorg/apache/commons/math/fraction/Fraction;#133#8 prob_bp = 0.50000004577031320000
org.apache.commons.math.fraction.FractionFormat:parseAndIgnoreWhitespace:(Ljava/lang/String;Ljava/text/ParsePosition;)V#359#1 prob_bp = 0.50000004935439750000
org.apache.commons.math.fraction.FractionFormat:parseNextCharacter:(Ljava/lang/String;Ljava/text/ParsePosition;)C#370#0 prob_bp = 0.50000008819127140000
org.apache.commons.math.fraction.FractionFormat:parseNextCharacter:(Ljava/lang/String;Ljava/text/ParsePosition;)C#371#5 prob_bp = 0.50000012399771190000
org.apache.commons.math.fraction.ProperFractionFormat:<init>:(Ljava/text/NumberFormat;Ljava/text/NumberFormat;Ljava/text/NumberFormat;)V#72#0 prob_bp = 0.50000012787669610000
org.apache.commons.math.fraction.FractionFormat:parseNextCharacter:(Ljava/lang/String;Ljava/text/ParsePosition;)C#370#1 prob_bp = 0.50000014070647400000
org.apache.commons.math.fraction.ProperFractionFormat:parse:(Ljava/lang/String;Ljava/text/ParsePosition;)Lorg/apache/commons/math/fraction/Fraction;#192#169 prob_bp = 0.50000017347624090000
org.apache.commons.math.fraction.FractionFormat:parseNextCharacter:(Ljava/lang/String;Ljava/text/ParsePosition;)C#371#6 prob_bp = 0.50000019719457200000
org.apache.commons.math.fraction.ProperFractionFormat:parse:(Ljava/lang/String;Ljava/text/ParsePosition;)Lorg/apache/commons/math/fraction/Fraction;#156#62 prob_bp = 0.50000024898228260000
org.apache.commons.math.fraction.ProperFractionFormat:parse:(Ljava/lang/String;Ljava/text/ParsePosition;)Lorg/apache/commons/math/fraction/Fraction;#143#33 prob_bp = 0.50000025079669390000
org.apache.commons.math.fraction.ProperFractionFormat:<init>:(Ljava/text/NumberFormat;Ljava/text/NumberFormat;Ljava/text/NumberFormat;)V#72#3 prob_bp = 0.50000025386977460000
org.apache.commons.math.fraction.ProperFractionFormat:parse:(Ljava/lang/String;Ljava/text/ParsePosition;)Lorg/apache/commons/math/fraction/Fraction;#157#64 prob_bp = 0.50000125165964320000
org.apache.commons.math.fraction.ProperFractionFormat:parse:(Ljava/lang/String;Ljava/text/ParsePosition;)Lorg/apache/commons/math/fraction/Fraction;#144#35 prob_bp = 0.50000125973795810000
org.apache.commons.math.fraction.FractionFormat:parseNextCharacter:(Ljava/lang/String;Ljava/text/ParsePosition;)C#370#4 prob_bp = 0.50000177466749040000
org.apache.commons.math.fraction.FractionFormat:parseNextCharacter:(Ljava/lang/String;Ljava/text/ParsePosition;)C#377#20 prob_bp = 0.50000196316866870000
org.apache.commons.math.fraction.FractionFormat:parse:(Ljava/lang/String;Ljava/text/ParsePosition;)Lorg/apache/commons/math/fraction/Fraction;#263#5 prob_bp = 0.50000318883193340000
org.apache.commons.math.fraction.FractionFormat:parse:(Ljava/lang/String;Ljava/text/ParsePosition;)Lorg/apache/commons/math/fraction/Fraction;#263#7 prob_bp = 0.50000348545613280000
org.apache.commons.math.fraction.FractionFormat:parseAndIgnoreWhitespace:(Ljava/lang/String;Ljava/text/ParsePosition;)V#359#0 prob_bp = 0.50000393782027670000
org.apache.commons.math.fraction.FractionFormat:parseNextCharacter:(Ljava/lang/String;Ljava/text/ParsePosition;)C#374#15#unexe#4 prob_bp = 0.50000462970324560000
org.apache.commons.math.fraction.FractionFormat:parseAndIgnoreWhitespace:(Ljava/lang/String;Ljava/text/ParsePosition;)V#359#2 prob_bp = 0.50000502423917440000
org.apache.commons.math.fraction.ProperFractionFormat:parse:(Ljava/lang/String;Ljava/text/ParsePosition;)Lorg/apache/commons/math/fraction/Fraction;#157#66 prob_bp = 0.50000528955295220000
org.apache.commons.math.fraction.ProperFractionFormat:parse:(Ljava/lang/String;Ljava/text/ParsePosition;)Lorg/apache/commons/math/fraction/Fraction;#144#37 prob_bp = 0.50000531866074300000
org.apache.commons.math.fraction.FractionFormat:parse:(Ljava/lang/String;Ljava/text/ParsePosition;)Lorg/apache/commons/math/fraction/Fraction;#277#39 prob_bp = 0.50000614575546640000
org.apache.commons.math.fraction.FractionFormat:parse:(Ljava/lang/String;Ljava/text/ParsePosition;)Lorg/apache/commons/math/fraction/Fraction;#277#41 prob_bp = 0.50000709355290930000
org.apache.commons.math.fraction.FractionFormat:parseNextCharacter:(Ljava/lang/String;Ljava/text/ParsePosition;)C#386#55 prob_bp = 0.50000734317588280000
org.apache.commons.math.fraction.FractionFormat:parse:(Ljava/lang/String;)Lorg/apache/commons/math/fraction/Fraction;#244#10 prob_bp = 0.50000879740047920000
org.apache.commons.math.fraction.FractionFormat:<init>:(Ljava/text/NumberFormat;Ljava/text/NumberFormat;)V#76#10 prob_bp = 0.50000898485566370000
org.apache.commons.math.fraction.FractionFormat:<init>:(Ljava/text/NumberFormat;Ljava/text/NumberFormat;)V#75#5 prob_bp = 0.50001030732902930000
org.apache.commons.math.fraction.FractionFormat:parseNextCharacter:(Ljava/lang/String;Ljava/text/ParsePosition;)C#377#19 prob_bp = 0.50001280236421320000
org.apache.commons.math.fraction.FractionFormat:<init>:(Ljava/text/NumberFormat;Ljava/text/NumberFormat;)V#76#9 prob_bp = 0.50001539409158150000
org.apache.commons.math.fraction.FractionFormat:<init>:(Ljava/text/NumberFormat;Ljava/text/NumberFormat;)V#75#4 prob_bp = 0.50001644699400750000
org.apache.commons.math.fraction.FractionFormat:parseNextCharacter:(Ljava/lang/String;Ljava/text/ParsePosition;)C#386#57 prob_bp = 0.50001824353940050000
org.apache.commons.math.fraction.FractionFormat:parse:(Ljava/lang/String;Ljava/text/ParsePosition;)Lorg/apache/commons/math/fraction/Fraction;#260#0 prob_bp = 0.50001869706719290000
org.apache.commons.math.fraction.FractionFormat:<init>:(Ljava/text/NumberFormat;Ljava/text/NumberFormat;)V#76#11 prob_bp = 0.50001939108947410000
org.apache.commons.math.fraction.FractionFormat:parseNextCharacter:(Ljava/lang/String;Ljava/text/ParsePosition;)C#377#18 prob_bp = 0.50001964582443650000
org.apache.commons.math.fraction.FractionFormat:parse:(Ljava/lang/String;Ljava/text/ParsePosition;)Lorg/apache/commons/math/fraction/Fraction;#260#1 prob_bp = 0.50002014956037130000
org.apache.commons.math.fraction.FractionFormat:<init>:(Ljava/text/NumberFormat;Ljava/text/NumberFormat;)V#75#6 prob_bp = 0.50002071445262690000
org.apache.commons.math.fraction.FractionFormat:parse:(Ljava/lang/String;Ljava/text/ParsePosition;)Lorg/apache/commons/math/fraction/Fraction;#260#4 prob_bp = 0.50002294444550690000
org.apache.commons.math.fraction.FractionFormat:parseNextCharacter:(Ljava/lang/String;Ljava/text/ParsePosition;)C#377#23 prob_bp = 0.50005066317875440000
org.apache.commons.math.fraction.FractionFormat:parse:(Ljava/lang/String;)Lorg/apache/commons/math/fraction/Fraction;#244#11 prob_bp = 0.50005867881861300000
org.apache.commons.math.fraction.FractionFormat:parse:(Ljava/lang/String;Ljava/text/ParsePosition;)Lorg/apache/commons/math/fraction/Fraction;#277#44 prob_bp = 0.50006202905918970000
org.apache.commons.math.fraction.FractionFormat:parse:(Ljava/lang/String;)Lorg/apache/commons/math/fraction/Fraction;#244#12 prob_bp = 0.50006883724262060000
org.apache.commons.math.fraction.FractionFormat:parse:(Ljava/lang/String;Ljava/text/ParsePosition;)Lorg/apache/commons/math/fraction/Fraction;#266#19 prob_bp = 0.50009880674191340000
org.apache.commons.math.fraction.FractionFormat:getProperInstance:(Ljava/util/Locale;)Lorg/apache/commons/math/fraction/FractionFormat;#131#0 prob_bp = 0.50020211552136960000
org.apache.commons.math.fraction.FractionFormat:getProperInstance:(Ljava/util/Locale;)Lorg/apache/commons/math/fraction/FractionFormat;#131#1 prob_bp = 0.50020619561486320000
org.apache.commons.math.fraction.FractionFormat:getDefaultNumberFormat:(Ljava/util/Locale;)Ljava/text/NumberFormat;#153#0 prob_bp = 0.50021455275812820000
org.apache.commons.math.fraction.FractionFormat:getDefaultNumberFormat:(Ljava/util/Locale;)Ljava/text/NumberFormat;#153#1 prob_bp = 0.50023119965958280000
org.apache.commons.math.fraction.FractionFormat:parse:(Ljava/lang/String;Ljava/text/ParsePosition;)Lorg/apache/commons/math/fraction/Fraction;#278#46 prob_bp = 0.50023792438094300000
org.apache.commons.math.fraction.FractionFormat:getDefaultNumberFormat:(Ljava/util/Locale;)Ljava/text/NumberFormat;#153#4 prob_bp = 0.50026481241814980000
org.apache.commons.math.fraction.FractionFormat:parse:(Ljava/lang/String;Ljava/text/ParsePosition;)Lorg/apache/commons/math/fraction/Fraction;#267#21 prob_bp = 0.50029878272793350000
org.apache.commons.math.fraction.FractionFormat:getDefaultNumberFormat:(Ljava/util/Locale;)Ljava/text/NumberFormat;#156#15 prob_bp = 0.50033267120999160000
org.apache.commons.math.fraction.FractionFormat:getDenominatorFormat:()Ljava/text/NumberFormat;#224#0 prob_bp = 0.50040200165220580000
org.apache.commons.math.fraction.FractionFormat:getNumeratorFormat:()Ljava/text/NumberFormat;#232#0 prob_bp = 0.50040321230964690000
org.apache.commons.math.fraction.FractionFormat:getDenominatorFormat:()Ljava/text/NumberFormat;#224#1 prob_bp = 0.50045254283340900000
org.apache.commons.math.fraction.FractionFormat:getNumeratorFormat:()Ljava/text/NumberFormat;#232#1 prob_bp = 0.50045390510143070000
org.apache.commons.math.fraction.FractionFormat:getProperInstance:(Ljava/util/Locale;)Lorg/apache/commons/math/fraction/FractionFormat;#132#8 prob_bp = 0.50045626150150010000
org.apache.commons.math.fraction.FractionFormat:getDefaultNumberFormat:(Ljava/util/Locale;)Ljava/text/NumberFormat;#156#16 prob_bp = 0.50046962506910140000
org.apache.commons.math.fraction.ProperFractionFormat:<init>:(Ljava/text/NumberFormat;)V#58#0 prob_bp = 0.50048831458651780000
org.apache.commons.math.fraction.ProperFractionFormat:<init>:(Ljava/text/NumberFormat;Ljava/text/NumberFormat;Ljava/text/NumberFormat;)V#73#6 prob_bp = 0.50061723893621380000
org.apache.commons.math.fraction.FractionFormat:parse:(Ljava/lang/String;Ljava/text/ParsePosition;)Lorg/apache/commons/math/fraction/Fraction;#267#23 prob_bp = 0.50070424518751200000
org.apache.commons.math.fraction.FractionFormat:getProperInstance:(Ljava/util/Locale;)Lorg/apache/commons/math/fraction/FractionFormat;#131#4 prob_bp = 0.50074544358234970000
org.apache.commons.math.fraction.FractionFormat:parse:(Ljava/lang/String;Ljava/text/ParsePosition;)Lorg/apache/commons/math/fraction/Fraction;#278#48 prob_bp = 0.50094452792382130000
org.apache.commons.math.fraction.FractionFormat:getProperInstance:(Ljava/util/Locale;)Lorg/apache/commons/math/fraction/FractionFormat;#132#9 prob_bp = 0.50130156450845490000
org.apache.commons.math.fraction.FractionFormat:getProperInstance:(Ljava/util/Locale;)Lorg/apache/commons/math/fraction/FractionFormat;#132#10 prob_bp = 0.50288137083891950000
org.apache.commons.math.fraction.ProperFractionFormat:<init>:(Ljava/text/NumberFormat;)V#58#1 prob_bp = 0.50465057455542360000
org.apache.commons.math.fraction.ProperFractionFormat:<init>:(Ljava/text/NumberFormat;)V#58#16 prob_bp = 0.50958000734579900000
org.apache.commons.math.fraction.ProperFractionFormat:getWholeFormat:()Ljava/text/NumberFormat;#115#0 prob_bp = 0.51047353090563750000
org.apache.commons.math.fraction.ProperFractionFormat:getWholeFormat:()Ljava/text/NumberFormat;#115#1 prob_bp = 0.51070531450317610000
org.apache.commons.math.fraction.FractionFormat:getDenominatorFormat:()Ljava/text/NumberFormat;#224#4 prob_bp = 0.51611793295485210000
org.apache.commons.math.fraction.FractionFormat:getNumeratorFormat:()Ljava/text/NumberFormat;#232#4 prob_bp = 0.51611970040797730000
org.apache.commons.math.fraction.FractionFormat:parse:(Ljava/lang/String;)Lorg/apache/commons/math/fraction/Fraction;#245#20 prob_bp = 0.51635879916085850000
org.apache.commons.math.fraction.ProperFractionFormat:<init>:(Ljava/text/NumberFormat;Ljava/text/NumberFormat;Ljava/text/NumberFormat;)V#73#7 prob_bp = 0.51763252861899570000
org.apache.commons.math.fraction.ProperFractionFormat:<init>:(Ljava/text/NumberFormat;Ljava/text/NumberFormat;Ljava/text/NumberFormat;)V#73#8 prob_bp = 0.53437286488981660000
org.apache.commons.math.fraction.ProperFractionFormat:getWholeFormat:()Ljava/text/NumberFormat;#115#4 prob_bp = 0.55114170615306230000
org.apache.commons.math.fraction.FractionFormat:parse:(Ljava/lang/String;)Lorg/apache/commons/math/fraction/Fraction;#245#16 prob_bp = 0.57750332781674100000
org.apache.commons.math.fraction.FractionFormat:parse:(Ljava/lang/String;)Lorg/apache/commons/math/fraction/Fraction;#245#17 prob_bp = 0.58027937421983010000
org.apache.commons.math.fraction.ProperFractionFormat:setWholeFormat:(Ljava/text/NumberFormat;)V#215#0 prob_bp = 0.74605477662860650000
org.apache.commons.math.fraction.ProperFractionFormat:setWholeFormat:(Ljava/text/NumberFormat;)V#215#1 prob_bp = 0.76556548182053600000
org.apache.commons.math.fraction.FractionFormat:getProperInstance:(Ljava/util/Locale;)Lorg/apache/commons/math/fraction/FractionFormat;#132#5 prob_bp = 0.85726627221217910000
org.apache.commons.math.fraction.FractionFormat:getProperInstance:(Ljava/util/Locale;)Lorg/apache/commons/math/fraction/FractionFormat;#132#13 prob_bp = 0.86441128841528570000
org.apache.commons.math.fraction.ProperFractionFormat:setWholeFormat:(Ljava/text/NumberFormat;)V#219#15 prob_bp = 0.88094921539541380000
org.apache.commons.math.fraction.ProperFractionFormat:setWholeFormat:(Ljava/text/NumberFormat;)V#219#14 prob_bp = 0.96890835773618030000
org.apache.commons.math.fraction.ProperFractionFormat:setWholeFormat:(Ljava/text/NumberFormat;)V#219#16 prob_bp = 0.99005528723641630000
org.apache.commons.math.fraction.FractionFormat:parse:(Ljava/lang/String;)Lorg/apache/commons/math/fraction/Fraction;#243#0 prob_bp = 0.99999926490726580000
org.apache.commons.math.fraction.FractionFormat:parse:(Ljava/lang/String;)Lorg/apache/commons/math/fraction/Fraction;#243#8 prob_bp = 0.99999985604724510000
org.apache.commons.math.fraction.FractionFormatTest:setUp:()V#35#0 prob_bp = 1.00000000000000000000
org.apache.commons.math.fraction.FractionFormatTest:getLocale:()Ljava/util/Locale;#31#0 prob_bp = 1.00000000000000000000
org.apache.commons.math.fraction.FractionFormatTest:getLocale:()Ljava/util/Locale;#31#3 prob_bp = 1.00000000000000000000
org.apache.commons.math.fraction.FractionFormatTest:setUp:()V#35#5 prob_bp = 1.00000000000000000000
org.apache.commons.math.fraction.FractionFormatTest:setUp:()V#35#8 prob_bp = 1.00000000000000000000
org.apache.commons.math.fraction.FractionFormatTest:testParseProperInvalidMinus:()V#233#0 prob_bp = 1.00000000000000000000
org.apache.commons.math.fraction.FractionFormatTest:testParseProperInvalidMinus:()V#233#2 prob_bp = 1.00000000000000000000
org.apache.commons.math.fraction.FractionFormatTest:testParseProperInvalidMinus:()V#235#3 prob_bp = 1.00000000000000000000
org.apache.commons.math.fraction.FractionFormatTest:testParseProperInvalidMinus:()V#235#4 prob_bp = 1.00000000000000000000
org.apache.commons.math.fraction.FractionFormatTest:testParseProperInvalidMinus:()V#235#7 prob_bp = 1.00000000000000000000
org.apache.commons.math.fraction.FractionFormatTest:testParseProperInvalidMinus:()V#235#8 prob_bp = 1.00000000000000000000
org.apache.commons.math.fraction.FractionFormatTest:testParseProperInvalidMinus:()V#236#12 prob_bp = 1.00000000000000000000
org.apache.commons.math.fraction.FractionFormatTest:testParseProperInvalidMinus:()V#236#14 prob_bp = 1.00000000000000000000
Belief propagation time : 4.820000s
