Belief propagation time: 100

Probabilities: 
Vars:21819
Stmts:1407
org.apache.commons.lang3.text.translate.NumericEntityUnescaper:translate:(Ljava/lang/CharSequence;ILjava/io/Writer;)I#37#23 prob_bp = 0.49999713016213293000
org.apache.commons.lang3.text.translate.NumericEntityUnescaper:translate:(Ljava/lang/CharSequence;ILjava/io/Writer;)I#37#21 prob_bp = 0.49999724154058667000
org.apache.commons.lang3.text.translate.NumericEntityUnescaper:translate:(Ljava/lang/CharSequence;ILjava/io/Writer;)I#63#149 prob_bp = 0.49999973447057910000
org.apache.commons.lang3.text.translate.NumericEntityUnescaper:translate:(Ljava/lang/CharSequence;ILjava/io/Writer;)I#63#146 prob_bp = 0.49999979365958297000
org.apache.commons.lang3.text.translate.NumericEntityUnescaper:translate:(Ljava/lang/CharSequence;ILjava/io/Writer;)I#63#147 prob_bp = 0.49999993520740427000
org.apache.commons.lang3.text.translate.NumericEntityUnescaper:translate:(Ljava/lang/CharSequence;ILjava/io/Writer;)I#54#89#unexe#8 prob_bp = 0.49999998447944690000
org.apache.commons.lang3.text.translate.NumericEntityUnescaper:translate:(Ljava/lang/CharSequence;ILjava/io/Writer;)I#37#9 prob_bp = 0.49999999660048405000
org.apache.commons.lang3.text.translate.NumericEntityUnescaper:translate:(Ljava/lang/CharSequence;ILjava/io/Writer;)I#57#137 prob_bp = 0.49999999671707346000
org.apache.commons.lang3.text.translate.NumericEntityUnescaper:translate:(Ljava/lang/CharSequence;ILjava/io/Writer;)I#37#7 prob_bp = 0.49999999672945990000
org.apache.commons.lang3.text.translate.NumericEntityUnescaper:translate:(Ljava/lang/CharSequence;ILjava/io/Writer;)I#37#16 prob_bp = 0.49999999959096850000
org.apache.commons.lang3.text.translate.NumericEntityUnescaper:translate:(Ljava/lang/CharSequence;ILjava/io/Writer;)I#37#12 prob_bp = 0.49999999968120280000
org.apache.commons.lang3.text.translate.NumericEntityUnescaper:translate:(Ljava/lang/CharSequence;ILjava/io/Writer;)I#57#134 prob_bp = 0.49999999975651440000
org.apache.commons.lang3.text.translate.NumericEntityUnescaper:translate:(Ljava/lang/CharSequence;ILjava/io/Writer;)I#57#132 prob_bp = 0.49999999976593860000
org.apache.commons.lang3.text.translate.NumericEntityUnescaper:translate:(Ljava/lang/CharSequence;ILjava/io/Writer;)I#37#15 prob_bp = 0.49999999991427880000
org.apache.commons.lang3.text.translate.NumericEntityUnescaper:translate:(Ljava/lang/CharSequence;ILjava/io/Writer;)I#37#14 prob_bp = 0.49999999991760613000
org.apache.commons.lang3.text.translate.NumericEntityUnescaper:translate:(Ljava/lang/CharSequence;ILjava/io/Writer;)I#54#89 prob_bp = 0.49999999993238790000
org.apache.commons.lang3.text.translate.NumericEntityUnescaper:translate:(Ljava/lang/CharSequence;ILjava/io/Writer;)I#37#13 prob_bp = 0.49999999993491040000
org.apache.commons.lang3.text.translate.NumericEntityUnescaper:translate:(Ljava/lang/CharSequence;ILjava/io/Writer;)I#57#127 prob_bp = 0.49999999995155730000
org.apache.commons.lang3.text.translate.NumericEntityUnescaper:translate:(Ljava/lang/CharSequence;ILjava/io/Writer;)I#54#87 prob_bp = 0.49999999998014490000
org.apache.commons.lang3.text.translate.NumericEntityUnescaper:translate:(Ljava/lang/CharSequence;ILjava/io/Writer;)I#37#2 prob_bp = 0.49999999998481420000
org.apache.commons.lang3.text.translate.NumericEntityUnescaper:translate:(Ljava/lang/CharSequence;ILjava/io/Writer;)I#37#0 prob_bp = 0.49999999998809310000
org.apache.commons.lang3.text.translate.NumericEntityUnescaper:translate:(Ljava/lang/CharSequence;ILjava/io/Writer;)I#37#1 prob_bp = 0.49999999998839945000
org.apache.commons.lang3.text.translate.NumericEntityUnescaper:translate:(Ljava/lang/CharSequence;ILjava/io/Writer;)I#42#48#unexe#5 prob_bp = 0.49999999999186706000
org.apache.commons.lang3.text.translate.NumericEntityUnescaper:translate:(Ljava/lang/CharSequence;ILjava/io/Writer;)I#42#55#unexe#5 prob_bp = 0.49999999999477074000
org.apache.commons.lang3.text.translate.NumericEntityUnescaper:translate:(Ljava/lang/CharSequence;ILjava/io/Writer;)I#39#32 prob_bp = 0.49999999999549005000
org.apache.commons.lang3.text.translate.NumericEntityUnescaper:translate:(Ljava/lang/CharSequence;ILjava/io/Writer;)I#39#31 prob_bp = 0.49999999999566660000
org.apache.commons.lang3.text.translate.NumericEntityUnescaper:translate:(Ljava/lang/CharSequence;ILjava/io/Writer;)I#42#48 prob_bp = 0.49999999999999320000
org.apache.commons.lang3.text.translate.NumericEntityUnescaper:translate:(Ljava/lang/CharSequence;ILjava/io/Writer;)I#42#46 prob_bp = 0.49999999999999356000
org.apache.commons.lang3.text.translate.NumericEntityUnescaper:translate:(Ljava/lang/CharSequence;ILjava/io/Writer;)I#42#55 prob_bp = 0.49999999999999560000
org.apache.commons.lang3.text.translate.NumericEntityUnescaper:translate:(Ljava/lang/CharSequence;ILjava/io/Writer;)I#42#53 prob_bp = 0.49999999999999567000
org.apache.commons.lang3.text.translate.NumericEntityUnescaper:translate:(Ljava/lang/CharSequence;ILjava/io/Writer;)I#42#44 prob_bp = 0.49999999999999845000
org.apache.commons.lang3.text.translate.NumericEntityUnescaper:translate:(Ljava/lang/CharSequence;ILjava/io/Writer;)I#42#51 prob_bp = 0.49999999999999890000
org.apache.commons.lang3.text.translate.NumericEntityUnescaper:translate:(Ljava/lang/CharSequence;ILjava/io/Writer;)I#41#42 prob_bp = 0.49999999999999944000
org.apache.commons.lang3.text.translate.NumericEntityUnescaper:translate:(Ljava/lang/CharSequence;ILjava/io/Writer;)I#57#117 prob_bp = 0.49999999999999990000
org.apache.commons.lang3.text.translate.NumericEntityUnescaper:translate:(Ljava/lang/CharSequence;ILjava/io/Writer;)I#57#118 prob_bp = 0.49999999999999990000
org.apache.commons.lang3.text.translate.NumericEntityUnescaper:translate:(Ljava/lang/CharSequence;ILjava/io/Writer;)I#57#122 prob_bp = 0.49999999999999990000
org.apache.commons.lang3.text.translate.NumericEntityUnescaper:translate:(Ljava/lang/CharSequence;ILjava/io/Writer;)I#41#37 prob_bp = 0.49999999999999994000
org.apache.commons.lang3.text.translate.NumericEntityUnescaper:translate:(Ljava/lang/CharSequence;ILjava/io/Writer;)I#47#64 prob_bp = 0.49999999999999994000
org.apache.commons.lang3.text.translate.NumericEntityUnescaper:translate:(Ljava/lang/CharSequence;ILjava/io/Writer;)I#48#78 prob_bp = 0.49999999999999994000
org.apache.commons.lang3.text.translate.NumericEntityUnescaper:translate:(Ljava/lang/CharSequence;ILjava/io/Writer;)I#38#26 prob_bp = 0.50000000000000000000
org.apache.commons.lang3.text.translate.NumericEntityUnescaper:translate:(Ljava/lang/CharSequence;ILjava/io/Writer;)I#38#27 prob_bp = 0.50000000000000000000
org.apache.commons.lang3.text.translate.NumericEntityUnescaper:translate:(Ljava/lang/CharSequence;ILjava/io/Writer;)I#38#28 prob_bp = 0.50000000000000000000
org.apache.commons.lang3.text.translate.NumericEntityUnescaper:translate:(Ljava/lang/CharSequence;ILjava/io/Writer;)I#38#29 prob_bp = 0.50000000000000000000
org.apache.commons.lang3.text.translate.NumericEntityUnescaper:translate:(Ljava/lang/CharSequence;ILjava/io/Writer;)I#41#34 prob_bp = 0.50000000000000000000
org.apache.commons.lang3.text.translate.NumericEntityUnescaper:translate:(Ljava/lang/CharSequence;ILjava/io/Writer;)I#41#35 prob_bp = 0.50000000000000000000
org.apache.commons.lang3.text.translate.NumericEntityUnescaper:translate:(Ljava/lang/CharSequence;ILjava/io/Writer;)I#42#55#unexe#4 prob_bp = 0.50000000000000000000
org.apache.commons.lang3.text.translate.NumericEntityUnescaper:translate:(Ljava/lang/CharSequence;ILjava/io/Writer;)I#42#48#unexe#4 prob_bp = 0.50000000000000000000
org.apache.commons.lang3.text.translate.NumericEntityUnescaper:translate:(Ljava/lang/CharSequence;ILjava/io/Writer;)I#47#66 prob_bp = 0.50000000000000000000
org.apache.commons.lang3.text.translate.NumericEntityUnescaper:translate:(Ljava/lang/CharSequence;ILjava/io/Writer;)I#48#68 prob_bp = 0.50000000000000000000
org.apache.commons.lang3.text.translate.NumericEntityUnescaper:translate:(Ljava/lang/CharSequence;ILjava/io/Writer;)I#48#69 prob_bp = 0.50000000000000000000
org.apache.commons.lang3.text.translate.NumericEntityUnescaper:translate:(Ljava/lang/CharSequence;ILjava/io/Writer;)I#48#71 prob_bp = 0.50000000000000000000
org.apache.commons.lang3.text.translate.NumericEntityUnescaper:translate:(Ljava/lang/CharSequence;ILjava/io/Writer;)I#48#76 prob_bp = 0.50000000000000000000
org.apache.commons.lang3.text.translate.NumericEntityUnescaper:translate:(Ljava/lang/CharSequence;ILjava/io/Writer;)I#49#81 prob_bp = 0.50000000000000000000
org.apache.commons.lang3.text.translate.NumericEntityUnescaper:translate:(Ljava/lang/CharSequence;ILjava/io/Writer;)I#48#78#unexe#7 prob_bp = 0.50000000000000000000
org.apache.commons.lang3.text.translate.NumericEntityUnescaper:translate:(Ljava/lang/CharSequence;ILjava/io/Writer;)I#57#120 prob_bp = 0.50000000000000000000
org.apache.commons.lang3.text.translate.CharSequenceTranslator:translate:(Ljava/lang/CharSequence;Ljava/io/Writer;)V#83#19 prob_bp = 0.50060090260078980000
org.apache.commons.lang3.text.translate.CharSequenceTranslator:translate:(Ljava/lang/CharSequence;Ljava/io/Writer;)V#83#20 prob_bp = 0.50062717567320670000
org.apache.commons.lang3.text.translate.CharSequenceTranslator:translate:(Ljava/lang/CharSequence;Ljava/io/Writer;)V#83#27 prob_bp = 0.50064098650880850000
org.apache.commons.lang3.text.translate.CharSequenceTranslator:translate:(Ljava/lang/CharSequence;)Ljava/lang/String;#58#10 prob_bp = 0.50084130492421260000
org.apache.commons.lang3.text.translate.CharSequenceTranslator:translate:(Ljava/lang/CharSequence;)Ljava/lang/String;#58#11 prob_bp = 0.50085830698426960000
org.apache.commons.lang3.text.translate.CharSequenceTranslator:translate:(Ljava/lang/CharSequence;Ljava/io/Writer;)V#83#21 prob_bp = 0.50101273433509920000
org.apache.commons.lang3.text.translate.CharSequenceTranslator:translate:(Ljava/lang/CharSequence;Ljava/io/Writer;)V#83#22 prob_bp = 0.50106491008604330000
org.apache.commons.lang3.text.translate.CharSequenceTranslator:translate:(Ljava/lang/CharSequence;Ljava/io/Writer;)V#87#45 prob_bp = 0.51528814932271440000
org.apache.commons.lang3.text.translate.CharSequenceTranslator:translate:(Ljava/lang/CharSequence;Ljava/io/Writer;)V#83#30 prob_bp = 0.72414564106780190000
org.apache.commons.lang3.text.translate.CharSequenceTranslator:translate:(Ljava/lang/CharSequence;Ljava/io/Writer;)V#84#37 prob_bp = 0.89577023035242040000
org.apache.commons.lang3.text.translate.CharSequenceTranslator:translate:(Ljava/lang/CharSequence;Ljava/io/Writer;)V#87#42 prob_bp = 0.91788689757378860000
org.apache.commons.lang3.text.translate.CharSequenceTranslator:translate:(Ljava/lang/CharSequence;Ljava/io/Writer;)V#84#36 prob_bp = 0.94323735543548400000
org.apache.commons.lang3.text.translate.CharSequenceTranslator:translate:(Ljava/lang/CharSequence;Ljava/io/Writer;)V#84#31 prob_bp = 0.98087934826961150000
org.apache.commons.lang3.text.translate.CharSequenceTranslator:translate:(Ljava/lang/CharSequence;Ljava/io/Writer;)V#84#32 prob_bp = 0.98247350640807540000
org.apache.commons.lang3.text.translate.CharSequenceTranslator:translate:(Ljava/lang/CharSequence;Ljava/io/Writer;)V#87#44 prob_bp = 0.99024018438087950000
org.apache.commons.lang3.text.translate.CharSequenceTranslator:translate:(Ljava/lang/CharSequence;Ljava/io/Writer;)V#87#41 prob_bp = 0.99037481293764170000
org.apache.commons.lang3.text.translate.CharSequenceTranslator:translate:(Ljava/lang/CharSequence;)Ljava/lang/String;#54#0 prob_bp = 0.99783057120534450000
org.apache.commons.lang3.text.translate.CharSequenceTranslator:translate:(Ljava/lang/CharSequence;)Ljava/lang/String;#54#1 prob_bp = 0.99801284991548920000
org.apache.commons.lang3.text.translate.CharSequenceTranslator:translate:(Ljava/lang/CharSequence;)Ljava/lang/String;#59#24 prob_bp = 0.99913082327317100000
org.apache.commons.lang3.text.translate.CharSequenceTranslator:translate:(Ljava/lang/CharSequence;)Ljava/lang/String;#59#23 prob_bp = 0.99985063238864650000
org.apache.commons.lang3.text.translate.CharSequenceTranslator:translate:(Ljava/lang/CharSequence;Ljava/io/Writer;)V#77#0 prob_bp = 0.99999551439761080000
org.apache.commons.lang3.text.translate.CharSequenceTranslator:translate:(Ljava/lang/CharSequence;Ljava/io/Writer;)V#77#1 prob_bp = 0.99999619969233260000
org.apache.commons.lang3.text.translate.CharSequenceTranslator:translate:(Ljava/lang/CharSequence;Ljava/io/Writer;)V#84#34 prob_bp = 0.99999894521431800000
org.apache.commons.lang3.text.translate.CharSequenceTranslator:translate:(Ljava/lang/CharSequence;Ljava/io/Writer;)V#80#14 prob_bp = 0.99999991267309320000
org.apache.commons.lang3.text.translate.CharSequenceTranslator:translate:(Ljava/lang/CharSequence;Ljava/io/Writer;)V#80#15 prob_bp = 0.99999993194950290000
org.apache.commons.lang3.text.translate.CharSequenceTranslator:translate:(Ljava/lang/CharSequence;)Ljava/lang/String;#59#25 prob_bp = 0.99999999690645150000
org.apache.commons.lang3.text.translate.CharSequenceTranslator:translate:(Ljava/lang/CharSequence;)Ljava/lang/String;#58#6 prob_bp = 0.99999999999998860000
org.apache.commons.lang3.text.translate.CharSequenceTranslator:translate:(Ljava/lang/CharSequence;)Ljava/lang/String;#58#21 prob_bp = 0.99999999999999980000
org.apache.commons.lang3.text.translate.CharSequenceTranslator:translate:(Ljava/lang/CharSequence;)Ljava/lang/String;#60#32 prob_bp = 0.99999999999999980000
org.apache.commons.lang3.text.translate.NumericEntityUnescaperTest:testSupplementaryUnescaping:()V#29#8 prob_bp = 1.00000000000000000000
org.apache.commons.lang3.text.translate.NumericEntityUnescaperTest:testSupplementaryUnescaping:()V#29#10 prob_bp = 1.00000000000000000000
org.apache.commons.lang3.text.translate.NumericEntityUnescaperTest:testSupplementaryUnescaping:()V#30#11 prob_bp = 1.00000000000000000000
org.apache.commons.lang3.text.translate.NumericEntityUnescaperTest:testSupplementaryUnescaping:()V#30#13 prob_bp = 1.00000000000000000000
org.apache.commons.lang3.text.translate.NumericEntityUnescaperTest:testSupplementaryUnescaping:()V#32#15 prob_bp = 1.00000000000000000000
org.apache.commons.lang3.text.translate.NumericEntityUnescaperTest:testSupplementaryUnescaping:()V#32#16 prob_bp = 1.00000000000000000000
org.apache.commons.lang3.text.translate.CharSequenceTranslator:translate:(Ljava/lang/CharSequence;)Ljava/lang/String;#60#28 prob_bp = 1.00000000000000000000
org.apache.commons.lang3.text.translate.CharSequenceTranslator:translate:(Ljava/lang/CharSequence;)Ljava/lang/String;#60#29 prob_bp = 1.00000000000000000000
org.apache.commons.lang3.text.translate.NumericEntityUnescaperTest:testSupplementaryUnescaping:()V#32#19 prob_bp = 1.00000000000000000000
org.apache.commons.lang3.text.translate.NumericEntityUnescaperTest:testSupplementaryUnescaping:()V#33#21 prob_bp = 1.00000000000000000000
org.apache.commons.lang3.text.translate.NumericEntityUnescaperTest:testSupplementaryUnescaping:()V#33#23 prob_bp = 1.00000000000000000000
org.apache.commons.lang3.text.translate.NumericEntityUnescaperTest:testSupplementaryUnescaping:()V#33#24 prob_bp = 1.00000000000000000000
org.apache.commons.lang3.text.translate.NumericEntityUnescaperTest:testSupplementaryUnescaping:()V#33#26 prob_bp = 1.00000000000000000000
Belief propagation time : 6.302000s
