Belief propagation time: 100

Probabilities: 
Vars:34409
Stmts:7490
org.apache.commons.math.util.MathUtils:equals:([D[D)Z#534#74 prob_bp = 0.48633894294523106000
org.apache.commons.math.util.MathUtils:equals:([D[D)Z#534#73 prob_bp = 0.48690379772186293000
org.apache.commons.math.util.MathUtils:equals:([D[D)Z#529#50 prob_bp = 0.49999573877010467000
org.apache.commons.math.util.MathUtils:equals:([D[D)Z#529#49 prob_bp = 0.49999773610807050000
org.apache.commons.math.util.MathUtils:equals:([D[D)Z#529#47 prob_bp = 0.49999821533775374000
org.apache.commons.math.util.MathUtils:equals:([D[D)Z#529#48 prob_bp = 0.49999823958025970000
org.apache.commons.math.util.MathUtils:equals:([D[D)Z#529#67 prob_bp = 0.49999883962141894000
org.apache.commons.math.util.MathUtils:equals:([D[D)Z#529#46 prob_bp = 0.49999899697443717000
org.apache.commons.math.util.MathUtils:equals:([D[D)Z#529#45 prob_bp = 0.49999903592271040000
org.apache.commons.math.util.MathUtils:equals:([D[D)Z#530#62 prob_bp = 0.49999979612675866000
org.apache.commons.math.util.MathUtils:equals:(DD)Z#417#25 prob_bp = 0.49999982369771123000
org.apache.commons.math.util.MathUtils:equals:(DD)Z#417#20 prob_bp = 0.49999983052252983000
org.apache.commons.math.util.MathUtils:equals:(DD)Z#417#11 prob_bp = 0.49999999943835510000
org.apache.commons.math.util.MathUtils:equals:([D[D)Z#526#40 prob_bp = 0.49999999977663390000
org.apache.commons.math.util.MathUtils:equals:(DD)Z#417#8 prob_bp = 0.49999999986200805000
org.apache.commons.math.util.MathUtils:equals:([D[D)Z#526#39 prob_bp = 0.49999999988202970000
org.apache.commons.math.util.MathUtils:equals:([D[D)Z#526#37 prob_bp = 0.49999999988203014000
org.apache.commons.math.util.MathUtils:equals:([D[D)Z#526#38 prob_bp = 0.49999999990840980000
org.apache.commons.math.util.MathUtils:equals:([D[D)Z#526#36 prob_bp = 0.49999999990841060000
org.apache.commons.math.util.MathUtils:equals:(DD)Z#417#7 prob_bp = 0.49999999996720934000
org.apache.commons.math.util.MathUtils:equals:([D[D)Z#523#5 prob_bp = 0.49999999999282010000
org.apache.commons.math.util.MathUtils:equals:([D[D)Z#530#59 prob_bp = 0.49999999999330436000
org.apache.commons.math.util.MathUtils:equals:([D[D)Z#523#4 prob_bp = 0.49999999999442590000
org.apache.commons.math.util.MathUtils:equals:(DD)Z#417#4 prob_bp = 0.49999999999757744000
org.apache.commons.math.util.MathUtils:equals:(DD)Z#417#17 prob_bp = 0.49999999999844197000
org.apache.commons.math.util.MathUtils:equals:(DD)Z#417#1 prob_bp = 0.49999999999940650000
org.apache.commons.math.util.MathUtils:equals:([D[D)Z#530#58 prob_bp = 0.49999999999979960000
org.apache.commons.math.util.MathUtils:equals:([D[D)Z#530#56 prob_bp = 0.49999999999984460000
org.apache.commons.math.util.MathUtils:equals:(DD)Z#417#0 prob_bp = 0.49999999999985910000
org.apache.commons.math.util.MathUtils:equals:([D[D)Z#523#1 prob_bp = 0.49999999999986017000
org.apache.commons.math.util.MathUtils:equals:([D[D)Z#530#57 prob_bp = 0.49999999999987055000
org.apache.commons.math.util.MathUtils:equals:([D[D)Z#523#0 prob_bp = 0.49999999999989175000
org.apache.commons.math.util.MathUtils:equals:([D[D)Z#530#55 prob_bp = 0.49999999999999910000
org.apache.commons.math.util.MathUtils:equals:([D[D)Z#530#53 prob_bp = 0.49999999999999933000
org.apache.commons.math.util.MathUtils:equals:([D[D)Z#530#54 prob_bp = 0.49999999999999956000
org.apache.commons.math.util.MathUtils:equals:(DD)Z#417#14 prob_bp = 0.49999999999999983000
org.apache.commons.math.util.MathUtils:equals:(DD)Z#417#16 prob_bp = 0.49999999999999994000
org.apache.commons.math.util.MathUtils:equals:(DD)Z#417#15 prob_bp = 0.50000000000000000000
org.apache.commons.math.util.MathUtilsTest:testArrayEquals:()V#443#0 prob_bp = 1.00000000000000000000
org.apache.commons.math.util.MathUtilsTest:testArrayEquals:()V#443#1 prob_bp = 1.00000000000000000000
org.apache.commons.math.util.MathUtilsTest:testArrayEquals:()V#443#7 prob_bp = 1.00000000000000000000
org.apache.commons.math.util.MathUtilsTest:testArrayEquals:()V#443#8 prob_bp = 1.00000000000000000000
org.apache.commons.math.util.MathUtilsTest:testArrayEquals:()V#444#14 prob_bp = 1.00000000000000000000
org.apache.commons.math.util.MathUtilsTest:testArrayEquals:()V#444#22 prob_bp = 1.00000000000000000000
org.apache.commons.math.util.MathUtilsTest:testArrayEquals:()V#445#28 prob_bp = 1.00000000000000000000
org.apache.commons.math.util.MathUtilsTest:testArrayEquals:()V#445#29 prob_bp = 1.00000000000000000000
org.apache.commons.math.util.MathUtilsTest:testArrayEquals:()V#445#36 prob_bp = 1.00000000000000000000
org.apache.commons.math.util.MathUtilsTest:testArrayEquals:()V#447#42 prob_bp = 1.00000000000000000000
org.apache.commons.math.util.MathUtilsTest:testArrayEquals:()V#447#43 prob_bp = 1.00000000000000000000
org.apache.commons.math.util.MathUtilsTest:testArrayEquals:()V#447#49 prob_bp = 1.00000000000000000000
org.apache.commons.math.util.MathUtilsTest:testArrayEquals:()V#447#50 prob_bp = 1.00000000000000000000
org.apache.commons.math.util.MathUtilsTest:testArrayEquals:()V#447#52 prob_bp = 1.00000000000000000000
org.apache.commons.math.util.MathUtilsTest:testArrayEquals:()V#448#58 prob_bp = 1.00000000000000000000
org.apache.commons.math.util.MathUtilsTest:testArrayEquals:()V#448#59 prob_bp = 1.00000000000000000000
org.apache.commons.math.util.MathUtilsTest:testArrayEquals:()V#448#65 prob_bp = 1.00000000000000000000
org.apache.commons.math.util.MathUtilsTest:testArrayEquals:()V#448#66 prob_bp = 1.00000000000000000000
org.apache.commons.math.util.MathUtilsTest:testArrayEquals:()V#448#72 prob_bp = 1.00000000000000000000
org.apache.commons.math.util.MathUtilsTest:testArrayEquals:()V#449#78 prob_bp = 1.00000000000000000000
org.apache.commons.math.util.MathUtilsTest:testArrayEquals:()V#449#79 prob_bp = 1.00000000000000000000
org.apache.commons.math.util.MathUtilsTest:testArrayEquals:()V#449#101 prob_bp = 1.00000000000000000000
org.apache.commons.math.util.MathUtilsTest:testArrayEquals:()V#449#102 prob_bp = 1.00000000000000000000
org.apache.commons.math.util.MathUtilsTest:testArrayEquals:()V#449#124 prob_bp = 1.00000000000000000000
org.apache.commons.math.util.MathUtilsTest:testArrayEquals:()V#456#130 prob_bp = 1.00000000000000000000
org.apache.commons.math.util.MathUtilsTest:testArrayEquals:()V#456#131 prob_bp = 1.00000000000000000000
org.apache.commons.math.util.MathUtilsTest:testArrayEquals:()V#456#139 prob_bp = 1.00000000000000000000
org.apache.commons.math.util.MathUtilsTest:testArrayEquals:()V#456#140 prob_bp = 1.00000000000000000000
org.apache.commons.math.util.MathUtilsTest:testArrayEquals:()V#456#148 prob_bp = 1.00000000000000000000
org.apache.commons.math.util.MathUtilsTest:testArrayEquals:()V#456#151 prob_bp = 1.00000000000000000000
Belief propagation time : 24.496000s
