Belief propagation time: 68

Probabilities: 
Vars:22194
Stmts:3394
org.apache.commons.math3.optimization.fitting.HarmonicFitter$ParameterGuesser:guess:()[D#218#23 prob_bp = 0.49999736617443025000
org.apache.commons.math3.optimization.fitting.HarmonicFitter$ParameterGuesser:guess:()[D#218#30 prob_bp = 0.49999736617443025000
org.apache.commons.math3.optimization.fitting.HarmonicFitter$ParameterGuesser:guess:()[D#218#16 prob_bp = 0.49999736617443036000
org.apache.commons.math3.optimization.fitting.HarmonicFitter$ParameterGuesser:guess:()[D#218#17 prob_bp = 0.49999977984332030000
org.apache.commons.math3.optimization.fitting.HarmonicFitter$ParameterGuesser:guess:()[D#218#24 prob_bp = 0.49999977984332030000
org.apache.commons.math3.optimization.fitting.HarmonicFitter$ParameterGuesser:guess:()[D#218#31 prob_bp = 0.49999977984332030000
org.apache.commons.math3.optimization.fitting.WeightedObservedPoint:<init>:(DDD)V#50#14 prob_bp = 0.49999999999999990000
org.apache.commons.math3.optimization.fitting.WeightedObservedPoint:<init>:(DDD)V#50#15 prob_bp = 0.49999999999999990000
org.apache.commons.math3.optimization.fitting.HarmonicFitter$ParameterGuesser:guessAOmega:()V#327#423 prob_bp = 0.49999999999999990000
org.apache.commons.math3.optimization.fitting.HarmonicFitter$ParameterGuesser:guessPhi:()V#341#36 prob_bp = 0.49999999999999990000
org.apache.commons.math3.optimization.fitting.HarmonicFitter$ParameterGuesser:guessPhi:()V#347#81 prob_bp = 0.49999999999999990000
org.apache.commons.math3.optimization.fitting.HarmonicFitter$ParameterGuesser:guessAOmega:()V#265#13 prob_bp = 0.49999999999999994000
org.apache.commons.math3.optimization.fitting.HarmonicFitter$ParameterGuesser:guessAOmega:()V#266#24 prob_bp = 0.49999999999999994000
org.apache.commons.math3.optimization.fitting.WeightedObservedPoint:getY:()D#71#0 prob_bp = 0.49999999999999994000
org.apache.commons.math3.optimization.fitting.HarmonicFitter$ParameterGuesser:guessAOmega:()V#270#50 prob_bp = 0.49999999999999994000
org.apache.commons.math3.optimization.fitting.HarmonicFitter$ParameterGuesser:guessAOmega:()V#270#54 prob_bp = 0.49999999999999994000
org.apache.commons.math3.optimization.fitting.HarmonicFitter$ParameterGuesser:guessAOmega:()V#274#66 prob_bp = 0.49999999999999994000
org.apache.commons.math3.optimization.fitting.HarmonicFitter$ParameterGuesser:guessAOmega:()V#275#78 prob_bp = 0.49999999999999994000
org.apache.commons.math3.optimization.fitting.HarmonicFitter$ParameterGuesser:guessAOmega:()V#279#92 prob_bp = 0.49999999999999994000
org.apache.commons.math3.optimization.fitting.HarmonicFitter$ParameterGuesser:guessAOmega:()V#279#94 prob_bp = 0.49999999999999994000
org.apache.commons.math3.optimization.fitting.HarmonicFitter$ParameterGuesser:guessAOmega:()V#280#97 prob_bp = 0.49999999999999994000
org.apache.commons.math3.optimization.fitting.HarmonicFitter$ParameterGuesser:guessAOmega:()V#280#101 prob_bp = 0.49999999999999994000
org.apache.commons.math3.optimization.fitting.HarmonicFitter$ParameterGuesser:guessAOmega:()V#281#113 prob_bp = 0.49999999999999994000
org.apache.commons.math3.optimization.fitting.HarmonicFitter$ParameterGuesser:guessAOmega:()V#281#115 prob_bp = 0.49999999999999994000
org.apache.commons.math3.optimization.fitting.HarmonicFitter$ParameterGuesser:guessAOmega:()V#281#117 prob_bp = 0.49999999999999994000
org.apache.commons.math3.optimization.fitting.HarmonicFitter$ParameterGuesser:guessAOmega:()V#281#119 prob_bp = 0.49999999999999994000
org.apache.commons.math3.optimization.fitting.HarmonicFitter$ParameterGuesser:guessAOmega:()V#281#121 prob_bp = 0.49999999999999994000
org.apache.commons.math3.optimization.fitting.HarmonicFitter$ParameterGuesser:guessAOmega:()V#290#169 prob_bp = 0.49999999999999994000
org.apache.commons.math3.optimization.fitting.HarmonicFitter$ParameterGuesser:guessAOmega:()V#290#175 prob_bp = 0.49999999999999994000
org.apache.commons.math3.optimization.fitting.HarmonicFitter$ParameterGuesser:guessAOmega:()V#292#189 prob_bp = 0.49999999999999994000
org.apache.commons.math3.optimization.fitting.HarmonicFitter$ParameterGuesser:guessAOmega:()V#293#204 prob_bp = 0.49999999999999994000
org.apache.commons.math3.optimization.fitting.HarmonicFitter$ParameterGuesser:guessAOmega:()V#327#426 prob_bp = 0.49999999999999994000
org.apache.commons.math3.optimization.fitting.HarmonicFitter$ParameterGuesser:guessPhi:()V#339#4 prob_bp = 0.49999999999999994000
org.apache.commons.math3.optimization.fitting.HarmonicFitter$ParameterGuesser:guessPhi:()V#340#15 prob_bp = 0.49999999999999994000
org.apache.commons.math3.optimization.fitting.HarmonicFitter$ParameterGuesser:guessPhi:()V#341#31 prob_bp = 0.49999999999999994000
org.apache.commons.math3.optimization.fitting.HarmonicFitter$ParameterGuesser:guessPhi:()V#343#41 prob_bp = 0.49999999999999994000
org.apache.commons.math3.optimization.fitting.HarmonicFitter$ParameterGuesser:guessPhi:()V#347#78 prob_bp = 0.49999999999999994000
org.apache.commons.math3.optimization.fitting.HarmonicFitter$ParameterGuesser:guessPhi:()V#352#112 prob_bp = 0.49999999999999994000
org.apache.commons.math3.optimization.fitting.HarmonicFitter$ParameterGuesser:guessPhi:()V#352#122 prob_bp = 0.49999999999999994000
org.apache.commons.math3.optimization.fitting.HarmonicFitter$ParameterGuesser:guessPhi:()V#352#125 prob_bp = 0.49999999999999994000
org.apache.commons.math3.optimization.fitting.HarmonicFitter$ParameterGuesser:guessPhi:()V#353#131 prob_bp = 0.49999999999999994000
org.apache.commons.math3.optimization.fitting.HarmonicFitter$ParameterGuesser:guessPhi:()V#353#141 prob_bp = 0.49999999999999994000
org.apache.commons.math3.optimization.fitting.HarmonicFitter$ParameterGuesser:guessPhi:()V#353#144 prob_bp = 0.49999999999999994000
org.apache.commons.math3.optimization.fitting.HarmonicFitter$ParameterGuesser:guessPhi:()V#356#151 prob_bp = 0.49999999999999994000
org.apache.commons.math3.optimization.fitting.HarmonicFitter$ParameterGuesser:guessPhi:()V#356#158 prob_bp = 0.49999999999999994000
org.apache.commons.math3.optimization.fitting.WeightedObservedPoint:<init>:(DDD)V#49#9 prob_bp = 0.50000000000000000000
org.apache.commons.math3.optimization.fitting.WeightedObservedPoint:<init>:(DDD)V#49#10 prob_bp = 0.50000000000000000000
org.apache.commons.math3.optimization.fitting.WeightedObservedPoint:<init>:(DDD)V#49#11 prob_bp = 0.50000000000000000000
org.apache.commons.math3.optimization.fitting.WeightedObservedPoint:<init>:(DDD)V#50#17 prob_bp = 0.50000000000000000000
org.apache.commons.math3.optimization.fitting.HarmonicFitter$ParameterGuesser:guessAOmega:()V#259#0 prob_bp = 0.50000000000000000000
org.apache.commons.math3.optimization.fitting.HarmonicFitter$ParameterGuesser:guessAOmega:()V#260#2 prob_bp = 0.50000000000000000000
org.apache.commons.math3.optimization.fitting.HarmonicFitter$ParameterGuesser:guessAOmega:()V#261#4 prob_bp = 0.50000000000000000000
org.apache.commons.math3.optimization.fitting.HarmonicFitter$ParameterGuesser:guessAOmega:()V#261#5 prob_bp = 0.50000000000000000000
org.apache.commons.math3.optimization.fitting.HarmonicFitter$ParameterGuesser:guessAOmega:()V#262#7 prob_bp = 0.50000000000000000000
org.apache.commons.math3.optimization.fitting.HarmonicFitter$ParameterGuesser:guessAOmega:()V#263#10 prob_bp = 0.50000000000000000000
org.apache.commons.math3.optimization.fitting.HarmonicFitter$ParameterGuesser:guessAOmega:()V#265#17 prob_bp = 0.50000000000000000000
org.apache.commons.math3.optimization.fitting.HarmonicFitter$ParameterGuesser:guessAOmega:()V#265#18 prob_bp = 0.50000000000000000000
org.apache.commons.math3.optimization.fitting.HarmonicFitter$ParameterGuesser:guessAOmega:()V#265#19 prob_bp = 0.50000000000000000000
org.apache.commons.math3.optimization.fitting.HarmonicFitter$ParameterGuesser:guessAOmega:()V#266#28 prob_bp = 0.50000000000000000000
org.apache.commons.math3.optimization.fitting.HarmonicFitter$ParameterGuesser:guessAOmega:()V#266#29 prob_bp = 0.50000000000000000000
org.apache.commons.math3.optimization.fitting.HarmonicFitter$ParameterGuesser:guessAOmega:()V#266#30 prob_bp = 0.50000000000000000000
org.apache.commons.math3.optimization.fitting.HarmonicFitter$ParameterGuesser:guessAOmega:()V#266#33 prob_bp = 0.50000000000000000000
org.apache.commons.math3.optimization.fitting.HarmonicFitter$ParameterGuesser:guessAOmega:()V#267#35 prob_bp = 0.50000000000000000000
org.apache.commons.math3.optimization.fitting.HarmonicFitter$ParameterGuesser:guessAOmega:()V#268#38 prob_bp = 0.50000000000000000000
org.apache.commons.math3.optimization.fitting.HarmonicFitter$ParameterGuesser:guessAOmega:()V#269#41 prob_bp = 0.50000000000000000000
org.apache.commons.math3.optimization.fitting.HarmonicFitter$ParameterGuesser:guessAOmega:()V#269#43 prob_bp = 0.50000000000000000000
org.apache.commons.math3.optimization.fitting.HarmonicFitter$ParameterGuesser:guessAOmega:()V#270#46 prob_bp = 0.50000000000000000000
org.apache.commons.math3.optimization.fitting.HarmonicFitter$ParameterGuesser:guessAOmega:()V#270#48 prob_bp = 0.50000000000000000000
org.apache.commons.math3.optimization.fitting.HarmonicFitter$ParameterGuesser:guessAOmega:()V#272#60 prob_bp = 0.50000000000000000000
org.apache.commons.math3.optimization.fitting.HarmonicFitter$ParameterGuesser:guessAOmega:()V#273#62 prob_bp = 0.50000000000000000000
org.apache.commons.math3.optimization.fitting.HarmonicFitter$ParameterGuesser:guessAOmega:()V#273#64 prob_bp = 0.50000000000000000000
org.apache.commons.math3.optimization.fitting.HarmonicFitter$ParameterGuesser:guessAOmega:()V#274#76 prob_bp = 0.50000000000000000000
org.apache.commons.math3.optimization.fitting.HarmonicFitter$ParameterGuesser:guessAOmega:()V#275#88 prob_bp = 0.50000000000000000000
org.apache.commons.math3.optimization.fitting.HarmonicFitter$ParameterGuesser:guessAOmega:()V#279#90 prob_bp = 0.50000000000000000000
org.apache.commons.math3.optimization.fitting.HarmonicFitter$ParameterGuesser:guessAOmega:()V#279#95 prob_bp = 0.50000000000000000000
org.apache.commons.math3.optimization.fitting.HarmonicFitter$ParameterGuesser:guessAOmega:()V#280#99 prob_bp = 0.50000000000000000000
org.apache.commons.math3.optimization.fitting.HarmonicFitter$ParameterGuesser:guessAOmega:()V#280#102 prob_bp = 0.50000000000000000000
org.apache.commons.math3.optimization.fitting.HarmonicFitter$ParameterGuesser:guessAOmega:()V#281#104 prob_bp = 0.50000000000000000000
org.apache.commons.math3.optimization.fitting.HarmonicFitter$ParameterGuesser:guessAOmega:()V#281#106 prob_bp = 0.50000000000000000000
org.apache.commons.math3.optimization.fitting.HarmonicFitter$ParameterGuesser:guessAOmega:()V#281#108 prob_bp = 0.50000000000000000000
org.apache.commons.math3.optimization.fitting.HarmonicFitter$ParameterGuesser:guessAOmega:()V#281#110 prob_bp = 0.50000000000000000000
org.apache.commons.math3.optimization.fitting.HarmonicFitter$ParameterGuesser:guessAOmega:()V#281#111 prob_bp = 0.50000000000000000000
org.apache.commons.math3.optimization.fitting.HarmonicFitter$ParameterGuesser:guessAOmega:()V#281#116 prob_bp = 0.50000000000000000000
org.apache.commons.math3.optimization.fitting.HarmonicFitter$ParameterGuesser:guessAOmega:()V#281#122 prob_bp = 0.50000000000000000000
org.apache.commons.math3.optimization.fitting.HarmonicFitter$ParameterGuesser:guessAOmega:()V#281#127 prob_bp = 0.50000000000000000000
org.apache.commons.math3.optimization.fitting.HarmonicFitter$ParameterGuesser:guessAOmega:()V#281#128 prob_bp = 0.50000000000000000000
org.apache.commons.math3.optimization.fitting.HarmonicFitter$ParameterGuesser:guessAOmega:()V#283#130 prob_bp = 0.50000000000000000000
org.apache.commons.math3.optimization.fitting.HarmonicFitter$ParameterGuesser:guessAOmega:()V#283#132 prob_bp = 0.50000000000000000000
org.apache.commons.math3.optimization.fitting.HarmonicFitter$ParameterGuesser:guessAOmega:()V#283#134 prob_bp = 0.50000000000000000000
org.apache.commons.math3.optimization.fitting.HarmonicFitter$ParameterGuesser:guessAOmega:()V#283#135 prob_bp = 0.50000000000000000000
org.apache.commons.math3.optimization.fitting.HarmonicFitter$ParameterGuesser:guessAOmega:()V#283#138 prob_bp = 0.50000000000000000000
org.apache.commons.math3.optimization.fitting.HarmonicFitter$ParameterGuesser:guessAOmega:()V#285#140 prob_bp = 0.50000000000000000000
org.apache.commons.math3.optimization.fitting.HarmonicFitter$ParameterGuesser:guessAOmega:()V#285#145 prob_bp = 0.50000000000000000000
org.apache.commons.math3.optimization.fitting.HarmonicFitter$ParameterGuesser:guessAOmega:()V#286#149 prob_bp = 0.50000000000000000000
org.apache.commons.math3.optimization.fitting.HarmonicFitter$ParameterGuesser:guessAOmega:()V#286#151 prob_bp = 0.50000000000000000000
org.apache.commons.math3.optimization.fitting.HarmonicFitter$ParameterGuesser:guessAOmega:()V#287#154 prob_bp = 0.50000000000000000000
org.apache.commons.math3.optimization.fitting.HarmonicFitter$ParameterGuesser:guessAOmega:()V#287#156 prob_bp = 0.50000000000000000000
org.apache.commons.math3.optimization.fitting.HarmonicFitter$ParameterGuesser:guessAOmega:()V#289#161 prob_bp = 0.50000000000000000000
org.apache.commons.math3.optimization.fitting.HarmonicFitter$ParameterGuesser:guessAOmega:()V#289#162 prob_bp = 0.50000000000000000000
org.apache.commons.math3.optimization.fitting.HarmonicFitter$ParameterGuesser:guessAOmega:()V#289#164 prob_bp = 0.50000000000000000000
org.apache.commons.math3.optimization.fitting.HarmonicFitter$ParameterGuesser:guessAOmega:()V#289#166 prob_bp = 0.50000000000000000000
org.apache.commons.math3.optimization.fitting.HarmonicFitter$ParameterGuesser:guessAOmega:()V#289#167 prob_bp = 0.50000000000000000000
org.apache.commons.math3.optimization.fitting.HarmonicFitter$ParameterGuesser:guessAOmega:()V#290#174 prob_bp = 0.50000000000000000000
org.apache.commons.math3.optimization.fitting.HarmonicFitter$ParameterGuesser:guessAOmega:()V#291#177 prob_bp = 0.50000000000000000000
org.apache.commons.math3.optimization.fitting.HarmonicFitter$ParameterGuesser:guessAOmega:()V#291#179 prob_bp = 0.50000000000000000000
org.apache.commons.math3.optimization.fitting.HarmonicFitter$ParameterGuesser:guessAOmega:()V#291#183 prob_bp = 0.50000000000000000000
org.apache.commons.math3.optimization.fitting.HarmonicFitter$ParameterGuesser:guessAOmega:()V#291#184 prob_bp = 0.50000000000000000000
org.apache.commons.math3.optimization.fitting.HarmonicFitter$ParameterGuesser:guessAOmega:()V#292#191 prob_bp = 0.50000000000000000000
org.apache.commons.math3.optimization.fitting.HarmonicFitter$ParameterGuesser:guessAOmega:()V#292#194 prob_bp = 0.50000000000000000000
org.apache.commons.math3.optimization.fitting.HarmonicFitter$ParameterGuesser:guessAOmega:()V#293#201 prob_bp = 0.50000000000000000000
org.apache.commons.math3.optimization.fitting.HarmonicFitter$ParameterGuesser:guessAOmega:()V#293#203 prob_bp = 0.50000000000000000000
org.apache.commons.math3.optimization.fitting.HarmonicFitter$ParameterGuesser:guessAOmega:()V#326#405 prob_bp = 0.50000000000000000000
org.apache.commons.math3.optimization.fitting.HarmonicFitter$ParameterGuesser:guessAOmega:()V#326#406 prob_bp = 0.50000000000000000000
org.apache.commons.math3.optimization.fitting.HarmonicFitter$ParameterGuesser:guessAOmega:()V#326#410 prob_bp = 0.50000000000000000000
org.apache.commons.math3.optimization.fitting.HarmonicFitter$ParameterGuesser:guessAOmega:()V#326#411 prob_bp = 0.50000000000000000000
org.apache.commons.math3.optimization.fitting.HarmonicFitter$ParameterGuesser:guessAOmega:()V#326#414 prob_bp = 0.50000000000000000000
org.apache.commons.math3.optimization.fitting.HarmonicFitter$ParameterGuesser:guessAOmega:()V#327#417 prob_bp = 0.50000000000000000000
org.apache.commons.math3.optimization.fitting.HarmonicFitter$ParameterGuesser:guessAOmega:()V#327#420 prob_bp = 0.50000000000000000000
org.apache.commons.math3.optimization.fitting.HarmonicFitter$ParameterGuesser:guessAOmega:()V#327#422 prob_bp = 0.50000000000000000000
org.apache.commons.math3.optimization.fitting.HarmonicFitter$ParameterGuesser:guessPhi:()V#336#0 prob_bp = 0.50000000000000000000
org.apache.commons.math3.optimization.fitting.HarmonicFitter$ParameterGuesser:guessPhi:()V#336#1 prob_bp = 0.50000000000000000000
org.apache.commons.math3.optimization.fitting.HarmonicFitter$ParameterGuesser:guessPhi:()V#337#2 prob_bp = 0.50000000000000000000
org.apache.commons.math3.optimization.fitting.HarmonicFitter$ParameterGuesser:guessPhi:()V#337#3 prob_bp = 0.50000000000000000000
org.apache.commons.math3.optimization.fitting.HarmonicFitter$ParameterGuesser:guessPhi:()V#339#5 prob_bp = 0.50000000000000000000
org.apache.commons.math3.optimization.fitting.HarmonicFitter$ParameterGuesser:guessPhi:()V#339#8 prob_bp = 0.50000000000000000000
org.apache.commons.math3.optimization.fitting.HarmonicFitter$ParameterGuesser:guessPhi:()V#339#9 prob_bp = 0.50000000000000000000
org.apache.commons.math3.optimization.fitting.HarmonicFitter$ParameterGuesser:guessPhi:()V#339#13 prob_bp = 0.50000000000000000000
org.apache.commons.math3.optimization.fitting.HarmonicFitter$ParameterGuesser:guessPhi:()V#340#16 prob_bp = 0.50000000000000000000
org.apache.commons.math3.optimization.fitting.HarmonicFitter$ParameterGuesser:guessPhi:()V#340#19 prob_bp = 0.50000000000000000000
org.apache.commons.math3.optimization.fitting.HarmonicFitter$ParameterGuesser:guessPhi:()V#340#20 prob_bp = 0.50000000000000000000
org.apache.commons.math3.optimization.fitting.HarmonicFitter$ParameterGuesser:guessPhi:()V#340#24 prob_bp = 0.50000000000000000000
org.apache.commons.math3.optimization.fitting.HarmonicFitter$ParameterGuesser:guessPhi:()V#341#26 prob_bp = 0.50000000000000000000
org.apache.commons.math3.optimization.fitting.HarmonicFitter$ParameterGuesser:guessPhi:()V#341#32 prob_bp = 0.50000000000000000000
org.apache.commons.math3.optimization.fitting.HarmonicFitter$ParameterGuesser:guessPhi:()V#341#35 prob_bp = 0.50000000000000000000
org.apache.commons.math3.optimization.fitting.HarmonicFitter$ParameterGuesser:guessPhi:()V#343#39 prob_bp = 0.50000000000000000000
org.apache.commons.math3.optimization.fitting.HarmonicFitter$ParameterGuesser:guessPhi:()V#344#43 prob_bp = 0.50000000000000000000
org.apache.commons.math3.optimization.fitting.HarmonicFitter$ParameterGuesser:guessPhi:()V#344#45 prob_bp = 0.50000000000000000000
org.apache.commons.math3.optimization.fitting.HarmonicFitter$ParameterGuesser:guessPhi:()V#345#47 prob_bp = 0.50000000000000000000
org.apache.commons.math3.optimization.fitting.HarmonicFitter$ParameterGuesser:guessPhi:()V#345#48 prob_bp = 0.50000000000000000000
org.apache.commons.math3.optimization.fitting.HarmonicFitter$ParameterGuesser:guessPhi:()V#345#51 prob_bp = 0.50000000000000000000
org.apache.commons.math3.optimization.fitting.HarmonicFitter$ParameterGuesser:guessPhi:()V#345#54 prob_bp = 0.50000000000000000000
org.apache.commons.math3.optimization.fitting.HarmonicFitter$ParameterGuesser:guessPhi:()V#345#57 prob_bp = 0.50000000000000000000
org.apache.commons.math3.optimization.fitting.HarmonicFitter$ParameterGuesser:guessPhi:()V#346#59 prob_bp = 0.50000000000000000000
org.apache.commons.math3.optimization.fitting.HarmonicFitter$ParameterGuesser:guessPhi:()V#346#60 prob_bp = 0.50000000000000000000
org.apache.commons.math3.optimization.fitting.HarmonicFitter$ParameterGuesser:guessPhi:()V#346#63 prob_bp = 0.50000000000000000000
org.apache.commons.math3.optimization.fitting.HarmonicFitter$ParameterGuesser:guessPhi:()V#346#66 prob_bp = 0.50000000000000000000
org.apache.commons.math3.optimization.fitting.HarmonicFitter$ParameterGuesser:guessPhi:()V#346#69 prob_bp = 0.50000000000000000000
org.apache.commons.math3.optimization.fitting.HarmonicFitter$ParameterGuesser:guessPhi:()V#347#75 prob_bp = 0.50000000000000000000
org.apache.commons.math3.optimization.fitting.HarmonicFitter$ParameterGuesser:guessPhi:()V#347#76 prob_bp = 0.50000000000000000000
org.apache.commons.math3.optimization.fitting.HarmonicFitter$ParameterGuesser:guessPhi:()V#347#80 prob_bp = 0.50000000000000000000
org.apache.commons.math3.optimization.fitting.HarmonicFitter$ParameterGuesser:guessPhi:()V#349#88 prob_bp = 0.50000000000000000000
org.apache.commons.math3.optimization.fitting.HarmonicFitter$ParameterGuesser:guessPhi:()V#350#93 prob_bp = 0.50000000000000000000
org.apache.commons.math3.optimization.fitting.HarmonicFitter$ParameterGuesser:guessPhi:()V#350#98 prob_bp = 0.50000000000000000000
org.apache.commons.math3.optimization.fitting.HarmonicFitter$ParameterGuesser:guessPhi:()V#351#100 prob_bp = 0.50000000000000000000
org.apache.commons.math3.optimization.fitting.HarmonicFitter$ParameterGuesser:guessPhi:()V#351#105 prob_bp = 0.50000000000000000000
org.apache.commons.math3.optimization.fitting.HarmonicFitter$ParameterGuesser:guessPhi:()V#352#114 prob_bp = 0.50000000000000000000
org.apache.commons.math3.optimization.fitting.HarmonicFitter$ParameterGuesser:guessPhi:()V#352#115 prob_bp = 0.50000000000000000000
org.apache.commons.math3.optimization.fitting.HarmonicFitter$ParameterGuesser:guessPhi:()V#352#120 prob_bp = 0.50000000000000000000
org.apache.commons.math3.optimization.fitting.HarmonicFitter$ParameterGuesser:guessPhi:()V#352#123 prob_bp = 0.50000000000000000000
org.apache.commons.math3.optimization.fitting.HarmonicFitter$ParameterGuesser:guessPhi:()V#352#124 prob_bp = 0.50000000000000000000
org.apache.commons.math3.optimization.fitting.HarmonicFitter$ParameterGuesser:guessPhi:()V#353#133 prob_bp = 0.50000000000000000000
org.apache.commons.math3.optimization.fitting.HarmonicFitter$ParameterGuesser:guessPhi:()V#353#134 prob_bp = 0.50000000000000000000
org.apache.commons.math3.optimization.fitting.HarmonicFitter$ParameterGuesser:guessPhi:()V#353#139 prob_bp = 0.50000000000000000000
org.apache.commons.math3.optimization.fitting.HarmonicFitter$ParameterGuesser:guessPhi:()V#353#142 prob_bp = 0.50000000000000000000
org.apache.commons.math3.optimization.fitting.HarmonicFitter$ParameterGuesser:guessPhi:()V#353#143 prob_bp = 0.50000000000000000000
org.apache.commons.math3.optimization.fitting.HarmonicFitter$ParameterGuesser:guessPhi:()V#341#145 prob_bp = 0.50000000000000000000
org.apache.commons.math3.optimization.fitting.HarmonicFitter$ParameterGuesser:guessPhi:()V#341#36#unexe#3 prob_bp = 0.50000000000000000000
org.apache.commons.math3.optimization.fitting.HarmonicFitter$ParameterGuesser:guessPhi:()V#356#152 prob_bp = 0.50000000000000000000
org.apache.commons.math3.optimization.fitting.HarmonicFitter$ParameterGuesser:guessPhi:()V#356#153 prob_bp = 0.50000000000000000000
org.apache.commons.math3.optimization.fitting.HarmonicFitter$ParameterGuesser:guessPhi:()V#356#154 prob_bp = 0.50000000000000000000
org.apache.commons.math3.optimization.fitting.HarmonicFitter$ParameterGuesser:guessPhi:()V#356#155 prob_bp = 0.50000000000000000000
org.apache.commons.math3.optimization.fitting.HarmonicFitter$ParameterGuesser:guess:()[D#218#15 prob_bp = 0.50000000000000000000
org.apache.commons.math3.optimization.fitting.HarmonicFitter$ParameterGuesser:guess:()[D#218#21 prob_bp = 0.50000000000000000000
org.apache.commons.math3.optimization.fitting.HarmonicFitter$ParameterGuesser:guess:()[D#218#28 prob_bp = 0.50000000000000000000
org.apache.commons.math3.optimization.fitting.HarmonicFitter$ParameterGuesser:guess:()[D#218#29 prob_bp = 0.50000000000000000000
org.apache.commons.math3.optimization.fitting.HarmonicFitter$ParameterGuesser:guess:()[D#218#32 prob_bp = 0.50000000000000000000
org.apache.commons.math3.optimization.fitting.HarmonicFitter$ParameterGuesser:guess:()[D#218#35 prob_bp = 0.50000000000000000000
org.apache.commons.math3.optimization.fitting.HarmonicFitter$ParameterGuesser:guessAOmega:()V#259#1 prob_bp = 0.50000000000000010000
org.apache.commons.math3.optimization.fitting.HarmonicFitter$ParameterGuesser:guessAOmega:()V#260#3 prob_bp = 0.50000000000000010000
org.apache.commons.math3.optimization.fitting.HarmonicFitter$ParameterGuesser:guessAOmega:()V#262#8 prob_bp = 0.50000000000000010000
org.apache.commons.math3.optimization.fitting.HarmonicFitter$ParameterGuesser:guessAOmega:()V#263#11 prob_bp = 0.50000000000000010000
org.apache.commons.math3.optimization.fitting.HarmonicFitter$ParameterGuesser:guessAOmega:()V#265#14 prob_bp = 0.50000000000000010000
org.apache.commons.math3.optimization.fitting.HarmonicFitter$ParameterGuesser:guessAOmega:()V#266#25 prob_bp = 0.50000000000000010000
org.apache.commons.math3.optimization.fitting.WeightedObservedPoint:getY:()D#71#4 prob_bp = 0.50000000000000010000
org.apache.commons.math3.optimization.fitting.HarmonicFitter$ParameterGuesser:guessAOmega:()V#267#36 prob_bp = 0.50000000000000010000
org.apache.commons.math3.optimization.fitting.HarmonicFitter$ParameterGuesser:guessAOmega:()V#268#39 prob_bp = 0.50000000000000010000
org.apache.commons.math3.optimization.fitting.HarmonicFitter$ParameterGuesser:guessAOmega:()V#270#51 prob_bp = 0.50000000000000010000
org.apache.commons.math3.optimization.fitting.HarmonicFitter$ParameterGuesser:guessAOmega:()V#274#67 prob_bp = 0.50000000000000010000
org.apache.commons.math3.optimization.fitting.HarmonicFitter$ParameterGuesser:guessAOmega:()V#274#70 prob_bp = 0.50000000000000010000
org.apache.commons.math3.optimization.fitting.HarmonicFitter$ParameterGuesser:guessAOmega:()V#274#73 prob_bp = 0.50000000000000010000
org.apache.commons.math3.optimization.fitting.HarmonicFitter$ParameterGuesser:guessAOmega:()V#275#79 prob_bp = 0.50000000000000010000
org.apache.commons.math3.optimization.fitting.HarmonicFitter$ParameterGuesser:guessAOmega:()V#275#82 prob_bp = 0.50000000000000010000
org.apache.commons.math3.optimization.fitting.HarmonicFitter$ParameterGuesser:guessAOmega:()V#275#85 prob_bp = 0.50000000000000010000
org.apache.commons.math3.optimization.fitting.HarmonicFitter$ParameterGuesser:guessAOmega:()V#281#124 prob_bp = 0.50000000000000010000
org.apache.commons.math3.optimization.fitting.HarmonicFitter$ParameterGuesser:guessAOmega:()V#283#137 prob_bp = 0.50000000000000010000
org.apache.commons.math3.optimization.fitting.HarmonicFitter$ParameterGuesser:guessAOmega:()V#285#142 prob_bp = 0.50000000000000010000
org.apache.commons.math3.optimization.fitting.HarmonicFitter$ParameterGuesser:guessAOmega:()V#285#144 prob_bp = 0.50000000000000010000
org.apache.commons.math3.optimization.fitting.HarmonicFitter$ParameterGuesser:guessAOmega:()V#287#158 prob_bp = 0.50000000000000010000
org.apache.commons.math3.optimization.fitting.HarmonicFitter$ParameterGuesser:guessAOmega:()V#287#159 prob_bp = 0.50000000000000010000
org.apache.commons.math3.optimization.fitting.HarmonicFitter$ParameterGuesser:guessAOmega:()V#291#181 prob_bp = 0.50000000000000010000
org.apache.commons.math3.optimization.fitting.HarmonicFitter$ParameterGuesser:guessAOmega:()V#292#187 prob_bp = 0.50000000000000010000
org.apache.commons.math3.optimization.fitting.HarmonicFitter$ParameterGuesser:guessAOmega:()V#292#193 prob_bp = 0.50000000000000010000
org.apache.commons.math3.optimization.fitting.HarmonicFitter$ParameterGuesser:guessAOmega:()V#293#197 prob_bp = 0.50000000000000010000
org.apache.commons.math3.optimization.fitting.HarmonicFitter$ParameterGuesser:guessAOmega:()V#270#207 prob_bp = 0.50000000000000010000
org.apache.commons.math3.optimization.fitting.HarmonicFitter$ParameterGuesser:guessAOmega:()V#326#408 prob_bp = 0.50000000000000010000
org.apache.commons.math3.optimization.fitting.HarmonicFitter$ParameterGuesser:guessAOmega:()V#327#418 prob_bp = 0.50000000000000010000
org.apache.commons.math3.optimization.fitting.HarmonicFitter$ParameterGuesser:guess:()[D#217#8 prob_bp = 0.50000000000000010000
org.apache.commons.math3.optimization.fitting.HarmonicFitter$ParameterGuesser:guessPhi:()V#339#10 prob_bp = 0.50000000000000010000
org.apache.commons.math3.optimization.fitting.HarmonicFitter$ParameterGuesser:guessPhi:()V#340#21 prob_bp = 0.50000000000000010000
org.apache.commons.math3.optimization.fitting.HarmonicFitter$ParameterGuesser:guessPhi:()V#341#27 prob_bp = 0.50000000000000010000
org.apache.commons.math3.optimization.fitting.HarmonicFitter$ParameterGuesser:guessPhi:()V#345#53 prob_bp = 0.50000000000000010000
org.apache.commons.math3.optimization.fitting.HarmonicFitter$ParameterGuesser:guessPhi:()V#346#65 prob_bp = 0.50000000000000010000
org.apache.commons.math3.optimization.fitting.HarmonicFitter$ParameterGuesser:guessPhi:()V#347#71 prob_bp = 0.50000000000000010000
org.apache.commons.math3.optimization.fitting.HarmonicFitter$ParameterGuesser:guessPhi:()V#347#73 prob_bp = 0.50000000000000010000
org.apache.commons.math3.optimization.fitting.HarmonicFitter$ParameterGuesser:guessPhi:()V#347#82 prob_bp = 0.50000000000000010000
org.apache.commons.math3.optimization.fitting.HarmonicFitter$ParameterGuesser:guessPhi:()V#349#84 prob_bp = 0.50000000000000010000
org.apache.commons.math3.optimization.fitting.HarmonicFitter$ParameterGuesser:guessPhi:()V#349#85 prob_bp = 0.50000000000000010000
org.apache.commons.math3.optimization.fitting.HarmonicFitter$ParameterGuesser:guessPhi:()V#349#90 prob_bp = 0.50000000000000010000
org.apache.commons.math3.optimization.fitting.HarmonicFitter$ParameterGuesser:guessPhi:()V#349#91 prob_bp = 0.50000000000000010000
org.apache.commons.math3.optimization.fitting.HarmonicFitter$ParameterGuesser:guessPhi:()V#350#95 prob_bp = 0.50000000000000010000
org.apache.commons.math3.optimization.fitting.HarmonicFitter$ParameterGuesser:guessPhi:()V#351#102 prob_bp = 0.50000000000000010000
org.apache.commons.math3.optimization.fitting.HarmonicFitter$ParameterGuesser:guessPhi:()V#352#108 prob_bp = 0.50000000000000010000
org.apache.commons.math3.optimization.fitting.HarmonicFitter$ParameterGuesser:guessPhi:()V#352#109 prob_bp = 0.50000000000000010000
org.apache.commons.math3.optimization.fitting.HarmonicFitter$ParameterGuesser:guessPhi:()V#353#127 prob_bp = 0.50000000000000010000
org.apache.commons.math3.optimization.fitting.HarmonicFitter$ParameterGuesser:guessPhi:()V#353#128 prob_bp = 0.50000000000000010000
org.apache.commons.math3.optimization.fitting.HarmonicFitter$ParameterGuesser:guessPhi:()V#341#36#unexe#1 prob_bp = 0.50000000000000010000
org.apache.commons.math3.optimization.fitting.HarmonicFitter$ParameterGuesser:guess:()[D#218#22 prob_bp = 0.50000000000000010000
org.apache.commons.math3.optimization.fitting.HarmonicFitter$ParameterGuesser:guess:()[D#218#25 prob_bp = 0.50000000000000010000
org.apache.commons.math3.optimization.fitting.HarmonicFitter$ParameterGuesser:guessAOmega:()V#265#22 prob_bp = 0.50000000000000020000
org.apache.commons.math3.optimization.fitting.HarmonicFitter$ParameterGuesser:guessAOmega:()V#270#45 prob_bp = 0.50000000000000020000
org.apache.commons.math3.optimization.fitting.HarmonicFitter$ParameterGuesser:guessAOmega:()V#272#58 prob_bp = 0.50000000000000020000
org.apache.commons.math3.optimization.fitting.HarmonicFitter$ParameterGuesser:guessAOmega:()V#274#72 prob_bp = 0.50000000000000020000
org.apache.commons.math3.optimization.fitting.HarmonicFitter$ParameterGuesser:guessAOmega:()V#275#84 prob_bp = 0.50000000000000020000
org.apache.commons.math3.optimization.fitting.HarmonicFitter$ParameterGuesser:guessAOmega:()V#281#123 prob_bp = 0.50000000000000020000
org.apache.commons.math3.optimization.fitting.HarmonicFitter$ParameterGuesser:guessAOmega:()V#286#147 prob_bp = 0.50000000000000020000
org.apache.commons.math3.optimization.fitting.HarmonicFitter$ParameterGuesser:guessAOmega:()V#286#152 prob_bp = 0.50000000000000020000
org.apache.commons.math3.optimization.fitting.HarmonicFitter$ParameterGuesser:guessAOmega:()V#290#170 prob_bp = 0.50000000000000020000
org.apache.commons.math3.optimization.fitting.HarmonicFitter$ParameterGuesser:guessAOmega:()V#290#172 prob_bp = 0.50000000000000020000
org.apache.commons.math3.optimization.fitting.HarmonicFitter$ParameterGuesser:guessAOmega:()V#290#176 prob_bp = 0.50000000000000020000
org.apache.commons.math3.optimization.fitting.HarmonicFitter$ParameterGuesser:guessPhi:()V#341#29 prob_bp = 0.50000000000000020000
org.apache.commons.math3.optimization.fitting.HarmonicFitter$ParameterGuesser:guessPhi:()V#352#117 prob_bp = 0.50000000000000020000
org.apache.commons.math3.optimization.fitting.HarmonicFitter$ParameterGuesser:guessPhi:()V#352#118 prob_bp = 0.50000000000000020000
org.apache.commons.math3.optimization.fitting.HarmonicFitter$ParameterGuesser:guessPhi:()V#353#136 prob_bp = 0.50000000000000020000
org.apache.commons.math3.optimization.fitting.HarmonicFitter$ParameterGuesser:guessPhi:()V#353#137 prob_bp = 0.50000000000000020000
org.apache.commons.math3.optimization.fitting.HarmonicFitter$ParameterGuesser:guess:()[D#218#18 prob_bp = 0.50000000000000020000
org.apache.commons.math3.optimization.fitting.WeightedObservedPoint:getY:()D#71#1 prob_bp = 0.50000000000000030000
org.apache.commons.math3.optimization.fitting.HarmonicFitter$ParameterGuesser:guessAOmega:()V#270#55 prob_bp = 0.50000000000000030000
org.apache.commons.math3.optimization.fitting.HarmonicFitter$ParameterGuesser:guessAOmega:()V#293#199 prob_bp = 0.50000000000000030000
org.apache.commons.math3.optimization.fitting.HarmonicFitter$ParameterGuesser:guess:()[D#217#9 prob_bp = 0.50000000000000030000
org.apache.commons.math3.optimization.fitting.HarmonicFitter$ParameterGuesser:guessPhi:()V#352#107 prob_bp = 0.50000000000000030000
org.apache.commons.math3.optimization.fitting.HarmonicFitter$ParameterGuesser:guessPhi:()V#353#126 prob_bp = 0.50000000000000030000
org.apache.commons.math3.optimization.fitting.HarmonicFitter$ParameterGuesser:guessAOmega:()V#292#195 prob_bp = 0.50000000000000040000
org.apache.commons.math3.optimization.fitting.HarmonicFitter$ParameterGuesser:guessAOmega:()V#293#205 prob_bp = 0.50000000000000040000
org.apache.commons.math3.optimization.fitting.HarmonicFitter$ParameterGuesser:guessAOmega:()V#289#168 prob_bp = 0.50000000000000100000
org.apache.commons.math3.optimization.fitting.HarmonicFitter$ParameterGuesser:guessAOmega:()V#291#185 prob_bp = 0.50000000000000100000
org.apache.commons.math3.optimization.fitting.HarmonicFitter$ParameterGuesser:<init>:([Lorg/apache/commons/math3/optimization/fitting/WeightedObservedPoint;)V#201#32 prob_bp = 0.50000000000000140000
org.apache.commons.math3.optimization.fitting.HarmonicFitter$ParameterGuesser:<init>:([Lorg/apache/commons/math3/optimization/fitting/WeightedObservedPoint;)V#201#33 prob_bp = 0.50000000000000160000
org.apache.commons.math3.optimization.fitting.HarmonicFitter$ParameterGuesser:<init>:([Lorg/apache/commons/math3/optimization/fitting/WeightedObservedPoint;)V#201#36 prob_bp = 0.50000000000000200000
org.apache.commons.math3.optimization.fitting.HarmonicFitter$ParameterGuesser:<init>:([Lorg/apache/commons/math3/optimization/fitting/WeightedObservedPoint;)V#201#31 prob_bp = 0.50000000000000280000
org.apache.commons.math3.optimization.fitting.HarmonicFitter$ParameterGuesser:<init>:([Lorg/apache/commons/math3/optimization/fitting/WeightedObservedPoint;)V#201#39 prob_bp = 0.50000000000000360000
org.apache.commons.math3.optimization.fitting.HarmonicFitter$ParameterGuesser:guessAOmega:()V#297#214 prob_bp = 0.50000000000000540000
org.apache.commons.math3.optimization.fitting.HarmonicFitter$ParameterGuesser:guessAOmega:()V#297#217 prob_bp = 0.50000000000000540000
org.apache.commons.math3.optimization.fitting.HarmonicFitter$ParameterGuesser:guessAOmega:()V#297#213 prob_bp = 0.50000000000000560000
org.apache.commons.math3.optimization.fitting.HarmonicFitter$ParameterGuesser:guessAOmega:()V#297#219 prob_bp = 0.50000000000000560000
org.apache.commons.math3.optimization.fitting.HarmonicFitter$ParameterGuesser:guessAOmega:()V#297#216 prob_bp = 0.50000000000002080000
org.apache.commons.math3.optimization.fitting.HarmonicFitter$ParameterGuesser:guessAOmega:()V#297#221 prob_bp = 0.50000000000002090000
org.apache.commons.math3.optimization.fitting.HarmonicFitter$ParameterGuesser:guess:()[D#216#4 prob_bp = 0.50000000000002290000
org.apache.commons.math3.optimization.fitting.HarmonicFitter$ParameterGuesser:guess:()[D#216#5 prob_bp = 0.50000000000002900000
org.apache.commons.math3.optimization.fitting.HarmonicFitter$ParameterGuesser:guessAOmega:()V#270#55#unexe#3 prob_bp = 0.50000000000003560000
org.apache.commons.math3.optimization.fitting.HarmonicFitter$ParameterGuesser:guessAOmega:()V#270#55#unexe#9 prob_bp = 0.50000000000003740000
org.apache.commons.math3.optimization.fitting.HarmonicFitter$ParameterGuesser:guessAOmega:()V#270#55#unexe#7 prob_bp = 0.50000000000003760000
org.apache.commons.math3.optimization.fitting.HarmonicFitter$ParameterGuesser:guessAOmega:()V#270#55#unexe#1 prob_bp = 0.50000000000006930000
org.apache.commons.math3.optimization.fitting.HarmonicFitter$ParameterGuesser:guessAOmega:()V#270#55#unexe#5 prob_bp = 0.50000000000010470000
org.apache.commons.math3.optimization.fitting.HarmonicFitter$ParameterGuesser:guessAOmega:()V#299#237 prob_bp = 0.50000000000010470000
org.apache.commons.math3.optimization.fitting.HarmonicFitter$ParameterGuesser:guessAOmega:()V#299#238 prob_bp = 0.50000000000010470000
org.apache.commons.math3.optimization.fitting.HarmonicFitter$ParameterGuesser:guessAOmega:()V#299#240 prob_bp = 0.50000000000010480000
org.apache.commons.math3.optimization.fitting.HarmonicFitter$ParameterGuesser:guessAOmega:()V#299#242 prob_bp = 0.50000000000010480000
org.apache.commons.math3.optimization.fitting.HarmonicFitter$ParameterGuesser:guessAOmega:()V#298#227 prob_bp = 0.50000000000011000000
org.apache.commons.math3.optimization.fitting.HarmonicFitter$ParameterGuesser:guessAOmega:()V#298#225 prob_bp = 0.50000000000011010000
org.apache.commons.math3.optimization.fitting.HarmonicFitter$ParameterGuesser:guessAOmega:()V#298#231 prob_bp = 0.50000000000011010000
org.apache.commons.math3.optimization.fitting.HarmonicFitter$ParameterGuesser:guessAOmega:()V#298#230 prob_bp = 0.50000000000011020000
org.apache.commons.math3.optimization.fitting.HarmonicFitter$ParameterGuesser:guessAOmega:()V#299#239 prob_bp = 0.50000000000040460000
org.apache.commons.math3.optimization.fitting.HarmonicFitter$ParameterGuesser:guessAOmega:()V#299#244 prob_bp = 0.50000000000040460000
org.apache.commons.math3.optimization.fitting.HarmonicFitter$ParameterGuesser:guessAOmega:()V#298#229 prob_bp = 0.50000000000042510000
org.apache.commons.math3.optimization.fitting.HarmonicFitter$ParameterGuesser:guessAOmega:()V#298#233 prob_bp = 0.50000000000042510000
org.apache.commons.math3.optimization.fitting.HarmonicFitter$ParameterGuesser:guessAOmega:()V#297#222 prob_bp = 0.50000000000426990000
org.apache.commons.math3.optimization.fitting.HarmonicFitter$ParameterGuesser:guessAOmega:()V#299#245 prob_bp = 0.50000000008485460000
org.apache.commons.math3.optimization.fitting.HarmonicFitter$ParameterGuesser:guessAOmega:()V#298#234 prob_bp = 0.50000000008912440000
org.apache.commons.math3.optimization.fitting.HarmonicFitter$ParameterGuesser:guessAOmega:()V#297#223 prob_bp = 0.50000000159452930000
org.apache.commons.math3.optimization.fitting.WeightedObservedPoint:getX:()D#64#0 prob_bp = 0.50000000202146780000
org.apache.commons.math3.optimization.fitting.WeightedObservedPoint:getX:()D#64#1 prob_bp = 0.50000000697379420000
org.apache.commons.math3.optimization.fitting.HarmonicFitter$ParameterGuesser:guessAOmega:()V#300#248 prob_bp = 0.50000000757230570000
org.apache.commons.math3.optimization.fitting.HarmonicFitter$ParameterGuesser:guessAOmega:()V#300#250 prob_bp = 0.50000000757240890000
org.apache.commons.math3.optimization.fitting.WeightedObservedPoint:getX:()D#64#4 prob_bp = 0.50000002303896920000
org.apache.commons.math3.optimization.fitting.HarmonicFitter$ParameterGuesser:guessAOmega:()V#300#252 prob_bp = 0.50000003003126190000
org.apache.commons.math3.optimization.fitting.HarmonicFitter$ParameterGuesser:guessAOmega:()V#299#246 prob_bp = 0.50000003203442190000
org.apache.commons.math3.optimization.fitting.HarmonicFitter$ParameterGuesser:guessAOmega:()V#298#235 prob_bp = 0.50000003362896440000
org.apache.commons.math3.optimization.fitting.HarmonicFitter$ParameterGuesser:guessAOmega:()V#300#260 prob_bp = 0.50000015347705270000
org.apache.commons.math3.optimization.fitting.HarmonicFitter$ParameterGuesser:guessAOmega:()V#300#258 prob_bp = 0.50000015347715270000
org.apache.commons.math3.optimization.fitting.HarmonicFitter$ParameterGuesser:guessAOmega:()V#300#262 prob_bp = 0.50000051173795920000
org.apache.commons.math3.optimization.fitting.HarmonicFitter$ParameterGuesser:guessAOmega:()V#300#253 prob_bp = 0.50060226240816710000
org.apache.commons.math3.optimization.fitting.HarmonicFitter$ParameterGuesser:guessAOmega:()V#300#254 prob_bp = 0.50062495949061400000
org.apache.commons.math3.optimization.fitting.HarmonicFitter$ParameterGuesser:guessAOmega:()V#300#263 prob_bp = 0.50674078725576020000
org.apache.commons.math3.optimization.fitting.HarmonicFitter$ParameterGuesser:guessAOmega:()V#300#264 prob_bp = 0.50691901402019730000
org.apache.commons.math3.optimization.fitting.HarmonicFitter$ParameterGuesser:<init>:([Lorg/apache/commons/math3/optimization/fitting/WeightedObservedPoint;)V#196#4 prob_bp = 0.51514022065475500000
org.apache.commons.math3.optimization.fitting.HarmonicFitter$ParameterGuesser:<init>:([Lorg/apache/commons/math3/optimization/fitting/WeightedObservedPoint;)V#196#5 prob_bp = 0.51576520132360140000
org.apache.commons.math3.optimization.fitting.HarmonicFitter$ParameterGuesser:<init>:([Lorg/apache/commons/math3/optimization/fitting/WeightedObservedPoint;)V#196#6 prob_bp = 0.51668898819126640000
org.apache.commons.math3.optimization.fitting.HarmonicFitter$ParameterGuesser:<init>:([Lorg/apache/commons/math3/optimization/fitting/WeightedObservedPoint;)V#196#7 prob_bp = 0.51702592388931690000
org.apache.commons.math3.optimization.fitting.HarmonicFitter$ParameterGuesser:guessAOmega:()V#300#255 prob_bp = 0.51802425455388880000
org.apache.commons.math3.optimization.fitting.HarmonicFitter$ParameterGuesser:guessAOmega:()V#300#265 prob_bp = 0.60982317947609750000
org.apache.commons.math3.optimization.fitting.HarmonicFitter$ParameterGuesser:guess:()[D#218#12 prob_bp = 0.99995903504151270000
org.apache.commons.math3.optimization.fitting.HarmonicFitter$ParameterGuesser:guess:()[D#218#13 prob_bp = 0.99997863138633690000
org.apache.commons.math3.optimization.fitting.HarmonicFitter$ParameterGuesser:guess:()[D#218#36 prob_bp = 0.99998822647390710000
org.apache.commons.math3.optimization.fitting.HarmonicFitterTest:testMath844:()V#183#0 prob_bp = 1.00000000000000000000
org.apache.commons.math3.optimization.fitting.HarmonicFitterTest:testMath844:()V#183#2 prob_bp = 1.00000000000000000000
org.apache.commons.math3.optimization.fitting.HarmonicFitterTest:testMath844:()V#183#186 prob_bp = 1.00000000000000000000
org.apache.commons.math3.optimization.fitting.HarmonicFitterTest:testMath844:()V#183#187 prob_bp = 1.00000000000000000000
org.apache.commons.math3.optimization.fitting.HarmonicFitterTest:testMath844:()V#183#189 prob_bp = 1.00000000000000000000
org.apache.commons.math3.optimization.fitting.HarmonicFitterTest:testMath844:()V#183#190 prob_bp = 1.00000000000000000000
org.apache.commons.math3.optimization.fitting.HarmonicFitterTest:testMath844:()V#183#191 prob_bp = 1.00000000000000000000
org.apache.commons.math3.optimization.fitting.HarmonicFitterTest:testMath844:()V#188#192 prob_bp = 1.00000000000000000000
org.apache.commons.math3.optimization.fitting.HarmonicFitterTest:testMath844:()V#188#193 prob_bp = 1.00000000000000000000
org.apache.commons.math3.optimization.fitting.HarmonicFitterTest:testMath844:()V#188#194 prob_bp = 1.00000000000000000000
org.apache.commons.math3.optimization.fitting.HarmonicFitterTest:testMath844:()V#189#195 prob_bp = 1.00000000000000000000
org.apache.commons.math3.optimization.fitting.HarmonicFitterTest:testMath844:()V#189#196 prob_bp = 1.00000000000000000000
org.apache.commons.math3.optimization.fitting.HarmonicFitterTest:testMath844:()V#189#199 prob_bp = 1.00000000000000000000
org.apache.commons.math3.optimization.fitting.HarmonicFitterTest:testMath844:()V#190#200 prob_bp = 1.00000000000000000000
org.apache.commons.math3.optimization.fitting.HarmonicFitterTest:testMath844:()V#190#201 prob_bp = 1.00000000000000000000
org.apache.commons.math3.optimization.fitting.HarmonicFitterTest:testMath844:()V#190#203 prob_bp = 1.00000000000000000000
org.apache.commons.math3.optimization.fitting.HarmonicFitterTest:testMath844:()V#190#205 prob_bp = 1.00000000000000000000
org.apache.commons.math3.optimization.fitting.HarmonicFitterTest:testMath844:()V#190#206 prob_bp = 1.00000000000000000000
org.apache.commons.math3.optimization.fitting.HarmonicFitterTest:testMath844:()V#191#212 prob_bp = 1.00000000000000000000
org.apache.commons.math3.optimization.fitting.HarmonicFitterTest:testMath844:()V#191#215 prob_bp = 1.00000000000000000000
org.apache.commons.math3.optimization.fitting.HarmonicFitterTest:testMath844:()V#191#217 prob_bp = 1.00000000000000000000
org.apache.commons.math3.optimization.fitting.HarmonicFitterTest:testMath844:()V#191#219 prob_bp = 1.00000000000000000000
org.apache.commons.math3.optimization.fitting.HarmonicFitterTest:testMath844:()V#191#224 prob_bp = 1.00000000000000000000
org.apache.commons.math3.optimization.fitting.HarmonicFitterTest:testMath844:()V#190#228 prob_bp = 1.00000000000000000000
org.apache.commons.math3.optimization.fitting.HarmonicFitterTest:testMath844:()V#194#234 prob_bp = 1.00000000000000000000
org.apache.commons.math3.optimization.fitting.HarmonicFitterTest:testMath844:()V#194#237 prob_bp = 1.00000000000000000000
org.apache.commons.math3.optimization.fitting.HarmonicFitterTest:testMath844:()V#194#238 prob_bp = 1.00000000000000000000
org.apache.commons.math3.optimization.fitting.HarmonicFitterTest:testMath844:()V#194#239 prob_bp = 1.00000000000000000000
org.apache.commons.math3.optimization.fitting.HarmonicFitterTest:testMath844:()V#194#242 prob_bp = 1.00000000000000000000
org.apache.commons.math3.optimization.fitting.HarmonicFitterTest:testMath844:()V#202#244 prob_bp = 1.00000000000000000000
org.apache.commons.math3.optimization.fitting.HarmonicFitterTest:testMath844:()V#202#246 prob_bp = 1.00000000000000000000
Belief propagation time : 8.841000s
