Belief propagation time: 100

Probabilities: 
Vars:889610
Stmts:8661
org.apache.commons.math3.distribution.DiscreteDistribution:sample:(I)[Ljava/lang/Object;#190#56 prob_bp = 0.49999929562904344000
org.apache.commons.math3.distribution.DiscreteDistribution:sample:(I)[Ljava/lang/Object;#190#51 prob_bp = 0.49999953533285724000
org.apache.commons.math3.distribution.DiscreteDistribution:sample:(I)[Ljava/lang/Object;#189#44 prob_bp = 0.49999959440557507000
org.apache.commons.math3.distribution.DiscreteDistribution:sample:(I)[Ljava/lang/Object;#189#43 prob_bp = 0.49999960963550560000
org.apache.commons.math3.distribution.DiscreteDistribution:sample:(I)[Ljava/lang/Object;#190#50 prob_bp = 0.49999982452517400000
org.apache.commons.math3.distribution.DiscreteDistribution:sample:()Ljava/lang/Object;#163#52 prob_bp = 0.49999984596749190000
org.apache.commons.math3.distribution.DiscreteDistribution:sample:(I)[Ljava/lang/Object;#187#42 prob_bp = 0.49999995553297905000
org.apache.commons.math3.distribution.DiscreteDistribution:sample:(I)[Ljava/lang/Object;#182#1 prob_bp = 0.49999997059471046000
org.apache.commons.math3.distribution.DiscreteDistribution:sample:(I)[Ljava/lang/Object;#182#0 prob_bp = 0.49999997306716687000
org.apache.commons.math3.distribution.DiscreteDistribution:sample:(I)[Ljava/lang/Object;#187#39 prob_bp = 0.49999998911209653000
org.apache.commons.math3.distribution.DiscreteDistribution:sample:(I)[Ljava/lang/Object;#187#36 prob_bp = 0.49999999771888960000
org.apache.commons.math3.distribution.DiscreteDistribution:sample:()Ljava/lang/Object;#163#47 prob_bp = 0.49999999920545296000
org.apache.commons.math3.distribution.DiscreteDistribution:sample:(I)[Ljava/lang/Object;#189#47 prob_bp = 0.49999999948105367000
org.apache.commons.math3.distribution.DiscreteDistribution:sample:(I)[Ljava/lang/Object;#189#46 prob_bp = 0.49999999953086440000
org.apache.commons.math3.distribution.DiscreteDistribution:sample:()Ljava/lang/Object;#163#45 prob_bp = 0.49999999963474230000
org.apache.commons.math3.distribution.DiscreteDistribution:sample:(I)[Ljava/lang/Object;#189#45 prob_bp = 0.49999999965369670000
org.apache.commons.math3.distribution.DiscreteDistribution:sample:()Ljava/lang/Object;#160#13 prob_bp = 0.49999999984889000000
org.apache.commons.math3.distribution.DiscreteDistribution:sample:()Ljava/lang/Object;#160#12 prob_bp = 0.49999999985475935000
org.apache.commons.math3.distribution.DiscreteDistribution:sample:(I)[Ljava/lang/Object;#187#33 prob_bp = 0.49999999992492980000
org.apache.commons.math3.distribution.DiscreteDistribution:sample:(I)[Ljava/lang/Object;#187#32 prob_bp = 0.49999999993213530000
org.apache.commons.math3.distribution.DiscreteDistribution:sample:(I)[Ljava/lang/Object;#187#29 prob_bp = 0.49999999998383937000
org.apache.commons.math3.distribution.DiscreteDistribution:sample:()Ljava/lang/Object;#163#42 prob_bp = 0.49999999999517970000
org.apache.commons.math3.distribution.DiscreteDistribution:sample:()Ljava/lang/Object;#163#41 prob_bp = 0.49999999999762623000
org.apache.commons.math3.distribution.DiscreteDistribution:sample:(I)[Ljava/lang/Object;#190#53 prob_bp = 0.49999999999829503000
org.apache.commons.math3.distribution.DiscreteDistribution:sample:(I)[Ljava/lang/Object;#190#52 prob_bp = 0.49999999999846380000
org.apache.commons.math3.distribution.DiscreteDistribution:sample:(I)[Ljava/lang/Object;#187#24 prob_bp = 0.49999999999893874000
org.apache.commons.math3.distribution.DiscreteDistribution:sample:(I)[Ljava/lang/Object;#187#23 prob_bp = 0.49999999999897860000
org.apache.commons.math3.distribution.DiscreteDistribution:<init>:(Lorg/apache/commons/math3/random/RandomGenerator;Ljava/util/List;)V#89#23 prob_bp = 0.49999999999951433000
org.apache.commons.math3.distribution.DiscreteDistribution:<init>:(Lorg/apache/commons/math3/random/RandomGenerator;Ljava/util/List;)V#89#10 prob_bp = 0.49999999999953330000
org.apache.commons.math3.distribution.DiscreteDistribution:<init>:(Lorg/apache/commons/math3/random/RandomGenerator;Ljava/util/List;)V#89#9 prob_bp = 0.49999999999979555000
org.apache.commons.math3.distribution.DiscreteDistribution:<init>:(Ljava/util/List;)V#69#9 prob_bp = 0.49999999999986544000
org.apache.commons.math3.distribution.DiscreteDistribution:<init>:(Ljava/util/List;)V#69#0 prob_bp = 0.49999999999988265000
org.apache.commons.math3.distribution.DiscreteDistribution:sample:(I)[Ljava/lang/Object;#187#20 prob_bp = 0.49999999999996936000
org.apache.commons.math3.distribution.DiscreteDistribution:sample:(I)[Ljava/lang/Object;#187#19 prob_bp = 0.49999999999997236000
org.apache.commons.math3.random.Well19937c:next:(I)I#90#44 prob_bp = 0.49999999999998257000
org.apache.commons.math3.distribution.DiscreteDistribution:sample:()Ljava/lang/Object;#161#27 prob_bp = 0.49999999999999680000
org.apache.commons.math3.random.Well19937c:next:(I)I#94#86 prob_bp = 0.49999999999999734000
org.apache.commons.math3.random.AbstractWell:setSeed:([I)V#164#94 prob_bp = 0.49999999999999983000
org.apache.commons.math3.distribution.DiscreteDistribution:<init>:(Lorg/apache/commons/math3/random/RandomGenerator;Ljava/util/List;)V#93#49 prob_bp = 0.49999999999999983000
org.apache.commons.math3.random.AbstractWell:setSeed:([I)V#155#4 prob_bp = 0.49999999999999994000
org.apache.commons.math3.random.AbstractWell:setSeed:([I)V#155#12 prob_bp = 0.49999999999999994000
org.apache.commons.math3.random.AbstractWell:setSeed:([I)V#155#13 prob_bp = 0.49999999999999994000
org.apache.commons.math3.random.AbstractWell:setSeed:(J)V#179#12 prob_bp = 0.49999999999999994000
org.apache.commons.math3.random.AbstractWell:setSeed:([I)V#161#39 prob_bp = 0.49999999999999994000
org.apache.commons.math3.random.AbstractWell:setSeed:([I)V#161#40 prob_bp = 0.49999999999999994000
org.apache.commons.math3.random.AbstractWell:setSeed:([I)V#162#48 prob_bp = 0.49999999999999994000
org.apache.commons.math3.random.AbstractWell:setSeed:([I)V#162#49 prob_bp = 0.49999999999999994000
org.apache.commons.math3.random.AbstractWell:setSeed:([I)V#162#52 prob_bp = 0.49999999999999994000
org.apache.commons.math3.random.AbstractWell:setSeed:([I)V#163#66 prob_bp = 0.49999999999999994000
org.apache.commons.math3.random.AbstractWell:setSeed:([I)V#163#69 prob_bp = 0.49999999999999994000
org.apache.commons.math3.random.AbstractWell:setSeed:([I)V#168#101 prob_bp = 0.49999999999999994000
org.apache.commons.math3.random.AbstractWell:setSeed:([I)V#168#103 prob_bp = 0.49999999999999994000
org.apache.commons.math3.distribution.DiscreteRealDistribution:<init>:(Lorg/apache/commons/math3/random/RandomGenerator;[D[D)V#94#41 prob_bp = 0.49999999999999994000
org.apache.commons.math3.distribution.DiscreteRealDistribution:<init>:(Lorg/apache/commons/math3/random/RandomGenerator;[D[D)V#95#45 prob_bp = 0.49999999999999994000
org.apache.commons.math3.distribution.DiscreteRealDistribution:<init>:(Lorg/apache/commons/math3/random/RandomGenerator;[D[D)V#95#68 prob_bp = 0.49999999999999994000
org.apache.commons.math3.distribution.DiscreteRealDistribution:<init>:(Lorg/apache/commons/math3/random/RandomGenerator;[D[D)V#94#74 prob_bp = 0.49999999999999994000
org.apache.commons.math3.distribution.DiscreteDistribution:<init>:(Lorg/apache/commons/math3/random/RandomGenerator;Ljava/util/List;)V#95#79 prob_bp = 0.49999999999999994000
org.apache.commons.math3.random.Well19937c:next:(I)I#90#36 prob_bp = 0.49999999999999994000
org.apache.commons.math3.random.Well19937c:next:(I)I#95#107 prob_bp = 0.49999999999999994000
org.apache.commons.math3.random.AbstractWell:setSeed:([I)V#155#5 prob_bp = 0.50000000000000000000
org.apache.commons.math3.random.AbstractWell:setSeed:(J)V#179#13 prob_bp = 0.50000000000000000000
org.apache.commons.math3.random.AbstractWell:setSeed:(J)V#179#19 prob_bp = 0.50000000000000000000
org.apache.commons.math3.random.AbstractWell:setSeed:([I)V#164#79 prob_bp = 0.50000000000000000000
org.apache.commons.math3.random.AbstractWell:setSeed:([I)V#164#80 prob_bp = 0.50000000000000000000
org.apache.commons.math3.random.AbstractWell:setSeed:([I)V#164#84 prob_bp = 0.50000000000000000000
org.apache.commons.math3.random.AbstractWell:setSeed:([I)V#164#87 prob_bp = 0.50000000000000000000
org.apache.commons.math3.random.AbstractWell:setSeed:([I)V#164#93 prob_bp = 0.50000000000000000000
org.apache.commons.math3.distribution.DiscreteRealDistribution:<init>:(Lorg/apache/commons/math3/random/RandomGenerator;[D[D)V#94#42 prob_bp = 0.50000000000000000000
org.apache.commons.math3.distribution.DiscreteDistribution:<init>:(Lorg/apache/commons/math3/random/RandomGenerator;Ljava/util/List;)V#93#52 prob_bp = 0.50000000000000000000
org.apache.commons.math3.distribution.DiscreteDistribution:<init>:(Lorg/apache/commons/math3/random/RandomGenerator;Ljava/util/List;)V#95#77 prob_bp = 0.50000000000000000000
org.apache.commons.math3.distribution.DiscreteDistribution:<init>:(Lorg/apache/commons/math3/random/RandomGenerator;Ljava/util/List;)V#98#114 prob_bp = 0.50000000000000000000
org.apache.commons.math3.distribution.DiscreteDistribution:<init>:(Ljava/util/List;)V#69#4 prob_bp = 0.50000000000000000000
org.apache.commons.math3.distribution.DiscreteDistribution:<init>:(Ljava/util/List;)V#69#5 prob_bp = 0.50000000000000000000
org.apache.commons.math3.distribution.DiscreteDistribution:<init>:(Ljava/util/List;)V#69#8 prob_bp = 0.50000000000000000000
org.apache.commons.math3.random.Well19937c:next:(I)I#86#1 prob_bp = 0.50000000000000000000
org.apache.commons.math3.random.AbstractWell:setSeed:([I)V#155#14 prob_bp = 0.50000000000000010000
org.apache.commons.math3.random.AbstractWell:setSeed:(J)V#179#20 prob_bp = 0.50000000000000010000
org.apache.commons.math3.random.AbstractWell:setSeed:([I)V#161#38 prob_bp = 0.50000000000000010000
org.apache.commons.math3.random.AbstractWell:setSeed:([I)V#161#41 prob_bp = 0.50000000000000010000
org.apache.commons.math3.random.AbstractWell:setSeed:([I)V#161#45 prob_bp = 0.50000000000000010000
org.apache.commons.math3.random.AbstractWell:setSeed:([I)V#162#50 prob_bp = 0.50000000000000010000
org.apache.commons.math3.random.AbstractWell:setSeed:([I)V#162#51 prob_bp = 0.50000000000000010000
org.apache.commons.math3.random.AbstractWell:setSeed:([I)V#162#53 prob_bp = 0.50000000000000010000
org.apache.commons.math3.random.AbstractWell:setSeed:([I)V#163#60 prob_bp = 0.50000000000000010000
org.apache.commons.math3.random.AbstractWell:setSeed:([I)V#163#61 prob_bp = 0.50000000000000010000
org.apache.commons.math3.random.AbstractWell:setSeed:([I)V#163#65 prob_bp = 0.50000000000000010000
org.apache.commons.math3.random.AbstractWell:setSeed:([I)V#163#67 prob_bp = 0.50000000000000010000
org.apache.commons.math3.random.AbstractWell:setSeed:([I)V#164#71 prob_bp = 0.50000000000000010000
org.apache.commons.math3.random.AbstractWell:setSeed:([I)V#164#72 prob_bp = 0.50000000000000010000
org.apache.commons.math3.random.AbstractWell:setSeed:([I)V#164#88 prob_bp = 0.50000000000000010000
org.apache.commons.math3.distribution.DiscreteRealDistribution:<init>:(Lorg/apache/commons/math3/random/RandomGenerator;[D[D)V#94#38 prob_bp = 0.50000000000000010000
org.apache.commons.math3.distribution.DiscreteRealDistribution:<init>:(Lorg/apache/commons/math3/random/RandomGenerator;[D[D)V#95#50 prob_bp = 0.50000000000000010000
org.apache.commons.math3.distribution.DiscreteRealDistribution:<init>:(Lorg/apache/commons/math3/random/RandomGenerator;[D[D)V#95#65 prob_bp = 0.50000000000000010000
org.apache.commons.math3.distribution.DiscreteDistribution:<init>:(Lorg/apache/commons/math3/random/RandomGenerator;Ljava/util/List;)V#93#50 prob_bp = 0.50000000000000010000
org.apache.commons.math3.distribution.DiscreteDistribution:<init>:(Lorg/apache/commons/math3/random/RandomGenerator;Ljava/util/List;)V#93#57 prob_bp = 0.50000000000000010000
org.apache.commons.math3.distribution.DiscreteDistribution:<init>:(Lorg/apache/commons/math3/random/RandomGenerator;Ljava/util/List;)V#95#85 prob_bp = 0.50000000000000010000
org.apache.commons.math3.distribution.DiscreteDistribution:<init>:(Lorg/apache/commons/math3/random/RandomGenerator;Ljava/util/List;)V#98#112 prob_bp = 0.50000000000000010000
org.apache.commons.math3.distribution.DiscreteDistribution:<init>:(Ljava/util/List;)V#69#1 prob_bp = 0.50000000000000010000
org.apache.commons.math3.random.Well19937c:next:(I)I#89#28 prob_bp = 0.50000000000000010000
org.apache.commons.math3.random.Well19937c:next:(I)I#102#197 prob_bp = 0.50000000000000010000
org.apache.commons.math3.random.AbstractWell:setSeed:(J)V#179#14 prob_bp = 0.50000000000000020000
org.apache.commons.math3.random.AbstractWell:setSeed:(J)V#179#15 prob_bp = 0.50000000000000020000
org.apache.commons.math3.random.AbstractWell:setSeed:(J)V#179#18 prob_bp = 0.50000000000000020000
org.apache.commons.math3.random.AbstractWell:setSeed:([I)V#164#75 prob_bp = 0.50000000000000020000
org.apache.commons.math3.random.AbstractWell:setSeed:([I)V#164#86 prob_bp = 0.50000000000000020000
org.apache.commons.math3.random.AbstractWell:setSeed:([I)V#164#89 prob_bp = 0.50000000000000020000
org.apache.commons.math3.distribution.DiscreteRealDistribution:<init>:(Lorg/apache/commons/math3/random/RandomGenerator;[D[D)V#94#36 prob_bp = 0.50000000000000020000
org.apache.commons.math3.random.AbstractWell:setSeed:([I)V#164#81 prob_bp = 0.50000000000000030000
org.apache.commons.math3.random.AbstractWell:setSeed:([I)V#164#83 prob_bp = 0.50000000000000030000
org.apache.commons.math3.random.AbstractWell:setSeed:([I)V#164#85 prob_bp = 0.50000000000000030000
org.apache.commons.math3.random.AbstractWell:setSeed:([I)V#164#92 prob_bp = 0.50000000000000030000
org.apache.commons.math3.distribution.DiscreteRealDistribution:<init>:(Lorg/apache/commons/math3/random/RandomGenerator;[D[D)V#94#35 prob_bp = 0.50000000000000030000
org.apache.commons.math3.distribution.DiscreteRealDistribution:<init>:(Lorg/apache/commons/math3/random/RandomGenerator;[D[D)V#94#40 prob_bp = 0.50000000000000030000
org.apache.commons.math3.distribution.DiscreteRealDistribution:<init>:(Lorg/apache/commons/math3/random/RandomGenerator;[D[D)V#95#47 prob_bp = 0.50000000000000030000
org.apache.commons.math3.distribution.DiscreteDistribution:<init>:(Lorg/apache/commons/math3/random/RandomGenerator;Ljava/util/List;)V#93#60 prob_bp = 0.50000000000000030000
org.apache.commons.math3.random.Well19937c:next:(I)I#87#11 prob_bp = 0.50000000000000030000
org.apache.commons.math3.random.Well19937c:next:(I)I#94#97 prob_bp = 0.50000000000000030000
org.apache.commons.math3.random.BitsStreamGenerator:nextDouble:()D#92#18 prob_bp = 0.50000000000000030000
org.apache.commons.math3.distribution.DiscreteDistribution:sample:()Ljava/lang/Object;#161#30 prob_bp = 0.50000000000000030000
org.apache.commons.math3.random.AbstractWell:setSeed:([I)V#161#44 prob_bp = 0.50000000000000040000
org.apache.commons.math3.random.AbstractWell:setSeed:([I)V#168#102 prob_bp = 0.50000000000000040000
org.apache.commons.math3.distribution.DiscreteDistribution:<init>:(Lorg/apache/commons/math3/random/RandomGenerator;Ljava/util/List;)V#95#82 prob_bp = 0.50000000000000040000
org.apache.commons.math3.random.AbstractWell:setSeed:([I)V#162#56 prob_bp = 0.50000000000000060000
org.apache.commons.math3.random.AbstractWell:setSeed:([I)V#162#57 prob_bp = 0.50000000000000060000
org.apache.commons.math3.random.AbstractWell:setSeed:([I)V#163#64 prob_bp = 0.50000000000000060000
org.apache.commons.math3.random.AbstractWell:setSeed:([I)V#163#68 prob_bp = 0.50000000000000060000
org.apache.commons.math3.random.AbstractWell:setSeed:([I)V#164#76 prob_bp = 0.50000000000000060000
org.apache.commons.math3.random.AbstractWell:setSeed:([I)V#162#95 prob_bp = 0.50000000000000070000
org.apache.commons.math3.random.AbstractWell:setSeed:([I)V#163#70 prob_bp = 0.50000000000000100000
org.apache.commons.math3.random.Well19937c:next:(I)I#90#45 prob_bp = 0.50000000000000100000
org.apache.commons.math3.distribution.DiscreteDistribution:<init>:(Lorg/apache/commons/math3/random/RandomGenerator;Ljava/util/List;)V#95#88 prob_bp = 0.50000000000000110000
org.apache.commons.math3.distribution.DiscreteDistribution:<init>:(Lorg/apache/commons/math3/random/RandomGenerator;Ljava/util/List;)V#89#14 prob_bp = 0.50000000000000140000
org.apache.commons.math3.distribution.DiscreteDistribution:<init>:(Lorg/apache/commons/math3/random/RandomGenerator;Ljava/util/List;)V#95#89 prob_bp = 0.50000000000000140000
org.apache.commons.math3.random.BitsStreamGenerator:nextDouble:()D#90#6 prob_bp = 0.50000000000000190000
org.apache.commons.math3.distribution.DiscreteDistribution:<init>:(Lorg/apache/commons/math3/random/RandomGenerator;Ljava/util/List;)V#92#40 prob_bp = 0.50000000000000210000
org.apache.commons.math3.random.Well19937c:next:(I)I#94#94 prob_bp = 0.50000000000000230000
org.apache.commons.math3.random.Well19937c:next:(I)I#101#190 prob_bp = 0.50000000000000280000
org.apache.commons.math3.distribution.DiscreteDistribution:<init>:(Lorg/apache/commons/math3/random/RandomGenerator;Ljava/util/List;)V#89#15 prob_bp = 0.50000000000000300000
org.apache.commons.math3.random.Well19937c:next:(I)I#95#108 prob_bp = 0.50000000000000300000
org.apache.commons.math3.random.Well19937c:next:(I)I#94#85 prob_bp = 0.50000000000000320000
org.apache.commons.math3.random.Well19937c:next:(I)I#95#110 prob_bp = 0.50000000000000320000
org.apache.commons.math3.random.Well19937c:next:(I)I#101#187 prob_bp = 0.50000000000000320000
org.apache.commons.math3.random.Well19937c:next:(I)I#98#141 prob_bp = 0.50000000000000370000
org.apache.commons.math3.random.Well19937c:next:(I)I#111#240 prob_bp = 0.50000000000000370000
org.apache.commons.math3.random.Well19937c:next:(I)I#102#196 prob_bp = 0.50000000000000400000
org.apache.commons.math3.random.Well19937c:next:(I)I#97#136 prob_bp = 0.50000000000000430000
org.apache.commons.math3.random.BitsStreamGenerator:nextDouble:()D#91#17 prob_bp = 0.50000000000000430000
org.apache.commons.math3.random.Well19937c:next:(I)I#90#35 prob_bp = 0.50000000000000470000
org.apache.commons.math3.random.BitsStreamGenerator:nextDouble:()D#92#20 prob_bp = 0.50000000000000470000
org.apache.commons.math3.random.Well19937c:next:(I)I#90#31 prob_bp = 0.50000000000000480000
org.apache.commons.math3.random.Well19937c:next:(I)I#90#39 prob_bp = 0.50000000000000480000
org.apache.commons.math3.random.Well19937c:next:(I)I#86#0 prob_bp = 0.50000000000000500000
org.apache.commons.math3.random.Well19937c:next:(I)I#87#10 prob_bp = 0.50000000000000500000
org.apache.commons.math3.random.Well19937c:next:(I)I#86#4 prob_bp = 0.50000000000000520000
org.apache.commons.math3.random.Well19937c:next:(I)I#101#183 prob_bp = 0.50000000000000520000
org.apache.commons.math3.random.Well19937c:next:(I)I#89#20 prob_bp = 0.50000000000000530000
org.apache.commons.math3.random.Well19937c:next:(I)I#94#81 prob_bp = 0.50000000000000540000
org.apache.commons.math3.random.Well19937c:next:(I)I#98#161 prob_bp = 0.50000000000000540000
org.apache.commons.math3.random.Well19937c:next:(I)I#89#24 prob_bp = 0.50000000000000570000
org.apache.commons.math3.random.Well19937c:next:(I)I#94#90 prob_bp = 0.50000000000000570000
org.apache.commons.math3.random.Well19937c:next:(I)I#97#138 prob_bp = 0.50000000000000570000
org.apache.commons.math3.random.BitsStreamGenerator:nextDouble:()D#90#9 prob_bp = 0.50000000000000590000
org.apache.commons.math3.random.BitsStreamGenerator:nextDouble:()D#92#19 prob_bp = 0.50000000000000590000
org.apache.commons.math3.random.Well19937c:next:(I)I#111#237 prob_bp = 0.50000000000000600000
org.apache.commons.math3.random.Well19937c:next:(I)I#87#14 prob_bp = 0.50000000000000610000
org.apache.commons.math3.random.Well19937c:next:(I)I#89#29 prob_bp = 0.50000000000000620000
org.apache.commons.math3.random.Well19937c:next:(I)I#98#152 prob_bp = 0.50000000000000630000
org.apache.commons.math3.random.BitsStreamGenerator:nextDouble:()D#90#10 prob_bp = 0.50000000000000640000
org.apache.commons.math3.distribution.DiscreteDistribution:sample:()Ljava/lang/Object;#158#11 prob_bp = 0.50000000000000640000
org.apache.commons.math3.random.Well19937c:next:(I)I#111#233 prob_bp = 0.50000000000000660000
org.apache.commons.math3.random.Well19937c:next:(I)I#95#100 prob_bp = 0.50000000000000680000
org.apache.commons.math3.random.Well19937c:next:(I)I#109#220 prob_bp = 0.50000000000000700000
org.apache.commons.math3.random.Well19937c:next:(I)I#98#154 prob_bp = 0.50000000000000710000
org.apache.commons.math3.distribution.DiscreteDistribution:<init>:(Lorg/apache/commons/math3/random/RandomGenerator;Ljava/util/List;)V#92#41 prob_bp = 0.50000000000000720000
org.apache.commons.math3.random.Well19937c:next:(I)I#95#115 prob_bp = 0.50000000000000720000
org.apache.commons.math3.distribution.DiscreteDistribution:sample:()Ljava/lang/Object;#161#26 prob_bp = 0.50000000000000730000
org.apache.commons.math3.random.Well19937c:next:(I)I#109#230 prob_bp = 0.50000000000000740000
org.apache.commons.math3.random.Well19937c:next:(I)I#86#9 prob_bp = 0.50000000000000770000
org.apache.commons.math3.util.Pair:<init>:(Ljava/lang/Object;Ljava/lang/Object;)V#47#10 prob_bp = 0.50000000000000790000
org.apache.commons.math3.random.BitsStreamGenerator:nextDouble:()D#90#1 prob_bp = 0.50000000000000790000
org.apache.commons.math3.random.Well19937c:next:(I)I#98#163 prob_bp = 0.50000000000000790000
org.apache.commons.math3.random.Well19937c:next:(I)I#98#150 prob_bp = 0.50000000000000830000
org.apache.commons.math3.random.Well19937c:next:(I)I#111#239 prob_bp = 0.50000000000000830000
org.apache.commons.math3.random.Well19937c:next:(I)I#94#87 prob_bp = 0.50000000000000850000
org.apache.commons.math3.random.Well19937c:next:(I)I#95#102 prob_bp = 0.50000000000000850000
org.apache.commons.math3.random.Well19937c:next:(I)I#98#160 prob_bp = 0.50000000000000900000
org.apache.commons.math3.random.Well19937c:next:(I)I#90#43 prob_bp = 0.50000000000000930000
org.apache.commons.math3.random.Well19937c:next:(I)I#109#222 prob_bp = 0.50000000000000930000
org.apache.commons.math3.random.BitsStreamGenerator:nextDouble:()D#92#21 prob_bp = 0.50000000000000930000
org.apache.commons.math3.random.Well19937c:next:(I)I#108#213 prob_bp = 0.50000000000000940000
org.apache.commons.math3.distribution.DiscreteDistribution:sample:()Ljava/lang/Object;#158#10 prob_bp = 0.50000000000000940000
org.apache.commons.math3.random.Well19937c:next:(I)I#98#151 prob_bp = 0.50000000000000990000
org.apache.commons.math3.random.Well19937c:next:(I)I#97#134 prob_bp = 0.50000000000001070000
org.apache.commons.math3.random.Well19937c:next:(I)I#109#227 prob_bp = 0.50000000000001090000
org.apache.commons.math3.random.Well19937c:next:(I)I#103#203 prob_bp = 0.50000000000001100000
org.apache.commons.math3.random.Well19937c:next:(I)I#109#226 prob_bp = 0.50000000000001100000
org.apache.commons.math3.random.BitsStreamGenerator:nextDouble:()D#90#7 prob_bp = 0.50000000000001110000
org.apache.commons.math3.random.Well19937c:next:(I)I#95#114 prob_bp = 0.50000000000001130000
org.apache.commons.math3.random.Well19937c:next:(I)I#89#21 prob_bp = 0.50000000000001140000
org.apache.commons.math3.random.Well19937c:next:(I)I#90#32 prob_bp = 0.50000000000001140000
org.apache.commons.math3.random.Well19937c:next:(I)I#94#82 prob_bp = 0.50000000000001140000
org.apache.commons.math3.random.Well19937c:next:(I)I#95#116 prob_bp = 0.50000000000001140000
org.apache.commons.math3.random.Well19937c:next:(I)I#98#143 prob_bp = 0.50000000000001140000
org.apache.commons.math3.random.Well19937c:next:(I)I#101#184 prob_bp = 0.50000000000001150000
org.apache.commons.math3.random.Well19937c:next:(I)I#94#91 prob_bp = 0.50000000000001170000
org.apache.commons.math3.random.Well19937c:next:(I)I#98#145 prob_bp = 0.50000000000001170000
org.apache.commons.math3.random.Well19937c:next:(I)I#98#169 prob_bp = 0.50000000000001190000
org.apache.commons.math3.random.Well19937c:next:(I)I#109#229 prob_bp = 0.50000000000001190000
org.apache.commons.math3.util.Pair:<init>:(Ljava/lang/Object;Ljava/lang/Object;)V#47#9 prob_bp = 0.50000000000001200000
org.apache.commons.math3.random.Well19937c:next:(I)I#86#8 prob_bp = 0.50000000000001210000
org.apache.commons.math3.random.Well19937c:next:(I)I#95#106 prob_bp = 0.50000000000001210000
org.apache.commons.math3.random.Well19937c:next:(I)I#103#202 prob_bp = 0.50000000000001210000
org.apache.commons.math3.random.Well19937c:next:(I)I#98#149 prob_bp = 0.50000000000001240000
org.apache.commons.math3.random.BitsStreamGenerator:nextDouble:()D#91#12 prob_bp = 0.50000000000001240000
org.apache.commons.math3.random.Well19937c:next:(I)I#94#96 prob_bp = 0.50000000000001250000
org.apache.commons.math3.random.Well19937c:next:(I)I#101#188 prob_bp = 0.50000000000001250000
org.apache.commons.math3.random.Well19937c:next:(I)I#108#207 prob_bp = 0.50000000000001270000
org.apache.commons.math3.random.Well19937c:next:(I)I#94#88 prob_bp = 0.50000000000001280000
org.apache.commons.math3.random.Well19937c:next:(I)I#108#209 prob_bp = 0.50000000000001280000
org.apache.commons.math3.random.Well19937c:next:(I)I#108#214 prob_bp = 0.50000000000001310000
org.apache.commons.math3.random.Well19937c:next:(I)I#108#217 prob_bp = 0.50000000000001440000
org.apache.commons.math3.random.Well19937c:next:(I)I#98#159 prob_bp = 0.50000000000001480000
org.apache.commons.math3.random.Well19937c:next:(I)I#111#238 prob_bp = 0.50000000000001500000
org.apache.commons.math3.random.Well19937c:next:(I)I#98#168 prob_bp = 0.50000000000001510000
org.apache.commons.math3.random.Well19937c:next:(I)I#98#167 prob_bp = 0.50000000000001610000
org.apache.commons.math3.random.Well19937c:next:(I)I#109#231 prob_bp = 0.50000000000001610000
org.apache.commons.math3.random.Well19937c:next:(I)I#94#95 prob_bp = 0.50000000000001640000
org.apache.commons.math3.random.Well19937c:next:(I)I#90#40 prob_bp = 0.50000000000001670000
org.apache.commons.math3.random.Well19937c:next:(I)I#89#25 prob_bp = 0.50000000000001700000
org.apache.commons.math3.random.Well19937c:next:(I)I#86#5 prob_bp = 0.50000000000001770000
org.apache.commons.math3.random.Well19937c:next:(I)I#87#15 prob_bp = 0.50000000000001770000
org.apache.commons.math3.random.Well19937c:next:(I)I#98#158 prob_bp = 0.50000000000001850000
org.apache.commons.math3.util.MathArrays:normalizeArray:([DD)[D#1257#50 prob_bp = 0.50000000000001880000
org.apache.commons.math3.random.Well19937c:next:(I)I#94#98 prob_bp = 0.50000000000001970000
org.apache.commons.math3.random.Well19937c:next:(I)I#94#79 prob_bp = 0.50000000000002100000
org.apache.commons.math3.random.Well19937c:next:(I)I#111#235 prob_bp = 0.50000000000002250000
org.apache.commons.math3.random.Well19937c:next:(I)I#109#224 prob_bp = 0.50000000000002340000
org.apache.commons.math3.random.Well19937c:next:(I)I#95#104 prob_bp = 0.50000000000002360000
org.apache.commons.math3.random.Well19937c:next:(I)I#98#165 prob_bp = 0.50000000000002480000
org.apache.commons.math3.distribution.DiscreteRealDistribution:<init>:([D[D)V#66#8 prob_bp = 0.50000000000002520000
org.apache.commons.math3.distribution.DiscreteRealDistribution:<init>:([D[D)V#66#9 prob_bp = 0.50000000000002520000
org.apache.commons.math3.random.Well19937c:next:(I)I#108#216 prob_bp = 0.50000000000002550000
org.apache.commons.math3.random.Well19937c:next:(I)I#108#218 prob_bp = 0.50000000000002610000
org.apache.commons.math3.random.Well19937c:next:(I)I#98#156 prob_bp = 0.50000000000002640000
org.apache.commons.math3.random.Well19937c:next:(I)I#98#147 prob_bp = 0.50000000000002800000
org.apache.commons.math3.random.Well19937c:next:(I)I#95#112 prob_bp = 0.50000000000002810000
org.apache.commons.math3.util.Pair:<init>:(Ljava/lang/Object;Ljava/lang/Object;)V#47#11 prob_bp = 0.50000000000002880000
org.apache.commons.math3.random.Well19937c:next:(I)I#108#211 prob_bp = 0.50000000000002890000
org.apache.commons.math3.distribution.DiscreteRealDistribution:<init>:(Lorg/apache/commons/math3/random/RandomGenerator;[D[D)V#88#5 prob_bp = 0.50000000000002960000
org.apache.commons.math3.distribution.DiscreteRealDistribution:<init>:(Lorg/apache/commons/math3/random/RandomGenerator;[D[D)V#88#7 prob_bp = 0.50000000000002960000
org.apache.commons.math3.random.Well19937c:next:(I)I#96#132 prob_bp = 0.50000000000003360000
org.apache.commons.math3.random.Well19937c:next:(I)I#87#18 prob_bp = 0.50000000000003450000
org.apache.commons.math3.random.Well19937c:next:(I)I#98#170 prob_bp = 0.50000000000003590000
org.apache.commons.math3.random.Well19937c:next:(I)I#97#139 prob_bp = 0.50000000000003760000
org.apache.commons.math3.random.Well19937c:next:(I)I#103#204 prob_bp = 0.50000000000003850000
org.apache.commons.math3.random.Well19937c:next:(I)I#95#117 prob_bp = 0.50000000000004030000
org.apache.commons.math3.distribution.DiscreteDistribution:sample:()Ljava/lang/Object;#161#32 prob_bp = 0.50000000000004360000
org.apache.commons.math3.distribution.DiscreteRealDistribution:<init>:(Lorg/apache/commons/math3/random/RandomGenerator;[D[D)V#88#6 prob_bp = 0.50000000000004600000
org.apache.commons.math3.distribution.DiscreteRealDistribution:<init>:(Lorg/apache/commons/math3/random/RandomGenerator;[D[D)V#88#8 prob_bp = 0.50000000000004600000
org.apache.commons.math3.distribution.DiscreteRealDistribution:<init>:(Lorg/apache/commons/math3/random/RandomGenerator;[D[D)V#92#24 prob_bp = 0.50000000000005970000
org.apache.commons.math3.distribution.DiscreteRealDistribution:<init>:(Lorg/apache/commons/math3/random/RandomGenerator;[D[D)V#92#33 prob_bp = 0.50000000000006200000
org.apache.commons.math3.distribution.DiscreteDistribution:<init>:(Lorg/apache/commons/math3/random/RandomGenerator;Ljava/util/List;)V#87#5 prob_bp = 0.50000000000006450000
org.apache.commons.math3.distribution.DiscreteDistribution:sample:()Ljava/lang/Object;#161#25 prob_bp = 0.50000000000006770000
org.apache.commons.math3.distribution.DiscreteRealDistribution:<init>:(Lorg/apache/commons/math3/random/RandomGenerator;[D[D)V#98#86 prob_bp = 0.50000000000007180000
org.apache.commons.math3.util.MathArrays:normalizeArray:([DD)[D#1257#52 prob_bp = 0.50000000000007520000
org.apache.commons.math3.distribution.DiscreteDistribution:<init>:(Lorg/apache/commons/math3/random/RandomGenerator;Ljava/util/List;)V#87#4 prob_bp = 0.50000000000007800000
org.apache.commons.math3.distribution.DiscreteRealDistribution:<init>:(Lorg/apache/commons/math3/random/RandomGenerator;[D[D)V#88#9 prob_bp = 0.50000000000011220000
org.apache.commons.math3.distribution.DiscreteDistribution:<init>:(Lorg/apache/commons/math3/random/RandomGenerator;Ljava/util/List;)V#98#117 prob_bp = 0.50000000000012200000
org.apache.commons.math3.distribution.DiscreteDistribution:<init>:(Lorg/apache/commons/math3/random/RandomGenerator;Ljava/util/List;)V#87#6 prob_bp = 0.50000000000018950000
org.apache.commons.math3.distribution.DiscreteDistribution:<init>:(Lorg/apache/commons/math3/random/RandomGenerator;Ljava/util/List;)V#90#26 prob_bp = 0.50000000000026580000
org.apache.commons.math3.distribution.DiscreteDistribution:sample:()Ljava/lang/Object;#161#33 prob_bp = 0.50000000000028080000
org.apache.commons.math3.util.MathArrays:normalizeArray:([DD)[D#1257#54 prob_bp = 0.50000000000030250000
org.apache.commons.math3.util.MathArrays:normalizeArray:([DD)[D#1263#120 prob_bp = 0.50000000000032770000
org.apache.commons.math3.util.MathArrays:normalizeArray:([DD)[D#1262#109 prob_bp = 0.50000000000037340000
org.apache.commons.math3.distribution.DiscreteDistribution:<init>:(Lorg/apache/commons/math3/random/RandomGenerator;Ljava/util/List;)V#98#109 prob_bp = 0.50000000000045220000
org.apache.commons.math3.distribution.DiscreteDistribution:sample:()Ljava/lang/Object;#160#17 prob_bp = 0.50000000000045600000
org.apache.commons.math3.distribution.DiscreteDistribution:<init>:(Lorg/apache/commons/math3/random/RandomGenerator;Ljava/util/List;)V#98#120 prob_bp = 0.50000000000046460000
org.apache.commons.math3.distribution.DiscreteDistribution:<init>:(Lorg/apache/commons/math3/random/RandomGenerator;Ljava/util/List;)V#92#38 prob_bp = 0.50000000000054500000
org.apache.commons.math3.util.MathArrays:normalizeArray:([DD)[D#1263#121 prob_bp = 0.50000000000054750000
org.apache.commons.math3.distribution.DiscreteDistribution:<init>:(Lorg/apache/commons/math3/random/RandomGenerator;Ljava/util/List;)V#92#35 prob_bp = 0.50000000000057480000
org.apache.commons.math3.distribution.DiscreteDistribution:<init>:(Lorg/apache/commons/math3/random/RandomGenerator;Ljava/util/List;)V#92#36 prob_bp = 0.50000000000059760000
org.apache.commons.math3.util.MathArrays:normalizeArray:([DD)[D#1262#110 prob_bp = 0.50000000000062300000
org.apache.commons.math3.distribution.DiscreteDistribution:<init>:(Lorg/apache/commons/math3/random/RandomGenerator;Ljava/util/List;)V#95#90 prob_bp = 0.50000000000073770000
org.apache.commons.math3.distribution.DiscreteDistribution:<init>:(Lorg/apache/commons/math3/random/RandomGenerator;Ljava/util/List;)V#98#110 prob_bp = 0.50000000000077680000
org.apache.commons.math3.random.Well19937c:next:(I)I#91#55 prob_bp = 0.50000000000081700000
org.apache.commons.math3.random.Well19937c:next:(I)I#91#51 prob_bp = 0.50000000000081920000
org.apache.commons.math3.random.BitsStreamGenerator:nextDouble:()D#91#11 prob_bp = 0.50000000000089610000
org.apache.commons.math3.distribution.DiscreteDistribution:<init>:(Lorg/apache/commons/math3/random/RandomGenerator;Ljava/util/List;)V#90#27 prob_bp = 0.50000000000089780000
org.apache.commons.math3.distribution.DiscreteRealDistribution:<init>:([D[D)V#66#10 prob_bp = 0.50000000000093480000
org.apache.commons.math3.distribution.DiscreteDistribution:<init>:(Lorg/apache/commons/math3/random/RandomGenerator;Ljava/util/List;)V#92#124 prob_bp = 0.50000000000094200000
org.apache.commons.math3.util.MathArrays:normalizeArray:([DD)[D#1255#44 prob_bp = 0.50000000000103180000
org.apache.commons.math3.util.MathArrays:normalizeArray:([DD)[D#1255#45 prob_bp = 0.50000000000107290000
org.apache.commons.math3.util.MathArrays:normalizeArray:([DD)[D#1276#203 prob_bp = 0.50000000000121650000
org.apache.commons.math3.util.MathArrays:normalizeArray:([DD)[D#1263#123 prob_bp = 0.50000000000132130000
org.apache.commons.math3.util.MathArrays:normalizeArray:([DD)[D#1262#112 prob_bp = 0.50000000000150470000
org.apache.commons.math3.distribution.DiscreteDistribution:<init>:(Lorg/apache/commons/math3/random/RandomGenerator;Ljava/util/List;)V#92#46 prob_bp = 0.50000000000160240000
org.apache.commons.math3.distribution.DiscreteDistribution:<init>:(Lorg/apache/commons/math3/random/RandomGenerator;Ljava/util/List;)V#98#123 prob_bp = 0.50000000000169140000
org.apache.commons.math3.random.Well19937c:next:(I)I#91#52 prob_bp = 0.50000000000170410000
org.apache.commons.math3.random.Well19937c:next:(I)I#91#56 prob_bp = 0.50000000000170950000
org.apache.commons.math3.distribution.DiscreteDistribution:sample:()Ljava/lang/Object;#160#18 prob_bp = 0.50000000000172980000
org.apache.commons.math3.random.Well19937c:next:(I)I#92#71 prob_bp = 0.50000000000186250000
org.apache.commons.math3.random.Well19937c:next:(I)I#92#67 prob_bp = 0.50000000000187020000
org.apache.commons.math3.random.BitsStreamGenerator:nextDouble:()D#91#14 prob_bp = 0.50000000000377410000
org.apache.commons.math3.random.Well19937c:next:(I)I#92#72 prob_bp = 0.50000000000388940000
org.apache.commons.math3.random.Well19937c:next:(I)I#92#68 prob_bp = 0.50000000000390300000
org.apache.commons.math3.distribution.DiscreteRealDistribution:<init>:(Lorg/apache/commons/math3/random/RandomGenerator;[D[D)V#98#88 prob_bp = 0.50000000000409860000
org.apache.commons.math3.util.MathArrays:normalizeArray:([DD)[D#1276#205 prob_bp = 0.50000000000429730000
org.apache.commons.math3.distribution.DiscreteDistribution:<init>:(Lorg/apache/commons/math3/random/RandomGenerator;Ljava/util/List;)V#101#130 prob_bp = 0.50000000000604280000
org.apache.commons.math3.random.Well19937c:next:(I)I#102#198 prob_bp = 0.50000000001168850000
org.apache.commons.math3.random.Well19937c:next:(I)I#102#200 prob_bp = 0.50000000001214000000
org.apache.commons.math3.distribution.DiscreteDistribution:sample:()Ljava/lang/Object;#157#0 prob_bp = 0.50000000001278190000
org.apache.commons.math3.distribution.DiscreteDistribution:<init>:(Lorg/apache/commons/math3/random/RandomGenerator;Ljava/util/List;)V#101#136 prob_bp = 0.50000000001468410000
org.apache.commons.math3.random.Well19937c:next:(I)I#102#191 prob_bp = 0.50000000001537380000
org.apache.commons.math3.random.BitsStreamGenerator:nextDouble:()D#92#22 prob_bp = 0.50000000001594770000
org.apache.commons.math3.random.BitsStreamGenerator:nextDouble:()D#92#23 prob_bp = 0.50000000001656130000
org.apache.commons.math3.random.BitsStreamGenerator:nextDouble:()D#92#26 prob_bp = 0.50000000001723200000
org.apache.commons.math3.random.AbstractWell:<init>:(IIII)V#72#6 prob_bp = 0.50000000001730530000
org.apache.commons.math3.distribution.DiscreteDistribution:sample:()Ljava/lang/Object;#157#1 prob_bp = 0.50000000002995290000
org.apache.commons.math3.random.BitsStreamGenerator:nextDouble:()D#92#27 prob_bp = 0.50000000003741480000
org.apache.commons.math3.util.MathArrays:normalizeArray:([DD)[D#1249#0 prob_bp = 0.50000000003953190000
org.apache.commons.math3.random.Well19937c:<init>:()V#57#0 prob_bp = 0.50000000005053950000
org.apache.commons.math3.random.Well19937c:<init>:()V#57#12 prob_bp = 0.50000000005790110000
org.apache.commons.math3.util.MathArrays:normalizeArray:([DD)[D#1249#1 prob_bp = 0.50000000006119180000
org.apache.commons.math3.random.Well19937c:next:(I)I#102#192 prob_bp = 0.50000000006225920000
org.apache.commons.math3.random.AbstractWell:<init>:(IIII[I)V#94#0 prob_bp = 0.50000000006946070000
org.apache.commons.math3.random.AbstractWell:<init>:(IIII)V#72#0 prob_bp = 0.50000000007277330000
org.apache.commons.math3.distribution.DiscreteDistribution:sample:()Ljava/lang/Object;#161#34 prob_bp = 0.50000000008362850000
org.apache.commons.math3.random.AbstractWell:<init>:(IIII[I)V#120#165 prob_bp = 0.50000000009405500000
org.apache.commons.math3.distribution.DiscreteDistribution:sample:()Ljava/lang/Object;#157#9 prob_bp = 0.50000000011894900000
org.apache.commons.math3.random.AbstractWell:<init>:(IIII)V#72#7 prob_bp = 0.50000000012047340000
org.apache.commons.math3.random.AbstractWell:<init>:(IIII[I)V#94#1 prob_bp = 0.50000000012154930000
org.apache.commons.math3.distribution.DiscreteDistribution:sample:()Ljava/lang/Object;#160#53 prob_bp = 0.50000000012945360000
org.apache.commons.math3.util.MathArrays:normalizeArray:([DD)[D#1249#4 prob_bp = 0.50000000014870450000
org.apache.commons.math3.random.Well19937c:next:(I)I#91#59 prob_bp = 0.50000000017879380000
org.apache.commons.math3.random.BitsStreamGenerator:<init>:()V#40#0 prob_bp = 0.50000000022677920000
org.apache.commons.math3.distribution.DiscreteDistribution:<init>:(Lorg/apache/commons/math3/random/RandomGenerator;Ljava/util/List;)V#90#32 prob_bp = 0.50000000025516930000
org.apache.commons.math3.random.AbstractWell:setSeed:([I)V#155#8 prob_bp = 0.50000000030707110000
org.apache.commons.math3.random.Well19937c:next:(I)I#92#75 prob_bp = 0.50000000040929250000
org.apache.commons.math3.distribution.DiscreteDistribution:sample:()Ljava/lang/Object;#162#36 prob_bp = 0.50000000041986510000
org.apache.commons.math3.random.BitsStreamGenerator:<init>:()V#40#1 prob_bp = 0.50000000043936420000
org.apache.commons.math3.distribution.DiscreteDistribution:sample:()Ljava/lang/Object;#162#35 prob_bp = 0.50000000044828770000
org.apache.commons.math3.distribution.DiscreteDistribution:sample:()Ljava/lang/Object;#160#21 prob_bp = 0.50000000045549500000
org.apache.commons.math3.util.Pair:getValue:()Ljava/lang/Object;#74#0 prob_bp = 0.50000000057655060000
org.apache.commons.math3.distribution.DiscreteDistribution:sample:()Ljava/lang/Object;#160#15 prob_bp = 0.50000000062216180000
org.apache.commons.math3.random.AbstractWell:setSeed:([I)V#155#9 prob_bp = 0.50000000086882870000
org.apache.commons.math3.random.Well19937c:next:(I)I#87#19 prob_bp = 0.50000000088271820000
org.apache.commons.math3.distribution.DiscreteDistribution:<init>:(Lorg/apache/commons/math3/random/RandomGenerator;Ljava/util/List;)V#90#34 prob_bp = 0.50000000128245510000
org.apache.commons.math3.distribution.DiscreteDistribution:sample:()Ljava/lang/Object;#162#37 prob_bp = 0.50000000177873820000
org.apache.commons.math3.util.Pair:getValue:()Ljava/lang/Object;#74#1 prob_bp = 0.50000000207322210000
org.apache.commons.math3.distribution.DiscreteDistribution:sample:()Ljava/lang/Object;#160#22 prob_bp = 0.50000000208509510000
org.apache.commons.math3.distribution.DiscreteDistribution:sample:()Ljava/lang/Object;#157#4 prob_bp = 0.50000000347547540000
org.apache.commons.math3.util.MathArrays:normalizeArray:([DD)[D#1259#66 prob_bp = 0.50000000433031280000
org.apache.commons.math3.random.Well19937c:next:(I)I#102#195 prob_bp = 0.50000000444798390000
org.apache.commons.math3.distribution.DiscreteDistribution:<init>:(Lorg/apache/commons/math3/random/RandomGenerator;Ljava/util/List;)V#101#132 prob_bp = 0.50000000467850710000
org.apache.commons.math3.distribution.DiscreteDistribution:<init>:(Lorg/apache/commons/math3/random/RandomGenerator;Ljava/util/List;)V#101#131 prob_bp = 0.50000000543235630000
org.apache.commons.math3.util.MathArrays:normalizeArray:([DD)[D#1252#22 prob_bp = 0.50000000559169280000
org.apache.commons.math3.util.MathArrays:normalizeArray:([DD)[D#1263#119 prob_bp = 0.50000000575691270000
org.apache.commons.math3.util.MathArrays:normalizeArray:([DD)[D#1259#67 prob_bp = 0.50000000722808900000
org.apache.commons.math3.util.MathArrays:normalizeArray:([DD)[D#1252#23 prob_bp = 0.50000000864270440000
org.apache.commons.math3.util.Pair:getValue:()Ljava/lang/Object;#74#4 prob_bp = 0.50000000873072970000
org.apache.commons.math3.random.BitsStreamGenerator:nextDouble:()D#90#0 prob_bp = 0.50000001043560490000
org.apache.commons.math3.random.Well19937c:next:(I)I#91#47 prob_bp = 0.50000001608290940000
org.apache.commons.math3.util.MathArrays:normalizeArray:([DD)[D#1259#69 prob_bp = 0.50000001745844380000
org.apache.commons.math3.random.Well19937c:next:(I)I#102#201 prob_bp = 0.50000001884844920000
org.apache.commons.math3.util.MathArrays:normalizeArray:([DD)[D#1252#26 prob_bp = 0.50000002091787600000
org.apache.commons.math3.util.MathArrays:normalizeArray:([DD)[D#1263#124 prob_bp = 0.50000002344898130000
org.apache.commons.math3.random.BitsStreamGenerator:nextDouble:()D#90#3 prob_bp = 0.50000002449682300000
org.apache.commons.math3.util.MathArrays:normalizeArray:([DD)[D#1262#113 prob_bp = 0.50000002670796310000
org.apache.commons.math3.distribution.DiscreteDistribution:<init>:(Lorg/apache/commons/math3/random/RandomGenerator;Ljava/util/List;)V#101#133 prob_bp = 0.50000002706687500000
org.apache.commons.math3.random.Well19937c:next:(I)I#91#48 prob_bp = 0.50000003352878590000
org.apache.commons.math3.random.Well19937c:next:(I)I#92#63 prob_bp = 0.50000003681512930000
org.apache.commons.math3.random.Well19937c:next:(I)I#92#64 prob_bp = 0.50000007675027150000
org.apache.commons.math3.util.MathArrays:normalizeArray:([DD)[D#1256#46 prob_bp = 0.50000008561083250000
org.apache.commons.math3.util.MathArrays:normalizeArray:([DD)[D#1262#116 prob_bp = 0.50000013427488900000
org.apache.commons.math3.util.MathArrays:normalizeArray:([DD)[D#1256#47 prob_bp = 0.50000034502750060000
org.apache.commons.math3.util.MathArrays:normalizeArray:([DD)[D#1256#48 prob_bp = 0.50000138870604970000
org.apache.commons.math3.util.MathArrays:normalizeArray:([DD)[D#1258#56 prob_bp = 0.50000151495606660000
org.apache.commons.math3.util.MathArrays:normalizeArray:([DD)[D#1258#57 prob_bp = 0.50000157590527020000
org.apache.commons.math3.random.Well19937c:next:(I)I#91#60 prob_bp = 0.50000353014264320000
org.apache.commons.math3.util.MathArrays:normalizeArray:([DD)[D#1258#126 prob_bp = 0.50000457870218680000
org.apache.commons.math3.util.MathArrays:normalizeArray:([DD)[D#1258#61 prob_bp = 0.50000558757354490000
org.apache.commons.math3.random.AbstractWell:<init>:(IIII[I)V#120#166 prob_bp = 0.50000641312483450000
org.apache.commons.math3.util.MathArrays:normalizeArray:([DD)[D#1258#59 prob_bp = 0.50000670700710600000
org.apache.commons.math3.util.MathArrays:normalizeArray:([DD)[D#1263#125 prob_bp = 0.50000714886329220000
org.apache.commons.math3.random.Well19937c:next:(I)I#92#76 prob_bp = 0.50000808087964890000
org.apache.commons.math3.random.AbstractWell:<init>:(IIII[I)V#120#168 prob_bp = 0.50001549098929050000
org.apache.commons.math3.util.MathArrays:normalizeArray:([DD)[D#1258#63 prob_bp = 0.50002249884273110000
org.apache.commons.math3.util.MathArrays:normalizeArray:([DD)[D#1262#116#unexe#3 prob_bp = 0.50003584617422780000
org.apache.commons.math3.distribution.DiscreteDistribution:sample:()Ljava/lang/Object;#162#38 prob_bp = 0.50004065136196060000
org.apache.commons.math3.util.MathArrays:normalizeArray:([DD)[D#1266#132 prob_bp = 0.50015139233855530000
org.apache.commons.math3.util.MathArrays:normalizeArray:([DD)[D#1259#70 prob_bp = 0.50030963824784570000
org.apache.commons.math3.util.MathArrays:normalizeArray:([DD)[D#1266#133 prob_bp = 0.50053577419411140000
org.apache.commons.math3.util.MathArrays:normalizeArray:([DD)[D#1266#134 prob_bp = 0.50055445222171170000
org.apache.commons.math3.random.AbstractWell:setSeed:(J)V#179#1 prob_bp = 0.50134446549018660000
org.apache.commons.math3.random.AbstractWell:setSeed:(J)V#179#2 prob_bp = 0.50139557496380570000
org.apache.commons.math3.util.MathArrays:normalizeArray:([DD)[D#1259#73 prob_bp = 0.50155668027034840000
org.apache.commons.math3.random.AbstractWell:setSeed:([I)V#154#0 prob_bp = 0.50233335061899990000
org.apache.commons.math3.random.AbstractWell:setSeed:([I)V#154#1 prob_bp = 0.50510034910380520000
org.apache.commons.math3.random.AbstractWell:setSeed:(J)V#179#0 prob_bp = 0.50930200681885540000
org.apache.commons.math3.random.AbstractWell:setSeed:(J)V#179#21 prob_bp = 0.53636335102115020000
org.apache.commons.math3.random.Well19937c:next:(I)I#91#61 prob_bp = 0.57041150417505320000
org.apache.commons.math3.random.Well19937c:next:(I)I#92#77 prob_bp = 0.66132447268827980000
org.apache.commons.math3.random.Well19937c:next:(I)I#96#130 prob_bp = 0.66666666665913670000
org.apache.commons.math3.random.Well19937c:next:(I)I#96#131 prob_bp = 0.66666666665914700000
org.apache.commons.math3.random.Well19937c:next:(I)I#96#119 prob_bp = 0.71264983556111420000
org.apache.commons.math3.util.MathArrays:normalizeArray:([DD)[D#1266#135 prob_bp = 0.79037059644377070000
org.apache.commons.math3.random.Well19937c:next:(I)I#96#124 prob_bp = 0.97775566510423410000
org.apache.commons.math3.random.Well19937c:next:(I)I#96#126 prob_bp = 0.97775566510423410000
org.apache.commons.math3.random.Well19937c:next:(I)I#96#123 prob_bp = 0.99009900987883510000
org.apache.commons.math3.random.Well19937c:next:(I)I#96#128 prob_bp = 0.99009900987883510000
org.apache.commons.math3.random.Well19937c:next:(I)I#96#129 prob_bp = 0.99009900987883510000
org.apache.commons.math3.random.Well19937c:next:(I)I#96#121 prob_bp = 0.99009900987883540000
org.apache.commons.math3.distribution.DiscreteRealDistributionTest:<init>:()V#49#9 prob_bp = 1.00000000000000000000
org.apache.commons.math3.distribution.DiscreteRealDistributionTest:<init>:()V#49#11 prob_bp = 1.00000000000000000000
org.apache.commons.math3.distribution.DiscreteRealDistributionTest:<init>:()V#49#49 prob_bp = 1.00000000000000000000
org.apache.commons.math3.distribution.DiscreteRealDistributionTest:<init>:()V#49#51 prob_bp = 1.00000000000000000000
org.apache.commons.math3.distribution.DiscreteRealDistributionTest:<init>:()V#49#85 prob_bp = 1.00000000000000000000
org.apache.commons.math3.distribution.DiscreteRealDistributionTest:testIssue942:()V#209#0 prob_bp = 1.00000000000000000000
org.apache.commons.math3.distribution.DiscreteRealDistributionTest:testIssue942:()V#209#7 prob_bp = 1.00000000000000000000
org.apache.commons.math3.distribution.DiscreteRealDistributionTest:testIssue942:()V#210#8 prob_bp = 1.00000000000000000000
org.apache.commons.math3.distribution.DiscreteRealDistributionTest:testIssue942:()V#210#9 prob_bp = 1.00000000000000000000
org.apache.commons.math3.distribution.DiscreteRealDistributionTest:testIssue942:()V#210#12 prob_bp = 1.00000000000000000000
org.apache.commons.math3.distribution.DiscreteRealDistributionTest:testIssue942:()V#210#21 prob_bp = 1.00000000000000000000
org.apache.commons.math3.distribution.DiscreteRealDistributionTest:testIssue942:()V#210#29 prob_bp = 1.00000000000000000000
org.apache.commons.math3.distribution.DiscreteRealDistributionTest:testIssue942:()V#210#32 prob_bp = 1.00000000000000000000
org.apache.commons.math3.distribution.DiscreteRealDistributionTest:testIssue942:()V#211#38 prob_bp = 1.00000000000000000000
org.apache.commons.math3.distribution.DiscreteRealDistributionTest:testIssue942:()V#211#39 prob_bp = 1.00000000000000000000
org.apache.commons.math3.distribution.DiscreteRealDistributionTest:testIssue942:()V#211#42 prob_bp = 1.00000000000000000000
org.apache.commons.math3.distribution.DiscreteRealDistributionTest:testIssue942:()V#211#51 prob_bp = 1.00000000000000000000
org.apache.commons.math3.distribution.DiscreteRealDistributionTest:testIssue942:()V#211#59 prob_bp = 1.00000000000000000000
org.apache.commons.math3.distribution.DiscreteRealDistributionTest:testIssue942:()V#211#62 prob_bp = 1.00000000000000000000
org.apache.commons.math3.distribution.DiscreteRealDistributionTest:testIssue942:()V#212#69 prob_bp = 1.00000000000000000000
org.apache.commons.math3.distribution.DiscreteRealDistributionTest:testIssue942:()V#212#72 prob_bp = 1.00000000000000000000
org.apache.commons.math3.distribution.DiscreteRealDistributionTest:testIssue942:()V#212#73 prob_bp = 1.00000000000000000000
org.apache.commons.math3.distribution.DiscreteRealDistributionTest:testIssue942:()V#212#74 prob_bp = 1.00000000000000000000
org.apache.commons.math3.distribution.DiscreteRealDistributionTest:testIssue942:()V#212#77 prob_bp = 1.00000000000000000000
org.apache.commons.math3.distribution.DiscreteRealDistributionTest:testIssue942:()V#212#78 prob_bp = 1.00000000000000000000
Belief propagation time : 409.615000s
