Belief propagation time: 31

Probabilities: 
Vars:17920
Stmts:1197
org.apache.commons.lang.text.ExtendedMessageFormat:appendQuotedString:(Ljava/lang/String;Ljava/text/ParsePosition;Ljava/lang/StringBuffer;Z)Ljava/lang/StringBuffer;#422#27 prob_bp = 0.49873793118247820000
org.apache.commons.lang.text.ExtendedMessageFormat:applyPattern:(Ljava/lang/String;)V#158#123 prob_bp = 0.49999189628536170000
org.apache.commons.lang.text.ExtendedMessageFormat:applyPattern:(Ljava/lang/String;)V#156#89 prob_bp = 0.49999831714070080000
org.apache.commons.lang.text.ExtendedMessageFormat:appendQuotedString:(Ljava/lang/String;Ljava/text/ParsePosition;Ljava/lang/StringBuffer;Z)Ljava/lang/StringBuffer;#421#24 prob_bp = 0.49999918483497010000
org.apache.commons.lang.text.ExtendedMessageFormat:appendQuotedString:(Ljava/lang/String;Ljava/text/ParsePosition;Ljava/lang/StringBuffer;Z)Ljava/lang/StringBuffer;#421#22 prob_bp = 0.49999921649000590000
org.apache.commons.lang.text.ExtendedMessageFormat:applyPattern:(Ljava/lang/String;)V#158#120 prob_bp = 0.49999964429479980000
org.apache.commons.lang.text.ExtendedMessageFormat:applyPattern:(Ljava/lang/String;)V#150#48 prob_bp = 0.49999969210957220000
org.apache.commons.lang.text.ExtendedMessageFormat:applyPattern:(Ljava/lang/String;)V#150#37 prob_bp = 0.49999970400615923000
org.apache.commons.lang.text.ExtendedMessageFormat:applyPattern:(Ljava/lang/String;)V#156#88 prob_bp = 0.49999999452340440000
org.apache.commons.lang.text.ExtendedMessageFormat:appendQuotedString:(Ljava/lang/String;Ljava/text/ParsePosition;Ljava/lang/StringBuffer;Z)Ljava/lang/StringBuffer;#421#21 prob_bp = 0.49999999686435400000
org.apache.commons.lang.text.ExtendedMessageFormat:applyPattern:(Ljava/lang/String;)V#156#81 prob_bp = 0.49999999870441886000
org.apache.commons.lang.text.ExtendedMessageFormat:appendQuotedString:(Ljava/lang/String;Ljava/text/ParsePosition;Ljava/lang/StringBuffer;Z)Ljava/lang/StringBuffer;#421#19 prob_bp = 0.49999999937479440000
org.apache.commons.lang.text.ExtendedMessageFormat:appendQuotedString:(Ljava/lang/String;Ljava/text/ParsePosition;Ljava/lang/StringBuffer;Z)Ljava/lang/StringBuffer;#421#17 prob_bp = 0.49999999937479450000
org.apache.commons.lang.text.ExtendedMessageFormat:applyPattern:(Ljava/lang/String;)V#153#64 prob_bp = 0.49999999973924236000
org.apache.commons.lang.text.ExtendedMessageFormat:<init>:(Ljava/lang/String;Ljava/util/Map;)V#112#6 prob_bp = 0.49999999978418410000
org.apache.commons.lang.text.ExtendedMessageFormat:<init>:(Ljava/lang/String;Ljava/util/Map;)V#112#0 prob_bp = 0.49999999985202703000
org.apache.commons.lang.text.ExtendedMessageFormat:appendQuotedString:(Ljava/lang/String;Ljava/text/ParsePosition;Ljava/lang/StringBuffer;Z)Ljava/lang/StringBuffer;#421#14 prob_bp = 0.49999999989946110000
org.apache.commons.lang.text.ExtendedMessageFormat:<init>:(Ljava/lang/String;Ljava/util/Map;)V#112#5 prob_bp = 0.49999999993895256000
org.apache.commons.lang.text.ExtendedMessageFormat:applyPattern:(Ljava/lang/String;)V#155#78 prob_bp = 0.49999999995712324000
org.apache.commons.lang.text.ExtendedMessageFormat:applyPattern:(Ljava/lang/String;)V#156#85 prob_bp = 0.49999999996148903000
org.apache.commons.lang.text.ExtendedMessageFormat:applyPattern:(Ljava/lang/String;)V#156#83 prob_bp = 0.49999999997504300000
org.apache.commons.lang.text.ExtendedMessageFormat:applyPattern:(Ljava/lang/String;)V#152#58 prob_bp = 0.49999999997807876000
org.apache.commons.lang.text.ExtendedMessageFormat:applyPattern:(Ljava/lang/String;)V#152#50 prob_bp = 0.49999999997892575000
org.apache.commons.lang.text.ExtendedMessageFormat:appendQuotedString:(Ljava/lang/String;Ljava/text/ParsePosition;Ljava/lang/StringBuffer;Z)Ljava/lang/StringBuffer;#419#4 prob_bp = 0.49999999999616540000
org.apache.commons.lang.text.ExtendedMessageFormat:appendQuotedString:(Ljava/lang/String;Ljava/text/ParsePosition;Ljava/lang/StringBuffer;Z)Ljava/lang/StringBuffer;#420#10 prob_bp = 0.49999999999616540000
org.apache.commons.lang.text.ExtendedMessageFormat:applyPattern:(Ljava/lang/String;)V#153#61 prob_bp = 0.49999999999671220000
org.apache.commons.lang.text.ExtendedMessageFormat:<init>:(Ljava/lang/String;Ljava/util/Locale;Ljava/util/Map;)V#127#17 prob_bp = 0.49999999999732500000
org.apache.commons.lang.text.ExtendedMessageFormat:<init>:(Ljava/lang/String;Ljava/util/Map;)V#112#1 prob_bp = 0.49999999999747850000
org.apache.commons.lang.text.ExtendedMessageFormat:applyPattern:(Ljava/lang/String;)V#153#60 prob_bp = 0.49999999999782420000
org.apache.commons.lang.text.ExtendedMessageFormat:applyPattern:(Ljava/lang/String;)V#150#42 prob_bp = 0.49999999999860645000
org.apache.commons.lang.text.ExtendedMessageFormat:applyPattern:(Ljava/lang/String;)V#150#41 prob_bp = 0.49999999999907774000
org.apache.commons.lang.text.ExtendedMessageFormat:appendQuotedString:(Ljava/lang/String;Ljava/text/ParsePosition;Ljava/lang/StringBuffer;Z)Ljava/lang/StringBuffer;#421#12 prob_bp = 0.49999999999937730000
org.apache.commons.lang.text.ExtendedMessageFormat:applyPattern:(Ljava/lang/String;)V#155#71 prob_bp = 0.49999999999943096000
org.apache.commons.lang.text.ExtendedMessageFormat:applyPattern:(Ljava/lang/String;)V#155#69 prob_bp = 0.49999999999963130000
org.apache.commons.lang.text.ExtendedMessageFormat:applyPattern:(Ljava/lang/String;)V#155#75 prob_bp = 0.49999999999968970000
org.apache.commons.lang.text.ExtendedMessageFormat:applyPattern:(Ljava/lang/String;)V#155#74 prob_bp = 0.49999999999979460000
org.apache.commons.lang.text.ExtendedMessageFormat:applyPattern:(Ljava/lang/String;)V#158#122 prob_bp = 0.49999999999999780000
org.apache.commons.lang.text.ExtendedMessageFormat:appendQuotedString:(Ljava/lang/String;Ljava/text/ParsePosition;Ljava/lang/StringBuffer;Z)Ljava/lang/StringBuffer;#419#1 prob_bp = 0.49999999999999980000
org.apache.commons.lang.text.ExtendedMessageFormat:appendQuotedString:(Ljava/lang/String;Ljava/text/ParsePosition;Ljava/lang/StringBuffer;Z)Ljava/lang/StringBuffer;#420#7 prob_bp = 0.49999999999999980000
org.apache.commons.lang.text.ExtendedMessageFormat:next:(Ljava/text/ParsePosition;)Ljava/text/ParsePosition;#403#0 prob_bp = 0.49999999999999994000
org.apache.commons.lang.text.ExtendedMessageFormat:next:(Ljava/text/ParsePosition;)Ljava/text/ParsePosition;#403#6 prob_bp = 0.49999999999999994000
org.apache.commons.lang.text.ExtendedMessageFormat:next:(Ljava/text/ParsePosition;)Ljava/text/ParsePosition;#403#7 prob_bp = 0.49999999999999994000
org.apache.commons.lang.text.ExtendedMessageFormat:appendQuotedString:(Ljava/lang/String;Ljava/text/ParsePosition;Ljava/lang/StringBuffer;Z)Ljava/lang/StringBuffer;#422#38 prob_bp = 0.49999999999999994000
org.apache.commons.lang.text.ExtendedMessageFormat:applyPattern:(Ljava/lang/String;)V#187#338 prob_bp = 0.50000000000000000000
org.apache.commons.lang.text.ExtendedMessageFormat:applyPattern:(Ljava/lang/String;)V#187#340 prob_bp = 0.50000000000000000000
org.apache.commons.lang.text.ExtendedMessageFormat:applyPattern:(Ljava/lang/String;)V#188#351 prob_bp = 0.50000000000000000000
org.apache.commons.lang.text.ExtendedMessageFormat:next:(Ljava/text/ParsePosition;)Ljava/text/ParsePosition;#403#1 prob_bp = 0.50000000000000000000
org.apache.commons.lang.text.ExtendedMessageFormat:applyPattern:(Ljava/lang/String;)V#158#117 prob_bp = 0.50000000000000000000
org.apache.commons.lang.text.ExtendedMessageFormat:applyPattern:(Ljava/lang/String;)V#158#118 prob_bp = 0.50000000000000000000
org.apache.commons.lang.text.ExtendedMessageFormat:appendQuotedString:(Ljava/lang/String;Ljava/text/ParsePosition;Ljava/lang/StringBuffer;Z)Ljava/lang/StringBuffer;#419#0 prob_bp = 0.50000000000000000000
org.apache.commons.lang.text.ExtendedMessageFormat:appendQuotedString:(Ljava/lang/String;Ljava/text/ParsePosition;Ljava/lang/StringBuffer;Z)Ljava/lang/StringBuffer;#420#6 prob_bp = 0.50000000000000000000
org.apache.commons.lang.text.ExtendedMessageFormat:appendQuotedString:(Ljava/lang/String;Ljava/text/ParsePosition;Ljava/lang/StringBuffer;Z)Ljava/lang/StringBuffer;#422#28 prob_bp = 0.50000000000000000000
org.apache.commons.lang.text.ExtendedMessageFormat:appendQuotedString:(Ljava/lang/String;Ljava/text/ParsePosition;Ljava/lang/StringBuffer;Z)Ljava/lang/StringBuffer;#422#35 prob_bp = 0.50000000000000000000
org.apache.commons.lang.text.ExtendedMessageFormat:appendQuotedString:(Ljava/lang/String;Ljava/text/ParsePosition;Ljava/lang/StringBuffer;Z)Ljava/lang/StringBuffer;#422#36 prob_bp = 0.50000000000000000000
org.apache.commons.lang.text.ExtendedMessageFormat:appendQuotedString:(Ljava/lang/String;Ljava/text/ParsePosition;Ljava/lang/StringBuffer;Z)Ljava/lang/StringBuffer;#422#41 prob_bp = 0.50000000000000000000
org.apache.commons.lang.text.ExtendedMessageFormat:applyPattern:(Ljava/lang/String;)V#188#353 prob_bp = 0.50000000000000010000
org.apache.commons.lang.text.ExtendedMessageFormat:next:(Ljava/text/ParsePosition;)Ljava/text/ParsePosition;#403#5 prob_bp = 0.50000000000000010000
org.apache.commons.lang.text.ExtendedMessageFormat:applyPattern:(Ljava/lang/String;)V#187#336 prob_bp = 0.50000000000000020000
org.apache.commons.lang.text.ExtendedMessageFormat:applyPattern:(Ljava/lang/String;)V#187#342 prob_bp = 0.50000000000000020000
org.apache.commons.lang.text.ExtendedMessageFormat:applyPattern:(Ljava/lang/String;)V#187#345 prob_bp = 0.50000000000000020000
org.apache.commons.lang.text.ExtendedMessageFormat:applyPattern:(Ljava/lang/String;)V#187#346 prob_bp = 0.50000000000000040000
org.apache.commons.lang.text.ExtendedMessageFormat:next:(Ljava/text/ParsePosition;)Ljava/text/ParsePosition;#403#2 prob_bp = 0.50000000000000070000
org.apache.commons.lang.text.ExtendedMessageFormat:<init>:(Ljava/lang/String;Ljava/util/Locale;Ljava/util/Map;)V#126#11 prob_bp = 0.50000004951918000000
org.apache.commons.lang.text.ExtendedMessageFormat:<init>:(Ljava/lang/String;Ljava/util/Locale;Ljava/util/Map;)V#126#12 prob_bp = 0.50000009256283320000
org.apache.commons.lang.text.ExtendedMessageFormat:<init>:(Ljava/lang/String;Ljava/util/Locale;Ljava/util/Map;)V#126#13 prob_bp = 0.50000014177670650000
org.apache.commons.lang.text.ExtendedMessageFormat:<init>:(Ljava/lang/String;Ljava/util/Locale;Ljava/util/Map;)V#127#16 prob_bp = 0.50000032328414450000
org.apache.commons.lang.text.ExtendedMessageFormat:<init>:(Ljava/lang/String;Ljava/util/Locale;Ljava/util/Map;)V#127#18 prob_bp = 0.50000092499585660000
org.apache.commons.lang.text.ExtendedMessageFormat:applyPattern:(Ljava/lang/String;)V#143#0 prob_bp = 0.50000332856445180000
org.apache.commons.lang.text.ExtendedMessageFormat:applyPattern:(Ljava/lang/String;)V#143#1 prob_bp = 0.50001292951578150000
org.apache.commons.lang.text.ExtendedMessageFormat:applyPattern:(Ljava/lang/String;)V#143#4 prob_bp = 0.50378689881693640000
org.apache.commons.lang.text.ExtendedMessageFormatTest:<init>:(Ljava/lang/String;)V#68#0 prob_bp = 1.00000000000000000000
org.apache.commons.lang.text.ExtendedMessageFormatTest:<init>:(Ljava/lang/String;)V#68#1 prob_bp = 1.00000000000000000000
org.apache.commons.lang.text.ExtendedMessageFormatTest:<init>:(Ljava/lang/String;)V#68#2 prob_bp = 1.00000000000000000000
org.apache.commons.lang.text.ExtendedMessageFormatTest:setUp:()V#72#0 prob_bp = 1.00000000000000000000
org.apache.commons.lang.text.ExtendedMessageFormatTest:setUp:()V#72#1 prob_bp = 1.00000000000000000000
org.apache.commons.lang.text.ExtendedMessageFormatTest:testEscapedQuote_LANG_477:()V#99#0 prob_bp = 1.00000000000000000000
org.apache.commons.lang.text.ExtendedMessageFormatTest:testEscapedQuote_LANG_477:()V#99#2 prob_bp = 1.00000000000000000000
org.apache.commons.lang.text.ExtendedMessageFormatTest:testEscapedQuote_LANG_477:()V#100#3 prob_bp = 1.00000000000000000000
org.apache.commons.lang.text.ExtendedMessageFormatTest:testEscapedQuote_LANG_477:()V#100#6 prob_bp = 1.00000000000000000000
org.apache.commons.lang.text.ExtendedMessageFormatTest:testEscapedQuote_LANG_477:()V#100#7 prob_bp = 1.00000000000000000000
org.apache.commons.lang.text.ExtendedMessageFormatTest:testEscapedQuote_LANG_477:()V#100#8 prob_bp = 1.00000000000000000000
org.apache.commons.lang.text.ExtendedMessageFormatTest:testEscapedQuote_LANG_477:()V#100#9 prob_bp = 1.00000000000000000000
org.apache.commons.lang.text.ExtendedMessageFormatTest:testEscapedQuote_LANG_477:()V#100#12 prob_bp = 1.00000000000000000000
Belief propagation time : 1.689000s
