Belief propagation time: 100

Probabilities: 
Vars:32162
Stmts:2872
org.apache.commons.lang3.math.NumberUtils:createNumber:(Ljava/lang/String;)Ljava/lang/Number;#474#143 prob_bp = 0.49559164393542743000
org.apache.commons.lang3.math.NumberUtils:createNumber:(Ljava/lang/String;)Ljava/lang/Number;#474#142 prob_bp = 0.49619042416431886000
org.apache.commons.lang3.math.NumberUtils:createNumber:(Ljava/lang/String;)Ljava/lang/Number;#471#134 prob_bp = 0.49999292718608995000
org.apache.commons.lang3.math.NumberUtils:createNumber:(Ljava/lang/String;)Ljava/lang/Number;#471#132 prob_bp = 0.49999320163906870000
org.apache.commons.lang3.math.NumberUtils:createNumber:(Ljava/lang/String;)Ljava/lang/Number;#471#131 prob_bp = 0.49999832860212357000
org.apache.commons.lang3.math.NumberUtils:createNumber:(Ljava/lang/String;)Ljava/lang/Number;#467#119 prob_bp = 0.49999966592745015000
org.apache.commons.lang3.math.NumberUtils:createNumber:(Ljava/lang/String;)Ljava/lang/Number;#468#123 prob_bp = 0.49999998680903773000
org.apache.commons.lang3.math.NumberUtils:createNumber:(Ljava/lang/String;)Ljava/lang/Number;#468#121 prob_bp = 0.49999998731954490000
org.apache.commons.lang3.math.NumberUtils:createNumber:(Ljava/lang/String;)Ljava/lang/Number;#468#120 prob_bp = 0.49999999687683270000
org.apache.commons.lang3.math.NumberUtils:createNumber:(Ljava/lang/String;)Ljava/lang/Number;#467#118 prob_bp = 0.49999999888100916000
org.apache.commons.lang3.math.NumberUtils:createNumber:(Ljava/lang/String;)Ljava/lang/Number;#467#117 prob_bp = 0.49999999972302580000
org.apache.commons.lang3.math.NumberUtils:createNumber:(Ljava/lang/String;)Ljava/lang/Number;#467#114 prob_bp = 0.49999999998007190000
org.apache.commons.lang3.math.NumberUtils:createNumber:(Ljava/lang/String;)Ljava/lang/Number;#467#113 prob_bp = 0.49999999998280200000
org.apache.commons.lang3.math.NumberUtils:createNumber:(Ljava/lang/String;)Ljava/lang/Number;#462#99 prob_bp = 0.49999999999287120000
org.apache.commons.lang3.math.NumberUtils:createNumber:(Ljava/lang/String;)Ljava/lang/Number;#462#98 prob_bp = 0.49999999999994650000
org.apache.commons.lang3.math.NumberUtils:createNumber:(Ljava/lang/String;)Ljava/lang/Number;#462#92 prob_bp = 0.49999999999996420000
org.apache.commons.lang3.math.NumberUtils:createNumber:(Ljava/lang/String;)Ljava/lang/Number;#462#95 prob_bp = 0.49999999999999967000
org.apache.commons.lang3.math.NumberUtils:createNumber:(Ljava/lang/String;)Ljava/lang/Number;#462#93 prob_bp = 0.49999999999999983000
org.apache.commons.lang3.math.NumberUtils:createNumber:(Ljava/lang/String;)Ljava/lang/Number;#460#77 prob_bp = 0.50000000000000000000
org.apache.commons.lang3.math.NumberUtils:createNumber:(Ljava/lang/String;)Ljava/lang/Number;#460#78 prob_bp = 0.50000000000000040000
org.apache.commons.lang3.math.NumberUtils:createNumber:(Ljava/lang/String;)Ljava/lang/Number;#460#80 prob_bp = 0.50000000000000060000
org.apache.commons.lang3.math.NumberUtils:createNumber:(Ljava/lang/String;)Ljava/lang/Number;#460#81 prob_bp = 0.50000000000000880000
org.apache.commons.lang3.math.NumberUtils:createNumber:(Ljava/lang/String;)Ljava/lang/Number;#458#23 prob_bp = 0.50000000000001520000
org.apache.commons.lang3.math.NumberUtils:createNumber:(Ljava/lang/String;)Ljava/lang/Number;#458#25 prob_bp = 0.50000000000001710000
org.apache.commons.lang3.math.NumberUtils:createNumber:(Ljava/lang/String;)Ljava/lang/Number;#458#58 prob_bp = 0.50000000000001720000
org.apache.commons.lang3.math.NumberUtils:createNumber:(Ljava/lang/String;)Ljava/lang/Number;#460#61 prob_bp = 0.50000000000002610000
org.apache.commons.lang3.math.NumberUtils:createNumber:(Ljava/lang/String;)Ljava/lang/Number;#461#84 prob_bp = 0.50000000000003990000
org.apache.commons.lang3.math.NumberUtils:createNumber:(Ljava/lang/String;)Ljava/lang/Number;#460#62 prob_bp = 0.50000000000005380000
org.apache.commons.lang3.math.NumberUtils:createNumber:(Ljava/lang/String;)Ljava/lang/Number;#451#0 prob_bp = 0.50000000000011400000
org.apache.commons.lang3.math.NumberUtils:createNumber:(Ljava/lang/String;)Ljava/lang/Number;#451#1 prob_bp = 0.50000000000011580000
org.apache.commons.lang3.math.NumberUtils:createNumber:(Ljava/lang/String;)Ljava/lang/Number;#461#83 prob_bp = 0.50000000000015920000
org.apache.commons.lang3.math.NumberUtils:createNumber:(Ljava/lang/String;)Ljava/lang/Number;#460#63 prob_bp = 0.50000000000016600000
org.apache.commons.lang3.math.NumberUtils:createNumber:(Ljava/lang/String;)Ljava/lang/Number;#461#86 prob_bp = 0.50000000000016620000
org.apache.commons.lang3.math.NumberUtils:createNumber:(Ljava/lang/String;)Ljava/lang/Number;#454#6 prob_bp = 0.50000000000028020000
org.apache.commons.lang3.math.NumberUtils:createNumber:(Ljava/lang/String;)Ljava/lang/Number;#454#7 prob_bp = 0.50000000000028900000
org.apache.commons.lang3.math.NumberUtils:createNumber:(Ljava/lang/String;)Ljava/lang/Number;#460#64 prob_bp = 0.50000000000058630000
org.apache.commons.lang3.math.NumberUtils:createNumber:(Ljava/lang/String;)Ljava/lang/Number;#460#65 prob_bp = 0.50000000000218330000
org.apache.commons.lang3.math.NumberUtils:createNumber:(Ljava/lang/String;)Ljava/lang/Number;#460#72 prob_bp = 0.50000000000824150000
org.apache.commons.lang3.math.NumberUtils:createNumber:(Ljava/lang/String;)Ljava/lang/Number;#460#67 prob_bp = 0.50000000001756050000
org.apache.commons.lang3.math.NumberUtils:createNumber:(Ljava/lang/String;)Ljava/lang/Number;#460#68 prob_bp = 0.50000000001822560000
org.apache.commons.lang3.math.NumberUtils:createNumber:(Ljava/lang/String;)Ljava/lang/Number;#460#70 prob_bp = 0.50000000002098370000
org.apache.commons.lang3.math.NumberUtils:createNumber:(Ljava/lang/String;)Ljava/lang/Number;#460#74 prob_bp = 0.50000000003127730000
org.apache.commons.lang3.math.NumberUtils:createNumber:(Ljava/lang/String;)Ljava/lang/Number;#461#89 prob_bp = 0.50000000019213160000
org.apache.commons.lang3.math.NumberUtils:createNumber:(Ljava/lang/String;)Ljava/lang/Number;#459#59 prob_bp = 0.50000000502494550000
org.apache.commons.lang3.math.NumberUtils:createNumber:(Ljava/lang/String;)Ljava/lang/Number;#459#60 prob_bp = 0.50000000521548670000
org.apache.commons.lang3.StringUtils:isBlank:(Ljava/lang/CharSequence;)Z#257#10 prob_bp = 0.50000002917614280000
org.apache.commons.lang3.StringUtils:isBlank:(Ljava/lang/CharSequence;)Z#257#11 prob_bp = 0.50000007350994050000
org.apache.commons.lang3.math.NumberUtils:createNumber:(Ljava/lang/String;)Ljava/lang/Number;#461#89#unexe#2 prob_bp = 0.50000007697690800000
org.apache.commons.lang3.StringUtils:isBlank:(Ljava/lang/CharSequence;)Z#260#20 prob_bp = 0.50000024284298580000
org.apache.commons.lang3.math.NumberUtils:createNumber:(Ljava/lang/String;)Ljava/lang/Number;#460#74#unexe#2 prob_bp = 0.50000028613832860000
org.apache.commons.lang3.math.NumberUtils:createNumber:(Ljava/lang/String;)Ljava/lang/Number;#454#10 prob_bp = 0.50000030813436480000
org.apache.commons.lang3.StringUtils:isBlank:(Ljava/lang/CharSequence;)Z#260#19 prob_bp = 0.50000053630324840000
org.apache.commons.lang3.StringUtils:isBlank:(Ljava/lang/CharSequence;)Z#260#21 prob_bp = 0.50000092277477250000
org.apache.commons.lang3.math.NumberUtils:createNumber:(Ljava/lang/String;)Ljava/lang/Number;#466#109 prob_bp = 0.50000103333406190000
org.apache.commons.lang3.StringUtils:isBlank:(Ljava/lang/CharSequence;)Z#261#25 prob_bp = 0.50000114963386840000
org.apache.commons.lang3.StringUtils:isBlank:(Ljava/lang/CharSequence;)Z#260#17 prob_bp = 0.50000135249632630000
org.apache.commons.lang3.StringUtils:isBlank:(Ljava/lang/CharSequence;)Z#260#18 prob_bp = 0.50000140673258770000
org.apache.commons.lang3.StringUtils:isBlank:(Ljava/lang/CharSequence;)Z#261#24 prob_bp = 0.50000157047064210000
org.apache.commons.lang3.StringUtils:isBlank:(Ljava/lang/CharSequence;)Z#261#26 prob_bp = 0.50000182450465490000
org.apache.commons.lang3.math.NumberUtils:createNumber:(Ljava/lang/String;)Ljava/lang/Number;#466#110 prob_bp = 0.50000396709057380000
org.apache.commons.lang3.StringUtils:isBlank:(Ljava/lang/CharSequence;)Z#257#0 prob_bp = 0.50001507273879730000
org.apache.commons.lang3.StringUtils:isBlank:(Ljava/lang/CharSequence;)Z#257#1 prob_bp = 0.50003713022711660000
org.apache.commons.lang3.StringUtils:isBlank:(Ljava/lang/CharSequence;)Z#257#4 prob_bp = 0.50062469205545020000
org.apache.commons.lang3.StringUtils:isBlank:(Ljava/lang/CharSequence;)Z#257#5 prob_bp = 0.50157573610638720000
org.apache.commons.lang3.StringUtils:isBlank:(Ljava/lang/CharSequence;)Z#261#31 prob_bp = 0.50188265961257440000
org.apache.commons.lang3.StringUtils:isBlank:(Ljava/lang/CharSequence;)Z#257#12 prob_bp = 0.50656552873939340000
org.apache.commons.lang3.StringUtils:isBlank:(Ljava/lang/CharSequence;)Z#261#34 prob_bp = 0.50931813008425190000
org.apache.commons.lang3.math.NumberUtils:createInteger:(Ljava/lang/String;)Ljava/lang/Integer;#680#0 prob_bp = 0.60331625112321710000
org.apache.commons.lang3.math.NumberUtils:createInteger:(Ljava/lang/String;)Ljava/lang/Integer;#680#1 prob_bp = 0.60635673005379080000
org.apache.commons.lang3.math.NumberUtils:createInteger:(Ljava/lang/String;)Ljava/lang/Integer;#684#6 prob_bp = 0.95269769704941650000
org.apache.commons.lang3.math.NumberUtils:createInteger:(Ljava/lang/String;)Ljava/lang/Integer;#684#7 prob_bp = 0.96228074167981540000
org.apache.commons.lang3.StringUtils:isBlank:(Ljava/lang/CharSequence;)Z#262#37 prob_bp = 0.99941056083223010000
org.apache.commons.lang3.StringUtils:isBlank:(Ljava/lang/CharSequence;)Z#262#38 prob_bp = 0.99943321948521100000
org.apache.commons.lang3.math.NumberUtilsTest:TestLang747:()V#251#5 prob_bp = 1.00000000000000000000
org.apache.commons.lang3.math.NumberUtilsTest:TestLang747:()V#251#7 prob_bp = 1.00000000000000000000
org.apache.commons.lang3.math.NumberUtilsTest:TestLang747:()V#252#18 prob_bp = 1.00000000000000000000
org.apache.commons.lang3.math.NumberUtilsTest:TestLang747:()V#252#20 prob_bp = 1.00000000000000000000
org.apache.commons.lang3.math.NumberUtilsTest:TestLang747:()V#253#31 prob_bp = 1.00000000000000000000
org.apache.commons.lang3.math.NumberUtilsTest:TestLang747:()V#253#33 prob_bp = 1.00000000000000000000
org.apache.commons.lang3.math.NumberUtilsTest:TestLang747:()V#254#44 prob_bp = 1.00000000000000000000
org.apache.commons.lang3.math.NumberUtilsTest:TestLang747:()V#254#46 prob_bp = 1.00000000000000000000
org.apache.commons.lang3.math.NumberUtilsTest:TestLang747:()V#255#57 prob_bp = 1.00000000000000000000
org.apache.commons.lang3.math.NumberUtilsTest:TestLang747:()V#255#59 prob_bp = 1.00000000000000000000
org.apache.commons.lang3.math.NumberUtilsTest:TestLang747:()V#256#71 prob_bp = 1.00000000000000000000
org.apache.commons.lang3.math.NumberUtilsTest:TestLang747:()V#256#73 prob_bp = 1.00000000000000000000
Belief propagation time : 17.291000s
