Belief propagation time: 15

Probabilities: 
Vars:2099
Stmts:490
org.apache.commons.math.stat.descriptive.moment.Variance:evaluate:([D[DII)D#328#73 prob_bp = 0.49832891794140993000
org.apache.commons.math.stat.descriptive.moment.Variance:evaluate:([D[DII)D#325#71 prob_bp = 0.49958590112185590000
org.apache.commons.math.stat.descriptive.moment.Variance:evaluate:([D[DDII)D#531#174 prob_bp = 0.49989692066115390000
org.apache.commons.math.stat.descriptive.moment.Variance:evaluate:([D[DDII)D#531#172 prob_bp = 0.49997382937460516000
org.apache.commons.math.stat.descriptive.AbstractUnivariateStatistic:test:([DIIZ)Z#180#89 prob_bp = 0.49999265002430960000
org.apache.commons.math.stat.descriptive.moment.Variance:evaluate:([D[DDII)D#506#15#unexe#7 prob_bp = 0.49999284438214620000
org.apache.commons.math.stat.descriptive.moment.Variance:evaluate:([D[DDII)D#507#21#unexe#7 prob_bp = 0.49999757054190810000
org.apache.commons.math.stat.descriptive.AbstractUnivariateStatistic:test:([DIIZ)Z#180#88 prob_bp = 0.49999817785255660000
org.apache.commons.math.stat.descriptive.moment.Variance:evaluate:([D[DDII)D#509#33#unexe#7 prob_bp = 0.49999874242450690000
org.apache.commons.math.stat.descriptive.moment.Variance:evaluate:([D[DDII)D#524#132#unexe#7 prob_bp = 0.49999903299083290000
org.apache.commons.math.stat.descriptive.moment.Variance:evaluate:([D[DDII)D#525#151 prob_bp = 0.49999910508715290000
org.apache.commons.math.stat.descriptive.AbstractUnivariateStatistic:test:([D[DIIZ)Z#286#221 prob_bp = 0.49999954601071010000
org.apache.commons.math.stat.descriptive.AbstractUnivariateStatistic:test:([D[DIIZ)Z#286#217 prob_bp = 0.49999988579010407000
org.apache.commons.math.stat.descriptive.moment.Variance:evaluate:([D[DDII)D#506#15 prob_bp = 0.49999996975330620000
org.apache.commons.math.stat.descriptive.AbstractUnivariateStatistic:test:([D[DII)Z#222#7 prob_bp = 0.49999997017208590000
org.apache.commons.math.stat.descriptive.AbstractUnivariateStatistic:test:([D[DII)Z#222#10 prob_bp = 0.49999998757641040000
org.apache.commons.math.stat.descriptive.AbstractUnivariateStatistic:test:([D[DII)Z#222#4 prob_bp = 0.49999999112494950000
org.apache.commons.math.stat.descriptive.AbstractUnivariateStatistic:test:([D[DIIZ)Z#286#224 prob_bp = 0.49999999198272554000
org.apache.commons.math.stat.descriptive.AbstractUnivariateStatistic:test:([DIIZ)Z#184#100 prob_bp = 0.49999999307195947000
org.apache.commons.math.stat.descriptive.AbstractUnivariateStatistic:test:([DIIZ)Z#184#99 prob_bp = 0.49999999334085170000
org.apache.commons.math.stat.descriptive.moment.Variance:evaluate:([D[DII)D#325#68 prob_bp = 0.49999999386196070000
org.apache.commons.math.stat.descriptive.moment.Variance:evaluate:([D[DII)D#325#66 prob_bp = 0.49999999428217357000
org.apache.commons.math.stat.descriptive.moment.Variance:evaluate:([D[DDII)D#524#132 prob_bp = 0.49999999490315883000
org.apache.commons.math.stat.descriptive.moment.Variance:evaluate:([D[DDII)D#507#21 prob_bp = 0.49999999551404417000
org.apache.commons.math.stat.descriptive.moment.Variance:evaluate:([D[DDII)D#507#20 prob_bp = 0.49999999568751960000
org.apache.commons.math.stat.descriptive.moment.Variance:evaluate:([D[DDII)D#506#12 prob_bp = 0.49999999632830440000
org.apache.commons.math.stat.descriptive.moment.Variance:evaluate:([D[DDII)D#507#18 prob_bp = 0.49999999709197380000
org.apache.commons.math.stat.descriptive.moment.Variance:evaluate:([D[DDII)D#506#10 prob_bp = 0.49999999761735786000
org.apache.commons.math.stat.descriptive.moment.Variance:evaluate:([D[DDII)D#509#33 prob_bp = 0.49999999768725617000
org.apache.commons.math.stat.descriptive.moment.Variance:evaluate:([D[DDII)D#509#32 prob_bp = 0.49999999777685245000
org.apache.commons.math.stat.descriptive.AbstractUnivariateStatistic:test:([D[DIIZ)Z#282#196 prob_bp = 0.49999999807017770000
org.apache.commons.math.stat.descriptive.moment.Variance:evaluate:([D[DDII)D#509#30 prob_bp = 0.49999999850198484000
org.apache.commons.math.stat.descriptive.AbstractUnivariateStatistic:test:([D[DIIZ)Z#282#194 prob_bp = 0.49999999948590784000
org.apache.commons.math.stat.descriptive.moment.Variance:evaluate:([D[DDII)D#524#129 prob_bp = 0.49999999955397145000
org.apache.commons.math.stat.descriptive.moment.Variance:<init>:()V#91#16 prob_bp = 0.49999999958645490000
org.apache.commons.math.stat.descriptive.moment.Variance:<init>:()V#91#14 prob_bp = 0.49999999959362756000
org.apache.commons.math.stat.descriptive.moment.Variance:<init>:()V#91#15 prob_bp = 0.49999999959362756000
org.apache.commons.math.stat.descriptive.AbstractUnivariateStatistic:test:([DIIZ)Z#175#62 prob_bp = 0.49999999969256675000
org.apache.commons.math.stat.descriptive.moment.Variance:evaluate:([D[DDII)D#524#128 prob_bp = 0.49999999971092770000
org.apache.commons.math.stat.descriptive.moment.Variance:evaluate:([D[DII)D#325#60 prob_bp = 0.49999999975537246000
org.apache.commons.math.stat.descriptive.AbstractUnivariateStatistic:test:([D[DIIZ)Z#277#173#unexe#6 prob_bp = 0.49999999975959314000
org.apache.commons.math.stat.descriptive.AbstractUnivariateStatistic:test:([DIIZ)Z#175#61 prob_bp = 0.49999999992364036000
org.apache.commons.math.stat.descriptive.AbstractUnivariateStatistic:test:([D[DIIZ)Z#277#182#unexe#6 prob_bp = 0.49999999994492260000
org.apache.commons.math.stat.descriptive.AbstractUnivariateStatistic:test:([D[DIIZ)Z#278#185 prob_bp = 0.49999999994982125000
org.apache.commons.math.stat.descriptive.AbstractUnivariateStatistic:test:([D[DIIZ)Z#278#186 prob_bp = 0.49999999995043676000
org.apache.commons.math.stat.descriptive.moment.Variance:evaluate:([D[DDII)D#525#150 prob_bp = 0.49999999997163697000
org.apache.commons.math.stat.descriptive.AbstractUnivariateStatistic:test:([DIIZ)Z#175#60 prob_bp = 0.49999999998102207000
org.apache.commons.math.stat.descriptive.AbstractUnivariateStatistic:test:([D[DIIZ)Z#277#182 prob_bp = 0.49999999998127215000
org.apache.commons.math.stat.descriptive.moment.Variance:evaluate:([D[DDII)D#525#145 prob_bp = 0.49999999999598230000
org.apache.commons.math.stat.descriptive.moment.Variance:evaluate:([D[DDII)D#525#149 prob_bp = 0.49999999999777290000
org.apache.commons.math.stat.descriptive.moment.Variance:evaluate:([D[DDII)D#525#148 prob_bp = 0.49999999999785705000
org.apache.commons.math.stat.descriptive.AbstractUnivariateStatistic:test:([D[DIIZ)Z#277#173 prob_bp = 0.49999999999843997000
org.apache.commons.math.stat.descriptive.AbstractUnivariateStatistic:test:([DIIZ)Z#171#39 prob_bp = 0.49999999999865363000
org.apache.commons.math.stat.descriptive.AbstractUnivariateStatistic:test:([DIIZ)Z#175#59 prob_bp = 0.49999999999865413000
org.apache.commons.math.stat.descriptive.AbstractUnivariateStatistic:test:([D[DIIZ)Z#286#215 prob_bp = 0.49999999999881030000
org.apache.commons.math.stat.descriptive.summary.Sum:evaluate:([D[DII)D#160#12 prob_bp = 0.49999999999894410000
org.apache.commons.math.stat.descriptive.moment.Variance:evaluate:([D[DDII)D#525#135 prob_bp = 0.49999999999900324000
org.apache.commons.math.stat.descriptive.AbstractUnivariateStatistic:test:([D[DIIZ)Z#277#171 prob_bp = 0.49999999999906947000
org.apache.commons.math.stat.descriptive.AbstractUnivariateStatistic:test:([D[DIIZ)Z#266#38 prob_bp = 0.49999999999921907000
org.apache.commons.math.stat.descriptive.AbstractUnivariateStatistic:test:([D[DIIZ)Z#266#39 prob_bp = 0.49999999999922250000
org.apache.commons.math.stat.descriptive.moment.Variance:evaluate:([D[DDII)D#525#146 prob_bp = 0.49999999999944744000
org.apache.commons.math.stat.descriptive.summary.Sum:evaluate:([D[DII)D#160#9 prob_bp = 0.49999999999966470000
org.apache.commons.math.stat.descriptive.AbstractUnivariateStatistic:test:([DIIZ)Z#171#38 prob_bp = 0.49999999999966540000
org.apache.commons.math.stat.descriptive.AbstractUnivariateStatistic:test:([D[DIIZ)Z#274#135 prob_bp = 0.49999999999966543000
org.apache.commons.math.stat.descriptive.AbstractUnivariateStatistic:test:([DIIZ)Z#175#57 prob_bp = 0.49999999999966550000
org.apache.commons.math.stat.descriptive.AbstractUnivariateStatistic:test:([DIIZ)Z#175#58 prob_bp = 0.49999999999966560000
org.apache.commons.math.stat.descriptive.moment.Variance:evaluate:([D[DDII)D#513#56#unexe#9 prob_bp = 0.49999999999967504000
org.apache.commons.math.stat.descriptive.moment.Variance:evaluate:([D[DII)D#324#55 prob_bp = 0.49999999999977374000
org.apache.commons.math.stat.descriptive.moment.Mean:evaluate:([D[DII)D#210#37 prob_bp = 0.49999999999980980000
org.apache.commons.math.stat.descriptive.moment.Mean:evaluate:([D[DII)D#210#39 prob_bp = 0.49999999999981815000
org.apache.commons.math.stat.descriptive.moment.Variance:evaluate:([D[DDII)D#520#110#unexe#15 prob_bp = 0.49999999999981980000
org.apache.commons.math.stat.descriptive.AbstractUnivariateStatistic:test:([D[DIIZ)Z#267#50 prob_bp = 0.49999999999990470000
org.apache.commons.math.stat.descriptive.AbstractUnivariateStatistic:test:([D[DII)Z#222#1 prob_bp = 0.49999999999990730000
org.apache.commons.math.stat.descriptive.moment.Variance:evaluate:([D[DII)D#325#61 prob_bp = 0.49999999999995200000
org.apache.commons.math.stat.descriptive.AbstractUnivariateStatistic:test:([D[DIIZ)Z#277#180 prob_bp = 0.49999999999997324000
org.apache.commons.math.stat.descriptive.AbstractUnivariateStatistic:test:([D[DIIZ)Z#267#44 prob_bp = 0.49999999999997340000
org.apache.commons.math.stat.descriptive.moment.Variance:evaluate:([D[DDII)D#506#6 prob_bp = 0.49999999999997340000
org.apache.commons.math.stat.descriptive.AbstractUnivariateStatistic:test:([D[DIIZ)Z#286#216 prob_bp = 0.49999999999997890000
org.apache.commons.math.stat.descriptive.AbstractUnivariateStatistic:test:([D[DIIZ)Z#277#181 prob_bp = 0.49999999999998430000
org.apache.commons.math.stat.descriptive.AbstractUnivariateStatistic:test:([D[DIIZ)Z#267#188 prob_bp = 0.49999999999999090000
org.apache.commons.math.stat.descriptive.AbstractUnivariateStatistic:test:([DIIZ)Z#167#20 prob_bp = 0.49999999999999440000
org.apache.commons.math.stat.descriptive.AbstractUnivariateStatistic:test:([D[DII)Z#222#3 prob_bp = 0.49999999999999833000
org.apache.commons.math.stat.descriptive.AbstractUnivariateStatistic:test:([DIIZ)Z#167#19 prob_bp = 0.49999999999999867000
org.apache.commons.math.stat.descriptive.AbstractUnivariateStatistic:test:([D[DIIZ)Z#271#93 prob_bp = 0.49999999999999880000
org.apache.commons.math.stat.descriptive.moment.Variance:evaluate:([D[DII)D#325#65 prob_bp = 0.49999999999999900000
org.apache.commons.math.stat.descriptive.summary.Sum:evaluate:([DII)D#121#10 prob_bp = 0.49999999999999920000
org.apache.commons.math.stat.descriptive.AbstractUnivariateStatistic:test:([D[DIIZ)Z#267#42 prob_bp = 0.49999999999999940000
org.apache.commons.math.stat.descriptive.AbstractUnivariateStatistic:test:([D[DIIZ)Z#267#49 prob_bp = 0.49999999999999940000
org.apache.commons.math.stat.descriptive.moment.Variance:evaluate:([D[DDII)D#506#8 prob_bp = 0.49999999999999940000
org.apache.commons.math.stat.descriptive.AbstractUnivariateStatistic:test:([D[DIIZ)Z#274#134 prob_bp = 0.49999999999999970000
org.apache.commons.math.stat.descriptive.summary.Sum:evaluate:([DII)D#121#8 prob_bp = 0.49999999999999980000
org.apache.commons.math.stat.descriptive.AbstractUnivariateStatistic:test:([D[DIIZ)Z#262#19 prob_bp = 0.49999999999999983000
org.apache.commons.math.stat.descriptive.AbstractUnivariateStatistic:test:([D[DIIZ)Z#267#46 prob_bp = 0.49999999999999983000
org.apache.commons.math.stat.descriptive.AbstractUnivariateStatistic:test:([D[DIIZ)Z#267#47 prob_bp = 0.49999999999999983000
org.apache.commons.math.stat.descriptive.AbstractUnivariateStatistic:test:([D[DIIZ)Z#277#179 prob_bp = 0.49999999999999983000
org.apache.commons.math.stat.descriptive.summary.Sum:evaluate:([D[DII)D#160#6 prob_bp = 0.49999999999999983000
org.apache.commons.math.stat.descriptive.AbstractUnivariateStatistic:test:([D[DIIZ)Z#267#41 prob_bp = 0.49999999999999990000
org.apache.commons.math.stat.descriptive.AbstractUnivariateStatistic:test:([D[DIIZ)Z#274#133 prob_bp = 0.49999999999999990000
org.apache.commons.math.stat.descriptive.AbstractUnivariateStatistic:test:([D[DIIZ)Z#277#176 prob_bp = 0.49999999999999990000
org.apache.commons.math.stat.descriptive.moment.Variance:evaluate:([D[DDII)D#525#144 prob_bp = 0.49999999999999990000
org.apache.commons.math.stat.descriptive.AbstractUnivariateStatistic:test:([D[DIIZ)Z#262#21 prob_bp = 0.49999999999999994000
org.apache.commons.math.stat.descriptive.AbstractUnivariateStatistic:test:([D[DIIZ)Z#268#57 prob_bp = 0.49999999999999994000
org.apache.commons.math.stat.descriptive.AbstractUnivariateStatistic:test:([D[DIIZ)Z#271#86 prob_bp = 0.49999999999999994000
org.apache.commons.math.stat.descriptive.moment.Mean:evaluate:([D[DII)D#209#27 prob_bp = 0.49999999999999994000
org.apache.commons.math.stat.descriptive.summary.Sum:evaluate:([DII)D#123#26 prob_bp = 0.49999999999999994000
org.apache.commons.math.stat.descriptive.summary.Sum:evaluate:([DII)D#123#27 prob_bp = 0.49999999999999994000
org.apache.commons.math.stat.descriptive.summary.Sum:evaluate:([DII)D#127#47 prob_bp = 0.49999999999999994000
org.apache.commons.math.stat.descriptive.summary.Sum:evaluate:([D[DII)D#160#7 prob_bp = 0.49999999999999994000
org.apache.commons.math.stat.descriptive.summary.Sum:evaluate:([D[DII)D#160#8 prob_bp = 0.49999999999999994000
org.apache.commons.math.stat.descriptive.summary.Sum:evaluate:([D[DII)D#162#24 prob_bp = 0.49999999999999994000
org.apache.commons.math.stat.descriptive.summary.Sum:evaluate:([D[DII)D#162#30 prob_bp = 0.49999999999999994000
org.apache.commons.math.stat.descriptive.moment.Mean:evaluate:([D[DII)D#214#59 prob_bp = 0.49999999999999994000
org.apache.commons.math.stat.descriptive.moment.Mean:evaluate:([D[DII)D#215#62 prob_bp = 0.49999999999999994000
org.apache.commons.math.stat.descriptive.moment.Mean:evaluate:([D[DII)D#215#74 prob_bp = 0.49999999999999994000
org.apache.commons.math.stat.descriptive.moment.Mean:evaluate:([D[DII)D#215#75 prob_bp = 0.49999999999999994000
org.apache.commons.math.stat.descriptive.moment.Mean:evaluate:([D[DII)D#217#92 prob_bp = 0.49999999999999994000
org.apache.commons.math.stat.descriptive.moment.Variance:evaluate:([D[D)D#370#5 prob_bp = 0.50000000000000000000
org.apache.commons.math.stat.descriptive.moment.Variance:evaluate:([D[DII)D#318#6 prob_bp = 0.50000000000000000000
org.apache.commons.math.stat.descriptive.moment.Variance:evaluate:([D[DII)D#318#7 prob_bp = 0.50000000000000000000
org.apache.commons.math.stat.descriptive.moment.Variance:evaluate:([D[DII)D#318#8 prob_bp = 0.50000000000000000000
org.apache.commons.math.stat.descriptive.AbstractUnivariateStatistic:test:([D[DII)Z#222#2 prob_bp = 0.50000000000000000000
org.apache.commons.math.stat.descriptive.AbstractUnivariateStatistic:test:([D[DIIZ)Z#258#0 prob_bp = 0.50000000000000000000
org.apache.commons.math.stat.descriptive.AbstractUnivariateStatistic:test:([D[DIIZ)Z#258#1 prob_bp = 0.50000000000000000000
org.apache.commons.math.stat.descriptive.AbstractUnivariateStatistic:test:([D[DIIZ)Z#262#20 prob_bp = 0.50000000000000000000
org.apache.commons.math.stat.descriptive.AbstractUnivariateStatistic:test:([D[DIIZ)Z#262#22 prob_bp = 0.50000000000000000000
org.apache.commons.math.stat.descriptive.AbstractUnivariateStatistic:test:([D[DIIZ)Z#268#60 prob_bp = 0.50000000000000000000
org.apache.commons.math.stat.descriptive.AbstractUnivariateStatistic:test:([D[DIIZ)Z#271#90 prob_bp = 0.50000000000000000000
org.apache.commons.math.stat.descriptive.AbstractUnivariateStatistic:test:([D[DIIZ)Z#277#177 prob_bp = 0.50000000000000000000
org.apache.commons.math.stat.descriptive.AbstractUnivariateStatistic:test:([DIIZ)Z#163#1 prob_bp = 0.50000000000000000000
org.apache.commons.math.stat.descriptive.moment.Variance:evaluate:([D[DII)D#318#14 prob_bp = 0.50000000000000000000
org.apache.commons.math.stat.descriptive.moment.Variance:evaluate:([D[DII)D#320#21 prob_bp = 0.50000000000000000000
org.apache.commons.math.stat.descriptive.moment.Variance:evaluate:([D[DII)D#320#23 prob_bp = 0.50000000000000000000
org.apache.commons.math.stat.descriptive.moment.Variance:evaluate:([D[DII)D#320#24 prob_bp = 0.50000000000000000000
org.apache.commons.math.stat.descriptive.moment.Variance:evaluate:([D[DII)D#322#33 prob_bp = 0.50000000000000000000
org.apache.commons.math.stat.descriptive.moment.Variance:evaluate:([D[DII)D#322#35 prob_bp = 0.50000000000000000000
org.apache.commons.math.stat.descriptive.moment.Variance:evaluate:([D[DII)D#322#36 prob_bp = 0.50000000000000000000
org.apache.commons.math.stat.descriptive.moment.Variance:evaluate:([D[DII)D#324#51 prob_bp = 0.50000000000000000000
org.apache.commons.math.stat.descriptive.moment.Variance:evaluate:([D[DII)D#324#53 prob_bp = 0.50000000000000000000
org.apache.commons.math.stat.descriptive.moment.Mean:evaluate:([D[DII)D#205#1 prob_bp = 0.50000000000000000000
org.apache.commons.math.stat.descriptive.moment.Mean:evaluate:([D[DII)D#205#2 prob_bp = 0.50000000000000000000
org.apache.commons.math.stat.descriptive.moment.Mean:evaluate:([D[DII)D#205#3 prob_bp = 0.50000000000000000000
org.apache.commons.math.stat.descriptive.moment.Mean:evaluate:([D[DII)D#205#4 prob_bp = 0.50000000000000000000
org.apache.commons.math.stat.descriptive.moment.Mean:evaluate:([D[DII)D#205#6 prob_bp = 0.50000000000000000000
org.apache.commons.math.stat.descriptive.moment.Mean:evaluate:([D[DII)D#205#9 prob_bp = 0.50000000000000000000
org.apache.commons.math.stat.descriptive.moment.Mean:evaluate:([D[DII)D#209#23 prob_bp = 0.50000000000000000000
org.apache.commons.math.stat.descriptive.moment.Mean:evaluate:([D[DII)D#209#24 prob_bp = 0.50000000000000000000
org.apache.commons.math.stat.descriptive.moment.Mean:evaluate:([D[DII)D#209#25 prob_bp = 0.50000000000000000000
org.apache.commons.math.stat.descriptive.summary.Sum:evaluate:([DII)D#121#6 prob_bp = 0.50000000000000000000
org.apache.commons.math.stat.descriptive.summary.Sum:evaluate:([DII)D#121#7 prob_bp = 0.50000000000000000000
org.apache.commons.math.stat.descriptive.summary.Sum:evaluate:([DII)D#121#13 prob_bp = 0.50000000000000000000
org.apache.commons.math.stat.descriptive.summary.Sum:evaluate:([DII)D#122#16 prob_bp = 0.50000000000000000000
org.apache.commons.math.stat.descriptive.summary.Sum:evaluate:([DII)D#122#17 prob_bp = 0.50000000000000000000
org.apache.commons.math.stat.descriptive.summary.Sum:evaluate:([DII)D#123#19 prob_bp = 0.50000000000000000000
org.apache.commons.math.stat.descriptive.summary.Sum:evaluate:([DII)D#123#20 prob_bp = 0.50000000000000000000
org.apache.commons.math.stat.descriptive.summary.Sum:evaluate:([DII)D#123#22 prob_bp = 0.50000000000000000000
org.apache.commons.math.stat.descriptive.summary.Sum:evaluate:([DII)D#123#24 prob_bp = 0.50000000000000000000
org.apache.commons.math.stat.descriptive.summary.Sum:evaluate:([DII)D#123#25 prob_bp = 0.50000000000000000000
org.apache.commons.math.stat.descriptive.summary.Sum:evaluate:([DII)D#124#30 prob_bp = 0.50000000000000000000
org.apache.commons.math.stat.descriptive.summary.Sum:evaluate:([DII)D#124#32 prob_bp = 0.50000000000000000000
org.apache.commons.math.stat.descriptive.summary.Sum:evaluate:([DII)D#124#33 prob_bp = 0.50000000000000000000
org.apache.commons.math.stat.descriptive.summary.Sum:evaluate:([DII)D#124#35 prob_bp = 0.50000000000000000000
org.apache.commons.math.stat.descriptive.summary.Sum:evaluate:([DII)D#124#36 prob_bp = 0.50000000000000000000
org.apache.commons.math.stat.descriptive.summary.Sum:evaluate:([DII)D#124#37 prob_bp = 0.50000000000000000000
org.apache.commons.math.stat.descriptive.summary.Sum:evaluate:([DII)D#123#39 prob_bp = 0.50000000000000000000
org.apache.commons.math.stat.descriptive.summary.Sum:evaluate:([DII)D#123#27#unexe#4 prob_bp = 0.50000000000000000000
org.apache.commons.math.stat.descriptive.summary.Sum:evaluate:([DII)D#121#13#unexe#4 prob_bp = 0.50000000000000000000
org.apache.commons.math.stat.descriptive.summary.Sum:evaluate:([DII)D#127#45 prob_bp = 0.50000000000000000000
org.apache.commons.math.stat.descriptive.moment.Mean:evaluate:([D[DII)D#209#30 prob_bp = 0.50000000000000000000
org.apache.commons.math.stat.descriptive.moment.Mean:evaluate:([D[DII)D#210#34 prob_bp = 0.50000000000000000000
org.apache.commons.math.stat.descriptive.moment.Mean:evaluate:([D[DII)D#210#35 prob_bp = 0.50000000000000000000
org.apache.commons.math.stat.descriptive.moment.Mean:evaluate:([D[DII)D#210#36 prob_bp = 0.50000000000000000000
org.apache.commons.math.stat.descriptive.summary.Sum:evaluate:([D[DII)D#160#15 prob_bp = 0.50000000000000000000
org.apache.commons.math.stat.descriptive.summary.Sum:evaluate:([D[DII)D#161#19 prob_bp = 0.50000000000000000000
org.apache.commons.math.stat.descriptive.summary.Sum:evaluate:([D[DII)D#162#21 prob_bp = 0.50000000000000000000
org.apache.commons.math.stat.descriptive.summary.Sum:evaluate:([D[DII)D#162#22 prob_bp = 0.50000000000000000000
org.apache.commons.math.stat.descriptive.summary.Sum:evaluate:([D[DII)D#162#26 prob_bp = 0.50000000000000000000
org.apache.commons.math.stat.descriptive.summary.Sum:evaluate:([D[DII)D#162#27 prob_bp = 0.50000000000000000000
org.apache.commons.math.stat.descriptive.summary.Sum:evaluate:([D[DII)D#162#29 prob_bp = 0.50000000000000000000
org.apache.commons.math.stat.descriptive.summary.Sum:evaluate:([D[DII)D#163#33 prob_bp = 0.50000000000000000000
org.apache.commons.math.stat.descriptive.summary.Sum:evaluate:([D[DII)D#163#35 prob_bp = 0.50000000000000000000
org.apache.commons.math.stat.descriptive.summary.Sum:evaluate:([D[DII)D#163#39 prob_bp = 0.50000000000000000000
org.apache.commons.math.stat.descriptive.summary.Sum:evaluate:([D[DII)D#163#43 prob_bp = 0.50000000000000000000
org.apache.commons.math.stat.descriptive.summary.Sum:evaluate:([D[DII)D#163#45 prob_bp = 0.50000000000000000000
org.apache.commons.math.stat.descriptive.summary.Sum:evaluate:([D[DII)D#162#30#unexe#5 prob_bp = 0.50000000000000000000
org.apache.commons.math.stat.descriptive.summary.Sum:evaluate:([D[DII)D#160#15#unexe#5 prob_bp = 0.50000000000000000000
org.apache.commons.math.stat.descriptive.summary.Sum:evaluate:([D[DII)D#166#53 prob_bp = 0.50000000000000000000
org.apache.commons.math.stat.descriptive.summary.Sum:evaluate:([D[DII)D#166#55 prob_bp = 0.50000000000000000000
org.apache.commons.math.stat.descriptive.moment.Mean:evaluate:([D[DII)D#210#42 prob_bp = 0.50000000000000000000
org.apache.commons.math.stat.descriptive.moment.Mean:evaluate:([D[DII)D#210#44 prob_bp = 0.50000000000000000000
org.apache.commons.math.stat.descriptive.moment.Mean:evaluate:([D[DII)D#210#45 prob_bp = 0.50000000000000000000
org.apache.commons.math.stat.descriptive.moment.Mean:evaluate:([D[DII)D#213#47 prob_bp = 0.50000000000000000000
org.apache.commons.math.stat.descriptive.moment.Mean:evaluate:([D[DII)D#213#48 prob_bp = 0.50000000000000000000
org.apache.commons.math.stat.descriptive.moment.Mean:evaluate:([D[DII)D#214#50 prob_bp = 0.50000000000000000000
org.apache.commons.math.stat.descriptive.moment.Mean:evaluate:([D[DII)D#214#51 prob_bp = 0.50000000000000000000
org.apache.commons.math.stat.descriptive.moment.Mean:evaluate:([D[DII)D#214#53 prob_bp = 0.50000000000000000000
org.apache.commons.math.stat.descriptive.moment.Mean:evaluate:([D[DII)D#214#55 prob_bp = 0.50000000000000000000
org.apache.commons.math.stat.descriptive.moment.Mean:evaluate:([D[DII)D#214#58 prob_bp = 0.50000000000000000000
org.apache.commons.math.stat.descriptive.moment.Mean:evaluate:([D[DII)D#215#64 prob_bp = 0.50000000000000000000
org.apache.commons.math.stat.descriptive.moment.Mean:evaluate:([D[DII)D#215#65 prob_bp = 0.50000000000000000000
org.apache.commons.math.stat.descriptive.moment.Mean:evaluate:([D[DII)D#215#67 prob_bp = 0.50000000000000000000
org.apache.commons.math.stat.descriptive.moment.Mean:evaluate:([D[DII)D#215#68 prob_bp = 0.50000000000000000000
org.apache.commons.math.stat.descriptive.moment.Mean:evaluate:([D[DII)D#215#69 prob_bp = 0.50000000000000000000
org.apache.commons.math.stat.descriptive.moment.Mean:evaluate:([D[DII)D#215#71 prob_bp = 0.50000000000000000000
org.apache.commons.math.stat.descriptive.moment.Mean:evaluate:([D[DII)D#215#72 prob_bp = 0.50000000000000000000
org.apache.commons.math.stat.descriptive.moment.Mean:evaluate:([D[DII)D#215#76 prob_bp = 0.50000000000000000000
org.apache.commons.math.stat.descriptive.moment.Mean:evaluate:([D[DII)D#215#77 prob_bp = 0.50000000000000000000
org.apache.commons.math.stat.descriptive.moment.Mean:evaluate:([D[DII)D#214#79 prob_bp = 0.50000000000000000000
org.apache.commons.math.stat.descriptive.moment.Mean:evaluate:([D[DII)D#214#59#unexe#10 prob_bp = 0.50000000000000000000
org.apache.commons.math.stat.descriptive.moment.Mean:evaluate:([D[DII)D#217#85 prob_bp = 0.50000000000000000000
org.apache.commons.math.stat.descriptive.moment.Mean:evaluate:([D[DII)D#217#87 prob_bp = 0.50000000000000000000
org.apache.commons.math.stat.descriptive.moment.Mean:evaluate:([D[DII)D#217#91 prob_bp = 0.50000000000000000000
org.apache.commons.math.stat.descriptive.moment.Mean:evaluate:([D[DII)D#217#93 prob_bp = 0.50000000000000000000
org.apache.commons.math.stat.descriptive.moment.Variance:evaluate:([D[DII)D#324#58 prob_bp = 0.50000000000000000000
org.apache.commons.math.stat.descriptive.moment.Variance:evaluate:([D[DII)D#325#62 prob_bp = 0.50000000000000000000
org.apache.commons.math.stat.descriptive.moment.Variance:evaluate:([D[DII)D#325#63 prob_bp = 0.50000000000000000000
org.apache.commons.math.stat.descriptive.moment.Variance:evaluate:([D[DDII)D#506#7 prob_bp = 0.50000000000000000000
org.apache.commons.math.stat.descriptive.moment.Variance:evaluate:([D[DDII)D#510#36 prob_bp = 0.50000000000000000000
org.apache.commons.math.stat.descriptive.moment.Variance:evaluate:([D[DDII)D#510#37 prob_bp = 0.50000000000000000000
org.apache.commons.math.stat.descriptive.moment.Variance:evaluate:([D[DDII)D#512#42 prob_bp = 0.50000000000000000000
org.apache.commons.math.stat.descriptive.moment.Variance:evaluate:([D[DDII)D#512#43 prob_bp = 0.50000000000000000000
org.apache.commons.math.stat.descriptive.moment.Variance:evaluate:([D[DDII)D#513#47 prob_bp = 0.50000000000000000000
org.apache.commons.math.stat.descriptive.moment.Variance:evaluate:([D[DDII)D#513#49 prob_bp = 0.50000000000000000000
org.apache.commons.math.stat.descriptive.moment.Variance:evaluate:([D[DDII)D#513#53 prob_bp = 0.50000000000000000000
org.apache.commons.math.stat.descriptive.moment.Variance:evaluate:([D[DDII)D#513#55 prob_bp = 0.50000000000000000000
org.apache.commons.math.stat.descriptive.moment.Variance:evaluate:([D[DDII)D#514#59 prob_bp = 0.50000000000000000000
org.apache.commons.math.stat.descriptive.moment.Variance:evaluate:([D[DDII)D#514#60 prob_bp = 0.50000000000000000000
org.apache.commons.math.stat.descriptive.moment.Variance:evaluate:([D[DDII)D#514#63 prob_bp = 0.50000000000000000000
org.apache.commons.math.stat.descriptive.moment.Variance:evaluate:([D[DDII)D#514#64 prob_bp = 0.50000000000000000000
org.apache.commons.math.stat.descriptive.moment.Variance:evaluate:([D[DDII)D#514#65 prob_bp = 0.50000000000000000000
org.apache.commons.math.stat.descriptive.moment.Variance:evaluate:([D[DDII)D#515#67 prob_bp = 0.50000000000000000000
org.apache.commons.math.stat.descriptive.moment.Variance:evaluate:([D[DDII)D#515#69 prob_bp = 0.50000000000000000000
org.apache.commons.math.stat.descriptive.moment.Variance:evaluate:([D[DDII)D#515#70 prob_bp = 0.50000000000000000000
org.apache.commons.math.stat.descriptive.moment.Variance:evaluate:([D[DDII)D#515#73 prob_bp = 0.50000000000000000000
org.apache.commons.math.stat.descriptive.moment.Variance:evaluate:([D[DDII)D#515#75 prob_bp = 0.50000000000000000000
org.apache.commons.math.stat.descriptive.moment.Variance:evaluate:([D[DDII)D#515#77 prob_bp = 0.50000000000000000000
org.apache.commons.math.stat.descriptive.moment.Variance:evaluate:([D[DDII)D#515#79 prob_bp = 0.50000000000000000000
org.apache.commons.math.stat.descriptive.moment.Variance:evaluate:([D[DDII)D#515#80 prob_bp = 0.50000000000000000000
org.apache.commons.math.stat.descriptive.moment.Variance:evaluate:([D[DDII)D#516#82 prob_bp = 0.50000000000000000000
org.apache.commons.math.stat.descriptive.moment.Variance:evaluate:([D[DDII)D#516#84 prob_bp = 0.50000000000000000000
org.apache.commons.math.stat.descriptive.moment.Variance:evaluate:([D[DDII)D#516#85 prob_bp = 0.50000000000000000000
org.apache.commons.math.stat.descriptive.moment.Variance:evaluate:([D[DDII)D#516#88 prob_bp = 0.50000000000000000000
org.apache.commons.math.stat.descriptive.moment.Variance:evaluate:([D[DDII)D#516#90 prob_bp = 0.50000000000000000000
org.apache.commons.math.stat.descriptive.moment.Variance:evaluate:([D[DDII)D#516#92 prob_bp = 0.50000000000000000000
org.apache.commons.math.stat.descriptive.moment.Variance:evaluate:([D[DDII)D#513#94 prob_bp = 0.50000000000000000000
org.apache.commons.math.stat.descriptive.moment.Variance:evaluate:([D[DDII)D#513#56#unexe#13 prob_bp = 0.50000000000000000000
org.apache.commons.math.stat.descriptive.moment.Variance:evaluate:([D[DDII)D#519#100 prob_bp = 0.50000000000000000000
org.apache.commons.math.stat.descriptive.moment.Variance:evaluate:([D[DDII)D#519#101 prob_bp = 0.50000000000000000000
org.apache.commons.math.stat.descriptive.moment.Variance:evaluate:([D[DDII)D#520#103 prob_bp = 0.50000000000000000000
org.apache.commons.math.stat.descriptive.moment.Variance:evaluate:([D[DDII)D#520#104 prob_bp = 0.50000000000000000000
org.apache.commons.math.stat.descriptive.moment.Variance:evaluate:([D[DDII)D#520#106 prob_bp = 0.50000000000000000000
org.apache.commons.math.stat.descriptive.moment.Variance:evaluate:([D[DDII)D#520#109 prob_bp = 0.50000000000000000000
org.apache.commons.math.stat.descriptive.moment.Variance:evaluate:([D[DDII)D#521#113 prob_bp = 0.50000000000000000000
org.apache.commons.math.stat.descriptive.moment.Variance:evaluate:([D[DDII)D#521#115 prob_bp = 0.50000000000000000000
org.apache.commons.math.stat.descriptive.moment.Variance:evaluate:([D[DDII)D#521#118 prob_bp = 0.50000000000000000000
org.apache.commons.math.stat.descriptive.moment.Variance:evaluate:([D[DDII)D#521#119 prob_bp = 0.50000000000000000000
org.apache.commons.math.stat.descriptive.moment.Variance:evaluate:([D[DDII)D#521#120 prob_bp = 0.50000000000000000000
org.apache.commons.math.stat.descriptive.moment.Variance:evaluate:([D[DDII)D#525#137 prob_bp = 0.50000000000000000000
org.apache.commons.math.stat.descriptive.moment.Variance:evaluate:([D[DDII)D#525#139 prob_bp = 0.50000000000000000000
org.apache.commons.math.stat.descriptive.moment.Variance:evaluate:([D[DDII)D#525#141 prob_bp = 0.50000000000000000000
org.apache.commons.math.stat.descriptive.moment.Variance:evaluate:([D[DDII)D#525#142 prob_bp = 0.50000000000000000000
org.apache.commons.math.stat.descriptive.moment.Variance:evaluate:([D[DII)D#328#75 prob_bp = 0.50000000000000000000
org.apache.commons.math.stat.descriptive.moment.Variance:evaluate:([D[D)D#370#1 prob_bp = 0.50000000000000010000
org.apache.commons.math.stat.descriptive.moment.Variance:evaluate:([D[D)D#370#2 prob_bp = 0.50000000000000010000
org.apache.commons.math.stat.descriptive.moment.Variance:evaluate:([D[D)D#370#3 prob_bp = 0.50000000000000010000
org.apache.commons.math.stat.descriptive.moment.Variance:evaluate:([D[D)D#370#4 prob_bp = 0.50000000000000010000
org.apache.commons.math.stat.descriptive.moment.Variance:evaluate:([D[D)D#370#6 prob_bp = 0.50000000000000010000
org.apache.commons.math.stat.descriptive.moment.Variance:evaluate:([D[DII)D#318#9 prob_bp = 0.50000000000000010000
org.apache.commons.math.stat.descriptive.moment.Variance:evaluate:([D[DII)D#318#11 prob_bp = 0.50000000000000010000
org.apache.commons.math.stat.descriptive.AbstractUnivariateStatistic:test:([D[DIIZ)Z#262#23 prob_bp = 0.50000000000000010000
org.apache.commons.math.stat.descriptive.AbstractUnivariateStatistic:test:([D[DIIZ)Z#268#53 prob_bp = 0.50000000000000010000
org.apache.commons.math.stat.descriptive.AbstractUnivariateStatistic:test:([D[DIIZ)Z#268#54 prob_bp = 0.50000000000000010000
org.apache.commons.math.stat.descriptive.AbstractUnivariateStatistic:test:([D[DIIZ)Z#271#87 prob_bp = 0.50000000000000010000
org.apache.commons.math.stat.descriptive.AbstractUnivariateStatistic:test:([D[DIIZ)Z#274#129 prob_bp = 0.50000000000000010000
org.apache.commons.math.stat.descriptive.AbstractUnivariateStatistic:test:([D[DIIZ)Z#274#130 prob_bp = 0.50000000000000010000
org.apache.commons.math.stat.descriptive.AbstractUnivariateStatistic:test:([D[DIIZ)Z#274#132 prob_bp = 0.50000000000000010000
org.apache.commons.math.stat.descriptive.moment.Variance:evaluate:([D[DII)D#324#50 prob_bp = 0.50000000000000010000
org.apache.commons.math.stat.descriptive.moment.Variance:evaluate:([D[DII)D#324#52 prob_bp = 0.50000000000000010000
org.apache.commons.math.stat.descriptive.summary.Sum:evaluate:([D[DII)D#161#18 prob_bp = 0.50000000000000010000
org.apache.commons.math.stat.descriptive.summary.Sum:evaluate:([D[DII)D#163#36 prob_bp = 0.50000000000000010000
org.apache.commons.math.stat.descriptive.summary.Sum:evaluate:([D[DII)D#163#40 prob_bp = 0.50000000000000010000
org.apache.commons.math.stat.descriptive.summary.Sum:evaluate:([D[DII)D#162#47 prob_bp = 0.50000000000000010000
org.apache.commons.math.stat.descriptive.moment.Mean:evaluate:([D[DII)D#214#56 prob_bp = 0.50000000000000010000
org.apache.commons.math.stat.descriptive.moment.Mean:evaluate:([D[DII)D#217#89 prob_bp = 0.50000000000000010000
org.apache.commons.math.stat.descriptive.moment.Variance:evaluate:([D[DDII)D#513#45 prob_bp = 0.50000000000000010000
org.apache.commons.math.stat.descriptive.moment.Variance:evaluate:([D[DDII)D#513#51 prob_bp = 0.50000000000000010000
org.apache.commons.math.stat.descriptive.moment.Variance:evaluate:([D[DDII)D#513#56 prob_bp = 0.50000000000000010000
org.apache.commons.math.stat.descriptive.moment.Variance:evaluate:([D[DDII)D#515#72 prob_bp = 0.50000000000000010000
org.apache.commons.math.stat.descriptive.moment.Variance:evaluate:([D[DDII)D#515#78 prob_bp = 0.50000000000000010000
org.apache.commons.math.stat.descriptive.moment.Variance:evaluate:([D[DDII)D#516#87 prob_bp = 0.50000000000000010000
org.apache.commons.math.stat.descriptive.moment.Variance:evaluate:([D[DDII)D#516#91 prob_bp = 0.50000000000000010000
org.apache.commons.math.stat.descriptive.moment.Variance:evaluate:([D[DDII)D#520#108 prob_bp = 0.50000000000000010000
org.apache.commons.math.stat.descriptive.moment.Variance:evaluate:([D[DDII)D#520#110 prob_bp = 0.50000000000000010000
org.apache.commons.math.stat.descriptive.moment.Variance:evaluate:([D[DDII)D#521#116 prob_bp = 0.50000000000000010000
org.apache.commons.math.stat.descriptive.moment.Variance:evaluate:([D[DDII)D#520#122 prob_bp = 0.50000000000000010000
org.apache.commons.math.stat.descriptive.AbstractUnivariateStatistic:test:([D[DIIZ)Z#271#89 prob_bp = 0.50000000000000020000
org.apache.commons.math.stat.descriptive.AbstractUnivariateStatistic:test:([DIIZ)Z#163#0 prob_bp = 0.50000000000000020000
org.apache.commons.math.stat.descriptive.summary.Sum:evaluate:([D[DII)D#163#38 prob_bp = 0.50000000000000020000
org.apache.commons.math.stat.descriptive.summary.Sum:evaluate:([D[DII)D#163#42 prob_bp = 0.50000000000000020000
org.apache.commons.math.stat.descriptive.summary.Sum:evaluate:([D[DII)D#163#44 prob_bp = 0.50000000000000020000
org.apache.commons.math.stat.descriptive.moment.Variance:evaluate:([D[DDII)D#514#62 prob_bp = 0.50000000000000020000
org.apache.commons.math.stat.descriptive.AbstractUnivariateStatistic:test:([D[DIIZ)Z#268#56 prob_bp = 0.50000000000000030000
org.apache.commons.math.stat.descriptive.moment.VarianceTest:getUnivariateStatistic:()Lorg/apache/commons/math/stat/descriptive/UnivariateStatistic;#39#0 prob_bp = 1.00000000000000000000
org.apache.commons.math.stat.descriptive.moment.VarianceTest:getUnivariateStatistic:()Lorg/apache/commons/math/stat/descriptive/UnivariateStatistic;#39#3 prob_bp = 1.00000000000000000000
org.apache.commons.math.stat.descriptive.moment.VarianceTest:getUnivariateStatistic:()Lorg/apache/commons/math/stat/descriptive/UnivariateStatistic;#39#4 prob_bp = 1.00000000000000000000
Belief propagation time : 0.370000s
