Belief propagation time: 29

Probabilities: 
Vars:14770
Stmts:4219
org.jfree.data.DefaultKeyedValues:setValue:(Ljava/lang/Comparable;Ljava/lang/Number;)V#234#29 prob_bp = 0.49656162592771264000
org.jfree.data.DefaultKeyedValues:setValue:(Ljava/lang/Comparable;Ljava/lang/Number;)V#234#24 prob_bp = 0.49668055729531810000
org.jfree.data.DefaultKeyedValues:setValue:(Ljava/lang/Comparable;Ljava/lang/Number;)V#234#28 prob_bp = 0.49672856997872117000
org.jfree.data.DefaultKeyedValues2D:setValue:(Ljava/lang/Number;Ljava/lang/Comparable;Ljava/lang/Comparable;)V#337#109 prob_bp = 0.49824284402705393000
org.jfree.data.DefaultKeyedValues:setValue:(Ljava/lang/Comparable;Ljava/lang/Number;)V#232#19 prob_bp = 0.49922605106746215000
org.jfree.data.DefaultKeyedValues:getIndex:(Ljava/lang/Comparable;)I#157#36 prob_bp = 0.49952909022367087000
org.jfree.data.DefaultKeyedValues2D:setValue:(Ljava/lang/Number;Ljava/lang/Comparable;Ljava/lang/Comparable;)V#337#107 prob_bp = 0.49968038534724140000
org.jfree.data.DefaultKeyedValues:removeValue:(Ljava/lang/Comparable;)V#334#7 prob_bp = 0.49973309198088134000
org.jfree.data.DefaultKeyedValues2D:setValue:(Ljava/lang/Number;Ljava/lang/Comparable;Ljava/lang/Comparable;)V#337#105 prob_bp = 0.49979801196360546000
org.jfree.data.DefaultKeyedValues2D:addValue:(Ljava/lang/Number;Ljava/lang/Comparable;Ljava/lang/Comparable;)V#303#4 prob_bp = 0.49983284928322050000
org.jfree.data.DefaultKeyedValues2D:addValue:(Ljava/lang/Number;Ljava/lang/Comparable;Ljava/lang/Comparable;)V#303#3 prob_bp = 0.49987068352796140000
org.jfree.data.DefaultKeyedValues:removeValue:(Ljava/lang/Comparable;)V#334#6 prob_bp = 0.49989091075813785000
org.jfree.data.DefaultKeyedValues:removeValue:(Ljava/lang/Comparable;)V#333#5 prob_bp = 0.49993006882536206000
org.jfree.data.DefaultKeyedValues:getIndex:(Ljava/lang/Comparable;)I#155#31 prob_bp = 0.49993987200015344000
org.jfree.data.DefaultKeyedValues:getIndex:(Ljava/lang/Comparable;)I#155#30 prob_bp = 0.49994220167705700000
org.jfree.data.DefaultKeyedValues2D:setValue:(Ljava/lang/Number;Ljava/lang/Comparable;Ljava/lang/Comparable;)V#322#9#unexe#4 prob_bp = 0.49995042668313744000
org.jfree.data.DefaultKeyedValues:setValue:(Ljava/lang/Comparable;Ljava/lang/Number;)V#233#21 prob_bp = 0.49996869682434120000
org.jfree.data.DefaultKeyedValues2D:setValue:(Ljava/lang/Number;Ljava/lang/Comparable;Ljava/lang/Comparable;)V#323#26 prob_bp = 0.49998826461970070000
org.jfree.data.DefaultKeyedValues:setValue:(Ljava/lang/Comparable;Ljava/lang/Number;)V#233#20 prob_bp = 0.49999383807998600000
org.jfree.data.DefaultKeyedValues2D:getRowIndex:(Ljava/lang/Comparable;)I#185#18 prob_bp = 0.49999427033886750000
org.jfree.data.DefaultKeyedValues2D:setValue:(Ljava/lang/Number;Ljava/lang/Comparable;Ljava/lang/Comparable;)V#323#23 prob_bp = 0.49999765947753433000
org.jfree.data.category.DefaultCategoryDataset:addValue:(Ljava/lang/Number;Ljava/lang/Comparable;Ljava/lang/Comparable;)V#218#7 prob_bp = 0.49999800746189615000
org.jfree.data.DefaultKeyedValues:getIndex:(Ljava/lang/Comparable;)I#157#33 prob_bp = 0.49999811112319980000
org.jfree.data.category.DefaultCategoryDataset:addValue:(Ljava/lang/Number;Ljava/lang/Comparable;Ljava/lang/Comparable;)V#218#6 prob_bp = 0.49999917287356630000
org.jfree.data.category.DefaultCategoryDataset:addValue:(DLjava/lang/Comparable;Ljava/lang/Comparable;)V#233#10 prob_bp = 0.49999953304519457000
org.jfree.data.DefaultKeyedValues:getIndex:(Ljava/lang/Comparable;)I#157#32 prob_bp = 0.49999953603439445000
org.jfree.data.DefaultKeyedValues2D:setValue:(Ljava/lang/Number;Ljava/lang/Comparable;Ljava/lang/Comparable;)V#322#9 prob_bp = 0.49999978992395220000
org.jfree.data.DefaultKeyedValues2D:setValue:(Ljava/lang/Number;Ljava/lang/Comparable;Ljava/lang/Comparable;)V#322#7 prob_bp = 0.49999994858307445000
org.jfree.data.DefaultKeyedValues2D:getRowIndex:(Ljava/lang/Comparable;)I#185#15 prob_bp = 0.49999996895599010000
org.jfree.data.DefaultKeyedValues2D:<init>:()V#95#2 prob_bp = 0.49999997911778770000
org.jfree.data.DefaultKeyedValues2D:getRowIndex:(Ljava/lang/Comparable;)I#182#1 prob_bp = 0.49999998064355056000
org.jfree.data.DefaultKeyedValues2D:setValue:(Ljava/lang/Number;Ljava/lang/Comparable;Ljava/lang/Comparable;)V#320#5 prob_bp = 0.49999998741092650000
org.jfree.data.DefaultKeyedValues2D:<init>:(Z)V#107#39 prob_bp = 0.49999998796297060000
org.jfree.data.DefaultKeyedValues2D:<init>:(Z)V#107#38 prob_bp = 0.49999998883089286000
org.jfree.data.DefaultKeyedValues:<init>:()V#101#34 prob_bp = 0.49999998891695424000
org.jfree.data.DefaultKeyedValues:<init>:()V#101#27 prob_bp = 0.49999998913640850000
org.jfree.data.DefaultKeyedValues:<init>:()V#101#26 prob_bp = 0.49999998913640890000
org.jfree.data.DefaultKeyedValues2D:<init>:(Z)V#107#37 prob_bp = 0.49999998926784700000
org.jfree.data.DefaultKeyedValues2D:<init>:()V#95#1 prob_bp = 0.49999998947317810000
org.jfree.data.DefaultKeyedValues:getIndex:(Ljava/lang/Comparable;)I#153#15 prob_bp = 0.49999998957687900000
org.jfree.data.DefaultKeyedValues:getIndex:(Ljava/lang/Comparable;)I#153#14 prob_bp = 0.49999998999989764000
org.jfree.data.DefaultKeyedValues2D:<init>:()V#95#0 prob_bp = 0.49999999017877633000
org.jfree.data.DefaultKeyedValues2D:getRowIndex:(Ljava/lang/Comparable;)I#185#14 prob_bp = 0.49999999202585390000
org.jfree.data.DefaultKeyedValues2D:setValue:(Ljava/lang/Number;Ljava/lang/Comparable;Ljava/lang/Comparable;)V#323#18 prob_bp = 0.49999999222876540000
org.jfree.data.DefaultKeyedValues2D:getRowIndex:(Ljava/lang/Comparable;)I#182#0 prob_bp = 0.49999999505635406000
org.jfree.data.DefaultKeyedValues2D:setValue:(Ljava/lang/Number;Ljava/lang/Comparable;Ljava/lang/Comparable;)V#320#2 prob_bp = 0.49999999638762244000
org.jfree.data.DefaultKeyedValues2D:getRowIndex:(Ljava/lang/Comparable;)I#189#40 prob_bp = 0.49999999749515570000
org.jfree.data.DefaultKeyedValues2D:setValue:(Ljava/lang/Number;Ljava/lang/Comparable;Ljava/lang/Comparable;)V#323#16 prob_bp = 0.49999999809366580000
org.jfree.data.DefaultKeyedValues:removeValue:(Ljava/lang/Comparable;)V#333#2 prob_bp = 0.49999999841064600000
org.jfree.data.DefaultKeyedValues:removeValue:(Ljava/lang/Comparable;)V#333#1 prob_bp = 0.49999999869396180000
org.jfree.data.category.DefaultCategoryDataset:<init>:()V#74#9 prob_bp = 0.49999999908962720000
org.jfree.data.category.DefaultCategoryDataset:<init>:()V#74#8 prob_bp = 0.49999999912464510000
org.jfree.data.category.DefaultCategoryDataset:<init>:()V#74#5 prob_bp = 0.49999999914197896000
org.jfree.data.DefaultKeyedValues2D:setValue:(Ljava/lang/Number;Ljava/lang/Comparable;Ljava/lang/Comparable;)V#320#0 prob_bp = 0.49999999917656050000
org.jfree.data.DefaultKeyedValues2D:setValue:(Ljava/lang/Number;Ljava/lang/Comparable;Ljava/lang/Comparable;)V#320#1 prob_bp = 0.49999999952088870000
org.jfree.data.DefaultKeyedValues2D:addValue:(Ljava/lang/Number;Ljava/lang/Comparable;Ljava/lang/Comparable;)V#303#0 prob_bp = 0.49999999959957875000
org.jfree.data.DefaultKeyedValues2D:addValue:(Ljava/lang/Number;Ljava/lang/Comparable;Ljava/lang/Comparable;)V#303#2 prob_bp = 0.49999999979599064000
org.jfree.data.DefaultKeyedValues2D:setValue:(Ljava/lang/Number;Ljava/lang/Comparable;Ljava/lang/Comparable;)V#323#13 prob_bp = 0.49999999990380140000
org.jfree.data.DefaultKeyedValues2D:<init>:(Z)V#106#34 prob_bp = 0.49999999993274490000
org.jfree.data.DefaultKeyedValues2D:<init>:(Z)V#106#27 prob_bp = 0.49999999993407670000
org.jfree.data.DefaultKeyedValues2D:<init>:(Z)V#106#26 prob_bp = 0.49999999993998023000
org.jfree.data.DefaultKeyedValues2D:setValue:(Ljava/lang/Number;Ljava/lang/Comparable;Ljava/lang/Comparable;)V#323#12 prob_bp = 0.49999999996402780000
org.jfree.data.DefaultKeyedValues2D:getRowIndex:(Ljava/lang/Comparable;)I#189#35 prob_bp = 0.49999999999162603000
org.jfree.data.DefaultKeyedValues2D:getRowIndex:(Ljava/lang/Comparable;)I#189#34 prob_bp = 0.49999999999787040000
org.jfree.data.DefaultKeyedValues2D:removeColumn:(Ljava/lang/Comparable;)V#458#31 prob_bp = 0.49999999999861683000
org.jfree.data.DefaultKeyedValues2D:removeColumn:(Ljava/lang/Comparable;)V#458#30 prob_bp = 0.49999999999885990000
org.jfree.data.category.DefaultCategoryDataset:addValue:(Ljava/lang/Number;Ljava/lang/Comparable;Ljava/lang/Comparable;)V#218#5 prob_bp = 0.49999999999892675000
org.jfree.data.DefaultKeyedValues:removeValue:(Ljava/lang/Comparable;)V#333#0 prob_bp = 0.49999999999924827000
org.jfree.data.category.DefaultCategoryDataset:addValue:(DLjava/lang/Comparable;Ljava/lang/Comparable;)V#233#9 prob_bp = 0.49999999999939415000
org.jfree.data.DefaultKeyedValues2D:removeColumn:(Ljava/lang/Comparable;)V#456#16 prob_bp = 0.49999999999972130000
org.jfree.data.DefaultKeyedValues2D:getRowIndex:(Ljava/lang/Comparable;)I#189#31 prob_bp = 0.49999999999991246000
org.jfree.data.DefaultKeyedValues2D:<init>:(Z)V#104#12 prob_bp = 0.49999999999993994000
org.jfree.data.DefaultKeyedValues2D:<init>:(Z)V#104#5 prob_bp = 0.49999999999994120000
org.jfree.data.DefaultKeyedValues2D:<init>:(Z)V#104#4 prob_bp = 0.49999999999994680000
org.jfree.data.category.DefaultCategoryDataset:removeColumn:(Ljava/lang/Comparable;)V#350#5 prob_bp = 0.49999999999996500000
org.jfree.data.category.DefaultCategoryDataset:removeColumn:(Ljava/lang/Comparable;)V#350#4 prob_bp = 0.49999999999996970000
org.jfree.data.DefaultKeyedValues2D:getRowIndex:(Ljava/lang/Comparable;)I#189#30 prob_bp = 0.49999999999997770000
org.jfree.data.category.DefaultCategoryDataset:addValue:(Ljava/lang/Number;Ljava/lang/Comparable;Ljava/lang/Comparable;)V#218#1 prob_bp = 0.49999999999999250000
org.jfree.data.category.DefaultCategoryDataset:addValue:(Ljava/lang/Number;Ljava/lang/Comparable;Ljava/lang/Comparable;)V#218#0 prob_bp = 0.49999999999999660000
org.jfree.data.DefaultKeyedValues2D:removeColumn:(Ljava/lang/Comparable;)V#456#11 prob_bp = 0.49999999999999910000
org.jfree.data.DefaultKeyedValues2D:removeColumn:(Ljava/lang/Comparable;)V#455#9 prob_bp = 0.49999999999999980000
org.jfree.data.DefaultKeyedValues2D:removeColumn:(Ljava/lang/Comparable;)V#456#10 prob_bp = 0.49999999999999980000
org.jfree.data.DefaultKeyedValues2D:setValue:(Ljava/lang/Number;Ljava/lang/Comparable;Ljava/lang/Comparable;)V#327#40 prob_bp = 0.49999999999999994000
org.jfree.data.DefaultKeyedValues2D:removeColumn:(Ljava/lang/Comparable;)V#457#25 prob_bp = 0.49999999999999994000
org.jfree.data.DefaultKeyedValues:addValue:(Ljava/lang/Comparable;D)V#197#0 prob_bp = 0.50000000000000000000
org.jfree.data.DefaultKeyedValues:addValue:(Ljava/lang/Comparable;D)V#197#1 prob_bp = 0.50000000000000000000
org.jfree.data.DefaultKeyedValues:addValue:(Ljava/lang/Comparable;D)V#197#10 prob_bp = 0.50000000000000000000
org.jfree.data.DefaultKeyedValues:addValue:(Ljava/lang/Comparable;Ljava/lang/Number;)V#209#0 prob_bp = 0.50000000000000000000
org.jfree.data.DefaultKeyedValues:addValue:(Ljava/lang/Comparable;Ljava/lang/Number;)V#209#1 prob_bp = 0.50000000000000000000
org.jfree.data.DefaultKeyedValues:addValue:(Ljava/lang/Comparable;Ljava/lang/Number;)V#209#3 prob_bp = 0.50000000000000000000
org.jfree.data.DefaultKeyedValues2D:removeColumn:(Ljava/lang/Comparable;)V#455#0 prob_bp = 0.50000000000000000000
org.jfree.data.DefaultKeyedValues2D:removeColumn:(Ljava/lang/Comparable;)V#455#1 prob_bp = 0.50000000000000000000
org.jfree.data.DefaultKeyedValues2D:removeColumn:(Ljava/lang/Comparable;)V#455#4 prob_bp = 0.50000000000000000000
org.jfree.data.DefaultKeyedValues2D:removeColumn:(Ljava/lang/Comparable;)V#457#20 prob_bp = 0.50000000000000000000
org.jfree.data.DefaultKeyedValues2D:removeColumn:(Ljava/lang/Comparable;)V#457#28 prob_bp = 0.50000000000000000000
org.jfree.data.DefaultKeyedValues2D:removeColumn:(Ljava/lang/Comparable;)V#458#29 prob_bp = 0.50000000000000000000
org.jfree.data.DefaultKeyedValues:setValue:(Ljava/lang/Comparable;Ljava/lang/Number;)V#234#25 prob_bp = 0.50000000000000000000
org.jfree.data.DefaultKeyedValues:setValue:(Ljava/lang/Comparable;Ljava/lang/Number;)V#234#30 prob_bp = 0.50000000000000000000
org.jfree.data.category.DefaultCategoryDataset:<init>:()V#74#4 prob_bp = 0.50000000000000000000
org.jfree.data.category.DefaultCategoryDataset:<init>:()V#74#12 prob_bp = 0.50000000000000000000
org.jfree.data.category.DefaultCategoryDataset:removeColumn:(Ljava/lang/Comparable;)V#350#1 prob_bp = 0.50000000000000000000
org.jfree.data.category.DefaultCategoryDataset:removeColumn:(Ljava/lang/Comparable;)V#351#8 prob_bp = 0.50000000000000000000
org.jfree.data.category.DefaultCategoryDataset:removeColumn:(Ljava/lang/Comparable;)V#351#9 prob_bp = 0.50000000000000000000
org.jfree.data.DefaultKeyedValues2D:removeColumn:(Ljava/lang/Comparable;)V#457#19 prob_bp = 0.50000000000000010000
org.jfree.data.category.DefaultCategoryDataset:removeColumn:(Ljava/lang/Comparable;)V#350#0 prob_bp = 0.50000000000000010000
org.jfree.data.DefaultKeyedValues2D:setValue:(Ljava/lang/Number;Ljava/lang/Comparable;Ljava/lang/Comparable;)V#327#41 prob_bp = 0.50000000000000020000
org.jfree.data.DefaultKeyedValues2D:setValue:(Ljava/lang/Number;Ljava/lang/Comparable;Ljava/lang/Comparable;)V#334#94 prob_bp = 0.50000000000000100000
org.jfree.data.DefaultKeyedValues2D:setValue:(Ljava/lang/Number;Ljava/lang/Comparable;Ljava/lang/Comparable;)V#327#44 prob_bp = 0.50000000000000110000
org.jfree.data.DefaultKeyedValues2D:setValue:(Ljava/lang/Number;Ljava/lang/Comparable;Ljava/lang/Comparable;)V#334#93 prob_bp = 0.50000000000000120000
org.jfree.data.DefaultKeyedValues2D:setValue:(Ljava/lang/Number;Ljava/lang/Comparable;Ljava/lang/Comparable;)V#326#34 prob_bp = 0.50000000000001090000
org.jfree.data.DefaultKeyedValues2D:setValue:(Ljava/lang/Number;Ljava/lang/Comparable;Ljava/lang/Comparable;)V#326#35 prob_bp = 0.50000000000001250000
org.jfree.data.DefaultKeyedValues:<init>:()V#98#0 prob_bp = 0.50000000000001980000
org.jfree.data.DefaultKeyedValues:<init>:()V#98#1 prob_bp = 0.50000000000004620000
org.jfree.data.DefaultKeyedValues2D:setValue:(Ljava/lang/Number;Ljava/lang/Comparable;Ljava/lang/Comparable;)V#326#38 prob_bp = 0.50000000000008840000
org.jfree.data.DefaultKeyedValues2D:setValue:(Ljava/lang/Number;Ljava/lang/Comparable;Ljava/lang/Comparable;)V#326#31 prob_bp = 0.50000000000009590000
org.jfree.data.DefaultKeyedValues2D:setValue:(Ljava/lang/Number;Ljava/lang/Comparable;Ljava/lang/Comparable;)V#334#97 prob_bp = 0.50000000000010090000
org.jfree.data.DefaultKeyedValues2D:setValue:(Ljava/lang/Number;Ljava/lang/Comparable;Ljava/lang/Comparable;)V#334#99 prob_bp = 0.50000000000015600000
org.jfree.data.DefaultKeyedValues:setValue:(Ljava/lang/Comparable;Ljava/lang/Number;)V#232#14 prob_bp = 0.50000000002363110000
org.jfree.data.DefaultKeyedValues:setValue:(Ljava/lang/Comparable;Ljava/lang/Number;)V#229#0 prob_bp = 0.50000005682101190000
org.jfree.data.DefaultKeyedValues:getIndex:(Ljava/lang/Comparable;)I#153#18 prob_bp = 0.50000006550441790000
org.jfree.data.DefaultKeyedValues:setValue:(Ljava/lang/Comparable;Ljava/lang/Number;)V#229#1 prob_bp = 0.50000022887458750000
org.jfree.data.DefaultKeyedValues:getIndex:(Ljava/lang/Comparable;)I#153#19 prob_bp = 0.50000040653154150000
org.jfree.data.DefaultKeyedValues:setValue:(Ljava/lang/Comparable;Ljava/lang/Number;)V#232#15 prob_bp = 0.50000080291532560000
org.jfree.data.DefaultKeyedValues:setValue:(Ljava/lang/Comparable;Ljava/lang/Number;)V#232#16 prob_bp = 0.50000323237573120000
org.jfree.data.DefaultKeyedValues:getIndex:(Ljava/lang/Comparable;)I#150#0 prob_bp = 0.50000872029740750000
org.jfree.data.general.AbstractDataset:fireDatasetChanged:()V#170#5 prob_bp = 0.50001241544984650000
org.jfree.data.general.DatasetChangeEvent:<init>:(Ljava/lang/Object;Lorg/jfree/data/general/Dataset;)V#71#1 prob_bp = 0.50002924990730210000
org.jfree.data.category.DefaultCategoryDataset:<init>:()V#73#0 prob_bp = 0.50003887505001630000
org.jfree.data.category.DefaultCategoryDataset:<init>:()V#73#1 prob_bp = 0.50003967196948180000
org.jfree.data.general.AbstractDataset:fireDatasetChanged:()V#170#1 prob_bp = 0.50003969316217430000
org.jfree.data.general.AbstractDataset:fireDatasetChanged:()V#170#4 prob_bp = 0.50004049494457200000
org.jfree.data.general.AbstractDataset:<init>:()V#94#0 prob_bp = 0.50004130694599320000
org.jfree.data.general.AbstractDataset:<init>:()V#94#1 prob_bp = 0.50004471096136790000
org.jfree.data.general.DatasetChangeEvent:<init>:(Ljava/lang/Object;Lorg/jfree/data/general/Dataset;)V#71#0 prob_bp = 0.50004538620500870000
org.jfree.data.DefaultKeyedValues:getIndex:(Ljava/lang/Comparable;)I#150#1 prob_bp = 0.50004711178158200000
org.jfree.data.general.DatasetChangeEvent:<init>:(Ljava/lang/Object;Lorg/jfree/data/general/Dataset;)V#71#2 prob_bp = 0.50005199493414660000
org.jfree.data.general.AbstractDataset:fireDatasetChanged:()V#170#7 prob_bp = 0.50006010148466330000
org.jfree.data.category.DefaultCategoryDataset:addValue:(DLjava/lang/Comparable;Ljava/lang/Comparable;)V#233#0 prob_bp = 0.50011429393727860000
org.jfree.data.category.DefaultCategoryDataset:addValue:(DLjava/lang/Comparable;Ljava/lang/Comparable;)V#233#12 prob_bp = 0.50013414518162980000
org.jfree.data.DefaultKeyedValues:getIndex:(Ljava/lang/Comparable;)I#153#22 prob_bp = 0.50013729384824210000
org.jfree.data.DefaultKeyedValues:getIndex:(Ljava/lang/Comparable;)I#153#25 prob_bp = 0.50068545604784400000
org.jfree.data.category.DefaultCategoryDataset:addValue:(Ljava/lang/Number;Ljava/lang/Comparable;Ljava/lang/Comparable;)V#219#10 prob_bp = 0.50107666658684590000
org.jfree.data.category.DefaultCategoryDataset:addValue:(Ljava/lang/Number;Ljava/lang/Comparable;Ljava/lang/Comparable;)V#219#11 prob_bp = 0.50130757097877040000
org.jfree.data.DefaultKeyedValues:getIndex:(Ljava/lang/Comparable;)I#154#26 prob_bp = 0.50287169178389490000
org.jfree.data.DefaultKeyedValues:getIndex:(Ljava/lang/Comparable;)I#154#27 prob_bp = 0.51144512486485030000
org.jfree.data.junit.DefaultKeyedValuesTests:testGetIndex2:()V#239#0 prob_bp = 1.00000000000000000000
org.jfree.data.junit.DefaultKeyedValuesTests:testGetIndex2:()V#239#3 prob_bp = 1.00000000000000000000
org.jfree.data.junit.DefaultKeyedValuesTests:testGetIndex2:()V#239#4 prob_bp = 1.00000000000000000000
org.jfree.data.junit.DefaultKeyedValuesTests:testGetIndex2:()V#239#7 prob_bp = 1.00000000000000000000
org.jfree.data.junit.DefaultKeyedValuesTests:testGetIndex2:()V#240#9 prob_bp = 1.00000000000000000000
org.jfree.data.junit.DefaultKeyedValuesTests:testGetIndex2:()V#240#10 prob_bp = 1.00000000000000000000
org.jfree.data.junit.DefaultKeyedValuesTests:testGetIndex2:()V#240#12 prob_bp = 1.00000000000000000000
org.jfree.data.junit.DefaultKeyedValuesTests:testGetIndex2:()V#241#18 prob_bp = 1.00000000000000000000
org.jfree.data.junit.DefaultKeyedValuesTests:testGetIndex2:()V#241#19 prob_bp = 1.00000000000000000000
org.jfree.data.junit.DefaultKeyedValuesTests:testGetIndex2:()V#241#22 prob_bp = 1.00000000000000000000
org.jfree.data.junit.DefaultKeyedValuesTests:testGetIndex2:()V#242#26 prob_bp = 1.00000000000000000000
org.jfree.data.junit.DefaultKeyedValuesTests:testGetIndex2:()V#242#27 prob_bp = 1.00000000000000000000
org.jfree.data.junit.DefaultKeyedValuesTests:testGetIndex2:()V#242#29 prob_bp = 1.00000000000000000000
org.jfree.data.junit.DefaultKeyedValuesTests:testGetIndex2:()V#243#35 prob_bp = 1.00000000000000000000
org.jfree.data.junit.DefaultKeyedValuesTests:testGetIndex2:()V#243#36 prob_bp = 1.00000000000000000000
org.jfree.data.junit.DefaultKeyedValuesTests:testGetIndex2:()V#243#38 prob_bp = 1.00000000000000000000
org.jfree.data.junit.DefaultKeyedValuesTests:testGetIndex2:()V#244#41 prob_bp = 1.00000000000000000000
org.jfree.data.junit.DefaultKeyedValuesTests:testGetIndex2:()V#244#42 prob_bp = 1.00000000000000000000
org.jfree.data.junit.DefaultKeyedValuesTests:testGetIndex2:()V#244#43 prob_bp = 1.00000000000000000000
org.jfree.data.junit.DefaultKeyedValuesTests:testGetIndex2:()V#244#45 prob_bp = 1.00000000000000000000
org.jfree.data.junit.DefaultKeyedValuesTests:testGetIndex2:()V#244#48 prob_bp = 1.00000000000000000000
org.jfree.data.junit.DefaultKeyedValuesTests:testRemoveValue:()V#356#0 prob_bp = 1.00000000000000000000
org.jfree.data.junit.DefaultKeyedValuesTests:testRemoveValue:()V#356#3 prob_bp = 1.00000000000000000000
org.jfree.data.junit.DefaultKeyedValuesTests:testRemoveValue:()V#356#4 prob_bp = 1.00000000000000000000
org.jfree.data.junit.DefaultKeyedValuesTests:testRemoveValue:()V#356#7 prob_bp = 1.00000000000000000000
org.jfree.data.junit.DefaultKeyedValuesTests:testRemoveValue:()V#357#8 prob_bp = 1.00000000000000000000
org.jfree.data.junit.DefaultKeyedValuesTests:testRemoveValue:()V#357#9 prob_bp = 1.00000000000000000000
org.jfree.data.junit.DefaultKeyedValuesTests:testRemoveValue:()V#357#19 prob_bp = 1.00000000000000000000
org.jfree.data.junit.DefaultKeyedValuesTests:testRemoveValue:()V#358#22 prob_bp = 1.00000000000000000000
org.jfree.data.junit.DefaultKeyedValuesTests:testRemoveValue:()V#358#23 prob_bp = 1.00000000000000000000
org.jfree.data.junit.DefaultKeyedValuesTests:testRemoveValue:()V#358#26 prob_bp = 1.00000000000000000000
org.jfree.data.junit.DefaultKeyedValuesTests:testRemoveValue:()V#359#29 prob_bp = 1.00000000000000000000
org.jfree.data.junit.DefaultKeyedValuesTests:testRemoveValue:()V#359#30 prob_bp = 1.00000000000000000000
org.jfree.data.junit.DefaultKeyedValuesTests:testRemoveValue:()V#359#42 prob_bp = 1.00000000000000000000
org.jfree.data.junit.DefaultKeyedValuesTests:testRemoveValue:()V#360#45 prob_bp = 1.00000000000000000000
org.jfree.data.junit.DefaultKeyedValuesTests:testRemoveValue:()V#360#46 prob_bp = 1.00000000000000000000
org.jfree.data.junit.DefaultKeyedValuesTests:testRemoveValue:()V#360#58 prob_bp = 1.00000000000000000000
org.jfree.data.junit.DefaultKeyedValuesTests:testRemoveValue:()V#361#62 prob_bp = 1.00000000000000000000
org.jfree.data.junit.DefaultKeyedValuesTests:testRemoveValue:()V#361#63 prob_bp = 1.00000000000000000000
org.jfree.data.junit.DefaultKeyedValuesTests:testRemoveValue:()V#361#65 prob_bp = 1.00000000000000000000
org.jfree.data.junit.DefaultKeyedValuesTests:testRemoveValue:()V#362#71 prob_bp = 1.00000000000000000000
org.jfree.data.junit.DefaultKeyedValuesTests:testRemoveValue:()V#362#72 prob_bp = 1.00000000000000000000
org.jfree.data.junit.DefaultKeyedValuesTests:testRemoveValue:()V#362#74 prob_bp = 1.00000000000000000000
org.jfree.data.junit.DefaultKeyedValuesTests:testRemoveValue:()V#363#78 prob_bp = 1.00000000000000000000
org.jfree.data.junit.DefaultKeyedValuesTests:testRemoveValue:()V#363#79 prob_bp = 1.00000000000000000000
org.jfree.data.junit.DefaultKeyedValuesTests:testRemoveValue:()V#363#81 prob_bp = 1.00000000000000000000
org.jfree.data.junit.DefaultKeyedValuesTests:testRemoveValue:()V#365#87 prob_bp = 1.00000000000000000000
org.jfree.data.junit.DefaultKeyedValuesTests:testRemoveValue:()V#365#88 prob_bp = 1.00000000000000000000
org.jfree.data.junit.DefaultKeyedValuesTests:testRemoveValue:()V#367#89 prob_bp = 1.00000000000000000000
org.jfree.data.junit.DefaultKeyedValuesTests:testRemoveValue:()V#367#90 prob_bp = 1.00000000000000000000
org.jfree.data.junit.DefaultKeyedValuesTests:testRemoveValue:()V#367#92 prob_bp = 1.00000000000000000000
org.jfree.data.junit.DefaultKeyedValuesTests:testRemoveValue:()V#372#101 prob_bp = 1.00000000000000000000
org.jfree.data.junit.DefaultKeyedValuesTests:testRemoveValue:()V#372#102 prob_bp = 1.00000000000000000000
org.jfree.data.junit.DefaultKeyedValues2DTests:testRemoveColumnByKey:()V#350#0 prob_bp = 1.00000000000000000000
org.jfree.data.junit.DefaultKeyedValues2DTests:testRemoveColumnByKey:()V#350#3 prob_bp = 1.00000000000000000000
org.jfree.data.junit.DefaultKeyedValues2DTests:testRemoveColumnByKey:()V#350#4 prob_bp = 1.00000000000000000000
org.jfree.data.junit.DefaultKeyedValues2DTests:testRemoveColumnByKey:()V#350#7 prob_bp = 1.00000000000000000000
org.jfree.data.junit.DefaultKeyedValues2DTests:testRemoveColumnByKey:()V#351#8 prob_bp = 1.00000000000000000000
org.jfree.data.junit.DefaultKeyedValues2DTests:testRemoveColumnByKey:()V#351#17 prob_bp = 1.00000000000000000000
org.jfree.data.junit.DefaultKeyedValues2DTests:testRemoveColumnByKey:()V#351#19 prob_bp = 1.00000000000000000000
org.jfree.data.junit.DefaultKeyedValues2DTests:testRemoveColumnByKey:()V#351#21 prob_bp = 1.00000000000000000000
org.jfree.data.junit.DefaultKeyedValues2DTests:testRemoveColumnByKey:()V#352#24 prob_bp = 1.00000000000000000000
org.jfree.data.junit.DefaultKeyedValues2DTests:testRemoveColumnByKey:()V#352#35 prob_bp = 1.00000000000000000000
org.jfree.data.junit.DefaultKeyedValues2DTests:testRemoveColumnByKey:()V#352#37 prob_bp = 1.00000000000000000000
org.jfree.data.junit.DefaultKeyedValues2DTests:testRemoveColumnByKey:()V#352#39 prob_bp = 1.00000000000000000000
org.jfree.data.junit.DefaultKeyedValues2DTests:testRemoveColumnByKey:()V#353#42 prob_bp = 1.00000000000000000000
org.jfree.data.junit.DefaultKeyedValues2DTests:testRemoveColumnByKey:()V#353#43 prob_bp = 1.00000000000000000000
org.jfree.data.junit.DefaultKeyedValues2DTests:testRemoveColumnByKey:()V#353#45 prob_bp = 1.00000000000000000000
org.jfree.data.junit.DefaultKeyedValues2DTests:testRemoveColumnByKey:()V#354#48 prob_bp = 1.00000000000000000000
org.jfree.data.junit.DefaultKeyedValues2DTests:testRemoveColumnByKey:()V#354#59 prob_bp = 1.00000000000000000000
org.jfree.data.junit.DefaultKeyedValues2DTests:testRemoveColumnByKey:()V#354#61 prob_bp = 1.00000000000000000000
org.jfree.data.junit.DefaultKeyedValues2DTests:testRemoveColumnByKey:()V#354#63 prob_bp = 1.00000000000000000000
org.jfree.data.category.junit.DefaultCategoryDatasetTests:testBug1835955:()V#346#0 prob_bp = 1.00000000000000000000
org.jfree.data.category.junit.DefaultCategoryDatasetTests:testBug1835955:()V#346#3 prob_bp = 1.00000000000000000000
org.jfree.data.category.junit.DefaultCategoryDatasetTests:testBug1835955:()V#346#4 prob_bp = 1.00000000000000000000
org.jfree.data.category.junit.DefaultCategoryDatasetTests:testBug1835955:()V#346#7 prob_bp = 1.00000000000000000000
org.jfree.data.category.junit.DefaultCategoryDatasetTests:testBug1835955:()V#347#8 prob_bp = 1.00000000000000000000
org.jfree.data.category.junit.DefaultCategoryDatasetTests:testBug1835955:()V#347#10 prob_bp = 1.00000000000000000000
org.jfree.data.category.junit.DefaultCategoryDatasetTests:testBug1835955:()V#347#12 prob_bp = 1.00000000000000000000
org.jfree.data.category.junit.DefaultCategoryDatasetTests:testBug1835955:()V#347#14 prob_bp = 1.00000000000000000000
org.jfree.data.category.junit.DefaultCategoryDatasetTests:testBug1835955:()V#348#17 prob_bp = 1.00000000000000000000
org.jfree.data.category.junit.DefaultCategoryDatasetTests:testBug1835955:()V#348#21 prob_bp = 1.00000000000000000000
org.jfree.data.category.junit.DefaultCategoryDatasetTests:testBug1835955:()V#348#23 prob_bp = 1.00000000000000000000
org.jfree.data.category.junit.DefaultCategoryDatasetTests:testBug1835955:()V#348#25 prob_bp = 1.00000000000000000000
org.jfree.data.category.junit.DefaultCategoryDatasetTests:testBug1835955:()V#349#28 prob_bp = 1.00000000000000000000
org.jfree.data.category.junit.DefaultCategoryDatasetTests:testBug1835955:()V#349#29 prob_bp = 1.00000000000000000000
org.jfree.data.category.junit.DefaultCategoryDatasetTests:testBug1835955:()V#349#31 prob_bp = 1.00000000000000000000
org.jfree.data.category.junit.DefaultCategoryDatasetTests:testBug1835955:()V#350#34 prob_bp = 1.00000000000000000000
org.jfree.data.category.junit.DefaultCategoryDatasetTests:testBug1835955:()V#350#38 prob_bp = 1.00000000000000000000
org.jfree.data.category.junit.DefaultCategoryDatasetTests:testBug1835955:()V#350#40 prob_bp = 1.00000000000000000000
org.jfree.data.category.junit.DefaultCategoryDatasetTests:testBug1835955:()V#350#42 prob_bp = 1.00000000000000000000
Belief propagation time : 2.252000s
