Belief propagation time: 100

Probabilities: 
Vars:226743
Stmts:1742
org.apache.commons.lang.StringEscapeUtils:escapeHtml:(Ljava/lang/String;)Ljava/lang/String;#461#33 prob_bp = 0.49996102205550580000
org.apache.commons.lang.StringEscapeUtils:escapeHtml:(Ljava/lang/String;)Ljava/lang/String;#461#30 prob_bp = 0.49999964391370016000
org.apache.commons.lang.StringEscapeUtils:escapeHtml:(Ljava/lang/String;)Ljava/lang/String;#461#29 prob_bp = 0.49999973987400953000
org.apache.commons.lang.StringEscapeUtils:escapeHtml:(Ljava/lang/String;)Ljava/lang/String;#459#23 prob_bp = 0.49999976369269360000
org.apache.commons.lang.StringEscapeUtils:escapeHtml:(Ljava/lang/String;)Ljava/lang/String;#459#6 prob_bp = 0.49999977107744226000
org.apache.commons.lang.StringEscapeUtils:escapeHtml:(Ljava/lang/String;)Ljava/lang/String;#455#1 prob_bp = 0.49999990621088797000
org.apache.commons.lang.StringEscapeUtils:escapeHtml:(Ljava/lang/String;)Ljava/lang/String;#455#0 prob_bp = 0.49999990806703840000
org.apache.commons.lang.Entities:escape:(Ljava/io/Writer;Ljava/lang/String;)V#834#62 prob_bp = 0.49999999969426234000
org.apache.commons.lang.Entities:escape:(Ljava/io/Writer;Ljava/lang/String;)V#834#60 prob_bp = 0.49999999970612596000
org.apache.commons.lang.Entities:escape:(Ljava/io/Writer;Ljava/lang/String;)V#834#59 prob_bp = 0.49999999992139170000
org.apache.commons.lang.StringEscapeUtils:escapeHtml:(Ljava/io/Writer;Ljava/lang/String;)V#504#22 prob_bp = 0.49999999999171290000
org.apache.commons.lang.StringEscapeUtils:escapeHtml:(Ljava/lang/String;)Ljava/lang/String;#460#24 prob_bp = 0.49999999999642986000
org.apache.commons.lang.Entities:escape:(Ljava/io/Writer;Ljava/lang/String;)V#831#39 prob_bp = 0.49999999999942535000
org.apache.commons.lang.Entities:escape:(Ljava/io/Writer;Ljava/lang/String;)V#831#37 prob_bp = 0.49999999999944766000
org.apache.commons.lang.Entities:escape:(Ljava/io/Writer;Ljava/lang/String;)V#831#35 prob_bp = 0.49999999999986394000
org.apache.commons.lang.Entities:escape:(Ljava/io/Writer;Ljava/lang/String;)V#833#56 prob_bp = 0.49999999999998910000
org.apache.commons.lang.Entities:escape:(Ljava/io/Writer;Ljava/lang/String;)V#833#48 prob_bp = 0.49999999999999740000
org.apache.commons.lang.Entities:escape:(Ljava/io/Writer;Ljava/lang/String;)V#833#51 prob_bp = 0.49999999999999933000
org.apache.commons.lang.Entities:escape:(Ljava/io/Writer;Ljava/lang/String;)V#833#53 prob_bp = 0.49999999999999933000
org.apache.commons.lang.Entities:escape:(Ljava/io/Writer;Ljava/lang/String;)V#832#45 prob_bp = 0.49999999999999983000
org.apache.commons.lang.Entities:escape:(Ljava/io/Writer;Ljava/lang/String;)V#833#49 prob_bp = 0.49999999999999983000
org.apache.commons.lang.Entities$LookupEntityMap:name:(I)Ljava/lang/String;#536#20 prob_bp = 0.50000000000000000000
org.apache.commons.lang.Entities:escape:(Ljava/io/Writer;Ljava/lang/String;)V#832#43 prob_bp = 0.50000000000000000000
org.apache.commons.lang.Entities$LookupEntityMap:name:(I)Ljava/lang/String;#536#15 prob_bp = 0.50000000000000010000
org.apache.commons.lang.Entities:escape:(Ljava/io/Writer;Ljava/lang/String;)V#832#42 prob_bp = 0.50000000000000010000
org.apache.commons.lang.IntHashMap:get:(I)Ljava/lang/Object;#245#53 prob_bp = 0.50000000000000170000
org.apache.commons.lang.IntHashMap:get:(I)Ljava/lang/Object;#245#52 prob_bp = 0.50000000000000320000
org.apache.commons.lang.StringEscapeUtils:escapeHtml:(Ljava/lang/String;)Ljava/lang/String;#459#10 prob_bp = 0.50000000000000740000
org.apache.commons.lang.StringEscapeUtils:escapeHtml:(Ljava/lang/String;)Ljava/lang/String;#459#11 prob_bp = 0.50000000000002220000
org.apache.commons.lang.Entities$PrimitiveEntityMap:name:(I)Ljava/lang/String;#457#0 prob_bp = 0.50000000000084590000
org.apache.commons.lang.Entities$PrimitiveEntityMap:name:(I)Ljava/lang/String;#457#1 prob_bp = 0.50000000000286560000
org.apache.commons.lang.StringEscapeUtils:unescapeHtml:(Ljava/io/Writer;Ljava/lang/String;)V#563#23 prob_bp = 0.50000000006193920000
org.apache.commons.lang.StringEscapeUtils:unescapeHtml:(Ljava/lang/String;)Ljava/lang/String;#529#11 prob_bp = 0.50000000009975880000
org.apache.commons.lang.StringEscapeUtils:escapeHtml:(Ljava/lang/String;)Ljava/lang/String;#460#25 prob_bp = 0.50000000010423940000
org.apache.commons.lang.StringEscapeUtils:unescapeHtml:(Ljava/lang/String;)Ljava/lang/String;#529#10 prob_bp = 0.50000000022611040000
org.apache.commons.lang.StringEscapeUtils:escapeHtml:(Ljava/lang/String;)Ljava/lang/String;#460#26 prob_bp = 0.50000000032450390000
org.apache.commons.lang.IntHashMap:get:(I)Ljava/lang/Object;#239#7 prob_bp = 0.50000000036701190000
org.apache.commons.lang.IntHashMap:get:(I)Ljava/lang/Object;#239#8 prob_bp = 0.50000000038235710000
org.apache.commons.lang.IntHashMap:get:(I)Ljava/lang/Object;#239#10 prob_bp = 0.50000000039431600000
org.apache.commons.lang.Entities$LookupEntityMap:name:(I)Ljava/lang/String;#536#16 prob_bp = 0.50000000068789530000
org.apache.commons.lang.IntHashMap:get:(I)Ljava/lang/Object;#237#0 prob_bp = 0.50000000134824780000
org.apache.commons.lang.IntHashMap:get:(I)Ljava/lang/Object;#239#11 prob_bp = 0.50000000242057670000
org.apache.commons.lang.Entities$LookupEntityMap:name:(I)Ljava/lang/String;#536#17 prob_bp = 0.50000000277462510000
org.apache.commons.lang.IntHashMap:get:(I)Ljava/lang/Object;#237#1 prob_bp = 0.50000000453610530000
org.apache.commons.lang.IntHashMap:get:(I)Ljava/lang/Object;#239#12 prob_bp = 0.50000000816344590000
org.apache.commons.lang.IntHashMap:get:(I)Ljava/lang/Object;#240#42 prob_bp = 0.50000001263684730000
org.apache.commons.lang.Entities:escape:(Ljava/io/Writer;Ljava/lang/String;)V#828#14 prob_bp = 0.50000001827884160000
org.apache.commons.lang.IntHashMap:get:(I)Ljava/lang/Object;#239#13 prob_bp = 0.50000002616600410000
org.apache.commons.lang.Entities:escape:(Ljava/io/Writer;Ljava/lang/String;)V#828#20 prob_bp = 0.50000002722047720000
org.apache.commons.lang.StringEscapeUtils:unescapeHtml:(Ljava/io/Writer;Ljava/lang/String;)V#557#0 prob_bp = 0.50000005230372340000
org.apache.commons.lang.IntHashMap:get:(I)Ljava/lang/Object;#240#44 prob_bp = 0.50000005267935920000
org.apache.commons.lang.Entities:escape:(Ljava/io/Writer;Ljava/lang/String;)V#828#15 prob_bp = 0.50000005353302660000
org.apache.commons.lang.StringEscapeUtils:unescapeHtml:(Ljava/io/Writer;Ljava/lang/String;)V#557#1 prob_bp = 0.50000005620424060000
org.apache.commons.lang.Entities:<clinit>:()V#386#4928 prob_bp = 0.50000005758552580000
org.apache.commons.lang.StringEscapeUtils:escapeHtml:(Ljava/io/Writer;Ljava/lang/String;)V#504#19 prob_bp = 0.50000005874877710000
org.apache.commons.lang.Entities:escape:(Ljava/io/Writer;Ljava/lang/String;)V#829#22 prob_bp = 0.50000006646030290000
org.apache.commons.lang.Entities:escape:(Ljava/io/Writer;Ljava/lang/String;)V#828#17 prob_bp = 0.50000007359920710000
org.apache.commons.lang.Entities:escape:(Ljava/io/Writer;Ljava/lang/String;)V#829#23 prob_bp = 0.50000012778036060000
org.apache.commons.lang.IntHashMap:get:(I)Ljava/lang/Object;#240#47 prob_bp = 0.50000021445351860000
org.apache.commons.lang.StringEscapeUtils:unescapeHtml:(Ljava/lang/String;)Ljava/lang/String;#530#25 prob_bp = 0.50000037883210420000
org.apache.commons.lang.StringEscapeUtils:unescapeHtml:(Ljava/io/Writer;Ljava/lang/String;)V#560#14 prob_bp = 0.50000039047645320000
org.apache.commons.lang.StringEscapeUtils:unescapeHtml:(Ljava/io/Writer;Ljava/lang/String;)V#560#15 prob_bp = 0.50000041100325920000
org.apache.commons.lang.Entities:escape:(Ljava/io/Writer;Ljava/lang/String;)V#829#25 prob_bp = 0.50000058619106050000
org.apache.commons.lang.IntHashMap:get:(I)Ljava/lang/Object;#237#4 prob_bp = 0.50000099928859960000
org.apache.commons.lang.IntHashMap:get:(I)Ljava/lang/Object;#240#16 prob_bp = 0.50000411525765910000
org.apache.commons.lang.Entities$LookupEntityMap:name:(I)Ljava/lang/String;#533#1 prob_bp = 0.50000413400910330000
org.apache.commons.lang.StringEscapeUtils:unescapeHtml:(Ljava/lang/String;)Ljava/lang/String;#530#24 prob_bp = 0.50001040041899070000
org.apache.commons.lang.StringEscapeUtils:escapeHtml:(Ljava/io/Writer;Ljava/lang/String;)V#498#0 prob_bp = 0.50001080083974980000
org.apache.commons.lang.StringEscapeUtils:unescapeHtml:(Ljava/lang/String;)Ljava/lang/String;#530#26 prob_bp = 0.50001099504038540000
org.apache.commons.lang.IntHashMap:get:(I)Ljava/lang/Object;#239#14 prob_bp = 0.50001103198133030000
org.apache.commons.lang.IntHashMap:get:(I)Ljava/lang/Object;#240#17 prob_bp = 0.50001172203985890000
org.apache.commons.lang.StringEscapeUtils:unescapeHtml:(Ljava/io/Writer;Ljava/lang/String;)V#563#24 prob_bp = 0.50001265787836290000
org.apache.commons.lang.IntHashMap:get:(I)Ljava/lang/Object;#240#19 prob_bp = 0.50001388542922510000
org.apache.commons.lang.Entities$LookupEntityMap:name:(I)Ljava/lang/String;#533#2 prob_bp = 0.50001441126680310000
org.apache.commons.lang.StringEscapeUtils:escapeHtml:(Ljava/io/Writer;Ljava/lang/String;)V#498#1 prob_bp = 0.50001632731440710000
org.apache.commons.lang.Entities:entityName:(I)Ljava/lang/String;#766#0 prob_bp = 0.50001686701654220000
org.apache.commons.lang.Entities$LookupEntityMap:name:(I)Ljava/lang/String;#533#0 prob_bp = 0.50002881894496460000
org.apache.commons.lang.Entities:entityName:(I)Ljava/lang/String;#766#10 prob_bp = 0.50003723026069990000
org.apache.commons.lang.Entities:entityName:(I)Ljava/lang/String;#766#1 prob_bp = 0.50004720650983160000
org.apache.commons.lang.StringEscapeUtils:escapeHtml:(Ljava/io/Writer;Ljava/lang/String;)V#504#23 prob_bp = 0.50006695104415460000
org.apache.commons.lang.Entities:escape:(Ljava/io/Writer;Ljava/lang/String;)V#829#28 prob_bp = 0.50007831578629270000
org.apache.commons.lang.Entities:unescape:(Ljava/io/Writer;Ljava/lang/String;)V#905#0 prob_bp = 0.50008094861072220000
org.apache.commons.lang.Entities:unescape:(Ljava/io/Writer;Ljava/lang/String;)V#905#1 prob_bp = 0.50008251072991650000
org.apache.commons.lang.Entities:unescape:(Ljava/io/Writer;Ljava/lang/String;)V#905#3 prob_bp = 0.50008418457490700000
org.apache.commons.lang.Entities$LookupEntityMap:name:(I)Ljava/lang/String;#533#5 prob_bp = 0.50010887815342740000
org.apache.commons.lang.StringEscapeUtils:escapeHtml:(Ljava/io/Writer;Ljava/lang/String;)V#504#24 prob_bp = 0.50013877607494460000
org.apache.commons.lang.Entities:escape:(Ljava/io/Writer;Ljava/lang/String;)V#830#30 prob_bp = 0.50015763011745640000
org.apache.commons.lang.Entities:escape:(Ljava/io/Writer;Ljava/lang/String;)V#826#0 prob_bp = 0.50029005038210950000
org.apache.commons.lang.Entities:escape:(Ljava/io/Writer;Ljava/lang/String;)V#830#32 prob_bp = 0.50032128524841750000
org.apache.commons.lang.Entities:entityName:(I)Ljava/lang/String;#766#4 prob_bp = 0.50040664681339610000
org.apache.commons.lang.StringEscapeUtils:escapeHtml:(Ljava/io/Writer;Ljava/lang/String;)V#501#14 prob_bp = 0.50053929734604890000
org.apache.commons.lang.Entities:escape:(Ljava/io/Writer;Ljava/lang/String;)V#826#1 prob_bp = 0.50060921882603190000
org.apache.commons.lang.Entities:unescape:(Ljava/io/Writer;Ljava/lang/String;)V#905#6 prob_bp = 0.50140383759166030000
org.apache.commons.lang.StringEscapeUtils:escapeHtml:(Ljava/io/Writer;Ljava/lang/String;)V#501#15 prob_bp = 0.50168916556436360000
org.apache.commons.lang.Entities$PrimitiveEntityMap:name:(I)Ljava/lang/String;#457#4 prob_bp = 0.50216809764531770000
org.apache.commons.lang.Entities:unescape:(Ljava/io/Writer;Ljava/lang/String;)V#906#7 prob_bp = 0.50422285472256640000
org.apache.commons.lang.Entities:entityName:(I)Ljava/lang/String;#766#5 prob_bp = 0.50451041118258000000
org.apache.commons.lang.Entities$PrimitiveEntityMap:name:(I)Ljava/lang/String;#457#5 prob_bp = 0.50636110273932190000
org.apache.commons.lang.Entities:unescape:(Ljava/io/Writer;Ljava/lang/String;)V#906#8 prob_bp = 0.51048756826096080000
org.apache.commons.lang.IntHashMap:get:(I)Ljava/lang/Object;#240#22 prob_bp = 0.51859912792373230000
org.apache.commons.lang.IntHashMap:get:(I)Ljava/lang/Object;#238#5 prob_bp = 0.51959852127895810000
org.apache.commons.lang.IntHashMap:get:(I)Ljava/lang/Object;#240#24 prob_bp = 0.52009590453995250000
org.apache.commons.lang.IntHashMap:get:(I)Ljava/lang/Object;#240#20 prob_bp = 0.54772302883137740000
org.apache.commons.lang.IntHashMap:get:(I)Ljava/lang/Object;#238#6 prob_bp = 0.56204693406511800000
org.apache.commons.lang.Entities:escape:(Ljava/io/Writer;Ljava/lang/String;)V#826#4 prob_bp = 0.56791460904113610000
org.apache.commons.lang.IntHashMap:get:(I)Ljava/lang/Object;#241#33 prob_bp = 0.66601416822956000000
org.apache.commons.lang.Entities:escape:(Ljava/io/Writer;Ljava/lang/String;)V#827#11 prob_bp = 0.66652962888674800000
org.apache.commons.lang.IntHashMap:get:(I)Ljava/lang/Object;#241#27 prob_bp = 0.70595819482551910000
org.apache.commons.lang.IntHashMap:get:(I)Ljava/lang/Object;#241#32 prob_bp = 0.70637583705164220000
org.apache.commons.lang.Entities$PrimitiveEntityMap:name:(I)Ljava/lang/String;#457#8 prob_bp = 0.71045972156028610000
org.apache.commons.lang.Entities:escape:(Ljava/io/Writer;Ljava/lang/String;)V#827#10 prob_bp = 0.71084659406557270000
org.apache.commons.lang.StringEscapeUtils:unescapeHtml:(Ljava/lang/String;)Ljava/lang/String;#525#0 prob_bp = 0.74099744871311530000
org.apache.commons.lang.StringEscapeUtils:unescapeHtml:(Ljava/lang/String;)Ljava/lang/String;#525#1 prob_bp = 0.74465326874281820000
org.apache.commons.lang.Entities:escape:(Ljava/io/Writer;Ljava/lang/String;)V#827#5 prob_bp = 0.86562685731063180000
org.apache.commons.lang.Entities:escape:(Ljava/io/Writer;Ljava/lang/String;)V#827#6 prob_bp = 0.87438397048079110000
org.apache.commons.lang.Entities:escape:(Ljava/io/Writer;Ljava/lang/String;)V#827#95 prob_bp = 0.98141650091623110000
org.apache.commons.lang.Entities$PrimitiveEntityMap:name:(I)Ljava/lang/String;#457#11 prob_bp = 0.98535696216908750000
org.apache.commons.lang.IntHashMap:get:(I)Ljava/lang/Object;#241#29 prob_bp = 0.98806632417004640000
org.apache.commons.lang.Entities:escape:(Ljava/io/Writer;Ljava/lang/String;)V#827#8 prob_bp = 0.98967438616154100000
org.apache.commons.lang.StringEscapeUtils:unescapeHtml:(Ljava/lang/String;)Ljava/lang/String;#529#6 prob_bp = 0.99999913486634460000
org.apache.commons.lang.StringEscapeUtils:unescapeHtml:(Ljava/lang/String;)Ljava/lang/String;#529#23 prob_bp = 0.99999982093923400000
org.apache.commons.lang.StringEscapeUtilsTest:testEscapeHtmlHighUnicode:()V#427#24 prob_bp = 1.00000000000000000000
org.apache.commons.lang.StringEscapeUtilsTest:testEscapeHtmlHighUnicode:()V#427#34 prob_bp = 1.00000000000000000000
org.apache.commons.lang.StringEscapeUtilsTest:testEscapeHtmlHighUnicode:()V#427#37 prob_bp = 1.00000000000000000000
org.apache.commons.lang.StringEscapeUtilsTest:testEscapeHtmlHighUnicode:()V#428#38 prob_bp = 1.00000000000000000000
org.apache.commons.lang.StringEscapeUtilsTest:testEscapeHtmlHighUnicode:()V#428#39 prob_bp = 1.00000000000000000000
org.apache.commons.lang.StringEscapeUtilsTest:testEscapeHtmlHighUnicode:()V#430#43 prob_bp = 1.00000000000000000000
org.apache.commons.lang.StringEscapeUtilsTest:testEscapeHtmlHighUnicode:()V#430#45 prob_bp = 1.00000000000000000000
org.apache.commons.lang.StringEscapeUtilsTest:testEscapeHtmlHighUnicode:()V#430#47 prob_bp = 1.00000000000000000000
org.apache.commons.lang.StringEscapeUtilsTest:testEscapeHtmlHighUnicode:()V#430#48 prob_bp = 1.00000000000000000000
Belief propagation time : 48.218000s
