Belief propagation time: 93

Probabilities: 
Vars:212046
Stmts:5956
org.apache.commons.lang3.time.DateUtils:isSameLocalTime:(Ljava/util/Calendar;Ljava/util/Calendar;)Z#262#135 prob_bp = 0.49117655580161634000
org.apache.commons.lang3.time.DateUtils:isSameLocalTime:(Ljava/util/Calendar;Ljava/util/Calendar;)Z#262#130 prob_bp = 0.49151920545069760000
org.apache.commons.lang3.time.DateUtils:isSameLocalTime:(Ljava/util/Calendar;Ljava/util/Calendar;)Z#259#5 prob_bp = 0.49887527127548920000
org.apache.commons.lang3.time.DateUtils:isSameLocalTime:(Ljava/util/Calendar;Ljava/util/Calendar;)Z#259#4 prob_bp = 0.49895377380744970000
org.apache.commons.lang3.time.DateUtils:isSameLocalTime:(Ljava/util/Calendar;Ljava/util/Calendar;)Z#259#1 prob_bp = 0.49961849896442156000
org.apache.commons.lang3.time.DateUtils:isSameLocalTime:(Ljava/util/Calendar;Ljava/util/Calendar;)Z#259#0 prob_bp = 0.49962678504063370000
org.apache.commons.lang3.time.DateUtils:isSameLocalTime:(Ljava/util/Calendar;Ljava/util/Calendar;)Z#262#127 prob_bp = 0.49999978426545577000
org.apache.commons.lang3.time.DateUtils:isSameLocalTime:(Ljava/util/Calendar;Ljava/util/Calendar;)Z#262#120 prob_bp = 0.49999999813353085000
org.apache.commons.lang3.time.DateUtils:isSameLocalTime:(Ljava/util/Calendar;Ljava/util/Calendar;)Z#262#124 prob_bp = 0.49999999813558660000
org.apache.commons.lang3.time.DateUtils:isSameLocalTime:(Ljava/util/Calendar;Ljava/util/Calendar;)Z#262#119 prob_bp = 0.49999999866405703000
org.apache.commons.lang3.time.DateUtils:isSameLocalTime:(Ljava/util/Calendar;Ljava/util/Calendar;)Z#262#123 prob_bp = 0.49999999866611640000
org.apache.commons.lang3.time.DateUtils:isSameLocalTime:(Ljava/util/Calendar;Ljava/util/Calendar;)Z#262#116 prob_bp = 0.49999999999442174000
org.apache.commons.lang3.time.DateUtils:isSameLocalTime:(Ljava/util/Calendar;Ljava/util/Calendar;)Z#262#108 prob_bp = 0.49999999999580236000
org.apache.commons.lang3.time.DateUtils:isSameLocalTime:(Ljava/util/Calendar;Ljava/util/Calendar;)Z#262#113 prob_bp = 0.49999999999581160000
org.apache.commons.lang3.time.DateUtils:isSameLocalTime:(Ljava/util/Calendar;Ljava/util/Calendar;)Z#262#107 prob_bp = 0.49999999999596534000
org.apache.commons.lang3.time.DateUtils:isSameLocalTime:(Ljava/util/Calendar;Ljava/util/Calendar;)Z#262#112 prob_bp = 0.49999999999597433000
org.apache.commons.lang3.time.DateUtils:isSameLocalTime:(Ljava/util/Calendar;Ljava/util/Calendar;)Z#262#106 prob_bp = 0.49999999999699550000
org.apache.commons.lang3.time.DateUtils:isSameLocalTime:(Ljava/util/Calendar;Ljava/util/Calendar;)Z#262#111 prob_bp = 0.49999999999700340000
org.apache.commons.lang3.time.DateUtils:isSameLocalTime:(Ljava/util/Calendar;Ljava/util/Calendar;)Z#262#100 prob_bp = 0.49999999999999056000
org.apache.commons.lang3.time.DateUtils:isSameLocalTime:(Ljava/util/Calendar;Ljava/util/Calendar;)Z#262#95 prob_bp = 0.49999999999999070000
org.apache.commons.lang3.time.DateUtils:isSameLocalTime:(Ljava/util/Calendar;Ljava/util/Calendar;)Z#262#94 prob_bp = 0.49999999999999090000
org.apache.commons.lang3.time.DateUtils:isSameLocalTime:(Ljava/util/Calendar;Ljava/util/Calendar;)Z#262#99 prob_bp = 0.49999999999999090000
org.apache.commons.lang3.time.DateUtils:isSameLocalTime:(Ljava/util/Calendar;Ljava/util/Calendar;)Z#262#93 prob_bp = 0.49999999999999334000
org.apache.commons.lang3.time.DateUtils:isSameLocalTime:(Ljava/util/Calendar;Ljava/util/Calendar;)Z#262#98 prob_bp = 0.49999999999999334000
org.apache.commons.lang3.time.DateUtils:isSameLocalTime:(Ljava/util/Calendar;Ljava/util/Calendar;)Z#262#103 prob_bp = 0.49999999999999930000
org.apache.commons.lang3.time.DateUtils:isSameLocalTime:(Ljava/util/Calendar;Ljava/util/Calendar;)Z#262#36 prob_bp = 0.49999999999999994000
org.apache.commons.lang3.time.DateUtils:isSameLocalTime:(Ljava/util/Calendar;Ljava/util/Calendar;)Z#262#90 prob_bp = 0.49999999999999994000
org.apache.commons.lang3.time.DateUtils:isSameLocalTime:(Ljava/util/Calendar;Ljava/util/Calendar;)Z#262#18 prob_bp = 0.50000000000000000000
org.apache.commons.lang3.time.DateUtils:isSameLocalTime:(Ljava/util/Calendar;Ljava/util/Calendar;)Z#262#19 prob_bp = 0.50000000000000000000
org.apache.commons.lang3.time.DateUtils:isSameLocalTime:(Ljava/util/Calendar;Ljava/util/Calendar;)Z#262#21 prob_bp = 0.50000000000000000000
org.apache.commons.lang3.time.DateUtils:isSameLocalTime:(Ljava/util/Calendar;Ljava/util/Calendar;)Z#262#24 prob_bp = 0.50000000000000000000
org.apache.commons.lang3.time.DateUtils:isSameLocalTime:(Ljava/util/Calendar;Ljava/util/Calendar;)Z#262#25 prob_bp = 0.50000000000000000000
org.apache.commons.lang3.time.DateUtils:isSameLocalTime:(Ljava/util/Calendar;Ljava/util/Calendar;)Z#262#27 prob_bp = 0.50000000000000000000
org.apache.commons.lang3.time.DateUtils:isSameLocalTime:(Ljava/util/Calendar;Ljava/util/Calendar;)Z#262#30 prob_bp = 0.50000000000000000000
org.apache.commons.lang3.time.DateUtils:isSameLocalTime:(Ljava/util/Calendar;Ljava/util/Calendar;)Z#262#33 prob_bp = 0.50000000000000000000
org.apache.commons.lang3.time.DateUtils:isSameLocalTime:(Ljava/util/Calendar;Ljava/util/Calendar;)Z#262#34 prob_bp = 0.50000000000000000000
org.apache.commons.lang3.time.DateUtils:isSameLocalTime:(Ljava/util/Calendar;Ljava/util/Calendar;)Z#262#39 prob_bp = 0.50000000000000000000
org.apache.commons.lang3.time.DateUtils:isSameLocalTime:(Ljava/util/Calendar;Ljava/util/Calendar;)Z#262#40 prob_bp = 0.50000000000000000000
org.apache.commons.lang3.time.DateUtils:isSameLocalTime:(Ljava/util/Calendar;Ljava/util/Calendar;)Z#262#42 prob_bp = 0.50000000000000000000
org.apache.commons.lang3.time.DateUtils:isSameLocalTime:(Ljava/util/Calendar;Ljava/util/Calendar;)Z#262#49 prob_bp = 0.50000000000000000000
org.apache.commons.lang3.time.DateUtils:isSameLocalTime:(Ljava/util/Calendar;Ljava/util/Calendar;)Z#262#51 prob_bp = 0.50000000000000000000
org.apache.commons.lang3.time.DateUtils:isSameLocalTime:(Ljava/util/Calendar;Ljava/util/Calendar;)Z#262#54 prob_bp = 0.50000000000000000000
org.apache.commons.lang3.time.DateUtils:isSameLocalTime:(Ljava/util/Calendar;Ljava/util/Calendar;)Z#262#55 prob_bp = 0.50000000000000000000
org.apache.commons.lang3.time.DateUtils:isSameLocalTime:(Ljava/util/Calendar;Ljava/util/Calendar;)Z#262#57 prob_bp = 0.50000000000000000000
org.apache.commons.lang3.time.DateUtils:isSameLocalTime:(Ljava/util/Calendar;Ljava/util/Calendar;)Z#262#60 prob_bp = 0.50000000000000000000
org.apache.commons.lang3.time.DateUtils:isSameLocalTime:(Ljava/util/Calendar;Ljava/util/Calendar;)Z#262#63 prob_bp = 0.50000000000000000000
org.apache.commons.lang3.time.DateUtils:isSameLocalTime:(Ljava/util/Calendar;Ljava/util/Calendar;)Z#262#64 prob_bp = 0.50000000000000000000
org.apache.commons.lang3.time.DateUtils:isSameLocalTime:(Ljava/util/Calendar;Ljava/util/Calendar;)Z#262#66 prob_bp = 0.50000000000000000000
org.apache.commons.lang3.time.DateUtils:isSameLocalTime:(Ljava/util/Calendar;Ljava/util/Calendar;)Z#262#69 prob_bp = 0.50000000000000000000
org.apache.commons.lang3.time.DateUtils:isSameLocalTime:(Ljava/util/Calendar;Ljava/util/Calendar;)Z#262#70 prob_bp = 0.50000000000000000000
org.apache.commons.lang3.time.DateUtils:isSameLocalTime:(Ljava/util/Calendar;Ljava/util/Calendar;)Z#262#72 prob_bp = 0.50000000000000000000
org.apache.commons.lang3.time.DateUtils:isSameLocalTime:(Ljava/util/Calendar;Ljava/util/Calendar;)Z#262#75 prob_bp = 0.50000000000000000000
org.apache.commons.lang3.time.DateUtils:isSameLocalTime:(Ljava/util/Calendar;Ljava/util/Calendar;)Z#262#78 prob_bp = 0.50000000000000000000
org.apache.commons.lang3.time.DateUtils:isSameLocalTime:(Ljava/util/Calendar;Ljava/util/Calendar;)Z#262#79 prob_bp = 0.50000000000000000000
org.apache.commons.lang3.time.DateUtils:isSameLocalTime:(Ljava/util/Calendar;Ljava/util/Calendar;)Z#262#81 prob_bp = 0.50000000000000000000
org.apache.commons.lang3.time.DateUtils:isSameLocalTime:(Ljava/util/Calendar;Ljava/util/Calendar;)Z#262#84 prob_bp = 0.50000000000000000000
org.apache.commons.lang3.time.DateUtils:isSameLocalTime:(Ljava/util/Calendar;Ljava/util/Calendar;)Z#262#85 prob_bp = 0.50000000000000000000
org.apache.commons.lang3.time.DateUtils:isSameLocalTime:(Ljava/util/Calendar;Ljava/util/Calendar;)Z#262#87 prob_bp = 0.50000000000000000000
org.apache.commons.lang3.time.DateUtils:isSameLocalTime:(Ljava/util/Calendar;Ljava/util/Calendar;)Z#262#45 prob_bp = 0.50000000000000010000
org.apache.commons.lang3.time.DateUtils:isSameLocalTime:(Ljava/util/Calendar;Ljava/util/Calendar;)Z#262#48 prob_bp = 0.50000000000000010000
org.apache.commons.lang3.time.DateUtilsTest:testIsSameLocalTime_Cal:()V#223#0 prob_bp = 1.00000000000000000000
org.apache.commons.lang3.time.DateUtilsTest:testIsSameLocalTime_Cal:()V#223#12 prob_bp = 1.00000000000000000000
org.apache.commons.lang3.time.DateUtilsTest:testIsSameLocalTime_Cal:()V#224#13 prob_bp = 1.00000000000000000000
org.apache.commons.lang3.time.DateUtilsTest:testIsSameLocalTime_Cal:()V#224#25 prob_bp = 1.00000000000000000000
org.apache.commons.lang3.time.DateUtilsTest:testIsSameLocalTime_Cal:()V#229#73 prob_bp = 1.00000000000000000000
org.apache.commons.lang3.time.DateUtilsTest:testIsSameLocalTime_Cal:()V#229#74 prob_bp = 1.00000000000000000000
org.apache.commons.lang3.time.DateUtilsTest:testIsSameLocalTime_Cal:()V#229#75 prob_bp = 1.00000000000000000000
org.apache.commons.lang3.time.DateUtilsTest:testIsSameLocalTime_Cal:()V#231#81 prob_bp = 1.00000000000000000000
org.apache.commons.lang3.time.DateUtilsTest:testIsSameLocalTime_Cal:()V#231#84 prob_bp = 1.00000000000000000000
org.apache.commons.lang3.time.DateUtilsTest:testIsSameLocalTime_Cal:()V#232#85 prob_bp = 1.00000000000000000000
org.apache.commons.lang3.time.DateUtilsTest:testIsSameLocalTime_Cal:()V#232#88 prob_bp = 1.00000000000000000000
org.apache.commons.lang3.time.DateUtilsTest:testIsSameLocalTime_Cal:()V#233#90 prob_bp = 1.00000000000000000000
org.apache.commons.lang3.time.DateUtilsTest:testIsSameLocalTime_Cal:()V#233#91 prob_bp = 1.00000000000000000000
org.apache.commons.lang3.time.DateUtilsTest:testIsSameLocalTime_Cal:()V#233#94 prob_bp = 1.00000000000000000000
org.apache.commons.lang3.time.DateUtilsTest:testIsSameLocalTime_Cal:()V#233#96 prob_bp = 1.00000000000000000000
org.apache.commons.lang3.time.DateUtilsTest:testIsSameLocalTime_Cal:()V#233#98 prob_bp = 1.00000000000000000000
org.apache.commons.lang3.time.DateUtilsTest:testIsSameLocalTime_Cal:()V#233#99 prob_bp = 1.00000000000000000000
org.apache.commons.lang3.time.DateUtilsTest:testIsSameLocalTime_Cal:()V#233#100 prob_bp = 1.00000000000000000000
org.apache.commons.lang3.time.DateUtilsTest:testIsSameLocalTime_Cal:()V#233#101 prob_bp = 1.00000000000000000000
org.apache.commons.lang3.time.DateUtilsTest:testIsSameLocalTime_Cal:()V#234#104 prob_bp = 1.00000000000000000000
org.apache.commons.lang3.time.DateUtilsTest:testIsSameLocalTime_Cal:()V#234#106 prob_bp = 1.00000000000000000000
org.apache.commons.lang3.time.DateUtilsTest:testIsSameLocalTime_Cal:()V#234#109 prob_bp = 1.00000000000000000000
org.apache.commons.lang3.time.DateUtilsTest:testIsSameLocalTime_Cal:()V#234#111 prob_bp = 1.00000000000000000000
org.apache.commons.lang3.time.DateUtilsTest:testIsSameLocalTime_Cal:()V#234#113 prob_bp = 1.00000000000000000000
org.apache.commons.lang3.time.DateUtilsTest:testIsSameLocalTime_Cal:()V#234#115 prob_bp = 1.00000000000000000000
org.apache.commons.lang3.time.DateUtilsTest:testIsSameLocalTime_Cal:()V#234#116 prob_bp = 1.00000000000000000000
org.apache.commons.lang3.time.DateUtilsTest:testIsSameLocalTime_Cal:()V#234#117 prob_bp = 1.00000000000000000000
org.apache.commons.lang3.time.DateUtilsTest:testIsSameLocalTime_Cal:()V#235#120 prob_bp = 1.00000000000000000000
org.apache.commons.lang3.time.DateUtilsTest:testIsSameLocalTime_Cal:()V#235#121 prob_bp = 1.00000000000000000000
org.apache.commons.lang3.time.DateUtilsTest:testIsSameLocalTime_Cal:()V#235#123 prob_bp = 1.00000000000000000000
org.apache.commons.lang3.time.DateUtilsTest:testIsSameLocalTime_Cal:()V#235#124 prob_bp = 1.00000000000000000000
org.apache.commons.lang3.time.DateUtilsTest:testIsSameLocalTime_Cal:()V#236#127 prob_bp = 1.00000000000000000000
org.apache.commons.lang3.time.DateUtilsTest:testIsSameLocalTime_Cal:()V#236#129 prob_bp = 1.00000000000000000000
org.apache.commons.lang3.time.DateUtilsTest:testIsSameLocalTime_Cal:()V#236#131 prob_bp = 1.00000000000000000000
org.apache.commons.lang3.time.DateUtilsTest:testIsSameLocalTime_Cal:()V#236#132 prob_bp = 1.00000000000000000000
org.apache.commons.lang3.time.DateUtilsTest:testIsSameLocalTime_Cal:()V#237#135 prob_bp = 1.00000000000000000000
org.apache.commons.lang3.time.DateUtilsTest:testIsSameLocalTime_Cal:()V#237#137 prob_bp = 1.00000000000000000000
org.apache.commons.lang3.time.DateUtilsTest:testIsSameLocalTime_Cal:()V#237#138 prob_bp = 1.00000000000000000000
org.apache.commons.lang3.time.DateUtilsTest:testIsSameLocalTime_Cal:()V#237#140 prob_bp = 1.00000000000000000000
org.apache.commons.lang3.time.DateUtilsTest:testIsSameLocalTime_Cal:()V#237#143 prob_bp = 1.00000000000000000000
Belief propagation time : 62.731000s
