Belief propagation time: 100

Probabilities: 
Vars:26812
Stmts:2229
org.apache.commons.lang3.text.translate.NumericEntityUnescaper:translate:(Ljava/lang/CharSequence;ILjava/io/Writer;)I#54#84 prob_bp = 0.48335201012352030000
org.apache.commons.lang3.text.translate.NumericEntityUnescaper:translate:(Ljava/lang/CharSequence;ILjava/io/Writer;)I#44#50 prob_bp = 0.49711980959030544000
org.apache.commons.lang3.text.translate.NumericEntityUnescaper:translate:(Ljava/lang/CharSequence;ILjava/io/Writer;)I#54#85 prob_bp = 0.49840396821493530000
org.apache.commons.lang3.text.translate.CharSequenceTranslator:translate:(Ljava/lang/CharSequence;Ljava/io/Writer;)V#86#45 prob_bp = 0.49841381401812335000
org.apache.commons.lang3.text.translate.NumericEntityUnescaper:translate:(Ljava/lang/CharSequence;ILjava/io/Writer;)I#44#51 prob_bp = 0.49842134419372064000
org.apache.commons.lang3.text.translate.NumericEntityUnescaper:translate:(Ljava/lang/CharSequence;ILjava/io/Writer;)I#56#97 prob_bp = 0.49952065473921897000
org.apache.commons.lang3.text.translate.NumericEntityUnescaper:translate:(Ljava/lang/CharSequence;ILjava/io/Writer;)I#41#45 prob_bp = 0.49966779060834005000
org.apache.commons.lang3.text.translate.NumericEntityUnescaper:translate:(Ljava/lang/CharSequence;ILjava/io/Writer;)I#41#44 prob_bp = 0.49997377033967777000
org.apache.commons.lang3.text.translate.NumericEntityUnescaper:translate:(Ljava/lang/CharSequence;ILjava/io/Writer;)I#41#43 prob_bp = 0.49997479790166650000
org.apache.commons.lang3.text.translate.NumericEntityUnescaper:translate:(Ljava/lang/CharSequence;ILjava/io/Writer;)I#52#82 prob_bp = 0.49997646829810094000
org.apache.commons.lang3.text.translate.NumericEntityUnescaper:translate:(Ljava/lang/CharSequence;ILjava/io/Writer;)I#54#94 prob_bp = 0.49998783809298210000
org.apache.commons.lang3.text.translate.NumericEntityUnescaper:translate:(Ljava/lang/CharSequence;ILjava/io/Writer;)I#54#92 prob_bp = 0.49998831031858170000
org.apache.commons.lang3.text.translate.NumericEntityUnescaper:translate:(Ljava/lang/CharSequence;ILjava/io/Writer;)I#41#42 prob_bp = 0.49999292642257775000
org.apache.commons.lang3.text.translate.NumericEntityUnescaper:translate:(Ljava/lang/CharSequence;ILjava/io/Writer;)I#52#80 prob_bp = 0.49999418386003280000
org.apache.commons.lang3.text.translate.NumericEntityUnescaper:translate:(Ljava/lang/CharSequence;ILjava/io/Writer;)I#45#64#unexe#5 prob_bp = 0.49999857108306306000
org.apache.commons.lang3.text.translate.NumericEntityUnescaper:translate:(Ljava/lang/CharSequence;ILjava/io/Writer;)I#46#74 prob_bp = 0.49999965783683990000
org.apache.commons.lang3.text.translate.NumericEntityUnescaper:translate:(Ljava/lang/CharSequence;ILjava/io/Writer;)I#40#25 prob_bp = 0.49999996241570566000
org.apache.commons.lang3.text.translate.NumericEntityUnescaper:translate:(Ljava/lang/CharSequence;ILjava/io/Writer;)I#40#17 prob_bp = 0.49999997021430725000
org.apache.commons.lang3.text.translate.NumericEntityUnescaper:translate:(Ljava/lang/CharSequence;ILjava/io/Writer;)I#40#15 prob_bp = 0.49999997136730895000
org.apache.commons.lang3.text.translate.NumericEntityUnescaper:translate:(Ljava/lang/CharSequence;ILjava/io/Writer;)I#40#24 prob_bp = 0.49999999712521010000
org.apache.commons.lang3.text.translate.NumericEntityUnescaper:translate:(Ljava/lang/CharSequence;ILjava/io/Writer;)I#40#23 prob_bp = 0.49999999723684396000
org.apache.commons.lang3.text.translate.NumericEntityUnescaper:translate:(Ljava/lang/CharSequence;ILjava/io/Writer;)I#45#64 prob_bp = 0.49999999850840830000
org.apache.commons.lang3.text.translate.NumericEntityUnescaper:translate:(Ljava/lang/CharSequence;ILjava/io/Writer;)I#45#62 prob_bp = 0.49999999856632480000
org.apache.commons.lang3.text.translate.NumericEntityUnescaper:translate:(Ljava/lang/CharSequence;ILjava/io/Writer;)I#54#87 prob_bp = 0.49999999865853270000
org.apache.commons.lang3.text.translate.NumericEntityUnescaper:translate:(Ljava/lang/CharSequence;ILjava/io/Writer;)I#40#21 prob_bp = 0.49999999933981143000
org.apache.commons.lang3.text.translate.NumericEntityUnescaper:translate:(Ljava/lang/CharSequence;ILjava/io/Writer;)I#45#60 prob_bp = 0.49999999964815670000
org.apache.commons.lang3.text.translate.NumericEntityUnescaper:translate:(Ljava/lang/CharSequence;ILjava/io/Writer;)I#38#6 prob_bp = 0.49999999988823646000
org.apache.commons.lang3.text.translate.NumericEntityUnescaper:translate:(Ljava/lang/CharSequence;ILjava/io/Writer;)I#44#58 prob_bp = 0.49999999993024860000
org.apache.commons.lang3.text.translate.NumericEntityUnescaper:translate:(Ljava/lang/CharSequence;ILjava/io/Writer;)I#44#53 prob_bp = 0.49999999999999145000
org.apache.commons.lang3.text.translate.NumericEntityUnescaper:translate:(Ljava/lang/CharSequence;ILjava/io/Writer;)I#40#8 prob_bp = 0.50000000001214380000
org.apache.commons.lang3.text.translate.NumericEntityUnescaper:translate:(Ljava/lang/CharSequence;ILjava/io/Writer;)I#40#9 prob_bp = 0.50000000001313090000
org.apache.commons.lang3.text.translate.NumericEntityUnescaper:translate:(Ljava/lang/CharSequence;ILjava/io/Writer;)I#40#10 prob_bp = 0.50000000001548260000
org.apache.commons.lang3.text.translate.NumericEntityUnescaper:translate:(Ljava/lang/CharSequence;ILjava/io/Writer;)I#38#0 prob_bp = 0.50000000001551470000
org.apache.commons.lang3.text.translate.NumericEntityUnescaper:translate:(Ljava/lang/CharSequence;ILjava/io/Writer;)I#38#1 prob_bp = 0.50000000001985930000
org.apache.commons.lang3.text.translate.NumericEntityUnescaper:translate:(Ljava/lang/CharSequence;ILjava/io/Writer;)I#40#29 prob_bp = 0.50000000705375370000
org.apache.commons.lang3.text.translate.NumericEntityUnescaper:translate:(Ljava/lang/CharSequence;ILjava/io/Writer;)I#40#30 prob_bp = 0.50000000895489420000
org.apache.commons.lang3.text.translate.NumericEntityUnescaper:translate:(Ljava/lang/CharSequence;ILjava/io/Writer;)I#40#31 prob_bp = 0.50000000931624190000
org.apache.commons.lang3.text.translate.NumericEntityUnescaper:translate:(Ljava/lang/CharSequence;ILjava/io/Writer;)I#40#20 prob_bp = 0.50000001618420020000
org.apache.commons.lang3.text.translate.NumericEntityUnescaper:translate:(Ljava/lang/CharSequence;ILjava/io/Writer;)I#40#28 prob_bp = 0.50000003472097840000
org.apache.commons.lang3.text.translate.NumericEntityUnescaper:translate:(Ljava/lang/CharSequence;ILjava/io/Writer;)I#82#281 prob_bp = 0.50000003982859930000
org.apache.commons.lang3.text.translate.NumericEntityUnescaper:translate:(Ljava/lang/CharSequence;ILjava/io/Writer;)I#82#282 prob_bp = 0.50000004143542360000
org.apache.commons.lang3.text.translate.NumericEntityUnescaper:translate:(Ljava/lang/CharSequence;ILjava/io/Writer;)I#40#32 prob_bp = 0.50000004472122440000
org.apache.commons.lang3.text.translate.NumericEntityUnescaper:translate:(Ljava/lang/CharSequence;ILjava/io/Writer;)I#40#37 prob_bp = 0.50030664135701200000
org.apache.commons.lang3.text.translate.NumericEntityUnescaper:translate:(Ljava/lang/CharSequence;ILjava/io/Writer;)I#40#39 prob_bp = 0.50031902177349300000
org.apache.commons.lang3.text.translate.CharSequenceTranslator:translate:(Ljava/lang/CharSequence;Ljava/io/Writer;)V#82#19 prob_bp = 0.50059557982860630000
org.apache.commons.lang3.text.translate.CharSequenceTranslator:translate:(Ljava/lang/CharSequence;Ljava/io/Writer;)V#82#20 prob_bp = 0.50062183405613260000
org.apache.commons.lang3.text.translate.CharSequenceTranslator:translate:(Ljava/lang/CharSequence;Ljava/io/Writer;)V#82#27 prob_bp = 0.50063553559328130000
org.apache.commons.lang3.text.translate.CharSequenceTranslator:translate:(Ljava/lang/CharSequence;)Ljava/lang/String;#58#10 prob_bp = 0.50083254969265590000
org.apache.commons.lang3.text.translate.CharSequenceTranslator:translate:(Ljava/lang/CharSequence;)Ljava/lang/String;#58#11 prob_bp = 0.50084937213687140000
org.apache.commons.lang3.text.translate.CharSequenceTranslator:translate:(Ljava/lang/CharSequence;Ljava/io/Writer;)V#82#21 prob_bp = 0.50100354285663710000
org.apache.commons.lang3.text.translate.CharSequenceTranslator:translate:(Ljava/lang/CharSequence;Ljava/io/Writer;)V#82#22 prob_bp = 0.50105550742312600000
org.apache.commons.lang3.text.translate.CharSequenceTranslator:translate:(Ljava/lang/CharSequence;Ljava/io/Writer;)V#86#48 prob_bp = 0.57127865494151760000
org.apache.commons.lang3.text.translate.CharSequenceTranslator:translate:(Ljava/lang/CharSequence;Ljava/io/Writer;)V#88#50 prob_bp = 0.57642216930106420000
org.apache.commons.lang3.text.translate.CharSequenceTranslator:translate:(Ljava/lang/CharSequence;Ljava/io/Writer;)V#88#52 prob_bp = 0.58605301834510310000
org.apache.commons.lang3.text.translate.CharSequenceTranslator:translate:(Ljava/lang/CharSequence;Ljava/io/Writer;)V#82#30 prob_bp = 0.72406960089819860000
org.apache.commons.lang3.text.translate.CharSequenceTranslator:translate:(Ljava/lang/CharSequence;Ljava/io/Writer;)V#83#37 prob_bp = 0.89569408881215470000
org.apache.commons.lang3.text.translate.CharSequenceTranslator:translate:(Ljava/lang/CharSequence;Ljava/io/Writer;)V#86#42 prob_bp = 0.91709054274156900000
org.apache.commons.lang3.text.translate.CharSequenceTranslator:translate:(Ljava/lang/CharSequence;Ljava/io/Writer;)V#83#36 prob_bp = 0.94319415444182000000
org.apache.commons.lang3.text.translate.CharSequenceTranslator:translate:(Ljava/lang/CharSequence;Ljava/io/Writer;)V#83#31 prob_bp = 0.98067612389809740000
org.apache.commons.lang3.text.translate.CharSequenceTranslator:translate:(Ljava/lang/CharSequence;Ljava/io/Writer;)V#83#32 prob_bp = 0.98228044150703320000
org.apache.commons.lang3.text.translate.CharSequenceTranslator:translate:(Ljava/lang/CharSequence;Ljava/io/Writer;)V#86#41 prob_bp = 0.99005651948836690000
org.apache.commons.lang3.text.translate.CharSequenceTranslator:translate:(Ljava/lang/CharSequence;)Ljava/lang/String;#59#24 prob_bp = 0.99953335106315090000
org.apache.commons.lang3.text.translate.CharSequenceTranslator:translate:(Ljava/lang/CharSequence;)Ljava/lang/String;#54#0 prob_bp = 0.99965812233209790000
org.apache.commons.lang3.text.translate.CharSequenceTranslator:translate:(Ljava/lang/CharSequence;)Ljava/lang/String;#54#1 prob_bp = 0.99970067697520880000
org.apache.commons.lang3.text.translate.CharSequenceTranslator:translate:(Ljava/lang/CharSequence;Ljava/io/Writer;)V#88#52#unexe#4 prob_bp = 0.99987825099176640000
org.apache.commons.lang3.text.translate.CharSequenceTranslator:translate:(Ljava/lang/CharSequence;)Ljava/lang/String;#59#23 prob_bp = 0.99993515130017550000
org.apache.commons.lang3.text.translate.CharSequenceTranslator:translate:(Ljava/lang/CharSequence;Ljava/io/Writer;)V#83#118 prob_bp = 0.99998985026650660000
org.apache.commons.lang3.text.translate.CharSequenceTranslator:translate:(Ljava/lang/CharSequence;Ljava/io/Writer;)V#76#0 prob_bp = 0.99999770015399140000
org.apache.commons.lang3.text.translate.CharSequenceTranslator:translate:(Ljava/lang/CharSequence;Ljava/io/Writer;)V#76#1 prob_bp = 0.99999807512809460000
org.apache.commons.lang3.text.translate.CharSequenceTranslator:translate:(Ljava/lang/CharSequence;Ljava/io/Writer;)V#83#34 prob_bp = 0.99999894431355600000
org.apache.commons.lang3.text.translate.CharSequenceTranslator:translate:(Ljava/lang/CharSequence;Ljava/io/Writer;)V#79#14 prob_bp = 0.99999996555684800000
org.apache.commons.lang3.text.translate.CharSequenceTranslator:translate:(Ljava/lang/CharSequence;Ljava/io/Writer;)V#79#15 prob_bp = 0.99999997384781850000
org.apache.commons.lang3.text.translate.CharSequenceTranslator:translate:(Ljava/lang/CharSequence;)Ljava/lang/String;#59#25 prob_bp = 0.99999999931458660000
org.apache.commons.lang3.text.translate.NumericEntityUnescaperTest:testUnfinishedEntity:()V#48#8 prob_bp = 1.00000000000000000000
org.apache.commons.lang3.text.translate.NumericEntityUnescaperTest:testUnfinishedEntity:()V#48#10 prob_bp = 1.00000000000000000000
org.apache.commons.lang3.text.translate.NumericEntityUnescaperTest:testUnfinishedEntity:()V#51#15 prob_bp = 1.00000000000000000000
org.apache.commons.lang3.text.translate.NumericEntityUnescaperTest:testUnfinishedEntity:()V#51#16 prob_bp = 1.00000000000000000000
org.apache.commons.lang3.text.translate.CharSequenceTranslator:translate:(Ljava/lang/CharSequence;)Ljava/lang/String;#58#6 prob_bp = 1.00000000000000000000
org.apache.commons.lang3.text.translate.CharSequenceTranslator:translate:(Ljava/lang/CharSequence;)Ljava/lang/String;#58#21 prob_bp = 1.00000000000000000000
org.apache.commons.lang3.text.translate.NumericEntityUnescaperTest:testOutOfBounds:()V#40#13 prob_bp = 1.00000000000000000000
org.apache.commons.lang3.text.translate.NumericEntityUnescaperTest:testOutOfBounds:()V#40#15 prob_bp = 1.00000000000000000000
org.apache.commons.lang3.text.translate.NumericEntityUnescaperTest:testOutOfBounds:()V#41#26 prob_bp = 1.00000000000000000000
org.apache.commons.lang3.text.translate.NumericEntityUnescaperTest:testOutOfBounds:()V#41#28 prob_bp = 1.00000000000000000000
Belief propagation time : 8.902000s
