Belief propagation time: 100

Probabilities: 
Vars:25363
Stmts:4364
org.jfree.chart.util.ShapeList:equals:(Ljava/lang/Object;)Z#111#21 prob_bp = 0.49577937097390024000
org.jfree.chart.util.AbstractObjectList:equals:(Ljava/lang/Object;)Z#194#60 prob_bp = 0.49637836160708420000
org.jfree.chart.util.AbstractObjectList:equals:(Ljava/lang/Object;)Z#194#59 prob_bp = 0.49652270483998630000
org.jfree.chart.util.AbstractObjectList:set:(ILjava/lang/Object;)V#123#1 prob_bp = 0.49993899403069453000
org.jfree.chart.util.AbstractObjectList:equals:(Ljava/lang/Object;)Z#193#56 prob_bp = 0.49994214748516574000
org.jfree.chart.util.AbstractObjectList:set:(ILjava/lang/Object;)V#123#0 prob_bp = 0.49997448679093540000
org.jfree.chart.util.ShapeList:setShape:(ILjava/awt/Shape;)V#81#3 prob_bp = 0.49998332160127623000
org.jfree.chart.util.ShapeList:setShape:(ILjava/awt/Shape;)V#81#1 prob_bp = 0.49998552134770124000
org.jfree.chart.util.ObjectUtilities:equal:(Ljava/lang/Object;Ljava/lang/Object;)Z#129#16 prob_bp = 0.49998845231161650000
org.jfree.chart.util.ObjectUtilities:equal:(Ljava/lang/Object;Ljava/lang/Object;)Z#128#8 prob_bp = 0.49999976992797474000
org.jfree.chart.util.ObjectUtilities:equal:(Ljava/lang/Object;Ljava/lang/Object;)Z#128#7 prob_bp = 0.49999994305649600000
org.jfree.chart.util.ObjectUtilities:equal:(Ljava/lang/Object;Ljava/lang/Object;)Z#129#13 prob_bp = 0.49999994950917350000
org.jfree.chart.util.AbstractObjectList:equals:(Ljava/lang/Object;)Z#193#53 prob_bp = 0.49999997970608370000
org.jfree.chart.util.ObjectUtilities:equal:(Ljava/lang/Object;Ljava/lang/Object;)Z#129#12 prob_bp = 0.49999998747384860000
org.jfree.chart.util.ObjectUtilities:equal:(Ljava/lang/Object;Ljava/lang/Object;)Z#129#11 prob_bp = 0.49999998747392820000
org.jfree.chart.util.AbstractObjectList:get:(I)Ljava/lang/Object;#113#22 prob_bp = 0.49999999497972636000
org.jfree.chart.util.AbstractObjectList:get:(I)Ljava/lang/Object;#113#21 prob_bp = 0.49999999876016690000
org.jfree.chart.util.AbstractObjectList:get:(I)Ljava/lang/Object;#110#3#unexe#2 prob_bp = 0.49999999969587905000
org.jfree.chart.util.AbstractObjectList:get:(I)Ljava/lang/Object;#110#11#unexe#2 prob_bp = 0.49999999992825040000
org.jfree.chart.util.AbstractObjectList:get:(I)Ljava/lang/Object;#111#20 prob_bp = 0.49999999998576430000
org.jfree.chart.util.ObjectUtilities:equal:(Ljava/lang/Object;Ljava/lang/Object;)Z#125#2 prob_bp = 0.49999999998732820000
org.jfree.chart.util.ObjectUtilities:equal:(Ljava/lang/Object;Ljava/lang/Object;)Z#125#0 prob_bp = 0.49999999999686360000
org.jfree.chart.util.ObjectUtilities:equal:(Ljava/lang/Object;Ljava/lang/Object;)Z#125#1 prob_bp = 0.49999999999686360000
org.jfree.chart.util.AbstractObjectList:equals:(Ljava/lang/Object;)Z#192#38 prob_bp = 0.49999999999849380000
org.jfree.chart.util.AbstractObjectList:get:(I)Ljava/lang/Object;#110#3 prob_bp = 0.49999999999897554000
org.jfree.chart.util.AbstractObjectList:equals:(Ljava/lang/Object;)Z#192#35 prob_bp = 0.49999999999937700000
org.jfree.chart.util.AbstractObjectList:equals:(Ljava/lang/Object;)Z#192#61 prob_bp = 0.49999999999957500000
org.jfree.chart.util.AbstractObjectList:equals:(Ljava/lang/Object;)Z#192#37 prob_bp = 0.49999999999963030000
org.jfree.chart.util.AbstractObjectList:equals:(Ljava/lang/Object;)Z#192#33 prob_bp = 0.49999999999963240000
org.jfree.chart.util.AbstractObjectList:equals:(Ljava/lang/Object;)Z#192#32 prob_bp = 0.49999999999964660000
org.jfree.chart.util.AbstractObjectList:get:(I)Ljava/lang/Object;#110#2 prob_bp = 0.49999999999973366000
org.jfree.chart.util.AbstractObjectList:equals:(Ljava/lang/Object;)Z#191#31 prob_bp = 0.49999999999991250000
org.jfree.chart.util.AbstractObjectList:equals:(Ljava/lang/Object;)Z#193#44 prob_bp = 0.49999999999993283000
org.jfree.chart.util.AbstractObjectList:equals:(Ljava/lang/Object;)Z#193#42 prob_bp = 0.49999999999997230000
org.jfree.chart.util.AbstractObjectList:size:()I#149#4 prob_bp = 0.49999999999998240000
org.jfree.chart.util.AbstractObjectList:equals:(Ljava/lang/Object;)Z#193#50 prob_bp = 0.49999999999998790000
org.jfree.chart.util.AbstractObjectList:equals:(Ljava/lang/Object;)Z#193#48 prob_bp = 0.49999999999999506000
org.jfree.chart.util.AbstractObjectList:get:(I)Ljava/lang/Object;#110#11 prob_bp = 0.49999999999999706000
org.jfree.chart.util.AbstractObjectList:equals:(Ljava/lang/Object;)Z#186#17 prob_bp = 0.49999999999999720000
org.jfree.chart.util.AbstractObjectList:get:(I)Ljava/lang/Object;#110#6 prob_bp = 0.49999999999999910000
org.jfree.chart.util.AbstractObjectList:equals:(Ljava/lang/Object;)Z#186#14 prob_bp = 0.49999999999999920000
org.jfree.chart.util.AbstractObjectList:get:(I)Ljava/lang/Object;#111#19 prob_bp = 0.49999999999999956000
org.jfree.chart.util.ShapeList:equals:(Ljava/lang/Object;)Z#111#18 prob_bp = 0.49999999999999990000
org.jfree.chart.util.AbstractObjectList:equals:(Ljava/lang/Object;)Z#186#13 prob_bp = 0.49999999999999990000
org.jfree.chart.util.AbstractObjectList:equals:(Ljava/lang/Object;)Z#191#28 prob_bp = 0.49999999999999990000
org.jfree.chart.util.AbstractObjectList:get:(I)Ljava/lang/Object;#111#18 prob_bp = 0.49999999999999990000
org.jfree.chart.util.AbstractObjectList:<init>:(II)V#68#6 prob_bp = 0.49999999999999994000
org.jfree.chart.util.AbstractObjectList:<init>:(II)V#96#16 prob_bp = 0.49999999999999994000
org.jfree.chart.util.AbstractObjectList:set:(ILjava/lang/Object;)V#132#68 prob_bp = 0.49999999999999994000
org.jfree.chart.util.AbstractObjectList:<init>:()V#77#0 prob_bp = 0.50000000000000000000
org.jfree.chart.util.AbstractObjectList:<init>:()V#77#1 prob_bp = 0.50000000000000000000
org.jfree.chart.util.AbstractObjectList:<init>:()V#77#3 prob_bp = 0.50000000000000000000
org.jfree.chart.util.AbstractObjectList:<init>:(I)V#86#0 prob_bp = 0.50000000000000000000
org.jfree.chart.util.AbstractObjectList:<init>:(I)V#86#1 prob_bp = 0.50000000000000000000
org.jfree.chart.util.AbstractObjectList:<init>:(I)V#86#3 prob_bp = 0.50000000000000000000
org.jfree.chart.util.AbstractObjectList:<init>:(II)V#68#4 prob_bp = 0.50000000000000000000
org.jfree.chart.util.AbstractObjectList:<init>:(II)V#68#5 prob_bp = 0.50000000000000000000
org.jfree.chart.util.AbstractObjectList:<init>:(II)V#96#15 prob_bp = 0.50000000000000000000
org.jfree.chart.util.AbstractObjectList:<init>:(II)V#96#17 prob_bp = 0.50000000000000000000
org.jfree.chart.util.AbstractObjectList:<init>:(II)V#96#20 prob_bp = 0.50000000000000000000
org.jfree.chart.util.AbstractObjectList:set:(ILjava/lang/Object;)V#131#54 prob_bp = 0.50000000000000000000
org.jfree.chart.util.AbstractObjectList:set:(ILjava/lang/Object;)V#131#57 prob_bp = 0.50000000000000000000
org.jfree.chart.util.AbstractObjectList:set:(ILjava/lang/Object;)V#132#65 prob_bp = 0.50000000000000000000
org.jfree.chart.util.AbstractObjectList:set:(ILjava/lang/Object;)V#132#66 prob_bp = 0.50000000000000000000
org.jfree.chart.util.ShapeList:equals:(Ljava/lang/Object;)Z#105#0 prob_bp = 0.50000000000000000000
org.jfree.chart.util.ShapeList:equals:(Ljava/lang/Object;)Z#105#1 prob_bp = 0.50000000000000000000
org.jfree.chart.util.ShapeList:equals:(Ljava/lang/Object;)Z#105#2 prob_bp = 0.50000000000000000000
org.jfree.chart.util.ShapeList:equals:(Ljava/lang/Object;)Z#108#7 prob_bp = 0.50000000000000000000
org.jfree.chart.util.ShapeList:equals:(Ljava/lang/Object;)Z#108#8 prob_bp = 0.50000000000000000000
org.jfree.chart.util.ShapeList:equals:(Ljava/lang/Object;)Z#108#11 prob_bp = 0.50000000000000000000
org.jfree.chart.util.ShapeList:equals:(Ljava/lang/Object;)Z#111#16 prob_bp = 0.50000000000000000000
org.jfree.chart.util.ShapeList:equals:(Ljava/lang/Object;)Z#111#17 prob_bp = 0.50000000000000000000
org.jfree.chart.util.AbstractObjectList:equals:(Ljava/lang/Object;)Z#178#0 prob_bp = 0.50000000000000000000
org.jfree.chart.util.AbstractObjectList:equals:(Ljava/lang/Object;)Z#182#6 prob_bp = 0.50000000000000000000
org.jfree.chart.util.AbstractObjectList:equals:(Ljava/lang/Object;)Z#182#7 prob_bp = 0.50000000000000000000
org.jfree.chart.util.AbstractObjectList:equals:(Ljava/lang/Object;)Z#182#8 prob_bp = 0.50000000000000000000
org.jfree.chart.util.AbstractObjectList:equals:(Ljava/lang/Object;)Z#190#22 prob_bp = 0.50000000000000000000
org.jfree.chart.util.AbstractObjectList:equals:(Ljava/lang/Object;)Z#190#23 prob_bp = 0.50000000000000000000
org.jfree.chart.util.AbstractObjectList:equals:(Ljava/lang/Object;)Z#190#26 prob_bp = 0.50000000000000000000
org.jfree.chart.util.AbstractObjectList:equals:(Ljava/lang/Object;)Z#191#27 prob_bp = 0.50000000000000000000
org.jfree.chart.util.AbstractObjectList:size:()I#149#0 prob_bp = 0.50000000000000000000
org.jfree.chart.util.AbstractObjectList:size:()I#149#1 prob_bp = 0.50000000000000000000
org.jfree.chart.util.AbstractObjectList:equals:(Ljava/lang/Object;)Z#193#41 prob_bp = 0.50000000000000000000
org.jfree.chart.util.AbstractObjectList:get:(I)Ljava/lang/Object;#110#7 prob_bp = 0.50000000000000000000
org.jfree.chart.util.AbstractObjectList:get:(I)Ljava/lang/Object;#110#8 prob_bp = 0.50000000000000000000
org.jfree.chart.util.AbstractObjectList:get:(I)Ljava/lang/Object;#111#14 prob_bp = 0.50000000000000000000
org.jfree.chart.util.AbstractObjectList:equals:(Ljava/lang/Object;)Z#193#47 prob_bp = 0.50000000000000000000
org.jfree.chart.util.ShapeList:setShape:(ILjava/awt/Shape;)V#81#0 prob_bp = 0.50000000000000010000
org.jfree.chart.util.ShapeList:setShape:(ILjava/awt/Shape;)V#81#2 prob_bp = 0.50000000000000010000
org.jfree.chart.util.AbstractObjectList:set:(ILjava/lang/Object;)V#131#53 prob_bp = 0.50000000000000010000
org.jfree.chart.util.AbstractObjectList:set:(ILjava/lang/Object;)V#131#58 prob_bp = 0.50000000000000010000
org.jfree.chart.util.AbstractObjectList:set:(ILjava/lang/Object;)V#131#59 prob_bp = 0.50000000000000010000
org.jfree.chart.util.AbstractObjectList:set:(ILjava/lang/Object;)V#132#60 prob_bp = 0.50000000000000010000
org.jfree.chart.util.AbstractObjectList:set:(ILjava/lang/Object;)V#132#61 prob_bp = 0.50000000000000010000
org.jfree.chart.util.AbstractObjectList:set:(ILjava/lang/Object;)V#132#67 prob_bp = 0.50000000000000010000
org.jfree.chart.util.AbstractObjectList:set:(ILjava/lang/Object;)V#132#71 prob_bp = 0.50000000000000010000
org.jfree.chart.util.AbstractObjectList:equals:(Ljava/lang/Object;)Z#178#1 prob_bp = 0.50000000000000010000
org.jfree.chart.util.AbstractObjectList:get:(I)Ljava/lang/Object;#111#15 prob_bp = 0.50000000000000010000
org.jfree.chart.util.AbstractObjectList:set:(ILjava/lang/Object;)V#132#62 prob_bp = 0.50000000000000020000
org.jfree.chart.util.junit.ShapeListTests:testEquals:()V#85#0 prob_bp = 1.00000000000000000000
org.jfree.chart.util.junit.ShapeListTests:testEquals:()V#85#3 prob_bp = 1.00000000000000000000
org.jfree.chart.util.junit.ShapeListTests:testEquals:()V#85#4 prob_bp = 1.00000000000000000000
org.jfree.chart.util.ShapeList:<init>:()V#59#0 prob_bp = 1.00000000000000000000
org.jfree.chart.util.ShapeList:<init>:()V#59#1 prob_bp = 1.00000000000000000000
org.jfree.chart.util.junit.ShapeListTests:testEquals:()V#85#7 prob_bp = 1.00000000000000000000
org.jfree.chart.util.junit.ShapeListTests:testEquals:()V#86#8 prob_bp = 1.00000000000000000000
org.jfree.chart.util.junit.ShapeListTests:testEquals:()V#86#9 prob_bp = 1.00000000000000000000
org.jfree.chart.util.junit.ShapeListTests:testEquals:()V#86#21 prob_bp = 1.00000000000000000000
org.jfree.chart.util.junit.ShapeListTests:testEquals:()V#87#24 prob_bp = 1.00000000000000000000
org.jfree.chart.util.junit.ShapeListTests:testEquals:()V#87#25 prob_bp = 1.00000000000000000000
org.jfree.chart.util.junit.ShapeListTests:testEquals:()V#87#43 prob_bp = 1.00000000000000000000
org.jfree.chart.util.junit.ShapeListTests:testEquals:()V#88#46 prob_bp = 1.00000000000000000000
org.jfree.chart.util.junit.ShapeListTests:testEquals:()V#88#47 prob_bp = 1.00000000000000000000
org.jfree.chart.util.junit.ShapeListTests:testEquals:()V#88#49 prob_bp = 1.00000000000000000000
org.jfree.chart.util.junit.ShapeListTests:testEquals:()V#90#52 prob_bp = 1.00000000000000000000
org.jfree.chart.util.junit.ShapeListTests:testEquals:()V#90#55 prob_bp = 1.00000000000000000000
org.jfree.chart.util.junit.ShapeListTests:testEquals:()V#90#56 prob_bp = 1.00000000000000000000
org.jfree.chart.util.junit.ShapeListTests:testEquals:()V#90#59 prob_bp = 1.00000000000000000000
org.jfree.chart.util.junit.ShapeListTests:testEquals:()V#91#60 prob_bp = 1.00000000000000000000
org.jfree.chart.util.junit.ShapeListTests:testEquals:()V#91#61 prob_bp = 1.00000000000000000000
org.jfree.chart.util.junit.ShapeListTests:testEquals:()V#91#73 prob_bp = 1.00000000000000000000
org.jfree.chart.util.junit.ShapeListTests:testEquals:()V#92#76 prob_bp = 1.00000000000000000000
org.jfree.chart.util.junit.ShapeListTests:testEquals:()V#92#77 prob_bp = 1.00000000000000000000
org.jfree.chart.util.junit.ShapeListTests:testEquals:()V#92#95 prob_bp = 1.00000000000000000000
org.jfree.chart.util.junit.ShapeListTests:testEquals:()V#93#98 prob_bp = 1.00000000000000000000
org.jfree.chart.util.junit.ShapeListTests:testEquals:()V#93#99 prob_bp = 1.00000000000000000000
org.jfree.chart.util.junit.ShapeListTests:testEquals:()V#93#100 prob_bp = 1.00000000000000000000
org.jfree.chart.util.junit.ShapeListTests:testEquals:()V#93#101 prob_bp = 1.00000000000000000000
org.jfree.chart.util.junit.ShapeListTests:testEquals:()V#95#104 prob_bp = 1.00000000000000000000
org.jfree.chart.util.junit.ShapeListTests:testEquals:()V#95#105 prob_bp = 1.00000000000000000000
org.jfree.chart.util.junit.ShapeListTests:testEquals:()V#95#106 prob_bp = 1.00000000000000000000
org.jfree.chart.util.junit.ShapeListTests:testEquals:()V#95#109 prob_bp = 1.00000000000000000000
org.jfree.chart.util.junit.ShapeListTests:testSerialization:()V#130#0 prob_bp = 1.00000000000000000000
org.jfree.chart.util.junit.ShapeListTests:testSerialization:()V#130#7 prob_bp = 1.00000000000000000000
org.jfree.chart.util.junit.ShapeListTests:testSerialization:()V#131#9 prob_bp = 1.00000000000000000000
org.jfree.chart.util.junit.ShapeListTests:testSerialization:()V#131#21 prob_bp = 1.00000000000000000000
org.jfree.chart.util.junit.ShapeListTests:testSerialization:()V#132#25 prob_bp = 1.00000000000000000000
org.jfree.chart.util.junit.ShapeListTests:testSerialization:()V#132#43 prob_bp = 1.00000000000000000000
org.jfree.chart.util.junit.ShapeListTests:testSerialization:()V#133#47 prob_bp = 1.00000000000000000000
org.jfree.chart.util.junit.ShapeListTests:testSerialization:()V#133#49 prob_bp = 1.00000000000000000000
org.jfree.chart.util.junit.ShapeListTests:testSerialization:()V#143#87 prob_bp = 1.00000000000000000000
org.jfree.chart.util.junit.ShapeListTests:testSerialization:()V#143#105 prob_bp = 1.00000000000000000000
org.jfree.chart.util.junit.ShapeListTests:testSerialization:()V#145#107 prob_bp = 1.00000000000000000000
org.jfree.chart.util.junit.ShapeListTests:testSerialization:()V#145#109 prob_bp = 1.00000000000000000000
org.jfree.chart.util.junit.ShapeListTests:testSerialization:()V#145#114 prob_bp = 1.00000000000000000000
org.jfree.chart.util.junit.ShapeListTests:testSerialization:()V#145#117 prob_bp = 1.00000000000000000000
org.jfree.chart.util.junit.ShapeListTests:testSerialization:()V#151#133 prob_bp = 1.00000000000000000000
org.jfree.chart.util.junit.ShapeListTests:testSerialization:()V#151#134 prob_bp = 1.00000000000000000000
org.jfree.chart.util.junit.ShapeListTests:testSerialization:()V#151#135 prob_bp = 1.00000000000000000000
Belief propagation time : 3.509000s
