Belief propagation time: 53

Probabilities: 
Vars:22365
Stmts:4159
org.apache.commons.lang.ClassUtils:getShortClassName:(Ljava/lang/Class;)Ljava/lang/String;#172#14 prob_bp = 0.49957833399074820000
org.apache.commons.lang.ClassUtils:getPackageName:(Ljava/lang/Class;)Ljava/lang/String;#232#14 prob_bp = 0.49960596579437083000
org.apache.commons.lang.ClassUtils:getShortClassName:(Ljava/lang/String;)Ljava/lang/String;#203#66 prob_bp = 0.49989601269465717000
org.apache.commons.lang.ClassUtils:getPackageName:(Ljava/lang/String;)Ljava/lang/String;#256#28 prob_bp = 0.49992202975671096000
org.apache.commons.lang.ClassUtils:getShortClassName:(Ljava/lang/String;)Ljava/lang/String;#203#65 prob_bp = 0.49997457372674686000
org.apache.commons.lang.ClassUtils:getShortClassName:(Ljava/lang/Class;)Ljava/lang/String;#169#1 prob_bp = 0.49998158891921257000
org.apache.commons.lang.ClassUtils:getPackageName:(Ljava/lang/Class;)Ljava/lang/String;#229#1 prob_bp = 0.49998195682283930000
org.apache.commons.lang.ClassUtils:getShortClassName:(Ljava/lang/Class;)Ljava/lang/String;#169#0 prob_bp = 0.49998561729283014000
org.apache.commons.lang.ClassUtils:getPackageName:(Ljava/lang/Class;)Ljava/lang/String;#229#0 prob_bp = 0.49998601814631410000
org.apache.commons.lang.ClassUtils:getShortClassName:(Ljava/lang/String;)Ljava/lang/String;#200#53#unexe#3 prob_bp = 0.49999399858719210000
org.apache.commons.lang.ClassUtils:getShortClassName:(Ljava/lang/String;)Ljava/lang/String;#199#50 prob_bp = 0.49999881028132370000
org.apache.commons.lang.ClassUtils:getShortClassName:(Ljava/lang/String;)Ljava/lang/String;#200#53 prob_bp = 0.49999999495962627000
org.apache.commons.lang.ClassUtils:getShortClassName:(Ljava/lang/String;)Ljava/lang/String;#200#52 prob_bp = 0.49999999515556237000
org.apache.commons.lang.ClassUtils:getShortClassName:(Ljava/lang/String;)Ljava/lang/String;#200#51 prob_bp = 0.49999999881201370000
org.apache.commons.lang.ClassUtils:getPackageName:(Ljava/lang/String;)Ljava/lang/String;#256#25 prob_bp = 0.49999999898839265000
org.apache.commons.lang.ClassUtils:getPackageName:(Ljava/lang/String;)Ljava/lang/String;#256#23 prob_bp = 0.49999999902780820000
org.apache.commons.lang.ClassUtils:getPackageName:(Ljava/lang/Class;)Ljava/lang/String;#232#7 prob_bp = 0.49999999947705050000
org.apache.commons.lang.ClassUtils:getPackageName:(Ljava/lang/String;)Ljava/lang/String;#256#22 prob_bp = 0.49999999969630820000
org.apache.commons.lang.ClassUtils:getPackageName:(Ljava/lang/String;)Ljava/lang/String;#256#24 prob_bp = 0.49999999975852955000
org.apache.commons.lang.ClassUtils:getShortClassName:(Ljava/lang/String;)Ljava/lang/String;#197#42 prob_bp = 0.49999999976449955000
org.apache.commons.lang.ClassUtils:getShortClassName:(Ljava/lang/String;)Ljava/lang/String;#199#47 prob_bp = 0.49999999995443606000
org.apache.commons.lang.ClassUtils:getShortClassName:(Ljava/lang/String;)Ljava/lang/String;#199#43 prob_bp = 0.49999999998629850000
org.apache.commons.lang.ClassUtils:getShortClassName:(Ljava/lang/String;)Ljava/lang/String;#199#46 prob_bp = 0.49999999999649970000
org.apache.commons.lang.ClassUtils:getShortClassName:(Ljava/lang/String;)Ljava/lang/String;#199#45 prob_bp = 0.49999999999663564000
org.apache.commons.lang.ClassUtils:getShortClassName:(Ljava/lang/String;)Ljava/lang/String;#199#44 prob_bp = 0.49999999999917470000
org.apache.commons.lang.ClassUtils:getShortClassName:(Ljava/lang/String;)Ljava/lang/String;#196#23 prob_bp = 0.49999999999983620000
org.apache.commons.lang.ClassUtils:getShortClassName:(Ljava/lang/String;)Ljava/lang/String;#197#25 prob_bp = 0.49999999999999745000
org.apache.commons.lang.ClassUtils:getShortClassName:(Ljava/lang/String;)Ljava/lang/String;#197#39 prob_bp = 0.49999999999999750000
org.apache.commons.lang.ClassUtils:getShortClassName:(Ljava/lang/String;)Ljava/lang/String;#197#24 prob_bp = 0.49999999999999910000
org.apache.commons.lang.ClassUtils:getShortClassName:(Ljava/lang/String;)Ljava/lang/String;#197#38 prob_bp = 0.49999999999999983000
org.apache.commons.lang.ClassUtils:getShortClassName:(Ljava/lang/String;)Ljava/lang/String;#196#17 prob_bp = 0.49999999999999990000
org.apache.commons.lang.ClassUtils:getShortClassName:(Ljava/lang/String;)Ljava/lang/String;#196#18 prob_bp = 0.49999999999999990000
org.apache.commons.lang.ClassUtils:getShortClassName:(Ljava/lang/String;)Ljava/lang/String;#197#27 prob_bp = 0.49999999999999994000
org.apache.commons.lang.ClassUtils:getShortClassName:(Ljava/lang/String;)Ljava/lang/String;#197#29 prob_bp = 0.49999999999999994000
org.apache.commons.lang.ClassUtils:getShortClassName:(Ljava/lang/String;)Ljava/lang/String;#197#36 prob_bp = 0.49999999999999994000
org.apache.commons.lang.ClassUtils:getShortClassName:(Ljava/lang/String;)Ljava/lang/String;#196#20 prob_bp = 0.50000000000000010000
org.apache.commons.lang.ClassUtils:getShortClassName:(Ljava/lang/String;)Ljava/lang/String;#197#37 prob_bp = 0.50000000000000010000
org.apache.commons.lang.ClassUtils:getShortClassName:(Ljava/lang/String;)Ljava/lang/String;#197#28 prob_bp = 0.50000000000000040000
org.apache.commons.lang.ClassUtils:getPackageName:(Ljava/lang/Class;)Ljava/lang/String;#232#8 prob_bp = 0.50000000345091630000
org.apache.commons.lang.ClassUtils:getPackageName:(Ljava/lang/Class;)Ljava/lang/String;#232#11 prob_bp = 0.50000001947050610000
org.apache.commons.lang.ClassUtils:getShortClassName:(Ljava/lang/Class;)Ljava/lang/String;#172#7 prob_bp = 0.50000187261043290000
org.apache.commons.lang.ClassUtils:getShortClassName:(Ljava/lang/Class;)Ljava/lang/String;#172#8 prob_bp = 0.50000724955071850000
org.apache.commons.lang.ClassUtils:getPackageName:(Ljava/lang/String;)Ljava/lang/String;#252#7 prob_bp = 0.50001047357528280000
org.apache.commons.lang.ClassUtils:getPackageName:(Ljava/lang/String;)Ljava/lang/String;#252#8 prob_bp = 0.50001404914018210000
org.apache.commons.lang.ClassUtils:getPackageName:(Ljava/lang/String;)Ljava/lang/String;#252#10 prob_bp = 0.50001460707127070000
org.apache.commons.lang.ClassUtils:getPackageName:(Ljava/lang/String;)Ljava/lang/String;#245#0 prob_bp = 0.50002082465934400000
org.apache.commons.lang.ClassUtils:getShortClassName:(Ljava/lang/Class;)Ljava/lang/String;#172#11 prob_bp = 0.50002889946116910000
org.apache.commons.lang.ClassUtils:getPackageName:(Ljava/lang/String;)Ljava/lang/String;#245#1 prob_bp = 0.50003109717270030000
org.apache.commons.lang.ClassUtils:getPackageName:(Ljava/lang/String;)Ljava/lang/String;#252#13 prob_bp = 0.50009808240944540000
org.apache.commons.lang.ClassUtils:getShortClassName:(Ljava/lang/String;)Ljava/lang/String;#184#0 prob_bp = 0.50019857282320750000
org.apache.commons.lang.ClassUtils:getShortClassName:(Ljava/lang/String;)Ljava/lang/String;#184#1 prob_bp = 0.50025272417980270000
org.apache.commons.lang.ClassUtils:getPackageName:(Ljava/lang/String;)Ljava/lang/String;#253#14 prob_bp = 0.50043199214208020000
org.apache.commons.lang.ClassUtils:getPackageName:(Ljava/lang/String;)Ljava/lang/String;#253#15 prob_bp = 0.50169710604758570000
org.apache.commons.lang.ClassUtils:getPackageName:(Ljava/lang/String;)Ljava/lang/String;#253#16 prob_bp = 0.50176474268177220000
org.apache.commons.lang.ClassUtils:getShortClassName:(Ljava/lang/String;)Ljava/lang/String;#187#7 prob_bp = 0.50259544076658060000
org.apache.commons.lang.ClassUtils:getShortClassName:(Ljava/lang/String;)Ljava/lang/String;#187#8 prob_bp = 0.50389791579002760000
org.apache.commons.lang.ClassUtils:getShortClassName:(Ljava/lang/String;)Ljava/lang/String;#187#11 prob_bp = 0.51022753467926030000
org.apache.commons.lang.ClassUtilsTest:test_getPackageName_Class:()V#141#2 prob_bp = 1.00000000000000000000
org.apache.commons.lang.ClassUtilsTest:test_getPackageName_Class:()V#141#5 prob_bp = 1.00000000000000000000
org.apache.commons.lang.ClassUtilsTest:test_getPackageName_Class:()V#142#13 prob_bp = 1.00000000000000000000
org.apache.commons.lang.ClassUtilsTest:test_getPackageName_Class:()V#142#16 prob_bp = 1.00000000000000000000
org.apache.commons.lang.ClassUtilsTest:test_getPackageName_Class:()V#143#24 prob_bp = 1.00000000000000000000
org.apache.commons.lang.ClassUtilsTest:test_getPackageName_Class:()V#143#25 prob_bp = 1.00000000000000000000
org.apache.commons.lang.ClassUtilsTest:test_getPackageName_Class:()V#143#28 prob_bp = 1.00000000000000000000
org.apache.commons.lang.ClassUtilsTest:test_getPackageName_Class:()V#146#34 prob_bp = 1.00000000000000000000
org.apache.commons.lang.ClassUtilsTest:test_getPackageName_Class:()V#146#36 prob_bp = 1.00000000000000000000
org.apache.commons.lang.ClassUtilsTest:test_getPackageName_Class:()V#146#39 prob_bp = 1.00000000000000000000
org.apache.commons.lang.ClassUtilsTest:test_getPackageName_Class:()V#146#42 prob_bp = 1.00000000000000000000
org.apache.commons.lang.ClassUtilsTest:test_getShortClassName_Class:()V#92#2 prob_bp = 1.00000000000000000000
org.apache.commons.lang.ClassUtilsTest:test_getShortClassName_Class:()V#92#5 prob_bp = 1.00000000000000000000
org.apache.commons.lang.ClassUtilsTest:test_getShortClassName_Class:()V#93#13 prob_bp = 1.00000000000000000000
org.apache.commons.lang.ClassUtilsTest:test_getShortClassName_Class:()V#93#16 prob_bp = 1.00000000000000000000
org.apache.commons.lang.ClassUtilsTest:test_getShortClassName_Class:()V#94#24 prob_bp = 1.00000000000000000000
org.apache.commons.lang.ClassUtilsTest:test_getShortClassName_Class:()V#94#25 prob_bp = 1.00000000000000000000
org.apache.commons.lang.ClassUtilsTest:test_getShortClassName_Class:()V#94#28 prob_bp = 1.00000000000000000000
org.apache.commons.lang.ClassUtilsTest:test_getShortClassName_Class:()V#97#34 prob_bp = 1.00000000000000000000
org.apache.commons.lang.ClassUtilsTest:test_getShortClassName_Class:()V#97#36 prob_bp = 1.00000000000000000000
org.apache.commons.lang.ClassUtilsTest:test_getShortClassName_Class:()V#97#39 prob_bp = 1.00000000000000000000
org.apache.commons.lang.ClassUtilsTest:test_getShortClassName_Class:()V#97#42 prob_bp = 1.00000000000000000000
Belief propagation time : 5.477000s
