Belief propagation time: 57

Probabilities: 
Vars:8693
Stmts:1271
org.apache.commons.math.stat.clustering.KMeansPlusPlusClusterer:assignPointsToClusters:(Ljava/util/Collection;Ljava/util/Collection;)V#91#33 prob_bp = 0.49831464443630670000
org.apache.commons.math.stat.clustering.KMeansPlusPlusClusterer:assignPointsToClusters:(Ljava/util/Collection;Ljava/util/Collection;)V#91#35 prob_bp = 0.49834167033552795000
org.apache.commons.math.stat.clustering.KMeansPlusPlusClusterer:assignPointsToClusters:(Ljava/util/Collection;Ljava/util/Collection;)V#90#31 prob_bp = 0.49957904407357880000
org.apache.commons.math.stat.clustering.KMeansPlusPlusClusterer:assignPointsToClusters:(Ljava/util/Collection;Ljava/util/Collection;)V#89#25 prob_bp = 0.49960593484330384000
org.apache.commons.math.stat.clustering.KMeansPlusPlusClusterer:getNearestCluster:(Ljava/util/Collection;Lorg/apache/commons/math/stat/clustering/Clusterable;)Lorg/apache/commons/math/stat/clustering/Cluster;#162#69 prob_bp = 0.49989374028339256000
org.apache.commons.math.stat.clustering.KMeansPlusPlusClusterer:assignPointsToClusters:(Ljava/util/Collection;Ljava/util/Collection;)V#89#22 prob_bp = 0.49992058069990136000
org.apache.commons.math.stat.clustering.KMeansPlusPlusClusterer:assignPointsToClusters:(Ljava/util/Collection;Ljava/util/Collection;)V#89#13 prob_bp = 0.49994145885411020000
org.apache.commons.math.stat.clustering.KMeansPlusPlusClusterer:assignPointsToClusters:(Ljava/util/Collection;Ljava/util/Collection;)V#89#8 prob_bp = 0.49996246129035010000
org.apache.commons.math.stat.clustering.KMeansPlusPlusClusterer:getNearestCluster:(Ljava/util/Collection;Lorg/apache/commons/math/stat/clustering/Clusterable;)Lorg/apache/commons/math/stat/clustering/Cluster;#162#67 prob_bp = 0.49997201623326964000
org.apache.commons.math.stat.clustering.KMeansPlusPlusClusterer:assignPointsToClusters:(Ljava/util/Collection;Ljava/util/Collection;)V#89#7 prob_bp = 0.49997342984298740000
org.apache.commons.math.stat.clustering.KMeansPlusPlusClusterer:assignPointsToClusters:(Ljava/util/Collection;Ljava/util/Collection;)V#89#6 prob_bp = 0.49997835292863196000
org.apache.commons.math.stat.clustering.KMeansPlusPlusClusterer:assignPointsToClusters:(Ljava/util/Collection;Ljava/util/Collection;)V#89#1 prob_bp = 0.49998110524501190000
org.apache.commons.math.stat.clustering.KMeansPlusPlusClusterer:assignPointsToClusters:(Ljava/util/Collection;Ljava/util/Collection;)V#89#0 prob_bp = 0.49998246764162000000
org.apache.commons.math.stat.clustering.KMeansPlusPlusClusterer:cluster:(Ljava/util/Collection;II)Ljava/util/List;#57#14 prob_bp = 0.49998314202791216000
org.apache.commons.math.stat.clustering.KMeansPlusPlusClusterer:cluster:(Ljava/util/Collection;II)Ljava/util/List;#57#13 prob_bp = 0.49998347584916990000
org.apache.commons.math.stat.clustering.KMeansPlusPlusClusterer:getNearestCluster:(Ljava/util/Collection;Lorg/apache/commons/math/stat/clustering/Clusterable;)Lorg/apache/commons/math/stat/clustering/Cluster;#155#22#unexe#4 prob_bp = 0.49998780031582524000
org.apache.commons.math.stat.clustering.KMeansPlusPlusClusterer:getNearestCluster:(Ljava/util/Collection;Lorg/apache/commons/math/stat/clustering/Clusterable;)Lorg/apache/commons/math/stat/clustering/Cluster;#157#54#unexe#4 prob_bp = 0.49999751668515770000
org.apache.commons.math.stat.clustering.KMeansPlusPlusClusterer:getNearestCluster:(Ljava/util/Collection;Lorg/apache/commons/math/stat/clustering/Clusterable;)Lorg/apache/commons/math/stat/clustering/Cluster;#154#5 prob_bp = 0.49999785077656310000
org.apache.commons.math.stat.clustering.KMeansPlusPlusClusterer:getNearestCluster:(Ljava/util/Collection;Lorg/apache/commons/math/stat/clustering/Clusterable;)Lorg/apache/commons/math/stat/clustering/Cluster;#154#4 prob_bp = 0.49999793385964490000
org.apache.commons.math.stat.clustering.KMeansPlusPlusClusterer:assignPointsToClusters:(Ljava/util/Collection;Ljava/util/Collection;)V#89#17 prob_bp = 0.49999883996630610000
org.apache.commons.math.stat.clustering.KMeansPlusPlusClusterer:assignPointsToClusters:(Ljava/util/Collection;Ljava/util/Collection;)V#89#16 prob_bp = 0.49999936354246116000
org.apache.commons.math.stat.clustering.KMeansPlusPlusClusterer:getNearestCluster:(Ljava/util/Collection;Lorg/apache/commons/math/stat/clustering/Clusterable;)Lorg/apache/commons/math/stat/clustering/Cluster;#157#54 prob_bp = 0.49999972324019243000
org.apache.commons.math.stat.clustering.KMeansPlusPlusClusterer:getNearestCluster:(Ljava/util/Collection;Lorg/apache/commons/math/stat/clustering/Clusterable;)Lorg/apache/commons/math/stat/clustering/Cluster;#155#22 prob_bp = 0.49999996153253545000
org.apache.commons.math.stat.clustering.KMeansPlusPlusClusterer:getNearestCluster:(Ljava/util/Collection;Lorg/apache/commons/math/stat/clustering/Clusterable;)Lorg/apache/commons/math/stat/clustering/Cluster;#155#17 prob_bp = 0.49999999278573004000
org.apache.commons.math.stat.clustering.KMeansPlusPlusClusterer:getNearestCluster:(Ljava/util/Collection;Lorg/apache/commons/math/stat/clustering/Clusterable;)Lorg/apache/commons/math/stat/clustering/Cluster;#155#15 prob_bp = 0.49999999828946445000
org.apache.commons.math.stat.clustering.KMeansPlusPlusClusterer:getNearestCluster:(Ljava/util/Collection;Lorg/apache/commons/math/stat/clustering/Clusterable;)Lorg/apache/commons/math/stat/clustering/Cluster;#155#13 prob_bp = 0.49999999965813297000
org.apache.commons.math.stat.clustering.KMeansPlusPlusClusterer:getNearestCluster:(Ljava/util/Collection;Lorg/apache/commons/math/stat/clustering/Clusterable;)Lorg/apache/commons/math/stat/clustering/Cluster;#157#53 prob_bp = 0.49999999997357550000
org.apache.commons.math.stat.clustering.KMeansPlusPlusClusterer:getNearestCluster:(Ljava/util/Collection;Lorg/apache/commons/math/stat/clustering/Clusterable;)Lorg/apache/commons/math/stat/clustering/Cluster;#157#52 prob_bp = 0.49999999998286120000
org.apache.commons.math.stat.clustering.KMeansPlusPlusClusterer:getNearestCluster:(Ljava/util/Collection;Lorg/apache/commons/math/stat/clustering/Clusterable;)Lorg/apache/commons/math/stat/clustering/Cluster;#153#3 prob_bp = 0.49999999998516703000
org.apache.commons.math.stat.clustering.KMeansPlusPlusClusterer:getNearestCluster:(Ljava/util/Collection;Lorg/apache/commons/math/stat/clustering/Clusterable;)Lorg/apache/commons/math/stat/clustering/Cluster;#153#0 prob_bp = 0.49999999998574040000
org.apache.commons.math.stat.clustering.KMeansPlusPlusClusterer:getNearestCluster:(Ljava/util/Collection;Lorg/apache/commons/math/stat/clustering/Clusterable;)Lorg/apache/commons/math/stat/clustering/Cluster;#157#50 prob_bp = 0.49999999999332850000
org.apache.commons.math.stat.clustering.KMeansPlusPlusClusterer:getNearestCluster:(Ljava/util/Collection;Lorg/apache/commons/math/stat/clustering/Clusterable;)Lorg/apache/commons/math/stat/clustering/Cluster;#156#48 prob_bp = 0.49999999999823364000
org.apache.commons.math.stat.clustering.KMeansPlusPlusClusterer:getNearestCluster:(Ljava/util/Collection;Lorg/apache/commons/math/stat/clustering/Clusterable;)Lorg/apache/commons/math/stat/clustering/Cluster;#155#8 prob_bp = 0.49999999999855050000
org.apache.commons.math.stat.clustering.KMeansPlusPlusClusterer:chooseInitialCenters:(Ljava/util/Collection;ILjava/util/Random;)Ljava/util/List;#108#16 prob_bp = 0.49999999999943145000
org.apache.commons.math.stat.clustering.KMeansPlusPlusClusterer:chooseInitialCenters:(Ljava/util/Collection;ILjava/util/Random;)Ljava/util/List;#108#9 prob_bp = 0.49999999999944270000
org.apache.commons.math.stat.clustering.EuclideanIntegerPoint:distanceFrom:(Ljava/lang/Object;)D#30#8 prob_bp = 0.49999999999945190000
org.apache.commons.math.stat.clustering.KMeansPlusPlusClusterer:getNearestCluster:(Ljava/util/Collection;Lorg/apache/commons/math/stat/clustering/Clusterable;)Lorg/apache/commons/math/stat/clustering/Cluster;#155#7 prob_bp = 0.49999999999962220000
org.apache.commons.math.stat.clustering.KMeansPlusPlusClusterer:chooseInitialCenters:(Ljava/util/Collection;ILjava/util/Random;)Ljava/util/List;#115#68 prob_bp = 0.49999999999964906000
org.apache.commons.math.stat.clustering.KMeansPlusPlusClusterer:chooseInitialCenters:(Ljava/util/Collection;ILjava/util/Random;)Ljava/util/List;#115#66 prob_bp = 0.49999999999967437000
org.apache.commons.math.stat.clustering.KMeansPlusPlusClusterer:chooseInitialCenters:(Ljava/util/Collection;ILjava/util/Random;)Ljava/util/List;#112#50 prob_bp = 0.49999999999972790000
org.apache.commons.math.stat.clustering.KMeansPlusPlusClusterer:chooseInitialCenters:(Ljava/util/Collection;ILjava/util/Random;)Ljava/util/List;#112#41 prob_bp = 0.49999999999973305000
org.apache.commons.math.stat.clustering.KMeansPlusPlusClusterer:chooseInitialCenters:(Ljava/util/Collection;ILjava/util/Random;)Ljava/util/List;#112#39 prob_bp = 0.49999999999974730000
org.apache.commons.math.stat.clustering.KMeansPlusPlusClusterer:getNearestCluster:(Ljava/util/Collection;Lorg/apache/commons/math/stat/clustering/Clusterable;)Lorg/apache/commons/math/stat/clustering/Cluster;#155#27 prob_bp = 0.49999999999987110000
org.apache.commons.math.stat.clustering.KMeansPlusPlusClusterer:assignPointsToClusters:(Ljava/util/Collection;Ljava/util/Collection;)V#90#28 prob_bp = 0.49999999999988870000
org.apache.commons.math.stat.clustering.KMeansPlusPlusClusterer:assignPointsToClusters:(Ljava/util/Collection;Ljava/util/Collection;)V#90#26 prob_bp = 0.49999999999995515000
org.apache.commons.math.stat.clustering.KMeansPlusPlusClusterer:getNearestCluster:(Ljava/util/Collection;Lorg/apache/commons/math/stat/clustering/Clusterable;)Lorg/apache/commons/math/stat/clustering/Cluster;#155#25 prob_bp = 0.49999999999996940000
org.apache.commons.math.stat.clustering.KMeansPlusPlusClusterer:cluster:(Ljava/util/Collection;II)Ljava/util/List;#57#11 prob_bp = 0.49999999999997957000
org.apache.commons.math.stat.clustering.KMeansPlusPlusClusterer:cluster:(Ljava/util/Collection;II)Ljava/util/List;#56#9 prob_bp = 0.49999999999998380000
org.apache.commons.math.stat.clustering.KMeansPlusPlusClusterer:chooseInitialCenters:(Ljava/util/Collection;ILjava/util/Random;)Ljava/util/List;#139#232 prob_bp = 0.49999999999998580000
org.apache.commons.math.stat.clustering.KMeansPlusPlusClusterer:chooseInitialCenters:(Ljava/util/Collection;ILjava/util/Random;)Ljava/util/List;#139#230 prob_bp = 0.49999999999998690000
org.apache.commons.math.stat.clustering.KMeansPlusPlusClusterer:assignPointsToClusters:(Ljava/util/Collection;Ljava/util/Collection;)V#90#27 prob_bp = 0.49999999999999994000
org.apache.commons.math.stat.clustering.EuclideanIntegerPoint:distanceFrom:(Ljava/lang/Object;)D#30#0 prob_bp = 0.49999999999999994000
org.apache.commons.math.stat.clustering.KMeansPlusPlusClusterer:cluster:(Ljava/util/Collection;II)Ljava/util/List;#56#3 prob_bp = 0.50000000000000000000
org.apache.commons.math.stat.clustering.KMeansPlusPlusClusterer:chooseInitialCenters:(Ljava/util/Collection;ILjava/util/Random;)Ljava/util/List;#111#18 prob_bp = 0.50000000000000000000
org.apache.commons.math.stat.clustering.KMeansPlusPlusClusterer:chooseInitialCenters:(Ljava/util/Collection;ILjava/util/Random;)Ljava/util/List;#111#19 prob_bp = 0.50000000000000000000
org.apache.commons.math.stat.clustering.KMeansPlusPlusClusterer:chooseInitialCenters:(Ljava/util/Collection;ILjava/util/Random;)Ljava/util/List;#111#20 prob_bp = 0.50000000000000000000
org.apache.commons.math.stat.clustering.KMeansPlusPlusClusterer:chooseInitialCenters:(Ljava/util/Collection;ILjava/util/Random;)Ljava/util/List;#111#21 prob_bp = 0.50000000000000000000
org.apache.commons.math.stat.clustering.KMeansPlusPlusClusterer:chooseInitialCenters:(Ljava/util/Collection;ILjava/util/Random;)Ljava/util/List;#111#26 prob_bp = 0.50000000000000000000
org.apache.commons.math.stat.clustering.KMeansPlusPlusClusterer:chooseInitialCenters:(Ljava/util/Collection;ILjava/util/Random;)Ljava/util/List;#111#34 prob_bp = 0.50000000000000000000
org.apache.commons.math.stat.clustering.KMeansPlusPlusClusterer:chooseInitialCenters:(Ljava/util/Collection;ILjava/util/Random;)Ljava/util/List;#111#37 prob_bp = 0.50000000000000000000
org.apache.commons.math.stat.clustering.KMeansPlusPlusClusterer:chooseInitialCenters:(Ljava/util/Collection;ILjava/util/Random;)Ljava/util/List;#112#44 prob_bp = 0.50000000000000000000
org.apache.commons.math.stat.clustering.KMeansPlusPlusClusterer:chooseInitialCenters:(Ljava/util/Collection;ILjava/util/Random;)Ljava/util/List;#112#45 prob_bp = 0.50000000000000000000
org.apache.commons.math.stat.clustering.KMeansPlusPlusClusterer:chooseInitialCenters:(Ljava/util/Collection;ILjava/util/Random;)Ljava/util/List;#112#47 prob_bp = 0.50000000000000000000
org.apache.commons.math.stat.clustering.Cluster:<init>:(Lorg/apache/commons/math/stat/clustering/Clusterable;)V#46#4 prob_bp = 0.50000000000000000000
org.apache.commons.math.stat.clustering.Cluster:<init>:(Lorg/apache/commons/math/stat/clustering/Clusterable;)V#46#5 prob_bp = 0.50000000000000000000
org.apache.commons.math.stat.clustering.KMeansPlusPlusClusterer:assignPointsToClusters:(Ljava/util/Collection;Ljava/util/Collection;)V#91#36 prob_bp = 0.50000000000000000000
org.apache.commons.math.stat.clustering.KMeansPlusPlusClusterer:<init>:(Ljava/util/Random;)V#41#4 prob_bp = 0.50000000000000010000
org.apache.commons.math.stat.clustering.KMeansPlusPlusClusterer:<init>:(Ljava/util/Random;)V#41#5 prob_bp = 0.50000000000000010000
org.apache.commons.math.stat.clustering.KMeansPlusPlusClusterer:<init>:(Ljava/util/Random;)V#41#6 prob_bp = 0.50000000000000010000
org.apache.commons.math.stat.clustering.KMeansPlusPlusClusterer:cluster:(Ljava/util/Collection;II)Ljava/util/List;#56#6 prob_bp = 0.50000000000000010000
org.apache.commons.math.stat.clustering.KMeansPlusPlusClusterer:chooseInitialCenters:(Ljava/util/Collection;ILjava/util/Random;)Ljava/util/List;#107#0 prob_bp = 0.50000000000000010000
org.apache.commons.math.stat.clustering.KMeansPlusPlusClusterer:chooseInitialCenters:(Ljava/util/Collection;ILjava/util/Random;)Ljava/util/List;#107#8 prob_bp = 0.50000000000000010000
org.apache.commons.math.stat.clustering.Cluster:<init>:(Lorg/apache/commons/math/stat/clustering/Clusterable;)V#46#6 prob_bp = 0.50000000000000010000
org.apache.commons.math.stat.clustering.KMeansPlusPlusClusterer:getNearestCluster:(Ljava/util/Collection;Lorg/apache/commons/math/stat/clustering/Clusterable;)Lorg/apache/commons/math/stat/clustering/Cluster;#155#32 prob_bp = 0.50000000000000010000
org.apache.commons.math.stat.clustering.KMeansPlusPlusClusterer:getNearestCluster:(Ljava/util/Collection;Lorg/apache/commons/math/stat/clustering/Clusterable;)Lorg/apache/commons/math/stat/clustering/Cluster;#156#37 prob_bp = 0.50000000000000010000
org.apache.commons.math.stat.clustering.KMeansPlusPlusClusterer:getNearestCluster:(Ljava/util/Collection;Lorg/apache/commons/math/stat/clustering/Clusterable;)Lorg/apache/commons/math/stat/clustering/Cluster;#156#43 prob_bp = 0.50000000000000010000
org.apache.commons.math.stat.clustering.EuclideanIntegerPoint:distanceFrom:(Ljava/lang/Object;)D#30#1 prob_bp = 0.50000000000000010000
org.apache.commons.math.stat.clustering.EuclideanIntegerPoint:distanceFrom:(Ljava/lang/Object;)D#30#2 prob_bp = 0.50000000000000010000
org.apache.commons.math.stat.clustering.KMeansPlusPlusClusterer:cluster:(Ljava/util/Collection;II)Ljava/util/List;#56#2 prob_bp = 0.50000000000000020000
org.apache.commons.math.stat.clustering.KMeansPlusPlusClusterer:chooseInitialCenters:(Ljava/util/Collection;ILjava/util/Random;)Ljava/util/List;#111#29 prob_bp = 0.50000000000000020000
org.apache.commons.math.stat.clustering.KMeansPlusPlusClusterer:getNearestCluster:(Ljava/util/Collection;Lorg/apache/commons/math/stat/clustering/Clusterable;)Lorg/apache/commons/math/stat/clustering/Cluster;#155#35 prob_bp = 0.50000000000000030000
org.apache.commons.math.stat.clustering.KMeansPlusPlusClusterer:getNearestCluster:(Ljava/util/Collection;Lorg/apache/commons/math/stat/clustering/Clusterable;)Lorg/apache/commons/math/stat/clustering/Cluster;#156#38 prob_bp = 0.50000000000000030000
org.apache.commons.math.stat.clustering.EuclideanIntegerPoint:distanceFrom:(Ljava/lang/Object;)D#30#5 prob_bp = 0.50000000000000030000
org.apache.commons.math.stat.clustering.KMeansPlusPlusClusterer:getNearestCluster:(Ljava/util/Collection;Lorg/apache/commons/math/stat/clustering/Clusterable;)Lorg/apache/commons/math/stat/clustering/Cluster;#156#40 prob_bp = 0.50000000000000040000
org.apache.commons.math.stat.clustering.EuclideanIntegerPoint:distanceFrom:(Lorg/apache/commons/math/stat/clustering/EuclideanIntegerPoint;)D#57#4 prob_bp = 0.50000000000002320000
org.apache.commons.math.stat.clustering.EuclideanIntegerPoint:distanceFrom:(Lorg/apache/commons/math/stat/clustering/EuclideanIntegerPoint;)D#57#5 prob_bp = 0.50000000000002340000
org.apache.commons.math.util.MathUtils:distance:([I[I)D#1626#11 prob_bp = 0.50000000000066490000
org.apache.commons.math.util.MathUtils:distance:([I[I)D#1626#14 prob_bp = 0.50000000000066590000
org.apache.commons.math.util.MathUtils:distance:([I[I)D#1626#10 prob_bp = 0.50000000000093070000
org.apache.commons.math.util.MathUtils:distance:([I[I)D#1626#13 prob_bp = 0.50000000000093290000
org.apache.commons.math.util.MathUtils:distance:([I[I)D#1626#12 prob_bp = 0.50000000000097360000
org.apache.commons.math.util.MathUtils:distance:([I[I)D#1626#15 prob_bp = 0.50000000000097510000
org.apache.commons.math.util.MathUtils:distance:([I[I)D#1626#16 prob_bp = 0.50000000000637810000
org.apache.commons.math.util.MathUtils:distance:([I[I)D#1626#17 prob_bp = 0.50000000180871280000
org.apache.commons.math.util.MathUtils:distance:([I[I)D#1624#0 prob_bp = 0.50000000410077180000
org.apache.commons.math.util.MathUtils:distance:([I[I)D#1624#1 prob_bp = 0.50000000418361560000
org.apache.commons.math.util.MathUtils:distance:([I[I)D#1627#20 prob_bp = 0.50000000443733170000
org.apache.commons.math.util.MathUtils:distance:([I[I)D#1627#22 prob_bp = 0.50000000443733170000
org.apache.commons.math.util.MathUtils:distance:([I[I)D#1627#24 prob_bp = 0.50000001828967040000
org.apache.commons.math.util.MathUtils:distance:([I[I)D#1627#19 prob_bp = 0.50000102131141170000
org.apache.commons.math.util.MathUtils:distance:([I[I)D#1627#25 prob_bp = 0.50000413251159610000
org.apache.commons.math.stat.clustering.Cluster:getCenter:()Lorg/apache/commons/math/stat/clustering/Clusterable;#71#0 prob_bp = 0.50001001609339800000
org.apache.commons.math.util.MathUtils:distance:([I[I)D#1625#27 prob_bp = 0.50001107814031990000
org.apache.commons.math.stat.clustering.Cluster:getCenter:()Lorg/apache/commons/math/stat/clustering/Clusterable;#71#1 prob_bp = 0.50001257401913500000
org.apache.commons.math.stat.clustering.Cluster:getCenter:()Lorg/apache/commons/math/stat/clustering/Clusterable;#71#4 prob_bp = 0.50002114188838480000
org.apache.commons.math.stat.clustering.EuclideanIntegerPoint:distanceFrom:(Lorg/apache/commons/math/stat/clustering/EuclideanIntegerPoint;)D#57#0 prob_bp = 0.50004058220603940000
org.apache.commons.math.stat.clustering.EuclideanIntegerPoint:distanceFrom:(Lorg/apache/commons/math/stat/clustering/EuclideanIntegerPoint;)D#57#1 prob_bp = 0.50004140204858620000
org.apache.commons.math.stat.clustering.EuclideanIntegerPoint:distanceFrom:(Lorg/apache/commons/math/stat/clustering/EuclideanIntegerPoint;)D#57#8 prob_bp = 0.50004305881348910000
org.apache.commons.math.util.MathUtils:distance:([I[I)D#1625#2 prob_bp = 0.50098407262061880000
org.apache.commons.math.util.MathUtils:distance:([I[I)D#1625#3 prob_bp = 0.50100394408489520000
org.apache.commons.math.util.MathUtils:distance:([I[I)D#1625#4 prob_bp = 0.50104580622648380000
org.apache.commons.math.util.MathUtils:distance:([I[I)D#1625#5 prob_bp = 0.50104859126284540000
org.apache.commons.math.util.MathUtils:distance:([I[I)D#1625#6 prob_bp = 0.50107584657365070000
org.apache.commons.math.util.MathUtils:distance:([I[I)D#1625#7 prob_bp = 0.50113193923107080000
org.apache.commons.math.util.MathUtils:distance:([I[I)D#1627#26 prob_bp = 0.50121796041444630000
org.apache.commons.math.util.MathUtils:distance:([I[I)D#1625#7#unexe#2 prob_bp = 0.59516562212295010000
org.apache.commons.math.util.MathUtils:distance:([I[I)D#1629#33 prob_bp = 0.74297272742221820000
org.apache.commons.math.stat.clustering.EuclideanIntegerPoint:distanceFrom:(Lorg/apache/commons/math/stat/clustering/EuclideanIntegerPoint;)D#57#11 prob_bp = 0.85193930688332180000
org.apache.commons.math.util.MathUtils:distance:([I[I)D#1629#34 prob_bp = 0.99279988719159370000
org.apache.commons.math.util.MathUtils:distance:([I[I)D#1629#35 prob_bp = 0.99419426749861330000
org.apache.commons.math.util.MathUtils:distance:([I[I)D#1629#38 prob_bp = 0.99561681710476460000
org.apache.commons.math.stat.clustering.EuclideanIntegerPoint:<init>:([I)V#44#5 prob_bp = 0.99986234512211780000
org.apache.commons.math.stat.clustering.EuclideanIntegerPoint:<init>:([I)V#44#4 prob_bp = 0.99989023753767790000
org.apache.commons.math.stat.clustering.EuclideanIntegerPoint:<init>:([I)V#44#6 prob_bp = 0.99992954304215290000
org.apache.commons.math.stat.clustering.EuclideanIntegerPoint:getPoint:()[I#52#1 prob_bp = 0.99999832684112480000
org.apache.commons.math.stat.clustering.EuclideanIntegerPoint:getPoint:()[I#52#0 prob_bp = 0.99999905245978420000
org.apache.commons.math.stat.clustering.EuclideanIntegerPoint:getPoint:()[I#52#4 prob_bp = 0.99999915416323560000
org.apache.commons.math.stat.clustering.KMeansPlusPlusClustererTest:testPerformClusterAnalysisDegenerate:()V#104#0 prob_bp = 1.00000000000000000000
org.apache.commons.math.stat.clustering.KMeansPlusPlusClustererTest:testPerformClusterAnalysisDegenerate:()V#104#3 prob_bp = 1.00000000000000000000
org.apache.commons.math.stat.clustering.KMeansPlusPlusClustererTest:testPerformClusterAnalysisDegenerate:()V#104#4 prob_bp = 1.00000000000000000000
org.apache.commons.math.stat.clustering.KMeansPlusPlusClustererTest:testPerformClusterAnalysisDegenerate:()V#104#14 prob_bp = 1.00000000000000000000
org.apache.commons.math.stat.clustering.KMeansPlusPlusClustererTest:testPerformClusterAnalysisDegenerate:()V#104#17 prob_bp = 1.00000000000000000000
org.apache.commons.math.stat.clustering.KMeansPlusPlusClustererTest:testPerformClusterAnalysisDegenerate:()V#106#18 prob_bp = 1.00000000000000000000
org.apache.commons.math.stat.clustering.KMeansPlusPlusClustererTest:testPerformClusterAnalysisDegenerate:()V#106#19 prob_bp = 1.00000000000000000000
org.apache.commons.math.stat.clustering.KMeansPlusPlusClustererTest:testPerformClusterAnalysisDegenerate:()V#106#24 prob_bp = 1.00000000000000000000
org.apache.commons.math.stat.clustering.KMeansPlusPlusClustererTest:testPerformClusterAnalysisDegenerate:()V#106#27 prob_bp = 1.00000000000000000000
org.apache.commons.math.stat.clustering.KMeansPlusPlusClustererTest:testPerformClusterAnalysisDegenerate:()V#106#28 prob_bp = 1.00000000000000000000
org.apache.commons.math.stat.clustering.KMeansPlusPlusClustererTest:testPerformClusterAnalysisDegenerate:()V#106#29 prob_bp = 1.00000000000000000000
org.apache.commons.math.stat.clustering.KMeansPlusPlusClustererTest:testPerformClusterAnalysisDegenerate:()V#106#42 prob_bp = 1.00000000000000000000
org.apache.commons.math.stat.clustering.KMeansPlusPlusClustererTest:testPerformClusterAnalysisDegenerate:()V#106#48 prob_bp = 1.00000000000000000000
org.apache.commons.math.stat.clustering.KMeansPlusPlusClustererTest:testPerformClusterAnalysisDegenerate:()V#106#51 prob_bp = 1.00000000000000000000
org.apache.commons.math.stat.clustering.KMeansPlusPlusClustererTest:testPerformClusterAnalysisDegenerate:()V#106#52 prob_bp = 1.00000000000000000000
org.apache.commons.math.stat.clustering.KMeansPlusPlusClustererTest:testPerformClusterAnalysisDegenerate:()V#106#53 prob_bp = 1.00000000000000000000
org.apache.commons.math.stat.clustering.KMeansPlusPlusClustererTest:testPerformClusterAnalysisDegenerate:()V#106#66 prob_bp = 1.00000000000000000000
org.apache.commons.math.stat.clustering.KMeansPlusPlusClustererTest:testPerformClusterAnalysisDegenerate:()V#106#70 prob_bp = 1.00000000000000000000
org.apache.commons.math.stat.clustering.KMeansPlusPlusClustererTest:testPerformClusterAnalysisDegenerate:()V#109#71 prob_bp = 1.00000000000000000000
org.apache.commons.math.stat.clustering.KMeansPlusPlusClustererTest:testPerformClusterAnalysisDegenerate:()V#109#72 prob_bp = 1.00000000000000000000
org.apache.commons.math.stat.clustering.KMeansPlusPlusClustererTest:testPerformClusterAnalysisDegenerate:()V#109#73 prob_bp = 1.00000000000000000000
org.apache.commons.math.stat.clustering.KMeansPlusPlusClustererTest:testPerformClusterAnalysisDegenerate:()V#109#78 prob_bp = 1.00000000000000000000
Belief propagation time : 3.167000s
