Belief propagation time: 100

Probabilities: 
Vars:207288
Stmts:9539
org.apache.commons.math.complex.Complex:valueOf:(DD)Lorg/apache/commons/math/complex/Complex;#1182#27 prob_bp = 0.49776712475432470000
org.apache.commons.math.complex.Complex:valueOf:(DD)Lorg/apache/commons/math/complex/Complex;#1182#18 prob_bp = 0.49785211359894377000
org.apache.commons.math.complex.Complex:valueOf:(DD)Lorg/apache/commons/math/complex/Complex;#1178#11 prob_bp = 0.49989036769502515000
org.apache.commons.math.complex.Complex:valueOf:(DD)Lorg/apache/commons/math/complex/Complex;#1178#8 prob_bp = 0.49990247154108560000
org.apache.commons.math.complex.Complex:valueOf:(DD)Lorg/apache/commons/math/complex/Complex;#1178#7 prob_bp = 0.49990585307683840000
org.apache.commons.math.complex.Complex:valueOf:(DD)Lorg/apache/commons/math/complex/Complex;#1178#4 prob_bp = 0.49996541146339540000
org.apache.commons.math.complex.Complex:valueOf:(DD)Lorg/apache/commons/math/complex/Complex;#1178#1 prob_bp = 0.49996674407441183000
org.apache.commons.math.complex.Complex:valueOf:(DD)Lorg/apache/commons/math/complex/Complex;#1178#0 prob_bp = 0.49996740323314920000
org.apache.commons.math.util.FastMath:sinh:(D)D#453#19 prob_bp = 0.49999999850674860000
org.apache.commons.math.util.FastMath:sinh:(D)D#453#18 prob_bp = 0.49999999966743325000
org.apache.commons.math.util.FastMath:cos:(D)D#2267#93 prob_bp = 0.49999999999999970000
org.apache.commons.math.util.FastMath:cos:(D)D#2276#154 prob_bp = 0.49999999999999970000
org.apache.commons.math.util.FastMath:cos:(D)D#2271#120 prob_bp = 0.49999999999999980000
org.apache.commons.math.util.FastMath:cos:(D)D#2271#119 prob_bp = 0.49999999999999983000
org.apache.commons.math.util.FastMath:cos:(D)D#2268#105 prob_bp = 0.49999999999999990000
org.apache.commons.math.util.FastMath:cos:(D)D#2273#135 prob_bp = 0.49999999999999994000
org.apache.commons.math.util.FastMath:cos:(D)D#2273#136 prob_bp = 0.49999999999999994000
org.apache.commons.math.util.FastMath:cos:(D)D#2276#155 prob_bp = 0.49999999999999994000
org.apache.commons.math.util.FastMath:cosh:(D)D#393#17 prob_bp = 0.49999999999999994000
org.apache.commons.math.complex.Complex:tan:()Lorg/apache/commons/math/complex/Complex;#1022#15 prob_bp = 0.50000000000000000000
org.apache.commons.math.complex.Complex:tan:()Lorg/apache/commons/math/complex/Complex;#1024#29 prob_bp = 0.50000000000000000000
org.apache.commons.math.complex.Complex:tan:()Lorg/apache/commons/math/complex/Complex;#1024#30 prob_bp = 0.50000000000000000000
org.apache.commons.math.util.FastMath:cos:(D)D#2267#99 prob_bp = 0.50000000000000000000
org.apache.commons.math.util.FastMath:cos:(D)D#2272#129 prob_bp = 0.50000000000000000000
org.apache.commons.math.complex.Complex:tan:()Lorg/apache/commons/math/complex/Complex;#1024#33 prob_bp = 0.50000000000000000000
org.apache.commons.math.complex.Complex:tanh:()Lorg/apache/commons/math/complex/Complex;#1068#29 prob_bp = 0.50000000000000000000
org.apache.commons.math.complex.Complex:tan:()Lorg/apache/commons/math/complex/Complex;#1022#14 prob_bp = 0.50000000000000010000
org.apache.commons.math.util.FastMath:cos:(D)D#2267#98 prob_bp = 0.50000000000000010000
org.apache.commons.math.util.FastMath:cos:(D)D#2268#102 prob_bp = 0.50000000000000010000
org.apache.commons.math.util.FastMath:cos:(D)D#2271#124 prob_bp = 0.50000000000000010000
org.apache.commons.math.util.FastMath:cos:(D)D#2273#131 prob_bp = 0.50000000000000010000
org.apache.commons.math.util.FastMath:cos:(D)D#2276#160 prob_bp = 0.50000000000000010000
org.apache.commons.math.complex.Complex:tan:()Lorg/apache/commons/math/complex/Complex;#1024#34 prob_bp = 0.50000000000000010000
org.apache.commons.math.util.FastMath:cosh:(D)D#393#16 prob_bp = 0.50000000000000010000
org.apache.commons.math.complex.Complex:tanh:()Lorg/apache/commons/math/complex/Complex;#1068#30 prob_bp = 0.50000000000000010000
org.apache.commons.math.util.FastMath:cos:(D)D#2271#125 prob_bp = 0.50000000000000020000
org.apache.commons.math.util.FastMath:cos:(D)D#2267#91 prob_bp = 0.50000000000000030000
org.apache.commons.math.util.FastMath:cos:(D)D#2268#101 prob_bp = 0.50000000000000030000
org.apache.commons.math.util.FastMath:cos:(D)D#2268#104 prob_bp = 0.50000000000000030000
org.apache.commons.math.util.FastMath:cos:(D)D#2271#117 prob_bp = 0.50000000000000030000
org.apache.commons.math.util.FastMath:cos:(D)D#2273#133 prob_bp = 0.50000000000000030000
org.apache.commons.math.util.FastMath:cos:(D)D#2276#159 prob_bp = 0.50000000000000030000
org.apache.commons.math.util.FastMath:cos:(D)D#2267#94 prob_bp = 0.50000000000000060000
org.apache.commons.math.util.FastMath:cos:(D)D#2276#152 prob_bp = 0.50000000000000060000
org.apache.commons.math.util.FastMath:cos:(D)D#2278#166 prob_bp = 0.50000000000000060000
org.apache.commons.math.util.FastMath:cos:(D)D#2277#162 prob_bp = 0.50000000000000080000
org.apache.commons.math.util.FastMath:cos:(D)D#2267#95 prob_bp = 0.50000000000000100000
org.apache.commons.math.util.FastMath:cos:(D)D#2278#168 prob_bp = 0.50000000000000120000
org.apache.commons.math.util.FastMath:cos:(D)D#2278#170 prob_bp = 0.50000000000000140000
org.apache.commons.math.complex.Complex:tan:()Lorg/apache/commons/math/complex/Complex;#1022#11 prob_bp = 0.50000000000000170000
org.apache.commons.math.util.FastMath:cos:(D)D#2277#164 prob_bp = 0.50000000000000170000
org.apache.commons.math.complex.Complex:tan:()Lorg/apache/commons/math/complex/Complex;#1022#18 prob_bp = 0.50000000000000190000
org.apache.commons.math.complex.Complex:tanh:()Lorg/apache/commons/math/complex/Complex;#1068#33 prob_bp = 0.50000000000000190000
org.apache.commons.math.util.FastMath:cos:(D)D#2276#156 prob_bp = 0.50000000000000230000
org.apache.commons.math.util.FastMath:cos:(D)D#2272#127 prob_bp = 0.50000000000000280000
org.apache.commons.math.util.FastMath:sin:(D)D#2181#134 prob_bp = 0.50000000000000300000
org.apache.commons.math.util.FastMath:cos:(D)D#2271#121 prob_bp = 0.50000000000000340000
org.apache.commons.math.util.FastMath:sin:(D)D#2181#132 prob_bp = 0.50000000000000370000
org.apache.commons.math.util.FastMath:sin:(D)D#2181#135 prob_bp = 0.50000000000000430000
org.apache.commons.math.util.FastMath:sin:(D)D#2181#139 prob_bp = 0.50000000000000590000
org.apache.commons.math.util.FastMath:sin:(D)D#2181#136 prob_bp = 0.50000000000000690000
org.apache.commons.math.complex.Complex:tanh:()Lorg/apache/commons/math/complex/Complex;#1068#34 prob_bp = 0.50000000000000720000
org.apache.commons.math.util.FastMath:sin:(D)D#2181#140 prob_bp = 0.50000000000001070000
org.apache.commons.math.util.FastMath:sin:(D)D#2182#142 prob_bp = 0.50000000000001480000
org.apache.commons.math.util.FastMath:cosh:(D)D#401#47 prob_bp = 0.50000000000001540000
org.apache.commons.math.util.FastMath:sin:(D)D#2182#144 prob_bp = 0.50000000000001800000
org.apache.commons.math.complex.Complex:tan:()Lorg/apache/commons/math/complex/Complex;#1022#19 prob_bp = 0.50000000000003180000
org.apache.commons.math.util.FastMath:sin:(D)D#2182#146 prob_bp = 0.50000000000003420000
org.apache.commons.math.util.FastMath:cosh:(D)D#401#48 prob_bp = 0.50000000000006630000
org.apache.commons.math.util.FastMath:cosh:(D)D#401#49 prob_bp = 0.50000000000006900000
org.apache.commons.math.util.FastMath:cosh:(D)D#383#0 prob_bp = 0.50000000000012860000
org.apache.commons.math.util.FastMath:cosh:(D)D#383#1 prob_bp = 0.50000000000012860000
org.apache.commons.math.complex.Complex:tan:()Lorg/apache/commons/math/complex/Complex;#1026#41 prob_bp = 0.50000000000015190000
org.apache.commons.math.util.FastMath:cos:(D)D#2278#171 prob_bp = 0.50000000000023500000
org.apache.commons.math.complex.Complex:tanh:()Lorg/apache/commons/math/complex/Complex;#1066#14 prob_bp = 0.50000000000024290000
org.apache.commons.math.complex.Complex:tanh:()Lorg/apache/commons/math/complex/Complex;#1066#15 prob_bp = 0.50000000000025260000
org.apache.commons.math.complex.Complex:tan:()Lorg/apache/commons/math/complex/Complex;#1018#0 prob_bp = 0.50000000000044890000
org.apache.commons.math.util.FastMath:cosh:(D)D#383#2 prob_bp = 0.50000000000045770000
org.apache.commons.math.complex.Complex:tan:()Lorg/apache/commons/math/complex/Complex;#1018#1 prob_bp = 0.50000000000049380000
org.apache.commons.math.complex.Complex:tanh:()Lorg/apache/commons/math/complex/Complex;#1066#11 prob_bp = 0.50000000000051480000
org.apache.commons.math.complex.Complex:tanh:()Lorg/apache/commons/math/complex/Complex;#1066#18 prob_bp = 0.50000000000053510000
org.apache.commons.math.complex.Complex:tan:()Lorg/apache/commons/math/complex/Complex;#1026#42 prob_bp = 0.50000000000063520000
org.apache.commons.math.util.FastMath:cos:(D)D#2237#4 prob_bp = 0.50000000000095730000
org.apache.commons.math.util.FastMath:cos:(D)D#2281#187 prob_bp = 0.50000000000106090000
org.apache.commons.math.util.FastMath:sin:(D)D#2182#147 prob_bp = 0.50000000000205670000
org.apache.commons.math.util.FastMath:cos:(D)D#2261#83 prob_bp = 0.50000000000219170000
org.apache.commons.math.util.FastMath:sinh:(D)D#464#54 prob_bp = 0.50000000000327520000
org.apache.commons.math.util.FastMath:cos:(D)D#2237#5 prob_bp = 0.50000000000372780000
org.apache.commons.math.util.FastMath:cos:(D)D#2281#189 prob_bp = 0.50000000000384390000
org.apache.commons.math.util.FastMath:cos:(D)D#2237#6 prob_bp = 0.50000000000387810000
org.apache.commons.math.util.FastMath:cos:(D)D#2281#190 prob_bp = 0.50000000000397890000
org.apache.commons.math.complex.Complex:tanh:()Lorg/apache/commons/math/complex/Complex;#1066#19 prob_bp = 0.50000000000484920000
org.apache.commons.math.complex.Complex:tan:()Lorg/apache/commons/math/complex/Complex;#1023#23 prob_bp = 0.50000000000495700000
org.apache.commons.math.complex.Complex:tan:()Lorg/apache/commons/math/complex/Complex;#1023#24 prob_bp = 0.50000000000553370000
org.apache.commons.math.util.FastMath:sin:(D)D#2186#170 prob_bp = 0.50000000000619000000
org.apache.commons.math.util.FastMath:sin:(D)D#2185#160 prob_bp = 0.50000000000646120000
org.apache.commons.math.util.FastMath:sin:(D)D#2185#162 prob_bp = 0.50000000000692680000
org.apache.commons.math.util.FastMath:cos:(D)D#2261#84 prob_bp = 0.50000000000756980000
org.apache.commons.math.util.FastMath:cos:(D)D#2261#87 prob_bp = 0.50000000000783670000
org.apache.commons.math.util.FastMath:sin:(D)D#2185#163 prob_bp = 0.50000000000787700000
org.apache.commons.math.util.FastMath:sin:(D)D#2185#164 prob_bp = 0.50000000000962230000
org.apache.commons.math.util.FastMath:sin:(D)D#2185#167 prob_bp = 0.50000000000981890000
org.apache.commons.math.complex.Complex:tan:()Lorg/apache/commons/math/complex/Complex;#1018#4 prob_bp = 0.50000000001079900000
org.apache.commons.math.util.FastMath:sinh:(D)D#464#55 prob_bp = 0.50000000001399000000
org.apache.commons.math.util.FastMath:sinh:(D)D#464#56 prob_bp = 0.50000000001447660000
org.apache.commons.math.util.FastMath:sin:(D)D#2186#172 prob_bp = 0.50000000001463150000
org.apache.commons.math.util.FastMath:sin:(D)D#2185#168 prob_bp = 0.50000000001775680000
org.apache.commons.math.complex.Complex:<init>:(DD)V#102#15 prob_bp = 0.50000000001902600000
org.apache.commons.math.complex.Complex:<init>:(DD)V#102#16 prob_bp = 0.50000000001940930000
org.apache.commons.math.complex.Complex:<init>:(DD)V#102#19 prob_bp = 0.50000000002018520000
org.apache.commons.math.complex.Complex:tanh:()Lorg/apache/commons/math/complex/Complex;#1070#41 prob_bp = 0.50000000002202870000
org.apache.commons.math.complex.Complex:<init>:(DD)V#99#5 prob_bp = 0.50000000002762230000
org.apache.commons.math.complex.Complex:<init>:(DD)V#99#4 prob_bp = 0.50000000002762250000
org.apache.commons.math.complex.Complex:<init>:(DD)V#99#6 prob_bp = 0.50000000002818020000
org.apache.commons.math.util.FastMath:sin:(D)D#2187#176 prob_bp = 0.50000000003187540000
org.apache.commons.math.util.FastMath:sin:(D)D#2187#174 prob_bp = 0.50000000003397460000
org.apache.commons.math.util.FastMath:cosh:(D)D#392#8 prob_bp = 0.50000000005310470000
org.apache.commons.math.complex.Complex:<init>:(DD)V#102#22 prob_bp = 0.50000000005484890000
org.apache.commons.math.complex.Complex:<init>:(DD)V#102#23 prob_bp = 0.50000000005681000000
org.apache.commons.math.complex.Complex:<init>:(DD)V#102#26 prob_bp = 0.50000000006381880000
org.apache.commons.math.util.FastMath:cosh:(D)D#401#50 prob_bp = 0.50000000006417310000
org.apache.commons.math.util.FastMath:sin:(D)D#2187#178 prob_bp = 0.50000000006710330000
org.apache.commons.math.util.FastMath:cos:(D)D#2261#88 prob_bp = 0.50000000007597370000
org.apache.commons.math.util.FastMath:sinh:(D)D#443#2 prob_bp = 0.50000000008221050000
org.apache.commons.math.util.FastMath:sinh:(D)D#443#3 prob_bp = 0.50000000008221050000
org.apache.commons.math.complex.Complex:tan:()Lorg/apache/commons/math/complex/Complex;#1023#20 prob_bp = 0.50000000018834070000
org.apache.commons.math.complex.Complex:tan:()Lorg/apache/commons/math/complex/Complex;#1023#27 prob_bp = 0.50000000019592740000
org.apache.commons.math.util.FastMath:cosh:(D)D#392#9 prob_bp = 0.50000000022561140000
org.apache.commons.math.util.FastMath:cosh:(D)D#392#12 prob_bp = 0.50000000023432870000
org.apache.commons.math.util.FastMath:sinh:(D)D#443#4 prob_bp = 0.50000000030358390000
org.apache.commons.math.util.FastMath:cos:(D)D#2236#2 prob_bp = 0.50000000042007940000
org.apache.commons.math.util.FastMath:cos:(D)D#2241#13 prob_bp = 0.50000000043497400000
org.apache.commons.math.util.FastMath:cos:(D)D#2241#14 prob_bp = 0.50000000043497400000
org.apache.commons.math.util.FastMath:cos:(D)D#2238#10 prob_bp = 0.50000000051293340000
org.apache.commons.math.util.FastMath:cosh:(D)D#401#50#unexe#0 prob_bp = 0.50000000051368690000
org.apache.commons.math.util.FastMath:cosh:(D)D#396#25 prob_bp = 0.50000000056783660000
org.apache.commons.math.util.FastMath:cos:(D)D#2241#15 prob_bp = 0.50000000169961170000
org.apache.commons.math.util.FastMath:cos:(D)D#2236#3 prob_bp = 0.50000000170060950000
org.apache.commons.math.util.FastMath:cos:(D)D#2238#11 prob_bp = 0.50000000189739510000
org.apache.commons.math.util.FastMath:cosh:(D)D#404#56 prob_bp = 0.50000000231665620000
org.apache.commons.math.util.FastMath:cosh:(D)D#396#26 prob_bp = 0.50000000233506210000
org.apache.commons.math.complex.Complex:tanh:()Lorg/apache/commons/math/complex/Complex;#1070#42 prob_bp = 0.50000000236418420000
org.apache.commons.math.util.FastMath:cosh:(D)D#396#29 prob_bp = 0.50000000241855700000
org.apache.commons.math.complex.Complex:<init>:(DD)V#102#33 prob_bp = 0.50000000254630530000
org.apache.commons.math.complex.Complex:<init>:(DD)V#102#14 prob_bp = 0.50000000259413860000
org.apache.commons.math.complex.Complex:<init>:(DD)V#102#34 prob_bp = 0.50000000264663900000
org.apache.commons.math.complex.Complex:tanh:()Lorg/apache/commons/math/complex/Complex;#1063#0 prob_bp = 0.50000000294718970000
org.apache.commons.math.complex.Complex:tanh:()Lorg/apache/commons/math/complex/Complex;#1063#1 prob_bp = 0.50000000300672880000
org.apache.commons.math.util.FastMath:cos:(D)D#2247#34 prob_bp = 0.50000000305682850000
org.apache.commons.math.complex.Complex:tan:()Lorg/apache/commons/math/complex/Complex;#1023#28 prob_bp = 0.50000000316562650000
org.apache.commons.math.util.FastMath:cos:(D)D#2256#75 prob_bp = 0.50000000336697690000
org.apache.commons.math.util.FastMath:cos:(D)D#2281#191 prob_bp = 0.50000000349092680000
org.apache.commons.math.util.FastMath:sin:(D)D#2187#179 prob_bp = 0.50000000362040740000
org.apache.commons.math.util.FastMath:cos:(D)D#2237#7 prob_bp = 0.50000000450076700000
org.apache.commons.math.complex.Complex:tanh:()Lorg/apache/commons/math/complex/Complex;#1063#4 prob_bp = 0.50000000459021940000
org.apache.commons.math.util.FastMath:cos:(D)D#2238#12 prob_bp = 0.50000000686680310000
org.apache.commons.math.util.FastMath:cosh:(D)D#404#59 prob_bp = 0.50000000870191300000
org.apache.commons.math.util.FastMath:cosh:(D)D#383#3 prob_bp = 0.50000000902467410000
org.apache.commons.math.util.FastMath:cos:(D)D#2247#35 prob_bp = 0.50000001057841540000
org.apache.commons.math.util.FastMath:sin:(D)D#2191#205 prob_bp = 0.50000001088027100000
org.apache.commons.math.util.FastMath:cos:(D)D#2247#38 prob_bp = 0.50000001095299150000
org.apache.commons.math.util.FastMath:sin:(D)D#2190#195 prob_bp = 0.50000001134653670000
org.apache.commons.math.util.FastMath:cos:(D)D#2256#76 prob_bp = 0.50000001163835540000
org.apache.commons.math.util.FastMath:cos:(D)D#2256#79 prob_bp = 0.50000001204982780000
org.apache.commons.math.util.FastMath:sin:(D)D#2190#197 prob_bp = 0.50000001216360280000
org.apache.commons.math.complex.Complex:tanh:()Lorg/apache/commons/math/complex/Complex;#1067#23 prob_bp = 0.50000001220339010000
org.apache.commons.math.complex.Complex:tanh:()Lorg/apache/commons/math/complex/Complex;#1067#24 prob_bp = 0.50000001268940840000
org.apache.commons.math.util.FastMath:sinh:(D)D#464#57 prob_bp = 0.50000001298315790000
org.apache.commons.math.util.FastMath:sin:(D)D#2190#198 prob_bp = 0.50000001383279690000
org.apache.commons.math.complex.Complex:tan:()Lorg/apache/commons/math/complex/Complex;#1026#48 prob_bp = 0.50000001512801880000
org.apache.commons.math.util.FastMath:sin:(D)D#2190#199 prob_bp = 0.50000001689778360000
org.apache.commons.math.util.FastMath:sin:(D)D#2190#202 prob_bp = 0.50000001724298280000
org.apache.commons.math.util.FastMath:cos:(D)D#2261#89 prob_bp = 0.50000002392010490000
org.apache.commons.math.util.FastMath:sin:(D)D#2191#207 prob_bp = 0.50000002571471760000
org.apache.commons.math.complex.Complex:tanh:()Lorg/apache/commons/math/complex/Complex;#1067#20 prob_bp = 0.50000002586691780000
org.apache.commons.math.complex.Complex:tanh:()Lorg/apache/commons/math/complex/Complex;#1067#27 prob_bp = 0.50000002689711390000
org.apache.commons.math.util.FastMath:cos:(D)D#2281#191#unexe#7 prob_bp = 0.50000002712771720000
org.apache.commons.math.util.FastMath:cos:(D)D#2237#7#unexe#3 prob_bp = 0.50000003103785030000
org.apache.commons.math.util.FastMath:sin:(D)D#2190#203 prob_bp = 0.50000003119542210000
org.apache.commons.math.util.FastMath:cos:(D)D#2290#203 prob_bp = 0.50000003404554950000
org.apache.commons.math.util.FastMath:sin:(D)D#2192#211 prob_bp = 0.50000005603182780000
org.apache.commons.math.util.FastMath:cos:(D)D#2290#205 prob_bp = 0.50000005930105330000
org.apache.commons.math.util.FastMath:sin:(D)D#2192#209 prob_bp = 0.50000005971105550000
org.apache.commons.math.util.FastMath:cos:(D)D#2290#206 prob_bp = 0.50000006139723100000
org.apache.commons.math.util.FastMath:sinh:(D)D#471#65 prob_bp = 0.50000008699881540000
org.apache.commons.math.util.FastMath:sinh:(D)D#464#57#unexe#0 prob_bp = 0.50000010230904730000
org.apache.commons.math.util.FastMath:cos:(D)D#2241#19 prob_bp = 0.50000010485208040000
org.apache.commons.math.util.FastMath:sin:(D)D#2192#213 prob_bp = 0.50000011800730260000
org.apache.commons.math.util.FastMath:sinh:(D)D#452#10 prob_bp = 0.50000016258307130000
org.apache.commons.math.complex.Complex:tanh:()Lorg/apache/commons/math/complex/Complex;#1067#28 prob_bp = 0.50000024362412130000
org.apache.commons.math.util.FastMath:cosh:(D)D#392#13 prob_bp = 0.50000026049476250000
org.apache.commons.math.util.FastMath:sinh:(D)D#471#66 prob_bp = 0.50000031108945690000
org.apache.commons.math.util.FastMath:sin:(D)D#2142#10 prob_bp = 0.50000031489597780000
org.apache.commons.math.util.FastMath:sinh:(D)D#471#69 prob_bp = 0.50000032191130770000
org.apache.commons.math.util.FastMath:cos:(D)D#2241#20 prob_bp = 0.50000036377403670000
org.apache.commons.math.util.FastMath:sinh:(D)D#473#78 prob_bp = 0.50000037020279280000
org.apache.commons.math.util.FastMath:cos:(D)D#2241#23 prob_bp = 0.50000037682754740000
org.apache.commons.math.util.FastMath:exp:(D)D#807#0 prob_bp = 0.50000039462404190000
org.apache.commons.math.complex.Complex:tan:()Lorg/apache/commons/math/complex/Complex;#1026#49 prob_bp = 0.50000051905791000000
org.apache.commons.math.util.FastMath:sinh:(D)D#452#11 prob_bp = 0.50000074831587280000
org.apache.commons.math.util.FastMath:sinh:(D)D#452#14 prob_bp = 0.50000077795954270000
org.apache.commons.math.util.FastMath:sin:(D)D#2142#11 prob_bp = 0.50000108249399950000
org.apache.commons.math.complex.Complex:tanh:()Lorg/apache/commons/math/complex/Complex;#1070#48 prob_bp = 0.50000110677806330000
org.apache.commons.math.util.FastMath:sin:(D)D#2142#12 prob_bp = 0.50000112261161280000
org.apache.commons.math.util.FastMath:sin:(D)D#2144#18 prob_bp = 0.50000116355686860000
org.apache.commons.math.util.FastMath:sinh:(D)D#473#82 prob_bp = 0.50000138229197360000
org.apache.commons.math.util.FastMath:exp:(D)D#807#3 prob_bp = 0.50000138954490180000
org.apache.commons.math.util.FastMath:exp:(DD[D)D#826#0 prob_bp = 0.50000144361298860000
org.apache.commons.math.util.FastMath:sinh:(D)D#456#27 prob_bp = 0.50000199704638700000
org.apache.commons.math.util.FastMath:cosh:(D)D#396#30 prob_bp = 0.50000226532140200000
org.apache.commons.math.complex.Complex:<init>:(DD)V#100#9 prob_bp = 0.50000312868519210000
org.apache.commons.math.complex.Complex:<init>:(DD)V#100#10 prob_bp = 0.50000312868524130000
org.apache.commons.math.complex.Complex:<init>:(DD)V#100#11 prob_bp = 0.50000319189068180000
org.apache.commons.math.util.FastMath:sin:(D)D#2156#49 prob_bp = 0.50000334411437310000
org.apache.commons.math.util.FastMath:sin:(D)D#2156#51 prob_bp = 0.50000334411437310000
org.apache.commons.math.util.FastMath:sin:(D)D#2148#23 prob_bp = 0.50000357340379450000
org.apache.commons.math.complex.Complex:tanh:()Lorg/apache/commons/math/complex/Complex;#1070#49 prob_bp = 0.50000407402820250000
org.apache.commons.math.util.FastMath:sin:(D)D#2144#20 prob_bp = 0.50000423024025620000
org.apache.commons.math.util.FastMath:exp:(DD[D)D#826#1 prob_bp = 0.50000493363357100000
org.apache.commons.math.util.FastMath:exp:(DD[D)D#826#2 prob_bp = 0.50000510789970070000
org.apache.commons.math.util.FastMath:sin:(D)D#2192#214 prob_bp = 0.50000638355047170000
org.apache.commons.math.util.FastMath:exp:(DD[D)D#864#177 prob_bp = 0.50000845454798740000
org.apache.commons.math.util.FastMath:sinh:(D)D#456#28 prob_bp = 0.50000850515987930000
org.apache.commons.math.util.FastMath:sinh:(D)D#456#31 prob_bp = 0.50000880657634150000
org.apache.commons.math.util.FastMath:cos:(D)D#2247#39 prob_bp = 0.50000947708829010000
org.apache.commons.math.util.FastMath:cos:(D)D#2256#80 prob_bp = 0.50001038978085380000
org.apache.commons.math.util.FastMath:sin:(D)D#2156#53 prob_bp = 0.50001208101069070000
org.apache.commons.math.util.FastMath:sin:(D)D#2148#25 prob_bp = 0.50001232487009470000
org.apache.commons.math.util.FastMath:sin:(D)D#2148#26 prob_bp = 0.50001278955521030000
org.apache.commons.math.util.FastMath:sinh:(D)D#443#5 prob_bp = 0.50001492812718920000
org.apache.commons.math.util.FastMath:sin:(D)D#2144#21 prob_bp = 0.50001517216869720000
org.apache.commons.math.util.FastMath:sin:(D)D#2195#230 prob_bp = 0.50001921474820870000
org.apache.commons.math.util.FastMath:sinh:(D)D#460#46 prob_bp = 0.50002002800626080000
org.apache.commons.math.util.FastMath:exp:(DD[D)D#864#178 prob_bp = 0.50002962826414790000
org.apache.commons.math.util.FastMath:cos:(D)D#2290#207 prob_bp = 0.50003273820390980000
org.apache.commons.math.util.FastMath:sin:(D)D#2141#7 prob_bp = 0.50003641782826800000
org.apache.commons.math.util.FastMath:cos:(D)D#2241#16 prob_bp = 0.50003747185558440000
org.apache.commons.math.util.FastMath:sin:(D)D#2175#123 prob_bp = 0.50003890623374620000
org.apache.commons.math.util.FastMath:sin:(D)D#2195#232 prob_bp = 0.50004461270177820000
org.apache.commons.math.util.FastMath:sin:(D)D#2195#233 prob_bp = 0.50004552851139650000
org.apache.commons.math.util.FastMath:cos:(D)D#2256#80#unexe#2 prob_bp = 0.50005011103933780000
org.apache.commons.math.util.FastMath:cos:(D)D#2247#39#unexe#2 prob_bp = 0.50006542088865990000
org.apache.commons.math.util.FastMath:sinh:(D)D#460#47 prob_bp = 0.50008073677749700000
org.apache.commons.math.util.FastMath:sinh:(D)D#460#48 prob_bp = 0.50008335268704410000
org.apache.commons.math.util.FastMath:sin:(D)D#2175#125 prob_bp = 0.50009420591267830000
org.apache.commons.math.util.FastMath:sin:(D)D#2175#128 prob_bp = 0.50009612973059160000
org.apache.commons.math.util.FastMath:cos:(D)D#2298#215 prob_bp = 0.50011953656730410000
org.apache.commons.math.util.FastMath:sin:(D)D#2141#8 prob_bp = 0.50013697789659730000
org.apache.commons.math.util.FastMath:sinh:(D)D#471#70 prob_bp = 0.50027221831093530000
org.apache.commons.math.util.FastMath:cos:(D)D#2298#216 prob_bp = 0.50031103917299950000
org.apache.commons.math.util.FastMath:sin:(D)D#2175#129 prob_bp = 0.50032997136120070000
org.apache.commons.math.util.FastMath:cos:(D)D#2241#24 prob_bp = 0.50033500302165460000
org.apache.commons.math.util.FastMath:sin:(D)D#2156#57 prob_bp = 0.50085197030908810000
org.apache.commons.math.util.FastMath:sinh:(D)D#452#15 prob_bp = 0.50092186093822810000
org.apache.commons.math.util.FastMath:sin:(D)D#2142#13 prob_bp = 0.50107767522466310000
org.apache.commons.math.util.FastMath:sin:(D)D#2142#13#unexe#4 prob_bp = 0.50137394819741400000
org.apache.commons.math.util.FastMath:sin:(D)D#2156#59 prob_bp = 0.50259573458544680000
org.apache.commons.math.util.FastMath:sin:(D)D#2170#114 prob_bp = 0.50262567136332850000
org.apache.commons.math.util.FastMath:sin:(D)D#2156#62 prob_bp = 0.50267230205048640000
org.apache.commons.math.util.FastMath:sin:(D)D#2161#70 prob_bp = 0.50269699102186130000
org.apache.commons.math.util.FastMath:exp:(DD[D)D#826#3 prob_bp = 0.50435109692337590000
org.apache.commons.math.util.FastMath:sin:(D)D#2170#116 prob_bp = 0.50649374538183730000
org.apache.commons.math.util.FastMath:sin:(D)D#2161#72 prob_bp = 0.50655734797494580000
org.apache.commons.math.util.FastMath:sin:(D)D#2170#119 prob_bp = 0.50662607730345440000
org.apache.commons.math.util.FastMath:sin:(D)D#2161#75 prob_bp = 0.50668697979403280000
org.apache.commons.math.util.FastMath:sin:(D)D#2135#0 prob_bp = 0.50708947645320400000
org.apache.commons.math.util.FastMath:exp:(DD[D)D#864#179 prob_bp = 0.50725987255882150000
org.apache.commons.math.util.FastMath:sin:(D)D#2135#1 prob_bp = 0.50736886278129280000
org.apache.commons.math.util.FastMath:exp:(DD[D)D#866#181 prob_bp = 0.50775430694324700000
org.apache.commons.math.util.FastMath:sinh:(D)D#456#32 prob_bp = 0.50817290321646740000
org.apache.commons.math.util.FastMath:exp:(DD[D)D#866#183 prob_bp = 0.50914658736035570000
org.apache.commons.math.util.FastMath:exp:(DD[D)D#866#186 prob_bp = 0.50945788661306900000
org.apache.commons.math.util.FastMath:sin:(D)D#2195#234 prob_bp = 0.51066205831431570000
org.apache.commons.math.util.FastMath:sin:(D)D#2142#13#unexe#2 prob_bp = 0.51067315210153110000
org.apache.commons.math.util.FastMath:sin:(D)D#2148#27 prob_bp = 0.51319418303790740000
org.apache.commons.math.util.FastMath:sin:(D)D#2209#259 prob_bp = 0.52293116566940330000
org.apache.commons.math.util.FastMath:sin:(D)D#2175#130 prob_bp = 0.54411137142113570000
org.apache.commons.math.util.FastMath:sin:(D)D#2209#260 prob_bp = 0.54536114740722040000
org.apache.commons.math.util.FastMath:sin:(D)D#2195#234#unexe#8 prob_bp = 0.54809999252431600000
org.apache.commons.math.util.FastMath:sin:(D)D#2204#246 prob_bp = 0.55238269913386470000
org.apache.commons.math.util.FastMath:sin:(D)D#2204#248 prob_bp = 0.56221580525240330000
org.apache.commons.math.util.FastMath:sin:(D)D#2204#249 prob_bp = 0.56324594373373140000
org.apache.commons.math.util.FastMath:sinh:(D)D#460#49 prob_bp = 0.56357190936266290000
org.apache.commons.math.util.FastMath:sin:(D)D#2156#54 prob_bp = 0.66985851646794330000
org.apache.commons.math.util.FastMath:sin:(D)D#2156#63 prob_bp = 0.97368744978022830000
org.apache.commons.math.util.FastMath:sin:(D)D#2161#76 prob_bp = 0.97875580828548650000
org.apache.commons.math.util.FastMath:sin:(D)D#2170#120 prob_bp = 0.98371176039685560000
org.apache.commons.math.complex.Complex:tanh:()Lorg/apache/commons/math/complex/Complex;#1070#58 prob_bp = 0.99000245345746980000
org.apache.commons.math.complex.Complex:tan:()Lorg/apache/commons/math/complex/Complex;#1026#58 prob_bp = 0.99002367251047540000
org.apache.commons.math.util.FastMath:sin:(D)D#2204#250 prob_bp = 0.99999998140584530000
org.apache.commons.math.util.FastMath:sin:(D)D#2170#120#unexe#3 prob_bp = 0.99999999300406400000
org.apache.commons.math.util.FastMath:sin:(D)D#2161#76#unexe#3 prob_bp = 0.99999999780547040000
org.apache.commons.math.util.FastMath:sin:(D)D#2209#260#unexe#3 prob_bp = 0.99999999957576800000
org.apache.commons.math.util.FastMath:sin:(D)D#2213#267 prob_bp = 0.99999999999409840000
org.apache.commons.math.util.FastMath:sin:(D)D#2213#268 prob_bp = 0.99999999999999630000
org.apache.commons.math.complex.ComplexTest:<init>:()V#35#4 prob_bp = 1.00000000000000000000
org.apache.commons.math.complex.ComplexTest:<init>:()V#35#5 prob_bp = 1.00000000000000000000
org.apache.commons.math.complex.ComplexTest:<init>:()V#35#8 prob_bp = 1.00000000000000000000
org.apache.commons.math.complex.ComplexTest:<init>:()V#36#11 prob_bp = 1.00000000000000000000
org.apache.commons.math.complex.ComplexTest:<init>:()V#36#12 prob_bp = 1.00000000000000000000
org.apache.commons.math.complex.ComplexTest:<init>:()V#36#15 prob_bp = 1.00000000000000000000
org.apache.commons.math.complex.ComplexTest:<init>:()V#39#32 prob_bp = 1.00000000000000000000
org.apache.commons.math.complex.ComplexTest:<init>:()V#39#33 prob_bp = 1.00000000000000000000
org.apache.commons.math.complex.ComplexTest:<init>:()V#39#36 prob_bp = 1.00000000000000000000
org.apache.commons.math.complex.ComplexTest:<init>:()V#39#37 prob_bp = 1.00000000000000000000
org.apache.commons.math.complex.ComplexTest:<init>:()V#39#38 prob_bp = 1.00000000000000000000
org.apache.commons.math.complex.ComplexTest:<init>:()V#39#39 prob_bp = 1.00000000000000000000
org.apache.commons.math.complex.ComplexTest:<init>:()V#39#42 prob_bp = 1.00000000000000000000
org.apache.commons.math.complex.ComplexTest:<init>:()V#39#45 prob_bp = 1.00000000000000000000
org.apache.commons.math.complex.ComplexTest:<init>:()V#40#48 prob_bp = 1.00000000000000000000
org.apache.commons.math.complex.ComplexTest:<init>:()V#40#49 prob_bp = 1.00000000000000000000
org.apache.commons.math.complex.ComplexTest:<init>:()V#40#52 prob_bp = 1.00000000000000000000
org.apache.commons.math.complex.ComplexTest:<init>:()V#40#53 prob_bp = 1.00000000000000000000
org.apache.commons.math.complex.ComplexTest:<init>:()V#40#54 prob_bp = 1.00000000000000000000
org.apache.commons.math.complex.ComplexTest:<init>:()V#40#55 prob_bp = 1.00000000000000000000
org.apache.commons.math.complex.ComplexTest:<init>:()V#40#58 prob_bp = 1.00000000000000000000
org.apache.commons.math.complex.ComplexTest:<init>:()V#40#61 prob_bp = 1.00000000000000000000
org.apache.commons.math.complex.ComplexTest:<init>:()V#41#64 prob_bp = 1.00000000000000000000
org.apache.commons.math.complex.ComplexTest:<init>:()V#41#65 prob_bp = 1.00000000000000000000
org.apache.commons.math.complex.ComplexTest:<init>:()V#41#68 prob_bp = 1.00000000000000000000
org.apache.commons.math.complex.ComplexTest:<init>:()V#41#69 prob_bp = 1.00000000000000000000
org.apache.commons.math.complex.ComplexTest:<init>:()V#41#70 prob_bp = 1.00000000000000000000
org.apache.commons.math.complex.ComplexTest:<init>:()V#41#74 prob_bp = 1.00000000000000000000
org.apache.commons.math.complex.ComplexTest:<init>:()V#41#77 prob_bp = 1.00000000000000000000
org.apache.commons.math.complex.ComplexTest:testTanInf:()V#1015#0 prob_bp = 1.00000000000000000000
org.apache.commons.math.complex.ComplexTest:testTanInf:()V#1015#1 prob_bp = 1.00000000000000000000
org.apache.commons.math.complex.ComplexTest:testTanInf:()V#1015#2 prob_bp = 1.00000000000000000000
org.apache.commons.math.complex.ComplexTest:testTanInf:()V#1015#5 prob_bp = 1.00000000000000000000
org.apache.commons.math.complex.ComplexTest:testTanInf:()V#1015#6 prob_bp = 1.00000000000000000000
org.apache.commons.math.complex.ComplexTest:testTanInf:()V#1015#9 prob_bp = 1.00000000000000000000
org.apache.commons.math.complex.Complex:createComplex:(DD)Lorg/apache/commons/math/complex/Complex;#1166#0 prob_bp = 1.00000000000000000000
org.apache.commons.math.complex.Complex:createComplex:(DD)Lorg/apache/commons/math/complex/Complex;#1166#9 prob_bp = 1.00000000000000000000
org.apache.commons.math.complex.ComplexTest:testTanInf:()V#1015#12 prob_bp = 1.00000000000000000000
org.apache.commons.math.complex.ComplexTest:testTanhInf:()V#1052#3 prob_bp = 1.00000000000000000000
org.apache.commons.math.complex.ComplexTest:testTanhInf:()V#1052#4 prob_bp = 1.00000000000000000000
org.apache.commons.math.complex.ComplexTest:testTanhInf:()V#1052#7 prob_bp = 1.00000000000000000000
org.apache.commons.math.complex.ComplexTest:testTanhInf:()V#1053#16 prob_bp = 1.00000000000000000000
org.apache.commons.math.complex.ComplexTest:testTanhInf:()V#1053#17 prob_bp = 1.00000000000000000000
org.apache.commons.math.complex.ComplexTest:testTanhInf:()V#1053#20 prob_bp = 1.00000000000000000000
org.apache.commons.math.complex.ComplexTest:testTanhInf:()V#1054#26 prob_bp = 1.00000000000000000000
org.apache.commons.math.complex.ComplexTest:testTanhInf:()V#1054#27 prob_bp = 1.00000000000000000000
org.apache.commons.math.complex.ComplexTest:testTanhInf:()V#1054#28 prob_bp = 1.00000000000000000000
org.apache.commons.math.complex.ComplexTest:testTanhInf:()V#1054#31 prob_bp = 1.00000000000000000000
org.apache.commons.math.complex.ComplexTest:testTanhInf:()V#1054#32 prob_bp = 1.00000000000000000000
org.apache.commons.math.complex.ComplexTest:testTanhInf:()V#1054#35 prob_bp = 1.00000000000000000000
org.apache.commons.math.complex.ComplexTest:testTanhInf:()V#1054#38 prob_bp = 1.00000000000000000000
org.apache.commons.math.complex.ComplexTest:testTanh:()V#1033#0 prob_bp = 1.00000000000000000000
org.apache.commons.math.complex.ComplexTest:testTanh:()V#1033#3 prob_bp = 1.00000000000000000000
org.apache.commons.math.complex.ComplexTest:testTanh:()V#1033#4 prob_bp = 1.00000000000000000000
org.apache.commons.math.complex.ComplexTest:testTanh:()V#1033#7 prob_bp = 1.00000000000000000000
org.apache.commons.math.complex.ComplexTest:testTanh:()V#1033#10 prob_bp = 1.00000000000000000000
org.apache.commons.math.complex.ComplexTest:testTanh:()V#1033#13 prob_bp = 1.00000000000000000000
org.apache.commons.math.complex.ComplexTest:testTanh:()V#1035#29 prob_bp = 1.00000000000000000000
org.apache.commons.math.complex.ComplexTest:testTanh:()V#1035#30 prob_bp = 1.00000000000000000000
org.apache.commons.math.complex.ComplexTest:testTanh:()V#1037#39 prob_bp = 1.00000000000000000000
org.apache.commons.math.complex.ComplexTest:testTanh:()V#1037#42 prob_bp = 1.00000000000000000000
org.apache.commons.math.complex.ComplexTest:testTanh:()V#1037#43 prob_bp = 1.00000000000000000000
org.apache.commons.math.complex.ComplexTest:testTanh:()V#1037#46 prob_bp = 1.00000000000000000000
org.apache.commons.math.complex.ComplexTest:testTanh:()V#1037#49 prob_bp = 1.00000000000000000000
org.apache.commons.math.complex.ComplexTest:testTanh:()V#1037#52 prob_bp = 1.00000000000000000000
org.apache.commons.math.complex.ComplexTest:testTanh:()V#1037#55 prob_bp = 1.00000000000000000000
org.apache.commons.math.complex.ComplexTest:testTanh:()V#1038#56 prob_bp = 1.00000000000000000000
org.apache.commons.math.complex.ComplexTest:testTanh:()V#1038#65 prob_bp = 1.00000000000000000000
org.apache.commons.math.complex.ComplexTest:testTanh:()V#1039#66 prob_bp = 1.00000000000000000000
org.apache.commons.math.complex.ComplexTest:testTanh:()V#1039#67 prob_bp = 1.00000000000000000000
org.apache.commons.math.complex.ComplexTest:testTanh:()V#1039#68 prob_bp = 1.00000000000000000000
org.apache.commons.math.complex.ComplexTest:testTanh:()V#1039#71 prob_bp = 1.00000000000000000000
org.apache.commons.math.complex.ComplexTest:testTan:()V#996#0 prob_bp = 1.00000000000000000000
org.apache.commons.math.complex.ComplexTest:testTan:()V#996#3 prob_bp = 1.00000000000000000000
org.apache.commons.math.complex.ComplexTest:testTan:()V#996#4 prob_bp = 1.00000000000000000000
org.apache.commons.math.complex.ComplexTest:testTan:()V#996#7 prob_bp = 1.00000000000000000000
org.apache.commons.math.complex.ComplexTest:testTan:()V#996#10 prob_bp = 1.00000000000000000000
org.apache.commons.math.complex.ComplexTest:testTan:()V#996#13 prob_bp = 1.00000000000000000000
org.apache.commons.math.complex.ComplexTest:testTan:()V#998#29 prob_bp = 1.00000000000000000000
org.apache.commons.math.complex.ComplexTest:testTan:()V#998#30 prob_bp = 1.00000000000000000000
org.apache.commons.math.complex.ComplexTest:testTan:()V#1000#39 prob_bp = 1.00000000000000000000
org.apache.commons.math.complex.ComplexTest:testTan:()V#1000#42 prob_bp = 1.00000000000000000000
org.apache.commons.math.complex.ComplexTest:testTan:()V#1000#43 prob_bp = 1.00000000000000000000
org.apache.commons.math.complex.ComplexTest:testTan:()V#1000#46 prob_bp = 1.00000000000000000000
org.apache.commons.math.complex.ComplexTest:testTan:()V#1000#49 prob_bp = 1.00000000000000000000
org.apache.commons.math.complex.ComplexTest:testTan:()V#1000#52 prob_bp = 1.00000000000000000000
org.apache.commons.math.complex.ComplexTest:testTan:()V#1000#55 prob_bp = 1.00000000000000000000
org.apache.commons.math.complex.ComplexTest:testTan:()V#1001#56 prob_bp = 1.00000000000000000000
org.apache.commons.math.complex.ComplexTest:testTan:()V#1001#65 prob_bp = 1.00000000000000000000
org.apache.commons.math.complex.ComplexTest:testTan:()V#1002#66 prob_bp = 1.00000000000000000000
org.apache.commons.math.complex.ComplexTest:testTan:()V#1002#67 prob_bp = 1.00000000000000000000
org.apache.commons.math.complex.ComplexTest:testTan:()V#1002#68 prob_bp = 1.00000000000000000000
org.apache.commons.math.complex.ComplexTest:testTan:()V#1002#71 prob_bp = 1.00000000000000000000
Belief propagation time : 90.118000s
