Belief propagation time: 100

Probabilities: 
Vars:25949
Stmts:5301
org.jfree.data.statistics.DefaultBoxAndWhiskerCategoryDataset:updateBounds:()V#740#0 prob_bp = 0.49999999999999990000
org.jfree.data.statistics.DefaultBoxAndWhiskerCategoryDataset:add:(Lorg/jfree/data/statistics/BoxAndWhiskerItem;Ljava/lang/Comparable;Ljava/lang/Comparable;)V#150#10 prob_bp = 0.49999999999999994000
org.jfree.data.statistics.DefaultBoxAndWhiskerCategoryDataset:add:(Lorg/jfree/data/statistics/BoxAndWhiskerItem;Ljava/lang/Comparable;Ljava/lang/Comparable;)V#151#20 prob_bp = 0.49999999999999994000
org.jfree.data.statistics.DefaultBoxAndWhiskerCategoryDataset:add:(Lorg/jfree/data/statistics/BoxAndWhiskerItem;Ljava/lang/Comparable;Ljava/lang/Comparable;)V#152#30 prob_bp = 0.49999999999999994000
org.jfree.data.KeyedObjects2D:setObject:(Ljava/lang/Object;Ljava/lang/Comparable;Ljava/lang/Comparable;)V#272#45 prob_bp = 0.49999999999999994000
org.jfree.data.statistics.DefaultBoxAndWhiskerCategoryDataset:updateBounds:()V#740#1 prob_bp = 0.49999999999999994000
org.jfree.data.statistics.DefaultBoxAndWhiskerCategoryDataset:add:(Lorg/jfree/data/statistics/BoxAndWhiskerItem;Ljava/lang/Comparable;Ljava/lang/Comparable;)V#152#57 prob_bp = 0.49999999999999994000
org.jfree.data.KeyedObjects2D:setObject:(Ljava/lang/Object;Ljava/lang/Comparable;Ljava/lang/Comparable;)V#270#28 prob_bp = 0.50000000000000000000
org.jfree.data.statistics.DefaultBoxAndWhiskerCategoryDataset:add:(Lorg/jfree/data/statistics/BoxAndWhiskerItem;Ljava/lang/Comparable;Ljava/lang/Comparable;)V#150#11 prob_bp = 0.50000000000000000000
org.jfree.data.statistics.DefaultBoxAndWhiskerCategoryDataset:add:(Lorg/jfree/data/statistics/BoxAndWhiskerItem;Ljava/lang/Comparable;Ljava/lang/Comparable;)V#150#18 prob_bp = 0.50000000000000000000
org.jfree.data.statistics.DefaultBoxAndWhiskerCategoryDataset:add:(Lorg/jfree/data/statistics/BoxAndWhiskerItem;Ljava/lang/Comparable;Ljava/lang/Comparable;)V#151#21 prob_bp = 0.50000000000000000000
org.jfree.data.statistics.DefaultBoxAndWhiskerCategoryDataset:add:(Lorg/jfree/data/statistics/BoxAndWhiskerItem;Ljava/lang/Comparable;Ljava/lang/Comparable;)V#152#31 prob_bp = 0.50000000000000000000
org.jfree.data.statistics.DefaultBoxAndWhiskerCategoryDataset:add:(Lorg/jfree/data/statistics/BoxAndWhiskerItem;Ljava/lang/Comparable;Ljava/lang/Comparable;)V#152#34 prob_bp = 0.50000000000000000000
org.jfree.data.statistics.DefaultBoxAndWhiskerCategoryDataset:add:(Lorg/jfree/data/statistics/BoxAndWhiskerItem;Ljava/lang/Comparable;Ljava/lang/Comparable;)V#152#48 prob_bp = 0.50000000000000000000
org.jfree.data.statistics.DefaultBoxAndWhiskerCategoryDataset:add:(Lorg/jfree/data/statistics/BoxAndWhiskerItem;Ljava/lang/Comparable;Ljava/lang/Comparable;)V#152#52 prob_bp = 0.50000000000000000000
org.jfree.data.KeyedObjects2D:setObject:(Ljava/lang/Object;Ljava/lang/Comparable;Ljava/lang/Comparable;)V#272#46 prob_bp = 0.50000000000000000000
org.jfree.data.KeyedObjects2D:setObject:(Ljava/lang/Object;Ljava/lang/Comparable;Ljava/lang/Comparable;)V#272#49 prob_bp = 0.50000000000000000000
org.jfree.data.KeyedObjects2D:setObject:(Ljava/lang/Object;Ljava/lang/Comparable;Ljava/lang/Comparable;)V#272#51 prob_bp = 0.50000000000000000000
org.jfree.data.statistics.DefaultBoxAndWhiskerCategoryDataset:add:(Lorg/jfree/data/statistics/BoxAndWhiskerItem;Ljava/lang/Comparable;Ljava/lang/Comparable;)V#152#39 prob_bp = 0.50000000000000000000
org.jfree.data.statistics.DefaultBoxAndWhiskerCategoryDataset:add:(Lorg/jfree/data/statistics/BoxAndWhiskerItem;Ljava/lang/Comparable;Ljava/lang/Comparable;)V#152#40 prob_bp = 0.50000000000000000000
org.jfree.data.statistics.DefaultBoxAndWhiskerCategoryDataset:add:(Lorg/jfree/data/statistics/BoxAndWhiskerItem;Ljava/lang/Comparable;Ljava/lang/Comparable;)V#152#43 prob_bp = 0.50000000000000000000
org.jfree.data.statistics.DefaultBoxAndWhiskerCategoryDataset:add:(Lorg/jfree/data/statistics/BoxAndWhiskerItem;Ljava/lang/Comparable;Ljava/lang/Comparable;)V#152#45 prob_bp = 0.50000000000000000000
org.jfree.data.statistics.DefaultBoxAndWhiskerCategoryDataset:add:(Lorg/jfree/data/statistics/BoxAndWhiskerItem;Ljava/lang/Comparable;Ljava/lang/Comparable;)V#155#67 prob_bp = 0.50000000000000000000
org.jfree.data.statistics.DefaultBoxAndWhiskerCategoryDataset:updateBounds:()V#740#4 prob_bp = 0.50000000000000000000
org.jfree.data.statistics.DefaultBoxAndWhiskerCategoryDataset:add:(Lorg/jfree/data/statistics/BoxAndWhiskerItem;Ljava/lang/Comparable;Ljava/lang/Comparable;)V#152#58 prob_bp = 0.50000000000000000000
org.jfree.data.statistics.DefaultBoxAndWhiskerCategoryDataset:add:(Lorg/jfree/data/statistics/BoxAndWhiskerItem;Ljava/lang/Comparable;Ljava/lang/Comparable;)V#152#61 prob_bp = 0.50000000000000000000
org.jfree.data.statistics.DefaultBoxAndWhiskerCategoryDataset:add:(Lorg/jfree/data/statistics/BoxAndWhiskerItem;Ljava/lang/Comparable;Ljava/lang/Comparable;)V#152#63 prob_bp = 0.50000000000000000000
org.jfree.data.KeyedObjects2D:setObject:(Ljava/lang/Object;Ljava/lang/Comparable;Ljava/lang/Comparable;)V#270#32 prob_bp = 0.50000000000000010000
org.jfree.data.statistics.DefaultBoxAndWhiskerCategoryDataset:add:(Lorg/jfree/data/statistics/BoxAndWhiskerItem;Ljava/lang/Comparable;Ljava/lang/Comparable;)V#150#14 prob_bp = 0.50000000000000010000
org.jfree.data.statistics.DefaultBoxAndWhiskerCategoryDataset:add:(Lorg/jfree/data/statistics/BoxAndWhiskerItem;Ljava/lang/Comparable;Ljava/lang/Comparable;)V#151#24 prob_bp = 0.50000000000000010000
org.jfree.data.statistics.DefaultBoxAndWhiskerCategoryDataset:add:(Lorg/jfree/data/statistics/BoxAndWhiskerItem;Ljava/lang/Comparable;Ljava/lang/Comparable;)V#152#36 prob_bp = 0.50000000000000010000
org.jfree.data.statistics.DefaultBoxAndWhiskerCategoryDataset:add:(Lorg/jfree/data/statistics/BoxAndWhiskerItem;Ljava/lang/Comparable;Ljava/lang/Comparable;)V#155#66 prob_bp = 0.50000000000000010000
org.jfree.data.KeyedObjects2D:setObject:(Ljava/lang/Object;Ljava/lang/Comparable;Ljava/lang/Comparable;)V#270#29 prob_bp = 0.50000000000000020000
org.jfree.data.statistics.DefaultBoxAndWhiskerCategoryDataset:add:(Lorg/jfree/data/statistics/BoxAndWhiskerItem;Ljava/lang/Comparable;Ljava/lang/Comparable;)V#151#28 prob_bp = 0.50000000000000020000
org.jfree.data.statistics.DefaultBoxAndWhiskerCategoryDataset:add:(Lorg/jfree/data/statistics/BoxAndWhiskerItem;Ljava/lang/Comparable;Ljava/lang/Comparable;)V#152#49 prob_bp = 0.50000000000000020000
org.jfree.data.KeyedObjects2D:setObject:(Ljava/lang/Object;Ljava/lang/Comparable;Ljava/lang/Comparable;)V#270#33 prob_bp = 0.50000000000000030000
org.jfree.data.statistics.DefaultBoxAndWhiskerCategoryDataset:add:(Lorg/jfree/data/statistics/BoxAndWhiskerItem;Ljava/lang/Comparable;Ljava/lang/Comparable;)V#150#15 prob_bp = 0.50000000000000030000
org.jfree.data.statistics.DefaultBoxAndWhiskerCategoryDataset:add:(Lorg/jfree/data/statistics/BoxAndWhiskerItem;Ljava/lang/Comparable;Ljava/lang/Comparable;)V#151#25 prob_bp = 0.50000000000000030000
org.jfree.data.statistics.DefaultBoxAndWhiskerCategoryDataset:add:(Lorg/jfree/data/statistics/BoxAndWhiskerItem;Ljava/lang/Comparable;Ljava/lang/Comparable;)V#152#54 prob_bp = 0.50000000000000030000
org.jfree.data.statistics.BoxAndWhiskerItem:<init>:(DDDDDDDDLjava/util/List;)V#147#53 prob_bp = 0.50000000000000080000
org.jfree.data.statistics.BoxAndWhiskerItem:<init>:(DDDDDDDDLjava/util/List;)V#147#0 prob_bp = 0.50000000000000100000
org.jfree.data.KeyedObjects2D:setObject:(Ljava/lang/Object;Ljava/lang/Comparable;Ljava/lang/Comparable;)V#272#56 prob_bp = 0.50000000000000120000
org.jfree.data.statistics.BoxAndWhiskerItem:<init>:(DDDDDDDDLjava/util/List;)V#147#73 prob_bp = 0.50000000000000210000
org.jfree.data.KeyedObjects:getIndex:(Ljava/lang/Comparable;)I#134#41 prob_bp = 0.50000000000000270000
org.jfree.data.statistics.DefaultBoxAndWhiskerCategoryDataset:<init>:()V#107#12 prob_bp = 0.50000000000000290000
org.jfree.data.statistics.DefaultBoxAndWhiskerCategoryDataset:<init>:()V#107#4 prob_bp = 0.50000000000000320000
org.jfree.data.KeyedObjects2D:setObject:(Ljava/lang/Object;Ljava/lang/Comparable;Ljava/lang/Comparable;)V#272#59 prob_bp = 0.50000000000000590000
org.jfree.data.KeyedObjects:getIndex:(Ljava/lang/Comparable;)I#134#44 prob_bp = 0.50000000000001380000
org.jfree.data.KeyedObjects2D:setObject:(Ljava/lang/Object;Ljava/lang/Comparable;Ljava/lang/Comparable;)V#270#38 prob_bp = 0.50000000000001650000
org.jfree.data.KeyedObjects:setObject:(Ljava/lang/Comparable;Ljava/lang/Object;)V#208#45 prob_bp = 0.50000000000003610000
org.jfree.data.KeyedObjects:getIndex:(Ljava/lang/Comparable;)I#135#46 prob_bp = 0.50000000000005740000
org.jfree.data.statistics.DefaultBoxAndWhiskerCategoryDataset:<init>:()V#107#8 prob_bp = 0.50000000000007340000
org.jfree.data.statistics.DefaultBoxAndWhiskerCategoryDataset:<init>:()V#107#5 prob_bp = 0.50000000000007530000
org.jfree.data.statistics.DefaultBoxAndWhiskerCategoryDataset:<init>:()V#107#9 prob_bp = 0.50000000000007650000
org.jfree.data.KeyedObjects2D:setObject:(Ljava/lang/Object;Ljava/lang/Comparable;Ljava/lang/Comparable;)V#271#40 prob_bp = 0.50000000000008160000
org.jfree.data.statistics.DefaultBoxAndWhiskerCategoryDataset:add:(Lorg/jfree/data/statistics/BoxAndWhiskerItem;Ljava/lang/Comparable;Ljava/lang/Comparable;)V#147#0 prob_bp = 0.50000000000011830000
org.jfree.data.statistics.DefaultBoxAndWhiskerCategoryDataset:add:(Lorg/jfree/data/statistics/BoxAndWhiskerItem;Ljava/lang/Comparable;Ljava/lang/Comparable;)V#147#1 prob_bp = 0.50000000000011990000
org.jfree.data.KeyedObjects:getIndex:(Ljava/lang/Comparable;)I#140#66 prob_bp = 0.50000000000012790000
org.jfree.data.KeyedObjects:getIndex:(Ljava/lang/Comparable;)I#140#67 prob_bp = 0.50000000000013220000
org.jfree.data.KeyedObjects:setObject:(Ljava/lang/Comparable;Ljava/lang/Object;)V#208#46 prob_bp = 0.50000000000013420000
org.jfree.data.KeyedObjects:setObject:(Ljava/lang/Comparable;Ljava/lang/Object;)V#201#5 prob_bp = 0.50000000000015320000
org.jfree.data.KeyedObjects2D:setObject:(Ljava/lang/Object;Ljava/lang/Comparable;Ljava/lang/Comparable;)V#276#78 prob_bp = 0.50000000000022060000
org.jfree.data.KeyedObjects:getIndex:(Ljava/lang/Comparable;)I#135#48 prob_bp = 0.50000000000023170000
org.jfree.data.KeyedObjects:setObject:(Ljava/lang/Comparable;Ljava/lang/Object;)V#202#6 prob_bp = 0.50000000000023590000
org.jfree.data.KeyedObjects2D:setObject:(Ljava/lang/Object;Ljava/lang/Comparable;Ljava/lang/Comparable;)V#276#79 prob_bp = 0.50000000000025450000
org.jfree.data.KeyedObjects2D:setObject:(Ljava/lang/Object;Ljava/lang/Comparable;Ljava/lang/Comparable;)V#277#84 prob_bp = 0.50000000000032290000
org.jfree.data.KeyedObjects2D:setObject:(Ljava/lang/Object;Ljava/lang/Comparable;Ljava/lang/Comparable;)V#271#42 prob_bp = 0.50000000000034170000
org.jfree.data.KeyedObjects:<init>:()V#67#0 prob_bp = 0.50000000000039310000
org.jfree.data.KeyedObjects2D:setObject:(Ljava/lang/Object;Ljava/lang/Comparable;Ljava/lang/Comparable;)V#277#85 prob_bp = 0.50000000000055300000
org.jfree.data.KeyedObjects:setObject:(Ljava/lang/Comparable;Ljava/lang/Object;)V#202#7 prob_bp = 0.50000000000057000000
org.jfree.data.KeyedObject:getKey:()Ljava/lang/Comparable;#85#0 prob_bp = 0.50000000000093540000
org.jfree.data.KeyedObjects:<init>:()V#67#1 prob_bp = 0.50000000000094870000
org.jfree.data.KeyedObjects2D:setObject:(Ljava/lang/Object;Ljava/lang/Comparable;Ljava/lang/Comparable;)V#277#88 prob_bp = 0.50000000000206610000
org.jfree.data.statistics.DefaultBoxAndWhiskerCategoryDataset:add:(Lorg/jfree/data/statistics/BoxAndWhiskerItem;Ljava/lang/Comparable;Ljava/lang/Comparable;)V#159#75 prob_bp = 0.50000000000220170000
org.jfree.data.statistics.DefaultBoxAndWhiskerCategoryDataset:add:(Lorg/jfree/data/statistics/BoxAndWhiskerItem;Ljava/lang/Comparable;Ljava/lang/Comparable;)V#159#76 prob_bp = 0.50000000000265180000
org.jfree.data.KeyedObjects:setObject:(Ljava/lang/Comparable;Ljava/lang/Object;)V#207#37 prob_bp = 0.50000000000273610000
org.jfree.data.KeyedObjects:setObject:(Ljava/lang/Comparable;Ljava/lang/Object;)V#207#40 prob_bp = 0.50000000000316160000
org.jfree.data.KeyedObjects2D:setObject:(Ljava/lang/Object;Ljava/lang/Comparable;Ljava/lang/Comparable;)V#277#90 prob_bp = 0.50000000000318870000
org.jfree.data.KeyedObject:getKey:()Ljava/lang/Comparable;#85#1 prob_bp = 0.50000000000376890000
org.jfree.data.KeyedObject:<init>:(Ljava/lang/Comparable;Ljava/lang/Object;)V#74#0 prob_bp = 0.50000000000487450000
org.jfree.data.statistics.DefaultBoxAndWhiskerCategoryDataset:add:(Lorg/jfree/data/statistics/BoxAndWhiskerItem;Ljava/lang/Comparable;Ljava/lang/Comparable;)V#160#82 prob_bp = 0.50000000001052800000
org.jfree.data.statistics.BoxAndWhiskerItem:<init>:(Ljava/lang/Number;Ljava/lang/Number;Ljava/lang/Number;Ljava/lang/Number;Ljava/lang/Number;Ljava/lang/Number;Ljava/lang/Number;Ljava/lang/Number;Ljava/util/List;)V#121#37 prob_bp = 0.50000000001165070000
org.jfree.data.statistics.BoxAndWhiskerItem:<init>:(Ljava/lang/Number;Ljava/lang/Number;Ljava/lang/Number;Ljava/lang/Number;Ljava/lang/Number;Ljava/lang/Number;Ljava/lang/Number;Ljava/lang/Number;Ljava/util/List;)V#121#38 prob_bp = 0.50000000001166210000
org.jfree.data.KeyedObject:<init>:(Ljava/lang/Comparable;Ljava/lang/Object;)V#74#1 prob_bp = 0.50000000001176470000
org.jfree.data.statistics.BoxAndWhiskerItem:<init>:(Ljava/lang/Number;Ljava/lang/Number;Ljava/lang/Number;Ljava/lang/Number;Ljava/lang/Number;Ljava/lang/Number;Ljava/lang/Number;Ljava/lang/Number;Ljava/util/List;)V#121#40 prob_bp = 0.50000000001192500000
org.jfree.data.statistics.DefaultBoxAndWhiskerCategoryDataset:add:(Lorg/jfree/data/statistics/BoxAndWhiskerItem;Ljava/lang/Comparable;Ljava/lang/Comparable;)V#160#83 prob_bp = 0.50000000001306570000
org.jfree.data.KeyedObjects:setObject:(Ljava/lang/Comparable;Ljava/lang/Object;)V#207#43 prob_bp = 0.50000000002216370000
org.jfree.data.KeyedObjects:setObject:(Ljava/lang/Comparable;Ljava/lang/Object;)V#207#34 prob_bp = 0.50000000002393700000
org.jfree.data.KeyedObjects:setObject:(Ljava/lang/Comparable;Ljava/lang/Object;)V#208#49 prob_bp = 0.50000000002561170000
org.jfree.data.statistics.BoxAndWhiskerItem:getMinOutlier:()Ljava/lang/Number;#214#0 prob_bp = 0.50000000002743580000
org.jfree.data.KeyedObjects2D:setObject:(Ljava/lang/Object;Ljava/lang/Comparable;Ljava/lang/Comparable;)V#276#75 prob_bp = 0.50000000003038230000
org.jfree.data.KeyedObjects2D:setObject:(Ljava/lang/Object;Ljava/lang/Comparable;Ljava/lang/Comparable;)V#276#82 prob_bp = 0.50000000003138490000
org.jfree.data.KeyedObjects2D:setObject:(Ljava/lang/Object;Ljava/lang/Comparable;Ljava/lang/Comparable;)V#271#42#unexe#4 prob_bp = 0.50000000003423680000
org.jfree.data.KeyedObjects:setObject:(Ljava/lang/Comparable;Ljava/lang/Object;)V#208#51 prob_bp = 0.50000000003948620000
org.jfree.data.KeyedObjects2D:setObject:(Ljava/lang/Object;Ljava/lang/Comparable;Ljava/lang/Comparable;)V#279#96 prob_bp = 0.50000000005289680000
org.jfree.data.statistics.BoxAndWhiskerItem:getMinOutlier:()Ljava/lang/Number;#214#1 prob_bp = 0.50000000007357770000
org.jfree.data.statistics.DefaultBoxAndWhiskerCategoryDataset:add:(Lorg/jfree/data/statistics/BoxAndWhiskerItem;Ljava/lang/Comparable;Ljava/lang/Comparable;)V#159#79 prob_bp = 0.50000000015773970000
org.jfree.data.KeyedObjects:setObject:(Ljava/lang/Comparable;Ljava/lang/Object;)V#201#0 prob_bp = 0.50000000042913370000
org.jfree.data.statistics.BoxAndWhiskerItem:getMinOutlier:()Ljava/lang/Number;#214#4 prob_bp = 0.50000000043804340000
org.jfree.data.statistics.DefaultBoxAndWhiskerCategoryDataset:<init>:()V#108#15 prob_bp = 0.50000000046680830000
org.jfree.data.statistics.DefaultBoxAndWhiskerCategoryDataset:<init>:()V#108#16 prob_bp = 0.50000000046680880000
org.jfree.data.statistics.DefaultBoxAndWhiskerCategoryDataset:<init>:()V#108#19 prob_bp = 0.50000000047624630000
org.jfree.data.statistics.DefaultBoxAndWhiskerCategoryDataset:add:(Lorg/jfree/data/statistics/BoxAndWhiskerItem;Ljava/lang/Comparable;Ljava/lang/Comparable;)V#147#5 prob_bp = 0.50000000099411930000
org.jfree.data.KeyedObjects2D:addObject:(Ljava/lang/Object;Ljava/lang/Comparable;Ljava/lang/Comparable;)V#250#2 prob_bp = 0.50000000108350070000
org.jfree.data.KeyedObject:getKey:()Ljava/lang/Comparable;#85#4 prob_bp = 0.50000000114453570000
org.jfree.data.KeyedObjects:getIndex:(Ljava/lang/Comparable;)I#135#51 prob_bp = 0.50000000142828870000
org.jfree.data.statistics.DefaultBoxAndWhiskerCategoryDataset:add:(Lorg/jfree/data/statistics/BoxAndWhiskerItem;Ljava/lang/Comparable;Ljava/lang/Comparable;)V#160#86 prob_bp = 0.50000000172448990000
org.jfree.data.KeyedObjects2D:getRowIndex:(Ljava/lang/Comparable;)I#150#0 prob_bp = 0.50000000204702100000
org.jfree.data.KeyedObjects:getIndex:(Ljava/lang/Comparable;)I#134#35 prob_bp = 0.50000000303829060000
org.jfree.data.statistics.DefaultBoxAndWhiskerCategoryDataset:add:(Lorg/jfree/data/statistics/BoxAndWhiskerItem;Ljava/lang/Comparable;Ljava/lang/Comparable;)V#178#171 prob_bp = 0.50000000367940940000
org.jfree.data.statistics.DefaultBoxAndWhiskerCategoryDataset:add:(Lorg/jfree/data/statistics/BoxAndWhiskerItem;Ljava/lang/Comparable;Ljava/lang/Comparable;)V#178#172 prob_bp = 0.50000000381020070000
org.jfree.data.statistics.DefaultBoxAndWhiskerCategoryDataset:add:(Lorg/jfree/data/statistics/BoxAndWhiskerItem;Ljava/lang/Comparable;Ljava/lang/Comparable;)V#178#175 prob_bp = 0.50000000471556780000
org.jfree.data.KeyedObjects2D:getRowIndex:(Ljava/lang/Comparable;)I#150#1 prob_bp = 0.50000000488697370000
org.jfree.data.KeyedObjects:getIndex:(Ljava/lang/Comparable;)I#135#52 prob_bp = 0.50000000573834650000
org.jfree.data.KeyedObjects:getIndex:(Ljava/lang/Comparable;)I#132#16 prob_bp = 0.50000000650479270000
org.jfree.data.statistics.DefaultBoxAndWhiskerCategoryDataset:add:(Lorg/jfree/data/statistics/BoxAndWhiskerItem;Ljava/lang/Comparable;Ljava/lang/Comparable;)V#160#89 prob_bp = 0.50000000707486030000
org.jfree.data.statistics.DefaultBoxAndWhiskerCategoryDataset:add:(Lorg/jfree/data/statistics/BoxAndWhiskerItem;Ljava/lang/Comparable;Ljava/lang/Comparable;)V#178#178 prob_bp = 0.50000000776081550000
org.jfree.data.KeyedObjects2D:<init>:()V#75#5 prob_bp = 0.50000001022694250000
org.jfree.data.KeyedObjects2D:<init>:()V#75#4 prob_bp = 0.50000001022694260000
org.jfree.data.KeyedObjects2D:<init>:()V#75#12 prob_bp = 0.50000001043354760000
org.jfree.data.KeyedObjects:getIndex:(Ljava/lang/Comparable;)I#134#36 prob_bp = 0.50000001237566900000
org.jfree.data.KeyedObjects2D:getColumnIndex:(Ljava/lang/Comparable;)I#187#0 prob_bp = 0.50000001497290360000
org.jfree.data.KeyedObjects:getIndex:(Ljava/lang/Comparable;)I#132#17 prob_bp = 0.50000002607866190000
org.jfree.data.statistics.DefaultBoxAndWhiskerCategoryDataset:add:(Lorg/jfree/data/statistics/BoxAndWhiskerItem;Ljava/lang/Comparable;Ljava/lang/Comparable;)V#159#79#unexe#6 prob_bp = 0.50000002902568740000
org.jfree.data.KeyedObjects2D:getColumnIndex:(Ljava/lang/Comparable;)I#187#1 prob_bp = 0.50000003574565950000
org.jfree.data.KeyedObjects2D:getRowIndex:(Ljava/lang/Comparable;)I#150#4 prob_bp = 0.50000003705795090000
org.jfree.data.KeyedObjects2D:setObject:(Ljava/lang/Object;Ljava/lang/Comparable;Ljava/lang/Comparable;)V#279#98 prob_bp = 0.50000003775150560000
org.jfree.data.KeyedObjects2D:getColumnIndex:(Ljava/lang/Comparable;)I#187#4 prob_bp = 0.50000004998400730000
org.jfree.data.statistics.DefaultBoxAndWhiskerCategoryDataset:add:(Lorg/jfree/data/statistics/BoxAndWhiskerItem;Ljava/lang/Comparable;Ljava/lang/Comparable;)V#147#6 prob_bp = 0.50000005150371600000
org.jfree.data.statistics.DefaultBoxAndWhiskerCategoryDataset:add:(Lorg/jfree/data/statistics/BoxAndWhiskerItem;Ljava/lang/Comparable;Ljava/lang/Comparable;)V#147#7 prob_bp = 0.50000005419686170000
org.jfree.data.KeyedObjects2D:setObject:(Ljava/lang/Object;Ljava/lang/Comparable;Ljava/lang/Comparable;)V#279#100 prob_bp = 0.50000007266287140000
org.jfree.data.KeyedObjects2D:getRowIndex:(Ljava/lang/Comparable;)I#150#5 prob_bp = 0.50000008847067780000
org.jfree.data.statistics.DefaultBoxAndWhiskerCategoryDataset:add:(Lorg/jfree/data/statistics/BoxAndWhiskerItem;Ljava/lang/Comparable;Ljava/lang/Comparable;)V#179#182 prob_bp = 0.50000011587194280000
org.jfree.data.KeyedObjects2D:getColumnIndex:(Ljava/lang/Comparable;)I#187#5 prob_bp = 0.50000011932969010000
org.jfree.data.KeyedObjects:setObject:(Ljava/lang/Comparable;Ljava/lang/Object;)V#201#1 prob_bp = 0.50000021230768330000
org.jfree.data.statistics.DefaultBoxAndWhiskerCategoryDataset:add:(Lorg/jfree/data/statistics/BoxAndWhiskerItem;Ljava/lang/Comparable;Ljava/lang/Comparable;)V#179#181 prob_bp = 0.50000044195996110000
org.jfree.data.statistics.DefaultBoxAndWhiskerCategoryDataset:add:(Lorg/jfree/data/statistics/BoxAndWhiskerItem;Ljava/lang/Comparable;Ljava/lang/Comparable;)V#179#184 prob_bp = 0.50000046410307130000
org.jfree.data.KeyedObjects:setObject:(Ljava/lang/Comparable;Ljava/lang/Object;)V#201#2 prob_bp = 0.50000077560449130000
org.jfree.data.KeyedObjects:getIndex:(Ljava/lang/Comparable;)I#128#0 prob_bp = 0.50000315210152690000
org.jfree.data.statistics.DefaultBoxAndWhiskerCategoryDataset:add:(Lorg/jfree/data/statistics/BoxAndWhiskerItem;Ljava/lang/Comparable;Ljava/lang/Comparable;)V#189#235 prob_bp = 0.50000763633559430000
org.jfree.data.KeyedObjects:getIndex:(Ljava/lang/Comparable;)I#132#20 prob_bp = 0.50000790045565960000
org.jfree.data.statistics.DefaultBoxAndWhiskerCategoryDataset:add:(Lorg/jfree/data/statistics/BoxAndWhiskerItem;Ljava/lang/Comparable;Ljava/lang/Comparable;)V#189#236 prob_bp = 0.50000805421384430000
org.jfree.data.KeyedObjects:getIndex:(Ljava/lang/Comparable;)I#128#1 prob_bp = 0.50001258308067600000
org.jfree.data.KeyedObjects:getIndex:(Ljava/lang/Comparable;)I#135#55 prob_bp = 0.50001453366191600000
org.jfree.data.KeyedObjects2D:getRowIndex:(Ljava/lang/Comparable;)I#150#10 prob_bp = 0.50001956446569600000
org.jfree.data.KeyedObjects2D:getColumnIndex:(Ljava/lang/Comparable;)I#187#10 prob_bp = 0.50001959537510800000
org.jfree.data.KeyedObjects:getIndex:(Ljava/lang/Comparable;)I#132#25 prob_bp = 0.50003957989525670000
org.jfree.data.KeyedObjects2D:addObject:(Ljava/lang/Object;Ljava/lang/Comparable;Ljava/lang/Comparable;)V#250#0 prob_bp = 0.50006292809781280000
org.jfree.data.statistics.DefaultBoxAndWhiskerCategoryDataset:add:(Lorg/jfree/data/statistics/BoxAndWhiskerItem;Ljava/lang/Comparable;Ljava/lang/Comparable;)V#189#243 prob_bp = 0.50012083762022710000
org.jfree.data.KeyedObjects2D:addObject:(Ljava/lang/Object;Ljava/lang/Comparable;Ljava/lang/Comparable;)V#250#3 prob_bp = 0.50014709148821650000
org.jfree.data.KeyedObjects:getIndex:(Ljava/lang/Comparable;)I#133#26 prob_bp = 0.50016699354908590000
org.jfree.data.KeyedObjects2D:addObject:(Ljava/lang/Object;Ljava/lang/Comparable;Ljava/lang/Comparable;)V#250#4 prob_bp = 0.50024215871613290000
org.jfree.data.KeyedObjects2D:setObject:(Ljava/lang/Object;Ljava/lang/Comparable;Ljava/lang/Comparable;)V#263#0 prob_bp = 0.50067461541543110000
org.jfree.data.KeyedObjects:getIndex:(Ljava/lang/Comparable;)I#133#27 prob_bp = 0.50067892933818970000
org.jfree.data.KeyedObjects2D:setObject:(Ljava/lang/Object;Ljava/lang/Comparable;Ljava/lang/Comparable;)V#263#1 prob_bp = 0.50077025871140010000
org.jfree.data.KeyedObjects:getIndex:(Ljava/lang/Comparable;)I#133#32 prob_bp = 0.50356674504910780000
org.jfree.data.KeyedObjects2D:setObject:(Ljava/lang/Object;Ljava/lang/Comparable;Ljava/lang/Comparable;)V#266#14 prob_bp = 0.50918066662137300000
org.jfree.data.KeyedObjects2D:setObject:(Ljava/lang/Object;Ljava/lang/Comparable;Ljava/lang/Comparable;)V#266#15 prob_bp = 0.51045363964704890000
org.jfree.data.statistics.DefaultBoxAndWhiskerCategoryDataset:<init>:()V#114#54 prob_bp = 0.51273970224526300000
org.jfree.data.statistics.DefaultBoxAndWhiskerCategoryDataset:<init>:()V#114#55 prob_bp = 0.51274075507615240000
org.jfree.data.statistics.DefaultBoxAndWhiskerCategoryDataset:<init>:()V#106#0 prob_bp = 0.51315537439335080000
org.jfree.data.general.AbstractDataset:fireDatasetChanged:()V#172#1 prob_bp = 0.51332386107823970000
org.jfree.data.statistics.DefaultBoxAndWhiskerCategoryDataset:<init>:()V#106#1 prob_bp = 0.51341306910144540000
org.jfree.data.general.AbstractDataset:fireDatasetChanged:()V#172#4 prob_bp = 0.51359176284761050000
org.jfree.data.general.AbstractDataset:<init>:()V#96#0 prob_bp = 0.51392380509792850000
org.jfree.data.general.AbstractDataset:fireDatasetChanged:()V#172#5 prob_bp = 0.51417460981934800000
org.jfree.data.general.AbstractDataset:<init>:()V#96#1 prob_bp = 0.51493518113816210000
org.jfree.data.general.DatasetChangeEvent:<init>:(Ljava/lang/Object;Lorg/jfree/data/general/Dataset;)V#73#0 prob_bp = 0.51525847721686600000
org.jfree.data.general.DatasetChangeEvent:<init>:(Ljava/lang/Object;Lorg/jfree/data/general/Dataset;)V#73#1 prob_bp = 0.51559260674241100000
org.jfree.data.general.DatasetChangeEvent:<init>:(Ljava/lang/Object;Lorg/jfree/data/general/Dataset;)V#73#2 prob_bp = 0.51761608093229880000
org.jfree.data.statistics.DefaultBoxAndWhiskerCategoryDataset:<init>:()V#114#56 prob_bp = 0.52534578250387440000
org.jfree.data.general.AbstractDataset:fireDatasetChanged:()V#172#7 prob_bp = 0.52801339990408670000
org.jfree.data.Range:<init>:(DD)V#86#4 prob_bp = 0.57517791482289090000
org.jfree.data.Range:<init>:(DD)V#86#5 prob_bp = 0.57597804654706820000
org.jfree.data.Range:<init>:(DD)V#86#6 prob_bp = 0.57792573411105840000
org.jfree.data.statistics.DefaultBoxAndWhiskerCategoryDataset:getRangeBounds:(Z)Lorg/jfree/data/Range;#532#1 prob_bp = 0.79858731521384190000
org.jfree.data.statistics.DefaultBoxAndWhiskerCategoryDataset:add:(Lorg/jfree/data/statistics/BoxAndWhiskerItem;Ljava/lang/Comparable;Ljava/lang/Comparable;)V#191#249 prob_bp = 0.98863507090153580000
org.jfree.data.statistics.DefaultBoxAndWhiskerCategoryDataset:add:(Lorg/jfree/data/statistics/BoxAndWhiskerItem;Ljava/lang/Comparable;Ljava/lang/Comparable;)V#191#250 prob_bp = 0.99045428112582650000
org.jfree.data.Range:<init>:(DD)V#86#7 prob_bp = 0.99849977329057680000
org.jfree.data.KeyedObjects2D:<init>:()V#76#15 prob_bp = 0.99860384809694550000
org.jfree.data.KeyedObjects2D:<init>:()V#76#16 prob_bp = 0.99860384809694550000
org.jfree.data.KeyedObjects2D:<init>:()V#76#23 prob_bp = 0.99922501553476270000
org.jfree.data.statistics.DefaultBoxAndWhiskerCategoryDataset:getRangeBounds:(Z)Lorg/jfree/data/Range;#532#0 prob_bp = 0.99982833185421300000
org.jfree.data.statistics.DefaultBoxAndWhiskerCategoryDataset:getRangeBounds:(Z)Lorg/jfree/data/Range;#532#4 prob_bp = 0.99989970971022550000
org.jfree.data.statistics.junit.DefaultBoxAndWhiskerCategoryDatasetTests:testGetRangeBounds:()V#271#0 prob_bp = 1.00000000000000000000
org.jfree.data.statistics.junit.DefaultBoxAndWhiskerCategoryDatasetTests:testGetRangeBounds:()V#271#3 prob_bp = 1.00000000000000000000
org.jfree.data.statistics.junit.DefaultBoxAndWhiskerCategoryDatasetTests:testGetRangeBounds:()V#271#4 prob_bp = 1.00000000000000000000
org.jfree.data.KeyedObjects2D:<init>:()V#77#26 prob_bp = 1.00000000000000000000
org.jfree.data.KeyedObjects2D:<init>:()V#77#27 prob_bp = 1.00000000000000000000
org.jfree.data.KeyedObjects2D:<init>:()V#77#34 prob_bp = 1.00000000000000000000
org.jfree.data.statistics.junit.DefaultBoxAndWhiskerCategoryDatasetTests:testGetRangeBounds:()V#271#7 prob_bp = 1.00000000000000000000
org.jfree.data.statistics.junit.DefaultBoxAndWhiskerCategoryDatasetTests:testGetRangeBounds:()V#273#8 prob_bp = 1.00000000000000000000
org.jfree.data.statistics.junit.DefaultBoxAndWhiskerCategoryDatasetTests:testGetRangeBounds:()V#273#9 prob_bp = 1.00000000000000000000
org.jfree.data.statistics.junit.DefaultBoxAndWhiskerCategoryDatasetTests:testGetRangeBounds:()V#273#12 prob_bp = 1.00000000000000000000
org.jfree.data.statistics.junit.DefaultBoxAndWhiskerCategoryDatasetTests:testGetRangeBounds:()V#273#42 prob_bp = 1.00000000000000000000
org.jfree.data.statistics.junit.DefaultBoxAndWhiskerCategoryDatasetTests:testGetRangeBounds:()V#273#45 prob_bp = 1.00000000000000000000
org.jfree.data.statistics.junit.DefaultBoxAndWhiskerCategoryDatasetTests:testGetRangeBounds:()V#273#47 prob_bp = 1.00000000000000000000
org.jfree.data.statistics.junit.DefaultBoxAndWhiskerCategoryDatasetTests:testGetRangeBounds:()V#273#49 prob_bp = 1.00000000000000000000
org.jfree.data.statistics.junit.DefaultBoxAndWhiskerCategoryDatasetTests:testGetRangeBounds:()V#275#56 prob_bp = 1.00000000000000000000
org.jfree.data.statistics.junit.DefaultBoxAndWhiskerCategoryDatasetTests:testGetRangeBounds:()V#275#59 prob_bp = 1.00000000000000000000
org.jfree.data.statistics.junit.DefaultBoxAndWhiskerCategoryDatasetTests:testGetRangeBounds:()V#275#62 prob_bp = 1.00000000000000000000
org.jfree.data.statistics.junit.DefaultBoxAndWhiskerCategoryDatasetTests:testGetRangeBounds:()V#276#77 prob_bp = 1.00000000000000000000
org.jfree.data.statistics.junit.DefaultBoxAndWhiskerCategoryDatasetTests:testGetRangeBounds:()V#276#80 prob_bp = 1.00000000000000000000
org.jfree.data.statistics.junit.DefaultBoxAndWhiskerCategoryDatasetTests:testGetRangeBounds:()V#276#83 prob_bp = 1.00000000000000000000
org.jfree.data.statistics.junit.DefaultBoxAndWhiskerCategoryDatasetTests:testGetRangeBounds:()V#278#94 prob_bp = 1.00000000000000000000
org.jfree.data.statistics.junit.DefaultBoxAndWhiskerCategoryDatasetTests:testGetRangeBounds:()V#278#95 prob_bp = 1.00000000000000000000
org.jfree.data.statistics.junit.DefaultBoxAndWhiskerCategoryDatasetTests:testGetRangeBounds:()V#278#98 prob_bp = 1.00000000000000000000
org.jfree.data.statistics.junit.DefaultBoxAndWhiskerCategoryDatasetTests:testGetRangeBounds:()V#278#130 prob_bp = 1.00000000000000000000
org.jfree.data.statistics.junit.DefaultBoxAndWhiskerCategoryDatasetTests:testGetRangeBounds:()V#278#133 prob_bp = 1.00000000000000000000
org.jfree.data.statistics.junit.DefaultBoxAndWhiskerCategoryDatasetTests:testGetRangeBounds:()V#278#135 prob_bp = 1.00000000000000000000
org.jfree.data.statistics.junit.DefaultBoxAndWhiskerCategoryDatasetTests:testGetRangeBounds:()V#278#137 prob_bp = 1.00000000000000000000
org.jfree.data.statistics.junit.DefaultBoxAndWhiskerCategoryDatasetTests:testGetRangeBounds:()V#280#144 prob_bp = 1.00000000000000000000
org.jfree.data.statistics.junit.DefaultBoxAndWhiskerCategoryDatasetTests:testGetRangeBounds:()V#280#147 prob_bp = 1.00000000000000000000
org.jfree.data.statistics.junit.DefaultBoxAndWhiskerCategoryDatasetTests:testGetRangeBounds:()V#280#150 prob_bp = 1.00000000000000000000
org.jfree.data.statistics.junit.DefaultBoxAndWhiskerCategoryDatasetTests:testGetRangeBounds:()V#281#165 prob_bp = 1.00000000000000000000
org.jfree.data.statistics.junit.DefaultBoxAndWhiskerCategoryDatasetTests:testGetRangeBounds:()V#281#168 prob_bp = 1.00000000000000000000
org.jfree.data.statistics.junit.DefaultBoxAndWhiskerCategoryDatasetTests:testGetRangeBounds:()V#281#171 prob_bp = 1.00000000000000000000
org.jfree.data.statistics.junit.DefaultBoxAndWhiskerCategoryDatasetTests:testGetRangeBounds:()V#283#182 prob_bp = 1.00000000000000000000
org.jfree.data.statistics.junit.DefaultBoxAndWhiskerCategoryDatasetTests:testGetRangeBounds:()V#283#221 prob_bp = 1.00000000000000000000
org.jfree.data.statistics.junit.DefaultBoxAndWhiskerCategoryDatasetTests:testGetRangeBounds:()V#283#223 prob_bp = 1.00000000000000000000
org.jfree.data.statistics.junit.DefaultBoxAndWhiskerCategoryDatasetTests:testGetRangeBounds:()V#283#225 prob_bp = 1.00000000000000000000
org.jfree.data.statistics.junit.DefaultBoxAndWhiskerCategoryDatasetTests:testGetRangeBounds:()V#285#232 prob_bp = 1.00000000000000000000
org.jfree.data.statistics.junit.DefaultBoxAndWhiskerCategoryDatasetTests:testGetRangeBounds:()V#285#235 prob_bp = 1.00000000000000000000
org.jfree.data.statistics.junit.DefaultBoxAndWhiskerCategoryDatasetTests:testGetRangeBounds:()V#285#238 prob_bp = 1.00000000000000000000
org.jfree.data.statistics.junit.DefaultBoxAndWhiskerCategoryDatasetTests:testGetRangeBounds:()V#286#253 prob_bp = 1.00000000000000000000
org.jfree.data.statistics.junit.DefaultBoxAndWhiskerCategoryDatasetTests:testGetRangeBounds:()V#286#256 prob_bp = 1.00000000000000000000
org.jfree.data.statistics.junit.DefaultBoxAndWhiskerCategoryDatasetTests:testGetRangeBounds:()V#286#259 prob_bp = 1.00000000000000000000
org.jfree.data.statistics.junit.DefaultBoxAndWhiskerCategoryDatasetTests:testGetRangeBounds:()V#290#270 prob_bp = 1.00000000000000000000
org.jfree.data.statistics.junit.DefaultBoxAndWhiskerCategoryDatasetTests:testGetRangeBounds:()V#290#271 prob_bp = 1.00000000000000000000
org.jfree.data.statistics.junit.DefaultBoxAndWhiskerCategoryDatasetTests:testGetRangeBounds:()V#290#274 prob_bp = 1.00000000000000000000
org.jfree.data.statistics.junit.DefaultBoxAndWhiskerCategoryDatasetTests:testGetRangeBounds:()V#290#306 prob_bp = 1.00000000000000000000
org.jfree.data.statistics.junit.DefaultBoxAndWhiskerCategoryDatasetTests:testGetRangeBounds:()V#290#309 prob_bp = 1.00000000000000000000
org.jfree.data.statistics.junit.DefaultBoxAndWhiskerCategoryDatasetTests:testGetRangeBounds:()V#290#311 prob_bp = 1.00000000000000000000
org.jfree.data.statistics.junit.DefaultBoxAndWhiskerCategoryDatasetTests:testGetRangeBounds:()V#290#313 prob_bp = 1.00000000000000000000
org.jfree.data.statistics.junit.DefaultBoxAndWhiskerCategoryDatasetTests:testGetRangeBounds:()V#292#316 prob_bp = 1.00000000000000000000
org.jfree.data.statistics.junit.DefaultBoxAndWhiskerCategoryDatasetTests:testGetRangeBounds:()V#292#320 prob_bp = 1.00000000000000000000
org.jfree.data.statistics.junit.DefaultBoxAndWhiskerCategoryDatasetTests:testGetRangeBounds:()V#292#323 prob_bp = 1.00000000000000000000
org.jfree.data.statistics.junit.DefaultBoxAndWhiskerCategoryDatasetTests:testGetRangeBounds:()V#292#326 prob_bp = 1.00000000000000000000
org.jfree.data.statistics.junit.DefaultBoxAndWhiskerCategoryDatasetTests:testGetRangeBounds:()V#292#329 prob_bp = 1.00000000000000000000
org.jfree.data.statistics.junit.DefaultBoxAndWhiskerCategoryDatasetTests:testGetRangeBounds:()V#292#331 prob_bp = 1.00000000000000000000
org.jfree.data.statistics.junit.DefaultBoxAndWhiskerCategoryDatasetTests:testGetRangeBounds:()V#292#334 prob_bp = 1.00000000000000000000
Belief propagation time : 12.215000s
