Belief propagation time: 30

Probabilities: 
Vars:5964
Stmts:1196
org.apache.commons.lang.LocaleUtils:toLocale:(Ljava/lang/String;)Ljava/util/Locale;#115#195 prob_bp = 0.49957906791753200000
org.apache.commons.lang.LocaleUtils:toLocale:(Ljava/lang/String;)Ljava/util/Locale;#115#193 prob_bp = 0.49959541790231565000
org.apache.commons.lang.LocaleUtils:toLocale:(Ljava/lang/String;)Ljava/util/Locale;#115#191 prob_bp = 0.49990049835807010000
org.apache.commons.lang.LocaleUtils:toLocale:(Ljava/lang/String;)Ljava/util/Locale;#113#175 prob_bp = 0.49997994822510916000
org.apache.commons.lang.LocaleUtils:toLocale:(Ljava/lang/String;)Ljava/util/Locale;#115#188 prob_bp = 0.49999922173856060000
org.apache.commons.lang.LocaleUtils:toLocale:(Ljava/lang/String;)Ljava/util/Locale;#115#186 prob_bp = 0.49999925194533870000
org.apache.commons.lang.LocaleUtils:toLocale:(Ljava/lang/String;)Ljava/util/Locale;#115#184 prob_bp = 0.49999981805500030000
org.apache.commons.lang.LocaleUtils:toLocale:(Ljava/lang/String;)Ljava/util/Locale;#104#84 prob_bp = 0.50000000003318720000
org.apache.commons.lang.LocaleUtils:toLocale:(Ljava/lang/String;)Ljava/util/Locale;#104#85 prob_bp = 0.50000000013436620000
org.apache.commons.lang.LocaleUtils:toLocale:(Ljava/lang/String;)Ljava/util/Locale;#104#87 prob_bp = 0.50000000013979050000
org.apache.commons.lang.LocaleUtils:toLocale:(Ljava/lang/String;)Ljava/util/Locale;#104#66 prob_bp = 0.50000000034567940000
org.apache.commons.lang.LocaleUtils:toLocale:(Ljava/lang/String;)Ljava/util/Locale;#104#67 prob_bp = 0.50000000139841860000
org.apache.commons.lang.LocaleUtils:toLocale:(Ljava/lang/String;)Ljava/util/Locale;#104#69 prob_bp = 0.50000000145485280000
org.apache.commons.lang.LocaleUtils:toLocale:(Ljava/lang/String;)Ljava/util/Locale;#102#54 prob_bp = 0.50000001818968050000
org.apache.commons.lang.LocaleUtils:toLocale:(Ljava/lang/String;)Ljava/util/Locale;#102#55 prob_bp = 0.50000001868806660000
org.apache.commons.lang.LocaleUtils:toLocale:(Ljava/lang/String;)Ljava/util/Locale;#102#56 prob_bp = 0.50000001944039230000
org.apache.commons.lang.LocaleUtils:toLocale:(Ljava/lang/String;)Ljava/util/Locale;#102#59 prob_bp = 0.50000003814975690000
org.apache.commons.lang.LocaleUtils:toLocale:(Ljava/lang/String;)Ljava/util/Locale;#107#117 prob_bp = 0.50000005014402330000
org.apache.commons.lang.LocaleUtils:toLocale:(Ljava/lang/String;)Ljava/util/Locale;#107#118 prob_bp = 0.50000005651847360000
org.apache.commons.lang.LocaleUtils:toLocale:(Ljava/lang/String;)Ljava/util/Locale;#107#119 prob_bp = 0.50000005880011860000
org.apache.commons.lang.LocaleUtils:toLocale:(Ljava/lang/String;)Ljava/util/Locale;#103#60 prob_bp = 0.50000011263102540000
org.apache.commons.lang.LocaleUtils:toLocale:(Ljava/lang/String;)Ljava/util/Locale;#103#61 prob_bp = 0.50000012198106060000
org.apache.commons.lang.LocaleUtils:toLocale:(Ljava/lang/String;)Ljava/util/Locale;#103#62 prob_bp = 0.50000012689994560000
org.apache.commons.lang.LocaleUtils:toLocale:(Ljava/lang/String;)Ljava/util/Locale;#104#72 prob_bp = 0.50000018586116430000
org.apache.commons.lang.LocaleUtils:toLocale:(Ljava/lang/String;)Ljava/util/Locale;#104#73 prob_bp = 0.50000075209246020000
org.apache.commons.lang.LocaleUtils:toLocale:(Ljava/lang/String;)Ljava/util/Locale;#104#75 prob_bp = 0.50000078245427800000
org.apache.commons.lang.LocaleUtils:toLocale:(Ljava/lang/String;)Ljava/util/Locale;#110#133 prob_bp = 0.50000087731800090000
org.apache.commons.lang.LocaleUtils:toLocale:(Ljava/lang/String;)Ljava/util/Locale;#110#134 prob_bp = 0.50000087736556130000
org.apache.commons.lang.LocaleUtils:toLocale:(Ljava/lang/String;)Ljava/util/Locale;#110#135 prob_bp = 0.50000091265947820000
org.apache.commons.lang.LocaleUtils:toLocale:(Ljava/lang/String;)Ljava/util/Locale;#110#138 prob_bp = 0.50000530126552690000
org.apache.commons.lang.LocaleUtils:toLocale:(Ljava/lang/String;)Ljava/util/Locale;#110#140 prob_bp = 0.50000551452050000000
org.apache.commons.lang.LocaleUtils:toLocale:(Ljava/lang/String;)Ljava/util/Locale;#103#65 prob_bp = 0.50001989433745490000
org.apache.commons.lang.LocaleUtils:toLocale:(Ljava/lang/String;)Ljava/util/Locale;#113#170 prob_bp = 0.50004677281468120000
org.apache.commons.lang.LocaleUtils:toLocale:(Ljava/lang/String;)Ljava/util/Locale;#113#171 prob_bp = 0.50004677532273640000
org.apache.commons.lang.LocaleUtils:toLocale:(Ljava/lang/String;)Ljava/util/Locale;#113#172 prob_bp = 0.50004863286654640000
org.apache.commons.lang.LocaleUtils:toLocale:(Ljava/lang/String;)Ljava/util/Locale;#99#11 prob_bp = 0.50005043523052400000
org.apache.commons.lang.LocaleUtils:toLocale:(Ljava/lang/String;)Ljava/util/Locale;#99#12 prob_bp = 0.50005138500169410000
org.apache.commons.lang.LocaleUtils:toLocale:(Ljava/lang/String;)Ljava/util/Locale;#99#13 prob_bp = 0.50005242337049970000
org.apache.commons.lang.LocaleUtils:toLocale:(Ljava/lang/String;)Ljava/util/Locale;#104#78 prob_bp = 0.50009978703582940000
org.apache.commons.lang.LocaleUtils:toLocale:(Ljava/lang/String;)Ljava/util/Locale;#99#16 prob_bp = 0.50027079162671940000
org.apache.commons.lang.LocaleUtils:toLocale:(Ljava/lang/String;)Ljava/util/Locale;#99#17 prob_bp = 0.50028101705277960000
org.apache.commons.lang.LocaleUtils:toLocale:(Ljava/lang/String;)Ljava/util/Locale;#99#18 prob_bp = 0.50029165470731730000
org.apache.commons.lang.LocaleUtils:toLocale:(Ljava/lang/String;)Ljava/util/Locale;#104#79 prob_bp = 0.50040543158489150000
org.apache.commons.lang.LocaleUtils:toLocale:(Ljava/lang/String;)Ljava/util/Locale;#104#81 prob_bp = 0.50042178180963930000
org.apache.commons.lang.LocaleUtils:toLocale:(Ljava/lang/String;)Ljava/util/Locale;#114#177 prob_bp = 0.50273336684381980000
org.apache.commons.lang.LocaleUtils:toLocale:(Ljava/lang/String;)Ljava/util/Locale;#114#178 prob_bp = 0.50273351443868860000
org.apache.commons.lang.LocaleUtils:toLocale:(Ljava/lang/String;)Ljava/util/Locale;#114#179 prob_bp = 0.50284265516048140000
org.apache.commons.lang.LocaleUtils:toLocale:(Ljava/lang/String;)Ljava/util/Locale;#99#21 prob_bp = 0.50918272737180190000
org.apache.commons.lang.LocaleUtils:toLocale:(Ljava/lang/String;)Ljava/util/Locale;#98#10 prob_bp = 0.50923098165701530000
org.apache.commons.lang.LocaleUtils:toLocale:(Ljava/lang/String;)Ljava/util/Locale;#99#22 prob_bp = 0.50980314418639270000
org.apache.commons.lang.LocaleUtils:toLocale:(Ljava/lang/String;)Ljava/util/Locale;#99#24 prob_bp = 0.51018036273790050000
org.apache.commons.lang.LocaleUtils:toLocale:(Ljava/lang/String;)Ljava/util/Locale;#116#229 prob_bp = 0.66745290274530310000
org.apache.commons.lang.LocaleUtils:toLocale:(Ljava/lang/String;)Ljava/util/Locale;#95#0 prob_bp = 0.72095074329644730000
org.apache.commons.lang.LocaleUtils:toLocale:(Ljava/lang/String;)Ljava/util/Locale;#95#1 prob_bp = 0.72393396354110950000
org.apache.commons.lang.LocaleUtils:toLocale:(Ljava/lang/String;)Ljava/util/Locale;#116#228 prob_bp = 0.98941760310254700000
org.apache.commons.lang.LocaleUtils:toLocale:(Ljava/lang/String;)Ljava/util/Locale;#116#212 prob_bp = 0.99009899971437000000
org.apache.commons.lang.LocaleUtils:toLocale:(Ljava/lang/String;)Ljava/util/Locale;#116#216 prob_bp = 0.99009899971437000000
org.apache.commons.lang.LocaleUtils:toLocale:(Ljava/lang/String;)Ljava/util/Locale;#116#223 prob_bp = 0.99009899971437000000
org.apache.commons.lang.LocaleUtils:toLocale:(Ljava/lang/String;)Ljava/util/Locale;#116#215 prob_bp = 0.99009900990099010000
org.apache.commons.lang.LocaleUtils:toLocale:(Ljava/lang/String;)Ljava/util/Locale;#116#219 prob_bp = 0.99009900990099010000
org.apache.commons.lang.LocaleUtils:toLocale:(Ljava/lang/String;)Ljava/util/Locale;#116#225 prob_bp = 0.99009900990099010000
org.apache.commons.lang.LocaleUtils:toLocale:(Ljava/lang/String;)Ljava/util/Locale;#116#232 prob_bp = 0.99009900990099010000
org.apache.commons.lang.LocaleUtils:toLocale:(Ljava/lang/String;)Ljava/util/Locale;#98#6 prob_bp = 0.99906682444801350000
org.apache.commons.lang.LocaleUtils:toLocale:(Ljava/lang/String;)Ljava/util/Locale;#98#7 prob_bp = 0.99956496688901500000
org.apache.commons.lang.LocaleUtils:toLocale:(Ljava/lang/String;)Ljava/util/Locale;#116#238 prob_bp = 0.99990000999900010000
org.apache.commons.lang.LocaleUtilsTest:testLang328:()V#505#1 prob_bp = 1.00000000000000000000
org.apache.commons.lang.LocaleUtilsTest:testLang328:()V#505#9 prob_bp = 1.00000000000000000000
org.apache.commons.lang.LocaleUtilsTest:assertValidToLocale:(Ljava/lang/String;Ljava/lang/String;Ljava/lang/String;Ljava/lang/String;)V#140#0 prob_bp = 1.00000000000000000000
org.apache.commons.lang.LocaleUtilsTest:assertValidToLocale:(Ljava/lang/String;Ljava/lang/String;Ljava/lang/String;Ljava/lang/String;)V#140#1 prob_bp = 1.00000000000000000000
Belief propagation time : 0.633000s
