Belief propagation time: 100

Probabilities: 
Vars:338861
Stmts:3534
org.apache.commons.math.analysis.solvers.BrentSolver:solve:(Lorg/apache/commons/math/analysis/UnivariateRealFunction;DD)D#173#84 prob_bp = 0.41956162859155500000
org.apache.commons.math.analysis.solvers.BrentSolver:solve:(Lorg/apache/commons/math/analysis/UnivariateRealFunction;DD)D#170#59 prob_bp = 0.48994335910684805000
org.apache.commons.math.analysis.solvers.BrentSolver:solve:(Lorg/apache/commons/math/analysis/UnivariateRealFunction;DD)D#178#101 prob_bp = 0.49005975796309020000
org.apache.commons.math.analysis.solvers.BrentSolver:solve:(Lorg/apache/commons/math/analysis/UnivariateRealFunction;DD)D#178#103 prob_bp = 0.49005975796309020000
org.apache.commons.math.analysis.solvers.BrentSolver:solve:(Lorg/apache/commons/math/analysis/UnivariateRealFunction;DD)D#178#108 prob_bp = 0.49005975796309020000
org.apache.commons.math.analysis.solvers.BrentSolver:solve:(Lorg/apache/commons/math/analysis/UnivariateRealFunction;DD)D#178#115 prob_bp = 0.49005975796309020000
org.apache.commons.math.analysis.solvers.BrentSolver:solve:(Lorg/apache/commons/math/analysis/UnivariateRealFunction;DD)D#178#123 prob_bp = 0.49005975796309020000
org.apache.commons.math.analysis.solvers.BrentSolver:solve:(Lorg/apache/commons/math/analysis/UnivariateRealFunction;DD)D#178#131 prob_bp = 0.49005975796309020000
org.apache.commons.math.analysis.solvers.BrentSolver:solve:(Lorg/apache/commons/math/analysis/UnivariateRealFunction;DD)D#168#46 prob_bp = 0.49874192475926780000
org.apache.commons.math.analysis.solvers.UnivariateRealSolverImpl:verifyInterval:(DD)V#208#3 prob_bp = 0.49983899804676500000
org.apache.commons.math.analysis.solvers.BrentSolver:solve:(Lorg/apache/commons/math/analysis/UnivariateRealFunction;DD)D#178#109 prob_bp = 0.49993083480577630000
org.apache.commons.math.analysis.solvers.BrentSolver:solve:(Lorg/apache/commons/math/analysis/UnivariateRealFunction;DD)D#178#116 prob_bp = 0.49993084243718560000
org.apache.commons.math.analysis.solvers.BrentSolver:solve:(Lorg/apache/commons/math/analysis/UnivariateRealFunction;DD)D#178#124 prob_bp = 0.49993577285775290000
org.apache.commons.math.analysis.solvers.BrentSolver:solve:(Lorg/apache/commons/math/analysis/UnivariateRealFunction;DD)D#178#132 prob_bp = 0.49993577417981794000
org.apache.commons.math.ode.events.EventState:evaluateStep:(Lorg/apache/commons/math/ode/sampling/StepInterpolator;)Z#218#228 prob_bp = 0.49996172263604810000
org.apache.commons.math.ode.events.EventState:evaluateStep:(Lorg/apache/commons/math/ode/sampling/StepInterpolator;)Z#218#217 prob_bp = 0.49997418869709587000
org.apache.commons.math.analysis.solvers.BrentSolver:solve:(Lorg/apache/commons/math/analysis/UnivariateRealFunction;DD)D#164#33 prob_bp = 0.49998575961056410000
org.apache.commons.math.analysis.solvers.BrentSolver:solve:(Lorg/apache/commons/math/analysis/UnivariateRealFunction;DD)D#163#23 prob_bp = 0.49998578869213550000
org.apache.commons.math.ode.events.EventState:evaluateStep:(Lorg/apache/commons/math/ode/sampling/StepInterpolator;)Z#218#224 prob_bp = 0.49999500401990193000
org.apache.commons.math.ode.events.EventState:evaluateStep:(Lorg/apache/commons/math/ode/sampling/StepInterpolator;)Z#218#226 prob_bp = 0.49999501160065085000
org.apache.commons.math.ode.events.EventState:evaluateStep:(Lorg/apache/commons/math/ode/sampling/StepInterpolator;)Z#188#154 prob_bp = 0.49999712506274060000
org.apache.commons.math.analysis.solvers.BrentSolver:solve:(Lorg/apache/commons/math/analysis/UnivariateRealFunction;DD)D#173#83 prob_bp = 0.49999730743534040000
org.apache.commons.math.analysis.solvers.BrentSolver:solve:(Lorg/apache/commons/math/analysis/UnivariateRealFunction;DD)D#168#45 prob_bp = 0.49999857367661793000
org.apache.commons.math.analysis.solvers.BrentSolver:solve:(Lorg/apache/commons/math/analysis/UnivariateRealFunction;DD)D#168#44 prob_bp = 0.49999862248301350000
org.apache.commons.math.ode.events.EventState:evaluateStep:(Lorg/apache/commons/math/ode/sampling/StepInterpolator;)Z#177#57 prob_bp = 0.49999899151488370000
org.apache.commons.math.ode.events.EventState:evaluateStep:(Lorg/apache/commons/math/ode/sampling/StepInterpolator;)Z#183#108 prob_bp = 0.49999899909577510000
org.apache.commons.math.analysis.solvers.BrentSolver:solve:(Lorg/apache/commons/math/analysis/UnivariateRealFunction;DD)D#173#76 prob_bp = 0.49999933590881246000
org.apache.commons.math.analysis.solvers.BrentSolver:solve:(Lorg/apache/commons/math/analysis/UnivariateRealFunction;DD)D#170#58 prob_bp = 0.49999960849794210000
org.apache.commons.math.analysis.solvers.BrentSolver:solve:(Lorg/apache/commons/math/analysis/UnivariateRealFunction;DD)D#168#42 prob_bp = 0.49999962066121956000
org.apache.commons.math.analysis.solvers.BrentSolver:solve:(Lorg/apache/commons/math/analysis/UnivariateRealFunction;DD)D#173#74 prob_bp = 0.49999984045614830000
org.apache.commons.math.analysis.solvers.BrentSolver:solve:(Lorg/apache/commons/math/analysis/UnivariateRealFunction;DD)D#170#51 prob_bp = 0.49999989274913165000
org.apache.commons.math.analysis.solvers.BrentSolver:solve:(Lorg/apache/commons/math/analysis/UnivariateRealFunction;DD)D#164#28 prob_bp = 0.49999991334462980000
org.apache.commons.math.analysis.solvers.BrentSolver:solve:(Lorg/apache/commons/math/analysis/UnivariateRealFunction;DD)D#163#18 prob_bp = 0.49999991351897260000
org.apache.commons.math.analysis.solvers.BrentSolver:solve:(Lorg/apache/commons/math/analysis/UnivariateRealFunction;DD)D#167#40 prob_bp = 0.49999991616284170000
org.apache.commons.math.analysis.solvers.BrentSolver:solve:(Lorg/apache/commons/math/analysis/UnivariateRealFunction;DD)D#164#25 prob_bp = 0.49999996871860680000
org.apache.commons.math.analysis.solvers.BrentSolver:solve:(Lorg/apache/commons/math/analysis/UnivariateRealFunction;DD)D#163#16 prob_bp = 0.49999996878154220000
org.apache.commons.math.analysis.solvers.BrentSolver:solve:(Lorg/apache/commons/math/analysis/UnivariateRealFunction;DD)D#170#49 prob_bp = 0.49999997194732720000
org.apache.commons.math.analysis.solvers.BrentSolver:solve:(Lorg/apache/commons/math/analysis/UnivariateRealFunction;DD)D#164#26 prob_bp = 0.49999997585904610000
org.apache.commons.math.analysis.solvers.BrentSolver:solve:(Lorg/apache/commons/math/analysis/UnivariateRealFunction;DD)D#163#17 prob_bp = 0.49999997590571100000
org.apache.commons.math.ode.events.EventState:evaluateStep:(Lorg/apache/commons/math/ode/sampling/StepInterpolator;)Z#218#222 prob_bp = 0.49999997753808806000
org.apache.commons.math.ode.events.EventState:evaluateStep:(Lorg/apache/commons/math/ode/sampling/StepInterpolator;)Z#203#183 prob_bp = 0.49999998002500773000
org.apache.commons.math.ode.events.EventState:evaluateStep:(Lorg/apache/commons/math/ode/sampling/StepInterpolator;)Z#203#174 prob_bp = 0.49999998071685150000
org.apache.commons.math.ode.events.EventState:evaluateStep:(Lorg/apache/commons/math/ode/sampling/StepInterpolator;)Z#177#54 prob_bp = 0.49999998114059596000
org.apache.commons.math.ode.events.EventState:evaluateStep:(Lorg/apache/commons/math/ode/sampling/StepInterpolator;)Z#177#53 prob_bp = 0.49999998366042986000
org.apache.commons.math.ode.events.EventState:evaluateStep:(Lorg/apache/commons/math/ode/sampling/StepInterpolator;)Z#183#107 prob_bp = 0.49999998618576860000
org.apache.commons.math.ode.events.EventState:evaluateStep:(Lorg/apache/commons/math/ode/sampling/StepInterpolator;)Z#183#105 prob_bp = 0.49999998938430346000
org.apache.commons.math.analysis.solvers.BrentSolver:solve:(Lorg/apache/commons/math/analysis/UnivariateRealFunction;DD)D#173#80 prob_bp = 0.49999998996588020000
org.apache.commons.math.ode.events.EventState:evaluateStep:(Lorg/apache/commons/math/ode/sampling/StepInterpolator;)Z#175#51 prob_bp = 0.49999999017601990000
org.apache.commons.math.analysis.solvers.UnivariateRealSolverImpl:verifyInterval:(DD)V#208#2 prob_bp = 0.49999999109918325000
org.apache.commons.math.analysis.solvers.BrentSolver:solve:(Lorg/apache/commons/math/analysis/UnivariateRealFunction;DD)D#173#79 prob_bp = 0.49999999666491690000
org.apache.commons.math.ode.events.EventState:evaluateStep:(Lorg/apache/commons/math/ode/sampling/StepInterpolator;)Z#183#103 prob_bp = 0.49999999673816203000
org.apache.commons.math.ode.events.EventState:evaluateStep:(Lorg/apache/commons/math/ode/sampling/StepInterpolator;)Z#227#330 prob_bp = 0.49999999709966336000
org.apache.commons.math.analysis.solvers.UnivariateRealSolverImpl:verifyInterval:(DD)V#208#0 prob_bp = 0.49999999749056545000
org.apache.commons.math.analysis.solvers.UnivariateRealSolverImpl:verifyInterval:(DD)V#208#1 prob_bp = 0.49999999749058090000
org.apache.commons.math.ode.events.EventState:evaluateStep:(Lorg/apache/commons/math/ode/sampling/StepInterpolator;)Z#188#153 prob_bp = 0.49999999788898200000
org.apache.commons.math.ode.events.EventState:evaluateStep:(Lorg/apache/commons/math/ode/sampling/StepInterpolator;)Z#188#152 prob_bp = 0.49999999796216300000
org.apache.commons.math.analysis.solvers.BrentSolver:solve:(Lorg/apache/commons/math/analysis/UnivariateRealFunction;DD)D#170#55 prob_bp = 0.49999999830148917000
org.apache.commons.math.ode.events.EventState:evaluateStep:(Lorg/apache/commons/math/ode/sampling/StepInterpolator;)Z#218#220 prob_bp = 0.49999999858285920000
org.apache.commons.math.analysis.solvers.BrentSolver:solve:(Lorg/apache/commons/math/analysis/UnivariateRealFunction;DD)D#159#8 prob_bp = 0.49999999858871097000
org.apache.commons.math.ode.events.EventState:evaluateStep:(Lorg/apache/commons/math/ode/sampling/StepInterpolator;)Z#218#216 prob_bp = 0.49999999868023576000
org.apache.commons.math.ode.events.EventState:evaluateStep:(Lorg/apache/commons/math/ode/sampling/StepInterpolator;)Z#215#192 prob_bp = 0.49999999873976100000
org.apache.commons.math.ode.events.EventState:evaluateStep:(Lorg/apache/commons/math/ode/sampling/StepInterpolator;)Z#215#185 prob_bp = 0.49999999878191975000
org.apache.commons.math.ode.events.EventState:evaluateStep:(Lorg/apache/commons/math/ode/sampling/StepInterpolator;)Z#179#91 prob_bp = 0.49999999935014020000
org.apache.commons.math.analysis.solvers.BrentSolver:solve:(Lorg/apache/commons/math/analysis/UnivariateRealFunction;DD)D#170#54 prob_bp = 0.49999999939190880000
org.apache.commons.math.ode.events.EventState:stepAccepted:(D[D)V#285#2 prob_bp = 0.49999999952119890000
org.apache.commons.math.analysis.solvers.BrentSolver:solve:(Lorg/apache/commons/math/analysis/UnivariateRealFunction;DD)D#167#39 prob_bp = 0.49999999956537655000
org.apache.commons.math.ode.events.EventState:evaluateStep:(Lorg/apache/commons/math/ode/sampling/StepInterpolator;)Z#180#100 prob_bp = 0.49999999957945090000
org.apache.commons.math.ode.events.EventState:stepAccepted:(D[D)V#285#0 prob_bp = 0.49999999958517216000
org.apache.commons.math.ode.events.EventState:evaluateStep:(Lorg/apache/commons/math/ode/sampling/StepInterpolator;)Z#218#212 prob_bp = 0.49999999965885705000
org.apache.commons.math.ode.events.EventState:evaluateStep:(Lorg/apache/commons/math/ode/sampling/StepInterpolator;)Z#218#214 prob_bp = 0.49999999965924110000
org.apache.commons.math.ode.events.EventState:evaluateStep:(Lorg/apache/commons/math/ode/sampling/StepInterpolator;)Z#180#96 prob_bp = 0.49999999972763510000
org.apache.commons.math.ode.events.EventState:evaluateStep:(Lorg/apache/commons/math/ode/sampling/StepInterpolator;)Z#180#94 prob_bp = 0.49999999976440870000
org.apache.commons.math.ode.events.EventState:evaluateStep:(Lorg/apache/commons/math/ode/sampling/StepInterpolator;)Z#188#145 prob_bp = 0.49999999977338390000
org.apache.commons.math.ode.events.EventState:evaluateStep:(Lorg/apache/commons/math/ode/sampling/StepInterpolator;)Z#180#93 prob_bp = 0.49999999977353440000
org.apache.commons.math.analysis.solvers.BrentSolver:solve:(Lorg/apache/commons/math/analysis/UnivariateRealFunction;DD)D#159#5 prob_bp = 0.49999999980340970000
org.apache.commons.math.analysis.solvers.BrentSolver:solve:(Lorg/apache/commons/math/analysis/UnivariateRealFunction;DD)D#159#6 prob_bp = 0.49999999980343070000
org.apache.commons.math.ode.events.EventState:evaluateStep:(Lorg/apache/commons/math/ode/sampling/StepInterpolator;)Z#227#327 prob_bp = 0.49999999982433047000
org.apache.commons.math.ode.events.EventState:evaluateStep:(Lorg/apache/commons/math/ode/sampling/StepInterpolator;)Z#227#326 prob_bp = 0.49999999983112814000
org.apache.commons.math.ode.events.EventState:evaluateStep:(Lorg/apache/commons/math/ode/sampling/StepInterpolator;)Z#180#98 prob_bp = 0.49999999985728916000
org.apache.commons.math.ode.events.EventState:stepAccepted:(D[D)V#285#1 prob_bp = 0.49999999986258760000
org.apache.commons.math.analysis.solvers.BrentSolver:solve:(Lorg/apache/commons/math/analysis/UnivariateRealFunction;DD)D#167#35 prob_bp = 0.49999999988523270000
org.apache.commons.math.analysis.solvers.BrentSolver:solve:(Lorg/apache/commons/math/analysis/UnivariateRealFunction;DD)D#167#37 prob_bp = 0.49999999988523447000
org.apache.commons.math.ode.events.EventState:evaluateStep:(Lorg/apache/commons/math/ode/sampling/StepInterpolator;)Z#174#39 prob_bp = 0.49999999992622157000
org.apache.commons.math.ode.events.EventState:evaluateStep:(Lorg/apache/commons/math/ode/sampling/StepInterpolator;)Z#174#36 prob_bp = 0.49999999994333555000
org.apache.commons.math.ode.events.EventState:evaluateStep:(Lorg/apache/commons/math/ode/sampling/StepInterpolator;)Z#174#17 prob_bp = 0.49999999994553057000
org.apache.commons.math.analysis.solvers.UnivariateRealSolverImpl:<init>:(ID)V#95#23 prob_bp = 0.49999999995320040000
org.apache.commons.math.ode.events.EventState:evaluateStep:(Lorg/apache/commons/math/ode/sampling/StepInterpolator;)Z#188#138 prob_bp = 0.49999999996097544000
org.apache.commons.math.ode.events.EventState:evaluateStep:(Lorg/apache/commons/math/ode/sampling/StepInterpolator;)Z#188#137 prob_bp = 0.49999999996620110000
org.apache.commons.math.analysis.solvers.UnivariateRealSolverImpl:<init>:(ID)V#95#18 prob_bp = 0.49999999998588450000
org.apache.commons.math.ode.events.EventState:evaluateStep:(Lorg/apache/commons/math/ode/sampling/StepInterpolator;)Z#224#299 prob_bp = 0.49999999998793690000
org.apache.commons.math.ode.events.EventState:getEventTime:()D#271#4 prob_bp = 0.49999999998935485000
org.apache.commons.math.analysis.solvers.BrentSolver:<init>:()V#56#6 prob_bp = 0.49999999999496103000
org.apache.commons.math.ode.events.EventState:evaluateStep:(Lorg/apache/commons/math/ode/sampling/StepInterpolator;)Z#224#296 prob_bp = 0.49999999999717140000
org.apache.commons.math.analysis.solvers.BrentSolver:<init>:()V#56#0 prob_bp = 0.49999999999750755000
org.apache.commons.math.ode.events.EventState:evaluateStep:(Lorg/apache/commons/math/ode/sampling/StepInterpolator;)Z#219#260 prob_bp = 0.49999999999808836000
org.apache.commons.math.ode.events.EventState:evaluateStep:(Lorg/apache/commons/math/ode/sampling/StepInterpolator;)Z#174#35 prob_bp = 0.49999999999815736000
org.apache.commons.math.ode.events.EventState:evaluateStep:(Lorg/apache/commons/math/ode/sampling/StepInterpolator;)Z#215#189 prob_bp = 0.49999999999821665000
org.apache.commons.math.ode.events.EventState:evaluateStep:(Lorg/apache/commons/math/ode/sampling/StepInterpolator;)Z#174#32 prob_bp = 0.49999999999829464000
org.apache.commons.math.ode.events.EventState:evaluateStep:(Lorg/apache/commons/math/ode/sampling/StepInterpolator;)Z#179#90 prob_bp = 0.49999999999833010000
org.apache.commons.math.ode.events.EventState:evaluateStep:(Lorg/apache/commons/math/ode/sampling/StepInterpolator;)Z#215#188 prob_bp = 0.49999999999841416000
org.apache.commons.math.ode.events.EventState:evaluateStep:(Lorg/apache/commons/math/ode/sampling/StepInterpolator;)Z#203#180 prob_bp = 0.49999999999924880000
org.apache.commons.math.ode.events.EventState:evaluateStep:(Lorg/apache/commons/math/ode/sampling/StepInterpolator;)Z#203#178 prob_bp = 0.49999999999927470000
org.apache.commons.math.ode.events.EventState:evaluateStep:(Lorg/apache/commons/math/ode/sampling/StepInterpolator;)Z#203#179 prob_bp = 0.49999999999927470000
org.apache.commons.math.ode.events.EventState:stepAccepted:(D[D)V#291#37 prob_bp = 0.49999999999927547000
org.apache.commons.math.ode.events.EventState:<init>:(Lorg/apache/commons/math/ode/events/EventHandler;DDI)V#95#1 prob_bp = 0.49999999999927780000
org.apache.commons.math.ode.events.EventState:<init>:(Lorg/apache/commons/math/ode/events/EventHandler;DDI)V#95#0 prob_bp = 0.49999999999929373000
org.apache.commons.math.ode.events.EventState:evaluateStep:(Lorg/apache/commons/math/ode/sampling/StepInterpolator;)Z#203#177 prob_bp = 0.49999999999933187000
org.apache.commons.math.ode.sampling.AbstractStepInterpolator:<init>:([DZ)V#107#1 prob_bp = 0.49999999999934430000
org.apache.commons.math.ode.events.EventState:stepAccepted:(D[D)V#291#32 prob_bp = 0.49999999999937217000
org.apache.commons.math.ode.sampling.AbstractStepInterpolator:<init>:([DZ)V#107#0 prob_bp = 0.49999999999939160000
org.apache.commons.math.ode.sampling.DummyStepInterpolator:<init>:([DZ)V#66#3 prob_bp = 0.49999999999941500000
org.apache.commons.math.ode.sampling.DummyStepInterpolator:<init>:([DZ)V#66#0 prob_bp = 0.49999999999942670000
org.apache.commons.math.ode.events.EventState:evaluateStep:(Lorg/apache/commons/math/ode/sampling/StepInterpolator;)Z#175#50 prob_bp = 0.49999999999966010000
org.apache.commons.math.analysis.solvers.BrentSolver:solve:(Lorg/apache/commons/math/analysis/UnivariateRealFunction;DDDDDD)D#245#118 prob_bp = 0.49999999999976410000
org.apache.commons.math.ode.events.EventState:evaluateStep:(Lorg/apache/commons/math/ode/sampling/StepInterpolator;)Z#224#293 prob_bp = 0.49999999999978284000
org.apache.commons.math.ode.events.EventState:getEventTime:()D#271#1 prob_bp = 0.49999999999978940000
org.apache.commons.math.ode.events.EventState:evaluateStep:(Lorg/apache/commons/math/ode/sampling/StepInterpolator;)Z#224#292 prob_bp = 0.49999999999979030000
org.apache.commons.math.analysis.solvers.UnivariateRealSolverImpl:<init>:(ID)V#95#20 prob_bp = 0.49999999999979283000
org.apache.commons.math.ode.events.EventState:evaluateStep:(Lorg/apache/commons/math/ode/sampling/StepInterpolator;)Z#188#144 prob_bp = 0.49999999999980920000
org.apache.commons.math.ode.events.EventState:evaluateStep:(Lorg/apache/commons/math/ode/sampling/StepInterpolator;)Z#188#143 prob_bp = 0.49999999999981665000
org.apache.commons.math.ode.events.EventState:getEventTime:()D#271#0 prob_bp = 0.49999999999981760000
org.apache.commons.math.ode.events.EventState:evaluateStep:(Lorg/apache/commons/math/ode/sampling/StepInterpolator;)Z#175#49 prob_bp = 0.49999999999990720000
org.apache.commons.math.analysis.solvers.UnivariateRealSolverImpl:<init>:(ID)V#95#19 prob_bp = 0.49999999999993760000
org.apache.commons.math.ode.events.EventState:evaluateStep:(Lorg/apache/commons/math/ode/sampling/StepInterpolator;)Z#188#141 prob_bp = 0.49999999999995490000
org.apache.commons.math.ode.events.EventState:evaluateStep:(Lorg/apache/commons/math/ode/sampling/StepInterpolator;)Z#175#47 prob_bp = 0.49999999999996847000
org.apache.commons.math.ode.events.EventState:evaluateStep:(Lorg/apache/commons/math/ode/sampling/StepInterpolator;)Z#179#66 prob_bp = 0.49999999999996880000
org.apache.commons.math.ode.events.EventState:evaluateStep:(Lorg/apache/commons/math/ode/sampling/StepInterpolator;)Z#179#79 prob_bp = 0.49999999999996947000
org.apache.commons.math.ode.events.EventState:evaluateStep:(Lorg/apache/commons/math/ode/sampling/StepInterpolator;)Z#179#65 prob_bp = 0.49999999999997300000
org.apache.commons.math.ode.events.EventState:evaluateStep:(Lorg/apache/commons/math/ode/sampling/StepInterpolator;)Z#179#78 prob_bp = 0.49999999999997347000
org.apache.commons.math.analysis.solvers.BrentSolver:solve:(Lorg/apache/commons/math/analysis/UnivariateRealFunction;DDDDDD)D#235#68 prob_bp = 0.49999999999997390000
org.apache.commons.math.analysis.solvers.UnivariateRealSolverImpl:<init>:(ID)V#94#15 prob_bp = 0.49999999999997870000
org.apache.commons.math.analysis.solvers.UnivariateRealSolverImpl:<init>:(ID)V#94#12 prob_bp = 0.49999999999997935000
org.apache.commons.math.ode.events.EventState:evaluateStep:(Lorg/apache/commons/math/ode/sampling/StepInterpolator;)Z#226#323 prob_bp = 0.49999999999998324000
org.apache.commons.math.ode.events.EventState:evaluateStep:(Lorg/apache/commons/math/ode/sampling/StepInterpolator;)Z#226#320 prob_bp = 0.49999999999998390000
org.apache.commons.math.ode.events.EventState:stepAccepted:(D[D)V#291#34 prob_bp = 0.49999999999998670000
org.apache.commons.math.ode.events.EventState:stepAccepted:(D[D)V#291#33 prob_bp = 0.49999999999998856000
org.apache.commons.math.ode.events.EventState:evaluateStep:(Lorg/apache/commons/math/ode/sampling/StepInterpolator;)Z#185#135 prob_bp = 0.49999999999999110000
org.apache.commons.math.analysis.solvers.UnivariateRealSolverImpl:<init>:(ID)V#94#11 prob_bp = 0.49999999999999356000
org.apache.commons.math.ode.events.EventState:evaluateStep:(Lorg/apache/commons/math/ode/sampling/StepInterpolator;)Z#226#321 prob_bp = 0.49999999999999567000
org.apache.commons.math.ode.events.EventState:stepAccepted:(D[D)V#288#24 prob_bp = 0.49999999999999640000
org.apache.commons.math.ode.events.EventState:evaluateStep:(Lorg/apache/commons/math/ode/sampling/StepInterpolator;)Z#218#245 prob_bp = 0.49999999999999880000
org.apache.commons.math.ode.events.EventState:evaluateStep:(Lorg/apache/commons/math/ode/sampling/StepInterpolator;)Z#175#46 prob_bp = 0.49999999999999890000
org.apache.commons.math.ode.events.EventState:evaluateStep:(Lorg/apache/commons/math/ode/sampling/StepInterpolator;)Z#175#41 prob_bp = 0.49999999999999967000
org.apache.commons.math.ode.events.EventState:evaluateStep:(Lorg/apache/commons/math/ode/sampling/StepInterpolator;)Z#188#148 prob_bp = 0.49999999999999967000
org.apache.commons.math.analysis.solvers.BrentSolver:solve:(Lorg/apache/commons/math/analysis/UnivariateRealFunction;DD)D#195#188 prob_bp = 0.49999999999999967000
org.apache.commons.math.ode.events.EventState:stepAccepted:(D[D)V#288#20 prob_bp = 0.49999999999999980000
org.apache.commons.math.ode.events.EventState:evaluateStep:(Lorg/apache/commons/math/ode/sampling/StepInterpolator;)Z#179#75 prob_bp = 0.49999999999999983000
org.apache.commons.math.ode.events.EventState:evaluateStep:(Lorg/apache/commons/math/ode/sampling/StepInterpolator;)Z#236#352 prob_bp = 0.49999999999999983000
org.apache.commons.math.ode.events.EventState:evaluateStep:(Lorg/apache/commons/math/ode/sampling/StepInterpolator;)Z#236#353 prob_bp = 0.49999999999999983000
org.apache.commons.math.ode.events.EventState:reinitializeBegin:(D[D)V#152#5 prob_bp = 0.49999999999999990000
org.apache.commons.math.ode.events.EventState:reinitializeBegin:(D[D)V#153#20 prob_bp = 0.49999999999999990000
org.apache.commons.math.ode.events.EventState:reinitializeBegin:(D[D)V#153#34 prob_bp = 0.49999999999999990000
org.apache.commons.math.ode.events.EventState:reinitializeBegin:(D[D)V#153#35 prob_bp = 0.49999999999999990000
org.apache.commons.math.ode.events.EventState:evaluateStep:(Lorg/apache/commons/math/ode/sampling/StepInterpolator;)Z#173#16 prob_bp = 0.49999999999999990000
org.apache.commons.math.ode.events.EventState:evaluateStep:(Lorg/apache/commons/math/ode/sampling/StepInterpolator;)Z#174#28 prob_bp = 0.49999999999999990000
org.apache.commons.math.ode.events.EventState:evaluateStep:(Lorg/apache/commons/math/ode/sampling/StepInterpolator;)Z#175#43 prob_bp = 0.49999999999999990000
org.apache.commons.math.analysis.solvers.BrentSolver:solve:(Lorg/apache/commons/math/analysis/UnivariateRealFunction;DD)D#195#186 prob_bp = 0.49999999999999990000
org.apache.commons.math.ode.events.EventState:evaluateStep:(Lorg/apache/commons/math/ode/sampling/StepInterpolator;)Z#219#252 prob_bp = 0.49999999999999990000
org.apache.commons.math.ode.events.EventState:evaluateStep:(Lorg/apache/commons/math/ode/sampling/StepInterpolator;)Z#219#255 prob_bp = 0.49999999999999990000
org.apache.commons.math.ode.events.EventState:evaluateStep:(Lorg/apache/commons/math/ode/sampling/StepInterpolator;)Z#236#354 prob_bp = 0.49999999999999990000
org.apache.commons.math.ode.events.EventState:stepAccepted:(D[D)V#288#21 prob_bp = 0.49999999999999990000
org.apache.commons.math.ode.events.EventState:reinitializeBegin:(D[D)V#153#27 prob_bp = 0.49999999999999994000
org.apache.commons.math.ode.sampling.AbstractStepInterpolator:<init>:([DZ)V#115#42 prob_bp = 0.49999999999999994000
org.apache.commons.math.ode.events.EventState:evaluateStep:(Lorg/apache/commons/math/ode/sampling/StepInterpolator;)Z#174#31 prob_bp = 0.49999999999999994000
org.apache.commons.math.ode.events.EventState:evaluateStep:(Lorg/apache/commons/math/ode/sampling/StepInterpolator;)Z#185#122 prob_bp = 0.49999999999999994000
org.apache.commons.math.ConvergingAlgorithmImpl:<init>:(ID)V#63#9 prob_bp = 0.49999999999999994000
org.apache.commons.math.ConvergingAlgorithmImpl:<init>:(ID)V#65#21 prob_bp = 0.49999999999999994000
org.apache.commons.math.ConvergingAlgorithmImpl:<init>:(ID)V#65#22 prob_bp = 0.49999999999999994000
org.apache.commons.math.ConvergingAlgorithmImpl:<init>:(ID)V#65#23 prob_bp = 0.49999999999999994000
org.apache.commons.math.analysis.solvers.BrentSolver:solve:(Lorg/apache/commons/math/analysis/UnivariateRealFunction;DDDDDD)D#225#15 prob_bp = 0.49999999999999994000
org.apache.commons.math.analysis.solvers.BrentSolver:solve:(Lorg/apache/commons/math/analysis/UnivariateRealFunction;DDDDDD)D#225#19 prob_bp = 0.49999999999999994000
org.apache.commons.math.analysis.solvers.BrentSolver:solve:(Lorg/apache/commons/math/analysis/UnivariateRealFunction;DDDDDD)D#226#29 prob_bp = 0.49999999999999994000
org.apache.commons.math.analysis.solvers.BrentSolver:solve:(Lorg/apache/commons/math/analysis/UnivariateRealFunction;DDDDDD)D#226#33 prob_bp = 0.49999999999999994000
org.apache.commons.math.analysis.solvers.BrentSolver:solve:(Lorg/apache/commons/math/analysis/UnivariateRealFunction;DDDDDD)D#226#33#unexe#4 prob_bp = 0.49999999999999994000
org.apache.commons.math.analysis.solvers.BrentSolver:solve:(Lorg/apache/commons/math/analysis/UnivariateRealFunction;DDDDDD)D#235#58 prob_bp = 0.49999999999999994000
org.apache.commons.math.analysis.solvers.BrentSolver:solve:(Lorg/apache/commons/math/analysis/UnivariateRealFunction;DDDDDD)D#243#105 prob_bp = 0.49999999999999994000
org.apache.commons.math.analysis.solvers.BrentSolver:solve:(Lorg/apache/commons/math/analysis/UnivariateRealFunction;DDDDDD)D#245#112 prob_bp = 0.49999999999999994000
org.apache.commons.math.analysis.solvers.BrentSolver:solve:(Lorg/apache/commons/math/analysis/UnivariateRealFunction;DDDDDD)D#245#117 prob_bp = 0.49999999999999994000
org.apache.commons.math.analysis.solvers.BrentSolver:solve:(Lorg/apache/commons/math/analysis/UnivariateRealFunction;DDDDDD)D#249#139 prob_bp = 0.49999999999999994000
org.apache.commons.math.analysis.solvers.BrentSolver:solve:(Lorg/apache/commons/math/analysis/UnivariateRealFunction;DDDDDD)D#249#141 prob_bp = 0.49999999999999994000
org.apache.commons.math.analysis.solvers.BrentSolver:solve:(Lorg/apache/commons/math/analysis/UnivariateRealFunction;DDDDDD)D#249#142 prob_bp = 0.49999999999999994000
org.apache.commons.math.analysis.solvers.BrentSolver:solve:(Lorg/apache/commons/math/analysis/UnivariateRealFunction;DDDDDD)D#249#155 prob_bp = 0.49999999999999994000
org.apache.commons.math.analysis.solvers.BrentSolver:solve:(Lorg/apache/commons/math/analysis/UnivariateRealFunction;DDDDDD)D#261#185 prob_bp = 0.49999999999999994000
org.apache.commons.math.analysis.solvers.BrentSolver:solve:(Lorg/apache/commons/math/analysis/UnivariateRealFunction;DDDDDD)D#272#262 prob_bp = 0.49999999999999994000
org.apache.commons.math.analysis.solvers.BrentSolver:solve:(Lorg/apache/commons/math/analysis/UnivariateRealFunction;DDDDDD)D#272#263 prob_bp = 0.49999999999999994000
org.apache.commons.math.analysis.solvers.BrentSolver:solve:(Lorg/apache/commons/math/analysis/UnivariateRealFunction;DDDDDD)D#272#264#unexe#27 prob_bp = 0.49999999999999994000
org.apache.commons.math.analysis.solvers.BrentSolver:solve:(Lorg/apache/commons/math/analysis/UnivariateRealFunction;DDDDDD)D#277#283 prob_bp = 0.49999999999999994000
org.apache.commons.math.analysis.solvers.BrentSolver:solve:(Lorg/apache/commons/math/analysis/UnivariateRealFunction;DDDDDD)D#277#285 prob_bp = 0.49999999999999994000
org.apache.commons.math.analysis.solvers.BrentSolver:solve:(Lorg/apache/commons/math/analysis/UnivariateRealFunction;DDDDDD)D#277#322 prob_bp = 0.49999999999999994000
org.apache.commons.math.analysis.solvers.BrentSolver:solve:(Lorg/apache/commons/math/analysis/UnivariateRealFunction;DDDDDD)D#286#345 prob_bp = 0.49999999999999994000
org.apache.commons.math.analysis.solvers.BrentSolver:solve:(Lorg/apache/commons/math/analysis/UnivariateRealFunction;DDDDDD)D#286#347 prob_bp = 0.49999999999999994000
org.apache.commons.math.analysis.solvers.BrentSolver:solve:(Lorg/apache/commons/math/analysis/UnivariateRealFunction;DDDDDD)D#277#323#unexe#16 prob_bp = 0.49999999999999994000
org.apache.commons.math.analysis.solvers.BrentSolver:solve:(Lorg/apache/commons/math/analysis/UnivariateRealFunction;DDDDDD)D#277#305#unexe#16 prob_bp = 0.49999999999999994000
org.apache.commons.math.analysis.solvers.BrentSolver:solve:(Lorg/apache/commons/math/analysis/UnivariateRealFunction;DDDDDD)D#277#305#unexe#14 prob_bp = 0.49999999999999994000
org.apache.commons.math.analysis.solvers.BrentSolver:solve:(Lorg/apache/commons/math/analysis/UnivariateRealFunction;DDDDDD)D#249#142#unexe#16 prob_bp = 0.49999999999999994000
org.apache.commons.math.analysis.solvers.BrentSolver:solve:(Lorg/apache/commons/math/analysis/UnivariateRealFunction;DDDDDD)D#290#352 prob_bp = 0.49999999999999994000
org.apache.commons.math.analysis.solvers.BrentSolver:solve:(Lorg/apache/commons/math/analysis/UnivariateRealFunction;DDDDDD)D#293#359 prob_bp = 0.49999999999999994000
org.apache.commons.math.analysis.solvers.BrentSolver:solve:(Lorg/apache/commons/math/analysis/UnivariateRealFunction;DDDDDD)D#293#364 prob_bp = 0.49999999999999994000
org.apache.commons.math.analysis.solvers.BrentSolver:solve:(Lorg/apache/commons/math/analysis/UnivariateRealFunction;DDDDDD)D#294#375 prob_bp = 0.49999999999999994000
org.apache.commons.math.analysis.solvers.BrentSolver:solve:(Lorg/apache/commons/math/analysis/UnivariateRealFunction;DDDDDD)D#300#420 prob_bp = 0.49999999999999994000
org.apache.commons.math.analysis.solvers.BrentSolver:solve:(Lorg/apache/commons/math/analysis/UnivariateRealFunction;DDDDDD)D#300#422 prob_bp = 0.49999999999999994000
org.apache.commons.math.analysis.solvers.BrentSolver:solve:(Lorg/apache/commons/math/analysis/UnivariateRealFunction;DDDDDD)D#300#427 prob_bp = 0.49999999999999994000
org.apache.commons.math.analysis.solvers.BrentSolver:solve:(Lorg/apache/commons/math/analysis/UnivariateRealFunction;DDDDDD)D#301#432 prob_bp = 0.49999999999999994000
org.apache.commons.math.analysis.solvers.BrentSolver:solve:(Lorg/apache/commons/math/analysis/UnivariateRealFunction;DDDDDD)D#301#433 prob_bp = 0.49999999999999994000
org.apache.commons.math.analysis.solvers.BrentSolver:solve:(Lorg/apache/commons/math/analysis/UnivariateRealFunction;DDDDDD)D#301#453 prob_bp = 0.49999999999999994000
org.apache.commons.math.analysis.solvers.BrentSolver:solve:(Lorg/apache/commons/math/analysis/UnivariateRealFunction;DDDDDD)D#301#453#unexe#16 prob_bp = 0.49999999999999994000
org.apache.commons.math.analysis.solvers.BrentSolver:solve:(Lorg/apache/commons/math/analysis/UnivariateRealFunction;DDDDDD)D#269#227 prob_bp = 0.49999999999999994000
org.apache.commons.math.analysis.solvers.BrentSolver:solve:(Lorg/apache/commons/math/analysis/UnivariateRealFunction;DDDDDD)D#269#235 prob_bp = 0.49999999999999994000
org.apache.commons.math.analysis.solvers.BrentSolver:solve:(Lorg/apache/commons/math/analysis/UnivariateRealFunction;DDDDDD)D#270#248 prob_bp = 0.49999999999999994000
org.apache.commons.math.analysis.solvers.BrentSolver:solve:(Lorg/apache/commons/math/analysis/UnivariateRealFunction;DDDDDD)D#270#258 prob_bp = 0.49999999999999994000
org.apache.commons.math.analysis.solvers.BrentSolver:solve:(Lorg/apache/commons/math/analysis/UnivariateRealFunction;DDDDDD)D#246#126 prob_bp = 0.49999999999999994000
org.apache.commons.math.analysis.solvers.UnivariateRealSolverImpl:setResult:(DI)V#141#1 prob_bp = 0.49999999999999994000
org.apache.commons.math.ode.events.EventState:evaluateStep:(Lorg/apache/commons/math/ode/sampling/StepInterpolator;)Z#219#249 prob_bp = 0.49999999999999994000
org.apache.commons.math.ode.events.EventState:evaluateStep:(Lorg/apache/commons/math/ode/sampling/StepInterpolator;)Z#219#259 prob_bp = 0.49999999999999994000
org.apache.commons.math.ode.events.EventState:<init>:(Lorg/apache/commons/math/ode/events/EventHandler;DDI)V#96#4 prob_bp = 0.50000000000000000000
org.apache.commons.math.ode.events.EventState:<init>:(Lorg/apache/commons/math/ode/events/EventHandler;DDI)V#96#5 prob_bp = 0.50000000000000000000
org.apache.commons.math.ode.events.EventState:<init>:(Lorg/apache/commons/math/ode/events/EventHandler;DDI)V#96#6 prob_bp = 0.50000000000000000000
org.apache.commons.math.ode.events.EventState:<init>:(Lorg/apache/commons/math/ode/events/EventHandler;DDI)V#98#14 prob_bp = 0.50000000000000000000
org.apache.commons.math.ode.events.EventState:<init>:(Lorg/apache/commons/math/ode/events/EventHandler;DDI)V#98#15 prob_bp = 0.50000000000000000000
org.apache.commons.math.ode.events.EventState:<init>:(Lorg/apache/commons/math/ode/events/EventHandler;DDI)V#98#17 prob_bp = 0.50000000000000000000
org.apache.commons.math.ode.events.EventState:<init>:(Lorg/apache/commons/math/ode/events/EventHandler;DDI)V#98#20 prob_bp = 0.50000000000000000000
org.apache.commons.math.ode.events.EventState:reinitializeBegin:(D[D)V#152#6 prob_bp = 0.50000000000000000000
org.apache.commons.math.ode.events.EventState:reinitializeBegin:(D[D)V#152#7 prob_bp = 0.50000000000000000000
org.apache.commons.math.ode.events.EventState:reinitializeBegin:(D[D)V#152#10 prob_bp = 0.50000000000000000000
org.apache.commons.math.ode.events.EventState:reinitializeBegin:(D[D)V#152#11 prob_bp = 0.50000000000000000000
org.apache.commons.math.ode.events.EventState:reinitializeBegin:(D[D)V#152#12 prob_bp = 0.50000000000000000000
org.apache.commons.math.ode.events.EventState:reinitializeBegin:(D[D)V#152#17 prob_bp = 0.50000000000000000000
org.apache.commons.math.ode.events.EventState:reinitializeBegin:(D[D)V#153#21 prob_bp = 0.50000000000000000000
org.apache.commons.math.ode.events.EventState:reinitializeBegin:(D[D)V#153#22 prob_bp = 0.50000000000000000000
org.apache.commons.math.ode.events.EventState:reinitializeBegin:(D[D)V#153#25 prob_bp = 0.50000000000000000000
org.apache.commons.math.ode.events.EventState:reinitializeBegin:(D[D)V#153#26 prob_bp = 0.50000000000000000000
org.apache.commons.math.ode.sampling.DummyStepInterpolator:<init>:([DZ)V#66#1 prob_bp = 0.50000000000000000000
org.apache.commons.math.ode.sampling.DummyStepInterpolator:<init>:([DZ)V#66#2 prob_bp = 0.50000000000000000000
org.apache.commons.math.ode.sampling.AbstractStepInterpolator:<init>:([DZ)V#115#37 prob_bp = 0.50000000000000000000
org.apache.commons.math.ode.sampling.AbstractStepInterpolator:<init>:([DZ)V#115#38 prob_bp = 0.50000000000000000000
org.apache.commons.math.ode.sampling.AbstractStepInterpolator:<init>:([DZ)V#115#39 prob_bp = 0.50000000000000000000
org.apache.commons.math.ode.sampling.AbstractStepInterpolator:<init>:([DZ)V#115#40 prob_bp = 0.50000000000000000000
org.apache.commons.math.ode.sampling.AbstractStepInterpolator:<init>:([DZ)V#119#58 prob_bp = 0.50000000000000000000
org.apache.commons.math.ode.sampling.AbstractStepInterpolator:<init>:([DZ)V#119#59 prob_bp = 0.50000000000000000000
org.apache.commons.math.ode.sampling.AbstractStepInterpolator:<init>:([DZ)V#119#60 prob_bp = 0.50000000000000000000
org.apache.commons.math.ode.sampling.AbstractStepInterpolator:storeTime:(D)V#219#0 prob_bp = 0.50000000000000000000
org.apache.commons.math.ode.sampling.AbstractStepInterpolator:storeTime:(D)V#219#1 prob_bp = 0.50000000000000000000
org.apache.commons.math.ode.sampling.AbstractStepInterpolator:isForward:()Z#251#0 prob_bp = 0.50000000000000000000
org.apache.commons.math.ode.sampling.AbstractStepInterpolator:isForward:()Z#251#1 prob_bp = 0.50000000000000000000
org.apache.commons.math.ode.sampling.AbstractStepInterpolator:isForward:()Z#251#4 prob_bp = 0.50000000000000000000
org.apache.commons.math.ode.events.EventState:evaluateStep:(Lorg/apache/commons/math/ode/sampling/StepInterpolator;)Z#173#11 prob_bp = 0.50000000000000000000
org.apache.commons.math.ode.sampling.AbstractStepInterpolator:getCurrentTime:()D#235#0 prob_bp = 0.50000000000000000000
org.apache.commons.math.ode.sampling.AbstractStepInterpolator:getCurrentTime:()D#235#1 prob_bp = 0.50000000000000000000
org.apache.commons.math.ode.sampling.AbstractStepInterpolator:getCurrentTime:()D#235#4 prob_bp = 0.50000000000000000000
org.apache.commons.math.ode.events.EventState:evaluateStep:(Lorg/apache/commons/math/ode/sampling/StepInterpolator;)Z#174#18 prob_bp = 0.50000000000000000000
org.apache.commons.math.ode.events.EventState:evaluateStep:(Lorg/apache/commons/math/ode/sampling/StepInterpolator;)Z#174#19 prob_bp = 0.50000000000000000000
org.apache.commons.math.ode.events.EventState:evaluateStep:(Lorg/apache/commons/math/ode/sampling/StepInterpolator;)Z#174#20 prob_bp = 0.50000000000000000000
org.apache.commons.math.ode.events.EventState:evaluateStep:(Lorg/apache/commons/math/ode/sampling/StepInterpolator;)Z#174#23 prob_bp = 0.50000000000000000000
org.apache.commons.math.ode.events.EventState:evaluateStep:(Lorg/apache/commons/math/ode/sampling/StepInterpolator;)Z#174#24 prob_bp = 0.50000000000000000000
org.apache.commons.math.ode.events.EventState:evaluateStep:(Lorg/apache/commons/math/ode/sampling/StepInterpolator;)Z#174#27 prob_bp = 0.50000000000000000000
org.apache.commons.math.ode.events.EventState:evaluateStep:(Lorg/apache/commons/math/ode/sampling/StepInterpolator;)Z#175#42 prob_bp = 0.50000000000000000000
org.apache.commons.math.ode.events.EventState:evaluateStep:(Lorg/apache/commons/math/ode/sampling/StepInterpolator;)Z#179#69 prob_bp = 0.50000000000000000000
org.apache.commons.math.ode.events.EventState:evaluateStep:(Lorg/apache/commons/math/ode/sampling/StepInterpolator;)Z#179#70 prob_bp = 0.50000000000000000000
org.apache.commons.math.ode.events.EventState:evaluateStep:(Lorg/apache/commons/math/ode/sampling/StepInterpolator;)Z#185#118 prob_bp = 0.50000000000000000000
org.apache.commons.math.ode.events.EventState:evaluateStep:(Lorg/apache/commons/math/ode/sampling/StepInterpolator;)Z#185#119 prob_bp = 0.50000000000000000000
org.apache.commons.math.ode.events.EventState:evaluateStep:(Lorg/apache/commons/math/ode/sampling/StepInterpolator;)Z#185#124 prob_bp = 0.50000000000000000000
org.apache.commons.math.ode.events.EventState:evaluateStep:(Lorg/apache/commons/math/ode/sampling/StepInterpolator;)Z#185#125 prob_bp = 0.50000000000000000000
org.apache.commons.math.ode.events.EventState:evaluateStep:(Lorg/apache/commons/math/ode/sampling/StepInterpolator;)Z#185#130 prob_bp = 0.50000000000000000000
org.apache.commons.math.analysis.solvers.UnivariateRealSolverImpl:<init>:(ID)V#93#0 prob_bp = 0.50000000000000000000
org.apache.commons.math.analysis.solvers.UnivariateRealSolverImpl:<init>:(ID)V#93#3 prob_bp = 0.50000000000000000000
org.apache.commons.math.ConvergingAlgorithmImpl:<init>:(ID)V#63#10 prob_bp = 0.50000000000000000000
org.apache.commons.math.ConvergingAlgorithmImpl:<init>:(ID)V#63#13 prob_bp = 0.50000000000000000000
org.apache.commons.math.ConvergingAlgorithmImpl:<init>:(ID)V#65#26 prob_bp = 0.50000000000000000000
org.apache.commons.math.ode.events.EventState:evaluateStep:(Lorg/apache/commons/math/ode/sampling/StepInterpolator;)Z#216#194 prob_bp = 0.50000000000000000000
org.apache.commons.math.ode.events.EventState:evaluateStep:(Lorg/apache/commons/math/ode/sampling/StepInterpolator;)Z#216#196 prob_bp = 0.50000000000000000000
org.apache.commons.math.ode.events.EventState:evaluateStep:(Lorg/apache/commons/math/ode/sampling/StepInterpolator;)Z#216#197 prob_bp = 0.50000000000000000000
org.apache.commons.math.ConvergingAlgorithmImpl:setAbsoluteAccuracy:(D)V#78#1 prob_bp = 0.50000000000000000000
org.apache.commons.math.ConvergingAlgorithmImpl:setAbsoluteAccuracy:(D)V#78#2 prob_bp = 0.50000000000000000000
org.apache.commons.math.ode.events.EventState:evaluateStep:(Lorg/apache/commons/math/ode/sampling/StepInterpolator;)Z#217#203 prob_bp = 0.50000000000000000000
org.apache.commons.math.ode.events.EventState:evaluateStep:(Lorg/apache/commons/math/ode/sampling/StepInterpolator;)Z#217#205 prob_bp = 0.50000000000000000000
org.apache.commons.math.ode.events.EventState:evaluateStep:(Lorg/apache/commons/math/ode/sampling/StepInterpolator;)Z#217#206 prob_bp = 0.50000000000000000000
org.apache.commons.math.ConvergingAlgorithmImpl:setMaximalIterationCount:(I)V#93#0 prob_bp = 0.50000000000000000000
org.apache.commons.math.ConvergingAlgorithmImpl:setMaximalIterationCount:(I)V#93#1 prob_bp = 0.50000000000000000000
org.apache.commons.math.ConvergingAlgorithmImpl:setMaximalIterationCount:(I)V#93#2 prob_bp = 0.50000000000000000000
org.apache.commons.math.analysis.solvers.BrentSolver:solve:(Lorg/apache/commons/math/analysis/UnivariateRealFunction;DD)D#183#142 prob_bp = 0.50000000000000000000
org.apache.commons.math.analysis.solvers.BrentSolver:solve:(Lorg/apache/commons/math/analysis/UnivariateRealFunction;DD)D#183#144 prob_bp = 0.50000000000000000000
org.apache.commons.math.analysis.solvers.BrentSolver:solve:(Lorg/apache/commons/math/analysis/UnivariateRealFunction;DD)D#183#145 prob_bp = 0.50000000000000000000
org.apache.commons.math.analysis.solvers.BrentSolver:solve:(Lorg/apache/commons/math/analysis/UnivariateRealFunction;DD)D#183#146 prob_bp = 0.50000000000000000000
org.apache.commons.math.analysis.solvers.BrentSolver:solve:(Lorg/apache/commons/math/analysis/UnivariateRealFunction;DD)D#185#149 prob_bp = 0.50000000000000000000
org.apache.commons.math.analysis.solvers.BrentSolver:solve:(Lorg/apache/commons/math/analysis/UnivariateRealFunction;DD)D#185#150 prob_bp = 0.50000000000000000000
org.apache.commons.math.analysis.solvers.BrentSolver:solve:(Lorg/apache/commons/math/analysis/UnivariateRealFunction;DD)D#185#151 prob_bp = 0.50000000000000000000
org.apache.commons.math.analysis.solvers.BrentSolver:solve:(Lorg/apache/commons/math/analysis/UnivariateRealFunction;DD)D#185#152 prob_bp = 0.50000000000000000000
org.apache.commons.math.analysis.solvers.BrentSolver:solve:(Lorg/apache/commons/math/analysis/UnivariateRealFunction;DD)D#185#156 prob_bp = 0.50000000000000000000
org.apache.commons.math.analysis.solvers.BrentSolver:solve:(Lorg/apache/commons/math/analysis/UnivariateRealFunction;DD)D#185#158 prob_bp = 0.50000000000000000000
org.apache.commons.math.analysis.solvers.BrentSolver:solve:(Lorg/apache/commons/math/analysis/UnivariateRealFunction;DD)D#185#159 prob_bp = 0.50000000000000000000
org.apache.commons.math.analysis.solvers.BrentSolver:solve:(Lorg/apache/commons/math/analysis/UnivariateRealFunction;DDDDDD)D#221#0 prob_bp = 0.50000000000000000000
org.apache.commons.math.analysis.solvers.BrentSolver:solve:(Lorg/apache/commons/math/analysis/UnivariateRealFunction;DDDDDD)D#221#2 prob_bp = 0.50000000000000000000
org.apache.commons.math.analysis.solvers.BrentSolver:solve:(Lorg/apache/commons/math/analysis/UnivariateRealFunction;DDDDDD)D#221#4 prob_bp = 0.50000000000000000000
org.apache.commons.math.analysis.solvers.BrentSolver:solve:(Lorg/apache/commons/math/analysis/UnivariateRealFunction;DDDDDD)D#222#6 prob_bp = 0.50000000000000000000
org.apache.commons.math.analysis.solvers.BrentSolver:solve:(Lorg/apache/commons/math/analysis/UnivariateRealFunction;DDDDDD)D#222#8 prob_bp = 0.50000000000000000000
org.apache.commons.math.analysis.solvers.BrentSolver:solve:(Lorg/apache/commons/math/analysis/UnivariateRealFunction;DDDDDD)D#224#10 prob_bp = 0.50000000000000000000
org.apache.commons.math.analysis.solvers.BrentSolver:solve:(Lorg/apache/commons/math/analysis/UnivariateRealFunction;DDDDDD)D#224#11 prob_bp = 0.50000000000000000000
org.apache.commons.math.analysis.solvers.BrentSolver:solve:(Lorg/apache/commons/math/analysis/UnivariateRealFunction;DDDDDD)D#225#13 prob_bp = 0.50000000000000000000
org.apache.commons.math.analysis.solvers.BrentSolver:solve:(Lorg/apache/commons/math/analysis/UnivariateRealFunction;DDDDDD)D#225#16 prob_bp = 0.50000000000000000000
org.apache.commons.math.analysis.solvers.BrentSolver:solve:(Lorg/apache/commons/math/analysis/UnivariateRealFunction;DDDDDD)D#226#22 prob_bp = 0.50000000000000000000
org.apache.commons.math.analysis.solvers.BrentSolver:solve:(Lorg/apache/commons/math/analysis/UnivariateRealFunction;DDDDDD)D#226#27 prob_bp = 0.50000000000000000000
org.apache.commons.math.analysis.solvers.BrentSolver:solve:(Lorg/apache/commons/math/analysis/UnivariateRealFunction;DDDDDD)D#226#33#unexe#8 prob_bp = 0.50000000000000000000
org.apache.commons.math.analysis.solvers.BrentSolver:solve:(Lorg/apache/commons/math/analysis/UnivariateRealFunction;DDDDDD)D#226#33#unexe#10 prob_bp = 0.50000000000000000000
org.apache.commons.math.analysis.solvers.BrentSolver:solve:(Lorg/apache/commons/math/analysis/UnivariateRealFunction;DDDDDD)D#235#60 prob_bp = 0.50000000000000000000
org.apache.commons.math.analysis.solvers.BrentSolver:solve:(Lorg/apache/commons/math/analysis/UnivariateRealFunction;DDDDDD)D#235#63 prob_bp = 0.50000000000000000000
org.apache.commons.math.analysis.solvers.BrentSolver:solve:(Lorg/apache/commons/math/analysis/UnivariateRealFunction;DDDDDD)D#235#67 prob_bp = 0.50000000000000000000
org.apache.commons.math.analysis.solvers.BrentSolver:solve:(Lorg/apache/commons/math/analysis/UnivariateRealFunction;DDDDDD)D#242#86 prob_bp = 0.50000000000000000000
org.apache.commons.math.analysis.solvers.BrentSolver:solve:(Lorg/apache/commons/math/analysis/UnivariateRealFunction;DDDDDD)D#243#92 prob_bp = 0.50000000000000000000
org.apache.commons.math.analysis.solvers.BrentSolver:solve:(Lorg/apache/commons/math/analysis/UnivariateRealFunction;DDDDDD)D#243#95 prob_bp = 0.50000000000000000000
org.apache.commons.math.analysis.solvers.BrentSolver:solve:(Lorg/apache/commons/math/analysis/UnivariateRealFunction;DDDDDD)D#243#97 prob_bp = 0.50000000000000000000
org.apache.commons.math.analysis.solvers.BrentSolver:solve:(Lorg/apache/commons/math/analysis/UnivariateRealFunction;DDDDDD)D#243#102 prob_bp = 0.50000000000000000000
org.apache.commons.math.analysis.solvers.BrentSolver:solve:(Lorg/apache/commons/math/analysis/UnivariateRealFunction;DDDDDD)D#245#115 prob_bp = 0.50000000000000000000
org.apache.commons.math.analysis.solvers.BrentSolver:solve:(Lorg/apache/commons/math/analysis/UnivariateRealFunction;DDDDDD)D#249#134 prob_bp = 0.50000000000000000000
org.apache.commons.math.analysis.solvers.BrentSolver:solve:(Lorg/apache/commons/math/analysis/UnivariateRealFunction;DDDDDD)D#249#136 prob_bp = 0.50000000000000000000
org.apache.commons.math.analysis.solvers.BrentSolver:solve:(Lorg/apache/commons/math/analysis/UnivariateRealFunction;DDDDDD)D#249#145 prob_bp = 0.50000000000000000000
org.apache.commons.math.analysis.solvers.BrentSolver:solve:(Lorg/apache/commons/math/analysis/UnivariateRealFunction;DDDDDD)D#249#147 prob_bp = 0.50000000000000000000
org.apache.commons.math.analysis.solvers.BrentSolver:solve:(Lorg/apache/commons/math/analysis/UnivariateRealFunction;DDDDDD)D#255#174 prob_bp = 0.50000000000000000000
org.apache.commons.math.analysis.solvers.BrentSolver:solve:(Lorg/apache/commons/math/analysis/UnivariateRealFunction;DDDDDD)D#255#176 prob_bp = 0.50000000000000000000
org.apache.commons.math.analysis.solvers.BrentSolver:solve:(Lorg/apache/commons/math/analysis/UnivariateRealFunction;DDDDDD)D#255#178 prob_bp = 0.50000000000000000000
org.apache.commons.math.analysis.solvers.BrentSolver:solve:(Lorg/apache/commons/math/analysis/UnivariateRealFunction;DDDDDD)D#261#181 prob_bp = 0.50000000000000000000
org.apache.commons.math.analysis.solvers.BrentSolver:solve:(Lorg/apache/commons/math/analysis/UnivariateRealFunction;DDDDDD)D#261#182 prob_bp = 0.50000000000000000000
org.apache.commons.math.analysis.solvers.BrentSolver:solve:(Lorg/apache/commons/math/analysis/UnivariateRealFunction;DDDDDD)D#261#184 prob_bp = 0.50000000000000000000
org.apache.commons.math.analysis.solvers.BrentSolver:solve:(Lorg/apache/commons/math/analysis/UnivariateRealFunction;DDDDDD)D#263#188 prob_bp = 0.50000000000000000000
org.apache.commons.math.analysis.solvers.BrentSolver:solve:(Lorg/apache/commons/math/analysis/UnivariateRealFunction;DDDDDD)D#263#190 prob_bp = 0.50000000000000000000
org.apache.commons.math.analysis.solvers.BrentSolver:solve:(Lorg/apache/commons/math/analysis/UnivariateRealFunction;DDDDDD)D#263#192 prob_bp = 0.50000000000000000000
org.apache.commons.math.analysis.solvers.BrentSolver:solve:(Lorg/apache/commons/math/analysis/UnivariateRealFunction;DDDDDD)D#263#193 prob_bp = 0.50000000000000000000
org.apache.commons.math.analysis.solvers.BrentSolver:solve:(Lorg/apache/commons/math/analysis/UnivariateRealFunction;DDDDDD)D#264#195 prob_bp = 0.50000000000000000000
org.apache.commons.math.analysis.solvers.BrentSolver:solve:(Lorg/apache/commons/math/analysis/UnivariateRealFunction;DDDDDD)D#264#196 prob_bp = 0.50000000000000000000
org.apache.commons.math.analysis.solvers.BrentSolver:solve:(Lorg/apache/commons/math/analysis/UnivariateRealFunction;DDDDDD)D#264#198 prob_bp = 0.50000000000000000000
org.apache.commons.math.analysis.solvers.BrentSolver:solve:(Lorg/apache/commons/math/analysis/UnivariateRealFunction;DDDDDD)D#261#185#unexe#25 prob_bp = 0.50000000000000000000
org.apache.commons.math.analysis.solvers.BrentSolver:solve:(Lorg/apache/commons/math/analysis/UnivariateRealFunction;DDDDDD)D#261#185#unexe#27 prob_bp = 0.50000000000000000000
org.apache.commons.math.analysis.solvers.BrentSolver:solve:(Lorg/apache/commons/math/analysis/UnivariateRealFunction;DDDDDD)D#272#260 prob_bp = 0.50000000000000000000
org.apache.commons.math.analysis.solvers.BrentSolver:solve:(Lorg/apache/commons/math/analysis/UnivariateRealFunction;DDDDDD)D#272#264 prob_bp = 0.50000000000000000000
org.apache.commons.math.analysis.solvers.BrentSolver:solve:(Lorg/apache/commons/math/analysis/UnivariateRealFunction;DDDDDD)D#273#269 prob_bp = 0.50000000000000000000
org.apache.commons.math.analysis.solvers.BrentSolver:solve:(Lorg/apache/commons/math/analysis/UnivariateRealFunction;DDDDDD)D#273#270 prob_bp = 0.50000000000000000000
org.apache.commons.math.analysis.solvers.BrentSolver:solve:(Lorg/apache/commons/math/analysis/UnivariateRealFunction;DDDDDD)D#272#264#unexe#25 prob_bp = 0.50000000000000000000
org.apache.commons.math.analysis.solvers.BrentSolver:solve:(Lorg/apache/commons/math/analysis/UnivariateRealFunction;DDDDDD)D#277#280 prob_bp = 0.50000000000000000000
org.apache.commons.math.analysis.solvers.BrentSolver:solve:(Lorg/apache/commons/math/analysis/UnivariateRealFunction;DDDDDD)D#277#286 prob_bp = 0.50000000000000000000
org.apache.commons.math.analysis.solvers.BrentSolver:solve:(Lorg/apache/commons/math/analysis/UnivariateRealFunction;DDDDDD)D#277#289 prob_bp = 0.50000000000000000000
org.apache.commons.math.analysis.solvers.BrentSolver:solve:(Lorg/apache/commons/math/analysis/UnivariateRealFunction;DDDDDD)D#277#291 prob_bp = 0.50000000000000000000
org.apache.commons.math.analysis.solvers.BrentSolver:solve:(Lorg/apache/commons/math/analysis/UnivariateRealFunction;DDDDDD)D#277#295 prob_bp = 0.50000000000000000000
org.apache.commons.math.analysis.solvers.BrentSolver:solve:(Lorg/apache/commons/math/analysis/UnivariateRealFunction;DDDDDD)D#277#299 prob_bp = 0.50000000000000000000
org.apache.commons.math.analysis.solvers.BrentSolver:solve:(Lorg/apache/commons/math/analysis/UnivariateRealFunction;DDDDDD)D#277#300 prob_bp = 0.50000000000000000000
org.apache.commons.math.analysis.solvers.BrentSolver:solve:(Lorg/apache/commons/math/analysis/UnivariateRealFunction;DDDDDD)D#277#303 prob_bp = 0.50000000000000000000
org.apache.commons.math.analysis.solvers.BrentSolver:solve:(Lorg/apache/commons/math/analysis/UnivariateRealFunction;DDDDDD)D#277#305 prob_bp = 0.50000000000000000000
org.apache.commons.math.analysis.solvers.BrentSolver:solve:(Lorg/apache/commons/math/analysis/UnivariateRealFunction;DDDDDD)D#277#310 prob_bp = 0.50000000000000000000
org.apache.commons.math.analysis.solvers.BrentSolver:solve:(Lorg/apache/commons/math/analysis/UnivariateRealFunction;DDDDDD)D#277#313 prob_bp = 0.50000000000000000000
org.apache.commons.math.analysis.solvers.BrentSolver:solve:(Lorg/apache/commons/math/analysis/UnivariateRealFunction;DDDDDD)D#277#315 prob_bp = 0.50000000000000000000
org.apache.commons.math.analysis.solvers.BrentSolver:solve:(Lorg/apache/commons/math/analysis/UnivariateRealFunction;DDDDDD)D#277#316 prob_bp = 0.50000000000000000000
org.apache.commons.math.analysis.solvers.BrentSolver:solve:(Lorg/apache/commons/math/analysis/UnivariateRealFunction;DDDDDD)D#277#318 prob_bp = 0.50000000000000000000
org.apache.commons.math.analysis.solvers.BrentSolver:solve:(Lorg/apache/commons/math/analysis/UnivariateRealFunction;DDDDDD)D#277#319 prob_bp = 0.50000000000000000000
org.apache.commons.math.analysis.solvers.BrentSolver:solve:(Lorg/apache/commons/math/analysis/UnivariateRealFunction;DDDDDD)D#277#323 prob_bp = 0.50000000000000000000
org.apache.commons.math.analysis.solvers.BrentSolver:solve:(Lorg/apache/commons/math/analysis/UnivariateRealFunction;DDDDDD)D#285#341 prob_bp = 0.50000000000000000000
org.apache.commons.math.analysis.solvers.BrentSolver:solve:(Lorg/apache/commons/math/analysis/UnivariateRealFunction;DDDDDD)D#285#343 prob_bp = 0.50000000000000000000
org.apache.commons.math.analysis.solvers.BrentSolver:solve:(Lorg/apache/commons/math/analysis/UnivariateRealFunction;DDDDDD)D#286#349 prob_bp = 0.50000000000000000000
org.apache.commons.math.analysis.solvers.BrentSolver:solve:(Lorg/apache/commons/math/analysis/UnivariateRealFunction;DDDDDD)D#277#323#unexe#14 prob_bp = 0.50000000000000000000
org.apache.commons.math.analysis.solvers.BrentSolver:solve:(Lorg/apache/commons/math/analysis/UnivariateRealFunction;DDDDDD)D#249#156#unexe#16 prob_bp = 0.50000000000000000000
org.apache.commons.math.analysis.solvers.BrentSolver:solve:(Lorg/apache/commons/math/analysis/UnivariateRealFunction;DDDDDD)D#249#156#unexe#14 prob_bp = 0.50000000000000000000
org.apache.commons.math.analysis.solvers.BrentSolver:solve:(Lorg/apache/commons/math/analysis/UnivariateRealFunction;DDDDDD)D#290#354 prob_bp = 0.50000000000000000000
org.apache.commons.math.analysis.solvers.BrentSolver:solve:(Lorg/apache/commons/math/analysis/UnivariateRealFunction;DDDDDD)D#291#355 prob_bp = 0.50000000000000000000
org.apache.commons.math.analysis.solvers.BrentSolver:solve:(Lorg/apache/commons/math/analysis/UnivariateRealFunction;DDDDDD)D#291#357 prob_bp = 0.50000000000000000000
org.apache.commons.math.analysis.solvers.BrentSolver:solve:(Lorg/apache/commons/math/analysis/UnivariateRealFunction;DDDDDD)D#293#361 prob_bp = 0.50000000000000000000
org.apache.commons.math.analysis.solvers.BrentSolver:solve:(Lorg/apache/commons/math/analysis/UnivariateRealFunction;DDDDDD)D#293#367 prob_bp = 0.50000000000000000000
org.apache.commons.math.analysis.solvers.BrentSolver:solve:(Lorg/apache/commons/math/analysis/UnivariateRealFunction;DDDDDD)D#294#370 prob_bp = 0.50000000000000000000
org.apache.commons.math.analysis.solvers.BrentSolver:solve:(Lorg/apache/commons/math/analysis/UnivariateRealFunction;DDDDDD)D#294#372 prob_bp = 0.50000000000000000000
org.apache.commons.math.analysis.solvers.BrentSolver:solve:(Lorg/apache/commons/math/analysis/UnivariateRealFunction;DDDDDD)D#293#367#unexe#6 prob_bp = 0.50000000000000000000
org.apache.commons.math.analysis.solvers.BrentSolver:solve:(Lorg/apache/commons/math/analysis/UnivariateRealFunction;DDDDDD)D#301#429 prob_bp = 0.50000000000000000000
org.apache.commons.math.analysis.solvers.BrentSolver:solve:(Lorg/apache/commons/math/analysis/UnivariateRealFunction;DDDDDD)D#301#436 prob_bp = 0.50000000000000000000
org.apache.commons.math.analysis.solvers.BrentSolver:solve:(Lorg/apache/commons/math/analysis/UnivariateRealFunction;DDDDDD)D#301#441 prob_bp = 0.50000000000000000000
org.apache.commons.math.analysis.solvers.BrentSolver:solve:(Lorg/apache/commons/math/analysis/UnivariateRealFunction;DDDDDD)D#301#443 prob_bp = 0.50000000000000000000
org.apache.commons.math.analysis.solvers.BrentSolver:solve:(Lorg/apache/commons/math/analysis/UnivariateRealFunction;DDDDDD)D#301#445 prob_bp = 0.50000000000000000000
org.apache.commons.math.analysis.solvers.BrentSolver:solve:(Lorg/apache/commons/math/analysis/UnivariateRealFunction;DDDDDD)D#301#452 prob_bp = 0.50000000000000000000
org.apache.commons.math.analysis.solvers.BrentSolver:solve:(Lorg/apache/commons/math/analysis/UnivariateRealFunction;DDDDDD)D#301#453#unexe#10 prob_bp = 0.50000000000000000000
org.apache.commons.math.analysis.solvers.BrentSolver:solve:(Lorg/apache/commons/math/analysis/UnivariateRealFunction;DDDDDD)D#267#204 prob_bp = 0.50000000000000000000
org.apache.commons.math.analysis.solvers.BrentSolver:solve:(Lorg/apache/commons/math/analysis/UnivariateRealFunction;DDDDDD)D#267#206 prob_bp = 0.50000000000000000000
org.apache.commons.math.analysis.solvers.BrentSolver:solve:(Lorg/apache/commons/math/analysis/UnivariateRealFunction;DDDDDD)D#267#208 prob_bp = 0.50000000000000000000
org.apache.commons.math.analysis.solvers.BrentSolver:solve:(Lorg/apache/commons/math/analysis/UnivariateRealFunction;DDDDDD)D#267#209 prob_bp = 0.50000000000000000000
org.apache.commons.math.analysis.solvers.BrentSolver:solve:(Lorg/apache/commons/math/analysis/UnivariateRealFunction;DDDDDD)D#268#211 prob_bp = 0.50000000000000000000
org.apache.commons.math.analysis.solvers.BrentSolver:solve:(Lorg/apache/commons/math/analysis/UnivariateRealFunction;DDDDDD)D#268#215 prob_bp = 0.50000000000000000000
org.apache.commons.math.analysis.solvers.BrentSolver:solve:(Lorg/apache/commons/math/analysis/UnivariateRealFunction;DDDDDD)D#268#216 prob_bp = 0.50000000000000000000
org.apache.commons.math.analysis.solvers.BrentSolver:solve:(Lorg/apache/commons/math/analysis/UnivariateRealFunction;DDDDDD)D#269#218 prob_bp = 0.50000000000000000000
org.apache.commons.math.analysis.solvers.BrentSolver:solve:(Lorg/apache/commons/math/analysis/UnivariateRealFunction;DDDDDD)D#269#220 prob_bp = 0.50000000000000000000
org.apache.commons.math.analysis.solvers.BrentSolver:solve:(Lorg/apache/commons/math/analysis/UnivariateRealFunction;DDDDDD)D#269#222 prob_bp = 0.50000000000000000000
org.apache.commons.math.analysis.solvers.BrentSolver:solve:(Lorg/apache/commons/math/analysis/UnivariateRealFunction;DDDDDD)D#269#224 prob_bp = 0.50000000000000000000
org.apache.commons.math.analysis.solvers.BrentSolver:solve:(Lorg/apache/commons/math/analysis/UnivariateRealFunction;DDDDDD)D#269#225 prob_bp = 0.50000000000000000000
org.apache.commons.math.analysis.solvers.BrentSolver:solve:(Lorg/apache/commons/math/analysis/UnivariateRealFunction;DDDDDD)D#269#229 prob_bp = 0.50000000000000000000
org.apache.commons.math.analysis.solvers.BrentSolver:solve:(Lorg/apache/commons/math/analysis/UnivariateRealFunction;DDDDDD)D#269#230 prob_bp = 0.50000000000000000000
org.apache.commons.math.analysis.solvers.BrentSolver:solve:(Lorg/apache/commons/math/analysis/UnivariateRealFunction;DDDDDD)D#269#231 prob_bp = 0.50000000000000000000
org.apache.commons.math.analysis.solvers.BrentSolver:solve:(Lorg/apache/commons/math/analysis/UnivariateRealFunction;DDDDDD)D#269#233 prob_bp = 0.50000000000000000000
org.apache.commons.math.analysis.solvers.BrentSolver:solve:(Lorg/apache/commons/math/analysis/UnivariateRealFunction;DDDDDD)D#269#234 prob_bp = 0.50000000000000000000
org.apache.commons.math.analysis.solvers.BrentSolver:solve:(Lorg/apache/commons/math/analysis/UnivariateRealFunction;DDDDDD)D#269#237 prob_bp = 0.50000000000000000000
org.apache.commons.math.analysis.solvers.BrentSolver:solve:(Lorg/apache/commons/math/analysis/UnivariateRealFunction;DDDDDD)D#269#239 prob_bp = 0.50000000000000000000
org.apache.commons.math.analysis.solvers.BrentSolver:solve:(Lorg/apache/commons/math/analysis/UnivariateRealFunction;DDDDDD)D#269#240 prob_bp = 0.50000000000000000000
org.apache.commons.math.analysis.solvers.BrentSolver:solve:(Lorg/apache/commons/math/analysis/UnivariateRealFunction;DDDDDD)D#269#241 prob_bp = 0.50000000000000000000
org.apache.commons.math.analysis.solvers.BrentSolver:solve:(Lorg/apache/commons/math/analysis/UnivariateRealFunction;DDDDDD)D#270#244 prob_bp = 0.50000000000000000000
org.apache.commons.math.analysis.solvers.BrentSolver:solve:(Lorg/apache/commons/math/analysis/UnivariateRealFunction;DDDDDD)D#270#246 prob_bp = 0.50000000000000000000
org.apache.commons.math.analysis.solvers.BrentSolver:solve:(Lorg/apache/commons/math/analysis/UnivariateRealFunction;DDDDDD)D#270#247 prob_bp = 0.50000000000000000000
org.apache.commons.math.analysis.solvers.BrentSolver:solve:(Lorg/apache/commons/math/analysis/UnivariateRealFunction;DDDDDD)D#270#250 prob_bp = 0.50000000000000000000
org.apache.commons.math.analysis.solvers.BrentSolver:solve:(Lorg/apache/commons/math/analysis/UnivariateRealFunction;DDDDDD)D#270#252 prob_bp = 0.50000000000000000000
org.apache.commons.math.analysis.solvers.BrentSolver:solve:(Lorg/apache/commons/math/analysis/UnivariateRealFunction;DDDDDD)D#270#253 prob_bp = 0.50000000000000000000
org.apache.commons.math.analysis.solvers.BrentSolver:solve:(Lorg/apache/commons/math/analysis/UnivariateRealFunction;DDDDDD)D#270#255 prob_bp = 0.50000000000000000000
org.apache.commons.math.analysis.solvers.BrentSolver:solve:(Lorg/apache/commons/math/analysis/UnivariateRealFunction;DDDDDD)D#270#256 prob_bp = 0.50000000000000000000
org.apache.commons.math.analysis.solvers.BrentSolver:solve:(Lorg/apache/commons/math/analysis/UnivariateRealFunction;DDDDDD)D#270#257 prob_bp = 0.50000000000000000000
org.apache.commons.math.analysis.solvers.BrentSolver:solve:(Lorg/apache/commons/math/analysis/UnivariateRealFunction;DDDDDD)D#275#275 prob_bp = 0.50000000000000000000
org.apache.commons.math.analysis.solvers.BrentSolver:solve:(Lorg/apache/commons/math/analysis/UnivariateRealFunction;DDDDDD)D#275#277 prob_bp = 0.50000000000000000000
org.apache.commons.math.analysis.solvers.BrentSolver:solve:(Lorg/apache/commons/math/analysis/UnivariateRealFunction;DDDDDD)D#275#278 prob_bp = 0.50000000000000000000
org.apache.commons.math.analysis.solvers.BrentSolver:solve:(Lorg/apache/commons/math/analysis/UnivariateRealFunction;DDDDDD)D#282#326 prob_bp = 0.50000000000000000000
org.apache.commons.math.analysis.solvers.BrentSolver:solve:(Lorg/apache/commons/math/analysis/UnivariateRealFunction;DDDDDD)D#282#329 prob_bp = 0.50000000000000000000
org.apache.commons.math.analysis.solvers.BrentSolver:solve:(Lorg/apache/commons/math/analysis/UnivariateRealFunction;DDDDDD)D#282#331 prob_bp = 0.50000000000000000000
org.apache.commons.math.analysis.solvers.BrentSolver:solve:(Lorg/apache/commons/math/analysis/UnivariateRealFunction;DDDDDD)D#282#332 prob_bp = 0.50000000000000000000
org.apache.commons.math.analysis.solvers.BrentSolver:solve:(Lorg/apache/commons/math/analysis/UnivariateRealFunction;DDDDDD)D#301#440 prob_bp = 0.50000000000000000000
org.apache.commons.math.analysis.solvers.BrentSolver:solve:(Lorg/apache/commons/math/analysis/UnivariateRealFunction;DDDDDD)D#302#456 prob_bp = 0.50000000000000000000
org.apache.commons.math.analysis.solvers.BrentSolver:solve:(Lorg/apache/commons/math/analysis/UnivariateRealFunction;DDDDDD)D#303#459 prob_bp = 0.50000000000000000000
org.apache.commons.math.analysis.solvers.BrentSolver:solve:(Lorg/apache/commons/math/analysis/UnivariateRealFunction;DDDDDD)D#303#461 prob_bp = 0.50000000000000000000
org.apache.commons.math.analysis.solvers.BrentSolver:solve:(Lorg/apache/commons/math/analysis/UnivariateRealFunction;DDDDDD)D#304#463 prob_bp = 0.50000000000000000000
org.apache.commons.math.analysis.solvers.BrentSolver:solve:(Lorg/apache/commons/math/analysis/UnivariateRealFunction;DDDDDD)D#304#465 prob_bp = 0.50000000000000000000
org.apache.commons.math.analysis.solvers.BrentSolver:solve:(Lorg/apache/commons/math/analysis/UnivariateRealFunction;DDDDDD)D#304#466 prob_bp = 0.50000000000000000000
org.apache.commons.math.analysis.solvers.BrentSolver:solve:(Lorg/apache/commons/math/analysis/UnivariateRealFunction;DDDDDD)D#304#467 prob_bp = 0.50000000000000000000
org.apache.commons.math.analysis.solvers.BrentSolver:solve:(Lorg/apache/commons/math/analysis/UnivariateRealFunction;DDDDDD)D#305#471 prob_bp = 0.50000000000000000000
org.apache.commons.math.analysis.solvers.BrentSolver:solve:(Lorg/apache/commons/math/analysis/UnivariateRealFunction;DDDDDD)D#301#448 prob_bp = 0.50000000000000000000
org.apache.commons.math.analysis.solvers.BrentSolver:solve:(Lorg/apache/commons/math/analysis/UnivariateRealFunction;DDDDDD)D#295#380 prob_bp = 0.50000000000000000000
org.apache.commons.math.analysis.solvers.BrentSolver:solve:(Lorg/apache/commons/math/analysis/UnivariateRealFunction;DDDDDD)D#295#382 prob_bp = 0.50000000000000000000
org.apache.commons.math.analysis.solvers.BrentSolver:solve:(Lorg/apache/commons/math/analysis/UnivariateRealFunction;DDDDDD)D#295#383 prob_bp = 0.50000000000000000000
org.apache.commons.math.analysis.solvers.BrentSolver:solve:(Lorg/apache/commons/math/analysis/UnivariateRealFunction;DDDDDD)D#295#384 prob_bp = 0.50000000000000000000
org.apache.commons.math.analysis.solvers.BrentSolver:solve:(Lorg/apache/commons/math/analysis/UnivariateRealFunction;DDDDDD)D#296#387 prob_bp = 0.50000000000000000000
org.apache.commons.math.analysis.solvers.BrentSolver:solve:(Lorg/apache/commons/math/analysis/UnivariateRealFunction;DDDDDD)D#296#389 prob_bp = 0.50000000000000000000
org.apache.commons.math.analysis.solvers.BrentSolver:solve:(Lorg/apache/commons/math/analysis/UnivariateRealFunction;DDDDDD)D#296#392 prob_bp = 0.50000000000000000000
org.apache.commons.math.analysis.solvers.BrentSolver:solve:(Lorg/apache/commons/math/analysis/UnivariateRealFunction;DDDDDD)D#296#394 prob_bp = 0.50000000000000000000
org.apache.commons.math.analysis.solvers.BrentSolver:solve:(Lorg/apache/commons/math/analysis/UnivariateRealFunction;DDDDDD)D#296#395 prob_bp = 0.50000000000000000000
org.apache.commons.math.analysis.solvers.BrentSolver:solve:(Lorg/apache/commons/math/analysis/UnivariateRealFunction;DDDDDD)D#296#396 prob_bp = 0.50000000000000000000
org.apache.commons.math.analysis.solvers.BrentSolver:solve:(Lorg/apache/commons/math/analysis/UnivariateRealFunction;DDDDDD)D#295#384#unexe#6 prob_bp = 0.50000000000000000000
org.apache.commons.math.analysis.solvers.BrentSolver:solve:(Lorg/apache/commons/math/analysis/UnivariateRealFunction;DDDDDD)D#228#36 prob_bp = 0.50000000000000000000
org.apache.commons.math.analysis.solvers.BrentSolver:solve:(Lorg/apache/commons/math/analysis/UnivariateRealFunction;DDDDDD)D#228#38 prob_bp = 0.50000000000000000000
org.apache.commons.math.analysis.solvers.BrentSolver:solve:(Lorg/apache/commons/math/analysis/UnivariateRealFunction;DDDDDD)D#229#39 prob_bp = 0.50000000000000000000
org.apache.commons.math.analysis.solvers.BrentSolver:solve:(Lorg/apache/commons/math/analysis/UnivariateRealFunction;DDDDDD)D#229#41 prob_bp = 0.50000000000000000000
org.apache.commons.math.analysis.solvers.BrentSolver:solve:(Lorg/apache/commons/math/analysis/UnivariateRealFunction;DDDDDD)D#230#43 prob_bp = 0.50000000000000000000
org.apache.commons.math.analysis.solvers.BrentSolver:solve:(Lorg/apache/commons/math/analysis/UnivariateRealFunction;DDDDDD)D#230#44 prob_bp = 0.50000000000000000000
org.apache.commons.math.analysis.solvers.BrentSolver:solve:(Lorg/apache/commons/math/analysis/UnivariateRealFunction;DDDDDD)D#232#50 prob_bp = 0.50000000000000000000
org.apache.commons.math.analysis.solvers.BrentSolver:solve:(Lorg/apache/commons/math/analysis/UnivariateRealFunction;DDDDDD)D#232#52 prob_bp = 0.50000000000000000000
org.apache.commons.math.analysis.solvers.BrentSolver:solve:(Lorg/apache/commons/math/analysis/UnivariateRealFunction;DDDDDD)D#246#121 prob_bp = 0.50000000000000000000
org.apache.commons.math.analysis.solvers.BrentSolver:solve:(Lorg/apache/commons/math/analysis/UnivariateRealFunction;DDDDDD)D#246#122 prob_bp = 0.50000000000000000000
org.apache.commons.math.analysis.solvers.UnivariateRealSolverImpl:setResult:(DI)V#141#0 prob_bp = 0.50000000000000000000
org.apache.commons.math.analysis.solvers.UnivariateRealSolverImpl:setResult:(DI)V#141#2 prob_bp = 0.50000000000000000000
org.apache.commons.math.analysis.solvers.BrentSolver:solve:(Lorg/apache/commons/math/analysis/UnivariateRealFunction;DDDDDD)D#247#129 prob_bp = 0.50000000000000000000
org.apache.commons.math.analysis.solvers.BrentSolver:solve:(Lorg/apache/commons/math/analysis/UnivariateRealFunction;DDDDDD)D#247#130 prob_bp = 0.50000000000000000000
org.apache.commons.math.analysis.solvers.BrentSolver:solve:(Lorg/apache/commons/math/analysis/UnivariateRealFunction;DDDDDD)D#247#133 prob_bp = 0.50000000000000000000
org.apache.commons.math.analysis.solvers.BrentSolver:solve:(Lorg/apache/commons/math/analysis/UnivariateRealFunction;DD)D#185#164 prob_bp = 0.50000000000000000000
org.apache.commons.math.ode.events.EventState:evaluateStep:(Lorg/apache/commons/math/ode/sampling/StepInterpolator;)Z#219#247 prob_bp = 0.50000000000000000000
org.apache.commons.math.ode.events.EventState:evaluateStep:(Lorg/apache/commons/math/ode/sampling/StepInterpolator;)Z#219#256 prob_bp = 0.50000000000000000000
org.apache.commons.math.analysis.solvers.BrentSolver:solve:(Lorg/apache/commons/math/analysis/UnivariateRealFunction;DD)D#178#104 prob_bp = 0.50000000000000000000
org.apache.commons.math.analysis.solvers.BrentSolver:solve:(Lorg/apache/commons/math/analysis/UnivariateRealFunction;DD)D#178#107 prob_bp = 0.50000000000000000000
org.apache.commons.math.analysis.solvers.BrentSolver:solve:(Lorg/apache/commons/math/analysis/UnivariateRealFunction;DD)D#178#110 prob_bp = 0.50000000000000000000
org.apache.commons.math.analysis.solvers.BrentSolver:solve:(Lorg/apache/commons/math/analysis/UnivariateRealFunction;DD)D#178#113 prob_bp = 0.50000000000000000000
org.apache.commons.math.analysis.solvers.BrentSolver:solve:(Lorg/apache/commons/math/analysis/UnivariateRealFunction;DD)D#178#114 prob_bp = 0.50000000000000000000
org.apache.commons.math.analysis.solvers.BrentSolver:solve:(Lorg/apache/commons/math/analysis/UnivariateRealFunction;DD)D#178#118 prob_bp = 0.50000000000000000000
org.apache.commons.math.analysis.solvers.BrentSolver:solve:(Lorg/apache/commons/math/analysis/UnivariateRealFunction;DD)D#178#121 prob_bp = 0.50000000000000000000
org.apache.commons.math.analysis.solvers.BrentSolver:solve:(Lorg/apache/commons/math/analysis/UnivariateRealFunction;DD)D#178#122 prob_bp = 0.50000000000000000000
org.apache.commons.math.analysis.solvers.BrentSolver:solve:(Lorg/apache/commons/math/analysis/UnivariateRealFunction;DD)D#178#126 prob_bp = 0.50000000000000000000
org.apache.commons.math.analysis.solvers.BrentSolver:solve:(Lorg/apache/commons/math/analysis/UnivariateRealFunction;DD)D#178#129 prob_bp = 0.50000000000000000000
org.apache.commons.math.analysis.solvers.BrentSolver:solve:(Lorg/apache/commons/math/analysis/UnivariateRealFunction;DD)D#178#130 prob_bp = 0.50000000000000000000
org.apache.commons.math.analysis.solvers.BrentSolver:solve:(Lorg/apache/commons/math/analysis/UnivariateRealFunction;DD)D#178#134 prob_bp = 0.50000000000000000000
org.apache.commons.math.analysis.solvers.BrentSolver:solve:(Lorg/apache/commons/math/analysis/UnivariateRealFunction;DD)D#178#137 prob_bp = 0.50000000000000000000
org.apache.commons.math.analysis.solvers.BrentSolver:solve:(Lorg/apache/commons/math/analysis/UnivariateRealFunction;DD)D#178#138 prob_bp = 0.50000000000000000000
org.apache.commons.math.analysis.solvers.BrentSolver:solve:(Lorg/apache/commons/math/analysis/UnivariateRealFunction;DD)D#178#141 prob_bp = 0.50000000000000000000
org.apache.commons.math.ode.events.EventState:<init>:(Lorg/apache/commons/math/ode/events/EventHandler;DDI)V#97#9 prob_bp = 0.50000000000000010000
org.apache.commons.math.ode.events.EventState:<init>:(Lorg/apache/commons/math/ode/events/EventHandler;DDI)V#97#10 prob_bp = 0.50000000000000010000
org.apache.commons.math.ode.events.EventState:<init>:(Lorg/apache/commons/math/ode/events/EventHandler;DDI)V#97#11 prob_bp = 0.50000000000000010000
org.apache.commons.math.ode.events.EventState:reinitializeBegin:(D[D)V#151#0 prob_bp = 0.50000000000000010000
org.apache.commons.math.ode.events.EventState:reinitializeBegin:(D[D)V#151#1 prob_bp = 0.50000000000000010000
org.apache.commons.math.ode.events.EventState:reinitializeBegin:(D[D)V#151#2 prob_bp = 0.50000000000000010000
org.apache.commons.math.ode.sampling.AbstractStepInterpolator:storeTime:(D)V#219#2 prob_bp = 0.50000000000000010000
org.apache.commons.math.ode.events.EventState:evaluateStep:(Lorg/apache/commons/math/ode/sampling/StepInterpolator;)Z#173#10 prob_bp = 0.50000000000000010000
org.apache.commons.math.ode.events.EventState:evaluateStep:(Lorg/apache/commons/math/ode/sampling/StepInterpolator;)Z#216#200 prob_bp = 0.50000000000000010000
org.apache.commons.math.ConvergingAlgorithmImpl:setAbsoluteAccuracy:(D)V#78#0 prob_bp = 0.50000000000000010000
org.apache.commons.math.analysis.solvers.BrentSolver:solve:(Lorg/apache/commons/math/analysis/UnivariateRealFunction;DD)D#185#154 prob_bp = 0.50000000000000010000
org.apache.commons.math.analysis.solvers.BrentSolver:solve:(Lorg/apache/commons/math/analysis/UnivariateRealFunction;DD)D#185#161 prob_bp = 0.50000000000000010000
org.apache.commons.math.analysis.solvers.BrentSolver:solve:(Lorg/apache/commons/math/analysis/UnivariateRealFunction;DDDDDD)D#221#3 prob_bp = 0.50000000000000010000
org.apache.commons.math.analysis.solvers.BrentSolver:solve:(Lorg/apache/commons/math/analysis/UnivariateRealFunction;DDDDDD)D#226#24 prob_bp = 0.50000000000000010000
org.apache.commons.math.analysis.solvers.BrentSolver:solve:(Lorg/apache/commons/math/analysis/UnivariateRealFunction;DDDDDD)D#226#32 prob_bp = 0.50000000000000010000
org.apache.commons.math.analysis.solvers.BrentSolver:solve:(Lorg/apache/commons/math/analysis/UnivariateRealFunction;DDDDDD)D#226#33#unexe#2 prob_bp = 0.50000000000000010000
org.apache.commons.math.analysis.solvers.BrentSolver:solve:(Lorg/apache/commons/math/analysis/UnivariateRealFunction;DDDDDD)D#226#33#unexe#6 prob_bp = 0.50000000000000010000
org.apache.commons.math.analysis.solvers.BrentSolver:solve:(Lorg/apache/commons/math/analysis/UnivariateRealFunction;DDDDDD)D#226#33#unexe#12 prob_bp = 0.50000000000000010000
org.apache.commons.math.analysis.solvers.BrentSolver:solve:(Lorg/apache/commons/math/analysis/UnivariateRealFunction;DDDDDD)D#235#64 prob_bp = 0.50000000000000010000
org.apache.commons.math.analysis.solvers.BrentSolver:solve:(Lorg/apache/commons/math/analysis/UnivariateRealFunction;DDDDDD)D#242#84 prob_bp = 0.50000000000000010000
org.apache.commons.math.analysis.solvers.BrentSolver:solve:(Lorg/apache/commons/math/analysis/UnivariateRealFunction;DDDDDD)D#242#88 prob_bp = 0.50000000000000010000
org.apache.commons.math.analysis.solvers.BrentSolver:solve:(Lorg/apache/commons/math/analysis/UnivariateRealFunction;DDDDDD)D#242#89 prob_bp = 0.50000000000000010000
org.apache.commons.math.analysis.solvers.BrentSolver:solve:(Lorg/apache/commons/math/analysis/UnivariateRealFunction;DDDDDD)D#243#91 prob_bp = 0.50000000000000010000
org.apache.commons.math.analysis.solvers.BrentSolver:solve:(Lorg/apache/commons/math/analysis/UnivariateRealFunction;DDDDDD)D#243#100 prob_bp = 0.50000000000000010000
org.apache.commons.math.analysis.solvers.BrentSolver:solve:(Lorg/apache/commons/math/analysis/UnivariateRealFunction;DDDDDD)D#243#108 prob_bp = 0.50000000000000010000
org.apache.commons.math.analysis.solvers.BrentSolver:solve:(Lorg/apache/commons/math/analysis/UnivariateRealFunction;DDDDDD)D#245#110 prob_bp = 0.50000000000000010000
org.apache.commons.math.analysis.solvers.BrentSolver:solve:(Lorg/apache/commons/math/analysis/UnivariateRealFunction;DDDDDD)D#249#150 prob_bp = 0.50000000000000010000
org.apache.commons.math.analysis.solvers.BrentSolver:solve:(Lorg/apache/commons/math/analysis/UnivariateRealFunction;DDDDDD)D#255#179 prob_bp = 0.50000000000000010000
org.apache.commons.math.analysis.solvers.BrentSolver:solve:(Lorg/apache/commons/math/analysis/UnivariateRealFunction;DDDDDD)D#264#199 prob_bp = 0.50000000000000010000
org.apache.commons.math.analysis.solvers.BrentSolver:solve:(Lorg/apache/commons/math/analysis/UnivariateRealFunction;DDDDDD)D#273#267 prob_bp = 0.50000000000000010000
org.apache.commons.math.analysis.solvers.BrentSolver:solve:(Lorg/apache/commons/math/analysis/UnivariateRealFunction;DDDDDD)D#277#292 prob_bp = 0.50000000000000010000
org.apache.commons.math.analysis.solvers.BrentSolver:solve:(Lorg/apache/commons/math/analysis/UnivariateRealFunction;DDDDDD)D#277#294 prob_bp = 0.50000000000000010000
org.apache.commons.math.analysis.solvers.BrentSolver:solve:(Lorg/apache/commons/math/analysis/UnivariateRealFunction;DDDDDD)D#277#297 prob_bp = 0.50000000000000010000
org.apache.commons.math.analysis.solvers.BrentSolver:solve:(Lorg/apache/commons/math/analysis/UnivariateRealFunction;DDDDDD)D#277#304 prob_bp = 0.50000000000000010000
org.apache.commons.math.analysis.solvers.BrentSolver:solve:(Lorg/apache/commons/math/analysis/UnivariateRealFunction;DDDDDD)D#277#308 prob_bp = 0.50000000000000010000
org.apache.commons.math.analysis.solvers.BrentSolver:solve:(Lorg/apache/commons/math/analysis/UnivariateRealFunction;DDDDDD)D#249#142#unexe#14 prob_bp = 0.50000000000000010000
org.apache.commons.math.analysis.solvers.BrentSolver:solve:(Lorg/apache/commons/math/analysis/UnivariateRealFunction;DDDDDD)D#293#366 prob_bp = 0.50000000000000010000
org.apache.commons.math.analysis.solvers.BrentSolver:solve:(Lorg/apache/commons/math/analysis/UnivariateRealFunction;DDDDDD)D#294#374 prob_bp = 0.50000000000000010000
org.apache.commons.math.analysis.solvers.BrentSolver:solve:(Lorg/apache/commons/math/analysis/UnivariateRealFunction;DDDDDD)D#300#419 prob_bp = 0.50000000000000010000
org.apache.commons.math.analysis.solvers.BrentSolver:solve:(Lorg/apache/commons/math/analysis/UnivariateRealFunction;DDDDDD)D#301#431 prob_bp = 0.50000000000000010000
org.apache.commons.math.analysis.solvers.BrentSolver:solve:(Lorg/apache/commons/math/analysis/UnivariateRealFunction;DDDDDD)D#301#444 prob_bp = 0.50000000000000010000
org.apache.commons.math.analysis.solvers.BrentSolver:solve:(Lorg/apache/commons/math/analysis/UnivariateRealFunction;DDDDDD)D#301#453#unexe#12 prob_bp = 0.50000000000000010000
org.apache.commons.math.analysis.solvers.BrentSolver:solve:(Lorg/apache/commons/math/analysis/UnivariateRealFunction;DDDDDD)D#301#453#unexe#14 prob_bp = 0.50000000000000010000
org.apache.commons.math.analysis.solvers.BrentSolver:solve:(Lorg/apache/commons/math/analysis/UnivariateRealFunction;DDDDDD)D#307#473 prob_bp = 0.50000000000000010000
org.apache.commons.math.analysis.solvers.BrentSolver:solve:(Lorg/apache/commons/math/analysis/UnivariateRealFunction;DDDDDD)D#268#213 prob_bp = 0.50000000000000010000
org.apache.commons.math.analysis.solvers.BrentSolver:solve:(Lorg/apache/commons/math/analysis/UnivariateRealFunction;DDDDDD)D#269#238 prob_bp = 0.50000000000000010000
org.apache.commons.math.analysis.solvers.BrentSolver:solve:(Lorg/apache/commons/math/analysis/UnivariateRealFunction;DDDDDD)D#269#242 prob_bp = 0.50000000000000010000
org.apache.commons.math.analysis.solvers.BrentSolver:solve:(Lorg/apache/commons/math/analysis/UnivariateRealFunction;DDDDDD)D#270#251 prob_bp = 0.50000000000000010000
org.apache.commons.math.analysis.solvers.BrentSolver:solve:(Lorg/apache/commons/math/analysis/UnivariateRealFunction;DDDDDD)D#305#469 prob_bp = 0.50000000000000010000
org.apache.commons.math.ode.events.EventState:evaluateStep:(Lorg/apache/commons/math/ode/sampling/StepInterpolator;)Z#219#251 prob_bp = 0.50000000000000010000
org.apache.commons.math.ode.events.EventState:evaluateStep:(Lorg/apache/commons/math/ode/sampling/StepInterpolator;)Z#217#209 prob_bp = 0.50000000000000020000
org.apache.commons.math.analysis.solvers.BrentSolver:solve:(Lorg/apache/commons/math/analysis/UnivariateRealFunction;DDDDDD)D#243#101 prob_bp = 0.50000000000000020000
org.apache.commons.math.analysis.solvers.BrentSolver:solve:(Lorg/apache/commons/math/analysis/UnivariateRealFunction;DDDDDD)D#249#152 prob_bp = 0.50000000000000020000
org.apache.commons.math.analysis.solvers.BrentSolver:solve:(Lorg/apache/commons/math/analysis/UnivariateRealFunction;DDDDDD)D#249#156 prob_bp = 0.50000000000000020000
org.apache.commons.math.analysis.solvers.BrentSolver:solve:(Lorg/apache/commons/math/analysis/UnivariateRealFunction;DDDDDD)D#286#350 prob_bp = 0.50000000000000020000
org.apache.commons.math.analysis.solvers.BrentSolver:solve:(Lorg/apache/commons/math/analysis/UnivariateRealFunction;DDDDDD)D#302#457 prob_bp = 0.50000000000000020000
org.apache.commons.math.ode.sampling.AbstractStepInterpolator:getInterpolatedState:()[D#279#53 prob_bp = 0.99990000997718630000
org.apache.commons.math.ode.sampling.AbstractStepInterpolator:getInterpolatedState:()[D#279#54 prob_bp = 0.99990000998709370000
org.apache.commons.math.ode.sampling.AbstractStepInterpolator:getInterpolatedState:()[D#279#57 prob_bp = 0.99990000998709370000
org.apache.commons.math.ode.events.EventStateTest:closeEvents:()V#38#13 prob_bp = 1.00000000000000000000
org.apache.commons.math.ode.events.EventStateTest:closeEvents:()V#38#21 prob_bp = 1.00000000000000000000
org.apache.commons.math.ode.events.EventStateTest:closeEvents:()V#50#28 prob_bp = 1.00000000000000000000
org.apache.commons.math.ode.events.EventStateTest:closeEvents:()V#50#31 prob_bp = 1.00000000000000000000
org.apache.commons.math.ode.events.EventStateTest:closeEvents:()V#50#32 prob_bp = 1.00000000000000000000
org.apache.commons.math.ode.events.EventStateTest:closeEvents:()V#50#34 prob_bp = 1.00000000000000000000
org.apache.commons.math.ode.events.EventStateTest:closeEvents:()V#50#37 prob_bp = 1.00000000000000000000
org.apache.commons.math.ode.events.EventStateTest:closeEvents:()V#50#42 prob_bp = 1.00000000000000000000
org.apache.commons.math.ode.events.EventStateTest:closeEvents:()V#50#45 prob_bp = 1.00000000000000000000
org.apache.commons.math.ode.events.EventStateTest:closeEvents:()V#52#47 prob_bp = 1.00000000000000000000
org.apache.commons.math.ode.events.EventStateTest:closeEvents:()V#52#50 prob_bp = 1.00000000000000000000
org.apache.commons.math.ode.events.EventStateTest:closeEvents:()V#53#52 prob_bp = 1.00000000000000000000
org.apache.commons.math.ode.events.EventStateTest:closeEvents:()V#53#54 prob_bp = 1.00000000000000000000
org.apache.commons.math.ode.events.EventStateTest:closeEvents:()V#53#56 prob_bp = 1.00000000000000000000
org.apache.commons.math.ode.events.EventStateTest:closeEvents:()V#53#57 prob_bp = 1.00000000000000000000
org.apache.commons.math.ode.events.EventStateTest:closeEvents:()V#53#59 prob_bp = 1.00000000000000000000
org.apache.commons.math.ode.events.EventStateTest:closeEvents:()V#54#62 prob_bp = 1.00000000000000000000
org.apache.commons.math.ode.events.EventStateTest:closeEvents:()V#54#65 prob_bp = 1.00000000000000000000
org.apache.commons.math.ode.events.EventStateTest:closeEvents:()V#54#66 prob_bp = 1.00000000000000000000
org.apache.commons.math.ode.events.EventStateTest:closeEvents:()V#54#67 prob_bp = 1.00000000000000000000
org.apache.commons.math.ode.events.EventStateTest:closeEvents:()V#54#69 prob_bp = 1.00000000000000000000
org.apache.commons.math.ode.events.EventStateTest:closeEvents:()V#54#70 prob_bp = 1.00000000000000000000
org.apache.commons.math.ode.events.EventStateTest:closeEvents:()V#54#73 prob_bp = 1.00000000000000000000
org.apache.commons.math.ode.events.EventStateTest:closeEvents:()V#59#87 prob_bp = 1.00000000000000000000
org.apache.commons.math.ode.events.EventStateTest:closeEvents:()V#59#89 prob_bp = 1.00000000000000000000
org.apache.commons.math.ode.events.EventStateTest:closeEvents:()V#59#92 prob_bp = 1.00000000000000000000
org.apache.commons.math.ode.events.EventStateTest:closeEvents:()V#60#95 prob_bp = 1.00000000000000000000
org.apache.commons.math.ode.events.EventStateTest:closeEvents:()V#60#97 prob_bp = 1.00000000000000000000
org.apache.commons.math.ode.events.EventStateTest:closeEvents:()V#60#99 prob_bp = 1.00000000000000000000
org.apache.commons.math.ode.events.EventStateTest:closeEvents:()V#62#119 prob_bp = 1.00000000000000000000
org.apache.commons.math.ode.events.EventStateTest:closeEvents:()V#62#121 prob_bp = 1.00000000000000000000
org.apache.commons.math.ode.events.EventStateTest:closeEvents:()V#62#123 prob_bp = 1.00000000000000000000
org.apache.commons.math.ode.events.EventStateTest:closeEvents:()V#62#129 prob_bp = 1.00000000000000000000
org.apache.commons.math.ode.events.EventStateTest:closeEvents:()V#65#137 prob_bp = 1.00000000000000000000
org.apache.commons.math.ode.events.EventStateTest:closeEvents:()V#65#139 prob_bp = 1.00000000000000000000
org.apache.commons.math.ode.events.EventStateTest:closeEvents:()V#65#142 prob_bp = 1.00000000000000000000
org.apache.commons.math.ode.events.EventStateTest:closeEvents:()V#66#145 prob_bp = 1.00000000000000000000
org.apache.commons.math.ode.events.EventStateTest:closeEvents:()V#66#147 prob_bp = 1.00000000000000000000
org.apache.commons.math.ode.events.EventStateTest:closeEvents:()V#66#149 prob_bp = 1.00000000000000000000
Belief propagation time : 196.275000s
