Belief propagation time: 29

Probabilities: 
Vars:11505
Stmts:3212
org.apache.commons.lang.StringUtils:containsIgnoreCase:(Ljava/lang/String;Ljava/lang/String;)Z#1048#15 prob_bp = 0.49997117225722650000
org.apache.commons.lang.StringUtils:containsIgnoreCase:(Ljava/lang/String;Ljava/lang/String;)Z#1048#18 prob_bp = 0.49997164137107486000
org.apache.commons.lang.StringUtils:containsIgnoreCase:(Ljava/lang/String;Ljava/lang/String;)Z#1048#14 prob_bp = 0.49999101343552800000
org.apache.commons.lang.StringUtils:containsIgnoreCase:(Ljava/lang/String;Ljava/lang/String;)Z#1048#11 prob_bp = 0.49999990454028890000
org.apache.commons.lang.StringUtils:containsIgnoreCase:(Ljava/lang/String;Ljava/lang/String;)Z#1048#10 prob_bp = 0.49999998351596760000
org.apache.commons.lang.StringUtils:containsIgnoreCase:(Ljava/lang/String;Ljava/lang/String;)Z#1045#0 prob_bp = 0.50000005313876670000
org.apache.commons.lang.StringUtils:containsIgnoreCase:(Ljava/lang/String;Ljava/lang/String;)Z#1045#1 prob_bp = 0.50000005937996170000
org.apache.commons.lang.StringUtils:containsIgnoreCase:(Ljava/lang/String;Ljava/lang/String;)Z#1045#5 prob_bp = 0.50000119643000170000
org.apache.commons.lang.StringUtils:containsIgnoreCase:(Ljava/lang/String;Ljava/lang/String;)Z#1045#4 prob_bp = 0.50000136334043480000
org.apache.commons.lang.StringUtils:contains:(Ljava/lang/String;Ljava/lang/String;)Z#1015#0 prob_bp = 0.50039052875951130000
org.apache.commons.lang.StringUtils:contains:(Ljava/lang/String;Ljava/lang/String;)Z#1015#1 prob_bp = 0.50044227582187040000
org.apache.commons.lang.StringUtils:contains:(Ljava/lang/String;Ljava/lang/String;)Z#1015#4 prob_bp = 0.50953026695954280000
org.apache.commons.lang.StringUtils:contains:(Ljava/lang/String;Ljava/lang/String;)Z#1015#5 prob_bp = 0.51084574789035090000
org.apache.commons.lang.StringUtilsEqualsIndexOfTest:<init>:(Ljava/lang/String;)V#41#0 prob_bp = 1.00000000000000000000
org.apache.commons.lang.StringUtilsEqualsIndexOfTest:<init>:(Ljava/lang/String;)V#41#1 prob_bp = 1.00000000000000000000
org.apache.commons.lang.StringUtilsEqualsIndexOfTest:<init>:(Ljava/lang/String;)V#41#2 prob_bp = 1.00000000000000000000
org.apache.commons.lang.StringUtilsEqualsIndexOfTest:setUp:()V#56#0 prob_bp = 1.00000000000000000000
org.apache.commons.lang.StringUtilsEqualsIndexOfTest:setUp:()V#56#1 prob_bp = 1.00000000000000000000
org.apache.commons.lang.StringUtilsEqualsIndexOfTest:testContainsIgnoreCase_LocaleIndependence:()V#319#4 prob_bp = 1.00000000000000000000
org.apache.commons.lang.StringUtilsEqualsIndexOfTest:testContainsIgnoreCase_LocaleIndependence:()V#319#5 prob_bp = 1.00000000000000000000
org.apache.commons.lang.StringUtilsEqualsIndexOfTest:testContainsIgnoreCase_LocaleIndependence:()V#319#32 prob_bp = 1.00000000000000000000
org.apache.commons.lang.StringUtilsEqualsIndexOfTest:testContainsIgnoreCase_LocaleIndependence:()V#321#33 prob_bp = 1.00000000000000000000
org.apache.commons.lang.StringUtilsEqualsIndexOfTest:testContainsIgnoreCase_LocaleIndependence:()V#321#34 prob_bp = 1.00000000000000000000
org.apache.commons.lang.StringUtilsEqualsIndexOfTest:testContainsIgnoreCase_LocaleIndependence:()V#321#122 prob_bp = 1.00000000000000000000
org.apache.commons.lang.StringUtilsEqualsIndexOfTest:testContainsIgnoreCase_LocaleIndependence:()V#329#123 prob_bp = 1.00000000000000000000
org.apache.commons.lang.StringUtilsEqualsIndexOfTest:testContainsIgnoreCase_LocaleIndependence:()V#329#124 prob_bp = 1.00000000000000000000
org.apache.commons.lang.StringUtilsEqualsIndexOfTest:testContainsIgnoreCase_LocaleIndependence:()V#329#127 prob_bp = 1.00000000000000000000
org.apache.commons.lang.StringUtilsEqualsIndexOfTest:testContainsIgnoreCase_LocaleIndependence:()V#329#128 prob_bp = 1.00000000000000000000
org.apache.commons.lang.StringUtilsEqualsIndexOfTest:testContainsIgnoreCase_LocaleIndependence:()V#329#129 prob_bp = 1.00000000000000000000
org.apache.commons.lang.StringUtilsEqualsIndexOfTest:testContainsIgnoreCase_LocaleIndependence:()V#329#130 prob_bp = 1.00000000000000000000
org.apache.commons.lang.StringUtilsEqualsIndexOfTest:testContainsIgnoreCase_LocaleIndependence:()V#329#143 prob_bp = 1.00000000000000000000
org.apache.commons.lang.StringUtilsEqualsIndexOfTest:testContainsIgnoreCase_LocaleIndependence:()V#329#144 prob_bp = 1.00000000000000000000
org.apache.commons.lang.StringUtilsEqualsIndexOfTest:testContainsIgnoreCase_LocaleIndependence:()V#334#146 prob_bp = 1.00000000000000000000
org.apache.commons.lang.StringUtilsEqualsIndexOfTest:testContainsIgnoreCase_LocaleIndependence:()V#334#147 prob_bp = 1.00000000000000000000
org.apache.commons.lang.StringUtilsEqualsIndexOfTest:testContainsIgnoreCase_LocaleIndependence:()V#334#149 prob_bp = 1.00000000000000000000
org.apache.commons.lang.StringUtilsEqualsIndexOfTest:testContainsIgnoreCase_LocaleIndependence:()V#334#151 prob_bp = 1.00000000000000000000
org.apache.commons.lang.StringUtilsEqualsIndexOfTest:testContainsIgnoreCase_LocaleIndependence:()V#334#152 prob_bp = 1.00000000000000000000
org.apache.commons.lang.StringUtilsEqualsIndexOfTest:testContainsIgnoreCase_LocaleIndependence:()V#334#153 prob_bp = 1.00000000000000000000
org.apache.commons.lang.StringUtilsEqualsIndexOfTest:testContainsIgnoreCase_LocaleIndependence:()V#336#163 prob_bp = 1.00000000000000000000
org.apache.commons.lang.StringUtilsEqualsIndexOfTest:testContainsIgnoreCase_LocaleIndependence:()V#336#164 prob_bp = 1.00000000000000000000
org.apache.commons.lang.StringUtilsEqualsIndexOfTest:testContainsIgnoreCase_LocaleIndependence:()V#336#166 prob_bp = 1.00000000000000000000
org.apache.commons.lang.StringUtilsEqualsIndexOfTest:testContainsIgnoreCase_LocaleIndependence:()V#336#168 prob_bp = 1.00000000000000000000
org.apache.commons.lang.StringUtilsEqualsIndexOfTest:testContainsIgnoreCase_LocaleIndependence:()V#336#169 prob_bp = 1.00000000000000000000
org.apache.commons.lang.StringUtilsEqualsIndexOfTest:testContainsIgnoreCase_LocaleIndependence:()V#336#170 prob_bp = 1.00000000000000000000
org.apache.commons.lang.StringUtilsEqualsIndexOfTest:testContainsIgnoreCase_LocaleIndependence:()V#337#227 prob_bp = 1.00000000000000000000
org.apache.commons.lang.StringUtilsEqualsIndexOfTest:testContainsIgnoreCase_LocaleIndependence:()V#337#228 prob_bp = 1.00000000000000000000
org.apache.commons.lang.StringUtilsEqualsIndexOfTest:testContainsIgnoreCase_LocaleIndependence:()V#337#230 prob_bp = 1.00000000000000000000
org.apache.commons.lang.StringUtilsEqualsIndexOfTest:testContainsIgnoreCase_LocaleIndependence:()V#337#231 prob_bp = 1.00000000000000000000
org.apache.commons.lang.StringUtilsEqualsIndexOfTest:testContainsIgnoreCase_LocaleIndependence:()V#337#232 prob_bp = 1.00000000000000000000
org.apache.commons.lang.StringUtilsEqualsIndexOfTest:testContainsIgnoreCase_LocaleIndependence:()V#337#233 prob_bp = 1.00000000000000000000
org.apache.commons.lang.StringUtilsEqualsIndexOfTest:testContainsIgnoreCase_LocaleIndependence:()V#337#234 prob_bp = 1.00000000000000000000
org.apache.commons.lang.StringUtilsEqualsIndexOfTest:testContainsIgnoreCase_LocaleIndependence:()V#337#236 prob_bp = 1.00000000000000000000
org.apache.commons.lang.StringUtilsEqualsIndexOfTest:testContainsIgnoreCase_LocaleIndependence:()V#337#237 prob_bp = 1.00000000000000000000
org.apache.commons.lang.StringUtilsEqualsIndexOfTest:testContainsIgnoreCase_LocaleIndependence:()V#337#238 prob_bp = 1.00000000000000000000
org.apache.commons.lang.StringUtilsEqualsIndexOfTest:testContainsIgnoreCase_LocaleIndependence:()V#337#239 prob_bp = 1.00000000000000000000
org.apache.commons.lang.StringUtilsEqualsIndexOfTest:testContainsIgnoreCase_LocaleIndependence:()V#336#245 prob_bp = 1.00000000000000000000
org.apache.commons.lang.StringUtilsEqualsIndexOfTest:testContainsIgnoreCase_LocaleIndependence:()V#340#251 prob_bp = 1.00000000000000000000
org.apache.commons.lang.StringUtilsEqualsIndexOfTest:testContainsIgnoreCase_LocaleIndependence:()V#340#252 prob_bp = 1.00000000000000000000
org.apache.commons.lang.StringUtilsEqualsIndexOfTest:testContainsIgnoreCase_LocaleIndependence:()V#340#254 prob_bp = 1.00000000000000000000
org.apache.commons.lang.StringUtilsEqualsIndexOfTest:testContainsIgnoreCase_LocaleIndependence:()V#340#256 prob_bp = 1.00000000000000000000
org.apache.commons.lang.StringUtilsEqualsIndexOfTest:testContainsIgnoreCase_LocaleIndependence:()V#340#258 prob_bp = 1.00000000000000000000
org.apache.commons.lang.StringUtilsEqualsIndexOfTest:testContainsIgnoreCase_LocaleIndependence:()V#340#259 prob_bp = 1.00000000000000000000
org.apache.commons.lang.StringUtilsEqualsIndexOfTest:testContainsIgnoreCase_LocaleIndependence:()V#341#318 prob_bp = 1.00000000000000000000
org.apache.commons.lang.StringUtilsEqualsIndexOfTest:testContainsIgnoreCase_LocaleIndependence:()V#341#320 prob_bp = 1.00000000000000000000
org.apache.commons.lang.StringUtilsEqualsIndexOfTest:testContainsIgnoreCase_LocaleIndependence:()V#341#322 prob_bp = 1.00000000000000000000
org.apache.commons.lang.StringUtilsEqualsIndexOfTest:testContainsIgnoreCase_LocaleIndependence:()V#341#323 prob_bp = 1.00000000000000000000
org.apache.commons.lang.StringUtilsEqualsIndexOfTest:testContainsIgnoreCase_LocaleIndependence:()V#341#324 prob_bp = 1.00000000000000000000
org.apache.commons.lang.StringUtilsEqualsIndexOfTest:testContainsIgnoreCase_LocaleIndependence:()V#341#325 prob_bp = 1.00000000000000000000
org.apache.commons.lang.StringUtilsEqualsIndexOfTest:testContainsIgnoreCase_LocaleIndependence:()V#341#327 prob_bp = 1.00000000000000000000
org.apache.commons.lang.StringUtilsEqualsIndexOfTest:testContainsIgnoreCase_LocaleIndependence:()V#341#329 prob_bp = 1.00000000000000000000
org.apache.commons.lang.StringUtilsEqualsIndexOfTest:testContainsIgnoreCase_LocaleIndependence:()V#341#330 prob_bp = 1.00000000000000000000
org.apache.commons.lang.StringUtilsEqualsIndexOfTest:testContainsIgnoreCase_LocaleIndependence:()V#341#331 prob_bp = 1.00000000000000000000
org.apache.commons.lang.StringUtilsEqualsIndexOfTest:testContainsIgnoreCase_LocaleIndependence:()V#341#332 prob_bp = 1.00000000000000000000
org.apache.commons.lang.StringUtilsEqualsIndexOfTest:tearDown:()V#61#0 prob_bp = 1.00000000000000000000
org.apache.commons.lang.StringUtilsEqualsIndexOfTest:tearDown:()V#61#1 prob_bp = 1.00000000000000000000
Belief propagation time : 1.222000s
