Belief propagation time: 65

Probabilities: 
Vars:305953
Stmts:7201
org.apache.commons.math.MathException:getLocalizedMessage:()Ljava/lang/String;#172#7 prob_bp = 0.49789075332887740000
org.apache.commons.math.optimization.direct.DirectSearchOptimizer:incrementIterationsCounter:()V#319#15 prob_bp = 0.49999989691212970000
org.apache.commons.math.optimization.direct.DirectSearchOptimizer:incrementIterationsCounter:()V#319#7 prob_bp = 0.49999997846487687000
org.apache.commons.math.MathException:getLocalizedMessage:()Ljava/lang/String;#172#4 prob_bp = 0.49999999465486880000
org.apache.commons.math.MathException:getLocalizedMessage:()Ljava/lang/String;#172#0 prob_bp = 0.49999999486374036000
org.apache.commons.math.optimization.direct.DirectSearchOptimizer:incrementIterationsCounter:()V#319#6 prob_bp = 0.49999999869963930000
org.apache.commons.math.optimization.direct.DirectSearchOptimizer:incrementIterationsCounter:()V#319#5 prob_bp = 0.49999999875001727000
org.apache.commons.math.optimization.direct.DirectSearchOptimizer:incrementIterationsCounter:()V#319#12 prob_bp = 0.49999999949342283000
org.apache.commons.math.optimization.direct.MultiDirectional:iterateSimplex:(Ljava/util/Comparator;)V#90#93 prob_bp = 0.49999999968914850000
org.apache.commons.math.optimization.direct.DirectSearchOptimizer:incrementIterationsCounter:()V#319#11 prob_bp = 0.49999999982736140000
org.apache.commons.math.optimization.direct.MultiDirectional:iterateSimplex:(Ljava/util/Comparator;)V#66#1 prob_bp = 0.49999999990999970000
org.apache.commons.math.optimization.direct.MultiDirectional:iterateSimplex:(Ljava/util/Comparator;)V#66#0 prob_bp = 0.49999999993060734000
org.apache.commons.math.optimization.direct.DirectSearchOptimizer:incrementIterationsCounter:()V#319#2 prob_bp = 0.49999999999555770000
org.apache.commons.math.optimization.direct.DirectSearchOptimizer:incrementIterationsCounter:()V#319#1 prob_bp = 0.49999999999878303000
org.apache.commons.math.optimization.direct.DirectSearchOptimizer:incrementIterationsCounter:()V#319#0 prob_bp = 0.49999999999957960000
org.apache.commons.math.MathException:<init>:(Ljava/lang/Throwable;)V#119#2 prob_bp = 0.49999999999958145000
org.apache.commons.math.optimization.direct.DirectSearchOptimizer:optimize:(Lorg/apache/commons/math/analysis/MultivariateRealFunction;Lorg/apache/commons/math/optimization/GoalType;[D)Lorg/apache/commons/math/optimization/RealPointValuePair;#294#76 prob_bp = 0.49999999999962970000
org.apache.commons.math.MathException:<init>:(Ljava/lang/Throwable;)V#119#1 prob_bp = 0.49999999999989586000
org.apache.commons.math.MathException:<init>:(Ljava/lang/Throwable;)V#119#0 prob_bp = 0.49999999999989686000
org.apache.commons.math.ConvergenceException:<init>:(Ljava/lang/Throwable;)V#53#2 prob_bp = 0.49999999999994750000
org.apache.commons.math.optimization.direct.DirectSearchOptimizer:optimize:(Lorg/apache/commons/math/analysis/MultivariateRealFunction;Lorg/apache/commons/math/optimization/GoalType;[D)Lorg/apache/commons/math/optimization/RealPointValuePair;#294#73 prob_bp = 0.49999999999994940000
org.apache.commons.math.optimization.direct.DirectSearchOptimizer:optimize:(Lorg/apache/commons/math/analysis/MultivariateRealFunction;Lorg/apache/commons/math/optimization/GoalType;[D)Lorg/apache/commons/math/optimization/RealPointValuePair;#294#72 prob_bp = 0.49999999999995210000
org.apache.commons.math.optimization.direct.DirectSearchOptimizer:optimize:(Lorg/apache/commons/math/analysis/MultivariateRealFunction;Lorg/apache/commons/math/optimization/GoalType;[D)Lorg/apache/commons/math/optimization/RealPointValuePair;#286#43 prob_bp = 0.49999999999997400000
org.apache.commons.math.optimization.direct.DirectSearchOptimizer:optimize:(Lorg/apache/commons/math/analysis/MultivariateRealFunction;Lorg/apache/commons/math/optimization/GoalType;[D)Lorg/apache/commons/math/optimization/RealPointValuePair;#286#41 prob_bp = 0.49999999999997535000
org.apache.commons.math.optimization.direct.DirectSearchOptimizer:optimize:(Lorg/apache/commons/math/analysis/MultivariateRealFunction;Lorg/apache/commons/math/optimization/GoalType;[D)Lorg/apache/commons/math/optimization/RealPointValuePair;#286#42 prob_bp = 0.49999999999997550000
org.apache.commons.math.optimization.direct.MultiDirectional:iterateSimplex:(Ljava/util/Comparator;)V#90#84 prob_bp = 0.49999999999998945000
org.apache.commons.math.ConvergenceException:<init>:(Ljava/lang/Throwable;)V#53#1 prob_bp = 0.49999999999999210000
org.apache.commons.math.optimization.direct.DirectSearchOptimizer:incrementIterationsCounter:()V#319#8 prob_bp = 0.49999999999999284000
org.apache.commons.math.ConvergenceException:<init>:(Ljava/lang/Throwable;)V#53#0 prob_bp = 0.49999999999999334000
org.apache.commons.math.optimization.OptimizationException:<init>:(Ljava/lang/Throwable;)V#50#2 prob_bp = 0.49999999999999480000
org.apache.commons.math.optimization.direct.MultiDirectional:iterateSimplex:(Ljava/util/Comparator;)V#89#79 prob_bp = 0.49999999999999734000
org.apache.commons.math.optimization.RealPointValuePair:<init>:([DDZ)V#61#0 prob_bp = 0.49999999999999770000
org.apache.commons.math.optimization.direct.MultiDirectional:evaluateNewSimplex:([Lorg/apache/commons/math/optimization/RealPointValuePair;DLjava/util/Comparator;)Lorg/apache/commons/math/optimization/RealPointValuePair;#132#131 prob_bp = 0.49999999999999770000
org.apache.commons.math.optimization.direct.DirectSearchOptimizer:incrementIterationsCounter:()V#320#33 prob_bp = 0.49999999999999780000
org.apache.commons.math.optimization.OptimizationException:<init>:(Ljava/lang/Throwable;)V#50#1 prob_bp = 0.49999999999999790000
org.apache.commons.math.optimization.direct.DirectSearchOptimizer:incrementIterationsCounter:()V#320#22 prob_bp = 0.49999999999999830000
org.apache.commons.math.optimization.SimpleScalarValueChecker:converged:(ILorg/apache/commons/math/optimization/RealPointValuePair;Lorg/apache/commons/math/optimization/RealPointValuePair;)Z#77#35 prob_bp = 0.49999999999999833000
org.apache.commons.math.optimization.direct.MultiDirectional:iterateSimplex:(Ljava/util/Comparator;)V#74#22 prob_bp = 0.49999999999999845000
org.apache.commons.math.optimization.direct.MultiDirectional:evaluateNewSimplex:([Lorg/apache/commons/math/optimization/RealPointValuePair;DLjava/util/Comparator;)Lorg/apache/commons/math/optimization/RealPointValuePair;#132#134 prob_bp = 0.49999999999999860000
org.apache.commons.math.optimization.direct.MultiDirectional:iterateSimplex:(Ljava/util/Comparator;)V#90#88 prob_bp = 0.49999999999999867000
org.apache.commons.math.optimization.direct.MultiDirectional:evaluateNewSimplex:([Lorg/apache/commons/math/optimization/RealPointValuePair;DLjava/util/Comparator;)Lorg/apache/commons/math/optimization/RealPointValuePair;#123#56 prob_bp = 0.49999999999999880000
org.apache.commons.math.optimization.direct.MultiDirectional:evaluateNewSimplex:([Lorg/apache/commons/math/optimization/RealPointValuePair;DLjava/util/Comparator;)Lorg/apache/commons/math/optimization/RealPointValuePair;#121#40 prob_bp = 0.49999999999999895000
org.apache.commons.math.optimization.direct.MultiDirectional:evaluateNewSimplex:([Lorg/apache/commons/math/optimization/RealPointValuePair;DLjava/util/Comparator;)Lorg/apache/commons/math/optimization/RealPointValuePair;#123#52 prob_bp = 0.49999999999999895000
org.apache.commons.math.optimization.RealPointValuePair:<init>:([DDZ)V#62#20 prob_bp = 0.49999999999999900000
org.apache.commons.math.optimization.SimpleScalarValueChecker:converged:(ILorg/apache/commons/math/optimization/RealPointValuePair;Lorg/apache/commons/math/optimization/RealPointValuePair;)Z#76#12 prob_bp = 0.49999999999999920000
org.apache.commons.math.optimization.OptimizationException:<init>:(Ljava/lang/Throwable;)V#50#0 prob_bp = 0.49999999999999920000
org.apache.commons.math.optimization.SimpleScalarValueChecker:<init>:(DD)V#66#4 prob_bp = 0.49999999999999940000
org.apache.commons.math.optimization.SimpleScalarValueChecker:<init>:(DD)V#66#5 prob_bp = 0.49999999999999940000
org.apache.commons.math.optimization.direct.MultiDirectional:evaluateNewSimplex:([Lorg/apache/commons/math/optimization/RealPointValuePair;DLjava/util/Comparator;)Lorg/apache/commons/math/optimization/RealPointValuePair;#115#0 prob_bp = 0.49999999999999944000
org.apache.commons.math.optimization.direct.DirectSearchOptimizer:incrementIterationsCounter:()V#320#18 prob_bp = 0.49999999999999956000
org.apache.commons.math.optimization.direct.DirectSearchOptimizer:incrementIterationsCounter:()V#320#21 prob_bp = 0.49999999999999956000
org.apache.commons.math.optimization.SimpleScalarValueChecker:converged:(ILorg/apache/commons/math/optimization/RealPointValuePair;Lorg/apache/commons/math/optimization/RealPointValuePair;)Z#77#22 prob_bp = 0.49999999999999960000
org.apache.commons.math.optimization.RealPointValuePair:<init>:([DDZ)V#62#4 prob_bp = 0.49999999999999967000
org.apache.commons.math.optimization.direct.MultiDirectional:evaluateNewSimplex:([Lorg/apache/commons/math/optimization/RealPointValuePair;DLjava/util/Comparator;)Lorg/apache/commons/math/optimization/RealPointValuePair;#121#38 prob_bp = 0.49999999999999967000
org.apache.commons.math.optimization.direct.MultiDirectional:iterateSimplex:(Ljava/util/Comparator;)V#74#25 prob_bp = 0.49999999999999967000
org.apache.commons.math.optimization.direct.DirectSearchOptimizer:optimize:(Lorg/apache/commons/math/analysis/MultivariateRealFunction;Lorg/apache/commons/math/optimization/GoalType;[D)Lorg/apache/commons/math/optimization/RealPointValuePair;#306#148 prob_bp = 0.49999999999999970000
org.apache.commons.math.optimization.direct.MultiDirectional:evaluateNewSimplex:([Lorg/apache/commons/math/optimization/RealPointValuePair;DLjava/util/Comparator;)Lorg/apache/commons/math/optimization/RealPointValuePair;#127#98 prob_bp = 0.49999999999999983000
org.apache.commons.math.optimization.direct.DirectSearchOptimizer:setStartConfiguration:([D)V#145#24 prob_bp = 0.49999999999999990000
org.apache.commons.math.optimization.direct.DirectSearchOptimizer:setStartConfiguration:([D)V#152#80 prob_bp = 0.49999999999999990000
org.apache.commons.math.optimization.direct.DirectSearchOptimizer:setStartConfiguration:([D)V#145#20 prob_bp = 0.49999999999999994000
org.apache.commons.math.optimization.direct.DirectSearchOptimizer:setStartConfiguration:([D)V#145#26 prob_bp = 0.49999999999999994000
org.apache.commons.math.optimization.direct.DirectSearchOptimizer:optimize:(Lorg/apache/commons/math/analysis/MultivariateRealFunction;Lorg/apache/commons/math/optimization/GoalType;[D)Lorg/apache/commons/math/optimization/RealPointValuePair;#291#62 prob_bp = 0.49999999999999994000
org.apache.commons.math.optimization.direct.DirectSearchOptimizer:setStartConfiguration:([D)V#143#3 prob_bp = 0.50000000000000000000
org.apache.commons.math.optimization.direct.DirectSearchOptimizer:setStartConfiguration:([D)V#143#4 prob_bp = 0.50000000000000000000
org.apache.commons.math.optimization.direct.DirectSearchOptimizer:setStartConfiguration:([D)V#143#5 prob_bp = 0.50000000000000000000
org.apache.commons.math.optimization.direct.DirectSearchOptimizer:setStartConfiguration:([D)V#143#10 prob_bp = 0.50000000000000000000
org.apache.commons.math.optimization.direct.DirectSearchOptimizer:setStartConfiguration:([D)V#145#21 prob_bp = 0.50000000000000000000
org.apache.commons.math.optimization.direct.DirectSearchOptimizer:setStartConfiguration:([D)V#152#76 prob_bp = 0.50000000000000000000
org.apache.commons.math.optimization.direct.MultiDirectional:evaluateNewSimplex:([Lorg/apache/commons/math/optimization/RealPointValuePair;DLjava/util/Comparator;)Lorg/apache/commons/math/optimization/RealPointValuePair;#115#3 prob_bp = 0.50000000000000000000
org.apache.commons.math.optimization.direct.MultiDirectionalTest$Gaussian2D:<init>:(DDD)V#226#4 prob_bp = 0.50000000000000000000
org.apache.commons.math.optimization.direct.MultiDirectionalTest$Gaussian2D:<init>:(DDD)V#226#5 prob_bp = 0.50000000000000000000
org.apache.commons.math.optimization.direct.MultiDirectionalTest$Gaussian2D:<init>:(DDD)V#226#6 prob_bp = 0.50000000000000000000
org.apache.commons.math.optimization.direct.MultiDirectionalTest$Gaussian2D:<init>:(DDD)V#226#12 prob_bp = 0.50000000000000000000
org.apache.commons.math.optimization.direct.MultiDirectionalTest$Gaussian2D:<init>:(DDD)V#226#13 prob_bp = 0.50000000000000000000
org.apache.commons.math.optimization.direct.MultiDirectionalTest$Gaussian2D:<init>:(DDD)V#226#14 prob_bp = 0.50000000000000000000
org.apache.commons.math.optimization.direct.MultiDirectionalTest$Gaussian2D:<init>:(DDD)V#226#15 prob_bp = 0.50000000000000000000
org.apache.commons.math.optimization.direct.MultiDirectionalTest$Gaussian2D:<init>:(DDD)V#226#16 prob_bp = 0.50000000000000000000
org.apache.commons.math.optimization.direct.MultiDirectionalTest$Gaussian2D:getMaximumPosition:()[D#235#0 prob_bp = 0.50000000000000000000
org.apache.commons.math.optimization.direct.MultiDirectionalTest$Gaussian2D:getMaximumPosition:()[D#235#1 prob_bp = 0.50000000000000000000
org.apache.commons.math.optimization.direct.MultiDirectionalTest$Gaussian2D:getMaximumPosition:()[D#235#4 prob_bp = 0.50000000000000000000
org.apache.commons.math.optimization.direct.MultiDirectionalTest$Gaussian2D:getMaximumPosition:()[D#235#7 prob_bp = 0.50000000000000000000
org.apache.commons.math.optimization.direct.MultiDirectionalTest$Gaussian2D:getMaximumPosition:()[D#235#10 prob_bp = 0.50000000000000000000
org.apache.commons.math.optimization.direct.DirectSearchOptimizer:optimize:(Lorg/apache/commons/math/analysis/MultivariateRealFunction;Lorg/apache/commons/math/optimization/GoalType;[D)Lorg/apache/commons/math/optimization/RealPointValuePair;#270#19 prob_bp = 0.50000000000000000000
org.apache.commons.math.optimization.direct.DirectSearchOptimizer:incrementIterationsCounter:()V#320#25 prob_bp = 0.50000000000000000000
org.apache.commons.math.optimization.direct.DirectSearchOptimizer:incrementIterationsCounter:()V#320#30 prob_bp = 0.50000000000000000000
org.apache.commons.math.optimization.direct.DirectSearchOptimizer:setStartConfiguration:([D)V#143#6 prob_bp = 0.50000000000000010000
org.apache.commons.math.optimization.direct.DirectSearchOptimizer:setStartConfiguration:([D)V#152#77 prob_bp = 0.50000000000000010000
org.apache.commons.math.optimization.direct.DirectSearchOptimizer:setStartConfiguration:([D)V#152#78 prob_bp = 0.50000000000000010000
org.apache.commons.math.optimization.direct.DirectSearchOptimizer:setStartConfiguration:([D)V#152#81 prob_bp = 0.50000000000000010000
org.apache.commons.math.optimization.direct.DirectSearchOptimizer:setStartConfiguration:([D)V#152#85 prob_bp = 0.50000000000000010000
org.apache.commons.math.optimization.direct.DirectSearchOptimizer:evaluate:([D)D#349#43 prob_bp = 0.50000000000000010000
org.apache.commons.math.optimization.RealPointValuePair:<init>:([DDZ)V#61#1 prob_bp = 0.50000000000000010000
org.apache.commons.math.optimization.direct.DirectSearchOptimizer:optimize:(Lorg/apache/commons/math/analysis/MultivariateRealFunction;Lorg/apache/commons/math/optimization/GoalType;[D)Lorg/apache/commons/math/optimization/RealPointValuePair;#291#63 prob_bp = 0.50000000000000010000
org.apache.commons.math.optimization.direct.DirectSearchOptimizer:optimize:(Lorg/apache/commons/math/analysis/MultivariateRealFunction;Lorg/apache/commons/math/optimization/GoalType;[D)Lorg/apache/commons/math/optimization/RealPointValuePair;#291#66 prob_bp = 0.50000000000000010000
org.apache.commons.math.optimization.direct.DirectSearchOptimizer:optimize:(Lorg/apache/commons/math/analysis/MultivariateRealFunction;Lorg/apache/commons/math/optimization/GoalType;[D)Lorg/apache/commons/math/optimization/RealPointValuePair;#291#67 prob_bp = 0.50000000000000010000
org.apache.commons.math.optimization.direct.DirectSearchOptimizer:optimize:(Lorg/apache/commons/math/analysis/MultivariateRealFunction;Lorg/apache/commons/math/optimization/GoalType;[D)Lorg/apache/commons/math/optimization/RealPointValuePair;#306#156 prob_bp = 0.50000000000000010000
org.apache.commons.math.optimization.direct.MultiDirectional:iterateSimplex:(Ljava/util/Comparator;)V#69#5 prob_bp = 0.50000000000000010000
org.apache.commons.math.optimization.direct.MultiDirectional:iterateSimplex:(Ljava/util/Comparator;)V#70#9 prob_bp = 0.50000000000000010000
org.apache.commons.math.optimization.direct.MultiDirectional:iterateSimplex:(Ljava/util/Comparator;)V#70#11 prob_bp = 0.50000000000000010000
org.apache.commons.math.optimization.direct.MultiDirectional:evaluateNewSimplex:([Lorg/apache/commons/math/optimization/RealPointValuePair;DLjava/util/Comparator;)Lorg/apache/commons/math/optimization/RealPointValuePair;#132#130 prob_bp = 0.50000000000000010000
org.apache.commons.math.optimization.direct.MultiDirectional:iterateSimplex:(Ljava/util/Comparator;)V#89#82 prob_bp = 0.50000000000000010000
org.apache.commons.math.optimization.direct.MultiDirectional:iterateSimplex:(Ljava/util/Comparator;)V#90#85 prob_bp = 0.50000000000000010000
org.apache.commons.math.optimization.direct.DirectSearchOptimizer:setStartConfiguration:([D)V#145#25 prob_bp = 0.50000000000000020000
org.apache.commons.math.optimization.direct.MultiDirectional:iterateSimplex:(Ljava/util/Comparator;)V#69#4 prob_bp = 0.50000000000000020000
org.apache.commons.math.optimization.SimpleScalarValueChecker:converged:(ILorg/apache/commons/math/optimization/RealPointValuePair;Lorg/apache/commons/math/optimization/RealPointValuePair;)Z#78#39 prob_bp = 0.50000000000000020000
org.apache.commons.math.optimization.SimpleScalarValueChecker:<init>:(DD)V#66#6 prob_bp = 0.50000000000000030000
org.apache.commons.math.optimization.direct.DirectSearchOptimizer:setStartConfiguration:([D)V#152#83 prob_bp = 0.50000000000000030000
org.apache.commons.math.optimization.direct.DirectSearchOptimizer:setStartConfiguration:([D)V#152#84 prob_bp = 0.50000000000000030000
org.apache.commons.math.optimization.direct.DirectSearchOptimizer:buildSimplex:([D)V#372#137 prob_bp = 0.50000000000000030000
org.apache.commons.math.optimization.RealPointValuePair:<init>:([DDZ)V#62#5 prob_bp = 0.50000000000000030000
org.apache.commons.math.optimization.direct.DirectSearchOptimizer:optimize:(Lorg/apache/commons/math/analysis/MultivariateRealFunction;Lorg/apache/commons/math/optimization/GoalType;[D)Lorg/apache/commons/math/optimization/RealPointValuePair;#291#70 prob_bp = 0.50000000000000030000
org.apache.commons.math.optimization.direct.MultiDirectional:iterateSimplex:(Ljava/util/Comparator;)V#69#8 prob_bp = 0.50000000000000030000
org.apache.commons.math.optimization.direct.MultiDirectional:iterateSimplex:(Ljava/util/Comparator;)V#70#10 prob_bp = 0.50000000000000030000
org.apache.commons.math.optimization.direct.MultiDirectional:iterateSimplex:(Ljava/util/Comparator;)V#73#14 prob_bp = 0.50000000000000030000
org.apache.commons.math.optimization.direct.MultiDirectional:iterateSimplex:(Ljava/util/Comparator;)V#78#41 prob_bp = 0.50000000000000030000
org.apache.commons.math.optimization.direct.MultiDirectional:iterateSimplex:(Ljava/util/Comparator;)V#89#72 prob_bp = 0.50000000000000030000
org.apache.commons.math.optimization.direct.MultiDirectional:iterateSimplex:(Ljava/util/Comparator;)V#70#12 prob_bp = 0.50000000000000060000
org.apache.commons.math.optimization.SimpleScalarValueChecker:converged:(ILorg/apache/commons/math/optimization/RealPointValuePair;Lorg/apache/commons/math/optimization/RealPointValuePair;)Z#74#1 prob_bp = 0.50000000000000060000
org.apache.commons.math.optimization.SimpleScalarValueChecker:converged:(ILorg/apache/commons/math/optimization/RealPointValuePair;Lorg/apache/commons/math/optimization/RealPointValuePair;)Z#77#24 prob_bp = 0.50000000000000060000
org.apache.commons.math.optimization.direct.MultiDirectional:iterateSimplex:(Ljava/util/Comparator;)V#89#73 prob_bp = 0.50000000000000060000
org.apache.commons.math.optimization.direct.MultiDirectional:evaluateNewSimplex:([Lorg/apache/commons/math/optimization/RealPointValuePair;DLjava/util/Comparator;)Lorg/apache/commons/math/optimization/RealPointValuePair;#115#2 prob_bp = 0.50000000000000070000
org.apache.commons.math.optimization.direct.DirectSearchOptimizer:buildSimplex:([D)V#378#117 prob_bp = 0.50000000000000090000
org.apache.commons.math.optimization.direct.DirectSearchOptimizer:buildSimplex:([D)V#378#118 prob_bp = 0.50000000000000100000
org.apache.commons.math.optimization.direct.DirectSearchOptimizer:evaluateSimplex:(Ljava/util/Comparator;)V#396#42 prob_bp = 0.50000000000000100000
org.apache.commons.math.optimization.direct.DirectSearchOptimizer:evaluate:([D)D#349#48 prob_bp = 0.50000000000000100000
org.apache.commons.math.optimization.SimpleScalarValueChecker:converged:(ILorg/apache/commons/math/optimization/RealPointValuePair;Lorg/apache/commons/math/optimization/RealPointValuePair;)Z#76#14 prob_bp = 0.50000000000000100000
org.apache.commons.math.optimization.SimpleScalarValueChecker:converged:(ILorg/apache/commons/math/optimization/RealPointValuePair;Lorg/apache/commons/math/optimization/RealPointValuePair;)Z#77#32 prob_bp = 0.50000000000000100000
org.apache.commons.math.optimization.direct.MultiDirectional:iterateSimplex:(Ljava/util/Comparator;)V#74#23 prob_bp = 0.50000000000000110000
org.apache.commons.math.optimization.direct.MultiDirectional:evaluateNewSimplex:([Lorg/apache/commons/math/optimization/RealPointValuePair;DLjava/util/Comparator;)Lorg/apache/commons/math/optimization/RealPointValuePair;#115#1 prob_bp = 0.50000000000000120000
org.apache.commons.math.optimization.direct.MultiDirectional:evaluateNewSimplex:([Lorg/apache/commons/math/optimization/RealPointValuePair;DLjava/util/Comparator;)Lorg/apache/commons/math/optimization/RealPointValuePair;#115#6 prob_bp = 0.50000000000000120000
org.apache.commons.math.optimization.direct.MultiDirectional:evaluateNewSimplex:([Lorg/apache/commons/math/optimization/RealPointValuePair;DLjava/util/Comparator;)Lorg/apache/commons/math/optimization/RealPointValuePair;#116#8 prob_bp = 0.50000000000000120000
org.apache.commons.math.optimization.direct.MultiDirectional:evaluateNewSimplex:([Lorg/apache/commons/math/optimization/RealPointValuePair;DLjava/util/Comparator;)Lorg/apache/commons/math/optimization/RealPointValuePair;#127#99 prob_bp = 0.50000000000000120000
org.apache.commons.math.optimization.direct.DirectSearchOptimizer:optimize:(Lorg/apache/commons/math/analysis/MultivariateRealFunction;Lorg/apache/commons/math/optimization/GoalType;[D)Lorg/apache/commons/math/optimization/RealPointValuePair;#297#107 prob_bp = 0.50000000000000120000
org.apache.commons.math.optimization.SimpleScalarValueChecker:converged:(ILorg/apache/commons/math/optimization/RealPointValuePair;Lorg/apache/commons/math/optimization/RealPointValuePair;)Z#75#7 prob_bp = 0.50000000000000120000
org.apache.commons.math.optimization.direct.MultiDirectional:iterateSimplex:(Ljava/util/Comparator;)V#90#87 prob_bp = 0.50000000000000120000
org.apache.commons.math.optimization.direct.DirectSearchOptimizer:evaluateSimplex:(Ljava/util/Comparator;)V#396#51 prob_bp = 0.50000000000000130000
org.apache.commons.math.optimization.direct.DirectSearchOptimizer:evaluateSimplex:(Ljava/util/Comparator;)V#396#43 prob_bp = 0.50000000000000140000
org.apache.commons.math.optimization.direct.MultiDirectional:evaluateNewSimplex:([Lorg/apache/commons/math/optimization/RealPointValuePair;DLjava/util/Comparator;)Lorg/apache/commons/math/optimization/RealPointValuePair;#127#113 prob_bp = 0.50000000000000140000
org.apache.commons.math.optimization.direct.DirectSearchOptimizer:optimize:(Lorg/apache/commons/math/analysis/MultivariateRealFunction;Lorg/apache/commons/math/optimization/GoalType;[D)Lorg/apache/commons/math/optimization/RealPointValuePair;#297#105 prob_bp = 0.50000000000000140000
org.apache.commons.math.optimization.SimpleScalarValueChecker:converged:(ILorg/apache/commons/math/optimization/RealPointValuePair;Lorg/apache/commons/math/optimization/RealPointValuePair;)Z#77#27 prob_bp = 0.50000000000000140000
org.apache.commons.math.optimization.SimpleScalarValueChecker:converged:(ILorg/apache/commons/math/optimization/RealPointValuePair;Lorg/apache/commons/math/optimization/RealPointValuePair;)Z#78#45 prob_bp = 0.50000000000000140000
org.apache.commons.math.optimization.direct.MultiDirectional:evaluateNewSimplex:([Lorg/apache/commons/math/optimization/RealPointValuePair;DLjava/util/Comparator;)Lorg/apache/commons/math/optimization/RealPointValuePair;#127#102 prob_bp = 0.50000000000000160000
org.apache.commons.math.optimization.direct.DirectSearchOptimizer:optimize:(Lorg/apache/commons/math/analysis/MultivariateRealFunction;Lorg/apache/commons/math/optimization/GoalType;[D)Lorg/apache/commons/math/optimization/RealPointValuePair;#306#155 prob_bp = 0.50000000000000170000
org.apache.commons.math.optimization.direct.MultiDirectional:evaluateNewSimplex:([Lorg/apache/commons/math/optimization/RealPointValuePair;DLjava/util/Comparator;)Lorg/apache/commons/math/optimization/RealPointValuePair;#132#135 prob_bp = 0.50000000000000170000
org.apache.commons.math.optimization.direct.MultiDirectional:iterateSimplex:(Ljava/util/Comparator;)V#74#26 prob_bp = 0.50000000000000170000
org.apache.commons.math.optimization.direct.DirectSearchOptimizer:optimize:(Lorg/apache/commons/math/analysis/MultivariateRealFunction;Lorg/apache/commons/math/optimization/GoalType;[D)Lorg/apache/commons/math/optimization/RealPointValuePair;#306#144 prob_bp = 0.50000000000000190000
org.apache.commons.math.optimization.direct.DirectSearchOptimizer:optimize:(Lorg/apache/commons/math/analysis/MultivariateRealFunction;Lorg/apache/commons/math/optimization/GoalType;[D)Lorg/apache/commons/math/optimization/RealPointValuePair;#306#147 prob_bp = 0.50000000000000190000
org.apache.commons.math.optimization.direct.DirectSearchOptimizer:optimize:(Lorg/apache/commons/math/analysis/MultivariateRealFunction;Lorg/apache/commons/math/optimization/GoalType;[D)Lorg/apache/commons/math/optimization/RealPointValuePair;#297#109 prob_bp = 0.50000000000000190000
org.apache.commons.math.optimization.direct.DirectSearchOptimizer:optimize:(Lorg/apache/commons/math/analysis/MultivariateRealFunction;Lorg/apache/commons/math/optimization/GoalType;[D)Lorg/apache/commons/math/optimization/RealPointValuePair;#297#116 prob_bp = 0.50000000000000200000
org.apache.commons.math.optimization.direct.DirectSearchOptimizer:optimize:(Lorg/apache/commons/math/analysis/MultivariateRealFunction;Lorg/apache/commons/math/optimization/GoalType;[D)Lorg/apache/commons/math/optimization/RealPointValuePair;#306#150 prob_bp = 0.50000000000000210000
org.apache.commons.math.optimization.direct.MultiDirectional:evaluateNewSimplex:([Lorg/apache/commons/math/optimization/RealPointValuePair;DLjava/util/Comparator;)Lorg/apache/commons/math/optimization/RealPointValuePair;#127#108 prob_bp = 0.50000000000000220000
org.apache.commons.math.optimization.SimpleScalarValueChecker:converged:(ILorg/apache/commons/math/optimization/RealPointValuePair;Lorg/apache/commons/math/optimization/RealPointValuePair;)Z#76#16 prob_bp = 0.50000000000000220000
org.apache.commons.math.optimization.direct.DirectSearchOptimizer:optimize:(Lorg/apache/commons/math/analysis/MultivariateRealFunction;Lorg/apache/commons/math/optimization/GoalType;[D)Lorg/apache/commons/math/optimization/RealPointValuePair;#297#114 prob_bp = 0.50000000000000230000
org.apache.commons.math.optimization.SimpleScalarValueChecker:converged:(ILorg/apache/commons/math/optimization/RealPointValuePair;Lorg/apache/commons/math/optimization/RealPointValuePair;)Z#77#29 prob_bp = 0.50000000000000260000
org.apache.commons.math.optimization.SimpleScalarValueChecker:converged:(ILorg/apache/commons/math/optimization/RealPointValuePair;Lorg/apache/commons/math/optimization/RealPointValuePair;)Z#75#10 prob_bp = 0.50000000000000270000
org.apache.commons.math.optimization.direct.MultiDirectional:evaluateNewSimplex:([Lorg/apache/commons/math/optimization/RealPointValuePair;DLjava/util/Comparator;)Lorg/apache/commons/math/optimization/RealPointValuePair;#121#118 prob_bp = 0.50000000000000280000
org.apache.commons.math.optimization.direct.DirectSearchOptimizer:optimize:(Lorg/apache/commons/math/analysis/MultivariateRealFunction;Lorg/apache/commons/math/optimization/GoalType;[D)Lorg/apache/commons/math/optimization/RealPointValuePair;#297#110 prob_bp = 0.50000000000000280000
org.apache.commons.math.optimization.direct.DirectSearchOptimizer:optimize:(Lorg/apache/commons/math/analysis/MultivariateRealFunction;Lorg/apache/commons/math/optimization/GoalType;[D)Lorg/apache/commons/math/optimization/RealPointValuePair;#306#152 prob_bp = 0.50000000000000320000
org.apache.commons.math.optimization.SimpleScalarValueChecker:converged:(ILorg/apache/commons/math/optimization/RealPointValuePair;Lorg/apache/commons/math/optimization/RealPointValuePair;)Z#74#0 prob_bp = 0.50000000000000370000
org.apache.commons.math.optimization.direct.DirectSearchOptimizer:setStartConfiguration:([D)V#147#39 prob_bp = 0.50000000000000380000
org.apache.commons.math.optimization.direct.MultiDirectional:evaluateNewSimplex:([Lorg/apache/commons/math/optimization/RealPointValuePair;DLjava/util/Comparator;)Lorg/apache/commons/math/optimization/RealPointValuePair;#121#36 prob_bp = 0.50000000000000390000
org.apache.commons.math.optimization.direct.MultiDirectional:evaluateNewSimplex:([Lorg/apache/commons/math/optimization/RealPointValuePair;DLjava/util/Comparator;)Lorg/apache/commons/math/optimization/RealPointValuePair;#123#54 prob_bp = 0.50000000000000390000
org.apache.commons.math.optimization.direct.MultiDirectional:iterateSimplex:(Ljava/util/Comparator;)V#73#20 prob_bp = 0.50000000000000440000
org.apache.commons.math.optimization.direct.DirectSearchOptimizer:evaluateSimplex:(Ljava/util/Comparator;)V#396#52 prob_bp = 0.50000000000000460000
org.apache.commons.math.optimization.direct.MultiDirectional:evaluateNewSimplex:([Lorg/apache/commons/math/optimization/RealPointValuePair;DLjava/util/Comparator;)Lorg/apache/commons/math/optimization/RealPointValuePair;#132#136 prob_bp = 0.50000000000000460000
org.apache.commons.math.optimization.SimpleScalarValueChecker:converged:(ILorg/apache/commons/math/optimization/RealPointValuePair;Lorg/apache/commons/math/optimization/RealPointValuePair;)Z#74#4 prob_bp = 0.50000000000000500000
org.apache.commons.math.optimization.direct.MultiDirectional:evaluateNewSimplex:([Lorg/apache/commons/math/optimization/RealPointValuePair;DLjava/util/Comparator;)Lorg/apache/commons/math/optimization/RealPointValuePair;#116#10 prob_bp = 0.50000000000000510000
org.apache.commons.math.optimization.SimpleScalarValueChecker:converged:(ILorg/apache/commons/math/optimization/RealPointValuePair;Lorg/apache/commons/math/optimization/RealPointValuePair;)Z#78#42 prob_bp = 0.50000000000000510000
org.apache.commons.math.optimization.direct.MultiDirectional:evaluateNewSimplex:([Lorg/apache/commons/math/optimization/RealPointValuePair;DLjava/util/Comparator;)Lorg/apache/commons/math/optimization/RealPointValuePair;#121#33 prob_bp = 0.50000000000000570000
org.apache.commons.math.optimization.direct.MultiDirectional:evaluateNewSimplex:([Lorg/apache/commons/math/optimization/RealPointValuePair;DLjava/util/Comparator;)Lorg/apache/commons/math/optimization/RealPointValuePair;#121#34 prob_bp = 0.50000000000000570000
org.apache.commons.math.optimization.direct.DirectSearchOptimizer:optimize:(Lorg/apache/commons/math/analysis/MultivariateRealFunction;Lorg/apache/commons/math/optimization/GoalType;[D)Lorg/apache/commons/math/optimization/RealPointValuePair;#306#143 prob_bp = 0.50000000000000610000
org.apache.commons.math.optimization.direct.DirectSearchOptimizer:optimize:(Lorg/apache/commons/math/analysis/MultivariateRealFunction;Lorg/apache/commons/math/optimization/GoalType;[D)Lorg/apache/commons/math/optimization/RealPointValuePair;#306#151 prob_bp = 0.50000000000000610000
org.apache.commons.math.optimization.direct.MultiDirectional:iterateSimplex:(Ljava/util/Comparator;)V#78#50 prob_bp = 0.50000000000000610000
org.apache.commons.math.optimization.SimpleScalarValueChecker:converged:(ILorg/apache/commons/math/optimization/RealPointValuePair;Lorg/apache/commons/math/optimization/RealPointValuePair;)Z#76#17 prob_bp = 0.50000000000000700000
org.apache.commons.math.optimization.SimpleScalarValueChecker:converged:(ILorg/apache/commons/math/optimization/RealPointValuePair;Lorg/apache/commons/math/optimization/RealPointValuePair;)Z#78#41 prob_bp = 0.50000000000000720000
org.apache.commons.math.optimization.RealPointValuePair:<init>:([DDZ)V#62#7 prob_bp = 0.50000000000000790000
org.apache.commons.math.optimization.SimpleScalarValueChecker:converged:(ILorg/apache/commons/math/optimization/RealPointValuePair;Lorg/apache/commons/math/optimization/RealPointValuePair;)Z#75#6 prob_bp = 0.50000000000000790000
org.apache.commons.math.optimization.direct.MultiDirectional:evaluateNewSimplex:([Lorg/apache/commons/math/optimization/RealPointValuePair;DLjava/util/Comparator;)Lorg/apache/commons/math/optimization/RealPointValuePair;#127#117 prob_bp = 0.50000000000000830000
org.apache.commons.math.optimization.direct.DirectSearchOptimizer:setStartConfiguration:([D)V#147#40 prob_bp = 0.50000000000000840000
org.apache.commons.math.optimization.direct.DirectSearchOptimizer:optimize:(Lorg/apache/commons/math/analysis/MultivariateRealFunction;Lorg/apache/commons/math/optimization/GoalType;[D)Lorg/apache/commons/math/optimization/RealPointValuePair;#297#111 prob_bp = 0.50000000000000910000
org.apache.commons.math.optimization.SimpleScalarValueChecker:converged:(ILorg/apache/commons/math/optimization/RealPointValuePair;Lorg/apache/commons/math/optimization/RealPointValuePair;)Z#78#37 prob_bp = 0.50000000000000950000
org.apache.commons.math.optimization.direct.DirectSearchOptimizer:buildSimplex:([D)V#378#121 prob_bp = 0.50000000000000990000
org.apache.commons.math.optimization.direct.DirectSearchOptimizer:buildSimplex:([D)V#378#122 prob_bp = 0.50000000000001120000
org.apache.commons.math.optimization.direct.DirectSearchOptimizer:buildSimplex:([D)V#378#123 prob_bp = 0.50000000000001140000
org.apache.commons.math.optimization.SimpleScalarValueChecker:converged:(ILorg/apache/commons/math/optimization/RealPointValuePair;Lorg/apache/commons/math/optimization/RealPointValuePair;)Z#78#52 prob_bp = 0.50000000000001210000
org.apache.commons.math.optimization.direct.MultiDirectional:iterateSimplex:(Ljava/util/Comparator;)V#79#53 prob_bp = 0.50000000000001280000
org.apache.commons.math.optimization.direct.DirectSearchOptimizer:setStartConfiguration:([D)V#147#42 prob_bp = 0.50000000000001340000
org.apache.commons.math.optimization.RealPointValuePair:<init>:([DDZ)V#62#21 prob_bp = 0.50000000000001410000
org.apache.commons.math.optimization.direct.MultiDirectional:iterateSimplex:(Ljava/util/Comparator;)V#79#55 prob_bp = 0.50000000000001410000
org.apache.commons.math.optimization.direct.MultiDirectional:evaluateNewSimplex:([Lorg/apache/commons/math/optimization/RealPointValuePair;DLjava/util/Comparator;)Lorg/apache/commons/math/optimization/RealPointValuePair;#116#11 prob_bp = 0.50000000000001600000
org.apache.commons.math.optimization.direct.DirectSearchOptimizer:buildSimplex:([D)V#372#70 prob_bp = 0.50000000000001620000
org.apache.commons.math.optimization.direct.DirectSearchOptimizer:optimize:(Lorg/apache/commons/math/analysis/MultivariateRealFunction;Lorg/apache/commons/math/optimization/GoalType;[D)Lorg/apache/commons/math/optimization/RealPointValuePair;#297#97 prob_bp = 0.50000000000001990000
org.apache.commons.math.optimization.direct.MultiDirectional:iterateSimplex:(Ljava/util/Comparator;)V#79#52 prob_bp = 0.50000000000002100000
org.apache.commons.math.optimization.direct.DirectSearchOptimizer:optimize:(Lorg/apache/commons/math/analysis/MultivariateRealFunction;Lorg/apache/commons/math/optimization/GoalType;[D)Lorg/apache/commons/math/optimization/RealPointValuePair;#297#98 prob_bp = 0.50000000000002100000
org.apache.commons.math.optimization.SimpleScalarValueChecker:<init>:(DD)V#67#9 prob_bp = 0.50000000000002480000
org.apache.commons.math.optimization.SimpleScalarValueChecker:<init>:(DD)V#67#10 prob_bp = 0.50000000000002480000
org.apache.commons.math.optimization.SimpleScalarValueChecker:<init>:(DD)V#67#11 prob_bp = 0.50000000000002630000
org.apache.commons.math.optimization.direct.MultiDirectional:iterateSimplex:(Ljava/util/Comparator;)V#79#57 prob_bp = 0.50000000000003160000
org.apache.commons.math.optimization.SimpleScalarValueChecker:converged:(ILorg/apache/commons/math/optimization/RealPointValuePair;Lorg/apache/commons/math/optimization/RealPointValuePair;)Z#76#20 prob_bp = 0.50000000000003300000
org.apache.commons.math.optimization.direct.DirectSearchOptimizer:optimize:(Lorg/apache/commons/math/analysis/MultivariateRealFunction;Lorg/apache/commons/math/optimization/GoalType;[D)Lorg/apache/commons/math/optimization/RealPointValuePair;#297#117 prob_bp = 0.50000000000003420000
org.apache.commons.math.optimization.direct.DirectSearchOptimizer:buildSimplex:([D)V#378#136 prob_bp = 0.50000000000003500000
org.apache.commons.math.optimization.SimpleScalarValueChecker:converged:(ILorg/apache/commons/math/optimization/RealPointValuePair;Lorg/apache/commons/math/optimization/RealPointValuePair;)Z#78#53 prob_bp = 0.50000000000003500000
org.apache.commons.math.optimization.direct.DirectSearchOptimizer:buildSimplex:([D)V#372#69 prob_bp = 0.50000000000003960000
org.apache.commons.math.optimization.SimpleScalarValueChecker:converged:(ILorg/apache/commons/math/optimization/RealPointValuePair;Lorg/apache/commons/math/optimization/RealPointValuePair;)Z#78#46 prob_bp = 0.50000000000004190000
org.apache.commons.math.optimization.direct.DirectSearchOptimizer:buildSimplex:([D)V#372#67 prob_bp = 0.50000000000004300000
org.apache.commons.math.optimization.direct.DirectSearchOptimizer:buildSimplex:([D)V#372#68 prob_bp = 0.50000000000004400000
org.apache.commons.math.optimization.direct.MultiDirectional:evaluateNewSimplex:([Lorg/apache/commons/math/optimization/RealPointValuePair;DLjava/util/Comparator;)Lorg/apache/commons/math/optimization/RealPointValuePair;#119#14 prob_bp = 0.50000000000005630000
org.apache.commons.math.optimization.direct.DirectSearchOptimizer:buildSimplex:([D)V#372#71 prob_bp = 0.50000000000006120000
org.apache.commons.math.optimization.SimpleScalarValueChecker:converged:(ILorg/apache/commons/math/optimization/RealPointValuePair;Lorg/apache/commons/math/optimization/RealPointValuePair;)Z#78#50 prob_bp = 0.50000000000013060000
org.apache.commons.math.optimization.direct.MultiDirectional:iterateSimplex:(Ljava/util/Comparator;)V#73#13 prob_bp = 0.50000000000019800000
org.apache.commons.math.optimization.direct.MultiDirectional:evaluateNewSimplex:([Lorg/apache/commons/math/optimization/RealPointValuePair;DLjava/util/Comparator;)Lorg/apache/commons/math/optimization/RealPointValuePair;#119#16 prob_bp = 0.50000000000021990000
org.apache.commons.math.optimization.direct.MultiDirectional:evaluateNewSimplex:([Lorg/apache/commons/math/optimization/RealPointValuePair;DLjava/util/Comparator;)Lorg/apache/commons/math/optimization/RealPointValuePair;#119#17 prob_bp = 0.50000000000022620000
org.apache.commons.math.optimization.direct.MultiDirectional:evaluateNewSimplex:([Lorg/apache/commons/math/optimization/RealPointValuePair;DLjava/util/Comparator;)Lorg/apache/commons/math/optimization/RealPointValuePair;#127#104 prob_bp = 0.50000000000022840000
org.apache.commons.math.optimization.direct.MultiDirectional:evaluateNewSimplex:([Lorg/apache/commons/math/optimization/RealPointValuePair;DLjava/util/Comparator;)Lorg/apache/commons/math/optimization/RealPointValuePair;#127#107 prob_bp = 0.50000000000024750000
org.apache.commons.math.optimization.direct.MultiDirectional:iterateSimplex:(Ljava/util/Comparator;)V#73#17 prob_bp = 0.50000000000026090000
org.apache.commons.math.optimization.RealPointValuePair:<init>:([DDZ)V#63#24 prob_bp = 0.50000000000042000000
org.apache.commons.math.optimization.SimpleScalarValueChecker:converged:(ILorg/apache/commons/math/optimization/RealPointValuePair;Lorg/apache/commons/math/optimization/RealPointValuePair;)Z#78#56 prob_bp = 0.50000000000045620000
org.apache.commons.math.optimization.direct.MultiDirectional:evaluateNewSimplex:([Lorg/apache/commons/math/optimization/RealPointValuePair;DLjava/util/Comparator;)Lorg/apache/commons/math/optimization/RealPointValuePair;#127#110 prob_bp = 0.50000000000055290000
org.apache.commons.math.optimization.RealPointValuePair:<init>:([DDZ)V#63#25 prob_bp = 0.50000000000066340000
org.apache.commons.math.optimization.direct.MultiDirectional:evaluateNewSimplex:([Lorg/apache/commons/math/optimization/RealPointValuePair;DLjava/util/Comparator;)Lorg/apache/commons/math/optimization/RealPointValuePair;#127#114 prob_bp = 0.50000000000085830000
org.apache.commons.math.optimization.RealPointValuePair:<init>:([DDZ)V#63#26 prob_bp = 0.50000000000104930000
org.apache.commons.math.optimization.direct.DirectSearchOptimizer:setStartConfiguration:([D)V#147#43 prob_bp = 0.50000000000176730000
org.apache.commons.math.optimization.direct.DirectSearchOptimizer:setStartConfiguration:([D)V#147#44 prob_bp = 0.50000000000183830000
org.apache.commons.math.optimization.direct.DirectSearchOptimizer:evaluateSimplex:(Ljava/util/Comparator;)V#393#11 prob_bp = 0.50000000000259360000
org.apache.commons.math.optimization.direct.DirectSearchOptimizer:evaluateSimplex:(Ljava/util/Comparator;)V#393#12 prob_bp = 0.50000000000270280000
org.apache.commons.math.optimization.direct.MultiDirectional:evaluateNewSimplex:([Lorg/apache/commons/math/optimization/RealPointValuePair;DLjava/util/Comparator;)Lorg/apache/commons/math/optimization/RealPointValuePair;#119#18 prob_bp = 0.50000000000289400000
org.apache.commons.math.optimization.direct.MultiDirectional:evaluateNewSimplex:([Lorg/apache/commons/math/optimization/RealPointValuePair;DLjava/util/Comparator;)Lorg/apache/commons/math/optimization/RealPointValuePair;#119#13 prob_bp = 0.50000000000428980000
org.apache.commons.math.optimization.direct.MultiDirectional:evaluateNewSimplex:([Lorg/apache/commons/math/optimization/RealPointValuePair;DLjava/util/Comparator;)Lorg/apache/commons/math/optimization/RealPointValuePair;#119#21 prob_bp = 0.50000000001364300000
org.apache.commons.math.optimization.SimpleScalarValueChecker:converged:(ILorg/apache/commons/math/optimization/RealPointValuePair;Lorg/apache/commons/math/optimization/RealPointValuePair;)Z#78#60 prob_bp = 0.50000000001876290000
org.apache.commons.math.optimization.direct.DirectSearchOptimizer:optimize:(Lorg/apache/commons/math/analysis/MultivariateRealFunction;Lorg/apache/commons/math/optimization/GoalType;[D)Lorg/apache/commons/math/optimization/RealPointValuePair;#295#79 prob_bp = 0.50000000002408320000
org.apache.commons.math.optimization.direct.DirectSearchOptimizer:optimize:(Lorg/apache/commons/math/analysis/MultivariateRealFunction;Lorg/apache/commons/math/optimization/GoalType;[D)Lorg/apache/commons/math/optimization/RealPointValuePair;#295#80 prob_bp = 0.50000000002504560000
org.apache.commons.math.optimization.direct.DirectSearchOptimizer:evaluateSimplex:(Ljava/util/Comparator;)V#393#15 prob_bp = 0.50000000003147170000
org.apache.commons.math.optimization.direct.DirectSearchOptimizer:evaluateSimplex:(Ljava/util/Comparator;)V#393#16 prob_bp = 0.50000000003610630000
org.apache.commons.math.optimization.direct.DirectSearchOptimizer:buildSimplex:([D)V#378#124 prob_bp = 0.50000000003645740000
org.apache.commons.math.optimization.direct.DirectSearchOptimizer:buildSimplex:([D)V#378#127 prob_bp = 0.50000000003789550000
org.apache.commons.math.optimization.direct.DirectSearchOptimizer:buildSimplex:([D)V#378#130 prob_bp = 0.50000000008850650000
org.apache.commons.math.optimization.direct.DirectSearchOptimizer:buildSimplex:([D)V#378#133 prob_bp = 0.50000000013592180000
org.apache.commons.math.optimization.direct.MultiDirectional:iterateSimplex:(Ljava/util/Comparator;)V#77#34 prob_bp = 0.50000000023384970000
org.apache.commons.math.optimization.direct.MultiDirectional:iterateSimplex:(Ljava/util/Comparator;)V#78#40 prob_bp = 0.50000000024548730000
org.apache.commons.math.optimization.direct.MultiDirectional:iterateSimplex:(Ljava/util/Comparator;)V#77#35 prob_bp = 0.50000000030914990000
org.apache.commons.math.optimization.direct.MultiDirectional:iterateSimplex:(Ljava/util/Comparator;)V#78#47 prob_bp = 0.50000000033655130000
org.apache.commons.math.optimization.direct.MultiDirectional:evaluateNewSimplex:([Lorg/apache/commons/math/optimization/RealPointValuePair;DLjava/util/Comparator;)Lorg/apache/commons/math/optimization/RealPointValuePair;#131#124 prob_bp = 0.50000000069979570000
org.apache.commons.math.optimization.direct.DirectSearchOptimizer:optimize:(Lorg/apache/commons/math/analysis/MultivariateRealFunction;Lorg/apache/commons/math/optimization/GoalType;[D)Lorg/apache/commons/math/optimization/RealPointValuePair;#296#87 prob_bp = 0.50000000095044830000
org.apache.commons.math.optimization.direct.DirectSearchOptimizer:optimize:(Lorg/apache/commons/math/analysis/MultivariateRealFunction;Lorg/apache/commons/math/optimization/GoalType;[D)Lorg/apache/commons/math/optimization/RealPointValuePair;#296#88 prob_bp = 0.50000000098865450000
org.apache.commons.math.optimization.direct.MultiDirectional:iterateSimplex:(Ljava/util/Comparator;)V#74#31 prob_bp = 0.50000000099528690000
org.apache.commons.math.optimization.SimpleScalarValueChecker:converged:(ILorg/apache/commons/math/optimization/RealPointValuePair;Lorg/apache/commons/math/optimization/RealPointValuePair;)Z#78#47 prob_bp = 0.50000000123305940000
org.apache.commons.math.optimization.direct.DirectSearchOptimizer:setStartConfiguration:([D)V#146#33 prob_bp = 0.50000000139464900000
org.apache.commons.math.optimization.direct.DirectSearchOptimizer:setStartConfiguration:([D)V#146#34 prob_bp = 0.50000000207669980000
org.apache.commons.math.optimization.direct.DirectSearchOptimizer:setStartConfiguration:([D)V#146#35 prob_bp = 0.50000000215127820000
org.apache.commons.math.optimization.direct.MultiDirectional:evaluateNewSimplex:([Lorg/apache/commons/math/optimization/RealPointValuePair;DLjava/util/Comparator;)Lorg/apache/commons/math/optimization/RealPointValuePair;#131#127 prob_bp = 0.50000000217068350000
org.apache.commons.math.optimization.direct.DirectSearchOptimizer:setStartConfiguration:([D)V#146#28 prob_bp = 0.50000000239106830000
org.apache.commons.math.optimization.direct.DirectSearchOptimizer:setStartConfiguration:([D)V#146#29 prob_bp = 0.50000000248766510000
org.apache.commons.math.optimization.direct.DirectSearchOptimizer:setStartConfiguration:([D)V#147#45 prob_bp = 0.50000000283643680000
org.apache.commons.math.optimization.direct.DirectSearchOptimizer:setStartConfiguration:([D)V#146#88 prob_bp = 0.50000000340992110000
org.apache.commons.math.optimization.direct.DirectSearchOptimizer:setStartConfiguration:([D)V#146#31 prob_bp = 0.50000000490832500000
org.apache.commons.math.optimization.GoalType:<clinit>:()V#30#10 prob_bp = 0.50000000598683990000
org.apache.commons.math.optimization.direct.MultiDirectional:iterateSimplex:(Ljava/util/Comparator;)V#79#62 prob_bp = 0.50000000632161830000
org.apache.commons.math.optimization.direct.DirectSearchOptimizer:optimize:(Lorg/apache/commons/math/analysis/MultivariateRealFunction;Lorg/apache/commons/math/optimization/GoalType;[D)Lorg/apache/commons/math/optimization/RealPointValuePair;#296#125 prob_bp = 0.50000000799846440000
org.apache.commons.math.optimization.SimpleScalarValueChecker:converged:(ILorg/apache/commons/math/optimization/RealPointValuePair;Lorg/apache/commons/math/optimization/RealPointValuePair;)Z#78#57 prob_bp = 0.50000001109325730000
org.apache.commons.math.optimization.direct.DirectSearchOptimizer:setStartConfiguration:([D)V#146#36 prob_bp = 0.50000001157095810000
org.apache.commons.math.MaxIterationsExceededException:<init>:(I)V#43#1 prob_bp = 0.50000001228403620000
org.apache.commons.math.optimization.direct.DirectSearchOptimizer:optimize:(Lorg/apache/commons/math/analysis/MultivariateRealFunction;Lorg/apache/commons/math/optimization/GoalType;[D)Lorg/apache/commons/math/optimization/RealPointValuePair;#296#91 prob_bp = 0.50000001600249020000
org.apache.commons.math.optimization.direct.DirectSearchOptimizer:optimize:(Lorg/apache/commons/math/analysis/MultivariateRealFunction;Lorg/apache/commons/math/optimization/GoalType;[D)Lorg/apache/commons/math/optimization/RealPointValuePair;#268#7 prob_bp = 0.50000002033729560000
org.apache.commons.math.optimization.direct.DirectSearchOptimizer:optimize:(Lorg/apache/commons/math/analysis/MultivariateRealFunction;Lorg/apache/commons/math/optimization/GoalType;[D)Lorg/apache/commons/math/optimization/RealPointValuePair;#268#8 prob_bp = 0.50000002106446450000
org.apache.commons.math.optimization.direct.DirectSearchOptimizer:optimize:(Lorg/apache/commons/math/analysis/MultivariateRealFunction;Lorg/apache/commons/math/optimization/GoalType;[D)Lorg/apache/commons/math/optimization/RealPointValuePair;#268#9 prob_bp = 0.50000002366448670000
org.apache.commons.math.optimization.direct.DirectSearchOptimizer:optimize:(Lorg/apache/commons/math/analysis/MultivariateRealFunction;Lorg/apache/commons/math/optimization/GoalType;[D)Lorg/apache/commons/math/optimization/RealPointValuePair;#296#82 prob_bp = 0.50000002986827310000
org.apache.commons.math.optimization.direct.DirectSearchOptimizer:evaluateSimplex:(Ljava/util/Comparator;)V#396#34 prob_bp = 0.50000003046367200000
org.apache.commons.math.optimization.direct.MultiDirectional:iterateSimplex:(Ljava/util/Comparator;)V#77#38 prob_bp = 0.50000003051526690000
org.apache.commons.math.optimization.direct.MultiDirectional:<init>:()V#45#0 prob_bp = 0.50000003070126320000
org.apache.commons.math.optimization.direct.DirectSearchOptimizer:optimize:(Lorg/apache/commons/math/analysis/MultivariateRealFunction;Lorg/apache/commons/math/optimization/GoalType;[D)Lorg/apache/commons/math/optimization/RealPointValuePair;#296#83 prob_bp = 0.50000003106564410000
org.apache.commons.math.optimization.direct.MultiDirectional:<init>:()V#45#1 prob_bp = 0.50000003132149110000
org.apache.commons.math.optimization.direct.DirectSearchOptimizer:optimize:(Lorg/apache/commons/math/analysis/MultivariateRealFunction;Lorg/apache/commons/math/optimization/GoalType;[D)Lorg/apache/commons/math/optimization/RealPointValuePair;#268#11 prob_bp = 0.50000003296097610000
org.apache.commons.math.optimization.direct.DirectSearchOptimizer:evaluateSimplex:(Ljava/util/Comparator;)V#396#35 prob_bp = 0.50000003774394410000
org.apache.commons.math.optimization.direct.DirectSearchOptimizer:optimize:(Lorg/apache/commons/math/analysis/MultivariateRealFunction;Lorg/apache/commons/math/optimization/GoalType;[D)Lorg/apache/commons/math/optimization/RealPointValuePair;#296#85 prob_bp = 0.50000004112510790000
org.apache.commons.math.optimization.direct.DirectSearchOptimizer:optimize:(Lorg/apache/commons/math/analysis/MultivariateRealFunction;Lorg/apache/commons/math/optimization/GoalType;[D)Lorg/apache/commons/math/optimization/RealPointValuePair;#270#20 prob_bp = 0.50000006620096650000
org.apache.commons.math.optimization.direct.DirectSearchOptimizer:optimize:(Lorg/apache/commons/math/analysis/MultivariateRealFunction;Lorg/apache/commons/math/optimization/GoalType;[D)Lorg/apache/commons/math/optimization/RealPointValuePair;#296#92 prob_bp = 0.50000007637804430000
org.apache.commons.math.optimization.direct.DirectSearchOptimizer:optimize:(Lorg/apache/commons/math/analysis/MultivariateRealFunction;Lorg/apache/commons/math/optimization/GoalType;[D)Lorg/apache/commons/math/optimization/RealPointValuePair;#297#95 prob_bp = 0.50000008639773220000
org.apache.commons.math.optimization.SimpleScalarValueChecker:converged:(ILorg/apache/commons/math/optimization/RealPointValuePair;Lorg/apache/commons/math/optimization/RealPointValuePair;)Z#78#64 prob_bp = 0.50000008995341640000
org.apache.commons.math.optimization.SimpleScalarValueChecker:converged:(ILorg/apache/commons/math/optimization/RealPointValuePair;Lorg/apache/commons/math/optimization/RealPointValuePair;)Z#78#65 prob_bp = 0.50000009315919980000
org.apache.commons.math.optimization.direct.DirectSearchOptimizer:buildSimplex:([D)V#368#41 prob_bp = 0.50000011003887210000
org.apache.commons.math.optimization.direct.DirectSearchOptimizer:optimize:(Lorg/apache/commons/math/analysis/MultivariateRealFunction;Lorg/apache/commons/math/optimization/GoalType;[D)Lorg/apache/commons/math/optimization/RealPointValuePair;#297#122 prob_bp = 0.50000011246332740000
org.apache.commons.math.optimization.direct.DirectSearchOptimizer:evaluateSimplex:(Ljava/util/Comparator;)V#395#24 prob_bp = 0.50000013467273190000
org.apache.commons.math.optimization.direct.MultiDirectional:iterateSimplex:(Ljava/util/Comparator;)V#81#66 prob_bp = 0.50000015225576810000
org.apache.commons.math.MaxIterationsExceededException:<init>:(I)V#43#3 prob_bp = 0.50000016236770160000
org.apache.commons.math.optimization.direct.DirectSearchOptimizer:evaluateSimplex:(Ljava/util/Comparator;)V#393#17 prob_bp = 0.50000016303789520000
org.apache.commons.math.MaxIterationsExceededException:<init>:(I)V#43#4 prob_bp = 0.50000016564783910000
org.apache.commons.math.optimization.direct.DirectSearchOptimizer:buildSimplex:([D)V#368#42 prob_bp = 0.50000016690399920000
org.apache.commons.math.optimization.direct.DirectSearchOptimizer:buildSimplex:([D)V#368#43 prob_bp = 0.50000017076307900000
org.apache.commons.math.optimization.direct.DirectSearchOptimizer:optimize:(Lorg/apache/commons/math/analysis/MultivariateRealFunction;Lorg/apache/commons/math/optimization/GoalType;[D)Lorg/apache/commons/math/optimization/RealPointValuePair;#270#22 prob_bp = 0.50000018505192870000
org.apache.commons.math.ConvergenceException:<init>:(Ljava/lang/String;[Ljava/lang/Object;)V#45#1 prob_bp = 0.50000032125294200000
org.apache.commons.math.MathException:<init>:(Ljava/lang/String;[Ljava/lang/Object;)V#106#4 prob_bp = 0.50000034778277090000
org.apache.commons.math.optimization.direct.DirectSearchOptimizer:optimize:(Lorg/apache/commons/math/analysis/MultivariateRealFunction;Lorg/apache/commons/math/optimization/GoalType;[D)Lorg/apache/commons/math/optimization/RealPointValuePair;#307#162 prob_bp = 0.50000043603384280000
org.apache.commons.math.optimization.direct.MultiDirectional:iterateSimplex:(Ljava/util/Comparator;)V#81#65 prob_bp = 0.50000047669897430000
org.apache.commons.math.optimization.direct.DirectSearchOptimizer:evaluateSimplex:(Ljava/util/Comparator;)V#395#25 prob_bp = 0.50000054061120840000
org.apache.commons.math.optimization.direct.DirectSearchOptimizer:setStartConfiguration:([D)V#142#0 prob_bp = 0.50000061000722270000
org.apache.commons.math.optimization.direct.DirectSearchOptimizer:buildSimplex:([D)V#368#44 prob_bp = 0.50000062814426400000
org.apache.commons.math.optimization.direct.MultiDirectional:iterateSimplex:(Ljava/util/Comparator;)V#81#68 prob_bp = 0.50000064168838110000
org.apache.commons.math.optimization.direct.DirectSearchOptimizer:evaluateSimplex:(Ljava/util/Comparator;)V#394#18 prob_bp = 0.50000064876143170000
org.apache.commons.math.optimization.direct.DirectSearchOptimizer:evaluateSimplex:(Ljava/util/Comparator;)V#392#56 prob_bp = 0.50000078258058170000
org.apache.commons.math.optimization.direct.DirectSearchOptimizer:buildSimplex:([D)V#369#59 prob_bp = 0.50000102104763880000
org.apache.commons.math.optimization.direct.DirectSearchOptimizer:evaluateSimplex:(Ljava/util/Comparator;)V#396#38 prob_bp = 0.50000121022835600000
org.apache.commons.math.optimization.RealPointValuePair:<init>:([DD)V#49#5 prob_bp = 0.50000126143129280000
org.apache.commons.math.optimization.RealPointValuePair:<init>:([DD)V#50#15 prob_bp = 0.50000151290058040000
org.apache.commons.math.optimization.direct.DirectSearchOptimizer:buildSimplex:([D)V#369#60 prob_bp = 0.50000151644731520000
org.apache.commons.math.optimization.direct.DirectSearchOptimizer:buildSimplex:([D)V#368#40 prob_bp = 0.50000155123239280000
org.apache.commons.math.optimization.RealPointValuePair:<init>:([DD)V#49#6 prob_bp = 0.50000158747914470000
org.apache.commons.math.optimization.RealPointValuePair:<init>:([DD)V#50#16 prob_bp = 0.50000160951295560000
org.apache.commons.math.optimization.RealPointValuePair:<init>:([DD)V#50#17 prob_bp = 0.50000173565777550000
org.apache.commons.math.optimization.direct.DirectSearchOptimizer:setStartConfiguration:([D)V#142#1 prob_bp = 0.50000212945087260000
org.apache.commons.math.optimization.direct.DirectSearchOptimizer:buildSimplex:([D)V#368#47 prob_bp = 0.50000213201500620000
org.apache.commons.math.optimization.RealPointValuePair:<init>:([DD)V#49#9 prob_bp = 0.50000224801506020000
org.apache.commons.math.optimization.direct.DirectSearchOptimizer:evaluateSimplex:(Ljava/util/Comparator;)V#394#19 prob_bp = 0.50000260402137820000
org.apache.commons.math.optimization.direct.DirectSearchOptimizer:evaluateSimplex:(Ljava/util/Comparator;)V#396#39 prob_bp = 0.50000282000409050000
org.apache.commons.math.optimization.direct.DirectSearchOptimizer:evaluateSimplex:(Ljava/util/Comparator;)V#396#55 prob_bp = 0.50000293354548100000
org.apache.commons.math.optimization.RealPointValuePair:<init>:([DD)V#49#4 prob_bp = 0.50000312608093420000
org.apache.commons.math.optimization.RealPointValuePair:<init>:([DD)V#49#12 prob_bp = 0.50000358618356730000
org.apache.commons.math.optimization.direct.DirectSearchOptimizer:buildSimplex:([D)V#369#55 prob_bp = 0.50000405337544010000
org.apache.commons.math.optimization.direct.DirectSearchOptimizer:buildSimplex:([D)V#369#58 prob_bp = 0.50000413549179620000
org.apache.commons.math.ConvergenceException:<init>:(Ljava/lang/String;[Ljava/lang/Object;)V#45#2 prob_bp = 0.50000449499213450000
org.apache.commons.math.optimization.direct.DirectSearchOptimizer:optimize:(Lorg/apache/commons/math/analysis/MultivariateRealFunction;Lorg/apache/commons/math/optimization/GoalType;[D)Lorg/apache/commons/math/optimization/RealPointValuePair;#265#0 prob_bp = 0.50000476100564370000
org.apache.commons.math.optimization.direct.DirectSearchOptimizer:optimize:(Lorg/apache/commons/math/analysis/MultivariateRealFunction;Lorg/apache/commons/math/optimization/GoalType;[D)Lorg/apache/commons/math/optimization/RealPointValuePair;#265#1 prob_bp = 0.50000485718646680000
org.apache.commons.math.MathException:<init>:(Ljava/lang/String;[Ljava/lang/Object;)V#106#5 prob_bp = 0.50000492068097910000
org.apache.commons.math.optimization.direct.DirectSearchOptimizer:optimize:(Lorg/apache/commons/math/analysis/MultivariateRealFunction;Lorg/apache/commons/math/optimization/GoalType;[D)Lorg/apache/commons/math/optimization/RealPointValuePair;#265#4 prob_bp = 0.50000505148995240000
org.apache.commons.math.optimization.direct.DirectSearchOptimizer:evaluateSimplex:(Ljava/util/Comparator;)V#392#3 prob_bp = 0.50000560728908180000
org.apache.commons.math.optimization.direct.DirectSearchOptimizer:evaluateSimplex:(Ljava/util/Comparator;)V#392#4 prob_bp = 0.50000572171016310000
org.apache.commons.math.MathException:<init>:(Ljava/lang/String;[Ljava/lang/Object;)V#106#6 prob_bp = 0.50000585094013200000
org.apache.commons.math.optimization.direct.DirectSearchOptimizer:buildSimplex:([D)V#369#63 prob_bp = 0.50000694945688240000
org.apache.commons.math.optimization.direct.DirectSearchOptimizer:setStartConfiguration:([D)V#142#2 prob_bp = 0.50000756221735860000
org.apache.commons.math.optimization.RealPointValuePair:getPointRef:()[D#79#0 prob_bp = 0.50001004554696590000
org.apache.commons.math.MaxIterationsExceededException:<init>:(I)V#43#0 prob_bp = 0.50001409003124590000
org.apache.commons.math.MaxIterationsExceededException:<init>:(I)V#43#14 prob_bp = 0.50001455947399360000
org.apache.commons.math.optimization.direct.DirectSearchOptimizer:setStartConfiguration:([D)V#144#13 prob_bp = 0.50001633874950010000
org.apache.commons.math.optimization.direct.DirectSearchOptimizer:setStartConfiguration:([D)V#144#14 prob_bp = 0.50001692292962630000
org.apache.commons.math.optimization.direct.DirectSearchOptimizer:setStartConfiguration:([D)V#144#94 prob_bp = 0.50002331443099800000
org.apache.commons.math.optimization.direct.DirectSearchOptimizer:evaluateSimplex:(Ljava/util/Comparator;)V#392#7 prob_bp = 0.50002621617503570000
org.apache.commons.math.optimization.direct.DirectSearchOptimizer:setStartConfiguration:([D)V#144#16 prob_bp = 0.50002698642519250000
org.apache.commons.math.optimization.direct.DirectSearchOptimizer:setStartConfiguration:([D)V#144#15 prob_bp = 0.50003831983313750000
org.apache.commons.math.optimization.RealPointValuePair:getPointRef:()[D#79#1 prob_bp = 0.50003836648473220000
org.apache.commons.math.optimization.direct.DirectSearchOptimizer:evaluateSimplex:(Ljava/util/Comparator;)V#392#0 prob_bp = 0.50005983426330310000
org.apache.commons.math.optimization.direct.DirectSearchOptimizer:evaluateSimplex:(Ljava/util/Comparator;)V#392#1 prob_bp = 0.50006105936893730000
org.apache.commons.math.optimization.direct.DirectSearchOptimizer:evaluateSimplex:(Ljava/util/Comparator;)V#392#2 prob_bp = 0.50006281208130430000
org.apache.commons.math.optimization.direct.DirectSearchOptimizer:evaluateSimplex:(Ljava/util/Comparator;)V#392#8 prob_bp = 0.50006773263740350000
org.apache.commons.math.ConvergenceException:<init>:(Ljava/lang/String;[Ljava/lang/Object;)V#45#0 prob_bp = 0.50009108688813730000
org.apache.commons.math.ConvergenceException:<init>:(Ljava/lang/String;[Ljava/lang/Object;)V#45#3 prob_bp = 0.50009959676565700000
org.apache.commons.math.MathException:<init>:(Ljava/lang/String;[Ljava/lang/Object;)V#106#0 prob_bp = 0.50010242218950560000
org.apache.commons.math.optimization.direct.DirectSearchOptimizer:setStartConfiguration:([D)V#144#17 prob_bp = 0.50010544212203110000
org.apache.commons.math.MathException:getMessage:(Ljava/util/Locale;)Ljava/lang/String;#166#1 prob_bp = 0.50011447343793300000
org.apache.commons.math.MathException:getMessage:(Ljava/util/Locale;)Ljava/lang/String;#166#2 prob_bp = 0.50011679439029190000
org.apache.commons.math.MathException:<init>:(Ljava/lang/String;[Ljava/lang/Object;)V#106#9 prob_bp = 0.50011696741090210000
org.apache.commons.math.optimization.direct.DirectSearchOptimizer:optimize:(Lorg/apache/commons/math/analysis/MultivariateRealFunction;Lorg/apache/commons/math/optimization/GoalType;[D)Lorg/apache/commons/math/optimization/RealPointValuePair;#297#123 prob_bp = 0.50017898212927920000
org.apache.commons.math.optimization.direct.DirectSearchOptimizer:optimize:(Lorg/apache/commons/math/analysis/MultivariateRealFunction;Lorg/apache/commons/math/optimization/GoalType;[D)Lorg/apache/commons/math/optimization/RealPointValuePair;#287#46 prob_bp = 0.50022410024406470000
org.apache.commons.math.optimization.direct.DirectSearchOptimizer:optimize:(Lorg/apache/commons/math/analysis/MultivariateRealFunction;Lorg/apache/commons/math/optimization/GoalType;[D)Lorg/apache/commons/math/optimization/RealPointValuePair;#287#47 prob_bp = 0.50022410024409420000
org.apache.commons.math.optimization.direct.DirectSearchOptimizer:optimize:(Lorg/apache/commons/math/analysis/MultivariateRealFunction;Lorg/apache/commons/math/optimization/GoalType;[D)Lorg/apache/commons/math/optimization/RealPointValuePair;#287#48 prob_bp = 0.50022862733965620000
org.apache.commons.math.optimization.direct.DirectSearchOptimizer:evaluate:([D)D#345#1 prob_bp = 0.50023746967240280000
org.apache.commons.math.optimization.direct.DirectSearchOptimizer:evaluate:([D)D#345#2 prob_bp = 0.50024735612869820000
org.apache.commons.math.optimization.direct.DirectSearchOptimizer:optimize:(Lorg/apache/commons/math/analysis/MultivariateRealFunction;Lorg/apache/commons/math/optimization/GoalType;[D)Lorg/apache/commons/math/optimization/RealPointValuePair;#288#52 prob_bp = 0.50032286430826960000
org.apache.commons.math.optimization.direct.DirectSearchOptimizer:buildSimplex:([D)V#360#0 prob_bp = 0.50034152993467150000
org.apache.commons.math.optimization.direct.DirectSearchOptimizer:buildSimplex:([D)V#360#1 prob_bp = 0.50036804532933120000
org.apache.commons.math.MathException:buildMessage:(Ljava/util/Locale;Ljava/lang/String;[Ljava/lang/Object;)Ljava/lang/String;#85#0 prob_bp = 0.50039840861803300000
org.apache.commons.math.optimization.direct.DirectSearchOptimizer:buildSimplex:([D)V#360#2 prob_bp = 0.50042161239127690000
org.apache.commons.math.optimization.direct.DirectSearchOptimizer:optimize:(Lorg/apache/commons/math/analysis/MultivariateRealFunction;Lorg/apache/commons/math/optimization/GoalType;[D)Lorg/apache/commons/math/optimization/RealPointValuePair;#288#51 prob_bp = 0.50043355894529000000
org.apache.commons.math.optimization.direct.DirectSearchOptimizer:buildSimplex:([D)V#361#4 prob_bp = 0.50045855698972350000
org.apache.commons.math.optimization.direct.DirectSearchOptimizer:buildSimplex:([D)V#361#5 prob_bp = 0.50049414718206640000
org.apache.commons.math.optimization.direct.DirectSearchOptimizer:evaluate:([D)D#345#5 prob_bp = 0.50052731558557110000
org.apache.commons.math.optimization.direct.DirectSearchOptimizer:buildSimplex:([D)V#361#3 prob_bp = 0.50052970986724300000
org.apache.commons.math.optimization.direct.DirectSearchOptimizer:evaluate:([D)D#345#6 prob_bp = 0.50054084954793840000
org.apache.commons.math.optimization.direct.DirectSearchOptimizer:buildSimplex:([D)V#361#8 prob_bp = 0.50057827335752690000
org.apache.commons.math.optimization.direct.DirectSearchOptimizer:buildSimplex:([D)V#361#9 prob_bp = 0.50074818128419620000
org.apache.commons.math.optimization.direct.DirectSearchOptimizer:optimize:(Lorg/apache/commons/math/analysis/MultivariateRealFunction;Lorg/apache/commons/math/optimization/GoalType;[D)Lorg/apache/commons/math/optimization/RealPointValuePair;#288#53 prob_bp = 0.50077113458648550000
org.apache.commons.math.MathException:buildMessage:(Ljava/util/Locale;Ljava/lang/String;[Ljava/lang/Object;)Ljava/lang/String;#85#1 prob_bp = 0.50079467407804490000
org.apache.commons.math.optimization.direct.DirectSearchOptimizer:optimize:(Lorg/apache/commons/math/analysis/MultivariateRealFunction;Lorg/apache/commons/math/optimization/GoalType;[D)Lorg/apache/commons/math/optimization/RealPointValuePair;#296#92#unexe#6 prob_bp = 0.50093012618141690000
org.apache.commons.math.optimization.direct.DirectSearchOptimizer:evaluate:([D)D#345#7 prob_bp = 0.50098340430038650000
org.apache.commons.math.optimization.direct.DirectSearchOptimizer:evaluateSimplex:(Ljava/util/Comparator;)V#395#28 prob_bp = 0.50106836115727720000
org.apache.commons.math.optimization.direct.DirectSearchOptimizer:evaluate:([D)D#345#0 prob_bp = 0.50137254436111110000
org.apache.commons.math.optimization.direct.DirectSearchOptimizer:optimize:(Lorg/apache/commons/math/analysis/MultivariateRealFunction;Lorg/apache/commons/math/optimization/GoalType;[D)Lorg/apache/commons/math/optimization/RealPointValuePair;#299#131 prob_bp = 0.50143159342078760000
org.apache.commons.math.optimization.direct.DirectSearchOptimizer:evaluate:([D)D#345#11 prob_bp = 0.50196175963628800000
org.apache.commons.math.optimization.direct.DirectSearchOptimizer:evaluate:([D)D#345#12 prob_bp = 0.50200449736764070000
org.apache.commons.math.optimization.direct.DirectSearchOptimizer:evaluate:([D)D#345#15 prob_bp = 0.50223442156022560000
org.apache.commons.math.optimization.direct.DirectSearchOptimizer:evaluate:([D)D#345#8 prob_bp = 0.50245281112964110000
org.apache.commons.math.optimization.direct.DirectSearchOptimizer:evaluateSimplex:(Ljava/util/Comparator;)V#395#31 prob_bp = 0.50371235642533960000
org.apache.commons.math.optimization.direct.DirectSearchOptimizer:optimize:(Lorg/apache/commons/math/analysis/MultivariateRealFunction;Lorg/apache/commons/math/optimization/GoalType;[D)Lorg/apache/commons/math/optimization/RealPointValuePair;#299#133 prob_bp = 0.50519379716739570000
org.apache.commons.math.MathException:getMessage:(Ljava/util/Locale;)Ljava/lang/String;#166#5 prob_bp = 0.50947024735090200000
org.apache.commons.math.MathException:getMessage:(Ljava/util/Locale;)Ljava/lang/String;#166#6 prob_bp = 0.50966006111079460000
org.apache.commons.math.optimization.RealPointValuePair:getPointRef:()[D#79#4 prob_bp = 0.50971569072848810000
org.apache.commons.math.MathException:getMessage:(Ljava/util/Locale;)Ljava/lang/String;#166#9 prob_bp = 0.51852718603102480000
org.apache.commons.math.MathException:buildMessage:(Ljava/util/Locale;Ljava/lang/String;[Ljava/lang/Object;)Ljava/lang/String;#85#22 prob_bp = 0.53644777157917220000
org.apache.commons.math.optimization.direct.DirectSearchOptimizer:evaluateSimplex:(Ljava/util/Comparator;)V#394#22 prob_bp = 0.54494412660517990000
org.apache.commons.math.MathException:buildMessage:(Ljava/util/Locale;Ljava/lang/String;[Ljava/lang/Object;)Ljava/lang/String;#85#9 prob_bp = 0.57468350826778620000
org.apache.commons.math.MathException:buildMessage:(Ljava/util/Locale;Ljava/lang/String;[Ljava/lang/Object;)Ljava/lang/String;#85#23 prob_bp = 0.57706782461437770000
org.apache.commons.math.optimization.direct.DirectSearchOptimizer:evaluateSimplex:(Ljava/util/Comparator;)V#396#46 prob_bp = 0.66161808435172480000
org.apache.commons.math.MathException:buildMessage:(Ljava/util/Locale;Ljava/lang/String;[Ljava/lang/Object;)Ljava/lang/String;#85#26 prob_bp = 0.79566096248709380000
org.apache.commons.math.optimization.direct.DirectSearchOptimizer:<init>:()V#116#0 prob_bp = 0.80724023484338140000
org.apache.commons.math.optimization.direct.DirectSearchOptimizer:<init>:()V#116#1 prob_bp = 0.83111444342611800000
org.apache.commons.math.optimization.direct.DirectSearchOptimizer:evaluate:([D)D#349#42 prob_bp = 0.93255568706829730000
org.apache.commons.math.MathException:getMessage:(Ljava/util/Locale;)Ljava/lang/String;#166#12 prob_bp = 0.96696044580201610000
org.apache.commons.math.optimization.direct.DirectSearchOptimizer:optimize:(Lorg/apache/commons/math/analysis/MultivariateRealFunction;Lorg/apache/commons/math/optimization/GoalType;[D)Lorg/apache/commons/math/optimization/RealPointValuePair;#274#33 prob_bp = 0.98843394419354610000
org.apache.commons.math.optimization.direct.DirectSearchOptimizer:optimize:(Lorg/apache/commons/math/analysis/MultivariateRealFunction;Lorg/apache/commons/math/optimization/GoalType;[D)Lorg/apache/commons/math/optimization/RealPointValuePair;#274#35 prob_bp = 0.98843517500793550000
org.apache.commons.math.optimization.direct.DirectSearchOptimizer:optimize:(Lorg/apache/commons/math/analysis/MultivariateRealFunction;Lorg/apache/commons/math/optimization/GoalType;[D)Lorg/apache/commons/math/optimization/RealPointValuePair;#274#34 prob_bp = 0.98843517531687430000
org.apache.commons.math.optimization.direct.DirectSearchOptimizer:optimize:(Lorg/apache/commons/math/analysis/MultivariateRealFunction;Lorg/apache/commons/math/optimization/GoalType;[D)Lorg/apache/commons/math/optimization/RealPointValuePair;#274#36 prob_bp = 0.99090862557887560000
org.apache.commons.math.optimization.direct.DirectSearchOptimizer:optimize:(Lorg/apache/commons/math/analysis/MultivariateRealFunction;Lorg/apache/commons/math/optimization/GoalType;[D)Lorg/apache/commons/math/optimization/RealPointValuePair;#289#56 prob_bp = 0.99663632437022600000
org.apache.commons.math.optimization.direct.DirectSearchOptimizer:evaluate:([D)D#349#39 prob_bp = 0.99725530610075770000
org.apache.commons.math.optimization.direct.DirectSearchOptimizer:optimize:(Lorg/apache/commons/math/analysis/MultivariateRealFunction;Lorg/apache/commons/math/optimization/GoalType;[D)Lorg/apache/commons/math/optimization/RealPointValuePair;#289#59 prob_bp = 0.99765157041528630000
org.apache.commons.math.optimization.direct.DirectSearchOptimizer:evaluateSimplex:(Ljava/util/Comparator;)V#396#45 prob_bp = 0.99858758410883110000
org.apache.commons.math.optimization.direct.DirectSearchOptimizer:getEvaluations:()I#245#1 prob_bp = 0.99960634596059080000
org.apache.commons.math.optimization.direct.DirectSearchOptimizer:evaluateSimplex:(Ljava/util/Comparator;)V#396#48 prob_bp = 0.99977905735169540000
org.apache.commons.math.optimization.direct.DirectSearchOptimizer:evaluate:([D)D#349#38 prob_bp = 0.99982088577073160000
org.apache.commons.math.optimization.direct.DirectSearchOptimizer:getEvaluations:()I#245#4 prob_bp = 0.99989999777625300000
org.apache.commons.math.optimization.direct.DirectSearchOptimizer:getEvaluations:()I#245#0 prob_bp = 0.99990000984431770000
org.apache.commons.math.optimization.direct.DirectSearchOptimizer:optimize:(Lorg/apache/commons/math/analysis/MultivariateRealFunction;Lorg/apache/commons/math/optimization/GoalType;[D)Lorg/apache/commons/math/optimization/RealPointValuePair;#274#39 prob_bp = 0.99999073744775540000
org.apache.commons.math.optimization.direct.DirectSearchOptimizer:optimize:(Lorg/apache/commons/math/analysis/MultivariateRealFunction;Lorg/apache/commons/math/optimization/GoalType;[D)Lorg/apache/commons/math/optimization/RealPointValuePair;#307#160 prob_bp = 0.99999880586105580000
org.apache.commons.math.optimization.direct.DirectSearchOptimizer:optimize:(Lorg/apache/commons/math/analysis/MultivariateRealFunction;Lorg/apache/commons/math/optimization/GoalType;[D)Lorg/apache/commons/math/optimization/RealPointValuePair;#307#159 prob_bp = 0.99999896854497780000
org.apache.commons.math.optimization.direct.DirectSearchOptimizer:optimize:(Lorg/apache/commons/math/analysis/MultivariateRealFunction;Lorg/apache/commons/math/optimization/GoalType;[D)Lorg/apache/commons/math/optimization/RealPointValuePair;#274#30 prob_bp = 0.99999947194991790000
org.apache.commons.math.optimization.GoalType:<clinit>:()V#33#23 prob_bp = 0.99999998818128650000
org.apache.commons.math.optimization.RealPointValuePair:getValue:()D#86#0 prob_bp = 0.99999999807111700000
org.apache.commons.math.optimization.direct.MultiDirectionalTest:testMinimizeMaximize:()V#91#48 prob_bp = 1.00000000000000000000
org.apache.commons.math.optimization.direct.MultiDirectionalTest:testMinimizeMaximize:()V#91#51 prob_bp = 1.00000000000000000000
org.apache.commons.math.optimization.direct.MultiDirectionalTest:testMinimizeMaximize:()V#91#52 prob_bp = 1.00000000000000000000
org.apache.commons.math.optimization.direct.MultiDirectionalTest:testMinimizeMaximize:()V#91#55 prob_bp = 1.00000000000000000000
org.apache.commons.math.optimization.direct.MultiDirectionalTest:testMinimizeMaximize:()V#92#59 prob_bp = 1.00000000000000000000
org.apache.commons.math.optimization.direct.MultiDirectionalTest:testMinimizeMaximize:()V#92#62 prob_bp = 1.00000000000000000000
org.apache.commons.math.optimization.direct.MultiDirectionalTest:testMinimizeMaximize:()V#92#63 prob_bp = 1.00000000000000000000
org.apache.commons.math.optimization.direct.MultiDirectionalTest:testMinimizeMaximize:()V#92#66 prob_bp = 1.00000000000000000000
org.apache.commons.math.optimization.direct.MultiDirectionalTest:testMinimizeMaximize:()V#92#69 prob_bp = 1.00000000000000000000
org.apache.commons.math.optimization.direct.MultiDirectionalTest:testMinimizeMaximize:()V#94#83 prob_bp = 1.00000000000000000000
org.apache.commons.math.optimization.direct.MultiDirectionalTest:testMinimizeMaximize:()V#94#85 prob_bp = 1.00000000000000000000
org.apache.commons.math.optimization.direct.MultiDirectionalTest:testMinimizeMaximize:()V#94#86 prob_bp = 1.00000000000000000000
org.apache.commons.math.optimization.direct.MultiDirectionalTest:testMinimizeMaximize:()V#94#94 prob_bp = 1.00000000000000000000
org.apache.commons.math.optimization.direct.MultiDirectionalTest:testMinimizeMaximize:()V#94#95 prob_bp = 1.00000000000000000000
org.apache.commons.math.optimization.direct.MultiDirectionalTest:testMinimizeMaximize:()V#94#96 prob_bp = 1.00000000000000000000
org.apache.commons.math.optimization.direct.MultiDirectionalTest:testMinimizeMaximize:()V#94#99 prob_bp = 1.00000000000000000000
org.apache.commons.math.optimization.direct.MultiDirectionalTest:testMinimizeMaximize:()V#94#100 prob_bp = 1.00000000000000000000
org.apache.commons.math.optimization.direct.MultiDirectionalTest:testMinimizeMaximize:()V#98#103 prob_bp = 1.00000000000000000000
org.apache.commons.math.optimization.direct.MultiDirectionalTest:testMinimizeMaximize:()V#98#107 prob_bp = 1.00000000000000000000
org.apache.commons.math.optimization.direct.MultiDirectionalTest:testMinimizeMaximize:()V#98#110 prob_bp = 1.00000000000000000000
org.apache.commons.math.optimization.direct.MultiDirectionalTest:testMinimizeMaximize:()V#98#111 prob_bp = 1.00000000000000000000
org.apache.commons.math.optimization.direct.MultiDirectionalTest:testMinimizeMaximize:()V#98#123 prob_bp = 1.00000000000000000000
org.apache.commons.math.optimization.RealPointValuePair:getValue:()D#86#1 prob_bp = 1.00000000000000000000
org.apache.commons.math.optimization.RealPointValuePair:getValue:()D#86#4 prob_bp = 1.00000000000000000000
org.apache.commons.math.optimization.direct.MultiDirectionalTest:testMinimizeMaximize:()V#103#192 prob_bp = 1.00000000000000000000
org.apache.commons.math.optimization.direct.MultiDirectionalTest:testMinimizeMaximize:()V#103#194 prob_bp = 1.00000000000000000000
org.apache.commons.math.optimization.direct.MultiDirectionalTest:testMinimizeMaximize:()V#103#197 prob_bp = 1.00000000000000000000
org.apache.commons.math.optimization.direct.MultiDirectionalTest:testMinimizeMaximize:()V#103#200 prob_bp = 1.00000000000000000000
org.apache.commons.math.optimization.direct.MultiDirectionalTest:testMinimizeMaximize:()V#103#207 prob_bp = 1.00000000000000000000
org.apache.commons.math.optimization.direct.MultiDirectionalTest:testMinimizeMaximize:()V#103#208 prob_bp = 1.00000000000000000000
org.apache.commons.math.optimization.direct.MultiDirectionalTest:testMath283:()V#197#0 prob_bp = 1.00000000000000000000
org.apache.commons.math.optimization.direct.MultiDirectionalTest:testMath283:()V#197#3 prob_bp = 1.00000000000000000000
org.apache.commons.math.optimization.direct.MultiDirectionalTest:testMath283:()V#197#4 prob_bp = 1.00000000000000000000
org.apache.commons.math.optimization.direct.MultiDirectionalTest:testMath283:()V#197#7 prob_bp = 1.00000000000000000000
org.apache.commons.math.optimization.direct.MultiDirectionalTest:testMath283:()V#201#21 prob_bp = 1.00000000000000000000
org.apache.commons.math.optimization.direct.MultiDirectionalTest:testMath283:()V#201#24 prob_bp = 1.00000000000000000000
org.apache.commons.math.optimization.direct.MultiDirectionalTest:testMath283:()V#201#26 prob_bp = 1.00000000000000000000
org.apache.commons.math.optimization.direct.MultiDirectionalTest:testMath283:()V#201#28 prob_bp = 1.00000000000000000000
org.apache.commons.math.optimization.direct.MultiDirectionalTest:testMath283:()V#201#31 prob_bp = 1.00000000000000000000
org.apache.commons.math.optimization.direct.MultiDirectionalTest:testMath283:()V#203#32 prob_bp = 1.00000000000000000000
org.apache.commons.math.optimization.direct.MultiDirectionalTest:testMath283:()V#203#34 prob_bp = 1.00000000000000000000
org.apache.commons.math.optimization.direct.MultiDirectionalTest:testMath283:()V#203#37 prob_bp = 1.00000000000000000000
org.apache.commons.math.optimization.direct.MultiDirectionalTest:testMath283:()V#203#38 prob_bp = 1.00000000000000000000
org.apache.commons.math.optimization.direct.MultiDirectionalTest:testMath283:()V#203#41 prob_bp = 1.00000000000000000000
Belief propagation time : 195.989000s
