Belief propagation time: 72

Probabilities: 
Vars:364861
Stmts:4142
org.apache.commons.lang3.time.FastDateParser:getParsePattern:()Ljava/util/regex/Pattern;#180#4 prob_bp = 0.49998620041716146000
org.apache.commons.lang3.time.FastDateParser$TextStrategy:setCalendar:(Lorg/apache/commons/lang3/time/FastDateParser;Ljava/util/Calendar;Ljava/lang/String;)V#687#31 prob_bp = 0.49999349751303310000
org.apache.commons.lang3.time.FastDateParser$TextStrategy:setCalendar:(Lorg/apache/commons/lang3/time/FastDateParser;Ljava/util/Calendar;Ljava/lang/String;)V#687#29 prob_bp = 0.49999846046288770000
org.apache.commons.lang3.time.FastDateParser$TextStrategy:setCalendar:(Lorg/apache/commons/lang3/time/FastDateParser;Ljava/util/Calendar;Ljava/lang/String;)V#686#27 prob_bp = 0.49999969284228240000
org.apache.commons.lang3.time.FastDateParser:getParsePattern:()Ljava/util/regex/Pattern;#180#1 prob_bp = 0.49999984490131333000
org.apache.commons.lang3.time.FastDateParser:getParsePattern:()Ljava/util/regex/Pattern;#180#0 prob_bp = 0.49999988832134284000
org.apache.commons.lang3.time.FastDateParser:getDisplayNames:(I)[Lorg/apache/commons/lang3/time/FastDateParser$KeyValue;#381#20 prob_bp = 0.49999997243933460000
org.apache.commons.lang3.time.FastDateParser:getDisplayNames:(I)[Lorg/apache/commons/lang3/time/FastDateParser$KeyValue;#381#19 prob_bp = 0.49999999325543815000
org.apache.commons.lang3.time.FastDateParser:init:()V#149#228 prob_bp = 0.49999999652257410000
org.apache.commons.lang3.time.FastDateParser:init:()V#149#220 prob_bp = 0.49999999698973097000
org.apache.commons.lang3.time.FastDateParser:<init>:(Ljava/lang/String;Ljava/util/TimeZone;Ljava/util/Locale;)V#108#20 prob_bp = 0.49999999710561127000
org.apache.commons.lang3.time.FastDateParser:<init>:(Ljava/lang/String;Ljava/util/TimeZone;Ljava/util/Locale;)V#108#19 prob_bp = 0.49999999716288296000
org.apache.commons.lang3.time.FastDateParser:getDisplayNames:(I)[Lorg/apache/commons/lang3/time/FastDateParser$KeyValue;#380#18 prob_bp = 0.49999999840670895000
org.apache.commons.lang3.time.FastDateParser$TextStrategy:setCalendar:(Lorg/apache/commons/lang3/time/FastDateParser;Ljava/util/Calendar;Ljava/lang/String;)V#686#24 prob_bp = 0.49999999886095510000
org.apache.commons.lang3.time.FastDateParser$TextStrategy:setCalendar:(Lorg/apache/commons/lang3/time/FastDateParser;Ljava/util/Calendar;Ljava/lang/String;)V#686#12 prob_bp = 0.49999999890505026000
org.apache.commons.lang3.time.FastDateParser:access$100:()Ljava/util/Comparator;#68#3 prob_bp = 0.49999999912207377000
org.apache.commons.lang3.time.FastDateParser:access$100:()Ljava/util/Comparator;#68#0 prob_bp = 0.49999999918691380000
org.apache.commons.lang3.time.FastDateParser:<clinit>:()V#366#34 prob_bp = 0.49999999920301460000
org.apache.commons.lang3.time.FastDateParser:init:()V#149#225 prob_bp = 0.49999999929995490000
org.apache.commons.lang3.time.FastDateParser:getDisplayNames:(I)[Lorg/apache/commons/lang3/time/FastDateParser$KeyValue;#380#15 prob_bp = 0.49999999968277514000
org.apache.commons.lang3.time.FastDateParser$TextStrategy:setCalendar:(Lorg/apache/commons/lang3/time/FastDateParser;Ljava/util/Calendar;Ljava/lang/String;)V#686#10 prob_bp = 0.49999999971721010000
org.apache.commons.lang3.time.FastDateParser$TextStrategy:setCalendar:(Lorg/apache/commons/lang3/time/FastDateParser;Ljava/util/Calendar;Ljava/lang/String;)V#685#8 prob_bp = 0.49999999992983100000
org.apache.commons.lang3.time.FastDateParser:getDisplayNames:(I)[Lorg/apache/commons/lang3/time/FastDateParser$KeyValue;#411#241 prob_bp = 0.49999999998262820000
org.apache.commons.lang3.time.FastDateParser:init:()V#149#222 prob_bp = 0.49999999998734995000
org.apache.commons.lang3.time.FastDateParser:init:()V#149#221 prob_bp = 0.49999999998905090000
org.apache.commons.lang3.time.FastDateParser:init:()V#120#37 prob_bp = 0.49999999998947287000
org.apache.commons.lang3.time.FastDateParser:init:()V#120#30 prob_bp = 0.49999999998968114000
org.apache.commons.lang3.time.FastDateParser:getDisplayNames:(I)[Lorg/apache/commons/lang3/time/FastDateParser$KeyValue;#411#240 prob_bp = 0.49999999999573835000
org.apache.commons.lang3.time.FastDateParser:getDisplayNames:(I)[Lorg/apache/commons/lang3/time/FastDateParser$KeyValue;#380#10 prob_bp = 0.49999999999861960000
org.apache.commons.lang3.time.FastDateParser:parse:(Ljava/lang/String;Ljava/text/ParsePosition;)Ljava/util/Date;#285#48 prob_bp = 0.49999999999957967000
org.apache.commons.lang3.time.FastDateParser:parse:(Ljava/lang/String;Ljava/text/ParsePosition;)Ljava/util/Date;#285#47 prob_bp = 0.49999999999959700000
org.apache.commons.lang3.time.FastDateParser:getDisplayNames:(I)[Lorg/apache/commons/lang3/time/FastDateParser$KeyValue;#380#9 prob_bp = 0.49999999999965810000
org.apache.commons.lang3.time.FastDateParser:getDisplayNames:(I)[Lorg/apache/commons/lang3/time/FastDateParser$KeyValue;#380#6 prob_bp = 0.49999999999965833000
org.apache.commons.lang3.time.FastDateParser$TextStrategy:setCalendar:(Lorg/apache/commons/lang3/time/FastDateParser;Ljava/util/Calendar;Ljava/lang/String;)V#696#140 prob_bp = 0.49999999999987890000
org.apache.commons.lang3.time.FastDateFormat:parse:(Ljava/lang/String;)Ljava/util/Date;#472#5 prob_bp = 0.49999999999988620000
org.apache.commons.lang3.time.FastDateParser:parse:(Ljava/lang/String;Ljava/text/ParsePosition;)Ljava/util/Date;#285#53 prob_bp = 0.49999999999989847000
org.apache.commons.lang3.time.FastDateParser:getDisplayNames:(I)[Lorg/apache/commons/lang3/time/FastDateParser$KeyValue;#379#4 prob_bp = 0.49999999999991550000
org.apache.commons.lang3.time.FastDateParser:getDisplayNames:(I)[Lorg/apache/commons/lang3/time/FastDateParser$KeyValue;#380#5 prob_bp = 0.49999999999991580000
org.apache.commons.lang3.time.FastDateFormat:parse:(Ljava/lang/String;)Ljava/util/Date;#472#1 prob_bp = 0.49999999999996680000
org.apache.commons.lang3.time.FastDateParser$TextStrategy:setCalendar:(Lorg/apache/commons/lang3/time/FastDateParser;Ljava/util/Calendar;Ljava/lang/String;)V#696#129 prob_bp = 0.49999999999997040000
org.apache.commons.lang3.time.FastDateParser$TextStrategy:setCalendar:(Lorg/apache/commons/lang3/time/FastDateParser;Ljava/util/Calendar;Ljava/lang/String;)V#696#127 prob_bp = 0.49999999999997047000
org.apache.commons.lang3.time.FastDateParser:parse:(Ljava/lang/String;Ljava/text/ParsePosition;)Ljava/util/Date;#285#52 prob_bp = 0.49999999999997550000
org.apache.commons.lang3.time.FastDateParser$TextStrategy:setCalendar:(Lorg/apache/commons/lang3/time/FastDateParser;Ljava/util/Calendar;Ljava/lang/String;)V#696#137 prob_bp = 0.49999999999997590000
org.apache.commons.lang3.time.FastDateParser$TextStrategy:setCalendar:(Lorg/apache/commons/lang3/time/FastDateParser;Ljava/util/Calendar;Ljava/lang/String;)V#685#5 prob_bp = 0.49999999999997746000
org.apache.commons.lang3.time.FastDateParser:getDisplayNames:(I)[Lorg/apache/commons/lang3/time/FastDateParser$KeyValue;#379#1 prob_bp = 0.49999999999997885000
org.apache.commons.lang3.time.FastDateParser:escapeRegex:(Ljava/lang/StringBuilder;Ljava/lang/String;Z)Ljava/lang/StringBuilder;#308#31 prob_bp = 0.49999999999998790000
org.apache.commons.lang3.time.FastDateFormat:parse:(Ljava/lang/String;)Ljava/util/Date;#472#0 prob_bp = 0.49999999999998823000
org.apache.commons.lang3.time.FastDateParser$TextStrategy:setCalendar:(Lorg/apache/commons/lang3/time/FastDateParser;Ljava/util/Calendar;Ljava/lang/String;)V#696#128 prob_bp = 0.49999999999999260000
org.apache.commons.lang3.time.FastDateParser:getDisplayNames:(I)[Lorg/apache/commons/lang3/time/FastDateParser$KeyValue;#379#0 prob_bp = 0.49999999999999467000
org.apache.commons.lang3.time.FastDateParser$TextStrategy:setCalendar:(Lorg/apache/commons/lang3/time/FastDateParser;Ljava/util/Calendar;Ljava/lang/String;)V#685#0 prob_bp = 0.49999999999999470000
org.apache.commons.lang3.time.FastDateParser:escapeRegex:(Ljava/lang/StringBuilder;Ljava/lang/String;Z)Ljava/lang/StringBuilder;#342#230 prob_bp = 0.49999999999999667000
org.apache.commons.lang3.time.FastDateParser:escapeRegex:(Ljava/lang/StringBuilder;Ljava/lang/String;Z)Ljava/lang/StringBuilder;#308#30 prob_bp = 0.49999999999999710000
org.apache.commons.lang3.time.FastDateParser:escapeRegex:(Ljava/lang/StringBuilder;Ljava/lang/String;Z)Ljava/lang/StringBuilder;#310#36 prob_bp = 0.49999999999999784000
org.apache.commons.lang3.time.FastDateParser$TextStrategy:addRegex:(Lorg/apache/commons/lang3/time/FastDateParser;Ljava/lang/StringBuilder;)Z#674#46 prob_bp = 0.49999999999999880000
org.apache.commons.lang3.time.FastDateParser$CopyQuotedStrategy:<init>:(Ljava/lang/String;)V#613#6 prob_bp = 0.49999999999999956000
org.apache.commons.lang3.time.FastDateParser:init:()V#148#209 prob_bp = 0.49999999999999956000
org.apache.commons.lang3.time.FastDateParser:init:()V#138#145 prob_bp = 0.49999999999999960000
org.apache.commons.lang3.time.FastDateParser:isNextNumber:()Z#494#7 prob_bp = 0.49999999999999970000
org.apache.commons.lang3.time.FastDateParser$CopyQuotedStrategy:isNumber:()Z#622#12#unexe#1 prob_bp = 0.49999999999999970000
org.apache.commons.lang3.time.FastDateParser$CopyQuotedStrategy:isNumber:()Z#625#24 prob_bp = 0.49999999999999970000
org.apache.commons.lang3.time.FastDateParser:init:()V#145#187 prob_bp = 0.49999999999999970000
org.apache.commons.lang3.time.FastDateParser:init:()V#139#149 prob_bp = 0.49999999999999980000
org.apache.commons.lang3.time.FastDateParser$TextStrategy:addRegex:(Lorg/apache/commons/lang3/time/FastDateParser;Ljava/lang/StringBuilder;)Z#672#3 prob_bp = 0.49999999999999980000
org.apache.commons.lang3.time.FastDateParser$TextStrategy:addRegex:(Lorg/apache/commons/lang3/time/FastDateParser;Ljava/lang/StringBuilder;)Z#673#34 prob_bp = 0.49999999999999980000
org.apache.commons.lang3.time.FastDateParser$TextStrategy:addRegex:(Lorg/apache/commons/lang3/time/FastDateParser;Ljava/lang/StringBuilder;)Z#676#67 prob_bp = 0.49999999999999980000
org.apache.commons.lang3.time.FastDateParser:isNextNumber:()Z#494#1 prob_bp = 0.49999999999999983000
org.apache.commons.lang3.time.FastDateParser$CopyQuotedStrategy:isNumber:()Z#621#0 prob_bp = 0.49999999999999983000
org.apache.commons.lang3.time.FastDateParser$CopyQuotedStrategy:isNumber:()Z#625#28 prob_bp = 0.49999999999999983000
org.apache.commons.lang3.time.FastDateParser:access$000:(Ljava/lang/StringBuilder;Ljava/lang/String;Z)Ljava/lang/StringBuilder;#68#0 prob_bp = 0.49999999999999983000
org.apache.commons.lang3.time.FastDateParser$TextStrategy:addRegex:(Lorg/apache/commons/lang3/time/FastDateParser;Ljava/lang/StringBuilder;)Z#672#0 prob_bp = 0.49999999999999983000
org.apache.commons.lang3.time.FastDateParser:count:([Ljava/lang/String;)I#447#3 prob_bp = 0.49999999999999983000
org.apache.commons.lang3.time.FastDateParser:count:([Ljava/lang/String;)I#448#17 prob_bp = 0.49999999999999983000
org.apache.commons.lang3.time.FastDateParser:copy:([Lorg/apache/commons/lang3/time/FastDateParser$KeyValue;I[Ljava/lang/String;)I#465#1 prob_bp = 0.49999999999999983000
org.apache.commons.lang3.time.FastDateParser:copy:([Lorg/apache/commons/lang3/time/FastDateParser$KeyValue;I[Ljava/lang/String;)I#466#9 prob_bp = 0.49999999999999983000
org.apache.commons.lang3.time.FastDateParser:getStrategy:(Ljava/lang/String;)Lorg/apache/commons/lang3/time/FastDateParser$Strategy;#565#423 prob_bp = 0.49999999999999990000
org.apache.commons.lang3.time.FastDateParser$NumberStrategy:addRegex:(Lorg/apache/commons/lang3/time/FastDateParser;Ljava/lang/StringBuilder;)Z#727#1 prob_bp = 0.49999999999999990000
org.apache.commons.lang3.time.FastDateParser:createKeyValues:([Ljava/lang/String;[Ljava/lang/String;)[Lorg/apache/commons/lang3/time/FastDateParser$KeyValue;#434#0 prob_bp = 0.49999999999999990000
org.apache.commons.lang3.time.FastDateParser:count:([Ljava/lang/String;)I#448#16 prob_bp = 0.49999999999999990000
org.apache.commons.lang3.time.FastDateParser:createKeyValues:([Ljava/lang/String;[Ljava/lang/String;)[Lorg/apache/commons/lang3/time/FastDateParser$KeyValue;#435#16 prob_bp = 0.49999999999999990000
org.apache.commons.lang3.time.FastDateParser:copy:([Lorg/apache/commons/lang3/time/FastDateParser$KeyValue;I[Ljava/lang/String;)I#468#19 prob_bp = 0.49999999999999990000
org.apache.commons.lang3.time.FastDateParser$TextStrategy:addRegex:(Lorg/apache/commons/lang3/time/FastDateParser;Ljava/lang/StringBuilder;)Z#676#65 prob_bp = 0.49999999999999990000
org.apache.commons.lang3.time.FastDateParser:init:()V#118#27 prob_bp = 0.49999999999999994000
org.apache.commons.lang3.time.FastDateParser:init:()V#124#61 prob_bp = 0.49999999999999994000
org.apache.commons.lang3.time.FastDateParser:init:()V#129#87 prob_bp = 0.49999999999999994000
org.apache.commons.lang3.time.FastDateParser:getStrategy:(Ljava/lang/String;)Lorg/apache/commons/lang3/time/FastDateParser$Strategy;#565#414 prob_bp = 0.49999999999999994000
org.apache.commons.lang3.time.FastDateParser:getStrategy:(Ljava/lang/String;)Lorg/apache/commons/lang3/time/FastDateParser$Strategy;#551#379 prob_bp = 0.49999999999999994000
org.apache.commons.lang3.time.FastDateParser:getStrategy:(Ljava/lang/String;)Lorg/apache/commons/lang3/time/FastDateParser$Strategy;#551#381 prob_bp = 0.49999999999999994000
org.apache.commons.lang3.time.FastDateParser:getStrategy:(Ljava/lang/String;)Lorg/apache/commons/lang3/time/FastDateParser$Strategy;#551#384 prob_bp = 0.49999999999999994000
org.apache.commons.lang3.time.FastDateParser:isNextNumber:()Z#494#0 prob_bp = 0.49999999999999994000
org.apache.commons.lang3.time.FastDateParser:isNextNumber:()Z#494#23 prob_bp = 0.49999999999999994000
org.apache.commons.lang3.time.FastDateParser$NumberStrategy:addRegex:(Lorg/apache/commons/lang3/time/FastDateParser;Ljava/lang/StringBuilder;)Z#731#29 prob_bp = 0.49999999999999994000
org.apache.commons.lang3.time.FastDateParser$CopyQuotedStrategy:addRegex:(Lorg/apache/commons/lang3/time/FastDateParser;Ljava/lang/StringBuilder;)Z#633#0 prob_bp = 0.49999999999999994000
org.apache.commons.lang3.time.FastDateParser:escapeRegex:(Ljava/lang/StringBuilder;Ljava/lang/String;Z)Ljava/lang/StringBuilder;#304#1 prob_bp = 0.49999999999999994000
org.apache.commons.lang3.time.FastDateParser:init:()V#144#174 prob_bp = 0.49999999999999994000
org.apache.commons.lang3.time.FastDateParser$TextStrategy:addRegex:(Lorg/apache/commons/lang3/time/FastDateParser;Ljava/lang/StringBuilder;)Z#673#12 prob_bp = 0.49999999999999994000
org.apache.commons.lang3.time.FastDateParser:getDisplayNames:(I)[Lorg/apache/commons/lang3/time/FastDateParser$KeyValue;#382#27 prob_bp = 0.49999999999999994000
org.apache.commons.lang3.time.FastDateParser:getDisplayNames:(I)[Lorg/apache/commons/lang3/time/FastDateParser$KeyValue;#382#30 prob_bp = 0.49999999999999994000
org.apache.commons.lang3.time.FastDateParser:count:([Ljava/lang/String;)I#448#8 prob_bp = 0.49999999999999994000
org.apache.commons.lang3.time.FastDateParser:count:([Ljava/lang/String;)I#448#23 prob_bp = 0.49999999999999994000
org.apache.commons.lang3.time.FastDateParser:count:([Ljava/lang/String;)I#449#26 prob_bp = 0.49999999999999994000
org.apache.commons.lang3.time.FastDateParser:count:([Ljava/lang/String;)I#449#31 prob_bp = 0.49999999999999994000
org.apache.commons.lang3.time.FastDateParser:count:([Ljava/lang/String;)I#454#43 prob_bp = 0.49999999999999994000
org.apache.commons.lang3.time.FastDateParser:count:([Ljava/lang/String;)I#454#44 prob_bp = 0.49999999999999994000
org.apache.commons.lang3.time.FastDateParser:createKeyValues:([Ljava/lang/String;[Ljava/lang/String;)[Lorg/apache/commons/lang3/time/FastDateParser$KeyValue;#434#4 prob_bp = 0.49999999999999994000
org.apache.commons.lang3.time.FastDateParser:createKeyValues:([Ljava/lang/String;[Ljava/lang/String;)[Lorg/apache/commons/lang3/time/FastDateParser$KeyValue;#434#8 prob_bp = 0.49999999999999994000
org.apache.commons.lang3.time.FastDateParser:createKeyValues:([Ljava/lang/String;[Ljava/lang/String;)[Lorg/apache/commons/lang3/time/FastDateParser$KeyValue;#434#12 prob_bp = 0.49999999999999994000
org.apache.commons.lang3.time.FastDateParser:copy:([Lorg/apache/commons/lang3/time/FastDateParser$KeyValue;I[Ljava/lang/String;)I#466#8 prob_bp = 0.49999999999999994000
org.apache.commons.lang3.time.FastDateParser:copy:([Lorg/apache/commons/lang3/time/FastDateParser$KeyValue;I[Ljava/lang/String;)I#467#14 prob_bp = 0.49999999999999994000
org.apache.commons.lang3.time.FastDateParser$KeyValue:<init>:(Ljava/lang/String;I)V#358#5 prob_bp = 0.49999999999999994000
org.apache.commons.lang3.time.FastDateParser:createKeyValues:([Ljava/lang/String;[Ljava/lang/String;)[Lorg/apache/commons/lang3/time/FastDateParser$KeyValue;#435#20 prob_bp = 0.49999999999999994000
org.apache.commons.lang3.time.FastDateParser:getDisplayNames:(I)[Lorg/apache/commons/lang3/time/FastDateParser$KeyValue;#407#232 prob_bp = 0.49999999999999994000
org.apache.commons.lang3.time.FastDateParser$TextStrategy:addRegex:(Lorg/apache/commons/lang3/time/FastDateParser;Ljava/lang/StringBuilder;)Z#673#16 prob_bp = 0.49999999999999994000
org.apache.commons.lang3.time.FastDateParser$TextStrategy:addRegex:(Lorg/apache/commons/lang3/time/FastDateParser;Ljava/lang/StringBuilder;)Z#674#37 prob_bp = 0.49999999999999994000
org.apache.commons.lang3.time.FastDateParser$TextStrategy:addRegex:(Lorg/apache/commons/lang3/time/FastDateParser;Ljava/lang/StringBuilder;)Z#676#63 prob_bp = 0.49999999999999994000
org.apache.commons.lang3.time.FastDateParser:init:()V#148#217 prob_bp = 0.49999999999999994000
org.apache.commons.lang3.time.FastDateParser$TextStrategy:setCalendar:(Lorg/apache/commons/lang3/time/FastDateParser;Ljava/util/Calendar;Ljava/lang/String;)V#696#134 prob_bp = 0.49999999999999994000
org.apache.commons.lang3.time.FormatCache:getInstance:(Ljava/lang/String;Ljava/util/TimeZone;Ljava/util/Locale;)Ljava/text/Format;#79#46 prob_bp = 0.49999999999999994000
org.apache.commons.lang3.time.FastDateParser:<clinit>:()V#843#76 prob_bp = 0.50000000000000000000
org.apache.commons.lang3.time.FastDateParser:<clinit>:()V#847#110 prob_bp = 0.50000000000000000000
org.apache.commons.lang3.time.FastDateParser:init:()V#124#57 prob_bp = 0.50000000000000000000
org.apache.commons.lang3.time.FastDateParser:init:()V#124#58 prob_bp = 0.50000000000000000000
org.apache.commons.lang3.time.FastDateParser:init:()V#128#75 prob_bp = 0.50000000000000000000
org.apache.commons.lang3.time.FastDateParser:init:()V#129#84 prob_bp = 0.50000000000000000000
org.apache.commons.lang3.time.FastDateParser:init:()V#129#90 prob_bp = 0.50000000000000000000
org.apache.commons.lang3.time.FastDateParser:getStrategy:(Ljava/lang/String;)Lorg/apache/commons/lang3/time/FastDateParser$Strategy;#551#376 prob_bp = 0.50000000000000000000
org.apache.commons.lang3.time.FastDateParser$CopyQuotedStrategy:<init>:(Ljava/lang/String;)V#613#5 prob_bp = 0.50000000000000000000
org.apache.commons.lang3.time.FastDateParser:isNextNumber:()Z#494#11 prob_bp = 0.50000000000000000000
org.apache.commons.lang3.time.FastDateParser$CopyQuotedStrategy:isNumber:()Z#621#5 prob_bp = 0.50000000000000000000
org.apache.commons.lang3.time.FastDateParser$CopyQuotedStrategy:isNumber:()Z#622#9 prob_bp = 0.50000000000000000000
org.apache.commons.lang3.time.FastDateParser$NumberStrategy:addRegex:(Lorg/apache/commons/lang3/time/FastDateParser;Ljava/lang/StringBuilder;)Z#733#37 prob_bp = 0.50000000000000000000
org.apache.commons.lang3.time.FastDateParser:getStrategy:(Ljava/lang/String;)Lorg/apache/commons/lang3/time/FastDateParser$Strategy;#555#389 prob_bp = 0.50000000000000000000
org.apache.commons.lang3.time.FastDateParser:getStrategy:(Ljava/lang/String;)Lorg/apache/commons/lang3/time/FastDateParser$Strategy;#555#392 prob_bp = 0.50000000000000000000
org.apache.commons.lang3.time.FastDateParser:init:()V#144#172 prob_bp = 0.50000000000000000000
org.apache.commons.lang3.time.FastDateParser:init:()V#144#176 prob_bp = 0.50000000000000000000
org.apache.commons.lang3.time.FastDateParser$TextStrategy:addRegex:(Lorg/apache/commons/lang3/time/FastDateParser;Ljava/lang/StringBuilder;)Z#672#1 prob_bp = 0.50000000000000000000
org.apache.commons.lang3.time.FastDateParser$TextStrategy:addRegex:(Lorg/apache/commons/lang3/time/FastDateParser;Ljava/lang/StringBuilder;)Z#673#8 prob_bp = 0.50000000000000000000
org.apache.commons.lang3.time.FastDateParser:getDisplayNames:(I)[Lorg/apache/commons/lang3/time/FastDateParser$KeyValue;#382#23 prob_bp = 0.50000000000000000000
org.apache.commons.lang3.time.FastDateParser:getDisplayNames:(I)[Lorg/apache/commons/lang3/time/FastDateParser$KeyValue;#382#24 prob_bp = 0.50000000000000000000
org.apache.commons.lang3.time.FastDateParser:getDisplayNames:(I)[Lorg/apache/commons/lang3/time/FastDateParser$KeyValue;#383#32 prob_bp = 0.50000000000000000000
org.apache.commons.lang3.time.FastDateParser:getDisplayNames:(I)[Lorg/apache/commons/lang3/time/FastDateParser$KeyValue;#383#33 prob_bp = 0.50000000000000000000
org.apache.commons.lang3.time.FastDateParser:getDisplayNames:(I)[Lorg/apache/commons/lang3/time/FastDateParser$KeyValue;#395#142 prob_bp = 0.50000000000000000000
org.apache.commons.lang3.time.FastDateParser:getDisplayNames:(I)[Lorg/apache/commons/lang3/time/FastDateParser$KeyValue;#395#144 prob_bp = 0.50000000000000000000
org.apache.commons.lang3.time.FastDateParser:getDisplayNames:(I)[Lorg/apache/commons/lang3/time/FastDateParser$KeyValue;#395#147 prob_bp = 0.50000000000000000000
org.apache.commons.lang3.time.FastDateParser:getDisplayNames:(I)[Lorg/apache/commons/lang3/time/FastDateParser$KeyValue;#395#149 prob_bp = 0.50000000000000000000
org.apache.commons.lang3.time.FastDateParser:getDisplayNames:(I)[Lorg/apache/commons/lang3/time/FastDateParser$KeyValue;#395#152 prob_bp = 0.50000000000000000000
org.apache.commons.lang3.time.FastDateParser:count:([Ljava/lang/String;)I#446#0 prob_bp = 0.50000000000000000000
org.apache.commons.lang3.time.FastDateParser:count:([Ljava/lang/String;)I#448#6 prob_bp = 0.50000000000000000000
org.apache.commons.lang3.time.FastDateParser:count:([Ljava/lang/String;)I#448#7 prob_bp = 0.50000000000000000000
org.apache.commons.lang3.time.FastDateParser:count:([Ljava/lang/String;)I#448#9 prob_bp = 0.50000000000000000000
org.apache.commons.lang3.time.FastDateParser:count:([Ljava/lang/String;)I#448#10 prob_bp = 0.50000000000000000000
org.apache.commons.lang3.time.FastDateParser:count:([Ljava/lang/String;)I#448#14 prob_bp = 0.50000000000000000000
org.apache.commons.lang3.time.FastDateParser:count:([Ljava/lang/String;)I#449#28 prob_bp = 0.50000000000000000000
org.apache.commons.lang3.time.FastDateParser:count:([Ljava/lang/String;)I#448#17#unexe#1 prob_bp = 0.50000000000000000000
org.apache.commons.lang3.time.FastDateParser:count:([Ljava/lang/String;)I#447#3#unexe#1 prob_bp = 0.50000000000000000000
org.apache.commons.lang3.time.FastDateParser:copy:([Lorg/apache/commons/lang3/time/FastDateParser$KeyValue;I[Ljava/lang/String;)I#466#5 prob_bp = 0.50000000000000000000
org.apache.commons.lang3.time.FastDateParser:copy:([Lorg/apache/commons/lang3/time/FastDateParser$KeyValue;I[Ljava/lang/String;)I#466#7 prob_bp = 0.50000000000000000000
org.apache.commons.lang3.time.FastDateParser:copy:([Lorg/apache/commons/lang3/time/FastDateParser$KeyValue;I[Ljava/lang/String;)I#467#12 prob_bp = 0.50000000000000000000
org.apache.commons.lang3.time.FastDateParser:copy:([Lorg/apache/commons/lang3/time/FastDateParser$KeyValue;I[Ljava/lang/String;)I#467#13 prob_bp = 0.50000000000000000000
org.apache.commons.lang3.time.FastDateParser:copy:([Lorg/apache/commons/lang3/time/FastDateParser$KeyValue;I[Ljava/lang/String;)I#466#41 prob_bp = 0.50000000000000000000
org.apache.commons.lang3.time.FastDateParser:copy:([Lorg/apache/commons/lang3/time/FastDateParser$KeyValue;I[Ljava/lang/String;)I#469#33 prob_bp = 0.50000000000000000000
org.apache.commons.lang3.time.FastDateParser:createKeyValues:([Ljava/lang/String;[Ljava/lang/String;)[Lorg/apache/commons/lang3/time/FastDateParser$KeyValue;#437#33 prob_bp = 0.50000000000000000000
org.apache.commons.lang3.time.FastDateParser:getDisplayNames:(I)[Lorg/apache/commons/lang3/time/FastDateParser$KeyValue;#395#155 prob_bp = 0.50000000000000000000
org.apache.commons.lang3.time.FastDateParser:getDisplayNames:(I)[Lorg/apache/commons/lang3/time/FastDateParser$KeyValue;#406#216 prob_bp = 0.50000000000000000000
org.apache.commons.lang3.time.FastDateParser:getDisplayNames:(I)[Lorg/apache/commons/lang3/time/FastDateParser$KeyValue;#406#220 prob_bp = 0.50000000000000000000
org.apache.commons.lang3.time.FastDateParser:getDisplayNames:(I)[Lorg/apache/commons/lang3/time/FastDateParser$KeyValue;#406#221 prob_bp = 0.50000000000000000000
org.apache.commons.lang3.time.FastDateParser:getDisplayNames:(I)[Lorg/apache/commons/lang3/time/FastDateParser$KeyValue;#406#222 prob_bp = 0.50000000000000000000
org.apache.commons.lang3.time.FastDateParser:getDisplayNames:(I)[Lorg/apache/commons/lang3/time/FastDateParser$KeyValue;#406#227 prob_bp = 0.50000000000000000000
org.apache.commons.lang3.time.FastDateParser:getDisplayNames:(I)[Lorg/apache/commons/lang3/time/FastDateParser$KeyValue;#407#234 prob_bp = 0.50000000000000000000
org.apache.commons.lang3.time.FastDateParser:getDisplayNames:(I)[Lorg/apache/commons/lang3/time/FastDateParser$KeyValue;#407#234#unexe#3 prob_bp = 0.50000000000000000000
org.apache.commons.lang3.time.FastDateParser$TextStrategy:addRegex:(Lorg/apache/commons/lang3/time/FastDateParser;Ljava/lang/StringBuilder;)Z#673#15 prob_bp = 0.50000000000000000000
org.apache.commons.lang3.time.FastDateParser$TextStrategy:addRegex:(Lorg/apache/commons/lang3/time/FastDateParser;Ljava/lang/StringBuilder;)Z#673#17 prob_bp = 0.50000000000000000000
org.apache.commons.lang3.time.FastDateParser$TextStrategy:addRegex:(Lorg/apache/commons/lang3/time/FastDateParser;Ljava/lang/StringBuilder;)Z#673#18 prob_bp = 0.50000000000000000000
org.apache.commons.lang3.time.FastDateParser$TextStrategy:addRegex:(Lorg/apache/commons/lang3/time/FastDateParser;Ljava/lang/StringBuilder;)Z#673#20 prob_bp = 0.50000000000000000000
org.apache.commons.lang3.time.FastDateParser$TextStrategy:addRegex:(Lorg/apache/commons/lang3/time/FastDateParser;Ljava/lang/StringBuilder;)Z#676#58 prob_bp = 0.50000000000000000000
org.apache.commons.lang3.time.FastDateParser$TextStrategy:addRegex:(Lorg/apache/commons/lang3/time/FastDateParser;Ljava/lang/StringBuilder;)Z#676#59 prob_bp = 0.50000000000000000000
org.apache.commons.lang3.time.FastDateParser$TextStrategy:addRegex:(Lorg/apache/commons/lang3/time/FastDateParser;Ljava/lang/StringBuilder;)Z#677#70 prob_bp = 0.50000000000000000000
org.apache.commons.lang3.time.FastDateParser$TextStrategy:addRegex:(Lorg/apache/commons/lang3/time/FastDateParser;Ljava/lang/StringBuilder;)Z#677#71 prob_bp = 0.50000000000000000000
org.apache.commons.lang3.time.FastDateParser:init:()V#145#185 prob_bp = 0.50000000000000000000
org.apache.commons.lang3.time.FastDateParser:init:()V#148#199 prob_bp = 0.50000000000000000000
org.apache.commons.lang3.time.FastDateParser:init:()V#148#206 prob_bp = 0.50000000000000000000
org.apache.commons.lang3.time.FastDateParser$TextStrategy:setCalendar:(Lorg/apache/commons/lang3/time/FastDateParser;Ljava/util/Calendar;Ljava/lang/String;)V#696#132 prob_bp = 0.50000000000000000000
org.apache.commons.lang3.time.FastDateParser$TextStrategy:setCalendar:(Lorg/apache/commons/lang3/time/FastDateParser;Ljava/util/Calendar;Ljava/lang/String;)V#696#136 prob_bp = 0.50000000000000000000
org.apache.commons.lang3.time.FastDateFormat:getInstance:(Ljava/lang/String;Ljava/util/TimeZone;Ljava/util/Locale;)Lorg/apache/commons/lang3/time/FastDateFormat;#165#5 prob_bp = 0.50000000000000000000
org.apache.commons.lang3.time.FastDateFormat:parse:(Ljava/lang/String;)Ljava/util/Date;#472#4 prob_bp = 0.50000000000000000000
org.apache.commons.lang3.time.FastDateFormat:parse:(Ljava/lang/String;)Ljava/util/Date;#472#8 prob_bp = 0.50000000000000000000
org.apache.commons.lang3.time.FastDateParser:init:()V#118#19 prob_bp = 0.50000000000000010000
org.apache.commons.lang3.time.FastDateParser:init:()V#118#20 prob_bp = 0.50000000000000010000
org.apache.commons.lang3.time.FastDateParser:init:()V#128#79 prob_bp = 0.50000000000000010000
org.apache.commons.lang3.time.FastDateParser:getStrategy:(Ljava/lang/String;)Lorg/apache/commons/lang3/time/FastDateParser$Strategy;#565#409 prob_bp = 0.50000000000000010000
org.apache.commons.lang3.time.FastDateParser:getStrategy:(Ljava/lang/String;)Lorg/apache/commons/lang3/time/FastDateParser$Strategy;#551#380 prob_bp = 0.50000000000000010000
org.apache.commons.lang3.time.FastDateParser$CopyQuotedStrategy:<init>:(Ljava/lang/String;)V#613#4 prob_bp = 0.50000000000000010000
org.apache.commons.lang3.time.FastDateParser:init:()V#137#133 prob_bp = 0.50000000000000010000
org.apache.commons.lang3.time.FastDateParser:isNextNumber:()Z#494#4 prob_bp = 0.50000000000000010000
org.apache.commons.lang3.time.FastDateParser:isNextNumber:()Z#494#8 prob_bp = 0.50000000000000010000
org.apache.commons.lang3.time.FastDateParser$CopyQuotedStrategy:isNumber:()Z#621#4 prob_bp = 0.50000000000000010000
org.apache.commons.lang3.time.FastDateParser$CopyQuotedStrategy:isNumber:()Z#625#25 prob_bp = 0.50000000000000010000
org.apache.commons.lang3.time.FastDateParser$NumberStrategy:addRegex:(Lorg/apache/commons/lang3/time/FastDateParser;Ljava/lang/StringBuilder;)Z#731#32 prob_bp = 0.50000000000000010000
org.apache.commons.lang3.time.FastDateParser:init:()V#144#175 prob_bp = 0.50000000000000010000
org.apache.commons.lang3.time.FastDateParser:createKeyValues:([Ljava/lang/String;[Ljava/lang/String;)[Lorg/apache/commons/lang3/time/FastDateParser$KeyValue;#434#1 prob_bp = 0.50000000000000010000
org.apache.commons.lang3.time.FastDateParser:count:([Ljava/lang/String;)I#447#2 prob_bp = 0.50000000000000010000
org.apache.commons.lang3.time.FastDateParser:count:([Ljava/lang/String;)I#448#11 prob_bp = 0.50000000000000010000
org.apache.commons.lang3.time.FastDateParser:count:([Ljava/lang/String;)I#448#12 prob_bp = 0.50000000000000010000
org.apache.commons.lang3.time.FastDateParser:count:([Ljava/lang/String;)I#448#21 prob_bp = 0.50000000000000010000
org.apache.commons.lang3.time.FastDateParser:count:([Ljava/lang/String;)I#448#24 prob_bp = 0.50000000000000010000
org.apache.commons.lang3.time.FastDateParser:count:([Ljava/lang/String;)I#450#34 prob_bp = 0.50000000000000010000
org.apache.commons.lang3.time.FastDateParser:createKeyValues:([Ljava/lang/String;[Ljava/lang/String;)[Lorg/apache/commons/lang3/time/FastDateParser$KeyValue;#434#5 prob_bp = 0.50000000000000010000
org.apache.commons.lang3.time.FastDateParser:createKeyValues:([Ljava/lang/String;[Ljava/lang/String;)[Lorg/apache/commons/lang3/time/FastDateParser$KeyValue;#434#9 prob_bp = 0.50000000000000010000
org.apache.commons.lang3.time.FastDateParser:copy:([Lorg/apache/commons/lang3/time/FastDateParser$KeyValue;I[Ljava/lang/String;)I#465#0 prob_bp = 0.50000000000000010000
org.apache.commons.lang3.time.FastDateParser:copy:([Lorg/apache/commons/lang3/time/FastDateParser$KeyValue;I[Ljava/lang/String;)I#468#17 prob_bp = 0.50000000000000010000
org.apache.commons.lang3.time.FastDateParser:copy:([Lorg/apache/commons/lang3/time/FastDateParser$KeyValue;I[Ljava/lang/String;)I#469#34 prob_bp = 0.50000000000000010000
org.apache.commons.lang3.time.FastDateParser$KeyValue:<init>:(Ljava/lang/String;I)V#358#4 prob_bp = 0.50000000000000010000
org.apache.commons.lang3.time.FastDateParser:createKeyValues:([Ljava/lang/String;[Ljava/lang/String;)[Lorg/apache/commons/lang3/time/FastDateParser$KeyValue;#435#21 prob_bp = 0.50000000000000010000
org.apache.commons.lang3.time.FastDateParser:createKeyValues:([Ljava/lang/String;[Ljava/lang/String;)[Lorg/apache/commons/lang3/time/FastDateParser$KeyValue;#437#32 prob_bp = 0.50000000000000010000
org.apache.commons.lang3.time.FastDateParser:getDisplayNames:(I)[Lorg/apache/commons/lang3/time/FastDateParser$KeyValue;#406#217 prob_bp = 0.50000000000000010000
org.apache.commons.lang3.time.FastDateParser:getDisplayNames:(I)[Lorg/apache/commons/lang3/time/FastDateParser$KeyValue;#406#230 prob_bp = 0.50000000000000010000
org.apache.commons.lang3.time.FastDateParser$TextStrategy:addRegex:(Lorg/apache/commons/lang3/time/FastDateParser;Ljava/lang/StringBuilder;)Z#673#25 prob_bp = 0.50000000000000010000
org.apache.commons.lang3.time.FastDateParser$TextStrategy:addRegex:(Lorg/apache/commons/lang3/time/FastDateParser;Ljava/lang/StringBuilder;)Z#673#33 prob_bp = 0.50000000000000010000
org.apache.commons.lang3.time.FastDateParser$TextStrategy:addRegex:(Lorg/apache/commons/lang3/time/FastDateParser;Ljava/lang/StringBuilder;)Z#676#64 prob_bp = 0.50000000000000010000
org.apache.commons.lang3.time.FastDateParser:init:()V#144#181 prob_bp = 0.50000000000000010000
org.apache.commons.lang3.time.FastDateParser:init:()V#148#198 prob_bp = 0.50000000000000010000
org.apache.commons.lang3.time.FastDateParser:init:()V#148#200 prob_bp = 0.50000000000000010000
org.apache.commons.lang3.time.FastDateParser:init:()V#148#214 prob_bp = 0.50000000000000010000
org.apache.commons.lang3.time.FastDateParser:parse:(Ljava/lang/String;Ljava/text/ParsePosition;)Ljava/util/Date;#283#42 prob_bp = 0.50000000000000010000
org.apache.commons.lang3.time.FastDateFormat:getInstance:(Ljava/lang/String;Ljava/util/TimeZone;Ljava/util/Locale;)Lorg/apache/commons/lang3/time/FastDateFormat;#165#4 prob_bp = 0.50000000000000010000
org.apache.commons.lang3.time.FormatCache:getInstance:(Ljava/lang/String;Ljava/util/TimeZone;Ljava/util/Locale;)Ljava/text/Format;#79#47 prob_bp = 0.50000000000000010000
org.apache.commons.lang3.time.FormatCache:getInstance:(Ljava/lang/String;Ljava/util/TimeZone;Ljava/util/Locale;)Ljava/text/Format;#79#48 prob_bp = 0.50000000000000010000
org.apache.commons.lang3.time.FastDateParser:init:()V#128#74 prob_bp = 0.50000000000000020000
org.apache.commons.lang3.time.FastDateParser:init:()V#128#76 prob_bp = 0.50000000000000020000
org.apache.commons.lang3.time.FastDateParser:getStrategy:(Ljava/lang/String;)Lorg/apache/commons/lang3/time/FastDateParser$Strategy;#565#413 prob_bp = 0.50000000000000020000
org.apache.commons.lang3.time.FastDateParser$NumberStrategy:addRegex:(Lorg/apache/commons/lang3/time/FastDateParser;Ljava/lang/StringBuilder;)Z#733#36 prob_bp = 0.50000000000000020000
org.apache.commons.lang3.time.FastDateParser:count:([Ljava/lang/String;)I#448#37 prob_bp = 0.50000000000000020000
org.apache.commons.lang3.time.FastDateParser:copy:([Lorg/apache/commons/lang3/time/FastDateParser$KeyValue;I[Ljava/lang/String;)I#466#4 prob_bp = 0.50000000000000020000
org.apache.commons.lang3.time.FastDateParser$TextStrategy:setCalendar:(Lorg/apache/commons/lang3/time/FastDateParser;Ljava/util/Calendar;Ljava/lang/String;)V#685#1 prob_bp = 0.50000000000000020000
org.apache.commons.lang3.time.FastDateParser$TextStrategy:setCalendar:(Lorg/apache/commons/lang3/time/FastDateParser;Ljava/util/Calendar;Ljava/lang/String;)V#685#2 prob_bp = 0.50000000000000020000
org.apache.commons.lang3.time.FastDateParser:init:()V#129#83 prob_bp = 0.50000000000000030000
org.apache.commons.lang3.time.FastDateParser:init:()V#131#92 prob_bp = 0.50000000000000030000
org.apache.commons.lang3.time.FastDateParser$CopyQuotedStrategy:isNumber:()Z#621#1 prob_bp = 0.50000000000000030000
org.apache.commons.lang3.time.FastDateParser:init:()V#139#148 prob_bp = 0.50000000000000030000
org.apache.commons.lang3.time.FastDateParser:escapeRegex:(Ljava/lang/StringBuilder;Ljava/lang/String;Z)Ljava/lang/StringBuilder;#304#0 prob_bp = 0.50000000000000030000
org.apache.commons.lang3.time.FastDateParser:count:([Ljava/lang/String;)I#448#20 prob_bp = 0.50000000000000030000
org.apache.commons.lang3.time.FastDateParser:count:([Ljava/lang/String;)I#449#31#unexe#1 prob_bp = 0.50000000000000030000
org.apache.commons.lang3.time.FastDateParser:copy:([Lorg/apache/commons/lang3/time/FastDateParser$KeyValue;I[Ljava/lang/String;)I#469#30 prob_bp = 0.50000000000000030000
org.apache.commons.lang3.time.FastDateParser$KeyValue:<init>:(Ljava/lang/String;I)V#358#6 prob_bp = 0.50000000000000030000
org.apache.commons.lang3.time.FastDateParser$TextStrategy:addRegex:(Lorg/apache/commons/lang3/time/FastDateParser;Ljava/lang/StringBuilder;)Z#673#23 prob_bp = 0.50000000000000030000
org.apache.commons.lang3.time.FastDateParser$TextStrategy:addRegex:(Lorg/apache/commons/lang3/time/FastDateParser;Ljava/lang/StringBuilder;)Z#673#30 prob_bp = 0.50000000000000030000
org.apache.commons.lang3.time.FastDateParser$TextStrategy:addRegex:(Lorg/apache/commons/lang3/time/FastDateParser;Ljava/lang/StringBuilder;)Z#673#31 prob_bp = 0.50000000000000030000
org.apache.commons.lang3.time.FastDateParser$TextStrategy:addRegex:(Lorg/apache/commons/lang3/time/FastDateParser;Ljava/lang/StringBuilder;)Z#674#36 prob_bp = 0.50000000000000030000
org.apache.commons.lang3.time.FastDateParser$TextStrategy:addRegex:(Lorg/apache/commons/lang3/time/FastDateParser;Ljava/lang/StringBuilder;)Z#674#39 prob_bp = 0.50000000000000030000
org.apache.commons.lang3.time.FastDateParser$TextStrategy:addRegex:(Lorg/apache/commons/lang3/time/FastDateParser;Ljava/lang/StringBuilder;)Z#674#43 prob_bp = 0.50000000000000030000
org.apache.commons.lang3.time.FastDateParser:init:()V#145#184 prob_bp = 0.50000000000000030000
org.apache.commons.lang3.time.FastDateParser:init:()V#148#201 prob_bp = 0.50000000000000030000
org.apache.commons.lang3.time.FastDateParser:parse:(Ljava/lang/String;Ljava/text/ParsePosition;)Ljava/util/Date;#287#74 prob_bp = 0.50000000000000030000
org.apache.commons.lang3.time.FormatCache:getInstance:(Ljava/lang/String;Ljava/util/TimeZone;Ljava/util/Locale;)Ljava/text/Format;#79#49 prob_bp = 0.50000000000000030000
org.apache.commons.lang3.time.FormatCache:getInstance:(Ljava/lang/String;Ljava/util/TimeZone;Ljava/util/Locale;)Ljava/text/Format;#83#91 prob_bp = 0.50000000000000030000
org.apache.commons.lang3.time.FastDateParser:getStrategy:(Ljava/lang/String;)Lorg/apache/commons/lang3/time/FastDateParser$Strategy;#565#426 prob_bp = 0.50000000000000040000
org.apache.commons.lang3.time.FastDateParser$CopyQuotedStrategy:isNumber:()Z#622#10 prob_bp = 0.50000000000000040000
org.apache.commons.lang3.time.FastDateParser:init:()V#132#109#unexe#4 prob_bp = 0.50000000000000040000
org.apache.commons.lang3.time.FastDateParser:createKeyValues:([Ljava/lang/String;[Ljava/lang/String;)[Lorg/apache/commons/lang3/time/FastDateParser$KeyValue;#435#17 prob_bp = 0.50000000000000040000
org.apache.commons.lang3.time.FastDateParser:copy:([Lorg/apache/commons/lang3/time/FastDateParser$KeyValue;I[Ljava/lang/String;)I#466#6 prob_bp = 0.50000000000000040000
org.apache.commons.lang3.time.FastDateParser:copy:([Lorg/apache/commons/lang3/time/FastDateParser$KeyValue;I[Ljava/lang/String;)I#467#15 prob_bp = 0.50000000000000040000
org.apache.commons.lang3.time.FastDateParser$TextStrategy:addRegex:(Lorg/apache/commons/lang3/time/FastDateParser;Ljava/lang/StringBuilder;)Z#673#21 prob_bp = 0.50000000000000040000
org.apache.commons.lang3.time.FormatCache:getInstance:(Ljava/lang/String;Ljava/util/TimeZone;Ljava/util/Locale;)Ljava/text/Format;#83#85 prob_bp = 0.50000000000000040000
org.apache.commons.lang3.time.FastDateParser:init:()V#131#97 prob_bp = 0.50000000000000060000
org.apache.commons.lang3.time.FastDateParser$CopyQuotedStrategy:isNumber:()Z#622#12 prob_bp = 0.50000000000000060000
org.apache.commons.lang3.time.FastDateParser:isNextNumber:()Z#494#16 prob_bp = 0.50000000000000060000
org.apache.commons.lang3.time.FastDateParser$NumberStrategy:addRegex:(Lorg/apache/commons/lang3/time/FastDateParser;Ljava/lang/StringBuilder;)Z#727#4 prob_bp = 0.50000000000000060000
org.apache.commons.lang3.time.FastDateParser$TextStrategy:addRegex:(Lorg/apache/commons/lang3/time/FastDateParser;Ljava/lang/StringBuilder;)Z#673#7 prob_bp = 0.50000000000000060000
org.apache.commons.lang3.time.FastDateParser$TextStrategy:addRegex:(Lorg/apache/commons/lang3/time/FastDateParser;Ljava/lang/StringBuilder;)Z#673#9 prob_bp = 0.50000000000000060000
org.apache.commons.lang3.time.FastDateParser:copy:([Lorg/apache/commons/lang3/time/FastDateParser$KeyValue;I[Ljava/lang/String;)I#468#22 prob_bp = 0.50000000000000060000
org.apache.commons.lang3.time.FastDateParser$TextStrategy:addRegex:(Lorg/apache/commons/lang3/time/FastDateParser;Ljava/lang/StringBuilder;)Z#674#48 prob_bp = 0.50000000000000060000
org.apache.commons.lang3.time.FastDateParser$TextStrategy:addRegex:(Lorg/apache/commons/lang3/time/FastDateParser;Ljava/lang/StringBuilder;)Z#673#52 prob_bp = 0.50000000000000060000
org.apache.commons.lang3.time.FastDateParser:parse:(Ljava/lang/String;Ljava/text/ParsePosition;)Ljava/util/Date;#283#44 prob_bp = 0.50000000000000060000
org.apache.commons.lang3.time.FormatCache:getInstance:(Ljava/lang/String;Ljava/util/TimeZone;Ljava/util/Locale;)Ljava/text/Format;#83#86 prob_bp = 0.50000000000000060000
org.apache.commons.lang3.time.FastDateParser:init:()V#138#138 prob_bp = 0.50000000000000070000
org.apache.commons.lang3.time.FastDateParser:init:()V#142#163 prob_bp = 0.50000000000000070000
org.apache.commons.lang3.time.FastDateParser:copy:([Lorg/apache/commons/lang3/time/FastDateParser$KeyValue;I[Ljava/lang/String;)I#469#37 prob_bp = 0.50000000000000070000
org.apache.commons.lang3.time.FastDateParser$TextStrategy:addRegex:(Lorg/apache/commons/lang3/time/FastDateParser;Ljava/lang/StringBuilder;)Z#676#60 prob_bp = 0.50000000000000070000
org.apache.commons.lang3.time.FormatCache:getInstance:(Ljava/lang/String;Ljava/util/TimeZone;Ljava/util/Locale;)Ljava/text/Format;#79#35 prob_bp = 0.50000000000000070000
org.apache.commons.lang3.time.FastDateParser:init:()V#131#93 prob_bp = 0.50000000000000080000
org.apache.commons.lang3.time.FastDateParser$TextStrategy:addRegex:(Lorg/apache/commons/lang3/time/FastDateParser;Ljava/lang/StringBuilder;)Z#673#27 prob_bp = 0.50000000000000080000
org.apache.commons.lang3.time.FastDateParser:parse:(Ljava/lang/String;Ljava/text/ParsePosition;)Ljava/util/Date;#286#61 prob_bp = 0.50000000000000080000
org.apache.commons.lang3.time.FastDateParser$NumberStrategy:setCalendar:(Lorg/apache/commons/lang3/time/FastDateParser;Ljava/util/Calendar;Ljava/lang/String;)V#741#5 prob_bp = 0.50000000000000080000
org.apache.commons.lang3.time.FastDateParser:init:()V#139#151 prob_bp = 0.50000000000000090000
org.apache.commons.lang3.time.FastDateParser:count:([Ljava/lang/String;)I#446#1 prob_bp = 0.50000000000000090000
org.apache.commons.lang3.time.FormatCache:getInstance:(Ljava/lang/String;Ljava/util/TimeZone;Ljava/util/Locale;)Ljava/text/Format;#79#34 prob_bp = 0.50000000000000090000
org.apache.commons.lang3.time.FormatCache:getInstance:(Ljava/lang/String;Ljava/util/TimeZone;Ljava/util/Locale;)Ljava/text/Format;#83#89 prob_bp = 0.50000000000000090000
org.apache.commons.lang3.time.FastDateParser:init:()V#132#105 prob_bp = 0.50000000000000100000
org.apache.commons.lang3.time.FastDateParser:init:()V#137#126 prob_bp = 0.50000000000000100000
org.apache.commons.lang3.time.FastDateParser:isNextNumber:()Z#494#24 prob_bp = 0.50000000000000100000
org.apache.commons.lang3.time.FastDateParser$NumberStrategy:addRegex:(Lorg/apache/commons/lang3/time/FastDateParser;Ljava/lang/StringBuilder;)Z#731#30 prob_bp = 0.50000000000000100000
org.apache.commons.lang3.time.FastDateParser:init:()V#142#164 prob_bp = 0.50000000000000100000
org.apache.commons.lang3.time.FormatCache:getInstance:(Ljava/lang/String;Ljava/util/TimeZone;Ljava/util/Locale;)Ljava/text/Format;#83#93 prob_bp = 0.50000000000000100000
org.apache.commons.lang3.time.FastDateParser:init:()V#121#45 prob_bp = 0.50000000000000120000
org.apache.commons.lang3.time.FastDateParser:getStrategy:(Ljava/lang/String;)Lorg/apache/commons/lang3/time/FastDateParser$Strategy;#565#410 prob_bp = 0.50000000000000120000
org.apache.commons.lang3.time.FastDateParser:escapeRegex:(Ljava/lang/StringBuilder;Ljava/lang/String;Z)Ljava/lang/StringBuilder;#310#39 prob_bp = 0.50000000000000120000
org.apache.commons.lang3.time.FastDateParser:escapeRegex:(Ljava/lang/StringBuilder;Ljava/lang/String;Z)Ljava/lang/StringBuilder;#342#229 prob_bp = 0.50000000000000120000
org.apache.commons.lang3.time.FastDateParser:parse:(Ljava/lang/String;Ljava/text/ParsePosition;)Ljava/util/Date;#286#60 prob_bp = 0.50000000000000120000
org.apache.commons.lang3.time.FastDateParser:init:()V#121#38 prob_bp = 0.50000000000000130000
org.apache.commons.lang3.time.FastDateParser:init:()V#138#139 prob_bp = 0.50000000000000170000
org.apache.commons.lang3.time.FastDateParser$CopyQuotedStrategy:isNumber:()Z#621#8 prob_bp = 0.50000000000000190000
org.apache.commons.lang3.time.FastDateParser:init:()V#142#167 prob_bp = 0.50000000000000200000
org.apache.commons.lang3.time.FastDateParser$NumberStrategy:addRegex:(Lorg/apache/commons/lang3/time/FastDateParser;Ljava/lang/StringBuilder;)Z#727#0 prob_bp = 0.50000000000000240000
org.apache.commons.lang3.time.FastDateParser:escapeRegex:(Ljava/lang/StringBuilder;Ljava/lang/String;Z)Ljava/lang/StringBuilder;#340#219 prob_bp = 0.50000000000000380000
org.apache.commons.lang3.time.FastDateParser:init:()V#131#94 prob_bp = 0.50000000000000430000
org.apache.commons.lang3.time.FastDateParser:parse:(Ljava/lang/String;Ljava/text/ParsePosition;)Ljava/util/Date;#286#64 prob_bp = 0.50000000000000440000
org.apache.commons.lang3.time.FastDateParser:init:()V#131#101 prob_bp = 0.50000000000000610000
org.apache.commons.lang3.time.FastDateParser:init:()V#131#98 prob_bp = 0.50000000000000770000
org.apache.commons.lang3.time.FastDateParser:parse:(Ljava/lang/String;Ljava/text/ParsePosition;)Ljava/util/Date;#286#69 prob_bp = 0.50000000000000830000
org.apache.commons.lang3.time.FastDateParser:escapeRegex:(Ljava/lang/StringBuilder;Ljava/lang/String;Z)Ljava/lang/StringBuilder;#340#216 prob_bp = 0.50000000000001520000
org.apache.commons.lang3.time.FastDateParser:init:()V#138#136 prob_bp = 0.50000000000002410000
org.apache.commons.lang3.time.FastDateParser:init:()V#132#106 prob_bp = 0.50000000000002590000
org.apache.commons.lang3.time.FastDateParser:escapeRegex:(Ljava/lang/StringBuilder;Ljava/lang/String;Z)Ljava/lang/StringBuilder;#310#37 prob_bp = 0.50000000000002890000
org.apache.commons.lang3.time.FastDateParser:access$000:(Ljava/lang/StringBuilder;Ljava/lang/String;Z)Ljava/lang/StringBuilder;#68#6 prob_bp = 0.50000000000004980000
org.apache.commons.lang3.time.FastDateParser:parse:(Ljava/lang/String;Ljava/text/ParsePosition;)Ljava/util/Date;#287#77 prob_bp = 0.50000000000011820000
org.apache.commons.lang3.time.FastDateParser:init:()V#138#140 prob_bp = 0.50000000000011890000
org.apache.commons.lang3.time.FastDateParser:parse:(Ljava/lang/String;Ljava/text/ParsePosition;)Ljava/util/Date;#287#79 prob_bp = 0.50000000000012400000
org.apache.commons.lang3.time.FastDateParser:escapeRegex:(Ljava/lang/StringBuilder;Ljava/lang/String;Z)Ljava/lang/StringBuilder;#340#217 prob_bp = 0.50000000000018220000
org.apache.commons.lang3.time.FastDateParser:init:()V#123#49 prob_bp = 0.50000000000026830000
org.apache.commons.lang3.time.FastDateParser:init:()V#123#50 prob_bp = 0.50000000000028900000
org.apache.commons.lang3.time.FastDateParser:<clinit>:()V#535#42 prob_bp = 0.50000000000031250000
org.apache.commons.lang3.time.FastDateParser:init:()V#123#46 prob_bp = 0.50000000000031900000
org.apache.commons.lang3.time.FastDateParser:init:()V#123#53 prob_bp = 0.50000000000033150000
org.apache.commons.lang3.time.FastDateParser$CopyQuotedStrategy:addRegex:(Lorg/apache/commons/lang3/time/FastDateParser;Ljava/lang/StringBuilder;)Z#633#1 prob_bp = 0.50000000000048950000
org.apache.commons.lang3.time.FastDateParser:parse:(Ljava/lang/String;Ljava/text/ParsePosition;)Ljava/util/Date;#287#81 prob_bp = 0.50000000000050020000
org.apache.commons.lang3.time.FastDateParser:init:()V#123#56 prob_bp = 0.50000000000066010000
org.apache.commons.lang3.time.FormatCache:getInstance:(Ljava/lang/String;Ljava/util/TimeZone;Ljava/util/Locale;)Ljava/text/Format;#76#22 prob_bp = 0.50000000000073640000
org.apache.commons.lang3.time.FormatCache:getInstance:(Ljava/lang/String;Ljava/util/TimeZone;Ljava/util/Locale;)Ljava/text/Format;#76#23 prob_bp = 0.50000000000083920000
org.apache.commons.lang3.time.FormatCache:getInstance:(Ljava/lang/String;Ljava/util/TimeZone;Ljava/util/Locale;)Ljava/text/Format;#73#14 prob_bp = 0.50000000000097670000
org.apache.commons.lang3.time.FormatCache:getInstance:(Ljava/lang/String;Ljava/util/TimeZone;Ljava/util/Locale;)Ljava/text/Format;#73#15 prob_bp = 0.50000000000111280000
org.apache.commons.lang3.time.FastDateParser:init:()V#136#120 prob_bp = 0.50000000000132400000
org.apache.commons.lang3.time.FastDateParser$CopyQuotedStrategy:addRegex:(Lorg/apache/commons/lang3/time/FastDateParser;Ljava/lang/StringBuilder;)Z#633#2 prob_bp = 0.50000000000199610000
org.apache.commons.lang3.time.FastDateParser:parse:(Ljava/lang/String;Ljava/text/ParsePosition;)Ljava/util/Date;#286#66 prob_bp = 0.50000000000203830000
org.apache.commons.lang3.time.FastDateParser:parse:(Ljava/lang/String;Ljava/text/ParsePosition;)Ljava/util/Date;#286#70 prob_bp = 0.50000000000204560000
org.apache.commons.lang3.time.FastDateParser$NumberStrategy:setCalendar:(Lorg/apache/commons/lang3/time/FastDateParser;Ljava/util/Calendar;Ljava/lang/String;)V#741#6 prob_bp = 0.50000000000277530000
org.apache.commons.lang3.time.FastDateParser:init:()V#136#121 prob_bp = 0.50000000000400900000
org.apache.commons.lang3.time.FastDateParser:escapeRegex:(Ljava/lang/StringBuilder;Ljava/lang/String;Z)Ljava/lang/StringBuilder;#306#14 prob_bp = 0.50000000000508090000
org.apache.commons.lang3.time.FastDateParser:parse:(Ljava/lang/String;Ljava/text/ParsePosition;)Ljava/util/Date;#285#56 prob_bp = 0.50000000000550590000
org.apache.commons.lang3.time.FastDateParser:parse:(Ljava/lang/String;Ljava/text/ParsePosition;)Ljava/util/Date;#285#50 prob_bp = 0.50000000000667190000
org.apache.commons.lang3.time.FastDateParser:parse:(Ljava/lang/String;Ljava/text/ParsePosition;)Ljava/util/Date;#287#72 prob_bp = 0.50000000001026990000
org.apache.commons.lang3.time.FastDateParser:parse:(Ljava/lang/String;)Ljava/util/Date;#250#2 prob_bp = 0.50000000001101930000
org.apache.commons.lang3.time.FastDateParser$NumberStrategy:setCalendar:(Lorg/apache/commons/lang3/time/FastDateParser;Ljava/util/Calendar;Ljava/lang/String;)V#741#7 prob_bp = 0.50000000001176630000
org.apache.commons.lang3.time.FastDateParser:escapeRegex:(Ljava/lang/StringBuilder;Ljava/lang/String;Z)Ljava/lang/StringBuilder;#306#15 prob_bp = 0.50000000001311420000
org.apache.commons.lang3.time.FastDateParser:parse:(Ljava/lang/String;Ljava/text/ParsePosition;)Ljava/util/Date;#276#0 prob_bp = 0.50000000001322640000
org.apache.commons.lang3.time.FormatCache:getInstance:(Ljava/lang/String;Ljava/util/TimeZone;Ljava/util/Locale;)Ljava/text/Format;#73#15#unexe#2 prob_bp = 0.50000000001854620000
org.apache.commons.lang3.time.FastDateParser:parse:(Ljava/lang/String;Ljava/text/ParsePosition;)Ljava/util/Date;#276#1 prob_bp = 0.50000000002029650000
org.apache.commons.lang3.time.FastDateParser:escapeRegex:(Ljava/lang/StringBuilder;Ljava/lang/String;Z)Ljava/lang/StringBuilder;#306#17 prob_bp = 0.50000000002066470000
org.apache.commons.lang3.time.FormatCache:getInstance:(Ljava/lang/String;Ljava/util/TimeZone;Ljava/util/Locale;)Ljava/text/Format;#82#78 prob_bp = 0.50000000002811160000
org.apache.commons.lang3.time.FastDateParser:parse:(Ljava/lang/String;Ljava/text/ParsePosition;)Ljava/util/Date;#285#57 prob_bp = 0.50000000002816550000
org.apache.commons.lang3.time.FormatCache:getInstance:(Ljava/lang/String;Ljava/util/TimeZone;Ljava/util/Locale;)Ljava/text/Format;#76#23#unexe#3 prob_bp = 0.50000000003781240000
org.apache.commons.lang3.time.FormatCache:getInstance:(Ljava/lang/String;Ljava/util/TimeZone;Ljava/util/Locale;)Ljava/text/Format;#82#79 prob_bp = 0.50000000004354370000
org.apache.commons.lang3.time.FastDateParser$NumberStrategy:setCalendar:(Lorg/apache/commons/lang3/time/FastDateParser;Ljava/util/Calendar;Ljava/lang/String;)V#741#10 prob_bp = 0.50000000004808540000
org.apache.commons.lang3.time.FastDateParser:parse:(Ljava/lang/String;Ljava/text/ParsePosition;)Ljava/util/Date;#276#4 prob_bp = 0.50000000004859520000
org.apache.commons.lang3.time.FormatCache:getInstance:(Ljava/lang/String;Ljava/util/TimeZone;Ljava/util/Locale;)Ljava/text/Format;#82#76 prob_bp = 0.50000000005165570000
org.apache.commons.lang3.time.FormatCache:getInstance:(Ljava/lang/String;Ljava/util/TimeZone;Ljava/util/Locale;)Ljava/text/Format;#82#77 prob_bp = 0.50000000005773190000
org.apache.commons.lang3.time.FormatCache:getInstance:(Ljava/lang/String;Ljava/util/TimeZone;Ljava/util/Locale;)Ljava/text/Format;#82#80 prob_bp = 0.50000000006661080000
org.apache.commons.lang3.time.FastDateParser:parse:(Ljava/lang/String;)Ljava/util/Date;#250#1 prob_bp = 0.50000000014717970000
org.apache.commons.lang3.time.FastDateParser:parse:(Ljava/lang/String;Ljava/text/ParsePosition;)Ljava/util/Date;#277#10 prob_bp = 0.50000000016187960000
org.apache.commons.lang3.time.FastDateParser$NumberStrategy:setCalendar:(Lorg/apache/commons/lang3/time/FastDateParser;Ljava/util/Calendar;Ljava/lang/String;)V#741#1 prob_bp = 0.50000000017777990000
org.apache.commons.lang3.time.FastDateParser:parse:(Ljava/lang/String;Ljava/text/ParsePosition;)Ljava/util/Date;#277#9 prob_bp = 0.50000000025857530000
org.apache.commons.lang3.time.FormatCache:getInstance:(Ljava/lang/String;Ljava/util/TimeZone;Ljava/util/Locale;)Ljava/text/Format;#83#98 prob_bp = 0.50000000031179950000
org.apache.commons.lang3.time.FastDateParser:init:()V#132#109 prob_bp = 0.50000000036710530000
org.apache.commons.lang3.time.FastDateParser$CopyQuotedStrategy:addRegex:(Lorg/apache/commons/lang3/time/FastDateParser;Ljava/lang/StringBuilder;)Z#633#6 prob_bp = 0.50000000060818760000
org.apache.commons.lang3.time.FastDateParser:parse:(Ljava/lang/String;Ljava/text/ParsePosition;)Ljava/util/Date;#277#11 prob_bp = 0.50000000061534970000
org.apache.commons.lang3.time.FastDateParser$NumberStrategy:setCalendar:(Lorg/apache/commons/lang3/time/FastDateParser;Ljava/util/Calendar;Ljava/lang/String;)V#741#2 prob_bp = 0.50000000072027310000
org.apache.commons.lang3.time.FastDateParser$NumberStrategy:setCalendar:(Lorg/apache/commons/lang3/time/FastDateParser;Ljava/util/Calendar;Ljava/lang/String;)V#741#0 prob_bp = 0.50000000079179720000
org.apache.commons.lang3.time.FastDateParser:init:()V#136#124 prob_bp = 0.50000000108754100000
org.apache.commons.lang3.time.FastDateParser:parse:(Ljava/lang/String;Ljava/text/ParsePosition;)Ljava/util/Date;#287#75 prob_bp = 0.50000000148892710000
org.apache.commons.lang3.time.FormatCache:getInstance:(Ljava/lang/String;Ljava/util/TimeZone;Ljava/util/Locale;)Ljava/text/Format;#83#101 prob_bp = 0.50000000156671690000
org.apache.commons.lang3.time.FastDateParser:access$000:(Ljava/lang/StringBuilder;Ljava/lang/String;Z)Ljava/lang/StringBuilder;#68#1 prob_bp = 0.50000000304931050000
org.apache.commons.lang3.time.FastDateParser$NumberStrategy:setCalendar:(Lorg/apache/commons/lang3/time/FastDateParser;Ljava/util/Calendar;Ljava/lang/String;)V#741#13 prob_bp = 0.50000000318291030000
org.apache.commons.lang3.time.FastDateParser:parse:(Ljava/lang/String;Ljava/text/ParsePosition;)Ljava/util/Date;#277#5 prob_bp = 0.50000000335596520000
org.apache.commons.lang3.time.FastDateParser:init:()V#137#128 prob_bp = 0.50000000546512590000
org.apache.commons.lang3.time.FormatCache:getInstance:(Ljava/lang/String;Ljava/util/TimeZone;Ljava/util/Locale;)Ljava/text/Format;#84#103 prob_bp = 0.50000000661747460000
org.apache.commons.lang3.time.FastDateParser:access$000:(Ljava/lang/StringBuilder;Ljava/lang/String;Z)Ljava/lang/StringBuilder;#68#3 prob_bp = 0.50000001288011850000
org.apache.commons.lang3.time.FastDateParser:parse:(Ljava/lang/String;Ljava/text/ParsePosition;)Ljava/util/Date;#277#6 prob_bp = 0.50000001297696600000
org.apache.commons.lang3.time.FastDateParser:escapeRegex:(Ljava/lang/StringBuilder;Ljava/lang/String;Z)Ljava/lang/StringBuilder;#306#20 prob_bp = 0.50000001547805340000
org.apache.commons.lang3.time.FastDateParser:parse:(Ljava/lang/String;Ljava/text/ParsePosition;)Ljava/util/Date;#287#84 prob_bp = 0.50000001777038390000
org.apache.commons.lang3.time.FastDateParser:escapeRegex:(Ljava/lang/StringBuilder;Ljava/lang/String;Z)Ljava/lang/StringBuilder;#307#22 prob_bp = 0.50000002074462170000
org.apache.commons.lang3.time.FastDateParser:init:()V#137#130 prob_bp = 0.50000002315101540000
org.apache.commons.lang3.time.FormatCache:getInstance:(Ljava/lang/String;Ljava/util/TimeZone;Ljava/util/Locale;)Ljava/text/Format;#84#105 prob_bp = 0.50000002694562820000
org.apache.commons.lang3.time.FastDateParser:escapeRegex:(Ljava/lang/StringBuilder;Ljava/lang/String;Z)Ljava/lang/StringBuilder;#305#7 prob_bp = 0.50000005252624380000
org.apache.commons.lang3.time.FastDateParser:escapeRegex:(Ljava/lang/StringBuilder;Ljava/lang/String;Z)Ljava/lang/StringBuilder;#315#48 prob_bp = 0.50000005726648200000
org.apache.commons.lang3.time.FastDateParser:escapeRegex:(Ljava/lang/StringBuilder;Ljava/lang/String;Z)Ljava/lang/StringBuilder;#307#24 prob_bp = 0.50000008792523440000
org.apache.commons.lang3.time.FastDateParser:getStrategy:(Ljava/lang/String;)Lorg/apache/commons/lang3/time/FastDateParser$Strategy;#544#0 prob_bp = 0.50000009460379360000
org.apache.commons.lang3.time.FastDateParser:escapeRegex:(Ljava/lang/StringBuilder;Ljava/lang/String;Z)Ljava/lang/StringBuilder;#305#8 prob_bp = 0.50000021224068100000
org.apache.commons.lang3.time.FastDateParser:escapeRegex:(Ljava/lang/StringBuilder;Ljava/lang/String;Z)Ljava/lang/StringBuilder;#315#50 prob_bp = 0.50000024212771910000
org.apache.commons.lang3.time.FastDateParser:parse:(Ljava/lang/String;Ljava/text/ParsePosition;)Ljava/util/Date;#277#14 prob_bp = 0.50000029385791260000
org.apache.commons.lang3.time.FastDateFormat:getInstance:(Ljava/lang/String;Ljava/util/TimeZone;Ljava/util/Locale;)Lorg/apache/commons/lang3/time/FastDateFormat;#165#0 prob_bp = 0.50000030241654720000
org.apache.commons.lang3.time.FastDateParser:escapeRegex:(Ljava/lang/StringBuilder;Ljava/lang/String;Z)Ljava/lang/StringBuilder;#307#27 prob_bp = 0.50000035934251740000
org.apache.commons.lang3.time.FastDateParser:getStrategy:(Ljava/lang/String;)Lorg/apache/commons/lang3/time/FastDateParser$Strategy;#544#1 prob_bp = 0.50000036839668270000
org.apache.commons.lang3.time.FastDateParser:parse:(Ljava/lang/String;)Ljava/util/Date;#250#0 prob_bp = 0.50000037069036730000
org.apache.commons.lang3.time.FastDateParser:getStrategy:(Ljava/lang/String;)Lorg/apache/commons/lang3/time/FastDateParser$Strategy;#544#2 prob_bp = 0.50000038328029140000
org.apache.commons.lang3.time.FastDateParser:parse:(Ljava/lang/String;)Ljava/util/Date;#250#10 prob_bp = 0.50000064405194440000
org.apache.commons.lang3.time.FastDateFormat:<clinit>:()V#88#7 prob_bp = 0.50000081846376330000
org.apache.commons.lang3.time.FastDateParser:parse:(Ljava/lang/String;Ljava/text/ParsePosition;)Ljava/util/Date;#282#29 prob_bp = 0.50000095076487370000
org.apache.commons.lang3.time.FastDateParser:parse:(Ljava/lang/String;Ljava/text/ParsePosition;)Ljava/util/Date;#282#33 prob_bp = 0.50000095076487370000
org.apache.commons.lang3.time.FormatCache:getInstance:(Ljava/lang/String;Ljava/util/TimeZone;Ljava/util/Locale;)Ljava/text/Format;#82#83 prob_bp = 0.50000161738603080000
org.apache.commons.lang3.time.FastDateParser:parse:(Ljava/lang/String;Ljava/text/ParsePosition;)Ljava/util/Date;#282#30 prob_bp = 0.50000243669525090000
org.apache.commons.lang3.time.FastDateParser:parse:(Ljava/lang/String;Ljava/text/ParsePosition;)Ljava/util/Date;#282#34 prob_bp = 0.50000243669525090000
org.apache.commons.lang3.time.FastDateParser:getStrategy:(Ljava/lang/String;)Lorg/apache/commons/lang3/time/FastDateParser$Strategy;#544#5 prob_bp = 0.50000491221159930000
org.apache.commons.lang3.time.FormatCache:getInstance:(Ljava/lang/String;Ljava/util/TimeZone;Ljava/util/Locale;)Ljava/text/Format;#80#55 prob_bp = 0.50000553063333770000
org.apache.commons.lang3.time.FastDateParser:parse:(Ljava/lang/String;Ljava/text/ParsePosition;)Ljava/util/Date;#282#37 prob_bp = 0.50000665194351900000
org.apache.commons.lang3.time.FormatCache:getInstance:(Ljava/lang/String;Ljava/util/TimeZone;Ljava/util/Locale;)Ljava/text/Format;#84#105#unexe#5 prob_bp = 0.50000812674708710000
org.apache.commons.lang3.time.FormatCache:getInstance:(Ljava/lang/String;Ljava/util/TimeZone;Ljava/util/Locale;)Ljava/text/Format;#80#56 prob_bp = 0.50001271023588790000
org.apache.commons.lang3.time.FastDateParser:escapeRegex:(Ljava/lang/StringBuilder;Ljava/lang/String;Z)Ljava/lang/StringBuilder;#305#2 prob_bp = 0.50001435703944150000
org.apache.commons.lang3.time.FastDateParser:escapeRegex:(Ljava/lang/StringBuilder;Ljava/lang/String;Z)Ljava/lang/StringBuilder;#305#3 prob_bp = 0.50001493519874020000
org.apache.commons.lang3.time.FormatCache:getInstance:(Ljava/lang/String;Ljava/util/TimeZone;Ljava/util/Locale;)Ljava/text/Format;#79#33 prob_bp = 0.50001678096947580000
org.apache.commons.lang3.time.FastDateParser:escapeRegex:(Ljava/lang/StringBuilder;Ljava/lang/String;Z)Ljava/lang/StringBuilder;#305#223 prob_bp = 0.50001726878952280000
org.apache.commons.lang3.time.FormatCache:getInstance:(Ljava/lang/String;Ljava/util/TimeZone;Ljava/util/Locale;)Ljava/text/Format;#79#50 prob_bp = 0.50001745817194930000
org.apache.commons.lang3.time.FormatCache$MultipartKey:<init>:([Ljava/lang/Object;)V#179#0 prob_bp = 0.50001883236281390000
org.apache.commons.lang3.time.FormatCache$MultipartKey:<init>:([Ljava/lang/Object;)V#179#1 prob_bp = 0.50002162086462240000
org.apache.commons.lang3.time.FormatCache:getInstance:(Ljava/lang/String;Ljava/util/TimeZone;Ljava/util/Locale;)Ljava/text/Format;#79#53 prob_bp = 0.50002430778590260000
org.apache.commons.lang3.time.FormatCache:getInstance:(Ljava/lang/String;Ljava/util/TimeZone;Ljava/util/Locale;)Ljava/text/Format;#80#59 prob_bp = 0.50002528872065440000
org.apache.commons.lang3.time.FastDateParser:escapeRegex:(Ljava/lang/StringBuilder;Ljava/lang/String;Z)Ljava/lang/StringBuilder;#305#5 prob_bp = 0.50002666938940810000
org.apache.commons.lang3.time.FormatCache:getInstance:(Ljava/lang/String;Ljava/util/TimeZone;Ljava/util/Locale;)Ljava/text/Format;#80#61 prob_bp = 0.50002727921944050000
org.apache.commons.lang3.time.FormatCache:getInstance:(Ljava/lang/String;Ljava/util/TimeZone;Ljava/util/Locale;)Ljava/text/Format;#79#30 prob_bp = 0.50004027003227550000
org.apache.commons.lang3.time.FastDateParser:escapeRegex:(Ljava/lang/StringBuilder;Ljava/lang/String;Z)Ljava/lang/StringBuilder;#305#11 prob_bp = 0.50006546820964310000
org.apache.commons.lang3.time.FastDateParser:parse:(Ljava/lang/String;Ljava/text/ParsePosition;)Ljava/util/Date;#277#17 prob_bp = 0.50011253467941320000
org.apache.commons.lang3.time.FormatCache:getInstance:(Ljava/lang/String;Ljava/util/TimeZone;Ljava/util/Locale;)Ljava/text/Format;#81#71 prob_bp = 0.50028207031192300000
org.apache.commons.lang3.time.FormatCache:getInstance:(Ljava/lang/String;Ljava/util/TimeZone;Ljava/util/Locale;)Ljava/text/Format;#81#73 prob_bp = 0.50043621633131320000
org.apache.commons.lang3.time.FastDateFormat:getInstance:(Ljava/lang/String;Ljava/util/TimeZone;Ljava/util/Locale;)Lorg/apache/commons/lang3/time/FastDateFormat;#165#3 prob_bp = 0.50055387607501210000
org.apache.commons.lang3.time.FastDateParser:parse:(Ljava/lang/String;Ljava/text/ParsePosition;)Ljava/util/Date;#278#19 prob_bp = 0.50056256165127980000
org.apache.commons.lang3.time.FastDateFormat:getInstance:(Ljava/lang/String;Ljava/util/TimeZone;Ljava/util/Locale;)Lorg/apache/commons/lang3/time/FastDateFormat;#165#6 prob_bp = 0.50063608277235560000
org.apache.commons.lang3.time.FastDateParser:parse:(Ljava/lang/String;Ljava/text/ParsePosition;)Ljava/util/Date;#282#40 prob_bp = 0.50067777365632270000
org.apache.commons.lang3.time.FastDateParser:parse:(Ljava/lang/String;Ljava/text/ParsePosition;)Ljava/util/Date;#290#103 prob_bp = 0.50232162101339230000
org.apache.commons.lang3.time.FastDateParser:parse:(Ljava/lang/String;Ljava/text/ParsePosition;)Ljava/util/Date;#278#21 prob_bp = 0.50236058452171370000
org.apache.commons.lang3.time.FormatCache:getInstance:(Ljava/lang/String;Ljava/util/TimeZone;Ljava/util/Locale;)Ljava/text/Format;#80#66 prob_bp = 0.50447578292208830000
org.apache.commons.lang3.time.FormatCache:getInstance:(Ljava/lang/String;Ljava/util/TimeZone;Ljava/util/Locale;)Ljava/text/Format;#70#0 prob_bp = 0.50588613382843830000
org.apache.commons.lang3.time.FastDateParser:parse:(Ljava/lang/String;Ljava/text/ParsePosition;)Ljava/util/Date;#290#105 prob_bp = 0.50614964348870910000
org.apache.commons.lang3.time.FastDateParser:parse:(Ljava/lang/String;Ljava/text/ParsePosition;)Ljava/util/Date;#278#24 prob_bp = 0.50946411998235420000
org.apache.commons.lang3.time.FastDateFormat:getInstance:(Ljava/lang/String;Ljava/util/TimeZone;Ljava/util/Locale;)Lorg/apache/commons/lang3/time/FastDateFormat;#165#9 prob_bp = 0.51008066247362720000
org.apache.commons.lang3.time.FormatCache:getInstance:(Ljava/lang/String;Ljava/util/TimeZone;Ljava/util/Locale;)Ljava/text/Format;#80#69 prob_bp = 0.51328983307793160000
org.apache.commons.lang3.time.FormatCache:getInstance:(Ljava/lang/String;Ljava/util/TimeZone;Ljava/util/Locale;)Ljava/text/Format;#70#1 prob_bp = 0.51469287641047890000
org.apache.commons.lang3.time.FastDateFormat:getInstance:(Ljava/lang/String;Ljava/util/TimeZone;Ljava/util/Locale;)Lorg/apache/commons/lang3/time/FastDateFormat;#165#12 prob_bp = 0.51922462226937460000
org.apache.commons.lang3.time.FormatCache:getInstance:(Ljava/lang/String;Ljava/util/TimeZone;Ljava/util/Locale;)Ljava/text/Format;#81#73#unexe#5 prob_bp = 0.53018071054868710000
org.apache.commons.lang3.time.FormatCache:getInstance:(Ljava/lang/String;Ljava/util/TimeZone;Ljava/util/Locale;)Ljava/text/Format;#90#112 prob_bp = 0.58877034508989330000
org.apache.commons.lang3.time.FormatCache:getInstance:(Ljava/lang/String;Ljava/util/TimeZone;Ljava/util/Locale;)Ljava/text/Format;#90#114 prob_bp = 0.67765652030147530000
org.apache.commons.lang3.time.FastDateParser:parse:(Ljava/lang/String;Ljava/text/ParsePosition;)Ljava/util/Date;#290#108 prob_bp = 0.90517322934560980000
org.apache.commons.lang3.time.FastDateParser:parse:(Ljava/lang/String;)Ljava/util/Date;#251#14 prob_bp = 0.97014143695401900000
org.apache.commons.lang3.time.FastDateParser:parse:(Ljava/lang/String;)Ljava/util/Date;#251#15 prob_bp = 0.97208672657487940000
org.apache.commons.lang3.time.FastDateParser:parse:(Ljava/lang/String;)Ljava/util/Date;#250#13 prob_bp = 0.99676897100126590000
org.apache.commons.lang3.time.FastDateParser:<init>:(Ljava/lang/String;Ljava/util/TimeZone;Ljava/util/Locale;)V#105#5 prob_bp = 0.99828762437238650000
org.apache.commons.lang3.time.FastDateParser:<init>:(Ljava/lang/String;Ljava/util/TimeZone;Ljava/util/Locale;)V#105#4 prob_bp = 0.99828762437238660000
org.apache.commons.lang3.time.FastDateParser:<init>:(Ljava/lang/String;Ljava/util/TimeZone;Ljava/util/Locale;)V#106#10 prob_bp = 0.99828763219600380000
org.apache.commons.lang3.time.FastDateParser:<init>:(Ljava/lang/String;Ljava/util/TimeZone;Ljava/util/Locale;)V#107#15 prob_bp = 0.99828763219600380000
org.apache.commons.lang3.time.FastDateParser:<init>:(Ljava/lang/String;Ljava/util/TimeZone;Ljava/util/Locale;)V#106#9 prob_bp = 0.99828763219620490000
org.apache.commons.lang3.time.FastDateParser:<init>:(Ljava/lang/String;Ljava/util/TimeZone;Ljava/util/Locale;)V#107#14 prob_bp = 0.99828763219620490000
org.apache.commons.lang3.time.FastDateParser:<init>:(Ljava/lang/String;Ljava/util/TimeZone;Ljava/util/Locale;)V#105#6 prob_bp = 0.99897697786338720000
org.apache.commons.lang3.time.FastDateParser:<init>:(Ljava/lang/String;Ljava/util/TimeZone;Ljava/util/Locale;)V#106#11 prob_bp = 0.99897698279190120000
org.apache.commons.lang3.time.FastDateParser:<init>:(Ljava/lang/String;Ljava/util/TimeZone;Ljava/util/Locale;)V#107#16 prob_bp = 0.99897698279190120000
org.apache.commons.lang3.time.FastDateParser:parse:(Ljava/lang/String;)Ljava/util/Date;#260#134 prob_bp = 0.99999968209969430000
org.apache.commons.lang3.time.FastDateParserTest:<clinit>:()V#56#13 prob_bp = 1.00000000000000000000
org.apache.commons.lang3.time.FastDateParserTest:testLANG_831:()V#348#1 prob_bp = 1.00000000000000000000
org.apache.commons.lang3.time.FastDateParserTest:testLANG_831:()V#348#3 prob_bp = 1.00000000000000000000
org.apache.commons.lang3.time.FastDateParserTest:testLANG_831:()V#348#5 prob_bp = 1.00000000000000000000
org.apache.commons.lang3.time.FastDateParserTest:testLANG_831:()V#348#6 prob_bp = 1.00000000000000000000
org.apache.commons.lang3.time.FastDateParserTest:testSdfAndFdp:(Ljava/lang/String;Ljava/lang/String;Z)V#354#3 prob_bp = 1.00000000000000000000
org.apache.commons.lang3.time.FastDateParserTest:testSdfAndFdp:(Ljava/lang/String;Ljava/lang/String;Z)V#354#4 prob_bp = 1.00000000000000000000
org.apache.commons.lang3.time.FastDateParserTest:testSdfAndFdp:(Ljava/lang/String;Ljava/lang/String;Z)V#367#100 prob_bp = 1.00000000000000000000
org.apache.commons.lang3.time.FastDateParserTest:testSdfAndFdp:(Ljava/lang/String;Ljava/lang/String;Z)V#367#101 prob_bp = 1.00000000000000000000
org.apache.commons.lang3.time.FastDateParserTest:testSdfAndFdp:(Ljava/lang/String;Ljava/lang/String;Z)V#374#108 prob_bp = 1.00000000000000000000
org.apache.commons.lang3.time.FastDateParserTest:testSdfAndFdp:(Ljava/lang/String;Ljava/lang/String;Z)V#374#109 prob_bp = 1.00000000000000000000
org.apache.commons.lang3.time.FastDateParserTest:testSdfAndFdp:(Ljava/lang/String;Ljava/lang/String;Z)V#374#112 prob_bp = 1.00000000000000000000
org.apache.commons.lang3.time.FastDateParserTest:testSdfAndFdp:(Ljava/lang/String;Ljava/lang/String;Z)V#374#115 prob_bp = 1.00000000000000000000
org.apache.commons.lang3.time.FastDateParserTest:getInstance:(Ljava/lang/String;Ljava/util/TimeZone;Ljava/util/Locale;)Lorg/apache/commons/lang3/time/DateParser;#81#0 prob_bp = 1.00000000000000000000
org.apache.commons.lang3.time.FastDateParserTest:getInstance:(Ljava/lang/String;Ljava/util/TimeZone;Ljava/util/Locale;)Lorg/apache/commons/lang3/time/DateParser;#81#3 prob_bp = 1.00000000000000000000
org.apache.commons.lang3.time.FastDateParserTest:getInstance:(Ljava/lang/String;Ljava/util/TimeZone;Ljava/util/Locale;)Lorg/apache/commons/lang3/time/DateParser;#81#4 prob_bp = 1.00000000000000000000
org.apache.commons.lang3.time.FastDateParserTest:getInstance:(Ljava/lang/String;Ljava/util/TimeZone;Ljava/util/Locale;)Lorg/apache/commons/lang3/time/DateParser;#81#5 prob_bp = 1.00000000000000000000
org.apache.commons.lang3.time.FastDateParserTest:getInstance:(Ljava/lang/String;Ljava/util/TimeZone;Ljava/util/Locale;)Lorg/apache/commons/lang3/time/DateParser;#81#6 prob_bp = 1.00000000000000000000
org.apache.commons.lang3.time.FastDateParserTest:getInstance:(Ljava/lang/String;Ljava/util/TimeZone;Ljava/util/Locale;)Lorg/apache/commons/lang3/time/DateParser;#81#7 prob_bp = 1.00000000000000000000
org.apache.commons.lang3.time.FastDateParserTest:getInstance:(Ljava/lang/String;Ljava/util/TimeZone;Ljava/util/Locale;)Lorg/apache/commons/lang3/time/DateParser;#81#10 prob_bp = 1.00000000000000000000
org.apache.commons.lang3.time.FastDateParserTest:testSdfAndFdp:(Ljava/lang/String;Ljava/lang/String;Z)V#374#118 prob_bp = 1.00000000000000000000
org.apache.commons.lang3.time.FastDateParserTest:testSdfAndFdp:(Ljava/lang/String;Ljava/lang/String;Z)V#375#120 prob_bp = 1.00000000000000000000
org.apache.commons.lang3.time.FastDateParserTest:testSdfAndFdp:(Ljava/lang/String;Ljava/lang/String;Z)V#375#122 prob_bp = 1.00000000000000000000
org.apache.commons.lang3.time.FastDateParserTest:testSdfAndFdp:(Ljava/lang/String;Ljava/lang/String;Z)V#375#123 prob_bp = 1.00000000000000000000
org.apache.commons.lang3.time.FastDateParser:parse:(Ljava/lang/String;)Ljava/util/Date;#260#135 prob_bp = 1.00000000000000000000
org.apache.commons.lang3.time.FastDateParserTest:testSdfAndFdp:(Ljava/lang/String;Ljava/lang/String;Z)V#375#128 prob_bp = 1.00000000000000000000
org.apache.commons.lang3.time.FastDateParserTest:testSdfAndFdp:(Ljava/lang/String;Ljava/lang/String;Z)V#376#130 prob_bp = 1.00000000000000000000
org.apache.commons.lang3.time.FastDateParserTest:testSdfAndFdp:(Ljava/lang/String;Ljava/lang/String;Z)V#376#131 prob_bp = 1.00000000000000000000
org.apache.commons.lang3.time.FastDateParserTest:testSdfAndFdp:(Ljava/lang/String;Ljava/lang/String;Z)V#377#134 prob_bp = 1.00000000000000000000
org.apache.commons.lang3.time.FastDateParserTest:testSdfAndFdp:(Ljava/lang/String;Ljava/lang/String;Z)V#377#141 prob_bp = 1.00000000000000000000
org.apache.commons.lang3.time.FastDateParserTest:testSdfAndFdp:(Ljava/lang/String;Ljava/lang/String;Z)V#377#143 prob_bp = 1.00000000000000000000
org.apache.commons.lang3.time.FastDateParserTest:testSdfAndFdp:(Ljava/lang/String;Ljava/lang/String;Z)V#377#146 prob_bp = 1.00000000000000000000
org.apache.commons.lang3.time.FastDateParserTest:testSdfAndFdp:(Ljava/lang/String;Ljava/lang/String;Z)V#377#148 prob_bp = 1.00000000000000000000
org.apache.commons.lang3.time.FastDateParserTest:testSdfAndFdp:(Ljava/lang/String;Ljava/lang/String;Z)V#377#151 prob_bp = 1.00000000000000000000
org.apache.commons.lang3.time.FastDateParserTest:testSdfAndFdp:(Ljava/lang/String;Ljava/lang/String;Z)V#377#153 prob_bp = 1.00000000000000000000
org.apache.commons.lang3.time.FastDateParserTest:testSdfAndFdp:(Ljava/lang/String;Ljava/lang/String;Z)V#377#156 prob_bp = 1.00000000000000000000
org.apache.commons.lang3.time.FastDateParserTest:testSdfAndFdp:(Ljava/lang/String;Ljava/lang/String;Z)V#377#157 prob_bp = 1.00000000000000000000
org.apache.commons.lang3.time.FastDateParserTest:testSdfAndFdp:(Ljava/lang/String;Ljava/lang/String;Z)V#377#160 prob_bp = 1.00000000000000000000
org.apache.commons.lang3.time.FastDateParserTest:testSdfAndFdp:(Ljava/lang/String;Ljava/lang/String;Z)V#377#162 prob_bp = 1.00000000000000000000
org.apache.commons.lang3.time.FastDateParserTest:testSdfAndFdp:(Ljava/lang/String;Ljava/lang/String;Z)V#377#165 prob_bp = 1.00000000000000000000
org.apache.commons.lang3.time.FastDateParserTest:testSdfAndFdp:(Ljava/lang/String;Ljava/lang/String;Z)V#377#166 prob_bp = 1.00000000000000000000
org.apache.commons.lang3.time.FastDateParserTest:testSdfAndFdp:(Ljava/lang/String;Ljava/lang/String;Z)V#377#169 prob_bp = 1.00000000000000000000
org.apache.commons.lang3.time.FastDateParserTest:testSdfAndFdp:(Ljava/lang/String;Ljava/lang/String;Z)V#377#171 prob_bp = 1.00000000000000000000
org.apache.commons.lang3.time.FastDateParserTest:testSdfAndFdp:(Ljava/lang/String;Ljava/lang/String;Z)V#377#174 prob_bp = 1.00000000000000000000
org.apache.commons.lang3.time.FastDateParserTest:testSdfAndFdp:(Ljava/lang/String;Ljava/lang/String;Z)V#377#176 prob_bp = 1.00000000000000000000
org.apache.commons.lang3.time.FastDateParserTest:testSdfAndFdp:(Ljava/lang/String;Ljava/lang/String;Z)V#377#179 prob_bp = 1.00000000000000000000
org.apache.commons.lang3.time.FastDateParserTest:testSdfAndFdp:(Ljava/lang/String;Ljava/lang/String;Z)V#377#182 prob_bp = 1.00000000000000000000
org.apache.commons.lang3.time.FastDateParserTest:testSdfAndFdp:(Ljava/lang/String;Ljava/lang/String;Z)V#377#185 prob_bp = 1.00000000000000000000
org.apache.commons.lang3.time.FastDateParserTest:testSdfAndFdp:(Ljava/lang/String;Ljava/lang/String;Z)V#377#188 prob_bp = 1.00000000000000000000
org.apache.commons.lang3.time.FastDateFormat_ParserTest:getInstance:(Ljava/lang/String;Ljava/util/TimeZone;Ljava/util/Locale;)Lorg/apache/commons/lang3/time/DateParser;#31#0 prob_bp = 1.00000000000000000000
org.apache.commons.lang3.time.FastDateFormat_ParserTest:getInstance:(Ljava/lang/String;Ljava/util/TimeZone;Ljava/util/Locale;)Lorg/apache/commons/lang3/time/DateParser;#31#1 prob_bp = 1.00000000000000000000
org.apache.commons.lang3.time.FastDateFormat_ParserTest:getInstance:(Ljava/lang/String;Ljava/util/TimeZone;Ljava/util/Locale;)Lorg/apache/commons/lang3/time/DateParser;#31#2 prob_bp = 1.00000000000000000000
org.apache.commons.lang3.time.FastDateFormat_ParserTest:getInstance:(Ljava/lang/String;Ljava/util/TimeZone;Ljava/util/Locale;)Lorg/apache/commons/lang3/time/DateParser;#31#3 prob_bp = 1.00000000000000000000
org.apache.commons.lang3.time.FastDateFormat_ParserTest:getInstance:(Ljava/lang/String;Ljava/util/TimeZone;Ljava/util/Locale;)Lorg/apache/commons/lang3/time/DateParser;#31#6 prob_bp = 1.00000000000000000000
org.apache.commons.lang3.time.FastDateParserTest:testSdfAndFdp:(Ljava/lang/String;Ljava/lang/String;Z)V#381#200 prob_bp = 1.00000000000000000000
org.apache.commons.lang3.time.FastDateParserTest:testSdfAndFdp:(Ljava/lang/String;Ljava/lang/String;Z)V#381#201 prob_bp = 1.00000000000000000000
org.apache.commons.lang3.time.FastDateParserTest:testSdfAndFdp:(Ljava/lang/String;Ljava/lang/String;Z)V#388#240 prob_bp = 1.00000000000000000000
org.apache.commons.lang3.time.FastDateParserTest:testSdfAndFdp:(Ljava/lang/String;Ljava/lang/String;Z)V#388#242 prob_bp = 1.00000000000000000000
org.apache.commons.lang3.time.FastDateParserTest:testSdfAndFdp:(Ljava/lang/String;Ljava/lang/String;Z)V#388#244 prob_bp = 1.00000000000000000000
org.apache.commons.lang3.time.FastDateParserTest:testSdfAndFdp:(Ljava/lang/String;Ljava/lang/String;Z)V#388#246 prob_bp = 1.00000000000000000000
Belief propagation time : 104.511000s
